message=profiling all tasks,max_threads=152,
start_task=,name=start,start_time=119915.264198,nthreads=152,
end_task=,name=start,start_time=1468540927.090855,elapsed_seconds=0.503098,nthreads=152,avg_power_W=143.800000,max_power_W=168.000000,released_listeners=16,
start_task=,name=spmv,start_time=119915.778154,nthreads=152,
end_task=,name=spmv,start_time=1468540927.604774,elapsed_seconds=0.509761,nthreads=152,avg_power_W=164.200000,max_power_W=181.000000,released_listeners=1,
start_task=,name=spmv,start_time=119916.288896,nthreads=152,
end_task=,name=spmv,start_time=1468540928.115515,elapsed_seconds=0.509851,nthreads=152,avg_power_W=170.600000,max_power_W=186.000000,released_listeners=1,
start_task=,name=spmv,start_time=119916.799633,nthreads=152,
end_task=,name=spmv,start_time=1468540928.626252,elapsed_seconds=0.509508,nthreads=152,avg_power_W=185.600000,max_power_W=186.000000,released_listeners=1,
start_task=,name=spmv,start_time=119917.310032,nthreads=152,
end_task=,name=spmv,start_time=1468540929.136651,elapsed_seconds=0.508618,nthreads=152,avg_power_W=185.909091,max_power_W=186.000000,released_listeners=1,
start_task=,name=spmv,start_time=119917.828252,nthreads=152,
end_task=,name=spmv,start_time=1468540929.654871,elapsed_seconds=0.510209,nthreads=152,avg_power_W=185.600000,max_power_W=187.000000,released_listeners=1,
start_task=,name=spmv,start_time=119918.339316,nthreads=152,
end_task=,name=spmv,start_time=1468540930.165935,elapsed_seconds=0.508204,nthreads=152,avg_power_W=186.700000,max_power_W=188.000000,released_listeners=1,
start_task=,name=spmv,start_time=119918.848347,nthreads=152,
end_task=,name=spmv,start_time=1468540930.674966,elapsed_seconds=0.509980,nthreads=152,avg_power_W=173.400000,max_power_W=187.000000,released_listeners=1,
start_task=,name=spmv,start_time=119919.359200,nthreads=152,
end_task=,name=spmv,start_time=1468540931.185818,elapsed_seconds=0.510492,nthreads=152,avg_power_W=185.727273,max_power_W=186.000000,released_listeners=1,
start_task=,name=spmv,start_time=119919.878247,nthreads=152,
end_task=,name=spmv,start_time=1468540931.704866,elapsed_seconds=0.509780,nthreads=152,avg_power_W=185.600000,max_power_W=186.000000,released_listeners=1,
start_task=,name=spmv,start_time=119920.388916,nthreads=152,
end_task=,name=spmv,start_time=1468540932.215535,elapsed_seconds=0.510571,nthreads=152,avg_power_W=186.900000,max_power_W=188.000000,released_listeners=1,
start_task=,name=spmv,start_time=119920.900426,nthreads=152,
end_task=,name=spmv,start_time=1468540932.727045,elapsed_seconds=0.508768,nthreads=152,avg_power_W=186.300000,max_power_W=188.000000,released_listeners=1,
start_task=,name=spmv,start_time=119921.410063,nthreads=152,
end_task=,name=spmv,start_time=1468540933.236682,elapsed_seconds=0.508134,nthreads=152,avg_power_W=187.454545,max_power_W=188.000000,released_listeners=1,
start_task=,name=spmv,start_time=119921.928190,nthreads=152,
end_task=,name=spmv,start_time=1468540933.754809,elapsed_seconds=0.510502,nthreads=152,avg_power_W=187.600000,max_power_W=188.000000,released_listeners=1,
start_task=,name=spmv,start_time=119922.439553,nthreads=152,
end_task=,name=spmv,start_time=1468540934.266172,elapsed_seconds=0.508597,nthreads=152,avg_power_W=188.100000,max_power_W=189.000000,released_listeners=1,
start_task=,name=spmv,start_time=119922.948985,nthreads=152,
end_task=,name=spmv,start_time=1468540934.775603,elapsed_seconds=0.510516,nthreads=152,avg_power_W=188.200000,max_power_W=190.000000,released_listeners=1,
start_task=,name=spmv,start_time=119923.460364,nthreads=152,
end_task=,name=spmv,start_time=1468540935.286983,elapsed_seconds=0.508747,nthreads=152,avg_power_W=188.363636,max_power_W=189.000000,released_listeners=1,
start_task=,name=subtract,start_time=119923.978164,nthreads=152,
end_task=,name=subtract,start_time=1468540935.804783,elapsed_seconds=0.509760,nthreads=152,avg_power_W=172.500000,max_power_W=183.000000,released_listeners=2,
start_task=,name=subtract,start_time=119924.488745,nthreads=152,
end_task=,name=subtract,start_time=1468540936.315364,elapsed_seconds=0.508683,nthreads=152,avg_power_W=170.200000,max_power_W=171.000000,released_listeners=2,
start_task=,name=subtract,start_time=119924.998392,nthreads=152,
end_task=,name=subtract,start_time=1468540936.825011,elapsed_seconds=0.509383,nthreads=152,avg_power_W=171.000000,max_power_W=171.000000,released_listeners=2,
start_task=,name=subtract,start_time=119925.508678,nthreads=152,
end_task=,name=subtract,start_time=1468540937.335297,elapsed_seconds=0.509234,nthreads=152,avg_power_W=171.000000,max_power_W=171.000000,released_listeners=2,
start_task=,name=subtract,start_time=119926.027974,nthreads=152,
end_task=,name=subtract,start_time=1468540937.854593,elapsed_seconds=0.509427,nthreads=152,avg_power_W=170.800000,max_power_W=171.000000,released_listeners=2,
start_task=,name=subtract,start_time=119926.538344,nthreads=152,
end_task=,name=subtract,start_time=1468540938.364964,elapsed_seconds=0.568607,nthreads=152,avg_power_W=171.363636,max_power_W=172.000000,released_listeners=2,
start_task=,name=subtract,start_time=119927.108299,nthreads=152,
end_task=,name=subtract,start_time=1468540938.934918,elapsed_seconds=0.509213,nthreads=152,avg_power_W=170.636364,max_power_W=172.000000,released_listeners=2,
start_task=,name=subtract,start_time=119927.628079,nthreads=152,
end_task=,name=subtract,start_time=1468540939.454698,elapsed_seconds=0.508813,nthreads=152,avg_power_W=170.900000,max_power_W=171.000000,released_listeners=2,
start_task=,name=subtract,start_time=119928.138297,nthreads=152,
end_task=,name=subtract,start_time=1468540939.964916,elapsed_seconds=0.509308,nthreads=152,avg_power_W=171.000000,max_power_W=172.000000,released_listeners=2,
start_task=,name=subtract,start_time=119928.649084,nthreads=152,
end_task=,name=subtract,start_time=1468540940.475703,elapsed_seconds=0.508469,nthreads=152,avg_power_W=171.100000,max_power_W=172.000000,released_listeners=2,
start_task=,name=subtract,start_time=119929.158906,nthreads=152,
end_task=,name=subtract,start_time=1468540940.985524,elapsed_seconds=0.508344,nthreads=152,avg_power_W=170.000000,max_power_W=171.000000,released_listeners=2,
start_task=,name=subtract,start_time=119929.678186,nthreads=152,
end_task=,name=subtract,start_time=1468540941.504805,elapsed_seconds=0.509318,nthreads=152,avg_power_W=171.000000,max_power_W=172.000000,released_listeners=2,
start_task=,name=subtract,start_time=119930.188867,nthreads=152,
end_task=,name=subtract,start_time=1468540942.015486,elapsed_seconds=0.508521,nthreads=152,avg_power_W=171.000000,max_power_W=171.000000,released_listeners=2,
start_task=,name=subtract,start_time=119930.699374,nthreads=152,
end_task=,name=subtract,start_time=1468540942.525993,elapsed_seconds=0.507519,nthreads=152,avg_power_W=170.700000,max_power_W=171.000000,released_listeners=2,
start_task=,name=subtract,start_time=119931.208361,nthreads=152,
end_task=,name=subtract,start_time=1468540943.034980,elapsed_seconds=0.508839,nthreads=152,avg_power_W=171.000000,max_power_W=172.000000,released_listeners=2,
start_task=,name=subtract,start_time=119931.728743,nthreads=152,
end_task=,name=subtract,start_time=1468540943.555362,elapsed_seconds=0.510608,nthreads=152,avg_power_W=171.100000,max_power_W=172.000000,released_listeners=2,
start_task=,name=copy,start_time=119932.249152,nthreads=152,
end_task=,name=copy,start_time=1468540944.075771,elapsed_seconds=0.507914,nthreads=152,avg_power_W=169.800000,max_power_W=172.000000,released_listeners=1,
start_task=,name=myddot,start_time=119932.759139,nthreads=152,
end_task=,name=myddot,start_time=1468540944.585758,elapsed_seconds=0.518834,nthreads=152,avg_power_W=166.545455,max_power_W=168.000000,released_listeners=1,
start_task=,name=copy,start_time=119933.279365,nthreads=152,
end_task=,name=copy,start_time=1468540945.105984,elapsed_seconds=0.507314,nthreads=152,avg_power_W=166.000000,max_power_W=166.000000,released_listeners=1,
start_task=,name=myddot,start_time=119933.788654,nthreads=152,
end_task=,name=myddot,start_time=1468540945.615273,elapsed_seconds=0.509605,nthreads=152,avg_power_W=166.200000,max_power_W=167.000000,released_listeners=1,
start_task=,name=copy,start_time=119934.299332,nthreads=152,
end_task=,name=copy,start_time=1468540946.125959,elapsed_seconds=0.508247,nthreads=152,avg_power_W=165.900000,max_power_W=166.000000,released_listeners=1,
start_task=,name=myddot,start_time=119934.808726,nthreads=152,
end_task=,name=myddot,start_time=1468540946.635345,elapsed_seconds=0.519047,nthreads=152,avg_power_W=166.000000,max_power_W=167.000000,released_listeners=1,
start_task=,name=copy,start_time=119935.329541,nthreads=152,
end_task=,name=copy,start_time=1468540947.156160,elapsed_seconds=0.507938,nthreads=152,avg_power_W=166.200000,max_power_W=167.000000,released_listeners=1,
start_task=,name=myddot,start_time=119935.838782,nthreads=152,
end_task=,name=myddot,start_time=1468540947.665401,elapsed_seconds=0.518446,nthreads=152,avg_power_W=166.400000,max_power_W=167.000000,released_listeners=1,
start_task=,name=copy,start_time=119936.358669,nthreads=152,
end_task=,name=copy,start_time=1468540948.185288,elapsed_seconds=0.518367,nthreads=152,avg_power_W=165.909091,max_power_W=167.000000,released_listeners=1,
start_task=,name=myddot,start_time=119936.878358,nthreads=152,
end_task=,name=myddot,start_time=1468540948.704978,elapsed_seconds=0.509129,nthreads=152,avg_power_W=166.500000,max_power_W=168.000000,released_listeners=1,
start_task=,name=copy,start_time=119937.388929,nthreads=152,
end_task=,name=copy,start_time=1468540949.215548,elapsed_seconds=0.508319,nthreads=152,avg_power_W=165.900000,max_power_W=166.000000,released_listeners=1,
start_task=,name=myddot,start_time=119937.899271,nthreads=152,
end_task=,name=myddot,start_time=1468540949.725890,elapsed_seconds=0.508292,nthreads=152,avg_power_W=166.000000,max_power_W=166.000000,released_listeners=1,
start_task=,name=copy,start_time=119938.409005,nthreads=152,
end_task=,name=copy,start_time=1468540950.235624,elapsed_seconds=0.518016,nthreads=152,avg_power_W=165.818182,max_power_W=168.000000,released_listeners=1,
start_task=,name=myddot,start_time=119938.928722,nthreads=152,
end_task=,name=myddot,start_time=1468540950.755341,elapsed_seconds=0.508976,nthreads=152,avg_power_W=165.900000,max_power_W=166.000000,released_listeners=1,
start_task=,name=copy,start_time=119939.439111,nthreads=152,
end_task=,name=copy,start_time=1468540951.265730,elapsed_seconds=0.508431,nthreads=152,avg_power_W=166.000000,max_power_W=167.000000,released_listeners=1,
start_task=,name=myddot,start_time=119939.949212,nthreads=152,
end_task=,name=myddot,start_time=1468540951.775835,elapsed_seconds=0.508454,nthreads=152,avg_power_W=166.000000,max_power_W=166.000000,released_listeners=1,
start_task=,name=copy,start_time=119940.459065,nthreads=152,
end_task=,name=copy,start_time=1468540952.285683,elapsed_seconds=0.517891,nthreads=152,avg_power_W=165.909091,max_power_W=167.000000,released_listeners=1,
start_task=,name=myddot,start_time=119940.978702,nthreads=152,
end_task=,name=myddot,start_time=1468540952.805321,elapsed_seconds=0.508773,nthreads=152,avg_power_W=165.700000,max_power_W=167.000000,released_listeners=1,
start_task=,name=copy,start_time=119941.488813,nthreads=152,
end_task=,name=copy,start_time=1468540953.315432,elapsed_seconds=0.508605,nthreads=152,avg_power_W=166.000000,max_power_W=167.000000,released_listeners=1,
start_task=,name=myddot,start_time=119941.999106,nthreads=152,
end_task=,name=myddot,start_time=1468540953.825725,elapsed_seconds=0.507930,nthreads=152,avg_power_W=165.800000,max_power_W=166.000000,released_listeners=1,
start_task=,name=copy,start_time=119942.508351,nthreads=152,
end_task=,name=copy,start_time=1468540954.334970,elapsed_seconds=0.519625,nthreads=152,avg_power_W=166.000000,max_power_W=167.000000,released_listeners=1,
start_task=,name=myddot,start_time=119943.029439,nthreads=152,
end_task=,name=myddot,start_time=1468540954.856058,elapsed_seconds=0.507973,nthreads=152,avg_power_W=165.400000,max_power_W=166.000000,released_listeners=1,
start_task=,name=copy,start_time=119943.538714,nthreads=152,
end_task=,name=copy,start_time=1468540955.365333,elapsed_seconds=0.518520,nthreads=152,avg_power_W=166.000000,max_power_W=166.000000,released_listeners=1,
start_task=,name=myddot,start_time=119944.058705,nthreads=152,
end_task=,name=myddot,start_time=1468540955.885325,elapsed_seconds=0.518323,nthreads=152,avg_power_W=166.000000,max_power_W=166.000000,released_listeners=1,
start_task=,name=copy,start_time=119944.578729,nthreads=152,
end_task=,name=copy,start_time=1468540956.405348,elapsed_seconds=0.508511,nthreads=152,avg_power_W=165.800000,max_power_W=166.000000,released_listeners=1,
start_task=,name=myddot,start_time=119945.088376,nthreads=152,
end_task=,name=myddot,start_time=1468540956.914994,elapsed_seconds=0.509056,nthreads=152,avg_power_W=165.800000,max_power_W=166.000000,released_listeners=1,
start_task=,name=copy,start_time=119945.598573,nthreads=152,
end_task=,name=copy,start_time=1468540957.425193,elapsed_seconds=0.508817,nthreads=152,avg_power_W=165.600000,max_power_W=167.000000,released_listeners=1,
start_task=,name=myddot,start_time=119946.108731,nthreads=152,
end_task=,name=myddot,start_time=1468540957.935350,elapsed_seconds=0.519042,nthreads=152,avg_power_W=166.090909,max_power_W=167.000000,released_listeners=1,
start_task=,name=copy,start_time=119946.629543,nthreads=152,
end_task=,name=copy,start_time=1468540958.456163,elapsed_seconds=0.507501,nthreads=152,avg_power_W=165.800000,max_power_W=167.000000,released_listeners=1,
start_task=,name=myddot,start_time=119947.138354,nthreads=152,
end_task=,name=myddot,start_time=1468540958.964974,elapsed_seconds=0.509260,nthreads=152,avg_power_W=166.000000,max_power_W=167.000000,released_listeners=1,
start_task=,name=copy,start_time=119947.649077,nthreads=152,
end_task=,name=copy,start_time=1468540959.475696,elapsed_seconds=0.507790,nthreads=152,avg_power_W=165.400000,max_power_W=166.000000,released_listeners=1,
start_task=,name=myddot,start_time=119948.158839,nthreads=152,
end_task=,name=myddot,start_time=1468540959.985459,elapsed_seconds=0.508672,nthreads=152,avg_power_W=166.181818,max_power_W=167.000000,released_listeners=1,
start_task=,name=spmv,start_time=119948.678847,nthreads=152,
end_task=,name=spmv,start_time=1468540960.505467,elapsed_seconds=0.513648,nthreads=152,avg_power_W=179.400000,max_power_W=181.000000,released_listeners=1,
start_task=,name=spmv,start_time=119949.194160,nthreads=152,
end_task=,name=spmv,start_time=1468540961.020780,elapsed_seconds=0.505642,nthreads=152,avg_power_W=181.800000,max_power_W=183.000000,released_listeners=1,
start_task=,name=spmv,start_time=119949.701243,nthreads=152,
end_task=,name=spmv,start_time=1468540961.527862,elapsed_seconds=0.515614,nthreads=152,avg_power_W=181.454545,max_power_W=183.000000,released_listeners=1,
start_task=,name=spmv,start_time=119950.228812,nthreads=152,
end_task=,name=spmv,start_time=1468540962.055432,elapsed_seconds=0.511432,nthreads=152,avg_power_W=177.500000,max_power_W=183.000000,released_listeners=1,
start_task=,name=spmv,start_time=119950.759597,nthreads=152,
end_task=,name=spmv,start_time=1468540962.586216,elapsed_seconds=0.517935,nthreads=152,avg_power_W=182.454545,max_power_W=183.000000,released_listeners=1,
start_task=,name=spmv,start_time=119951.279699,nthreads=152,
end_task=,name=spmv,start_time=1468540963.106319,elapsed_seconds=0.510723,nthreads=152,avg_power_W=182.200000,max_power_W=184.000000,released_listeners=1,
start_task=,name=spmv,start_time=119951.791531,nthreads=152,
end_task=,name=spmv,start_time=1468540963.618150,elapsed_seconds=0.507707,nthreads=152,avg_power_W=183.100000,max_power_W=184.000000,released_listeners=1,
start_task=,name=spmv,start_time=119952.300623,nthreads=152,
end_task=,name=spmv,start_time=1468540964.127243,elapsed_seconds=0.518920,nthreads=152,avg_power_W=178.090909,max_power_W=183.000000,released_listeners=1,
start_task=,name=spmv,start_time=119952.828930,nthreads=152,
end_task=,name=spmv,start_time=1468540964.655550,elapsed_seconds=0.510439,nthreads=152,avg_power_W=183.200000,max_power_W=186.000000,released_listeners=1,
start_task=,name=spmv,start_time=119953.340857,nthreads=152,
end_task=,name=spmv,start_time=1468540965.167477,elapsed_seconds=0.506620,nthreads=152,avg_power_W=182.500000,max_power_W=183.000000,released_listeners=1,
start_task=,name=spmv,start_time=119953.849126,nthreads=152,
end_task=,name=spmv,start_time=1468540965.675746,elapsed_seconds=0.511213,nthreads=152,avg_power_W=182.800000,max_power_W=183.000000,released_listeners=1,
start_task=,name=spmv,start_time=119954.361851,nthreads=152,
end_task=,name=spmv,start_time=1468540966.188469,elapsed_seconds=0.525200,nthreads=152,avg_power_W=182.636364,max_power_W=185.000000,released_listeners=1,
start_task=,name=spmv,start_time=119954.888735,nthreads=152,
end_task=,name=spmv,start_time=1468540966.715354,elapsed_seconds=0.508434,nthreads=152,avg_power_W=179.300000,max_power_W=183.000000,released_listeners=1,
start_task=,name=spmv,start_time=119955.398789,nthreads=152,
end_task=,name=spmv,start_time=1468540967.225408,elapsed_seconds=0.512307,nthreads=152,avg_power_W=183.100000,max_power_W=185.000000,released_listeners=1,
start_task=,name=spmv,start_time=119955.912558,nthreads=152,
end_task=,name=spmv,start_time=1468540967.739177,elapsed_seconds=0.518658,nthreads=152,avg_power_W=183.545455,max_power_W=185.000000,released_listeners=1,
start_task=,name=spmv,start_time=119956.432866,nthreads=152,
end_task=,name=spmv,start_time=1468540968.259485,elapsed_seconds=0.507667,nthreads=152,avg_power_W=183.500000,max_power_W=185.000000,released_listeners=1,
start_task=,name=sum_contribs,start_time=119956.942255,nthreads=152,
end_task=,name=sum_contribs,start_time=1468540968.768874,elapsed_seconds=0.504745,nthreads=152,avg_power_W=167.400000,max_power_W=185.000000,released_listeners=1,
start_task=,name=myddot,start_time=119957.448543,nthreads=152,
end_task=,name=myddot,start_time=1468540969.275162,elapsed_seconds=0.508748,nthreads=152,avg_power_W=161.800000,max_power_W=169.000000,released_listeners=1,
start_task=,name=myddot,start_time=119957.959449,nthreads=152,
end_task=,name=myddot,start_time=1468540969.786068,elapsed_seconds=0.508087,nthreads=152,avg_power_W=168.545455,max_power_W=169.000000,released_listeners=1,
start_task=,name=myddot,start_time=119958.478490,nthreads=152,
end_task=,name=myddot,start_time=1468540970.305109,elapsed_seconds=0.508000,nthreads=152,avg_power_W=168.600000,max_power_W=169.000000,released_listeners=1,
start_task=,name=myddot,start_time=119958.988791,nthreads=152,
end_task=,name=myddot,start_time=1468540970.815411,elapsed_seconds=0.518343,nthreads=152,avg_power_W=168.000000,max_power_W=169.000000,released_listeners=1,
start_task=,name=myddot,start_time=119959.509048,nthreads=152,
end_task=,name=myddot,start_time=1468540971.335667,elapsed_seconds=0.508062,nthreads=152,avg_power_W=166.818182,max_power_W=168.000000,released_listeners=1,
start_task=,name=myddot,start_time=119960.028352,nthreads=152,
end_task=,name=myddot,start_time=1468540971.854971,elapsed_seconds=0.509294,nthreads=152,avg_power_W=167.300000,max_power_W=168.000000,released_listeners=1,
start_task=,name=myddot,start_time=119960.538745,nthreads=152,
end_task=,name=myddot,start_time=1468540972.365364,elapsed_seconds=0.508650,nthreads=152,avg_power_W=167.200000,max_power_W=168.000000,released_listeners=1,
start_task=,name=myddot,start_time=119961.048748,nthreads=152,
end_task=,name=myddot,start_time=1468540972.875366,elapsed_seconds=0.508934,nthreads=152,avg_power_W=167.200000,max_power_W=168.000000,released_listeners=1,
start_task=,name=myddot,start_time=119961.559133,nthreads=152,
end_task=,name=myddot,start_time=1468540973.385752,elapsed_seconds=0.507965,nthreads=152,avg_power_W=166.454545,max_power_W=167.000000,released_listeners=1,
start_task=,name=myddot,start_time=119962.078495,nthreads=152,
end_task=,name=myddot,start_time=1468540973.905114,elapsed_seconds=0.507675,nthreads=152,avg_power_W=167.100000,max_power_W=168.000000,released_listeners=1,
start_task=,name=myddot,start_time=119962.588334,nthreads=152,
end_task=,name=myddot,start_time=1468540974.414953,elapsed_seconds=0.508882,nthreads=152,avg_power_W=167.000000,max_power_W=168.000000,released_listeners=1,
start_task=,name=myddot,start_time=119963.098336,nthreads=152,
end_task=,name=myddot,start_time=1468540974.924954,elapsed_seconds=0.509341,nthreads=152,avg_power_W=167.100000,max_power_W=168.000000,released_listeners=1,
start_task=,name=myddot,start_time=119963.608792,nthreads=152,
end_task=,name=myddot,start_time=1468540975.435411,elapsed_seconds=0.528247,nthreads=152,avg_power_W=167.000000,max_power_W=168.000000,released_listeners=1,
start_task=,name=myddot,start_time=119964.138359,nthreads=152,
end_task=,name=myddot,start_time=1468540975.964978,elapsed_seconds=0.508860,nthreads=152,avg_power_W=166.700000,max_power_W=168.000000,released_listeners=1,
start_task=,name=myddot,start_time=119964.648677,nthreads=152,
end_task=,name=myddot,start_time=1468540976.475297,elapsed_seconds=0.508357,nthreads=152,avg_power_W=166.900000,max_power_W=167.000000,released_listeners=1,
start_task=,name=myddot,start_time=119965.159008,nthreads=152,
end_task=,name=myddot,start_time=1468540976.985626,elapsed_seconds=0.508538,nthreads=152,avg_power_W=167.000000,max_power_W=167.000000,released_listeners=1,
start_task=,name=sum_contribs,start_time=119965.678467,nthreads=152,
end_task=,name=sum_contribs,start_time=1468540977.505086,elapsed_seconds=0.507513,nthreads=152,avg_power_W=149.500000,max_power_W=168.000000,released_listeners=1,
start_task=,name=comp_alpha,start_time=119966.188558,nthreads=152,
end_task=,name=comp_alpha,start_time=1468540978.015177,elapsed_seconds=0.508769,nthreads=152,avg_power_W=123.800000,max_power_W=126.000000,released_listeners=32,
start_task=,name=mydaxpy,start_time=119966.698746,nthreads=152,
end_task=,name=mydaxpy,start_time=1468540978.525365,elapsed_seconds=0.508154,nthreads=152,avg_power_W=156.800000,max_power_W=163.000000,released_listeners=0,
start_task=,name=mydaxpy,start_time=119967.208691,nthreads=152,
end_task=,name=mydaxpy,start_time=1468540979.035310,elapsed_seconds=0.508472,nthreads=152,avg_power_W=163.454545,max_power_W=164.000000,released_listeners=1,
start_task=,name=mydaxpy,start_time=119967.728430,nthreads=152,
end_task=,name=mydaxpy,start_time=1468540979.555049,elapsed_seconds=0.508730,nthreads=152,avg_power_W=163.300000,max_power_W=164.000000,released_listeners=0,
start_task=,name=mydaxpy,start_time=119968.238390,nthreads=152,
end_task=,name=mydaxpy,start_time=1468540980.065008,elapsed_seconds=0.508838,nthreads=152,avg_power_W=163.200000,max_power_W=164.000000,released_listeners=1,
start_task=,name=mydaxpy,start_time=119968.748400,nthreads=152,
end_task=,name=mydaxpy,start_time=1468540980.575019,elapsed_seconds=0.508763,nthreads=152,avg_power_W=163.500000,max_power_W=164.000000,released_listeners=0,
start_task=,name=mydaxpy,start_time=119969.258432,nthreads=152,
end_task=,name=mydaxpy,start_time=1468540981.085051,elapsed_seconds=0.508705,nthreads=152,avg_power_W=163.454545,max_power_W=164.000000,released_listeners=1,
start_task=,name=mydaxpy,start_time=119969.778076,nthreads=152,
end_task=,name=mydaxpy,start_time=1468540981.604695,elapsed_seconds=0.509272,nthreads=152,avg_power_W=163.800000,max_power_W=165.000000,released_listeners=0,
start_task=,name=mydaxpy,start_time=119970.288124,nthreads=152,
end_task=,name=mydaxpy,start_time=1468540982.114743,elapsed_seconds=0.509021,nthreads=152,avg_power_W=163.200000,max_power_W=164.000000,released_listeners=1,
start_task=,name=mydaxpy,start_time=119970.798433,nthreads=152,
end_task=,name=mydaxpy,start_time=1468540982.625052,elapsed_seconds=0.508683,nthreads=152,avg_power_W=163.100000,max_power_W=164.000000,released_listeners=0,
start_task=,name=mydaxpy,start_time=119971.308134,nthreads=152,
end_task=,name=mydaxpy,start_time=1468540983.134753,elapsed_seconds=0.509197,nthreads=152,avg_power_W=163.454545,max_power_W=164.000000,released_listeners=1,
start_task=,name=mydaxpy,start_time=119971.828100,nthreads=152,
end_task=,name=mydaxpy,start_time=1468540983.654719,elapsed_seconds=0.509191,nthreads=152,avg_power_W=163.200000,max_power_W=164.000000,released_listeners=0,
start_task=,name=mydaxpy,start_time=119972.338318,nthreads=152,
end_task=,name=mydaxpy,start_time=1468540984.164937,elapsed_seconds=0.508892,nthreads=152,avg_power_W=163.700000,max_power_W=165.000000,released_listeners=1,
start_task=,name=mydaxpy,start_time=119972.848509,nthreads=152,
end_task=,name=mydaxpy,start_time=1468540984.675129,elapsed_seconds=0.508693,nthreads=152,avg_power_W=163.500000,max_power_W=165.000000,released_listeners=0,
start_task=,name=mydaxpy,start_time=119973.358834,nthreads=152,
end_task=,name=mydaxpy,start_time=1468540985.185452,elapsed_seconds=0.508382,nthreads=152,avg_power_W=163.727273,max_power_W=165.000000,released_listeners=1,
start_task=,name=mydaxpy,start_time=119973.878460,nthreads=152,
end_task=,name=mydaxpy,start_time=1468540985.705079,elapsed_seconds=0.508730,nthreads=152,avg_power_W=163.800000,max_power_W=165.000000,released_listeners=0,
start_task=,name=mydaxpy,start_time=119974.388510,nthreads=152,
end_task=,name=mydaxpy,start_time=1468540986.215128,elapsed_seconds=0.508693,nthreads=152,avg_power_W=163.500000,max_power_W=165.000000,released_listeners=1,
start_task=,name=mydaxpy,start_time=119974.898532,nthreads=152,
end_task=,name=mydaxpy,start_time=1468540986.725151,elapsed_seconds=0.508638,nthreads=152,avg_power_W=163.900000,max_power_W=165.000000,released_listeners=0,
start_task=,name=mydaxpy,start_time=119975.408865,nthreads=152,
end_task=,name=mydaxpy,start_time=1468540987.235485,elapsed_seconds=0.508383,nthreads=152,avg_power_W=163.454545,max_power_W=165.000000,released_listeners=1,
start_task=,name=mydaxpy,start_time=119975.928466,nthreads=152,
end_task=,name=mydaxpy,start_time=1468540987.755086,elapsed_seconds=0.518885,nthreads=152,avg_power_W=163.400000,max_power_W=164.000000,released_listeners=0,
start_task=,name=mydaxpy,start_time=119976.448668,nthreads=152,
end_task=,name=mydaxpy,start_time=1468540988.275287,elapsed_seconds=0.508583,nthreads=152,avg_power_W=163.600000,max_power_W=165.000000,released_listeners=1,
start_task=,name=mydaxpy,start_time=119976.958964,nthreads=152,
end_task=,name=mydaxpy,start_time=1468540988.785584,elapsed_seconds=0.508355,nthreads=152,avg_power_W=164.090909,max_power_W=165.000000,released_listeners=0,
start_task=,name=mydaxpy,start_time=119977.478519,nthreads=152,
end_task=,name=mydaxpy,start_time=1468540989.305139,elapsed_seconds=0.508613,nthreads=152,avg_power_W=163.700000,max_power_W=165.000000,released_listeners=1,
start_task=,name=mydaxpy,start_time=119977.988560,nthreads=152,
end_task=,name=mydaxpy,start_time=1468540989.815180,elapsed_seconds=0.508634,nthreads=152,avg_power_W=164.100000,max_power_W=165.000000,released_listeners=0,
start_task=,name=mydaxpy,start_time=119978.498501,nthreads=152,
end_task=,name=mydaxpy,start_time=1468540990.325121,elapsed_seconds=0.508742,nthreads=152,avg_power_W=163.700000,max_power_W=165.000000,released_listeners=1,
start_task=,name=mydaxpy,start_time=119979.008944,nthreads=152,
end_task=,name=mydaxpy,start_time=1468540990.835563,elapsed_seconds=0.508378,nthreads=152,avg_power_W=163.636364,max_power_W=164.000000,released_listeners=0,
start_task=,name=mydaxpy,start_time=119979.528443,nthreads=152,
end_task=,name=mydaxpy,start_time=1468540991.355063,elapsed_seconds=0.508682,nthreads=152,avg_power_W=164.000000,max_power_W=165.000000,released_listeners=1,
start_task=,name=mydaxpy,start_time=119980.038546,nthreads=152,
end_task=,name=mydaxpy,start_time=1468540991.865165,elapsed_seconds=0.508741,nthreads=152,avg_power_W=163.400000,max_power_W=165.000000,released_listeners=0,
start_task=,name=mydaxpy,start_time=119980.548595,nthreads=152,
end_task=,name=mydaxpy,start_time=1468540992.375215,elapsed_seconds=0.508593,nthreads=152,avg_power_W=163.800000,max_power_W=165.000000,released_listeners=1,
start_task=,name=mydaxpy,start_time=119981.058927,nthreads=152,
end_task=,name=mydaxpy,start_time=1468540992.885546,elapsed_seconds=0.508188,nthreads=152,avg_power_W=163.727273,max_power_W=165.000000,released_listeners=0,
start_task=,name=mydaxpy,start_time=119981.578517,nthreads=152,
end_task=,name=mydaxpy,start_time=1468540993.405137,elapsed_seconds=0.508744,nthreads=152,avg_power_W=164.300000,max_power_W=165.000000,released_listeners=1,
start_task=,name=mydaxpy,start_time=119982.088539,nthreads=152,
end_task=,name=mydaxpy,start_time=1468540993.915166,elapsed_seconds=0.508695,nthreads=152,avg_power_W=163.900000,max_power_W=165.000000,released_listeners=0,
start_task=,name=mydaxpy,start_time=119982.598539,nthreads=152,
end_task=,name=mydaxpy,start_time=1468540994.425158,elapsed_seconds=0.518659,nthreads=152,avg_power_W=163.636364,max_power_W=164.000000,released_listeners=1,
start_task=,name=myddot,start_time=119983.128427,nthreads=152,
end_task=,name=myddot,start_time=1468540994.955045,elapsed_seconds=0.508764,nthreads=152,avg_power_W=166.700000,max_power_W=168.000000,released_listeners=1,
start_task=,name=myddot,start_time=119983.638534,nthreads=152,
end_task=,name=myddot,start_time=1468540995.465153,elapsed_seconds=0.508713,nthreads=152,avg_power_W=167.300000,max_power_W=168.000000,released_listeners=1,
start_task=,name=myddot,start_time=119984.148571,nthreads=152,
end_task=,name=myddot,start_time=1468540995.975190,elapsed_seconds=0.508665,nthreads=152,avg_power_W=167.300000,max_power_W=168.000000,released_listeners=1,
start_task=,name=myddot,start_time=119984.658675,nthreads=152,
end_task=,name=myddot,start_time=1468540996.485293,elapsed_seconds=0.508528,nthreads=152,avg_power_W=167.818182,max_power_W=169.000000,released_listeners=1,
start_task=,name=myddot,start_time=119985.178630,nthreads=152,
end_task=,name=myddot,start_time=1468540997.005249,elapsed_seconds=0.508603,nthreads=152,avg_power_W=167.700000,max_power_W=168.000000,released_listeners=1,
start_task=,name=myddot,start_time=119985.688662,nthreads=152,
end_task=,name=myddot,start_time=1468540997.515281,elapsed_seconds=0.508642,nthreads=152,avg_power_W=167.400000,max_power_W=168.000000,released_listeners=1,
start_task=,name=myddot,start_time=119986.198519,nthreads=152,
end_task=,name=myddot,start_time=1468540998.025137,elapsed_seconds=0.508909,nthreads=152,avg_power_W=167.400000,max_power_W=168.000000,released_listeners=1,
start_task=,name=myddot,start_time=119986.709101,nthreads=152,
end_task=,name=myddot,start_time=1468540998.535720,elapsed_seconds=0.508080,nthreads=152,avg_power_W=167.636364,max_power_W=168.000000,released_listeners=1,
start_task=,name=myddot,start_time=119987.228516,nthreads=152,
end_task=,name=myddot,start_time=1468540999.055135,elapsed_seconds=0.508690,nthreads=152,avg_power_W=167.700000,max_power_W=168.000000,released_listeners=1,
start_task=,name=myddot,start_time=119987.738540,nthreads=152,
end_task=,name=myddot,start_time=1468540999.565159,elapsed_seconds=0.508680,nthreads=152,avg_power_W=167.300000,max_power_W=168.000000,released_listeners=1,
start_task=,name=myddot,start_time=119988.248540,nthreads=152,
end_task=,name=myddot,start_time=1468541000.075159,elapsed_seconds=0.508638,nthreads=152,avg_power_W=167.700000,max_power_W=168.000000,released_listeners=1,
start_task=,name=myddot,start_time=119988.758837,nthreads=152,
end_task=,name=myddot,start_time=1468541000.585455,elapsed_seconds=0.508448,nthreads=152,avg_power_W=167.727273,max_power_W=169.000000,released_listeners=1,
start_task=,name=myddot,start_time=119989.278512,nthreads=152,
end_task=,name=myddot,start_time=1468541001.105130,elapsed_seconds=0.508702,nthreads=152,avg_power_W=167.600000,max_power_W=168.000000,released_listeners=1,
start_task=,name=myddot,start_time=119989.788541,nthreads=152,
end_task=,name=myddot,start_time=1468541001.615160,elapsed_seconds=0.508777,nthreads=152,avg_power_W=167.300000,max_power_W=168.000000,released_listeners=1,
start_task=,name=myddot,start_time=119990.298469,nthreads=152,
end_task=,name=myddot,start_time=1468541002.125088,elapsed_seconds=0.508718,nthreads=152,avg_power_W=167.700000,max_power_W=169.000000,released_listeners=1,
start_task=,name=myddot,start_time=119990.809115,nthreads=152,
end_task=,name=myddot,start_time=1468541002.635733,elapsed_seconds=0.508235,nthreads=152,avg_power_W=167.818182,max_power_W=169.000000,released_listeners=1,
start_task=,name=sum_contribs,start_time=119991.328422,nthreads=152,
end_task=,name=sum_contribs,start_time=1468541003.155041,elapsed_seconds=0.508809,nthreads=152,avg_power_W=147.000000,max_power_W=167.000000,released_listeners=2,
start_task=,name=comp_beta,start_time=119991.838810,nthreads=152,
end_task=,name=comp_beta,start_time=1468541003.665429,elapsed_seconds=0.508488,nthreads=152,avg_power_W=124.300000,max_power_W=126.000000,released_listeners=16,
start_task=,name=assign,start_time=119992.348796,nthreads=152,
end_task=,name=assign,start_time=1468541004.175415,elapsed_seconds=0.508179,nthreads=152,avg_power_W=123.100000,max_power_W=126.000000,released_listeners=0,
start_task=,name=mydaxpy,start_time=119992.858997,nthreads=152,
end_task=,name=mydaxpy,start_time=1468541004.685616,elapsed_seconds=0.508005,nthreads=152,avg_power_W=156.454545,max_power_W=162.000000,released_listeners=0,
start_task=,name=mydaxpy,start_time=119993.378562,nthreads=152,
end_task=,name=mydaxpy,start_time=1468541005.205181,elapsed_seconds=0.508545,nthreads=152,avg_power_W=161.400000,max_power_W=162.000000,released_listeners=0,
start_task=,name=mydaxpy,start_time=119993.888637,nthreads=152,
end_task=,name=mydaxpy,start_time=1468541005.715256,elapsed_seconds=0.508501,nthreads=152,avg_power_W=161.700000,max_power_W=163.000000,released_listeners=0,
start_task=,name=mydaxpy,start_time=119994.398618,nthreads=152,
end_task=,name=mydaxpy,start_time=1468541006.225237,elapsed_seconds=0.508653,nthreads=152,avg_power_W=161.600000,max_power_W=163.000000,released_listeners=0,
start_task=,name=mydaxpy,start_time=119994.908671,nthreads=152,
end_task=,name=mydaxpy,start_time=1468541006.735290,elapsed_seconds=0.508518,nthreads=152,avg_power_W=161.727273,max_power_W=163.000000,released_listeners=0,
start_task=,name=mydaxpy,start_time=119995.428339,nthreads=152,
end_task=,name=mydaxpy,start_time=1468541007.254957,elapsed_seconds=0.508875,nthreads=152,avg_power_W=162.500000,max_power_W=165.000000,released_listeners=0,
start_task=,name=mydaxpy,start_time=119995.938681,nthreads=152,
end_task=,name=mydaxpy,start_time=1468541007.765300,elapsed_seconds=0.508558,nthreads=152,avg_power_W=162.300000,max_power_W=164.000000,released_listeners=0,
start_task=,name=mydaxpy,start_time=119996.448361,nthreads=152,
end_task=,name=mydaxpy,start_time=1468541008.274980,elapsed_seconds=0.508839,nthreads=152,avg_power_W=163.200000,max_power_W=165.000000,released_listeners=0,
start_task=,name=mydaxpy,start_time=119996.958836,nthreads=152,
end_task=,name=mydaxpy,start_time=1468541008.785455,elapsed_seconds=0.508476,nthreads=152,avg_power_W=162.545455,max_power_W=164.000000,released_listeners=0,
start_task=,name=mydaxpy,start_time=119997.478333,nthreads=152,
end_task=,name=mydaxpy,start_time=1468541009.304951,elapsed_seconds=0.508921,nthreads=152,avg_power_W=163.500000,max_power_W=164.000000,released_listeners=0,
start_task=,name=mydaxpy,start_time=119997.988640,nthreads=152,
end_task=,name=mydaxpy,start_time=1468541009.815259,elapsed_seconds=0.508580,nthreads=152,avg_power_W=163.500000,max_power_W=164.000000,released_listeners=0,
start_task=,name=mydaxpy,start_time=119998.498622,nthreads=152,
end_task=,name=mydaxpy,start_time=1468541010.325242,elapsed_seconds=0.508617,nthreads=152,avg_power_W=163.800000,max_power_W=164.000000,released_listeners=0,
start_task=,name=mydaxpy,start_time=119999.008868,nthreads=152,
end_task=,name=mydaxpy,start_time=1468541010.835487,elapsed_seconds=0.508317,nthreads=152,avg_power_W=163.181818,max_power_W=165.000000,released_listeners=0,
start_task=,name=mydaxpy,start_time=119999.528380,nthreads=152,
end_task=,name=mydaxpy,start_time=1468541011.354999,elapsed_seconds=0.508854,nthreads=152,avg_power_W=163.300000,max_power_W=164.000000,released_listeners=0,
start_task=,name=mydaxpy,start_time=120000.038637,nthreads=152,
end_task=,name=mydaxpy,start_time=1468541011.865255,elapsed_seconds=0.508607,nthreads=152,avg_power_W=162.800000,max_power_W=164.000000,released_listeners=0,
start_task=,name=mydaxpy,start_time=120000.548662,nthreads=152,
end_task=,name=mydaxpy,start_time=1468541012.375282,elapsed_seconds=0.508556,nthreads=152,avg_power_W=163.200000,max_power_W=164.000000,released_listeners=0,
