message=profiling all tasks,max_threads=53,
start_task=,name=potrfprofile,start_time=444421.722607,nthreads=53,
end_task=,name=potrfprofile,start_time=1468865433.549245,elapsed_seconds=0.516954,nthreads=53,avg_power_W=122.700000,max_power_W=127.000000,released_listeners=1,
start_task=,name=potrf,start_time=444422.240516,nthreads=53,
end_task=,name=potrf,start_time=1468865434.067477,elapsed_seconds=0.002152,nthreads=53,avg_power_W=-nan,max_power_W=0.000000,released_listeners=3,
start_task=,name=trsmprofile,start_time=444422.243473,nthreads=53,
end_task=,name=trsmprofile,start_time=1468865434.070092,elapsed_seconds=0.514600,nthreads=53,avg_power_W=124.900000,max_power_W=127.000000,released_listeners=1,
start_task=,name=trsmprofile,start_time=444422.759091,nthreads=53,
end_task=,name=trsmprofile,start_time=1468865434.585710,elapsed_seconds=0.508641,nthreads=53,avg_power_W=120.400000,max_power_W=125.000000,released_listeners=1,
start_task=,name=trsmprofile,start_time=444423.269108,nthreads=53,
end_task=,name=trsmprofile,start_time=1468865435.095727,elapsed_seconds=0.509935,nthreads=53,avg_power_W=120.363636,max_power_W=124.000000,released_listeners=1,
start_task=,name=trsm,start_time=444423.791878,nthreads=53,
end_task=,name=trsm,start_time=1468865435.618496,elapsed_seconds=0.000230,nthreads=53,avg_power_W=-nan,max_power_W=0.000000,released_listeners=3,
start_task=,name=trsm,start_time=444423.793316,nthreads=53,
end_task=,name=trsm,start_time=1468865435.619935,elapsed_seconds=0.000196,nthreads=53,avg_power_W=-nan,max_power_W=0.000000,released_listeners=3,
start_task=,name=trsm,start_time=444423.794576,nthreads=53,
end_task=,name=trsm,start_time=1468865435.621195,elapsed_seconds=0.000184,nthreads=53,avg_power_W=-nan,max_power_W=0.000000,released_listeners=3,
start_task=,name=syrkprofile,start_time=444423.795834,nthreads=53,
end_task=,name=syrkprofile,start_time=1468865435.622452,elapsed_seconds=0.521771,nthreads=53,avg_power_W=124.700000,max_power_W=127.000000,released_listeners=1,
start_task=,name=gemmprofile,start_time=444424.319984,nthreads=53,
end_task=,name=gemmprofile,start_time=1468865436.146603,elapsed_seconds=0.518018,nthreads=53,avg_power_W=123.454545,max_power_W=126.000000,released_listeners=1,
start_task=,name=syrkprofile,start_time=444424.839470,nthreads=53,
end_task=,name=syrkprofile,start_time=1468865436.666089,elapsed_seconds=0.518315,nthreads=53,avg_power_W=120.100000,max_power_W=122.000000,released_listeners=1,
start_task=,name=gemmprofile,start_time=444425.359960,nthreads=53,
end_task=,name=gemmprofile,start_time=1468865437.186579,elapsed_seconds=0.517746,nthreads=53,avg_power_W=125.090909,max_power_W=128.000000,released_listeners=1,
start_task=,name=gemmprofile,start_time=444425.891638,nthreads=53,
end_task=,name=gemmprofile,start_time=1468865437.718256,elapsed_seconds=0.516455,nthreads=53,avg_power_W=124.200000,max_power_W=125.000000,released_listeners=1,
start_task=,name=syrkprofile,start_time=444426.410322,nthreads=53,
end_task=,name=syrkprofile,start_time=1468865438.236941,elapsed_seconds=0.517871,nthreads=53,avg_power_W=122.000000,max_power_W=126.000000,released_listeners=1,
start_task=,name=syrk,start_time=444426.939158,nthreads=53,
end_task=,name=syrk,start_time=1468865438.765776,elapsed_seconds=0.000571,nthreads=53,avg_power_W=-nan,max_power_W=0.000000,released_listeners=1,
start_task=,name=gemm,start_time=444426.940549,nthreads=53,
end_task=,name=gemm,start_time=1468865438.767167,elapsed_seconds=0.000689,nthreads=53,avg_power_W=-nan,max_power_W=0.000000,released_listeners=1,
start_task=,name=syrk,start_time=444426.941936,nthreads=53,
end_task=,name=syrk,start_time=1468865438.768554,elapsed_seconds=0.000581,nthreads=53,avg_power_W=-nan,max_power_W=0.000000,released_listeners=1,
start_task=,name=gemm,start_time=444426.943459,nthreads=53,
end_task=,name=gemm,start_time=1468865438.770077,elapsed_seconds=0.000612,nthreads=53,avg_power_W=-nan,max_power_W=0.000000,released_listeners=1,
start_task=,name=gemm,start_time=444426.945119,nthreads=53,
end_task=,name=gemm,start_time=1468865438.771737,elapsed_seconds=0.000288,nthreads=53,avg_power_W=-nan,max_power_W=0.000000,released_listeners=0,
start_task=,name=syrk,start_time=444426.946347,nthreads=53,
end_task=,name=syrk,start_time=1468865438.772965,elapsed_seconds=0.000568,nthreads=53,avg_power_W=-nan,max_power_W=0.000000,released_listeners=1,
start_task=,name=potrfprofile,start_time=444426.947662,nthreads=53,
end_task=,name=potrfprofile,start_time=1468865438.774280,elapsed_seconds=0.510622,nthreads=53,avg_power_W=123.600000,max_power_W=127.000000,released_listeners=1,
start_task=,name=potrf,start_time=444427.460365,nthreads=53,
end_task=,name=potrf,start_time=1468865439.287157,elapsed_seconds=0.002148,nthreads=53,avg_power_W=-nan,max_power_W=0.000000,released_listeners=2,
start_task=,name=trsmprofile,start_time=444427.463680,nthreads=53,
end_task=,name=trsmprofile,start_time=1468865439.290299,elapsed_seconds=0.513727,nthreads=53,avg_power_W=123.363636,max_power_W=127.000000,released_listeners=1,
start_task=,name=trsmprofile,start_time=444427.987766,nthreads=53,
end_task=,name=trsmprofile,start_time=1468865439.814385,elapsed_seconds=0.509800,nthreads=53,avg_power_W=119.400000,max_power_W=123.000000,released_listeners=1,
start_task=,name=trsm,start_time=444428.498897,nthreads=53,
end_task=,name=trsm,start_time=1468865440.325516,elapsed_seconds=0.000238,nthreads=53,avg_power_W=-nan,max_power_W=0.000000,released_listeners=2,
start_task=,name=trsm,start_time=444428.499746,nthreads=53,
end_task=,name=trsm,start_time=1468865440.326364,elapsed_seconds=0.000205,nthreads=53,avg_power_W=-nan,max_power_W=0.000000,released_listeners=2,
start_task=,name=syrkprofile,start_time=444428.500615,nthreads=53,
end_task=,name=syrkprofile,start_time=1468865440.327233,elapsed_seconds=0.517800,nthreads=53,avg_power_W=124.300000,max_power_W=126.000000,released_listeners=1,
start_task=,name=gemmprofile,start_time=444429.020612,nthreads=53,
end_task=,name=gemmprofile,start_time=1468865440.847231,elapsed_seconds=0.517131,nthreads=53,avg_power_W=123.454545,max_power_W=127.000000,released_listeners=1,
start_task=,name=syrkprofile,start_time=444429.539611,nthreads=53,
end_task=,name=syrkprofile,start_time=1468865441.366230,elapsed_seconds=0.518387,nthreads=53,avg_power_W=122.000000,max_power_W=125.000000,released_listeners=1,
start_task=,name=syrk,start_time=444430.060500,nthreads=53,
end_task=,name=syrk,start_time=1468865441.887119,elapsed_seconds=0.000533,nthreads=53,avg_power_W=-nan,max_power_W=0.000000,released_listeners=1,
start_task=,name=gemm,start_time=444430.061896,nthreads=53,
end_task=,name=gemm,start_time=1468865441.888514,elapsed_seconds=0.000711,nthreads=53,avg_power_W=-nan,max_power_W=0.000000,released_listeners=1,
start_task=,name=syrk,start_time=444430.063402,nthreads=53,
end_task=,name=syrk,start_time=1468865441.890019,elapsed_seconds=0.000573,nthreads=53,avg_power_W=-nan,max_power_W=0.000000,released_listeners=1,
start_task=,name=potrfprofile,start_time=444430.065078,nthreads=53,
end_task=,name=potrfprofile,start_time=1468865441.891695,elapsed_seconds=0.513240,nthreads=53,avg_power_W=126.636364,max_power_W=128.000000,released_listeners=1,
start_task=,name=potrf,start_time=444430.589260,nthreads=53,
end_task=,name=potrf,start_time=1468865442.415879,elapsed_seconds=0.002157,nthreads=53,avg_power_W=-nan,max_power_W=0.000000,released_listeners=1,
start_task=,name=trsmprofile,start_time=444430.592649,nthreads=53,
end_task=,name=trsmprofile,start_time=1468865442.419267,elapsed_seconds=0.514872,nthreads=53,avg_power_W=125.100000,max_power_W=129.000000,released_listeners=1,
start_task=,name=trsm,start_time=444431.109715,nthreads=53,
end_task=,name=trsm,start_time=1468865442.936334,elapsed_seconds=0.000222,nthreads=53,avg_power_W=-nan,max_power_W=0.000000,released_listeners=1,
start_task=,name=syrkprofile,start_time=444431.110704,nthreads=53,
end_task=,name=syrkprofile,start_time=1468865442.937322,elapsed_seconds=0.517167,nthreads=53,avg_power_W=122.636364,max_power_W=126.000000,released_listeners=1,
start_task=,name=syrk,start_time=444431.638559,nthreads=53,
end_task=,name=syrk,start_time=1468865443.465178,elapsed_seconds=0.000582,nthreads=53,avg_power_W=-nan,max_power_W=0.000000,released_listeners=1,
start_task=,name=potrfprofile,start_time=444431.640103,nthreads=53,
end_task=,name=potrfprofile,start_time=1468865443.466722,elapsed_seconds=0.517697,nthreads=53,avg_power_W=125.000000,max_power_W=128.000000,released_listeners=1,
start_task=,name=potrf,start_time=444432.159893,nthreads=53,
end_task=,name=potrf,start_time=1468865443.986512,elapsed_seconds=0.002140,nthreads=53,avg_power_W=-nan,max_power_W=0.000000,released_listeners=0,
