message=profiling all tasks,max_threads=79,
start_task=,name=potrfprofile,start_time=444754.123337,nthreads=79,
end_task=,name=potrfprofile,start_time=1468865765.949974,elapsed_seconds=0.515806,nthreads=79,avg_power_W=124.100000,max_power_W=128.000000,released_listeners=1,
start_task=,name=potrf,start_time=444754.640198,nthreads=79,
end_task=,name=potrf,start_time=1468865766.466817,elapsed_seconds=0.002204,nthreads=79,avg_power_W=-nan,max_power_W=0.000000,released_listeners=3,
start_task=,name=trsmprofile,start_time=444754.642938,nthreads=79,
end_task=,name=trsmprofile,start_time=1468865766.469557,elapsed_seconds=0.515238,nthreads=79,avg_power_W=124.200000,max_power_W=126.000000,released_listeners=1,
start_task=,name=trsmprofile,start_time=444755.159424,nthreads=79,
end_task=,name=trsmprofile,start_time=1468865766.986043,elapsed_seconds=0.508560,nthreads=79,avg_power_W=113.000000,max_power_W=115.000000,released_listeners=1,
start_task=,name=trsmprofile,start_time=444755.669353,nthreads=79,
end_task=,name=trsmprofile,start_time=1468865767.495972,elapsed_seconds=0.508693,nthreads=79,avg_power_W=112.363636,max_power_W=113.000000,released_listeners=1,
start_task=,name=trsm,start_time=444756.187952,nthreads=79,
end_task=,name=trsm,start_time=1468865768.014571,elapsed_seconds=0.000241,nthreads=79,avg_power_W=-nan,max_power_W=0.000000,released_listeners=3,
start_task=,name=trsm,start_time=444756.188849,nthreads=79,
end_task=,name=trsm,start_time=1468865768.015467,elapsed_seconds=0.000200,nthreads=79,avg_power_W=-nan,max_power_W=0.000000,released_listeners=3,
start_task=,name=trsm,start_time=444756.189757,nthreads=79,
end_task=,name=trsm,start_time=1468865768.016375,elapsed_seconds=0.000182,nthreads=79,avg_power_W=-nan,max_power_W=0.000000,released_listeners=3,
start_task=,name=syrkprofile,start_time=444756.190628,nthreads=79,
end_task=,name=syrkprofile,start_time=1468865768.017246,elapsed_seconds=0.518224,nthreads=79,avg_power_W=119.700000,max_power_W=122.000000,released_listeners=1,
start_task=,name=gemmprofile,start_time=444756.710409,nthreads=79,
end_task=,name=gemmprofile,start_time=1468865768.537028,elapsed_seconds=0.517948,nthreads=79,avg_power_W=121.818182,max_power_W=125.000000,released_listeners=1,
start_task=,name=syrkprofile,start_time=444757.238322,nthreads=79,
end_task=,name=syrkprofile,start_time=1468865769.064951,elapsed_seconds=0.509995,nthreads=79,avg_power_W=125.200000,max_power_W=127.000000,released_listeners=1,
start_task=,name=gemmprofile,start_time=444757.750363,nthreads=79,
end_task=,name=gemmprofile,start_time=1468865769.576982,elapsed_seconds=0.517615,nthreads=79,avg_power_W=130.000000,max_power_W=132.000000,released_listeners=1,
start_task=,name=gemmprofile,start_time=444758.269723,nthreads=79,
end_task=,name=gemmprofile,start_time=1468865770.096342,elapsed_seconds=0.518276,nthreads=79,avg_power_W=128.818182,max_power_W=132.000000,released_listeners=1,
start_task=,name=syrkprofile,start_time=444758.790358,nthreads=79,
end_task=,name=syrkprofile,start_time=1468865770.616977,elapsed_seconds=0.517290,nthreads=79,avg_power_W=129.800000,max_power_W=132.000000,released_listeners=1,
start_task=,name=syrk,start_time=444759.309988,nthreads=79,
end_task=,name=syrk,start_time=1468865771.136607,elapsed_seconds=0.000595,nthreads=79,avg_power_W=-nan,max_power_W=0.000000,released_listeners=1,
start_task=,name=gemm,start_time=444759.311585,nthreads=79,
end_task=,name=gemm,start_time=1468865771.138203,elapsed_seconds=0.000936,nthreads=79,avg_power_W=-nan,max_power_W=0.000000,released_listeners=1,
start_task=,name=syrk,start_time=444759.313693,nthreads=79,
end_task=,name=syrk,start_time=1468865771.140311,elapsed_seconds=0.000646,nthreads=79,avg_power_W=-nan,max_power_W=0.000000,released_listeners=1,
start_task=,name=gemm,start_time=444759.315573,nthreads=79,
end_task=,name=gemm,start_time=1468865771.142191,elapsed_seconds=0.000821,nthreads=79,avg_power_W=-nan,max_power_W=0.000000,released_listeners=1,
start_task=,name=gemm,start_time=444759.317619,nthreads=79,
end_task=,name=gemm,start_time=1468865771.144237,elapsed_seconds=0.000339,nthreads=79,avg_power_W=-nan,max_power_W=0.000000,released_listeners=0,
start_task=,name=syrk,start_time=444759.322476,nthreads=79,
end_task=,name=syrk,start_time=1468865771.149095,elapsed_seconds=0.000610,nthreads=79,avg_power_W=128.000000,max_power_W=128.000000,released_listeners=1,
start_task=,name=potrfprofile,start_time=444759.336979,nthreads=79,
end_task=,name=potrfprofile,start_time=1468865771.163602,elapsed_seconds=0.512097,nthreads=79,avg_power_W=129.900000,max_power_W=132.000000,released_listeners=1,
start_task=,name=potrf,start_time=444759.851242,nthreads=79,
end_task=,name=potrf,start_time=1468865771.677861,elapsed_seconds=0.002216,nthreads=79,avg_power_W=-nan,max_power_W=0.000000,released_listeners=2,
start_task=,name=trsmprofile,start_time=444759.854404,nthreads=79,
end_task=,name=trsmprofile,start_time=1468865771.681022,elapsed_seconds=0.513173,nthreads=79,avg_power_W=127.700000,max_power_W=134.000000,released_listeners=1,
start_task=,name=trsmprofile,start_time=444760.369187,nthreads=79,
end_task=,name=trsmprofile,start_time=1468865772.195806,elapsed_seconds=0.508326,nthreads=79,avg_power_W=120.636364,max_power_W=123.000000,released_listeners=1,
start_task=,name=trsm,start_time=444760.887840,nthreads=79,
end_task=,name=trsm,start_time=1468865772.714459,elapsed_seconds=0.000247,nthreads=79,avg_power_W=-nan,max_power_W=0.000000,released_listeners=2,
start_task=,name=trsm,start_time=444760.888747,nthreads=79,
end_task=,name=trsm,start_time=1468865772.715365,elapsed_seconds=0.000193,nthreads=79,avg_power_W=-nan,max_power_W=0.000000,released_listeners=2,
start_task=,name=syrkprofile,start_time=444760.889613,nthreads=79,
end_task=,name=syrkprofile,start_time=1468865772.716232,elapsed_seconds=0.518873,nthreads=79,avg_power_W=128.300000,max_power_W=132.000000,released_listeners=1,
start_task=,name=gemmprofile,start_time=444761.410311,nthreads=79,
end_task=,name=gemmprofile,start_time=1468865773.236930,elapsed_seconds=0.518069,nthreads=79,avg_power_W=129.818182,max_power_W=132.000000,released_listeners=1,
start_task=,name=syrkprofile,start_time=444761.938243,nthreads=79,
end_task=,name=syrkprofile,start_time=1468865773.764862,elapsed_seconds=0.510404,nthreads=79,avg_power_W=127.100000,max_power_W=131.000000,released_listeners=1,
start_task=,name=syrk,start_time=444762.450740,nthreads=79,
end_task=,name=syrk,start_time=1468865774.277621,elapsed_seconds=0.000596,nthreads=79,avg_power_W=-nan,max_power_W=0.000000,released_listeners=1,
start_task=,name=gemm,start_time=444762.452364,nthreads=79,
end_task=,name=gemm,start_time=1468865774.278983,elapsed_seconds=0.000954,nthreads=79,avg_power_W=-nan,max_power_W=0.000000,released_listeners=1,
start_task=,name=syrk,start_time=444762.454581,nthreads=79,
end_task=,name=syrk,start_time=1468865774.281199,elapsed_seconds=0.000633,nthreads=79,avg_power_W=-nan,max_power_W=0.000000,released_listeners=1,
start_task=,name=potrfprofile,start_time=444762.456456,nthreads=79,
end_task=,name=potrfprofile,start_time=1468865774.283074,elapsed_seconds=0.512201,nthreads=79,avg_power_W=130.600000,max_power_W=134.000000,released_listeners=1,
start_task=,name=potrf,start_time=444762.971077,nthreads=79,
end_task=,name=potrf,start_time=1468865774.797696,elapsed_seconds=0.002227,nthreads=79,avg_power_W=133.000000,max_power_W=133.000000,released_listeners=1,
start_task=,name=trsmprofile,start_time=444762.987333,nthreads=79,
end_task=,name=trsmprofile,start_time=1468865774.813956,elapsed_seconds=0.510473,nthreads=79,avg_power_W=128.300000,max_power_W=136.000000,released_listeners=1,
start_task=,name=trsm,start_time=444763.499406,nthreads=79,
end_task=,name=trsm,start_time=1468865775.326025,elapsed_seconds=0.000241,nthreads=79,avg_power_W=-nan,max_power_W=0.000000,released_listeners=1,
start_task=,name=syrkprofile,start_time=444763.500839,nthreads=79,
end_task=,name=syrkprofile,start_time=1468865775.327457,elapsed_seconds=0.517434,nthreads=79,avg_power_W=128.400000,max_power_W=131.000000,released_listeners=1,
start_task=,name=syrk,start_time=444764.020715,nthreads=79,
end_task=,name=syrk,start_time=1468865775.847334,elapsed_seconds=0.000606,nthreads=79,avg_power_W=-nan,max_power_W=0.000000,released_listeners=1,
start_task=,name=potrfprofile,start_time=444764.022126,nthreads=79,
end_task=,name=potrfprofile,start_time=1468865775.848745,elapsed_seconds=0.522578,nthreads=79,avg_power_W=128.818182,max_power_W=131.000000,released_listeners=1,
start_task=,name=potrf,start_time=444764.546639,nthreads=79,
end_task=,name=potrf,start_time=1468865776.373258,elapsed_seconds=0.002289,nthreads=79,avg_power_W=-nan,max_power_W=0.000000,released_listeners=0,
