message=profiling all tasks,max_threads=200,
start_task=,name=potrfprofile,start_time=1157587.295580,nthreads=200,
end_task=,name=potrfprofile,start_time=1469578599.122230,elapsed_seconds=0.527396,nthreads=200,avg_power_W=128.400000,max_power_W=170.000000,released_listeners=1,
start_task=,name=dopotrf,start_time=1157587.825241,nthreads=200,
end_task=,name=dopotrf,start_time=1469578599.651861,elapsed_seconds=0.064489,nthreads=200,avg_power_W=159.000000,max_power_W=159.000000,released_listeners=5,
start_task=,name=trsmprofile,start_time=1157587.890980,nthreads=200,
end_task=,name=trsmprofile,start_time=1469578599.717599,elapsed_seconds=0.513005,nthreads=200,avg_power_W=169.363636,max_power_W=174.000000,released_listeners=1,
start_task=,name=trsmprofile,start_time=1157588.411380,nthreads=200,
end_task=,name=trsmprofile,start_time=1469578600.237999,elapsed_seconds=0.507404,nthreads=200,avg_power_W=164.200000,max_power_W=166.000000,released_listeners=1,
start_task=,name=trsmprofile,start_time=1157588.920321,nthreads=200,
end_task=,name=trsmprofile,start_time=1469578600.746940,elapsed_seconds=0.513563,nthreads=200,avg_power_W=165.300000,max_power_W=167.000000,released_listeners=1,
start_task=,name=trsmprofile,start_time=1157589.435126,nthreads=200,
end_task=,name=trsmprofile,start_time=1469578601.261745,elapsed_seconds=0.513900,nthreads=200,avg_power_W=165.181818,max_power_W=167.000000,released_listeners=1,
start_task=,name=trsmprofile,start_time=1157589.961766,nthreads=200,
end_task=,name=trsmprofile,start_time=1469578601.788385,elapsed_seconds=0.506608,nthreads=200,avg_power_W=165.700000,max_power_W=167.000000,released_listeners=1,
start_task=,name=dotrsm,start_time=1157590.469938,nthreads=200,
end_task=,name=dotrsm,start_time=1469578602.296557,elapsed_seconds=0.002609,nthreads=200,avg_power_W=-nan,max_power_W=0.000000,released_listeners=5,
start_task=,name=dotrsm,start_time=1157590.473511,nthreads=200,
end_task=,name=dotrsm,start_time=1469578602.300130,elapsed_seconds=0.002507,nthreads=200,avg_power_W=-nan,max_power_W=0.000000,released_listeners=5,
start_task=,name=dotrsm,start_time=1157590.476772,nthreads=200,
end_task=,name=dotrsm,start_time=1469578602.303390,elapsed_seconds=0.002734,nthreads=200,avg_power_W=-nan,max_power_W=0.000000,released_listeners=5,
start_task=,name=dotrsm,start_time=1157590.480140,nthreads=200,
end_task=,name=dotrsm,start_time=1469578602.306758,elapsed_seconds=0.002227,nthreads=200,avg_power_W=-nan,max_power_W=0.000000,released_listeners=5,
start_task=,name=dotrsm,start_time=1157590.483207,nthreads=200,
end_task=,name=dotrsm,start_time=1469578602.309825,elapsed_seconds=0.002678,nthreads=200,avg_power_W=-nan,max_power_W=0.000000,released_listeners=5,
start_task=,name=syrkprofile,start_time=1157590.486587,nthreads=200,
end_task=,name=syrkprofile,start_time=1469578602.313206,elapsed_seconds=0.516438,nthreads=200,avg_power_W=170.181818,max_power_W=175.000000,released_listeners=1,
start_task=,name=gemmprofile,start_time=1157591.012308,nthreads=200,
end_task=,name=gemmprofile,start_time=1469578602.838927,elapsed_seconds=0.511327,nthreads=200,avg_power_W=172.100000,max_power_W=175.000000,released_listeners=1,
start_task=,name=syrkprofile,start_time=1157591.525422,nthreads=200,
end_task=,name=syrkprofile,start_time=1469578603.352041,elapsed_seconds=0.512183,nthreads=200,avg_power_W=174.700000,max_power_W=177.000000,released_listeners=1,
start_task=,name=gemmprofile,start_time=1157592.039458,nthreads=200,
end_task=,name=gemmprofile,start_time=1469578603.866077,elapsed_seconds=0.510790,nthreads=200,avg_power_W=174.909091,max_power_W=177.000000,released_listeners=1,
start_task=,name=gemmprofile,start_time=1157592.562017,nthreads=200,
end_task=,name=gemmprofile,start_time=1469578604.388648,elapsed_seconds=0.509347,nthreads=200,avg_power_W=176.500000,max_power_W=177.000000,released_listeners=1,
start_task=,name=syrkprofile,start_time=1157593.073279,nthreads=200,
end_task=,name=syrkprofile,start_time=1469578604.899898,elapsed_seconds=0.504611,nthreads=200,avg_power_W=176.200000,max_power_W=177.000000,released_listeners=1,
start_task=,name=gemmprofile,start_time=1157593.579700,nthreads=200,
end_task=,name=gemmprofile,start_time=1469578605.406319,elapsed_seconds=0.509899,nthreads=200,avg_power_W=176.600000,max_power_W=178.000000,released_listeners=1,
start_task=,name=gemmprofile,start_time=1157594.091468,nthreads=200,
end_task=,name=gemmprofile,start_time=1469578605.918087,elapsed_seconds=0.508786,nthreads=200,avg_power_W=176.000000,max_power_W=178.000000,released_listeners=1,
start_task=,name=gemmprofile,start_time=1157594.612282,nthreads=200,
end_task=,name=gemmprofile,start_time=1469578606.438901,elapsed_seconds=0.509375,nthreads=200,avg_power_W=177.500000,max_power_W=180.000000,released_listeners=1,
start_task=,name=syrkprofile,start_time=1157595.123517,nthreads=200,
end_task=,name=syrkprofile,start_time=1469578606.950136,elapsed_seconds=0.507348,nthreads=200,avg_power_W=177.100000,max_power_W=178.000000,released_listeners=1,
start_task=,name=gemmprofile,start_time=1157595.632743,nthreads=200,
end_task=,name=gemmprofile,start_time=1469578607.459362,elapsed_seconds=0.508539,nthreads=200,avg_power_W=178.300000,max_power_W=180.000000,released_listeners=1,
start_task=,name=gemmprofile,start_time=1157596.143160,nthreads=200,
end_task=,name=gemmprofile,start_time=1469578607.969779,elapsed_seconds=0.509438,nthreads=200,avg_power_W=177.636364,max_power_W=179.000000,released_listeners=1,
start_task=,name=gemmprofile,start_time=1157596.662567,nthreads=200,
end_task=,name=gemmprofile,start_time=1469578608.489186,elapsed_seconds=0.509088,nthreads=200,avg_power_W=178.000000,max_power_W=181.000000,released_listeners=1,
start_task=,name=gemmprofile,start_time=1157597.173454,nthreads=200,
end_task=,name=gemmprofile,start_time=1469578609.000073,elapsed_seconds=0.508992,nthreads=200,avg_power_W=178.000000,max_power_W=180.000000,released_listeners=1,
start_task=,name=syrkprofile,start_time=1157597.684250,nthreads=200,
end_task=,name=syrkprofile,start_time=1469578609.510869,elapsed_seconds=0.503344,nthreads=200,avg_power_W=178.100000,max_power_W=182.000000,released_listeners=1,
start_task=,name=dosyrk,start_time=1157598.189850,nthreads=200,
end_task=,name=dosyrk,start_time=1469578610.016469,elapsed_seconds=0.002111,nthreads=200,avg_power_W=-nan,max_power_W=0.000000,released_listeners=1,
start_task=,name=dogemm,start_time=1157598.193434,nthreads=200,
end_task=,name=dogemm,start_time=1469578610.020052,elapsed_seconds=0.001946,nthreads=200,avg_power_W=179.000000,max_power_W=179.000000,released_listeners=1,
start_task=,name=dosyrk,start_time=1157598.211377,nthreads=200,
end_task=,name=dosyrk,start_time=1469578610.038000,elapsed_seconds=0.002127,nthreads=200,avg_power_W=-nan,max_power_W=0.000000,released_listeners=1,
start_task=,name=dogemm,start_time=1157598.215171,nthreads=200,
end_task=,name=dogemm,start_time=1469578610.041790,elapsed_seconds=0.002234,nthreads=200,avg_power_W=-nan,max_power_W=0.000000,released_listeners=1,
start_task=,name=dogemm,start_time=1157598.218701,nthreads=200,
end_task=,name=dogemm,start_time=1469578610.045320,elapsed_seconds=0.001963,nthreads=200,avg_power_W=-nan,max_power_W=0.000000,released_listeners=0,
start_task=,name=dosyrk,start_time=1157598.222019,nthreads=200,
end_task=,name=dosyrk,start_time=1469578610.048637,elapsed_seconds=0.002131,nthreads=200,avg_power_W=-nan,max_power_W=0.000000,released_listeners=1,
start_task=,name=dogemm,start_time=1157598.225483,nthreads=200,
end_task=,name=dogemm,start_time=1469578610.052108,elapsed_seconds=0.002144,nthreads=200,avg_power_W=-nan,max_power_W=0.000000,released_listeners=1,
start_task=,name=dogemm,start_time=1157598.228953,nthreads=200,
end_task=,name=dogemm,start_time=1469578610.055572,elapsed_seconds=0.001969,nthreads=200,avg_power_W=-nan,max_power_W=0.000000,released_listeners=0,
start_task=,name=dogemm,start_time=1157598.232231,nthreads=200,
end_task=,name=dogemm,start_time=1469578610.058850,elapsed_seconds=0.001920,nthreads=200,avg_power_W=-nan,max_power_W=0.000000,released_listeners=0,
start_task=,name=dosyrk,start_time=1157598.235473,nthreads=200,
end_task=,name=dosyrk,start_time=1469578610.062091,elapsed_seconds=0.002216,nthreads=200,avg_power_W=-nan,max_power_W=0.000000,released_listeners=1,
start_task=,name=dogemm,start_time=1157598.239000,nthreads=200,
end_task=,name=dogemm,start_time=1469578610.065619,elapsed_seconds=0.001958,nthreads=200,avg_power_W=-nan,max_power_W=0.000000,released_listeners=1,
start_task=,name=dogemm,start_time=1157598.242268,nthreads=200,
end_task=,name=dogemm,start_time=1469578610.068887,elapsed_seconds=0.001977,nthreads=200,avg_power_W=-nan,max_power_W=0.000000,released_listeners=0,
start_task=,name=dogemm,start_time=1157598.261186,nthreads=200,
end_task=,name=dogemm,start_time=1469578610.087811,elapsed_seconds=0.002005,nthreads=200,avg_power_W=-nan,max_power_W=0.000000,released_listeners=0,
start_task=,name=dogemm,start_time=1157598.264703,nthreads=200,
end_task=,name=dogemm,start_time=1469578610.091321,elapsed_seconds=0.002319,nthreads=200,avg_power_W=-nan,max_power_W=0.000000,released_listeners=0,
start_task=,name=dosyrk,start_time=1157598.268339,nthreads=200,
end_task=,name=dosyrk,start_time=1469578610.094958,elapsed_seconds=0.002190,nthreads=200,avg_power_W=-nan,max_power_W=0.000000,released_listeners=1,
start_task=,name=potrfprofile,start_time=1157598.271883,nthreads=200,
end_task=,name=potrfprofile,start_time=1469578610.098501,elapsed_seconds=0.515283,nthreads=200,avg_power_W=176.700000,max_power_W=180.000000,released_listeners=1,
start_task=,name=dopotrf,start_time=1157598.789426,nthreads=200,
end_task=,name=dopotrf,start_time=1469578610.616045,elapsed_seconds=0.011990,nthreads=200,avg_power_W=173.000000,max_power_W=173.000000,released_listeners=4,
start_task=,name=trsmprofile,start_time=1157598.811284,nthreads=200,
end_task=,name=trsmprofile,start_time=1469578610.637906,elapsed_seconds=0.510912,nthreads=200,avg_power_W=176.200000,max_power_W=180.000000,released_listeners=1,
start_task=,name=trsmprofile,start_time=1157599.324786,nthreads=200,
end_task=,name=trsmprofile,start_time=1469578611.151405,elapsed_seconds=0.512297,nthreads=200,avg_power_W=172.600000,max_power_W=174.000000,released_listeners=1,
start_task=,name=trsmprofile,start_time=1157599.839164,nthreads=200,
end_task=,name=trsmprofile,start_time=1469578611.665783,elapsed_seconds=0.512218,nthreads=200,avg_power_W=171.909091,max_power_W=172.000000,released_listeners=1,
start_task=,name=trsmprofile,start_time=1157600.362319,nthreads=200,
end_task=,name=trsmprofile,start_time=1469578612.188939,elapsed_seconds=0.509757,nthreads=200,avg_power_W=172.000000,max_power_W=174.000000,released_listeners=1,
start_task=,name=dotrsm,start_time=1157600.873971,nthreads=200,
end_task=,name=dotrsm,start_time=1469578612.700590,elapsed_seconds=0.002402,nthreads=200,avg_power_W=-nan,max_power_W=0.000000,released_listeners=4,
start_task=,name=dotrsm,start_time=1157600.877403,nthreads=200,
end_task=,name=dotrsm,start_time=1469578612.704021,elapsed_seconds=0.002685,nthreads=200,avg_power_W=-nan,max_power_W=0.000000,released_listeners=4,
start_task=,name=dotrsm,start_time=1157600.880888,nthreads=200,
end_task=,name=dotrsm,start_time=1469578612.707506,elapsed_seconds=0.002340,nthreads=200,avg_power_W=-nan,max_power_W=0.000000,released_listeners=4,
start_task=,name=dotrsm,start_time=1157600.884635,nthreads=200,
end_task=,name=dotrsm,start_time=1469578612.711253,elapsed_seconds=0.002730,nthreads=200,avg_power_W=-nan,max_power_W=0.000000,released_listeners=4,
start_task=,name=syrkprofile,start_time=1157600.888728,nthreads=200,
end_task=,name=syrkprofile,start_time=1469578612.715346,elapsed_seconds=0.511322,nthreads=200,avg_power_W=177.909091,max_power_W=180.000000,released_listeners=1,
start_task=,name=gemmprofile,start_time=1157601.412188,nthreads=200,
end_task=,name=gemmprofile,start_time=1469578613.238807,elapsed_seconds=0.508185,nthreads=200,avg_power_W=178.500000,max_power_W=181.000000,released_listeners=1,
start_task=,name=syrkprofile,start_time=1157601.922123,nthreads=200,
end_task=,name=syrkprofile,start_time=1469578613.748742,elapsed_seconds=0.507739,nthreads=200,avg_power_W=171.800000,max_power_W=180.000000,released_listeners=1,
start_task=,name=gemmprofile,start_time=1157602.432062,nthreads=200,
end_task=,name=gemmprofile,start_time=1469578614.258682,elapsed_seconds=0.508945,nthreads=200,avg_power_W=179.200000,max_power_W=182.000000,released_listeners=1,
start_task=,name=gemmprofile,start_time=1157602.943306,nthreads=200,
end_task=,name=gemmprofile,start_time=1469578614.770087,elapsed_seconds=0.509729,nthreads=200,avg_power_W=179.818182,max_power_W=181.000000,released_listeners=1,
start_task=,name=syrkprofile,start_time=1157603.462983,nthreads=200,
end_task=,name=syrkprofile,start_time=1469578615.289603,elapsed_seconds=0.508253,nthreads=200,avg_power_W=178.900000,max_power_W=180.000000,released_listeners=1,
start_task=,name=gemmprofile,start_time=1157603.973176,nthreads=200,
end_task=,name=gemmprofile,start_time=1469578615.799795,elapsed_seconds=0.508014,nthreads=200,avg_power_W=180.300000,max_power_W=181.000000,released_listeners=1,
start_task=,name=gemmprofile,start_time=1157604.483258,nthreads=200,
end_task=,name=gemmprofile,start_time=1469578616.309877,elapsed_seconds=0.507396,nthreads=200,avg_power_W=179.000000,max_power_W=183.000000,released_listeners=1,
start_task=,name=gemmprofile,start_time=1157604.992668,nthreads=200,
end_task=,name=gemmprofile,start_time=1469578616.819287,elapsed_seconds=0.505882,nthreads=200,avg_power_W=179.818182,max_power_W=181.000000,released_listeners=1,
start_task=,name=syrkprofile,start_time=1157605.511581,nthreads=200,
end_task=,name=syrkprofile,start_time=1469578617.338200,elapsed_seconds=0.511225,nthreads=200,avg_power_W=179.600000,max_power_W=181.000000,released_listeners=1,
start_task=,name=dosyrk,start_time=1157606.024799,nthreads=200,
end_task=,name=dosyrk,start_time=1469578617.851418,elapsed_seconds=0.002263,nthreads=200,avg_power_W=-nan,max_power_W=0.000000,released_listeners=1,
start_task=,name=dogemm,start_time=1157606.028308,nthreads=200,
end_task=,name=dogemm,start_time=1469578617.854927,elapsed_seconds=0.001999,nthreads=200,avg_power_W=-nan,max_power_W=0.000000,released_listeners=1,
start_task=,name=dosyrk,start_time=1157606.031392,nthreads=200,
end_task=,name=dosyrk,start_time=1469578617.858010,elapsed_seconds=0.002156,nthreads=200,avg_power_W=-nan,max_power_W=0.000000,released_listeners=1,
start_task=,name=dogemm,start_time=1157606.034961,nthreads=200,
end_task=,name=dogemm,start_time=1469578617.861579,elapsed_seconds=0.002104,nthreads=200,avg_power_W=-nan,max_power_W=0.000000,released_listeners=1,
start_task=,name=dogemm,start_time=1157606.038237,nthreads=200,
end_task=,name=dogemm,start_time=1469578617.864855,elapsed_seconds=0.001915,nthreads=200,avg_power_W=-nan,max_power_W=0.000000,released_listeners=0,
start_task=,name=dosyrk,start_time=1157606.041535,nthreads=200,
end_task=,name=dosyrk,start_time=1469578617.868153,elapsed_seconds=0.002127,nthreads=200,avg_power_W=-nan,max_power_W=0.000000,released_listeners=1,
start_task=,name=dogemm,start_time=1157606.045110,nthreads=200,
end_task=,name=dogemm,start_time=1469578617.871728,elapsed_seconds=0.002263,nthreads=200,avg_power_W=177.000000,max_power_W=177.000000,released_listeners=1,
start_task=,name=dogemm,start_time=1157606.060579,nthreads=200,
end_task=,name=dogemm,start_time=1469578617.887202,elapsed_seconds=0.001995,nthreads=200,avg_power_W=-nan,max_power_W=0.000000,released_listeners=0,
start_task=,name=dogemm,start_time=1157606.064151,nthreads=200,
end_task=,name=dogemm,start_time=1469578617.890769,elapsed_seconds=0.002053,nthreads=200,avg_power_W=-nan,max_power_W=0.000000,released_listeners=0,
start_task=,name=dosyrk,start_time=1157606.067413,nthreads=200,
end_task=,name=dosyrk,start_time=1469578617.894031,elapsed_seconds=0.002243,nthreads=200,avg_power_W=-nan,max_power_W=0.000000,released_listeners=1,
start_task=,name=potrfprofile,start_time=1157606.070796,nthreads=200,
end_task=,name=potrfprofile,start_time=1469578617.897414,elapsed_seconds=0.507040,nthreads=200,avg_power_W=173.900000,max_power_W=181.000000,released_listeners=1,
start_task=,name=dopotrf,start_time=1157606.579878,nthreads=200,
end_task=,name=dopotrf,start_time=1469578618.406497,elapsed_seconds=0.010459,nthreads=200,avg_power_W=-nan,max_power_W=0.000000,released_listeners=3,
start_task=,name=trsmprofile,start_time=1157606.591620,nthreads=200,
end_task=,name=trsmprofile,start_time=1469578618.418239,elapsed_seconds=0.506998,nthreads=200,avg_power_W=169.909091,max_power_W=179.000000,released_listeners=1,
start_task=,name=trsmprofile,start_time=1157607.111532,nthreads=200,
end_task=,name=trsmprofile,start_time=1469578618.938151,elapsed_seconds=0.510045,nthreads=200,avg_power_W=173.000000,max_power_W=174.000000,released_listeners=1,
start_task=,name=trsmprofile,start_time=1157607.623797,nthreads=200,
end_task=,name=trsmprofile,start_time=1469578619.450416,elapsed_seconds=0.505447,nthreads=200,avg_power_W=173.300000,max_power_W=175.000000,released_listeners=1,
start_task=,name=dotrsm,start_time=1157608.131679,nthreads=200,
end_task=,name=dotrsm,start_time=1469578619.958511,elapsed_seconds=0.002735,nthreads=200,avg_power_W=-nan,max_power_W=0.000000,released_listeners=3,
start_task=,name=dotrsm,start_time=1157608.135937,nthreads=200,
end_task=,name=dotrsm,start_time=1469578619.962556,elapsed_seconds=0.002406,nthreads=200,avg_power_W=-nan,max_power_W=0.000000,released_listeners=3,
start_task=,name=dotrsm,start_time=1157608.139712,nthreads=200,
end_task=,name=dotrsm,start_time=1469578619.966330,elapsed_seconds=0.002608,nthreads=200,avg_power_W=-nan,max_power_W=0.000000,released_listeners=3,
start_task=,name=syrkprofile,start_time=1157608.143726,nthreads=200,
end_task=,name=syrkprofile,start_time=1469578619.970345,elapsed_seconds=0.504028,nthreads=200,avg_power_W=166.818182,max_power_W=180.000000,released_listeners=1,
start_task=,name=gemmprofile,start_time=1157608.662275,nthreads=200,
end_task=,name=gemmprofile,start_time=1469578620.488894,elapsed_seconds=0.508681,nthreads=200,avg_power_W=179.400000,max_power_W=182.000000,released_listeners=1,
start_task=,name=syrkprofile,start_time=1157609.173375,nthreads=200,
end_task=,name=syrkprofile,start_time=1469578620.999998,elapsed_seconds=0.505876,nthreads=200,avg_power_W=179.800000,max_power_W=181.000000,released_listeners=1,
start_task=,name=gemmprofile,start_time=1157609.681796,nthreads=200,
end_task=,name=gemmprofile,start_time=1469578621.508415,elapsed_seconds=0.509317,nthreads=200,avg_power_W=179.800000,max_power_W=182.000000,released_listeners=1,
start_task=,name=gemmprofile,start_time=1157610.193380,nthreads=200,
end_task=,name=gemmprofile,start_time=1469578622.019999,elapsed_seconds=0.510250,nthreads=200,avg_power_W=179.545455,max_power_W=181.000000,released_listeners=1,
start_task=,name=syrkprofile,start_time=1157610.711225,nthreads=200,
end_task=,name=syrkprofile,start_time=1469578622.537845,elapsed_seconds=0.511275,nthreads=200,avg_power_W=180.200000,max_power_W=182.000000,released_listeners=1,
start_task=,name=dosyrk,start_time=1157611.224644,nthreads=200,
end_task=,name=dosyrk,start_time=1469578623.051263,elapsed_seconds=0.002575,nthreads=200,avg_power_W=-nan,max_power_W=0.000000,released_listeners=1,
start_task=,name=dogemm,start_time=1157611.228372,nthreads=200,
end_task=,name=dogemm,start_time=1469578623.054990,elapsed_seconds=0.001966,nthreads=200,avg_power_W=-nan,max_power_W=0.000000,released_listeners=1,
start_task=,name=dosyrk,start_time=1157611.231704,nthreads=200,
end_task=,name=dosyrk,start_time=1469578623.058322,elapsed_seconds=0.002166,nthreads=200,avg_power_W=-nan,max_power_W=0.000000,released_listeners=1,
start_task=,name=dogemm,start_time=1157611.235230,nthreads=200,
end_task=,name=dogemm,start_time=1469578623.061848,elapsed_seconds=0.002099,nthreads=200,avg_power_W=-nan,max_power_W=0.000000,released_listeners=1,
start_task=,name=dogemm,start_time=1157611.238580,nthreads=200,
end_task=,name=dogemm,start_time=1469578623.065198,elapsed_seconds=0.002031,nthreads=200,avg_power_W=-nan,max_power_W=0.000000,released_listeners=0,
start_task=,name=dosyrk,start_time=1157611.241948,nthreads=200,
end_task=,name=dosyrk,start_time=1469578623.068566,elapsed_seconds=0.002195,nthreads=200,avg_power_W=-nan,max_power_W=0.000000,released_listeners=1,
start_task=,name=potrfprofile,start_time=1157611.245540,nthreads=200,
end_task=,name=potrfprofile,start_time=1469578623.072159,elapsed_seconds=0.517625,nthreads=200,avg_power_W=175.000000,max_power_W=182.000000,released_listeners=1,
start_task=,name=dopotrf,start_time=1157611.765735,nthreads=200,
end_task=,name=dopotrf,start_time=1469578623.592354,elapsed_seconds=0.012738,nthreads=200,avg_power_W=-nan,max_power_W=0.000000,released_listeners=2,
start_task=,name=trsmprofile,start_time=1157611.779658,nthreads=200,
end_task=,name=trsmprofile,start_time=1469578623.606277,elapsed_seconds=0.513095,nthreads=200,avg_power_W=178.300000,max_power_W=182.000000,released_listeners=1,
start_task=,name=trsmprofile,start_time=1157612.295170,nthreads=200,
end_task=,name=trsmprofile,start_time=1469578624.121789,elapsed_seconds=0.514287,nthreads=200,avg_power_W=173.818182,max_power_W=177.000000,released_listeners=1,
start_task=,name=dotrsm,start_time=1157612.811910,nthreads=200,
end_task=,name=dotrsm,start_time=1469578624.638529,elapsed_seconds=0.002408,nthreads=200,avg_power_W=-nan,max_power_W=0.000000,released_listeners=2,
start_task=,name=dotrsm,start_time=1157612.815203,nthreads=200,
end_task=,name=dotrsm,start_time=1469578624.641821,elapsed_seconds=0.002793,nthreads=200,avg_power_W=-nan,max_power_W=0.000000,released_listeners=2,
start_task=,name=syrkprofile,start_time=1157612.818509,nthreads=200,
end_task=,name=syrkprofile,start_time=1469578624.645127,elapsed_seconds=0.514987,nthreads=200,avg_power_W=178.400000,max_power_W=181.000000,released_listeners=1,
start_task=,name=gemmprofile,start_time=1157613.335229,nthreads=200,
end_task=,name=gemmprofile,start_time=1469578625.162038,elapsed_seconds=0.514987,nthreads=200,avg_power_W=179.363636,max_power_W=182.000000,released_listeners=1,
start_task=,name=syrkprofile,start_time=1157613.863545,nthreads=200,
end_task=,name=syrkprofile,start_time=1469578625.690164,elapsed_seconds=0.504495,nthreads=200,avg_power_W=179.600000,max_power_W=181.000000,released_listeners=1,
start_task=,name=dosyrk,start_time=1157614.369928,nthreads=200,
end_task=,name=dosyrk,start_time=1469578626.196547,elapsed_seconds=0.003546,nthreads=200,avg_power_W=-nan,max_power_W=0.000000,released_listeners=1,
start_task=,name=dogemm,start_time=1157614.374713,nthreads=200,
end_task=,name=dogemm,start_time=1469578626.201331,elapsed_seconds=0.002067,nthreads=200,avg_power_W=-nan,max_power_W=0.000000,released_listeners=1,
start_task=,name=dosyrk,start_time=1157614.377635,nthreads=200,
end_task=,name=dosyrk,start_time=1469578626.204253,elapsed_seconds=0.002283,nthreads=200,avg_power_W=-nan,max_power_W=0.000000,released_listeners=1,
start_task=,name=potrfprofile,start_time=1157614.383855,nthreads=200,
end_task=,name=potrfprofile,start_time=1469578626.210473,elapsed_seconds=0.509266,nthreads=200,avg_power_W=175.200000,max_power_W=182.000000,released_listeners=1,
start_task=,name=dopotrf,start_time=1157614.895312,nthreads=200,
end_task=,name=dopotrf,start_time=1469578626.721931,elapsed_seconds=0.025195,nthreads=200,avg_power_W=172.000000,max_power_W=172.000000,released_listeners=1,
start_task=,name=trsmprofile,start_time=1157614.921442,nthreads=200,
end_task=,name=trsmprofile,start_time=1469578626.748061,elapsed_seconds=0.509413,nthreads=200,avg_power_W=178.500000,max_power_W=181.000000,released_listeners=1,
start_task=,name=dotrsm,start_time=1157615.433192,nthreads=200,
end_task=,name=dotrsm,start_time=1469578627.259811,elapsed_seconds=0.002624,nthreads=200,avg_power_W=-nan,max_power_W=0.000000,released_listeners=1,
start_task=,name=syrkprofile,start_time=1157615.437408,nthreads=200,
end_task=,name=syrkprofile,start_time=1469578627.264026,elapsed_seconds=0.514152,nthreads=200,avg_power_W=179.363636,max_power_W=181.000000,released_listeners=1,
start_task=,name=dosyrk,start_time=1157615.962841,nthreads=200,
end_task=,name=dosyrk,start_time=1469578627.789459,elapsed_seconds=0.002152,nthreads=200,avg_power_W=-nan,max_power_W=0.000000,released_listeners=1,
start_task=,name=potrfprofile,start_time=1157615.966307,nthreads=200,
end_task=,name=potrfprofile,start_time=1469578627.792933,elapsed_seconds=0.512609,nthreads=200,avg_power_W=175.000000,max_power_W=181.000000,released_listeners=1,
start_task=,name=dopotrf,start_time=1157616.481171,nthreads=200,
end_task=,name=dopotrf,start_time=1469578628.307790,elapsed_seconds=0.011892,nthreads=200,avg_power_W=-nan,max_power_W=0.000000,released_listeners=0,
message=ALL DONE,
