message=profiling all tasks,max_threads=133,
start_task=,name=potrfprofile,start_time=445443.866354,nthreads=133,
end_task=,name=potrfprofile,start_time=1468866455.692991,elapsed_seconds=0.513115,nthreads=133,avg_power_W=133.200000,max_power_W=146.000000,released_listeners=1,
start_task=,name=potrf,start_time=445444.381183,nthreads=133,
end_task=,name=potrf,start_time=1468866456.207802,elapsed_seconds=0.002126,nthreads=133,avg_power_W=-nan,max_power_W=0.000000,released_listeners=3,
start_task=,name=trsmprofile,start_time=445444.384062,nthreads=133,
end_task=,name=trsmprofile,start_time=1468866456.210680,elapsed_seconds=0.514191,nthreads=133,avg_power_W=140.400000,max_power_W=145.000000,released_listeners=1,
start_task=,name=trsmprofile,start_time=445444.899517,nthreads=133,
end_task=,name=trsmprofile,start_time=1468866456.726135,elapsed_seconds=0.508708,nthreads=133,avg_power_W=117.900000,max_power_W=120.000000,released_listeners=1,
start_task=,name=trsmprofile,start_time=445445.409805,nthreads=133,
end_task=,name=trsmprofile,start_time=1468866457.236424,elapsed_seconds=0.508437,nthreads=133,avg_power_W=122.545455,max_power_W=126.000000,released_listeners=1,
start_task=,name=trsm,start_time=445445.930637,nthreads=133,
end_task=,name=trsm,start_time=1468866457.757256,elapsed_seconds=0.000250,nthreads=133,avg_power_W=-nan,max_power_W=0.000000,released_listeners=3,
start_task=,name=trsm,start_time=445445.931479,nthreads=133,
end_task=,name=trsm,start_time=1468866457.758098,elapsed_seconds=0.000190,nthreads=133,avg_power_W=-nan,max_power_W=0.000000,released_listeners=3,
start_task=,name=trsm,start_time=445445.932331,nthreads=133,
end_task=,name=trsm,start_time=1468866457.758949,elapsed_seconds=0.000189,nthreads=133,avg_power_W=-nan,max_power_W=0.000000,released_listeners=3,
start_task=,name=syrkprofile,start_time=445445.933217,nthreads=133,
end_task=,name=syrkprofile,start_time=1468866457.759841,elapsed_seconds=0.515640,nthreads=133,avg_power_W=137.100000,max_power_W=141.000000,released_listeners=1,
start_task=,name=gemmprofile,start_time=445446.450512,nthreads=133,
end_task=,name=gemmprofile,start_time=1468866458.277131,elapsed_seconds=0.518281,nthreads=133,avg_power_W=140.090909,max_power_W=142.000000,released_listeners=1,
start_task=,name=syrkprofile,start_time=445446.983694,nthreads=133,
end_task=,name=syrkprofile,start_time=1468866458.810313,elapsed_seconds=0.515325,nthreads=133,avg_power_W=139.500000,max_power_W=141.000000,released_listeners=1,
start_task=,name=gemmprofile,start_time=445447.499876,nthreads=133,
end_task=,name=gemmprofile,start_time=1468866459.326495,elapsed_seconds=0.509062,nthreads=133,avg_power_W=140.600000,max_power_W=142.000000,released_listeners=1,
start_task=,name=gemmprofile,start_time=445448.009973,nthreads=133,
end_task=,name=gemmprofile,start_time=1468866459.836592,elapsed_seconds=0.518655,nthreads=133,avg_power_W=139.818182,max_power_W=141.000000,released_listeners=1,
start_task=,name=syrkprofile,start_time=445448.533109,nthreads=133,
end_task=,name=syrkprofile,start_time=1468866460.359729,elapsed_seconds=0.515729,nthreads=133,avg_power_W=137.600000,max_power_W=139.000000,released_listeners=1,
start_task=,name=syrk,start_time=445449.049982,nthreads=133,
end_task=,name=syrk,start_time=1468866460.876601,elapsed_seconds=0.000930,nthreads=133,avg_power_W=-nan,max_power_W=0.000000,released_listeners=1,
start_task=,name=gemm,start_time=445449.051822,nthreads=133,
end_task=,name=gemm,start_time=1468866460.878441,elapsed_seconds=0.001152,nthreads=133,avg_power_W=-nan,max_power_W=0.000000,released_listeners=1,
start_task=,name=syrk,start_time=445449.054037,nthreads=133,
end_task=,name=syrk,start_time=1468866460.880655,elapsed_seconds=0.000645,nthreads=133,avg_power_W=-nan,max_power_W=0.000000,released_listeners=1,
start_task=,name=gemm,start_time=445449.055812,nthreads=133,
end_task=,name=gemm,start_time=1468866460.882430,elapsed_seconds=0.001114,nthreads=133,avg_power_W=-nan,max_power_W=0.000000,released_listeners=1,
start_task=,name=gemm,start_time=445449.057417,nthreads=133,
end_task=,name=gemm,start_time=1468866460.884035,elapsed_seconds=0.000338,nthreads=133,avg_power_W=-nan,max_power_W=0.000000,released_listeners=0,
start_task=,name=syrk,start_time=445449.058790,nthreads=133,
end_task=,name=syrk,start_time=1468866460.885409,elapsed_seconds=0.000643,nthreads=133,avg_power_W=-nan,max_power_W=0.000000,released_listeners=1,
start_task=,name=potrfprofile,start_time=445449.060227,nthreads=133,
end_task=,name=potrfprofile,start_time=1468866460.886846,elapsed_seconds=0.520825,nthreads=133,avg_power_W=142.181818,max_power_W=144.000000,released_listeners=1,
start_task=,name=potrf,start_time=445449.582097,nthreads=133,
end_task=,name=potrf,start_time=1468866461.408716,elapsed_seconds=0.002144,nthreads=133,avg_power_W=-nan,max_power_W=0.000000,released_listeners=2,
start_task=,name=trsmprofile,start_time=445449.585154,nthreads=133,
end_task=,name=trsmprofile,start_time=1468866461.411772,elapsed_seconds=0.513096,nthreads=133,avg_power_W=131.800000,max_power_W=141.000000,released_listeners=1,
start_task=,name=trsmprofile,start_time=445450.099487,nthreads=133,
end_task=,name=trsmprofile,start_time=1468866461.926106,elapsed_seconds=0.508858,nthreads=133,avg_power_W=123.000000,max_power_W=125.000000,released_listeners=1,
start_task=,name=trsm,start_time=445450.609726,nthreads=133,
end_task=,name=trsm,start_time=1468866462.436346,elapsed_seconds=0.000224,nthreads=133,avg_power_W=-nan,max_power_W=0.000000,released_listeners=2,
start_task=,name=trsm,start_time=445450.610544,nthreads=133,
end_task=,name=trsm,start_time=1468866462.437162,elapsed_seconds=0.000194,nthreads=133,avg_power_W=-nan,max_power_W=0.000000,released_listeners=2,
start_task=,name=syrkprofile,start_time=445450.611405,nthreads=133,
end_task=,name=syrkprofile,start_time=1468866462.438024,elapsed_seconds=0.517263,nthreads=133,avg_power_W=136.000000,max_power_W=141.000000,released_listeners=1,
start_task=,name=gemmprofile,start_time=445451.130489,nthreads=133,
end_task=,name=gemmprofile,start_time=1468866462.957108,elapsed_seconds=0.518168,nthreads=133,avg_power_W=141.800000,max_power_W=143.000000,released_listeners=1,
start_task=,name=syrkprofile,start_time=445451.649951,nthreads=133,
end_task=,name=syrkprofile,start_time=1468866463.476570,elapsed_seconds=0.508767,nthreads=133,avg_power_W=138.200000,max_power_W=141.000000,released_listeners=1,
start_task=,name=syrk,start_time=445452.159873,nthreads=133,
end_task=,name=syrk,start_time=1468866463.986789,elapsed_seconds=0.000915,nthreads=133,avg_power_W=-nan,max_power_W=0.000000,released_listeners=1,
start_task=,name=gemm,start_time=445452.162197,nthreads=133,
end_task=,name=gemm,start_time=1468866463.988816,elapsed_seconds=0.001227,nthreads=133,avg_power_W=-nan,max_power_W=0.000000,released_listeners=1,
start_task=,name=syrk,start_time=445452.164434,nthreads=133,
end_task=,name=syrk,start_time=1468866463.991052,elapsed_seconds=0.000683,nthreads=133,avg_power_W=-nan,max_power_W=0.000000,released_listeners=1,
start_task=,name=potrfprofile,start_time=445452.166218,nthreads=133,
end_task=,name=potrfprofile,start_time=1468866463.992842,elapsed_seconds=0.519069,nthreads=133,avg_power_W=141.818182,max_power_W=145.000000,released_listeners=1,
start_task=,name=potrf,start_time=445452.690825,nthreads=133,
end_task=,name=potrf,start_time=1468866464.517444,elapsed_seconds=0.002132,nthreads=133,avg_power_W=-nan,max_power_W=0.000000,released_listeners=1,
start_task=,name=trsmprofile,start_time=445452.693948,nthreads=133,
end_task=,name=trsmprofile,start_time=1468866464.520566,elapsed_seconds=0.514530,nthreads=133,avg_power_W=139.000000,max_power_W=147.000000,released_listeners=1,
start_task=,name=trsm,start_time=445453.209739,nthreads=133,
end_task=,name=trsm,start_time=1468866465.036358,elapsed_seconds=0.000244,nthreads=133,avg_power_W=-nan,max_power_W=0.000000,released_listeners=1,
start_task=,name=syrkprofile,start_time=445453.210612,nthreads=133,
end_task=,name=syrkprofile,start_time=1468866465.037230,elapsed_seconds=0.517896,nthreads=133,avg_power_W=135.272727,max_power_W=138.000000,released_listeners=1,
start_task=,name=syrk,start_time=445453.736203,nthreads=133,
end_task=,name=syrk,start_time=1468866465.562829,elapsed_seconds=0.000914,nthreads=133,avg_power_W=-nan,max_power_W=0.000000,released_listeners=1,
start_task=,name=potrfprofile,start_time=445453.737704,nthreads=133,
end_task=,name=potrfprofile,start_time=1468866465.564322,elapsed_seconds=0.512080,nthreads=133,avg_power_W=139.300000,max_power_W=141.000000,released_listeners=1,
start_task=,name=potrf,start_time=445454.250874,nthreads=133,
end_task=,name=potrf,start_time=1468866466.077493,elapsed_seconds=0.002133,nthreads=133,avg_power_W=-nan,max_power_W=0.000000,released_listeners=0,
