message=profiling all tasks,max_threads=103,
start_task=,name=start,start_time=3523982.922758,nthreads=103,
end_task=,name=start,start_time=1468251163.749402,elapsed_seconds=0.141229,nthreads=103,avg_power_W=112.500000,max_power_W=113.000000,released_listeners=2,
start_task=,name=spmv,start_time=3523983.064806,nthreads=103,
end_task=,name=spmv,start_time=1468251163.891420,elapsed_seconds=0.091404,nthreads=103,avg_power_W=117.000000,max_power_W=120.000000,released_listeners=1,
start_task=,name=spmv,start_time=3523983.157314,nthreads=103,
end_task=,name=spmv,start_time=1468251163.983927,elapsed_seconds=0.043326,nthreads=103,avg_power_W=131.000000,max_power_W=131.000000,released_listeners=1,
start_task=,name=subtract,start_time=3523983.201932,nthreads=103,
end_task=,name=subtract,start_time=1468251164.028545,elapsed_seconds=0.071444,nthreads=103,avg_power_W=132.500000,max_power_W=133.000000,released_listeners=2,
start_task=,name=subtract,start_time=3523983.290642,nthreads=103,
end_task=,name=subtract,start_time=1468251164.117259,elapsed_seconds=0.038339,nthreads=103,avg_power_W=132.000000,max_power_W=132.000000,released_listeners=2,
start_task=,name=copy,start_time=3523983.336846,nthreads=103,
end_task=,name=copy,start_time=1468251164.163463,elapsed_seconds=0.009483,nthreads=103,avg_power_W=-nan,max_power_W=0.000000,released_listeners=1,
start_task=,name=myddot,start_time=3523983.347574,nthreads=103,
end_task=,name=myddot,start_time=1468251164.174187,elapsed_seconds=0.001931,nthreads=103,avg_power_W=-nan,max_power_W=0.000000,released_listeners=1,
start_task=,name=copy,start_time=3523983.350797,nthreads=103,
end_task=,name=copy,start_time=1468251164.177410,elapsed_seconds=0.040816,nthreads=103,avg_power_W=133.000000,max_power_W=133.000000,released_listeners=1,
start_task=,name=myddot,start_time=3523983.393346,nthreads=103,
end_task=,name=myddot,start_time=1468251164.219960,elapsed_seconds=0.002053,nthreads=103,avg_power_W=-nan,max_power_W=0.000000,released_listeners=1,
start_task=,name=spmv,start_time=3523983.397204,nthreads=103,
end_task=,name=spmv,start_time=1468251164.223817,elapsed_seconds=0.024106,nthreads=103,avg_power_W=-nan,max_power_W=0.000000,released_listeners=1,
start_task=,name=spmv,start_time=3523983.422617,nthreads=103,
end_task=,name=spmv,start_time=1468251164.249230,elapsed_seconds=0.024307,nthreads=103,avg_power_W=133.000000,max_power_W=133.000000,released_listeners=1,
start_task=,name=sum_contribs,start_time=3523983.447927,nthreads=103,
end_task=,name=sum_contribs,start_time=1468251164.274540,elapsed_seconds=0.000600,nthreads=103,avg_power_W=-nan,max_power_W=0.000000,released_listeners=1,
start_task=,name=myddot,start_time=3523983.449779,nthreads=103,
end_task=,name=myddot,start_time=1468251164.276392,elapsed_seconds=0.001475,nthreads=103,avg_power_W=-nan,max_power_W=0.000000,released_listeners=1,
start_task=,name=myddot,start_time=3523983.452622,nthreads=103,
end_task=,name=myddot,start_time=1468251164.279235,elapsed_seconds=0.001806,nthreads=103,avg_power_W=-nan,max_power_W=0.000000,released_listeners=1,
start_task=,name=sum_contribs,start_time=3523983.456014,nthreads=103,
end_task=,name=sum_contribs,start_time=1468251164.282627,elapsed_seconds=0.000670,nthreads=103,avg_power_W=-nan,max_power_W=0.000000,released_listeners=1,
start_task=,name=comp_alpha,start_time=3523983.458261,nthreads=103,
end_task=,name=comp_alpha,start_time=1468251164.284873,elapsed_seconds=0.000512,nthreads=103,avg_power_W=-nan,max_power_W=0.000000,released_listeners=4,
start_task=,name=mydaxpy,start_time=3523983.460198,nthreads=103,
end_task=,name=mydaxpy,start_time=1468251164.286810,elapsed_seconds=0.005551,nthreads=103,avg_power_W=-nan,max_power_W=0.000000,released_listeners=0,
start_task=,name=mydaxpy,start_time=3523983.467129,nthreads=103,
end_task=,name=mydaxpy,start_time=1468251164.293742,elapsed_seconds=0.001807,nthreads=103,avg_power_W=-nan,max_power_W=0.000000,released_listeners=1,
start_task=,name=mydaxpy,start_time=3523983.469611,nthreads=103,
end_task=,name=mydaxpy,start_time=1468251164.296224,elapsed_seconds=0.000948,nthreads=103,avg_power_W=-nan,max_power_W=0.000000,released_listeners=0,
start_task=,name=mydaxpy,start_time=3523983.471753,nthreads=103,
end_task=,name=mydaxpy,start_time=1468251164.298366,elapsed_seconds=0.000855,nthreads=103,avg_power_W=143.000000,max_power_W=143.000000,released_listeners=1,
start_task=,name=myddot,start_time=3523983.486408,nthreads=103,
end_task=,name=myddot,start_time=1468251164.313025,elapsed_seconds=0.001418,nthreads=103,avg_power_W=-nan,max_power_W=0.000000,released_listeners=1,
start_task=,name=myddot,start_time=3523983.488679,nthreads=103,
end_task=,name=myddot,start_time=1468251164.315292,elapsed_seconds=0.001743,nthreads=103,avg_power_W=-nan,max_power_W=0.000000,released_listeners=1,
start_task=,name=sum_contribs,start_time=3523983.492263,nthreads=103,
end_task=,name=sum_contribs,start_time=1468251164.318876,elapsed_seconds=0.000686,nthreads=103,avg_power_W=-nan,max_power_W=0.000000,released_listeners=2,
start_task=,name=comp_beta,start_time=3523983.494187,nthreads=103,
end_task=,name=comp_beta,start_time=1468251164.320800,elapsed_seconds=0.000541,nthreads=103,avg_power_W=-nan,max_power_W=0.000000,released_listeners=2,
start_task=,name=assign,start_time=3523983.496046,nthreads=103,
end_task=,name=assign,start_time=1468251164.322659,elapsed_seconds=0.000511,nthreads=103,avg_power_W=-nan,max_power_W=0.000000,released_listeners=0,
start_task=,name=dxapy,start_time=3523983.497865,nthreads=103,
end_task=,name=dxapy,start_time=1468251164.324478,elapsed_seconds=0.006706,nthreads=103,avg_power_W=-nan,max_power_W=0.000000,released_listeners=0,
start_task=,name=dxapy,start_time=3523983.506126,nthreads=103,
end_task=,name=dxapy,start_time=1468251164.332739,elapsed_seconds=0.006310,nthreads=103,avg_power_W=-nan,max_power_W=0.000000,released_listeners=0,
