message=profiling all tasks,max_threads=152,
start_task=,name=potrf,start_time=3524648.078026,nthreads=152,
end_task=,name=potrf,start_time=1468251828.904656,elapsed_seconds=0.228912,nthreads=152,avg_power_W=116.750000,max_power_W=118.000000,released_listeners=3,
start_task=,name=trsm,start_time=3524648.307912,nthreads=152,
end_task=,name=trsm,start_time=1468251829.134523,elapsed_seconds=0.005377,nthreads=152,avg_power_W=-nan,max_power_W=0.000000,released_listeners=3,
start_task=,name=trsm,start_time=3524648.313781,nthreads=152,
end_task=,name=trsm,start_time=1468251829.140392,elapsed_seconds=0.002746,nthreads=152,avg_power_W=-nan,max_power_W=0.000000,released_listeners=3,
start_task=,name=trsm,start_time=3524648.317205,nthreads=152,
end_task=,name=trsm,start_time=1468251829.143815,elapsed_seconds=0.002797,nthreads=152,avg_power_W=-nan,max_power_W=0.000000,released_listeners=3,
start_task=,name=syrk,start_time=3524648.320559,nthreads=152,
end_task=,name=syrk,start_time=1468251829.147169,elapsed_seconds=0.044010,nthreads=152,avg_power_W=123.000000,max_power_W=123.000000,released_listeners=1,
start_task=,name=gemm,start_time=3524648.365905,nthreads=152,
end_task=,name=gemm,start_time=1468251829.192519,elapsed_seconds=0.002396,nthreads=152,avg_power_W=-nan,max_power_W=0.000000,released_listeners=1,
start_task=,name=syrk,start_time=3524648.368975,nthreads=152,
end_task=,name=syrk,start_time=1468251829.195586,elapsed_seconds=0.000696,nthreads=152,avg_power_W=-nan,max_power_W=0.000000,released_listeners=1,
start_task=,name=gemm,start_time=3524648.370226,nthreads=152,
end_task=,name=gemm,start_time=1468251829.196837,elapsed_seconds=0.001004,nthreads=152,avg_power_W=-nan,max_power_W=0.000000,released_listeners=1,
start_task=,name=gemm,start_time=3524648.371685,nthreads=152,
end_task=,name=gemm,start_time=1468251829.198296,elapsed_seconds=0.000416,nthreads=152,avg_power_W=-nan,max_power_W=0.000000,released_listeners=0,
start_task=,name=syrk,start_time=3524648.372771,nthreads=152,
end_task=,name=syrk,start_time=1468251829.199381,elapsed_seconds=0.000683,nthreads=152,avg_power_W=-nan,max_power_W=0.000000,released_listeners=1,
start_task=,name=potrf,start_time=3524648.374034,nthreads=152,
end_task=,name=potrf,start_time=1468251829.200645,elapsed_seconds=0.002400,nthreads=152,avg_power_W=-nan,max_power_W=0.000000,released_listeners=2,
start_task=,name=trsm,start_time=3524648.376993,nthreads=152,
end_task=,name=trsm,start_time=1468251829.203604,elapsed_seconds=0.001007,nthreads=152,avg_power_W=144.000000,max_power_W=144.000000,released_listeners=2,
start_task=,name=trsm,start_time=3524648.395397,nthreads=152,
end_task=,name=trsm,start_time=1468251829.222008,elapsed_seconds=0.002859,nthreads=152,avg_power_W=-nan,max_power_W=0.000000,released_listeners=2,
start_task=,name=syrk,start_time=3524648.399349,nthreads=152,
end_task=,name=syrk,start_time=1468251829.225959,elapsed_seconds=0.002967,nthreads=152,avg_power_W=-nan,max_power_W=0.000000,released_listeners=1,
start_task=,name=gemm,start_time=3524648.403648,nthreads=152,
end_task=,name=gemm,start_time=1468251829.230258,elapsed_seconds=0.000441,nthreads=152,avg_power_W=-nan,max_power_W=0.000000,released_listeners=1,
start_task=,name=syrk,start_time=3524648.405029,nthreads=152,
end_task=,name=syrk,start_time=1468251829.231639,elapsed_seconds=0.000617,nthreads=152,avg_power_W=-nan,max_power_W=0.000000,released_listeners=1,
start_task=,name=potrf,start_time=3524648.406410,nthreads=152,
end_task=,name=potrf,start_time=1468251829.233020,elapsed_seconds=0.002386,nthreads=152,avg_power_W=-nan,max_power_W=0.000000,released_listeners=1,
start_task=,name=trsm,start_time=3524648.409511,nthreads=152,
end_task=,name=trsm,start_time=1468251829.236121,elapsed_seconds=0.001342,nthreads=152,avg_power_W=-nan,max_power_W=0.000000,released_listeners=1,
start_task=,name=syrk,start_time=3524648.411550,nthreads=152,
end_task=,name=syrk,start_time=1468251829.238161,elapsed_seconds=0.002527,nthreads=152,avg_power_W=-nan,max_power_W=0.000000,released_listeners=1,
start_task=,name=potrf,start_time=3524648.414812,nthreads=152,
end_task=,name=potrf,start_time=1468251829.241426,elapsed_seconds=0.002437,nthreads=152,avg_power_W=-nan,max_power_W=0.000000,released_listeners=0,
