message=profiling all tasks,max_threads=180,
start_task=,name=potrf,start_time=3525040.674240,nthreads=180,
end_task=,name=potrf,start_time=1468252221.500871,elapsed_seconds=0.269821,nthreads=180,avg_power_W=119.200000,max_power_W=125.000000,released_listeners=3,
start_task=,name=trsm,start_time=3525040.945047,nthreads=180,
end_task=,name=trsm,start_time=1468252221.771658,elapsed_seconds=0.005278,nthreads=180,avg_power_W=-nan,max_power_W=0.000000,released_listeners=3,
start_task=,name=trsm,start_time=3525040.950941,nthreads=180,
end_task=,name=trsm,start_time=1468252221.777552,elapsed_seconds=0.003217,nthreads=180,avg_power_W=-nan,max_power_W=0.000000,released_listeners=3,
start_task=,name=trsm,start_time=3525040.955114,nthreads=180,
end_task=,name=trsm,start_time=1468252221.781725,elapsed_seconds=0.003152,nthreads=180,avg_power_W=-nan,max_power_W=0.000000,released_listeners=3,
start_task=,name=syrk,start_time=3525040.958854,nthreads=180,
end_task=,name=syrk,start_time=1468252221.785464,elapsed_seconds=0.055909,nthreads=180,avg_power_W=155.000000,max_power_W=155.000000,released_listeners=1,
start_task=,name=gemm,start_time=3525041.015765,nthreads=180,
end_task=,name=gemm,start_time=1468252221.842379,elapsed_seconds=0.002289,nthreads=180,avg_power_W=-nan,max_power_W=0.000000,released_listeners=1,
start_task=,name=syrk,start_time=3525041.018786,nthreads=180,
end_task=,name=syrk,start_time=1468252221.845397,elapsed_seconds=0.000705,nthreads=180,avg_power_W=-nan,max_power_W=0.000000,released_listeners=1,
start_task=,name=gemm,start_time=3525041.020066,nthreads=180,
end_task=,name=gemm,start_time=1468252221.846677,elapsed_seconds=0.000418,nthreads=180,avg_power_W=-nan,max_power_W=0.000000,released_listeners=1,
start_task=,name=gemm,start_time=3525041.021397,nthreads=180,
end_task=,name=gemm,start_time=1468252221.848008,elapsed_seconds=0.000431,nthreads=180,avg_power_W=-nan,max_power_W=0.000000,released_listeners=0,
start_task=,name=syrk,start_time=3525041.022403,nthreads=180,
end_task=,name=syrk,start_time=1468252221.849013,elapsed_seconds=0.000667,nthreads=180,avg_power_W=-nan,max_power_W=0.000000,released_listeners=1,
start_task=,name=potrf,start_time=3525041.023559,nthreads=180,
end_task=,name=potrf,start_time=1468252221.850169,elapsed_seconds=0.002367,nthreads=180,avg_power_W=138.000000,max_power_W=138.000000,released_listeners=2,
start_task=,name=trsm,start_time=3525041.039523,nthreads=180,
end_task=,name=trsm,start_time=1468252221.866133,elapsed_seconds=0.001406,nthreads=180,avg_power_W=-nan,max_power_W=0.000000,released_listeners=2,
start_task=,name=trsm,start_time=3525041.041770,nthreads=180,
end_task=,name=trsm,start_time=1468252221.868381,elapsed_seconds=0.003152,nthreads=180,avg_power_W=-nan,max_power_W=0.000000,released_listeners=2,
start_task=,name=syrk,start_time=3525041.045585,nthreads=180,
end_task=,name=syrk,start_time=1468252221.872195,elapsed_seconds=0.002859,nthreads=180,avg_power_W=-nan,max_power_W=0.000000,released_listeners=1,
start_task=,name=gemm,start_time=3525041.049089,nthreads=180,
end_task=,name=gemm,start_time=1468252221.875700,elapsed_seconds=0.000388,nthreads=180,avg_power_W=-nan,max_power_W=0.000000,released_listeners=1,
start_task=,name=syrk,start_time=3525041.049968,nthreads=180,
end_task=,name=syrk,start_time=1468252221.876578,elapsed_seconds=0.000613,nthreads=180,avg_power_W=-nan,max_power_W=0.000000,released_listeners=1,
start_task=,name=potrf,start_time=3525041.051737,nthreads=180,
end_task=,name=potrf,start_time=1468252221.878347,elapsed_seconds=0.002376,nthreads=180,avg_power_W=-nan,max_power_W=0.000000,released_listeners=1,
start_task=,name=trsm,start_time=3525041.054763,nthreads=180,
end_task=,name=trsm,start_time=1468252221.881373,elapsed_seconds=0.000917,nthreads=180,avg_power_W=-nan,max_power_W=0.000000,released_listeners=1,
start_task=,name=syrk,start_time=3525041.056323,nthreads=180,
end_task=,name=syrk,start_time=1468252221.882933,elapsed_seconds=0.002853,nthreads=180,avg_power_W=-nan,max_power_W=0.000000,released_listeners=1,
start_task=,name=potrf,start_time=3525041.059805,nthreads=180,
end_task=,name=potrf,start_time=1468252221.886420,elapsed_seconds=0.002816,nthreads=180,avg_power_W=-nan,max_power_W=0.000000,released_listeners=0,
