message=cataloging configuration,max_threads=5,power_limit=inf,
start_task=,name=potrf,tick=1,start_time=108253.520891,nthreads=5,
message=tick stats,tick=1,estimated_current_power=24.266667,
end_task=,name=potrf,elapsed_seconds=0.538966,predicted_seconds=0.193483,time_percent_error=64.101085,nthreads=5,end_time=108254.062081,avg_power_W=140.700000,max_power_W=154.000000,avg_time_s=0.538966,released_listeners=5,
start_task=,name=trsm,tick=2,start_time=108254.062124,nthreads=1,
start_task=,name=trsm,tick=2,start_time=108254.062153,nthreads=1,
start_task=,name=trsm,tick=2,start_time=108254.062175,nthreads=1,
start_task=,name=trsm,tick=2,start_time=108254.062217,nthreads=1,
start_task=,name=trsm,tick=2,start_time=108254.062269,nthreads=1,
message=tick stats,tick=2,estimated_current_power=81.166667,
end_task=,name=trsm,elapsed_seconds=0.853996,predicted_seconds=0.569669,time_percent_error=33.293683,nthreads=1,end_time=108254.917363,avg_power_W=126.962963,max_power_W=154.000000,avg_time_s=0.853996,released_listeners=5,
start_task=,name=syrk,tick=3,start_time=108254.917393,nthreads=1,
message=tick stats,tick=3,estimated_current_power=79.233333,
end_task=,name=trsm,elapsed_seconds=0.873557,predicted_seconds=0.569669,time_percent_error=34.787413,nthreads=1,end_time=108254.939815,avg_power_W=126.642857,max_power_W=154.000000,avg_time_s=0.873557,released_listeners=5,
end_task=,name=trsm,elapsed_seconds=0.860203,predicted_seconds=0.569669,time_percent_error=33.774975,nthreads=1,end_time=108254.939858,avg_power_W=126.642857,max_power_W=154.000000,avg_time_s=0.860203,released_listeners=5,
start_task=,name=gemm,tick=4,start_time=108254.939880,nthreads=1,
start_task=,name=syrk,tick=4,start_time=108254.939898,nthreads=1,
message=tick stats,tick=4,estimated_current_power=76.116667,
end_task=,name=trsm,elapsed_seconds=0.890369,predicted_seconds=0.569669,time_percent_error=36.018732,nthreads=1,end_time=108254.954035,avg_power_W=126.642857,max_power_W=154.000000,avg_time_s=0.890369,released_listeners=5,
start_task=,name=gemm,tick=5,start_time=108254.954053,nthreads=1,
message=tick stats,tick=5,estimated_current_power=74.933333,
end_task=,name=trsm,elapsed_seconds=0.883531,predicted_seconds=0.569669,time_percent_error=35.523553,nthreads=1,end_time=108254.955825,avg_power_W=126.642857,max_power_W=154.000000,avg_time_s=0.883531,released_listeners=5,
start_task=,name=gemm,tick=6,start_time=108254.955842,nthreads=1,
message=tick stats,tick=6,estimated_current_power=73.750000,
end_task=,name=syrk,elapsed_seconds=1.335996,predicted_seconds=0.833912,time_percent_error=37.581214,nthreads=1,end_time=108256.287519,avg_power_W=121.600000,max_power_W=154.000000,avg_time_s=1.335996,released_listeners=1,
start_task=,name=syrk,tick=7,start_time=108256.287539,nthreads=1,
message=tick stats,tick=7,estimated_current_power=73.750000,
end_task=,name=syrk,elapsed_seconds=1.446638,predicted_seconds=0.833912,time_percent_error=42.355159,nthreads=1,end_time=108256.364906,avg_power_W=121.535714,max_power_W=154.000000,avg_time_s=1.446638,released_listeners=1,
start_task=,name=syrk,tick=8,start_time=108256.364931,nthreads=1,
message=tick stats,tick=8,estimated_current_power=73.750000,
end_task=,name=gemm,elapsed_seconds=1.642731,predicted_seconds=0.957383,time_percent_error=41.720065,nthreads=1,end_time=108256.588706,avg_power_W=120.950820,max_power_W=154.000000,avg_time_s=1.642731,released_listeners=0,
start_task=,name=gemm,tick=9,start_time=108256.588730,nthreads=1,
message=tick stats,tick=9,estimated_current_power=73.750000,
end_task=,name=gemm,elapsed_seconds=1.643905,predicted_seconds=0.957383,time_percent_error=41.761673,nthreads=1,end_time=108256.600542,avg_power_W=120.950820,max_power_W=154.000000,avg_time_s=1.643905,released_listeners=1,
start_task=,name=gemm,tick=10,start_time=108256.600563,nthreads=1,
message=tick stats,tick=10,estimated_current_power=73.750000,
end_task=,name=gemm,elapsed_seconds=1.665131,predicted_seconds=0.957383,time_percent_error=42.504061,nthreads=1,end_time=108256.619955,avg_power_W=120.950820,max_power_W=154.000000,avg_time_s=1.665131,released_listeners=1,
start_task=,name=gemm,tick=11,start_time=108256.619996,nthreads=1,
message=tick stats,tick=11,estimated_current_power=73.750000,
end_task=,name=syrk,elapsed_seconds=1.337059,predicted_seconds=0.833912,time_percent_error=37.630882,nthreads=1,end_time=108257.702824,avg_power_W=118.939759,max_power_W=154.000000,avg_time_s=1.337059,released_listeners=1,
start_task=,name=gemm,tick=12,start_time=108257.702844,nthreads=1,
message=tick stats,tick=12,estimated_current_power=74.500000,
end_task=,name=syrk,elapsed_seconds=1.443876,predicted_seconds=0.833912,time_percent_error=42.244885,nthreads=1,end_time=108257.737917,avg_power_W=118.916667,max_power_W=154.000000,avg_time_s=1.443876,released_listeners=1,
start_task=,name=gemm,tick=13,start_time=108257.737943,nthreads=1,
message=tick stats,tick=13,estimated_current_power=75.250000,
end_task=,name=gemm,elapsed_seconds=1.605862,predicted_seconds=0.957383,time_percent_error=40.382031,nthreads=1,end_time=108258.195154,avg_power_W=118.752688,max_power_W=154.000000,avg_time_s=1.605862,released_listeners=0,
start_task=,name=gemm,tick=14,start_time=108258.195174,nthreads=1,
message=tick stats,tick=14,estimated_current_power=75.250000,
end_task=,name=gemm,elapsed_seconds=1.612169,predicted_seconds=0.957383,time_percent_error=40.615264,nthreads=1,end_time=108258.213387,avg_power_W=118.752688,max_power_W=154.000000,avg_time_s=1.612169,released_listeners=0,
start_task=,name=gemm,tick=15,start_time=108258.213404,nthreads=1,
message=tick stats,tick=15,estimated_current_power=75.250000,
end_task=,name=gemm,elapsed_seconds=1.616363,predicted_seconds=0.957383,time_percent_error=40.769327,nthreads=1,end_time=108258.237143,avg_power_W=118.723404,max_power_W=154.000000,avg_time_s=1.616363,released_listeners=1,
start_task=,name=syrk,tick=16,start_time=108258.237169,nthreads=1,
message=tick stats,tick=16,estimated_current_power=74.500000,
end_task=,name=gemm,elapsed_seconds=1.601672,predicted_seconds=0.957383,time_percent_error=40.226062,nthreads=1,end_time=108259.305034,avg_power_W=118.156522,max_power_W=154.000000,avg_time_s=1.601672,released_listeners=1,
start_task=,name=potrf,tick=17,start_time=108259.305061,nthreads=1,
message=tick stats,tick=17,estimated_current_power=83.550000,
end_task=,name=gemm,elapsed_seconds=1.629226,predicted_seconds=0.957383,time_percent_error=41.236986,nthreads=1,end_time=108259.367941,avg_power_W=118.137931,max_power_W=154.000000,avg_time_s=1.629226,released_listeners=0,
end_task=,name=syrk,elapsed_seconds=1.310046,predicted_seconds=0.833912,time_percent_error=36.344837,nthreads=1,end_time=108259.547726,avg_power_W=118.041667,max_power_W=154.000000,avg_time_s=1.310046,released_listeners=1,
end_task=,name=gemm,elapsed_seconds=1.618658,predicted_seconds=0.957383,time_percent_error=40.853306,nthreads=1,end_time=108259.815619,avg_power_W=117.816000,max_power_W=154.000000,avg_time_s=1.618658,released_listeners=0,
end_task=,name=potrf,elapsed_seconds=0.524385,predicted_seconds=0.371487,time_percent_error=29.157613,nthreads=1,end_time=108259.836901,avg_power_W=117.785714,max_power_W=154.000000,avg_time_s=0.524385,released_listeners=4,
start_task=,name=trsm,tick=18,start_time=108259.836939,nthreads=1,
start_task=,name=trsm,tick=18,start_time=108259.836965,nthreads=1,
start_task=,name=trsm,tick=18,start_time=108259.836988,nthreads=1,
start_task=,name=trsm,tick=18,start_time=108259.837010,nthreads=1,
message=tick stats,tick=18,estimated_current_power=79.983333,
end_task=,name=gemm,elapsed_seconds=1.825420,predicted_seconds=0.957383,time_percent_error=47.552751,nthreads=1,end_time=108260.039664,avg_power_W=117.753846,max_power_W=154.000000,avg_time_s=1.825420,released_listeners=0,
end_task=,name=trsm,elapsed_seconds=0.842087,predicted_seconds=0.569669,time_percent_error=32.350259,nthreads=1,end_time=108260.687731,avg_power_W=117.447552,max_power_W=154.000000,avg_time_s=0.842087,released_listeners=4,
start_task=,name=syrk,tick=19,start_time=108260.687770,nthreads=2,
message=tick stats,tick=19,estimated_current_power=63.600000,
end_task=,name=trsm,elapsed_seconds=0.843528,predicted_seconds=0.569669,time_percent_error=32.465891,nthreads=1,end_time=108260.687805,avg_power_W=117.447552,max_power_W=154.000000,avg_time_s=0.843528,released_listeners=4,
start_task=,name=syrk,tick=20,start_time=108260.687833,nthreads=1,
message=tick stats,tick=20,estimated_current_power=61.666667,
end_task=,name=trsm,elapsed_seconds=0.852772,predicted_seconds=0.569669,time_percent_error=33.197895,nthreads=1,end_time=108260.698578,avg_power_W=117.447552,max_power_W=154.000000,avg_time_s=0.852772,released_listeners=4,
start_task=,name=gemm,tick=21,start_time=108260.698603,nthreads=1,
message=tick stats,tick=21,estimated_current_power=60.483333,
end_task=,name=trsm,elapsed_seconds=0.859259,predicted_seconds=0.569669,time_percent_error=33.702237,nthreads=1,end_time=108260.699461,avg_power_W=117.447552,max_power_W=154.000000,avg_time_s=0.859259,released_listeners=4,
start_task=,name=gemm,tick=22,start_time=108260.699508,nthreads=1,
message=tick stats,tick=22,estimated_current_power=59.300000,
end_task=,name=syrk,elapsed_seconds=1.317809,predicted_seconds=0.782142,time_percent_error=40.648307,nthreads=2,end_time=108262.006115,avg_power_W=116.757396,max_power_W=154.000000,avg_time_s=1.317809,released_listeners=1,
start_task=,name=gemm,tick=23,start_time=108262.006135,nthreads=1,
start_task=,name=syrk,tick=23,start_time=108262.006150,nthreads=1,
message=tick stats,tick=23,estimated_current_power=73.750000,
end_task=,name=syrk,elapsed_seconds=1.516297,predicted_seconds=0.833912,time_percent_error=45.003364,nthreads=1,end_time=108262.205111,avg_power_W=116.763006,max_power_W=154.000000,avg_time_s=1.516297,released_listeners=1,
start_task=,name=gemm,tick=24,start_time=108262.205137,nthreads=1,
message=tick stats,tick=24,estimated_current_power=74.500000,
end_task=,name=gemm,elapsed_seconds=1.624789,predicted_seconds=0.957383,time_percent_error=41.076508,nthreads=1,end_time=108262.338992,avg_power_W=116.767045,max_power_W=154.000000,avg_time_s=1.624789,released_listeners=1,
end_task=,name=gemm,elapsed_seconds=1.630186,predicted_seconds=0.957383,time_percent_error=41.271590,nthreads=1,end_time=108262.339194,avg_power_W=116.767045,max_power_W=154.000000,avg_time_s=1.630186,released_listeners=1,
start_task=,name=gemm,tick=25,start_time=108262.339244,nthreads=1,
start_task=,name=gemm,tick=25,start_time=108262.339278,nthreads=1,
message=tick stats,tick=25,estimated_current_power=74.500000,
end_task=,name=syrk,elapsed_seconds=1.321065,predicted_seconds=0.833912,time_percent_error=36.875780,nthreads=1,end_time=108263.338285,avg_power_W=116.744898,max_power_W=154.000000,avg_time_s=1.321065,released_listeners=1,
start_task=,name=syrk,tick=26,start_time=108263.338311,nthreads=1,
message=tick stats,tick=26,estimated_current_power=74.500000,
end_task=,name=gemm,elapsed_seconds=1.605953,predicted_seconds=0.957383,time_percent_error=40.385383,nthreads=1,end_time=108263.612690,avg_power_W=116.696517,max_power_W=154.000000,avg_time_s=1.605953,released_listeners=0,
start_task=,name=potrf,tick=27,start_time=108263.612715,nthreads=1,
message=tick stats,tick=27,estimated_current_power=83.550000,
end_task=,name=gemm,elapsed_seconds=1.605646,predicted_seconds=0.957383,time_percent_error=40.374015,nthreads=1,end_time=108263.945441,avg_power_W=116.600962,max_power_W=154.000000,avg_time_s=1.605646,released_listeners=0,
end_task=,name=gemm,elapsed_seconds=1.612285,predicted_seconds=0.957383,time_percent_error=40.619510,nthreads=1,end_time=108263.952437,avg_power_W=116.600962,max_power_W=154.000000,avg_time_s=1.612285,released_listeners=0,
end_task=,name=gemm,elapsed_seconds=1.854055,predicted_seconds=0.957383,time_percent_error=48.362764,nthreads=1,end_time=108264.060300,avg_power_W=116.571429,max_power_W=154.000000,avg_time_s=1.854055,released_listeners=1,
end_task=,name=potrf,elapsed_seconds=0.516152,predicted_seconds=0.371487,time_percent_error=28.027718,nthreads=1,end_time=108264.137676,avg_power_W=116.504717,max_power_W=154.000000,avg_time_s=0.516152,released_listeners=3,
start_task=,name=trsm,tick=28,start_time=108264.137718,nthreads=2,
start_task=,name=trsm,tick=28,start_time=108264.137757,nthreads=1,
start_task=,name=trsm,tick=28,start_time=108264.137780,nthreads=1,
message=tick stats,tick=28,estimated_current_power=62.266667,
end_task=,name=trsm,elapsed_seconds=0.433210,predicted_seconds=0.292970,time_percent_error=32.372359,nthreads=2,end_time=108264.587675,avg_power_W=116.253394,max_power_W=154.000000,avg_time_s=0.433210,released_listeners=3,
start_task=,name=syrk,tick=29,start_time=108264.587732,nthreads=2,
message=tick stats,tick=29,estimated_current_power=61.666667,
end_task=,name=syrk,elapsed_seconds=1.320832,predicted_seconds=0.833912,time_percent_error=36.864611,nthreads=1,end_time=108264.659810,avg_power_W=116.220721,max_power_W=154.000000,avg_time_s=1.320832,released_listeners=1,
end_task=,name=trsm,elapsed_seconds=0.832804,predicted_seconds=0.569669,time_percent_error=31.596229,nthreads=1,end_time=108264.988036,avg_power_W=115.934498,max_power_W=154.000000,avg_time_s=0.832804,released_listeners=3,
start_task=,name=gemm,tick=30,start_time=108264.988058,nthreads=1,
start_task=,name=syrk,tick=30,start_time=108264.988074,nthreads=1,
message=tick stats,tick=30,estimated_current_power=60.483333,
end_task=,name=trsm,elapsed_seconds=0.949846,predicted_seconds=0.569669,time_percent_error=40.025099,nthreads=1,end_time=108265.088256,avg_power_W=115.874459,max_power_W=154.000000,avg_time_s=0.949846,released_listeners=3,
start_task=,name=gemm,tick=31,start_time=108265.088281,nthreads=1,
message=tick stats,tick=31,estimated_current_power=59.300000,
end_task=,name=syrk,elapsed_seconds=1.295145,predicted_seconds=0.782142,time_percent_error=39.609702,nthreads=2,end_time=108265.888057,avg_power_W=115.542510,max_power_W=154.000000,avg_time_s=1.295145,released_listeners=1,
start_task=,name=gemm,tick=32,start_time=108265.888110,nthreads=1,
start_task=,name=syrk,tick=32,start_time=108265.888145,nthreads=1,
message=tick stats,tick=32,estimated_current_power=73.750000,
end_task=,name=syrk,elapsed_seconds=1.309350,predicted_seconds=0.833912,time_percent_error=36.310999,nthreads=1,end_time=108266.297869,avg_power_W=115.576471,max_power_W=154.000000,avg_time_s=1.309350,released_listeners=1,
start_task=,name=potrf,tick=33,start_time=108266.297897,nthreads=1,
message=tick stats,tick=33,estimated_current_power=83.550000,
end_task=,name=gemm,elapsed_seconds=1.606766,predicted_seconds=0.957383,time_percent_error=40.415567,nthreads=1,end_time=108266.595640,avg_power_W=115.551724,max_power_W=154.000000,avg_time_s=1.606766,released_listeners=1,
end_task=,name=potrf,elapsed_seconds=0.519882,predicted_seconds=0.371487,time_percent_error=28.544090,nthreads=1,end_time=108266.818377,avg_power_W=115.528302,max_power_W=154.000000,avg_time_s=0.519882,released_listeners=2,
start_task=,name=trsm,tick=34,start_time=108266.818399,nthreads=2,
message=tick stats,tick=34,estimated_current_power=59.900000,
end_task=,name=gemm,elapsed_seconds=1.875006,predicted_seconds=0.957383,time_percent_error=48.939773,nthreads=1,end_time=108266.964757,avg_power_W=115.492537,max_power_W=154.000000,avg_time_s=1.875006,released_listeners=1,
start_task=,name=trsm,tick=35,start_time=108266.964783,nthreads=1,
message=tick stats,tick=35,estimated_current_power=61.083333,
end_task=,name=syrk,elapsed_seconds=1.304419,predicted_seconds=0.833912,time_percent_error=36.070242,nthreads=1,end_time=108267.193463,avg_power_W=115.505495,max_power_W=154.000000,avg_time_s=1.304419,released_listeners=1,
end_task=,name=trsm,elapsed_seconds=0.428045,predicted_seconds=0.292970,time_percent_error=31.556340,nthreads=2,end_time=108267.247071,avg_power_W=115.503650,max_power_W=154.000000,avg_time_s=0.428045,released_listeners=2,
start_task=,name=syrk,tick=36,start_time=108267.247090,nthreads=3,
message=tick stats,tick=36,estimated_current_power=48.516667,
end_task=,name=gemm,elapsed_seconds=1.612162,predicted_seconds=0.957383,time_percent_error=40.615008,nthreads=1,end_time=108267.501314,avg_power_W=115.444444,max_power_W=154.000000,avg_time_s=1.612162,released_listeners=0,
end_task=,name=trsm,elapsed_seconds=0.819890,predicted_seconds=0.569669,time_percent_error=30.518760,nthreads=1,end_time=108267.788471,avg_power_W=115.347368,max_power_W=154.000000,avg_time_s=0.819890,released_listeners=2,
start_task=,name=gemm,tick=37,start_time=108267.788516,nthreads=1,
start_task=,name=syrk,tick=37,start_time=108267.788543,nthreads=1,
message=tick stats,tick=37,estimated_current_power=46.583333,
end_task=,name=syrk,elapsed_seconds=1.439511,predicted_seconds=0.764859,time_percent_error=46.866749,nthreads=3,end_time=108268.688650,avg_power_W=115.141914,max_power_W=154.000000,avg_time_s=1.439511,released_listeners=1,
start_task=,name=potrf,tick=38,start_time=108268.688688,nthreads=3,
message=tick stats,tick=38,estimated_current_power=53.450000,
end_task=,name=syrk,elapsed_seconds=1.301382,predicted_seconds=0.833912,time_percent_error=35.921024,nthreads=1,end_time=108269.090804,avg_power_W=115.045016,max_power_W=154.000000,avg_time_s=1.301382,released_listeners=1,
end_task=,name=potrf,elapsed_seconds=0.577316,predicted_seconds=0.308452,time_percent_error=46.571338,nthreads=3,end_time=108269.266800,avg_power_W=115.000000,max_power_W=154.000000,avg_time_s=0.577316,released_listeners=1,
end_task=,name=gemm,elapsed_seconds=1.632377,predicted_seconds=0.957383,time_percent_error=41.350394,nthreads=1,end_time=108269.437559,avg_power_W=114.946541,max_power_W=154.000000,avg_time_s=1.632377,released_listeners=1,
start_task=,name=trsm,tick=39,start_time=108269.437601,nthreads=5,
message=tick stats,tick=39,estimated_current_power=22.833333,
end_task=,name=trsm,elapsed_seconds=0.201037,predicted_seconds=0.135833,time_percent_error=32.433573,nthreads=5,end_time=108269.639483,avg_power_W=114.919255,max_power_W=154.000000,avg_time_s=0.201037,released_listeners=1,
start_task=,name=syrk,tick=40,start_time=108269.639524,nthreads=5,
message=tick stats,tick=40,estimated_current_power=19.166667,
end_task=,name=syrk,elapsed_seconds=0.460669,predicted_seconds=0.269296,time_percent_error=41.542323,nthreads=5,end_time=108270.101188,avg_power_W=114.767372,max_power_W=154.000000,avg_time_s=0.460669,released_listeners=1,
start_task=,name=potrf,tick=41,start_time=108270.101227,nthreads=5,
message=tick stats,tick=41,estimated_current_power=24.266667,
end_task=,name=potrf,elapsed_seconds=0.299527,predicted_seconds=0.193483,time_percent_error=35.403846,nthreads=5,end_time=108270.402495,avg_power_W=114.626113,max_power_W=154.000000,avg_time_s=0.299527,released_listeners=0,
est_max_power=83.550000,
average_power_W=114.626113,
max_power_W=154.000000,
time_s=16.881695,
message=ALL DONE,
