message=cataloging configuration,max_threads=41,power_limit=inf,
start_task=,name=start,tick=1,start_time=1718558.263256,nthreads=1,
message=tick stats,tick=1,estimated_current_power=0.000000,
end_task=,name=start,elapsed_seconds=0.010635,predicted_seconds=0.000000,time_percent_error=100.000000,nthreads=1,end_time=1718558.275531,avg_power_W=-nan,max_power_W=0.000000,avg_time_s=0.010635,released_listeners=6,
start_task=,name=spmv,tick=2,start_time=1718558.283325,nthreads=7,
start_task=,name=spmv,tick=2,start_time=1718558.283343,nthreads=7,
start_task=,name=spmv,tick=2,start_time=1718558.283355,nthreads=7,
start_task=,name=spmv,tick=2,start_time=1718558.283411,nthreads=7,
start_task=,name=spmv,tick=2,start_time=1718558.283940,nthreads=7,
start_task=,name=spmv,tick=2,start_time=1718558.284116,nthreads=5,
message=tick stats,tick=2,estimated_current_power=98.912500,
end_task=,name=spmv,elapsed_seconds=0.393823,predicted_seconds=0.052224,time_percent_error=86.739252,nthreads=7,end_time=1718558.677842,avg_power_W=126.875000,max_power_W=142.000000,avg_time_s=0.393823,released_listeners=1,
start_task=,name=subtract,tick=3,start_time=1718558.677967,nthreads=8,
message=tick stats,tick=3,estimated_current_power=108.787500,
end_task=,name=spmv,elapsed_seconds=0.400463,predicted_seconds=0.052224,time_percent_error=86.959115,nthreads=7,end_time=1718558.685543,avg_power_W=126.875000,max_power_W=142.000000,avg_time_s=0.400463,released_listeners=1,
start_task=,name=subtract,tick=4,start_time=1718558.685675,nthreads=7,
message=tick stats,tick=4,estimated_current_power=116.037500,
end_task=,name=spmv,elapsed_seconds=0.409087,predicted_seconds=0.052224,time_percent_error=87.234018,nthreads=7,end_time=1718558.692856,avg_power_W=126.875000,max_power_W=142.000000,avg_time_s=0.409087,released_listeners=1,
start_task=,name=subtract,tick=5,start_time=1718558.692988,nthreads=7,
message=tick stats,tick=5,estimated_current_power=123.287500,
end_task=,name=spmv,elapsed_seconds=0.416900,predicted_seconds=0.052224,time_percent_error=87.473270,nthreads=7,end_time=1718558.701979,avg_power_W=126.875000,max_power_W=142.000000,avg_time_s=0.416900,released_listeners=1,
start_task=,name=subtract,tick=6,start_time=1718558.702144,nthreads=7,
message=tick stats,tick=6,estimated_current_power=130.537500,
end_task=,name=spmv,elapsed_seconds=0.425847,predicted_seconds=0.052224,time_percent_error=87.736452,nthreads=7,end_time=1718558.710472,avg_power_W=126.875000,max_power_W=142.000000,avg_time_s=0.425847,released_listeners=1,
start_task=,name=subtract,tick=7,start_time=1718558.710640,nthreads=7,
message=tick stats,tick=7,estimated_current_power=137.787500,
end_task=,name=spmv,elapsed_seconds=0.497056,predicted_seconds=0.075844,time_percent_error=84.741419,nthreads=5,end_time=1718558.781688,avg_power_W=129.900000,max_power_W=143.000000,avg_time_s=0.497056,released_listeners=1,
start_task=,name=subtract,tick=8,start_time=1718558.781821,nthreads=5,
message=tick stats,tick=8,estimated_current_power=144.475000,
end_task=,name=subtract,elapsed_seconds=0.251463,predicted_seconds=0.000832,time_percent_error=99.669087,nthreads=8,end_time=1718558.929931,avg_power_W=131.076923,max_power_W=143.000000,avg_time_s=0.251463,released_listeners=2,
start_task=,name=copy,tick=9,start_time=1718558.930195,nthreads=7,
start_task=,name=dot,tick=9,start_time=1718558.930219,nthreads=1,
message=tick stats,tick=9,estimated_current_power=153.408333,
end_task=,name=subtract,elapsed_seconds=0.236794,predicted_seconds=0.000903,time_percent_error=99.618709,nthreads=7,end_time=1718558.930245,avg_power_W=131.076923,max_power_W=143.000000,avg_time_s=0.236794,released_listeners=2,
start_task=,name=copy,tick=10,start_time=1718558.930502,nthreads=4,
start_task=,name=dot,tick=10,start_time=1718558.930522,nthreads=1,
message=tick stats,tick=10,estimated_current_power=163.341667,
end_task=,name=subtract,elapsed_seconds=0.244439,predicted_seconds=0.000903,time_percent_error=99.630634,nthreads=7,end_time=1718558.940093,avg_power_W=131.076923,max_power_W=143.000000,avg_time_s=0.244439,released_listeners=2,
start_task=,name=copy,tick=11,start_time=1718558.940307,nthreads=8,
start_task=,name=dot,tick=11,start_time=1718558.940329,nthreads=1,
message=tick stats,tick=11,estimated_current_power=177.775000,
end_task=,name=subtract,elapsed_seconds=0.151434,predicted_seconds=0.001089,time_percent_error=99.280709,nthreads=5,end_time=1718558.953538,avg_power_W=131.076923,max_power_W=143.000000,avg_time_s=0.151434,released_listeners=2,
start_task=,name=copy,tick=12,start_time=1718558.953800,nthreads=4,
start_task=,name=dot,tick=12,start_time=1718558.953821,nthreads=1,
message=tick stats,tick=12,estimated_current_power=189.708333,
end_task=,name=subtract,elapsed_seconds=0.221479,predicted_seconds=0.000903,time_percent_error=99.592343,nthreads=7,end_time=1718558.953843,avg_power_W=131.076923,max_power_W=143.000000,avg_time_s=0.221479,released_listeners=2,
start_task=,name=copy,tick=13,start_time=1718558.954100,nthreads=4,
start_task=,name=dot,tick=13,start_time=1718558.954122,nthreads=1,
message=tick stats,tick=13,estimated_current_power=199.641667,
end_task=,name=dot,elapsed_seconds=0.026078,predicted_seconds=0.001742,time_percent_error=93.318511,nthreads=1,end_time=1718558.980834,avg_power_W=131.214286,max_power_W=143.000000,avg_time_s=0.026078,released_listeners=1,
end_task=,name=subtract,elapsed_seconds=0.228805,predicted_seconds=0.000903,time_percent_error=99.605395,nthreads=7,end_time=1718558.980868,avg_power_W=131.214286,max_power_W=143.000000,avg_time_s=0.228805,released_listeners=2,
end_task=,name=copy,elapsed_seconds=0.020699,predicted_seconds=0.000688,time_percent_error=96.673778,nthreads=7,end_time=1718558.980892,avg_power_W=131.214286,max_power_W=143.000000,avg_time_s=0.020699,released_listeners=1,
end_task=,name=dot,elapsed_seconds=0.028480,predicted_seconds=0.001742,time_percent_error=93.881878,nthreads=1,end_time=1718558.980915,avg_power_W=131.214286,max_power_W=143.000000,avg_time_s=0.028480,released_listeners=1,
end_task=,name=copy,elapsed_seconds=0.031660,predicted_seconds=0.000920,time_percent_error=97.093715,nthreads=4,end_time=1718558.980942,avg_power_W=131.214286,max_power_W=143.000000,avg_time_s=0.031660,released_listeners=1,
end_task=,name=dot,elapsed_seconds=0.031395,predicted_seconds=0.001742,time_percent_error=94.450013,nthreads=1,end_time=1718558.980965,avg_power_W=131.214286,max_power_W=143.000000,avg_time_s=0.031395,released_listeners=1,
end_task=,name=copy,elapsed_seconds=0.020876,predicted_seconds=0.000620,time_percent_error=97.032465,nthreads=8,end_time=1718558.980987,avg_power_W=131.214286,max_power_W=143.000000,avg_time_s=0.020876,released_listeners=1,
end_task=,name=dot,elapsed_seconds=0.034867,predicted_seconds=0.001742,time_percent_error=95.002641,nthreads=1,end_time=1718558.981012,avg_power_W=131.214286,max_power_W=143.000000,avg_time_s=0.034867,released_listeners=1,
start_task=,name=copy,tick=14,start_time=1718558.983530,nthreads=1,
start_task=,name=dot,tick=14,start_time=1718558.983550,nthreads=1,
start_task=,name=spmv,tick=14,start_time=1718558.983566,nthreads=11,
start_task=,name=spmv,tick=14,start_time=1718558.983580,nthreads=9,
start_task=,name=spmv,tick=14,start_time=1718558.983612,nthreads=9,
message=tick stats,tick=14,estimated_current_power=142.029167,
end_task=,name=copy,elapsed_seconds=0.028983,predicted_seconds=0.000920,time_percent_error=96.825272,nthreads=4,end_time=1718558.983643,avg_power_W=131.214286,max_power_W=143.000000,avg_time_s=0.028983,released_listeners=1,
start_task=,name=spmv,tick=15,start_time=1718558.983762,nthreads=5,
message=tick stats,tick=15,estimated_current_power=136.466667,
end_task=,name=copy,elapsed_seconds=0.027008,predicted_seconds=0.000920,time_percent_error=96.593076,nthreads=4,end_time=1718559.000604,avg_power_W=131.214286,max_power_W=143.000000,avg_time_s=0.027008,released_listeners=1,
end_task=,name=dot,elapsed_seconds=0.028428,predicted_seconds=0.001742,time_percent_error=93.870769,nthreads=1,end_time=1718559.000630,avg_power_W=131.214286,max_power_W=143.000000,avg_time_s=0.028428,released_listeners=1,
start_task=,name=spmv,tick=16,start_time=1718559.000765,nthreads=5,
message=tick stats,tick=16,estimated_current_power=117.845833,
end_task=,name=dot,elapsed_seconds=0.020938,predicted_seconds=0.001742,time_percent_error=91.678133,nthreads=1,end_time=1718559.010689,avg_power_W=131.214286,max_power_W=143.000000,avg_time_s=0.020938,released_listeners=1,
start_task=,name=sum_contribs,tick=17,start_time=1718559.010715,nthreads=1,
message=tick stats,tick=17,estimated_current_power=104.787500,
end_task=,name=copy,elapsed_seconds=0.042480,predicted_seconds=0.002740,time_percent_error=93.549909,nthreads=1,end_time=1718559.032602,avg_power_W=131.733333,max_power_W=143.000000,avg_time_s=0.042480,released_listeners=1,
end_task=,name=sum_contribs,elapsed_seconds=0.006243,predicted_seconds=0.000000,time_percent_error=100.000000,nthreads=1,end_time=1718559.032655,avg_power_W=131.733333,max_power_W=143.000000,avg_time_s=0.006243,released_listeners=1,
start_task=,name=spmv,tick=18,start_time=1718559.032919,nthreads=1,
message=tick stats,tick=18,estimated_current_power=99.350000,
end_task=,name=spmv,elapsed_seconds=0.078853,predicted_seconds=0.032900,time_percent_error=58.276874,nthreads=11,end_time=1718559.062976,avg_power_W=131.733333,max_power_W=143.000000,avg_time_s=0.078853,released_listeners=1,
start_task=,name=dot,tick=19,start_time=1718559.063061,nthreads=12,
message=tick stats,tick=19,estimated_current_power=103.620833,
end_task=,name=spmv,elapsed_seconds=0.092010,predicted_seconds=0.038352,time_percent_error=58.317189,nthreads=9,end_time=1718559.082810,avg_power_W=132.187500,max_power_W=143.000000,avg_time_s=0.092010,released_listeners=1,
end_task=,name=dot,elapsed_seconds=0.007482,predicted_seconds=0.000342,time_percent_error=95.428871,nthreads=12,end_time=1718559.082848,avg_power_W=132.187500,max_power_W=143.000000,avg_time_s=0.007482,released_listeners=1,
start_task=,name=dot,tick=20,start_time=1718559.082923,nthreads=19,
message=tick stats,tick=20,estimated_current_power=85.875000,
end_task=,name=spmv,elapsed_seconds=0.102582,predicted_seconds=0.038352,time_percent_error=62.612975,nthreads=9,end_time=1718559.089295,avg_power_W=132.187500,max_power_W=143.000000,avg_time_s=0.102582,released_listeners=1,
start_task=,name=dot,tick=21,start_time=1718559.089375,nthreads=9,
message=tick stats,tick=21,estimated_current_power=89.270833,
end_task=,name=dot,elapsed_seconds=0.009405,predicted_seconds=0.000231,time_percent_error=97.546980,nthreads=19,end_time=1718559.094561,avg_power_W=132.187500,max_power_W=143.000000,avg_time_s=0.009405,released_listeners=1,
end_task=,name=dot,elapsed_seconds=0.009286,predicted_seconds=0.000455,time_percent_error=95.102350,nthreads=9,end_time=1718559.099049,avg_power_W=132.187500,max_power_W=143.000000,avg_time_s=0.009286,released_listeners=1,
end_task=,name=spmv,elapsed_seconds=0.136600,predicted_seconds=0.075844,time_percent_error=44.477575,nthreads=5,end_time=1718559.138440,avg_power_W=133.176471,max_power_W=149.000000,avg_time_s=0.136600,released_listeners=1,
start_task=,name=dot,tick=22,start_time=1718559.138515,nthreads=34,
message=tick stats,tick=22,estimated_current_power=61.300000,
end_task=,name=dot,elapsed_seconds=0.007509,predicted_seconds=0.000133,time_percent_error=98.222233,nthreads=34,end_time=1718559.146648,avg_power_W=133.176471,max_power_W=149.000000,avg_time_s=0.007509,released_listeners=1,
end_task=,name=spmv,elapsed_seconds=0.182856,predicted_seconds=0.075844,time_percent_error=58.522863,nthreads=5,end_time=1718559.178158,avg_power_W=133.833333,max_power_W=149.000000,avg_time_s=0.182856,released_listeners=1,
start_task=,name=dot,tick=23,start_time=1718559.178226,nthreads=40,
message=tick stats,tick=23,estimated_current_power=51.095833,
end_task=,name=dot,elapsed_seconds=0.005936,predicted_seconds=0.000128,time_percent_error=97.849877,nthreads=40,end_time=1718559.185836,avg_power_W=133.833333,max_power_W=149.000000,avg_time_s=0.005936,released_listeners=1,
end_task=,name=spmv,elapsed_seconds=0.908223,predicted_seconds=0.397475,time_percent_error=56.235947,nthreads=1,end_time=1718559.942605,avg_power_W=128.000000,max_power_W=149.000000,avg_time_s=0.908223,released_listeners=1,
start_task=,name=dot,tick=24,start_time=1718559.942674,nthreads=41,
message=tick stats,tick=24,estimated_current_power=42.725000,
end_task=,name=dot,elapsed_seconds=0.010131,predicted_seconds=0.000125,time_percent_error=98.766108,nthreads=41,end_time=1718559.953625,avg_power_W=128.000000,max_power_W=149.000000,avg_time_s=0.010131,released_listeners=1,
start_task=,name=sum_contribs,tick=25,start_time=1718559.953661,nthreads=1,
message=tick stats,tick=25,estimated_current_power=0.000000,
end_task=,name=sum_contribs,elapsed_seconds=0.008141,predicted_seconds=0.000000,time_percent_error=100.000000,nthreads=1,end_time=1718559.962457,avg_power_W=128.000000,max_power_W=149.000000,avg_time_s=0.008141,released_listeners=1,
start_task=,name=comp_alpha,tick=26,start_time=1718559.962472,nthreads=1,
message=tick stats,tick=26,estimated_current_power=0.000000,
end_task=,name=comp_alpha,elapsed_seconds=0.004147,predicted_seconds=0.000000,time_percent_error=100.000000,nthreads=1,end_time=1718559.979113,avg_power_W=127.441176,max_power_W=149.000000,avg_time_s=0.004147,released_listeners=12,
start_task=,name=axpy,tick=27,start_time=1718559.979370,nthreads=1,
start_task=,name=axpy,tick=27,start_time=1718559.979402,nthreads=1,
start_task=,name=axpy,tick=27,start_time=1718559.979423,nthreads=1,
start_task=,name=axpy,tick=27,start_time=1718559.979445,nthreads=1,
start_task=,name=axpy,tick=27,start_time=1718559.979498,nthreads=1,
start_task=,name=axpy,tick=27,start_time=1718559.979557,nthreads=1,
start_task=,name=axpy,tick=27,start_time=1718559.979644,nthreads=1,
start_task=,name=axpy,tick=27,start_time=1718559.979978,nthreads=1,
start_task=,name=axpy,tick=27,start_time=1718559.980022,nthreads=1,
start_task=,name=axpy,tick=27,start_time=1718559.980066,nthreads=1,
start_task=,name=axpy,tick=27,start_time=1718559.980105,nthreads=1,
start_task=,name=axpy,tick=27,start_time=1718559.980287,nthreads=1,
message=tick stats,tick=27,estimated_current_power=114.450000,
end_task=,name=axpy,elapsed_seconds=0.034373,predicted_seconds=0.003176,time_percent_error=90.760831,nthreads=1,end_time=1718560.028860,avg_power_W=127.171429,max_power_W=149.000000,avg_time_s=0.034373,released_listeners=0,
end_task=,name=axpy,elapsed_seconds=0.034886,predicted_seconds=0.003176,time_percent_error=90.896763,nthreads=1,end_time=1718560.028925,avg_power_W=127.171429,max_power_W=149.000000,avg_time_s=0.034886,released_listeners=1,
end_task=,name=axpy,elapsed_seconds=0.039373,predicted_seconds=0.003176,time_percent_error=91.934281,nthreads=1,end_time=1718560.028963,avg_power_W=127.171429,max_power_W=149.000000,avg_time_s=0.039373,released_listeners=0,
end_task=,name=axpy,elapsed_seconds=0.038532,predicted_seconds=0.003176,time_percent_error=91.758065,nthreads=1,end_time=1718560.028993,avg_power_W=127.171429,max_power_W=149.000000,avg_time_s=0.038532,released_listeners=1,
end_task=,name=axpy,elapsed_seconds=0.046721,predicted_seconds=0.003176,time_percent_error=93.202680,nthreads=1,end_time=1718560.029024,avg_power_W=127.171429,max_power_W=149.000000,avg_time_s=0.046721,released_listeners=0,
end_task=,name=axpy,elapsed_seconds=0.041443,predicted_seconds=0.003176,time_percent_error=92.336991,nthreads=1,end_time=1718560.029075,avg_power_W=127.171429,max_power_W=149.000000,avg_time_s=0.041443,released_listeners=1,
end_task=,name=axpy,elapsed_seconds=0.042170,predicted_seconds=0.003176,time_percent_error=92.469145,nthreads=1,end_time=1718560.029123,avg_power_W=127.171429,max_power_W=149.000000,avg_time_s=0.042170,released_listeners=0,
end_task=,name=axpy,elapsed_seconds=0.044002,predicted_seconds=0.003176,time_percent_error=92.782652,nthreads=1,end_time=1718560.029205,avg_power_W=127.171429,max_power_W=149.000000,avg_time_s=0.044002,released_listeners=1,
end_task=,name=axpy,elapsed_seconds=0.039877,predicted_seconds=0.003176,time_percent_error=92.036210,nthreads=1,end_time=1718560.029241,avg_power_W=127.171429,max_power_W=149.000000,avg_time_s=0.039877,released_listeners=0,
start_task=,name=dot,tick=28,start_time=1718560.029396,nthreads=9,
start_task=,name=dot,tick=28,start_time=1718560.029436,nthreads=9,
start_task=,name=dot,tick=28,start_time=1718560.029461,nthreads=9,
start_task=,name=dot,tick=28,start_time=1718560.029497,nthreads=9,
message=tick stats,tick=28,estimated_current_power=121.345833,
end_task=,name=axpy,elapsed_seconds=0.048878,predicted_seconds=0.003176,time_percent_error=93.502688,nthreads=1,end_time=1718560.029572,avg_power_W=127.171429,max_power_W=149.000000,avg_time_s=0.048878,released_listeners=1,
start_task=,name=dot,tick=29,start_time=1718560.029600,nthreads=2,
message=tick stats,tick=29,estimated_current_power=126.241667,
end_task=,name=axpy,elapsed_seconds=0.049395,predicted_seconds=0.003176,time_percent_error=93.570678,nthreads=1,end_time=1718560.044538,avg_power_W=127.171429,max_power_W=149.000000,avg_time_s=0.049395,released_listeners=0,
end_task=,name=axpy,elapsed_seconds=0.051869,predicted_seconds=0.003176,time_percent_error=93.877336,nthreads=1,end_time=1718560.045312,avg_power_W=127.171429,max_power_W=149.000000,avg_time_s=0.051869,released_listeners=1,
start_task=,name=dot,tick=30,start_time=1718560.045349,nthreads=2,
message=tick stats,tick=30,estimated_current_power=121.600000,
end_task=,name=dot,elapsed_seconds=0.024282,predicted_seconds=0.001053,time_percent_error=95.663712,nthreads=2,end_time=1718560.054204,avg_power_W=127.171429,max_power_W=149.000000,avg_time_s=0.024282,released_listeners=1,
end_task=,name=dot,elapsed_seconds=0.021686,predicted_seconds=0.000455,time_percent_error=97.902834,nthreads=9,end_time=1718560.054238,avg_power_W=127.171429,max_power_W=149.000000,avg_time_s=0.021686,released_listeners=1,
end_task=,name=dot,elapsed_seconds=0.023156,predicted_seconds=0.000455,time_percent_error=98.035992,nthreads=9,end_time=1718560.054304,avg_power_W=127.171429,max_power_W=149.000000,avg_time_s=0.023156,released_listeners=1,
end_task=,name=dot,elapsed_seconds=0.018345,predicted_seconds=0.000455,time_percent_error=97.520872,nthreads=9,end_time=1718560.054349,avg_power_W=127.171429,max_power_W=149.000000,avg_time_s=0.018345,released_listeners=1,
end_task=,name=dot,elapsed_seconds=0.023396,predicted_seconds=0.000455,time_percent_error=98.056074,nthreads=9,end_time=1718560.054700,avg_power_W=127.171429,max_power_W=149.000000,avg_time_s=0.023396,released_listeners=1,
end_task=,name=dot,elapsed_seconds=0.014217,predicted_seconds=0.001053,time_percent_error=92.593657,nthreads=2,end_time=1718560.060107,avg_power_W=127.171429,max_power_W=149.000000,avg_time_s=0.014217,released_listeners=1,
start_task=,name=sum_contribs,tick=31,start_time=1718560.060143,nthreads=1,
message=tick stats,tick=31,estimated_current_power=0.000000,
end_task=,name=sum_contribs,elapsed_seconds=0.006039,predicted_seconds=0.000000,time_percent_error=100.000000,nthreads=1,end_time=1718560.077861,avg_power_W=127.305556,max_power_W=149.000000,avg_time_s=0.006039,released_listeners=2,
start_task=,name=comp_beta,tick=32,start_time=1718560.077892,nthreads=1,
start_task=,name=assign,tick=32,start_time=1718560.077919,nthreads=1,
message=tick stats,tick=32,estimated_current_power=0.000000,
end_task=,name=comp_beta,elapsed_seconds=0.004270,predicted_seconds=0.000000,time_percent_error=100.000000,nthreads=1,end_time=1718560.084528,avg_power_W=127.305556,max_power_W=149.000000,avg_time_s=0.004270,released_listeners=6,
start_task=,name=xapy,tick=33,start_time=1718560.084560,nthreads=7,
start_task=,name=xapy,tick=33,start_time=1718560.084573,nthreads=7,
start_task=,name=xapy,tick=33,start_time=1718560.084586,nthreads=7,
start_task=,name=xapy,tick=33,start_time=1718560.084609,nthreads=7,
start_task=,name=xapy,tick=33,start_time=1718560.084878,nthreads=7,
start_task=,name=xapy,tick=33,start_time=1718560.084913,nthreads=1,
message=tick stats,tick=33,estimated_current_power=112.850000,
end_task=,name=assign,elapsed_seconds=0.006773,predicted_seconds=0.000000,time_percent_error=100.000000,nthreads=1,end_time=1718560.101270,avg_power_W=127.305556,max_power_W=149.000000,avg_time_s=0.006773,released_listeners=0,
end_task=,name=xapy,elapsed_seconds=0.023848,predicted_seconds=0.004101,time_percent_error=82.802240,nthreads=7,end_time=1718560.110591,avg_power_W=127.305556,max_power_W=149.000000,avg_time_s=0.023848,released_listeners=0,
end_task=,name=xapy,elapsed_seconds=0.023685,predicted_seconds=0.004101,time_percent_error=82.684251,nthreads=7,end_time=1718560.110633,avg_power_W=127.305556,max_power_W=149.000000,avg_time_s=0.023685,released_listeners=0,
end_task=,name=xapy,elapsed_seconds=0.024269,predicted_seconds=0.004101,time_percent_error=83.100779,nthreads=7,end_time=1718560.110811,avg_power_W=127.305556,max_power_W=149.000000,avg_time_s=0.024269,released_listeners=0,
end_task=,name=xapy,elapsed_seconds=0.024696,predicted_seconds=0.004101,time_percent_error=83.393356,nthreads=7,end_time=1718560.110841,avg_power_W=127.305556,max_power_W=149.000000,avg_time_s=0.024696,released_listeners=0,
end_task=,name=xapy,elapsed_seconds=0.025234,predicted_seconds=0.004101,time_percent_error=83.747251,nthreads=7,end_time=1718560.110889,avg_power_W=127.305556,max_power_W=149.000000,avg_time_s=0.025234,released_listeners=0,
end_task=,name=xapy,elapsed_seconds=0.035548,predicted_seconds=0.004662,time_percent_error=86.884084,nthreads=1,end_time=1718560.129515,avg_power_W=127.594595,max_power_W=149.000000,avg_time_s=0.035548,released_listeners=0,
est_max_power=199.641667,
average_power_W=127.594595,
max_power_W=149.000000,
time_s=1.866301,
message=ALL DONE,
