message=cataloging configuration,max_threads=84,power_limit=inf,
start_task=,name=start,tick=1,start_time=1738140.272788,nthreads=1,
message=tick stats,tick=1,estimated_current_power=0.000000,
end_task=,name=start,elapsed_seconds=0.010699,predicted_seconds=0.000000,time_percent_error=100.000000,nthreads=1,end_time=1738140.285003,avg_power_W=-nan,max_power_W=0.000000,avg_time_s=0.010699,released_listeners=6,
start_task=,name=spmv,tick=2,start_time=1738140.285026,nthreads=14,
start_task=,name=spmv,tick=2,start_time=1738140.285041,nthreads=14,
start_task=,name=spmv,tick=2,start_time=1738140.285054,nthreads=14,
start_task=,name=spmv,tick=2,start_time=1738140.285091,nthreads=14,
start_task=,name=spmv,tick=2,start_time=1738140.285120,nthreads=14,
start_task=,name=spmv,tick=2,start_time=1738140.285299,nthreads=14,
message=tick stats,tick=2,estimated_current_power=140.100000,
end_task=,name=spmv,elapsed_seconds=0.490580,predicted_seconds=0.029721,time_percent_error=93.941736,nthreads=14,end_time=1738140.786437,avg_power_W=125.700000,max_power_W=139.000000,avg_time_s=0.490580,released_listeners=1,
end_task=,name=spmv,elapsed_seconds=0.490328,predicted_seconds=0.029721,time_percent_error=93.938626,nthreads=14,end_time=1738140.786524,avg_power_W=125.700000,max_power_W=139.000000,avg_time_s=0.490328,released_listeners=1,
start_task=,name=subtract,tick=3,start_time=1738140.786573,nthreads=14,
start_task=,name=subtract,tick=3,start_time=1738140.786613,nthreads=14,
message=tick stats,tick=3,estimated_current_power=155.100000,
end_task=,name=spmv,elapsed_seconds=0.503687,predicted_seconds=0.029721,time_percent_error=94.099391,nthreads=14,end_time=1738140.812953,avg_power_W=125.700000,max_power_W=139.000000,avg_time_s=0.503687,released_listeners=1,
start_task=,name=subtract,tick=4,start_time=1738140.812973,nthreads=14,
message=tick stats,tick=4,estimated_current_power=162.600000,
end_task=,name=spmv,elapsed_seconds=0.539109,predicted_seconds=0.029721,time_percent_error=94.487088,nthreads=14,end_time=1738140.837068,avg_power_W=127.363636,max_power_W=144.000000,avg_time_s=0.539109,released_listeners=1,
start_task=,name=subtract,tick=5,start_time=1738140.837099,nthreads=14,
message=tick stats,tick=5,estimated_current_power=170.100000,
end_task=,name=spmv,elapsed_seconds=0.576461,predicted_seconds=0.029721,time_percent_error=94.844298,nthreads=14,end_time=1738140.861929,avg_power_W=127.363636,max_power_W=144.000000,avg_time_s=0.576461,released_listeners=1,
start_task=,name=subtract,tick=6,start_time=1738140.861955,nthreads=14,
message=tick stats,tick=6,estimated_current_power=177.600000,
end_task=,name=subtract,elapsed_seconds=0.090515,predicted_seconds=0.000652,time_percent_error=99.279817,nthreads=14,end_time=1738140.886672,avg_power_W=129.083333,max_power_W=148.000000,avg_time_s=0.090515,released_listeners=2,
end_task=,name=subtract,elapsed_seconds=0.090635,predicted_seconds=0.000652,time_percent_error=99.280769,nthreads=14,end_time=1738140.886724,avg_power_W=129.083333,max_power_W=148.000000,avg_time_s=0.090635,released_listeners=2,
end_task=,name=subtract,elapsed_seconds=0.064141,predicted_seconds=0.000652,time_percent_error=98.983690,nthreads=14,end_time=1738140.886763,avg_power_W=129.083333,max_power_W=148.000000,avg_time_s=0.064141,released_listeners=2,
end_task=,name=subtract,elapsed_seconds=0.040836,predicted_seconds=0.000652,time_percent_error=98.403687,nthreads=14,end_time=1738140.886794,avg_power_W=129.083333,max_power_W=148.000000,avg_time_s=0.040836,released_listeners=2,
start_task=,name=copy,tick=7,start_time=1738140.886822,nthreads=7,
start_task=,name=dot,tick=7,start_time=1738140.886849,nthreads=7,
start_task=,name=copy,tick=7,start_time=1738140.886876,nthreads=7,
start_task=,name=dot,tick=7,start_time=1738140.886913,nthreads=7,
start_task=,name=copy,tick=7,start_time=1738140.886967,nthreads=7,
start_task=,name=dot,tick=7,start_time=1738140.887041,nthreads=7,
start_task=,name=copy,tick=7,start_time=1738140.887110,nthreads=7,
start_task=,name=dot,tick=7,start_time=1738140.887200,nthreads=7,
message=tick stats,tick=7,estimated_current_power=225.666667,
end_task=,name=subtract,elapsed_seconds=0.030421,predicted_seconds=0.000652,time_percent_error=97.857131,nthreads=14,end_time=1738140.993818,avg_power_W=131.642857,max_power_W=149.000000,avg_time_s=0.030421,released_listeners=2,
start_task=,name=copy,tick=8,start_time=1738140.993849,nthreads=7,
start_task=,name=dot,tick=8,start_time=1738140.993869,nthreads=7,
message=tick stats,tick=8,estimated_current_power=237.683333,
end_task=,name=spmv,elapsed_seconds=0.615519,predicted_seconds=0.029721,time_percent_error=95.171456,nthreads=14,end_time=1738140.994021,avg_power_W=131.642857,max_power_W=149.000000,avg_time_s=0.615519,released_listeners=1,
start_task=,name=subtract,tick=9,start_time=1738140.994049,nthreads=14,
message=tick stats,tick=9,estimated_current_power=245.183333,
end_task=,name=copy,elapsed_seconds=0.121036,predicted_seconds=0.000688,time_percent_error=99.431163,nthreads=7,end_time=1738141.038061,avg_power_W=132.466667,max_power_W=149.000000,avg_time_s=0.121036,released_listeners=1,
end_task=,name=dot,elapsed_seconds=0.116463,predicted_seconds=0.000506,time_percent_error=99.565241,nthreads=7,end_time=1738141.038098,avg_power_W=132.466667,max_power_W=149.000000,avg_time_s=0.116463,released_listeners=1,
end_task=,name=copy,elapsed_seconds=0.117918,predicted_seconds=0.000688,time_percent_error=99.416118,nthreads=7,end_time=1738141.038136,avg_power_W=132.466667,max_power_W=149.000000,avg_time_s=0.117918,released_listeners=1,
end_task=,name=dot,elapsed_seconds=0.117834,predicted_seconds=0.000506,time_percent_error=99.570300,nthreads=7,end_time=1738141.038163,avg_power_W=132.466667,max_power_W=149.000000,avg_time_s=0.117834,released_listeners=1,
end_task=,name=copy,elapsed_seconds=0.121512,predicted_seconds=0.000688,time_percent_error=99.433390,nthreads=7,end_time=1738141.038188,avg_power_W=132.466667,max_power_W=149.000000,avg_time_s=0.121512,released_listeners=1,
end_task=,name=dot,elapsed_seconds=0.130782,predicted_seconds=0.000506,time_percent_error=99.612843,nthreads=7,end_time=1738141.038212,avg_power_W=132.466667,max_power_W=149.000000,avg_time_s=0.130782,released_listeners=1,
end_task=,name=dot,elapsed_seconds=0.038211,predicted_seconds=0.000506,time_percent_error=98.674888,nthreads=7,end_time=1738141.038236,avg_power_W=132.466667,max_power_W=149.000000,avg_time_s=0.038211,released_listeners=1,
start_task=,name=spmv,tick=10,start_time=1738141.038260,nthreads=17,
start_task=,name=spmv,tick=10,start_time=1738141.038281,nthreads=16,
start_task=,name=spmv,tick=10,start_time=1738141.038300,nthreads=16,
message=tick stats,tick=10,estimated_current_power=172.991667,
end_task=,name=copy,elapsed_seconds=0.118100,predicted_seconds=0.000688,time_percent_error=99.417019,nthreads=7,end_time=1738141.038321,avg_power_W=132.466667,max_power_W=149.000000,avg_time_s=0.118100,released_listeners=1,
end_task=,name=dot,elapsed_seconds=0.114297,predicted_seconds=0.000506,time_percent_error=99.557004,nthreads=7,end_time=1738141.038339,avg_power_W=132.466667,max_power_W=149.000000,avg_time_s=0.114297,released_listeners=1,
start_task=,name=spmv,tick=11,start_time=1738141.038359,nthreads=14,
message=tick stats,tick=11,estimated_current_power=153.475000,
end_task=,name=copy,elapsed_seconds=0.039241,predicted_seconds=0.000688,time_percent_error=98.245439,nthreads=7,end_time=1738141.086683,avg_power_W=133.437500,max_power_W=149.000000,avg_time_s=0.039241,released_listeners=1,
end_task=,name=subtract,elapsed_seconds=0.043591,predicted_seconds=0.000652,time_percent_error=98.504556,nthreads=14,end_time=1738141.086708,avg_power_W=133.437500,max_power_W=149.000000,avg_time_s=0.043591,released_listeners=2,
start_task=,name=spmv,tick=12,start_time=1738141.086731,nthreads=7,
start_task=,name=copy,tick=12,start_time=1738141.086750,nthreads=7,
start_task=,name=dot,tick=12,start_time=1738141.086767,nthreads=7,
message=tick stats,tick=12,estimated_current_power=159.741667,
end_task=,name=spmv,elapsed_seconds=0.078928,predicted_seconds=0.021978,time_percent_error=72.154815,nthreads=16,end_time=1738141.160063,avg_power_W=134.764706,max_power_W=156.000000,avg_time_s=0.078928,released_listeners=1,
start_task=,name=dot,tick=13,start_time=1738141.160106,nthreads=16,
message=tick stats,tick=13,estimated_current_power=161.491667,
end_task=,name=spmv,elapsed_seconds=0.078906,predicted_seconds=0.021414,time_percent_error=72.861132,nthreads=17,end_time=1738141.160187,avg_power_W=134.764706,max_power_W=156.000000,avg_time_s=0.078906,released_listeners=1,
end_task=,name=spmv,elapsed_seconds=0.079864,predicted_seconds=0.021978,time_percent_error=72.480867,nthreads=16,end_time=1738141.160215,avg_power_W=134.764706,max_power_W=156.000000,avg_time_s=0.079864,released_listeners=1,
start_task=,name=dot,tick=14,start_time=1738141.160238,nthreads=17,
start_task=,name=dot,tick=14,start_time=1738141.160258,nthreads=16,
message=tick stats,tick=14,estimated_current_power=164.783333,
end_task=,name=spmv,elapsed_seconds=0.106366,predicted_seconds=0.029721,time_percent_error=72.058207,nthreads=14,end_time=1738141.160377,avg_power_W=134.764706,max_power_W=156.000000,avg_time_s=0.106366,released_listeners=1,
start_task=,name=dot,tick=15,start_time=1738141.160397,nthreads=14,
message=tick stats,tick=15,estimated_current_power=168.200000,
end_task=,name=copy,elapsed_seconds=0.065516,predicted_seconds=0.000688,time_percent_error=98.949113,nthreads=7,end_time=1738141.192483,avg_power_W=136.000000,max_power_W=157.000000,avg_time_s=0.065516,released_listeners=1,
start_task=,name=spmv,tick=16,start_time=1738141.192504,nthreads=7,
message=tick stats,tick=16,estimated_current_power=162.450000,
end_task=,name=dot,elapsed_seconds=0.077091,predicted_seconds=0.000506,time_percent_error=99.343203,nthreads=7,end_time=1738141.203354,avg_power_W=136.000000,max_power_W=157.000000,avg_time_s=0.077091,released_listeners=1,
start_task=,name=sum_contribs,tick=17,start_time=1738141.203377,nthreads=1,
message=tick stats,tick=17,estimated_current_power=142.058333,
end_task=,name=dot,elapsed_seconds=0.036063,predicted_seconds=0.000272,time_percent_error=99.246574,nthreads=16,end_time=1738141.217563,avg_power_W=136.000000,max_power_W=157.000000,avg_time_s=0.036063,released_listeners=1,
end_task=,name=dot,elapsed_seconds=0.035418,predicted_seconds=0.000244,time_percent_error=99.310035,nthreads=17,end_time=1738141.217596,avg_power_W=136.000000,max_power_W=157.000000,avg_time_s=0.035418,released_listeners=1,
end_task=,name=dot,elapsed_seconds=0.035810,predicted_seconds=0.000272,time_percent_error=99.241245,nthreads=16,end_time=1738141.217621,avg_power_W=136.000000,max_power_W=157.000000,avg_time_s=0.035810,released_listeners=1,
end_task=,name=dot,elapsed_seconds=0.047607,predicted_seconds=0.000293,time_percent_error=99.384801,nthreads=14,end_time=1738141.238361,avg_power_W=136.631579,max_power_W=157.000000,avg_time_s=0.047607,released_listeners=1,
end_task=,name=sum_contribs,elapsed_seconds=0.033114,predicted_seconds=0.000000,time_percent_error=100.000000,nthreads=1,end_time=1738141.238384,avg_power_W=136.631579,max_power_W=157.000000,avg_time_s=0.033114,released_listeners=1,
end_task=,name=spmv,elapsed_seconds=0.207295,predicted_seconds=0.052224,time_percent_error=74.806918,nthreads=7,end_time=1738141.294890,avg_power_W=137.150000,max_power_W=157.000000,avg_time_s=0.207295,released_listeners=1,
start_task=,name=dot,tick=18,start_time=1738141.294944,nthreads=77,
message=tick stats,tick=18,estimated_current_power=78.325000,
end_task=,name=dot,elapsed_seconds=0.025421,predicted_seconds=0.000135,time_percent_error=99.468116,nthreads=77,end_time=1738141.321609,avg_power_W=137.150000,max_power_W=157.000000,avg_time_s=0.025421,released_listeners=1,
end_task=,name=spmv,elapsed_seconds=0.176233,predicted_seconds=0.052224,time_percent_error=70.366511,nthreads=7,end_time=1738141.369649,avg_power_W=137.666667,max_power_W=157.000000,avg_time_s=0.176233,released_listeners=1,
start_task=,name=dot,tick=19,start_time=1738141.369703,nthreads=84,
message=tick stats,tick=19,estimated_current_power=62.350000,
end_task=,name=dot,elapsed_seconds=0.026598,predicted_seconds=0.000134,time_percent_error=99.496355,nthreads=84,end_time=1738141.397303,avg_power_W=138.045455,max_power_W=157.000000,avg_time_s=0.026598,released_listeners=1,
start_task=,name=sum_contribs,tick=20,start_time=1738141.397359,nthreads=1,
message=tick stats,tick=20,estimated_current_power=0.000000,
end_task=,name=sum_contribs,elapsed_seconds=0.019088,predicted_seconds=0.000000,time_percent_error=100.000000,nthreads=1,end_time=1738141.417504,avg_power_W=138.045455,max_power_W=157.000000,avg_time_s=0.019088,released_listeners=1,
start_task=,name=comp_alpha,tick=21,start_time=1738141.417534,nthreads=1,
message=tick stats,tick=21,estimated_current_power=0.000000,
end_task=,name=comp_alpha,elapsed_seconds=0.018712,predicted_seconds=0.000000,time_percent_error=100.000000,nthreads=1,end_time=1738141.437831,avg_power_W=138.478261,max_power_W=157.000000,avg_time_s=0.018712,released_listeners=12,
start_task=,name=axpy,tick=22,start_time=1738141.437878,nthreads=7,
start_task=,name=axpy,tick=22,start_time=1738141.437911,nthreads=7,
start_task=,name=axpy,tick=22,start_time=1738141.437934,nthreads=7,
start_task=,name=axpy,tick=22,start_time=1738141.437958,nthreads=7,
start_task=,name=axpy,tick=22,start_time=1738141.438001,nthreads=7,
start_task=,name=axpy,tick=22,start_time=1738141.438061,nthreads=7,
start_task=,name=axpy,tick=22,start_time=1738141.438132,nthreads=7,
start_task=,name=axpy,tick=22,start_time=1738141.438162,nthreads=7,
start_task=,name=axpy,tick=22,start_time=1738141.438191,nthreads=7,
start_task=,name=axpy,tick=22,start_time=1738141.438218,nthreads=7,
start_task=,name=axpy,tick=22,start_time=1738141.438242,nthreads=7,
start_task=,name=axpy,tick=22,start_time=1738141.438271,nthreads=7,
message=tick stats,tick=22,estimated_current_power=227.700000,
end_task=,name=axpy,elapsed_seconds=0.138116,predicted_seconds=0.003586,time_percent_error=97.403459,nthreads=7,end_time=1738141.587842,avg_power_W=139.384615,max_power_W=157.000000,avg_time_s=0.138116,released_listeners=0,
end_task=,name=axpy,elapsed_seconds=0.140134,predicted_seconds=0.003586,time_percent_error=97.440849,nthreads=7,end_time=1738141.588308,avg_power_W=139.384615,max_power_W=157.000000,avg_time_s=0.140134,released_listeners=0,
end_task=,name=axpy,elapsed_seconds=0.139038,predicted_seconds=0.003586,time_percent_error=97.420669,nthreads=7,end_time=1738141.588370,avg_power_W=139.384615,max_power_W=157.000000,avg_time_s=0.139038,released_listeners=0,
end_task=,name=axpy,elapsed_seconds=0.141224,predicted_seconds=0.003586,time_percent_error=97.460588,nthreads=7,end_time=1738141.588396,avg_power_W=139.384615,max_power_W=157.000000,avg_time_s=0.141224,released_listeners=1,
end_task=,name=axpy,elapsed_seconds=0.139423,predicted_seconds=0.003586,time_percent_error=97.427795,nthreads=7,end_time=1738141.588414,avg_power_W=139.384615,max_power_W=157.000000,avg_time_s=0.139423,released_listeners=1,
start_task=,name=dot,tick=23,start_time=1738141.588438,nthreads=18,
start_task=,name=dot,tick=23,start_time=1738141.588454,nthreads=17,
message=tick stats,tick=23,estimated_current_power=189.650000,
end_task=,name=axpy,elapsed_seconds=0.142234,predicted_seconds=0.003586,time_percent_error=97.478629,nthreads=7,end_time=1738141.598735,avg_power_W=139.384615,max_power_W=157.000000,avg_time_s=0.142234,released_listeners=1,
start_task=,name=dot,tick=24,start_time=1738141.598756,nthreads=7,
message=tick stats,tick=24,estimated_current_power=191.066667,
end_task=,name=axpy,elapsed_seconds=0.144380,predicted_seconds=0.003586,time_percent_error=97.516103,nthreads=7,end_time=1738141.598783,avg_power_W=139.384615,max_power_W=157.000000,avg_time_s=0.144380,released_listeners=0,
end_task=,name=axpy,elapsed_seconds=0.143345,predicted_seconds=0.003586,time_percent_error=97.498162,nthreads=7,end_time=1738141.598802,avg_power_W=139.384615,max_power_W=157.000000,avg_time_s=0.143345,released_listeners=1,
end_task=,name=axpy,elapsed_seconds=0.145483,predicted_seconds=0.003586,time_percent_error=97.534943,nthreads=7,end_time=1738141.598830,avg_power_W=139.384615,max_power_W=157.000000,avg_time_s=0.145483,released_listeners=0,
end_task=,name=axpy,elapsed_seconds=0.146434,predicted_seconds=0.003586,time_percent_error=97.550951,nthreads=7,end_time=1738141.598847,avg_power_W=139.384615,max_power_W=157.000000,avg_time_s=0.146434,released_listeners=1,
start_task=,name=dot,tick=25,start_time=1738141.598867,nthreads=14,
start_task=,name=dot,tick=25,start_time=1738141.598883,nthreads=14,
message=tick stats,tick=25,estimated_current_power=168.700000,
end_task=,name=axpy,elapsed_seconds=0.159198,predicted_seconds=0.003586,time_percent_error=97.747299,nthreads=7,end_time=1738141.637590,avg_power_W=139.814815,max_power_W=157.000000,avg_time_s=0.159198,released_listeners=1,
end_task=,name=dot,elapsed_seconds=0.012936,predicted_seconds=0.000233,time_percent_error=98.195988,nthreads=18,end_time=1738141.637637,avg_power_W=139.814815,max_power_W=157.000000,avg_time_s=0.012936,released_listeners=1,
end_task=,name=dot,elapsed_seconds=0.042823,predicted_seconds=0.000244,time_percent_error=99.429343,nthreads=17,end_time=1738141.637671,avg_power_W=139.814815,max_power_W=157.000000,avg_time_s=0.042823,released_listeners=1,
end_task=,name=dot,elapsed_seconds=0.033155,predicted_seconds=0.000506,time_percent_error=98.472838,nthreads=7,end_time=1738141.637703,avg_power_W=139.814815,max_power_W=157.000000,avg_time_s=0.033155,released_listeners=1,
end_task=,name=dot,elapsed_seconds=0.032854,predicted_seconds=0.000293,time_percent_error=99.108558,nthreads=14,end_time=1738141.637733,avg_power_W=139.814815,max_power_W=157.000000,avg_time_s=0.032854,released_listeners=1,
end_task=,name=dot,elapsed_seconds=0.036836,predicted_seconds=0.000293,time_percent_error=99.204921,nthreads=14,end_time=1738141.637763,avg_power_W=139.814815,max_power_W=157.000000,avg_time_s=0.036836,released_listeners=1,
start_task=,name=dot,tick=26,start_time=1738141.637807,nthreads=77,
message=tick stats,tick=26,estimated_current_power=80.575000,
end_task=,name=axpy,elapsed_seconds=0.149022,predicted_seconds=0.003586,time_percent_error=97.593474,nthreads=7,end_time=1738141.637842,avg_power_W=139.814815,max_power_W=157.000000,avg_time_s=0.149022,released_listeners=0,
end_task=,name=dot,elapsed_seconds=0.005504,predicted_seconds=0.000135,time_percent_error=97.543478,nthreads=77,end_time=1738141.643894,avg_power_W=139.814815,max_power_W=157.000000,avg_time_s=0.005504,released_listeners=1,
start_task=,name=sum_contribs,tick=27,start_time=1738141.643936,nthreads=1,
message=tick stats,tick=27,estimated_current_power=-0.000000,
end_task=,name=sum_contribs,elapsed_seconds=0.034512,predicted_seconds=0.000000,time_percent_error=100.000000,nthreads=1,end_time=1738141.686810,avg_power_W=140.142857,max_power_W=157.000000,avg_time_s=0.034512,released_listeners=2,
start_task=,name=assign,tick=28,start_time=1738141.686848,nthreads=1,
start_task=,name=comp_beta,tick=28,start_time=1738141.686878,nthreads=1,
message=tick stats,tick=28,estimated_current_power=-0.000000,
end_task=,name=assign,elapsed_seconds=0.019140,predicted_seconds=0.000000,time_percent_error=100.000000,nthreads=1,end_time=1738141.716749,avg_power_W=140.142857,max_power_W=157.000000,avg_time_s=0.019140,released_listeners=0,
end_task=,name=comp_beta,elapsed_seconds=0.031173,predicted_seconds=0.000000,time_percent_error=100.000000,nthreads=1,end_time=1738141.718892,avg_power_W=140.142857,max_power_W=157.000000,avg_time_s=0.031173,released_listeners=6,
start_task=,name=xapy,tick=29,start_time=1738141.718928,nthreads=14,
start_task=,name=xapy,tick=29,start_time=1738141.718947,nthreads=14,
start_task=,name=xapy,tick=29,start_time=1738141.718961,nthreads=14,
start_task=,name=xapy,tick=29,start_time=1738141.718973,nthreads=14,
start_task=,name=xapy,tick=29,start_time=1738141.718995,nthreads=14,
start_task=,name=xapy,tick=29,start_time=1738141.719029,nthreads=14,
message=tick stats,tick=29,estimated_current_power=154.350000,
end_task=,name=xapy,elapsed_seconds=0.068018,predicted_seconds=0.004380,time_percent_error=93.559830,nthreads=14,end_time=1738141.796990,avg_power_W=140.733333,max_power_W=157.000000,avg_time_s=0.068018,released_listeners=0,
end_task=,name=xapy,elapsed_seconds=0.064534,predicted_seconds=0.004380,time_percent_error=93.212077,nthreads=14,end_time=1738141.797022,avg_power_W=140.733333,max_power_W=157.000000,avg_time_s=0.064534,released_listeners=0,
end_task=,name=xapy,elapsed_seconds=0.065473,predicted_seconds=0.004380,time_percent_error=93.309442,nthreads=14,end_time=1738141.797064,avg_power_W=140.733333,max_power_W=157.000000,avg_time_s=0.065473,released_listeners=0,
end_task=,name=xapy,elapsed_seconds=0.067741,predicted_seconds=0.004380,time_percent_error=93.533437,nthreads=14,end_time=1738141.797099,avg_power_W=140.733333,max_power_W=157.000000,avg_time_s=0.067741,released_listeners=0,
end_task=,name=xapy,elapsed_seconds=0.068744,predicted_seconds=0.004380,time_percent_error=93.627822,nthreads=14,end_time=1738141.797150,avg_power_W=140.733333,max_power_W=157.000000,avg_time_s=0.068744,released_listeners=0,
end_task=,name=xapy,elapsed_seconds=0.081274,predicted_seconds=0.004380,time_percent_error=94.610196,nthreads=14,end_time=1738141.800905,avg_power_W=140.733333,max_power_W=157.000000,avg_time_s=0.081274,released_listeners=0,
est_max_power=245.183333,
average_power_W=140.733333,
max_power_W=157.000000,
time_s=1.528242,
message=ALL DONE,
