message=cataloging configuration,max_threads=74,power_limit=inf,
start_task=,name=start,tick=1,start_time=1738875.611918,nthreads=1,
message=tick stats,tick=1,estimated_current_power=0.000000,
end_task=,name=start,elapsed_seconds=0.010265,predicted_seconds=0.000000,time_percent_error=100.000000,nthreads=1,end_time=1738875.623562,avg_power_W=-nan,max_power_W=0.000000,avg_time_s=0.010265,released_listeners=6,
start_task=,name=spmv,tick=2,start_time=1738875.623585,nthreads=13,
start_task=,name=spmv,tick=2,start_time=1738875.623600,nthreads=13,
start_task=,name=spmv,tick=2,start_time=1738875.623614,nthreads=12,
start_task=,name=spmv,tick=2,start_time=1738875.623657,nthreads=12,
start_task=,name=spmv,tick=2,start_time=1738875.624093,nthreads=12,
start_task=,name=spmv,tick=2,start_time=1738875.624148,nthreads=12,
message=tick stats,tick=2,estimated_current_power=134.975000,
end_task=,name=spmv,elapsed_seconds=0.448569,predicted_seconds=0.026866,time_percent_error=94.010831,nthreads=13,end_time=1738876.075354,avg_power_W=131.666667,max_power_W=143.000000,avg_time_s=0.448569,released_listeners=1,
start_task=,name=subtract,tick=3,start_time=1738876.075418,nthreads=13,
message=tick stats,tick=3,estimated_current_power=143.537500,
end_task=,name=spmv,elapsed_seconds=0.464356,predicted_seconds=0.027472,time_percent_error=94.083812,nthreads=12,end_time=1738876.089082,avg_power_W=131.666667,max_power_W=143.000000,avg_time_s=0.464356,released_listeners=1,
start_task=,name=subtract,tick=4,start_time=1738876.089109,nthreads=12,
message=tick stats,tick=4,estimated_current_power=149.475000,
end_task=,name=spmv,elapsed_seconds=0.499006,predicted_seconds=0.026866,time_percent_error=94.616188,nthreads=13,end_time=1738876.125332,avg_power_W=133.200000,max_power_W=147.000000,avg_time_s=0.499006,released_listeners=1,
end_task=,name=spmv,elapsed_seconds=0.489522,predicted_seconds=0.027472,time_percent_error=94.387956,nthreads=12,end_time=1738876.125434,avg_power_W=133.200000,max_power_W=147.000000,avg_time_s=0.489522,released_listeners=1,
start_task=,name=subtract,tick=5,start_time=1738876.125480,nthreads=13,
start_task=,name=subtract,tick=5,start_time=1738876.125500,nthreads=12,
message=tick stats,tick=5,estimated_current_power=163.975000,
end_task=,name=spmv,elapsed_seconds=0.538954,predicted_seconds=0.027472,time_percent_error=94.902685,nthreads=12,end_time=1738876.174865,avg_power_W=135.181818,max_power_W=155.000000,avg_time_s=0.538954,released_listeners=1,
start_task=,name=subtract,tick=6,start_time=1738876.174923,nthreads=12,
message=tick stats,tick=6,estimated_current_power=169.912500,
end_task=,name=spmv,elapsed_seconds=0.569024,predicted_seconds=0.027472,time_percent_error=95.172055,nthreads=12,end_time=1738876.193764,avg_power_W=135.181818,max_power_W=155.000000,avg_time_s=0.569024,released_listeners=1,
start_task=,name=subtract,tick=7,start_time=1738876.193785,nthreads=12,
message=tick stats,tick=7,estimated_current_power=175.850000,
end_task=,name=subtract,elapsed_seconds=0.203204,predicted_seconds=0.000698,time_percent_error=99.656319,nthreads=12,end_time=1738876.397640,avg_power_W=139.533333,max_power_W=155.000000,avg_time_s=0.203204,released_listeners=2,
start_task=,name=copy,tick=8,start_time=1738876.397677,nthreads=6,
start_task=,name=dot,tick=8,start_time=1738876.397698,nthreads=6,
message=tick stats,tick=8,estimated_current_power=193.491667,
end_task=,name=subtract,elapsed_seconds=0.321798,predicted_seconds=0.000669,time_percent_error=99.792222,nthreads=13,end_time=1738876.397719,avg_power_W=139.533333,max_power_W=155.000000,avg_time_s=0.321798,released_listeners=2,
end_task=,name=subtract,elapsed_seconds=0.308309,predicted_seconds=0.000698,time_percent_error=99.773482,nthreads=12,end_time=1738876.397729,avg_power_W=139.533333,max_power_W=155.000000,avg_time_s=0.308309,released_listeners=2,
end_task=,name=subtract,elapsed_seconds=0.272031,predicted_seconds=0.000669,time_percent_error=99.754210,nthreads=13,end_time=1738876.397758,avg_power_W=139.533333,max_power_W=155.000000,avg_time_s=0.272031,released_listeners=2,
end_task=,name=subtract,elapsed_seconds=0.271591,predicted_seconds=0.000698,time_percent_error=99.742858,nthreads=12,end_time=1738876.397782,avg_power_W=139.533333,max_power_W=155.000000,avg_time_s=0.271591,released_listeners=2,
end_task=,name=subtract,elapsed_seconds=0.222262,predicted_seconds=0.000698,time_percent_error=99.685787,nthreads=12,end_time=1738876.397806,avg_power_W=139.533333,max_power_W=155.000000,avg_time_s=0.222262,released_listeners=2,
start_task=,name=copy,tick=9,start_time=1738876.397820,nthreads=7,
start_task=,name=dot,tick=9,start_time=1738876.397834,nthreads=7,
start_task=,name=copy,tick=9,start_time=1738876.397848,nthreads=6,
start_task=,name=dot,tick=9,start_time=1738876.397859,nthreads=6,
start_task=,name=copy,tick=9,start_time=1738876.397883,nthreads=6,
start_task=,name=dot,tick=9,start_time=1738876.397909,nthreads=6,
start_task=,name=copy,tick=9,start_time=1738876.397935,nthreads=6,
start_task=,name=dot,tick=9,start_time=1738876.397958,nthreads=6,
start_task=,name=copy,tick=9,start_time=1738876.398194,nthreads=6,
start_task=,name=dot,tick=9,start_time=1738876.398226,nthreads=6,
message=tick stats,tick=9,estimated_current_power=271.575000,
end_task=,name=dot,elapsed_seconds=0.135276,predicted_seconds=0.000543,time_percent_error=99.598784,nthreads=6,end_time=1738876.533905,avg_power_W=141.000000,max_power_W=155.000000,avg_time_s=0.135276,released_listeners=1,
end_task=,name=dot,elapsed_seconds=0.135150,predicted_seconds=0.000506,time_percent_error=99.625356,nthreads=7,end_time=1738876.533954,avg_power_W=141.000000,max_power_W=155.000000,avg_time_s=0.135150,released_listeners=1,
end_task=,name=dot,elapsed_seconds=0.140691,predicted_seconds=0.000543,time_percent_error=99.614225,nthreads=6,end_time=1738876.539655,avg_power_W=141.000000,max_power_W=155.000000,avg_time_s=0.140691,released_listeners=1,
end_task=,name=copy,elapsed_seconds=0.141235,predicted_seconds=0.000739,time_percent_error=99.476848,nthreads=6,end_time=1738876.539685,avg_power_W=141.000000,max_power_W=155.000000,avg_time_s=0.141235,released_listeners=1,
end_task=,name=copy,elapsed_seconds=0.141091,predicted_seconds=0.000739,time_percent_error=99.476314,nthreads=6,end_time=1738876.539712,avg_power_W=141.000000,max_power_W=155.000000,avg_time_s=0.141091,released_listeners=1,
start_task=,name=spmv,tick=10,start_time=1738876.539736,nthreads=16,
start_task=,name=spmv,tick=10,start_time=1738876.539756,nthreads=15,
message=tick stats,tick=10,estimated_current_power=208.962500,
end_task=,name=copy,elapsed_seconds=0.145583,predicted_seconds=0.000688,time_percent_error=99.527074,nthreads=7,end_time=1738876.554437,avg_power_W=141.000000,max_power_W=155.000000,avg_time_s=0.145583,released_listeners=1,
end_task=,name=copy,elapsed_seconds=0.146890,predicted_seconds=0.000739,time_percent_error=99.496989,nthreads=6,end_time=1738876.554470,avg_power_W=141.000000,max_power_W=155.000000,avg_time_s=0.146890,released_listeners=1,
start_task=,name=spmv,tick=11,start_time=1738876.554491,nthreads=7,
start_task=,name=spmv,tick=11,start_time=1738876.554511,nthreads=6,
message=tick stats,tick=11,estimated_current_power=195.775000,
end_task=,name=dot,elapsed_seconds=0.148156,predicted_seconds=0.000543,time_percent_error=99.633664,nthreads=6,end_time=1738876.576481,avg_power_W=141.421053,max_power_W=155.000000,avg_time_s=0.148156,released_listeners=1,
end_task=,name=dot,elapsed_seconds=0.149943,predicted_seconds=0.000543,time_percent_error=99.638030,nthreads=6,end_time=1738876.576511,avg_power_W=141.421053,max_power_W=155.000000,avg_time_s=0.149943,released_listeners=1,
end_task=,name=copy,elapsed_seconds=0.152055,predicted_seconds=0.000739,time_percent_error=99.514075,nthreads=6,end_time=1738876.576537,avg_power_W=141.421053,max_power_W=155.000000,avg_time_s=0.152055,released_listeners=1,
end_task=,name=dot,elapsed_seconds=0.148256,predicted_seconds=0.000543,time_percent_error=99.633911,nthreads=6,end_time=1738876.576563,avg_power_W=141.421053,max_power_W=155.000000,avg_time_s=0.148256,released_listeners=1,
end_task=,name=copy,elapsed_seconds=0.152920,predicted_seconds=0.000739,time_percent_error=99.516822,nthreads=6,end_time=1738876.576588,avg_power_W=141.421053,max_power_W=155.000000,avg_time_s=0.152920,released_listeners=1,
start_task=,name=spmv,tick=12,start_time=1738876.576620,nthreads=10,
start_task=,name=sum_contribs,tick=12,start_time=1738876.576638,nthreads=1,
start_task=,name=spmv,tick=12,start_time=1738876.576655,nthreads=10,
message=tick stats,tick=12,estimated_current_power=125.475000,
end_task=,name=sum_contribs,elapsed_seconds=0.027808,predicted_seconds=0.000000,time_percent_error=100.000000,nthreads=1,end_time=1738876.626538,avg_power_W=142.000000,max_power_W=155.000000,avg_time_s=0.027808,released_listeners=1,
end_task=,name=spmv,elapsed_seconds=0.068431,predicted_seconds=0.021978,time_percent_error=67.883342,nthreads=16,end_time=1738876.626569,avg_power_W=142.000000,max_power_W=155.000000,avg_time_s=0.068431,released_listeners=1,
end_task=,name=spmv,elapsed_seconds=0.069115,predicted_seconds=0.022867,time_percent_error=66.913676,nthreads=15,end_time=1738876.626597,avg_power_W=142.000000,max_power_W=155.000000,avg_time_s=0.069115,released_listeners=1,
start_task=,name=dot,tick=13,start_time=1738876.626621,nthreads=21,
start_task=,name=dot,tick=13,start_time=1738876.626642,nthreads=20,
message=tick stats,tick=13,estimated_current_power=133.704167,
end_task=,name=dot,elapsed_seconds=0.015743,predicted_seconds=0.000198,time_percent_error=98.739397,nthreads=21,end_time=1738876.651661,avg_power_W=142.000000,max_power_W=155.000000,avg_time_s=0.015743,released_listeners=1,
end_task=,name=dot,elapsed_seconds=0.028667,predicted_seconds=0.000216,time_percent_error=99.246656,nthreads=20,end_time=1738876.656153,avg_power_W=142.000000,max_power_W=155.000000,avg_time_s=0.028667,released_listeners=1,
end_task=,name=spmv,elapsed_seconds=0.101798,predicted_seconds=0.035417,time_percent_error=65.208602,nthreads=10,end_time=1738876.679372,avg_power_W=142.952381,max_power_W=162.000000,avg_time_s=0.101798,released_listeners=1,
start_task=,name=dot,tick=14,start_time=1738876.679407,nthreads=51,
message=tick stats,tick=14,estimated_current_power=107.087500,
end_task=,name=dot,elapsed_seconds=0.019027,predicted_seconds=0.000124,time_percent_error=99.348718,nthreads=51,end_time=1738876.699071,avg_power_W=142.952381,max_power_W=162.000000,avg_time_s=0.019027,released_listeners=1,
end_task=,name=spmv,elapsed_seconds=0.149568,predicted_seconds=0.052224,time_percent_error=65.083558,nthreads=7,end_time=1738876.704654,avg_power_W=142.952381,max_power_W=162.000000,avg_time_s=0.149568,released_listeners=1,
start_task=,name=dot,tick=15,start_time=1738876.704680,nthreads=58,
message=tick stats,tick=15,estimated_current_power=96.070833,
end_task=,name=spmv,elapsed_seconds=0.128060,predicted_seconds=0.035417,time_percent_error=72.343476,nthreads=10,end_time=1738876.706153,avg_power_W=142.952381,max_power_W=162.000000,avg_time_s=0.128060,released_listeners=1,
start_task=,name=dot,tick=16,start_time=1738876.706173,nthreads=10,
message=tick stats,tick=16,estimated_current_power=99.695833,
end_task=,name=dot,elapsed_seconds=0.024309,predicted_seconds=0.000156,time_percent_error=99.356727,nthreads=58,end_time=1738876.729527,avg_power_W=143.590909,max_power_W=162.000000,avg_time_s=0.024309,released_listeners=1,
end_task=,name=dot,elapsed_seconds=0.031406,predicted_seconds=0.000405,time_percent_error=98.710978,nthreads=10,end_time=1738876.738610,avg_power_W=143.590909,max_power_W=162.000000,avg_time_s=0.031406,released_listeners=1,
end_task=,name=spmv,elapsed_seconds=0.210738,predicted_seconds=0.055750,time_percent_error=73.545432,nthreads=6,end_time=1738876.775826,avg_power_W=144.000000,max_power_W=162.000000,avg_time_s=0.210738,released_listeners=1,
start_task=,name=dot,tick=17,start_time=1738876.775882,nthreads=74,
message=tick stats,tick=17,estimated_current_power=61.225000,
end_task=,name=dot,elapsed_seconds=0.023752,predicted_seconds=0.000140,time_percent_error=99.409867,nthreads=74,end_time=1738876.800313,avg_power_W=144.000000,max_power_W=162.000000,avg_time_s=0.023752,released_listeners=1,
start_task=,name=sum_contribs,tick=18,start_time=1738876.800352,nthreads=1,
message=tick stats,tick=18,estimated_current_power=0.000000,
end_task=,name=sum_contribs,elapsed_seconds=0.022300,predicted_seconds=0.000000,time_percent_error=100.000000,nthreads=1,end_time=1738876.825790,avg_power_W=144.250000,max_power_W=162.000000,avg_time_s=0.022300,released_listeners=1,
start_task=,name=comp_alpha,tick=19,start_time=1738876.825826,nthreads=1,
message=tick stats,tick=19,estimated_current_power=0.000000,
end_task=,name=comp_alpha,elapsed_seconds=0.021340,predicted_seconds=0.000000,time_percent_error=100.000000,nthreads=1,end_time=1738876.848300,avg_power_W=144.250000,max_power_W=162.000000,avg_time_s=0.021340,released_listeners=12,
start_task=,name=axpy,tick=20,start_time=1738876.848334,nthreads=7,
start_task=,name=axpy,tick=20,start_time=1738876.848359,nthreads=7,
start_task=,name=axpy,tick=20,start_time=1738876.848381,nthreads=6,
start_task=,name=axpy,tick=20,start_time=1738876.848404,nthreads=6,
start_task=,name=axpy,tick=20,start_time=1738876.848477,nthreads=6,
start_task=,name=axpy,tick=20,start_time=1738876.848593,nthreads=6,
start_task=,name=axpy,tick=20,start_time=1738876.848693,nthreads=6,
start_task=,name=axpy,tick=20,start_time=1738876.848771,nthreads=6,
start_task=,name=axpy,tick=20,start_time=1738876.848846,nthreads=6,
start_task=,name=axpy,tick=20,start_time=1738876.848967,nthreads=6,
start_task=,name=axpy,tick=20,start_time=1738876.849348,nthreads=6,
start_task=,name=axpy,tick=20,start_time=1738876.849397,nthreads=6,
message=tick stats,tick=20,estimated_current_power=221.450000,
end_task=,name=axpy,elapsed_seconds=0.135708,predicted_seconds=0.003586,time_percent_error=97.357385,nthreads=7,end_time=1738876.993702,avg_power_W=144.777778,max_power_W=162.000000,avg_time_s=0.135708,released_listeners=0,
end_task=,name=axpy,elapsed_seconds=0.137945,predicted_seconds=0.004529,time_percent_error=96.717158,nthreads=6,end_time=1738876.993740,avg_power_W=144.777778,max_power_W=162.000000,avg_time_s=0.137945,released_listeners=0,
end_task=,name=axpy,elapsed_seconds=0.135695,predicted_seconds=0.004529,time_percent_error=96.662742,nthreads=6,end_time=1738876.993767,avg_power_W=144.777778,max_power_W=162.000000,avg_time_s=0.135695,released_listeners=0,
end_task=,name=axpy,elapsed_seconds=0.149086,predicted_seconds=0.004529,time_percent_error=96.962482,nthreads=6,end_time=1738876.999155,avg_power_W=144.777778,max_power_W=162.000000,avg_time_s=0.149086,released_listeners=0,
end_task=,name=axpy,elapsed_seconds=0.150720,predicted_seconds=0.003586,time_percent_error=97.620592,nthreads=7,end_time=1738876.999397,avg_power_W=144.777778,max_power_W=162.000000,avg_time_s=0.150720,released_listeners=1,
start_task=,name=dot,tick=21,start_time=1738876.999426,nthreads=32,
message=tick stats,tick=21,estimated_current_power=163.675000,
end_task=,name=axpy,elapsed_seconds=0.152352,predicted_seconds=0.004529,time_percent_error=97.027603,nthreads=6,end_time=1738877.001469,avg_power_W=144.777778,max_power_W=162.000000,avg_time_s=0.152352,released_listeners=1,
start_task=,name=dot,tick=22,start_time=1738877.001493,nthreads=6,
message=tick stats,tick=22,estimated_current_power=166.591667,
end_task=,name=axpy,elapsed_seconds=0.156323,predicted_seconds=0.004529,time_percent_error=97.103107,nthreads=6,end_time=1738877.026214,avg_power_W=145.000000,max_power_W=162.000000,avg_time_s=0.156323,released_listeners=0,
end_task=,name=dot,elapsed_seconds=0.021021,predicted_seconds=0.000543,time_percent_error=97.418034,nthreads=6,end_time=1738877.026295,avg_power_W=145.000000,max_power_W=162.000000,avg_time_s=0.021021,released_listeners=1,
end_task=,name=axpy,elapsed_seconds=0.155834,predicted_seconds=0.004529,time_percent_error=97.094016,nthreads=6,end_time=1738877.026354,avg_power_W=145.000000,max_power_W=162.000000,avg_time_s=0.155834,released_listeners=0,
end_task=,name=axpy,elapsed_seconds=0.153963,predicted_seconds=0.004529,time_percent_error=97.058715,nthreads=6,end_time=1738877.026408,avg_power_W=145.000000,max_power_W=162.000000,avg_time_s=0.153963,released_listeners=1,
end_task=,name=axpy,elapsed_seconds=0.155777,predicted_seconds=0.004529,time_percent_error=97.092955,nthreads=6,end_time=1738877.026444,avg_power_W=145.000000,max_power_W=162.000000,avg_time_s=0.155777,released_listeners=1,
end_task=,name=axpy,elapsed_seconds=0.158246,predicted_seconds=0.004529,time_percent_error=97.138309,nthreads=6,end_time=1738877.026479,avg_power_W=145.000000,max_power_W=162.000000,avg_time_s=0.158246,released_listeners=1,
start_task=,name=dot,tick=23,start_time=1738877.026498,nthreads=12,
start_task=,name=dot,tick=23,start_time=1738877.026512,nthreads=12,
start_task=,name=dot,tick=23,start_time=1738877.026525,nthreads=12,
message=tick stats,tick=23,estimated_current_power=127.625000,
end_task=,name=axpy,elapsed_seconds=0.156800,predicted_seconds=0.004529,time_percent_error=97.111918,nthreads=6,end_time=1738877.053655,avg_power_W=145.000000,max_power_W=162.000000,avg_time_s=0.156800,released_listeners=1,
start_task=,name=dot,tick=24,start_time=1738877.053680,nthreads=6,
message=tick stats,tick=24,estimated_current_power=130.541667,
end_task=,name=dot,elapsed_seconds=0.028507,predicted_seconds=0.000342,time_percent_error=98.800292,nthreads=12,end_time=1738877.075667,avg_power_W=145.241379,max_power_W=162.000000,avg_time_s=0.028507,released_listeners=1,
end_task=,name=dot,elapsed_seconds=0.028294,predicted_seconds=0.000342,time_percent_error=98.791246,nthreads=12,end_time=1738877.075689,avg_power_W=145.241379,max_power_W=162.000000,avg_time_s=0.028294,released_listeners=1,
end_task=,name=dot,elapsed_seconds=0.040860,predicted_seconds=0.000342,time_percent_error=99.162987,nthreads=12,end_time=1738877.075706,avg_power_W=145.241379,max_power_W=162.000000,avg_time_s=0.040860,released_listeners=1,
end_task=,name=dot,elapsed_seconds=0.022295,predicted_seconds=0.000145,time_percent_error=99.350202,nthreads=32,end_time=1738877.075722,avg_power_W=145.241379,max_power_W=162.000000,avg_time_s=0.022295,released_listeners=1,
end_task=,name=dot,elapsed_seconds=0.030807,predicted_seconds=0.000543,time_percent_error=98.238224,nthreads=6,end_time=1738877.085030,avg_power_W=145.241379,max_power_W=162.000000,avg_time_s=0.030807,released_listeners=1,
start_task=,name=sum_contribs,tick=25,start_time=1738877.085047,nthreads=1,
message=tick stats,tick=25,estimated_current_power=0.000000,
end_task=,name=sum_contribs,elapsed_seconds=0.022949,predicted_seconds=0.000000,time_percent_error=100.000000,nthreads=1,end_time=1738877.108576,avg_power_W=145.241379,max_power_W=162.000000,avg_time_s=0.022949,released_listeners=2,
start_task=,name=assign,tick=26,start_time=1738877.108593,nthreads=1,
start_task=,name=comp_beta,tick=26,start_time=1738877.108606,nthreads=1,
message=tick stats,tick=26,estimated_current_power=0.000000,
end_task=,name=assign,elapsed_seconds=0.016476,predicted_seconds=0.000000,time_percent_error=100.000000,nthreads=1,end_time=1738877.134648,avg_power_W=145.433333,max_power_W=162.000000,avg_time_s=0.016476,released_listeners=0,
end_task=,name=comp_beta,elapsed_seconds=0.027775,predicted_seconds=0.000000,time_percent_error=100.000000,nthreads=1,end_time=1738877.136977,avg_power_W=145.433333,max_power_W=162.000000,avg_time_s=0.027775,released_listeners=6,
start_task=,name=xapy,tick=27,start_time=1738877.136996,nthreads=13,
start_task=,name=xapy,tick=27,start_time=1738877.137013,nthreads=13,
start_task=,name=xapy,tick=27,start_time=1738877.137029,nthreads=12,
start_task=,name=xapy,tick=27,start_time=1738877.137055,nthreads=12,
start_task=,name=xapy,tick=27,start_time=1738877.137104,nthreads=12,
start_task=,name=xapy,tick=27,start_time=1738877.137178,nthreads=12,
message=tick stats,tick=27,estimated_current_power=147.850000,
end_task=,name=xapy,elapsed_seconds=0.055201,predicted_seconds=0.004083,time_percent_error=92.603843,nthreads=12,end_time=1738877.201779,avg_power_W=145.612903,max_power_W=162.000000,avg_time_s=0.055201,released_listeners=0,
end_task=,name=xapy,elapsed_seconds=0.056068,predicted_seconds=0.004121,time_percent_error=92.649989,nthreads=13,end_time=1738877.201839,avg_power_W=145.612903,max_power_W=162.000000,avg_time_s=0.056068,released_listeners=0,
end_task=,name=xapy,elapsed_seconds=0.055031,predicted_seconds=0.004121,time_percent_error=92.511449,nthreads=13,end_time=1738877.201897,avg_power_W=145.612903,max_power_W=162.000000,avg_time_s=0.055031,released_listeners=0,
end_task=,name=xapy,elapsed_seconds=0.056513,predicted_seconds=0.004083,time_percent_error=92.775572,nthreads=12,end_time=1738877.202455,avg_power_W=145.612903,max_power_W=162.000000,avg_time_s=0.056513,released_listeners=0,
end_task=,name=xapy,elapsed_seconds=0.056948,predicted_seconds=0.004083,time_percent_error=92.830689,nthreads=12,end_time=1738877.203123,avg_power_W=145.612903,max_power_W=162.000000,avg_time_s=0.056948,released_listeners=0,
end_task=,name=xapy,elapsed_seconds=0.070116,predicted_seconds=0.004083,time_percent_error=94.177150,nthreads=12,end_time=1738877.208475,avg_power_W=145.612903,max_power_W=162.000000,avg_time_s=0.070116,released_listeners=0,
est_max_power=271.575000,
average_power_W=145.612903,
max_power_W=162.000000,
time_s=1.596704,
message=ALL DONE,
