message=cataloging configuration,max_threads=15,power_limit=inf,
start_task=,name=start,tick=1,start_time=1743621.891946,nthreads=1,
message=tick stats,tick=1,estimated_current_power=0.000000,
end_task=,name=start,elapsed_seconds=0.010508,predicted_seconds=0.000000,time_percent_error=100.000000,nthreads=1,end_time=1743621.903780,avg_power_W=-nan,max_power_W=0.000000,avg_time_s=0.010508,released_listeners=6,
start_task=,name=spmv,tick=2,start_time=1743621.903800,nthreads=3,
start_task=,name=spmv,tick=2,start_time=1743621.903814,nthreads=3,
start_task=,name=spmv,tick=2,start_time=1743621.903826,nthreads=3,
start_task=,name=spmv,tick=2,start_time=1743621.903866,nthreads=2,
start_task=,name=spmv,tick=2,start_time=1743621.903890,nthreads=2,
start_task=,name=spmv,tick=2,start_time=1743621.903987,nthreads=2,
message=tick stats,tick=2,estimated_current_power=77.662500,
end_task=,name=spmv,elapsed_seconds=0.548551,predicted_seconds=0.117407,time_percent_error=78.596942,nthreads=3,end_time=1743622.457127,avg_power_W=123.000000,max_power_W=128.000000,avg_time_s=0.548551,released_listeners=1,
start_task=,name=subtract,tick=3,start_time=1743622.457185,nthreads=3,
message=tick stats,tick=3,estimated_current_power=83.287500,
end_task=,name=spmv,elapsed_seconds=0.553599,predicted_seconds=0.117407,time_percent_error=78.792129,nthreads=3,end_time=1743622.460488,avg_power_W=123.000000,max_power_W=128.000000,avg_time_s=0.553599,released_listeners=1,
end_task=,name=spmv,elapsed_seconds=0.554467,predicted_seconds=0.117407,time_percent_error=78.825305,nthreads=3,end_time=1743622.460527,avg_power_W=123.000000,max_power_W=128.000000,avg_time_s=0.554467,released_listeners=1,
start_task=,name=subtract,tick=4,start_time=1743622.460543,nthreads=3,
start_task=,name=subtract,tick=4,start_time=1743622.460562,nthreads=3,
message=tick stats,tick=4,estimated_current_power=94.537500,
end_task=,name=subtract,elapsed_seconds=0.108473,predicted_seconds=0.001576,time_percent_error=98.547215,nthreads=3,end_time=1743622.569595,avg_power_W=123.384615,max_power_W=128.000000,avg_time_s=0.108473,released_listeners=2,
start_task=,name=copy,tick=5,start_time=1743622.569623,nthreads=2,
start_task=,name=dot,tick=5,start_time=1743622.569641,nthreads=1,
message=tick stats,tick=5,estimated_current_power=103.845833,
end_task=,name=subtract,elapsed_seconds=0.108451,predicted_seconds=0.001576,time_percent_error=98.546926,nthreads=3,end_time=1743622.569666,avg_power_W=123.384615,max_power_W=128.000000,avg_time_s=0.108451,released_listeners=2,
start_task=,name=copy,tick=6,start_time=1743622.569686,nthreads=2,
start_task=,name=dot,tick=6,start_time=1743622.569702,nthreads=1,
message=tick stats,tick=6,estimated_current_power=113.154167,
end_task=,name=subtract,elapsed_seconds=0.116511,predicted_seconds=0.001576,time_percent_error=98.647443,nthreads=3,end_time=1743622.581362,avg_power_W=123.384615,max_power_W=128.000000,avg_time_s=0.116511,released_listeners=2,
start_task=,name=copy,tick=7,start_time=1743622.581388,nthreads=2,
start_task=,name=dot,tick=7,start_time=1743622.581406,nthreads=1,
message=tick stats,tick=7,estimated_current_power=122.462500,
end_task=,name=dot,elapsed_seconds=0.030950,predicted_seconds=0.001742,time_percent_error=94.370238,nthreads=1,end_time=1743622.608770,avg_power_W=123.500000,max_power_W=128.000000,avg_time_s=0.030950,released_listeners=1,
end_task=,name=dot,elapsed_seconds=0.018633,predicted_seconds=0.001742,time_percent_error=90.648725,nthreads=1,end_time=1743622.608803,avg_power_W=123.500000,max_power_W=128.000000,avg_time_s=0.018633,released_listeners=1,
end_task=,name=copy,elapsed_seconds=0.038052,predicted_seconds=0.001555,time_percent_error=95.913202,nthreads=2,end_time=1743622.608830,avg_power_W=123.500000,max_power_W=128.000000,avg_time_s=0.038052,released_listeners=1,
end_task=,name=dot,elapsed_seconds=0.020585,predicted_seconds=0.001742,time_percent_error=91.535491,nthreads=1,end_time=1743622.608855,avg_power_W=123.500000,max_power_W=128.000000,avg_time_s=0.020585,released_listeners=1,
end_task=,name=copy,elapsed_seconds=0.038576,predicted_seconds=0.001555,time_percent_error=95.968654,nthreads=2,end_time=1743622.608881,avg_power_W=123.500000,max_power_W=128.000000,avg_time_s=0.038576,released_listeners=1,
start_task=,name=spmv,tick=8,start_time=1743622.608910,nthreads=4,
start_task=,name=spmv,tick=8,start_time=1743622.608928,nthreads=3,
message=tick stats,tick=8,estimated_current_power=76.662500,
end_task=,name=copy,elapsed_seconds=0.025300,predicted_seconds=0.001555,time_percent_error=93.853171,nthreads=2,end_time=1743622.620562,avg_power_W=123.500000,max_power_W=128.000000,avg_time_s=0.025300,released_listeners=1,
start_task=,name=spmv,tick=9,start_time=1743622.620618,nthreads=2,
message=tick stats,tick=9,estimated_current_power=72.225000,
end_task=,name=spmv,elapsed_seconds=0.813714,predicted_seconds=0.186911,time_percent_error=77.029902,nthreads=2,end_time=1743622.718995,avg_power_W=124.250000,max_power_W=131.000000,avg_time_s=0.813714,released_listeners=1,
start_task=,name=subtract,tick=10,start_time=1743622.719015,nthreads=2,
message=tick stats,tick=10,estimated_current_power=77.912500,
end_task=,name=spmv,elapsed_seconds=0.822471,predicted_seconds=0.186911,time_percent_error=77.274463,nthreads=2,end_time=1743622.727313,avg_power_W=124.250000,max_power_W=131.000000,avg_time_s=0.822471,released_listeners=1,
start_task=,name=subtract,tick=11,start_time=1743622.727333,nthreads=2,
message=tick stats,tick=11,estimated_current_power=83.600000,
end_task=,name=subtract,elapsed_seconds=0.033273,predicted_seconds=0.002168,time_percent_error=93.485255,nthreads=2,end_time=1743622.757925,avg_power_W=124.411765,max_power_W=131.000000,avg_time_s=0.033273,released_listeners=2,
start_task=,name=copy,tick=12,start_time=1743622.757952,nthreads=1,
start_task=,name=dot,tick=12,start_time=1743622.757970,nthreads=1,
message=tick stats,tick=12,estimated_current_power=93.533333,
end_task=,name=spmv,elapsed_seconds=0.839732,predicted_seconds=0.186911,time_percent_error=77.741605,nthreads=2,end_time=1743622.757993,avg_power_W=124.411765,max_power_W=131.000000,avg_time_s=0.839732,released_listeners=1,
start_task=,name=subtract,tick=13,start_time=1743622.758011,nthreads=2,
message=tick stats,tick=13,estimated_current_power=99.220833,
end_task=,name=subtract,elapsed_seconds=0.031001,predicted_seconds=0.002168,time_percent_error=93.007922,nthreads=2,end_time=1743622.763944,avg_power_W=124.411765,max_power_W=131.000000,avg_time_s=0.031001,released_listeners=2,
start_task=,name=copy,tick=14,start_time=1743622.763969,nthreads=1,
start_task=,name=dot,tick=14,start_time=1743622.763986,nthreads=1,
message=tick stats,tick=14,estimated_current_power=109.154167,
end_task=,name=dot,elapsed_seconds=0.010854,predicted_seconds=0.001742,time_percent_error=83.946879,nthreads=1,end_time=1743622.776035,avg_power_W=124.411765,max_power_W=131.000000,avg_time_s=0.010854,released_listeners=1,
end_task=,name=dot,elapsed_seconds=0.017386,predicted_seconds=0.001742,time_percent_error=89.977819,nthreads=1,end_time=1743622.782009,avg_power_W=124.411765,max_power_W=131.000000,avg_time_s=0.017386,released_listeners=1,
end_task=,name=copy,elapsed_seconds=0.031653,predicted_seconds=0.002740,time_percent_error=91.343520,nthreads=1,end_time=1743622.790215,avg_power_W=124.411765,max_power_W=131.000000,avg_time_s=0.031653,released_listeners=1,
start_task=,name=spmv,tick=15,start_time=1743622.790237,nthreads=3,
message=tick stats,tick=15,estimated_current_power=83.037500,
end_task=,name=subtract,elapsed_seconds=0.041997,predicted_seconds=0.002168,time_percent_error=94.838599,nthreads=2,end_time=1743622.809044,avg_power_W=124.888889,max_power_W=133.000000,avg_time_s=0.041997,released_listeners=2,
end_task=,name=copy,elapsed_seconds=0.031403,predicted_seconds=0.002740,time_percent_error=91.274699,nthreads=1,end_time=1743622.809067,avg_power_W=124.888889,max_power_W=133.000000,avg_time_s=0.031403,released_listeners=1,
start_task=,name=copy,tick=16,start_time=1743622.809079,nthreads=1,
start_task=,name=dot,tick=16,start_time=1743622.809093,nthreads=1,
start_task=,name=spmv,tick=16,start_time=1743622.809117,nthreads=1,
message=tick stats,tick=16,estimated_current_power=87.533333,
end_task=,name=spmv,elapsed_seconds=0.199720,predicted_seconds=0.085229,time_percent_error=57.325878,nthreads=4,end_time=1743622.816371,avg_power_W=124.888889,max_power_W=133.000000,avg_time_s=0.199720,released_listeners=1,
start_task=,name=dot,tick=17,start_time=1743622.816396,nthreads=4,
message=tick stats,tick=17,estimated_current_power=91.450000,
end_task=,name=dot,elapsed_seconds=0.010511,predicted_seconds=0.001742,time_percent_error=83.422919,nthreads=1,end_time=1743622.824036,avg_power_W=124.888889,max_power_W=133.000000,avg_time_s=0.010511,released_listeners=1,
start_task=,name=sum_contribs,tick=18,start_time=1743622.824063,nthreads=1,
message=tick stats,tick=18,estimated_current_power=78.391667,
end_task=,name=dot,elapsed_seconds=0.013346,predicted_seconds=0.000674,time_percent_error=94.947458,nthreads=4,end_time=1743622.830346,avg_power_W=124.888889,max_power_W=133.000000,avg_time_s=0.013346,released_listeners=1,
end_task=,name=sum_contribs,elapsed_seconds=0.006984,predicted_seconds=0.000000,time_percent_error=100.000000,nthreads=1,end_time=1743622.832612,avg_power_W=124.888889,max_power_W=133.000000,avg_time_s=0.006984,released_listeners=1,
end_task=,name=copy,elapsed_seconds=0.030431,predicted_seconds=0.002740,time_percent_error=90.996121,nthreads=1,end_time=1743622.840052,avg_power_W=124.888889,max_power_W=133.000000,avg_time_s=0.030431,released_listeners=1,
start_task=,name=spmv,tick=19,start_time=1743622.840076,nthreads=6,
message=tick stats,tick=19,estimated_current_power=65.937500,
end_task=,name=spmv,elapsed_seconds=0.241662,predicted_seconds=0.117407,time_percent_error=51.416927,nthreads=3,end_time=1743622.858463,avg_power_W=125.578947,max_power_W=138.000000,avg_time_s=0.241662,released_listeners=1,
start_task=,name=dot,tick=20,start_time=1743622.858487,nthreads=3,
message=tick stats,tick=20,estimated_current_power=68.479167,
end_task=,name=dot,elapsed_seconds=0.005113,predicted_seconds=0.000792,time_percent_error=84.517816,nthreads=3,end_time=1743622.864225,avg_power_W=125.578947,max_power_W=138.000000,avg_time_s=0.005113,released_listeners=1,
end_task=,name=spmv,elapsed_seconds=0.126640,predicted_seconds=0.055750,time_percent_error=55.977615,nthreads=6,end_time=1743622.967156,avg_power_W=126.714286,max_power_W=138.000000,avg_time_s=0.126640,released_listeners=1,
start_task=,name=dot,tick=21,start_time=1743622.967208,nthreads=9,
message=tick stats,tick=21,estimated_current_power=57.858333,
end_task=,name=dot,elapsed_seconds=0.006850,predicted_seconds=0.000455,time_percent_error=93.360658,nthreads=9,end_time=1743622.974435,avg_power_W=126.714286,max_power_W=138.000000,avg_time_s=0.006850,released_listeners=1,
end_task=,name=spmv,elapsed_seconds=0.224918,predicted_seconds=0.117407,time_percent_error=47.800239,nthreads=3,end_time=1743623.015572,avg_power_W=126.818182,max_power_W=138.000000,avg_time_s=0.224918,released_listeners=1,
start_task=,name=dot,tick=22,start_time=1743623.015620,nthreads=12,
message=tick stats,tick=22,estimated_current_power=45.133333,
end_task=,name=dot,elapsed_seconds=0.006585,predicted_seconds=0.000342,time_percent_error=94.806747,nthreads=12,end_time=1743623.022543,avg_power_W=126.818182,max_power_W=138.000000,avg_time_s=0.006585,released_listeners=1,
end_task=,name=spmv,elapsed_seconds=0.427237,predicted_seconds=0.186911,time_percent_error=56.251249,nthreads=2,end_time=1743623.056217,avg_power_W=127.000000,max_power_W=138.000000,avg_time_s=0.427237,released_listeners=1,
start_task=,name=dot,tick=23,start_time=1743623.056263,nthreads=14,
message=tick stats,tick=23,estimated_current_power=35.554167,
end_task=,name=dot,elapsed_seconds=0.005326,predicted_seconds=0.000293,time_percent_error=94.500663,nthreads=14,end_time=1743623.062182,avg_power_W=127.000000,max_power_W=138.000000,avg_time_s=0.005326,released_listeners=1,
end_task=,name=spmv,elapsed_seconds=0.787845,predicted_seconds=0.397475,time_percent_error=49.549085,nthreads=1,end_time=1743623.606744,avg_power_W=125.294118,max_power_W=138.000000,avg_time_s=0.787845,released_listeners=1,
start_task=,name=dot,tick=24,start_time=1743623.606798,nthreads=15,
message=tick stats,tick=24,estimated_current_power=27.391667,
end_task=,name=dot,elapsed_seconds=0.006069,predicted_seconds=0.000279,time_percent_error=95.402068,nthreads=15,end_time=1743623.613384,avg_power_W=125.294118,max_power_W=138.000000,avg_time_s=0.006069,released_listeners=1,
start_task=,name=sum_contribs,tick=25,start_time=1743623.613417,nthreads=1,
message=tick stats,tick=25,estimated_current_power=0.000000,
end_task=,name=sum_contribs,elapsed_seconds=0.005490,predicted_seconds=0.000000,time_percent_error=100.000000,nthreads=1,end_time=1743623.619479,avg_power_W=125.294118,max_power_W=138.000000,avg_time_s=0.005490,released_listeners=1,
start_task=,name=comp_alpha,tick=26,start_time=1743623.619494,nthreads=1,
message=tick stats,tick=26,estimated_current_power=0.000000,
end_task=,name=comp_alpha,elapsed_seconds=0.004387,predicted_seconds=0.000000,time_percent_error=100.000000,nthreads=1,end_time=1743623.624531,avg_power_W=125.294118,max_power_W=138.000000,avg_time_s=0.004387,released_listeners=12,
start_task=,name=axpy,tick=27,start_time=1743623.624548,nthreads=2,
start_task=,name=axpy,tick=27,start_time=1743623.624561,nthreads=2,
start_task=,name=axpy,tick=27,start_time=1743623.624572,nthreads=2,
start_task=,name=axpy,tick=27,start_time=1743623.624583,nthreads=1,
start_task=,name=axpy,tick=27,start_time=1743623.624631,nthreads=1,
start_task=,name=axpy,tick=27,start_time=1743623.624656,nthreads=1,
start_task=,name=axpy,tick=27,start_time=1743623.624689,nthreads=1,
start_task=,name=axpy,tick=27,start_time=1743623.624909,nthreads=1,
start_task=,name=axpy,tick=27,start_time=1743623.624933,nthreads=1,
start_task=,name=axpy,tick=27,start_time=1743623.624959,nthreads=1,
start_task=,name=axpy,tick=27,start_time=1743623.624979,nthreads=1,
start_task=,name=axpy,tick=27,start_time=1743623.625003,nthreads=1,
message=tick stats,tick=27,estimated_current_power=123.825000,
end_task=,name=axpy,elapsed_seconds=0.038349,predicted_seconds=0.003176,time_percent_error=91.718864,nthreads=1,end_time=1743623.663905,avg_power_W=125.057143,max_power_W=138.000000,avg_time_s=0.038349,released_listeners=1,
start_task=,name=dot,tick=28,start_time=1743623.663941,nthreads=1,
message=tick stats,tick=28,estimated_current_power=127.345833,
end_task=,name=axpy,elapsed_seconds=0.033370,predicted_seconds=0.006491,time_percent_error=80.547908,nthreads=2,end_time=1743623.664061,avg_power_W=125.057143,max_power_W=138.000000,avg_time_s=0.033370,released_listeners=1,
end_task=,name=axpy,elapsed_seconds=0.033290,predicted_seconds=0.006491,time_percent_error=80.501023,nthreads=2,end_time=1743623.664090,avg_power_W=125.057143,max_power_W=138.000000,avg_time_s=0.033290,released_listeners=0,
start_task=,name=dot,tick=29,start_time=1743623.664113,nthreads=4,
message=tick stats,tick=29,estimated_current_power=117.287500,
end_task=,name=axpy,elapsed_seconds=0.033939,predicted_seconds=0.003176,time_percent_error=90.642697,nthreads=1,end_time=1743623.664143,avg_power_W=125.057143,max_power_W=138.000000,avg_time_s=0.033939,released_listeners=0,
end_task=,name=axpy,elapsed_seconds=0.037657,predicted_seconds=0.003176,time_percent_error=91.566646,nthreads=1,end_time=1743623.665759,avg_power_W=125.057143,max_power_W=138.000000,avg_time_s=0.037657,released_listeners=1,
end_task=,name=axpy,elapsed_seconds=0.035697,predicted_seconds=0.003176,time_percent_error=91.103653,nthreads=1,end_time=1743623.665791,avg_power_W=125.057143,max_power_W=138.000000,avg_time_s=0.035697,released_listeners=0,
start_task=,name=dot,tick=30,start_time=1743623.665812,nthreads=3,
message=tick stats,tick=30,estimated_current_power=105.441667,
end_task=,name=axpy,elapsed_seconds=0.040246,predicted_seconds=0.003176,time_percent_error=92.109248,nthreads=1,end_time=1743623.675013,avg_power_W=125.057143,max_power_W=138.000000,avg_time_s=0.040246,released_listeners=0,
end_task=,name=axpy,elapsed_seconds=0.045251,predicted_seconds=0.006491,time_percent_error=85.655275,nthreads=2,end_time=1743623.675046,avg_power_W=125.057143,max_power_W=138.000000,avg_time_s=0.045251,released_listeners=0,
end_task=,name=axpy,elapsed_seconds=0.046039,predicted_seconds=0.003176,time_percent_error=93.102104,nthreads=1,end_time=1743623.675179,avg_power_W=125.057143,max_power_W=138.000000,avg_time_s=0.046039,released_listeners=1,
end_task=,name=axpy,elapsed_seconds=0.042487,predicted_seconds=0.003176,time_percent_error=92.525328,nthreads=1,end_time=1743623.675208,avg_power_W=125.057143,max_power_W=138.000000,avg_time_s=0.042487,released_listeners=1,
end_task=,name=axpy,elapsed_seconds=0.046074,predicted_seconds=0.003176,time_percent_error=93.107340,nthreads=1,end_time=1743623.675231,avg_power_W=125.057143,max_power_W=138.000000,avg_time_s=0.046074,released_listeners=0,
start_task=,name=dot,tick=31,start_time=1743623.675251,nthreads=3,
start_task=,name=dot,tick=31,start_time=1743623.675268,nthreads=3,
message=tick stats,tick=31,estimated_current_power=88.162500,
end_task=,name=axpy,elapsed_seconds=0.047554,predicted_seconds=0.003176,time_percent_error=93.321840,nthreads=1,end_time=1743623.686668,avg_power_W=125.057143,max_power_W=138.000000,avg_time_s=0.047554,released_listeners=1,
start_task=,name=dot,tick=32,start_time=1743623.686687,nthreads=1,
message=tick stats,tick=32,estimated_current_power=91.683333,
end_task=,name=dot,elapsed_seconds=0.017239,predicted_seconds=0.000792,time_percent_error=95.407955,nthreads=3,end_time=1743623.707749,avg_power_W=125.222222,max_power_W=138.000000,avg_time_s=0.017239,released_listeners=1,
end_task=,name=dot,elapsed_seconds=0.022641,predicted_seconds=0.000792,time_percent_error=96.503576,nthreads=3,end_time=1743623.707797,avg_power_W=125.222222,max_power_W=138.000000,avg_time_s=0.022641,released_listeners=1,
end_task=,name=dot,elapsed_seconds=0.017358,predicted_seconds=0.001742,time_percent_error=89.961778,nthreads=1,end_time=1743623.707831,avg_power_W=125.222222,max_power_W=138.000000,avg_time_s=0.017358,released_listeners=1,
end_task=,name=dot,elapsed_seconds=0.018242,predicted_seconds=0.001742,time_percent_error=90.448346,nthreads=1,end_time=1743623.707860,avg_power_W=125.222222,max_power_W=138.000000,avg_time_s=0.018242,released_listeners=1,
end_task=,name=dot,elapsed_seconds=0.015127,predicted_seconds=0.000674,time_percent_error=95.542356,nthreads=4,end_time=1743623.707889,avg_power_W=125.222222,max_power_W=138.000000,avg_time_s=0.015127,released_listeners=1,
end_task=,name=dot,elapsed_seconds=0.026951,predicted_seconds=0.000792,time_percent_error=97.062723,nthreads=3,end_time=1743623.707918,avg_power_W=125.222222,max_power_W=138.000000,avg_time_s=0.026951,released_listeners=1,
start_task=,name=sum_contribs,tick=33,start_time=1743623.707942,nthreads=1,
message=tick stats,tick=33,estimated_current_power=0.000000,
end_task=,name=sum_contribs,elapsed_seconds=0.004154,predicted_seconds=0.000000,time_percent_error=100.000000,nthreads=1,end_time=1743623.712779,avg_power_W=125.222222,max_power_W=138.000000,avg_time_s=0.004154,released_listeners=2,
start_task=,name=assign,tick=34,start_time=1743623.712795,nthreads=1,
start_task=,name=comp_beta,tick=34,start_time=1743623.712808,nthreads=1,
message=tick stats,tick=34,estimated_current_power=0.000000,
end_task=,name=assign,elapsed_seconds=0.004212,predicted_seconds=0.000000,time_percent_error=100.000000,nthreads=1,end_time=1743623.718528,avg_power_W=125.222222,max_power_W=138.000000,avg_time_s=0.004212,released_listeners=0,
end_task=,name=comp_beta,elapsed_seconds=0.007628,predicted_seconds=0.000000,time_percent_error=100.000000,nthreads=1,end_time=1743623.721476,avg_power_W=125.222222,max_power_W=138.000000,avg_time_s=0.007628,released_listeners=6,
start_task=,name=xapy,tick=35,start_time=1743623.721509,nthreads=3,
start_task=,name=xapy,tick=35,start_time=1743623.721534,nthreads=3,
start_task=,name=xapy,tick=35,start_time=1743623.721556,nthreads=3,
start_task=,name=xapy,tick=35,start_time=1743623.721576,nthreads=2,
start_task=,name=xapy,tick=35,start_time=1743623.721614,nthreads=2,
start_task=,name=xapy,tick=35,start_time=1743623.721686,nthreads=2,
message=tick stats,tick=35,estimated_current_power=90.225000,
end_task=,name=xapy,elapsed_seconds=0.023883,predicted_seconds=0.007841,time_percent_error=67.166595,nthreads=2,end_time=1743623.759341,avg_power_W=125.540541,max_power_W=138.000000,avg_time_s=0.023883,released_listeners=0,
end_task=,name=xapy,elapsed_seconds=0.023167,predicted_seconds=0.007841,time_percent_error=66.152253,nthreads=2,end_time=1743623.759384,avg_power_W=125.540541,max_power_W=138.000000,avg_time_s=0.023167,released_listeners=0,
end_task=,name=xapy,elapsed_seconds=0.030340,predicted_seconds=0.007841,time_percent_error=74.154959,nthreads=2,end_time=1743623.759415,avg_power_W=125.540541,max_power_W=138.000000,avg_time_s=0.030340,released_listeners=0,
end_task=,name=xapy,elapsed_seconds=0.022573,predicted_seconds=0.007128,time_percent_error=68.421639,nthreads=3,end_time=1743623.759443,avg_power_W=125.540541,max_power_W=138.000000,avg_time_s=0.022573,released_listeners=0,
end_task=,name=xapy,elapsed_seconds=0.024090,predicted_seconds=0.007128,time_percent_error=70.409776,nthreads=3,end_time=1743623.759470,avg_power_W=125.540541,max_power_W=138.000000,avg_time_s=0.024090,released_listeners=0,
end_task=,name=xapy,elapsed_seconds=0.024312,predicted_seconds=0.007128,time_percent_error=70.679942,nthreads=3,end_time=1743623.759506,avg_power_W=125.540541,max_power_W=138.000000,avg_time_s=0.024312,released_listeners=0,
est_max_power=127.345833,
average_power_W=125.540541,
max_power_W=138.000000,
time_s=1.867691,
message=ALL DONE,
