message=cataloging configuration,max_threads=112,power_limit=295.000000,
leveraging_slack=,task=start,time_limit=0.010125,new_time=0.010125,
leveraging_slack=,task=start,time_limit=0.010125,new_time=0.010125,
leveraging_slack=,task=start,time_limit=0.010125,new_time=0.010125,
leveraging_slack=,task=start,time_limit=0.010125,new_time=0.010125,
leveraging_slack=,task=start,time_limit=0.010125,new_time=0.010125,
start_task=,name=start,tick=1,start_time=1657116.386288,nthreads=1,
message=tick stats,tick=1,estimated_current_power=0.100000,
end_task=,name=start,elapsed_seconds=0.009955,predicted_seconds=0.000000,time_percent_error=100.000000,nthreads=1,end_time=1657116.397792,avg_power_W=-nan,max_power_W=0.000000,avg_time_s=0.009955,released_listeners=6,
leveraging_slack=,task=spmv,time_limit=0.027962,new_time=0.027962,
leveraging_slack=,task=spmv,time_limit=0.027962,new_time=0.027962,
leveraging_slack=,task=spmv,time_limit=0.027962,new_time=0.027962,
leveraging_slack=,task=spmv,time_limit=0.027962,new_time=0.027962,
leveraging_slack=,task=spmv,time_limit=0.027962,new_time=0.027962,
start_task=,name=spmv,tick=2,start_time=1657116.405104,nthreads=16,
start_task=,name=spmv,tick=2,start_time=1657116.405119,nthreads=16,
start_task=,name=spmv,tick=2,start_time=1657116.405132,nthreads=16,
start_task=,name=spmv,tick=2,start_time=1657116.405191,nthreads=16,
start_task=,name=spmv,tick=2,start_time=1657116.405755,nthreads=16,
start_task=,name=spmv,tick=2,start_time=1657116.405994,nthreads=16,
message=tick stats,tick=2,estimated_current_power=152.850000,
end_task=,name=spmv,elapsed_seconds=0.579627,predicted_seconds=0.021978,time_percent_error=96.208294,nthreads=16,end_time=1657116.985302,avg_power_W=134.909091,max_power_W=148.000000,avg_time_s=0.579627,released_listeners=1,
start_task=,name=subtract,tick=3,start_time=1657116.985424,nthreads=32,
message=tick stats,tick=3,estimated_current_power=162.975000,
end_task=,name=spmv,elapsed_seconds=0.579653,predicted_seconds=0.021978,time_percent_error=96.208467,nthreads=16,end_time=1657116.985452,avg_power_W=134.909091,max_power_W=148.000000,avg_time_s=0.579653,released_listeners=1,
end_task=,name=spmv,elapsed_seconds=0.579009,predicted_seconds=0.021978,time_percent_error=96.204245,nthreads=16,end_time=1657116.985477,avg_power_W=134.909091,max_power_W=148.000000,avg_time_s=0.579009,released_listeners=1,
leveraging_slack=,task=subtract,time_limit=0.006433,new_time=0.006433,
start_task=,name=subtract,tick=4,start_time=1657116.985838,nthreads=14,
start_task=,name=subtract,tick=4,start_time=1657116.985860,nthreads=14,
message=tick stats,tick=4,estimated_current_power=173.725000,
end_task=,name=spmv,elapsed_seconds=0.625319,predicted_seconds=0.021978,time_percent_error=96.485353,nthreads=16,end_time=1657117.031805,avg_power_W=136.083333,max_power_W=149.000000,avg_time_s=0.625319,released_listeners=1,
start_task=,name=subtract,tick=5,start_time=1657117.031913,nthreads=18,
message=tick stats,tick=5,estimated_current_power=182.225000,
end_task=,name=spmv,elapsed_seconds=0.652307,predicted_seconds=0.021978,time_percent_error=96.630768,nthreads=16,end_time=1657117.059509,avg_power_W=137.538462,max_power_W=155.000000,avg_time_s=0.652307,released_listeners=1,
start_task=,name=subtract,tick=6,start_time=1657117.059680,nthreads=18,
message=tick stats,tick=6,estimated_current_power=190.725000,
end_task=,name=subtract,elapsed_seconds=0.050155,predicted_seconds=0.000601,time_percent_error=98.802451,nthreads=18,end_time=1657117.084460,avg_power_W=137.538462,max_power_W=155.000000,avg_time_s=0.050155,released_listeners=2,
start_task=,name=copy,tick=7,start_time=1657117.084668,nthreads=11,
start_task=,name=dot,tick=7,start_time=1657117.084683,nthreads=1,
message=tick stats,tick=7,estimated_current_power=197.408333,
end_task=,name=subtract,elapsed_seconds=0.091616,predicted_seconds=0.000356,time_percent_error=99.611696,nthreads=32,end_time=1657117.084699,avg_power_W=137.538462,max_power_W=155.000000,avg_time_s=0.091616,released_listeners=2,
end_task=,name=subtract,elapsed_seconds=0.096448,predicted_seconds=0.000652,time_percent_error=99.324117,nthreads=14,end_time=1657117.084711,avg_power_W=137.538462,max_power_W=155.000000,avg_time_s=0.096448,released_listeners=2,
end_task=,name=subtract,elapsed_seconds=0.096725,predicted_seconds=0.000652,time_percent_error=99.326050,nthreads=14,end_time=1657117.084732,avg_power_W=137.538462,max_power_W=155.000000,avg_time_s=0.096725,released_listeners=2,
leveraging_slack=,task=copy,time_limit=0.006179,new_time=0.006179,
leveraging_slack=,task=copy,time_limit=0.006179,new_time=0.006179,
start_task=,name=copy,tick=8,start_time=1657117.099657,nthreads=11,
start_task=,name=dot,tick=8,start_time=1657117.099683,nthreads=1,
start_task=,name=copy,tick=8,start_time=1657117.099708,nthreads=11,
start_task=,name=copy,tick=8,start_time=1657117.099731,nthreads=11,
start_task=,name=dot,tick=8,start_time=1657117.099834,nthreads=1,
start_task=,name=dot,tick=8,start_time=1657117.099890,nthreads=1,
message=tick stats,tick=8,estimated_current_power=222.083333,
end_task=,name=spmv,elapsed_seconds=0.691559,predicted_seconds=0.021978,time_percent_error=96.822000,nthreads=16,end_time=1657117.172093,avg_power_W=140.200000,max_power_W=158.000000,avg_time_s=0.691559,released_listeners=1,
end_task=,name=subtract,elapsed_seconds=0.032168,predicted_seconds=0.000601,time_percent_error=98.132861,nthreads=18,end_time=1657117.172131,avg_power_W=140.200000,max_power_W=158.000000,avg_time_s=0.032168,released_listeners=2,
start_task=,name=subtract,tick=9,start_time=1657117.172690,nthreads=41,
start_task=,name=copy,tick=9,start_time=1657117.172716,nthreads=22,
start_task=,name=dot,tick=9,start_time=1657117.172733,nthreads=1,
message=tick stats,tick=9,estimated_current_power=246.016667,
end_task=,name=copy,elapsed_seconds=0.104184,predicted_seconds=0.000535,time_percent_error=99.486244,nthreads=11,end_time=1657117.218905,avg_power_W=140.875000,max_power_W=158.000000,avg_time_s=0.104184,released_listeners=1,
start_task=,name=spmv,tick=10,start_time=1657117.219097,nthreads=11,
message=tick stats,tick=10,estimated_current_power=238.829167,
end_task=,name=copy,elapsed_seconds=0.090432,predicted_seconds=0.000535,time_percent_error=99.408119,nthreads=11,end_time=1657117.230533,avg_power_W=140.875000,max_power_W=158.000000,avg_time_s=0.090432,released_listeners=1,
end_task=,name=copy,elapsed_seconds=0.088536,predicted_seconds=0.000535,time_percent_error=99.395443,nthreads=11,end_time=1657117.230564,avg_power_W=140.875000,max_power_W=158.000000,avg_time_s=0.088536,released_listeners=1,
end_task=,name=dot,elapsed_seconds=0.096140,predicted_seconds=0.001742,time_percent_error=98.187621,nthreads=1,end_time=1657117.230584,avg_power_W=140.875000,max_power_W=158.000000,avg_time_s=0.096140,released_listeners=1,
leveraging_slack=,task=spmv,time_limit=0.034403,new_time=0.034403,
start_task=,name=spmv,tick=11,start_time=1657117.231033,nthreads=11,
start_task=,name=spmv,tick=11,start_time=1657117.231048,nthreads=11,
message=tick stats,tick=11,estimated_current_power=211.395833,
end_task=,name=dot,elapsed_seconds=0.113509,predicted_seconds=0.001742,time_percent_error=98.464947,nthreads=1,end_time=1657117.231068,avg_power_W=140.875000,max_power_W=158.000000,avg_time_s=0.113509,released_listeners=1,
end_task=,name=copy,elapsed_seconds=0.094396,predicted_seconds=0.000535,time_percent_error=99.432977,nthreads=11,end_time=1657117.231079,avg_power_W=140.875000,max_power_W=158.000000,avg_time_s=0.094396,released_listeners=1,
end_task=,name=dot,elapsed_seconds=0.089733,predicted_seconds=0.001742,time_percent_error=98.058227,nthreads=1,end_time=1657117.231098,avg_power_W=140.875000,max_power_W=158.000000,avg_time_s=0.089733,released_listeners=1,
start_task=,name=spmv,tick=12,start_time=1657117.231217,nthreads=13,
message=tick stats,tick=12,estimated_current_power=180.841667,
end_task=,name=subtract,elapsed_seconds=0.051901,predicted_seconds=0.000260,time_percent_error=99.500007,nthreads=41,end_time=1657117.269133,avg_power_W=141.647059,max_power_W=158.000000,avg_time_s=0.051901,released_listeners=2,
end_task=,name=dot,elapsed_seconds=0.057361,predicted_seconds=0.001742,time_percent_error=96.962360,nthreads=1,end_time=1657117.269161,avg_power_W=141.647059,max_power_W=158.000000,avg_time_s=0.057361,released_listeners=1,
start_task=,name=dot,tick=13,start_time=1657117.269506,nthreads=1,
start_task=,name=copy,tick=13,start_time=1657117.269548,nthreads=42,
message=tick stats,tick=13,estimated_current_power=182.716667,
end_task=,name=dot,elapsed_seconds=0.126118,predicted_seconds=0.001742,time_percent_error=98.618424,nthreads=1,end_time=1657117.269581,avg_power_W=141.647059,max_power_W=158.000000,avg_time_s=0.126118,released_listeners=1,
end_task=,name=copy,elapsed_seconds=0.055006,predicted_seconds=0.000309,time_percent_error=99.438240,nthreads=22,end_time=1657117.269601,avg_power_W=141.647059,max_power_W=158.000000,avg_time_s=0.055006,released_listeners=1,
start_task=,name=spmv,tick=14,start_time=1657117.269822,nthreads=23,
message=tick stats,tick=14,estimated_current_power=173.533333,
end_task=,name=copy,elapsed_seconds=0.034822,predicted_seconds=0.000143,time_percent_error=99.589698,nthreads=42,end_time=1657117.314348,avg_power_W=142.277778,max_power_W=158.000000,avg_time_s=0.034822,released_listeners=1,
start_task=,name=spmv,tick=15,start_time=1657117.314484,nthreads=41,
message=tick stats,tick=15,estimated_current_power=178.783333,
end_task=,name=dot,elapsed_seconds=0.039031,predicted_seconds=0.001742,time_percent_error=95.535785,nthreads=1,end_time=1657117.314512,avg_power_W=142.277778,max_power_W=158.000000,avg_time_s=0.039031,released_listeners=1,
start_task=,name=sum_contribs,tick=16,start_time=1657117.314538,nthreads=1,
message=tick stats,tick=16,estimated_current_power=165.825000,
end_task=,name=spmv,elapsed_seconds=0.167760,predicted_seconds=0.032900,time_percent_error=80.388677,nthreads=11,end_time=1657117.400118,avg_power_W=144.050000,max_power_W=163.000000,avg_time_s=0.167760,released_listeners=1,
end_task=,name=spmv,elapsed_seconds=0.155828,predicted_seconds=0.032900,time_percent_error=78.887082,nthreads=11,end_time=1657117.400164,avg_power_W=144.050000,max_power_W=163.000000,avg_time_s=0.155828,released_listeners=1,
end_task=,name=spmv,elapsed_seconds=0.155819,predicted_seconds=0.032900,time_percent_error=78.885782,nthreads=11,end_time=1657117.400196,avg_power_W=144.050000,max_power_W=163.000000,avg_time_s=0.155819,released_listeners=1,
end_task=,name=spmv,elapsed_seconds=0.158992,predicted_seconds=0.026866,time_percent_error=83.102534,nthreads=13,end_time=1657117.400228,avg_power_W=144.050000,max_power_W=163.000000,avg_time_s=0.158992,released_listeners=1,
end_task=,name=spmv,elapsed_seconds=0.116988,predicted_seconds=0.015274,time_percent_error=86.944336,nthreads=23,end_time=1657117.400259,avg_power_W=144.050000,max_power_W=163.000000,avg_time_s=0.116988,released_listeners=1,
end_task=,name=sum_contribs,elapsed_seconds=0.072588,predicted_seconds=0.000052,time_percent_error=99.928363,nthreads=1,end_time=1657117.400293,avg_power_W=144.050000,max_power_W=163.000000,avg_time_s=0.072588,released_listeners=1,
leveraging_slack=,task=dot,time_limit=0.001690,new_time=0.001690,
start_task=,name=dot,tick=17,start_time=1657117.402613,nthreads=13,
start_task=,name=dot,tick=17,start_time=1657117.402642,nthreads=13,
start_task=,name=dot,tick=17,start_time=1657117.402667,nthreads=13,
start_task=,name=dot,tick=17,start_time=1657117.402694,nthreads=13,
start_task=,name=dot,tick=17,start_time=1657117.402753,nthreads=13,
message=tick stats,tick=17,estimated_current_power=176.850000,
end_task=,name=spmv,elapsed_seconds=0.091536,predicted_seconds=0.009010,time_percent_error=90.156524,nthreads=41,end_time=1657117.450934,avg_power_W=144.809524,max_power_W=163.000000,avg_time_s=0.091536,released_listeners=1,
start_task=,name=dot,tick=18,start_time=1657117.450989,nthreads=41,
message=tick stats,tick=18,estimated_current_power=170.100000,
end_task=,name=dot,elapsed_seconds=0.051737,predicted_seconds=0.000311,time_percent_error=99.398242,nthreads=13,end_time=1657117.474890,avg_power_W=144.809524,max_power_W=163.000000,avg_time_s=0.051737,released_listeners=1,
end_task=,name=dot,elapsed_seconds=0.051714,predicted_seconds=0.000311,time_percent_error=99.397974,nthreads=13,end_time=1657117.474934,avg_power_W=144.809524,max_power_W=163.000000,avg_time_s=0.051714,released_listeners=1,
end_task=,name=dot,elapsed_seconds=0.051943,predicted_seconds=0.000311,time_percent_error=99.400628,nthreads=13,end_time=1657117.474973,avg_power_W=144.809524,max_power_W=163.000000,avg_time_s=0.051943,released_listeners=1,
end_task=,name=dot,elapsed_seconds=0.052113,predicted_seconds=0.000311,time_percent_error=99.402582,nthreads=13,end_time=1657117.474995,avg_power_W=144.809524,max_power_W=163.000000,avg_time_s=0.052113,released_listeners=1,
end_task=,name=dot,elapsed_seconds=0.071822,predicted_seconds=0.000311,time_percent_error=99.566523,nthreads=13,end_time=1657117.475863,avg_power_W=144.809524,max_power_W=163.000000,avg_time_s=0.071822,released_listeners=1,
end_task=,name=dot,elapsed_seconds=0.033084,predicted_seconds=0.000125,time_percent_error=99.622179,nthreads=41,end_time=1657117.485249,avg_power_W=144.809524,max_power_W=163.000000,avg_time_s=0.033084,released_listeners=1,
start_task=,name=sum_contribs,tick=19,start_time=1657117.485297,nthreads=1,
message=tick stats,tick=19,estimated_current_power=0.100000,
end_task=,name=sum_contribs,elapsed_seconds=0.016689,predicted_seconds=0.000052,time_percent_error=99.688419,nthreads=1,end_time=1657117.502852,avg_power_W=145.227273,max_power_W=163.000000,avg_time_s=0.016689,released_listeners=1,
leveraging_slack=,task=comp_alpha,time_limit=0.001327,new_time=0.001327,
start_task=,name=comp_alpha,tick=20,start_time=1657117.502889,nthreads=23,
message=tick stats,tick=20,estimated_current_power=27.100000,
end_task=,name=comp_alpha,elapsed_seconds=0.014711,predicted_seconds=0.000044,time_percent_error=99.700896,nthreads=23,end_time=1657117.518508,avg_power_W=145.227273,max_power_W=163.000000,avg_time_s=0.014711,released_listeners=12,
leveraging_slack=,task=axpy,time_limit=0.003630,new_time=0.003630,
start_task=,name=axpy,tick=21,start_time=1657117.518629,nthreads=1,
start_task=,name=axpy,tick=21,start_time=1657117.518641,nthreads=1,
start_task=,name=axpy,tick=21,start_time=1657117.518652,nthreads=1,
start_task=,name=axpy,tick=21,start_time=1657117.518663,nthreads=1,
start_task=,name=axpy,tick=21,start_time=1657117.518708,nthreads=1,
start_task=,name=axpy,tick=21,start_time=1657117.518743,nthreads=1,
start_task=,name=axpy,tick=21,start_time=1657117.519016,nthreads=1,
start_task=,name=axpy,tick=21,start_time=1657117.519039,nthreads=1,
start_task=,name=axpy,tick=21,start_time=1657117.519060,nthreads=1,
start_task=,name=axpy,tick=21,start_time=1657117.519082,nthreads=1,
start_task=,name=axpy,tick=21,start_time=1657117.519119,nthreads=1,
start_task=,name=axpy,tick=21,start_time=1657117.519191,nthreads=1,
message=tick stats,tick=21,estimated_current_power=114.450000,
end_task=,name=axpy,elapsed_seconds=0.133315,predicted_seconds=0.003176,time_percent_error=97.617855,nthreads=1,end_time=1657117.661523,avg_power_W=146.080000,max_power_W=163.000000,avg_time_s=0.133315,released_listeners=1,
start_task=,name=dot,tick=22,start_time=1657117.661576,nthreads=55,
message=tick stats,tick=22,estimated_current_power=160.845833,
end_task=,name=axpy,elapsed_seconds=0.132133,predicted_seconds=0.003176,time_percent_error=97.596541,nthreads=1,end_time=1657117.661860,avg_power_W=146.080000,max_power_W=163.000000,avg_time_s=0.132133,released_listeners=0,
end_task=,name=axpy,elapsed_seconds=0.133877,predicted_seconds=0.003176,time_percent_error=97.627860,nthreads=1,end_time=1657117.661887,avg_power_W=146.080000,max_power_W=163.000000,avg_time_s=0.133877,released_listeners=0,
end_task=,name=axpy,elapsed_seconds=0.132418,predicted_seconds=0.003176,time_percent_error=97.601715,nthreads=1,end_time=1657117.661906,avg_power_W=146.080000,max_power_W=163.000000,avg_time_s=0.132418,released_listeners=1,
end_task=,name=axpy,elapsed_seconds=0.135096,predicted_seconds=0.003176,time_percent_error=97.649264,nthreads=1,end_time=1657117.661921,avg_power_W=146.080000,max_power_W=163.000000,avg_time_s=0.135096,released_listeners=0,
end_task=,name=axpy,elapsed_seconds=0.137432,predicted_seconds=0.003176,time_percent_error=97.689214,nthreads=1,end_time=1657117.661946,avg_power_W=146.080000,max_power_W=163.000000,avg_time_s=0.137432,released_listeners=1,
end_task=,name=axpy,elapsed_seconds=0.135842,predicted_seconds=0.003176,time_percent_error=97.662166,nthreads=1,end_time=1657117.661965,avg_power_W=146.080000,max_power_W=163.000000,avg_time_s=0.135842,released_listeners=0,
end_task=,name=axpy,elapsed_seconds=0.140931,predicted_seconds=0.003176,time_percent_error=97.746592,nthreads=1,end_time=1657117.661983,avg_power_W=146.080000,max_power_W=163.000000,avg_time_s=0.140931,released_listeners=1,
end_task=,name=axpy,elapsed_seconds=0.139036,predicted_seconds=0.003176,time_percent_error=97.715879,nthreads=1,end_time=1657117.661999,avg_power_W=146.080000,max_power_W=163.000000,avg_time_s=0.139036,released_listeners=0,
leveraging_slack=,task=dot,time_limit=0.000642,new_time=0.000642,
leveraging_slack=,task=dot,time_limit=0.000642,new_time=0.000642,
start_task=,name=dot,tick=23,start_time=1657117.662068,nthreads=13,
start_task=,name=dot,tick=23,start_time=1657117.662084,nthreads=13,
start_task=,name=dot,tick=23,start_time=1657117.662102,nthreads=13,
message=tick stats,tick=23,estimated_current_power=160.970833,
end_task=,name=axpy,elapsed_seconds=0.146643,predicted_seconds=0.003176,time_percent_error=97.834367,nthreads=1,end_time=1657117.699650,avg_power_W=146.346154,max_power_W=163.000000,avg_time_s=0.146643,released_listeners=1,
start_task=,name=dot,tick=24,start_time=1657117.699729,nthreads=13,
message=tick stats,tick=24,estimated_current_power=176.908333,
end_task=,name=axpy,elapsed_seconds=0.138582,predicted_seconds=0.003176,time_percent_error=97.708403,nthreads=1,end_time=1657117.699776,avg_power_W=146.346154,max_power_W=163.000000,avg_time_s=0.138582,released_listeners=0,
end_task=,name=axpy,elapsed_seconds=0.145384,predicted_seconds=0.003176,time_percent_error=97.815616,nthreads=1,end_time=1657117.699856,avg_power_W=146.346154,max_power_W=163.000000,avg_time_s=0.145384,released_listeners=1,
start_task=,name=dot,tick=25,start_time=1657117.699925,nthreads=4,
message=tick stats,tick=25,estimated_current_power=173.100000,
end_task=,name=dot,elapsed_seconds=0.038479,predicted_seconds=0.000311,time_percent_error=99.190898,nthreads=13,end_time=1657117.720407,avg_power_W=146.346154,max_power_W=163.000000,avg_time_s=0.038479,released_listeners=1,
end_task=,name=dot,elapsed_seconds=0.038583,predicted_seconds=0.000311,time_percent_error=99.193080,nthreads=13,end_time=1657117.720437,avg_power_W=146.346154,max_power_W=163.000000,avg_time_s=0.038583,released_listeners=1,
end_task=,name=dot,elapsed_seconds=0.038536,predicted_seconds=0.000124,time_percent_error=99.678657,nthreads=55,end_time=1657117.720455,avg_power_W=146.346154,max_power_W=163.000000,avg_time_s=0.038536,released_listeners=1,
end_task=,name=dot,elapsed_seconds=0.061700,predicted_seconds=0.000311,time_percent_error=99.495410,nthreads=13,end_time=1657117.732127,avg_power_W=146.346154,max_power_W=163.000000,avg_time_s=0.061700,released_listeners=1,
end_task=,name=dot,elapsed_seconds=0.024317,predicted_seconds=0.000311,time_percent_error=98.719663,nthreads=13,end_time=1657117.732147,avg_power_W=146.346154,max_power_W=163.000000,avg_time_s=0.024317,released_listeners=1,
end_task=,name=dot,elapsed_seconds=0.034726,predicted_seconds=0.000674,time_percent_error=98.058238,nthreads=4,end_time=1657117.735048,avg_power_W=146.346154,max_power_W=163.000000,avg_time_s=0.034726,released_listeners=1,
start_task=,name=sum_contribs,tick=26,start_time=1657117.735065,nthreads=1,
message=tick stats,tick=26,estimated_current_power=0.100000,
end_task=,name=sum_contribs,elapsed_seconds=0.016761,predicted_seconds=0.000052,time_percent_error=99.689752,nthreads=1,end_time=1657117.752135,avg_power_W=146.592593,max_power_W=163.000000,avg_time_s=0.016761,released_listeners=2,
leveraging_slack=,task=comp_beta,time_limit=0.000279,new_time=0.000279,
leveraging_slack=,task=assign,time_limit=0.000279,new_time=0.000044,
leveraging_slack=,task=assign,time_limit=0.000279,new_time=0.000044,
leveraging_slack=,task=assign,time_limit=0.000279,new_time=0.000046,
leveraging_slack=,task=assign,time_limit=0.000279,new_time=0.000050,
start_task=,name=comp_beta,tick=27,start_time=1657117.752192,nthreads=96,
start_task=,name=assign,tick=27,start_time=1657117.752206,nthreads=1,
message=tick stats,tick=27,estimated_current_power=27.200000,
end_task=,name=comp_beta,elapsed_seconds=0.015475,predicted_seconds=0.000045,time_percent_error=99.709204,nthreads=96,end_time=1657117.776266,avg_power_W=146.592593,max_power_W=163.000000,avg_time_s=0.015475,released_listeners=6,
leveraging_slack=,task=xapy,time_limit=0.003864,new_time=0.003864,
start_task=,name=xapy,tick=28,start_time=1657117.776305,nthreads=18,
start_task=,name=xapy,tick=28,start_time=1657117.776320,nthreads=18,
start_task=,name=xapy,tick=28,start_time=1657117.776335,nthreads=18,
start_task=,name=xapy,tick=28,start_time=1657117.776368,nthreads=18,
start_task=,name=xapy,tick=28,start_time=1657117.776403,nthreads=18,
start_task=,name=xapy,tick=28,start_time=1657117.776657,nthreads=18,
message=tick stats,tick=28,estimated_current_power=188.450000,
end_task=,name=assign,elapsed_seconds=0.025722,predicted_seconds=0.000050,time_percent_error=99.805612,nthreads=1,end_time=1657117.849751,avg_power_W=146.896552,max_power_W=163.000000,avg_time_s=0.025722,released_listeners=0,
end_task=,name=xapy,elapsed_seconds=0.070112,predicted_seconds=0.003864,time_percent_error=94.488125,nthreads=18,end_time=1657117.855090,avg_power_W=146.896552,max_power_W=163.000000,avg_time_s=0.070112,released_listeners=0,
end_task=,name=xapy,elapsed_seconds=0.070133,predicted_seconds=0.003864,time_percent_error=94.489744,nthreads=18,end_time=1657117.855369,avg_power_W=146.896552,max_power_W=163.000000,avg_time_s=0.070133,released_listeners=0,
end_task=,name=xapy,elapsed_seconds=0.072184,predicted_seconds=0.003864,time_percent_error=94.646335,nthreads=18,end_time=1657117.855397,avg_power_W=146.896552,max_power_W=163.000000,avg_time_s=0.072184,released_listeners=0,
end_task=,name=xapy,elapsed_seconds=0.072682,predicted_seconds=0.003864,time_percent_error=94.682994,nthreads=18,end_time=1657117.855417,avg_power_W=146.896552,max_power_W=163.000000,avg_time_s=0.072682,released_listeners=0,
end_task=,name=xapy,elapsed_seconds=0.072984,predicted_seconds=0.003864,time_percent_error=94.705021,nthreads=18,end_time=1657117.855434,avg_power_W=146.896552,max_power_W=163.000000,avg_time_s=0.072984,released_listeners=0,
end_task=,name=xapy,elapsed_seconds=0.085848,predicted_seconds=0.003864,time_percent_error=95.498422,nthreads=18,end_time=1657117.862972,avg_power_W=146.896552,max_power_W=163.000000,avg_time_s=0.085848,released_listeners=0,
est_max_power=246.016667,
average_power_W=146.896552,
max_power_W=163.000000,
time_s=1.476953,
message=ALL DONE,
