message=cataloging configuration,max_threads=112,power_limit=190.000000,
leveraging_slack=,task=start,time_limit=0.010125,new_time=0.010125,
leveraging_slack=,task=start,time_limit=0.010125,new_time=0.010125,
leveraging_slack=,task=start,time_limit=0.010125,new_time=0.010125,
leveraging_slack=,task=start,time_limit=0.010125,new_time=0.010125,
leveraging_slack=,task=start,time_limit=0.010125,new_time=0.010125,
start_task=,name=start,tick=1,start_time=1656773.324045,nthreads=1,
message=tick stats,tick=1,estimated_current_power=0.100000,
end_task=,name=start,elapsed_seconds=0.010397,predicted_seconds=0.000000,time_percent_error=100.000000,nthreads=1,end_time=1656773.335889,avg_power_W=-nan,max_power_W=0.000000,avg_time_s=0.010397,released_listeners=6,
leveraging_slack=,task=spmv,time_limit=0.027962,new_time=0.027962,
leveraging_slack=,task=spmv,time_limit=0.027962,new_time=0.027962,
leveraging_slack=,task=spmv,time_limit=0.027962,new_time=0.027962,
leveraging_slack=,task=spmv,time_limit=0.027962,new_time=0.027962,
leveraging_slack=,task=spmv,time_limit=0.027962,new_time=0.027962,
start_task=,name=spmv,tick=2,start_time=1656773.343174,nthreads=16,
start_task=,name=spmv,tick=2,start_time=1656773.343189,nthreads=16,
start_task=,name=spmv,tick=2,start_time=1656773.343261,nthreads=16,
start_task=,name=spmv,tick=2,start_time=1656773.343291,nthreads=16,
start_task=,name=spmv,tick=2,start_time=1656773.343836,nthreads=16,
start_task=,name=spmv,tick=2,start_time=1656773.344575,nthreads=16,
message=tick stats,tick=2,estimated_current_power=152.850000,
end_task=,name=spmv,elapsed_seconds=0.426940,predicted_seconds=0.021978,time_percent_error=94.852264,nthreads=16,end_time=1656773.770715,avg_power_W=130.750000,max_power_W=142.000000,avg_time_s=0.426940,released_listeners=1,
start_task=,name=subtract,tick=3,start_time=1656773.770807,nthreads=32,
message=tick stats,tick=3,estimated_current_power=162.975000,
end_task=,name=spmv,elapsed_seconds=0.514241,predicted_seconds=0.021978,time_percent_error=95.726181,nthreads=16,end_time=1656773.857826,avg_power_W=134.100000,max_power_W=148.000000,avg_time_s=0.514241,released_listeners=1,
start_task=,name=subtract,tick=4,start_time=1656773.857946,nthreads=14,
message=tick stats,tick=4,estimated_current_power=168.350000,
end_task=,name=spmv,elapsed_seconds=0.517969,predicted_seconds=0.021978,time_percent_error=95.756939,nthreads=16,end_time=1656773.863812,avg_power_W=134.100000,max_power_W=148.000000,avg_time_s=0.517969,released_listeners=1,
start_task=,name=subtract,tick=5,start_time=1656773.863918,nthreads=18,
message=tick stats,tick=5,estimated_current_power=176.850000,
end_task=,name=spmv,elapsed_seconds=0.552716,predicted_seconds=0.021978,time_percent_error=96.023682,nthreads=16,end_time=1656773.897705,avg_power_W=135.363636,max_power_W=148.000000,avg_time_s=0.552716,released_listeners=1,
start_task=,name=subtract,tick=6,start_time=1656773.897859,nthreads=14,
message=tick stats,tick=6,estimated_current_power=182.225000,
end_task=,name=subtract,elapsed_seconds=0.208616,predicted_seconds=0.000356,time_percent_error=99.829471,nthreads=32,end_time=1656773.987434,avg_power_W=138.384615,max_power_W=156.000000,avg_time_s=0.208616,released_listeners=2,
end_task=,name=subtract,elapsed_seconds=0.121461,predicted_seconds=0.000652,time_percent_error=99.463305,nthreads=14,end_time=1656773.987489,avg_power_W=138.384615,max_power_W=156.000000,avg_time_s=0.121461,released_listeners=2,
end_task=,name=subtract,elapsed_seconds=0.081526,predicted_seconds=0.000652,time_percent_error=99.200412,nthreads=14,end_time=1656773.987527,avg_power_W=138.384615,max_power_W=156.000000,avg_time_s=0.081526,released_listeners=2,
leveraging_slack=,task=copy,time_limit=0.006564,new_time=0.006564,
leveraging_slack=,task=copy,time_limit=0.006564,new_time=0.006564,
start_task=,name=copy,tick=7,start_time=1656773.991307,nthreads=4,
start_task=,name=dot,tick=7,start_time=1656773.991333,nthreads=1,
start_task=,name=copy,tick=7,start_time=1656773.991357,nthreads=4,
start_task=,name=copy,tick=7,start_time=1656773.991379,nthreads=4,
start_task=,name=dot,tick=7,start_time=1656773.991441,nthreads=1,
start_task=,name=dot,tick=7,start_time=1656773.991506,nthreads=1,
message=tick stats,tick=7,estimated_current_power=186.650000,
end_task=,name=spmv,elapsed_seconds=0.635487,predicted_seconds=0.021978,time_percent_error=96.541591,nthreads=16,end_time=1656773.991584,avg_power_W=138.384615,max_power_W=156.000000,avg_time_s=0.635487,released_listeners=1,
end_task=,name=subtract,elapsed_seconds=0.124474,predicted_seconds=0.000601,time_percent_error=99.517469,nthreads=18,end_time=1656773.991624,avg_power_W=138.384615,max_power_W=156.000000,avg_time_s=0.124474,released_listeners=2,
start_task=,name=dot,tick=8,start_time=1656773.992333,nthreads=1,
start_task=,name=copy,tick=8,start_time=1656773.992351,nthreads=7,
start_task=,name=subtract,tick=8,start_time=1656773.992364,nthreads=10,
message=tick stats,tick=8,estimated_current_power=189.833333,
end_task=,name=spmv,elapsed_seconds=0.653434,predicted_seconds=0.021978,time_percent_error=96.636575,nthreads=16,end_time=1656774.065185,avg_power_W=139.285714,max_power_W=156.000000,avg_time_s=0.653434,released_listeners=1,
start_task=,name=subtract,tick=9,start_time=1656774.065332,nthreads=7,
message=tick stats,tick=9,estimated_current_power=188.333333,
end_task=,name=dot,elapsed_seconds=0.078611,predicted_seconds=0.001742,time_percent_error=97.783505,nthreads=1,end_time=1656774.087050,avg_power_W=140.066667,max_power_W=156.000000,avg_time_s=0.078611,released_listeners=1,
end_task=,name=dot,elapsed_seconds=0.089595,predicted_seconds=0.001742,time_percent_error=98.055233,nthreads=1,end_time=1656774.097003,avg_power_W=140.066667,max_power_W=156.000000,avg_time_s=0.089595,released_listeners=1,
end_task=,name=copy,elapsed_seconds=0.091402,predicted_seconds=0.000920,time_percent_error=98.993316,nthreads=4,end_time=1656774.097194,avg_power_W=140.066667,max_power_W=156.000000,avg_time_s=0.091402,released_listeners=1,
end_task=,name=dot,elapsed_seconds=0.099784,predicted_seconds=0.001742,time_percent_error=98.253807,nthreads=1,end_time=1656774.097227,avg_power_W=140.066667,max_power_W=156.000000,avg_time_s=0.099784,released_listeners=1,
end_task=,name=copy,elapsed_seconds=0.090429,predicted_seconds=0.000688,time_percent_error=99.238625,nthreads=7,end_time=1656774.097258,avg_power_W=140.066667,max_power_W=156.000000,avg_time_s=0.090429,released_listeners=1,
start_task=,name=spmv,tick=10,start_time=1656774.097592,nthreads=34,
start_task=,name=spmv,tick=10,start_time=1656774.097612,nthreads=34,
message=tick stats,tick=10,estimated_current_power=188.783333,
end_task=,name=copy,elapsed_seconds=0.096642,predicted_seconds=0.000920,time_percent_error=99.047902,nthreads=4,end_time=1656774.097630,avg_power_W=140.066667,max_power_W=156.000000,avg_time_s=0.096642,released_listeners=1,
end_task=,name=copy,elapsed_seconds=0.101708,predicted_seconds=0.000920,time_percent_error=99.095329,nthreads=4,end_time=1656774.097640,avg_power_W=140.066667,max_power_W=156.000000,avg_time_s=0.101708,released_listeners=1,
end_task=,name=dot,elapsed_seconds=0.102269,predicted_seconds=0.001742,time_percent_error=98.296234,nthreads=1,end_time=1656774.097655,avg_power_W=140.066667,max_power_W=156.000000,avg_time_s=0.102269,released_listeners=1,
end_task=,name=subtract,elapsed_seconds=0.103514,predicted_seconds=0.000741,time_percent_error=99.283916,nthreads=10,end_time=1656774.097671,avg_power_W=140.066667,max_power_W=156.000000,avg_time_s=0.103514,released_listeners=2,
leveraging_slack=,task=spmv,time_limit=0.023481,new_time=0.023481,
start_task=,name=copy,tick=11,start_time=1656774.099674,nthreads=1,
start_task=,name=dot,tick=11,start_time=1656774.099700,nthreads=1,
start_task=,name=spmv,tick=11,start_time=1656774.099726,nthreads=16,
start_task=,name=spmv,tick=11,start_time=1656774.099755,nthreads=16,
message=tick stats,tick=11,estimated_current_power=185.158333,
end_task=,name=subtract,elapsed_seconds=0.034873,predicted_seconds=0.000903,time_percent_error=97.410948,nthreads=7,end_time=1656774.161839,avg_power_W=140.750000,max_power_W=156.000000,avg_time_s=0.034873,released_listeners=2,
start_task=,name=copy,tick=12,start_time=1656774.162155,nthreads=1,
start_task=,name=dot,tick=12,start_time=1656774.162179,nthreads=1,
message=tick stats,tick=12,estimated_current_power=188.466667,
end_task=,name=dot,elapsed_seconds=0.070537,predicted_seconds=0.001742,time_percent_error=97.529798,nthreads=1,end_time=1656774.199237,avg_power_W=141.352941,max_power_W=156.000000,avg_time_s=0.070537,released_listeners=1,
end_task=,name=spmv,elapsed_seconds=0.089528,predicted_seconds=0.010852,time_percent_error=87.878576,nthreads=34,end_time=1656774.199282,avg_power_W=141.352941,max_power_W=156.000000,avg_time_s=0.089528,released_listeners=1,
end_task=,name=spmv,elapsed_seconds=0.090000,predicted_seconds=0.010852,time_percent_error=87.942097,nthreads=34,end_time=1656774.199301,avg_power_W=141.352941,max_power_W=156.000000,avg_time_s=0.090000,released_listeners=1,
leveraging_slack=,task=dot,time_limit=0.001509,new_time=0.001509,
start_task=,name=dot,tick=13,start_time=1656774.199392,nthreads=37,
start_task=,name=dot,tick=13,start_time=1656774.199411,nthreads=37,
message=tick stats,tick=13,estimated_current_power=172.991667,
end_task=,name=copy,elapsed_seconds=0.083215,predicted_seconds=0.002740,time_percent_error=96.707343,nthreads=1,end_time=1656774.208909,avg_power_W=141.352941,max_power_W=156.000000,avg_time_s=0.083215,released_listeners=1,
start_task=,name=spmv,tick=14,start_time=1656774.209110,nthreads=4,
message=tick stats,tick=14,estimated_current_power=170.116667,
end_task=,name=dot,elapsed_seconds=0.043084,predicted_seconds=0.001742,time_percent_error=95.955750,nthreads=1,end_time=1656774.241401,avg_power_W=142.666667,max_power_W=165.000000,avg_time_s=0.043084,released_listeners=1,
end_task=,name=dot,elapsed_seconds=0.041464,predicted_seconds=0.000129,time_percent_error=99.687778,nthreads=37,end_time=1656774.241435,avg_power_W=142.666667,max_power_W=165.000000,avg_time_s=0.041464,released_listeners=1,
start_task=,name=sum_contribs,tick=15,start_time=1656774.241460,nthreads=1,
message=tick stats,tick=15,estimated_current_power=116.891667,
end_task=,name=spmv,elapsed_seconds=0.115008,predicted_seconds=0.021978,time_percent_error=80.890253,nthreads=16,end_time=1656774.241483,avg_power_W=142.666667,max_power_W=165.000000,avg_time_s=0.115008,released_listeners=1,
end_task=,name=copy,elapsed_seconds=0.075551,predicted_seconds=0.002740,time_percent_error=96.373325,nthreads=1,end_time=1656774.241510,avg_power_W=142.666667,max_power_W=165.000000,avg_time_s=0.075551,released_listeners=1,
start_task=,name=dot,tick=16,start_time=1656774.241757,nthreads=1,
start_task=,name=spmv,tick=16,start_time=1656774.241784,nthreads=53,
message=tick stats,tick=16,estimated_current_power=152.412500,
end_task=,name=sum_contribs,elapsed_seconds=0.023942,predicted_seconds=0.000052,time_percent_error=99.782810,nthreads=1,end_time=1656774.287414,avg_power_W=143.578947,max_power_W=165.000000,avg_time_s=0.023942,released_listeners=1,
end_task=,name=dot,elapsed_seconds=0.028435,predicted_seconds=0.001742,time_percent_error=93.872261,nthreads=1,end_time=1656774.287464,avg_power_W=143.578947,max_power_W=165.000000,avg_time_s=0.028435,released_listeners=1,
end_task=,name=spmv,elapsed_seconds=0.147573,predicted_seconds=0.021978,time_percent_error=85.107203,nthreads=16,end_time=1656774.287500,avg_power_W=143.578947,max_power_W=165.000000,avg_time_s=0.147573,released_listeners=1,
end_task=,name=dot,elapsed_seconds=0.043352,predicted_seconds=0.000129,time_percent_error=99.701379,nthreads=37,end_time=1656774.287539,avg_power_W=143.578947,max_power_W=165.000000,avg_time_s=0.043352,released_listeners=1,
start_task=,name=dot,tick=17,start_time=1656774.287598,nthreads=55,
message=tick stats,tick=17,estimated_current_power=129.445833,
end_task=,name=spmv,elapsed_seconds=0.056048,predicted_seconds=0.007513,time_percent_error=86.594559,nthreads=53,end_time=1656774.299979,avg_power_W=143.578947,max_power_W=165.000000,avg_time_s=0.056048,released_listeners=1,
start_task=,name=dot,tick=18,start_time=1656774.300055,nthreads=51,
message=tick stats,tick=18,estimated_current_power=119.383333,
end_task=,name=dot,elapsed_seconds=0.016104,predicted_seconds=0.000124,time_percent_error=99.231020,nthreads=55,end_time=1656774.314882,avg_power_W=143.578947,max_power_W=165.000000,avg_time_s=0.016104,released_listeners=1,
end_task=,name=dot,elapsed_seconds=0.022590,predicted_seconds=0.000124,time_percent_error=99.451463,nthreads=51,end_time=1656774.337857,avg_power_W=144.400000,max_power_W=165.000000,avg_time_s=0.022590,released_listeners=1,
end_task=,name=spmv,elapsed_seconds=0.294605,predicted_seconds=0.085229,time_percent_error=71.070172,nthreads=4,end_time=1656774.504156,avg_power_W=145.565217,max_power_W=165.000000,avg_time_s=0.294605,released_listeners=1,
start_task=,name=dot,tick=19,start_time=1656774.504224,nthreads=55,
message=tick stats,tick=19,estimated_current_power=55.933333,
end_task=,name=dot,elapsed_seconds=0.027062,predicted_seconds=0.000124,time_percent_error=99.542403,nthreads=55,end_time=1656774.537340,avg_power_W=145.791667,max_power_W=165.000000,avg_time_s=0.027062,released_listeners=1,
start_task=,name=sum_contribs,tick=20,start_time=1656774.537396,nthreads=1,
message=tick stats,tick=20,estimated_current_power=0.100000,
end_task=,name=sum_contribs,elapsed_seconds=0.021066,predicted_seconds=0.000052,time_percent_error=99.753160,nthreads=1,end_time=1656774.559313,avg_power_W=145.791667,max_power_W=165.000000,avg_time_s=0.021066,released_listeners=1,
leveraging_slack=,task=comp_alpha,time_limit=0.001327,new_time=0.001327,
start_task=,name=comp_alpha,tick=21,start_time=1656774.559373,nthreads=23,
message=tick stats,tick=21,estimated_current_power=27.100000,
end_task=,name=comp_alpha,elapsed_seconds=0.015315,predicted_seconds=0.000044,time_percent_error=99.712694,nthreads=23,end_time=1656774.587279,avg_power_W=145.840000,max_power_W=165.000000,avg_time_s=0.015315,released_listeners=12,
leveraging_slack=,task=axpy,time_limit=0.003630,new_time=0.003630,
start_task=,name=axpy,tick=22,start_time=1656774.587547,nthreads=1,
start_task=,name=axpy,tick=22,start_time=1656774.587573,nthreads=1,
start_task=,name=axpy,tick=22,start_time=1656774.587599,nthreads=1,
start_task=,name=axpy,tick=22,start_time=1656774.587620,nthreads=1,
start_task=,name=axpy,tick=22,start_time=1656774.587700,nthreads=1,
start_task=,name=axpy,tick=22,start_time=1656774.587753,nthreads=1,
start_task=,name=axpy,tick=22,start_time=1656774.588159,nthreads=1,
start_task=,name=axpy,tick=22,start_time=1656774.588190,nthreads=1,
start_task=,name=axpy,tick=22,start_time=1656774.588215,nthreads=1,
start_task=,name=axpy,tick=22,start_time=1656774.588241,nthreads=1,
start_task=,name=axpy,tick=22,start_time=1656774.588271,nthreads=1,
start_task=,name=axpy,tick=22,start_time=1656774.588298,nthreads=1,
message=tick stats,tick=22,estimated_current_power=114.450000,
end_task=,name=axpy,elapsed_seconds=0.146487,predicted_seconds=0.003176,time_percent_error=97.832054,nthreads=1,end_time=1656774.737471,avg_power_W=146.000000,max_power_W=165.000000,avg_time_s=0.146487,released_listeners=1,
end_task=,name=axpy,elapsed_seconds=0.141930,predicted_seconds=0.003176,time_percent_error=97.762448,nthreads=1,end_time=1656774.737531,avg_power_W=146.000000,max_power_W=165.000000,avg_time_s=0.141930,released_listeners=1,
leveraging_slack=,task=dot,time_limit=0.000456,new_time=0.000456,
start_task=,name=dot,tick=23,start_time=1656774.737599,nthreads=41,
start_task=,name=dot,tick=23,start_time=1656774.737622,nthreads=41,
message=tick stats,tick=23,estimated_current_power=180.825000,
end_task=,name=axpy,elapsed_seconds=0.145984,predicted_seconds=0.003176,time_percent_error=97.824591,nthreads=1,end_time=1656774.737651,avg_power_W=146.000000,max_power_W=165.000000,avg_time_s=0.145984,released_listeners=1,
end_task=,name=axpy,elapsed_seconds=0.138883,predicted_seconds=0.003176,time_percent_error=97.713359,nthreads=1,end_time=1656774.737666,avg_power_W=146.000000,max_power_W=165.000000,avg_time_s=0.138883,released_listeners=0,
end_task=,name=axpy,elapsed_seconds=0.137404,predicted_seconds=0.003176,time_percent_error=97.688756,nthreads=1,end_time=1656774.737682,avg_power_W=146.000000,max_power_W=165.000000,avg_time_s=0.137404,released_listeners=1,
end_task=,name=axpy,elapsed_seconds=0.148307,predicted_seconds=0.003176,time_percent_error=97.858663,nthreads=1,end_time=1656774.737704,avg_power_W=146.000000,max_power_W=165.000000,avg_time_s=0.148307,released_listeners=0,
end_task=,name=axpy,elapsed_seconds=0.144812,predicted_seconds=0.003176,time_percent_error=97.806980,nthreads=1,end_time=1656774.737720,avg_power_W=146.000000,max_power_W=165.000000,avg_time_s=0.144812,released_listeners=0,
end_task=,name=axpy,elapsed_seconds=0.143707,predicted_seconds=0.003176,time_percent_error=97.790118,nthreads=1,end_time=1656774.737736,avg_power_W=146.000000,max_power_W=165.000000,avg_time_s=0.143707,released_listeners=1,
leveraging_slack=,task=dot,time_limit=0.000837,new_time=0.000837,
leveraging_slack=,task=dot,time_limit=0.000837,new_time=0.000837,
start_task=,name=dot,tick=24,start_time=1656774.737819,nthreads=7,
start_task=,name=dot,tick=24,start_time=1656774.737839,nthreads=7,
start_task=,name=dot,tick=24,start_time=1656774.737860,nthreads=7,
message=tick stats,tick=24,estimated_current_power=184.775000,
end_task=,name=axpy,elapsed_seconds=0.149456,predicted_seconds=0.003176,time_percent_error=97.875132,nthreads=1,end_time=1656774.790200,avg_power_W=146.034483,max_power_W=165.000000,avg_time_s=0.149456,released_listeners=0,
end_task=,name=axpy,elapsed_seconds=0.152812,predicted_seconds=0.003176,time_percent_error=97.921786,nthreads=1,end_time=1656774.791059,avg_power_W=146.034483,max_power_W=165.000000,avg_time_s=0.152812,released_listeners=0,
end_task=,name=axpy,elapsed_seconds=0.150249,predicted_seconds=0.003176,time_percent_error=97.886348,nthreads=1,end_time=1656774.791089,avg_power_W=146.034483,max_power_W=165.000000,avg_time_s=0.150249,released_listeners=0,
end_task=,name=axpy,elapsed_seconds=0.153266,predicted_seconds=0.003176,time_percent_error=97.927953,nthreads=1,end_time=1656774.791466,avg_power_W=146.034483,max_power_W=165.000000,avg_time_s=0.153266,released_listeners=1,
start_task=,name=dot,tick=25,start_time=1656774.791502,nthreads=9,
message=tick stats,tick=25,estimated_current_power=169.808333,
end_task=,name=dot,elapsed_seconds=0.058095,predicted_seconds=0.000506,time_percent_error=99.128433,nthreads=7,end_time=1656774.813456,avg_power_W=146.034483,max_power_W=165.000000,avg_time_s=0.058095,released_listeners=1,
end_task=,name=dot,elapsed_seconds=0.057576,predicted_seconds=0.000125,time_percent_error=99.782896,nthreads=41,end_time=1656774.813521,avg_power_W=146.034483,max_power_W=165.000000,avg_time_s=0.057576,released_listeners=1,
end_task=,name=dot,elapsed_seconds=0.074449,predicted_seconds=0.000506,time_percent_error=99.319890,nthreads=7,end_time=1656774.813802,avg_power_W=146.034483,max_power_W=165.000000,avg_time_s=0.074449,released_listeners=1,
end_task=,name=dot,elapsed_seconds=0.057503,predicted_seconds=0.000125,time_percent_error=99.782619,nthreads=41,end_time=1656774.813830,avg_power_W=146.034483,max_power_W=165.000000,avg_time_s=0.057503,released_listeners=1,
end_task=,name=dot,elapsed_seconds=0.058205,predicted_seconds=0.000506,time_percent_error=99.130082,nthreads=7,end_time=1656774.813848,avg_power_W=146.034483,max_power_W=165.000000,avg_time_s=0.058205,released_listeners=1,
end_task=,name=dot,elapsed_seconds=0.030570,predicted_seconds=0.000455,time_percent_error=98.512289,nthreads=9,end_time=1656774.822373,avg_power_W=146.034483,max_power_W=165.000000,avg_time_s=0.030570,released_listeners=1,
start_task=,name=sum_contribs,tick=26,start_time=1656774.822391,nthreads=1,
message=tick stats,tick=26,estimated_current_power=0.100000,
end_task=,name=sum_contribs,elapsed_seconds=0.019079,predicted_seconds=0.000052,time_percent_error=99.727446,nthreads=1,end_time=1656774.841900,avg_power_W=146.133333,max_power_W=165.000000,avg_time_s=0.019079,released_listeners=2,
leveraging_slack=,task=comp_beta,time_limit=0.000279,new_time=0.000279,
leveraging_slack=,task=assign,time_limit=0.000279,new_time=0.000044,
leveraging_slack=,task=assign,time_limit=0.000279,new_time=0.000044,
leveraging_slack=,task=assign,time_limit=0.000279,new_time=0.000046,
leveraging_slack=,task=assign,time_limit=0.000279,new_time=0.000050,
start_task=,name=comp_beta,tick=27,start_time=1656774.841954,nthreads=96,
start_task=,name=assign,tick=27,start_time=1656774.841967,nthreads=1,
message=tick stats,tick=27,estimated_current_power=27.200000,
end_task=,name=comp_beta,elapsed_seconds=0.013353,predicted_seconds=0.000045,time_percent_error=99.662997,nthreads=96,end_time=1656774.864683,avg_power_W=146.133333,max_power_W=165.000000,avg_time_s=0.013353,released_listeners=6,
leveraging_slack=,task=xapy,time_limit=0.003864,new_time=0.003864,
start_task=,name=xapy,tick=28,start_time=1656774.864770,nthreads=18,
start_task=,name=xapy,tick=28,start_time=1656774.864798,nthreads=18,
start_task=,name=xapy,tick=28,start_time=1656774.864824,nthreads=18,
start_task=,name=xapy,tick=28,start_time=1656774.864889,nthreads=18,
start_task=,name=xapy,tick=28,start_time=1656774.864951,nthreads=18,
start_task=,name=xapy,tick=28,start_time=1656774.865246,nthreads=18,
message=tick stats,tick=28,estimated_current_power=188.450000,
end_task=,name=assign,elapsed_seconds=0.029481,predicted_seconds=0.000050,time_percent_error=99.830402,nthreads=1,end_time=1656774.921578,avg_power_W=146.290323,max_power_W=165.000000,avg_time_s=0.029481,released_listeners=0,
end_task=,name=xapy,elapsed_seconds=0.062901,predicted_seconds=0.003864,time_percent_error=93.856245,nthreads=18,end_time=1656774.938160,avg_power_W=146.437500,max_power_W=165.000000,avg_time_s=0.062901,released_listeners=0,
end_task=,name=xapy,elapsed_seconds=0.062215,predicted_seconds=0.003864,time_percent_error=93.788479,nthreads=18,end_time=1656774.938214,avg_power_W=146.437500,max_power_W=165.000000,avg_time_s=0.062215,released_listeners=0,
end_task=,name=xapy,elapsed_seconds=0.061124,predicted_seconds=0.003864,time_percent_error=93.677565,nthreads=18,end_time=1656774.938254,avg_power_W=146.437500,max_power_W=165.000000,avg_time_s=0.061124,released_listeners=0,
end_task=,name=xapy,elapsed_seconds=0.061605,predicted_seconds=0.003864,time_percent_error=93.726963,nthreads=18,end_time=1656774.938283,avg_power_W=146.437500,max_power_W=165.000000,avg_time_s=0.061605,released_listeners=0,
end_task=,name=xapy,elapsed_seconds=0.063121,predicted_seconds=0.003864,time_percent_error=93.877649,nthreads=18,end_time=1656774.938319,avg_power_W=146.437500,max_power_W=165.000000,avg_time_s=0.063121,released_listeners=0,
end_task=,name=xapy,elapsed_seconds=0.073626,predicted_seconds=0.003864,time_percent_error=94.751147,nthreads=18,end_time=1656774.939465,avg_power_W=146.437500,max_power_W=165.000000,avg_time_s=0.073626,released_listeners=0,
est_max_power=189.833333,
average_power_W=146.437500,
max_power_W=165.000000,
time_s=1.615696,
message=ALL DONE,
