message=cataloging configuration,max_threads=42,power_limit=inf,
start_task=,name=start,tick=1,start_time=352674.905159,nthreads=42,
message=tick stats,tick=1,estimated_current_power=inf,
end_task=,name=start,elapsed_seconds=0.010084,predicted_seconds=inf,time_percent_error=inf,nthreads=42,end_time=352674.916860,avg_power_W=-nan,max_power_W=0.000000,avg_time_s=0.010084,released_listeners=8,
start_task=,name=spmv,tick=2,start_time=352674.916885,nthreads=42,
message=tick stats,tick=2,estimated_current_power=-nan,
end_task=,name=spmv,elapsed_seconds=0.137604,predicted_seconds=inf,time_percent_error=inf,nthreads=42,end_time=352675.070733,avg_power_W=119.666667,max_power_W=122.000000,avg_time_s=0.137604,released_listeners=1,
start_task=,name=spmv,tick=3,start_time=352675.070786,nthreads=42,
message=tick stats,tick=3,estimated_current_power=-nan,
end_task=,name=spmv,elapsed_seconds=0.025255,predicted_seconds=inf,time_percent_error=inf,nthreads=42,end_time=352675.096610,avg_power_W=-nan,max_power_W=0.000000,avg_time_s=0.025255,released_listeners=1,
start_task=,name=spmv,tick=4,start_time=352675.096649,nthreads=42,
message=tick stats,tick=4,estimated_current_power=-nan,
end_task=,name=spmv,elapsed_seconds=0.024301,predicted_seconds=inf,time_percent_error=inf,nthreads=42,end_time=352675.121489,avg_power_W=135.000000,max_power_W=135.000000,avg_time_s=0.024301,released_listeners=1,
start_task=,name=spmv,tick=5,start_time=352675.121534,nthreads=42,
message=tick stats,tick=5,estimated_current_power=-nan,
end_task=,name=spmv,elapsed_seconds=0.024371,predicted_seconds=inf,time_percent_error=inf,nthreads=42,end_time=352675.146527,avg_power_W=-nan,max_power_W=0.000000,avg_time_s=0.024371,released_listeners=1,
start_task=,name=spmv,tick=6,start_time=352675.146565,nthreads=42,
message=tick stats,tick=6,estimated_current_power=-nan,
end_task=,name=spmv,elapsed_seconds=0.025398,predicted_seconds=inf,time_percent_error=inf,nthreads=42,end_time=352675.172646,avg_power_W=147.000000,max_power_W=147.000000,avg_time_s=0.025398,released_listeners=1,
start_task=,name=spmv,tick=7,start_time=352675.172690,nthreads=42,
message=tick stats,tick=7,estimated_current_power=-nan,
end_task=,name=spmv,elapsed_seconds=0.024679,predicted_seconds=inf,time_percent_error=inf,nthreads=42,end_time=352675.197985,avg_power_W=-nan,max_power_W=0.000000,avg_time_s=0.024679,released_listeners=1,
start_task=,name=spmv,tick=8,start_time=352675.198023,nthreads=42,
message=tick stats,tick=8,estimated_current_power=-nan,
end_task=,name=spmv,elapsed_seconds=0.025401,predicted_seconds=inf,time_percent_error=inf,nthreads=42,end_time=352675.224521,avg_power_W=144.000000,max_power_W=144.000000,avg_time_s=0.025401,released_listeners=1,
start_task=,name=spmv,tick=9,start_time=352675.224566,nthreads=42,
message=tick stats,tick=9,estimated_current_power=-nan,
end_task=,name=spmv,elapsed_seconds=0.025325,predicted_seconds=inf,time_percent_error=inf,nthreads=42,end_time=352675.250627,avg_power_W=-nan,max_power_W=0.000000,avg_time_s=0.025325,released_listeners=1,
start_task=,name=subtract,tick=10,start_time=352675.250674,nthreads=42,
message=tick stats,tick=10,estimated_current_power=-nan,
end_task=,name=subtract,elapsed_seconds=0.057613,predicted_seconds=inf,time_percent_error=inf,nthreads=42,end_time=352675.320939,avg_power_W=144.000000,max_power_W=146.000000,avg_time_s=0.057613,released_listeners=2,
start_task=,name=subtract,tick=11,start_time=352675.320992,nthreads=42,
message=tick stats,tick=11,estimated_current_power=-nan,
end_task=,name=subtract,elapsed_seconds=0.006924,predicted_seconds=inf,time_percent_error=inf,nthreads=42,end_time=352675.328504,avg_power_W=-nan,max_power_W=0.000000,avg_time_s=0.006924,released_listeners=2,
start_task=,name=subtract,tick=12,start_time=352675.328544,nthreads=42,
message=tick stats,tick=12,estimated_current_power=-nan,
end_task=,name=subtract,elapsed_seconds=0.010001,predicted_seconds=inf,time_percent_error=inf,nthreads=42,end_time=352675.338989,avg_power_W=-nan,max_power_W=0.000000,avg_time_s=0.010001,released_listeners=2,
start_task=,name=subtract,tick=13,start_time=352675.339008,nthreads=42,
message=tick stats,tick=13,estimated_current_power=-nan,
end_task=,name=subtract,elapsed_seconds=0.010237,predicted_seconds=inf,time_percent_error=inf,nthreads=42,end_time=352675.349713,avg_power_W=-nan,max_power_W=0.000000,avg_time_s=0.010237,released_listeners=2,
start_task=,name=subtract,tick=14,start_time=352675.349732,nthreads=42,
message=tick stats,tick=14,estimated_current_power=-nan,
end_task=,name=subtract,elapsed_seconds=0.010382,predicted_seconds=inf,time_percent_error=inf,nthreads=42,end_time=352675.371444,avg_power_W=140.000000,max_power_W=140.000000,avg_time_s=0.010382,released_listeners=2,
start_task=,name=subtract,tick=15,start_time=352675.371492,nthreads=42,
message=tick stats,tick=15,estimated_current_power=-nan,
end_task=,name=subtract,elapsed_seconds=0.007268,predicted_seconds=inf,time_percent_error=inf,nthreads=42,end_time=352675.379143,avg_power_W=-nan,max_power_W=0.000000,avg_time_s=0.007268,released_listeners=2,
start_task=,name=subtract,tick=16,start_time=352675.379182,nthreads=42,
message=tick stats,tick=16,estimated_current_power=-nan,
end_task=,name=subtract,elapsed_seconds=0.009528,predicted_seconds=inf,time_percent_error=inf,nthreads=42,end_time=352675.389245,avg_power_W=-nan,max_power_W=0.000000,avg_time_s=0.009528,released_listeners=2,
start_task=,name=subtract,tick=17,start_time=352675.389265,nthreads=42,
message=tick stats,tick=17,estimated_current_power=-nan,
end_task=,name=subtract,elapsed_seconds=0.009937,predicted_seconds=inf,time_percent_error=inf,nthreads=42,end_time=352675.399733,avg_power_W=-nan,max_power_W=0.000000,avg_time_s=0.009937,released_listeners=2,
start_task=,name=copy,tick=18,start_time=352675.399771,nthreads=42,
message=tick stats,tick=18,estimated_current_power=-nan,
end_task=,name=copy,elapsed_seconds=0.010836,predicted_seconds=inf,time_percent_error=inf,nthreads=42,end_time=352675.419502,avg_power_W=142.000000,max_power_W=142.000000,avg_time_s=0.010836,released_listeners=1,
start_task=,name=dot,tick=19,start_time=352675.419554,nthreads=42,
message=tick stats,tick=19,estimated_current_power=-nan,
end_task=,name=dot,elapsed_seconds=0.007421,predicted_seconds=inf,time_percent_error=inf,nthreads=42,end_time=352675.427725,avg_power_W=-nan,max_power_W=0.000000,avg_time_s=0.007421,released_listeners=1,
start_task=,name=copy,tick=20,start_time=352675.427748,nthreads=42,
message=tick stats,tick=20,estimated_current_power=-nan,
end_task=,name=copy,elapsed_seconds=0.007082,predicted_seconds=inf,time_percent_error=inf,nthreads=42,end_time=352675.435333,avg_power_W=-nan,max_power_W=0.000000,avg_time_s=0.007082,released_listeners=1,
start_task=,name=dot,tick=21,start_time=352675.435352,nthreads=42,
message=tick stats,tick=21,estimated_current_power=-nan,
end_task=,name=dot,elapsed_seconds=0.008444,predicted_seconds=inf,time_percent_error=inf,nthreads=42,end_time=352675.444300,avg_power_W=-nan,max_power_W=0.000000,avg_time_s=0.008444,released_listeners=1,
start_task=,name=copy,tick=22,start_time=352675.444320,nthreads=42,
message=tick stats,tick=22,estimated_current_power=-nan,
end_task=,name=copy,elapsed_seconds=0.007189,predicted_seconds=inf,time_percent_error=inf,nthreads=42,end_time=352675.452020,avg_power_W=-nan,max_power_W=0.000000,avg_time_s=0.007189,released_listeners=1,
start_task=,name=dot,tick=23,start_time=352675.452039,nthreads=42,
message=tick stats,tick=23,estimated_current_power=-nan,
end_task=,name=dot,elapsed_seconds=0.008085,predicted_seconds=inf,time_percent_error=inf,nthreads=42,end_time=352675.469847,avg_power_W=142.000000,max_power_W=142.000000,avg_time_s=0.008085,released_listeners=1,
start_task=,name=copy,tick=24,start_time=352675.469897,nthreads=42,
message=tick stats,tick=24,estimated_current_power=-nan,
end_task=,name=copy,elapsed_seconds=0.005748,predicted_seconds=inf,time_percent_error=inf,nthreads=42,end_time=352675.476062,avg_power_W=-nan,max_power_W=0.000000,avg_time_s=0.005748,released_listeners=1,
start_task=,name=dot,tick=25,start_time=352675.476081,nthreads=42,
message=tick stats,tick=25,estimated_current_power=-nan,
end_task=,name=dot,elapsed_seconds=0.007443,predicted_seconds=inf,time_percent_error=inf,nthreads=42,end_time=352675.484306,avg_power_W=-nan,max_power_W=0.000000,avg_time_s=0.007443,released_listeners=1,
start_task=,name=copy,tick=26,start_time=352675.484326,nthreads=42,
message=tick stats,tick=26,estimated_current_power=-nan,
end_task=,name=copy,elapsed_seconds=0.007125,predicted_seconds=inf,time_percent_error=inf,nthreads=42,end_time=352675.491880,avg_power_W=-nan,max_power_W=0.000000,avg_time_s=0.007125,released_listeners=1,
start_task=,name=dot,tick=27,start_time=352675.491899,nthreads=42,
message=tick stats,tick=27,estimated_current_power=-nan,
end_task=,name=dot,elapsed_seconds=0.008238,predicted_seconds=inf,time_percent_error=inf,nthreads=42,end_time=352675.500592,avg_power_W=-nan,max_power_W=0.000000,avg_time_s=0.008238,released_listeners=1,
start_task=,name=copy,tick=28,start_time=352675.500611,nthreads=42,
message=tick stats,tick=28,estimated_current_power=-nan,
end_task=,name=copy,elapsed_seconds=0.008474,predicted_seconds=inf,time_percent_error=inf,nthreads=42,end_time=352675.519942,avg_power_W=142.000000,max_power_W=142.000000,avg_time_s=0.008474,released_listeners=1,
start_task=,name=dot,tick=29,start_time=352675.519991,nthreads=42,
message=tick stats,tick=29,estimated_current_power=-nan,
end_task=,name=dot,elapsed_seconds=0.005497,predicted_seconds=inf,time_percent_error=inf,nthreads=42,end_time=352675.525933,avg_power_W=-nan,max_power_W=0.000000,avg_time_s=0.005497,released_listeners=1,
start_task=,name=copy,tick=30,start_time=352675.525953,nthreads=42,
message=tick stats,tick=30,estimated_current_power=-nan,
end_task=,name=copy,elapsed_seconds=0.007720,predicted_seconds=inf,time_percent_error=inf,nthreads=42,end_time=352675.534351,avg_power_W=-nan,max_power_W=0.000000,avg_time_s=0.007720,released_listeners=1,
start_task=,name=dot,tick=31,start_time=352675.534370,nthreads=42,
message=tick stats,tick=31,estimated_current_power=-nan,
end_task=,name=dot,elapsed_seconds=0.008359,predicted_seconds=inf,time_percent_error=inf,nthreads=42,end_time=352675.543241,avg_power_W=-nan,max_power_W=0.000000,avg_time_s=0.008359,released_listeners=1,
start_task=,name=copy,tick=32,start_time=352675.543261,nthreads=42,
message=tick stats,tick=32,estimated_current_power=-nan,
end_task=,name=copy,elapsed_seconds=0.007151,predicted_seconds=inf,time_percent_error=inf,nthreads=42,end_time=352675.550839,avg_power_W=-nan,max_power_W=0.000000,avg_time_s=0.007151,released_listeners=1,
start_task=,name=dot,tick=33,start_time=352675.550858,nthreads=42,
message=tick stats,tick=33,estimated_current_power=-nan,
end_task=,name=dot,elapsed_seconds=0.008885,predicted_seconds=inf,time_percent_error=inf,nthreads=42,end_time=352675.568927,avg_power_W=143.000000,max_power_W=143.000000,avg_time_s=0.008885,released_listeners=1,
start_task=,name=spmv,tick=34,start_time=352675.568976,nthreads=42,
message=tick stats,tick=34,estimated_current_power=-nan,
end_task=,name=spmv,elapsed_seconds=0.013593,predicted_seconds=inf,time_percent_error=inf,nthreads=42,end_time=352675.583173,avg_power_W=-nan,max_power_W=0.000000,avg_time_s=0.013593,released_listeners=1,
start_task=,name=spmv,tick=35,start_time=352675.583238,nthreads=42,
message=tick stats,tick=35,estimated_current_power=-nan,
end_task=,name=spmv,elapsed_seconds=0.017462,predicted_seconds=inf,time_percent_error=inf,nthreads=42,end_time=352675.601359,avg_power_W=-nan,max_power_W=0.000000,avg_time_s=0.017462,released_listeners=1,
start_task=,name=spmv,tick=36,start_time=352675.601397,nthreads=42,
message=tick stats,tick=36,estimated_current_power=-nan,
end_task=,name=spmv,elapsed_seconds=0.016565,predicted_seconds=inf,time_percent_error=inf,nthreads=42,end_time=352675.619033,avg_power_W=143.000000,max_power_W=143.000000,avg_time_s=0.016565,released_listeners=1,
start_task=,name=spmv,tick=37,start_time=352675.619081,nthreads=42,
message=tick stats,tick=37,estimated_current_power=-nan,
end_task=,name=spmv,elapsed_seconds=0.018627,predicted_seconds=inf,time_percent_error=inf,nthreads=42,end_time=352675.638533,avg_power_W=-nan,max_power_W=0.000000,avg_time_s=0.018627,released_listeners=1,
start_task=,name=spmv,tick=38,start_time=352675.638578,nthreads=42,
message=tick stats,tick=38,estimated_current_power=-nan,
end_task=,name=spmv,elapsed_seconds=0.017721,predicted_seconds=inf,time_percent_error=inf,nthreads=42,end_time=352675.670807,avg_power_W=147.000000,max_power_W=147.000000,avg_time_s=0.017721,released_listeners=1,
start_task=,name=spmv,tick=39,start_time=352675.670856,nthreads=42,
message=tick stats,tick=39,estimated_current_power=-nan,
end_task=,name=spmv,elapsed_seconds=0.013113,predicted_seconds=inf,time_percent_error=inf,nthreads=42,end_time=352675.684620,avg_power_W=-nan,max_power_W=0.000000,avg_time_s=0.013113,released_listeners=1,
start_task=,name=spmv,tick=40,start_time=352675.684659,nthreads=42,
message=tick stats,tick=40,estimated_current_power=-nan,
end_task=,name=spmv,elapsed_seconds=0.017416,predicted_seconds=inf,time_percent_error=inf,nthreads=42,end_time=352675.702903,avg_power_W=-nan,max_power_W=0.000000,avg_time_s=0.017416,released_listeners=1,
start_task=,name=spmv,tick=41,start_time=352675.702923,nthreads=42,
message=tick stats,tick=41,estimated_current_power=-nan,
end_task=,name=spmv,elapsed_seconds=0.015775,predicted_seconds=inf,time_percent_error=inf,nthreads=42,end_time=352675.719464,avg_power_W=142.000000,max_power_W=142.000000,avg_time_s=0.015775,released_listeners=1,
start_task=,name=sum_contribs,tick=42,start_time=352675.719518,nthreads=42,
message=tick stats,tick=42,estimated_current_power=-nan,
end_task=,name=sum_contribs,elapsed_seconds=0.008728,predicted_seconds=inf,time_percent_error=inf,nthreads=42,end_time=352675.729038,avg_power_W=-nan,max_power_W=0.000000,avg_time_s=0.008728,released_listeners=1,
start_task=,name=dot,tick=43,start_time=352675.729079,nthreads=42,
message=tick stats,tick=43,estimated_current_power=-nan,
end_task=,name=dot,elapsed_seconds=0.008525,predicted_seconds=inf,time_percent_error=inf,nthreads=42,end_time=352675.738747,avg_power_W=-nan,max_power_W=0.000000,avg_time_s=0.008525,released_listeners=1,
start_task=,name=dot,tick=44,start_time=352675.738786,nthreads=42,
message=tick stats,tick=44,estimated_current_power=-nan,
end_task=,name=dot,elapsed_seconds=0.008044,predicted_seconds=inf,time_percent_error=inf,nthreads=42,end_time=352675.747953,avg_power_W=-nan,max_power_W=0.000000,avg_time_s=0.008044,released_listeners=1,
start_task=,name=dot,tick=45,start_time=352675.747992,nthreads=42,
message=tick stats,tick=45,estimated_current_power=-nan,
end_task=,name=dot,elapsed_seconds=0.008112,predicted_seconds=inf,time_percent_error=inf,nthreads=42,end_time=352675.770146,avg_power_W=147.000000,max_power_W=147.000000,avg_time_s=0.008112,released_listeners=1,
start_task=,name=dot,tick=46,start_time=352675.770191,nthreads=42,
message=tick stats,tick=46,estimated_current_power=-nan,
end_task=,name=dot,elapsed_seconds=0.005836,predicted_seconds=inf,time_percent_error=inf,nthreads=42,end_time=352675.776659,avg_power_W=-nan,max_power_W=0.000000,avg_time_s=0.005836,released_listeners=1,
start_task=,name=dot,tick=47,start_time=352675.776679,nthreads=42,
message=tick stats,tick=47,estimated_current_power=-nan,
end_task=,name=dot,elapsed_seconds=0.007921,predicted_seconds=inf,time_percent_error=inf,nthreads=42,end_time=352675.785168,avg_power_W=-nan,max_power_W=0.000000,avg_time_s=0.007921,released_listeners=1,
start_task=,name=dot,tick=48,start_time=352675.785188,nthreads=42,
message=tick stats,tick=48,estimated_current_power=-nan,
end_task=,name=dot,elapsed_seconds=0.007582,predicted_seconds=inf,time_percent_error=inf,nthreads=42,end_time=352675.793338,avg_power_W=-nan,max_power_W=0.000000,avg_time_s=0.007582,released_listeners=1,
start_task=,name=dot,tick=49,start_time=352675.793357,nthreads=42,
message=tick stats,tick=49,estimated_current_power=-nan,
end_task=,name=dot,elapsed_seconds=0.008010,predicted_seconds=inf,time_percent_error=inf,nthreads=42,end_time=352675.801871,avg_power_W=-nan,max_power_W=0.000000,avg_time_s=0.008010,released_listeners=1,
start_task=,name=dot,tick=50,start_time=352675.801890,nthreads=42,
message=tick stats,tick=50,estimated_current_power=-nan,
end_task=,name=dot,elapsed_seconds=0.007730,predicted_seconds=inf,time_percent_error=inf,nthreads=42,end_time=352675.820524,avg_power_W=145.000000,max_power_W=145.000000,avg_time_s=0.007730,released_listeners=1,
start_task=,name=sum_contribs,tick=51,start_time=352675.820567,nthreads=42,
message=tick stats,tick=51,estimated_current_power=-nan,
end_task=,name=sum_contribs,elapsed_seconds=0.007047,predicted_seconds=inf,time_percent_error=inf,nthreads=42,end_time=352675.828140,avg_power_W=-nan,max_power_W=0.000000,avg_time_s=0.007047,released_listeners=1,
start_task=,name=comp_alpha,tick=52,start_time=352675.828161,nthreads=42,
message=tick stats,tick=52,estimated_current_power=-nan,
end_task=,name=comp_alpha,elapsed_seconds=0.004785,predicted_seconds=inf,time_percent_error=inf,nthreads=42,end_time=352675.834458,avg_power_W=-nan,max_power_W=0.000000,avg_time_s=0.004785,released_listeners=16,
start_task=,name=axpyprofile,tick=53,start_time=352675.834480,nthreads=42,
message=tick stats,tick=53,estimated_current_power=-nan,
end_task=,name=axpyprofile,elapsed_seconds=0.507617,predicted_seconds=inf,time_percent_error=inf,nthreads=42,end_time=352676.342765,avg_power_W=150.200000,max_power_W=152.000000,avg_time_s=0.003905,released_listeners=1,
start_task=,name=axpyprofile,tick=54,start_time=352676.342815,nthreads=42,
message=tick stats,tick=54,estimated_current_power=-nan,
end_task=,name=axpyprofile,elapsed_seconds=0.511121,predicted_seconds=inf,time_percent_error=inf,nthreads=42,end_time=352676.855076,avg_power_W=150.300000,max_power_W=153.000000,avg_time_s=0.004332,released_listeners=1,
start_task=,name=axpyprofile,tick=55,start_time=352676.855102,nthreads=42,
message=tick stats,tick=55,estimated_current_power=-nan,
end_task=,name=axpyprofile,elapsed_seconds=0.511176,predicted_seconds=inf,time_percent_error=inf,nthreads=42,end_time=352677.370610,avg_power_W=147.272727,max_power_W=149.000000,avg_time_s=0.004407,released_listeners=1,
start_task=,name=axpyprofile,tick=56,start_time=352677.370663,nthreads=42,
message=tick stats,tick=56,estimated_current_power=-nan,
end_task=,name=axpyprofile,elapsed_seconds=0.508439,predicted_seconds=inf,time_percent_error=inf,nthreads=42,end_time=352677.880263,avg_power_W=148.300000,max_power_W=150.000000,avg_time_s=0.004309,released_listeners=1,
start_task=,name=axpyprofile,tick=57,start_time=352677.880314,nthreads=42,
message=tick stats,tick=57,estimated_current_power=-nan,
end_task=,name=axpyprofile,elapsed_seconds=0.508411,predicted_seconds=inf,time_percent_error=inf,nthreads=42,end_time=352678.389276,avg_power_W=146.800000,max_power_W=148.000000,avg_time_s=0.004345,released_listeners=1,
start_task=,name=axpyprofile,tick=58,start_time=352678.389327,nthreads=42,
message=tick stats,tick=58,estimated_current_power=-nan,
end_task=,name=axpyprofile,elapsed_seconds=0.510094,predicted_seconds=inf,time_percent_error=inf,nthreads=42,end_time=352678.900612,avg_power_W=148.200000,max_power_W=151.000000,avg_time_s=0.004360,released_listeners=1,
start_task=,name=axpyprofile,tick=59,start_time=352678.900663,nthreads=42,
message=tick stats,tick=59,estimated_current_power=-nan,
end_task=,name=axpyprofile,elapsed_seconds=0.509173,predicted_seconds=inf,time_percent_error=inf,nthreads=42,end_time=352679.419407,avg_power_W=149.727273,max_power_W=151.000000,avg_time_s=0.004315,released_listeners=1,
start_task=,name=axpyprofile,tick=60,start_time=352679.419461,nthreads=42,
message=tick stats,tick=60,estimated_current_power=-nan,
end_task=,name=axpyprofile,elapsed_seconds=0.506493,predicted_seconds=inf,time_percent_error=inf,nthreads=42,end_time=352679.927112,avg_power_W=152.100000,max_power_W=155.000000,avg_time_s=0.004292,released_listeners=1,
start_task=,name=axpyprofile,tick=61,start_time=352679.927173,nthreads=42,
message=tick stats,tick=61,estimated_current_power=-nan,
end_task=,name=axpyprofile,elapsed_seconds=0.508213,predicted_seconds=inf,time_percent_error=inf,nthreads=42,end_time=352680.435957,avg_power_W=152.300000,max_power_W=155.000000,avg_time_s=0.004307,released_listeners=1,
start_task=,name=axpyprofile,tick=62,start_time=352680.436014,nthreads=42,
message=tick stats,tick=62,estimated_current_power=-nan,
end_task=,name=axpyprofile,elapsed_seconds=0.507307,predicted_seconds=inf,time_percent_error=inf,nthreads=42,end_time=352680.944546,avg_power_W=152.300000,max_power_W=155.000000,avg_time_s=0.004299,released_listeners=1,
start_task=,name=axpyprofile,tick=63,start_time=352680.944597,nthreads=42,
message=tick stats,tick=63,estimated_current_power=-nan,
end_task=,name=axpyprofile,elapsed_seconds=0.507494,predicted_seconds=inf,time_percent_error=inf,nthreads=42,end_time=352681.452595,avg_power_W=151.200000,max_power_W=153.000000,avg_time_s=0.004338,released_listeners=1,
start_task=,name=axpyprofile,tick=64,start_time=352681.452646,nthreads=42,
message=tick stats,tick=64,estimated_current_power=-nan,
end_task=,name=axpyprofile,elapsed_seconds=0.508213,predicted_seconds=inf,time_percent_error=inf,nthreads=42,end_time=352681.970441,avg_power_W=150.727273,max_power_W=152.000000,avg_time_s=0.004344,released_listeners=1,
start_task=,name=axpyprofile,tick=65,start_time=352681.970495,nthreads=42,
message=tick stats,tick=65,estimated_current_power=-nan,
end_task=,name=axpyprofile,elapsed_seconds=0.506621,predicted_seconds=inf,time_percent_error=inf,nthreads=42,end_time=352682.477721,avg_power_W=152.500000,max_power_W=156.000000,avg_time_s=0.004257,released_listeners=1,
start_task=,name=axpyprofile,tick=66,start_time=352682.477775,nthreads=42,
message=tick stats,tick=66,estimated_current_power=-nan,
end_task=,name=axpyprofile,elapsed_seconds=0.509876,predicted_seconds=inf,time_percent_error=inf,nthreads=42,end_time=352682.988861,avg_power_W=154.000000,max_power_W=156.000000,avg_time_s=0.004321,released_listeners=1,
start_task=,name=axpyprofile,tick=67,start_time=352682.988912,nthreads=42,
message=tick stats,tick=67,estimated_current_power=-nan,
end_task=,name=axpyprofile,elapsed_seconds=0.511002,predicted_seconds=inf,time_percent_error=inf,nthreads=42,end_time=352683.500540,avg_power_W=153.600000,max_power_W=155.000000,avg_time_s=0.004294,released_listeners=1,
start_task=,name=axpyprofile,tick=68,start_time=352683.500591,nthreads=42,
message=tick stats,tick=68,estimated_current_power=-nan,
end_task=,name=axpyprofile,elapsed_seconds=0.506598,predicted_seconds=inf,time_percent_error=inf,nthreads=42,end_time=352684.020431,avg_power_W=151.272727,max_power_W=153.000000,avg_time_s=0.004293,released_listeners=1,
start_task=,name=axpy,tick=69,start_time=352684.020481,nthreads=42,
message=tick stats,tick=69,estimated_current_power=-nan,
end_task=,name=axpy,elapsed_seconds=0.004165,predicted_seconds=inf,time_percent_error=inf,nthreads=42,end_time=352684.025662,avg_power_W=-nan,max_power_W=0.000000,avg_time_s=0.004165,released_listeners=1,
start_task=,name=axpy,tick=70,start_time=352684.025683,nthreads=42,
message=tick stats,tick=70,estimated_current_power=-nan,
end_task=,name=axpy,elapsed_seconds=0.004220,predicted_seconds=inf,time_percent_error=inf,nthreads=42,end_time=352684.030793,avg_power_W=-nan,max_power_W=0.000000,avg_time_s=0.004220,released_listeners=0,
start_task=,name=axpy,tick=71,start_time=352684.030813,nthreads=42,
message=tick stats,tick=71,estimated_current_power=-nan,
end_task=,name=axpy,elapsed_seconds=0.005428,predicted_seconds=inf,time_percent_error=inf,nthreads=42,end_time=352684.037692,avg_power_W=-nan,max_power_W=0.000000,avg_time_s=0.005428,released_listeners=0,
start_task=,name=axpy,tick=72,start_time=352684.037713,nthreads=42,
message=tick stats,tick=72,estimated_current_power=-nan,
end_task=,name=axpy,elapsed_seconds=0.004993,predicted_seconds=inf,time_percent_error=inf,nthreads=42,end_time=352684.043950,avg_power_W=-nan,max_power_W=0.000000,avg_time_s=0.004993,released_listeners=1,
start_task=,name=axpy,tick=73,start_time=352684.043971,nthreads=42,
message=tick stats,tick=73,estimated_current_power=-nan,
end_task=,name=axpy,elapsed_seconds=0.005110,predicted_seconds=inf,time_percent_error=inf,nthreads=42,end_time=352684.049936,avg_power_W=-nan,max_power_W=0.000000,avg_time_s=0.005110,released_listeners=0,
start_task=,name=axpy,tick=74,start_time=352684.049959,nthreads=42,
message=tick stats,tick=74,estimated_current_power=-nan,
end_task=,name=axpy,elapsed_seconds=0.005025,predicted_seconds=inf,time_percent_error=inf,nthreads=42,end_time=352684.069174,avg_power_W=149.000000,max_power_W=149.000000,avg_time_s=0.005025,released_listeners=1,
start_task=,name=axpy,tick=75,start_time=352684.069219,nthreads=42,
message=tick stats,tick=75,estimated_current_power=-nan,
end_task=,name=axpy,elapsed_seconds=0.004054,predicted_seconds=inf,time_percent_error=inf,nthreads=42,end_time=352684.074535,avg_power_W=-nan,max_power_W=0.000000,avg_time_s=0.004054,released_listeners=0,
start_task=,name=axpy,tick=76,start_time=352684.074555,nthreads=42,
message=tick stats,tick=76,estimated_current_power=-nan,
end_task=,name=axpy,elapsed_seconds=0.004988,predicted_seconds=inf,time_percent_error=inf,nthreads=42,end_time=352684.080555,avg_power_W=-nan,max_power_W=0.000000,avg_time_s=0.004988,released_listeners=1,
start_task=,name=axpy,tick=77,start_time=352684.080576,nthreads=42,
message=tick stats,tick=77,estimated_current_power=-nan,
end_task=,name=axpy,elapsed_seconds=0.004795,predicted_seconds=inf,time_percent_error=inf,nthreads=42,end_time=352684.086327,avg_power_W=-nan,max_power_W=0.000000,avg_time_s=0.004795,released_listeners=0,
start_task=,name=axpy,tick=78,start_time=352684.086347,nthreads=42,
message=tick stats,tick=78,estimated_current_power=-nan,
end_task=,name=axpy,elapsed_seconds=0.004537,predicted_seconds=inf,time_percent_error=inf,nthreads=42,end_time=352684.091833,avg_power_W=-nan,max_power_W=0.000000,avg_time_s=0.004537,released_listeners=1,
start_task=,name=axpy,tick=79,start_time=352684.091853,nthreads=42,
message=tick stats,tick=79,estimated_current_power=-nan,
end_task=,name=axpy,elapsed_seconds=0.004611,predicted_seconds=inf,time_percent_error=inf,nthreads=42,end_time=352684.097409,avg_power_W=-nan,max_power_W=0.000000,avg_time_s=0.004611,released_listeners=0,
start_task=,name=axpy,tick=80,start_time=352684.097429,nthreads=42,
message=tick stats,tick=80,estimated_current_power=-nan,
end_task=,name=axpy,elapsed_seconds=0.004856,predicted_seconds=inf,time_percent_error=inf,nthreads=42,end_time=352684.103239,avg_power_W=-nan,max_power_W=0.000000,avg_time_s=0.004856,released_listeners=1,
start_task=,name=axpy,tick=81,start_time=352684.103258,nthreads=42,
message=tick stats,tick=81,estimated_current_power=-nan,
end_task=,name=axpy,elapsed_seconds=0.004270,predicted_seconds=inf,time_percent_error=inf,nthreads=42,end_time=352684.118875,avg_power_W=142.000000,max_power_W=142.000000,avg_time_s=0.004270,released_listeners=0,
start_task=,name=axpy,tick=82,start_time=352684.118924,nthreads=42,
message=tick stats,tick=82,estimated_current_power=-nan,
end_task=,name=axpy,elapsed_seconds=0.004687,predicted_seconds=inf,time_percent_error=inf,nthreads=42,end_time=352684.124681,avg_power_W=-nan,max_power_W=0.000000,avg_time_s=0.004687,released_listeners=1,
start_task=,name=axpy,tick=83,start_time=352684.124701,nthreads=42,
message=tick stats,tick=83,estimated_current_power=-nan,
end_task=,name=axpy,elapsed_seconds=0.005015,predicted_seconds=inf,time_percent_error=inf,nthreads=42,end_time=352684.130705,avg_power_W=-nan,max_power_W=0.000000,avg_time_s=0.005015,released_listeners=0,
start_task=,name=axpy,tick=84,start_time=352684.130725,nthreads=42,
message=tick stats,tick=84,estimated_current_power=-nan,
end_task=,name=axpy,elapsed_seconds=0.005078,predicted_seconds=inf,time_percent_error=inf,nthreads=42,end_time=352684.136890,avg_power_W=-nan,max_power_W=0.000000,avg_time_s=0.005078,released_listeners=1,
start_task=,name=dot,tick=85,start_time=352684.136910,nthreads=42,
message=tick stats,tick=85,estimated_current_power=-nan,
end_task=,name=dot,elapsed_seconds=0.007499,predicted_seconds=inf,time_percent_error=inf,nthreads=42,end_time=352684.144997,avg_power_W=-nan,max_power_W=0.000000,avg_time_s=0.007499,released_listeners=1,
start_task=,name=dot,tick=86,start_time=352684.145017,nthreads=42,
message=tick stats,tick=86,estimated_current_power=-nan,
end_task=,name=dot,elapsed_seconds=0.008634,predicted_seconds=inf,time_percent_error=inf,nthreads=42,end_time=352684.154839,avg_power_W=-nan,max_power_W=0.000000,avg_time_s=0.008634,released_listeners=1,
start_task=,name=dot,tick=87,start_time=352684.154859,nthreads=42,
message=tick stats,tick=87,estimated_current_power=-nan,
end_task=,name=dot,elapsed_seconds=0.006893,predicted_seconds=inf,time_percent_error=inf,nthreads=42,end_time=352684.171085,avg_power_W=143.000000,max_power_W=143.000000,avg_time_s=0.006893,released_listeners=1,
start_task=,name=dot,tick=88,start_time=352684.171140,nthreads=42,
message=tick stats,tick=88,estimated_current_power=-nan,
end_task=,name=dot,elapsed_seconds=0.006026,predicted_seconds=inf,time_percent_error=inf,nthreads=42,end_time=352684.177743,avg_power_W=-nan,max_power_W=0.000000,avg_time_s=0.006026,released_listeners=1,
start_task=,name=dot,tick=89,start_time=352684.177763,nthreads=42,
message=tick stats,tick=89,estimated_current_power=-nan,
end_task=,name=dot,elapsed_seconds=0.006768,predicted_seconds=inf,time_percent_error=inf,nthreads=42,end_time=352684.185031,avg_power_W=-nan,max_power_W=0.000000,avg_time_s=0.006768,released_listeners=1,
start_task=,name=dot,tick=90,start_time=352684.185052,nthreads=42,
message=tick stats,tick=90,estimated_current_power=-nan,
end_task=,name=dot,elapsed_seconds=0.007425,predicted_seconds=inf,time_percent_error=inf,nthreads=42,end_time=352684.192989,avg_power_W=-nan,max_power_W=0.000000,avg_time_s=0.007425,released_listeners=1,
start_task=,name=dot,tick=91,start_time=352684.193008,nthreads=42,
message=tick stats,tick=91,estimated_current_power=-nan,
end_task=,name=dot,elapsed_seconds=0.007276,predicted_seconds=inf,time_percent_error=inf,nthreads=42,end_time=352684.200782,avg_power_W=-nan,max_power_W=0.000000,avg_time_s=0.007276,released_listeners=1,
start_task=,name=dot,tick=92,start_time=352684.200803,nthreads=42,
message=tick stats,tick=92,estimated_current_power=-nan,
end_task=,name=dot,elapsed_seconds=0.007092,predicted_seconds=inf,time_percent_error=inf,nthreads=42,end_time=352684.218994,avg_power_W=142.000000,max_power_W=142.000000,avg_time_s=0.007092,released_listeners=1,
start_task=,name=sum_contribs,tick=93,start_time=352684.219044,nthreads=42,
message=tick stats,tick=93,estimated_current_power=-nan,
end_task=,name=sum_contribs,elapsed_seconds=0.005609,predicted_seconds=inf,time_percent_error=inf,nthreads=42,end_time=352684.225149,avg_power_W=-nan,max_power_W=0.000000,avg_time_s=0.005609,released_listeners=2,
start_task=,name=assign,tick=94,start_time=352684.225175,nthreads=42,
message=tick stats,tick=94,estimated_current_power=-nan,
end_task=,name=assign,elapsed_seconds=0.004887,predicted_seconds=inf,time_percent_error=inf,nthreads=42,end_time=352684.231015,avg_power_W=-nan,max_power_W=0.000000,avg_time_s=0.004887,released_listeners=0,
start_task=,name=comp_beta,tick=95,start_time=352684.231035,nthreads=42,
message=tick stats,tick=95,estimated_current_power=-nan,
end_task=,name=comp_beta,elapsed_seconds=0.005487,predicted_seconds=inf,time_percent_error=inf,nthreads=42,end_time=352684.237608,avg_power_W=-nan,max_power_W=0.000000,avg_time_s=0.005487,released_listeners=8,
start_task=,name=xapyprofile,tick=96,start_time=352684.237629,nthreads=42,
message=tick stats,tick=96,estimated_current_power=-nan,
end_task=,name=xapyprofile,elapsed_seconds=0.507509,predicted_seconds=inf,time_percent_error=inf,nthreads=42,end_time=352684.745776,avg_power_W=147.800000,max_power_W=150.000000,avg_time_s=0.004531,released_listeners=1,
start_task=,name=xapyprofile,tick=97,start_time=352684.745827,nthreads=42,
message=tick stats,tick=97,estimated_current_power=-nan,
end_task=,name=xapyprofile,elapsed_seconds=0.508993,predicted_seconds=inf,time_percent_error=inf,nthreads=42,end_time=352685.270523,avg_power_W=149.545455,max_power_W=151.000000,avg_time_s=0.004545,released_listeners=1,
start_task=,name=xapyprofile,tick=98,start_time=352685.270575,nthreads=42,
message=tick stats,tick=98,estimated_current_power=-nan,
end_task=,name=xapyprofile,elapsed_seconds=0.507144,predicted_seconds=inf,time_percent_error=inf,nthreads=42,end_time=352685.778364,avg_power_W=149.800000,max_power_W=152.000000,avg_time_s=0.004488,released_listeners=1,
start_task=,name=xapyprofile,tick=99,start_time=352685.778415,nthreads=42,
message=tick stats,tick=99,estimated_current_power=-nan,
end_task=,name=xapyprofile,elapsed_seconds=0.509772,predicted_seconds=inf,time_percent_error=inf,nthreads=42,end_time=352686.288809,avg_power_W=152.800000,max_power_W=154.000000,avg_time_s=0.004472,released_listeners=1,
start_task=,name=xapyprofile,tick=100,start_time=352686.288859,nthreads=42,
message=tick stats,tick=100,estimated_current_power=-nan,
end_task=,name=xapyprofile,elapsed_seconds=0.508332,predicted_seconds=inf,time_percent_error=inf,nthreads=42,end_time=352686.798369,avg_power_W=156.100000,max_power_W=158.000000,avg_time_s=0.004499,released_listeners=1,
start_task=,name=xapyprofile,tick=101,start_time=352686.798420,nthreads=42,
message=tick stats,tick=101,estimated_current_power=-nan,
end_task=,name=xapyprofile,elapsed_seconds=0.507326,predicted_seconds=inf,time_percent_error=inf,nthreads=42,end_time=352687.319294,avg_power_W=155.818182,max_power_W=156.000000,avg_time_s=0.004490,released_listeners=1,
start_task=,name=xapyprofile,tick=102,start_time=352687.319348,nthreads=42,
message=tick stats,tick=102,estimated_current_power=-nan,
end_task=,name=xapyprofile,elapsed_seconds=0.505661,predicted_seconds=inf,time_percent_error=inf,nthreads=42,end_time=352687.826180,avg_power_W=156.100000,max_power_W=157.000000,avg_time_s=0.004515,released_listeners=1,
start_task=,name=xapyprofile,tick=103,start_time=352687.826262,nthreads=42,
message=tick stats,tick=103,estimated_current_power=-nan,
end_task=,name=xapyprofile,elapsed_seconds=0.509704,predicted_seconds=inf,time_percent_error=inf,nthreads=42,end_time=352688.336515,avg_power_W=155.700000,max_power_W=156.000000,avg_time_s=0.004471,released_listeners=1,
start_task=,name=xapy,tick=104,start_time=352688.336565,nthreads=42,
message=tick stats,tick=104,estimated_current_power=-nan,
end_task=,name=xapy,elapsed_seconds=0.007897,predicted_seconds=inf,time_percent_error=inf,nthreads=42,end_time=352688.344887,avg_power_W=-nan,max_power_W=0.000000,avg_time_s=0.007897,released_listeners=0,
start_task=,name=xapy,tick=105,start_time=352688.344925,nthreads=42,
message=tick stats,tick=105,estimated_current_power=-nan,
end_task=,name=xapy,elapsed_seconds=0.006831,predicted_seconds=inf,time_percent_error=inf,nthreads=42,end_time=352688.352159,avg_power_W=-nan,max_power_W=0.000000,avg_time_s=0.006831,released_listeners=0,
start_task=,name=xapy,tick=106,start_time=352688.352189,nthreads=42,
message=tick stats,tick=106,estimated_current_power=-nan,
end_task=,name=xapy,elapsed_seconds=0.007579,predicted_seconds=inf,time_percent_error=inf,nthreads=42,end_time=352688.369368,avg_power_W=155.000000,max_power_W=155.000000,avg_time_s=0.007579,released_listeners=0,
start_task=,name=xapy,tick=107,start_time=352688.369422,nthreads=42,
message=tick stats,tick=107,estimated_current_power=-nan,
end_task=,name=xapy,elapsed_seconds=0.005445,predicted_seconds=inf,time_percent_error=inf,nthreads=42,end_time=352688.375373,avg_power_W=-nan,max_power_W=0.000000,avg_time_s=0.005445,released_listeners=0,
start_task=,name=xapy,tick=108,start_time=352688.375414,nthreads=42,
message=tick stats,tick=108,estimated_current_power=-nan,
end_task=,name=xapy,elapsed_seconds=0.009001,predicted_seconds=inf,time_percent_error=inf,nthreads=42,end_time=352688.384836,avg_power_W=-nan,max_power_W=0.000000,avg_time_s=0.009001,released_listeners=0,
start_task=,name=xapy,tick=109,start_time=352688.384875,nthreads=42,
message=tick stats,tick=109,estimated_current_power=-nan,
end_task=,name=xapy,elapsed_seconds=0.006607,predicted_seconds=inf,time_percent_error=inf,nthreads=42,end_time=352688.391910,avg_power_W=-nan,max_power_W=0.000000,avg_time_s=0.006607,released_listeners=0,
start_task=,name=xapy,tick=110,start_time=352688.391951,nthreads=42,
message=tick stats,tick=110,estimated_current_power=-nan,
end_task=,name=xapy,elapsed_seconds=0.008839,predicted_seconds=inf,time_percent_error=inf,nthreads=42,end_time=352688.401295,avg_power_W=-nan,max_power_W=0.000000,avg_time_s=0.008839,released_listeners=0,
start_task=,name=xapy,tick=111,start_time=352688.401335,nthreads=42,
message=tick stats,tick=111,estimated_current_power=-nan,
end_task=,name=xapy,elapsed_seconds=0.007134,predicted_seconds=inf,time_percent_error=inf,nthreads=42,end_time=352688.420190,avg_power_W=147.000000,max_power_W=147.000000,avg_time_s=0.007134,released_listeners=0,
est_max_power=inf,
average_power_W=147.000000,
max_power_W=147.000000,
time_s=13.515092,
message=ALL DONE,
