message=cataloging configuration,max_threads=50,power_limit=inf,
start_task=,name=start,tick=1,start_time=352870.728332,nthreads=50,
message=tick stats,tick=1,estimated_current_power=inf,
end_task=,name=start,elapsed_seconds=0.009448,predicted_seconds=inf,time_percent_error=inf,nthreads=50,end_time=352870.739142,avg_power_W=-nan,max_power_W=0.000000,avg_time_s=0.009448,released_listeners=8,
start_task=,name=spmv,tick=2,start_time=352870.739172,nthreads=50,
message=tick stats,tick=2,estimated_current_power=-nan,
end_task=,name=spmv,elapsed_seconds=0.145777,predicted_seconds=inf,time_percent_error=inf,nthreads=50,end_time=352870.894868,avg_power_W=111.333333,max_power_W=113.000000,avg_time_s=0.145777,released_listeners=1,
start_task=,name=spmv,tick=3,start_time=352870.894924,nthreads=50,
message=tick stats,tick=3,estimated_current_power=-nan,
end_task=,name=spmv,elapsed_seconds=0.026332,predicted_seconds=inf,time_percent_error=inf,nthreads=50,end_time=352870.922037,avg_power_W=-nan,max_power_W=0.000000,avg_time_s=0.026332,released_listeners=1,
start_task=,name=spmv,tick=4,start_time=352870.922080,nthreads=50,
message=tick stats,tick=4,estimated_current_power=-nan,
end_task=,name=spmv,elapsed_seconds=0.023949,predicted_seconds=inf,time_percent_error=inf,nthreads=50,end_time=352870.946743,avg_power_W=120.000000,max_power_W=120.000000,avg_time_s=0.023949,released_listeners=1,
start_task=,name=spmv,tick=5,start_time=352870.946792,nthreads=50,
message=tick stats,tick=5,estimated_current_power=-nan,
end_task=,name=spmv,elapsed_seconds=0.023996,predicted_seconds=inf,time_percent_error=inf,nthreads=50,end_time=352870.971518,avg_power_W=-nan,max_power_W=0.000000,avg_time_s=0.023996,released_listeners=1,
start_task=,name=spmv,tick=6,start_time=352870.971559,nthreads=50,
message=tick stats,tick=6,estimated_current_power=-nan,
end_task=,name=spmv,elapsed_seconds=0.022538,predicted_seconds=inf,time_percent_error=inf,nthreads=50,end_time=352870.994820,avg_power_W=143.000000,max_power_W=143.000000,avg_time_s=0.022538,released_listeners=1,
start_task=,name=spmv,tick=7,start_time=352870.994868,nthreads=50,
message=tick stats,tick=7,estimated_current_power=-nan,
end_task=,name=spmv,elapsed_seconds=0.023157,predicted_seconds=inf,time_percent_error=inf,nthreads=50,end_time=352871.018883,avg_power_W=-nan,max_power_W=0.000000,avg_time_s=0.023157,released_listeners=1,
start_task=,name=spmv,tick=8,start_time=352871.018925,nthreads=50,
message=tick stats,tick=8,estimated_current_power=-nan,
end_task=,name=spmv,elapsed_seconds=0.022298,predicted_seconds=inf,time_percent_error=inf,nthreads=50,end_time=352871.042477,avg_power_W=144.000000,max_power_W=144.000000,avg_time_s=0.022298,released_listeners=1,
start_task=,name=spmv,tick=9,start_time=352871.042529,nthreads=50,
message=tick stats,tick=9,estimated_current_power=-nan,
end_task=,name=spmv,elapsed_seconds=0.023459,predicted_seconds=inf,time_percent_error=inf,nthreads=50,end_time=352871.067083,avg_power_W=-nan,max_power_W=0.000000,avg_time_s=0.023459,released_listeners=1,
start_task=,name=subtract,tick=10,start_time=352871.067124,nthreads=50,
message=tick stats,tick=10,estimated_current_power=-nan,
end_task=,name=subtract,elapsed_seconds=0.352985,predicted_seconds=inf,time_percent_error=inf,nthreads=50,end_time=352871.420950,avg_power_W=140.428571,max_power_W=144.000000,avg_time_s=0.352985,released_listeners=2,
start_task=,name=subtract,tick=11,start_time=352871.421004,nthreads=50,
message=tick stats,tick=11,estimated_current_power=-nan,
end_task=,name=subtract,elapsed_seconds=0.011660,predicted_seconds=inf,time_percent_error=inf,nthreads=50,end_time=352871.444375,avg_power_W=139.000000,max_power_W=139.000000,avg_time_s=0.011660,released_listeners=2,
start_task=,name=subtract,tick=12,start_time=352871.444428,nthreads=50,
message=tick stats,tick=12,estimated_current_power=-nan,
end_task=,name=subtract,elapsed_seconds=0.007919,predicted_seconds=inf,time_percent_error=inf,nthreads=50,end_time=352871.453531,avg_power_W=-nan,max_power_W=0.000000,avg_time_s=0.007919,released_listeners=2,
start_task=,name=subtract,tick=13,start_time=352871.453574,nthreads=50,
message=tick stats,tick=13,estimated_current_power=-nan,
end_task=,name=subtract,elapsed_seconds=0.009558,predicted_seconds=inf,time_percent_error=inf,nthreads=50,end_time=352871.464967,avg_power_W=-nan,max_power_W=0.000000,avg_time_s=0.009558,released_listeners=2,
start_task=,name=subtract,tick=14,start_time=352871.465009,nthreads=50,
message=tick stats,tick=14,estimated_current_power=-nan,
end_task=,name=subtract,elapsed_seconds=0.009586,predicted_seconds=inf,time_percent_error=inf,nthreads=50,end_time=352871.475223,avg_power_W=-nan,max_power_W=0.000000,avg_time_s=0.009586,released_listeners=2,
start_task=,name=subtract,tick=15,start_time=352871.475266,nthreads=50,
message=tick stats,tick=15,estimated_current_power=-nan,
end_task=,name=subtract,elapsed_seconds=0.009823,predicted_seconds=inf,time_percent_error=inf,nthreads=50,end_time=352871.494366,avg_power_W=140.000000,max_power_W=140.000000,avg_time_s=0.009823,released_listeners=2,
start_task=,name=subtract,tick=16,start_time=352871.494423,nthreads=50,
message=tick stats,tick=16,estimated_current_power=-nan,
end_task=,name=subtract,elapsed_seconds=0.007523,predicted_seconds=inf,time_percent_error=inf,nthreads=50,end_time=352871.503312,avg_power_W=-nan,max_power_W=0.000000,avg_time_s=0.007523,released_listeners=2,
start_task=,name=subtract,tick=17,start_time=352871.503355,nthreads=50,
message=tick stats,tick=17,estimated_current_power=-nan,
end_task=,name=subtract,elapsed_seconds=0.010210,predicted_seconds=inf,time_percent_error=inf,nthreads=50,end_time=352871.515391,avg_power_W=-nan,max_power_W=0.000000,avg_time_s=0.010210,released_listeners=2,
start_task=,name=copy,tick=18,start_time=352871.515433,nthreads=50,
message=tick stats,tick=18,estimated_current_power=-nan,
end_task=,name=copy,elapsed_seconds=0.010217,predicted_seconds=inf,time_percent_error=inf,nthreads=50,end_time=352871.526287,avg_power_W=-nan,max_power_W=0.000000,avg_time_s=0.010217,released_listeners=1,
start_task=,name=dot,tick=19,start_time=352871.526329,nthreads=50,
message=tick stats,tick=19,estimated_current_power=-nan,
end_task=,name=dot,elapsed_seconds=0.007842,predicted_seconds=inf,time_percent_error=inf,nthreads=50,end_time=352871.543215,avg_power_W=142.000000,max_power_W=142.000000,avg_time_s=0.007842,released_listeners=1,
start_task=,name=copy,tick=20,start_time=352871.543272,nthreads=50,
message=tick stats,tick=20,estimated_current_power=-nan,
end_task=,name=copy,elapsed_seconds=0.006644,predicted_seconds=inf,time_percent_error=inf,nthreads=50,end_time=352871.551103,avg_power_W=-nan,max_power_W=0.000000,avg_time_s=0.006644,released_listeners=1,
start_task=,name=dot,tick=21,start_time=352871.551149,nthreads=50,
message=tick stats,tick=21,estimated_current_power=-nan,
end_task=,name=dot,elapsed_seconds=0.009071,predicted_seconds=inf,time_percent_error=inf,nthreads=50,end_time=352871.561390,avg_power_W=-nan,max_power_W=0.000000,avg_time_s=0.009071,released_listeners=1,
start_task=,name=copy,tick=22,start_time=352871.561431,nthreads=50,
message=tick stats,tick=22,estimated_current_power=-nan,
end_task=,name=copy,elapsed_seconds=0.008913,predicted_seconds=inf,time_percent_error=inf,nthreads=50,end_time=352871.571500,avg_power_W=-nan,max_power_W=0.000000,avg_time_s=0.008913,released_listeners=1,
start_task=,name=dot,tick=23,start_time=352871.571542,nthreads=50,
message=tick stats,tick=23,estimated_current_power=-nan,
end_task=,name=dot,elapsed_seconds=0.008346,predicted_seconds=inf,time_percent_error=inf,nthreads=50,end_time=352871.593311,avg_power_W=141.000000,max_power_W=141.000000,avg_time_s=0.008346,released_listeners=1,
start_task=,name=copy,tick=24,start_time=352871.593367,nthreads=50,
message=tick stats,tick=24,estimated_current_power=-nan,
end_task=,name=copy,elapsed_seconds=0.007103,predicted_seconds=inf,time_percent_error=inf,nthreads=50,end_time=352871.601603,avg_power_W=-nan,max_power_W=0.000000,avg_time_s=0.007103,released_listeners=1,
start_task=,name=dot,tick=25,start_time=352871.601646,nthreads=50,
message=tick stats,tick=25,estimated_current_power=-nan,
end_task=,name=dot,elapsed_seconds=0.008639,predicted_seconds=inf,time_percent_error=inf,nthreads=50,end_time=352871.611457,avg_power_W=-nan,max_power_W=0.000000,avg_time_s=0.008639,released_listeners=1,
start_task=,name=copy,tick=26,start_time=352871.611509,nthreads=50,
message=tick stats,tick=26,estimated_current_power=-nan,
end_task=,name=copy,elapsed_seconds=0.008218,predicted_seconds=inf,time_percent_error=inf,nthreads=50,end_time=352871.620607,avg_power_W=-nan,max_power_W=0.000000,avg_time_s=0.008218,released_listeners=1,
start_task=,name=dot,tick=27,start_time=352871.620649,nthreads=50,
message=tick stats,tick=27,estimated_current_power=-nan,
end_task=,name=dot,elapsed_seconds=0.007982,predicted_seconds=inf,time_percent_error=inf,nthreads=50,end_time=352871.643437,avg_power_W=142.000000,max_power_W=142.000000,avg_time_s=0.007982,released_listeners=1,
start_task=,name=copy,tick=28,start_time=352871.643495,nthreads=50,
message=tick stats,tick=28,estimated_current_power=-nan,
end_task=,name=copy,elapsed_seconds=0.007430,predicted_seconds=inf,time_percent_error=inf,nthreads=50,end_time=352871.652100,avg_power_W=-nan,max_power_W=0.000000,avg_time_s=0.007430,released_listeners=1,
start_task=,name=dot,tick=29,start_time=352871.652148,nthreads=50,
message=tick stats,tick=29,estimated_current_power=-nan,
end_task=,name=dot,elapsed_seconds=0.008421,predicted_seconds=inf,time_percent_error=inf,nthreads=50,end_time=352871.661727,avg_power_W=-nan,max_power_W=0.000000,avg_time_s=0.008421,released_listeners=1,
start_task=,name=copy,tick=30,start_time=352871.661770,nthreads=50,
message=tick stats,tick=30,estimated_current_power=-nan,
end_task=,name=copy,elapsed_seconds=0.008020,predicted_seconds=inf,time_percent_error=inf,nthreads=50,end_time=352871.670937,avg_power_W=-nan,max_power_W=0.000000,avg_time_s=0.008020,released_listeners=1,
start_task=,name=dot,tick=31,start_time=352871.670979,nthreads=50,
message=tick stats,tick=31,estimated_current_power=-nan,
end_task=,name=dot,elapsed_seconds=0.007962,predicted_seconds=inf,time_percent_error=inf,nthreads=50,end_time=352871.692522,avg_power_W=142.000000,max_power_W=142.000000,avg_time_s=0.007962,released_listeners=1,
start_task=,name=copy,tick=32,start_time=352871.692579,nthreads=50,
message=tick stats,tick=32,estimated_current_power=-nan,
end_task=,name=copy,elapsed_seconds=0.006917,predicted_seconds=inf,time_percent_error=inf,nthreads=50,end_time=352871.700672,avg_power_W=-nan,max_power_W=0.000000,avg_time_s=0.006917,released_listeners=1,
start_task=,name=dot,tick=33,start_time=352871.700716,nthreads=50,
message=tick stats,tick=33,estimated_current_power=-nan,
end_task=,name=dot,elapsed_seconds=0.008453,predicted_seconds=inf,time_percent_error=inf,nthreads=50,end_time=352871.709916,avg_power_W=-nan,max_power_W=0.000000,avg_time_s=0.008453,released_listeners=1,
start_task=,name=spmv,tick=34,start_time=352871.709939,nthreads=50,
message=tick stats,tick=34,estimated_current_power=-nan,
end_task=,name=spmv,elapsed_seconds=0.012985,predicted_seconds=inf,time_percent_error=inf,nthreads=50,end_time=352871.724367,avg_power_W=-nan,max_power_W=0.000000,avg_time_s=0.012985,released_listeners=1,
start_task=,name=spmv,tick=35,start_time=352871.724409,nthreads=50,
message=tick stats,tick=35,estimated_current_power=-nan,
end_task=,name=spmv,elapsed_seconds=0.015987,predicted_seconds=inf,time_percent_error=inf,nthreads=50,end_time=352871.744174,avg_power_W=142.000000,max_power_W=142.000000,avg_time_s=0.015987,released_listeners=1,
start_task=,name=spmv,tick=36,start_time=352871.744288,nthreads=50,
message=tick stats,tick=36,estimated_current_power=-nan,
end_task=,name=spmv,elapsed_seconds=0.013347,predicted_seconds=inf,time_percent_error=inf,nthreads=50,end_time=352871.758479,avg_power_W=-nan,max_power_W=0.000000,avg_time_s=0.013347,released_listeners=1,
start_task=,name=spmv,tick=37,start_time=352871.758521,nthreads=50,
message=tick stats,tick=37,estimated_current_power=-nan,
end_task=,name=spmv,elapsed_seconds=0.016925,predicted_seconds=inf,time_percent_error=inf,nthreads=50,end_time=352871.776065,avg_power_W=-nan,max_power_W=0.000000,avg_time_s=0.016925,released_listeners=1,
start_task=,name=spmv,tick=38,start_time=352871.776115,nthreads=50,
message=tick stats,tick=38,estimated_current_power=-nan,
end_task=,name=spmv,elapsed_seconds=0.014628,predicted_seconds=inf,time_percent_error=inf,nthreads=50,end_time=352871.795497,avg_power_W=147.000000,max_power_W=147.000000,avg_time_s=0.014628,released_listeners=1,
start_task=,name=spmv,tick=39,start_time=352871.795550,nthreads=50,
message=tick stats,tick=39,estimated_current_power=-nan,
end_task=,name=spmv,elapsed_seconds=0.013159,predicted_seconds=inf,time_percent_error=inf,nthreads=50,end_time=352871.809618,avg_power_W=-nan,max_power_W=0.000000,avg_time_s=0.013159,released_listeners=1,
start_task=,name=spmv,tick=40,start_time=352871.809660,nthreads=50,
message=tick stats,tick=40,estimated_current_power=-nan,
end_task=,name=spmv,elapsed_seconds=0.016244,predicted_seconds=inf,time_percent_error=inf,nthreads=50,end_time=352871.826547,avg_power_W=-nan,max_power_W=0.000000,avg_time_s=0.016244,released_listeners=1,
start_task=,name=spmv,tick=41,start_time=352871.826588,nthreads=50,
message=tick stats,tick=41,estimated_current_power=-nan,
end_task=,name=spmv,elapsed_seconds=0.016251,predicted_seconds=inf,time_percent_error=inf,nthreads=50,end_time=352871.843514,avg_power_W=148.000000,max_power_W=148.000000,avg_time_s=0.016251,released_listeners=1,
start_task=,name=sum_contribs,tick=42,start_time=352871.843571,nthreads=50,
message=tick stats,tick=42,estimated_current_power=-nan,
end_task=,name=sum_contribs,elapsed_seconds=0.009276,predicted_seconds=inf,time_percent_error=inf,nthreads=50,end_time=352871.854302,avg_power_W=-nan,max_power_W=0.000000,avg_time_s=0.009276,released_listeners=1,
start_task=,name=dot,tick=43,start_time=352871.854346,nthreads=50,
message=tick stats,tick=43,estimated_current_power=-nan,
end_task=,name=dot,elapsed_seconds=0.007963,predicted_seconds=inf,time_percent_error=inf,nthreads=50,end_time=352871.863484,avg_power_W=-nan,max_power_W=0.000000,avg_time_s=0.007963,released_listeners=1,
start_task=,name=dot,tick=44,start_time=352871.863526,nthreads=50,
message=tick stats,tick=44,estimated_current_power=-nan,
end_task=,name=dot,elapsed_seconds=0.008116,predicted_seconds=inf,time_percent_error=inf,nthreads=50,end_time=352871.872301,avg_power_W=-nan,max_power_W=0.000000,avg_time_s=0.008116,released_listeners=1,
start_task=,name=dot,tick=45,start_time=352871.872343,nthreads=50,
message=tick stats,tick=45,estimated_current_power=-nan,
end_task=,name=dot,elapsed_seconds=0.008247,predicted_seconds=inf,time_percent_error=inf,nthreads=50,end_time=352871.893539,avg_power_W=149.000000,max_power_W=149.000000,avg_time_s=0.008247,released_listeners=1,
start_task=,name=dot,tick=46,start_time=352871.893596,nthreads=50,
message=tick stats,tick=46,estimated_current_power=-nan,
end_task=,name=dot,elapsed_seconds=0.005999,predicted_seconds=inf,time_percent_error=inf,nthreads=50,end_time=352871.900796,avg_power_W=-nan,max_power_W=0.000000,avg_time_s=0.005999,released_listeners=1,
start_task=,name=dot,tick=47,start_time=352871.900840,nthreads=50,
message=tick stats,tick=47,estimated_current_power=-nan,
end_task=,name=dot,elapsed_seconds=0.008347,predicted_seconds=inf,time_percent_error=inf,nthreads=50,end_time=352871.909764,avg_power_W=-nan,max_power_W=0.000000,avg_time_s=0.008347,released_listeners=1,
start_task=,name=dot,tick=48,start_time=352871.909806,nthreads=50,
message=tick stats,tick=48,estimated_current_power=-nan,
end_task=,name=dot,elapsed_seconds=0.009514,predicted_seconds=inf,time_percent_error=inf,nthreads=50,end_time=352871.920102,avg_power_W=-nan,max_power_W=0.000000,avg_time_s=0.009514,released_listeners=1,
start_task=,name=dot,tick=49,start_time=352871.920148,nthreads=50,
message=tick stats,tick=49,estimated_current_power=-nan,
end_task=,name=dot,elapsed_seconds=0.008147,predicted_seconds=inf,time_percent_error=inf,nthreads=50,end_time=352871.943471,avg_power_W=144.000000,max_power_W=144.000000,avg_time_s=0.008147,released_listeners=1,
start_task=,name=dot,tick=50,start_time=352871.943532,nthreads=50,
message=tick stats,tick=50,estimated_current_power=-nan,
end_task=,name=dot,elapsed_seconds=0.005978,predicted_seconds=inf,time_percent_error=inf,nthreads=50,end_time=352871.950307,avg_power_W=-nan,max_power_W=0.000000,avg_time_s=0.005978,released_listeners=1,
start_task=,name=sum_contribs,tick=51,start_time=352871.950350,nthreads=50,
message=tick stats,tick=51,estimated_current_power=-nan,
end_task=,name=sum_contribs,elapsed_seconds=0.008372,predicted_seconds=inf,time_percent_error=inf,nthreads=50,end_time=352871.959306,avg_power_W=-nan,max_power_W=0.000000,avg_time_s=0.008372,released_listeners=1,
start_task=,name=comp_alpha,tick=52,start_time=352871.959349,nthreads=50,
message=tick stats,tick=52,estimated_current_power=-nan,
end_task=,name=comp_alpha,elapsed_seconds=0.005685,predicted_seconds=inf,time_percent_error=inf,nthreads=50,end_time=352871.965985,avg_power_W=-nan,max_power_W=0.000000,avg_time_s=0.005685,released_listeners=16,
start_task=,name=axpyprofile,tick=53,start_time=352871.966032,nthreads=50,
message=tick stats,tick=53,estimated_current_power=-nan,
end_task=,name=axpyprofile,elapsed_seconds=0.506301,predicted_seconds=inf,time_percent_error=inf,nthreads=50,end_time=352872.473482,avg_power_W=151.000000,max_power_W=156.000000,avg_time_s=0.004116,released_listeners=1,
start_task=,name=axpyprofile,tick=54,start_time=352872.473537,nthreads=50,
message=tick stats,tick=54,estimated_current_power=-nan,
end_task=,name=axpyprofile,elapsed_seconds=0.507578,predicted_seconds=inf,time_percent_error=inf,nthreads=50,end_time=352872.993702,avg_power_W=155.000000,max_power_W=157.000000,avg_time_s=0.003935,released_listeners=1,
start_task=,name=axpyprofile,tick=55,start_time=352872.993759,nthreads=50,
message=tick stats,tick=55,estimated_current_power=-nan,
end_task=,name=axpyprofile,elapsed_seconds=0.505228,predicted_seconds=inf,time_percent_error=inf,nthreads=50,end_time=352873.500227,avg_power_W=153.500000,max_power_W=155.000000,avg_time_s=0.003742,released_listeners=1,
start_task=,name=axpyprofile,tick=56,start_time=352873.500282,nthreads=50,
message=tick stats,tick=56,estimated_current_power=-nan,
end_task=,name=axpyprofile,elapsed_seconds=0.508669,predicted_seconds=inf,time_percent_error=inf,nthreads=50,end_time=352874.009761,avg_power_W=155.100000,max_power_W=157.000000,avg_time_s=0.003740,released_listeners=1,
start_task=,name=axpyprofile,tick=57,start_time=352874.009816,nthreads=50,
message=tick stats,tick=57,estimated_current_power=-nan,
end_task=,name=axpyprofile,elapsed_seconds=0.509632,predicted_seconds=inf,time_percent_error=inf,nthreads=50,end_time=352874.520073,avg_power_W=157.000000,max_power_W=159.000000,avg_time_s=0.004432,released_listeners=1,
start_task=,name=axpyprofile,tick=58,start_time=352874.520132,nthreads=50,
message=tick stats,tick=58,estimated_current_power=-nan,
end_task=,name=axpyprofile,elapsed_seconds=0.508849,predicted_seconds=inf,time_percent_error=inf,nthreads=50,end_time=352875.043728,avg_power_W=154.363636,max_power_W=156.000000,avg_time_s=0.004387,released_listeners=1,
start_task=,name=axpyprofile,tick=59,start_time=352875.043785,nthreads=50,
message=tick stats,tick=59,estimated_current_power=-nan,
end_task=,name=axpyprofile,elapsed_seconds=0.506786,predicted_seconds=inf,time_percent_error=inf,nthreads=50,end_time=352875.551758,avg_power_W=159.300000,max_power_W=162.000000,avg_time_s=0.004369,released_listeners=1,
start_task=,name=axpyprofile,tick=60,start_time=352875.551813,nthreads=50,
message=tick stats,tick=60,estimated_current_power=-nan,
end_task=,name=axpyprofile,elapsed_seconds=0.511871,predicted_seconds=inf,time_percent_error=inf,nthreads=50,end_time=352876.064352,avg_power_W=161.600000,max_power_W=162.000000,avg_time_s=0.004413,released_listeners=1,
start_task=,name=axpyprofile,tick=61,start_time=352876.064410,nthreads=50,
message=tick stats,tick=61,estimated_current_power=-nan,
end_task=,name=axpyprofile,elapsed_seconds=0.505792,predicted_seconds=inf,time_percent_error=inf,nthreads=50,end_time=352876.571418,avg_power_W=162.900000,max_power_W=164.000000,avg_time_s=0.003775,released_listeners=1,
start_task=,name=axpyprofile,tick=62,start_time=352876.571482,nthreads=50,
message=tick stats,tick=62,estimated_current_power=-nan,
end_task=,name=axpyprofile,elapsed_seconds=0.509390,predicted_seconds=inf,time_percent_error=inf,nthreads=50,end_time=352877.093939,avg_power_W=163.272727,max_power_W=164.000000,avg_time_s=0.003746,released_listeners=1,
start_task=,name=axpyprofile,tick=63,start_time=352877.093998,nthreads=50,
message=tick stats,tick=63,estimated_current_power=-nan,
end_task=,name=axpyprofile,elapsed_seconds=0.507425,predicted_seconds=inf,time_percent_error=inf,nthreads=50,end_time=352877.602601,avg_power_W=163.600000,max_power_W=165.000000,avg_time_s=0.003787,released_listeners=1,
start_task=,name=axpyprofile,tick=64,start_time=352877.602656,nthreads=50,
message=tick stats,tick=64,estimated_current_power=-nan,
end_task=,name=axpyprofile,elapsed_seconds=0.509747,predicted_seconds=inf,time_percent_error=inf,nthreads=50,end_time=352878.113034,avg_power_W=162.100000,max_power_W=164.000000,avg_time_s=0.003776,released_listeners=1,
start_task=,name=axpyprofile,tick=65,start_time=352878.113090,nthreads=50,
message=tick stats,tick=65,estimated_current_power=-nan,
end_task=,name=axpyprofile,elapsed_seconds=0.509367,predicted_seconds=inf,time_percent_error=inf,nthreads=50,end_time=352878.623088,avg_power_W=162.500000,max_power_W=165.000000,avg_time_s=0.003773,released_listeners=1,
start_task=,name=axpyprofile,tick=66,start_time=352878.623147,nthreads=50,
message=tick stats,tick=66,estimated_current_power=-nan,
end_task=,name=axpyprofile,elapsed_seconds=0.507387,predicted_seconds=inf,time_percent_error=inf,nthreads=50,end_time=352879.144195,avg_power_W=161.909091,max_power_W=164.000000,avg_time_s=0.003786,released_listeners=1,
start_task=,name=axpyprofile,tick=67,start_time=352879.144252,nthreads=50,
message=tick stats,tick=67,estimated_current_power=-nan,
end_task=,name=axpyprofile,elapsed_seconds=0.506534,predicted_seconds=inf,time_percent_error=inf,nthreads=50,end_time=352879.651434,avg_power_W=161.000000,max_power_W=163.000000,avg_time_s=0.003752,released_listeners=1,
start_task=,name=axpyprofile,tick=68,start_time=352879.651489,nthreads=50,
message=tick stats,tick=68,estimated_current_power=-nan,
end_task=,name=axpyprofile,elapsed_seconds=0.508571,predicted_seconds=inf,time_percent_error=inf,nthreads=50,end_time=352880.160767,avg_power_W=160.200000,max_power_W=163.000000,avg_time_s=0.003739,released_listeners=1,
start_task=,name=axpy,tick=69,start_time=352880.160822,nthreads=50,
message=tick stats,tick=69,estimated_current_power=-nan,
end_task=,name=axpy,elapsed_seconds=0.005996,predicted_seconds=inf,time_percent_error=inf,nthreads=50,end_time=352880.167369,avg_power_W=-nan,max_power_W=0.000000,avg_time_s=0.005996,released_listeners=1,
start_task=,name=axpy,tick=70,start_time=352880.167391,nthreads=50,
message=tick stats,tick=70,estimated_current_power=-nan,
end_task=,name=axpy,elapsed_seconds=0.004800,predicted_seconds=inf,time_percent_error=inf,nthreads=50,end_time=352880.173154,avg_power_W=-nan,max_power_W=0.000000,avg_time_s=0.004800,released_listeners=0,
start_task=,name=axpy,tick=71,start_time=352880.173178,nthreads=50,
message=tick stats,tick=71,estimated_current_power=-nan,
end_task=,name=axpy,elapsed_seconds=0.004653,predicted_seconds=inf,time_percent_error=inf,nthreads=50,end_time=352880.193004,avg_power_W=163.000000,max_power_W=163.000000,avg_time_s=0.004653,released_listeners=0,
start_task=,name=axpy,tick=72,start_time=352880.193057,nthreads=50,
message=tick stats,tick=72,estimated_current_power=-nan,
end_task=,name=axpy,elapsed_seconds=0.005593,predicted_seconds=inf,time_percent_error=inf,nthreads=50,end_time=352880.199676,avg_power_W=-nan,max_power_W=0.000000,avg_time_s=0.005593,released_listeners=1,
start_task=,name=axpy,tick=73,start_time=352880.199698,nthreads=50,
message=tick stats,tick=73,estimated_current_power=-nan,
end_task=,name=axpy,elapsed_seconds=0.005578,predicted_seconds=inf,time_percent_error=inf,nthreads=50,end_time=352880.206245,avg_power_W=-nan,max_power_W=0.000000,avg_time_s=0.005578,released_listeners=0,
start_task=,name=axpy,tick=74,start_time=352880.206270,nthreads=50,
message=tick stats,tick=74,estimated_current_power=-nan,
end_task=,name=axpy,elapsed_seconds=0.004715,predicted_seconds=inf,time_percent_error=inf,nthreads=50,end_time=352880.211964,avg_power_W=-nan,max_power_W=0.000000,avg_time_s=0.004715,released_listeners=1,
start_task=,name=axpy,tick=75,start_time=352880.211985,nthreads=50,
message=tick stats,tick=75,estimated_current_power=-nan,
end_task=,name=axpy,elapsed_seconds=0.005257,predicted_seconds=inf,time_percent_error=inf,nthreads=50,end_time=352880.218030,avg_power_W=-nan,max_power_W=0.000000,avg_time_s=0.005257,released_listeners=0,
start_task=,name=axpy,tick=76,start_time=352880.218052,nthreads=50,
message=tick stats,tick=76,estimated_current_power=-nan,
end_task=,name=axpy,elapsed_seconds=0.005190,predicted_seconds=inf,time_percent_error=inf,nthreads=50,end_time=352880.224589,avg_power_W=-nan,max_power_W=0.000000,avg_time_s=0.005190,released_listeners=1,
start_task=,name=axpy,tick=77,start_time=352880.224610,nthreads=50,
message=tick stats,tick=77,estimated_current_power=-nan,
end_task=,name=axpy,elapsed_seconds=0.004699,predicted_seconds=inf,time_percent_error=inf,nthreads=50,end_time=352880.243015,avg_power_W=156.000000,max_power_W=156.000000,avg_time_s=0.004699,released_listeners=0,
start_task=,name=axpy,tick=78,start_time=352880.243071,nthreads=50,
message=tick stats,tick=78,estimated_current_power=-nan,
end_task=,name=axpy,elapsed_seconds=0.006981,predicted_seconds=inf,time_percent_error=inf,nthreads=50,end_time=352880.251048,avg_power_W=-nan,max_power_W=0.000000,avg_time_s=0.006981,released_listeners=1,
start_task=,name=axpy,tick=79,start_time=352880.251091,nthreads=50,
message=tick stats,tick=79,estimated_current_power=-nan,
end_task=,name=axpy,elapsed_seconds=0.006101,predicted_seconds=inf,time_percent_error=inf,nthreads=50,end_time=352880.258124,avg_power_W=-nan,max_power_W=0.000000,avg_time_s=0.006101,released_listeners=0,
start_task=,name=axpy,tick=80,start_time=352880.258147,nthreads=50,
message=tick stats,tick=80,estimated_current_power=-nan,
end_task=,name=axpy,elapsed_seconds=0.004972,predicted_seconds=inf,time_percent_error=inf,nthreads=50,end_time=352880.264448,avg_power_W=-nan,max_power_W=0.000000,avg_time_s=0.004972,released_listeners=1,
start_task=,name=axpy,tick=81,start_time=352880.264469,nthreads=50,
message=tick stats,tick=81,estimated_current_power=-nan,
end_task=,name=axpy,elapsed_seconds=0.005150,predicted_seconds=inf,time_percent_error=inf,nthreads=50,end_time=352880.270610,avg_power_W=-nan,max_power_W=0.000000,avg_time_s=0.005150,released_listeners=0,
start_task=,name=axpy,tick=82,start_time=352880.270631,nthreads=50,
message=tick stats,tick=82,estimated_current_power=-nan,
end_task=,name=axpy,elapsed_seconds=0.005319,predicted_seconds=inf,time_percent_error=inf,nthreads=50,end_time=352880.276979,avg_power_W=-nan,max_power_W=0.000000,avg_time_s=0.005319,released_listeners=1,
start_task=,name=axpy,tick=83,start_time=352880.277000,nthreads=50,
message=tick stats,tick=83,estimated_current_power=-nan,
end_task=,name=axpy,elapsed_seconds=0.004947,predicted_seconds=inf,time_percent_error=inf,nthreads=50,end_time=352880.294036,avg_power_W=151.000000,max_power_W=151.000000,avg_time_s=0.004947,released_listeners=0,
start_task=,name=axpy,tick=84,start_time=352880.294089,nthreads=50,
message=tick stats,tick=84,estimated_current_power=-nan,
end_task=,name=axpy,elapsed_seconds=0.006206,predicted_seconds=inf,time_percent_error=inf,nthreads=50,end_time=352880.301190,avg_power_W=-nan,max_power_W=0.000000,avg_time_s=0.006206,released_listeners=1,
start_task=,name=dot,tick=85,start_time=352880.301212,nthreads=50,
message=tick stats,tick=85,estimated_current_power=-nan,
end_task=,name=dot,elapsed_seconds=0.008890,predicted_seconds=inf,time_percent_error=inf,nthreads=50,end_time=352880.310638,avg_power_W=-nan,max_power_W=0.000000,avg_time_s=0.008890,released_listeners=1,
start_task=,name=dot,tick=86,start_time=352880.310688,nthreads=50,
message=tick stats,tick=86,estimated_current_power=-nan,
end_task=,name=dot,elapsed_seconds=0.009838,predicted_seconds=inf,time_percent_error=inf,nthreads=50,end_time=352880.321076,avg_power_W=-nan,max_power_W=0.000000,avg_time_s=0.009838,released_listeners=1,
start_task=,name=dot,tick=87,start_time=352880.321120,nthreads=50,
message=tick stats,tick=87,estimated_current_power=-nan,
end_task=,name=dot,elapsed_seconds=0.010286,predicted_seconds=inf,time_percent_error=inf,nthreads=50,end_time=352880.342876,avg_power_W=152.000000,max_power_W=152.000000,avg_time_s=0.010286,released_listeners=1,
start_task=,name=dot,tick=88,start_time=352880.342930,nthreads=50,
message=tick stats,tick=88,estimated_current_power=-nan,
end_task=,name=dot,elapsed_seconds=0.006381,predicted_seconds=inf,time_percent_error=inf,nthreads=50,end_time=352880.350171,avg_power_W=-nan,max_power_W=0.000000,avg_time_s=0.006381,released_listeners=1,
start_task=,name=dot,tick=89,start_time=352880.350213,nthreads=50,
message=tick stats,tick=89,estimated_current_power=-nan,
end_task=,name=dot,elapsed_seconds=0.009560,predicted_seconds=inf,time_percent_error=inf,nthreads=50,end_time=352880.360327,avg_power_W=-nan,max_power_W=0.000000,avg_time_s=0.009560,released_listeners=1,
start_task=,name=dot,tick=90,start_time=352880.360349,nthreads=50,
message=tick stats,tick=90,estimated_current_power=-nan,
end_task=,name=dot,elapsed_seconds=0.007781,predicted_seconds=inf,time_percent_error=inf,nthreads=50,end_time=352880.368745,avg_power_W=-nan,max_power_W=0.000000,avg_time_s=0.007781,released_listeners=1,
start_task=,name=dot,tick=91,start_time=352880.368766,nthreads=50,
message=tick stats,tick=91,estimated_current_power=-nan,
end_task=,name=dot,elapsed_seconds=0.008867,predicted_seconds=inf,time_percent_error=inf,nthreads=50,end_time=352880.378150,avg_power_W=-nan,max_power_W=0.000000,avg_time_s=0.008867,released_listeners=1,
start_task=,name=dot,tick=92,start_time=352880.378171,nthreads=50,
message=tick stats,tick=92,estimated_current_power=-nan,
end_task=,name=dot,elapsed_seconds=0.008871,predicted_seconds=inf,time_percent_error=inf,nthreads=50,end_time=352880.394904,avg_power_W=152.000000,max_power_W=152.000000,avg_time_s=0.008871,released_listeners=1,
start_task=,name=sum_contribs,tick=93,start_time=352880.394956,nthreads=50,
message=tick stats,tick=93,estimated_current_power=-nan,
end_task=,name=sum_contribs,elapsed_seconds=0.008464,predicted_seconds=inf,time_percent_error=inf,nthreads=50,end_time=352880.404526,avg_power_W=-nan,max_power_W=0.000000,avg_time_s=0.008464,released_listeners=2,
start_task=,name=assign,tick=94,start_time=352880.404549,nthreads=50,
message=tick stats,tick=94,estimated_current_power=-nan,
end_task=,name=assign,elapsed_seconds=0.005569,predicted_seconds=inf,time_percent_error=inf,nthreads=50,end_time=352880.411142,avg_power_W=-nan,max_power_W=0.000000,avg_time_s=0.005569,released_listeners=0,
start_task=,name=comp_beta,tick=95,start_time=352880.411187,nthreads=50,
message=tick stats,tick=95,estimated_current_power=-nan,
end_task=,name=comp_beta,elapsed_seconds=0.005096,predicted_seconds=inf,time_percent_error=inf,nthreads=50,end_time=352880.417268,avg_power_W=-nan,max_power_W=0.000000,avg_time_s=0.005096,released_listeners=8,
start_task=,name=xapyprofile,tick=96,start_time=352880.417314,nthreads=50,
message=tick stats,tick=96,estimated_current_power=-nan,
end_task=,name=xapyprofile,elapsed_seconds=0.506813,predicted_seconds=inf,time_percent_error=inf,nthreads=50,end_time=352880.924792,avg_power_W=156.700000,max_power_W=159.000000,avg_time_s=0.003991,released_listeners=1,
start_task=,name=xapyprofile,tick=97,start_time=352880.924849,nthreads=50,
message=tick stats,tick=97,estimated_current_power=-nan,
end_task=,name=xapyprofile,elapsed_seconds=0.506445,predicted_seconds=inf,time_percent_error=inf,nthreads=50,end_time=352881.444061,avg_power_W=162.636364,max_power_W=166.000000,avg_time_s=0.004117,released_listeners=1,
start_task=,name=xapyprofile,tick=98,start_time=352881.444120,nthreads=50,
message=tick stats,tick=98,estimated_current_power=-nan,
end_task=,name=xapyprofile,elapsed_seconds=0.504482,predicted_seconds=inf,time_percent_error=inf,nthreads=50,end_time=352881.949274,avg_power_W=163.000000,max_power_W=166.000000,avg_time_s=0.003941,released_listeners=1,
start_task=,name=xapyprofile,tick=99,start_time=352881.949330,nthreads=50,
message=tick stats,tick=99,estimated_current_power=-nan,
end_task=,name=xapyprofile,elapsed_seconds=0.510072,predicted_seconds=inf,time_percent_error=inf,nthreads=50,end_time=352882.460032,avg_power_W=165.200000,max_power_W=166.000000,avg_time_s=0.003894,released_listeners=1,
start_task=,name=xapyprofile,tick=100,start_time=352882.460087,nthreads=50,
message=tick stats,tick=100,estimated_current_power=-nan,
end_task=,name=xapyprofile,elapsed_seconds=0.508563,predicted_seconds=inf,time_percent_error=inf,nthreads=50,end_time=352882.969285,avg_power_W=164.400000,max_power_W=166.000000,avg_time_s=0.003942,released_listeners=1,
start_task=,name=xapyprofile,tick=101,start_time=352882.969340,nthreads=50,
message=tick stats,tick=101,estimated_current_power=-nan,
end_task=,name=xapyprofile,elapsed_seconds=0.507907,predicted_seconds=inf,time_percent_error=inf,nthreads=50,end_time=352883.477768,avg_power_W=163.700000,max_power_W=165.000000,avg_time_s=0.003937,released_listeners=1,
start_task=,name=xapyprofile,tick=102,start_time=352883.477823,nthreads=50,
message=tick stats,tick=102,estimated_current_power=-nan,
end_task=,name=xapyprofile,elapsed_seconds=0.508984,predicted_seconds=inf,time_percent_error=inf,nthreads=50,end_time=352883.993857,avg_power_W=162.636364,max_power_W=165.000000,avg_time_s=0.004585,released_listeners=1,
start_task=,name=xapyprofile,tick=103,start_time=352883.993915,nthreads=50,
message=tick stats,tick=103,estimated_current_power=-nan,
end_task=,name=xapyprofile,elapsed_seconds=0.504821,predicted_seconds=inf,time_percent_error=inf,nthreads=50,end_time=352884.499295,avg_power_W=162.900000,max_power_W=164.000000,avg_time_s=0.004548,released_listeners=1,
start_task=,name=xapy,tick=104,start_time=352884.499350,nthreads=50,
message=tick stats,tick=104,estimated_current_power=-nan,
end_task=,name=xapy,elapsed_seconds=0.007219,predicted_seconds=inf,time_percent_error=inf,nthreads=50,end_time=352884.507080,avg_power_W=-nan,max_power_W=0.000000,avg_time_s=0.007219,released_listeners=0,
start_task=,name=xapy,tick=105,start_time=352884.507103,nthreads=50,
message=tick stats,tick=105,estimated_current_power=-nan,
end_task=,name=xapy,elapsed_seconds=0.008225,predicted_seconds=inf,time_percent_error=inf,nthreads=50,end_time=352884.515867,avg_power_W=-nan,max_power_W=0.000000,avg_time_s=0.008225,released_listeners=0,
start_task=,name=xapy,tick=106,start_time=352884.515888,nthreads=50,
message=tick stats,tick=106,estimated_current_power=-nan,
end_task=,name=xapy,elapsed_seconds=0.007459,predicted_seconds=inf,time_percent_error=inf,nthreads=50,end_time=352884.524317,avg_power_W=-nan,max_power_W=0.000000,avg_time_s=0.007459,released_listeners=0,
start_task=,name=xapy,tick=107,start_time=352884.524339,nthreads=50,
message=tick stats,tick=107,estimated_current_power=-nan,
end_task=,name=xapy,elapsed_seconds=0.007219,predicted_seconds=inf,time_percent_error=inf,nthreads=50,end_time=352884.544066,avg_power_W=163.000000,max_power_W=163.000000,avg_time_s=0.007219,released_listeners=0,
start_task=,name=xapy,tick=108,start_time=352884.544119,nthreads=50,
message=tick stats,tick=108,estimated_current_power=-nan,
end_task=,name=xapy,elapsed_seconds=0.005707,predicted_seconds=inf,time_percent_error=inf,nthreads=50,end_time=352884.550419,avg_power_W=-nan,max_power_W=0.000000,avg_time_s=0.005707,released_listeners=0,
start_task=,name=xapy,tick=109,start_time=352884.550442,nthreads=50,
message=tick stats,tick=109,estimated_current_power=-nan,
end_task=,name=xapy,elapsed_seconds=0.007408,predicted_seconds=inf,time_percent_error=inf,nthreads=50,end_time=352884.558453,avg_power_W=-nan,max_power_W=0.000000,avg_time_s=0.007408,released_listeners=0,
start_task=,name=xapy,tick=110,start_time=352884.558476,nthreads=50,
message=tick stats,tick=110,estimated_current_power=-nan,
end_task=,name=xapy,elapsed_seconds=0.007108,predicted_seconds=inf,time_percent_error=inf,nthreads=50,end_time=352884.566146,avg_power_W=-nan,max_power_W=0.000000,avg_time_s=0.007108,released_listeners=0,
start_task=,name=xapy,tick=111,start_time=352884.566168,nthreads=50,
message=tick stats,tick=111,estimated_current_power=-nan,
end_task=,name=xapy,elapsed_seconds=0.007475,predicted_seconds=inf,time_percent_error=inf,nthreads=50,end_time=352884.575431,avg_power_W=-nan,max_power_W=0.000000,avg_time_s=0.007475,released_listeners=0,
est_max_power=inf,
average_power_W=-nan,
max_power_W=0.000000,
time_s=13.847126,
message=ALL DONE,
