message=cataloging configuration,max_threads=98,power_limit=inf,
start_task=,name=start,tick=1,start_time=354129.545104,nthreads=98,
message=tick stats,tick=1,estimated_current_power=inf,
end_task=,name=start,elapsed_seconds=0.010712,predicted_seconds=inf,time_percent_error=inf,nthreads=98,end_time=354129.557223,avg_power_W=-nan,max_power_W=0.000000,avg_time_s=0.010712,released_listeners=8,
start_task=,name=spmv,tick=2,start_time=354129.557261,nthreads=98,
message=tick stats,tick=2,estimated_current_power=-nan,
end_task=,name=spmv,elapsed_seconds=0.194565,predicted_seconds=inf,time_percent_error=inf,nthreads=98,end_time=354129.759179,avg_power_W=119.250000,max_power_W=123.000000,avg_time_s=0.194565,released_listeners=1,
start_task=,name=spmv,tick=3,start_time=354129.759320,nthreads=98,
message=tick stats,tick=3,estimated_current_power=-nan,
end_task=,name=spmv,elapsed_seconds=0.048452,predicted_seconds=inf,time_percent_error=inf,nthreads=98,end_time=354129.809708,avg_power_W=130.000000,max_power_W=130.000000,avg_time_s=0.048452,released_listeners=1,
start_task=,name=spmv,tick=4,start_time=354129.809781,nthreads=98,
message=tick stats,tick=4,estimated_current_power=-nan,
end_task=,name=spmv,elapsed_seconds=0.048132,predicted_seconds=inf,time_percent_error=inf,nthreads=98,end_time=354129.859733,avg_power_W=153.000000,max_power_W=153.000000,avg_time_s=0.048132,released_listeners=1,
start_task=,name=spmv,tick=5,start_time=354129.859811,nthreads=98,
message=tick stats,tick=5,estimated_current_power=-nan,
end_task=,name=spmv,elapsed_seconds=0.033838,predicted_seconds=inf,time_percent_error=inf,nthreads=98,end_time=354129.894475,avg_power_W=-nan,max_power_W=0.000000,avg_time_s=0.033838,released_listeners=1,
start_task=,name=spmv,tick=6,start_time=354129.894540,nthreads=98,
message=tick stats,tick=6,estimated_current_power=-nan,
end_task=,name=spmv,elapsed_seconds=0.034137,predicted_seconds=inf,time_percent_error=inf,nthreads=98,end_time=354129.929694,avg_power_W=156.000000,max_power_W=156.000000,avg_time_s=0.034137,released_listeners=1,
start_task=,name=spmv,tick=7,start_time=354129.929763,nthreads=98,
message=tick stats,tick=7,estimated_current_power=-nan,
end_task=,name=spmv,elapsed_seconds=0.046135,predicted_seconds=inf,time_percent_error=inf,nthreads=98,end_time=354129.976564,avg_power_W=156.000000,max_power_W=156.000000,avg_time_s=0.046135,released_listeners=1,
start_task=,name=spmv,tick=8,start_time=354129.976639,nthreads=98,
message=tick stats,tick=8,estimated_current_power=-nan,
end_task=,name=spmv,elapsed_seconds=0.043354,predicted_seconds=inf,time_percent_error=inf,nthreads=98,end_time=354130.020912,avg_power_W=157.000000,max_power_W=157.000000,avg_time_s=0.043354,released_listeners=1,
start_task=,name=spmv,tick=9,start_time=354130.020982,nthreads=98,
message=tick stats,tick=9,estimated_current_power=-nan,
end_task=,name=spmv,elapsed_seconds=0.045957,predicted_seconds=inf,time_percent_error=inf,nthreads=98,end_time=354130.067867,avg_power_W=157.000000,max_power_W=157.000000,avg_time_s=0.045957,released_listeners=1,
start_task=,name=subtract,tick=10,start_time=354130.067943,nthreads=98,
message=tick stats,tick=10,estimated_current_power=-nan,
end_task=,name=subtract,elapsed_seconds=0.059313,predicted_seconds=inf,time_percent_error=inf,nthreads=98,end_time=354130.128024,avg_power_W=157.000000,max_power_W=157.000000,avg_time_s=0.059313,released_listeners=2,
start_task=,name=subtract,tick=11,start_time=354130.128100,nthreads=98,
message=tick stats,tick=11,estimated_current_power=-nan,
end_task=,name=subtract,elapsed_seconds=0.030407,predicted_seconds=inf,time_percent_error=inf,nthreads=98,end_time=354130.159209,avg_power_W=158.000000,max_power_W=158.000000,avg_time_s=0.030407,released_listeners=2,
start_task=,name=subtract,tick=12,start_time=354130.159289,nthreads=98,
message=tick stats,tick=12,estimated_current_power=-nan,
end_task=,name=subtract,elapsed_seconds=0.027258,predicted_seconds=inf,time_percent_error=inf,nthreads=98,end_time=354130.187156,avg_power_W=-nan,max_power_W=0.000000,avg_time_s=0.027258,released_listeners=2,
start_task=,name=subtract,tick=13,start_time=354130.187232,nthreads=98,
message=tick stats,tick=13,estimated_current_power=-nan,
end_task=,name=subtract,elapsed_seconds=0.031633,predicted_seconds=inf,time_percent_error=inf,nthreads=98,end_time=354130.219813,avg_power_W=154.000000,max_power_W=154.000000,avg_time_s=0.031633,released_listeners=2,
start_task=,name=subtract,tick=14,start_time=354130.219890,nthreads=98,
message=tick stats,tick=14,estimated_current_power=-nan,
end_task=,name=subtract,elapsed_seconds=0.020284,predicted_seconds=inf,time_percent_error=inf,nthreads=98,end_time=354130.261266,avg_power_W=154.000000,max_power_W=154.000000,avg_time_s=0.020284,released_listeners=2,
start_task=,name=subtract,tick=15,start_time=354130.261341,nthreads=98,
message=tick stats,tick=15,estimated_current_power=-nan,
end_task=,name=subtract,elapsed_seconds=0.045074,predicted_seconds=inf,time_percent_error=inf,nthreads=98,end_time=354130.310299,avg_power_W=154.000000,max_power_W=154.000000,avg_time_s=0.045074,released_listeners=2,
start_task=,name=subtract,tick=16,start_time=354130.310375,nthreads=98,
message=tick stats,tick=16,estimated_current_power=-nan,
end_task=,name=subtract,elapsed_seconds=0.022378,predicted_seconds=inf,time_percent_error=inf,nthreads=98,end_time=354130.334245,avg_power_W=-nan,max_power_W=0.000000,avg_time_s=0.022378,released_listeners=2,
start_task=,name=subtract,tick=17,start_time=354130.334311,nthreads=98,
message=tick stats,tick=17,estimated_current_power=-nan,
end_task=,name=subtract,elapsed_seconds=0.026396,predicted_seconds=inf,time_percent_error=inf,nthreads=98,end_time=354130.363106,avg_power_W=153.000000,max_power_W=153.000000,avg_time_s=0.026396,released_listeners=2,
start_task=,name=copy,tick=18,start_time=354130.363188,nthreads=98,
message=tick stats,tick=18,estimated_current_power=-nan,
end_task=,name=copy,elapsed_seconds=0.026482,predicted_seconds=inf,time_percent_error=inf,nthreads=98,end_time=354130.391132,avg_power_W=-nan,max_power_W=0.000000,avg_time_s=0.026482,released_listeners=1,
start_task=,name=dot,tick=19,start_time=354130.391206,nthreads=98,
message=tick stats,tick=19,estimated_current_power=-nan,
end_task=,name=dot,elapsed_seconds=0.028419,predicted_seconds=inf,time_percent_error=inf,nthreads=98,end_time=354130.420529,avg_power_W=155.000000,max_power_W=155.000000,avg_time_s=0.028419,released_listeners=1,
start_task=,name=dot,tick=20,start_time=354130.420609,nthreads=98,
message=tick stats,tick=20,estimated_current_power=-nan,
end_task=,name=dot,elapsed_seconds=0.018853,predicted_seconds=inf,time_percent_error=inf,nthreads=98,end_time=354130.440918,avg_power_W=-nan,max_power_W=0.000000,avg_time_s=0.018853,released_listeners=1,
start_task=,name=copy,tick=21,start_time=354130.440984,nthreads=98,
message=tick stats,tick=21,estimated_current_power=-nan,
end_task=,name=copy,elapsed_seconds=0.018823,predicted_seconds=inf,time_percent_error=inf,nthreads=98,end_time=354130.460656,avg_power_W=153.000000,max_power_W=153.000000,avg_time_s=0.018823,released_listeners=1,
start_task=,name=copy,tick=22,start_time=354130.460728,nthreads=98,
message=tick stats,tick=22,estimated_current_power=-nan,
end_task=,name=copy,elapsed_seconds=0.019442,predicted_seconds=inf,time_percent_error=inf,nthreads=98,end_time=354130.481697,avg_power_W=-nan,max_power_W=0.000000,avg_time_s=0.019442,released_listeners=1,
start_task=,name=dot,tick=23,start_time=354130.481761,nthreads=98,
message=tick stats,tick=23,estimated_current_power=-nan,
end_task=,name=dot,elapsed_seconds=0.027857,predicted_seconds=inf,time_percent_error=inf,nthreads=98,end_time=354130.510545,avg_power_W=156.000000,max_power_W=156.000000,avg_time_s=0.027857,released_listeners=1,
start_task=,name=copy,tick=24,start_time=354130.510617,nthreads=98,
message=tick stats,tick=24,estimated_current_power=-nan,
end_task=,name=copy,elapsed_seconds=0.018982,predicted_seconds=inf,time_percent_error=inf,nthreads=98,end_time=354130.530445,avg_power_W=-nan,max_power_W=0.000000,avg_time_s=0.018982,released_listeners=1,
start_task=,name=dot,tick=25,start_time=354130.530509,nthreads=98,
message=tick stats,tick=25,estimated_current_power=-nan,
end_task=,name=dot,elapsed_seconds=0.019548,predicted_seconds=inf,time_percent_error=inf,nthreads=98,end_time=354130.559701,avg_power_W=156.000000,max_power_W=156.000000,avg_time_s=0.019548,released_listeners=1,
start_task=,name=copy,tick=26,start_time=354130.559777,nthreads=98,
message=tick stats,tick=26,estimated_current_power=-nan,
end_task=,name=copy,elapsed_seconds=0.028542,predicted_seconds=inf,time_percent_error=inf,nthreads=98,end_time=354130.589302,avg_power_W=-nan,max_power_W=0.000000,avg_time_s=0.028542,released_listeners=1,
start_task=,name=dot,tick=27,start_time=354130.589367,nthreads=98,
message=tick stats,tick=27,estimated_current_power=-nan,
end_task=,name=dot,elapsed_seconds=0.019811,predicted_seconds=inf,time_percent_error=inf,nthreads=98,end_time=354130.610019,avg_power_W=157.000000,max_power_W=157.000000,avg_time_s=0.019811,released_listeners=1,
start_task=,name=copy,tick=28,start_time=354130.610094,nthreads=98,
message=tick stats,tick=28,estimated_current_power=-nan,
end_task=,name=copy,elapsed_seconds=0.028537,predicted_seconds=inf,time_percent_error=inf,nthreads=98,end_time=354130.639486,avg_power_W=-nan,max_power_W=0.000000,avg_time_s=0.028537,released_listeners=1,
start_task=,name=dot,tick=29,start_time=354130.639550,nthreads=98,
message=tick stats,tick=29,estimated_current_power=-nan,
end_task=,name=dot,elapsed_seconds=0.020278,predicted_seconds=inf,time_percent_error=inf,nthreads=98,end_time=354130.660356,avg_power_W=156.000000,max_power_W=156.000000,avg_time_s=0.020278,released_listeners=1,
start_task=,name=copy,tick=30,start_time=354130.660391,nthreads=98,
message=tick stats,tick=30,estimated_current_power=-nan,
end_task=,name=copy,elapsed_seconds=0.019534,predicted_seconds=inf,time_percent_error=inf,nthreads=98,end_time=354130.680765,avg_power_W=-nan,max_power_W=0.000000,avg_time_s=0.019534,released_listeners=1,
start_task=,name=dot,tick=31,start_time=354130.680796,nthreads=98,
message=tick stats,tick=31,estimated_current_power=-nan,
end_task=,name=dot,elapsed_seconds=0.028910,predicted_seconds=inf,time_percent_error=inf,nthreads=98,end_time=354130.711102,avg_power_W=156.000000,max_power_W=156.000000,avg_time_s=0.028910,released_listeners=1,
start_task=,name=copy,tick=32,start_time=354130.711141,nthreads=98,
message=tick stats,tick=32,estimated_current_power=-nan,
end_task=,name=copy,elapsed_seconds=0.018469,predicted_seconds=inf,time_percent_error=inf,nthreads=98,end_time=354130.730129,avg_power_W=-nan,max_power_W=0.000000,avg_time_s=0.018469,released_listeners=1,
start_task=,name=dot,tick=33,start_time=354130.730161,nthreads=98,
message=tick stats,tick=33,estimated_current_power=-nan,
end_task=,name=dot,elapsed_seconds=0.019466,predicted_seconds=inf,time_percent_error=inf,nthreads=98,end_time=354130.759202,avg_power_W=156.000000,max_power_W=156.000000,avg_time_s=0.019466,released_listeners=1,
start_task=,name=spmv,tick=34,start_time=354130.759273,nthreads=98,
message=tick stats,tick=34,estimated_current_power=-nan,
end_task=,name=spmv,elapsed_seconds=0.031205,predicted_seconds=inf,time_percent_error=inf,nthreads=98,end_time=354130.791135,avg_power_W=-nan,max_power_W=0.000000,avg_time_s=0.031205,released_listeners=1,
start_task=,name=spmv,tick=35,start_time=354130.791221,nthreads=98,
message=tick stats,tick=35,estimated_current_power=-nan,
end_task=,name=spmv,elapsed_seconds=0.032921,predicted_seconds=inf,time_percent_error=inf,nthreads=98,end_time=354130.824782,avg_power_W=157.000000,max_power_W=157.000000,avg_time_s=0.032921,released_listeners=1,
start_task=,name=spmv,tick=36,start_time=354130.824854,nthreads=98,
message=tick stats,tick=36,estimated_current_power=-nan,
end_task=,name=spmv,elapsed_seconds=0.030674,predicted_seconds=inf,time_percent_error=inf,nthreads=98,end_time=354130.859315,avg_power_W=158.000000,max_power_W=158.000000,avg_time_s=0.030674,released_listeners=1,
start_task=,name=spmv,tick=37,start_time=354130.859390,nthreads=98,
message=tick stats,tick=37,estimated_current_power=-nan,
end_task=,name=spmv,elapsed_seconds=0.030522,predicted_seconds=inf,time_percent_error=inf,nthreads=98,end_time=354130.890622,avg_power_W=-nan,max_power_W=0.000000,avg_time_s=0.030522,released_listeners=1,
start_task=,name=spmv,tick=38,start_time=354130.890692,nthreads=98,
message=tick stats,tick=38,estimated_current_power=-nan,
end_task=,name=spmv,elapsed_seconds=0.033083,predicted_seconds=inf,time_percent_error=inf,nthreads=98,end_time=354130.924577,avg_power_W=159.000000,max_power_W=159.000000,avg_time_s=0.033083,released_listeners=1,
start_task=,name=spmv,tick=39,start_time=354130.924655,nthreads=98,
message=tick stats,tick=39,estimated_current_power=-nan,
end_task=,name=spmv,elapsed_seconds=0.041553,predicted_seconds=inf,time_percent_error=inf,nthreads=98,end_time=354130.967154,avg_power_W=157.000000,max_power_W=157.000000,avg_time_s=0.041553,released_listeners=1,
start_task=,name=spmv,tick=40,start_time=354130.967248,nthreads=98,
message=tick stats,tick=40,estimated_current_power=-nan,
end_task=,name=spmv,elapsed_seconds=0.031262,predicted_seconds=inf,time_percent_error=inf,nthreads=98,end_time=354131.009258,avg_power_W=160.000000,max_power_W=160.000000,avg_time_s=0.031262,released_listeners=1,
start_task=,name=spmv,tick=41,start_time=354131.009334,nthreads=98,
message=tick stats,tick=41,estimated_current_power=-nan,
end_task=,name=spmv,elapsed_seconds=0.028521,predicted_seconds=inf,time_percent_error=inf,nthreads=98,end_time=354131.038597,avg_power_W=-nan,max_power_W=0.000000,avg_time_s=0.028521,released_listeners=1,
start_task=,name=sum_contribs,tick=42,start_time=354131.038662,nthreads=98,
message=tick stats,tick=42,estimated_current_power=-nan,
end_task=,name=sum_contribs,elapsed_seconds=0.026135,predicted_seconds=inf,time_percent_error=inf,nthreads=98,end_time=354131.065673,avg_power_W=158.000000,max_power_W=158.000000,avg_time_s=0.026135,released_listeners=1,
start_task=,name=dot,tick=43,start_time=354131.065745,nthreads=98,
message=tick stats,tick=43,estimated_current_power=-nan,
end_task=,name=dot,elapsed_seconds=0.029617,predicted_seconds=inf,time_percent_error=inf,nthreads=98,end_time=354131.108992,avg_power_W=158.000000,max_power_W=158.000000,avg_time_s=0.029617,released_listeners=1,
start_task=,name=dot,tick=44,start_time=354131.109068,nthreads=98,
message=tick stats,tick=44,estimated_current_power=-nan,
end_task=,name=dot,elapsed_seconds=0.027219,predicted_seconds=inf,time_percent_error=inf,nthreads=98,end_time=354131.137027,avg_power_W=-nan,max_power_W=0.000000,avg_time_s=0.027219,released_listeners=1,
start_task=,name=dot,tick=45,start_time=354131.137094,nthreads=98,
message=tick stats,tick=45,estimated_current_power=-nan,
end_task=,name=dot,elapsed_seconds=0.037604,predicted_seconds=inf,time_percent_error=inf,nthreads=98,end_time=354131.175560,avg_power_W=156.000000,max_power_W=156.000000,avg_time_s=0.037604,released_listeners=1,
start_task=,name=dot,tick=46,start_time=354131.175632,nthreads=98,
message=tick stats,tick=46,estimated_current_power=-nan,
end_task=,name=dot,elapsed_seconds=0.027496,predicted_seconds=inf,time_percent_error=inf,nthreads=98,end_time=354131.209310,avg_power_W=156.000000,max_power_W=156.000000,avg_time_s=0.027496,released_listeners=1,
start_task=,name=dot,tick=47,start_time=354131.209381,nthreads=98,
message=tick stats,tick=47,estimated_current_power=-nan,
end_task=,name=dot,elapsed_seconds=0.025400,predicted_seconds=inf,time_percent_error=inf,nthreads=98,end_time=354131.235652,avg_power_W=-nan,max_power_W=0.000000,avg_time_s=0.025400,released_listeners=1,
start_task=,name=dot,tick=48,start_time=354131.235717,nthreads=98,
message=tick stats,tick=48,estimated_current_power=-nan,
end_task=,name=dot,elapsed_seconds=0.034248,predicted_seconds=inf,time_percent_error=inf,nthreads=98,end_time=354131.271445,avg_power_W=156.000000,max_power_W=156.000000,avg_time_s=0.034248,released_listeners=1,
start_task=,name=dot,tick=49,start_time=354131.271517,nthreads=98,
message=tick stats,tick=49,estimated_current_power=-nan,
end_task=,name=dot,elapsed_seconds=0.028779,predicted_seconds=inf,time_percent_error=inf,nthreads=98,end_time=354131.309855,avg_power_W=155.000000,max_power_W=155.000000,avg_time_s=0.028779,released_listeners=1,
start_task=,name=dot,tick=50,start_time=354131.309937,nthreads=98,
message=tick stats,tick=50,estimated_current_power=-nan,
end_task=,name=dot,elapsed_seconds=0.021568,predicted_seconds=inf,time_percent_error=inf,nthreads=98,end_time=354131.332966,avg_power_W=-nan,max_power_W=0.000000,avg_time_s=0.021568,released_listeners=1,
start_task=,name=sum_contribs,tick=51,start_time=354131.333030,nthreads=98,
message=tick stats,tick=51,estimated_current_power=-nan,
end_task=,name=sum_contribs,elapsed_seconds=0.023959,predicted_seconds=inf,time_percent_error=inf,nthreads=98,end_time=354131.359632,avg_power_W=155.000000,max_power_W=155.000000,avg_time_s=0.023959,released_listeners=1,
start_task=,name=comp_alpha,tick=52,start_time=354131.359708,nthreads=98,
message=tick stats,tick=52,estimated_current_power=-nan,
end_task=,name=comp_alpha,elapsed_seconds=0.024105,predicted_seconds=inf,time_percent_error=inf,nthreads=98,end_time=354131.385923,avg_power_W=-nan,max_power_W=0.000000,avg_time_s=0.024105,released_listeners=16,
start_task=,name=axpyprofile,tick=53,start_time=354131.385992,nthreads=98,
message=tick stats,tick=53,estimated_current_power=-nan,
end_task=,name=axpyprofile,elapsed_seconds=0.532073,predicted_seconds=inf,time_percent_error=inf,nthreads=98,end_time=354131.918675,avg_power_W=167.181818,max_power_W=172.000000,avg_time_s=0.005321,released_listeners=1,
start_task=,name=axpyprofile,tick=54,start_time=354131.918753,nthreads=98,
message=tick stats,tick=54,estimated_current_power=-nan,
end_task=,name=axpyprofile,elapsed_seconds=0.543399,predicted_seconds=inf,time_percent_error=inf,nthreads=98,end_time=354132.463631,avg_power_W=171.545455,max_power_W=175.000000,avg_time_s=0.004767,released_listeners=1,
start_task=,name=axpyprofile,tick=55,start_time=354132.463708,nthreads=98,
message=tick stats,tick=55,estimated_current_power=-nan,
end_task=,name=axpyprofile,elapsed_seconds=0.522027,predicted_seconds=inf,time_percent_error=inf,nthreads=98,end_time=354132.986247,avg_power_W=163.000000,max_power_W=171.000000,avg_time_s=0.000242,released_listeners=1,
start_task=,name=axpyprofile,tick=56,start_time=354132.986292,nthreads=98,
message=tick stats,tick=56,estimated_current_power=-nan,
end_task=,name=axpyprofile,elapsed_seconds=0.519443,predicted_seconds=inf,time_percent_error=inf,nthreads=98,end_time=354133.510008,avg_power_W=165.454545,max_power_W=168.000000,avg_time_s=0.000240,released_listeners=1,
start_task=,name=axpyprofile,tick=57,start_time=354133.510093,nthreads=98,
message=tick stats,tick=57,estimated_current_power=-nan,
end_task=,name=axpyprofile,elapsed_seconds=0.516198,predicted_seconds=inf,time_percent_error=inf,nthreads=98,end_time=354134.026695,avg_power_W=163.500000,max_power_W=166.000000,avg_time_s=0.000239,released_listeners=1,
start_task=,name=axpyprofile,tick=58,start_time=354134.026737,nthreads=98,
message=tick stats,tick=58,estimated_current_power=-nan,
end_task=,name=axpyprofile,elapsed_seconds=0.519037,predicted_seconds=inf,time_percent_error=inf,nthreads=98,end_time=354134.559296,avg_power_W=164.272727,max_power_W=166.000000,avg_time_s=0.000239,released_listeners=1,
start_task=,name=axpyprofile,tick=59,start_time=354134.559379,nthreads=98,
message=tick stats,tick=59,estimated_current_power=-nan,
end_task=,name=axpyprofile,elapsed_seconds=0.519027,predicted_seconds=inf,time_percent_error=inf,nthreads=98,end_time=354135.078932,avg_power_W=165.700000,max_power_W=169.000000,avg_time_s=0.000242,released_listeners=1,
start_task=,name=axpyprofile,tick=60,start_time=354135.078973,nthreads=98,
message=tick stats,tick=60,estimated_current_power=-nan,
end_task=,name=axpyprofile,elapsed_seconds=0.522691,predicted_seconds=inf,time_percent_error=inf,nthreads=98,end_time=354135.609912,avg_power_W=165.000000,max_power_W=168.000000,avg_time_s=0.000241,released_listeners=1,
start_task=,name=axpyprofile,tick=61,start_time=354135.609995,nthreads=98,
message=tick stats,tick=61,estimated_current_power=-nan,
end_task=,name=axpyprofile,elapsed_seconds=0.516153,predicted_seconds=inf,time_percent_error=inf,nthreads=98,end_time=354136.126789,avg_power_W=167.300000,max_power_W=169.000000,avg_time_s=0.000243,released_listeners=1,
start_task=,name=axpyprofile,tick=62,start_time=354136.126832,nthreads=98,
message=tick stats,tick=62,estimated_current_power=-nan,
end_task=,name=axpyprofile,elapsed_seconds=0.519177,predicted_seconds=inf,time_percent_error=inf,nthreads=98,end_time=354136.659379,avg_power_W=167.545455,max_power_W=169.000000,avg_time_s=0.000241,released_listeners=1,
start_task=,name=axpyprofile,tick=63,start_time=354136.659453,nthreads=98,
message=tick stats,tick=63,estimated_current_power=-nan,
end_task=,name=axpyprofile,elapsed_seconds=0.536276,predicted_seconds=inf,time_percent_error=inf,nthreads=98,end_time=354137.209323,avg_power_W=167.727273,max_power_W=170.000000,avg_time_s=0.000256,released_listeners=1,
start_task=,name=axpyprofile,tick=64,start_time=354137.209401,nthreads=98,
message=tick stats,tick=64,estimated_current_power=-nan,
end_task=,name=axpyprofile,elapsed_seconds=0.516567,predicted_seconds=inf,time_percent_error=inf,nthreads=98,end_time=354137.726551,avg_power_W=167.400000,max_power_W=169.000000,avg_time_s=0.000246,released_listeners=1,
start_task=,name=axpyprofile,tick=65,start_time=354137.726591,nthreads=98,
message=tick stats,tick=65,estimated_current_power=-nan,
end_task=,name=axpyprofile,elapsed_seconds=0.519445,predicted_seconds=inf,time_percent_error=inf,nthreads=98,end_time=354138.259737,avg_power_W=167.636364,max_power_W=170.000000,avg_time_s=0.000246,released_listeners=1,
start_task=,name=axpyprofile,tick=66,start_time=354138.259820,nthreads=98,
message=tick stats,tick=66,estimated_current_power=-nan,
end_task=,name=axpyprofile,elapsed_seconds=0.516169,predicted_seconds=inf,time_percent_error=inf,nthreads=98,end_time=354138.777646,avg_power_W=168.200000,max_power_W=169.000000,avg_time_s=0.000243,released_listeners=1,
start_task=,name=axpyprofile,tick=67,start_time=354138.777685,nthreads=98,
message=tick stats,tick=67,estimated_current_power=-nan,
end_task=,name=axpyprofile,elapsed_seconds=0.518207,predicted_seconds=inf,time_percent_error=inf,nthreads=98,end_time=354139.309728,avg_power_W=169.363636,max_power_W=170.000000,avg_time_s=0.000244,released_listeners=1,
start_task=,name=axpyprofile,tick=68,start_time=354139.309854,nthreads=98,
message=tick stats,tick=68,estimated_current_power=-nan,
end_task=,name=axpyprofile,elapsed_seconds=0.525022,predicted_seconds=inf,time_percent_error=inf,nthreads=98,end_time=354139.836177,avg_power_W=169.000000,max_power_W=170.000000,avg_time_s=0.000252,released_listeners=1,
start_task=,name=axpy,tick=69,start_time=354139.836220,nthreads=98,
message=tick stats,tick=69,estimated_current_power=-nan,
end_task=,name=axpy,elapsed_seconds=0.038866,predicted_seconds=inf,time_percent_error=inf,nthreads=98,end_time=354139.876108,avg_power_W=170.000000,max_power_W=170.000000,avg_time_s=0.038866,released_listeners=1,
start_task=,name=axpy,tick=70,start_time=354139.876194,nthreads=98,
message=tick stats,tick=70,estimated_current_power=-nan,
end_task=,name=axpy,elapsed_seconds=0.039352,predicted_seconds=inf,time_percent_error=inf,nthreads=98,end_time=354139.916263,avg_power_W=166.000000,max_power_W=166.000000,avg_time_s=0.039352,released_listeners=0,
start_task=,name=axpy,tick=71,start_time=354139.916340,nthreads=98,
message=tick stats,tick=71,estimated_current_power=-nan,
end_task=,name=axpy,elapsed_seconds=0.028369,predicted_seconds=inf,time_percent_error=inf,nthreads=98,end_time=354139.959804,avg_power_W=161.000000,max_power_W=161.000000,avg_time_s=0.028369,released_listeners=0,
start_task=,name=axpy,tick=72,start_time=354139.959880,nthreads=98,
message=tick stats,tick=72,estimated_current_power=-nan,
end_task=,name=axpy,elapsed_seconds=0.026594,predicted_seconds=inf,time_percent_error=inf,nthreads=98,end_time=354139.987325,avg_power_W=-nan,max_power_W=0.000000,avg_time_s=0.026594,released_listeners=1,
start_task=,name=axpy,tick=73,start_time=354139.987392,nthreads=98,
message=tick stats,tick=73,estimated_current_power=-nan,
end_task=,name=axpy,elapsed_seconds=0.022550,predicted_seconds=inf,time_percent_error=inf,nthreads=98,end_time=354140.010574,avg_power_W=164.000000,max_power_W=164.000000,avg_time_s=0.022550,released_listeners=0,
start_task=,name=axpy,tick=74,start_time=354140.010646,nthreads=98,
message=tick stats,tick=74,estimated_current_power=-nan,
end_task=,name=axpy,elapsed_seconds=0.029114,predicted_seconds=inf,time_percent_error=inf,nthreads=98,end_time=354140.040339,avg_power_W=-nan,max_power_W=0.000000,avg_time_s=0.029114,released_listeners=1,
start_task=,name=axpy,tick=75,start_time=354140.040406,nthreads=98,
message=tick stats,tick=75,estimated_current_power=-nan,
end_task=,name=axpy,elapsed_seconds=0.029340,predicted_seconds=inf,time_percent_error=inf,nthreads=98,end_time=354140.070351,avg_power_W=163.000000,max_power_W=163.000000,avg_time_s=0.029340,released_listeners=0,
start_task=,name=axpy,tick=76,start_time=354140.070428,nthreads=98,
message=tick stats,tick=76,estimated_current_power=-nan,
end_task=,name=axpy,elapsed_seconds=0.028812,predicted_seconds=inf,time_percent_error=inf,nthreads=98,end_time=354140.109722,avg_power_W=163.000000,max_power_W=163.000000,avg_time_s=0.028812,released_listeners=1,
start_task=,name=axpy,tick=77,start_time=354140.109798,nthreads=98,
message=tick stats,tick=77,estimated_current_power=-nan,
end_task=,name=axpy,elapsed_seconds=0.019788,predicted_seconds=inf,time_percent_error=inf,nthreads=98,end_time=354140.130166,avg_power_W=-nan,max_power_W=0.000000,avg_time_s=0.019788,released_listeners=0,
start_task=,name=axpy,tick=78,start_time=354140.130251,nthreads=98,
message=tick stats,tick=78,estimated_current_power=-nan,
end_task=,name=axpy,elapsed_seconds=0.031013,predicted_seconds=inf,time_percent_error=inf,nthreads=98,end_time=354140.161868,avg_power_W=163.000000,max_power_W=163.000000,avg_time_s=0.031013,released_listeners=1,
start_task=,name=axpy,tick=79,start_time=354140.161945,nthreads=98,
message=tick stats,tick=79,estimated_current_power=-nan,
end_task=,name=axpy,elapsed_seconds=0.027323,predicted_seconds=inf,time_percent_error=inf,nthreads=98,end_time=354140.189840,avg_power_W=-nan,max_power_W=0.000000,avg_time_s=0.027323,released_listeners=0,
start_task=,name=axpy,tick=80,start_time=354140.189908,nthreads=98,
message=tick stats,tick=80,estimated_current_power=-nan,
end_task=,name=axpy,elapsed_seconds=0.029088,predicted_seconds=inf,time_percent_error=inf,nthreads=98,end_time=354140.219543,avg_power_W=163.000000,max_power_W=163.000000,avg_time_s=0.029088,released_listeners=1,
start_task=,name=axpy,tick=81,start_time=354140.219621,nthreads=98,
message=tick stats,tick=81,estimated_current_power=-nan,
end_task=,name=axpy,elapsed_seconds=0.028592,predicted_seconds=inf,time_percent_error=inf,nthreads=98,end_time=354140.259881,avg_power_W=163.000000,max_power_W=163.000000,avg_time_s=0.028592,released_listeners=0,
start_task=,name=axpy,tick=82,start_time=354140.259961,nthreads=98,
message=tick stats,tick=82,estimated_current_power=-nan,
end_task=,name=axpy,elapsed_seconds=0.030239,predicted_seconds=inf,time_percent_error=inf,nthreads=98,end_time=354140.290821,avg_power_W=-nan,max_power_W=0.000000,avg_time_s=0.030239,released_listeners=1,
start_task=,name=axpy,tick=83,start_time=354140.290889,nthreads=98,
message=tick stats,tick=83,estimated_current_power=-nan,
end_task=,name=axpy,elapsed_seconds=0.022475,predicted_seconds=inf,time_percent_error=inf,nthreads=98,end_time=354140.313924,avg_power_W=163.000000,max_power_W=163.000000,avg_time_s=0.022475,released_listeners=0,
start_task=,name=axpy,tick=84,start_time=354140.314001,nthreads=98,
message=tick stats,tick=84,estimated_current_power=-nan,
end_task=,name=axpy,elapsed_seconds=0.028704,predicted_seconds=inf,time_percent_error=inf,nthreads=98,end_time=354140.343290,avg_power_W=-nan,max_power_W=0.000000,avg_time_s=0.028704,released_listeners=1,
start_task=,name=dot,tick=85,start_time=354140.343358,nthreads=98,
message=tick stats,tick=85,estimated_current_power=-nan,
end_task=,name=dot,elapsed_seconds=0.026404,predicted_seconds=inf,time_percent_error=inf,nthreads=98,end_time=354140.370583,avg_power_W=163.000000,max_power_W=163.000000,avg_time_s=0.026404,released_listeners=1,
start_task=,name=dot,tick=86,start_time=354140.370675,nthreads=98,
message=tick stats,tick=86,estimated_current_power=-nan,
end_task=,name=dot,elapsed_seconds=0.028433,predicted_seconds=inf,time_percent_error=inf,nthreads=98,end_time=354140.410389,avg_power_W=161.000000,max_power_W=161.000000,avg_time_s=0.028433,released_listeners=1,
start_task=,name=dot,tick=87,start_time=354140.410470,nthreads=98,
message=tick stats,tick=87,estimated_current_power=-nan,
end_task=,name=dot,elapsed_seconds=0.028961,predicted_seconds=inf,time_percent_error=inf,nthreads=98,end_time=354140.440108,avg_power_W=-nan,max_power_W=0.000000,avg_time_s=0.028961,released_listeners=1,
start_task=,name=dot,tick=88,start_time=354140.440180,nthreads=98,
message=tick stats,tick=88,estimated_current_power=-nan,
end_task=,name=dot,elapsed_seconds=0.029556,predicted_seconds=inf,time_percent_error=inf,nthreads=98,end_time=354140.470422,avg_power_W=163.000000,max_power_W=163.000000,avg_time_s=0.029556,released_listeners=1,
start_task=,name=dot,tick=89,start_time=354140.470500,nthreads=98,
message=tick stats,tick=89,estimated_current_power=-nan,
end_task=,name=dot,elapsed_seconds=0.028980,predicted_seconds=inf,time_percent_error=inf,nthreads=98,end_time=354140.510290,avg_power_W=163.000000,max_power_W=163.000000,avg_time_s=0.028980,released_listeners=1,
start_task=,name=dot,tick=90,start_time=354140.510367,nthreads=98,
message=tick stats,tick=90,estimated_current_power=-nan,
end_task=,name=dot,elapsed_seconds=0.020086,predicted_seconds=inf,time_percent_error=inf,nthreads=98,end_time=354140.531415,avg_power_W=-nan,max_power_W=0.000000,avg_time_s=0.020086,released_listeners=1,
start_task=,name=dot,tick=91,start_time=354140.531483,nthreads=98,
message=tick stats,tick=91,estimated_current_power=-nan,
end_task=,name=dot,elapsed_seconds=0.030466,predicted_seconds=inf,time_percent_error=inf,nthreads=98,end_time=354140.562863,avg_power_W=161.000000,max_power_W=161.000000,avg_time_s=0.030466,released_listeners=1,
start_task=,name=dot,tick=92,start_time=354140.562941,nthreads=98,
message=tick stats,tick=92,estimated_current_power=-nan,
end_task=,name=dot,elapsed_seconds=0.025475,predicted_seconds=inf,time_percent_error=inf,nthreads=98,end_time=354140.589321,avg_power_W=-nan,max_power_W=0.000000,avg_time_s=0.025475,released_listeners=1,
start_task=,name=sum_contribs,tick=93,start_time=354140.589388,nthreads=98,
message=tick stats,tick=93,estimated_current_power=-nan,
end_task=,name=sum_contribs,elapsed_seconds=0.019825,predicted_seconds=inf,time_percent_error=inf,nthreads=98,end_time=354140.610205,avg_power_W=163.000000,max_power_W=163.000000,avg_time_s=0.019825,released_listeners=2,
start_task=,name=assign,tick=94,start_time=354140.610281,nthreads=98,
message=tick stats,tick=94,estimated_current_power=-nan,
end_task=,name=assign,elapsed_seconds=0.015359,predicted_seconds=inf,time_percent_error=inf,nthreads=98,end_time=354140.626435,avg_power_W=-nan,max_power_W=0.000000,avg_time_s=0.015359,released_listeners=0,
start_task=,name=comp_beta,tick=95,start_time=354140.626501,nthreads=98,
message=tick stats,tick=95,estimated_current_power=-nan,
end_task=,name=comp_beta,elapsed_seconds=0.019242,predicted_seconds=inf,time_percent_error=inf,nthreads=98,end_time=354140.659983,avg_power_W=161.000000,max_power_W=161.000000,avg_time_s=0.019242,released_listeners=8,
start_task=,name=xapyprofile,tick=96,start_time=354140.660064,nthreads=98,
message=tick stats,tick=96,estimated_current_power=-nan,
end_task=,name=xapyprofile,elapsed_seconds=0.515523,predicted_seconds=inf,time_percent_error=inf,nthreads=98,end_time=354141.176245,avg_power_W=168.200000,max_power_W=170.000000,avg_time_s=0.000237,released_listeners=1,
start_task=,name=xapyprofile,tick=97,start_time=354141.176286,nthreads=98,
message=tick stats,tick=97,estimated_current_power=-nan,
end_task=,name=xapyprofile,elapsed_seconds=0.549340,predicted_seconds=inf,time_percent_error=inf,nthreads=98,end_time=354141.726302,avg_power_W=168.545455,max_power_W=170.000000,avg_time_s=0.000243,released_listeners=1,
start_task=,name=xapyprofile,tick=98,start_time=354141.726350,nthreads=98,
message=tick stats,tick=98,estimated_current_power=-nan,
end_task=,name=xapyprofile,elapsed_seconds=0.519405,predicted_seconds=inf,time_percent_error=inf,nthreads=98,end_time=354142.258974,avg_power_W=169.272727,max_power_W=170.000000,avg_time_s=0.000235,released_listeners=1,
start_task=,name=xapyprofile,tick=99,start_time=354142.259058,nthreads=98,
message=tick stats,tick=99,estimated_current_power=-nan,
end_task=,name=xapyprofile,elapsed_seconds=0.515285,predicted_seconds=inf,time_percent_error=inf,nthreads=98,end_time=354142.775377,avg_power_W=169.800000,max_power_W=170.000000,avg_time_s=0.000302,released_listeners=1,
start_task=,name=xapyprofile,tick=100,start_time=354142.775416,nthreads=98,
message=tick stats,tick=100,estimated_current_power=-nan,
end_task=,name=xapyprofile,elapsed_seconds=0.522054,predicted_seconds=inf,time_percent_error=inf,nthreads=98,end_time=354143.309720,avg_power_W=169.727273,max_power_W=171.000000,avg_time_s=0.000236,released_listeners=1,
start_task=,name=xapyprofile,tick=101,start_time=354143.309799,nthreads=98,
message=tick stats,tick=101,estimated_current_power=-nan,
end_task=,name=xapyprofile,elapsed_seconds=0.515923,predicted_seconds=inf,time_percent_error=inf,nthreads=98,end_time=354143.826355,avg_power_W=170.100000,max_power_W=171.000000,avg_time_s=0.000240,released_listeners=1,
start_task=,name=xapyprofile,tick=102,start_time=354143.826398,nthreads=98,
message=tick stats,tick=102,estimated_current_power=-nan,
end_task=,name=xapyprofile,elapsed_seconds=0.519630,predicted_seconds=inf,time_percent_error=inf,nthreads=98,end_time=354144.359595,avg_power_W=170.181818,max_power_W=171.000000,avg_time_s=0.000232,released_listeners=1,
start_task=,name=xapyprofile,tick=103,start_time=354144.359677,nthreads=98,
message=tick stats,tick=103,estimated_current_power=-nan,
end_task=,name=xapyprofile,elapsed_seconds=0.523244,predicted_seconds=inf,time_percent_error=inf,nthreads=98,end_time=354144.883459,avg_power_W=169.900000,max_power_W=171.000000,avg_time_s=0.000238,released_listeners=1,
start_task=,name=xapy,tick=104,start_time=354144.883500,nthreads=98,
message=tick stats,tick=104,estimated_current_power=-nan,
end_task=,name=xapy,elapsed_seconds=0.025628,predicted_seconds=inf,time_percent_error=inf,nthreads=98,end_time=354144.909939,avg_power_W=169.000000,max_power_W=169.000000,avg_time_s=0.025628,released_listeners=0,
start_task=,name=xapy,tick=105,start_time=354144.910019,nthreads=98,
message=tick stats,tick=105,estimated_current_power=-nan,
end_task=,name=xapy,elapsed_seconds=0.019750,predicted_seconds=inf,time_percent_error=inf,nthreads=98,end_time=354144.930347,avg_power_W=-nan,max_power_W=0.000000,avg_time_s=0.019750,released_listeners=0,
start_task=,name=xapy,tick=106,start_time=354144.930413,nthreads=98,
message=tick stats,tick=106,estimated_current_power=-nan,
end_task=,name=xapy,elapsed_seconds=0.019321,predicted_seconds=inf,time_percent_error=inf,nthreads=98,end_time=354144.959106,avg_power_W=167.000000,max_power_W=167.000000,avg_time_s=0.019321,released_listeners=0,
start_task=,name=xapy,tick=107,start_time=354144.959190,nthreads=98,
message=tick stats,tick=107,estimated_current_power=-nan,
end_task=,name=xapy,elapsed_seconds=0.020967,predicted_seconds=inf,time_percent_error=inf,nthreads=98,end_time=354144.980917,avg_power_W=-nan,max_power_W=0.000000,avg_time_s=0.020967,released_listeners=0,
start_task=,name=xapy,tick=108,start_time=354144.980984,nthreads=98,
message=tick stats,tick=108,estimated_current_power=-nan,
end_task=,name=xapy,elapsed_seconds=0.019179,predicted_seconds=inf,time_percent_error=inf,nthreads=98,end_time=354145.009485,avg_power_W=165.000000,max_power_W=165.000000,avg_time_s=0.019179,released_listeners=0,
start_task=,name=xapy,tick=109,start_time=354145.009568,nthreads=98,
message=tick stats,tick=109,estimated_current_power=-nan,
end_task=,name=xapy,elapsed_seconds=0.026209,predicted_seconds=inf,time_percent_error=inf,nthreads=98,end_time=354145.036492,avg_power_W=-nan,max_power_W=0.000000,avg_time_s=0.026209,released_listeners=0,
start_task=,name=xapy,tick=110,start_time=354145.036562,nthreads=98,
message=tick stats,tick=110,estimated_current_power=-nan,
end_task=,name=xapy,elapsed_seconds=0.036041,predicted_seconds=inf,time_percent_error=inf,nthreads=98,end_time=354145.073333,avg_power_W=164.000000,max_power_W=164.000000,avg_time_s=0.036041,released_listeners=0,
start_task=,name=xapy,tick=111,start_time=354145.073405,nthreads=98,
message=tick stats,tick=111,estimated_current_power=-nan,
end_task=,name=xapy,elapsed_seconds=0.041235,predicted_seconds=inf,time_percent_error=inf,nthreads=98,end_time=354145.115497,avg_power_W=164.000000,max_power_W=164.000000,avg_time_s=0.041235,released_listeners=0,
est_max_power=inf,
average_power_W=164.000000,
max_power_W=164.000000,
time_s=15.570458,
message=ALL DONE,
