message=cataloging configuration,max_threads=66,power_limit=inf,
start_task=,name=start,tick=1,start_time=353280.108987,nthreads=66,
message=tick stats,tick=1,estimated_current_power=inf,
end_task=,name=start,elapsed_seconds=0.009713,predicted_seconds=inf,time_percent_error=inf,nthreads=66,end_time=353280.120179,avg_power_W=-nan,max_power_W=0.000000,avg_time_s=0.009713,released_listeners=8,
start_task=,name=spmv,tick=2,start_time=353280.120208,nthreads=66,
message=tick stats,tick=2,estimated_current_power=-nan,
end_task=,name=spmv,elapsed_seconds=0.164517,predicted_seconds=inf,time_percent_error=inf,nthreads=66,end_time=353280.285248,avg_power_W=117.333333,max_power_W=118.000000,avg_time_s=0.164517,released_listeners=1,
start_task=,name=spmv,tick=3,start_time=353280.285308,nthreads=66,
message=tick stats,tick=3,estimated_current_power=-nan,
end_task=,name=spmv,elapsed_seconds=0.055523,predicted_seconds=inf,time_percent_error=inf,nthreads=66,end_time=353280.341428,avg_power_W=118.000000,max_power_W=118.000000,avg_time_s=0.055523,released_listeners=1,
start_task=,name=spmv,tick=4,start_time=353280.341486,nthreads=66,
message=tick stats,tick=4,estimated_current_power=-nan,
end_task=,name=spmv,elapsed_seconds=0.069309,predicted_seconds=inf,time_percent_error=inf,nthreads=66,end_time=353280.424080,avg_power_W=143.500000,max_power_W=153.000000,avg_time_s=0.069309,released_listeners=1,
start_task=,name=spmv,tick=5,start_time=353280.424161,nthreads=66,
message=tick stats,tick=5,estimated_current_power=-nan,
end_task=,name=spmv,elapsed_seconds=0.034657,predicted_seconds=inf,time_percent_error=inf,nthreads=66,end_time=353280.473470,avg_power_W=155.000000,max_power_W=155.000000,avg_time_s=0.034657,released_listeners=1,
start_task=,name=spmv,tick=6,start_time=353280.473533,nthreads=66,
message=tick stats,tick=6,estimated_current_power=-nan,
end_task=,name=spmv,elapsed_seconds=0.034575,predicted_seconds=inf,time_percent_error=inf,nthreads=66,end_time=353280.523665,avg_power_W=154.000000,max_power_W=154.000000,avg_time_s=0.034575,released_listeners=1,
start_task=,name=spmv,tick=7,start_time=353280.523723,nthreads=66,
message=tick stats,tick=7,estimated_current_power=-nan,
end_task=,name=spmv,elapsed_seconds=0.033772,predicted_seconds=inf,time_percent_error=inf,nthreads=66,end_time=353280.558105,avg_power_W=-nan,max_power_W=0.000000,avg_time_s=0.033772,released_listeners=1,
start_task=,name=spmv,tick=8,start_time=353280.558158,nthreads=66,
message=tick stats,tick=8,estimated_current_power=-nan,
end_task=,name=spmv,elapsed_seconds=0.029123,predicted_seconds=inf,time_percent_error=inf,nthreads=66,end_time=353280.587854,avg_power_W=155.000000,max_power_W=155.000000,avg_time_s=0.029123,released_listeners=1,
start_task=,name=spmv,tick=9,start_time=353280.587914,nthreads=66,
message=tick stats,tick=9,estimated_current_power=-nan,
end_task=,name=spmv,elapsed_seconds=0.030301,predicted_seconds=inf,time_percent_error=inf,nthreads=66,end_time=353280.623590,avg_power_W=156.000000,max_power_W=156.000000,avg_time_s=0.030301,released_listeners=1,
start_task=,name=subtract,tick=10,start_time=353280.623652,nthreads=66,
message=tick stats,tick=10,estimated_current_power=-nan,
end_task=,name=subtract,elapsed_seconds=0.064299,predicted_seconds=inf,time_percent_error=inf,nthreads=66,end_time=353280.688526,avg_power_W=157.000000,max_power_W=157.000000,avg_time_s=0.064299,released_listeners=2,
start_task=,name=subtract,tick=11,start_time=353280.688585,nthreads=66,
message=tick stats,tick=11,estimated_current_power=-nan,
end_task=,name=subtract,elapsed_seconds=0.026406,predicted_seconds=inf,time_percent_error=inf,nthreads=66,end_time=353280.723955,avg_power_W=155.000000,max_power_W=155.000000,avg_time_s=0.026406,released_listeners=2,
start_task=,name=subtract,tick=12,start_time=353280.724015,nthreads=66,
message=tick stats,tick=12,estimated_current_power=-nan,
end_task=,name=subtract,elapsed_seconds=0.025836,predicted_seconds=inf,time_percent_error=inf,nthreads=66,end_time=353280.750448,avg_power_W=-nan,max_power_W=0.000000,avg_time_s=0.025836,released_listeners=2,
start_task=,name=subtract,tick=13,start_time=353280.750504,nthreads=66,
message=tick stats,tick=13,estimated_current_power=-nan,
end_task=,name=subtract,elapsed_seconds=0.027667,predicted_seconds=inf,time_percent_error=inf,nthreads=66,end_time=353280.778785,avg_power_W=153.000000,max_power_W=153.000000,avg_time_s=0.027667,released_listeners=2,
start_task=,name=subtract,tick=14,start_time=353280.778845,nthreads=66,
message=tick stats,tick=14,estimated_current_power=-nan,
end_task=,name=subtract,elapsed_seconds=0.027479,predicted_seconds=inf,time_percent_error=inf,nthreads=66,end_time=353280.807257,avg_power_W=-nan,max_power_W=0.000000,avg_time_s=0.027479,released_listeners=2,
start_task=,name=subtract,tick=15,start_time=353280.807306,nthreads=66,
message=tick stats,tick=15,estimated_current_power=-nan,
end_task=,name=subtract,elapsed_seconds=0.028025,predicted_seconds=inf,time_percent_error=inf,nthreads=66,end_time=353280.836309,avg_power_W=153.000000,max_power_W=153.000000,avg_time_s=0.028025,released_listeners=2,
start_task=,name=subtract,tick=16,start_time=353280.836368,nthreads=66,
message=tick stats,tick=16,estimated_current_power=-nan,
end_task=,name=subtract,elapsed_seconds=0.024202,predicted_seconds=inf,time_percent_error=inf,nthreads=66,end_time=353280.873648,avg_power_W=152.000000,max_power_W=152.000000,avg_time_s=0.024202,released_listeners=2,
start_task=,name=subtract,tick=17,start_time=353280.873707,nthreads=66,
message=tick stats,tick=17,estimated_current_power=-nan,
end_task=,name=subtract,elapsed_seconds=0.028789,predicted_seconds=inf,time_percent_error=inf,nthreads=66,end_time=353280.903476,avg_power_W=-nan,max_power_W=0.000000,avg_time_s=0.028789,released_listeners=2,
start_task=,name=copy,tick=18,start_time=353280.903525,nthreads=66,
message=tick stats,tick=18,estimated_current_power=-nan,
end_task=,name=copy,elapsed_seconds=0.025113,predicted_seconds=inf,time_percent_error=inf,nthreads=66,end_time=353280.929525,avg_power_W=151.000000,max_power_W=151.000000,avg_time_s=0.025113,released_listeners=1,
start_task=,name=dot,tick=19,start_time=353280.929585,nthreads=66,
message=tick stats,tick=19,estimated_current_power=-nan,
end_task=,name=dot,elapsed_seconds=0.027765,predicted_seconds=inf,time_percent_error=inf,nthreads=66,end_time=353280.958326,avg_power_W=-nan,max_power_W=0.000000,avg_time_s=0.027765,released_listeners=1,
start_task=,name=dot,tick=20,start_time=353280.958378,nthreads=66,
message=tick stats,tick=20,estimated_current_power=-nan,
end_task=,name=dot,elapsed_seconds=0.020392,predicted_seconds=inf,time_percent_error=inf,nthreads=66,end_time=353280.979606,avg_power_W=151.000000,max_power_W=151.000000,avg_time_s=0.020392,released_listeners=1,
start_task=,name=copy,tick=21,start_time=353280.979660,nthreads=66,
message=tick stats,tick=21,estimated_current_power=-nan,
end_task=,name=copy,elapsed_seconds=0.031377,predicted_seconds=inf,time_percent_error=inf,nthreads=66,end_time=353281.024462,avg_power_W=152.000000,max_power_W=152.000000,avg_time_s=0.031377,released_listeners=1,
start_task=,name=copy,tick=22,start_time=353281.024526,nthreads=66,
message=tick stats,tick=22,estimated_current_power=-nan,
end_task=,name=copy,elapsed_seconds=0.022846,predicted_seconds=inf,time_percent_error=inf,nthreads=66,end_time=353281.048350,avg_power_W=-nan,max_power_W=0.000000,avg_time_s=0.022846,released_listeners=1,
start_task=,name=dot,tick=23,start_time=353281.048399,nthreads=66,
message=tick stats,tick=23,estimated_current_power=-nan,
end_task=,name=dot,elapsed_seconds=0.019349,predicted_seconds=inf,time_percent_error=inf,nthreads=66,end_time=353281.074030,avg_power_W=151.000000,max_power_W=151.000000,avg_time_s=0.019349,released_listeners=1,
start_task=,name=copy,tick=24,start_time=353281.074084,nthreads=66,
message=tick stats,tick=24,estimated_current_power=-nan,
end_task=,name=copy,elapsed_seconds=0.027091,predicted_seconds=inf,time_percent_error=inf,nthreads=66,end_time=353281.102059,avg_power_W=-nan,max_power_W=0.000000,avg_time_s=0.027091,released_listeners=1,
start_task=,name=dot,tick=25,start_time=353281.102107,nthreads=66,
message=tick stats,tick=25,estimated_current_power=-nan,
end_task=,name=dot,elapsed_seconds=0.025129,predicted_seconds=inf,time_percent_error=inf,nthreads=66,end_time=353281.128123,avg_power_W=151.000000,max_power_W=151.000000,avg_time_s=0.025129,released_listeners=1,
start_task=,name=copy,tick=26,start_time=353281.128154,nthreads=66,
message=tick stats,tick=26,estimated_current_power=-nan,
end_task=,name=copy,elapsed_seconds=0.019426,predicted_seconds=inf,time_percent_error=inf,nthreads=66,end_time=353281.148514,avg_power_W=-nan,max_power_W=0.000000,avg_time_s=0.019426,released_listeners=1,
start_task=,name=dot,tick=27,start_time=353281.148538,nthreads=66,
message=tick stats,tick=27,estimated_current_power=-nan,
end_task=,name=dot,elapsed_seconds=0.018632,predicted_seconds=inf,time_percent_error=inf,nthreads=66,end_time=353281.173585,avg_power_W=149.000000,max_power_W=149.000000,avg_time_s=0.018632,released_listeners=1,
start_task=,name=copy,tick=28,start_time=353281.173644,nthreads=66,
message=tick stats,tick=28,estimated_current_power=-nan,
end_task=,name=copy,elapsed_seconds=0.027275,predicted_seconds=inf,time_percent_error=inf,nthreads=66,end_time=353281.201929,avg_power_W=-nan,max_power_W=0.000000,avg_time_s=0.027275,released_listeners=1,
start_task=,name=dot,tick=29,start_time=353281.201978,nthreads=66,
message=tick stats,tick=29,estimated_current_power=-nan,
end_task=,name=dot,elapsed_seconds=0.026127,predicted_seconds=inf,time_percent_error=inf,nthreads=66,end_time=353281.228984,avg_power_W=149.000000,max_power_W=149.000000,avg_time_s=0.026127,released_listeners=1,
start_task=,name=copy,tick=30,start_time=353281.229040,nthreads=66,
message=tick stats,tick=30,estimated_current_power=-nan,
end_task=,name=copy,elapsed_seconds=0.026604,predicted_seconds=inf,time_percent_error=inf,nthreads=66,end_time=353281.256131,avg_power_W=-nan,max_power_W=0.000000,avg_time_s=0.026604,released_listeners=1,
start_task=,name=dot,tick=31,start_time=353281.256180,nthreads=66,
message=tick stats,tick=31,estimated_current_power=-nan,
end_task=,name=dot,elapsed_seconds=0.021242,predicted_seconds=inf,time_percent_error=inf,nthreads=66,end_time=353281.278012,avg_power_W=150.000000,max_power_W=150.000000,avg_time_s=0.021242,released_listeners=1,
start_task=,name=copy,tick=32,start_time=353281.278040,nthreads=66,
message=tick stats,tick=32,estimated_current_power=-nan,
end_task=,name=copy,elapsed_seconds=0.019728,predicted_seconds=inf,time_percent_error=inf,nthreads=66,end_time=353281.298235,avg_power_W=-nan,max_power_W=0.000000,avg_time_s=0.019728,released_listeners=1,
start_task=,name=dot,tick=33,start_time=353281.298260,nthreads=66,
message=tick stats,tick=33,estimated_current_power=-nan,
end_task=,name=dot,elapsed_seconds=0.019010,predicted_seconds=inf,time_percent_error=inf,nthreads=66,end_time=353281.324616,avg_power_W=149.000000,max_power_W=149.000000,avg_time_s=0.019010,released_listeners=1,
start_task=,name=spmv,tick=34,start_time=353281.324679,nthreads=66,
message=tick stats,tick=34,estimated_current_power=-nan,
end_task=,name=spmv,elapsed_seconds=0.028221,predicted_seconds=inf,time_percent_error=inf,nthreads=66,end_time=353281.353550,avg_power_W=-nan,max_power_W=0.000000,avg_time_s=0.028221,released_listeners=1,
start_task=,name=spmv,tick=35,start_time=353281.353600,nthreads=66,
message=tick stats,tick=35,estimated_current_power=-nan,
end_task=,name=spmv,elapsed_seconds=0.036719,predicted_seconds=inf,time_percent_error=inf,nthreads=66,end_time=353281.390908,avg_power_W=150.000000,max_power_W=150.000000,avg_time_s=0.036719,released_listeners=1,
start_task=,name=spmv,tick=36,start_time=353281.390964,nthreads=66,
message=tick stats,tick=36,estimated_current_power=-nan,
end_task=,name=spmv,elapsed_seconds=0.032242,predicted_seconds=inf,time_percent_error=inf,nthreads=66,end_time=353281.423859,avg_power_W=152.000000,max_power_W=152.000000,avg_time_s=0.032242,released_listeners=1,
start_task=,name=spmv,tick=37,start_time=353281.423923,nthreads=66,
message=tick stats,tick=37,estimated_current_power=-nan,
end_task=,name=spmv,elapsed_seconds=0.037895,predicted_seconds=inf,time_percent_error=inf,nthreads=66,end_time=353281.473718,avg_power_W=153.000000,max_power_W=153.000000,avg_time_s=0.037895,released_listeners=1,
start_task=,name=spmv,tick=38,start_time=353281.473788,nthreads=66,
message=tick stats,tick=38,estimated_current_power=-nan,
end_task=,name=spmv,elapsed_seconds=0.027510,predicted_seconds=inf,time_percent_error=inf,nthreads=66,end_time=353281.501968,avg_power_W=-nan,max_power_W=0.000000,avg_time_s=0.027510,released_listeners=1,
start_task=,name=spmv,tick=39,start_time=353281.502019,nthreads=66,
message=tick stats,tick=39,estimated_current_power=-nan,
end_task=,name=spmv,elapsed_seconds=0.037263,predicted_seconds=inf,time_percent_error=inf,nthreads=66,end_time=353281.539869,avg_power_W=151.000000,max_power_W=151.000000,avg_time_s=0.037263,released_listeners=1,
start_task=,name=spmv,tick=40,start_time=353281.539925,nthreads=66,
message=tick stats,tick=40,estimated_current_power=-nan,
end_task=,name=spmv,elapsed_seconds=0.030800,predicted_seconds=inf,time_percent_error=inf,nthreads=66,end_time=353281.573668,avg_power_W=152.000000,max_power_W=152.000000,avg_time_s=0.030800,released_listeners=1,
start_task=,name=spmv,tick=41,start_time=353281.573727,nthreads=66,
message=tick stats,tick=41,estimated_current_power=-nan,
end_task=,name=spmv,elapsed_seconds=0.029349,predicted_seconds=inf,time_percent_error=inf,nthreads=66,end_time=353281.603739,avg_power_W=-nan,max_power_W=0.000000,avg_time_s=0.029349,released_listeners=1,
start_task=,name=sum_contribs,tick=42,start_time=353281.603788,nthreads=66,
message=tick stats,tick=42,estimated_current_power=-nan,
end_task=,name=sum_contribs,elapsed_seconds=0.035429,predicted_seconds=inf,time_percent_error=inf,nthreads=66,end_time=353281.639811,avg_power_W=153.000000,max_power_W=153.000000,avg_time_s=0.035429,released_listeners=1,
start_task=,name=dot,tick=43,start_time=353281.639875,nthreads=66,
message=tick stats,tick=43,estimated_current_power=-nan,
end_task=,name=dot,elapsed_seconds=0.017243,predicted_seconds=inf,time_percent_error=inf,nthreads=66,end_time=353281.657692,avg_power_W=-nan,max_power_W=0.000000,avg_time_s=0.017243,released_listeners=1,
start_task=,name=dot,tick=44,start_time=353281.657716,nthreads=66,
message=tick stats,tick=44,estimated_current_power=-nan,
end_task=,name=dot,elapsed_seconds=0.034380,predicted_seconds=inf,time_percent_error=inf,nthreads=66,end_time=353281.692664,avg_power_W=152.000000,max_power_W=152.000000,avg_time_s=0.034380,released_listeners=1,
start_task=,name=dot,tick=45,start_time=353281.692721,nthreads=66,
message=tick stats,tick=45,estimated_current_power=-nan,
end_task=,name=dot,elapsed_seconds=0.025189,predicted_seconds=inf,time_percent_error=inf,nthreads=66,end_time=353281.723412,avg_power_W=151.000000,max_power_W=151.000000,avg_time_s=0.025189,released_listeners=1,
start_task=,name=dot,tick=46,start_time=353281.723472,nthreads=66,
message=tick stats,tick=46,estimated_current_power=-nan,
end_task=,name=dot,elapsed_seconds=0.039839,predicted_seconds=inf,time_percent_error=inf,nthreads=66,end_time=353281.773317,avg_power_W=151.000000,max_power_W=151.000000,avg_time_s=0.039839,released_listeners=1,
start_task=,name=dot,tick=47,start_time=353281.773381,nthreads=66,
message=tick stats,tick=47,estimated_current_power=-nan,
end_task=,name=dot,elapsed_seconds=0.040393,predicted_seconds=inf,time_percent_error=inf,nthreads=66,end_time=353281.824037,avg_power_W=153.000000,max_power_W=153.000000,avg_time_s=0.040393,released_listeners=1,
start_task=,name=dot,tick=48,start_time=353281.824097,nthreads=66,
message=tick stats,tick=48,estimated_current_power=-nan,
end_task=,name=dot,elapsed_seconds=0.030581,predicted_seconds=inf,time_percent_error=inf,nthreads=66,end_time=353281.855728,avg_power_W=-nan,max_power_W=0.000000,avg_time_s=0.030581,released_listeners=1,
start_task=,name=dot,tick=49,start_time=353281.855779,nthreads=66,
message=tick stats,tick=49,estimated_current_power=-nan,
end_task=,name=dot,elapsed_seconds=0.029056,predicted_seconds=inf,time_percent_error=inf,nthreads=66,end_time=353281.885711,avg_power_W=154.000000,max_power_W=154.000000,avg_time_s=0.029056,released_listeners=1,
start_task=,name=dot,tick=50,start_time=353281.885743,nthreads=66,
message=tick stats,tick=50,estimated_current_power=-nan,
end_task=,name=dot,elapsed_seconds=0.033504,predicted_seconds=inf,time_percent_error=inf,nthreads=66,end_time=353281.924046,avg_power_W=152.000000,max_power_W=152.000000,avg_time_s=0.033504,released_listeners=1,
start_task=,name=sum_contribs,tick=51,start_time=353281.924101,nthreads=66,
message=tick stats,tick=51,estimated_current_power=-nan,
end_task=,name=sum_contribs,elapsed_seconds=0.024169,predicted_seconds=inf,time_percent_error=inf,nthreads=66,end_time=353281.949285,avg_power_W=-nan,max_power_W=0.000000,avg_time_s=0.024169,released_listeners=1,
start_task=,name=comp_alpha,tick=52,start_time=353281.949310,nthreads=66,
message=tick stats,tick=52,estimated_current_power=-nan,
end_task=,name=comp_alpha,elapsed_seconds=0.021615,predicted_seconds=inf,time_percent_error=inf,nthreads=66,end_time=353281.974277,avg_power_W=152.000000,max_power_W=152.000000,avg_time_s=0.021615,released_listeners=16,
start_task=,name=axpyprofile,tick=53,start_time=353281.974335,nthreads=66,
message=tick stats,tick=53,estimated_current_power=-nan,
end_task=,name=axpyprofile,elapsed_seconds=0.521790,predicted_seconds=inf,time_percent_error=inf,nthreads=66,end_time=353282.496737,avg_power_W=158.500000,max_power_W=162.000000,avg_time_s=0.005116,released_listeners=1,
start_task=,name=axpyprofile,tick=54,start_time=353282.496799,nthreads=66,
message=tick stats,tick=54,estimated_current_power=-nan,
end_task=,name=axpyprofile,elapsed_seconds=0.521965,predicted_seconds=inf,time_percent_error=inf,nthreads=66,end_time=353283.023614,avg_power_W=162.818182,max_power_W=166.000000,avg_time_s=0.004423,released_listeners=1,
start_task=,name=axpyprofile,tick=55,start_time=353283.023677,nthreads=66,
message=tick stats,tick=55,estimated_current_power=-nan,
end_task=,name=axpyprofile,elapsed_seconds=0.522830,predicted_seconds=inf,time_percent_error=inf,nthreads=66,end_time=353283.547096,avg_power_W=165.600000,max_power_W=169.000000,avg_time_s=0.004469,released_listeners=1,
start_task=,name=axpyprofile,tick=56,start_time=353283.547163,nthreads=66,
message=tick stats,tick=56,estimated_current_power=-nan,
end_task=,name=axpyprofile,elapsed_seconds=0.520005,predicted_seconds=inf,time_percent_error=inf,nthreads=66,end_time=353284.073341,avg_power_W=166.181818,max_power_W=170.000000,avg_time_s=0.004407,released_listeners=1,
start_task=,name=axpyprofile,tick=57,start_time=353284.073405,nthreads=66,
message=tick stats,tick=57,estimated_current_power=-nan,
end_task=,name=axpyprofile,elapsed_seconds=0.523872,predicted_seconds=inf,time_percent_error=inf,nthreads=66,end_time=353284.597775,avg_power_W=165.500000,max_power_W=169.000000,avg_time_s=0.004440,released_listeners=1,
start_task=,name=axpyprofile,tick=58,start_time=353284.597836,nthreads=66,
message=tick stats,tick=58,estimated_current_power=-nan,
end_task=,name=axpyprofile,elapsed_seconds=0.521163,predicted_seconds=inf,time_percent_error=inf,nthreads=66,end_time=353285.123755,avg_power_W=167.000000,max_power_W=169.000000,avg_time_s=0.004417,released_listeners=1,
start_task=,name=axpyprofile,tick=59,start_time=353285.123822,nthreads=66,
message=tick stats,tick=59,estimated_current_power=-nan,
end_task=,name=axpyprofile,elapsed_seconds=0.522677,predicted_seconds=inf,time_percent_error=inf,nthreads=66,end_time=353285.647109,avg_power_W=166.800000,max_power_W=170.000000,avg_time_s=0.004429,released_listeners=1,
start_task=,name=axpyprofile,tick=60,start_time=353285.647174,nthreads=66,
message=tick stats,tick=60,estimated_current_power=-nan,
end_task=,name=axpyprofile,elapsed_seconds=0.518137,predicted_seconds=inf,time_percent_error=inf,nthreads=66,end_time=353286.173681,avg_power_W=168.909091,max_power_W=170.000000,avg_time_s=0.004391,released_listeners=1,
start_task=,name=axpyprofile,tick=61,start_time=353286.173745,nthreads=66,
message=tick stats,tick=61,estimated_current_power=-nan,
end_task=,name=axpyprofile,elapsed_seconds=0.525659,predicted_seconds=inf,time_percent_error=inf,nthreads=66,end_time=353286.700035,avg_power_W=165.900000,max_power_W=168.000000,avg_time_s=0.004493,released_listeners=1,
start_task=,name=axpyprofile,tick=62,start_time=353286.700096,nthreads=66,
message=tick stats,tick=62,estimated_current_power=-nan,
end_task=,name=axpyprofile,elapsed_seconds=0.527094,predicted_seconds=inf,time_percent_error=inf,nthreads=66,end_time=353287.228151,avg_power_W=162.909091,max_power_W=165.000000,avg_time_s=0.004467,released_listeners=1,
start_task=,name=axpyprofile,tick=63,start_time=353287.228218,nthreads=66,
message=tick stats,tick=63,estimated_current_power=-nan,
end_task=,name=axpyprofile,elapsed_seconds=0.547475,predicted_seconds=inf,time_percent_error=inf,nthreads=66,end_time=353287.776327,avg_power_W=163.454545,max_power_W=167.000000,avg_time_s=0.004720,released_listeners=1,
start_task=,name=axpyprofile,tick=64,start_time=353287.776388,nthreads=66,
message=tick stats,tick=64,estimated_current_power=-nan,
end_task=,name=axpyprofile,elapsed_seconds=0.529394,predicted_seconds=inf,time_percent_error=inf,nthreads=66,end_time=353288.306732,avg_power_W=165.900000,max_power_W=170.000000,avg_time_s=0.004449,released_listeners=1,
start_task=,name=axpyprofile,tick=65,start_time=353288.306793,nthreads=66,
message=tick stats,tick=65,estimated_current_power=-nan,
end_task=,name=axpyprofile,elapsed_seconds=0.520741,predicted_seconds=inf,time_percent_error=inf,nthreads=66,end_time=353288.828442,avg_power_W=168.363636,max_power_W=171.000000,avg_time_s=0.004413,released_listeners=1,
start_task=,name=axpyprofile,tick=66,start_time=353288.828473,nthreads=66,
message=tick stats,tick=66,estimated_current_power=-nan,
end_task=,name=axpyprofile,elapsed_seconds=0.521967,predicted_seconds=inf,time_percent_error=inf,nthreads=66,end_time=353289.351056,avg_power_W=168.700000,max_power_W=173.000000,avg_time_s=0.004461,released_listeners=1,
start_task=,name=axpyprofile,tick=67,start_time=353289.351117,nthreads=66,
message=tick stats,tick=67,estimated_current_power=-nan,
end_task=,name=axpyprofile,elapsed_seconds=0.526891,predicted_seconds=inf,time_percent_error=inf,nthreads=66,end_time=353289.878972,avg_power_W=171.181818,max_power_W=172.000000,avg_time_s=0.004465,released_listeners=1,
start_task=,name=axpyprofile,tick=68,start_time=353289.879033,nthreads=66,
message=tick stats,tick=68,estimated_current_power=-nan,
end_task=,name=axpyprofile,elapsed_seconds=0.524636,predicted_seconds=inf,time_percent_error=inf,nthreads=66,end_time=353290.404376,avg_power_W=170.200000,max_power_W=172.000000,avg_time_s=0.004409,released_listeners=1,
start_task=,name=axpy,tick=69,start_time=353290.404439,nthreads=66,
message=tick stats,tick=69,estimated_current_power=-nan,
end_task=,name=axpy,elapsed_seconds=0.026151,predicted_seconds=inf,time_percent_error=inf,nthreads=66,end_time=353290.431207,avg_power_W=171.000000,max_power_W=171.000000,avg_time_s=0.026151,released_listeners=1,
start_task=,name=axpy,tick=70,start_time=353290.431269,nthreads=66,
message=tick stats,tick=70,estimated_current_power=-nan,
end_task=,name=axpy,elapsed_seconds=0.026292,predicted_seconds=inf,time_percent_error=inf,nthreads=66,end_time=353290.458067,avg_power_W=-nan,max_power_W=0.000000,avg_time_s=0.026292,released_listeners=0,
start_task=,name=axpy,tick=71,start_time=353290.458118,nthreads=66,
message=tick stats,tick=71,estimated_current_power=-nan,
end_task=,name=axpy,elapsed_seconds=0.025731,predicted_seconds=inf,time_percent_error=inf,nthreads=66,end_time=353290.484470,avg_power_W=171.000000,max_power_W=171.000000,avg_time_s=0.025731,released_listeners=0,
start_task=,name=axpy,tick=72,start_time=353290.484524,nthreads=66,
message=tick stats,tick=72,estimated_current_power=-nan,
end_task=,name=axpy,elapsed_seconds=0.026300,predicted_seconds=inf,time_percent_error=inf,nthreads=66,end_time=353290.523216,avg_power_W=159.000000,max_power_W=159.000000,avg_time_s=0.026300,released_listeners=1,
start_task=,name=axpy,tick=73,start_time=353290.523276,nthreads=66,
message=tick stats,tick=73,estimated_current_power=-nan,
end_task=,name=axpy,elapsed_seconds=0.024156,predicted_seconds=inf,time_percent_error=inf,nthreads=66,end_time=353290.547938,avg_power_W=-nan,max_power_W=0.000000,avg_time_s=0.024156,released_listeners=0,
start_task=,name=axpy,tick=74,start_time=353290.547988,nthreads=66,
message=tick stats,tick=74,estimated_current_power=-nan,
end_task=,name=axpy,elapsed_seconds=0.022992,predicted_seconds=inf,time_percent_error=inf,nthreads=66,end_time=353290.573300,avg_power_W=159.000000,max_power_W=159.000000,avg_time_s=0.022992,released_listeners=1,
start_task=,name=axpy,tick=75,start_time=353290.573355,nthreads=66,
message=tick stats,tick=75,estimated_current_power=-nan,
end_task=,name=axpy,elapsed_seconds=0.023988,predicted_seconds=inf,time_percent_error=inf,nthreads=66,end_time=353290.597849,avg_power_W=-nan,max_power_W=0.000000,avg_time_s=0.023988,released_listeners=0,
start_task=,name=axpy,tick=76,start_time=353290.597899,nthreads=66,
message=tick stats,tick=76,estimated_current_power=-nan,
end_task=,name=axpy,elapsed_seconds=0.026002,predicted_seconds=inf,time_percent_error=inf,nthreads=66,end_time=353290.624661,avg_power_W=159.000000,max_power_W=159.000000,avg_time_s=0.026002,released_listeners=1,
start_task=,name=axpy,tick=77,start_time=353290.624722,nthreads=66,
message=tick stats,tick=77,estimated_current_power=-nan,
end_task=,name=axpy,elapsed_seconds=0.026232,predicted_seconds=inf,time_percent_error=inf,nthreads=66,end_time=353290.651518,avg_power_W=-nan,max_power_W=0.000000,avg_time_s=0.026232,released_listeners=0,
start_task=,name=axpy,tick=78,start_time=353290.651570,nthreads=66,
message=tick stats,tick=78,estimated_current_power=-nan,
end_task=,name=axpy,elapsed_seconds=0.030594,predicted_seconds=inf,time_percent_error=inf,nthreads=66,end_time=353290.682770,avg_power_W=159.000000,max_power_W=159.000000,avg_time_s=0.030594,released_listeners=1,
start_task=,name=axpy,tick=79,start_time=353290.682830,nthreads=66,
message=tick stats,tick=79,estimated_current_power=-nan,
end_task=,name=axpy,elapsed_seconds=0.025118,predicted_seconds=inf,time_percent_error=inf,nthreads=66,end_time=353290.708474,avg_power_W=-nan,max_power_W=0.000000,avg_time_s=0.025118,released_listeners=0,
start_task=,name=axpy,tick=80,start_time=353290.708526,nthreads=66,
message=tick stats,tick=80,estimated_current_power=-nan,
end_task=,name=axpy,elapsed_seconds=0.028675,predicted_seconds=inf,time_percent_error=inf,nthreads=66,end_time=353290.737741,avg_power_W=159.000000,max_power_W=159.000000,avg_time_s=0.028675,released_listeners=1,
start_task=,name=axpy,tick=81,start_time=353290.737797,nthreads=66,
message=tick stats,tick=81,estimated_current_power=-nan,
end_task=,name=axpy,elapsed_seconds=0.028888,predicted_seconds=inf,time_percent_error=inf,nthreads=66,end_time=353290.773286,avg_power_W=159.000000,max_power_W=159.000000,avg_time_s=0.028888,released_listeners=0,
start_task=,name=axpy,tick=82,start_time=353290.773314,nthreads=66,
message=tick stats,tick=82,estimated_current_power=-nan,
end_task=,name=axpy,elapsed_seconds=0.023892,predicted_seconds=inf,time_percent_error=inf,nthreads=66,end_time=353290.797724,avg_power_W=-nan,max_power_W=0.000000,avg_time_s=0.023892,released_listeners=1,
start_task=,name=axpy,tick=83,start_time=353290.797767,nthreads=66,
message=tick stats,tick=83,estimated_current_power=-nan,
end_task=,name=axpy,elapsed_seconds=0.024837,predicted_seconds=inf,time_percent_error=inf,nthreads=66,end_time=353290.824706,avg_power_W=159.000000,max_power_W=159.000000,avg_time_s=0.024837,released_listeners=0,
start_task=,name=axpy,tick=84,start_time=353290.824762,nthreads=66,
message=tick stats,tick=84,estimated_current_power=-nan,
end_task=,name=axpy,elapsed_seconds=0.023237,predicted_seconds=inf,time_percent_error=inf,nthreads=66,end_time=353290.848593,avg_power_W=-nan,max_power_W=0.000000,avg_time_s=0.023237,released_listeners=1,
start_task=,name=dot,tick=85,start_time=353290.848618,nthreads=66,
message=tick stats,tick=85,estimated_current_power=-nan,
end_task=,name=dot,elapsed_seconds=0.024718,predicted_seconds=inf,time_percent_error=inf,nthreads=66,end_time=353290.873975,avg_power_W=158.000000,max_power_W=158.000000,avg_time_s=0.024718,released_listeners=1,
start_task=,name=dot,tick=86,start_time=353290.874018,nthreads=66,
message=tick stats,tick=86,estimated_current_power=-nan,
end_task=,name=dot,elapsed_seconds=0.024992,predicted_seconds=inf,time_percent_error=inf,nthreads=66,end_time=353290.899900,avg_power_W=-nan,max_power_W=0.000000,avg_time_s=0.024992,released_listeners=1,
start_task=,name=dot,tick=87,start_time=353290.899925,nthreads=66,
message=tick stats,tick=87,estimated_current_power=-nan,
end_task=,name=dot,elapsed_seconds=0.024230,predicted_seconds=inf,time_percent_error=inf,nthreads=66,end_time=353290.925147,avg_power_W=159.000000,max_power_W=159.000000,avg_time_s=0.024230,released_listeners=1,
start_task=,name=dot,tick=88,start_time=353290.925211,nthreads=66,
message=tick stats,tick=88,estimated_current_power=-nan,
end_task=,name=dot,elapsed_seconds=0.023640,predicted_seconds=inf,time_percent_error=inf,nthreads=66,end_time=353290.949786,avg_power_W=-nan,max_power_W=0.000000,avg_time_s=0.023640,released_listeners=1,
start_task=,name=dot,tick=89,start_time=353290.949838,nthreads=66,
message=tick stats,tick=89,estimated_current_power=-nan,
end_task=,name=dot,elapsed_seconds=0.025973,predicted_seconds=inf,time_percent_error=inf,nthreads=66,end_time=353290.976725,avg_power_W=158.000000,max_power_W=158.000000,avg_time_s=0.025973,released_listeners=1,
start_task=,name=dot,tick=90,start_time=353290.976755,nthreads=66,
message=tick stats,tick=90,estimated_current_power=-nan,
end_task=,name=dot,elapsed_seconds=0.030396,predicted_seconds=inf,time_percent_error=inf,nthreads=66,end_time=353291.008040,avg_power_W=-nan,max_power_W=0.000000,avg_time_s=0.030396,released_listeners=1,
start_task=,name=dot,tick=91,start_time=353291.008091,nthreads=66,
message=tick stats,tick=91,estimated_current_power=-nan,
end_task=,name=dot,elapsed_seconds=0.024199,predicted_seconds=inf,time_percent_error=inf,nthreads=66,end_time=353291.033277,avg_power_W=158.000000,max_power_W=158.000000,avg_time_s=0.024199,released_listeners=1,
start_task=,name=dot,tick=92,start_time=353291.033306,nthreads=66,
message=tick stats,tick=92,estimated_current_power=-nan,
end_task=,name=dot,elapsed_seconds=0.025980,predicted_seconds=inf,time_percent_error=inf,nthreads=66,end_time=353291.073621,avg_power_W=161.000000,max_power_W=161.000000,avg_time_s=0.025980,released_listeners=1,
start_task=,name=sum_contribs,tick=93,start_time=353291.073676,nthreads=66,
message=tick stats,tick=93,estimated_current_power=-nan,
end_task=,name=sum_contribs,elapsed_seconds=0.024776,predicted_seconds=inf,time_percent_error=inf,nthreads=66,end_time=353291.099310,avg_power_W=-nan,max_power_W=0.000000,avg_time_s=0.024776,released_listeners=2,
start_task=,name=assign,tick=94,start_time=353291.099363,nthreads=66,
message=tick stats,tick=94,estimated_current_power=-nan,
end_task=,name=assign,elapsed_seconds=0.024301,predicted_seconds=inf,time_percent_error=inf,nthreads=66,end_time=353291.125331,avg_power_W=159.000000,max_power_W=159.000000,avg_time_s=0.024301,released_listeners=0,
start_task=,name=comp_beta,tick=95,start_time=353291.125387,nthreads=66,
message=tick stats,tick=95,estimated_current_power=-nan,
end_task=,name=comp_beta,elapsed_seconds=0.022039,predicted_seconds=inf,time_percent_error=inf,nthreads=66,end_time=353291.149812,avg_power_W=-nan,max_power_W=0.000000,avg_time_s=0.022039,released_listeners=8,
start_task=,name=xapyprofile,tick=96,start_time=353291.149866,nthreads=66,
message=tick stats,tick=96,estimated_current_power=-nan,
end_task=,name=xapyprofile,elapsed_seconds=0.516203,predicted_seconds=inf,time_percent_error=inf,nthreads=66,end_time=353291.673469,avg_power_W=170.272727,max_power_W=175.000000,avg_time_s=0.004412,released_listeners=1,
start_task=,name=xapyprofile,tick=97,start_time=353291.673535,nthreads=66,
message=tick stats,tick=97,estimated_current_power=-nan,
end_task=,name=xapyprofile,elapsed_seconds=0.525759,predicted_seconds=inf,time_percent_error=inf,nthreads=66,end_time=353292.200501,avg_power_W=171.300000,max_power_W=174.000000,avg_time_s=0.004494,released_listeners=1,
start_task=,name=xapyprofile,tick=98,start_time=353292.200569,nthreads=66,
message=tick stats,tick=98,estimated_current_power=-nan,
end_task=,name=xapyprofile,elapsed_seconds=0.515921,predicted_seconds=inf,time_percent_error=inf,nthreads=66,end_time=353292.723641,avg_power_W=173.181818,max_power_W=175.000000,avg_time_s=0.004372,released_listeners=1,
start_task=,name=xapyprofile,tick=99,start_time=353292.723689,nthreads=66,
message=tick stats,tick=99,estimated_current_power=-nan,
end_task=,name=xapyprofile,elapsed_seconds=0.524741,predicted_seconds=inf,time_percent_error=inf,nthreads=66,end_time=353293.249400,avg_power_W=171.800000,max_power_W=174.000000,avg_time_s=0.004447,released_listeners=1,
start_task=,name=xapyprofile,tick=100,start_time=353293.249462,nthreads=66,
message=tick stats,tick=100,estimated_current_power=-nan,
end_task=,name=xapyprofile,elapsed_seconds=0.526460,predicted_seconds=inf,time_percent_error=inf,nthreads=66,end_time=353293.776514,avg_power_W=172.454545,max_power_W=174.000000,avg_time_s=0.004462,released_listeners=1,
start_task=,name=xapyprofile,tick=101,start_time=353293.776575,nthreads=66,
message=tick stats,tick=101,estimated_current_power=-nan,
end_task=,name=xapyprofile,elapsed_seconds=0.526373,predicted_seconds=inf,time_percent_error=inf,nthreads=66,end_time=353294.303899,avg_power_W=173.400000,max_power_W=175.000000,avg_time_s=0.004423,released_listeners=1,
start_task=,name=xapyprofile,tick=102,start_time=353294.303960,nthreads=66,
message=tick stats,tick=102,estimated_current_power=-nan,
end_task=,name=xapyprofile,elapsed_seconds=0.524805,predicted_seconds=inf,time_percent_error=inf,nthreads=66,end_time=353294.829387,avg_power_W=173.000000,max_power_W=175.000000,avg_time_s=0.004410,released_listeners=1,
start_task=,name=xapyprofile,tick=103,start_time=353294.829418,nthreads=66,
message=tick stats,tick=103,estimated_current_power=-nan,
end_task=,name=xapyprofile,elapsed_seconds=0.526848,predicted_seconds=inf,time_percent_error=inf,nthreads=66,end_time=353295.357283,avg_power_W=172.600000,max_power_W=175.000000,avg_time_s=0.004465,released_listeners=1,
start_task=,name=xapy,tick=104,start_time=353295.357344,nthreads=66,
message=tick stats,tick=104,estimated_current_power=-nan,
end_task=,name=xapy,elapsed_seconds=0.024226,predicted_seconds=inf,time_percent_error=inf,nthreads=66,end_time=353295.382444,avg_power_W=173.000000,max_power_W=173.000000,avg_time_s=0.024226,released_listeners=0,
start_task=,name=xapy,tick=105,start_time=353295.382499,nthreads=66,
message=tick stats,tick=105,estimated_current_power=-nan,
end_task=,name=xapy,elapsed_seconds=0.028288,predicted_seconds=inf,time_percent_error=inf,nthreads=66,end_time=353295.423679,avg_power_W=173.000000,max_power_W=173.000000,avg_time_s=0.028288,released_listeners=0,
start_task=,name=xapy,tick=106,start_time=353295.423742,nthreads=66,
message=tick stats,tick=106,estimated_current_power=-nan,
end_task=,name=xapy,elapsed_seconds=0.023841,predicted_seconds=inf,time_percent_error=inf,nthreads=66,end_time=353295.448089,avg_power_W=-nan,max_power_W=0.000000,avg_time_s=0.023841,released_listeners=0,
start_task=,name=xapy,tick=107,start_time=353295.448148,nthreads=66,
message=tick stats,tick=107,estimated_current_power=-nan,
end_task=,name=xapy,elapsed_seconds=0.019564,predicted_seconds=inf,time_percent_error=inf,nthreads=66,end_time=353295.473781,avg_power_W=161.000000,max_power_W=161.000000,avg_time_s=0.019564,released_listeners=0,
start_task=,name=xapy,tick=108,start_time=353295.473845,nthreads=66,
message=tick stats,tick=108,estimated_current_power=-nan,
end_task=,name=xapy,elapsed_seconds=0.025850,predicted_seconds=inf,time_percent_error=inf,nthreads=66,end_time=353295.500307,avg_power_W=-nan,max_power_W=0.000000,avg_time_s=0.025850,released_listeners=0,
start_task=,name=xapy,tick=109,start_time=353295.500360,nthreads=66,
message=tick stats,tick=109,estimated_current_power=-nan,
end_task=,name=xapy,elapsed_seconds=0.037545,predicted_seconds=inf,time_percent_error=inf,nthreads=66,end_time=353295.538501,avg_power_W=161.000000,max_power_W=161.000000,avg_time_s=0.037545,released_listeners=0,
start_task=,name=xapy,tick=110,start_time=353295.538563,nthreads=66,
message=tick stats,tick=110,estimated_current_power=-nan,
end_task=,name=xapy,elapsed_seconds=0.028886,predicted_seconds=inf,time_percent_error=inf,nthreads=66,end_time=353295.573632,avg_power_W=161.000000,max_power_W=161.000000,avg_time_s=0.028886,released_listeners=0,
start_task=,name=xapy,tick=111,start_time=353295.573691,nthreads=66,
message=tick stats,tick=111,estimated_current_power=-nan,
end_task=,name=xapy,elapsed_seconds=0.028583,predicted_seconds=inf,time_percent_error=inf,nthreads=66,end_time=353295.602811,avg_power_W=-nan,max_power_W=0.000000,avg_time_s=0.028583,released_listeners=0,
est_max_power=inf,
average_power_W=-nan,
max_power_W=0.000000,
time_s=15.493869,
message=ALL DONE,
