message=cataloging configuration,max_threads=91,power_limit=inf,
start_task=,name=start,tick=1,start_time=353942.928373,nthreads=91,
message=tick stats,tick=1,estimated_current_power=inf,
end_task=,name=start,elapsed_seconds=0.009769,predicted_seconds=inf,time_percent_error=inf,nthreads=91,end_time=353942.939740,avg_power_W=-nan,max_power_W=0.000000,avg_time_s=0.009769,released_listeners=8,
start_task=,name=spmv,tick=2,start_time=353942.939775,nthreads=91,
message=tick stats,tick=2,estimated_current_power=-nan,
end_task=,name=spmv,elapsed_seconds=0.163245,predicted_seconds=inf,time_percent_error=inf,nthreads=91,end_time=353943.103815,avg_power_W=119.333333,max_power_W=122.000000,avg_time_s=0.163245,released_listeners=1,
start_task=,name=spmv,tick=3,start_time=353943.103884,nthreads=91,
message=tick stats,tick=3,estimated_current_power=-nan,
end_task=,name=spmv,elapsed_seconds=0.054547,predicted_seconds=inf,time_percent_error=inf,nthreads=91,end_time=353943.159125,avg_power_W=119.000000,max_power_W=119.000000,avg_time_s=0.054547,released_listeners=1,
start_task=,name=spmv,tick=4,start_time=353943.159197,nthreads=91,
message=tick stats,tick=4,estimated_current_power=-nan,
end_task=,name=spmv,elapsed_seconds=0.056903,predicted_seconds=inf,time_percent_error=inf,nthreads=91,end_time=353943.216990,avg_power_W=154.000000,max_power_W=154.000000,avg_time_s=0.056903,released_listeners=1,
start_task=,name=spmv,tick=5,start_time=353943.217055,nthreads=91,
message=tick stats,tick=5,estimated_current_power=-nan,
end_task=,name=spmv,elapsed_seconds=0.037775,predicted_seconds=inf,time_percent_error=inf,nthreads=91,end_time=353943.255744,avg_power_W=156.000000,max_power_W=156.000000,avg_time_s=0.037775,released_listeners=1,
start_task=,name=spmv,tick=6,start_time=353943.255808,nthreads=91,
message=tick stats,tick=6,estimated_current_power=-nan,
end_task=,name=spmv,elapsed_seconds=0.032235,predicted_seconds=inf,time_percent_error=inf,nthreads=91,end_time=353943.292278,avg_power_W=156.000000,max_power_W=156.000000,avg_time_s=0.032235,released_listeners=1,
start_task=,name=spmv,tick=7,start_time=353943.292341,nthreads=91,
message=tick stats,tick=7,estimated_current_power=-nan,
end_task=,name=spmv,elapsed_seconds=0.036875,predicted_seconds=inf,time_percent_error=inf,nthreads=91,end_time=353943.342342,avg_power_W=156.000000,max_power_W=156.000000,avg_time_s=0.036875,released_listeners=1,
start_task=,name=spmv,tick=8,start_time=353943.342413,nthreads=91,
message=tick stats,tick=8,estimated_current_power=-nan,
end_task=,name=spmv,elapsed_seconds=0.033320,predicted_seconds=inf,time_percent_error=inf,nthreads=91,end_time=353943.376413,avg_power_W=-nan,max_power_W=0.000000,avg_time_s=0.033320,released_listeners=1,
start_task=,name=spmv,tick=9,start_time=353943.376472,nthreads=91,
message=tick stats,tick=9,estimated_current_power=-nan,
end_task=,name=spmv,elapsed_seconds=0.034625,predicted_seconds=inf,time_percent_error=inf,nthreads=91,end_time=353943.411957,avg_power_W=156.000000,max_power_W=156.000000,avg_time_s=0.034625,released_listeners=1,
start_task=,name=subtract,tick=10,start_time=353943.412022,nthreads=91,
message=tick stats,tick=10,estimated_current_power=-nan,
end_task=,name=subtract,elapsed_seconds=0.068316,predicted_seconds=inf,time_percent_error=inf,nthreads=91,end_time=353943.492270,avg_power_W=157.000000,max_power_W=157.000000,avg_time_s=0.068316,released_listeners=2,
start_task=,name=subtract,tick=11,start_time=353943.492342,nthreads=91,
message=tick stats,tick=11,estimated_current_power=-nan,
end_task=,name=subtract,elapsed_seconds=0.027010,predicted_seconds=inf,time_percent_error=inf,nthreads=91,end_time=353943.520005,avg_power_W=-nan,max_power_W=0.000000,avg_time_s=0.027010,released_listeners=2,
start_task=,name=subtract,tick=12,start_time=353943.520065,nthreads=91,
message=tick stats,tick=12,estimated_current_power=-nan,
end_task=,name=subtract,elapsed_seconds=0.030813,predicted_seconds=inf,time_percent_error=inf,nthreads=91,end_time=353943.551483,avg_power_W=154.000000,max_power_W=154.000000,avg_time_s=0.030813,released_listeners=2,
start_task=,name=subtract,tick=13,start_time=353943.551560,nthreads=91,
message=tick stats,tick=13,estimated_current_power=-nan,
end_task=,name=subtract,elapsed_seconds=0.030210,predicted_seconds=inf,time_percent_error=inf,nthreads=91,end_time=353943.592189,avg_power_W=155.000000,max_power_W=155.000000,avg_time_s=0.030210,released_listeners=2,
start_task=,name=subtract,tick=14,start_time=353943.592261,nthreads=91,
message=tick stats,tick=14,estimated_current_power=-nan,
end_task=,name=subtract,elapsed_seconds=0.028669,predicted_seconds=inf,time_percent_error=inf,nthreads=91,end_time=353943.621865,avg_power_W=-nan,max_power_W=0.000000,avg_time_s=0.028669,released_listeners=2,
start_task=,name=subtract,tick=15,start_time=353943.621924,nthreads=91,
message=tick stats,tick=15,estimated_current_power=-nan,
end_task=,name=subtract,elapsed_seconds=0.030123,predicted_seconds=inf,time_percent_error=inf,nthreads=91,end_time=353943.653008,avg_power_W=153.000000,max_power_W=153.000000,avg_time_s=0.030123,released_listeners=2,
start_task=,name=subtract,tick=16,start_time=353943.653078,nthreads=91,
message=tick stats,tick=16,estimated_current_power=-nan,
end_task=,name=subtract,elapsed_seconds=0.036380,predicted_seconds=inf,time_percent_error=inf,nthreads=91,end_time=353943.692344,avg_power_W=154.000000,max_power_W=154.000000,avg_time_s=0.036380,released_listeners=2,
start_task=,name=subtract,tick=17,start_time=353943.692414,nthreads=91,
message=tick stats,tick=17,estimated_current_power=-nan,
end_task=,name=subtract,elapsed_seconds=0.033868,predicted_seconds=inf,time_percent_error=inf,nthreads=91,end_time=353943.727184,avg_power_W=-nan,max_power_W=0.000000,avg_time_s=0.033868,released_listeners=2,
start_task=,name=copy,tick=18,start_time=353943.727280,nthreads=91,
message=tick stats,tick=18,estimated_current_power=-nan,
end_task=,name=copy,elapsed_seconds=0.038387,predicted_seconds=inf,time_percent_error=inf,nthreads=91,end_time=353943.766572,avg_power_W=152.000000,max_power_W=152.000000,avg_time_s=0.038387,released_listeners=1,
start_task=,name=dot,tick=19,start_time=353943.766641,nthreads=91,
message=tick stats,tick=19,estimated_current_power=-nan,
end_task=,name=dot,elapsed_seconds=0.026655,predicted_seconds=inf,time_percent_error=inf,nthreads=91,end_time=353943.794289,avg_power_W=153.000000,max_power_W=153.000000,avg_time_s=0.026655,released_listeners=1,
start_task=,name=dot,tick=20,start_time=353943.794324,nthreads=91,
message=tick stats,tick=20,estimated_current_power=-nan,
end_task=,name=dot,elapsed_seconds=0.026773,predicted_seconds=inf,time_percent_error=inf,nthreads=91,end_time=353943.822027,avg_power_W=-nan,max_power_W=0.000000,avg_time_s=0.026773,released_listeners=1,
start_task=,name=copy,tick=21,start_time=353943.822057,nthreads=91,
message=tick stats,tick=21,estimated_current_power=-nan,
end_task=,name=copy,elapsed_seconds=0.023651,predicted_seconds=inf,time_percent_error=inf,nthreads=91,end_time=353943.846629,avg_power_W=152.000000,max_power_W=152.000000,avg_time_s=0.023651,released_listeners=1,
start_task=,name=copy,tick=22,start_time=353943.846662,nthreads=91,
message=tick stats,tick=22,estimated_current_power=-nan,
end_task=,name=copy,elapsed_seconds=0.023198,predicted_seconds=inf,time_percent_error=inf,nthreads=91,end_time=353943.870791,avg_power_W=-nan,max_power_W=0.000000,avg_time_s=0.023198,released_listeners=1,
start_task=,name=dot,tick=23,start_time=353943.870821,nthreads=91,
message=tick stats,tick=23,estimated_current_power=-nan,
end_task=,name=dot,elapsed_seconds=0.018253,predicted_seconds=inf,time_percent_error=inf,nthreads=91,end_time=353943.893004,avg_power_W=152.000000,max_power_W=152.000000,avg_time_s=0.018253,released_listeners=1,
start_task=,name=copy,tick=24,start_time=353943.893070,nthreads=91,
message=tick stats,tick=24,estimated_current_power=-nan,
end_task=,name=copy,elapsed_seconds=0.025936,predicted_seconds=inf,time_percent_error=inf,nthreads=91,end_time=353943.919946,avg_power_W=-nan,max_power_W=0.000000,avg_time_s=0.025936,released_listeners=1,
start_task=,name=dot,tick=25,start_time=353943.919975,nthreads=91,
message=tick stats,tick=25,estimated_current_power=-nan,
end_task=,name=dot,elapsed_seconds=0.027508,predicted_seconds=inf,time_percent_error=inf,nthreads=91,end_time=353943.948384,avg_power_W=154.000000,max_power_W=154.000000,avg_time_s=0.027508,released_listeners=1,
start_task=,name=copy,tick=26,start_time=353943.948450,nthreads=91,
message=tick stats,tick=26,estimated_current_power=-nan,
end_task=,name=copy,elapsed_seconds=0.020767,predicted_seconds=inf,time_percent_error=inf,nthreads=91,end_time=353943.970131,avg_power_W=-nan,max_power_W=0.000000,avg_time_s=0.020767,released_listeners=1,
start_task=,name=dot,tick=27,start_time=353943.970163,nthreads=91,
message=tick stats,tick=27,estimated_current_power=-nan,
end_task=,name=dot,elapsed_seconds=0.027235,predicted_seconds=inf,time_percent_error=inf,nthreads=91,end_time=353943.998314,avg_power_W=152.000000,max_power_W=152.000000,avg_time_s=0.027235,released_listeners=1,
start_task=,name=copy,tick=28,start_time=353943.998380,nthreads=91,
message=tick stats,tick=28,estimated_current_power=-nan,
end_task=,name=copy,elapsed_seconds=0.020662,predicted_seconds=inf,time_percent_error=inf,nthreads=91,end_time=353944.019978,avg_power_W=-nan,max_power_W=0.000000,avg_time_s=0.020662,released_listeners=1,
start_task=,name=dot,tick=29,start_time=353944.020007,nthreads=91,
message=tick stats,tick=29,estimated_current_power=-nan,
end_task=,name=dot,elapsed_seconds=0.018767,predicted_seconds=inf,time_percent_error=inf,nthreads=91,end_time=353944.042314,avg_power_W=152.000000,max_power_W=152.000000,avg_time_s=0.018767,released_listeners=1,
start_task=,name=copy,tick=30,start_time=353944.042378,nthreads=91,
message=tick stats,tick=30,estimated_current_power=-nan,
end_task=,name=copy,elapsed_seconds=0.025590,predicted_seconds=inf,time_percent_error=inf,nthreads=91,end_time=353944.068907,avg_power_W=-nan,max_power_W=0.000000,avg_time_s=0.025590,released_listeners=1,
start_task=,name=dot,tick=31,start_time=353944.068965,nthreads=91,
message=tick stats,tick=31,estimated_current_power=-nan,
end_task=,name=dot,elapsed_seconds=0.020261,predicted_seconds=inf,time_percent_error=inf,nthreads=91,end_time=353944.092310,avg_power_W=151.000000,max_power_W=151.000000,avg_time_s=0.020261,released_listeners=1,
start_task=,name=copy,tick=32,start_time=353944.092345,nthreads=91,
message=tick stats,tick=32,estimated_current_power=-nan,
end_task=,name=copy,elapsed_seconds=0.025903,predicted_seconds=inf,time_percent_error=inf,nthreads=91,end_time=353944.118908,avg_power_W=-nan,max_power_W=0.000000,avg_time_s=0.025903,released_listeners=1,
start_task=,name=dot,tick=33,start_time=353944.118938,nthreads=91,
message=tick stats,tick=33,estimated_current_power=-nan,
end_task=,name=dot,elapsed_seconds=0.037322,predicted_seconds=inf,time_percent_error=inf,nthreads=91,end_time=353944.156910,avg_power_W=153.000000,max_power_W=153.000000,avg_time_s=0.037322,released_listeners=1,
start_task=,name=spmv,tick=34,start_time=353944.156976,nthreads=91,
message=tick stats,tick=34,estimated_current_power=-nan,
end_task=,name=spmv,elapsed_seconds=0.042476,predicted_seconds=inf,time_percent_error=inf,nthreads=91,end_time=353944.200113,avg_power_W=153.000000,max_power_W=153.000000,avg_time_s=0.042476,released_listeners=1,
start_task=,name=spmv,tick=35,start_time=353944.200183,nthreads=91,
message=tick stats,tick=35,estimated_current_power=-nan,
end_task=,name=spmv,elapsed_seconds=0.042638,predicted_seconds=inf,time_percent_error=inf,nthreads=91,end_time=353944.243650,avg_power_W=156.000000,max_power_W=156.000000,avg_time_s=0.042638,released_listeners=1,
start_task=,name=spmv,tick=36,start_time=353944.243715,nthreads=91,
message=tick stats,tick=36,estimated_current_power=-nan,
end_task=,name=spmv,elapsed_seconds=0.029409,predicted_seconds=inf,time_percent_error=inf,nthreads=91,end_time=353944.273856,avg_power_W=-nan,max_power_W=0.000000,avg_time_s=0.029409,released_listeners=1,
start_task=,name=spmv,tick=37,start_time=353944.273914,nthreads=91,
message=tick stats,tick=37,estimated_current_power=-nan,
end_task=,name=spmv,elapsed_seconds=0.032021,predicted_seconds=inf,time_percent_error=inf,nthreads=91,end_time=353944.306598,avg_power_W=158.000000,max_power_W=158.000000,avg_time_s=0.032021,released_listeners=1,
start_task=,name=spmv,tick=38,start_time=353944.306669,nthreads=91,
message=tick stats,tick=38,estimated_current_power=-nan,
end_task=,name=spmv,elapsed_seconds=0.025786,predicted_seconds=inf,time_percent_error=inf,nthreads=91,end_time=353944.341711,avg_power_W=160.000000,max_power_W=160.000000,avg_time_s=0.025786,released_listeners=1,
start_task=,name=spmv,tick=39,start_time=353944.341784,nthreads=91,
message=tick stats,tick=39,estimated_current_power=-nan,
end_task=,name=spmv,elapsed_seconds=0.020962,predicted_seconds=inf,time_percent_error=inf,nthreads=91,end_time=353944.363455,avg_power_W=-nan,max_power_W=0.000000,avg_time_s=0.020962,released_listeners=1,
start_task=,name=spmv,tick=40,start_time=353944.363515,nthreads=91,
message=tick stats,tick=40,estimated_current_power=-nan,
end_task=,name=spmv,elapsed_seconds=0.029805,predicted_seconds=inf,time_percent_error=inf,nthreads=91,end_time=353944.394023,avg_power_W=161.000000,max_power_W=161.000000,avg_time_s=0.029805,released_listeners=1,
start_task=,name=spmv,tick=41,start_time=353944.394089,nthreads=91,
message=tick stats,tick=41,estimated_current_power=-nan,
end_task=,name=spmv,elapsed_seconds=0.029149,predicted_seconds=inf,time_percent_error=inf,nthreads=91,end_time=353944.423843,avg_power_W=-nan,max_power_W=0.000000,avg_time_s=0.029149,released_listeners=1,
start_task=,name=sum_contribs,tick=42,start_time=353944.423904,nthreads=91,
message=tick stats,tick=42,estimated_current_power=-nan,
end_task=,name=sum_contribs,elapsed_seconds=0.024960,predicted_seconds=inf,time_percent_error=inf,nthreads=91,end_time=353944.449471,avg_power_W=161.000000,max_power_W=161.000000,avg_time_s=0.024960,released_listeners=1,
start_task=,name=dot,tick=43,start_time=353944.449541,nthreads=91,
message=tick stats,tick=43,estimated_current_power=-nan,
end_task=,name=dot,elapsed_seconds=0.028690,predicted_seconds=inf,time_percent_error=inf,nthreads=91,end_time=353944.492049,avg_power_W=160.000000,max_power_W=160.000000,avg_time_s=0.028690,released_listeners=1,
start_task=,name=dot,tick=44,start_time=353944.492119,nthreads=91,
message=tick stats,tick=44,estimated_current_power=-nan,
end_task=,name=dot,elapsed_seconds=0.026936,predicted_seconds=inf,time_percent_error=inf,nthreads=91,end_time=353944.519735,avg_power_W=-nan,max_power_W=0.000000,avg_time_s=0.026936,released_listeners=1,
start_task=,name=dot,tick=45,start_time=353944.519795,nthreads=91,
message=tick stats,tick=45,estimated_current_power=-nan,
end_task=,name=dot,elapsed_seconds=0.021186,predicted_seconds=inf,time_percent_error=inf,nthreads=91,end_time=353944.541589,avg_power_W=157.000000,max_power_W=157.000000,avg_time_s=0.021186,released_listeners=1,
start_task=,name=dot,tick=46,start_time=353944.541658,nthreads=91,
message=tick stats,tick=46,estimated_current_power=-nan,
end_task=,name=dot,elapsed_seconds=0.027640,predicted_seconds=inf,time_percent_error=inf,nthreads=91,end_time=353944.569937,avg_power_W=-nan,max_power_W=0.000000,avg_time_s=0.027640,released_listeners=1,
start_task=,name=dot,tick=47,start_time=353944.569996,nthreads=91,
message=tick stats,tick=47,estimated_current_power=-nan,
end_task=,name=dot,elapsed_seconds=0.019412,predicted_seconds=inf,time_percent_error=inf,nthreads=91,end_time=353944.591686,avg_power_W=155.000000,max_power_W=155.000000,avg_time_s=0.019412,released_listeners=1,
start_task=,name=dot,tick=48,start_time=353944.591755,nthreads=91,
message=tick stats,tick=48,estimated_current_power=-nan,
end_task=,name=dot,elapsed_seconds=0.027127,predicted_seconds=inf,time_percent_error=inf,nthreads=91,end_time=353944.619754,avg_power_W=-nan,max_power_W=0.000000,avg_time_s=0.027127,released_listeners=1,
start_task=,name=dot,tick=49,start_time=353944.619813,nthreads=91,
message=tick stats,tick=49,estimated_current_power=-nan,
end_task=,name=dot,elapsed_seconds=0.019049,predicted_seconds=inf,time_percent_error=inf,nthreads=91,end_time=353944.642502,avg_power_W=155.000000,max_power_W=155.000000,avg_time_s=0.019049,released_listeners=1,
start_task=,name=dot,tick=50,start_time=353944.642578,nthreads=91,
message=tick stats,tick=50,estimated_current_power=-nan,
end_task=,name=dot,elapsed_seconds=0.026407,predicted_seconds=inf,time_percent_error=inf,nthreads=91,end_time=353944.670460,avg_power_W=-nan,max_power_W=0.000000,avg_time_s=0.026407,released_listeners=1,
start_task=,name=sum_contribs,tick=51,start_time=353944.670519,nthreads=91,
message=tick stats,tick=51,estimated_current_power=-nan,
end_task=,name=sum_contribs,elapsed_seconds=0.018709,predicted_seconds=inf,time_percent_error=inf,nthreads=91,end_time=353944.691840,avg_power_W=155.000000,max_power_W=155.000000,avg_time_s=0.018709,released_listeners=1,
start_task=,name=comp_alpha,tick=52,start_time=353944.691910,nthreads=91,
message=tick stats,tick=52,estimated_current_power=-nan,
end_task=,name=comp_alpha,elapsed_seconds=0.034755,predicted_seconds=inf,time_percent_error=inf,nthreads=91,end_time=353944.742580,avg_power_W=152.000000,max_power_W=152.000000,avg_time_s=0.034755,released_listeners=16,
start_task=,name=axpyprofile,tick=53,start_time=353944.742653,nthreads=91,
message=tick stats,tick=53,estimated_current_power=-nan,
end_task=,name=axpyprofile,elapsed_seconds=0.525589,predicted_seconds=inf,time_percent_error=inf,nthreads=91,end_time=353945.268900,avg_power_W=163.400000,max_power_W=166.000000,avg_time_s=0.005309,released_listeners=1,
start_task=,name=axpyprofile,tick=54,start_time=353945.268971,nthreads=91,
message=tick stats,tick=54,estimated_current_power=-nan,
end_task=,name=axpyprofile,elapsed_seconds=0.523882,predicted_seconds=inf,time_percent_error=inf,nthreads=91,end_time=353945.794310,avg_power_W=166.181818,max_power_W=168.000000,avg_time_s=0.004806,released_listeners=1,
start_task=,name=axpyprofile,tick=55,start_time=353945.794380,nthreads=91,
message=tick stats,tick=55,estimated_current_power=-nan,
end_task=,name=axpyprofile,elapsed_seconds=0.523686,predicted_seconds=inf,time_percent_error=inf,nthreads=91,end_time=353946.318516,avg_power_W=162.800000,max_power_W=167.000000,avg_time_s=0.000263,released_listeners=1,
start_task=,name=axpyprofile,tick=56,start_time=353946.318556,nthreads=91,
message=tick stats,tick=56,estimated_current_power=-nan,
end_task=,name=axpyprofile,elapsed_seconds=0.523949,predicted_seconds=inf,time_percent_error=inf,nthreads=91,end_time=353946.843513,avg_power_W=165.454545,max_power_W=167.000000,avg_time_s=0.000267,released_listeners=1,
start_task=,name=axpyprofile,tick=57,start_time=353946.843553,nthreads=91,
message=tick stats,tick=57,estimated_current_power=-nan,
end_task=,name=axpyprofile,elapsed_seconds=0.517997,predicted_seconds=inf,time_percent_error=inf,nthreads=91,end_time=353947.361989,avg_power_W=164.500000,max_power_W=166.000000,avg_time_s=0.000261,released_listeners=1,
start_task=,name=axpyprofile,tick=58,start_time=353947.362025,nthreads=91,
message=tick stats,tick=58,estimated_current_power=-nan,
end_task=,name=axpyprofile,elapsed_seconds=0.525541,predicted_seconds=inf,time_percent_error=inf,nthreads=91,end_time=353947.891897,avg_power_W=164.909091,max_power_W=166.000000,avg_time_s=0.000267,released_listeners=1,
start_task=,name=axpyprofile,tick=59,start_time=353947.891955,nthreads=91,
message=tick stats,tick=59,estimated_current_power=-nan,
end_task=,name=axpyprofile,elapsed_seconds=0.520544,predicted_seconds=inf,time_percent_error=inf,nthreads=91,end_time=353948.412923,avg_power_W=164.400000,max_power_W=167.000000,avg_time_s=0.000261,released_listeners=1,
start_task=,name=axpyprofile,tick=60,start_time=353948.412961,nthreads=91,
message=tick stats,tick=60,estimated_current_power=-nan,
end_task=,name=axpyprofile,elapsed_seconds=0.525209,predicted_seconds=inf,time_percent_error=inf,nthreads=91,end_time=353948.941966,avg_power_W=165.909091,max_power_W=167.000000,avg_time_s=0.000261,released_listeners=1,
start_task=,name=axpyprofile,tick=61,start_time=353948.942025,nthreads=91,
message=tick stats,tick=61,estimated_current_power=-nan,
end_task=,name=axpyprofile,elapsed_seconds=0.523590,predicted_seconds=inf,time_percent_error=inf,nthreads=91,end_time=353949.466036,avg_power_W=165.800000,max_power_W=167.000000,avg_time_s=0.000266,released_listeners=1,
start_task=,name=axpyprofile,tick=62,start_time=353949.466071,nthreads=91,
message=tick stats,tick=62,estimated_current_power=-nan,
end_task=,name=axpyprofile,elapsed_seconds=0.523567,predicted_seconds=inf,time_percent_error=inf,nthreads=91,end_time=353949.991780,avg_power_W=165.545455,max_power_W=169.000000,avg_time_s=0.000259,released_listeners=1,
start_task=,name=axpyprofile,tick=63,start_time=353949.991849,nthreads=91,
message=tick stats,tick=63,estimated_current_power=-nan,
end_task=,name=axpyprofile,elapsed_seconds=0.553687,predicted_seconds=inf,time_percent_error=inf,nthreads=91,end_time=353950.545999,avg_power_W=165.909091,max_power_W=167.000000,avg_time_s=0.000285,released_listeners=1,
start_task=,name=axpyprofile,tick=64,start_time=353950.546072,nthreads=91,
message=tick stats,tick=64,estimated_current_power=-nan,
end_task=,name=axpyprofile,elapsed_seconds=0.519497,predicted_seconds=inf,time_percent_error=inf,nthreads=91,end_time=353951.066503,avg_power_W=166.900000,max_power_W=168.000000,avg_time_s=0.000261,released_listeners=1,
start_task=,name=axpyprofile,tick=65,start_time=353951.066539,nthreads=91,
message=tick stats,tick=65,estimated_current_power=-nan,
end_task=,name=axpyprofile,elapsed_seconds=0.519032,predicted_seconds=inf,time_percent_error=inf,nthreads=91,end_time=353951.591725,avg_power_W=168.272727,max_power_W=170.000000,avg_time_s=0.000261,released_listeners=1,
start_task=,name=axpyprofile,tick=66,start_time=353951.591797,nthreads=91,
message=tick stats,tick=66,estimated_current_power=-nan,
end_task=,name=axpyprofile,elapsed_seconds=0.522935,predicted_seconds=inf,time_percent_error=inf,nthreads=91,end_time=353952.115740,avg_power_W=168.300000,max_power_W=170.000000,avg_time_s=0.000258,released_listeners=1,
start_task=,name=axpyprofile,tick=67,start_time=353952.115777,nthreads=91,
message=tick stats,tick=67,estimated_current_power=-nan,
end_task=,name=axpyprofile,elapsed_seconds=0.519820,predicted_seconds=inf,time_percent_error=inf,nthreads=91,end_time=353952.642096,avg_power_W=168.818182,max_power_W=170.000000,avg_time_s=0.000261,released_listeners=1,
start_task=,name=axpyprofile,tick=68,start_time=353952.642179,nthreads=91,
message=tick stats,tick=68,estimated_current_power=-nan,
end_task=,name=axpyprofile,elapsed_seconds=0.521612,predicted_seconds=inf,time_percent_error=inf,nthreads=91,end_time=353953.164700,avg_power_W=168.700000,max_power_W=170.000000,avg_time_s=0.000264,released_listeners=1,
start_task=,name=axpy,tick=69,start_time=353953.164735,nthreads=91,
message=tick stats,tick=69,estimated_current_power=-nan,
end_task=,name=axpy,elapsed_seconds=0.023533,predicted_seconds=inf,time_percent_error=inf,nthreads=91,end_time=353953.192114,avg_power_W=169.000000,max_power_W=169.000000,avg_time_s=0.023533,released_listeners=1,
start_task=,name=axpy,tick=70,start_time=353953.192222,nthreads=91,
message=tick stats,tick=70,estimated_current_power=-nan,
end_task=,name=axpy,elapsed_seconds=0.025239,predicted_seconds=inf,time_percent_error=inf,nthreads=91,end_time=353953.217963,avg_power_W=-nan,max_power_W=0.000000,avg_time_s=0.025239,released_listeners=0,
start_task=,name=axpy,tick=71,start_time=353953.218024,nthreads=91,
message=tick stats,tick=71,estimated_current_power=-nan,
end_task=,name=axpy,elapsed_seconds=0.021851,predicted_seconds=inf,time_percent_error=inf,nthreads=91,end_time=353953.241684,avg_power_W=163.000000,max_power_W=163.000000,avg_time_s=0.021851,released_listeners=0,
start_task=,name=axpy,tick=72,start_time=353953.241744,nthreads=91,
message=tick stats,tick=72,estimated_current_power=-nan,
end_task=,name=axpy,elapsed_seconds=0.024562,predicted_seconds=inf,time_percent_error=inf,nthreads=91,end_time=353953.266818,avg_power_W=-nan,max_power_W=0.000000,avg_time_s=0.024562,released_listeners=1,
start_task=,name=axpy,tick=73,start_time=353953.266878,nthreads=91,
message=tick stats,tick=73,estimated_current_power=-nan,
end_task=,name=axpy,elapsed_seconds=0.031432,predicted_seconds=inf,time_percent_error=inf,nthreads=91,end_time=353953.298794,avg_power_W=163.000000,max_power_W=163.000000,avg_time_s=0.031432,released_listeners=0,
start_task=,name=axpy,tick=74,start_time=353953.298827,nthreads=91,
message=tick stats,tick=74,estimated_current_power=-nan,
end_task=,name=axpy,elapsed_seconds=0.018346,predicted_seconds=inf,time_percent_error=inf,nthreads=91,end_time=353953.317619,avg_power_W=-nan,max_power_W=0.000000,avg_time_s=0.018346,released_listeners=1,
start_task=,name=axpy,tick=75,start_time=353953.317648,nthreads=91,
message=tick stats,tick=75,estimated_current_power=-nan,
end_task=,name=axpy,elapsed_seconds=0.021442,predicted_seconds=inf,time_percent_error=inf,nthreads=91,end_time=353953.342408,avg_power_W=164.000000,max_power_W=164.000000,avg_time_s=0.021442,released_listeners=0,
start_task=,name=axpy,tick=76,start_time=353953.342477,nthreads=91,
message=tick stats,tick=76,estimated_current_power=-nan,
end_task=,name=axpy,elapsed_seconds=0.018282,predicted_seconds=inf,time_percent_error=inf,nthreads=91,end_time=353953.361203,avg_power_W=-nan,max_power_W=0.000000,avg_time_s=0.018282,released_listeners=1,
start_task=,name=axpy,tick=77,start_time=353953.361232,nthreads=91,
message=tick stats,tick=77,estimated_current_power=-nan,
end_task=,name=axpy,elapsed_seconds=0.027852,predicted_seconds=inf,time_percent_error=inf,nthreads=91,end_time=353953.392090,avg_power_W=163.000000,max_power_W=163.000000,avg_time_s=0.027852,released_listeners=0,
start_task=,name=axpy,tick=78,start_time=353953.392166,nthreads=91,
message=tick stats,tick=78,estimated_current_power=-nan,
end_task=,name=axpy,elapsed_seconds=0.026346,predicted_seconds=inf,time_percent_error=inf,nthreads=91,end_time=353953.419111,avg_power_W=-nan,max_power_W=0.000000,avg_time_s=0.026346,released_listeners=1,
start_task=,name=axpy,tick=79,start_time=353953.419176,nthreads=91,
message=tick stats,tick=79,estimated_current_power=-nan,
end_task=,name=axpy,elapsed_seconds=0.030597,predicted_seconds=inf,time_percent_error=inf,nthreads=91,end_time=353953.450363,avg_power_W=163.000000,max_power_W=163.000000,avg_time_s=0.030597,released_listeners=0,
start_task=,name=axpy,tick=80,start_time=353953.450434,nthreads=91,
message=tick stats,tick=80,estimated_current_power=-nan,
end_task=,name=axpy,elapsed_seconds=0.037429,predicted_seconds=inf,time_percent_error=inf,nthreads=91,end_time=353953.492240,avg_power_W=164.000000,max_power_W=164.000000,avg_time_s=0.037429,released_listeners=1,
start_task=,name=axpy,tick=81,start_time=353953.492308,nthreads=91,
message=tick stats,tick=81,estimated_current_power=-nan,
end_task=,name=axpy,elapsed_seconds=0.028552,predicted_seconds=inf,time_percent_error=inf,nthreads=91,end_time=353953.521417,avg_power_W=-nan,max_power_W=0.000000,avg_time_s=0.028552,released_listeners=0,
start_task=,name=axpy,tick=82,start_time=353953.521476,nthreads=91,
message=tick stats,tick=82,estimated_current_power=-nan,
end_task=,name=axpy,elapsed_seconds=0.029795,predicted_seconds=inf,time_percent_error=inf,nthreads=91,end_time=353953.551825,avg_power_W=161.000000,max_power_W=161.000000,avg_time_s=0.029795,released_listeners=1,
start_task=,name=axpy,tick=83,start_time=353953.551892,nthreads=91,
message=tick stats,tick=83,estimated_current_power=-nan,
end_task=,name=axpy,elapsed_seconds=0.026709,predicted_seconds=inf,time_percent_error=inf,nthreads=91,end_time=353953.591996,avg_power_W=164.000000,max_power_W=164.000000,avg_time_s=0.026709,released_listeners=0,
start_task=,name=axpy,tick=84,start_time=353953.592067,nthreads=91,
message=tick stats,tick=84,estimated_current_power=-nan,
end_task=,name=axpy,elapsed_seconds=0.020542,predicted_seconds=inf,time_percent_error=inf,nthreads=91,end_time=353953.613088,avg_power_W=-nan,max_power_W=0.000000,avg_time_s=0.020542,released_listeners=1,
start_task=,name=dot,tick=85,start_time=353953.613152,nthreads=91,
message=tick stats,tick=85,estimated_current_power=-nan,
end_task=,name=dot,elapsed_seconds=0.026622,predicted_seconds=inf,time_percent_error=inf,nthreads=91,end_time=353953.642059,avg_power_W=163.000000,max_power_W=163.000000,avg_time_s=0.026622,released_listeners=1,
start_task=,name=dot,tick=86,start_time=353953.642147,nthreads=91,
message=tick stats,tick=86,estimated_current_power=-nan,
end_task=,name=dot,elapsed_seconds=0.036544,predicted_seconds=inf,time_percent_error=inf,nthreads=91,end_time=353953.692333,avg_power_W=163.000000,max_power_W=163.000000,avg_time_s=0.036544,released_listeners=1,
start_task=,name=dot,tick=87,start_time=353953.692404,nthreads=91,
message=tick stats,tick=87,estimated_current_power=-nan,
end_task=,name=dot,elapsed_seconds=0.025527,predicted_seconds=inf,time_percent_error=inf,nthreads=91,end_time=353953.718860,avg_power_W=-nan,max_power_W=0.000000,avg_time_s=0.025527,released_listeners=1,
start_task=,name=dot,tick=88,start_time=353953.718923,nthreads=91,
message=tick stats,tick=88,estimated_current_power=-nan,
end_task=,name=dot,elapsed_seconds=0.020145,predicted_seconds=inf,time_percent_error=inf,nthreads=91,end_time=353953.742601,avg_power_W=164.000000,max_power_W=164.000000,avg_time_s=0.020145,released_listeners=1,
start_task=,name=dot,tick=89,start_time=353953.742676,nthreads=91,
message=tick stats,tick=89,estimated_current_power=-nan,
end_task=,name=dot,elapsed_seconds=0.027786,predicted_seconds=inf,time_percent_error=inf,nthreads=91,end_time=353953.771366,avg_power_W=-nan,max_power_W=0.000000,avg_time_s=0.027786,released_listeners=1,
start_task=,name=dot,tick=90,start_time=353953.771427,nthreads=91,
message=tick stats,tick=90,estimated_current_power=-nan,
end_task=,name=dot,elapsed_seconds=0.030058,predicted_seconds=inf,time_percent_error=inf,nthreads=91,end_time=353953.802623,avg_power_W=161.000000,max_power_W=161.000000,avg_time_s=0.030058,released_listeners=1,
start_task=,name=dot,tick=91,start_time=353953.802694,nthreads=91,
message=tick stats,tick=91,estimated_current_power=-nan,
end_task=,name=dot,elapsed_seconds=0.026639,predicted_seconds=inf,time_percent_error=inf,nthreads=91,end_time=353953.842228,avg_power_W=161.000000,max_power_W=161.000000,avg_time_s=0.026639,released_listeners=1,
start_task=,name=dot,tick=92,start_time=353953.842302,nthreads=91,
message=tick stats,tick=92,estimated_current_power=-nan,
end_task=,name=dot,elapsed_seconds=0.029171,predicted_seconds=inf,time_percent_error=inf,nthreads=91,end_time=353953.872900,avg_power_W=-nan,max_power_W=0.000000,avg_time_s=0.029171,released_listeners=1,
start_task=,name=sum_contribs,tick=93,start_time=353953.872962,nthreads=91,
message=tick stats,tick=93,estimated_current_power=-nan,
end_task=,name=sum_contribs,elapsed_seconds=0.025732,predicted_seconds=inf,time_percent_error=inf,nthreads=91,end_time=353953.900117,avg_power_W=162.000000,max_power_W=162.000000,avg_time_s=0.025732,released_listeners=2,
start_task=,name=assign,tick=94,start_time=353953.900190,nthreads=91,
message=tick stats,tick=94,estimated_current_power=-nan,
end_task=,name=assign,elapsed_seconds=0.015252,predicted_seconds=inf,time_percent_error=inf,nthreads=91,end_time=353953.916465,avg_power_W=-nan,max_power_W=0.000000,avg_time_s=0.015252,released_listeners=0,
start_task=,name=comp_beta,tick=95,start_time=353953.916494,nthreads=91,
message=tick stats,tick=95,estimated_current_power=-nan,
end_task=,name=comp_beta,elapsed_seconds=0.019095,predicted_seconds=inf,time_percent_error=inf,nthreads=91,end_time=353953.942310,avg_power_W=161.000000,max_power_W=161.000000,avg_time_s=0.019095,released_listeners=8,
start_task=,name=xapyprofile,tick=96,start_time=353953.942353,nthreads=91,
message=tick stats,tick=96,estimated_current_power=-nan,
end_task=,name=xapyprofile,elapsed_seconds=0.523123,predicted_seconds=inf,time_percent_error=inf,nthreads=91,end_time=353954.465933,avg_power_W=168.400000,max_power_W=170.000000,avg_time_s=0.000256,released_listeners=1,
start_task=,name=xapyprofile,tick=97,start_time=353954.465969,nthreads=91,
message=tick stats,tick=97,estimated_current_power=-nan,
end_task=,name=xapyprofile,elapsed_seconds=0.519644,predicted_seconds=inf,time_percent_error=inf,nthreads=91,end_time=353954.991977,avg_power_W=169.363636,max_power_W=170.000000,avg_time_s=0.000244,released_listeners=1,
start_task=,name=xapyprofile,tick=98,start_time=353954.992050,nthreads=91,
message=tick stats,tick=98,estimated_current_power=-nan,
end_task=,name=xapyprofile,elapsed_seconds=0.521688,predicted_seconds=inf,time_percent_error=inf,nthreads=91,end_time=353955.514127,avg_power_W=169.100000,max_power_W=170.000000,avg_time_s=0.000254,released_listeners=1,
start_task=,name=xapyprofile,tick=99,start_time=353955.514163,nthreads=91,
message=tick stats,tick=99,estimated_current_power=-nan,
end_task=,name=xapyprofile,elapsed_seconds=0.525874,predicted_seconds=inf,time_percent_error=inf,nthreads=91,end_time=353956.042224,avg_power_W=169.181818,max_power_W=170.000000,avg_time_s=0.000255,released_listeners=1,
start_task=,name=xapyprofile,tick=100,start_time=353956.042273,nthreads=91,
message=tick stats,tick=100,estimated_current_power=-nan,
end_task=,name=xapyprofile,elapsed_seconds=0.513571,predicted_seconds=inf,time_percent_error=inf,nthreads=91,end_time=353956.556276,avg_power_W=169.700000,max_power_W=170.000000,avg_time_s=0.000247,released_listeners=1,
start_task=,name=xapyprofile,tick=101,start_time=353956.556312,nthreads=91,
message=tick stats,tick=101,estimated_current_power=-nan,
end_task=,name=xapyprofile,elapsed_seconds=0.523174,predicted_seconds=inf,time_percent_error=inf,nthreads=91,end_time=353957.092003,avg_power_W=169.090909,max_power_W=170.000000,avg_time_s=0.000246,released_listeners=1,
start_task=,name=xapyprofile,tick=102,start_time=353957.092076,nthreads=91,
message=tick stats,tick=102,estimated_current_power=-nan,
end_task=,name=xapyprofile,elapsed_seconds=0.521654,predicted_seconds=inf,time_percent_error=inf,nthreads=91,end_time=353957.614186,avg_power_W=168.900000,max_power_W=170.000000,avg_time_s=0.000246,released_listeners=1,
start_task=,name=xapyprofile,tick=103,start_time=353957.614221,nthreads=91,
message=tick stats,tick=103,estimated_current_power=-nan,
end_task=,name=xapyprofile,elapsed_seconds=0.525304,predicted_seconds=inf,time_percent_error=inf,nthreads=91,end_time=353958.142037,avg_power_W=169.181818,max_power_W=170.000000,avg_time_s=0.000248,released_listeners=1,
start_task=,name=xapy,tick=104,start_time=353958.142123,nthreads=91,
message=tick stats,tick=104,estimated_current_power=-nan,
end_task=,name=xapy,elapsed_seconds=0.026322,predicted_seconds=inf,time_percent_error=inf,nthreads=91,end_time=353958.169287,avg_power_W=-nan,max_power_W=0.000000,avg_time_s=0.026322,released_listeners=0,
start_task=,name=xapy,tick=105,start_time=353958.169348,nthreads=91,
message=tick stats,tick=105,estimated_current_power=-nan,
end_task=,name=xapy,elapsed_seconds=0.025718,predicted_seconds=inf,time_percent_error=inf,nthreads=91,end_time=353958.196560,avg_power_W=169.000000,max_power_W=169.000000,avg_time_s=0.025718,released_listeners=0,
start_task=,name=xapy,tick=106,start_time=353958.196626,nthreads=91,
message=tick stats,tick=106,estimated_current_power=-nan,
end_task=,name=xapy,elapsed_seconds=0.024681,predicted_seconds=inf,time_percent_error=inf,nthreads=91,end_time=353958.222782,avg_power_W=-nan,max_power_W=0.000000,avg_time_s=0.024681,released_listeners=0,
start_task=,name=xapy,tick=107,start_time=353958.222842,nthreads=91,
message=tick stats,tick=107,estimated_current_power=-nan,
end_task=,name=xapy,elapsed_seconds=0.025114,predicted_seconds=inf,time_percent_error=inf,nthreads=91,end_time=353958.249076,avg_power_W=163.000000,max_power_W=163.000000,avg_time_s=0.025114,released_listeners=0,
start_task=,name=xapy,tick=108,start_time=353958.249154,nthreads=91,
message=tick stats,tick=108,estimated_current_power=-nan,
end_task=,name=xapy,elapsed_seconds=0.019033,predicted_seconds=inf,time_percent_error=inf,nthreads=91,end_time=353958.268674,avg_power_W=-nan,max_power_W=0.000000,avg_time_s=0.019033,released_listeners=0,
start_task=,name=xapy,tick=109,start_time=353958.268735,nthreads=91,
message=tick stats,tick=109,estimated_current_power=-nan,
end_task=,name=xapy,elapsed_seconds=0.028132,predicted_seconds=inf,time_percent_error=inf,nthreads=91,end_time=353958.297362,avg_power_W=163.000000,max_power_W=163.000000,avg_time_s=0.028132,released_listeners=0,
start_task=,name=xapy,tick=110,start_time=353958.297445,nthreads=91,
message=tick stats,tick=110,estimated_current_power=-nan,
end_task=,name=xapy,elapsed_seconds=0.021367,predicted_seconds=inf,time_percent_error=inf,nthreads=91,end_time=353958.319283,avg_power_W=-nan,max_power_W=0.000000,avg_time_s=0.021367,released_listeners=0,
start_task=,name=xapy,tick=111,start_time=353958.319343,nthreads=91,
message=tick stats,tick=111,estimated_current_power=-nan,
end_task=,name=xapy,elapsed_seconds=0.030328,predicted_seconds=inf,time_percent_error=inf,nthreads=91,end_time=353958.350090,avg_power_W=163.000000,max_power_W=163.000000,avg_time_s=0.030328,released_listeners=0,
est_max_power=inf,
average_power_W=163.000000,
max_power_W=163.000000,
time_s=15.421779,
message=ALL DONE,
