message=cataloging configuration,max_threads=107,power_limit=inf,
start_task=,name=getrfprofile,tick=1,start_time=103104.723404,nthreads=107,
message=tick stats,tick=1,estimated_current_power=inf,
end_task=,name=getrfprofile,elapsed_seconds=0.954156,predicted_seconds=inf,time_percent_error=inf,nthreads=107,end_time=103105.690366,avg_power_W=124.578947,max_power_W=144.000000,avg_time_s=0.954156,released_listeners=1,
start_task=,name=getrf,tick=2,start_time=103105.690456,nthreads=107,
message=tick stats,tick=2,estimated_current_power=-nan,
end_task=,name=getrf,elapsed_seconds=0.166955,predicted_seconds=inf,time_percent_error=inf,nthreads=107,end_time=103105.859569,avg_power_W=138.333333,max_power_W=140.000000,avg_time_s=0.166955,released_listeners=10,
start_task=,name=trsm_leftprofile,tick=3,start_time=103105.859651,nthreads=107,
message=tick stats,tick=3,estimated_current_power=-nan,
end_task=,name=trsm_leftprofile,elapsed_seconds=0.755784,predicted_seconds=inf,time_percent_error=inf,nthreads=107,end_time=103106.616143,avg_power_W=134.533333,max_power_W=144.000000,avg_time_s=0.251928,released_listeners=1,
start_task=,name=trsm_leftprofile,tick=4,start_time=103106.616236,nthreads=107,
message=tick stats,tick=4,estimated_current_power=-nan,
end_task=,name=trsm_leftprofile,elapsed_seconds=0.913518,predicted_seconds=inf,time_percent_error=inf,nthreads=107,end_time=103107.540234,avg_power_W=127.473684,max_power_W=137.000000,avg_time_s=0.456759,released_listeners=1,
start_task=,name=trsm_rightprofile,tick=5,start_time=103107.540318,nthreads=107,
message=tick stats,tick=5,estimated_current_power=-nan,
end_task=,name=trsm_rightprofile,elapsed_seconds=0.519224,predicted_seconds=inf,time_percent_error=inf,nthreads=107,end_time=103108.060369,avg_power_W=144.800000,max_power_W=158.000000,avg_time_s=0.064903,released_listeners=1,
start_task=,name=trsm_rightprofile,tick=6,start_time=103108.060449,nthreads=107,
message=tick stats,tick=6,estimated_current_power=-nan,
end_task=,name=trsm_rightprofile,elapsed_seconds=0.559157,predicted_seconds=inf,time_percent_error=inf,nthreads=107,end_time=103108.620388,avg_power_W=150.818182,max_power_W=157.000000,avg_time_s=0.062129,released_listeners=1,
start_task=,name=trsm_leftprofile,tick=7,start_time=103108.620469,nthreads=107,
message=tick stats,tick=7,estimated_current_power=-nan,
end_task=,name=trsm_leftprofile,elapsed_seconds=0.534790,predicted_seconds=inf,time_percent_error=inf,nthreads=107,end_time=103109.155999,avg_power_W=137.181818,max_power_W=157.000000,avg_time_s=0.267395,released_listeners=1,
start_task=,name=trsm_rightprofile,tick=8,start_time=103109.156082,nthreads=107,
message=tick stats,tick=8,estimated_current_power=-nan,
end_task=,name=trsm_rightprofile,elapsed_seconds=0.533404,predicted_seconds=inf,time_percent_error=inf,nthreads=107,end_time=103109.690505,avg_power_W=150.727273,max_power_W=158.000000,avg_time_s=0.059267,released_listeners=1,
start_task=,name=trsm_leftprofile,tick=9,start_time=103109.690589,nthreads=107,
message=tick stats,tick=9,estimated_current_power=-nan,
end_task=,name=trsm_leftprofile,elapsed_seconds=0.717810,predicted_seconds=inf,time_percent_error=inf,nthreads=107,end_time=103110.409772,avg_power_W=137.428571,max_power_W=147.000000,avg_time_s=0.239270,released_listeners=1,
start_task=,name=trsm_rightprofile,tick=10,start_time=103110.409855,nthreads=107,
message=tick stats,tick=10,estimated_current_power=-nan,
end_task=,name=trsm_rightprofile,elapsed_seconds=0.550072,predicted_seconds=inf,time_percent_error=inf,nthreads=107,end_time=103110.960699,avg_power_W=148.545455,max_power_W=161.000000,avg_time_s=0.061119,released_listeners=1,
start_task=,name=trsm_leftprofile,tick=11,start_time=103110.960780,nthreads=107,
message=tick stats,tick=11,estimated_current_power=-nan,
end_task=,name=trsm_leftprofile,elapsed_seconds=0.619091,predicted_seconds=inf,time_percent_error=inf,nthreads=107,end_time=103111.590883,avg_power_W=138.461538,max_power_W=147.000000,avg_time_s=0.206364,released_listeners=1,
start_task=,name=trsm_rightprofile,tick=12,start_time=103111.590967,nthreads=107,
message=tick stats,tick=12,estimated_current_power=-nan,
end_task=,name=trsm_rightprofile,elapsed_seconds=0.548414,predicted_seconds=inf,time_percent_error=inf,nthreads=107,end_time=103112.140198,avg_power_W=150.636364,max_power_W=159.000000,avg_time_s=0.060935,released_listeners=1,
start_task=,name=trsm_left,tick=13,start_time=103112.140304,nthreads=107,
message=tick stats,tick=13,estimated_current_power=-nan,
end_task=,name=trsm_left,elapsed_seconds=0.372810,predicted_seconds=inf,time_percent_error=inf,nthreads=107,end_time=103112.514549,avg_power_W=136.428571,max_power_W=150.000000,avg_time_s=0.372810,released_listeners=5,
start_task=,name=trsm_left,tick=14,start_time=103112.514636,nthreads=107,
message=tick stats,tick=14,estimated_current_power=-nan,
end_task=,name=trsm_left,elapsed_seconds=0.072635,predicted_seconds=inf,time_percent_error=inf,nthreads=107,end_time=103112.590893,avg_power_W=133.500000,max_power_W=136.000000,avg_time_s=0.072635,released_listeners=5,
start_task=,name=trsm_right,tick=15,start_time=103112.590979,nthreads=107,
message=tick stats,tick=15,estimated_current_power=-nan,
end_task=,name=trsm_right,elapsed_seconds=0.081823,predicted_seconds=inf,time_percent_error=inf,nthreads=107,end_time=103112.689686,avg_power_W=133.000000,max_power_W=134.000000,avg_time_s=0.081823,released_listeners=5,
start_task=,name=trsm_right,tick=16,start_time=103112.689771,nthreads=107,
message=tick stats,tick=16,estimated_current_power=-nan,
end_task=,name=trsm_right,elapsed_seconds=0.071589,predicted_seconds=inf,time_percent_error=inf,nthreads=107,end_time=103112.762305,avg_power_W=145.000000,max_power_W=145.000000,avg_time_s=0.071589,released_listeners=5,
start_task=,name=trsm_left,tick=17,start_time=103112.762387,nthreads=107,
message=tick stats,tick=17,estimated_current_power=-nan,
end_task=,name=trsm_left,elapsed_seconds=0.454910,predicted_seconds=inf,time_percent_error=inf,nthreads=107,end_time=103113.218145,avg_power_W=135.222222,max_power_W=151.000000,avg_time_s=0.454910,released_listeners=5,
start_task=,name=trsm_right,tick=18,start_time=103113.218243,nthreads=107,
message=tick stats,tick=18,estimated_current_power=-nan,
end_task=,name=trsm_right,elapsed_seconds=0.087206,predicted_seconds=inf,time_percent_error=inf,nthreads=107,end_time=103113.306874,avg_power_W=130.500000,max_power_W=131.000000,avg_time_s=0.087206,released_listeners=5,
start_task=,name=trsm_left,tick=19,start_time=103113.306953,nthreads=107,
message=tick stats,tick=19,estimated_current_power=-nan,
end_task=,name=trsm_left,elapsed_seconds=0.394874,predicted_seconds=inf,time_percent_error=inf,nthreads=107,end_time=103113.702963,avg_power_W=131.875000,max_power_W=148.000000,avg_time_s=0.394874,released_listeners=5,
start_task=,name=trsm_right,tick=20,start_time=103113.703048,nthreads=107,
message=tick stats,tick=20,estimated_current_power=-nan,
end_task=,name=trsm_right,elapsed_seconds=0.085637,predicted_seconds=inf,time_percent_error=inf,nthreads=107,end_time=103113.789785,avg_power_W=130.000000,max_power_W=134.000000,avg_time_s=0.085637,released_listeners=5,
start_task=,name=trsm_left,tick=21,start_time=103113.789871,nthreads=107,
message=tick stats,tick=21,estimated_current_power=-nan,
end_task=,name=trsm_left,elapsed_seconds=0.404327,predicted_seconds=inf,time_percent_error=inf,nthreads=107,end_time=103114.194954,avg_power_W=133.000000,max_power_W=138.000000,avg_time_s=0.404327,released_listeners=5,
start_task=,name=trsm_right,tick=22,start_time=103114.195037,nthreads=107,
message=tick stats,tick=22,estimated_current_power=-nan,
end_task=,name=trsm_right,elapsed_seconds=0.087711,predicted_seconds=inf,time_percent_error=inf,nthreads=107,end_time=103114.290970,avg_power_W=135.500000,max_power_W=138.000000,avg_time_s=0.087711,released_listeners=5,
start_task=,name=lu_gemmprofile,tick=23,start_time=103114.291093,nthreads=107,
message=tick stats,tick=23,estimated_current_power=-nan,
end_task=,name=lu_gemmprofile,elapsed_seconds=0.553395,predicted_seconds=inf,time_percent_error=inf,nthreads=107,end_time=103114.845276,avg_power_W=152.000000,max_power_W=164.000000,avg_time_s=0.055340,released_listeners=1,
start_task=,name=lu_gemmprofile,tick=24,start_time=103114.845365,nthreads=107,
message=tick stats,tick=24,estimated_current_power=-nan,
end_task=,name=lu_gemmprofile,elapsed_seconds=0.517751,predicted_seconds=inf,time_percent_error=inf,nthreads=107,end_time=103115.363868,avg_power_W=152.300000,max_power_W=165.000000,avg_time_s=0.057528,released_listeners=1,
start_task=,name=lu_gemmprofile,tick=25,start_time=103115.363949,nthreads=107,
message=tick stats,tick=25,estimated_current_power=-nan,
end_task=,name=lu_gemmprofile,elapsed_seconds=0.567105,predicted_seconds=inf,time_percent_error=inf,nthreads=107,end_time=103115.940268,avg_power_W=156.416667,max_power_W=166.000000,avg_time_s=0.051555,released_listeners=1,
start_task=,name=lu_gemmprofile,tick=26,start_time=103115.940357,nthreads=107,
message=tick stats,tick=26,estimated_current_power=-nan,
end_task=,name=lu_gemmprofile,elapsed_seconds=0.558378,predicted_seconds=inf,time_percent_error=inf,nthreads=107,end_time=103116.500150,avg_power_W=153.090909,max_power_W=166.000000,avg_time_s=0.050762,released_listeners=1,
start_task=,name=lu_gemmprofile,tick=27,start_time=103116.500250,nthreads=107,
message=tick stats,tick=27,estimated_current_power=-nan,
end_task=,name=lu_gemmprofile,elapsed_seconds=0.550786,predicted_seconds=inf,time_percent_error=inf,nthreads=107,end_time=103117.051868,avg_power_W=160.090909,max_power_W=168.000000,avg_time_s=0.050071,released_listeners=1,
start_task=,name=lu_gemmprofile,tick=28,start_time=103117.051950,nthreads=107,
message=tick stats,tick=28,estimated_current_power=-nan,
end_task=,name=lu_gemmprofile,elapsed_seconds=0.523493,predicted_seconds=inf,time_percent_error=inf,nthreads=107,end_time=103117.590369,avg_power_W=160.545455,max_power_W=170.000000,avg_time_s=0.058166,released_listeners=1,
start_task=,name=lu_gemmprofile,tick=29,start_time=103117.590454,nthreads=107,
message=tick stats,tick=29,estimated_current_power=-nan,
end_task=,name=lu_gemmprofile,elapsed_seconds=0.564912,predicted_seconds=inf,time_percent_error=inf,nthreads=107,end_time=103118.156280,avg_power_W=155.818182,max_power_W=165.000000,avg_time_s=0.056491,released_listeners=1,
start_task=,name=lu_gemmprofile,tick=30,start_time=103118.156362,nthreads=107,
message=tick stats,tick=30,estimated_current_power=-nan,
end_task=,name=lu_gemmprofile,elapsed_seconds=0.516577,predicted_seconds=inf,time_percent_error=inf,nthreads=107,end_time=103118.691252,avg_power_W=159.090909,max_power_W=168.000000,avg_time_s=0.051658,released_listeners=1,
start_task=,name=lu_gemmprofile,tick=31,start_time=103118.691337,nthreads=107,
message=tick stats,tick=31,estimated_current_power=-nan,
end_task=,name=lu_gemmprofile,elapsed_seconds=0.566685,predicted_seconds=inf,time_percent_error=inf,nthreads=107,end_time=103119.259220,avg_power_W=153.363636,max_power_W=166.000000,avg_time_s=0.056668,released_listeners=1,
start_task=,name=lu_gemmprofile,tick=32,start_time=103119.259305,nthreads=107,
message=tick stats,tick=32,estimated_current_power=-nan,
end_task=,name=lu_gemmprofile,elapsed_seconds=0.533696,predicted_seconds=inf,time_percent_error=inf,nthreads=107,end_time=103119.794544,avg_power_W=154.818182,max_power_W=167.000000,avg_time_s=0.059300,released_listeners=1,
start_task=,name=lu_gemmprofile,tick=33,start_time=103119.794626,nthreads=107,
message=tick stats,tick=33,estimated_current_power=-nan,
end_task=,name=lu_gemmprofile,elapsed_seconds=0.547737,predicted_seconds=inf,time_percent_error=inf,nthreads=107,end_time=103120.343159,avg_power_W=150.636364,max_power_W=163.000000,avg_time_s=0.060860,released_listeners=1,
start_task=,name=lu_gemmprofile,tick=34,start_time=103120.343255,nthreads=107,
message=tick stats,tick=34,estimated_current_power=-nan,
end_task=,name=lu_gemmprofile,elapsed_seconds=0.545011,predicted_seconds=inf,time_percent_error=inf,nthreads=107,end_time=103120.891309,avg_power_W=156.454545,max_power_W=167.000000,avg_time_s=0.054501,released_listeners=1,
start_task=,name=lu_gemmprofile,tick=35,start_time=103120.891394,nthreads=107,
message=tick stats,tick=35,estimated_current_power=-nan,
end_task=,name=lu_gemmprofile,elapsed_seconds=0.561430,predicted_seconds=inf,time_percent_error=inf,nthreads=107,end_time=103121.453909,avg_power_W=152.000000,max_power_W=165.000000,avg_time_s=0.056143,released_listeners=1,
start_task=,name=lu_gemmprofile,tick=36,start_time=103121.453993,nthreads=107,
message=tick stats,tick=36,estimated_current_power=-nan,
end_task=,name=lu_gemmprofile,elapsed_seconds=0.535648,predicted_seconds=inf,time_percent_error=inf,nthreads=107,end_time=103121.991027,avg_power_W=160.090909,max_power_W=168.000000,avg_time_s=0.053565,released_listeners=1,
start_task=,name=lu_gemmprofile,tick=37,start_time=103121.991117,nthreads=107,
message=tick stats,tick=37,estimated_current_power=-nan,
end_task=,name=lu_gemmprofile,elapsed_seconds=0.538575,predicted_seconds=inf,time_percent_error=inf,nthreads=107,end_time=103122.541017,avg_power_W=157.818182,max_power_W=166.000000,avg_time_s=0.053858,released_listeners=1,
start_task=,name=lu_gemmprofile,tick=38,start_time=103122.541104,nthreads=107,
message=tick stats,tick=38,estimated_current_power=-nan,
end_task=,name=lu_gemmprofile,elapsed_seconds=0.560752,predicted_seconds=inf,time_percent_error=inf,nthreads=107,end_time=103123.103407,avg_power_W=157.181818,max_power_W=165.000000,avg_time_s=0.056075,released_listeners=1,
start_task=,name=lu_gemmprofile,tick=39,start_time=103123.103490,nthreads=107,
message=tick stats,tick=39,estimated_current_power=-nan,
end_task=,name=lu_gemmprofile,elapsed_seconds=0.556258,predicted_seconds=inf,time_percent_error=inf,nthreads=107,end_time=103123.661361,avg_power_W=158.363636,max_power_W=169.000000,avg_time_s=0.055626,released_listeners=1,
start_task=,name=lu_gemmprofile,tick=40,start_time=103123.661442,nthreads=107,
message=tick stats,tick=40,estimated_current_power=-nan,
end_task=,name=lu_gemmprofile,elapsed_seconds=0.562413,predicted_seconds=inf,time_percent_error=inf,nthreads=107,end_time=103124.240334,avg_power_W=156.583333,max_power_W=168.000000,avg_time_s=0.056241,released_listeners=1,
start_task=,name=lu_gemmprofile,tick=41,start_time=103124.240419,nthreads=107,
message=tick stats,tick=41,estimated_current_power=-nan,
end_task=,name=lu_gemmprofile,elapsed_seconds=0.545347,predicted_seconds=inf,time_percent_error=inf,nthreads=107,end_time=103124.790062,avg_power_W=156.363636,max_power_W=168.000000,avg_time_s=0.054535,released_listeners=1,
start_task=,name=lu_gemmprofile,tick=42,start_time=103124.790161,nthreads=107,
message=tick stats,tick=42,estimated_current_power=-nan,
end_task=,name=lu_gemmprofile,elapsed_seconds=0.555597,predicted_seconds=inf,time_percent_error=inf,nthreads=107,end_time=103125.347462,avg_power_W=159.000000,max_power_W=168.000000,avg_time_s=0.055560,released_listeners=1,
start_task=,name=lu_gemmprofile,tick=43,start_time=103125.347545,nthreads=107,
message=tick stats,tick=43,estimated_current_power=-nan,
end_task=,name=lu_gemmprofile,elapsed_seconds=0.582895,predicted_seconds=inf,time_percent_error=inf,nthreads=107,end_time=103125.940476,avg_power_W=155.916667,max_power_W=166.000000,avg_time_s=0.058289,released_listeners=1,
start_task=,name=lu_gemmprofile,tick=44,start_time=103125.940563,nthreads=107,
message=tick stats,tick=44,estimated_current_power=-nan,
end_task=,name=lu_gemmprofile,elapsed_seconds=0.542925,predicted_seconds=inf,time_percent_error=inf,nthreads=107,end_time=103126.490546,avg_power_W=157.272727,max_power_W=164.000000,avg_time_s=0.054293,released_listeners=1,
start_task=,name=lu_gemmprofile,tick=45,start_time=103126.490636,nthreads=107,
message=tick stats,tick=45,estimated_current_power=-nan,
end_task=,name=lu_gemmprofile,elapsed_seconds=0.537188,predicted_seconds=inf,time_percent_error=inf,nthreads=107,end_time=103127.040749,avg_power_W=158.181818,max_power_W=166.000000,avg_time_s=0.053719,released_listeners=1,
start_task=,name=lu_gemmprofile,tick=46,start_time=103127.040836,nthreads=107,
message=tick stats,tick=46,estimated_current_power=-nan,
end_task=,name=lu_gemmprofile,elapsed_seconds=0.542924,predicted_seconds=inf,time_percent_error=inf,nthreads=107,end_time=103127.591742,avg_power_W=157.545455,max_power_W=167.000000,avg_time_s=0.054292,released_listeners=1,
start_task=,name=lu_gemmprofile,tick=47,start_time=103127.591839,nthreads=107,
message=tick stats,tick=47,estimated_current_power=-nan,
end_task=,name=lu_gemmprofile,elapsed_seconds=0.538462,predicted_seconds=inf,time_percent_error=inf,nthreads=107,end_time=103128.140246,avg_power_W=154.727273,max_power_W=163.000000,avg_time_s=0.059829,released_listeners=1,
start_task=,name=lu_gemm,tick=48,start_time=103128.140332,nthreads=107,
message=tick stats,tick=48,estimated_current_power=-nan,
end_task=,name=lu_gemm,elapsed_seconds=0.112752,predicted_seconds=inf,time_percent_error=inf,nthreads=107,end_time=103128.254158,avg_power_W=152.500000,max_power_W=166.000000,avg_time_s=0.112752,released_listeners=1,
start_task=,name=lu_gemm,tick=49,start_time=103128.254256,nthreads=107,
message=tick stats,tick=49,estimated_current_power=-nan,
end_task=,name=lu_gemm,elapsed_seconds=0.112373,predicted_seconds=inf,time_percent_error=inf,nthreads=107,end_time=103128.368223,avg_power_W=144.500000,max_power_W=158.000000,avg_time_s=0.112373,released_listeners=0,
start_task=,name=lu_gemm,tick=50,start_time=103128.368304,nthreads=107,
message=tick stats,tick=50,estimated_current_power=-nan,
end_task=,name=lu_gemm,elapsed_seconds=0.125225,predicted_seconds=inf,time_percent_error=inf,nthreads=107,end_time=103128.495178,avg_power_W=139.666667,max_power_W=155.000000,avg_time_s=0.125225,released_listeners=1,
start_task=,name=lu_gemm,tick=51,start_time=103128.495290,nthreads=107,
message=tick stats,tick=51,estimated_current_power=-nan,
end_task=,name=lu_gemm,elapsed_seconds=0.130434,predicted_seconds=inf,time_percent_error=inf,nthreads=107,end_time=103128.640074,avg_power_W=135.333333,max_power_W=142.000000,avg_time_s=0.130434,released_listeners=1,
start_task=,name=lu_gemm,tick=52,start_time=103128.640170,nthreads=107,
message=tick stats,tick=52,estimated_current_power=-nan,
end_task=,name=lu_gemm,elapsed_seconds=0.124804,predicted_seconds=inf,time_percent_error=inf,nthreads=107,end_time=103128.765991,avg_power_W=147.500000,max_power_W=152.000000,avg_time_s=0.124804,released_listeners=1,
start_task=,name=lu_gemm,tick=53,start_time=103128.766073,nthreads=107,
message=tick stats,tick=53,estimated_current_power=-nan,
end_task=,name=lu_gemm,elapsed_seconds=0.130331,predicted_seconds=inf,time_percent_error=inf,nthreads=107,end_time=103128.898028,avg_power_W=139.000000,max_power_W=151.000000,avg_time_s=0.130331,released_listeners=0,
start_task=,name=lu_gemm,tick=54,start_time=103128.898113,nthreads=107,
message=tick stats,tick=54,estimated_current_power=-nan,
end_task=,name=lu_gemm,elapsed_seconds=0.130704,predicted_seconds=inf,time_percent_error=inf,nthreads=107,end_time=103129.040201,avg_power_W=140.000000,max_power_W=154.000000,avg_time_s=0.130704,released_listeners=1,
start_task=,name=lu_gemm,tick=55,start_time=103129.040286,nthreads=107,
message=tick stats,tick=55,estimated_current_power=-nan,
end_task=,name=lu_gemm,elapsed_seconds=0.128988,predicted_seconds=inf,time_percent_error=inf,nthreads=107,end_time=103129.171415,avg_power_W=141.000000,max_power_W=145.000000,avg_time_s=0.128988,released_listeners=0,
start_task=,name=lu_gemm,tick=56,start_time=103129.171496,nthreads=107,
message=tick stats,tick=56,estimated_current_power=-nan,
end_task=,name=lu_gemm,elapsed_seconds=0.132251,predicted_seconds=inf,time_percent_error=inf,nthreads=107,end_time=103129.305904,avg_power_W=137.666667,max_power_W=158.000000,avg_time_s=0.132251,released_listeners=0,
start_task=,name=lu_gemm,tick=57,start_time=103129.305985,nthreads=107,
message=tick stats,tick=57,estimated_current_power=-nan,
end_task=,name=lu_gemm,elapsed_seconds=0.127258,predicted_seconds=inf,time_percent_error=inf,nthreads=107,end_time=103129.440416,avg_power_W=135.333333,max_power_W=158.000000,avg_time_s=0.127258,released_listeners=1,
start_task=,name=lu_gemm,tick=58,start_time=103129.440502,nthreads=107,
message=tick stats,tick=58,estimated_current_power=-nan,
end_task=,name=lu_gemm,elapsed_seconds=0.128880,predicted_seconds=inf,time_percent_error=inf,nthreads=107,end_time=103129.570226,avg_power_W=136.000000,max_power_W=137.000000,avg_time_s=0.128880,released_listeners=0,
start_task=,name=lu_gemm,tick=59,start_time=103129.570308,nthreads=107,
message=tick stats,tick=59,estimated_current_power=-nan,
end_task=,name=lu_gemm,elapsed_seconds=0.128013,predicted_seconds=inf,time_percent_error=inf,nthreads=107,end_time=103129.699229,avg_power_W=143.000000,max_power_W=158.000000,avg_time_s=0.128013,released_listeners=0,
start_task=,name=lu_gemm,tick=60,start_time=103129.699311,nthreads=107,
message=tick stats,tick=60,estimated_current_power=-nan,
end_task=,name=lu_gemm,elapsed_seconds=0.128080,predicted_seconds=inf,time_percent_error=inf,nthreads=107,end_time=103129.840219,avg_power_W=135.666667,max_power_W=150.000000,avg_time_s=0.128080,released_listeners=1,
start_task=,name=lu_gemm,tick=61,start_time=103129.840305,nthreads=107,
message=tick stats,tick=61,estimated_current_power=-nan,
end_task=,name=lu_gemm,elapsed_seconds=0.123515,predicted_seconds=inf,time_percent_error=inf,nthreads=107,end_time=103129.965353,avg_power_W=149.000000,max_power_W=161.000000,avg_time_s=0.123515,released_listeners=0,
start_task=,name=lu_gemm,tick=62,start_time=103129.965435,nthreads=107,
message=tick stats,tick=62,estimated_current_power=-nan,
end_task=,name=lu_gemm,elapsed_seconds=0.132993,predicted_seconds=inf,time_percent_error=inf,nthreads=107,end_time=103130.100106,avg_power_W=138.666667,max_power_W=157.000000,avg_time_s=0.132993,released_listeners=0,
start_task=,name=lu_gemm,tick=63,start_time=103130.100192,nthreads=107,
message=tick stats,tick=63,estimated_current_power=-nan,
end_task=,name=lu_gemm,elapsed_seconds=0.124787,predicted_seconds=inf,time_percent_error=inf,nthreads=107,end_time=103130.240214,avg_power_W=136.333333,max_power_W=148.000000,avg_time_s=0.124787,released_listeners=0,
start_task=,name=lu_gemm,tick=64,start_time=103130.240301,nthreads=107,
message=tick stats,tick=64,estimated_current_power=-nan,
end_task=,name=lu_gemm,elapsed_seconds=0.119778,predicted_seconds=inf,time_percent_error=inf,nthreads=107,end_time=103130.361548,avg_power_W=150.000000,max_power_W=161.000000,avg_time_s=0.119778,released_listeners=1,
start_task=,name=lu_gemm,tick=65,start_time=103130.361631,nthreads=107,
message=tick stats,tick=65,estimated_current_power=-nan,
end_task=,name=lu_gemm,elapsed_seconds=0.126372,predicted_seconds=inf,time_percent_error=inf,nthreads=107,end_time=103130.490859,avg_power_W=135.666667,max_power_W=153.000000,avg_time_s=0.126372,released_listeners=0,
start_task=,name=lu_gemm,tick=66,start_time=103130.490946,nthreads=107,
message=tick stats,tick=66,estimated_current_power=-nan,
end_task=,name=lu_gemm,elapsed_seconds=0.151522,predicted_seconds=inf,time_percent_error=inf,nthreads=107,end_time=103130.643929,avg_power_W=134.666667,max_power_W=141.000000,avg_time_s=0.151522,released_listeners=0,
start_task=,name=lu_gemm,tick=67,start_time=103130.644011,nthreads=107,
message=tick stats,tick=67,estimated_current_power=-nan,
end_task=,name=lu_gemm,elapsed_seconds=0.139117,predicted_seconds=inf,time_percent_error=inf,nthreads=107,end_time=103130.790521,avg_power_W=136.333333,max_power_W=143.000000,avg_time_s=0.139117,released_listeners=0,
start_task=,name=lu_gemm,tick=68,start_time=103130.790607,nthreads=107,
message=tick stats,tick=68,estimated_current_power=-nan,
end_task=,name=lu_gemm,elapsed_seconds=0.123066,predicted_seconds=inf,time_percent_error=inf,nthreads=107,end_time=103130.914692,avg_power_W=148.500000,max_power_W=156.000000,avg_time_s=0.123066,released_listeners=1,
start_task=,name=lu_gemm,tick=69,start_time=103130.914775,nthreads=107,
message=tick stats,tick=69,estimated_current_power=-nan,
end_task=,name=lu_gemm,elapsed_seconds=0.139527,predicted_seconds=inf,time_percent_error=inf,nthreads=107,end_time=103131.055776,avg_power_W=138.666667,max_power_W=159.000000,avg_time_s=0.139527,released_listeners=0,
start_task=,name=lu_gemm,tick=70,start_time=103131.055858,nthreads=107,
message=tick stats,tick=70,estimated_current_power=-nan,
end_task=,name=lu_gemm,elapsed_seconds=0.136180,predicted_seconds=inf,time_percent_error=inf,nthreads=107,end_time=103131.194171,avg_power_W=136.333333,max_power_W=151.000000,avg_time_s=0.136180,released_listeners=0,
start_task=,name=lu_gemm,tick=71,start_time=103131.194282,nthreads=107,
message=tick stats,tick=71,estimated_current_power=-nan,
end_task=,name=lu_gemm,elapsed_seconds=0.112953,predicted_seconds=inf,time_percent_error=inf,nthreads=107,end_time=103131.309452,avg_power_W=143.500000,max_power_W=156.000000,avg_time_s=0.112953,released_listeners=0,
start_task=,name=lu_gemm,tick=72,start_time=103131.309534,nthreads=107,
message=tick stats,tick=72,estimated_current_power=-nan,
end_task=,name=lu_gemm,elapsed_seconds=0.123371,predicted_seconds=inf,time_percent_error=inf,nthreads=107,end_time=103131.440396,avg_power_W=134.666667,max_power_W=151.000000,avg_time_s=0.123371,released_listeners=0,
start_task=,name=getrfprofile,tick=73,start_time=103131.440481,nthreads=107,
message=tick stats,tick=73,estimated_current_power=-nan,
end_task=,name=getrfprofile,elapsed_seconds=0.593497,predicted_seconds=inf,time_percent_error=inf,nthreads=107,end_time=103132.040621,avg_power_W=147.083333,max_power_W=151.000000,avg_time_s=0.197832,released_listeners=1,
start_task=,name=getrf,tick=74,start_time=103132.040710,nthreads=107,
message=tick stats,tick=74,estimated_current_power=-nan,
end_task=,name=getrf,elapsed_seconds=0.170738,predicted_seconds=inf,time_percent_error=inf,nthreads=107,end_time=103132.212970,avg_power_W=141.333333,max_power_W=143.000000,avg_time_s=0.170738,released_listeners=8,
start_task=,name=trsm_leftprofile,tick=75,start_time=103132.213059,nthreads=107,
message=tick stats,tick=75,estimated_current_power=-nan,
end_task=,name=trsm_leftprofile,elapsed_seconds=0.797824,predicted_seconds=inf,time_percent_error=inf,nthreads=107,end_time=103133.011806,avg_power_W=138.437500,max_power_W=149.000000,avg_time_s=0.265941,released_listeners=1,
start_task=,name=trsm_rightprofile,tick=76,start_time=103133.011887,nthreads=107,
message=tick stats,tick=76,estimated_current_power=-nan,
end_task=,name=trsm_rightprofile,elapsed_seconds=0.537849,predicted_seconds=inf,time_percent_error=inf,nthreads=107,end_time=103133.551281,avg_power_W=148.181818,max_power_W=160.000000,avg_time_s=0.067231,released_listeners=1,
start_task=,name=trsm_leftprofile,tick=77,start_time=103133.551364,nthreads=107,
message=tick stats,tick=77,estimated_current_power=-nan,
end_task=,name=trsm_leftprofile,elapsed_seconds=0.638507,predicted_seconds=inf,time_percent_error=inf,nthreads=107,end_time=103134.190968,avg_power_W=139.000000,max_power_W=156.000000,avg_time_s=0.319253,released_listeners=1,
start_task=,name=trsm_rightprofile,tick=78,start_time=103134.191058,nthreads=107,
message=tick stats,tick=78,estimated_current_power=-nan,
end_task=,name=trsm_rightprofile,elapsed_seconds=0.527947,predicted_seconds=inf,time_percent_error=inf,nthreads=107,end_time=103134.720571,avg_power_W=148.200000,max_power_W=158.000000,avg_time_s=0.058661,released_listeners=1,
start_task=,name=trsm_leftprofile,tick=79,start_time=103134.720654,nthreads=107,
message=tick stats,tick=79,estimated_current_power=-nan,
end_task=,name=trsm_leftprofile,elapsed_seconds=0.769188,predicted_seconds=inf,time_percent_error=inf,nthreads=107,end_time=103135.490794,avg_power_W=138.937500,max_power_W=158.000000,avg_time_s=0.384594,released_listeners=1,
start_task=,name=trsm_rightprofile,tick=80,start_time=103135.490881,nthreads=107,
message=tick stats,tick=80,estimated_current_power=-nan,
end_task=,name=trsm_rightprofile,elapsed_seconds=0.523218,predicted_seconds=inf,time_percent_error=inf,nthreads=107,end_time=103136.014950,avg_power_W=147.200000,max_power_W=162.000000,avg_time_s=0.065402,released_listeners=1,
start_task=,name=trsm_leftprofile,tick=81,start_time=103136.015034,nthreads=107,
message=tick stats,tick=81,estimated_current_power=-nan,
end_task=,name=trsm_leftprofile,elapsed_seconds=0.804774,predicted_seconds=inf,time_percent_error=inf,nthreads=107,end_time=103136.820796,avg_power_W=141.500000,max_power_W=160.000000,avg_time_s=0.268258,released_listeners=1,
start_task=,name=trsm_rightprofile,tick=82,start_time=103136.820885,nthreads=107,
message=tick stats,tick=82,estimated_current_power=-nan,
end_task=,name=trsm_rightprofile,elapsed_seconds=0.548764,predicted_seconds=inf,time_percent_error=inf,nthreads=107,end_time=103137.371277,avg_power_W=149.181818,max_power_W=161.000000,avg_time_s=0.060974,released_listeners=1,
start_task=,name=trsm_left,tick=83,start_time=103137.371363,nthreads=107,
message=tick stats,tick=83,estimated_current_power=-nan,
end_task=,name=trsm_left,elapsed_seconds=0.367171,predicted_seconds=inf,time_percent_error=inf,nthreads=107,end_time=103137.740221,avg_power_W=139.125000,max_power_W=159.000000,avg_time_s=0.367171,released_listeners=4,
start_task=,name=trsm_right,tick=84,start_time=103137.740308,nthreads=107,
message=tick stats,tick=84,estimated_current_power=-nan,
end_task=,name=trsm_right,elapsed_seconds=0.084814,predicted_seconds=inf,time_percent_error=inf,nthreads=107,end_time=103137.840501,avg_power_W=136.000000,max_power_W=136.000000,avg_time_s=0.084814,released_listeners=4,
start_task=,name=trsm_left,tick=85,start_time=103137.840589,nthreads=107,
message=tick stats,tick=85,estimated_current_power=-nan,
end_task=,name=trsm_left,elapsed_seconds=0.417159,predicted_seconds=inf,time_percent_error=inf,nthreads=107,end_time=103138.258793,avg_power_W=137.875000,max_power_W=149.000000,avg_time_s=0.417159,released_listeners=4,
start_task=,name=trsm_right,tick=86,start_time=103138.258877,nthreads=107,
message=tick stats,tick=86,estimated_current_power=-nan,
end_task=,name=trsm_right,elapsed_seconds=0.115876,predicted_seconds=inf,time_percent_error=inf,nthreads=107,end_time=103138.390707,avg_power_W=137.000000,max_power_W=140.000000,avg_time_s=0.115876,released_listeners=4,
start_task=,name=trsm_left,tick=87,start_time=103138.390795,nthreads=107,
message=tick stats,tick=87,estimated_current_power=-nan,
end_task=,name=trsm_left,elapsed_seconds=0.324771,predicted_seconds=inf,time_percent_error=inf,nthreads=107,end_time=103138.717171,avg_power_W=137.166667,max_power_W=152.000000,avg_time_s=0.324771,released_listeners=4,
start_task=,name=trsm_right,tick=88,start_time=103138.717284,nthreads=107,
message=tick stats,tick=88,estimated_current_power=-nan,
end_task=,name=trsm_right,elapsed_seconds=0.085300,predicted_seconds=inf,time_percent_error=inf,nthreads=107,end_time=103138.803581,avg_power_W=135.500000,max_power_W=136.000000,avg_time_s=0.085300,released_listeners=4,
start_task=,name=trsm_left,tick=89,start_time=103138.803668,nthreads=107,
message=tick stats,tick=89,estimated_current_power=-nan,
end_task=,name=trsm_left,elapsed_seconds=0.381303,predicted_seconds=inf,time_percent_error=inf,nthreads=107,end_time=103139.191755,avg_power_W=136.875000,max_power_W=145.000000,avg_time_s=0.381303,released_listeners=4,
start_task=,name=trsm_right,tick=90,start_time=103139.191862,nthreads=107,
message=tick stats,tick=90,estimated_current_power=-nan,
end_task=,name=trsm_right,elapsed_seconds=0.084755,predicted_seconds=inf,time_percent_error=inf,nthreads=107,end_time=103139.290462,avg_power_W=138.000000,max_power_W=138.000000,avg_time_s=0.084755,released_listeners=4,
start_task=,name=lu_gemmprofile,tick=91,start_time=103139.290550,nthreads=107,
message=tick stats,tick=91,estimated_current_power=-nan,
end_task=,name=lu_gemmprofile,elapsed_seconds=0.550370,predicted_seconds=inf,time_percent_error=inf,nthreads=107,end_time=103139.842555,avg_power_W=154.818182,max_power_W=166.000000,avg_time_s=0.055037,released_listeners=1,
start_task=,name=lu_gemmprofile,tick=92,start_time=103139.842638,nthreads=107,
message=tick stats,tick=92,estimated_current_power=-nan,
end_task=,name=lu_gemmprofile,elapsed_seconds=0.533740,predicted_seconds=inf,time_percent_error=inf,nthreads=107,end_time=103140.390378,avg_power_W=159.000000,max_power_W=167.000000,avg_time_s=0.053374,released_listeners=1,
start_task=,name=lu_gemmprofile,tick=93,start_time=103140.390467,nthreads=107,
message=tick stats,tick=93,estimated_current_power=-nan,
end_task=,name=lu_gemmprofile,elapsed_seconds=0.532624,predicted_seconds=inf,time_percent_error=inf,nthreads=107,end_time=103140.940366,avg_power_W=157.090909,max_power_W=169.000000,avg_time_s=0.059180,released_listeners=1,
start_task=,name=lu_gemmprofile,tick=94,start_time=103140.940452,nthreads=107,
message=tick stats,tick=94,estimated_current_power=-nan,
end_task=,name=lu_gemmprofile,elapsed_seconds=0.553903,predicted_seconds=inf,time_percent_error=inf,nthreads=107,end_time=103141.496495,avg_power_W=157.545455,max_power_W=167.000000,avg_time_s=0.055390,released_listeners=1,
start_task=,name=lu_gemmprofile,tick=95,start_time=103141.496578,nthreads=107,
message=tick stats,tick=95,estimated_current_power=-nan,
end_task=,name=lu_gemmprofile,elapsed_seconds=0.552987,predicted_seconds=inf,time_percent_error=inf,nthreads=107,end_time=103142.051099,avg_power_W=160.000000,max_power_W=168.000000,avg_time_s=0.055299,released_listeners=1,
start_task=,name=lu_gemmprofile,tick=96,start_time=103142.051186,nthreads=107,
message=tick stats,tick=96,estimated_current_power=-nan,
end_task=,name=lu_gemmprofile,elapsed_seconds=0.561554,predicted_seconds=inf,time_percent_error=inf,nthreads=107,end_time=103142.614891,avg_power_W=154.090909,max_power_W=163.000000,avg_time_s=0.056155,released_listeners=1,
start_task=,name=lu_gemmprofile,tick=97,start_time=103142.614977,nthreads=107,
message=tick stats,tick=97,estimated_current_power=-nan,
end_task=,name=lu_gemmprofile,elapsed_seconds=0.570635,predicted_seconds=inf,time_percent_error=inf,nthreads=107,end_time=103143.190289,avg_power_W=155.000000,max_power_W=165.000000,avg_time_s=0.057064,released_listeners=1,
start_task=,name=lu_gemmprofile,tick=98,start_time=103143.190371,nthreads=107,
message=tick stats,tick=98,estimated_current_power=-nan,
end_task=,name=lu_gemmprofile,elapsed_seconds=0.523463,predicted_seconds=inf,time_percent_error=inf,nthreads=107,end_time=103143.714785,avg_power_W=156.100000,max_power_W=166.000000,avg_time_s=0.058163,released_listeners=1,
start_task=,name=lu_gemmprofile,tick=99,start_time=103143.714869,nthreads=107,
message=tick stats,tick=99,estimated_current_power=-nan,
end_task=,name=lu_gemmprofile,elapsed_seconds=0.538717,predicted_seconds=inf,time_percent_error=inf,nthreads=107,end_time=103144.255089,avg_power_W=156.545455,max_power_W=166.000000,avg_time_s=0.053872,released_listeners=1,
start_task=,name=lu_gemmprofile,tick=100,start_time=103144.255176,nthreads=107,
message=tick stats,tick=100,estimated_current_power=-nan,
end_task=,name=lu_gemmprofile,elapsed_seconds=0.533552,predicted_seconds=inf,time_percent_error=inf,nthreads=107,end_time=103144.790234,avg_power_W=157.454545,max_power_W=171.000000,avg_time_s=0.053355,released_listeners=1,
start_task=,name=lu_gemmprofile,tick=101,start_time=103144.790320,nthreads=107,
message=tick stats,tick=101,estimated_current_power=-nan,
end_task=,name=lu_gemmprofile,elapsed_seconds=0.553425,predicted_seconds=inf,time_percent_error=inf,nthreads=107,end_time=103145.345438,avg_power_W=158.181818,max_power_W=168.000000,avg_time_s=0.055342,released_listeners=1,
start_task=,name=lu_gemmprofile,tick=102,start_time=103145.345521,nthreads=107,
message=tick stats,tick=102,estimated_current_power=-nan,
end_task=,name=lu_gemmprofile,elapsed_seconds=0.549552,predicted_seconds=inf,time_percent_error=inf,nthreads=107,end_time=103145.896648,avg_power_W=156.818182,max_power_W=165.000000,avg_time_s=0.054955,released_listeners=1,
start_task=,name=lu_gemmprofile,tick=103,start_time=103145.896732,nthreads=107,
message=tick stats,tick=103,estimated_current_power=-nan,
end_task=,name=lu_gemmprofile,elapsed_seconds=0.583476,predicted_seconds=inf,time_percent_error=inf,nthreads=107,end_time=103146.490113,avg_power_W=152.166667,max_power_W=163.000000,avg_time_s=0.058348,released_listeners=1,
start_task=,name=lu_gemmprofile,tick=104,start_time=103146.490208,nthreads=107,
message=tick stats,tick=104,estimated_current_power=-nan,
end_task=,name=lu_gemmprofile,elapsed_seconds=0.523452,predicted_seconds=inf,time_percent_error=inf,nthreads=107,end_time=103147.015244,avg_power_W=157.000000,max_power_W=168.000000,avg_time_s=0.052345,released_listeners=1,
start_task=,name=lu_gemmprofile,tick=105,start_time=103147.015337,nthreads=107,
message=tick stats,tick=105,estimated_current_power=-nan,
end_task=,name=lu_gemmprofile,elapsed_seconds=0.567996,predicted_seconds=inf,time_percent_error=inf,nthreads=107,end_time=103147.590534,avg_power_W=158.416667,max_power_W=167.000000,avg_time_s=0.051636,released_listeners=1,
start_task=,name=lu_gemmprofile,tick=106,start_time=103147.590623,nthreads=107,
message=tick stats,tick=106,estimated_current_power=-nan,
end_task=,name=lu_gemmprofile,elapsed_seconds=0.554049,predicted_seconds=inf,time_percent_error=inf,nthreads=107,end_time=103148.145475,avg_power_W=156.272727,max_power_W=166.000000,avg_time_s=0.050368,released_listeners=1,
start_task=,name=lu_gemm,tick=107,start_time=103148.145561,nthreads=107,
message=tick stats,tick=107,estimated_current_power=-nan,
end_task=,name=lu_gemm,elapsed_seconds=0.098244,predicted_seconds=inf,time_percent_error=inf,nthreads=107,end_time=103148.244665,avg_power_W=154.000000,max_power_W=162.000000,avg_time_s=0.098244,released_listeners=1,
start_task=,name=lu_gemm,tick=108,start_time=103148.244748,nthreads=107,
message=tick stats,tick=108,estimated_current_power=-nan,
end_task=,name=lu_gemm,elapsed_seconds=0.108036,predicted_seconds=inf,time_percent_error=inf,nthreads=107,end_time=103148.353593,avg_power_W=143.000000,max_power_W=152.000000,avg_time_s=0.108036,released_listeners=1,
start_task=,name=lu_gemm,tick=109,start_time=103148.353677,nthreads=107,
message=tick stats,tick=109,estimated_current_power=-nan,
end_task=,name=lu_gemm,elapsed_seconds=0.100933,predicted_seconds=inf,time_percent_error=inf,nthreads=107,end_time=103148.455426,avg_power_W=148.000000,max_power_W=161.000000,avg_time_s=0.100933,released_listeners=1,
start_task=,name=lu_gemm,tick=110,start_time=103148.455510,nthreads=107,
message=tick stats,tick=110,estimated_current_power=-nan,
end_task=,name=lu_gemm,elapsed_seconds=0.120776,predicted_seconds=inf,time_percent_error=inf,nthreads=107,end_time=103148.590272,avg_power_W=143.666667,max_power_W=162.000000,avg_time_s=0.120776,released_listeners=0,
start_task=,name=lu_gemm,tick=111,start_time=103148.590358,nthreads=107,
message=tick stats,tick=111,estimated_current_power=-nan,
end_task=,name=lu_gemm,elapsed_seconds=0.111898,predicted_seconds=inf,time_percent_error=inf,nthreads=107,end_time=103148.703669,avg_power_W=141.000000,max_power_W=145.000000,avg_time_s=0.111898,released_listeners=1,
start_task=,name=lu_gemm,tick=112,start_time=103148.703752,nthreads=107,
message=tick stats,tick=112,estimated_current_power=-nan,
end_task=,name=lu_gemm,elapsed_seconds=0.111805,predicted_seconds=inf,time_percent_error=inf,nthreads=107,end_time=103148.816501,avg_power_W=138.500000,max_power_W=151.000000,avg_time_s=0.111805,released_listeners=0,
start_task=,name=lu_gemm,tick=113,start_time=103148.816584,nthreads=107,
message=tick stats,tick=113,estimated_current_power=-nan,
end_task=,name=lu_gemm,elapsed_seconds=0.119184,predicted_seconds=inf,time_percent_error=inf,nthreads=107,end_time=103148.940198,avg_power_W=144.666667,max_power_W=164.000000,avg_time_s=0.119184,released_listeners=1,
start_task=,name=lu_gemm,tick=114,start_time=103148.940325,nthreads=107,
message=tick stats,tick=114,estimated_current_power=-nan,
end_task=,name=lu_gemm,elapsed_seconds=0.125399,predicted_seconds=inf,time_percent_error=inf,nthreads=107,end_time=103149.066573,avg_power_W=147.500000,max_power_W=153.000000,avg_time_s=0.125399,released_listeners=0,
start_task=,name=lu_gemm,tick=115,start_time=103149.066657,nthreads=107,
message=tick stats,tick=115,estimated_current_power=-nan,
end_task=,name=lu_gemm,elapsed_seconds=0.122432,predicted_seconds=inf,time_percent_error=inf,nthreads=107,end_time=103149.190037,avg_power_W=138.666667,max_power_W=152.000000,avg_time_s=0.122432,released_listeners=0,
start_task=,name=lu_gemm,tick=116,start_time=103149.190137,nthreads=107,
message=tick stats,tick=116,estimated_current_power=-nan,
end_task=,name=lu_gemm,elapsed_seconds=0.128344,predicted_seconds=inf,time_percent_error=inf,nthreads=107,end_time=103149.319802,avg_power_W=134.500000,max_power_W=142.000000,avg_time_s=0.128344,released_listeners=1,
start_task=,name=lu_gemm,tick=117,start_time=103149.319887,nthreads=107,
message=tick stats,tick=117,estimated_current_power=-nan,
end_task=,name=lu_gemm,elapsed_seconds=0.134151,predicted_seconds=inf,time_percent_error=inf,nthreads=107,end_time=103149.454873,avg_power_W=142.666667,max_power_W=160.000000,avg_time_s=0.134151,released_listeners=0,
start_task=,name=lu_gemm,tick=118,start_time=103149.454958,nthreads=107,
message=tick stats,tick=118,estimated_current_power=-nan,
end_task=,name=lu_gemm,elapsed_seconds=0.131600,predicted_seconds=inf,time_percent_error=inf,nthreads=107,end_time=103149.590308,avg_power_W=132.333333,max_power_W=149.000000,avg_time_s=0.131600,released_listeners=0,
start_task=,name=lu_gemm,tick=119,start_time=103149.590392,nthreads=107,
message=tick stats,tick=119,estimated_current_power=-nan,
end_task=,name=lu_gemm,elapsed_seconds=0.125046,predicted_seconds=inf,time_percent_error=inf,nthreads=107,end_time=103149.716874,avg_power_W=141.000000,max_power_W=143.000000,avg_time_s=0.125046,released_listeners=1,
start_task=,name=lu_gemm,tick=120,start_time=103149.716958,nthreads=107,
message=tick stats,tick=120,estimated_current_power=-nan,
end_task=,name=lu_gemm,elapsed_seconds=0.126594,predicted_seconds=inf,time_percent_error=inf,nthreads=107,end_time=103149.844362,avg_power_W=132.000000,max_power_W=155.000000,avg_time_s=0.126594,released_listeners=0,
start_task=,name=lu_gemm,tick=121,start_time=103149.844444,nthreads=107,
message=tick stats,tick=121,estimated_current_power=-nan,
end_task=,name=lu_gemm,elapsed_seconds=0.129842,predicted_seconds=inf,time_percent_error=inf,nthreads=107,end_time=103149.990094,avg_power_W=128.666667,max_power_W=141.000000,avg_time_s=0.129842,released_listeners=0,
start_task=,name=lu_gemm,tick=122,start_time=103149.990191,nthreads=107,
message=tick stats,tick=122,estimated_current_power=-nan,
end_task=,name=lu_gemm,elapsed_seconds=0.124391,predicted_seconds=inf,time_percent_error=inf,nthreads=107,end_time=103150.115440,avg_power_W=147.000000,max_power_W=152.000000,avg_time_s=0.124391,released_listeners=0,
start_task=,name=getrfprofile,tick=123,start_time=103150.115523,nthreads=107,
message=tick stats,tick=123,estimated_current_power=-nan,
end_task=,name=getrfprofile,elapsed_seconds=0.525880,predicted_seconds=inf,time_percent_error=inf,nthreads=107,end_time=103150.643846,avg_power_W=145.909091,max_power_W=152.000000,avg_time_s=0.175293,released_listeners=1,
start_task=,name=getrf,tick=124,start_time=103150.643929,nthreads=107,
message=tick stats,tick=124,estimated_current_power=-nan,
end_task=,name=getrf,elapsed_seconds=0.158502,predicted_seconds=inf,time_percent_error=inf,nthreads=107,end_time=103150.803799,avg_power_W=146.000000,max_power_W=150.000000,avg_time_s=0.158502,released_listeners=6,
start_task=,name=trsm_leftprofile,tick=125,start_time=103150.803883,nthreads=107,
message=tick stats,tick=125,estimated_current_power=-nan,
end_task=,name=trsm_leftprofile,elapsed_seconds=0.874552,predicted_seconds=inf,time_percent_error=inf,nthreads=107,end_time=103151.690717,avg_power_W=138.777778,max_power_W=151.000000,avg_time_s=0.437276,released_listeners=1,
start_task=,name=trsm_rightprofile,tick=126,start_time=103151.690804,nthreads=107,
message=tick stats,tick=126,estimated_current_power=-nan,
end_task=,name=trsm_rightprofile,elapsed_seconds=0.529016,predicted_seconds=inf,time_percent_error=inf,nthreads=107,end_time=103152.220696,avg_power_W=148.400000,max_power_W=155.000000,avg_time_s=0.058780,released_listeners=1,
start_task=,name=trsm_leftprofile,tick=127,start_time=103152.220779,nthreads=107,
message=tick stats,tick=127,estimated_current_power=-nan,
end_task=,name=trsm_leftprofile,elapsed_seconds=0.619227,predicted_seconds=inf,time_percent_error=inf,nthreads=107,end_time=103152.841106,avg_power_W=140.923077,max_power_W=155.000000,avg_time_s=0.309613,released_listeners=1,
start_task=,name=trsm_rightprofile,tick=128,start_time=103152.841216,nthreads=107,
message=tick stats,tick=128,estimated_current_power=-nan,
end_task=,name=trsm_rightprofile,elapsed_seconds=0.528556,predicted_seconds=inf,time_percent_error=inf,nthreads=107,end_time=103153.370579,avg_power_W=148.400000,max_power_W=158.000000,avg_time_s=0.058728,released_listeners=1,
start_task=,name=trsm_leftprofile,tick=129,start_time=103153.370665,nthreads=107,
message=tick stats,tick=129,estimated_current_power=-nan,
end_task=,name=trsm_leftprofile,elapsed_seconds=0.548377,predicted_seconds=inf,time_percent_error=inf,nthreads=107,end_time=103153.920494,avg_power_W=142.454545,max_power_W=159.000000,avg_time_s=0.274188,released_listeners=1,
start_task=,name=trsm_rightprofile,tick=130,start_time=103153.920577,nthreads=107,
message=tick stats,tick=130,estimated_current_power=-nan,
end_task=,name=trsm_rightprofile,elapsed_seconds=0.549109,predicted_seconds=inf,time_percent_error=inf,nthreads=107,end_time=103154.470545,avg_power_W=148.363636,max_power_W=157.000000,avg_time_s=0.061012,released_listeners=1,
start_task=,name=trsm_left,tick=131,start_time=103154.470632,nthreads=107,
message=tick stats,tick=131,estimated_current_power=-nan,
end_task=,name=trsm_left,elapsed_seconds=0.465370,predicted_seconds=inf,time_percent_error=inf,nthreads=107,end_time=103154.940831,avg_power_W=132.600000,max_power_W=145.000000,avg_time_s=0.465370,released_listeners=3,
start_task=,name=trsm_right,tick=132,start_time=103154.940922,nthreads=107,
message=tick stats,tick=132,estimated_current_power=-nan,
end_task=,name=trsm_right,elapsed_seconds=0.079327,predicted_seconds=inf,time_percent_error=inf,nthreads=107,end_time=103155.021112,avg_power_W=129.000000,max_power_W=129.000000,avg_time_s=0.079327,released_listeners=3,
start_task=,name=trsm_left,tick=133,start_time=103155.021212,nthreads=107,
message=tick stats,tick=133,estimated_current_power=-nan,
end_task=,name=trsm_left,elapsed_seconds=0.420631,predicted_seconds=inf,time_percent_error=inf,nthreads=107,end_time=103155.442667,avg_power_W=137.333333,max_power_W=146.000000,avg_time_s=0.420631,released_listeners=3,
start_task=,name=trsm_right,tick=134,start_time=103155.442754,nthreads=107,
message=tick stats,tick=134,estimated_current_power=-nan,
end_task=,name=trsm_right,elapsed_seconds=0.084333,predicted_seconds=inf,time_percent_error=inf,nthreads=107,end_time=103155.539722,avg_power_W=141.500000,max_power_W=143.000000,avg_time_s=0.084333,released_listeners=3,
start_task=,name=trsm_left,tick=135,start_time=103155.539811,nthreads=107,
message=tick stats,tick=135,estimated_current_power=-nan,
end_task=,name=trsm_left,elapsed_seconds=0.360861,predicted_seconds=inf,time_percent_error=inf,nthreads=107,end_time=103155.902004,avg_power_W=137.857143,max_power_W=155.000000,avg_time_s=0.360861,released_listeners=3,
start_task=,name=trsm_right,tick=136,start_time=103155.902091,nthreads=107,
message=tick stats,tick=136,estimated_current_power=-nan,
end_task=,name=trsm_right,elapsed_seconds=0.086836,predicted_seconds=inf,time_percent_error=inf,nthreads=107,end_time=103155.990068,avg_power_W=139.000000,max_power_W=146.000000,avg_time_s=0.086836,released_listeners=3,
start_task=,name=lu_gemmprofile,tick=137,start_time=103155.990161,nthreads=107,
message=tick stats,tick=137,estimated_current_power=-nan,
end_task=,name=lu_gemmprofile,elapsed_seconds=0.535430,predicted_seconds=inf,time_percent_error=inf,nthreads=107,end_time=103156.539955,avg_power_W=151.454545,max_power_W=163.000000,avg_time_s=0.059492,released_listeners=1,
start_task=,name=lu_gemmprofile,tick=138,start_time=103156.540041,nthreads=107,
message=tick stats,tick=138,estimated_current_power=-nan,
end_task=,name=lu_gemmprofile,elapsed_seconds=0.538056,predicted_seconds=inf,time_percent_error=inf,nthreads=107,end_time=103157.089665,avg_power_W=156.363636,max_power_W=166.000000,avg_time_s=0.053806,released_listeners=1,
start_task=,name=lu_gemmprofile,tick=139,start_time=103157.089754,nthreads=107,
message=tick stats,tick=139,estimated_current_power=-nan,
end_task=,name=lu_gemmprofile,elapsed_seconds=0.544126,predicted_seconds=inf,time_percent_error=inf,nthreads=107,end_time=103157.639719,avg_power_W=151.545455,max_power_W=159.000000,avg_time_s=0.054413,released_listeners=1,
start_task=,name=lu_gemmprofile,tick=140,start_time=103157.639806,nthreads=107,
message=tick stats,tick=140,estimated_current_power=-nan,
end_task=,name=lu_gemmprofile,elapsed_seconds=0.535047,predicted_seconds=inf,time_percent_error=inf,nthreads=107,end_time=103158.189674,avg_power_W=148.636364,max_power_W=159.000000,avg_time_s=0.059450,released_listeners=1,
start_task=,name=lu_gemmprofile,tick=141,start_time=103158.189761,nthreads=107,
message=tick stats,tick=141,estimated_current_power=-nan,
end_task=,name=lu_gemmprofile,elapsed_seconds=0.565468,predicted_seconds=inf,time_percent_error=inf,nthreads=107,end_time=103158.756624,avg_power_W=154.545455,max_power_W=167.000000,avg_time_s=0.062830,released_listeners=1,
start_task=,name=lu_gemmprofile,tick=142,start_time=103158.756710,nthreads=107,
message=tick stats,tick=142,estimated_current_power=-nan,
end_task=,name=lu_gemmprofile,elapsed_seconds=0.566263,predicted_seconds=inf,time_percent_error=inf,nthreads=107,end_time=103159.339857,avg_power_W=148.333333,max_power_W=160.000000,avg_time_s=0.062918,released_listeners=1,
start_task=,name=lu_gemmprofile,tick=143,start_time=103159.339946,nthreads=107,
message=tick stats,tick=143,estimated_current_power=-nan,
end_task=,name=lu_gemmprofile,elapsed_seconds=0.551934,predicted_seconds=inf,time_percent_error=inf,nthreads=107,end_time=103159.893293,avg_power_W=152.090909,max_power_W=163.000000,avg_time_s=0.055193,released_listeners=1,
start_task=,name=lu_gemmprofile,tick=144,start_time=103159.893379,nthreads=107,
message=tick stats,tick=144,estimated_current_power=-nan,
end_task=,name=lu_gemmprofile,elapsed_seconds=0.550637,predicted_seconds=inf,time_percent_error=inf,nthreads=107,end_time=103160.444798,avg_power_W=151.090909,max_power_W=160.000000,avg_time_s=0.055064,released_listeners=1,
start_task=,name=lu_gemmprofile,tick=145,start_time=103160.444883,nthreads=107,
message=tick stats,tick=145,estimated_current_power=-nan,
end_task=,name=lu_gemmprofile,elapsed_seconds=0.535078,predicted_seconds=inf,time_percent_error=inf,nthreads=107,end_time=103160.989887,avg_power_W=152.636364,max_power_W=162.000000,avg_time_s=0.053508,released_listeners=1,
start_task=,name=lu_gemm,tick=146,start_time=103160.990013,nthreads=107,
message=tick stats,tick=146,estimated_current_power=-nan,
end_task=,name=lu_gemm,elapsed_seconds=0.107091,predicted_seconds=inf,time_percent_error=inf,nthreads=107,end_time=103161.098485,avg_power_W=138.500000,max_power_W=146.000000,avg_time_s=0.107091,released_listeners=1,
start_task=,name=lu_gemm,tick=147,start_time=103161.098572,nthreads=107,
message=tick stats,tick=147,estimated_current_power=-nan,
end_task=,name=lu_gemm,elapsed_seconds=0.108794,predicted_seconds=inf,time_percent_error=inf,nthreads=107,end_time=103161.208302,avg_power_W=135.000000,max_power_W=143.000000,avg_time_s=0.108794,released_listeners=1,
start_task=,name=lu_gemm,tick=148,start_time=103161.208386,nthreads=107,
message=tick stats,tick=148,estimated_current_power=-nan,
end_task=,name=lu_gemm,elapsed_seconds=0.145564,predicted_seconds=inf,time_percent_error=inf,nthreads=107,end_time=103161.354729,avg_power_W=139.000000,max_power_W=154.000000,avg_time_s=0.145564,released_listeners=1,
start_task=,name=lu_gemm,tick=149,start_time=103161.354813,nthreads=107,
message=tick stats,tick=149,estimated_current_power=-nan,
end_task=,name=lu_gemm,elapsed_seconds=0.124629,predicted_seconds=inf,time_percent_error=inf,nthreads=107,end_time=103161.489725,avg_power_W=131.333333,max_power_W=137.000000,avg_time_s=0.124629,released_listeners=0,
start_task=,name=lu_gemm,tick=150,start_time=103161.489815,nthreads=107,
message=tick stats,tick=150,estimated_current_power=-nan,
end_task=,name=lu_gemm,elapsed_seconds=0.119074,predicted_seconds=inf,time_percent_error=inf,nthreads=107,end_time=103161.609617,avg_power_W=142.500000,max_power_W=153.000000,avg_time_s=0.119074,released_listeners=1,
start_task=,name=lu_gemm,tick=151,start_time=103161.609713,nthreads=107,
message=tick stats,tick=151,estimated_current_power=-nan,
end_task=,name=lu_gemm,elapsed_seconds=0.127606,predicted_seconds=inf,time_percent_error=inf,nthreads=107,end_time=103161.740134,avg_power_W=136.000000,max_power_W=154.000000,avg_time_s=0.127606,released_listeners=0,
start_task=,name=lu_gemm,tick=152,start_time=103161.740259,nthreads=107,
message=tick stats,tick=152,estimated_current_power=-nan,
end_task=,name=lu_gemm,elapsed_seconds=0.119190,predicted_seconds=inf,time_percent_error=inf,nthreads=107,end_time=103161.860291,avg_power_W=127.000000,max_power_W=129.000000,avg_time_s=0.119190,released_listeners=1,
start_task=,name=lu_gemm,tick=153,start_time=103161.860375,nthreads=107,
message=tick stats,tick=153,estimated_current_power=-nan,
end_task=,name=lu_gemm,elapsed_seconds=0.116326,predicted_seconds=inf,time_percent_error=inf,nthreads=107,end_time=103161.989946,avg_power_W=134.666667,max_power_W=155.000000,avg_time_s=0.116326,released_listeners=0,
start_task=,name=lu_gemm,tick=154,start_time=103161.990032,nthreads=107,
message=tick stats,tick=154,estimated_current_power=-nan,
end_task=,name=lu_gemm,elapsed_seconds=0.121602,predicted_seconds=inf,time_percent_error=inf,nthreads=107,end_time=103162.112985,avg_power_W=141.000000,max_power_W=145.000000,avg_time_s=0.121602,released_listeners=0,
start_task=,name=getrfprofile,tick=155,start_time=103162.113070,nthreads=107,
message=tick stats,tick=155,estimated_current_power=-nan,
end_task=,name=getrfprofile,elapsed_seconds=0.632592,predicted_seconds=inf,time_percent_error=inf,nthreads=107,end_time=103162.746445,avg_power_W=140.000000,max_power_W=150.000000,avg_time_s=0.158148,released_listeners=1,
start_task=,name=getrf,tick=156,start_time=103162.746527,nthreads=107,
message=tick stats,tick=156,estimated_current_power=-nan,
end_task=,name=getrf,elapsed_seconds=0.174699,predicted_seconds=inf,time_percent_error=inf,nthreads=107,end_time=103162.922604,avg_power_W=139.000000,max_power_W=142.000000,avg_time_s=0.174699,released_listeners=4,
start_task=,name=trsm_leftprofile,tick=157,start_time=103162.922687,nthreads=107,
message=tick stats,tick=157,estimated_current_power=-nan,
end_task=,name=trsm_leftprofile,elapsed_seconds=0.787288,predicted_seconds=inf,time_percent_error=inf,nthreads=107,end_time=103163.711559,avg_power_W=136.500000,max_power_W=147.000000,avg_time_s=0.393644,released_listeners=1,
start_task=,name=trsm_rightprofile,tick=158,start_time=103163.711641,nthreads=107,
message=tick stats,tick=158,estimated_current_power=-nan,
end_task=,name=trsm_rightprofile,elapsed_seconds=0.588184,predicted_seconds=inf,time_percent_error=inf,nthreads=107,end_time=103164.301351,avg_power_W=147.833333,max_power_W=160.000000,avg_time_s=0.073523,released_listeners=1,
start_task=,name=trsm_leftprofile,tick=159,start_time=103164.301436,nthreads=107,
message=tick stats,tick=159,estimated_current_power=-nan,
end_task=,name=trsm_leftprofile,elapsed_seconds=0.648319,predicted_seconds=inf,time_percent_error=inf,nthreads=107,end_time=103164.959108,avg_power_W=135.615385,max_power_W=146.000000,avg_time_s=0.324159,released_listeners=1,
start_task=,name=trsm_rightprofile,tick=160,start_time=103164.959243,nthreads=107,
message=tick stats,tick=160,estimated_current_power=-nan,
end_task=,name=trsm_rightprofile,elapsed_seconds=0.550294,predicted_seconds=inf,time_percent_error=inf,nthreads=107,end_time=103165.511105,avg_power_W=150.636364,max_power_W=163.000000,avg_time_s=0.061144,released_listeners=1,
start_task=,name=trsm_left,tick=161,start_time=103165.511197,nthreads=107,
message=tick stats,tick=161,estimated_current_power=-nan,
end_task=,name=trsm_left,elapsed_seconds=0.363263,predicted_seconds=inf,time_percent_error=inf,nthreads=107,end_time=103165.890538,avg_power_W=141.750000,max_power_W=160.000000,avg_time_s=0.363263,released_listeners=2,
start_task=,name=trsm_right,tick=162,start_time=103165.890628,nthreads=107,
message=tick stats,tick=162,estimated_current_power=-nan,
end_task=,name=trsm_right,elapsed_seconds=0.082557,predicted_seconds=inf,time_percent_error=inf,nthreads=107,end_time=103165.990720,avg_power_W=138.500000,max_power_W=140.000000,avg_time_s=0.082557,released_listeners=2,
start_task=,name=trsm_left,tick=163,start_time=103165.990810,nthreads=107,
message=tick stats,tick=163,estimated_current_power=-nan,
end_task=,name=trsm_left,elapsed_seconds=0.346975,predicted_seconds=inf,time_percent_error=inf,nthreads=107,end_time=103166.341288,avg_power_W=137.285714,max_power_W=151.000000,avg_time_s=0.346975,released_listeners=2,
start_task=,name=trsm_right,tick=164,start_time=103166.341376,nthreads=107,
message=tick stats,tick=164,estimated_current_power=-nan,
end_task=,name=trsm_right,elapsed_seconds=0.109565,predicted_seconds=inf,time_percent_error=inf,nthreads=107,end_time=103166.452512,avg_power_W=140.500000,max_power_W=142.000000,avg_time_s=0.109565,released_listeners=2,
start_task=,name=lu_gemmprofile,tick=165,start_time=103166.452596,nthreads=107,
message=tick stats,tick=165,estimated_current_power=-nan,
end_task=,name=lu_gemmprofile,elapsed_seconds=0.562979,predicted_seconds=inf,time_percent_error=inf,nthreads=107,end_time=103167.017224,avg_power_W=152.545455,max_power_W=167.000000,avg_time_s=0.062553,released_listeners=1,
start_task=,name=lu_gemmprofile,tick=166,start_time=103167.017309,nthreads=107,
message=tick stats,tick=166,estimated_current_power=-nan,
end_task=,name=lu_gemmprofile,elapsed_seconds=0.557909,predicted_seconds=inf,time_percent_error=inf,nthreads=107,end_time=103167.590427,avg_power_W=157.750000,max_power_W=166.000000,avg_time_s=0.055791,released_listeners=1,
start_task=,name=lu_gemmprofile,tick=167,start_time=103167.590516,nthreads=107,
message=tick stats,tick=167,estimated_current_power=-nan,
end_task=,name=lu_gemmprofile,elapsed_seconds=0.546112,predicted_seconds=inf,time_percent_error=inf,nthreads=107,end_time=103168.140774,avg_power_W=156.909091,max_power_W=165.000000,avg_time_s=0.054611,released_listeners=1,
start_task=,name=lu_gemmprofile,tick=168,start_time=103168.140861,nthreads=107,
message=tick stats,tick=168,estimated_current_power=-nan,
end_task=,name=lu_gemmprofile,elapsed_seconds=0.535403,predicted_seconds=inf,time_percent_error=inf,nthreads=107,end_time=103168.690309,avg_power_W=156.363636,max_power_W=167.000000,avg_time_s=0.053540,released_listeners=1,
start_task=,name=lu_gemm,tick=169,start_time=103168.690398,nthreads=107,
message=tick stats,tick=169,estimated_current_power=-nan,
end_task=,name=lu_gemm,elapsed_seconds=0.106959,predicted_seconds=inf,time_percent_error=inf,nthreads=107,end_time=103168.798157,avg_power_W=154.000000,max_power_W=169.000000,avg_time_s=0.106959,released_listeners=1,
start_task=,name=lu_gemm,tick=170,start_time=103168.798257,nthreads=107,
message=tick stats,tick=170,estimated_current_power=-nan,
end_task=,name=lu_gemm,elapsed_seconds=0.143133,predicted_seconds=inf,time_percent_error=inf,nthreads=107,end_time=103168.942188,avg_power_W=143.333333,max_power_W=157.000000,avg_time_s=0.143133,released_listeners=1,
start_task=,name=lu_gemm,tick=171,start_time=103168.942307,nthreads=107,
message=tick stats,tick=171,estimated_current_power=-nan,
end_task=,name=lu_gemm,elapsed_seconds=0.133340,predicted_seconds=inf,time_percent_error=inf,nthreads=107,end_time=103169.090408,avg_power_W=136.333333,max_power_W=141.000000,avg_time_s=0.133340,released_listeners=1,
start_task=,name=lu_gemm,tick=172,start_time=103169.090496,nthreads=107,
message=tick stats,tick=172,estimated_current_power=-nan,
end_task=,name=lu_gemm,elapsed_seconds=0.118003,predicted_seconds=inf,time_percent_error=inf,nthreads=107,end_time=103169.210815,avg_power_W=143.500000,max_power_W=150.000000,avg_time_s=0.118003,released_listeners=0,
start_task=,name=getrfprofile,tick=173,start_time=103169.210898,nthreads=107,
message=tick stats,tick=173,estimated_current_power=-nan,
end_task=,name=getrfprofile,elapsed_seconds=0.551505,predicted_seconds=inf,time_percent_error=inf,nthreads=107,end_time=103169.763973,avg_power_W=145.454545,max_power_W=152.000000,avg_time_s=0.183835,released_listeners=1,
start_task=,name=getrf,tick=174,start_time=103169.764069,nthreads=107,
message=tick stats,tick=174,estimated_current_power=-nan,
end_task=,name=getrf,elapsed_seconds=0.164757,predicted_seconds=inf,time_percent_error=inf,nthreads=107,end_time=103169.940003,avg_power_W=145.500000,max_power_W=150.000000,avg_time_s=0.164757,released_listeners=2,
start_task=,name=trsm_leftprofile,tick=175,start_time=103169.940090,nthreads=107,
message=tick stats,tick=175,estimated_current_power=-nan,
end_task=,name=trsm_leftprofile,elapsed_seconds=0.899902,predicted_seconds=inf,time_percent_error=inf,nthreads=107,end_time=103170.841745,avg_power_W=134.722222,max_power_W=144.000000,avg_time_s=0.449951,released_listeners=1,
start_task=,name=trsm_rightprofile,tick=176,start_time=103170.841829,nthreads=107,
message=tick stats,tick=176,estimated_current_power=-nan,
end_task=,name=trsm_rightprofile,elapsed_seconds=0.577888,predicted_seconds=inf,time_percent_error=inf,nthreads=107,end_time=103171.422821,avg_power_W=146.454545,max_power_W=154.000000,avg_time_s=0.064210,released_listeners=1,
start_task=,name=trsm_left,tick=177,start_time=103171.422907,nthreads=107,
message=tick stats,tick=177,estimated_current_power=-nan,
end_task=,name=trsm_left,elapsed_seconds=0.320904,predicted_seconds=inf,time_percent_error=inf,nthreads=107,end_time=103171.745343,avg_power_W=141.000000,max_power_W=155.000000,avg_time_s=0.320904,released_listeners=1,
start_task=,name=trsm_right,tick=178,start_time=103171.745427,nthreads=107,
message=tick stats,tick=178,estimated_current_power=-nan,
end_task=,name=trsm_right,elapsed_seconds=0.087242,predicted_seconds=inf,time_percent_error=inf,nthreads=107,end_time=103171.840463,avg_power_W=141.500000,max_power_W=145.000000,avg_time_s=0.087242,released_listeners=1,
start_task=,name=lu_gemmprofile,tick=179,start_time=103171.840551,nthreads=107,
message=tick stats,tick=179,estimated_current_power=-nan,
end_task=,name=lu_gemmprofile,elapsed_seconds=0.556937,predicted_seconds=inf,time_percent_error=inf,nthreads=107,end_time=103172.399100,avg_power_W=159.545455,max_power_W=169.000000,avg_time_s=0.055694,released_listeners=1,
start_task=,name=lu_gemm,tick=180,start_time=103172.399192,nthreads=107,
message=tick stats,tick=180,estimated_current_power=-nan,
end_task=,name=lu_gemm,elapsed_seconds=0.114530,predicted_seconds=inf,time_percent_error=inf,nthreads=107,end_time=103172.514738,avg_power_W=154.500000,max_power_W=156.000000,avg_time_s=0.114530,released_listeners=1,
start_task=,name=getrfprofile,tick=181,start_time=103172.514822,nthreads=107,
message=tick stats,tick=181,estimated_current_power=-nan,
end_task=,name=getrfprofile,elapsed_seconds=0.527760,predicted_seconds=inf,time_percent_error=inf,nthreads=107,end_time=103173.043579,avg_power_W=145.181818,max_power_W=153.000000,avg_time_s=0.175920,released_listeners=1,
start_task=,name=getrf,tick=182,start_time=103173.043663,nthreads=107,
message=tick stats,tick=182,estimated_current_power=-nan,
end_task=,name=getrf,elapsed_seconds=0.155930,predicted_seconds=inf,time_percent_error=inf,nthreads=107,end_time=103173.201188,avg_power_W=141.000000,max_power_W=143.000000,avg_time_s=0.155930,released_listeners=0,
est_max_power=inf,
average_power_W=141.000000,
max_power_W=143.000000,
time_s=68.478037,
message=ALL DONE,
