message=cataloging configuration,max_threads=98,power_limit=inf,
start_task=,name=getrfprofile,tick=1,start_time=101728.062520,nthreads=98,
message=tick stats,tick=1,estimated_current_power=inf,
end_task=,name=getrfprofile,elapsed_seconds=1.028668,predicted_seconds=inf,time_percent_error=inf,nthreads=98,end_time=101729.093774,avg_power_W=124.250000,max_power_W=139.000000,avg_time_s=1.028668,released_listeners=1,
start_task=,name=getrf,tick=2,start_time=101729.093861,nthreads=98,
message=tick stats,tick=2,estimated_current_power=-nan,
end_task=,name=getrf,elapsed_seconds=0.182345,predicted_seconds=inf,time_percent_error=inf,nthreads=98,end_time=101729.278893,avg_power_W=135.500000,max_power_W=140.000000,avg_time_s=0.182345,released_listeners=10,
start_task=,name=trsm_leftprofile,tick=3,start_time=101729.278973,nthreads=98,
message=tick stats,tick=3,estimated_current_power=-nan,
end_task=,name=trsm_leftprofile,elapsed_seconds=0.912210,predicted_seconds=inf,time_percent_error=inf,nthreads=98,end_time=101730.191830,avg_power_W=128.888889,max_power_W=133.000000,avg_time_s=0.456105,released_listeners=1,
start_task=,name=trsm_leftprofile,tick=4,start_time=101730.191904,nthreads=98,
message=tick stats,tick=4,estimated_current_power=-nan,
end_task=,name=trsm_leftprofile,elapsed_seconds=0.906283,predicted_seconds=inf,time_percent_error=inf,nthreads=98,end_time=101731.100607,avg_power_W=131.500000,max_power_W=138.000000,avg_time_s=0.453142,released_listeners=1,
start_task=,name=trsm_rightprofile,tick=5,start_time=101731.100682,nthreads=98,
message=tick stats,tick=5,estimated_current_power=-nan,
end_task=,name=trsm_rightprofile,elapsed_seconds=0.526567,predicted_seconds=inf,time_percent_error=inf,nthreads=98,end_time=101731.628461,avg_power_W=152.909091,max_power_W=160.000000,avg_time_s=0.037612,released_listeners=1,
start_task=,name=trsm_rightprofile,tick=6,start_time=101731.628539,nthreads=98,
message=tick stats,tick=6,estimated_current_power=-nan,
end_task=,name=trsm_rightprofile,elapsed_seconds=0.531759,predicted_seconds=inf,time_percent_error=inf,nthreads=98,end_time=101732.161686,avg_power_W=156.700000,max_power_W=162.000000,avg_time_s=0.037983,released_listeners=1,
start_task=,name=trsm_leftprofile,tick=7,start_time=101732.161761,nthreads=98,
message=tick stats,tick=7,estimated_current_power=-nan,
end_task=,name=trsm_leftprofile,elapsed_seconds=0.707368,predicted_seconds=inf,time_percent_error=inf,nthreads=98,end_time=101732.878635,avg_power_W=136.600000,max_power_W=161.000000,avg_time_s=0.353684,released_listeners=1,
start_task=,name=trsm_rightprofile,tick=8,start_time=101732.878713,nthreads=98,
message=tick stats,tick=8,estimated_current_power=-nan,
end_task=,name=trsm_rightprofile,elapsed_seconds=0.542767,predicted_seconds=inf,time_percent_error=inf,nthreads=98,end_time=101733.428527,avg_power_W=156.454545,max_power_W=164.000000,avg_time_s=0.036184,released_listeners=1,
start_task=,name=trsm_leftprofile,tick=9,start_time=101733.428609,nthreads=98,
message=tick stats,tick=9,estimated_current_power=-nan,
end_task=,name=trsm_leftprofile,elapsed_seconds=0.771291,predicted_seconds=inf,time_percent_error=inf,nthreads=98,end_time=101734.201280,avg_power_W=134.066667,max_power_W=151.000000,avg_time_s=0.385646,released_listeners=1,
start_task=,name=trsm_rightprofile,tick=10,start_time=101734.201356,nthreads=98,
message=tick stats,tick=10,estimated_current_power=-nan,
end_task=,name=trsm_rightprofile,elapsed_seconds=0.541982,predicted_seconds=inf,time_percent_error=inf,nthreads=98,end_time=101734.744075,avg_power_W=152.181818,max_power_W=161.000000,avg_time_s=0.038713,released_listeners=1,
start_task=,name=trsm_leftprofile,tick=11,start_time=101734.744156,nthreads=98,
message=tick stats,tick=11,estimated_current_power=-nan,
end_task=,name=trsm_leftprofile,elapsed_seconds=0.815137,predicted_seconds=inf,time_percent_error=inf,nthreads=98,end_time=101735.559942,avg_power_W=136.000000,max_power_W=156.000000,avg_time_s=0.271712,released_listeners=1,
start_task=,name=trsm_rightprofile,tick=12,start_time=101735.560017,nthreads=98,
message=tick stats,tick=12,estimated_current_power=-nan,
end_task=,name=trsm_rightprofile,elapsed_seconds=0.522271,predicted_seconds=inf,time_percent_error=inf,nthreads=98,end_time=101736.083616,avg_power_W=151.272727,max_power_W=161.000000,avg_time_s=0.037305,released_listeners=1,
start_task=,name=trsm_left,tick=13,start_time=101736.083692,nthreads=98,
message=tick stats,tick=13,estimated_current_power=-nan,
end_task=,name=trsm_left,elapsed_seconds=0.460878,predicted_seconds=inf,time_percent_error=inf,nthreads=98,end_time=101736.545371,avg_power_W=132.555556,max_power_W=153.000000,avg_time_s=0.460878,released_listeners=5,
start_task=,name=trsm_left,tick=14,start_time=101736.545453,nthreads=98,
message=tick stats,tick=14,estimated_current_power=-nan,
end_task=,name=trsm_left,elapsed_seconds=0.068059,predicted_seconds=inf,time_percent_error=inf,nthreads=98,end_time=101736.628595,avg_power_W=132.000000,max_power_W=135.000000,avg_time_s=0.068059,released_listeners=5,
start_task=,name=trsm_right,tick=15,start_time=101736.628679,nthreads=98,
message=tick stats,tick=15,estimated_current_power=-nan,
end_task=,name=trsm_right,elapsed_seconds=0.082661,predicted_seconds=inf,time_percent_error=inf,nthreads=98,end_time=101736.712100,avg_power_W=137.000000,max_power_W=137.000000,avg_time_s=0.082661,released_listeners=5,
start_task=,name=trsm_right,tick=16,start_time=101736.712183,nthreads=98,
message=tick stats,tick=16,estimated_current_power=-nan,
end_task=,name=trsm_right,elapsed_seconds=0.065806,predicted_seconds=inf,time_percent_error=inf,nthreads=98,end_time=101736.779551,avg_power_W=135.000000,max_power_W=135.000000,avg_time_s=0.065806,released_listeners=5,
start_task=,name=trsm_left,tick=17,start_time=101736.779629,nthreads=98,
message=tick stats,tick=17,estimated_current_power=-nan,
end_task=,name=trsm_left,elapsed_seconds=0.233169,predicted_seconds=inf,time_percent_error=inf,nthreads=98,end_time=101737.028498,avg_power_W=137.200000,max_power_W=152.000000,avg_time_s=0.233169,released_listeners=5,
start_task=,name=trsm_right,tick=18,start_time=101737.028578,nthreads=98,
message=tick stats,tick=18,estimated_current_power=-nan,
end_task=,name=trsm_right,elapsed_seconds=0.078675,predicted_seconds=inf,time_percent_error=inf,nthreads=98,end_time=101737.108615,avg_power_W=133.000000,max_power_W=133.000000,avg_time_s=0.078675,released_listeners=5,
start_task=,name=trsm_left,tick=19,start_time=101737.108693,nthreads=98,
message=tick stats,tick=19,estimated_current_power=-nan,
end_task=,name=trsm_left,elapsed_seconds=0.366569,predicted_seconds=inf,time_percent_error=inf,nthreads=98,end_time=101737.478513,avg_power_W=130.375000,max_power_W=134.000000,avg_time_s=0.366569,released_listeners=5,
start_task=,name=trsm_right,tick=20,start_time=101737.478594,nthreads=98,
message=tick stats,tick=20,estimated_current_power=-nan,
end_task=,name=trsm_right,elapsed_seconds=0.080428,predicted_seconds=inf,time_percent_error=inf,nthreads=98,end_time=101737.559735,avg_power_W=141.000000,max_power_W=141.000000,avg_time_s=0.080428,released_listeners=5,
start_task=,name=trsm_left,tick=21,start_time=101737.559809,nthreads=98,
message=tick stats,tick=21,estimated_current_power=-nan,
end_task=,name=trsm_left,elapsed_seconds=0.371725,predicted_seconds=inf,time_percent_error=inf,nthreads=98,end_time=101737.932295,avg_power_W=131.750000,max_power_W=138.000000,avg_time_s=0.371725,released_listeners=5,
start_task=,name=trsm_right,tick=22,start_time=101737.932372,nthreads=98,
message=tick stats,tick=22,estimated_current_power=-nan,
end_task=,name=trsm_right,elapsed_seconds=0.085463,predicted_seconds=inf,time_percent_error=inf,nthreads=98,end_time=101738.029303,avg_power_W=129.500000,max_power_W=131.000000,avg_time_s=0.085463,released_listeners=5,
start_task=,name=lu_gemmprofile,tick=23,start_time=101738.029383,nthreads=98,
message=tick stats,tick=23,estimated_current_power=-nan,
end_task=,name=lu_gemmprofile,elapsed_seconds=0.571808,predicted_seconds=inf,time_percent_error=inf,nthreads=98,end_time=101738.602763,avg_power_W=147.363636,max_power_W=159.000000,avg_time_s=0.071476,released_listeners=1,
start_task=,name=lu_gemmprofile,tick=24,start_time=101738.602849,nthreads=98,
message=tick stats,tick=24,estimated_current_power=-nan,
end_task=,name=lu_gemmprofile,elapsed_seconds=0.560001,predicted_seconds=inf,time_percent_error=inf,nthreads=98,end_time=101739.179398,avg_power_W=149.166667,max_power_W=160.000000,avg_time_s=0.062222,released_listeners=1,
start_task=,name=lu_gemmprofile,tick=25,start_time=101739.179477,nthreads=98,
message=tick stats,tick=25,estimated_current_power=-nan,
end_task=,name=lu_gemmprofile,elapsed_seconds=0.542968,predicted_seconds=inf,time_percent_error=inf,nthreads=98,end_time=101739.728831,avg_power_W=148.272727,max_power_W=156.000000,avg_time_s=0.060330,released_listeners=1,
start_task=,name=lu_gemmprofile,tick=26,start_time=101739.728912,nthreads=98,
message=tick stats,tick=26,estimated_current_power=-nan,
end_task=,name=lu_gemmprofile,elapsed_seconds=0.545841,predicted_seconds=inf,time_percent_error=inf,nthreads=98,end_time=101740.278944,avg_power_W=144.727273,max_power_W=157.000000,avg_time_s=0.068230,released_listeners=1,
start_task=,name=lu_gemmprofile,tick=27,start_time=101740.279024,nthreads=98,
message=tick stats,tick=27,estimated_current_power=-nan,
end_task=,name=lu_gemmprofile,elapsed_seconds=0.553102,predicted_seconds=inf,time_percent_error=inf,nthreads=98,end_time=101740.833572,avg_power_W=148.909091,max_power_W=163.000000,avg_time_s=0.061456,released_listeners=1,
start_task=,name=lu_gemmprofile,tick=28,start_time=101740.833649,nthreads=98,
message=tick stats,tick=28,estimated_current_power=-nan,
end_task=,name=lu_gemmprofile,elapsed_seconds=0.544728,predicted_seconds=inf,time_percent_error=inf,nthreads=98,end_time=101741.379291,avg_power_W=150.181818,max_power_W=163.000000,avg_time_s=0.068091,released_listeners=1,
start_task=,name=lu_gemmprofile,tick=29,start_time=101741.379367,nthreads=98,
message=tick stats,tick=29,estimated_current_power=-nan,
end_task=,name=lu_gemmprofile,elapsed_seconds=0.518840,predicted_seconds=inf,time_percent_error=inf,nthreads=98,end_time=101741.899068,avg_power_W=150.700000,max_power_W=162.000000,avg_time_s=0.057649,released_listeners=1,
start_task=,name=lu_gemmprofile,tick=30,start_time=101741.899149,nthreads=98,
message=tick stats,tick=30,estimated_current_power=-nan,
end_task=,name=lu_gemmprofile,elapsed_seconds=0.535292,predicted_seconds=inf,time_percent_error=inf,nthreads=98,end_time=101742.435423,avg_power_W=153.272727,max_power_W=162.000000,avg_time_s=0.059477,released_listeners=1,
start_task=,name=lu_gemmprofile,tick=31,start_time=101742.435499,nthreads=98,
message=tick stats,tick=31,estimated_current_power=-nan,
end_task=,name=lu_gemmprofile,elapsed_seconds=0.540529,predicted_seconds=inf,time_percent_error=inf,nthreads=98,end_time=101742.979345,avg_power_W=154.636364,max_power_W=165.000000,avg_time_s=0.060059,released_listeners=1,
start_task=,name=lu_gemmprofile,tick=32,start_time=101742.979425,nthreads=98,
message=tick stats,tick=32,estimated_current_power=-nan,
end_task=,name=lu_gemmprofile,elapsed_seconds=0.534640,predicted_seconds=inf,time_percent_error=inf,nthreads=98,end_time=101743.528637,avg_power_W=152.818182,max_power_W=161.000000,avg_time_s=0.059404,released_listeners=1,
start_task=,name=lu_gemmprofile,tick=33,start_time=101743.528716,nthreads=98,
message=tick stats,tick=33,estimated_current_power=-nan,
end_task=,name=lu_gemmprofile,elapsed_seconds=0.586240,predicted_seconds=inf,time_percent_error=inf,nthreads=98,end_time=101744.129146,avg_power_W=150.666667,max_power_W=162.000000,avg_time_s=0.065138,released_listeners=1,
start_task=,name=lu_gemmprofile,tick=34,start_time=101744.129227,nthreads=98,
message=tick stats,tick=34,estimated_current_power=-nan,
end_task=,name=lu_gemmprofile,elapsed_seconds=0.537049,predicted_seconds=inf,time_percent_error=inf,nthreads=98,end_time=101744.679342,avg_power_W=151.181818,max_power_W=161.000000,avg_time_s=0.059672,released_listeners=1,
start_task=,name=lu_gemmprofile,tick=35,start_time=101744.679422,nthreads=98,
message=tick stats,tick=35,estimated_current_power=-nan,
end_task=,name=lu_gemmprofile,elapsed_seconds=0.523771,predicted_seconds=inf,time_percent_error=inf,nthreads=98,end_time=101745.205319,avg_power_W=152.600000,max_power_W=166.000000,avg_time_s=0.058197,released_listeners=1,
start_task=,name=lu_gemmprofile,tick=36,start_time=101745.205396,nthreads=98,
message=tick stats,tick=36,estimated_current_power=-nan,
end_task=,name=lu_gemmprofile,elapsed_seconds=0.530920,predicted_seconds=inf,time_percent_error=inf,nthreads=98,end_time=101745.736911,avg_power_W=157.181818,max_power_W=164.000000,avg_time_s=0.058991,released_listeners=1,
start_task=,name=lu_gemmprofile,tick=37,start_time=101745.736988,nthreads=98,
message=tick stats,tick=37,estimated_current_power=-nan,
end_task=,name=lu_gemmprofile,elapsed_seconds=0.522252,predicted_seconds=inf,time_percent_error=inf,nthreads=98,end_time=101746.261353,avg_power_W=154.700000,max_power_W=164.000000,avg_time_s=0.065282,released_listeners=1,
start_task=,name=lu_gemmprofile,tick=38,start_time=101746.261429,nthreads=98,
message=tick stats,tick=38,estimated_current_power=-nan,
end_task=,name=lu_gemmprofile,elapsed_seconds=0.563838,predicted_seconds=inf,time_percent_error=inf,nthreads=98,end_time=101746.829054,avg_power_W=148.750000,max_power_W=160.000000,avg_time_s=0.062649,released_listeners=1,
start_task=,name=lu_gemmprofile,tick=39,start_time=101746.829147,nthreads=98,
message=tick stats,tick=39,estimated_current_power=-nan,
end_task=,name=lu_gemmprofile,elapsed_seconds=0.547297,predicted_seconds=inf,time_percent_error=inf,nthreads=98,end_time=101747.379732,avg_power_W=153.181818,max_power_W=160.000000,avg_time_s=0.060811,released_listeners=1,
start_task=,name=lu_gemmprofile,tick=40,start_time=101747.379812,nthreads=98,
message=tick stats,tick=40,estimated_current_power=-nan,
end_task=,name=lu_gemmprofile,elapsed_seconds=0.564107,predicted_seconds=inf,time_percent_error=inf,nthreads=98,end_time=101747.944938,avg_power_W=153.909091,max_power_W=163.000000,avg_time_s=0.062679,released_listeners=1,
start_task=,name=lu_gemmprofile,tick=41,start_time=101747.945014,nthreads=98,
message=tick stats,tick=41,estimated_current_power=-nan,
end_task=,name=lu_gemmprofile,elapsed_seconds=0.552532,predicted_seconds=inf,time_percent_error=inf,nthreads=98,end_time=101748.499064,avg_power_W=151.727273,max_power_W=161.000000,avg_time_s=0.055253,released_listeners=1,
start_task=,name=lu_gemmprofile,tick=42,start_time=101748.499146,nthreads=98,
message=tick stats,tick=42,estimated_current_power=-nan,
end_task=,name=lu_gemmprofile,elapsed_seconds=0.550361,predicted_seconds=inf,time_percent_error=inf,nthreads=98,end_time=101749.050656,avg_power_W=153.181818,max_power_W=167.000000,avg_time_s=0.068795,released_listeners=1,
start_task=,name=lu_gemmprofile,tick=43,start_time=101749.050733,nthreads=98,
message=tick stats,tick=43,estimated_current_power=-nan,
end_task=,name=lu_gemmprofile,elapsed_seconds=0.548000,predicted_seconds=inf,time_percent_error=inf,nthreads=98,end_time=101749.600867,avg_power_W=155.818182,max_power_W=168.000000,avg_time_s=0.060889,released_listeners=1,
start_task=,name=lu_gemmprofile,tick=44,start_time=101749.600946,nthreads=98,
message=tick stats,tick=44,estimated_current_power=-nan,
end_task=,name=lu_gemmprofile,elapsed_seconds=0.561042,predicted_seconds=inf,time_percent_error=inf,nthreads=98,end_time=101750.178930,avg_power_W=157.583333,max_power_W=165.000000,avg_time_s=0.056104,released_listeners=1,
start_task=,name=lu_gemmprofile,tick=45,start_time=101750.179010,nthreads=98,
message=tick stats,tick=45,estimated_current_power=-nan,
end_task=,name=lu_gemmprofile,elapsed_seconds=0.532656,predicted_seconds=inf,time_percent_error=inf,nthreads=98,end_time=101750.729540,avg_power_W=154.363636,max_power_W=163.000000,avg_time_s=0.053266,released_listeners=1,
start_task=,name=lu_gemmprofile,tick=46,start_time=101750.729620,nthreads=98,
message=tick stats,tick=46,estimated_current_power=-nan,
end_task=,name=lu_gemmprofile,elapsed_seconds=0.529952,predicted_seconds=inf,time_percent_error=inf,nthreads=98,end_time=101751.260370,avg_power_W=154.500000,max_power_W=165.000000,avg_time_s=0.058884,released_listeners=1,
start_task=,name=lu_gemmprofile,tick=47,start_time=101751.260453,nthreads=98,
message=tick stats,tick=47,estimated_current_power=-nan,
end_task=,name=lu_gemmprofile,elapsed_seconds=0.568024,predicted_seconds=inf,time_percent_error=inf,nthreads=98,end_time=101751.829633,avg_power_W=156.166667,max_power_W=168.000000,avg_time_s=0.071003,released_listeners=1,
start_task=,name=lu_gemm,tick=48,start_time=101751.829709,nthreads=98,
message=tick stats,tick=48,estimated_current_power=-nan,
end_task=,name=lu_gemm,elapsed_seconds=0.115988,predicted_seconds=inf,time_percent_error=inf,nthreads=98,end_time=101751.947174,avg_power_W=145.500000,max_power_W=155.000000,avg_time_s=0.115988,released_listeners=1,
start_task=,name=lu_gemm,tick=49,start_time=101751.947280,nthreads=98,
message=tick stats,tick=49,estimated_current_power=-nan,
end_task=,name=lu_gemm,elapsed_seconds=0.120432,predicted_seconds=inf,time_percent_error=inf,nthreads=98,end_time=101752.078493,avg_power_W=137.000000,max_power_W=142.000000,avg_time_s=0.120432,released_listeners=0,
start_task=,name=lu_gemm,tick=50,start_time=101752.078571,nthreads=98,
message=tick stats,tick=50,estimated_current_power=-nan,
end_task=,name=lu_gemm,elapsed_seconds=0.121791,predicted_seconds=inf,time_percent_error=inf,nthreads=98,end_time=101752.201826,avg_power_W=143.000000,max_power_W=151.000000,avg_time_s=0.121791,released_listeners=1,
start_task=,name=lu_gemm,tick=51,start_time=101752.201902,nthreads=98,
message=tick stats,tick=51,estimated_current_power=-nan,
end_task=,name=lu_gemm,elapsed_seconds=0.126393,predicted_seconds=inf,time_percent_error=inf,nthreads=98,end_time=101752.330009,avg_power_W=134.666667,max_power_W=140.000000,avg_time_s=0.126393,released_listeners=1,
start_task=,name=lu_gemm,tick=52,start_time=101752.330086,nthreads=98,
message=tick stats,tick=52,estimated_current_power=-nan,
end_task=,name=lu_gemm,elapsed_seconds=0.124211,predicted_seconds=inf,time_percent_error=inf,nthreads=98,end_time=101752.455904,avg_power_W=144.500000,max_power_W=157.000000,avg_time_s=0.124211,released_listeners=1,
start_task=,name=lu_gemm,tick=53,start_time=101752.455981,nthreads=98,
message=tick stats,tick=53,estimated_current_power=-nan,
end_task=,name=lu_gemm,elapsed_seconds=0.121348,predicted_seconds=inf,time_percent_error=inf,nthreads=98,end_time=101752.579149,avg_power_W=138.000000,max_power_W=145.000000,avg_time_s=0.121348,released_listeners=0,
start_task=,name=lu_gemm,tick=54,start_time=101752.579257,nthreads=98,
message=tick stats,tick=54,estimated_current_power=-nan,
end_task=,name=lu_gemm,elapsed_seconds=0.130790,predicted_seconds=inf,time_percent_error=inf,nthreads=98,end_time=101752.712227,avg_power_W=147.000000,max_power_W=163.000000,avg_time_s=0.130790,released_listeners=1,
start_task=,name=lu_gemm,tick=55,start_time=101752.712303,nthreads=98,
message=tick stats,tick=55,estimated_current_power=-nan,
end_task=,name=lu_gemm,elapsed_seconds=0.125794,predicted_seconds=inf,time_percent_error=inf,nthreads=98,end_time=101752.838939,avg_power_W=130.333333,max_power_W=141.000000,avg_time_s=0.125794,released_listeners=0,
start_task=,name=lu_gemm,tick=56,start_time=101752.839015,nthreads=98,
message=tick stats,tick=56,estimated_current_power=-nan,
end_task=,name=lu_gemm,elapsed_seconds=0.131812,predicted_seconds=inf,time_percent_error=inf,nthreads=98,end_time=101752.978905,avg_power_W=139.666667,max_power_W=158.000000,avg_time_s=0.131812,released_listeners=0,
start_task=,name=lu_gemm,tick=57,start_time=101752.978984,nthreads=98,
message=tick stats,tick=57,estimated_current_power=-nan,
end_task=,name=lu_gemm,elapsed_seconds=0.127152,predicted_seconds=inf,time_percent_error=inf,nthreads=98,end_time=101753.108007,avg_power_W=137.500000,max_power_W=144.000000,avg_time_s=0.127152,released_listeners=1,
start_task=,name=lu_gemm,tick=58,start_time=101753.108084,nthreads=98,
message=tick stats,tick=58,estimated_current_power=-nan,
end_task=,name=lu_gemm,elapsed_seconds=0.134244,predicted_seconds=inf,time_percent_error=inf,nthreads=98,end_time=101753.243778,avg_power_W=134.333333,max_power_W=143.000000,avg_time_s=0.134244,released_listeners=0,
start_task=,name=lu_gemm,tick=59,start_time=101753.243861,nthreads=98,
message=tick stats,tick=59,estimated_current_power=-nan,
end_task=,name=lu_gemm,elapsed_seconds=0.132418,predicted_seconds=inf,time_percent_error=inf,nthreads=98,end_time=101753.378439,avg_power_W=136.666667,max_power_W=149.000000,avg_time_s=0.132418,released_listeners=0,
start_task=,name=lu_gemm,tick=60,start_time=101753.378518,nthreads=98,
message=tick stats,tick=60,estimated_current_power=-nan,
end_task=,name=lu_gemm,elapsed_seconds=0.127786,predicted_seconds=inf,time_percent_error=inf,nthreads=98,end_time=101753.508279,avg_power_W=140.000000,max_power_W=153.000000,avg_time_s=0.127786,released_listeners=1,
start_task=,name=lu_gemm,tick=61,start_time=101753.508356,nthreads=98,
message=tick stats,tick=61,estimated_current_power=-nan,
end_task=,name=lu_gemm,elapsed_seconds=0.131402,predicted_seconds=inf,time_percent_error=inf,nthreads=98,end_time=101753.641881,avg_power_W=132.333333,max_power_W=144.000000,avg_time_s=0.131402,released_listeners=0,
start_task=,name=lu_gemm,tick=62,start_time=101753.641957,nthreads=98,
message=tick stats,tick=62,estimated_current_power=-nan,
end_task=,name=lu_gemm,elapsed_seconds=0.126533,predicted_seconds=inf,time_percent_error=inf,nthreads=98,end_time=101753.779208,avg_power_W=141.333333,max_power_W=147.000000,avg_time_s=0.126533,released_listeners=0,
start_task=,name=lu_gemm,tick=63,start_time=101753.779288,nthreads=98,
message=tick stats,tick=63,estimated_current_power=-nan,
end_task=,name=lu_gemm,elapsed_seconds=0.124711,predicted_seconds=inf,time_percent_error=inf,nthreads=98,end_time=101753.905966,avg_power_W=142.000000,max_power_W=158.000000,avg_time_s=0.124711,released_listeners=0,
start_task=,name=lu_gemm,tick=64,start_time=101753.906043,nthreads=98,
message=tick stats,tick=64,estimated_current_power=-nan,
end_task=,name=lu_gemm,elapsed_seconds=0.129947,predicted_seconds=inf,time_percent_error=inf,nthreads=98,end_time=101754.037552,avg_power_W=130.666667,max_power_W=137.000000,avg_time_s=0.129947,released_listeners=1,
start_task=,name=lu_gemm,tick=65,start_time=101754.037630,nthreads=98,
message=tick stats,tick=65,estimated_current_power=-nan,
end_task=,name=lu_gemm,elapsed_seconds=0.132363,predicted_seconds=inf,time_percent_error=inf,nthreads=98,end_time=101754.178644,avg_power_W=142.000000,max_power_W=158.000000,avg_time_s=0.132363,released_listeners=0,
start_task=,name=lu_gemm,tick=66,start_time=101754.178724,nthreads=98,
message=tick stats,tick=66,estimated_current_power=-nan,
end_task=,name=lu_gemm,elapsed_seconds=0.153111,predicted_seconds=inf,time_percent_error=inf,nthreads=98,end_time=101754.333387,avg_power_W=141.000000,max_power_W=160.000000,avg_time_s=0.153111,released_listeners=0,
start_task=,name=lu_gemm,tick=67,start_time=101754.333463,nthreads=98,
message=tick stats,tick=67,estimated_current_power=-nan,
end_task=,name=lu_gemm,elapsed_seconds=0.134978,predicted_seconds=inf,time_percent_error=inf,nthreads=98,end_time=101754.478952,avg_power_W=139.333333,max_power_W=162.000000,avg_time_s=0.134978,released_listeners=0,
start_task=,name=lu_gemm,tick=68,start_time=101754.479031,nthreads=98,
message=tick stats,tick=68,estimated_current_power=-nan,
end_task=,name=lu_gemm,elapsed_seconds=0.129878,predicted_seconds=inf,time_percent_error=inf,nthreads=98,end_time=101754.611177,avg_power_W=143.500000,max_power_W=156.000000,avg_time_s=0.129878,released_listeners=1,
start_task=,name=lu_gemm,tick=69,start_time=101754.611291,nthreads=98,
message=tick stats,tick=69,estimated_current_power=-nan,
end_task=,name=lu_gemm,elapsed_seconds=0.130088,predicted_seconds=inf,time_percent_error=inf,nthreads=98,end_time=101754.743572,avg_power_W=136.666667,max_power_W=146.000000,avg_time_s=0.130088,released_listeners=0,
start_task=,name=lu_gemm,tick=70,start_time=101754.743648,nthreads=98,
message=tick stats,tick=70,estimated_current_power=-nan,
end_task=,name=lu_gemm,elapsed_seconds=0.127274,predicted_seconds=inf,time_percent_error=inf,nthreads=98,end_time=101754.879367,avg_power_W=138.333333,max_power_W=157.000000,avg_time_s=0.127274,released_listeners=0,
start_task=,name=lu_gemm,tick=71,start_time=101754.879454,nthreads=98,
message=tick stats,tick=71,estimated_current_power=-nan,
end_task=,name=lu_gemm,elapsed_seconds=0.124317,predicted_seconds=inf,time_percent_error=inf,nthreads=98,end_time=101755.005294,avg_power_W=138.000000,max_power_W=146.000000,avg_time_s=0.124317,released_listeners=0,
start_task=,name=lu_gemm,tick=72,start_time=101755.005370,nthreads=98,
message=tick stats,tick=72,estimated_current_power=-nan,
end_task=,name=lu_gemm,elapsed_seconds=0.123740,predicted_seconds=inf,time_percent_error=inf,nthreads=98,end_time=101755.129852,avg_power_W=137.333333,max_power_W=144.000000,avg_time_s=0.123740,released_listeners=0,
start_task=,name=getrfprofile,tick=73,start_time=101755.129929,nthreads=98,
message=tick stats,tick=73,estimated_current_power=-nan,
end_task=,name=getrfprofile,elapsed_seconds=0.595600,predicted_seconds=inf,time_percent_error=inf,nthreads=98,end_time=101755.729046,avg_power_W=144.333333,max_power_W=161.000000,avg_time_s=0.198533,released_listeners=1,
start_task=,name=getrf,tick=74,start_time=101755.729138,nthreads=98,
message=tick stats,tick=74,estimated_current_power=-nan,
end_task=,name=getrf,elapsed_seconds=0.193969,predicted_seconds=inf,time_percent_error=inf,nthreads=98,end_time=101755.928873,avg_power_W=140.250000,max_power_W=146.000000,avg_time_s=0.193969,released_listeners=8,
start_task=,name=trsm_leftprofile,tick=75,start_time=101755.928954,nthreads=98,
message=tick stats,tick=75,estimated_current_power=-nan,
end_task=,name=trsm_leftprofile,elapsed_seconds=0.780017,predicted_seconds=inf,time_percent_error=inf,nthreads=98,end_time=101756.711228,avg_power_W=135.800000,max_power_W=143.000000,avg_time_s=0.260006,released_listeners=1,
start_task=,name=trsm_rightprofile,tick=76,start_time=101756.711305,nthreads=98,
message=tick stats,tick=76,estimated_current_power=-nan,
end_task=,name=trsm_rightprofile,elapsed_seconds=0.564516,predicted_seconds=inf,time_percent_error=inf,nthreads=98,end_time=101757.279297,avg_power_W=153.583333,max_power_W=166.000000,avg_time_s=0.040323,released_listeners=1,
start_task=,name=trsm_leftprofile,tick=77,start_time=101757.279372,nthreads=98,
message=tick stats,tick=77,estimated_current_power=-nan,
end_task=,name=trsm_leftprofile,elapsed_seconds=0.799002,predicted_seconds=inf,time_percent_error=inf,nthreads=98,end_time=101758.079842,avg_power_W=137.500000,max_power_W=149.000000,avg_time_s=0.266334,released_listeners=1,
start_task=,name=trsm_rightprofile,tick=78,start_time=101758.079918,nthreads=98,
message=tick stats,tick=78,estimated_current_power=-nan,
end_task=,name=trsm_rightprofile,elapsed_seconds=0.523782,predicted_seconds=inf,time_percent_error=inf,nthreads=98,end_time=101758.605172,avg_power_W=155.800000,max_power_W=162.000000,avg_time_s=0.037413,released_listeners=1,
start_task=,name=trsm_leftprofile,tick=79,start_time=101758.605283,nthreads=98,
message=tick stats,tick=79,estimated_current_power=-nan,
end_task=,name=trsm_leftprofile,elapsed_seconds=0.562194,predicted_seconds=inf,time_percent_error=inf,nthreads=98,end_time=101759.178557,avg_power_W=140.000000,max_power_W=164.000000,avg_time_s=0.281097,released_listeners=1,
start_task=,name=trsm_rightprofile,tick=80,start_time=101759.178637,nthreads=98,
message=tick stats,tick=80,estimated_current_power=-nan,
end_task=,name=trsm_rightprofile,elapsed_seconds=0.556025,predicted_seconds=inf,time_percent_error=inf,nthreads=98,end_time=101759.736343,avg_power_W=156.909091,max_power_W=162.000000,avg_time_s=0.037068,released_listeners=1,
start_task=,name=trsm_leftprofile,tick=81,start_time=101759.736422,nthreads=98,
message=tick stats,tick=81,estimated_current_power=-nan,
end_task=,name=trsm_leftprofile,elapsed_seconds=0.591357,predicted_seconds=inf,time_percent_error=inf,nthreads=98,end_time=101760.328556,avg_power_W=134.750000,max_power_W=152.000000,avg_time_s=0.295678,released_listeners=1,
start_task=,name=trsm_rightprofile,tick=82,start_time=101760.328635,nthreads=98,
message=tick stats,tick=82,estimated_current_power=-nan,
end_task=,name=trsm_rightprofile,elapsed_seconds=0.529735,predicted_seconds=inf,time_percent_error=inf,nthreads=98,end_time=101760.859782,avg_power_W=156.800000,max_power_W=165.000000,avg_time_s=0.037838,released_listeners=1,
start_task=,name=trsm_left,tick=83,start_time=101760.859859,nthreads=98,
message=tick stats,tick=83,estimated_current_power=-nan,
end_task=,name=trsm_left,elapsed_seconds=0.172684,predicted_seconds=inf,time_percent_error=inf,nthreads=98,end_time=101761.034150,avg_power_W=143.250000,max_power_W=162.000000,avg_time_s=0.172684,released_listeners=4,
start_task=,name=trsm_right,tick=84,start_time=101761.034247,nthreads=98,
message=tick stats,tick=84,estimated_current_power=-nan,
end_task=,name=trsm_right,elapsed_seconds=0.068068,predicted_seconds=inf,time_percent_error=inf,nthreads=98,end_time=101761.103326,avg_power_W=138.000000,max_power_W=138.000000,avg_time_s=0.068068,released_listeners=4,
start_task=,name=trsm_left,tick=85,start_time=101761.103405,nthreads=98,
message=tick stats,tick=85,estimated_current_power=-nan,
end_task=,name=trsm_left,elapsed_seconds=0.263499,predicted_seconds=inf,time_percent_error=inf,nthreads=98,end_time=101761.378971,avg_power_W=135.833333,max_power_W=144.000000,avg_time_s=0.263499,released_listeners=4,
start_task=,name=trsm_right,tick=86,start_time=101761.379053,nthreads=98,
message=tick stats,tick=86,estimated_current_power=-nan,
end_task=,name=trsm_right,elapsed_seconds=0.085289,predicted_seconds=inf,time_percent_error=inf,nthreads=98,end_time=101761.478830,avg_power_W=143.000000,max_power_W=149.000000,avg_time_s=0.085289,released_listeners=4,
start_task=,name=trsm_left,tick=87,start_time=101761.478912,nthreads=98,
message=tick stats,tick=87,estimated_current_power=-nan,
end_task=,name=trsm_left,elapsed_seconds=0.385089,predicted_seconds=inf,time_percent_error=inf,nthreads=98,end_time=101761.879319,avg_power_W=133.875000,max_power_W=139.000000,avg_time_s=0.385089,released_listeners=4,
start_task=,name=trsm_right,tick=88,start_time=101761.879401,nthreads=98,
message=tick stats,tick=88,estimated_current_power=-nan,
end_task=,name=trsm_right,elapsed_seconds=0.111266,predicted_seconds=inf,time_percent_error=inf,nthreads=98,end_time=101761.992229,avg_power_W=133.000000,max_power_W=134.000000,avg_time_s=0.111266,released_listeners=4,
start_task=,name=trsm_left,tick=89,start_time=101761.992310,nthreads=98,
message=tick stats,tick=89,estimated_current_power=-nan,
end_task=,name=trsm_left,elapsed_seconds=0.309489,predicted_seconds=inf,time_percent_error=inf,nthreads=98,end_time=101762.302561,avg_power_W=136.500000,max_power_W=150.000000,avg_time_s=0.309489,released_listeners=4,
start_task=,name=trsm_right,tick=90,start_time=101762.302639,nthreads=98,
message=tick stats,tick=90,estimated_current_power=-nan,
end_task=,name=trsm_right,elapsed_seconds=0.084946,predicted_seconds=inf,time_percent_error=inf,nthreads=98,end_time=101762.388427,avg_power_W=132.000000,max_power_W=132.000000,avg_time_s=0.084946,released_listeners=4,
start_task=,name=lu_gemmprofile,tick=91,start_time=101762.388504,nthreads=98,
message=tick stats,tick=91,estimated_current_power=-nan,
end_task=,name=lu_gemmprofile,elapsed_seconds=0.543309,predicted_seconds=inf,time_percent_error=inf,nthreads=98,end_time=101762.934117,avg_power_W=150.636364,max_power_W=159.000000,avg_time_s=0.060368,released_listeners=1,
start_task=,name=lu_gemmprofile,tick=92,start_time=101762.934210,nthreads=98,
message=tick stats,tick=92,estimated_current_power=-nan,
end_task=,name=lu_gemmprofile,elapsed_seconds=0.526284,predicted_seconds=inf,time_percent_error=inf,nthreads=98,end_time=101763.462025,avg_power_W=148.900000,max_power_W=157.000000,avg_time_s=0.058476,released_listeners=1,
start_task=,name=lu_gemmprofile,tick=93,start_time=101763.462105,nthreads=98,
message=tick stats,tick=93,estimated_current_power=-nan,
end_task=,name=lu_gemmprofile,elapsed_seconds=0.563915,predicted_seconds=inf,time_percent_error=inf,nthreads=98,end_time=101764.028852,avg_power_W=153.500000,max_power_W=164.000000,avg_time_s=0.056392,released_listeners=1,
start_task=,name=lu_gemmprofile,tick=94,start_time=101764.028941,nthreads=98,
message=tick stats,tick=94,estimated_current_power=-nan,
end_task=,name=lu_gemmprofile,elapsed_seconds=0.528701,predicted_seconds=inf,time_percent_error=inf,nthreads=98,end_time=101764.558962,avg_power_W=146.200000,max_power_W=152.000000,avg_time_s=0.066088,released_listeners=1,
start_task=,name=lu_gemmprofile,tick=95,start_time=101764.559039,nthreads=98,
message=tick stats,tick=95,estimated_current_power=-nan,
end_task=,name=lu_gemmprofile,elapsed_seconds=0.574528,predicted_seconds=inf,time_percent_error=inf,nthreads=98,end_time=101765.135680,avg_power_W=148.833333,max_power_W=160.000000,avg_time_s=0.063836,released_listeners=1,
start_task=,name=lu_gemmprofile,tick=96,start_time=101765.135760,nthreads=98,
message=tick stats,tick=96,estimated_current_power=-nan,
end_task=,name=lu_gemmprofile,elapsed_seconds=0.518070,predicted_seconds=inf,time_percent_error=inf,nthreads=98,end_time=101765.655439,avg_power_W=153.300000,max_power_W=165.000000,avg_time_s=0.057563,released_listeners=1,
start_task=,name=lu_gemmprofile,tick=97,start_time=101765.655517,nthreads=98,
message=tick stats,tick=97,estimated_current_power=-nan,
end_task=,name=lu_gemmprofile,elapsed_seconds=0.548358,predicted_seconds=inf,time_percent_error=inf,nthreads=98,end_time=101766.205806,avg_power_W=157.545455,max_power_W=167.000000,avg_time_s=0.060929,released_listeners=1,
start_task=,name=lu_gemmprofile,tick=98,start_time=101766.205885,nthreads=98,
message=tick stats,tick=98,estimated_current_power=-nan,
end_task=,name=lu_gemmprofile,elapsed_seconds=0.536682,predicted_seconds=inf,time_percent_error=inf,nthreads=98,end_time=101766.744136,avg_power_W=157.454545,max_power_W=167.000000,avg_time_s=0.059631,released_listeners=1,
start_task=,name=lu_gemmprofile,tick=99,start_time=101766.744231,nthreads=98,
message=tick stats,tick=99,estimated_current_power=-nan,
end_task=,name=lu_gemmprofile,elapsed_seconds=0.530608,predicted_seconds=inf,time_percent_error=inf,nthreads=98,end_time=101767.278899,avg_power_W=154.454545,max_power_W=167.000000,avg_time_s=0.075801,released_listeners=1,
start_task=,name=lu_gemmprofile,tick=100,start_time=101767.278979,nthreads=98,
message=tick stats,tick=100,estimated_current_power=-nan,
end_task=,name=lu_gemmprofile,elapsed_seconds=0.529245,predicted_seconds=inf,time_percent_error=inf,nthreads=98,end_time=101767.809809,avg_power_W=155.000000,max_power_W=165.000000,avg_time_s=0.058805,released_listeners=1,
start_task=,name=lu_gemmprofile,tick=101,start_time=101767.809886,nthreads=98,
message=tick stats,tick=101,estimated_current_power=-nan,
end_task=,name=lu_gemmprofile,elapsed_seconds=0.531917,predicted_seconds=inf,time_percent_error=inf,nthreads=98,end_time=101768.343341,avg_power_W=155.818182,max_power_W=166.000000,avg_time_s=0.059102,released_listeners=1,
start_task=,name=lu_gemmprofile,tick=102,start_time=101768.343418,nthreads=98,
message=tick stats,tick=102,estimated_current_power=-nan,
end_task=,name=lu_gemmprofile,elapsed_seconds=0.543009,predicted_seconds=inf,time_percent_error=inf,nthreads=98,end_time=101768.887489,avg_power_W=156.727273,max_power_W=168.000000,avg_time_s=0.060334,released_listeners=1,
start_task=,name=lu_gemmprofile,tick=103,start_time=101768.887567,nthreads=98,
message=tick stats,tick=103,estimated_current_power=-nan,
end_task=,name=lu_gemmprofile,elapsed_seconds=0.567543,predicted_seconds=inf,time_percent_error=inf,nthreads=98,end_time=101769.456367,avg_power_W=156.818182,max_power_W=167.000000,avg_time_s=0.063060,released_listeners=1,
start_task=,name=lu_gemmprofile,tick=104,start_time=101769.456445,nthreads=98,
message=tick stats,tick=104,estimated_current_power=-nan,
end_task=,name=lu_gemmprofile,elapsed_seconds=0.536693,predicted_seconds=inf,time_percent_error=inf,nthreads=98,end_time=101769.994668,avg_power_W=154.272727,max_power_W=165.000000,avg_time_s=0.067087,released_listeners=1,
start_task=,name=lu_gemmprofile,tick=105,start_time=101769.994749,nthreads=98,
message=tick stats,tick=105,estimated_current_power=-nan,
end_task=,name=lu_gemmprofile,elapsed_seconds=0.534368,predicted_seconds=inf,time_percent_error=inf,nthreads=98,end_time=101770.529967,avg_power_W=154.727273,max_power_W=162.000000,avg_time_s=0.059374,released_listeners=1,
start_task=,name=lu_gemmprofile,tick=106,start_time=101770.530047,nthreads=98,
message=tick stats,tick=106,estimated_current_power=-nan,
end_task=,name=lu_gemmprofile,elapsed_seconds=0.526058,predicted_seconds=inf,time_percent_error=inf,nthreads=98,end_time=101771.058757,avg_power_W=152.900000,max_power_W=165.000000,avg_time_s=0.058451,released_listeners=1,
start_task=,name=lu_gemm,tick=107,start_time=101771.058835,nthreads=98,
message=tick stats,tick=107,estimated_current_power=-nan,
end_task=,name=lu_gemm,elapsed_seconds=0.112531,predicted_seconds=inf,time_percent_error=inf,nthreads=98,end_time=101771.178945,avg_power_W=143.666667,max_power_W=159.000000,avg_time_s=0.112531,released_listeners=1,
start_task=,name=lu_gemm,tick=108,start_time=101771.179027,nthreads=98,
message=tick stats,tick=108,estimated_current_power=-nan,
end_task=,name=lu_gemm,elapsed_seconds=0.105300,predicted_seconds=inf,time_percent_error=inf,nthreads=98,end_time=101771.285035,avg_power_W=141.000000,max_power_W=151.000000,avg_time_s=0.105300,released_listeners=1,
start_task=,name=lu_gemm,tick=109,start_time=101771.285108,nthreads=98,
message=tick stats,tick=109,estimated_current_power=-nan,
end_task=,name=lu_gemm,elapsed_seconds=0.119893,predicted_seconds=inf,time_percent_error=inf,nthreads=98,end_time=101771.406444,avg_power_W=150.000000,max_power_W=163.000000,avg_time_s=0.119893,released_listeners=1,
start_task=,name=lu_gemm,tick=110,start_time=101771.406523,nthreads=98,
message=tick stats,tick=110,estimated_current_power=-nan,
end_task=,name=lu_gemm,elapsed_seconds=0.120760,predicted_seconds=inf,time_percent_error=inf,nthreads=98,end_time=101771.528995,avg_power_W=135.666667,max_power_W=141.000000,avg_time_s=0.120760,released_listeners=0,
start_task=,name=lu_gemm,tick=111,start_time=101771.529075,nthreads=98,
message=tick stats,tick=111,estimated_current_power=-nan,
end_task=,name=lu_gemm,elapsed_seconds=0.129929,predicted_seconds=inf,time_percent_error=inf,nthreads=98,end_time=101771.660448,avg_power_W=148.500000,max_power_W=160.000000,avg_time_s=0.129929,released_listeners=1,
start_task=,name=lu_gemm,tick=112,start_time=101771.660526,nthreads=98,
message=tick stats,tick=112,estimated_current_power=-nan,
end_task=,name=lu_gemm,elapsed_seconds=0.125462,predicted_seconds=inf,time_percent_error=inf,nthreads=98,end_time=101771.787839,avg_power_W=140.000000,max_power_W=151.000000,avg_time_s=0.125462,released_listeners=0,
start_task=,name=lu_gemm,tick=113,start_time=101771.787915,nthreads=98,
message=tick stats,tick=113,estimated_current_power=-nan,
end_task=,name=lu_gemm,elapsed_seconds=0.126326,predicted_seconds=inf,time_percent_error=inf,nthreads=98,end_time=101771.929206,avg_power_W=146.000000,max_power_W=154.000000,avg_time_s=0.126326,released_listeners=1,
start_task=,name=lu_gemm,tick=114,start_time=101771.929287,nthreads=98,
message=tick stats,tick=114,estimated_current_power=-nan,
end_task=,name=lu_gemm,elapsed_seconds=0.123966,predicted_seconds=inf,time_percent_error=inf,nthreads=98,end_time=101772.055388,avg_power_W=139.000000,max_power_W=152.000000,avg_time_s=0.123966,released_listeners=0,
start_task=,name=lu_gemm,tick=115,start_time=101772.055466,nthreads=98,
message=tick stats,tick=115,estimated_current_power=-nan,
end_task=,name=lu_gemm,elapsed_seconds=0.128605,predicted_seconds=inf,time_percent_error=inf,nthreads=98,end_time=101772.186233,avg_power_W=137.000000,max_power_W=147.000000,avg_time_s=0.128605,released_listeners=0,
start_task=,name=lu_gemm,tick=116,start_time=101772.186313,nthreads=98,
message=tick stats,tick=116,estimated_current_power=-nan,
end_task=,name=lu_gemm,elapsed_seconds=0.125851,predicted_seconds=inf,time_percent_error=inf,nthreads=98,end_time=101772.329219,avg_power_W=147.000000,max_power_W=160.000000,avg_time_s=0.125851,released_listeners=1,
start_task=,name=lu_gemm,tick=117,start_time=101772.329309,nthreads=98,
message=tick stats,tick=117,estimated_current_power=-nan,
end_task=,name=lu_gemm,elapsed_seconds=0.123239,predicted_seconds=inf,time_percent_error=inf,nthreads=98,end_time=101772.454122,avg_power_W=142.000000,max_power_W=153.000000,avg_time_s=0.123239,released_listeners=0,
start_task=,name=lu_gemm,tick=118,start_time=101772.454222,nthreads=98,
message=tick stats,tick=118,estimated_current_power=-nan,
end_task=,name=lu_gemm,elapsed_seconds=0.129592,predicted_seconds=inf,time_percent_error=inf,nthreads=98,end_time=101772.585380,avg_power_W=135.666667,max_power_W=144.000000,avg_time_s=0.129592,released_listeners=0,
start_task=,name=lu_gemm,tick=119,start_time=101772.585458,nthreads=98,
message=tick stats,tick=119,estimated_current_power=-nan,
end_task=,name=lu_gemm,elapsed_seconds=0.156623,predicted_seconds=inf,time_percent_error=inf,nthreads=98,end_time=101772.743629,avg_power_W=141.000000,max_power_W=161.000000,avg_time_s=0.156623,released_listeners=1,
start_task=,name=lu_gemm,tick=120,start_time=101772.743707,nthreads=98,
message=tick stats,tick=120,estimated_current_power=-nan,
end_task=,name=lu_gemm,elapsed_seconds=0.124980,predicted_seconds=inf,time_percent_error=inf,nthreads=98,end_time=101772.879675,avg_power_W=144.333333,max_power_W=155.000000,avg_time_s=0.124980,released_listeners=0,
start_task=,name=lu_gemm,tick=121,start_time=101772.879755,nthreads=98,
message=tick stats,tick=121,estimated_current_power=-nan,
end_task=,name=lu_gemm,elapsed_seconds=0.125492,predicted_seconds=inf,time_percent_error=inf,nthreads=98,end_time=101773.006905,avg_power_W=141.000000,max_power_W=155.000000,avg_time_s=0.125492,released_listeners=0,
start_task=,name=lu_gemm,tick=122,start_time=101773.006983,nthreads=98,
message=tick stats,tick=122,estimated_current_power=-nan,
end_task=,name=lu_gemm,elapsed_seconds=0.125664,predicted_seconds=inf,time_percent_error=inf,nthreads=98,end_time=101773.134879,avg_power_W=132.000000,max_power_W=138.000000,avg_time_s=0.125664,released_listeners=0,
start_task=,name=getrfprofile,tick=123,start_time=101773.134956,nthreads=98,
message=tick stats,tick=123,estimated_current_power=-nan,
end_task=,name=getrfprofile,elapsed_seconds=0.638999,predicted_seconds=inf,time_percent_error=inf,nthreads=98,end_time=101773.779302,avg_power_W=147.230769,max_power_W=157.000000,avg_time_s=0.213000,released_listeners=1,
start_task=,name=getrf,tick=124,start_time=101773.779379,nthreads=98,
message=tick stats,tick=124,estimated_current_power=-nan,
end_task=,name=getrf,elapsed_seconds=0.169895,predicted_seconds=inf,time_percent_error=inf,nthreads=98,end_time=101773.950812,avg_power_W=143.666667,max_power_W=149.000000,avg_time_s=0.169895,released_listeners=6,
start_task=,name=trsm_leftprofile,tick=125,start_time=101773.950891,nthreads=98,
message=tick stats,tick=125,estimated_current_power=-nan,
end_task=,name=trsm_leftprofile,elapsed_seconds=0.770328,predicted_seconds=inf,time_percent_error=inf,nthreads=98,end_time=101774.729489,avg_power_W=138.812500,max_power_W=152.000000,avg_time_s=0.256776,released_listeners=1,
start_task=,name=trsm_rightprofile,tick=126,start_time=101774.729570,nthreads=98,
message=tick stats,tick=126,estimated_current_power=-nan,
end_task=,name=trsm_rightprofile,elapsed_seconds=0.523600,predicted_seconds=inf,time_percent_error=inf,nthreads=98,end_time=101775.255362,avg_power_W=158.700000,max_power_W=166.000000,avg_time_s=0.037400,released_listeners=1,
start_task=,name=trsm_leftprofile,tick=127,start_time=101775.255440,nthreads=98,
message=tick stats,tick=127,estimated_current_power=-nan,
end_task=,name=trsm_leftprofile,elapsed_seconds=0.673020,predicted_seconds=inf,time_percent_error=inf,nthreads=98,end_time=101775.929889,avg_power_W=140.428571,max_power_W=166.000000,avg_time_s=0.336510,released_listeners=1,
start_task=,name=trsm_rightprofile,tick=128,start_time=101775.929968,nthreads=98,
message=tick stats,tick=128,estimated_current_power=-nan,
end_task=,name=trsm_rightprofile,elapsed_seconds=0.521448,predicted_seconds=inf,time_percent_error=inf,nthreads=98,end_time=101776.452960,avg_power_W=158.400000,max_power_W=165.000000,avg_time_s=0.037246,released_listeners=1,
start_task=,name=trsm_leftprofile,tick=129,start_time=101776.453046,nthreads=98,
message=tick stats,tick=129,estimated_current_power=-nan,
end_task=,name=trsm_leftprofile,elapsed_seconds=0.862999,predicted_seconds=inf,time_percent_error=inf,nthreads=98,end_time=101777.329472,avg_power_W=138.944444,max_power_W=162.000000,avg_time_s=0.431500,released_listeners=1,
start_task=,name=trsm_rightprofile,tick=130,start_time=101777.329553,nthreads=98,
message=tick stats,tick=130,estimated_current_power=-nan,
end_task=,name=trsm_rightprofile,elapsed_seconds=0.530201,predicted_seconds=inf,time_percent_error=inf,nthreads=98,end_time=101777.861316,avg_power_W=157.700000,max_power_W=164.000000,avg_time_s=0.037872,released_listeners=1,
start_task=,name=trsm_left,tick=131,start_time=101777.861397,nthreads=98,
message=tick stats,tick=131,estimated_current_power=-nan,
end_task=,name=trsm_left,elapsed_seconds=0.315964,predicted_seconds=inf,time_percent_error=inf,nthreads=98,end_time=101778.178800,avg_power_W=140.000000,max_power_W=161.000000,avg_time_s=0.315964,released_listeners=3,
start_task=,name=trsm_right,tick=132,start_time=101778.178884,nthreads=98,
message=tick stats,tick=132,estimated_current_power=-nan,
end_task=,name=trsm_right,elapsed_seconds=0.076668,predicted_seconds=inf,time_percent_error=inf,nthreads=98,end_time=101778.258130,avg_power_W=137.000000,max_power_W=137.000000,avg_time_s=0.076668,released_listeners=3,
start_task=,name=trsm_left,tick=133,start_time=101778.258229,nthreads=98,
message=tick stats,tick=133,estimated_current_power=-nan,
end_task=,name=trsm_left,elapsed_seconds=0.475285,predicted_seconds=inf,time_percent_error=inf,nthreads=98,end_time=101778.735080,avg_power_W=137.500000,max_power_W=142.000000,avg_time_s=0.475285,released_listeners=3,
start_task=,name=trsm_right,tick=134,start_time=101778.735167,nthreads=98,
message=tick stats,tick=134,estimated_current_power=-nan,
end_task=,name=trsm_right,elapsed_seconds=0.085976,predicted_seconds=inf,time_percent_error=inf,nthreads=98,end_time=101778.829319,avg_power_W=136.500000,max_power_W=137.000000,avg_time_s=0.085976,released_listeners=3,
start_task=,name=trsm_left,tick=135,start_time=101778.829397,nthreads=98,
message=tick stats,tick=135,estimated_current_power=-nan,
end_task=,name=trsm_left,elapsed_seconds=0.404819,predicted_seconds=inf,time_percent_error=inf,nthreads=98,end_time=101779.236437,avg_power_W=136.375000,max_power_W=149.000000,avg_time_s=0.404819,released_listeners=3,
start_task=,name=trsm_right,tick=136,start_time=101779.236516,nthreads=98,
message=tick stats,tick=136,estimated_current_power=-nan,
end_task=,name=trsm_right,elapsed_seconds=0.082710,predicted_seconds=inf,time_percent_error=inf,nthreads=98,end_time=101779.329638,avg_power_W=137.500000,max_power_W=138.000000,avg_time_s=0.082710,released_listeners=3,
start_task=,name=lu_gemmprofile,tick=137,start_time=101779.329721,nthreads=98,
message=tick stats,tick=137,estimated_current_power=-nan,
end_task=,name=lu_gemmprofile,elapsed_seconds=0.531101,predicted_seconds=inf,time_percent_error=inf,nthreads=98,end_time=101779.862357,avg_power_W=151.400000,max_power_W=162.000000,avg_time_s=0.059011,released_listeners=1,
start_task=,name=lu_gemmprofile,tick=138,start_time=101779.862435,nthreads=98,
message=tick stats,tick=138,estimated_current_power=-nan,
end_task=,name=lu_gemmprofile,elapsed_seconds=0.528360,predicted_seconds=inf,time_percent_error=inf,nthreads=98,end_time=101780.409913,avg_power_W=150.272727,max_power_W=163.000000,avg_time_s=0.066045,released_listeners=1,
start_task=,name=lu_gemmprofile,tick=139,start_time=101780.409993,nthreads=98,
message=tick stats,tick=139,estimated_current_power=-nan,
end_task=,name=lu_gemmprofile,elapsed_seconds=0.542462,predicted_seconds=inf,time_percent_error=inf,nthreads=98,end_time=101780.954001,avg_power_W=155.727273,max_power_W=166.000000,avg_time_s=0.060274,released_listeners=1,
start_task=,name=lu_gemmprofile,tick=140,start_time=101780.954088,nthreads=98,
message=tick stats,tick=140,estimated_current_power=-nan,
end_task=,name=lu_gemmprofile,elapsed_seconds=0.522351,predicted_seconds=inf,time_percent_error=inf,nthreads=98,end_time=101781.479498,avg_power_W=154.727273,max_power_W=163.000000,avg_time_s=0.058039,released_listeners=1,
start_task=,name=lu_gemmprofile,tick=141,start_time=101781.479579,nthreads=98,
message=tick stats,tick=141,estimated_current_power=-nan,
end_task=,name=lu_gemmprofile,elapsed_seconds=0.563383,predicted_seconds=inf,time_percent_error=inf,nthreads=98,end_time=101782.044504,avg_power_W=155.181818,max_power_W=165.000000,avg_time_s=0.062598,released_listeners=1,
start_task=,name=lu_gemmprofile,tick=142,start_time=101782.044582,nthreads=98,
message=tick stats,tick=142,estimated_current_power=-nan,
end_task=,name=lu_gemmprofile,elapsed_seconds=0.537813,predicted_seconds=inf,time_percent_error=inf,nthreads=98,end_time=101782.583960,avg_power_W=157.090909,max_power_W=167.000000,avg_time_s=0.059757,released_listeners=1,
start_task=,name=lu_gemmprofile,tick=143,start_time=101782.584040,nthreads=98,
message=tick stats,tick=143,estimated_current_power=-nan,
end_task=,name=lu_gemmprofile,elapsed_seconds=0.553716,predicted_seconds=inf,time_percent_error=inf,nthreads=98,end_time=101783.139279,avg_power_W=153.090909,max_power_W=167.000000,avg_time_s=0.069214,released_listeners=1,
start_task=,name=lu_gemmprofile,tick=144,start_time=101783.139360,nthreads=98,
message=tick stats,tick=144,estimated_current_power=-nan,
end_task=,name=lu_gemmprofile,elapsed_seconds=0.535028,predicted_seconds=inf,time_percent_error=inf,nthreads=98,end_time=101783.679416,avg_power_W=152.727273,max_power_W=162.000000,avg_time_s=0.059448,released_listeners=1,
start_task=,name=lu_gemmprofile,tick=145,start_time=101783.679497,nthreads=98,
message=tick stats,tick=145,estimated_current_power=-nan,
end_task=,name=lu_gemmprofile,elapsed_seconds=0.539666,predicted_seconds=inf,time_percent_error=inf,nthreads=98,end_time=101784.229043,avg_power_W=154.636364,max_power_W=162.000000,avg_time_s=0.059963,released_listeners=1,
start_task=,name=lu_gemm,tick=146,start_time=101784.229125,nthreads=98,
message=tick stats,tick=146,estimated_current_power=-nan,
end_task=,name=lu_gemm,elapsed_seconds=0.109955,predicted_seconds=inf,time_percent_error=inf,nthreads=98,end_time=101784.340702,avg_power_W=146.000000,max_power_W=157.000000,avg_time_s=0.109955,released_listeners=1,
start_task=,name=lu_gemm,tick=147,start_time=101784.340782,nthreads=98,
message=tick stats,tick=147,estimated_current_power=-nan,
end_task=,name=lu_gemm,elapsed_seconds=0.118509,predicted_seconds=inf,time_percent_error=inf,nthreads=98,end_time=101784.461416,avg_power_W=148.500000,max_power_W=158.000000,avg_time_s=0.118509,released_listeners=1,
start_task=,name=lu_gemm,tick=148,start_time=101784.461495,nthreads=98,
message=tick stats,tick=148,estimated_current_power=-nan,
end_task=,name=lu_gemm,elapsed_seconds=0.121559,predicted_seconds=inf,time_percent_error=inf,nthreads=98,end_time=101784.585195,avg_power_W=137.666667,max_power_W=143.000000,avg_time_s=0.121559,released_listeners=1,
start_task=,name=lu_gemm,tick=149,start_time=101784.585301,nthreads=98,
message=tick stats,tick=149,estimated_current_power=-nan,
end_task=,name=lu_gemm,elapsed_seconds=0.125714,predicted_seconds=inf,time_percent_error=inf,nthreads=98,end_time=101784.729156,avg_power_W=144.333333,max_power_W=160.000000,avg_time_s=0.125714,released_listeners=0,
start_task=,name=lu_gemm,tick=150,start_time=101784.729239,nthreads=98,
message=tick stats,tick=150,estimated_current_power=-nan,
end_task=,name=lu_gemm,elapsed_seconds=0.121528,predicted_seconds=inf,time_percent_error=inf,nthreads=98,end_time=101784.852322,avg_power_W=139.000000,max_power_W=144.000000,avg_time_s=0.121528,released_listeners=1,
start_task=,name=lu_gemm,tick=151,start_time=101784.852402,nthreads=98,
message=tick stats,tick=151,estimated_current_power=-nan,
end_task=,name=lu_gemm,elapsed_seconds=0.121506,predicted_seconds=inf,time_percent_error=inf,nthreads=98,end_time=101784.979070,avg_power_W=142.666667,max_power_W=164.000000,avg_time_s=0.121506,released_listeners=0,
start_task=,name=lu_gemm,tick=152,start_time=101784.979167,nthreads=98,
message=tick stats,tick=152,estimated_current_power=-nan,
end_task=,name=lu_gemm,elapsed_seconds=0.125426,predicted_seconds=inf,time_percent_error=inf,nthreads=98,end_time=101785.106225,avg_power_W=143.000000,max_power_W=155.000000,avg_time_s=0.125426,released_listeners=1,
start_task=,name=lu_gemm,tick=153,start_time=101785.106303,nthreads=98,
message=tick stats,tick=153,estimated_current_power=-nan,
end_task=,name=lu_gemm,elapsed_seconds=0.127014,predicted_seconds=inf,time_percent_error=inf,nthreads=98,end_time=101785.234803,avg_power_W=134.666667,max_power_W=141.000000,avg_time_s=0.127014,released_listeners=0,
start_task=,name=lu_gemm,tick=154,start_time=101785.234879,nthreads=98,
message=tick stats,tick=154,estimated_current_power=-nan,
end_task=,name=lu_gemm,elapsed_seconds=0.124335,predicted_seconds=inf,time_percent_error=inf,nthreads=98,end_time=101785.360680,avg_power_W=148.000000,max_power_W=158.000000,avg_time_s=0.124335,released_listeners=0,
start_task=,name=getrfprofile,tick=155,start_time=101785.360757,nthreads=98,
message=tick stats,tick=155,estimated_current_power=-nan,
end_task=,name=getrfprofile,elapsed_seconds=0.641428,predicted_seconds=inf,time_percent_error=inf,nthreads=98,end_time=101786.003771,avg_power_W=145.461538,max_power_W=149.000000,avg_time_s=0.213809,released_listeners=1,
start_task=,name=getrf,tick=156,start_time=101786.003851,nthreads=98,
message=tick stats,tick=156,estimated_current_power=-nan,
end_task=,name=getrf,elapsed_seconds=0.169435,predicted_seconds=inf,time_percent_error=inf,nthreads=98,end_time=101786.179395,avg_power_W=145.000000,max_power_W=148.000000,avg_time_s=0.169435,released_listeners=4,
start_task=,name=trsm_leftprofile,tick=157,start_time=101786.179476,nthreads=98,
message=tick stats,tick=157,estimated_current_power=-nan,
end_task=,name=trsm_leftprofile,elapsed_seconds=0.781011,predicted_seconds=inf,time_percent_error=inf,nthreads=98,end_time=101786.961998,avg_power_W=136.400000,max_power_W=147.000000,avg_time_s=0.390505,released_listeners=1,
start_task=,name=trsm_rightprofile,tick=158,start_time=101786.962075,nthreads=98,
message=tick stats,tick=158,estimated_current_power=-nan,
end_task=,name=trsm_rightprofile,elapsed_seconds=0.526064,predicted_seconds=inf,time_percent_error=inf,nthreads=98,end_time=101787.490297,avg_power_W=152.636364,max_power_W=163.000000,avg_time_s=0.037576,released_listeners=1,
start_task=,name=trsm_leftprofile,tick=159,start_time=101787.490375,nthreads=98,
message=tick stats,tick=159,estimated_current_power=-nan,
end_task=,name=trsm_leftprofile,elapsed_seconds=0.636209,predicted_seconds=inf,time_percent_error=inf,nthreads=98,end_time=101788.128940,avg_power_W=136.692308,max_power_W=156.000000,avg_time_s=0.212070,released_listeners=1,
start_task=,name=trsm_rightprofile,tick=160,start_time=101788.129021,nthreads=98,
message=tick stats,tick=160,estimated_current_power=-nan,
end_task=,name=trsm_rightprofile,elapsed_seconds=0.524785,predicted_seconds=inf,time_percent_error=inf,nthreads=98,end_time=101788.655382,avg_power_W=154.500000,max_power_W=162.000000,avg_time_s=0.037485,released_listeners=1,
start_task=,name=trsm_left,tick=161,start_time=101788.655461,nthreads=98,
message=tick stats,tick=161,estimated_current_power=-nan,
end_task=,name=trsm_left,elapsed_seconds=0.458535,predicted_seconds=inf,time_percent_error=inf,nthreads=98,end_time=101789.129009,avg_power_W=140.400000,max_power_W=162.000000,avg_time_s=0.458535,released_listeners=2,
start_task=,name=trsm_right,tick=162,start_time=101789.129092,nthreads=98,
message=tick stats,tick=162,estimated_current_power=-nan,
end_task=,name=trsm_right,elapsed_seconds=0.079018,predicted_seconds=inf,time_percent_error=inf,nthreads=98,end_time=101789.209668,avg_power_W=142.000000,max_power_W=142.000000,avg_time_s=0.079018,released_listeners=2,
start_task=,name=trsm_left,tick=163,start_time=101789.209748,nthreads=98,
message=tick stats,tick=163,estimated_current_power=-nan,
end_task=,name=trsm_left,elapsed_seconds=0.405363,predicted_seconds=inf,time_percent_error=inf,nthreads=98,end_time=101789.629638,avg_power_W=137.666667,max_power_W=147.000000,avg_time_s=0.405363,released_listeners=2,
start_task=,name=trsm_right,tick=164,start_time=101789.629720,nthreads=98,
message=tick stats,tick=164,estimated_current_power=-nan,
end_task=,name=trsm_right,elapsed_seconds=0.081700,predicted_seconds=inf,time_percent_error=inf,nthreads=98,end_time=101789.712310,avg_power_W=142.000000,max_power_W=142.000000,avg_time_s=0.081700,released_listeners=2,
start_task=,name=lu_gemmprofile,tick=165,start_time=101789.712385,nthreads=98,
message=tick stats,tick=165,estimated_current_power=-nan,
end_task=,name=lu_gemmprofile,elapsed_seconds=0.537971,predicted_seconds=inf,time_percent_error=inf,nthreads=98,end_time=101790.251079,avg_power_W=153.454545,max_power_W=163.000000,avg_time_s=0.059775,released_listeners=1,
start_task=,name=lu_gemmprofile,tick=166,start_time=101790.251165,nthreads=98,
message=tick stats,tick=166,estimated_current_power=-nan,
end_task=,name=lu_gemmprofile,elapsed_seconds=0.576445,predicted_seconds=inf,time_percent_error=inf,nthreads=98,end_time=101790.828650,avg_power_W=152.250000,max_power_W=165.000000,avg_time_s=0.072056,released_listeners=1,
start_task=,name=lu_gemmprofile,tick=167,start_time=101790.828734,nthreads=98,
message=tick stats,tick=167,estimated_current_power=-nan,
end_task=,name=lu_gemmprofile,elapsed_seconds=0.554825,predicted_seconds=inf,time_percent_error=inf,nthreads=98,end_time=101791.384138,avg_power_W=156.000000,max_power_W=166.000000,avg_time_s=0.061647,released_listeners=1,
start_task=,name=lu_gemmprofile,tick=168,start_time=101791.384220,nthreads=98,
message=tick stats,tick=168,estimated_current_power=-nan,
end_task=,name=lu_gemmprofile,elapsed_seconds=0.548231,predicted_seconds=inf,time_percent_error=inf,nthreads=98,end_time=101791.933071,avg_power_W=155.545455,max_power_W=168.000000,avg_time_s=0.060915,released_listeners=1,
start_task=,name=lu_gemm,tick=169,start_time=101791.933158,nthreads=98,
message=tick stats,tick=169,estimated_current_power=-nan,
end_task=,name=lu_gemm,elapsed_seconds=0.104750,predicted_seconds=inf,time_percent_error=inf,nthreads=98,end_time=101792.038836,avg_power_W=143.000000,max_power_W=151.000000,avg_time_s=0.104750,released_listeners=1,
start_task=,name=lu_gemm,tick=170,start_time=101792.038917,nthreads=98,
message=tick stats,tick=170,estimated_current_power=-nan,
end_task=,name=lu_gemm,elapsed_seconds=0.121033,predicted_seconds=inf,time_percent_error=inf,nthreads=98,end_time=101792.160703,avg_power_W=150.500000,max_power_W=164.000000,avg_time_s=0.121033,released_listeners=1,
start_task=,name=lu_gemm,tick=171,start_time=101792.160785,nthreads=98,
message=tick stats,tick=171,estimated_current_power=-nan,
end_task=,name=lu_gemm,elapsed_seconds=0.123622,predicted_seconds=inf,time_percent_error=inf,nthreads=98,end_time=101792.285210,avg_power_W=140.666667,max_power_W=149.000000,avg_time_s=0.123622,released_listeners=1,
start_task=,name=lu_gemm,tick=172,start_time=101792.285290,nthreads=98,
message=tick stats,tick=172,estimated_current_power=-nan,
end_task=,name=lu_gemm,elapsed_seconds=0.126126,predicted_seconds=inf,time_percent_error=inf,nthreads=98,end_time=101792.429485,avg_power_W=146.000000,max_power_W=160.000000,avg_time_s=0.126126,released_listeners=0,
start_task=,name=getrfprofile,tick=173,start_time=101792.429566,nthreads=98,
message=tick stats,tick=173,estimated_current_power=-nan,
end_task=,name=getrfprofile,elapsed_seconds=0.543303,predicted_seconds=inf,time_percent_error=inf,nthreads=98,end_time=101792.979074,avg_power_W=145.636364,max_power_W=151.000000,avg_time_s=0.181101,released_listeners=1,
start_task=,name=getrf,tick=174,start_time=101792.979164,nthreads=98,
message=tick stats,tick=174,estimated_current_power=-nan,
end_task=,name=getrf,elapsed_seconds=0.166469,predicted_seconds=inf,time_percent_error=inf,nthreads=98,end_time=101793.146830,avg_power_W=142.000000,max_power_W=148.000000,avg_time_s=0.166469,released_listeners=2,
start_task=,name=trsm_leftprofile,tick=175,start_time=101793.146917,nthreads=98,
message=tick stats,tick=175,estimated_current_power=-nan,
end_task=,name=trsm_leftprofile,elapsed_seconds=0.913729,predicted_seconds=inf,time_percent_error=inf,nthreads=98,end_time=101794.061648,avg_power_W=137.333333,max_power_W=147.000000,avg_time_s=0.456864,released_listeners=1,
start_task=,name=trsm_rightprofile,tick=176,start_time=101794.061726,nthreads=98,
message=tick stats,tick=176,estimated_current_power=-nan,
end_task=,name=trsm_rightprofile,elapsed_seconds=0.531510,predicted_seconds=inf,time_percent_error=inf,nthreads=98,end_time=101794.593936,avg_power_W=155.818182,max_power_W=164.000000,avg_time_s=0.037965,released_listeners=1,
start_task=,name=trsm_left,tick=177,start_time=101794.594016,nthreads=98,
message=tick stats,tick=177,estimated_current_power=-nan,
end_task=,name=trsm_left,elapsed_seconds=0.217897,predicted_seconds=inf,time_percent_error=inf,nthreads=98,end_time=101794.830038,avg_power_W=143.400000,max_power_W=161.000000,avg_time_s=0.217897,released_listeners=1,
start_task=,name=trsm_right,tick=178,start_time=101794.830120,nthreads=98,
message=tick stats,tick=178,estimated_current_power=-nan,
end_task=,name=trsm_right,elapsed_seconds=0.079531,predicted_seconds=inf,time_percent_error=inf,nthreads=98,end_time=101794.910647,avg_power_W=139.000000,max_power_W=139.000000,avg_time_s=0.079531,released_listeners=1,
start_task=,name=lu_gemmprofile,tick=179,start_time=101794.910721,nthreads=98,
message=tick stats,tick=179,estimated_current_power=-nan,
end_task=,name=lu_gemmprofile,elapsed_seconds=0.554057,predicted_seconds=inf,time_percent_error=inf,nthreads=98,end_time=101795.479350,avg_power_W=152.166667,max_power_W=165.000000,avg_time_s=0.061562,released_listeners=1,
start_task=,name=lu_gemm,tick=180,start_time=101795.479433,nthreads=98,
message=tick stats,tick=180,estimated_current_power=-nan,
end_task=,name=lu_gemm,elapsed_seconds=0.111329,predicted_seconds=inf,time_percent_error=inf,nthreads=98,end_time=101795.592234,avg_power_W=137.500000,max_power_W=144.000000,avg_time_s=0.111329,released_listeners=1,
start_task=,name=getrfprofile,tick=181,start_time=101795.592313,nthreads=98,
message=tick stats,tick=181,estimated_current_power=-nan,
end_task=,name=getrfprofile,elapsed_seconds=0.544905,predicted_seconds=inf,time_percent_error=inf,nthreads=98,end_time=101796.137979,avg_power_W=145.727273,max_power_W=153.000000,avg_time_s=0.181635,released_listeners=1,
start_task=,name=getrf,tick=182,start_time=101796.138058,nthreads=98,
message=tick stats,tick=182,estimated_current_power=-nan,
end_task=,name=getrf,elapsed_seconds=0.169641,predicted_seconds=inf,time_percent_error=inf,nthreads=98,end_time=101796.308442,avg_power_W=141.000000,max_power_W=146.000000,avg_time_s=0.169641,released_listeners=0,
est_max_power=inf,
average_power_W=141.000000,
max_power_W=146.000000,
time_s=68.246038,
message=ALL DONE,
