message=cataloging configuration,max_threads=71,power_limit=inf,
start_task=,name=getrf,tick=1,start_time=354959.295469,nthreads=71,
message=tick stats,tick=1,estimated_current_power=76.600000,
end_task=,name=getrf,elapsed_seconds=0.536541,predicted_seconds=0.165179,time_percent_error=69.214181,nthreads=71,end_time=354959.833598,avg_power_W=133.700000,max_power_W=158.000000,avg_time_s=0.536541,released_listeners=10,
start_task=,name=trsm_left,tick=2,start_time=354959.833654,nthreads=8,
start_task=,name=trsm_right,tick=2,start_time=354959.833682,nthreads=7,
start_task=,name=trsm_left,tick=2,start_time=354959.833706,nthreads=7,
start_task=,name=trsm_right,tick=2,start_time=354959.833860,nthreads=7,
start_task=,name=trsm_left,tick=2,start_time=354959.833907,nthreads=7,
start_task=,name=trsm_right,tick=2,start_time=354959.834065,nthreads=7,
start_task=,name=trsm_left,tick=2,start_time=354959.834197,nthreads=7,
start_task=,name=trsm_left,tick=2,start_time=354959.834272,nthreads=7,
start_task=,name=trsm_right,tick=2,start_time=354959.834324,nthreads=7,
start_task=,name=trsm_right,tick=2,start_time=354959.834405,nthreads=7,
message=tick stats,tick=2,estimated_current_power=243.266667,
end_task=,name=trsm_left,elapsed_seconds=0.256920,predicted_seconds=0.089237,time_percent_error=65.266680,nthreads=8,end_time=354960.091122,avg_power_W=140.466667,max_power_W=161.000000,avg_time_s=0.256920,released_listeners=5,
end_task=,name=trsm_left,elapsed_seconds=0.275149,predicted_seconds=0.110786,time_percent_error=59.736060,nthreads=7,end_time=354960.109616,avg_power_W=143.562500,max_power_W=190.000000,avg_time_s=0.275149,released_listeners=5,
end_task=,name=trsm_left,elapsed_seconds=0.281180,predicted_seconds=0.110786,time_percent_error=60.599667,nthreads=7,end_time=354960.116021,avg_power_W=143.562500,max_power_W=190.000000,avg_time_s=0.281180,released_listeners=5,
end_task=,name=trsm_right,elapsed_seconds=0.288323,predicted_seconds=0.096093,time_percent_error=66.671970,nthreads=7,end_time=354960.122467,avg_power_W=143.562500,max_power_W=190.000000,avg_time_s=0.288323,released_listeners=5,
end_task=,name=trsm_left,elapsed_seconds=0.287979,predicted_seconds=0.110786,time_percent_error=61.529922,nthreads=7,end_time=354960.122497,avg_power_W=143.562500,max_power_W=190.000000,avg_time_s=0.287979,released_listeners=5,
start_task=,name=lu_gemm,tick=3,start_time=354960.122521,nthreads=9,
start_task=,name=lu_gemm,tick=3,start_time=354960.122541,nthreads=9,
start_task=,name=lu_gemm,tick=3,start_time=354960.122559,nthreads=9,
start_task=,name=lu_gemm,tick=3,start_time=354960.122577,nthreads=9,
message=tick stats,tick=3,estimated_current_power=237.475758,
end_task=,name=trsm_right,elapsed_seconds=0.300544,predicted_seconds=0.096093,time_percent_error=68.027091,nthreads=7,end_time=354960.176757,avg_power_W=147.411765,max_power_W=209.000000,avg_time_s=0.300544,released_listeners=5,
end_task=,name=trsm_left,elapsed_seconds=0.288338,predicted_seconds=0.110786,time_percent_error=61.577823,nthreads=7,end_time=354960.176790,avg_power_W=147.411765,max_power_W=209.000000,avg_time_s=0.288338,released_listeners=5,
end_task=,name=trsm_right,elapsed_seconds=0.304993,predicted_seconds=0.096093,time_percent_error=68.493540,nthreads=7,end_time=354960.176808,avg_power_W=147.411765,max_power_W=209.000000,avg_time_s=0.304993,released_listeners=5,
start_task=,name=lu_gemm,tick=4,start_time=354960.176822,nthreads=2,
start_task=,name=lu_gemm,tick=4,start_time=354960.176836,nthreads=2,
start_task=,name=lu_gemm,tick=4,start_time=354960.176855,nthreads=2,
start_task=,name=lu_gemm,tick=4,start_time=354960.176875,nthreads=2,
start_task=,name=lu_gemm,tick=4,start_time=354960.176903,nthreads=2,
start_task=,name=lu_gemm,tick=4,start_time=354960.176929,nthreads=2,
start_task=,name=lu_gemm,tick=4,start_time=354960.176958,nthreads=2,
start_task=,name=lu_gemm,tick=4,start_time=354960.176989,nthreads=2,
start_task=,name=lu_gemm,tick=4,start_time=354960.177025,nthreads=2,
start_task=,name=lu_gemm,tick=4,start_time=354960.177122,nthreads=2,
start_task=,name=lu_gemm,tick=4,start_time=354960.177163,nthreads=1,
message=tick stats,tick=4,estimated_current_power=331.906061,
end_task=,name=trsm_right,elapsed_seconds=0.306531,predicted_seconds=0.096093,time_percent_error=68.651590,nthreads=7,end_time=354960.334110,avg_power_W=149.250000,max_power_W=209.000000,avg_time_s=0.306531,released_listeners=5,
end_task=,name=trsm_right,elapsed_seconds=0.319736,predicted_seconds=0.096093,time_percent_error=69.946291,nthreads=7,end_time=354960.334150,avg_power_W=149.250000,max_power_W=209.000000,avg_time_s=0.319736,released_listeners=5,
start_task=,name=lu_gemm,tick=5,start_time=354960.334171,nthreads=2,
start_task=,name=lu_gemm,tick=5,start_time=354960.334189,nthreads=2,
start_task=,name=lu_gemm,tick=5,start_time=354960.334205,nthreads=2,
start_task=,name=lu_gemm,tick=5,start_time=354960.334235,nthreads=2,
start_task=,name=lu_gemm,tick=5,start_time=354960.334262,nthreads=1,
start_task=,name=lu_gemm,tick=5,start_time=354960.334515,nthreads=1,
start_task=,name=lu_gemm,tick=5,start_time=354960.334588,nthreads=1,
start_task=,name=lu_gemm,tick=5,start_time=354960.334973,nthreads=1,
start_task=,name=lu_gemm,tick=5,start_time=354960.335453,nthreads=1,
start_task=,name=lu_gemm,tick=5,start_time=354960.335627,nthreads=1,
message=tick stats,tick=5,estimated_current_power=421.772727,
end_task=,name=lu_gemm,elapsed_seconds=0.369274,predicted_seconds=0.129598,time_percent_error=64.904668,nthreads=9,end_time=354960.663759,avg_power_W=152.629630,max_power_W=209.000000,avg_time_s=0.369274,released_listeners=0,
end_task=,name=lu_gemm,elapsed_seconds=0.369259,predicted_seconds=0.129598,time_percent_error=64.903246,nthreads=9,end_time=354960.663806,avg_power_W=152.629630,max_power_W=209.000000,avg_time_s=0.369259,released_listeners=0,
end_task=,name=lu_gemm,elapsed_seconds=0.369279,predicted_seconds=0.129598,time_percent_error=64.905146,nthreads=9,end_time=354960.664445,avg_power_W=152.629630,max_power_W=209.000000,avg_time_s=0.369279,released_listeners=0,
end_task=,name=lu_gemm,elapsed_seconds=0.715482,predicted_seconds=0.129598,time_percent_error=81.886615,nthreads=9,end_time=354960.865849,avg_power_W=152.000000,max_power_W=209.000000,avg_time_s=0.715482,released_listeners=0,
end_task=,name=lu_gemm,elapsed_seconds=1.169136,predicted_seconds=0.504473,time_percent_error=56.850807,nthreads=2,end_time=354961.361949,avg_power_W=153.707317,max_power_W=209.000000,avg_time_s=1.169136,released_listeners=0,
end_task=,name=lu_gemm,elapsed_seconds=1.207148,predicted_seconds=0.504473,time_percent_error=58.209526,nthreads=2,end_time=354961.385707,avg_power_W=153.707317,max_power_W=209.000000,avg_time_s=1.207148,released_listeners=1,
end_task=,name=lu_gemm,elapsed_seconds=1.207752,predicted_seconds=0.504473,time_percent_error=58.230417,nthreads=2,end_time=354961.385843,avg_power_W=153.707317,max_power_W=209.000000,avg_time_s=1.207752,released_listeners=1,
end_task=,name=lu_gemm,elapsed_seconds=1.097665,predicted_seconds=0.504473,time_percent_error=54.041267,nthreads=2,end_time=354961.433337,avg_power_W=154.190476,max_power_W=209.000000,avg_time_s=1.097665,released_listeners=0,
end_task=,name=lu_gemm,elapsed_seconds=1.109591,predicted_seconds=0.504473,time_percent_error=54.535257,nthreads=2,end_time=354961.461753,avg_power_W=154.488372,max_power_W=209.000000,avg_time_s=1.109591,released_listeners=0,
end_task=,name=lu_gemm,elapsed_seconds=1.332680,predicted_seconds=0.504473,time_percent_error=62.145997,nthreads=2,end_time=354961.510033,avg_power_W=154.590909,max_power_W=209.000000,avg_time_s=1.332680,released_listeners=0,
end_task=,name=lu_gemm,elapsed_seconds=1.340397,predicted_seconds=0.504473,time_percent_error=62.363928,nthreads=2,end_time=354961.518412,avg_power_W=154.590909,max_power_W=209.000000,avg_time_s=1.340397,released_listeners=0,
end_task=,name=lu_gemm,elapsed_seconds=1.380140,predicted_seconds=0.504473,time_percent_error=63.447715,nthreads=2,end_time=354961.561358,avg_power_W=154.577778,max_power_W=209.000000,avg_time_s=1.380140,released_listeners=0,
end_task=,name=lu_gemm,elapsed_seconds=1.392126,predicted_seconds=0.504473,time_percent_error=63.762414,nthreads=2,end_time=354961.569716,avg_power_W=154.577778,max_power_W=209.000000,avg_time_s=1.392126,released_listeners=1,
end_task=,name=lu_gemm,elapsed_seconds=1.394254,predicted_seconds=0.504473,time_percent_error=63.817713,nthreads=2,end_time=354961.572050,avg_power_W=154.577778,max_power_W=209.000000,avg_time_s=1.394254,released_listeners=1,
start_task=,name=getrf,tick=6,start_time=354961.572083,nthreads=56,
message=tick stats,tick=6,estimated_current_power=232.345455,
end_task=,name=lu_gemm,elapsed_seconds=1.433541,predicted_seconds=0.504473,time_percent_error=64.809324,nthreads=2,end_time=354961.611376,avg_power_W=154.521739,max_power_W=209.000000,avg_time_s=1.433541,released_listeners=1,
end_task=,name=lu_gemm,elapsed_seconds=1.463636,predicted_seconds=0.504473,time_percent_error=65.532896,nthreads=2,end_time=354961.641671,avg_power_W=154.521739,max_power_W=209.000000,avg_time_s=1.463636,released_listeners=1,
end_task=,name=lu_gemm,elapsed_seconds=1.364219,predicted_seconds=0.504473,time_percent_error=63.021137,nthreads=2,end_time=354961.709729,avg_power_W=154.812500,max_power_W=209.000000,avg_time_s=1.364219,released_listeners=0,
end_task=,name=lu_gemm,elapsed_seconds=1.385631,predicted_seconds=0.504473,time_percent_error=63.592557,nthreads=2,end_time=354961.730186,avg_power_W=154.812500,max_power_W=209.000000,avg_time_s=1.385631,released_listeners=1,
end_task=,name=getrf,elapsed_seconds=0.280271,predicted_seconds=0.290143,time_percent_error=3.522431,nthreads=56,end_time=354961.860245,avg_power_W=155.764706,max_power_W=209.000000,avg_time_s=0.280271,released_listeners=8,
start_task=,name=trsm_left,tick=7,start_time=354961.860288,nthreads=11,
start_task=,name=trsm_right,tick=7,start_time=354961.860311,nthreads=11,
start_task=,name=trsm_left,tick=7,start_time=354961.860328,nthreads=11,
start_task=,name=trsm_right,tick=7,start_time=354961.860345,nthreads=11,
start_task=,name=trsm_left,tick=7,start_time=354961.860375,nthreads=10,
start_task=,name=trsm_right,tick=7,start_time=354961.860404,nthreads=10,
message=tick stats,tick=7,estimated_current_power=265.384848,
end_task=,name=lu_gemm,elapsed_seconds=1.721323,predicted_seconds=0.941325,time_percent_error=45.313849,nthreads=1,end_time=354961.990518,avg_power_W=156.245283,max_power_W=209.000000,avg_time_s=1.721323,released_listeners=1,
start_task=,name=trsm_left,tick=8,start_time=354961.990546,nthreads=1,
message=tick stats,tick=8,estimated_current_power=265.372727,
end_task=,name=trsm_left,elapsed_seconds=0.204193,predicted_seconds=0.071939,time_percent_error=64.768845,nthreads=11,end_time=354962.064849,avg_power_W=156.527273,max_power_W=209.000000,avg_time_s=0.204193,released_listeners=4,
end_task=,name=trsm_left,elapsed_seconds=0.212690,predicted_seconds=0.071939,time_percent_error=66.176447,nthreads=11,end_time=354962.073419,avg_power_W=156.527273,max_power_W=209.000000,avg_time_s=0.212690,released_listeners=4,
end_task=,name=trsm_right,elapsed_seconds=0.227903,predicted_seconds=0.070613,time_percent_error=69.016272,nthreads=11,end_time=354962.088685,avg_power_W=156.527273,max_power_W=209.000000,avg_time_s=0.227903,released_listeners=4,
start_task=,name=lu_gemm,tick=9,start_time=354962.088713,nthreads=17,
start_task=,name=lu_gemm,tick=9,start_time=354962.088734,nthreads=16,
message=tick stats,tick=9,estimated_current_power=253.024242,
end_task=,name=trsm_left,elapsed_seconds=0.231389,predicted_seconds=0.067551,time_percent_error=70.806366,nthreads=10,end_time=354962.112931,avg_power_W=157.196429,max_power_W=209.000000,avg_time_s=0.231389,released_listeners=4,
end_task=,name=trsm_right,elapsed_seconds=0.237751,predicted_seconds=0.066528,time_percent_error=72.017837,nthreads=10,end_time=354962.112968,avg_power_W=157.196429,max_power_W=209.000000,avg_time_s=0.237751,released_listeners=4,
start_task=,name=lu_gemm,tick=10,start_time=354962.112992,nthreads=5,
start_task=,name=lu_gemm,tick=10,start_time=354962.113011,nthreads=5,
start_task=,name=lu_gemm,tick=10,start_time=354962.113029,nthreads=5,
start_task=,name=lu_gemm,tick=10,start_time=354962.113046,nthreads=5,
message=tick stats,tick=10,estimated_current_power=277.345455,
end_task=,name=trsm_right,elapsed_seconds=0.251273,predicted_seconds=0.070613,time_percent_error=71.898031,nthreads=11,end_time=354962.113091,avg_power_W=157.196429,max_power_W=209.000000,avg_time_s=0.251273,released_listeners=4,
start_task=,name=lu_gemm,tick=11,start_time=354962.113112,nthreads=4,
start_task=,name=lu_gemm,tick=11,start_time=354962.113129,nthreads=4,
start_task=,name=lu_gemm,tick=11,start_time=354962.113160,nthreads=3,
message=tick stats,tick=11,estimated_current_power=299.987879,
end_task=,name=lu_gemm,elapsed_seconds=1.838496,predicted_seconds=0.941325,time_percent_error=48.799143,nthreads=1,end_time=354962.210258,avg_power_W=158.086207,max_power_W=209.000000,avg_time_s=1.838496,released_listeners=0,
end_task=,name=lu_gemm,elapsed_seconds=1.873859,predicted_seconds=0.941325,time_percent_error=49.765416,nthreads=1,end_time=354962.216552,avg_power_W=158.086207,max_power_W=209.000000,avg_time_s=1.873859,released_listeners=0,
end_task=,name=lu_gemm,elapsed_seconds=1.858899,predicted_seconds=0.941325,time_percent_error=49.361132,nthreads=1,end_time=354962.216584,avg_power_W=158.086207,max_power_W=209.000000,avg_time_s=1.858899,released_listeners=0,
end_task=,name=lu_gemm,elapsed_seconds=1.911397,predicted_seconds=0.941325,time_percent_error=50.751975,nthreads=1,end_time=354962.260677,avg_power_W=158.406780,max_power_W=209.000000,avg_time_s=1.911397,released_listeners=0,
end_task=,name=lu_gemm,elapsed_seconds=0.164692,predicted_seconds=0.084030,time_percent_error=48.977385,nthreads=17,end_time=354962.260710,avg_power_W=158.406780,max_power_W=209.000000,avg_time_s=0.164692,released_listeners=1,
start_task=,name=getrf,tick=12,start_time=354962.260735,nthreads=21,
message=tick stats,tick=12,estimated_current_power=249.400000,
end_task=,name=lu_gemm,elapsed_seconds=0.198031,predicted_seconds=0.101467,time_percent_error=48.762189,nthreads=16,end_time=354962.320876,avg_power_W=158.750000,max_power_W=209.000000,avg_time_s=0.198031,released_listeners=1,
end_task=,name=lu_gemm,elapsed_seconds=1.947372,predicted_seconds=0.941325,time_percent_error=51.661757,nthreads=1,end_time=354962.321080,avg_power_W=158.750000,max_power_W=209.000000,avg_time_s=1.947372,released_listeners=0,
end_task=,name=lu_gemm,elapsed_seconds=2.003831,predicted_seconds=0.941325,time_percent_error=53.023700,nthreads=1,end_time=354962.338801,avg_power_W=158.750000,max_power_W=209.000000,avg_time_s=2.003831,released_listeners=1,
start_task=,name=trsm_right,tick=13,start_time=354962.338829,nthreads=18,
message=tick stats,tick=13,estimated_current_power=227.296970,
end_task=,name=trsm_right,elapsed_seconds=0.163342,predicted_seconds=0.047755,time_percent_error=70.763874,nthreads=18,end_time=354962.510449,avg_power_W=159.156250,max_power_W=209.000000,avg_time_s=0.163342,released_listeners=4,
start_task=,name=lu_gemm,tick=14,start_time=354962.510478,nthreads=6,
start_task=,name=lu_gemm,tick=14,start_time=354962.510498,nthreads=6,
start_task=,name=lu_gemm,tick=14,start_time=354962.510516,nthreads=6,
message=tick stats,tick=14,estimated_current_power=256.490909,
end_task=,name=getrf,elapsed_seconds=0.322254,predicted_seconds=0.103309,time_percent_error=67.941876,nthreads=21,end_time=354962.583552,avg_power_W=159.569231,max_power_W=209.000000,avg_time_s=0.322254,released_listeners=6,
start_task=,name=trsm_left,tick=15,start_time=354962.583581,nthreads=21,
message=tick stats,tick=15,estimated_current_power=258.024242,
end_task=,name=trsm_left,elapsed_seconds=0.623065,predicted_seconds=0.574743,time_percent_error=7.755636,nthreads=1,end_time=354962.630136,avg_power_W=159.984848,max_power_W=209.000000,avg_time_s=0.623065,released_listeners=4,
end_task=,name=lu_gemm,elapsed_seconds=0.505511,predicted_seconds=0.192589,time_percent_error=61.902069,nthreads=5,end_time=354962.630170,avg_power_W=159.984848,max_power_W=209.000000,avg_time_s=0.505511,released_listeners=1,
start_task=,name=lu_gemm,tick=16,start_time=354962.630188,nthreads=2,
start_task=,name=lu_gemm,tick=16,start_time=354962.630205,nthreads=1,
start_task=,name=lu_gemm,tick=16,start_time=354962.630227,nthreads=1,
start_task=,name=lu_gemm,tick=16,start_time=354962.630243,nthreads=1,
start_task=,name=trsm_left,tick=16,start_time=354962.630496,nthreads=1,
message=tick stats,tick=16,estimated_current_power=291.978788,
end_task=,name=trsm_left,elapsed_seconds=0.122997,predicted_seconds=0.041364,time_percent_error=66.370251,nthreads=21,end_time=354962.709789,avg_power_W=160.544118,max_power_W=209.000000,avg_time_s=0.122997,released_listeners=3,
end_task=,name=lu_gemm,elapsed_seconds=0.618230,predicted_seconds=0.192589,time_percent_error=68.848302,nthreads=5,end_time=354962.731885,avg_power_W=160.544118,max_power_W=209.000000,avg_time_s=0.618230,released_listeners=1,
start_task=,name=trsm_right,tick=17,start_time=354962.731915,nthreads=26,
message=tick stats,tick=17,estimated_current_power=279.515152,
end_task=,name=lu_gemm,elapsed_seconds=0.630191,predicted_seconds=0.348405,time_percent_error=44.714419,nthreads=4,end_time=354962.760926,avg_power_W=160.985507,max_power_W=209.000000,avg_time_s=0.630191,released_listeners=1,
start_task=,name=trsm_right,tick=18,start_time=354962.760954,nthreads=4,
message=tick stats,tick=18,estimated_current_power=279.678788,
end_task=,name=lu_gemm,elapsed_seconds=0.650721,predicted_seconds=0.348405,time_percent_error=46.458644,nthreads=4,end_time=354962.774600,avg_power_W=160.985507,max_power_W=209.000000,avg_time_s=0.650721,released_listeners=0,
end_task=,name=lu_gemm,elapsed_seconds=0.673364,predicted_seconds=0.192589,time_percent_error=71.398926,nthreads=5,end_time=354962.787590,avg_power_W=160.985507,max_power_W=209.000000,avg_time_s=0.673364,released_listeners=0,
end_task=,name=lu_gemm,elapsed_seconds=0.687060,predicted_seconds=0.192589,time_percent_error=71.969099,nthreads=5,end_time=354962.810081,avg_power_W=161.342857,max_power_W=209.000000,avg_time_s=0.687060,released_listeners=0,
end_task=,name=trsm_right,elapsed_seconds=0.074269,predicted_seconds=0.034606,time_percent_error=53.404743,nthreads=26,end_time=354962.816850,avg_power_W=161.342857,max_power_W=209.000000,avg_time_s=0.074269,released_listeners=3,
start_task=,name=lu_gemm,tick=19,start_time=354962.816883,nthreads=40,
message=tick stats,tick=19,estimated_current_power=240.542424,
end_task=,name=lu_gemm,elapsed_seconds=0.711217,predicted_seconds=0.354475,time_percent_error=50.159333,nthreads=3,end_time=354962.831160,avg_power_W=161.342857,max_power_W=209.000000,avg_time_s=0.711217,released_listeners=0,
end_task=,name=lu_gemm,elapsed_seconds=0.110642,predicted_seconds=0.046303,time_percent_error=58.150311,nthreads=40,end_time=354962.928251,avg_power_W=161.805556,max_power_W=209.000000,avg_time_s=0.110642,released_listeners=1,
end_task=,name=trsm_right,elapsed_seconds=0.178614,predicted_seconds=0.144540,time_percent_error=19.077152,nthreads=4,end_time=354962.940198,avg_power_W=161.805556,max_power_W=209.000000,avg_time_s=0.178614,released_listeners=3,
start_task=,name=lu_gemm,tick=20,start_time=354962.940232,nthreads=47,
message=tick stats,tick=20,estimated_current_power=217.615152,
end_task=,name=lu_gemm,elapsed_seconds=0.492060,predicted_seconds=0.191546,time_percent_error=61.072642,nthreads=6,end_time=354963.010806,avg_power_W=162.202703,max_power_W=209.000000,avg_time_s=0.492060,released_listeners=1,
end_task=,name=lu_gemm,elapsed_seconds=0.486221,predicted_seconds=0.191546,time_percent_error=60.605185,nthreads=6,end_time=354963.010838,avg_power_W=162.202703,max_power_W=209.000000,avg_time_s=0.486221,released_listeners=0,
start_task=,name=trsm_right,tick=21,start_time=354963.010860,nthreads=12,
message=tick stats,tick=21,estimated_current_power=203.096970,
end_task=,name=lu_gemm,elapsed_seconds=0.080374,predicted_seconds=0.041485,time_percent_error=48.385164,nthreads=47,end_time=354963.026432,avg_power_W=162.202703,max_power_W=209.000000,avg_time_s=0.080374,released_listeners=1,
start_task=,name=getrf,tick=22,start_time=354963.026460,nthreads=47,
message=tick stats,tick=22,estimated_current_power=187.227273,
end_task=,name=lu_gemm,elapsed_seconds=0.520463,predicted_seconds=0.191546,time_percent_error=63.197005,nthreads=6,end_time=354963.031239,avg_power_W=162.202703,max_power_W=209.000000,avg_time_s=0.520463,released_listeners=0,
end_task=,name=getrf,elapsed_seconds=0.007442,predicted_seconds=0.278005,time_percent_error=3635.655019,nthreads=47,end_time=354963.037074,avg_power_W=162.202703,max_power_W=209.000000,avg_time_s=0.007442,released_listeners=4,
start_task=,name=trsm_right,tick=23,start_time=354963.037116,nthreads=53,
message=tick stats,tick=23,estimated_current_power=184.584848,
end_task=,name=trsm_right,elapsed_seconds=0.041678,predicted_seconds=0.026438,time_percent_error=36.567256,nthreads=53,end_time=354963.079332,avg_power_W=162.466667,max_power_W=209.000000,avg_time_s=0.041678,released_listeners=2,
end_task=,name=trsm_right,elapsed_seconds=0.062808,predicted_seconds=0.056154,time_percent_error=10.593679,nthreads=12,end_time=354963.094406,avg_power_W=162.466667,max_power_W=209.000000,avg_time_s=0.062808,released_listeners=3,
start_task=,name=lu_gemm,tick=24,start_time=354963.094443,nthreads=65,
message=tick stats,tick=24,estimated_current_power=159.533333,
end_task=,name=lu_gemm,elapsed_seconds=0.089604,predicted_seconds=0.043854,time_percent_error=51.057779,nthreads=65,end_time=354963.184607,avg_power_W=162.922078,max_power_W=209.000000,avg_time_s=0.089604,released_listeners=1,
start_task=,name=trsm_right,tick=25,start_time=354963.184648,nthreads=65,
message=tick stats,tick=25,estimated_current_power=148.884848,
end_task=,name=trsm_left,elapsed_seconds=0.588813,predicted_seconds=0.574743,time_percent_error=2.389621,nthreads=1,end_time=354963.219793,avg_power_W=162.948718,max_power_W=209.000000,avg_time_s=0.588813,released_listeners=3,
start_task=,name=lu_gemm,tick=26,start_time=354963.219819,nthreads=1,
message=tick stats,tick=26,estimated_current_power=148.896970,
end_task=,name=trsm_right,elapsed_seconds=0.054355,predicted_seconds=0.047406,time_percent_error=12.785558,nthreads=65,end_time=354963.240372,avg_power_W=162.948718,max_power_W=209.000000,avg_time_s=0.054355,released_listeners=2,
start_task=,name=lu_gemm,tick=27,start_time=354963.240406,nthreads=33,
start_task=,name=lu_gemm,tick=27,start_time=354963.240429,nthreads=32,
message=tick stats,tick=27,estimated_current_power=191.972727,
end_task=,name=lu_gemm,elapsed_seconds=0.674347,predicted_seconds=0.504473,time_percent_error=25.190874,nthreads=2,end_time=354963.320273,avg_power_W=163.425000,max_power_W=209.000000,avg_time_s=0.674347,released_listeners=1,
start_task=,name=trsm_left,tick=28,start_time=354963.320299,nthreads=2,
message=tick stats,tick=28,estimated_current_power=191.790909,
end_task=,name=lu_gemm,elapsed_seconds=0.131053,predicted_seconds=0.051310,time_percent_error=60.848294,nthreads=33,end_time=354963.371940,avg_power_W=163.444444,max_power_W=209.000000,avg_time_s=0.131053,released_listeners=0,
end_task=,name=lu_gemm,elapsed_seconds=0.137993,predicted_seconds=0.056525,time_percent_error=59.037965,nthreads=32,end_time=354963.378981,avg_power_W=163.444444,max_power_W=209.000000,avg_time_s=0.137993,released_listeners=0,
end_task=,name=trsm_left,elapsed_seconds=0.329613,predicted_seconds=0.296172,time_percent_error=10.145698,nthreads=2,end_time=354963.659785,avg_power_W=163.942529,max_power_W=209.000000,avg_time_s=0.329613,released_listeners=3,
start_task=,name=lu_gemm,tick=29,start_time=354963.659811,nthreads=23,
start_task=,name=lu_gemm,tick=29,start_time=354963.659834,nthreads=22,
start_task=,name=lu_gemm,tick=29,start_time=354963.659859,nthreads=22,
message=tick stats,tick=29,estimated_current_power=192.354545,
end_task=,name=lu_gemm,elapsed_seconds=1.106972,predicted_seconds=0.941325,time_percent_error=14.963940,nthreads=1,end_time=354963.738040,avg_power_W=163.920455,max_power_W=209.000000,avg_time_s=1.106972,released_listeners=0,
end_task=,name=lu_gemm,elapsed_seconds=1.135897,predicted_seconds=0.941325,time_percent_error=17.129343,nthreads=1,end_time=354963.766817,avg_power_W=163.842697,max_power_W=209.000000,avg_time_s=1.135897,released_listeners=0,
end_task=,name=lu_gemm,elapsed_seconds=1.180184,predicted_seconds=0.941325,time_percent_error=20.239124,nthreads=1,end_time=354963.811806,avg_power_W=163.700000,max_power_W=209.000000,avg_time_s=1.180184,released_listeners=0,
end_task=,name=lu_gemm,elapsed_seconds=0.171524,predicted_seconds=0.069582,time_percent_error=59.432824,nthreads=22,end_time=354963.832308,avg_power_W=163.700000,max_power_W=209.000000,avg_time_s=0.171524,released_listeners=0,
end_task=,name=lu_gemm,elapsed_seconds=0.176564,predicted_seconds=0.068544,time_percent_error=61.179178,nthreads=23,end_time=354963.837491,avg_power_W=163.700000,max_power_W=209.000000,avg_time_s=0.176564,released_listeners=1,
start_task=,name=trsm_left,tick=30,start_time=354963.837556,nthreads=48,
message=tick stats,tick=30,estimated_current_power=144.251515,
end_task=,name=lu_gemm,elapsed_seconds=0.177757,predicted_seconds=0.069582,time_percent_error=60.855318,nthreads=22,end_time=354963.839038,avg_power_W=163.700000,max_power_W=209.000000,avg_time_s=0.177757,released_listeners=0,
end_task=,name=trsm_left,elapsed_seconds=0.049929,predicted_seconds=0.022895,time_percent_error=54.145203,nthreads=48,end_time=354963.888434,avg_power_W=164.021978,max_power_W=209.000000,avg_time_s=0.049929,released_listeners=2,
start_task=,name=lu_gemm,tick=31,start_time=354963.888485,nthreads=35,
start_task=,name=lu_gemm,tick=31,start_time=354963.888521,nthreads=35,
message=tick stats,tick=31,estimated_current_power=142.772727,
end_task=,name=lu_gemm,elapsed_seconds=0.130639,predicted_seconds=0.051684,time_percent_error=60.437437,nthreads=35,end_time=354964.020076,avg_power_W=164.021277,max_power_W=209.000000,avg_time_s=0.130639,released_listeners=1,
end_task=,name=lu_gemm,elapsed_seconds=0.141637,predicted_seconds=0.051684,time_percent_error=63.509411,nthreads=35,end_time=354964.031102,avg_power_W=164.021277,max_power_W=209.000000,avg_time_s=0.141637,released_listeners=0,
end_task=,name=lu_gemm,elapsed_seconds=1.090697,predicted_seconds=0.941325,time_percent_error=13.695017,nthreads=1,end_time=354964.311064,avg_power_W=163.790000,max_power_W=209.000000,avg_time_s=1.090697,released_listeners=1,
start_task=,name=trsm_left,tick=32,start_time=354964.311093,nthreads=71,
message=tick stats,tick=32,estimated_current_power=83.966667,
end_task=,name=trsm_left,elapsed_seconds=0.030448,predicted_seconds=0.037232,time_percent_error=22.279993,nthreads=71,end_time=354964.342168,avg_power_W=163.790000,max_power_W=209.000000,avg_time_s=0.030448,released_listeners=2,
start_task=,name=lu_gemm,tick=33,start_time=354964.342218,nthreads=36,
start_task=,name=lu_gemm,tick=33,start_time=354964.342252,nthreads=35,
message=tick stats,tick=33,estimated_current_power=130.472727,
end_task=,name=lu_gemm,elapsed_seconds=0.121524,predicted_seconds=0.049587,time_percent_error=59.196162,nthreads=36,end_time=354964.464325,avg_power_W=163.689320,max_power_W=209.000000,avg_time_s=0.121524,released_listeners=1,
start_task=,name=getrf,tick=34,start_time=354964.464375,nthreads=36,
message=tick stats,tick=34,estimated_current_power=119.130303,
end_task=,name=lu_gemm,elapsed_seconds=0.144418,predicted_seconds=0.051684,time_percent_error=64.212234,nthreads=35,end_time=354964.489465,avg_power_W=163.689320,max_power_W=209.000000,avg_time_s=0.144418,released_listeners=1,
end_task=,name=getrf,elapsed_seconds=0.033213,predicted_seconds=0.278987,time_percent_error=740.005394,nthreads=36,end_time=354964.510013,avg_power_W=163.855769,max_power_W=209.000000,avg_time_s=0.033213,released_listeners=2,
start_task=,name=trsm_left,tick=35,start_time=354964.510062,nthreads=36,
start_task=,name=trsm_right,tick=35,start_time=354964.510099,nthreads=35,
message=tick stats,tick=35,estimated_current_power=129.400000,
end_task=,name=trsm_left,elapsed_seconds=0.052295,predicted_seconds=0.026904,time_percent_error=48.554231,nthreads=36,end_time=354964.563388,avg_power_W=163.819048,max_power_W=209.000000,avg_time_s=0.052295,released_listeners=1,
end_task=,name=trsm_right,elapsed_seconds=0.066762,predicted_seconds=0.031837,time_percent_error=52.312169,nthreads=35,end_time=354964.577551,avg_power_W=163.819048,max_power_W=209.000000,avg_time_s=0.066762,released_listeners=1,
start_task=,name=lu_gemm,tick=36,start_time=354964.577615,nthreads=71,
message=tick stats,tick=36,estimated_current_power=95.245455,
end_task=,name=lu_gemm,elapsed_seconds=0.076603,predicted_seconds=0.040560,time_percent_error=47.052322,nthreads=71,end_time=354964.659883,avg_power_W=163.728972,max_power_W=209.000000,avg_time_s=0.076603,released_listeners=1,
start_task=,name=getrf,tick=37,start_time=354964.659951,nthreads=71,
message=tick stats,tick=37,estimated_current_power=76.600000,
end_task=,name=getrf,elapsed_seconds=0.021748,predicted_seconds=0.165179,time_percent_error=659.521733,nthreads=71,end_time=354964.682828,avg_power_W=163.728972,max_power_W=209.000000,avg_time_s=0.021748,released_listeners=0,
est_max_power=421.772727,
average_power_W=163.728972,
max_power_W=209.000000,
time_s=5.387406,
message=ALL DONE,
