message=cataloging configuration,max_threads=50,power_limit=inf,
start_task=,name=getrf,tick=1,start_time=355185.753758,nthreads=50,
message=tick stats,tick=1,estimated_current_power=74.933333,
end_task=,name=getrf,elapsed_seconds=0.601929,predicted_seconds=0.285695,time_percent_error=52.536733,nthreads=50,end_time=355186.369970,avg_power_W=132.666667,max_power_W=153.000000,avg_time_s=0.601929,released_listeners=10,
start_task=,name=trsm_right,tick=2,start_time=355186.370027,nthreads=5,
start_task=,name=trsm_left,tick=2,start_time=355186.370061,nthreads=5,
start_task=,name=trsm_right,tick=2,start_time=355186.370084,nthreads=5,
start_task=,name=trsm_right,tick=2,start_time=355186.370132,nthreads=5,
start_task=,name=trsm_left,tick=2,start_time=355186.370193,nthreads=5,
start_task=,name=trsm_right,tick=2,start_time=355186.370690,nthreads=5,
start_task=,name=trsm_left,tick=2,start_time=355186.370889,nthreads=5,
start_task=,name=trsm_left,tick=2,start_time=355186.370989,nthreads=5,
start_task=,name=trsm_right,tick=2,start_time=355186.371107,nthreads=5,
start_task=,name=trsm_left,tick=2,start_time=355186.371152,nthreads=5,
message=tick stats,tick=2,estimated_current_power=208.333333,
end_task=,name=trsm_right,elapsed_seconds=0.229252,predicted_seconds=0.123832,time_percent_error=45.984137,nthreads=5,end_time=355186.599761,avg_power_W=137.562500,max_power_W=167.000000,avg_time_s=0.229252,released_listeners=5,
end_task=,name=trsm_right,elapsed_seconds=0.234101,predicted_seconds=0.123832,time_percent_error=47.103116,nthreads=5,end_time=355186.617840,avg_power_W=141.176471,max_power_W=199.000000,avg_time_s=0.234101,released_listeners=5,
end_task=,name=trsm_right,elapsed_seconds=0.243912,predicted_seconds=0.123832,time_percent_error=49.230724,nthreads=5,end_time=355186.617872,avg_power_W=141.176471,max_power_W=199.000000,avg_time_s=0.243912,released_listeners=5,
end_task=,name=trsm_left,elapsed_seconds=0.248606,predicted_seconds=0.151930,time_percent_error=38.887282,nthreads=5,end_time=355186.619211,avg_power_W=141.176471,max_power_W=199.000000,avg_time_s=0.248606,released_listeners=5,
start_task=,name=lu_gemm,tick=3,start_time=355186.619238,nthreads=7,
start_task=,name=lu_gemm,tick=3,start_time=355186.619257,nthreads=7,
start_task=,name=lu_gemm,tick=3,start_time=355186.619274,nthreads=6,
message=tick stats,tick=3,estimated_current_power=191.106061,
end_task=,name=trsm_right,elapsed_seconds=0.249180,predicted_seconds=0.123832,time_percent_error=50.304067,nthreads=5,end_time=355186.625408,avg_power_W=141.176471,max_power_W=199.000000,avg_time_s=0.249180,released_listeners=5,
end_task=,name=trsm_left,elapsed_seconds=0.248312,predicted_seconds=0.151930,time_percent_error=38.815001,nthreads=5,end_time=355186.625443,avg_power_W=141.176471,max_power_W=199.000000,avg_time_s=0.248312,released_listeners=5,
end_task=,name=trsm_left,elapsed_seconds=0.248476,predicted_seconds=0.151930,time_percent_error=38.855227,nthreads=5,end_time=355186.625469,avg_power_W=141.176471,max_power_W=199.000000,avg_time_s=0.248476,released_listeners=5,
start_task=,name=lu_gemm,tick=4,start_time=355186.625489,nthreads=2,
start_task=,name=lu_gemm,tick=4,start_time=355186.625508,nthreads=2,
start_task=,name=lu_gemm,tick=4,start_time=355186.625525,nthreads=2,
start_task=,name=lu_gemm,tick=4,start_time=355186.625541,nthreads=2,
start_task=,name=lu_gemm,tick=4,start_time=355186.625573,nthreads=2,
start_task=,name=lu_gemm,tick=4,start_time=355186.625607,nthreads=2,
start_task=,name=lu_gemm,tick=4,start_time=355186.625636,nthreads=1,
start_task=,name=lu_gemm,tick=4,start_time=355186.625885,nthreads=1,
start_task=,name=lu_gemm,tick=4,start_time=355186.625916,nthreads=1,
message=tick stats,tick=4,estimated_current_power=261.366667,
end_task=,name=trsm_right,elapsed_seconds=0.288685,predicted_seconds=0.123832,time_percent_error=57.104655,nthreads=5,end_time=355186.692318,avg_power_W=144.222222,max_power_W=199.000000,avg_time_s=0.288685,released_listeners=5,
end_task=,name=trsm_left,elapsed_seconds=0.288347,predicted_seconds=0.151930,time_percent_error=47.310005,nthreads=5,end_time=355186.692521,avg_power_W=144.222222,max_power_W=199.000000,avg_time_s=0.288347,released_listeners=5,
start_task=,name=lu_gemm,tick=5,start_time=355186.692547,nthreads=2,
start_task=,name=lu_gemm,tick=5,start_time=355186.692561,nthreads=2,
start_task=,name=lu_gemm,tick=5,start_time=355186.692590,nthreads=1,
start_task=,name=lu_gemm,tick=5,start_time=355186.692610,nthreads=1,
start_task=,name=lu_gemm,tick=5,start_time=355186.692627,nthreads=1,
start_task=,name=lu_gemm,tick=5,start_time=355186.692659,nthreads=1,
start_task=,name=lu_gemm,tick=5,start_time=355186.692697,nthreads=1,
start_task=,name=lu_gemm,tick=5,start_time=355186.692726,nthreads=1,
message=tick stats,tick=5,estimated_current_power=328.936364,
end_task=,name=trsm_left,elapsed_seconds=0.254943,predicted_seconds=0.151930,time_percent_error=40.406297,nthreads=5,end_time=355186.717573,avg_power_W=145.157895,max_power_W=199.000000,avg_time_s=0.254943,released_listeners=5,
start_task=,name=lu_gemm,tick=6,start_time=355186.717600,nthreads=1,
start_task=,name=lu_gemm,tick=6,start_time=355186.717619,nthreads=1,
start_task=,name=lu_gemm,tick=6,start_time=355186.717892,nthreads=1,
start_task=,name=lu_gemm,tick=6,start_time=355186.717921,nthreads=1,
start_task=,name=lu_gemm,tick=6,start_time=355186.717948,nthreads=1,
message=tick stats,tick=6,estimated_current_power=374.063636,
end_task=,name=lu_gemm,elapsed_seconds=0.869791,predicted_seconds=0.191813,time_percent_error=77.947269,nthreads=7,end_time=355187.490055,avg_power_W=148.617647,max_power_W=199.000000,avg_time_s=0.869791,released_listeners=0,
end_task=,name=lu_gemm,elapsed_seconds=0.877410,predicted_seconds=0.191813,time_percent_error=78.138747,nthreads=7,end_time=355187.497387,avg_power_W=148.617647,max_power_W=199.000000,avg_time_s=0.877410,released_listeners=1,
end_task=,name=lu_gemm,elapsed_seconds=0.883841,predicted_seconds=0.191546,time_percent_error=78.328006,nthreads=6,end_time=355187.503634,avg_power_W=148.617647,max_power_W=199.000000,avg_time_s=0.883841,released_listeners=0,
end_task=,name=lu_gemm,elapsed_seconds=0.897850,predicted_seconds=0.504473,time_percent_error=43.813244,nthreads=2,end_time=355187.524118,avg_power_W=149.114286,max_power_W=199.000000,avg_time_s=0.897850,released_listeners=1,
end_task=,name=lu_gemm,elapsed_seconds=0.907563,predicted_seconds=0.504473,time_percent_error=44.414591,nthreads=2,end_time=355187.538044,avg_power_W=149.114286,max_power_W=199.000000,avg_time_s=0.907563,released_listeners=1,
end_task=,name=lu_gemm,elapsed_seconds=1.066714,predicted_seconds=0.504473,time_percent_error=52.707780,nthreads=2,end_time=355187.694121,avg_power_W=150.315789,max_power_W=199.000000,avg_time_s=1.066714,released_listeners=1,
end_task=,name=lu_gemm,elapsed_seconds=1.085337,predicted_seconds=0.504473,time_percent_error=53.519228,nthreads=2,end_time=355187.718351,avg_power_W=150.641026,max_power_W=199.000000,avg_time_s=1.085337,released_listeners=1,
start_task=,name=getrf,tick=7,start_time=355187.718383,nthreads=28,
message=tick stats,tick=7,estimated_current_power=293.663636,
end_task=,name=lu_gemm,elapsed_seconds=1.133585,predicted_seconds=0.504473,time_percent_error=55.497588,nthreads=2,end_time=355187.768851,avg_power_W=150.950000,max_power_W=199.000000,avg_time_s=1.133585,released_listeners=1,
end_task=,name=lu_gemm,elapsed_seconds=1.186926,predicted_seconds=0.504473,time_percent_error=57.497526,nthreads=2,end_time=355187.820010,avg_power_W=151.146341,max_power_W=199.000000,avg_time_s=1.186926,released_listeners=0,
end_task=,name=getrf,elapsed_seconds=0.133844,predicted_seconds=0.082277,time_percent_error=38.527541,nthreads=28,end_time=355187.868800,avg_power_W=151.595238,max_power_W=199.000000,avg_time_s=0.133844,released_listeners=8,
start_task=,name=trsm_left,tick=8,start_time=355187.868828,nthreads=7,
start_task=,name=trsm_right,tick=8,start_time=355187.868846,nthreads=7,
start_task=,name=trsm_right,tick=8,start_time=355187.868863,nthreads=6,
start_task=,name=trsm_left,tick=8,start_time=355187.868879,nthreads=6,
start_task=,name=trsm_right,tick=8,start_time=355187.869131,nthreads=6,
message=tick stats,tick=8,estimated_current_power=327.233333,
end_task=,name=lu_gemm,elapsed_seconds=1.250606,predicted_seconds=0.504473,time_percent_error=59.661745,nthreads=2,end_time=355187.991703,avg_power_W=152.204545,max_power_W=199.000000,avg_time_s=1.250606,released_listeners=1,
start_task=,name=trsm_right,tick=9,start_time=355187.991732,nthreads=2,
message=tick stats,tick=9,estimated_current_power=325.984848,
end_task=,name=lu_gemm,elapsed_seconds=1.437810,predicted_seconds=0.941325,time_percent_error=34.530597,nthreads=1,end_time=355188.070252,avg_power_W=152.478261,max_power_W=199.000000,avg_time_s=1.437810,released_listeners=0,
end_task=,name=lu_gemm,elapsed_seconds=1.402475,predicted_seconds=0.941325,time_percent_error=32.881125,nthreads=1,end_time=355188.070281,avg_power_W=152.478261,max_power_W=199.000000,avg_time_s=1.402475,released_listeners=0,
end_task=,name=lu_gemm,elapsed_seconds=1.336655,predicted_seconds=0.504473,time_percent_error=62.258556,nthreads=2,end_time=355188.070304,avg_power_W=152.478261,max_power_W=199.000000,avg_time_s=1.336655,released_listeners=0,
end_task=,name=trsm_right,elapsed_seconds=0.242678,predicted_seconds=0.096093,time_percent_error=60.403335,nthreads=7,end_time=355188.120267,avg_power_W=153.106383,max_power_W=199.000000,avg_time_s=0.242678,released_listeners=4,
end_task=,name=trsm_right,elapsed_seconds=0.249724,predicted_seconds=0.106841,time_percent_error=57.216384,nthreads=6,end_time=355188.121708,avg_power_W=153.106383,max_power_W=199.000000,avg_time_s=0.249724,released_listeners=4,
end_task=,name=trsm_right,elapsed_seconds=0.250404,predicted_seconds=0.106841,time_percent_error=57.332607,nthreads=6,end_time=355188.122034,avg_power_W=153.106383,max_power_W=199.000000,avg_time_s=0.250404,released_listeners=4,
end_task=,name=trsm_left,elapsed_seconds=0.258014,predicted_seconds=0.111642,time_percent_error=56.730317,nthreads=6,end_time=355188.128830,avg_power_W=153.106383,max_power_W=199.000000,avg_time_s=0.258014,released_listeners=4,
start_task=,name=lu_gemm,tick=10,start_time=355188.128855,nthreads=10,
start_task=,name=lu_gemm,tick=10,start_time=355188.128874,nthreads=10,
start_task=,name=lu_gemm,tick=10,start_time=355188.128890,nthreads=9,
message=tick stats,tick=10,estimated_current_power=278.833333,
end_task=,name=trsm_left,elapsed_seconds=0.264813,predicted_seconds=0.110786,time_percent_error=58.164499,nthreads=7,end_time=355188.169871,avg_power_W=153.708333,max_power_W=199.000000,avg_time_s=0.264813,released_listeners=4,
start_task=,name=lu_gemm,tick=11,start_time=355188.169896,nthreads=3,
start_task=,name=lu_gemm,tick=11,start_time=355188.169909,nthreads=2,
start_task=,name=lu_gemm,tick=11,start_time=355188.169921,nthreads=2,
message=tick stats,tick=11,estimated_current_power=302.833333,
end_task=,name=lu_gemm,elapsed_seconds=1.632515,predicted_seconds=0.941325,time_percent_error=42.338927,nthreads=1,end_time=355188.269041,avg_power_W=153.840000,max_power_W=199.000000,avg_time_s=1.632515,released_listeners=0,
end_task=,name=trsm_right,elapsed_seconds=0.357202,predicted_seconds=0.278595,time_percent_error=22.006242,nthreads=2,end_time=355188.371743,avg_power_W=154.307692,max_power_W=199.000000,avg_time_s=0.357202,released_listeners=4,
start_task=,name=lu_gemm,tick=12,start_time=355188.371770,nthreads=2,
start_task=,name=lu_gemm,tick=12,start_time=355188.371788,nthreads=1,
message=tick stats,tick=12,estimated_current_power=304.081818,
end_task=,name=lu_gemm,elapsed_seconds=1.704865,predicted_seconds=0.941325,time_percent_error=44.785935,nthreads=1,end_time=355188.440237,avg_power_W=154.660377,max_power_W=199.000000,avg_time_s=1.704865,released_listeners=0,
end_task=,name=lu_gemm,elapsed_seconds=0.313503,predicted_seconds=0.129186,time_percent_error=58.792709,nthreads=10,end_time=355188.443412,avg_power_W=154.660377,max_power_W=199.000000,avg_time_s=0.313503,released_listeners=1,
end_task=,name=lu_gemm,elapsed_seconds=0.320465,predicted_seconds=0.129186,time_percent_error=59.687957,nthreads=10,end_time=355188.450358,avg_power_W=154.660377,max_power_W=199.000000,avg_time_s=0.320465,released_listeners=0,
end_task=,name=lu_gemm,elapsed_seconds=1.764437,predicted_seconds=0.941325,time_percent_error=46.650108,nthreads=1,end_time=355188.469286,avg_power_W=155.000000,max_power_W=199.000000,avg_time_s=1.764437,released_listeners=0,
end_task=,name=lu_gemm,elapsed_seconds=1.779458,predicted_seconds=0.941325,time_percent_error=47.100447,nthreads=1,end_time=355188.472843,avg_power_W=155.000000,max_power_W=199.000000,avg_time_s=1.779458,released_listeners=0,
end_task=,name=lu_gemm,elapsed_seconds=1.764687,predicted_seconds=0.941325,time_percent_error=46.657651,nthreads=1,end_time=355188.483272,avg_power_W=155.000000,max_power_W=199.000000,avg_time_s=1.764687,released_listeners=0,
end_task=,name=lu_gemm,elapsed_seconds=1.789715,predicted_seconds=0.941325,time_percent_error=47.403605,nthreads=1,end_time=355188.483302,avg_power_W=155.000000,max_power_W=199.000000,avg_time_s=1.789715,released_listeners=0,
end_task=,name=lu_gemm,elapsed_seconds=1.798991,predicted_seconds=0.941325,time_percent_error=47.674803,nthreads=1,end_time=355188.520917,avg_power_W=155.290909,max_power_W=199.000000,avg_time_s=1.798991,released_listeners=1,
end_task=,name=lu_gemm,elapsed_seconds=0.375843,predicted_seconds=0.129598,time_percent_error=65.518070,nthreads=9,end_time=355188.520948,avg_power_W=155.290909,max_power_W=199.000000,avg_time_s=0.375843,released_listeners=0,
start_task=,name=trsm_left,tick=13,start_time=355188.520975,nthreads=35,
message=tick stats,tick=13,estimated_current_power=204.754545,
end_task=,name=lu_gemm,elapsed_seconds=1.868950,predicted_seconds=0.941325,time_percent_error=49.633449,nthreads=1,end_time=355188.570160,avg_power_W=155.517857,max_power_W=199.000000,avg_time_s=1.868950,released_listeners=1,
end_task=,name=lu_gemm,elapsed_seconds=1.856683,predicted_seconds=0.941325,time_percent_error=49.300686,nthreads=1,end_time=355188.570191,avg_power_W=155.517857,max_power_W=199.000000,avg_time_s=1.856683,released_listeners=0,
end_task=,name=lu_gemm,elapsed_seconds=1.855533,predicted_seconds=0.941325,time_percent_error=49.269259,nthreads=1,end_time=355188.570215,avg_power_W=155.517857,max_power_W=199.000000,avg_time_s=1.855533,released_listeners=0,
start_task=,name=trsm_left,tick=14,start_time=355188.570234,nthreads=3,
message=tick stats,tick=14,estimated_current_power=180.651515,
end_task=,name=trsm_left,elapsed_seconds=0.083911,predicted_seconds=0.029037,time_percent_error=65.396145,nthreads=35,end_time=355188.620942,avg_power_W=155.614035,max_power_W=199.000000,avg_time_s=0.083911,released_listeners=4,
start_task=,name=lu_gemm,tick=15,start_time=355188.620971,nthreads=9,
start_task=,name=lu_gemm,tick=15,start_time=355188.620991,nthreads=9,
start_task=,name=lu_gemm,tick=15,start_time=355188.621012,nthreads=9,
start_task=,name=lu_gemm,tick=15,start_time=355188.621030,nthreads=8,
message=tick stats,tick=15,estimated_current_power=223.551515,
end_task=,name=lu_gemm,elapsed_seconds=1.892207,predicted_seconds=0.941325,time_percent_error=50.252497,nthreads=1,end_time=355188.621297,avg_power_W=155.614035,max_power_W=199.000000,avg_time_s=1.892207,released_listeners=0,
end_task=,name=lu_gemm,elapsed_seconds=1.932714,predicted_seconds=0.941325,time_percent_error=51.295146,nthreads=1,end_time=355188.769874,avg_power_W=156.216667,max_power_W=199.000000,avg_time_s=1.932714,released_listeners=0,
end_task=,name=lu_gemm,elapsed_seconds=0.523269,predicted_seconds=0.354475,time_percent_error=32.257606,nthreads=3,end_time=355188.769906,avg_power_W=156.216667,max_power_W=199.000000,avg_time_s=0.523269,released_listeners=1,
start_task=,name=getrf,tick=16,start_time=355188.769926,nthreads=5,
message=tick stats,tick=16,estimated_current_power=201.090909,
end_task=,name=getrf,elapsed_seconds=0.057048,predicted_seconds=0.422023,time_percent_error=639.762429,nthreads=5,end_time=355188.828576,avg_power_W=156.295082,max_power_W=199.000000,avg_time_s=0.057048,released_listeners=6,
start_task=,name=trsm_left,tick=17,start_time=355188.828602,nthreads=5,
message=tick stats,tick=17,estimated_current_power=201.424242,
end_task=,name=lu_gemm,elapsed_seconds=0.663028,predicted_seconds=0.504473,time_percent_error=23.913779,nthreads=2,end_time=355188.871853,avg_power_W=156.500000,max_power_W=199.000000,avg_time_s=0.663028,released_listeners=1,
end_task=,name=lu_gemm,elapsed_seconds=0.693707,predicted_seconds=0.504473,time_percent_error=27.278705,nthreads=2,end_time=355188.871889,avg_power_W=156.500000,max_power_W=199.000000,avg_time_s=0.693707,released_listeners=1,
start_task=,name=trsm_right,tick=18,start_time=355188.871911,nthreads=2,
start_task=,name=trsm_right,tick=18,start_time=355188.871928,nthreads=2,
message=tick stats,tick=18,estimated_current_power=198.927273,
end_task=,name=trsm_left,elapsed_seconds=0.336690,predicted_seconds=0.277695,time_percent_error=17.522224,nthreads=3,end_time=355188.920193,avg_power_W=156.825397,max_power_W=199.000000,avg_time_s=0.336690,released_listeners=4,
start_task=,name=lu_gemm,tick=19,start_time=355188.920220,nthreads=1,
start_task=,name=lu_gemm,tick=19,start_time=355188.920238,nthreads=1,
start_task=,name=lu_gemm,tick=19,start_time=355188.920254,nthreads=1,
message=tick stats,tick=19,estimated_current_power=223.030303,
end_task=,name=lu_gemm,elapsed_seconds=0.592440,predicted_seconds=0.504473,time_percent_error=14.848286,nthreads=2,end_time=355189.029235,avg_power_W=157.523077,max_power_W=199.000000,avg_time_s=0.592440,released_listeners=1,
start_task=,name=lu_gemm,tick=20,start_time=355189.029265,nthreads=1,
start_task=,name=trsm_right,tick=20,start_time=355189.029294,nthreads=1,
message=tick stats,tick=20,estimated_current_power=233.360606,
end_task=,name=lu_gemm,elapsed_seconds=0.360800,predicted_seconds=0.129598,time_percent_error=64.080391,nthreads=9,end_time=355189.068843,avg_power_W=157.621212,max_power_W=199.000000,avg_time_s=0.360800,released_listeners=1,
end_task=,name=lu_gemm,elapsed_seconds=0.385331,predicted_seconds=0.129598,time_percent_error=66.367115,nthreads=9,end_time=355189.068882,avg_power_W=157.621212,max_power_W=199.000000,avg_time_s=0.385331,released_listeners=0,
end_task=,name=lu_gemm,elapsed_seconds=0.391442,predicted_seconds=0.129598,time_percent_error=66.892189,nthreads=9,end_time=355189.068920,avg_power_W=157.621212,max_power_W=199.000000,avg_time_s=0.391442,released_listeners=0,
end_task=,name=lu_gemm,elapsed_seconds=0.378113,predicted_seconds=0.189636,time_percent_error=49.846768,nthreads=8,end_time=355189.068952,avg_power_W=157.621212,max_power_W=199.000000,avg_time_s=0.378113,released_listeners=0,
start_task=,name=trsm_left,tick=21,start_time=355189.068986,nthreads=35,
message=tick stats,tick=21,estimated_current_power=190.460606,
end_task=,name=trsm_left,elapsed_seconds=0.206725,predicted_seconds=0.151930,time_percent_error=26.506308,nthreads=5,end_time=355189.089400,avg_power_W=157.621212,max_power_W=199.000000,avg_time_s=0.206725,released_listeners=3,
end_task=,name=trsm_right,elapsed_seconds=0.249679,predicted_seconds=0.278595,time_percent_error=11.581343,nthreads=2,end_time=355189.122512,avg_power_W=157.626866,max_power_W=199.000000,avg_time_s=0.249679,released_listeners=3,
start_task=,name=lu_gemm,tick=22,start_time=355189.122539,nthreads=7,
message=tick stats,tick=22,estimated_current_power=178.609091,
end_task=,name=trsm_left,elapsed_seconds=0.097947,predicted_seconds=0.029037,time_percent_error=70.354838,nthreads=35,end_time=355189.170181,avg_power_W=157.617647,max_power_W=199.000000,avg_time_s=0.097947,released_listeners=3,
start_task=,name=lu_gemm,tick=23,start_time=355189.170214,nthreads=35,
message=tick stats,tick=23,estimated_current_power=179.572727,
end_task=,name=trsm_right,elapsed_seconds=0.304032,predicted_seconds=0.278595,time_percent_error=8.366436,nthreads=2,end_time=355189.178669,avg_power_W=157.617647,max_power_W=199.000000,avg_time_s=0.304032,released_listeners=3,
start_task=,name=lu_gemm,tick=24,start_time=355189.178692,nthreads=1,
start_task=,name=lu_gemm,tick=24,start_time=355189.178709,nthreads=1,
message=tick stats,tick=24,estimated_current_power=191.430303,
end_task=,name=lu_gemm,elapsed_seconds=0.146065,predicted_seconds=0.051684,time_percent_error=64.615571,nthreads=35,end_time=355189.319305,avg_power_W=157.619718,max_power_W=199.000000,avg_time_s=0.146065,released_listeners=1,
start_task=,name=getrf,tick=25,start_time=355189.319344,nthreads=35,
message=tick stats,tick=25,estimated_current_power=182.666667,
end_task=,name=getrf,elapsed_seconds=0.033264,predicted_seconds=0.248467,time_percent_error=646.959352,nthreads=35,end_time=355189.353384,avg_power_W=157.619718,max_power_W=199.000000,avg_time_s=0.033264,released_listeners=4,
end_task=,name=lu_gemm,elapsed_seconds=1.035476,predicted_seconds=0.941325,time_percent_error=9.092504,nthreads=1,end_time=355189.418231,avg_power_W=157.739726,max_power_W=199.000000,avg_time_s=1.035476,released_listeners=0,
end_task=,name=trsm_right,elapsed_seconds=0.530325,predicted_seconds=0.547737,time_percent_error=3.283237,nthreads=1,end_time=355189.568832,avg_power_W=157.657895,max_power_W=199.000000,avg_time_s=0.530325,released_listeners=3,
start_task=,name=lu_gemm,tick=26,start_time=355189.568860,nthreads=19,
start_task=,name=lu_gemm,tick=26,start_time=355189.568881,nthreads=18,
message=tick stats,tick=26,estimated_current_power=181.536364,
end_task=,name=lu_gemm,elapsed_seconds=0.602857,predicted_seconds=0.191813,time_percent_error=68.182703,nthreads=7,end_time=355189.726081,avg_power_W=157.582278,max_power_W=199.000000,avg_time_s=0.602857,released_listeners=1,
start_task=,name=trsm_left,tick=27,start_time=355189.726110,nthreads=7,
message=tick stats,tick=27,estimated_current_power=182.154545,
end_task=,name=lu_gemm,elapsed_seconds=0.160279,predicted_seconds=0.081794,time_percent_error=48.967634,nthreads=19,end_time=355189.768107,avg_power_W=157.712500,max_power_W=199.000000,avg_time_s=0.160279,released_listeners=1,
end_task=,name=lu_gemm,elapsed_seconds=0.192300,predicted_seconds=0.085762,time_percent_error=55.401850,nthreads=18,end_time=355189.768144,avg_power_W=157.712500,max_power_W=199.000000,avg_time_s=0.192300,released_listeners=0,
start_task=,name=trsm_right,tick=28,start_time=355189.768170,nthreads=37,
message=tick stats,tick=28,estimated_current_power=166.006061,
end_task=,name=trsm_right,elapsed_seconds=0.081531,predicted_seconds=0.030929,time_percent_error=62.064909,nthreads=37,end_time=355189.850227,avg_power_W=157.765432,max_power_W=199.000000,avg_time_s=0.081531,released_listeners=2,
end_task=,name=trsm_left,elapsed_seconds=0.165941,predicted_seconds=0.110786,time_percent_error=33.238031,nthreads=7,end_time=355189.892835,avg_power_W=157.756098,max_power_W=199.000000,avg_time_s=0.165941,released_listeners=2,
start_task=,name=lu_gemm,tick=29,start_time=355189.892868,nthreads=44,
message=tick stats,tick=29,estimated_current_power=156.627273,
end_task=,name=lu_gemm,elapsed_seconds=1.004739,predicted_seconds=0.941325,time_percent_error=6.311406,nthreads=1,end_time=355189.929168,avg_power_W=157.855422,max_power_W=199.000000,avg_time_s=1.004739,released_listeners=1,
start_task=,name=trsm_left,tick=30,start_time=355189.929193,nthreads=1,
message=tick stats,tick=30,estimated_current_power=156.615152,
end_task=,name=lu_gemm,elapsed_seconds=0.120956,predicted_seconds=0.042157,time_percent_error=65.146560,nthreads=44,end_time=355190.019730,avg_power_W=157.776471,max_power_W=199.000000,avg_time_s=0.120956,released_listeners=1,
start_task=,name=getrf,tick=31,start_time=355190.019766,nthreads=44,
message=tick stats,tick=31,estimated_current_power=141.693939,
end_task=,name=getrf,elapsed_seconds=0.035189,predicted_seconds=0.286159,time_percent_error=713.208373,nthreads=44,end_time=355190.069173,avg_power_W=157.918605,max_power_W=199.000000,avg_time_s=0.035189,released_listeners=2,
end_task=,name=lu_gemm,elapsed_seconds=1.163207,predicted_seconds=0.941325,time_percent_error=19.075010,nthreads=1,end_time=355190.084358,avg_power_W=157.918605,max_power_W=199.000000,avg_time_s=1.163207,released_listeners=0,
end_task=,name=lu_gemm,elapsed_seconds=1.195053,predicted_seconds=0.941325,time_percent_error=21.231499,nthreads=1,end_time=355190.118578,avg_power_W=157.908046,max_power_W=199.000000,avg_time_s=1.195053,released_listeners=0,
end_task=,name=lu_gemm,elapsed_seconds=1.150583,predicted_seconds=0.941325,time_percent_error=18.187073,nthreads=1,end_time=355190.180753,avg_power_W=157.886364,max_power_W=199.000000,avg_time_s=1.150583,released_listeners=0,
end_task=,name=lu_gemm,elapsed_seconds=1.049349,predicted_seconds=0.941325,time_percent_error=10.294360,nthreads=1,end_time=355190.229243,avg_power_W=157.842697,max_power_W=199.000000,avg_time_s=1.049349,released_listeners=0,
end_task=,name=lu_gemm,elapsed_seconds=1.222130,predicted_seconds=0.941325,time_percent_error=22.976675,nthreads=1,end_time=355190.402275,avg_power_W=157.489130,max_power_W=199.000000,avg_time_s=1.222130,released_listeners=1,
start_task=,name=trsm_right,tick=32,start_time=355190.402326,nthreads=49,
message=tick stats,tick=32,estimated_current_power=94.866667,
end_task=,name=trsm_left,elapsed_seconds=0.516206,predicted_seconds=0.574743,time_percent_error=11.339740,nthreads=1,end_time=355190.447075,avg_power_W=157.161290,max_power_W=199.000000,avg_time_s=0.516206,released_listeners=3,
start_task=,name=lu_gemm,tick=33,start_time=355190.447114,nthreads=1,
message=tick stats,tick=33,estimated_current_power=94.878788,
end_task=,name=trsm_right,elapsed_seconds=0.049151,predicted_seconds=0.028512,time_percent_error=41.990479,nthreads=49,end_time=355190.469242,avg_power_W=156.840426,max_power_W=199.000000,avg_time_s=0.049151,released_listeners=2,
start_task=,name=lu_gemm,tick=34,start_time=355190.469295,nthreads=17,
start_task=,name=lu_gemm,tick=34,start_time=355190.469331,nthreads=16,
start_task=,name=lu_gemm,tick=34,start_time=355190.469357,nthreads=16,
message=tick stats,tick=34,estimated_current_power=122.509091,
end_task=,name=lu_gemm,elapsed_seconds=0.180789,predicted_seconds=0.101467,time_percent_error=43.875443,nthreads=16,end_time=355190.650723,avg_power_W=156.536082,max_power_W=199.000000,avg_time_s=0.180789,released_listeners=1,
start_task=,name=trsm_right,tick=35,start_time=355190.650749,nthreads=16,
message=tick stats,tick=35,estimated_current_power=124.630303,
end_task=,name=lu_gemm,elapsed_seconds=0.191341,predicted_seconds=0.084030,time_percent_error=56.083583,nthreads=17,end_time=355190.669131,avg_power_W=156.673469,max_power_W=199.000000,avg_time_s=0.191341,released_listeners=0,
end_task=,name=lu_gemm,elapsed_seconds=0.200767,predicted_seconds=0.101467,time_percent_error=49.460415,nthreads=16,end_time=355190.670581,avg_power_W=156.673469,max_power_W=199.000000,avg_time_s=0.200767,released_listeners=0,
end_task=,name=trsm_right,elapsed_seconds=0.061311,predicted_seconds=0.049407,time_percent_error=19.415898,nthreads=16,end_time=355190.718698,avg_power_W=156.777778,max_power_W=199.000000,avg_time_s=0.061311,released_listeners=1,
end_task=,name=lu_gemm,elapsed_seconds=0.964388,predicted_seconds=0.941325,time_percent_error=2.391389,nthreads=1,end_time=355191.418928,avg_power_W=153.787611,max_power_W=199.000000,avg_time_s=0.964388,released_listeners=1,
start_task=,name=trsm_left,tick=36,start_time=355191.418978,nthreads=50,
message=tick stats,tick=36,estimated_current_power=88.700000,
end_task=,name=trsm_left,elapsed_seconds=0.036248,predicted_seconds=0.021844,time_percent_error=39.738549,nthreads=50,end_time=355191.469055,avg_power_W=153.517544,max_power_W=199.000000,avg_time_s=0.036248,released_listeners=2,
start_task=,name=lu_gemm,tick=37,start_time=355191.469106,nthreads=25,
start_task=,name=lu_gemm,tick=37,start_time=355191.469153,nthreads=25,
message=tick stats,tick=37,estimated_current_power=100.418182,
end_task=,name=lu_gemm,elapsed_seconds=0.115699,predicted_seconds=0.062123,time_percent_error=46.305815,nthreads=25,end_time=355191.585440,avg_power_W=153.431034,max_power_W=199.000000,avg_time_s=0.115699,released_listeners=1,
start_task=,name=trsm_left,tick=38,start_time=355191.585489,nthreads=25,
message=tick stats,tick=38,estimated_current_power=95.909091,
end_task=,name=lu_gemm,elapsed_seconds=0.130690,predicted_seconds=0.062123,time_percent_error=52.464936,nthreads=25,end_time=355191.600489,avg_power_W=153.431034,max_power_W=199.000000,avg_time_s=0.130690,released_listeners=0,
end_task=,name=trsm_left,elapsed_seconds=0.048536,predicted_seconds=0.036244,time_percent_error=25.325811,nthreads=25,end_time=355191.634764,avg_power_W=153.461538,max_power_W=199.000000,avg_time_s=0.048536,released_listeners=1,
start_task=,name=lu_gemm,tick=39,start_time=355191.634817,nthreads=50,
message=tick stats,tick=39,estimated_current_power=86.681818,
end_task=,name=lu_gemm,elapsed_seconds=0.075660,predicted_seconds=0.041523,time_percent_error=45.119066,nthreads=50,end_time=355191.719799,avg_power_W=153.605042,max_power_W=199.000000,avg_time_s=0.075660,released_listeners=1,
start_task=,name=getrf,tick=40,start_time=355191.719859,nthreads=50,
message=tick stats,tick=40,estimated_current_power=74.933333,
end_task=,name=getrf,elapsed_seconds=0.005470,predicted_seconds=0.285695,time_percent_error=5122.817459,nthreads=50,end_time=355191.725949,avg_power_W=153.605042,max_power_W=199.000000,avg_time_s=0.005470,released_listeners=0,
est_max_power=374.063636,
average_power_W=153.605042,
max_power_W=199.000000,
time_s=5.972234,
message=ALL DONE,
