message=cataloging configuration,max_threads=112,power_limit=100.000000,
start_task=,name=getrf,tick=1,start_time=358717.656956,nthreads=28,
message=tick stats,tick=1,estimated_current_power=49.100000,
end_task=,name=getrf,elapsed_seconds=0.328734,predicted_seconds=0.082277,time_percent_error=74.971552,nthreads=28,end_time=358717.986773,avg_power_W=121.833333,max_power_W=135.000000,avg_time_s=0.328734,released_listeners=10,
start_task=,name=trsm_left,tick=2,start_time=358718.052703,nthreads=1,
start_task=,name=trsm_right,tick=2,start_time=358718.052742,nthreads=1,
start_task=,name=trsm_left,tick=2,start_time=358718.052767,nthreads=1,
start_task=,name=trsm_left,tick=2,start_time=358718.053048,nthreads=1,
start_task=,name=trsm_right,tick=2,start_time=358718.053732,nthreads=1,
start_task=,name=trsm_left,tick=2,start_time=358718.054081,nthreads=1,
start_task=,name=trsm_right,tick=2,start_time=358718.054588,nthreads=1,
message=tick stats,tick=2,estimated_current_power=90.433333,
end_task=,name=trsm_right,elapsed_seconds=0.496205,predicted_seconds=0.547737,time_percent_error=10.385221,nthreads=1,end_time=358718.549669,avg_power_W=132.529412,max_power_W=148.000000,avg_time_s=0.496205,released_listeners=5,
start_task=,name=trsm_right,tick=3,start_time=358718.549947,nthreads=1,
message=tick stats,tick=3,estimated_current_power=90.433333,
end_task=,name=trsm_right,elapsed_seconds=0.505433,predicted_seconds=0.547737,time_percent_error=8.369846,nthreads=1,end_time=358718.572257,avg_power_W=132.666667,max_power_W=148.000000,avg_time_s=0.505433,released_listeners=5,
start_task=,name=trsm_left,tick=4,start_time=358718.572380,nthreads=1,
message=tick stats,tick=4,estimated_current_power=90.700000,
end_task=,name=trsm_right,elapsed_seconds=0.518489,predicted_seconds=0.547737,time_percent_error=5.640924,nthreads=1,end_time=358718.576955,avg_power_W=132.666667,max_power_W=148.000000,avg_time_s=0.518489,released_listeners=5,
start_task=,name=trsm_right,tick=5,start_time=358718.577001,nthreads=6,
message=tick stats,tick=5,estimated_current_power=99.700000,
end_task=,name=trsm_left,elapsed_seconds=0.530090,predicted_seconds=0.574743,time_percent_error=8.423604,nthreads=1,end_time=358718.583386,avg_power_W=132.666667,max_power_W=148.000000,avg_time_s=0.530090,released_listeners=5,
start_task=,name=lu_gemm,tick=6,start_time=358718.588039,nthreads=1,
message=tick stats,tick=6,estimated_current_power=99.712121,
end_task=,name=trsm_left,elapsed_seconds=0.537735,predicted_seconds=0.574743,time_percent_error=6.882111,nthreads=1,end_time=358718.592838,avg_power_W=132.666667,max_power_W=148.000000,avg_time_s=0.537735,released_listeners=5,
start_task=,name=lu_gemm,tick=7,start_time=358718.598868,nthreads=1,
message=tick stats,tick=7,estimated_current_power=99.724242,
end_task=,name=trsm_left,elapsed_seconds=0.539255,predicted_seconds=0.574743,time_percent_error=6.580767,nthreads=1,end_time=358718.598920,avg_power_W=132.666667,max_power_W=148.000000,avg_time_s=0.539255,released_listeners=5,
end_task=,name=trsm_left,elapsed_seconds=0.535813,predicted_seconds=0.574743,time_percent_error=7.265550,nthreads=1,end_time=358718.598972,avg_power_W=132.666667,max_power_W=148.000000,avg_time_s=0.535813,released_listeners=5,
start_task=,name=lu_gemm,tick=8,start_time=358718.630616,nthreads=1,
start_task=,name=lu_gemm,tick=8,start_time=358718.630640,nthreads=1,
message=tick stats,tick=8,estimated_current_power=99.748485,
end_task=,name=trsm_right,elapsed_seconds=0.125968,predicted_seconds=0.106841,time_percent_error=15.183889,nthreads=6,end_time=358718.703528,avg_power_W=132.850000,max_power_W=148.000000,avg_time_s=0.125968,released_listeners=5,
start_task=,name=lu_gemm,tick=9,start_time=358718.733190,nthreads=1,
message=tick stats,tick=9,estimated_current_power=91.027273,
end_task=,name=trsm_right,elapsed_seconds=0.489444,predicted_seconds=0.547737,time_percent_error=11.909999,nthreads=1,end_time=358719.040332,avg_power_W=133.000000,max_power_W=148.000000,avg_time_s=0.489444,released_listeners=5,
start_task=,name=lu_gemm,tick=10,start_time=358719.073976,nthreads=1,
message=tick stats,tick=10,estimated_current_power=91.306061,
end_task=,name=trsm_left,elapsed_seconds=0.511960,predicted_seconds=0.574743,time_percent_error=12.263171,nthreads=1,end_time=358719.084943,avg_power_W=132.964286,max_power_W=148.000000,avg_time_s=0.511960,released_listeners=5,
start_task=,name=lu_gemm,tick=11,start_time=358719.123589,nthreads=1,
message=tick stats,tick=11,estimated_current_power=91.318182,
end_task=,name=lu_gemm,elapsed_seconds=0.950170,predicted_seconds=0.941325,time_percent_error=0.930812,nthreads=1,end_time=358719.538875,avg_power_W=131.891892,max_power_W=148.000000,avg_time_s=0.950170,released_listeners=1,
start_task=,name=lu_gemm,tick=12,start_time=358719.577121,nthreads=1,
message=tick stats,tick=12,estimated_current_power=91.318182,
end_task=,name=lu_gemm,elapsed_seconds=0.939994,predicted_seconds=0.941325,time_percent_error=0.141692,nthreads=1,end_time=358719.577154,avg_power_W=131.789474,max_power_W=148.000000,avg_time_s=0.939994,released_listeners=1,
end_task=,name=lu_gemm,elapsed_seconds=0.943182,predicted_seconds=0.941325,time_percent_error=0.196818,nthreads=1,end_time=358719.577179,avg_power_W=131.789474,max_power_W=148.000000,avg_time_s=0.943182,released_listeners=1,
end_task=,name=lu_gemm,elapsed_seconds=0.927732,predicted_seconds=0.941325,time_percent_error=1.465257,nthreads=1,end_time=358719.577205,avg_power_W=131.789474,max_power_W=148.000000,avg_time_s=0.927732,released_listeners=0,
start_task=,name=lu_gemm,tick=13,start_time=358719.580311,nthreads=1,
start_task=,name=lu_gemm,tick=13,start_time=358719.580333,nthreads=1,
start_task=,name=lu_gemm,tick=13,start_time=358719.580349,nthreads=1,
message=tick stats,tick=13,estimated_current_power=91.318182,
end_task=,name=lu_gemm,elapsed_seconds=0.923105,predicted_seconds=0.941325,time_percent_error=1.973836,nthreads=1,end_time=358719.672165,avg_power_W=131.500000,max_power_W=148.000000,avg_time_s=0.923105,released_listeners=1,
start_task=,name=lu_gemm,tick=14,start_time=358719.673206,nthreads=1,
message=tick stats,tick=14,estimated_current_power=91.318182,
end_task=,name=lu_gemm,elapsed_seconds=0.927161,predicted_seconds=0.941325,time_percent_error=1.527715,nthreads=1,end_time=358720.002001,avg_power_W=130.586957,max_power_W=148.000000,avg_time_s=0.927161,released_listeners=1,
start_task=,name=lu_gemm,tick=15,start_time=358720.002958,nthreads=1,
message=tick stats,tick=15,estimated_current_power=91.318182,
end_task=,name=lu_gemm,elapsed_seconds=0.915603,predicted_seconds=0.941325,time_percent_error=2.809387,nthreads=1,end_time=358720.039782,avg_power_W=130.425532,max_power_W=148.000000,avg_time_s=0.915603,released_listeners=0,
start_task=,name=lu_gemm,tick=16,start_time=358720.040655,nthreads=1,
message=tick stats,tick=16,estimated_current_power=91.318182,
end_task=,name=lu_gemm,elapsed_seconds=0.922634,predicted_seconds=0.941325,time_percent_error=2.025903,nthreads=1,end_time=358720.500457,avg_power_W=129.892857,max_power_W=148.000000,avg_time_s=0.922634,released_listeners=1,
start_task=,name=lu_gemm,tick=17,start_time=358720.535760,nthreads=1,
message=tick stats,tick=17,estimated_current_power=91.318182,
end_task=,name=lu_gemm,elapsed_seconds=0.938459,predicted_seconds=0.941325,time_percent_error=0.305450,nthreads=1,end_time=358720.535817,avg_power_W=129.824561,max_power_W=148.000000,avg_time_s=0.938459,released_listeners=0,
end_task=,name=lu_gemm,elapsed_seconds=0.932972,predicted_seconds=0.941325,time_percent_error=0.895345,nthreads=1,end_time=358720.535869,avg_power_W=129.824561,max_power_W=148.000000,avg_time_s=0.932972,released_listeners=0,
end_task=,name=lu_gemm,elapsed_seconds=0.924750,predicted_seconds=0.941325,time_percent_error=1.792393,nthreads=1,end_time=358720.535918,avg_power_W=129.824561,max_power_W=148.000000,avg_time_s=0.924750,released_listeners=1,
start_task=,name=lu_gemm,tick=18,start_time=358720.574709,nthreads=1,
start_task=,name=lu_gemm,tick=18,start_time=358720.574753,nthreads=1,
start_task=,name=lu_gemm,tick=18,start_time=358720.574786,nthreads=1,
message=tick stats,tick=18,estimated_current_power=91.318182,
end_task=,name=lu_gemm,elapsed_seconds=0.925599,predicted_seconds=0.941325,time_percent_error=1.699009,nthreads=1,end_time=358720.622915,avg_power_W=129.677966,max_power_W=148.000000,avg_time_s=0.925599,released_listeners=0,
start_task=,name=lu_gemm,tick=19,start_time=358720.630918,nthreads=1,
message=tick stats,tick=19,estimated_current_power=91.318182,
end_task=,name=lu_gemm,elapsed_seconds=0.920285,predicted_seconds=0.941325,time_percent_error=2.286270,nthreads=1,end_time=358720.923802,avg_power_W=129.153846,max_power_W=148.000000,avg_time_s=0.920285,released_listeners=0,
start_task=,name=lu_gemm,tick=20,start_time=358720.930664,nthreads=1,
message=tick stats,tick=20,estimated_current_power=91.318182,
end_task=,name=lu_gemm,elapsed_seconds=0.916777,predicted_seconds=0.941325,time_percent_error=2.677711,nthreads=1,end_time=358720.972767,avg_power_W=129.121212,max_power_W=148.000000,avg_time_s=0.916777,released_listeners=0,
start_task=,name=lu_gemm,tick=21,start_time=358720.985096,nthreads=1,
message=tick stats,tick=21,estimated_current_power=91.318182,
end_task=,name=lu_gemm,elapsed_seconds=0.924184,predicted_seconds=0.941325,time_percent_error=1.854737,nthreads=1,end_time=358721.472053,avg_power_W=129.092105,max_power_W=148.000000,avg_time_s=0.924184,released_listeners=0,
start_task=,name=lu_gemm,tick=22,start_time=358721.481886,nthreads=1,
message=tick stats,tick=22,estimated_current_power=91.318182,
end_task=,name=lu_gemm,elapsed_seconds=0.947683,predicted_seconds=0.941325,time_percent_error=0.670899,nthreads=1,end_time=358721.522909,avg_power_W=129.090909,max_power_W=148.000000,avg_time_s=0.947683,released_listeners=1,
start_task=,name=lu_gemm,tick=23,start_time=358721.526411,nthreads=1,
message=tick stats,tick=23,estimated_current_power=91.318182,
end_task=,name=lu_gemm,elapsed_seconds=0.952315,predicted_seconds=0.941325,time_percent_error=1.153958,nthreads=1,end_time=358721.530649,avg_power_W=129.090909,max_power_W=148.000000,avg_time_s=0.952315,released_listeners=0,
start_task=,name=lu_gemm,tick=24,start_time=358721.533097,nthreads=1,
message=tick stats,tick=24,estimated_current_power=91.318182,
end_task=,name=lu_gemm,elapsed_seconds=0.958388,predicted_seconds=0.941325,time_percent_error=1.780353,nthreads=1,end_time=358721.539092,avg_power_W=129.090909,max_power_W=148.000000,avg_time_s=0.958388,released_listeners=0,
start_task=,name=lu_gemm,tick=25,start_time=358721.540474,nthreads=1,
message=tick stats,tick=25,estimated_current_power=91.318182,
end_task=,name=lu_gemm,elapsed_seconds=0.921166,predicted_seconds=0.941325,time_percent_error=2.188429,nthreads=1,end_time=358721.552597,avg_power_W=129.090909,max_power_W=148.000000,avg_time_s=0.921166,released_listeners=0,
start_task=,name=getrf,tick=26,start_time=358721.552900,nthreads=3,
message=tick stats,tick=26,estimated_current_power=94.372727,
end_task=,name=lu_gemm,elapsed_seconds=0.918119,predicted_seconds=0.941325,time_percent_error=2.527648,nthreads=1,end_time=358721.849361,avg_power_W=129.421687,max_power_W=148.000000,avg_time_s=0.918119,released_listeners=0,
end_task=,name=lu_gemm,elapsed_seconds=0.907791,predicted_seconds=0.941325,time_percent_error=3.694087,nthreads=1,end_time=358721.893463,avg_power_W=129.464286,max_power_W=148.000000,avg_time_s=0.907791,released_listeners=1,
end_task=,name=getrf,elapsed_seconds=0.402233,predicted_seconds=0.414062,time_percent_error=2.940769,nthreads=3,end_time=358721.956329,avg_power_W=129.505882,max_power_W=148.000000,avg_time_s=0.402233,released_listeners=8,
start_task=,name=trsm_left,tick=27,start_time=358721.979728,nthreads=1,
start_task=,name=trsm_right,tick=27,start_time=358721.979751,nthreads=1,
start_task=,name=trsm_left,tick=27,start_time=358721.979768,nthreads=1,
message=tick stats,tick=27,estimated_current_power=91.015152,
end_task=,name=lu_gemm,elapsed_seconds=0.919626,predicted_seconds=0.941325,time_percent_error=2.359566,nthreads=1,end_time=358722.402192,avg_power_W=129.393617,max_power_W=148.000000,avg_time_s=0.919626,released_listeners=0,
start_task=,name=trsm_right,tick=28,start_time=358722.403003,nthreads=1,
message=tick stats,tick=28,estimated_current_power=90.736364,
end_task=,name=trsm_right,elapsed_seconds=0.462967,predicted_seconds=0.547737,time_percent_error=18.310135,nthreads=1,end_time=358722.443302,avg_power_W=129.410526,max_power_W=148.000000,avg_time_s=0.462967,released_listeners=4,
start_task=,name=trsm_left,tick=29,start_time=358722.443579,nthreads=1,
message=tick stats,tick=29,estimated_current_power=91.003030,
end_task=,name=lu_gemm,elapsed_seconds=0.928335,predicted_seconds=0.941325,time_percent_error=1.399349,nthreads=1,end_time=358722.455318,avg_power_W=129.410526,max_power_W=148.000000,avg_time_s=0.928335,released_listeners=0,
start_task=,name=trsm_right,tick=30,start_time=358722.455521,nthreads=1,
message=tick stats,tick=30,estimated_current_power=90.724242,
end_task=,name=lu_gemm,elapsed_seconds=0.932034,predicted_seconds=0.941325,time_percent_error=0.996884,nthreads=1,end_time=358722.474091,avg_power_W=129.427083,max_power_W=148.000000,avg_time_s=0.932034,released_listeners=0,
end_task=,name=lu_gemm,elapsed_seconds=0.929020,predicted_seconds=0.941325,time_percent_error=1.324535,nthreads=1,end_time=358722.474127,avg_power_W=129.427083,max_power_W=148.000000,avg_time_s=0.929020,released_listeners=0,
start_task=,name=trsm_left,tick=31,start_time=358722.474212,nthreads=4,
start_task=,name=trsm_right,tick=31,start_time=358722.474232,nthreads=4,
message=tick stats,tick=31,estimated_current_power=99.833333,
end_task=,name=trsm_left,elapsed_seconds=0.495765,predicted_seconds=0.574743,time_percent_error=15.930469,nthreads=1,end_time=358722.480570,avg_power_W=129.427083,max_power_W=148.000000,avg_time_s=0.495765,released_listeners=4,
start_task=,name=lu_gemm,tick=32,start_time=358722.480785,nthreads=1,
message=tick stats,tick=32,estimated_current_power=99.845455,
end_task=,name=trsm_left,elapsed_seconds=0.495719,predicted_seconds=0.574743,time_percent_error=15.941189,nthreads=1,end_time=358722.480811,avg_power_W=129.427083,max_power_W=148.000000,avg_time_s=0.495719,released_listeners=4,
start_task=,name=lu_gemm,tick=33,start_time=358722.480935,nthreads=1,
message=tick stats,tick=33,estimated_current_power=99.857576,
end_task=,name=trsm_left,elapsed_seconds=0.144484,predicted_seconds=0.158025,time_percent_error=9.371650,nthreads=4,end_time=358722.623060,avg_power_W=129.717172,max_power_W=148.000000,avg_time_s=0.144484,released_listeners=4,
end_task=,name=trsm_right,elapsed_seconds=0.136799,predicted_seconds=0.144540,time_percent_error=5.658513,nthreads=4,end_time=358722.623151,avg_power_W=129.717172,max_power_W=148.000000,avg_time_s=0.136799,released_listeners=4,
start_task=,name=lu_gemm,tick=34,start_time=358722.623485,nthreads=1,
start_task=,name=lu_gemm,tick=34,start_time=358722.623521,nthreads=1,
message=tick stats,tick=34,estimated_current_power=90.748485,
end_task=,name=trsm_right,elapsed_seconds=0.463277,predicted_seconds=0.547737,time_percent_error=18.230813,nthreads=1,end_time=358722.872845,avg_power_W=130.038462,max_power_W=148.000000,avg_time_s=0.463277,released_listeners=4,
start_task=,name=lu_gemm,tick=35,start_time=358722.874094,nthreads=1,
message=tick stats,tick=35,estimated_current_power=91.027273,
end_task=,name=trsm_right,elapsed_seconds=0.458678,predicted_seconds=0.547737,time_percent_error=19.416385,nthreads=1,end_time=358722.922150,avg_power_W=130.095238,max_power_W=148.000000,avg_time_s=0.458678,released_listeners=4,
start_task=,name=lu_gemm,tick=36,start_time=358722.922518,nthreads=1,
message=tick stats,tick=36,estimated_current_power=91.306061,
end_task=,name=trsm_left,elapsed_seconds=0.483724,predicted_seconds=0.574743,time_percent_error=18.816258,nthreads=1,end_time=358722.928079,avg_power_W=130.095238,max_power_W=148.000000,avg_time_s=0.483724,released_listeners=4,
start_task=,name=lu_gemm,tick=37,start_time=358722.928625,nthreads=1,
message=tick stats,tick=37,estimated_current_power=91.318182,
end_task=,name=lu_gemm,elapsed_seconds=0.897339,predicted_seconds=0.941325,time_percent_error=4.901827,nthreads=1,end_time=358723.378775,avg_power_W=130.149123,max_power_W=148.000000,avg_time_s=0.897339,released_listeners=1,
start_task=,name=lu_gemm,tick=38,start_time=358723.381563,nthreads=1,
message=tick stats,tick=38,estimated_current_power=91.318182,
end_task=,name=lu_gemm,elapsed_seconds=0.903670,predicted_seconds=0.941325,time_percent_error=4.166902,nthreads=1,end_time=358723.385301,avg_power_W=130.149123,max_power_W=148.000000,avg_time_s=0.903670,released_listeners=1,
start_task=,name=lu_gemm,tick=39,start_time=358723.387134,nthreads=1,
message=tick stats,tick=39,estimated_current_power=91.318182,
end_task=,name=lu_gemm,elapsed_seconds=0.884008,predicted_seconds=0.941325,time_percent_error=6.483871,nthreads=1,end_time=358723.522447,avg_power_W=130.145299,max_power_W=148.000000,avg_time_s=0.884008,released_listeners=1,
end_task=,name=lu_gemm,elapsed_seconds=0.888946,predicted_seconds=0.941325,time_percent_error=5.892297,nthreads=1,end_time=358723.522473,avg_power_W=130.145299,max_power_W=148.000000,avg_time_s=0.888946,released_listeners=0,
start_task=,name=lu_gemm,tick=40,start_time=358723.524233,nthreads=1,
start_task=,name=lu_gemm,tick=40,start_time=358723.524256,nthreads=1,
message=tick stats,tick=40,estimated_current_power=91.318182,
end_task=,name=lu_gemm,elapsed_seconds=0.896339,predicted_seconds=0.941325,time_percent_error=5.018876,nthreads=1,end_time=358723.771552,avg_power_W=130.229508,max_power_W=148.000000,avg_time_s=0.896339,released_listeners=1,
start_task=,name=lu_gemm,tick=41,start_time=358723.773058,nthreads=1,
message=tick stats,tick=41,estimated_current_power=91.318182,
end_task=,name=lu_gemm,elapsed_seconds=0.891238,predicted_seconds=0.941325,time_percent_error=5.620048,nthreads=1,end_time=358723.821685,avg_power_W=130.260163,max_power_W=148.000000,avg_time_s=0.891238,released_listeners=1,
start_task=,name=lu_gemm,tick=42,start_time=358723.822918,nthreads=1,
message=tick stats,tick=42,estimated_current_power=91.318182,
end_task=,name=lu_gemm,elapsed_seconds=0.895566,predicted_seconds=0.941325,time_percent_error=5.109581,nthreads=1,end_time=358723.827978,avg_power_W=130.260163,max_power_W=148.000000,avg_time_s=0.895566,released_listeners=0,
start_task=,name=lu_gemm,tick=43,start_time=358723.828853,nthreads=1,
message=tick stats,tick=43,estimated_current_power=91.318182,
end_task=,name=lu_gemm,elapsed_seconds=0.886681,predicted_seconds=0.941325,time_percent_error=6.162868,nthreads=1,end_time=358724.275059,avg_power_W=130.356061,max_power_W=148.000000,avg_time_s=0.886681,released_listeners=1,
start_task=,name=lu_gemm,tick=44,start_time=358724.275583,nthreads=1,
message=tick stats,tick=44,estimated_current_power=91.318182,
end_task=,name=lu_gemm,elapsed_seconds=0.893470,predicted_seconds=0.941325,time_percent_error=5.356134,nthreads=1,end_time=358724.275608,avg_power_W=130.356061,max_power_W=148.000000,avg_time_s=0.893470,released_listeners=0,
start_task=,name=lu_gemm,tick=45,start_time=358724.275849,nthreads=1,
message=tick stats,tick=45,estimated_current_power=91.318182,
end_task=,name=lu_gemm,elapsed_seconds=0.891012,predicted_seconds=0.941325,time_percent_error=5.646818,nthreads=1,end_time=358724.422343,avg_power_W=130.370370,max_power_W=148.000000,avg_time_s=0.891012,released_listeners=0,
end_task=,name=lu_gemm,elapsed_seconds=0.887234,predicted_seconds=0.941325,time_percent_error=6.096636,nthreads=1,end_time=358724.422404,avg_power_W=130.370370,max_power_W=148.000000,avg_time_s=0.887234,released_listeners=0,
start_task=,name=getrf,tick=46,start_time=358724.422495,nthreads=16,
message=tick stats,tick=46,estimated_current_power=97.327273,
end_task=,name=getrf,elapsed_seconds=0.122487,predicted_seconds=0.128833,time_percent_error=5.181073,nthreads=16,end_time=358724.545506,avg_power_W=130.379562,max_power_W=148.000000,avg_time_s=0.122487,released_listeners=6,
start_task=,name=trsm_left,tick=47,start_time=358724.546443,nthreads=1,
start_task=,name=trsm_right,tick=47,start_time=358724.546464,nthreads=1,
message=tick stats,tick=47,estimated_current_power=91.027273,
end_task=,name=lu_gemm,elapsed_seconds=0.904647,predicted_seconds=0.941325,time_percent_error=4.054417,nthreads=1,end_time=358724.678246,avg_power_W=130.571429,max_power_W=148.000000,avg_time_s=0.904647,released_listeners=0,
start_task=,name=trsm_left,tick=48,start_time=358724.678376,nthreads=1,
message=tick stats,tick=48,estimated_current_power=91.015152,
end_task=,name=lu_gemm,elapsed_seconds=0.897900,predicted_seconds=0.941325,time_percent_error=4.836385,nthreads=1,end_time=358724.722150,avg_power_W=130.609929,max_power_W=148.000000,avg_time_s=0.897900,released_listeners=1,
start_task=,name=trsm_right,tick=49,start_time=358724.722371,nthreads=1,
message=tick stats,tick=49,estimated_current_power=90.736364,
end_task=,name=lu_gemm,elapsed_seconds=0.899507,predicted_seconds=0.941325,time_percent_error=4.649098,nthreads=1,end_time=358724.730355,avg_power_W=130.609929,max_power_W=148.000000,avg_time_s=0.899507,released_listeners=0,
start_task=,name=trsm_left,tick=50,start_time=358724.730428,nthreads=1,
message=tick stats,tick=50,estimated_current_power=90.724242,
end_task=,name=trsm_right,elapsed_seconds=0.450152,predicted_seconds=0.547737,time_percent_error=21.678113,nthreads=1,end_time=358724.997498,avg_power_W=130.815068,max_power_W=148.000000,avg_time_s=0.450152,released_listeners=3,
start_task=,name=trsm_right,tick=51,start_time=358724.997536,nthreads=6,
message=tick stats,tick=51,estimated_current_power=99.724242,
end_task=,name=trsm_left,elapsed_seconds=0.469166,predicted_seconds=0.574743,time_percent_error=22.503102,nthreads=1,end_time=358725.022441,avg_power_W=130.836735,max_power_W=148.000000,avg_time_s=0.469166,released_listeners=3,
start_task=,name=lu_gemm,tick=52,start_time=358725.022561,nthreads=1,
message=tick stats,tick=52,estimated_current_power=99.736364,
end_task=,name=trsm_right,elapsed_seconds=0.095953,predicted_seconds=0.106841,time_percent_error=11.346839,nthreads=6,end_time=358725.094106,avg_power_W=130.817568,max_power_W=148.000000,avg_time_s=0.095953,released_listeners=3,
start_task=,name=lu_gemm,tick=53,start_time=358725.094146,nthreads=8,
message=tick stats,tick=53,estimated_current_power=99.487879,
end_task=,name=trsm_left,elapsed_seconds=0.476065,predicted_seconds=0.574743,time_percent_error=20.727877,nthreads=1,end_time=358725.155005,avg_power_W=130.845638,max_power_W=148.000000,avg_time_s=0.476065,released_listeners=3,
start_task=,name=lu_gemm,tick=54,start_time=358725.155074,nthreads=1,
message=tick stats,tick=54,estimated_current_power=99.500000,
end_task=,name=lu_gemm,elapsed_seconds=0.900228,predicted_seconds=0.941325,time_percent_error=4.565276,nthreads=1,end_time=358725.176866,avg_power_W=130.866667,max_power_W=148.000000,avg_time_s=0.900228,released_listeners=0,
start_task=,name=lu_gemm,tick=55,start_time=358725.176894,nthreads=1,
message=tick stats,tick=55,estimated_current_power=99.500000,
end_task=,name=trsm_right,elapsed_seconds=0.460784,predicted_seconds=0.547737,time_percent_error=18.870452,nthreads=1,end_time=358725.183530,avg_power_W=130.866667,max_power_W=148.000000,avg_time_s=0.460784,released_listeners=3,
start_task=,name=lu_gemm,tick=56,start_time=358725.183598,nthreads=1,
message=tick stats,tick=56,estimated_current_power=99.778788,
end_task=,name=lu_gemm,elapsed_seconds=0.901399,predicted_seconds=0.941325,time_percent_error=4.429425,nthreads=1,end_time=358725.183953,avg_power_W=130.866667,max_power_W=148.000000,avg_time_s=0.901399,released_listeners=0,
start_task=,name=lu_gemm,tick=57,start_time=358725.183968,nthreads=1,
message=tick stats,tick=57,estimated_current_power=99.778788,
end_task=,name=trsm_left,elapsed_seconds=0.483243,predicted_seconds=0.574743,time_percent_error=18.934425,nthreads=1,end_time=358725.222779,avg_power_W=130.860927,max_power_W=148.000000,avg_time_s=0.483243,released_listeners=3,
start_task=,name=lu_gemm,tick=58,start_time=358725.222845,nthreads=1,
message=tick stats,tick=58,estimated_current_power=99.790909,
end_task=,name=lu_gemm,elapsed_seconds=0.218895,predicted_seconds=0.189636,time_percent_error=13.366501,nthreads=8,end_time=358725.321846,avg_power_W=130.928105,max_power_W=148.000000,avg_time_s=0.218895,released_listeners=1,
start_task=,name=lu_gemm,tick=59,start_time=358725.321880,nthreads=1,
message=tick stats,tick=59,estimated_current_power=91.318182,
end_task=,name=lu_gemm,elapsed_seconds=0.899578,predicted_seconds=0.941325,time_percent_error=4.640742,nthreads=1,end_time=358725.922731,avg_power_W=130.806061,max_power_W=148.000000,avg_time_s=0.899578,released_listeners=1,
start_task=,name=lu_gemm,tick=60,start_time=358725.922802,nthreads=1,
message=tick stats,tick=60,estimated_current_power=91.318182,
end_task=,name=lu_gemm,elapsed_seconds=0.913043,predicted_seconds=0.941325,time_percent_error=3.097649,nthreads=1,end_time=358726.072202,avg_power_W=130.696429,max_power_W=148.000000,avg_time_s=0.913043,released_listeners=1,
start_task=,name=getrf,tick=61,start_time=358726.072244,nthreads=3,
message=tick stats,tick=61,estimated_current_power=94.372727,
end_task=,name=getrf,elapsed_seconds=0.005075,predicted_seconds=0.414062,time_percent_error=8059.612661,nthreads=3,end_time=358726.078009,avg_power_W=130.696429,max_power_W=148.000000,avg_time_s=0.005075,released_listeners=4,
start_task=,name=trsm_left,tick=62,start_time=358726.078075,nthreads=1,
message=tick stats,tick=62,estimated_current_power=91.306061,
end_task=,name=lu_gemm,elapsed_seconds=0.910420,predicted_seconds=0.941325,time_percent_error=3.394587,nthreads=1,end_time=358726.087904,avg_power_W=130.696429,max_power_W=148.000000,avg_time_s=0.910420,released_listeners=0,
start_task=,name=trsm_right,tick=63,start_time=358726.087929,nthreads=5,
message=tick stats,tick=63,estimated_current_power=99.827273,
end_task=,name=lu_gemm,elapsed_seconds=0.911100,predicted_seconds=0.941325,time_percent_error=3.317473,nthreads=1,end_time=358726.095386,avg_power_W=130.696429,max_power_W=148.000000,avg_time_s=0.911100,released_listeners=1,
start_task=,name=trsm_right,tick=64,start_time=358726.095428,nthreads=1,
message=tick stats,tick=64,estimated_current_power=99.548485,
end_task=,name=lu_gemm,elapsed_seconds=0.914014,predicted_seconds=0.941325,time_percent_error=2.988099,nthreads=1,end_time=358726.102015,avg_power_W=130.696429,max_power_W=148.000000,avg_time_s=0.914014,released_listeners=0,
end_task=,name=lu_gemm,elapsed_seconds=0.905788,predicted_seconds=0.941325,time_percent_error=3.923371,nthreads=1,end_time=358726.129264,avg_power_W=130.656805,max_power_W=148.000000,avg_time_s=0.905788,released_listeners=1,
start_task=,name=trsm_left,tick=65,start_time=358726.129297,nthreads=9,
message=tick stats,tick=65,estimated_current_power=97.890909,
end_task=,name=trsm_right,elapsed_seconds=0.116903,predicted_seconds=0.123832,time_percent_error=5.927744,nthreads=5,end_time=358726.205414,avg_power_W=130.688235,max_power_W=148.000000,avg_time_s=0.116903,released_listeners=2,
end_task=,name=trsm_left,elapsed_seconds=0.080724,predicted_seconds=0.082563,time_percent_error=2.277968,nthreads=9,end_time=358726.225395,avg_power_W=130.707602,max_power_W=148.000000,avg_time_s=0.080724,released_listeners=2,
start_task=,name=lu_gemm,tick=66,start_time=358726.225428,nthreads=23,
message=tick stats,tick=66,estimated_current_power=98.918182,
end_task=,name=lu_gemm,elapsed_seconds=0.892711,predicted_seconds=0.941325,time_percent_error=5.445694,nthreads=1,end_time=358726.225454,avg_power_W=130.707602,max_power_W=148.000000,avg_time_s=0.892711,released_listeners=0,
end_task=,name=lu_gemm,elapsed_seconds=0.105211,predicted_seconds=0.068544,time_percent_error=34.851045,nthreads=23,end_time=358726.331238,avg_power_W=130.728324,max_power_W=148.000000,avg_time_s=0.105211,released_listeners=0,
end_task=,name=trsm_left,elapsed_seconds=0.483020,predicted_seconds=0.574743,time_percent_error=18.989511,nthreads=1,end_time=358726.572661,avg_power_W=130.713483,max_power_W=148.000000,avg_time_s=0.483020,released_listeners=2,
end_task=,name=trsm_right,elapsed_seconds=0.460518,predicted_seconds=0.547737,time_percent_error=18.939247,nthreads=1,end_time=358726.572709,avg_power_W=130.713483,max_power_W=148.000000,avg_time_s=0.460518,released_listeners=2,
start_task=,name=lu_gemm,tick=67,start_time=358726.572820,nthreads=14,
start_task=,name=lu_gemm,tick=67,start_time=358726.572848,nthreads=10,
start_task=,name=lu_gemm,tick=67,start_time=358726.572878,nthreads=8,
message=tick stats,tick=67,estimated_current_power=97.236364,
end_task=,name=lu_gemm,elapsed_seconds=0.196699,predicted_seconds=0.101032,time_percent_error=48.636226,nthreads=14,end_time=358726.771000,avg_power_W=130.785714,max_power_W=149.000000,avg_time_s=0.196699,released_listeners=1,
start_task=,name=getrf,tick=68,start_time=358726.771032,nthreads=17,
message=tick stats,tick=68,estimated_current_power=99.593939,
end_task=,name=getrf,elapsed_seconds=0.010250,predicted_seconds=0.128691,time_percent_error=1155.476125,nthreads=17,end_time=358726.781703,avg_power_W=130.785714,max_power_W=149.000000,avg_time_s=0.010250,released_listeners=2,
end_task=,name=lu_gemm,elapsed_seconds=0.247457,predicted_seconds=0.189636,time_percent_error=23.366094,nthreads=8,end_time=358726.821259,avg_power_W=130.896175,max_power_W=151.000000,avg_time_s=0.247457,released_listeners=1,
start_task=,name=trsm_left,tick=69,start_time=358726.821309,nthreads=30,
message=tick stats,tick=69,estimated_current_power=99.875758,
end_task=,name=lu_gemm,elapsed_seconds=0.252950,predicted_seconds=0.129186,time_percent_error=48.928324,nthreads=10,end_time=358726.829183,avg_power_W=130.896175,max_power_W=151.000000,avg_time_s=0.252950,released_listeners=1,
start_task=,name=trsm_right,tick=70,start_time=358726.829203,nthreads=9,
message=tick stats,tick=70,estimated_current_power=98.245455,
end_task=,name=lu_gemm,elapsed_seconds=0.915055,predicted_seconds=0.941325,time_percent_error=2.870873,nthreads=1,end_time=358726.845347,avg_power_W=130.896175,max_power_W=151.000000,avg_time_s=0.915055,released_listeners=0,
end_task=,name=trsm_left,elapsed_seconds=0.070771,predicted_seconds=0.029642,time_percent_error=58.115373,nthreads=30,end_time=358726.892715,avg_power_W=130.972826,max_power_W=151.000000,avg_time_s=0.070771,released_listeners=1,
end_task=,name=trsm_right,elapsed_seconds=0.101903,predicted_seconds=0.073688,time_percent_error=27.687691,nthreads=9,end_time=358726.931725,avg_power_W=131.010811,max_power_W=151.000000,avg_time_s=0.101903,released_listeners=1,
start_task=,name=lu_gemm,tick=71,start_time=358726.931791,nthreads=92,
message=tick stats,tick=71,estimated_current_power=99.700000,
end_task=,name=lu_gemm,elapsed_seconds=0.165682,predicted_seconds=0.032816,time_percent_error=80.193551,nthreads=92,end_time=358727.098334,avg_power_W=131.260638,max_power_W=157.000000,avg_time_s=0.165682,released_listeners=1,
start_task=,name=getrf,tick=72,start_time=358727.098392,nthreads=28,
message=tick stats,tick=72,estimated_current_power=49.100000,
end_task=,name=getrf,elapsed_seconds=0.052276,predicted_seconds=0.082277,time_percent_error=57.390251,nthreads=28,end_time=358727.151780,avg_power_W=131.301587,max_power_W=157.000000,avg_time_s=0.052276,released_listeners=0,
est_max_power=99.875758,
average_power_W=131.301587,
max_power_W=157.000000,
time_s=9.495013,
message=ALL DONE,
