message=cataloging configuration,power_limit=1000.000000,max_threads=15,
start_task=,name=potrf,tick=1,start_time=634092.054092,nthreads=15,
end_task=,name=potrf,elapsed_seconds=0.272601,predicted_seconds=0.086342,time_percent_error=68.326705,nthreads=15,end_time=634092.328451,released_listeners=5,
start_task=,name=trsm,tick=2,start_time=634092.371459,nthreads=3,
start_task=,name=trsm,tick=2,start_time=634092.371498,nthreads=3,
start_task=,name=trsm,tick=2,start_time=634092.371521,nthreads=3,
start_task=,name=trsm,tick=2,start_time=634092.371608,nthreads=3,
start_task=,name=trsm,tick=2,start_time=634092.372211,nthreads=3,
end_task=,name=trsm,elapsed_seconds=0.333271,predicted_seconds=0.204505,time_percent_error=38.637236,nthreads=3,end_time=634092.717574,released_listeners=5,
end_task=,name=trsm,elapsed_seconds=0.343140,predicted_seconds=0.204505,time_percent_error=40.402078,nthreads=3,end_time=634092.717674,released_listeners=5,
start_task=,name=syrk,tick=3,start_time=634092.719807,nthreads=4,
start_task=,name=gemm,tick=3,start_time=634092.719847,nthreads=1,
start_task=,name=syrk,tick=3,start_time=634092.719878,nthreads=1,
end_task=,name=trsm,elapsed_seconds=0.378708,predicted_seconds=0.204505,time_percent_error=45.999386,nthreads=3,end_time=634092.767723,released_listeners=5,
end_task=,name=trsm,elapsed_seconds=0.354135,predicted_seconds=0.204505,time_percent_error=42.252314,nthreads=3,end_time=634092.767766,released_listeners=5,
end_task=,name=trsm,elapsed_seconds=0.377401,predicted_seconds=0.204505,time_percent_error=45.812431,nthreads=3,end_time=634092.767796,released_listeners=5,
start_task=,name=syrk,tick=4,start_time=634092.790273,nthreads=1,
start_task=,name=gemm,tick=4,start_time=634092.790292,nthreads=1,
start_task=,name=gemm,tick=4,start_time=634092.790311,nthreads=1,
start_task=,name=syrk,tick=4,start_time=634092.790331,nthreads=1,
start_task=,name=gemm,tick=4,start_time=634092.790361,nthreads=1,
start_task=,name=gemm,tick=4,start_time=634092.790397,nthreads=1,
start_task=,name=gemm,tick=4,start_time=634092.790658,nthreads=1,
start_task=,name=gemm,tick=4,start_time=634092.790697,nthreads=1,
start_task=,name=syrk,tick=4,start_time=634092.790742,nthreads=1,
end_task=,name=syrk,elapsed_seconds=0.681087,predicted_seconds=0.283145,time_percent_error=58.427550,nthreads=4,end_time=634093.419697,released_listeners=1,
start_task=,name=gemm,tick=5,start_time=634093.422930,nthreads=2,
start_task=,name=gemm,tick=5,start_time=634093.422952,nthreads=1,
start_task=,name=gemm,tick=5,start_time=634093.422969,nthreads=1,
end_task=,name=syrk,elapsed_seconds=1.392948,predicted_seconds=0.833912,time_percent_error=40.133280,nthreads=1,end_time=634094.117945,released_listeners=1,
end_task=,name=syrk,elapsed_seconds=1.400378,predicted_seconds=0.833912,time_percent_error=40.450915,nthreads=1,end_time=634094.191751,released_listeners=1,
start_task=,name=potrf,tick=6,start_time=634094.192529,nthreads=2,
end_task=,name=gemm,elapsed_seconds=0.891103,predicted_seconds=0.523133,time_percent_error=41.293808,nthreads=2,end_time=634094.318525,released_listeners=1,
end_task=,name=syrk,elapsed_seconds=1.572152,predicted_seconds=0.833912,time_percent_error=46.957291,nthreads=1,end_time=634094.368262,released_listeners=1,
end_task=,name=gemm,elapsed_seconds=1.711686,predicted_seconds=0.957383,time_percent_error=44.067877,nthreads=1,end_time=634094.432379,released_listeners=0,
end_task=,name=syrk,elapsed_seconds=1.654053,predicted_seconds=0.833912,time_percent_error=49.583701,nthreads=1,end_time=634094.445658,released_listeners=1,
end_task=,name=gemm,elapsed_seconds=1.773125,predicted_seconds=0.957383,time_percent_error=46.005920,nthreads=1,end_time=634094.567359,released_listeners=0,
end_task=,name=gemm,elapsed_seconds=1.851633,predicted_seconds=0.957383,time_percent_error=48.295230,nthreads=1,end_time=634094.642796,released_listeners=1,
end_task=,name=gemm,elapsed_seconds=1.899125,predicted_seconds=0.957383,time_percent_error=49.588239,nthreads=1,end_time=634094.692229,released_listeners=0,
end_task=,name=gemm,elapsed_seconds=1.901660,predicted_seconds=0.957383,time_percent_error=49.655433,nthreads=1,end_time=634094.695870,released_listeners=0,
end_task=,name=gemm,elapsed_seconds=1.910930,predicted_seconds=0.957383,time_percent_error=49.899656,nthreads=1,end_time=634094.718095,released_listeners=0,
end_task=,name=potrf,elapsed_seconds=0.528091,predicted_seconds=0.323819,time_percent_error=38.681197,nthreads=2,end_time=634094.729639,released_listeners=4,
start_task=,name=trsm,tick=7,start_time=634094.730317,nthreads=6,
start_task=,name=trsm,tick=7,start_time=634094.730342,nthreads=6,
end_task=,name=gemm,elapsed_seconds=1.973125,predicted_seconds=0.957383,time_percent_error=51.478867,nthreads=1,end_time=634094.767511,released_listeners=0,
end_task=,name=trsm,elapsed_seconds=0.176872,predicted_seconds=0.111110,time_percent_error=37.180383,nthreads=6,end_time=634094.919156,released_listeners=4,
start_task=,name=syrk,tick=8,start_time=634094.919194,nthreads=7,
end_task=,name=trsm,elapsed_seconds=0.184891,predicted_seconds=0.111110,time_percent_error=39.904953,nthreads=6,end_time=634094.919216,released_listeners=4,
start_task=,name=syrk,tick=9,start_time=634094.919371,nthreads=4,
start_task=,name=gemm,tick=9,start_time=634094.919388,nthreads=2,
end_task=,name=gemm,elapsed_seconds=1.665745,predicted_seconds=0.957383,time_percent_error=42.525275,nthreads=1,end_time=634095.090271,released_listeners=1,
start_task=,name=trsm,tick=10,start_time=634095.091528,nthreads=1,
end_task=,name=gemm,elapsed_seconds=1.687695,predicted_seconds=0.957383,time_percent_error=43.272770,nthreads=1,end_time=634095.118681,released_listeners=1,
start_task=,name=trsm,tick=11,start_time=634095.118817,nthreads=1,
end_task=,name=syrk,elapsed_seconds=0.499173,predicted_seconds=0.256580,time_percent_error=48.598888,nthreads=7,end_time=634095.418964,released_listeners=1,
end_task=,name=syrk,elapsed_seconds=0.512514,predicted_seconds=0.283145,time_percent_error=44.753773,nthreads=4,end_time=634095.432618,released_listeners=1,
end_task=,name=gemm,elapsed_seconds=0.911290,predicted_seconds=0.523133,time_percent_error=42.594225,nthreads=2,end_time=634095.831450,released_listeners=0,
end_task=,name=trsm,elapsed_seconds=0.827253,predicted_seconds=0.569669,time_percent_error=31.137188,nthreads=1,end_time=634095.920672,released_listeners=4,
start_task=,name=syrk,tick=12,start_time=634095.923198,nthreads=4,
start_task=,name=gemm,tick=12,start_time=634095.923228,nthreads=8,
start_task=,name=gemm,tick=12,start_time=634095.923251,nthreads=2,
end_task=,name=trsm,elapsed_seconds=0.829134,predicted_seconds=0.569669,time_percent_error=31.293483,nthreads=1,end_time=634095.966762,released_listeners=4,
start_task=,name=gemm,tick=13,start_time=634095.967165,nthreads=1,
end_task=,name=gemm,elapsed_seconds=0.430382,predicted_seconds=0.192999,time_percent_error=55.156409,nthreads=8,end_time=634096.367206,released_listeners=1,
start_task=,name=gemm,tick=14,start_time=634096.367327,nthreads=2,
start_task=,name=syrk,tick=14,start_time=634096.367346,nthreads=4,
start_task=,name=gemm,tick=14,start_time=634096.367365,nthreads=2,
end_task=,name=syrk,elapsed_seconds=0.485383,predicted_seconds=0.283145,time_percent_error=41.665693,nthreads=4,end_time=634096.417037,released_listeners=1,
start_task=,name=potrf,tick=15,start_time=634096.417313,nthreads=4,
end_task=,name=potrf,elapsed_seconds=0.358064,predicted_seconds=0.188806,time_percent_error=47.270188,nthreads=4,end_time=634096.776337,released_listeners=3,
start_task=,name=trsm,tick=16,start_time=634096.776500,nthreads=4,
end_task=,name=syrk,elapsed_seconds=0.480178,predicted_seconds=0.283145,time_percent_error=41.033410,nthreads=4,end_time=634096.848448,released_listeners=1,
end_task=,name=gemm,elapsed_seconds=0.946150,predicted_seconds=0.523133,time_percent_error=44.709325,nthreads=2,end_time=634096.870310,released_listeners=1,
start_task=,name=trsm,tick=17,start_time=634096.870387,nthreads=6,
end_task=,name=trsm,elapsed_seconds=0.229345,predicted_seconds=0.163510,time_percent_error=28.705554,nthreads=4,end_time=634097.017145,released_listeners=3,
start_task=,name=syrk,tick=18,start_time=634097.017371,nthreads=4,
end_task=,name=trsm,elapsed_seconds=0.170866,predicted_seconds=0.111110,time_percent_error=34.972151,nthreads=6,end_time=634097.042093,released_listeners=3,
start_task=,name=gemm,tick=19,start_time=634097.042243,nthreads=2,
start_task=,name=syrk,tick=19,start_time=634097.042263,nthreads=4,
end_task=,name=gemm,elapsed_seconds=0.931572,predicted_seconds=0.523133,time_percent_error=43.844080,nthreads=2,end_time=634097.299599,released_listeners=0,
end_task=,name=gemm,elapsed_seconds=0.941950,predicted_seconds=0.523133,time_percent_error=44.462765,nthreads=2,end_time=634097.319400,released_listeners=0,
end_task=,name=syrk,elapsed_seconds=0.446615,predicted_seconds=0.283145,time_percent_error=36.602011,nthreads=4,end_time=634097.467788,released_listeners=1,
start_task=,name=potrf,tick=20,start_time=634097.467935,nthreads=8,
end_task=,name=syrk,elapsed_seconds=0.469146,predicted_seconds=0.283145,time_percent_error=39.646713,nthreads=4,end_time=634097.517235,released_listeners=1,
end_task=,name=potrf,elapsed_seconds=0.191189,predicted_seconds=0.112019,time_percent_error=41.409188,nthreads=8,end_time=634097.667220,released_listeners=2,
end_task=,name=gemm,elapsed_seconds=1.722853,predicted_seconds=0.957383,time_percent_error=44.430401,nthreads=1,end_time=634097.691245,released_listeners=1,
start_task=,name=trsm,tick=21,start_time=634097.691365,nthreads=13,
end_task=,name=trsm,elapsed_seconds=0.101067,predicted_seconds=0.063077,time_percent_error=37.588669,nthreads=13,end_time=634097.793117,released_listeners=3,
start_task=,name=gemm,tick=22,start_time=634097.793519,nthreads=2,
start_task=,name=syrk,tick=22,start_time=634097.793547,nthreads=4,
start_task=,name=gemm,tick=22,start_time=634097.793570,nthreads=7,
end_task=,name=gemm,elapsed_seconds=0.882399,predicted_seconds=0.523133,time_percent_error=40.714704,nthreads=2,end_time=634097.925524,released_listeners=1,
start_task=,name=trsm,tick=23,start_time=634097.925562,nthreads=2,
end_task=,name=syrk,elapsed_seconds=0.523876,predicted_seconds=0.283145,time_percent_error=45.951904,nthreads=4,end_time=634098.318045,released_listeners=1,
end_task=,name=trsm,elapsed_seconds=0.425007,predicted_seconds=0.292970,time_percent_error=31.067044,nthreads=2,end_time=634098.366823,released_listeners=2,
start_task=,name=syrk,tick=24,start_time=634098.366902,nthreads=6,
end_task=,name=gemm,elapsed_seconds=0.669859,predicted_seconds=0.358185,time_percent_error=46.528366,nthreads=7,end_time=634098.467527,released_listeners=0,
end_task=,name=gemm,elapsed_seconds=0.910830,predicted_seconds=0.523133,time_percent_error=42.565256,nthreads=2,end_time=634098.717493,released_listeners=1,
start_task=,name=trsm,tick=25,start_time=634098.717576,nthreads=9,
end_task=,name=syrk,elapsed_seconds=0.441586,predicted_seconds=0.259482,time_percent_error=41.238500,nthreads=6,end_time=634098.816796,released_listeners=1,
end_task=,name=trsm,elapsed_seconds=0.132059,predicted_seconds=0.086104,time_percent_error=34.798913,nthreads=9,end_time=634098.866875,released_listeners=2,
start_task=,name=syrk,tick=26,start_time=634098.867023,nthreads=7,
start_task=,name=gemm,tick=26,start_time=634098.867049,nthreads=8,
end_task=,name=gemm,elapsed_seconds=0.370166,predicted_seconds=0.192999,time_percent_error=47.861621,nthreads=8,end_time=634099.237954,released_listeners=1,
end_task=,name=syrk,elapsed_seconds=0.494601,predicted_seconds=0.256580,time_percent_error=48.123799,nthreads=7,end_time=634099.367103,released_listeners=1,
start_task=,name=potrf,tick=27,start_time=634099.367153,nthreads=15,
end_task=,name=potrf,elapsed_seconds=0.149403,predicted_seconds=0.086342,time_percent_error=42.208841,nthreads=15,end_time=634099.517811,released_listeners=1,
start_task=,name=trsm,tick=28,start_time=634099.517863,nthreads=15,
end_task=,name=trsm,elapsed_seconds=0.095316,predicted_seconds=0.055824,time_percent_error=41.433184,nthreads=15,end_time=634099.617404,released_listeners=1,
start_task=,name=syrk,tick=29,start_time=634099.617459,nthreads=15,
end_task=,name=syrk,elapsed_seconds=0.215708,predicted_seconds=0.108289,time_percent_error=49.798052,nthreads=15,end_time=634099.834231,released_listeners=1,
start_task=,name=potrf,tick=30,start_time=634099.834283,nthreads=15,
end_task=,name=potrf,elapsed_seconds=0.157352,predicted_seconds=0.086342,time_percent_error=45.128301,nthreads=15,end_time=634099.993342,released_listeners=0,
average_power_W=125.259494,
max_power_W=156.000000,
time_s=7.942608,
message=ALL DONE,
