message=cataloging configuration,power_limit=1000.000000,max_threads=28,
start_task=,name=potrf,tick=1,start_time=631704.373198,nthreads=28,
end_task=,name=potrf,elapsed_seconds=0.298436,predicted_seconds=0.060886,time_percent_error=79.598448,nthreads=28,end_time=631704.686207,released_listeners=5,
start_task=,name=trsm,tick=2,start_time=631704.711677,nthreads=6,
start_task=,name=trsm,tick=2,start_time=631704.711711,nthreads=6,
start_task=,name=trsm,tick=2,start_time=631704.711735,nthreads=5,
start_task=,name=trsm,tick=2,start_time=631704.711939,nthreads=6,
start_task=,name=trsm,tick=2,start_time=631704.712526,nthreads=5,
end_task=,name=trsm,elapsed_seconds=0.213213,predicted_seconds=0.111110,time_percent_error=47.887488,nthreads=6,end_time=631704.936697,released_listeners=5,
start_task=,name=syrk,tick=3,start_time=631704.936746,nthreads=6,
end_task=,name=trsm,elapsed_seconds=0.208105,predicted_seconds=0.111110,time_percent_error=46.608579,nthreads=6,end_time=631704.936760,released_listeners=5,
start_task=,name=syrk,tick=4,start_time=631704.937240,nthreads=4,
start_task=,name=gemm,tick=4,start_time=631704.937253,nthreads=2,
end_task=,name=trsm,elapsed_seconds=0.240679,predicted_seconds=0.111110,time_percent_error=53.834622,nthreads=6,end_time=631704.964860,released_listeners=5,
start_task=,name=gemm,tick=5,start_time=631704.965217,nthreads=1,
start_task=,name=syrk,tick=5,start_time=631704.965238,nthreads=4,
start_task=,name=gemm,tick=5,start_time=631704.965255,nthreads=1,
end_task=,name=trsm,elapsed_seconds=0.278636,predicted_seconds=0.135833,time_percent_error=51.250652,nthreads=5,end_time=631705.036237,released_listeners=5,
end_task=,name=trsm,elapsed_seconds=0.276719,predicted_seconds=0.135833,time_percent_error=50.912933,nthreads=5,end_time=631705.036281,released_listeners=5,
start_task=,name=syrk,tick=6,start_time=631705.058322,nthreads=1,
start_task=,name=gemm,tick=6,start_time=631705.058344,nthreads=1,
start_task=,name=gemm,tick=6,start_time=631705.058361,nthreads=1,
start_task=,name=gemm,tick=6,start_time=631705.058377,nthreads=1,
start_task=,name=gemm,tick=6,start_time=631705.058639,nthreads=1,
start_task=,name=gemm,tick=6,start_time=631705.058677,nthreads=1,
start_task=,name=gemm,tick=6,start_time=631705.058706,nthreads=1,
start_task=,name=gemm,tick=6,start_time=631705.058787,nthreads=1,
start_task=,name=syrk,tick=6,start_time=631705.059329,nthreads=2,
end_task=,name=syrk,elapsed_seconds=0.623061,predicted_seconds=0.259482,time_percent_error=58.353569,nthreads=6,end_time=631705.562367,released_listeners=1,
end_task=,name=syrk,elapsed_seconds=0.709914,predicted_seconds=0.283145,time_percent_error=60.115606,nthreads=4,end_time=631705.648060,released_listeners=1,
end_task=,name=syrk,elapsed_seconds=0.740758,predicted_seconds=0.283145,time_percent_error=61.776339,nthreads=4,end_time=631705.706898,released_listeners=1,
end_task=,name=gemm,elapsed_seconds=1.003173,predicted_seconds=0.523133,time_percent_error=47.852150,nthreads=2,end_time=631705.941989,released_listeners=0,
end_task=,name=syrk,elapsed_seconds=1.587428,predicted_seconds=0.833912,time_percent_error=47.467729,nthreads=1,end_time=631706.647020,released_listeners=1,
start_task=,name=potrf,tick=7,start_time=631706.647614,nthreads=17,
end_task=,name=gemm,elapsed_seconds=1.823850,predicted_seconds=0.957383,time_percent_error=47.507603,nthreads=1,end_time=631706.789689,released_listeners=0,
end_task=,name=potrf,elapsed_seconds=0.150435,predicted_seconds=0.076561,time_percent_error=49.106536,nthreads=17,end_time=631706.798656,released_listeners=4,
end_task=,name=gemm,elapsed_seconds=1.890600,predicted_seconds=0.957383,time_percent_error=49.360909,nthreads=1,end_time=631706.861388,released_listeners=0,
end_task=,name=syrk,elapsed_seconds=1.842904,predicted_seconds=0.782142,time_percent_error=57.559270,nthreads=2,end_time=631706.905414,released_listeners=1,
end_task=,name=gemm,elapsed_seconds=1.983594,predicted_seconds=0.957383,time_percent_error=51.734956,nthreads=1,end_time=631707.042912,released_listeners=1,
start_task=,name=trsm,tick=8,start_time=631707.043021,nthreads=22,
end_task=,name=gemm,elapsed_seconds=2.012599,predicted_seconds=0.957383,time_percent_error=52.430550,nthreads=1,end_time=631707.086575,released_listeners=0,
end_task=,name=gemm,elapsed_seconds=2.030092,predicted_seconds=0.957383,time_percent_error=52.840430,nthreads=1,end_time=631707.089892,released_listeners=1,
start_task=,name=trsm,tick=9,start_time=631707.090003,nthreads=2,
end_task=,name=gemm,elapsed_seconds=2.047597,predicted_seconds=0.957383,time_percent_error=53.243613,nthreads=1,end_time=631707.108141,released_listeners=1,
start_task=,name=trsm,tick=10,start_time=631707.108560,nthreads=1,
end_task=,name=gemm,elapsed_seconds=2.065178,predicted_seconds=0.957383,time_percent_error=53.641644,nthreads=1,end_time=631707.136385,released_listeners=1,
start_task=,name=trsm,tick=11,start_time=631707.136645,nthreads=1,
end_task=,name=trsm,elapsed_seconds=0.093902,predicted_seconds=0.041920,time_percent_error=55.357350,nthreads=22,end_time=631707.144738,released_listeners=4,
start_task=,name=syrk,tick=12,start_time=631707.144794,nthreads=22,
end_task=,name=gemm,elapsed_seconds=2.102958,predicted_seconds=0.957383,time_percent_error=54.474494,nthreads=1,end_time=631707.163662,released_listeners=0,
end_task=,name=gemm,elapsed_seconds=2.127851,predicted_seconds=0.957383,time_percent_error=55.007076,nthreads=1,end_time=631707.188654,released_listeners=0,
end_task=,name=syrk,elapsed_seconds=0.213431,predicted_seconds=0.073488,time_percent_error=65.568434,nthreads=22,end_time=631707.359201,released_listeners=1,
end_task=,name=trsm,elapsed_seconds=0.430525,predicted_seconds=0.292970,time_percent_error=31.950479,nthreads=2,end_time=631707.536206,released_listeners=4,
start_task=,name=gemm,tick=13,start_time=631707.536309,nthreads=12,
start_task=,name=syrk,tick=13,start_time=631707.536329,nthreads=14,
end_task=,name=syrk,elapsed_seconds=0.274372,predicted_seconds=0.112024,time_percent_error=59.170574,nthreads=14,end_time=631707.811434,released_listeners=1,
end_task=,name=gemm,elapsed_seconds=0.290554,predicted_seconds=0.133884,time_percent_error=53.921292,nthreads=12,end_time=631707.836105,released_listeners=0,
end_task=,name=trsm,elapsed_seconds=0.818145,predicted_seconds=0.569669,time_percent_error=30.370645,nthreads=1,end_time=631707.936236,released_listeners=4,
start_task=,name=syrk,tick=14,start_time=631707.938310,nthreads=8,
start_task=,name=gemm,tick=14,start_time=631707.938347,nthreads=11,
start_task=,name=gemm,tick=14,start_time=631707.938370,nthreads=8,
end_task=,name=trsm,elapsed_seconds=0.819542,predicted_seconds=0.569669,time_percent_error=30.489323,nthreads=1,end_time=631707.957147,released_listeners=4,
start_task=,name=gemm,tick=15,start_time=631707.958847,nthreads=1,
end_task=,name=syrk,elapsed_seconds=0.435620,predicted_seconds=0.150769,time_percent_error=65.389664,nthreads=8,end_time=631708.386777,released_listeners=1,
end_task=,name=gemm,elapsed_seconds=0.434204,predicted_seconds=0.191029,time_percent_error=56.004900,nthreads=11,end_time=631708.386854,released_listeners=1,
start_task=,name=syrk,tick=16,start_time=631708.389066,nthreads=4,
start_task=,name=gemm,tick=16,start_time=631708.389095,nthreads=8,
start_task=,name=gemm,tick=16,start_time=631708.389119,nthreads=6,
start_task=,name=potrf,tick=16,start_time=631708.389163,nthreads=1,
end_task=,name=gemm,elapsed_seconds=0.481026,predicted_seconds=0.192999,time_percent_error=59.877717,nthreads=8,end_time=631708.436588,released_listeners=1,
end_task=,name=gemm,elapsed_seconds=0.444307,predicted_seconds=0.192999,time_percent_error=56.561930,nthreads=8,end_time=631708.836482,released_listeners=0,
end_task=,name=syrk,elapsed_seconds=0.536781,predicted_seconds=0.283145,time_percent_error=47.251361,nthreads=4,end_time=631708.936262,released_listeners=1,
end_task=,name=potrf,elapsed_seconds=0.637435,predicted_seconds=0.371487,time_percent_error=41.721657,nthreads=1,end_time=631709.036148,released_listeners=3,
start_task=,name=trsm,tick=17,start_time=631709.036554,nthreads=11,
start_task=,name=trsm,tick=17,start_time=631709.036585,nthreads=10,
end_task=,name=gemm,elapsed_seconds=0.696971,predicted_seconds=0.354704,time_percent_error=49.107815,nthreads=6,end_time=631709.086811,released_listeners=0,
end_task=,name=trsm,elapsed_seconds=0.131476,predicted_seconds=0.072268,time_percent_error=45.033275,nthreads=11,end_time=631709.168926,released_listeners=3,
start_task=,name=syrk,tick=18,start_time=631709.168995,nthreads=17,
end_task=,name=trsm,elapsed_seconds=0.137477,predicted_seconds=0.074796,time_percent_error=45.593578,nthreads=10,end_time=631709.186635,released_listeners=3,
start_task=,name=gemm,tick=19,start_time=631709.186758,nthreads=6,
start_task=,name=syrk,tick=19,start_time=631709.186790,nthreads=4,
end_task=,name=syrk,elapsed_seconds=0.201348,predicted_seconds=0.080313,time_percent_error=60.112451,nthreads=17,end_time=631709.385763,released_listeners=1,
end_task=,name=gemm,elapsed_seconds=1.688700,predicted_seconds=0.957383,time_percent_error=43.306523,nthreads=1,end_time=631709.648170,released_listeners=1,
start_task=,name=trsm,tick=20,start_time=631709.648269,nthreads=18,
end_task=,name=syrk,elapsed_seconds=0.493505,predicted_seconds=0.283145,time_percent_error=42.625804,nthreads=4,end_time=631709.685894,released_listeners=1,
end_task=,name=trsm,elapsed_seconds=0.091736,predicted_seconds=0.050200,time_percent_error=45.277409,nthreads=18,end_time=631709.740749,released_listeners=3,
start_task=,name=syrk,tick=21,start_time=631709.741522,nthreads=6,
start_task=,name=gemm,tick=21,start_time=631709.741552,nthreads=8,
start_task=,name=gemm,tick=21,start_time=631709.741576,nthreads=8,
end_task=,name=gemm,elapsed_seconds=0.665749,predicted_seconds=0.354704,time_percent_error=46.721109,nthreads=6,end_time=631709.853068,released_listeners=0,
end_task=,name=gemm,elapsed_seconds=0.409789,predicted_seconds=0.192999,time_percent_error=52.902881,nthreads=8,end_time=631710.152206,released_listeners=1,
end_task=,name=gemm,elapsed_seconds=0.444301,predicted_seconds=0.192999,time_percent_error=56.561305,nthreads=8,end_time=631710.187560,released_listeners=1,
end_task=,name=syrk,elapsed_seconds=0.490719,predicted_seconds=0.259482,time_percent_error=47.121963,nthreads=6,end_time=631710.235860,released_listeners=1,
start_task=,name=potrf,tick=22,start_time=631710.235943,nthreads=28,
end_task=,name=potrf,elapsed_seconds=0.122584,predicted_seconds=0.060886,time_percent_error=50.331652,nthreads=28,end_time=631710.359330,released_listeners=2,
start_task=,name=trsm,tick=23,start_time=631710.359436,nthreads=16,
start_task=,name=trsm,tick=23,start_time=631710.359451,nthreads=12,
end_task=,name=trsm,elapsed_seconds=0.106660,predicted_seconds=0.051521,time_percent_error=51.696257,nthreads=16,end_time=631710.466629,released_listeners=2,
start_task=,name=syrk,tick=24,start_time=631710.466662,nthreads=16,
end_task=,name=trsm,elapsed_seconds=0.126889,predicted_seconds=0.063637,time_percent_error=49.847920,nthreads=12,end_time=631710.487079,released_listeners=2,
start_task=,name=gemm,tick=25,start_time=631710.487219,nthreads=8,
start_task=,name=syrk,tick=25,start_time=631710.487245,nthreads=4,
end_task=,name=syrk,elapsed_seconds=0.226378,predicted_seconds=0.079229,time_percent_error=65.001468,nthreads=16,end_time=631710.693690,released_listeners=1,
start_task=,name=potrf,tick=26,start_time=631710.693717,nthreads=16,
end_task=,name=potrf,elapsed_seconds=0.171277,predicted_seconds=0.073748,time_percent_error=56.942396,nthreads=16,end_time=631710.865466,released_listeners=1,
end_task=,name=gemm,elapsed_seconds=0.408418,predicted_seconds=0.192999,time_percent_error=52.744852,nthreads=8,end_time=631710.896249,released_listeners=1,
start_task=,name=trsm,tick=27,start_time=631710.896302,nthreads=24,
end_task=,name=trsm,elapsed_seconds=0.075587,predicted_seconds=0.038657,time_percent_error=48.856678,nthreads=24,end_time=631710.985843,released_listeners=1,
end_task=,name=syrk,elapsed_seconds=0.515959,predicted_seconds=0.283145,time_percent_error=45.122596,nthreads=4,end_time=631711.003896,released_listeners=1,
start_task=,name=syrk,tick=28,start_time=631711.003942,nthreads=28,
end_task=,name=syrk,elapsed_seconds=0.156438,predicted_seconds=0.062906,time_percent_error=59.788881,nthreads=28,end_time=631711.161255,released_listeners=1,
start_task=,name=potrf,tick=29,start_time=631711.161309,nthreads=28,
end_task=,name=potrf,elapsed_seconds=0.119269,predicted_seconds=0.060886,time_percent_error=48.951140,nthreads=28,end_time=631711.285644,released_listeners=0,
average_power_W=128.688406,
max_power_W=153.000000,
time_s=6.915520,
message=ALL DONE,
