message=cataloging configuration,power_limit=1000.000000,max_threads=26,
start_task=,name=potrf,tick=1,start_time=632067.354102,nthreads=26,
end_task=,name=potrf,elapsed_seconds=0.313310,predicted_seconds=0.061874,time_percent_error=80.251348,nthreads=26,end_time=632067.669040,released_listeners=5,
start_task=,name=trsm,tick=2,start_time=632067.694724,nthreads=6,
start_task=,name=trsm,tick=2,start_time=632067.694760,nthreads=5,
start_task=,name=trsm,tick=2,start_time=632067.694783,nthreads=5,
start_task=,name=trsm,tick=2,start_time=632067.694865,nthreads=5,
start_task=,name=trsm,tick=2,start_time=632067.695008,nthreads=5,
end_task=,name=trsm,elapsed_seconds=0.209672,predicted_seconds=0.111110,time_percent_error=47.007609,nthreads=6,end_time=632067.918188,released_listeners=5,
start_task=,name=syrk,tick=3,start_time=632067.918955,nthreads=6,
end_task=,name=trsm,elapsed_seconds=0.239925,predicted_seconds=0.135833,time_percent_error=43.385257,nthreads=5,end_time=632067.935624,released_listeners=5,
start_task=,name=gemm,tick=4,start_time=632067.935852,nthreads=1,
start_task=,name=syrk,tick=4,start_time=632067.935871,nthreads=4,
end_task=,name=trsm,elapsed_seconds=0.271098,predicted_seconds=0.135833,time_percent_error=49.895214,nthreads=5,end_time=632067.968620,released_listeners=5,
start_task=,name=gemm,tick=5,start_time=632067.968784,nthreads=1,
start_task=,name=gemm,tick=5,start_time=632067.968803,nthreads=1,
start_task=,name=syrk,tick=5,start_time=632067.968820,nthreads=3,
end_task=,name=trsm,elapsed_seconds=0.259729,predicted_seconds=0.135833,time_percent_error=47.701946,nthreads=5,end_time=632067.968836,released_listeners=5,
end_task=,name=trsm,elapsed_seconds=0.271260,predicted_seconds=0.135833,time_percent_error=49.925174,nthreads=5,end_time=632067.968851,released_listeners=5,
start_task=,name=gemm,tick=6,start_time=632067.990348,nthreads=1,
start_task=,name=syrk,tick=6,start_time=632067.990377,nthreads=1,
start_task=,name=gemm,tick=6,start_time=632067.990422,nthreads=1,
start_task=,name=gemm,tick=6,start_time=632067.990459,nthreads=1,
start_task=,name=gemm,tick=6,start_time=632067.990507,nthreads=1,
start_task=,name=gemm,tick=6,start_time=632067.990575,nthreads=1,
start_task=,name=syrk,tick=6,start_time=632067.990616,nthreads=2,
start_task=,name=gemm,tick=6,start_time=632067.990912,nthreads=1,
start_task=,name=gemm,tick=6,start_time=632067.990957,nthreads=1,
end_task=,name=syrk,elapsed_seconds=0.581684,predicted_seconds=0.283145,time_percent_error=51.323257,nthreads=4,end_time=632068.518930,released_listeners=1,
end_task=,name=syrk,elapsed_seconds=0.685754,predicted_seconds=0.259482,time_percent_error=62.161022,nthreads=6,end_time=632068.618130,released_listeners=1,
end_task=,name=syrk,elapsed_seconds=1.557470,predicted_seconds=0.764859,time_percent_error=50.890928,nthreads=3,end_time=632069.527694,released_listeners=1,
end_task=,name=gemm,elapsed_seconds=1.661086,predicted_seconds=0.957383,time_percent_error=42.364061,nthreads=1,end_time=632069.598308,released_listeners=0,
end_task=,name=gemm,elapsed_seconds=1.674889,predicted_seconds=0.957383,time_percent_error=42.839048,nthreads=1,end_time=632069.645099,released_listeners=0,
end_task=,name=gemm,elapsed_seconds=1.725549,predicted_seconds=0.957383,time_percent_error=44.517224,nthreads=1,end_time=632069.695726,released_listeners=0,
end_task=,name=syrk,elapsed_seconds=1.718806,predicted_seconds=0.782142,time_percent_error=54.495038,nthreads=2,end_time=632069.718039,released_listeners=1,
end_task=,name=syrk,elapsed_seconds=1.789499,predicted_seconds=0.833912,time_percent_error=53.399681,nthreads=1,end_time=632069.781194,released_listeners=1,
start_task=,name=potrf,tick=7,start_time=632069.781773,nthreads=19,
end_task=,name=potrf,elapsed_seconds=0.158155,predicted_seconds=0.078489,time_percent_error=50.371940,nthreads=19,end_time=632069.940904,released_listeners=4,
end_task=,name=gemm,elapsed_seconds=1.961588,predicted_seconds=0.957383,time_percent_error=51.193495,nthreads=1,end_time=632069.968220,released_listeners=1,
start_task=,name=trsm,tick=8,start_time=632069.968316,nthreads=20,
end_task=,name=gemm,elapsed_seconds=1.983931,predicted_seconds=0.957383,time_percent_error=51.743160,nthreads=1,end_time=632069.977297,released_listeners=0,
end_task=,name=gemm,elapsed_seconds=1.998755,predicted_seconds=0.957383,time_percent_error=52.101057,nthreads=1,end_time=632069.990567,released_listeners=0,
end_task=,name=gemm,elapsed_seconds=2.026888,predicted_seconds=0.957383,time_percent_error=52.765898,nthreads=1,end_time=632070.018740,released_listeners=1,
start_task=,name=trsm,tick=9,start_time=632070.019001,nthreads=3,
end_task=,name=gemm,elapsed_seconds=2.061118,predicted_seconds=0.957383,time_percent_error=53.550337,nthreads=1,end_time=632070.068670,released_listeners=1,
end_task=,name=trsm,elapsed_seconds=0.090167,predicted_seconds=0.045104,time_percent_error=49.977027,nthreads=20,end_time=632070.068696,released_listeners=4,
start_task=,name=trsm,tick=10,start_time=632070.069876,nthreads=5,
start_task=,name=syrk,tick=10,start_time=632070.069899,nthreads=16,
end_task=,name=gemm,elapsed_seconds=2.140447,predicted_seconds=0.957383,time_percent_error=55.271846,nthreads=1,end_time=632070.131972,released_listeners=0,
end_task=,name=gemm,elapsed_seconds=2.150059,predicted_seconds=0.957383,time_percent_error=55.471804,nthreads=1,end_time=632070.141941,released_listeners=1,
start_task=,name=trsm,tick=11,start_time=632070.142061,nthreads=2,
end_task=,name=syrk,elapsed_seconds=0.177915,predicted_seconds=0.079229,time_percent_error=55.468048,nthreads=16,end_time=632070.249110,released_listeners=1,
end_task=,name=trsm,elapsed_seconds=0.221746,predicted_seconds=0.135833,time_percent_error=38.743690,nthreads=5,end_time=632070.292431,released_listeners=4,
start_task=,name=syrk,tick=12,start_time=632070.293555,nthreads=9,
start_task=,name=gemm,tick=12,start_time=632070.293589,nthreads=12,
end_task=,name=trsm,elapsed_seconds=0.307820,predicted_seconds=0.204505,time_percent_error=33.563680,nthreads=3,end_time=632070.327320,released_listeners=4,
start_task=,name=gemm,tick=13,start_time=632070.328198,nthreads=1,
start_task=,name=syrk,tick=13,start_time=632070.328219,nthreads=1,
start_task=,name=gemm,tick=13,start_time=632070.328235,nthreads=1,
end_task=,name=gemm,elapsed_seconds=0.269113,predicted_seconds=0.133884,time_percent_error=50.249941,nthreads=12,end_time=632070.568023,released_listeners=1,
end_task=,name=trsm,elapsed_seconds=0.428305,predicted_seconds=0.292970,time_percent_error=31.597797,nthreads=2,end_time=632070.571012,released_listeners=4,
start_task=,name=gemm,tick=14,start_time=632070.571590,nthreads=6,
start_task=,name=gemm,tick=14,start_time=632070.571610,nthreads=2,
start_task=,name=syrk,tick=14,start_time=632070.571626,nthreads=4,
start_task=,name=gemm,tick=14,start_time=632070.571642,nthreads=2,
end_task=,name=syrk,elapsed_seconds=0.333817,predicted_seconds=0.152565,time_percent_error=54.296788,nthreads=9,end_time=632070.628382,released_listeners=1,
start_task=,name=potrf,tick=15,start_time=632070.628593,nthreads=9,
end_task=,name=potrf,elapsed_seconds=0.321789,predicted_seconds=0.107711,time_percent_error=66.527624,nthreads=9,end_time=632070.951280,released_listeners=3,
start_task=,name=trsm,tick=16,start_time=632070.951357,nthreads=9,
end_task=,name=trsm,elapsed_seconds=0.131548,predicted_seconds=0.086104,time_percent_error=34.545861,nthreads=9,end_time=632071.083829,released_listeners=3,
start_task=,name=syrk,tick=17,start_time=632071.083873,nthreads=9,
end_task=,name=syrk,elapsed_seconds=0.558281,predicted_seconds=0.283145,time_percent_error=49.282741,nthreads=4,end_time=632071.131152,released_listeners=1,
end_task=,name=gemm,elapsed_seconds=0.697750,predicted_seconds=0.354704,time_percent_error=49.164654,nthreads=6,end_time=632071.270138,released_listeners=1,
start_task=,name=trsm,tick=18,start_time=632071.270224,nthreads=10,
end_task=,name=syrk,elapsed_seconds=0.270525,predicted_seconds=0.152565,time_percent_error=43.604130,nthreads=9,end_time=632071.367912,released_listeners=1,
end_task=,name=trsm,elapsed_seconds=0.118732,predicted_seconds=0.074796,time_percent_error=37.004373,nthreads=10,end_time=632071.390071,released_listeners=3,
start_task=,name=syrk,tick=19,start_time=632071.390166,nthreads=8,
start_task=,name=gemm,tick=19,start_time=632071.390187,nthreads=11,
end_task=,name=gemm,elapsed_seconds=0.988435,predicted_seconds=0.523133,time_percent_error=47.074631,nthreads=2,end_time=632071.568199,released_listeners=0,
end_task=,name=gemm,elapsed_seconds=1.005373,predicted_seconds=0.523133,time_percent_error=47.966291,nthreads=2,end_time=632071.577782,released_listeners=0,
end_task=,name=syrk,elapsed_seconds=0.276153,predicted_seconds=0.150769,time_percent_error=45.403608,nthreads=8,end_time=632071.667375,released_listeners=1,
end_task=,name=syrk,elapsed_seconds=1.353888,predicted_seconds=0.833912,time_percent_error=38.406132,nthreads=1,end_time=632071.682854,released_listeners=1,
end_task=,name=gemm,elapsed_seconds=0.364833,predicted_seconds=0.191029,time_percent_error=47.639403,nthreads=11,end_time=632071.768397,released_listeners=0,
end_task=,name=gemm,elapsed_seconds=1.680527,predicted_seconds=0.957383,time_percent_error=43.030811,nthreads=1,end_time=632072.018572,released_listeners=0,
end_task=,name=gemm,elapsed_seconds=1.673780,predicted_seconds=0.957383,time_percent_error=42.801187,nthreads=1,end_time=632072.018599,released_listeners=1,
start_task=,name=trsm,tick=20,start_time=632072.018688,nthreads=26,
end_task=,name=trsm,elapsed_seconds=0.081721,predicted_seconds=0.038837,time_percent_error=52.476456,nthreads=26,end_time=632072.101384,released_listeners=3,
start_task=,name=syrk,tick=21,start_time=632072.119175,nthreads=8,
start_task=,name=gemm,tick=21,start_time=632072.119216,nthreads=10,
start_task=,name=gemm,tick=21,start_time=632072.119241,nthreads=8,
end_task=,name=syrk,elapsed_seconds=0.355706,predicted_seconds=0.150769,time_percent_error=57.614016,nthreads=8,end_time=632072.475657,released_listeners=1,
start_task=,name=potrf,tick=22,start_time=632072.475712,nthreads=8,
end_task=,name=gemm,elapsed_seconds=0.425213,predicted_seconds=0.192999,time_percent_error=54.611276,nthreads=8,end_time=632072.545368,released_listeners=1,
end_task=,name=gemm,elapsed_seconds=0.435512,predicted_seconds=0.192113,time_percent_error=55.888036,nthreads=10,end_time=632072.568165,released_listeners=1,
end_task=,name=potrf,elapsed_seconds=0.203181,predicted_seconds=0.112019,time_percent_error=44.867194,nthreads=8,end_time=632072.679809,released_listeners=2,
start_task=,name=trsm,tick=23,start_time=632072.679957,nthreads=14,
start_task=,name=trsm,tick=23,start_time=632072.679973,nthreads=12,
end_task=,name=trsm,elapsed_seconds=0.111322,predicted_seconds=0.058493,time_percent_error=47.456134,nthreads=14,end_time=632072.791909,released_listeners=2,
start_task=,name=syrk,tick=24,start_time=632072.791973,nthreads=14,
end_task=,name=trsm,elapsed_seconds=0.119313,predicted_seconds=0.063637,time_percent_error=46.663256,nthreads=12,end_time=632072.799912,released_listeners=2,
start_task=,name=gemm,tick=25,start_time=632072.799978,nthreads=8,
start_task=,name=syrk,tick=25,start_time=632072.799990,nthreads=4,
end_task=,name=syrk,elapsed_seconds=0.258980,predicted_seconds=0.112024,time_percent_error=56.743948,nthreads=14,end_time=632073.068218,released_listeners=1,
start_task=,name=potrf,tick=26,start_time=632073.068272,nthreads=14,
end_task=,name=gemm,elapsed_seconds=0.377337,predicted_seconds=0.192999,time_percent_error=48.852514,nthreads=8,end_time=632073.179432,released_listeners=1,
end_task=,name=potrf,elapsed_seconds=0.160943,predicted_seconds=0.087078,time_percent_error=45.895329,nthreads=14,end_time=632073.231093,released_listeners=1,
start_task=,name=trsm,tick=27,start_time=632073.231148,nthreads=22,
end_task=,name=trsm,elapsed_seconds=0.080373,predicted_seconds=0.041920,time_percent_error=47.842993,nthreads=22,end_time=632073.318601,released_listeners=1,
end_task=,name=syrk,elapsed_seconds=0.503968,predicted_seconds=0.283145,time_percent_error=43.816946,nthreads=4,end_time=632073.318649,released_listeners=1,
start_task=,name=syrk,tick=28,start_time=632073.318689,nthreads=26,
end_task=,name=syrk,elapsed_seconds=0.154632,predicted_seconds=0.066341,time_percent_error=57.097648,nthreads=26,end_time=632073.474331,released_listeners=1,
start_task=,name=potrf,tick=29,start_time=632073.474384,nthreads=26,
end_task=,name=potrf,elapsed_seconds=0.127848,predicted_seconds=0.061874,time_percent_error=51.603022,nthreads=26,end_time=632073.617761,released_listeners=0,
average_power_W=130.240000,
max_power_W=153.000000,
time_s=6.266359,
message=ALL DONE,
