message=cataloging configuration,power_limit=170.000000,max_threads=112,
start_task=,name=potrf,tick=1,start_time=613061.788840,nthreads=61,
end_task=,name=potrf,elapsed_seconds=0.313340,predicted_seconds=0.046642,time_percent_error=85.114632,nthreads=61,end_time=613062.103707,released_listeners=5,
start_task=,name=trsm,tick=2,start_time=613062.112269,nthreads=16,
start_task=,name=trsm,tick=2,start_time=613062.112302,nthreads=14,
start_task=,name=trsm,tick=2,start_time=613062.112327,nthreads=14,
start_task=,name=trsm,tick=2,start_time=613062.112399,nthreads=14,
start_task=,name=trsm,tick=2,start_time=613062.112453,nthreads=14,
end_task=,name=trsm,elapsed_seconds=0.098277,predicted_seconds=0.051521,time_percent_error=47.576194,nthreads=16,end_time=613062.211283,released_listeners=5,
start_task=,name=syrk,tick=3,start_time=613062.211417,nthreads=23,
end_task=,name=trsm,elapsed_seconds=0.107185,predicted_seconds=0.058493,time_percent_error=45.428488,nthreads=14,end_time=613062.252683,released_listeners=5,
end_task=,name=trsm,elapsed_seconds=0.114986,predicted_seconds=0.058493,time_percent_error=49.130451,nthreads=14,end_time=613062.252728,released_listeners=5,
end_task=,name=trsm,elapsed_seconds=0.111432,predicted_seconds=0.058493,time_percent_error=47.508109,nthreads=14,end_time=613062.252760,released_listeners=5,
start_task=,name=syrk,tick=4,start_time=613062.262436,nthreads=1,
start_task=,name=gemm,tick=4,start_time=613062.262453,nthreads=1,
start_task=,name=gemm,tick=4,start_time=613062.262464,nthreads=1,
start_task=,name=syrk,tick=4,start_time=613062.262475,nthreads=1,
start_task=,name=syrk,tick=4,start_time=613062.262505,nthreads=1,
start_task=,name=gemm,tick=4,start_time=613062.262539,nthreads=1,
start_task=,name=gemm,tick=4,start_time=613062.262575,nthreads=1,
start_task=,name=gemm,tick=4,start_time=613062.262633,nthreads=1,
end_task=,name=trsm,elapsed_seconds=0.139559,predicted_seconds=0.058493,time_percent_error=58.087549,nthreads=14,end_time=613062.262694,released_listeners=5,
start_task=,name=gemm,tick=5,start_time=613062.264401,nthreads=1,
start_task=,name=gemm,tick=5,start_time=613062.264437,nthreads=1,
start_task=,name=gemm,tick=5,start_time=613062.264765,nthreads=1,
end_task=,name=syrk,elapsed_seconds=0.201668,predicted_seconds=0.071960,time_percent_error=64.317395,nthreads=23,end_time=613062.423277,released_listeners=1,
start_task=,name=gemm,tick=6,start_time=613062.423588,nthreads=1,
start_task=,name=gemm,tick=6,start_time=613062.423608,nthreads=2,
start_task=,name=syrk,tick=6,start_time=613062.423624,nthreads=5,
end_task=,name=syrk,elapsed_seconds=0.409153,predicted_seconds=0.269296,time_percent_error=34.182091,nthreads=5,end_time=613062.833372,released_listeners=1,
end_task=,name=gemm,elapsed_seconds=0.632938,predicted_seconds=0.523133,time_percent_error=17.348502,nthreads=2,end_time=613063.068199,released_listeners=0,
end_task=,name=syrk,elapsed_seconds=0.898117,predicted_seconds=0.833912,time_percent_error=7.148788,nthreads=1,end_time=613063.161516,released_listeners=1,
end_task=,name=syrk,elapsed_seconds=0.920244,predicted_seconds=0.833912,time_percent_error=9.381396,nthreads=1,end_time=613063.183547,released_listeners=1,
start_task=,name=potrf,tick=7,start_time=613063.183654,nthreads=31,
end_task=,name=syrk,elapsed_seconds=0.925002,predicted_seconds=0.833912,time_percent_error=9.847481,nthreads=1,end_time=613063.203892,released_listeners=1,
end_task=,name=potrf,elapsed_seconds=0.081173,predicted_seconds=0.059061,time_percent_error=27.240434,nthreads=31,end_time=613063.265381,released_listeners=4,
end_task=,name=gemm,elapsed_seconds=1.049521,predicted_seconds=0.957383,time_percent_error=8.779067,nthreads=1,end_time=613063.312540,released_listeners=1,
start_task=,name=trsm,tick=8,start_time=613063.312598,nthreads=44,
end_task=,name=gemm,elapsed_seconds=1.061777,predicted_seconds=0.957383,time_percent_error=9.832026,nthreads=1,end_time=613063.324679,released_listeners=0,
end_task=,name=gemm,elapsed_seconds=1.069422,predicted_seconds=0.957383,time_percent_error=10.476666,nthreads=1,end_time=613063.332592,released_listeners=0,
end_task=,name=trsm,elapsed_seconds=0.045482,predicted_seconds=0.027924,time_percent_error=38.603124,nthreads=44,end_time=613063.358580,released_listeners=4,
start_task=,name=syrk,tick=9,start_time=613063.358623,nthreads=92,
end_task=,name=gemm,elapsed_seconds=1.121396,predicted_seconds=0.957383,time_percent_error=14.625850,nthreads=1,end_time=613063.384491,released_listeners=0,
end_task=,name=gemm,elapsed_seconds=1.133200,predicted_seconds=0.957383,time_percent_error=15.515137,nthreads=1,end_time=613063.402702,released_listeners=1,
start_task=,name=trsm,tick=10,start_time=613063.402812,nthreads=11,
end_task=,name=gemm,elapsed_seconds=1.142880,predicted_seconds=0.957383,time_percent_error=16.230713,nthreads=1,end_time=613063.422808,released_listeners=1,
start_task=,name=trsm,tick=11,start_time=613063.422860,nthreads=2,
end_task=,name=gemm,elapsed_seconds=1.147493,predicted_seconds=0.957383,time_percent_error=16.567478,nthreads=1,end_time=613063.422874,released_listeners=0,
end_task=,name=gemm,elapsed_seconds=1.174063,predicted_seconds=0.957383,time_percent_error=18.455617,nthreads=1,end_time=613063.452714,released_listeners=0,
end_task=,name=syrk,elapsed_seconds=0.126907,predicted_seconds=0.038824,time_percent_error=69.407169,nthreads=92,end_time=613063.486059,released_listeners=1,
start_task=,name=potrf,tick=12,start_time=613063.486091,nthreads=61,
end_task=,name=gemm,elapsed_seconds=1.075569,predicted_seconds=0.957383,time_percent_error=10.988292,nthreads=1,end_time=613063.502341,released_listeners=1,
start_task=,name=trsm,tick=13,start_time=613063.502429,nthreads=34,
end_task=,name=trsm,elapsed_seconds=0.150051,predicted_seconds=0.072268,time_percent_error=51.837714,nthreads=11,end_time=613063.553366,released_listeners=4,
start_task=,name=gemm,tick=14,start_time=613063.553666,nthreads=7,
start_task=,name=syrk,tick=14,start_time=613063.553686,nthreads=5,
end_task=,name=potrf,elapsed_seconds=0.085717,predicted_seconds=0.046642,time_percent_error=45.585936,nthreads=61,end_time=613063.579382,released_listeners=3,
end_task=,name=trsm,elapsed_seconds=0.064535,predicted_seconds=0.033511,time_percent_error=48.073443,nthreads=34,end_time=613063.579467,released_listeners=4,
start_task=,name=gemm,tick=15,start_time=613063.579840,nthreads=24,
start_task=,name=gemm,tick=15,start_time=613063.579886,nthreads=24,
start_task=,name=syrk,tick=15,start_time=613063.579927,nthreads=23,
end_task=,name=trsm,elapsed_seconds=0.324051,predicted_seconds=0.292970,time_percent_error=9.591555,nthreads=2,end_time=613063.752630,released_listeners=4,
end_task=,name=gemm,elapsed_seconds=0.170897,predicted_seconds=0.069532,time_percent_error=59.313320,nthreads=24,end_time=613063.752653,released_listeners=1,
end_task=,name=gemm,elapsed_seconds=0.171159,predicted_seconds=0.069532,time_percent_error=59.375811,nthreads=24,end_time=613063.752668,released_listeners=0,
start_task=,name=gemm,tick=16,start_time=613063.753034,nthreads=11,
start_task=,name=gemm,tick=16,start_time=613063.753049,nthreads=9,
start_task=,name=gemm,tick=16,start_time=613063.753062,nthreads=9,
start_task=,name=syrk,tick=16,start_time=613063.753091,nthreads=9,
start_task=,name=trsm,tick=16,start_time=613063.753123,nthreads=4,
end_task=,name=syrk,elapsed_seconds=0.212674,predicted_seconds=0.071960,time_percent_error=66.164009,nthreads=23,end_time=613063.803839,released_listeners=1,
end_task=,name=gemm,elapsed_seconds=0.410191,predicted_seconds=0.358185,time_percent_error=12.678635,nthreads=7,end_time=613063.964456,released_listeners=1,
start_task=,name=trsm,tick=17,start_time=613063.964510,nthreads=28,
end_task=,name=trsm,elapsed_seconds=0.053166,predicted_seconds=0.035983,time_percent_error=32.319597,nthreads=28,end_time=613064.018271,released_listeners=3,
end_task=,name=trsm,elapsed_seconds=0.286799,predicted_seconds=0.163510,time_percent_error=42.987780,nthreads=4,end_time=613064.052793,released_listeners=3,
start_task=,name=gemm,tick=18,start_time=613064.052881,nthreads=23,
start_task=,name=syrk,tick=18,start_time=613064.052903,nthreads=17,
end_task=,name=syrk,elapsed_seconds=0.519649,predicted_seconds=0.269296,time_percent_error=48.177278,nthreads=5,end_time=613064.074312,released_listeners=1,
start_task=,name=syrk,tick=19,start_time=613064.074365,nthreads=7,
end_task=,name=gemm,elapsed_seconds=0.351995,predicted_seconds=0.191029,time_percent_error=45.729744,nthreads=11,end_time=613064.126519,released_listeners=1,
end_task=,name=gemm,elapsed_seconds=0.363079,predicted_seconds=0.194402,time_percent_error=46.457284,nthreads=9,end_time=613064.126546,released_listeners=0,
end_task=,name=syrk,elapsed_seconds=0.369821,predicted_seconds=0.152565,time_percent_error=58.746262,nthreads=9,end_time=613064.126565,released_listeners=1,
start_task=,name=trsm,tick=20,start_time=613064.126589,nthreads=38,
end_task=,name=gemm,elapsed_seconds=0.372749,predicted_seconds=0.194402,time_percent_error=47.846272,nthreads=9,end_time=613064.126870,released_listeners=0,
end_task=,name=gemm,elapsed_seconds=0.118328,predicted_seconds=0.084016,time_percent_error=28.996960,nthreads=23,end_time=613064.172188,released_listeners=1,
end_task=,name=trsm,elapsed_seconds=0.085838,predicted_seconds=0.032011,time_percent_error=62.707604,nthreads=38,end_time=613064.213337,released_listeners=3,
start_task=,name=gemm,tick=21,start_time=613064.213496,nthreads=24,
start_task=,name=gemm,tick=21,start_time=613064.213530,nthreads=24,
start_task=,name=syrk,tick=21,start_time=613064.213563,nthreads=23,
end_task=,name=syrk,elapsed_seconds=0.195393,predicted_seconds=0.080313,time_percent_error=58.896693,nthreads=17,end_time=613064.257062,released_listeners=1,
end_task=,name=gemm,elapsed_seconds=0.152162,predicted_seconds=0.069532,time_percent_error=54.303731,nthreads=24,end_time=613064.366190,released_listeners=0,
end_task=,name=gemm,elapsed_seconds=0.184063,predicted_seconds=0.069532,time_percent_error=62.223672,nthreads=24,end_time=613064.403021,released_listeners=1,
end_task=,name=syrk,elapsed_seconds=0.207764,predicted_seconds=0.071960,time_percent_error=65.364411,nthreads=23,end_time=613064.421834,released_listeners=1,
end_task=,name=syrk,elapsed_seconds=0.392177,predicted_seconds=0.256580,time_percent_error=34.575359,nthreads=7,end_time=613064.467102,released_listeners=1,
start_task=,name=potrf,tick=22,start_time=613064.467156,nthreads=61,
end_task=,name=potrf,elapsed_seconds=0.072852,predicted_seconds=0.046642,time_percent_error=35.977167,nthreads=61,end_time=613064.552799,released_listeners=2,
start_task=,name=trsm,tick=23,start_time=613064.552863,nthreads=52,
start_task=,name=trsm,tick=23,start_time=613064.552913,nthreads=52,
end_task=,name=trsm,elapsed_seconds=0.036214,predicted_seconds=0.027002,time_percent_error=25.437768,nthreads=52,end_time=613064.603097,released_listeners=2,
start_task=,name=syrk,tick=24,start_time=613064.603179,nthreads=60,
end_task=,name=trsm,elapsed_seconds=0.049740,predicted_seconds=0.027002,time_percent_error=45.712766,nthreads=52,end_time=613064.603988,released_listeners=2,
start_task=,name=gemm,tick=25,start_time=613064.604068,nthreads=24,
start_task=,name=syrk,tick=25,start_time=613064.604100,nthreads=24,
end_task=,name=syrk,elapsed_seconds=0.103189,predicted_seconds=0.042495,time_percent_error=58.818441,nthreads=60,end_time=613064.706980,released_listeners=1,
start_task=,name=potrf,tick=26,start_time=613064.707035,nthreads=61,
end_task=,name=syrk,elapsed_seconds=0.154648,predicted_seconds=0.065601,time_percent_error=57.580489,nthreads=24,end_time=613064.759688,released_listeners=1,
end_task=,name=gemm,elapsed_seconds=0.175171,predicted_seconds=0.069532,time_percent_error=60.306211,nthreads=24,end_time=613064.780215,released_listeners=1,
end_task=,name=potrf,elapsed_seconds=0.173474,predicted_seconds=0.046642,time_percent_error=73.113092,nthreads=61,end_time=613064.881182,released_listeners=1,
start_task=,name=trsm,tick=27,start_time=613064.881243,nthreads=78,
end_task=,name=trsm,elapsed_seconds=0.033254,predicted_seconds=0.026432,time_percent_error=20.516081,nthreads=78,end_time=613064.916017,released_listeners=1,
start_task=,name=syrk,tick=28,start_time=613064.916079,nthreads=92,
end_task=,name=syrk,elapsed_seconds=0.074828,predicted_seconds=0.038824,time_percent_error=48.115574,nthreads=92,end_time=613065.002632,released_listeners=1,
start_task=,name=potrf,tick=29,start_time=613065.002703,nthreads=61,
end_task=,name=potrf,elapsed_seconds=0.061157,predicted_seconds=0.046642,time_percent_error=23.734185,nthreads=61,end_time=613065.064972,released_listeners=0,
average_power_W=170.076923,
max_power_W=206.000000,
time_s=3.276262,
message=ALL DONE,
