message=profiling all tasks,max_threads=16,
start_task=,name=start,start_time=107337.052812,nthreads=16,
end_task=,name=start,start_time=1468528348.879462,elapsed_seconds=0.507506,nthreads=16,avg_power_W=145.600000,max_power_W=157.000000,released_listeners=16,
start_task=,name=spmv,start_time=107337.566795,nthreads=16,
end_task=,name=spmv,start_time=1468528349.393415,elapsed_seconds=0.515051,nthreads=16,avg_power_W=126.600000,max_power_W=129.000000,released_listeners=1,
start_task=,name=spmv,start_time=107338.083773,nthreads=16,
end_task=,name=spmv,start_time=1468528349.910392,elapsed_seconds=0.511990,nthreads=16,avg_power_W=125.200000,max_power_W=127.000000,released_listeners=1,
start_task=,name=spmv,start_time=107338.597629,nthreads=16,
end_task=,name=spmv,start_time=1468528350.424248,elapsed_seconds=0.517249,nthreads=16,avg_power_W=128.454545,max_power_W=132.000000,released_listeners=1,
start_task=,name=spmv,start_time=107339.118601,nthreads=16,
end_task=,name=spmv,start_time=1468528350.945220,elapsed_seconds=0.502659,nthreads=16,avg_power_W=127.700000,max_power_W=130.000000,released_listeners=1,
start_task=,name=spmv,start_time=107339.623023,nthreads=16,
end_task=,name=spmv,start_time=1468528351.449641,elapsed_seconds=0.517173,nthreads=16,avg_power_W=127.500000,max_power_W=130.000000,released_listeners=1,
start_task=,name=spmv,start_time=107340.142069,nthreads=16,
end_task=,name=spmv,start_time=1468528351.968688,elapsed_seconds=0.516512,nthreads=16,avg_power_W=126.363636,max_power_W=128.000000,released_listeners=1,
start_task=,name=spmv,start_time=107340.666794,nthreads=16,
end_task=,name=spmv,start_time=1468528352.493422,elapsed_seconds=0.504653,nthreads=16,avg_power_W=124.100000,max_power_W=125.000000,released_listeners=1,
start_task=,name=spmv,start_time=107341.173341,nthreads=16,
end_task=,name=spmv,start_time=1468528352.999960,elapsed_seconds=0.519917,nthreads=16,avg_power_W=123.700000,max_power_W=127.000000,released_listeners=1,
start_task=,name=spmv,start_time=107341.694653,nthreads=16,
end_task=,name=spmv,start_time=1468528353.521272,elapsed_seconds=0.517604,nthreads=16,avg_power_W=123.454545,max_power_W=125.000000,released_listeners=1,
start_task=,name=spmv,start_time=107342.216770,nthreads=16,
end_task=,name=spmv,start_time=1468528354.043389,elapsed_seconds=0.515147,nthreads=16,avg_power_W=123.600000,max_power_W=124.000000,released_listeners=1,
start_task=,name=spmv,start_time=107342.733837,nthreads=16,
end_task=,name=spmv,start_time=1468528354.560456,elapsed_seconds=0.515299,nthreads=16,avg_power_W=124.400000,max_power_W=126.000000,released_listeners=1,
start_task=,name=spmv,start_time=107343.250968,nthreads=16,
end_task=,name=spmv,start_time=1468528355.077587,elapsed_seconds=0.514966,nthreads=16,avg_power_W=123.454545,max_power_W=126.000000,released_listeners=1,
start_task=,name=spmv,start_time=107343.767325,nthreads=16,
end_task=,name=spmv,start_time=1468528355.593943,elapsed_seconds=0.515447,nthreads=16,avg_power_W=124.600000,max_power_W=126.000000,released_listeners=1,
start_task=,name=spmv,start_time=107344.284697,nthreads=16,
end_task=,name=spmv,start_time=1468528356.111319,elapsed_seconds=0.515983,nthreads=16,avg_power_W=127.900000,max_power_W=129.000000,released_listeners=1,
start_task=,name=spmv,start_time=107344.802529,nthreads=16,
end_task=,name=spmv,start_time=1468528356.629148,elapsed_seconds=0.515462,nthreads=16,avg_power_W=125.272727,max_power_W=127.000000,released_listeners=1,
start_task=,name=spmv,start_time=107345.319851,nthreads=16,
end_task=,name=spmv,start_time=1468528357.146470,elapsed_seconds=0.515210,nthreads=16,avg_power_W=124.500000,max_power_W=126.000000,released_listeners=1,
start_task=,name=subtract,start_time=107345.835846,nthreads=16,
end_task=,name=subtract,start_time=1468528357.662465,elapsed_seconds=0.505159,nthreads=16,avg_power_W=133.000000,max_power_W=137.000000,released_listeners=2,
start_task=,name=subtract,start_time=107346.341956,nthreads=16,
end_task=,name=subtract,start_time=1468528358.168575,elapsed_seconds=0.508525,nthreads=16,avg_power_W=137.900000,max_power_W=140.000000,released_listeners=2,
start_task=,name=subtract,start_time=107346.851764,nthreads=16,
end_task=,name=subtract,start_time=1468528358.678384,elapsed_seconds=0.508713,nthreads=16,avg_power_W=137.272727,max_power_W=138.000000,released_listeners=2,
start_task=,name=subtract,start_time=107347.366451,nthreads=16,
end_task=,name=subtract,start_time=1468528359.193070,elapsed_seconds=0.504197,nthreads=16,avg_power_W=136.200000,max_power_W=137.000000,released_listeners=2,
start_task=,name=subtract,start_time=107347.871436,nthreads=16,
end_task=,name=subtract,start_time=1468528359.698055,elapsed_seconds=0.509138,nthreads=16,avg_power_W=131.700000,max_power_W=133.000000,released_listeners=2,
start_task=,name=subtract,start_time=107348.381451,nthreads=16,
end_task=,name=subtract,start_time=1468528360.208071,elapsed_seconds=0.509207,nthreads=16,avg_power_W=134.000000,max_power_W=137.000000,released_listeners=2,
start_task=,name=subtract,start_time=107348.891475,nthreads=16,
end_task=,name=subtract,start_time=1468528360.718094,elapsed_seconds=0.508753,nthreads=16,avg_power_W=132.200000,max_power_W=135.000000,released_listeners=2,
start_task=,name=subtract,start_time=107349.401342,nthreads=16,
end_task=,name=subtract,start_time=1468528361.227961,elapsed_seconds=0.509207,nthreads=16,avg_power_W=134.454545,max_power_W=138.000000,released_listeners=2,
start_task=,name=subtract,start_time=107349.917251,nthreads=16,
end_task=,name=subtract,start_time=1468528361.743870,elapsed_seconds=0.502919,nthreads=16,avg_power_W=135.000000,max_power_W=138.000000,released_listeners=2,
start_task=,name=subtract,start_time=107350.421793,nthreads=16,
end_task=,name=subtract,start_time=1468528362.248412,elapsed_seconds=0.508271,nthreads=16,avg_power_W=135.600000,max_power_W=137.000000,released_listeners=2,
start_task=,name=subtract,start_time=107350.932096,nthreads=16,
end_task=,name=subtract,start_time=1468528362.758719,elapsed_seconds=0.508437,nthreads=16,avg_power_W=136.100000,max_power_W=138.000000,released_listeners=2,
start_task=,name=subtract,start_time=107351.441430,nthreads=16,
end_task=,name=subtract,start_time=1468528363.268049,elapsed_seconds=0.509062,nthreads=16,avg_power_W=136.300000,max_power_W=137.000000,released_listeners=2,
start_task=,name=subtract,start_time=107351.951374,nthreads=16,
end_task=,name=subtract,start_time=1468528363.777993,elapsed_seconds=0.508847,nthreads=16,avg_power_W=135.090909,max_power_W=137.000000,released_listeners=2,
start_task=,name=subtract,start_time=107352.467837,nthreads=16,
end_task=,name=subtract,start_time=1468528364.294456,elapsed_seconds=0.502082,nthreads=16,avg_power_W=135.300000,max_power_W=137.000000,released_listeners=2,
start_task=,name=subtract,start_time=107352.972233,nthreads=16,
end_task=,name=subtract,start_time=1468528364.798852,elapsed_seconds=0.507913,nthreads=16,avg_power_W=135.900000,max_power_W=137.000000,released_listeners=2,
start_task=,name=subtract,start_time=107353.482197,nthreads=16,
end_task=,name=subtract,start_time=1468528365.308816,elapsed_seconds=0.507862,nthreads=16,avg_power_W=135.100000,max_power_W=137.000000,released_listeners=2,
start_task=,name=copy,start_time=107353.992173,nthreads=16,
end_task=,name=copy,start_time=1468528365.818792,elapsed_seconds=0.507842,nthreads=16,avg_power_W=137.700000,max_power_W=141.000000,released_listeners=1,
start_task=,name=myddot,start_time=107354.501919,nthreads=16,
end_task=,name=myddot,start_time=1468528366.328538,elapsed_seconds=0.508128,nthreads=16,avg_power_W=128.636364,max_power_W=141.000000,released_listeners=1,
start_task=,name=copy,start_time=107355.017261,nthreads=16,
end_task=,name=copy,start_time=1468528366.843880,elapsed_seconds=0.503003,nthreads=16,avg_power_W=138.400000,max_power_W=142.000000,released_listeners=1,
start_task=,name=myddot,start_time=107355.522267,nthreads=16,
end_task=,name=myddot,start_time=1468528367.348886,elapsed_seconds=0.517694,nthreads=16,avg_power_W=129.200000,max_power_W=134.000000,released_listeners=1,
start_task=,name=copy,start_time=107356.042333,nthreads=16,
end_task=,name=copy,start_time=1468528367.868952,elapsed_seconds=0.508014,nthreads=16,avg_power_W=136.300000,max_power_W=138.000000,released_listeners=1,
start_task=,name=myddot,start_time=107356.551938,nthreads=16,
end_task=,name=myddot,start_time=1468528368.378557,elapsed_seconds=0.508004,nthreads=16,avg_power_W=129.181818,max_power_W=137.000000,released_listeners=1,
start_task=,name=copy,start_time=107357.068097,nthreads=16,
end_task=,name=copy,start_time=1468528368.894716,elapsed_seconds=0.502199,nthreads=16,avg_power_W=135.300000,max_power_W=137.000000,released_listeners=1,
start_task=,name=myddot,start_time=107357.572404,nthreads=16,
end_task=,name=myddot,start_time=1468528369.399023,elapsed_seconds=0.507699,nthreads=16,avg_power_W=124.600000,max_power_W=132.000000,released_listeners=1,
start_task=,name=copy,start_time=107358.082050,nthreads=16,
end_task=,name=copy,start_time=1468528369.908669,elapsed_seconds=0.508157,nthreads=16,avg_power_W=136.500000,max_power_W=140.000000,released_listeners=1,
start_task=,name=myddot,start_time=107358.592581,nthreads=16,
end_task=,name=myddot,start_time=1468528370.419200,elapsed_seconds=0.517436,nthreads=16,avg_power_W=129.545455,max_power_W=138.000000,released_listeners=1,
start_task=,name=copy,start_time=107359.117709,nthreads=16,
end_task=,name=copy,start_time=1468528370.944328,elapsed_seconds=0.502639,nthreads=16,avg_power_W=135.600000,max_power_W=137.000000,released_listeners=1,
start_task=,name=myddot,start_time=107359.622517,nthreads=16,
end_task=,name=myddot,start_time=1468528371.449136,elapsed_seconds=0.507561,nthreads=16,avg_power_W=128.600000,max_power_W=135.000000,released_listeners=1,
start_task=,name=copy,start_time=107360.132440,nthreads=16,
end_task=,name=copy,start_time=1468528371.959059,elapsed_seconds=0.507770,nthreads=16,avg_power_W=135.100000,max_power_W=138.000000,released_listeners=1,
start_task=,name=myddot,start_time=107360.642232,nthreads=16,
end_task=,name=myddot,start_time=1468528372.468852,elapsed_seconds=0.507772,nthreads=16,avg_power_W=129.600000,max_power_W=137.000000,released_listeners=1,
start_task=,name=copy,start_time=107361.152138,nthreads=16,
end_task=,name=copy,start_time=1468528372.978757,elapsed_seconds=0.508205,nthreads=16,avg_power_W=133.090909,max_power_W=137.000000,released_listeners=1,
start_task=,name=myddot,start_time=107361.667439,nthreads=16,
end_task=,name=myddot,start_time=1468528373.494059,elapsed_seconds=0.512556,nthreads=16,avg_power_W=129.400000,max_power_W=131.000000,released_listeners=1,
start_task=,name=copy,start_time=107362.182429,nthreads=16,
end_task=,name=copy,start_time=1468528374.009048,elapsed_seconds=0.507857,nthreads=16,avg_power_W=135.500000,max_power_W=137.000000,released_listeners=1,
start_task=,name=myddot,start_time=107362.692687,nthreads=16,
end_task=,name=myddot,start_time=1468528374.519306,elapsed_seconds=0.507257,nthreads=16,avg_power_W=126.000000,max_power_W=134.000000,released_listeners=1,
start_task=,name=copy,start_time=107363.202026,nthreads=16,
end_task=,name=copy,start_time=1468528375.028645,elapsed_seconds=0.508062,nthreads=16,avg_power_W=132.090909,max_power_W=137.000000,released_listeners=1,
start_task=,name=myddot,start_time=107363.717806,nthreads=16,
end_task=,name=myddot,start_time=1468528375.544425,elapsed_seconds=0.502170,nthreads=16,avg_power_W=124.100000,max_power_W=130.000000,released_listeners=1,
start_task=,name=copy,start_time=107364.222311,nthreads=16,
end_task=,name=copy,start_time=1468528376.048929,elapsed_seconds=0.507809,nthreads=16,avg_power_W=133.900000,max_power_W=138.000000,released_listeners=1,
start_task=,name=myddot,start_time=107364.732503,nthreads=16,
end_task=,name=myddot,start_time=1468528376.559122,elapsed_seconds=0.507563,nthreads=16,avg_power_W=130.300000,max_power_W=138.000000,released_listeners=1,
start_task=,name=copy,start_time=107365.242535,nthreads=16,
end_task=,name=copy,start_time=1468528377.069154,elapsed_seconds=0.508012,nthreads=16,avg_power_W=134.500000,max_power_W=137.000000,released_listeners=1,
start_task=,name=myddot,start_time=107365.752504,nthreads=16,
end_task=,name=myddot,start_time=1468528377.579123,elapsed_seconds=0.507116,nthreads=16,avg_power_W=124.818182,max_power_W=134.000000,released_listeners=1,
start_task=,name=copy,start_time=107366.267651,nthreads=16,
end_task=,name=copy,start_time=1468528378.094271,elapsed_seconds=0.502576,nthreads=16,avg_power_W=131.100000,max_power_W=135.000000,released_listeners=1,
start_task=,name=myddot,start_time=107366.772679,nthreads=16,
end_task=,name=myddot,start_time=1468528378.599298,elapsed_seconds=0.507327,nthreads=16,avg_power_W=128.400000,max_power_W=135.000000,released_listeners=1,
start_task=,name=copy,start_time=107367.281241,nthreads=16,
end_task=,name=copy,start_time=1468528379.107860,elapsed_seconds=0.509173,nthreads=16,avg_power_W=136.000000,max_power_W=138.000000,released_listeners=1,
start_task=,name=myddot,start_time=107367.792624,nthreads=16,
end_task=,name=myddot,start_time=1468528379.619243,elapsed_seconds=0.507414,nthreads=16,avg_power_W=128.400000,max_power_W=135.000000,released_listeners=1,
start_task=,name=copy,start_time=107368.302431,nthreads=16,
end_task=,name=copy,start_time=1468528380.129053,elapsed_seconds=0.507929,nthreads=16,avg_power_W=135.181818,max_power_W=137.000000,released_listeners=1,
start_task=,name=myddot,start_time=107368.817537,nthreads=16,
end_task=,name=myddot,start_time=1468528380.644156,elapsed_seconds=0.512324,nthreads=16,avg_power_W=128.900000,max_power_W=133.000000,released_listeners=1,
start_task=,name=copy,start_time=107369.332370,nthreads=16,
end_task=,name=copy,start_time=1468528381.158989,elapsed_seconds=0.507917,nthreads=16,avg_power_W=136.400000,max_power_W=138.000000,released_listeners=1,
start_task=,name=myddot,start_time=107369.842696,nthreads=16,
end_task=,name=myddot,start_time=1468528381.669315,elapsed_seconds=0.507320,nthreads=16,avg_power_W=128.300000,max_power_W=137.000000,released_listeners=1,
start_task=,name=spmv,start_time=107370.352110,nthreads=16,
end_task=,name=spmv,start_time=1468528382.178729,elapsed_seconds=0.529854,nthreads=16,avg_power_W=129.000000,max_power_W=131.000000,released_listeners=1,
start_task=,name=spmv,start_time=107370.884401,nthreads=16,
end_task=,name=spmv,start_time=1468528382.711021,elapsed_seconds=0.509465,nthreads=16,avg_power_W=129.800000,max_power_W=133.000000,released_listeners=1,
start_task=,name=spmv,start_time=107371.396432,nthreads=16,
end_task=,name=spmv,start_time=1468528383.223052,elapsed_seconds=0.507871,nthreads=16,avg_power_W=130.818182,max_power_W=132.000000,released_listeners=1,
start_task=,name=spmv,start_time=107371.918344,nthreads=16,
end_task=,name=spmv,start_time=1468528383.744963,elapsed_seconds=0.508489,nthreads=16,avg_power_W=129.500000,max_power_W=131.000000,released_listeners=1,
start_task=,name=spmv,start_time=107372.429050,nthreads=16,
end_task=,name=spmv,start_time=1468528384.255669,elapsed_seconds=0.509174,nthreads=16,avg_power_W=131.100000,max_power_W=132.000000,released_listeners=1,
start_task=,name=spmv,start_time=107372.940073,nthreads=16,
end_task=,name=spmv,start_time=1468528384.766693,elapsed_seconds=0.526069,nthreads=16,avg_power_W=131.090909,max_power_W=133.000000,released_listeners=1,
start_task=,name=spmv,start_time=107373.468157,nthreads=16,
end_task=,name=spmv,start_time=1468528385.294777,elapsed_seconds=0.505060,nthreads=16,avg_power_W=129.800000,max_power_W=133.000000,released_listeners=1,
start_task=,name=spmv,start_time=107373.975775,nthreads=16,
end_task=,name=spmv,start_time=1468528385.802395,elapsed_seconds=0.509452,nthreads=16,avg_power_W=130.800000,max_power_W=132.000000,released_listeners=1,
start_task=,name=spmv,start_time=107374.487601,nthreads=16,
end_task=,name=spmv,start_time=1468528386.314221,elapsed_seconds=0.506456,nthreads=16,avg_power_W=128.800000,max_power_W=131.000000,released_listeners=1,
start_task=,name=spmv,start_time=107374.996417,nthreads=16,
end_task=,name=spmv,start_time=1468528386.823036,elapsed_seconds=0.508182,nthreads=16,avg_power_W=129.545455,max_power_W=132.000000,released_listeners=1,
start_task=,name=spmv,start_time=107375.517850,nthreads=16,
end_task=,name=spmv,start_time=1468528387.344469,elapsed_seconds=0.507466,nthreads=16,avg_power_W=129.400000,max_power_W=132.000000,released_listeners=1,
start_task=,name=spmv,start_time=107376.027730,nthreads=16,
end_task=,name=spmv,start_time=1468528387.854350,elapsed_seconds=0.507566,nthreads=16,avg_power_W=130.500000,max_power_W=132.000000,released_listeners=1,
start_task=,name=spmv,start_time=107376.537645,nthreads=16,
end_task=,name=spmv,start_time=1468528388.364264,elapsed_seconds=0.507510,nthreads=16,avg_power_W=127.900000,max_power_W=129.000000,released_listeners=1,
start_task=,name=spmv,start_time=107377.046915,nthreads=16,
end_task=,name=spmv,start_time=1468528388.873533,elapsed_seconds=0.510874,nthreads=16,avg_power_W=129.636364,max_power_W=132.000000,released_listeners=1,
start_task=,name=spmv,start_time=107377.567696,nthreads=16,
end_task=,name=spmv,start_time=1468528389.394315,elapsed_seconds=0.510852,nthreads=16,avg_power_W=129.700000,max_power_W=131.000000,released_listeners=1,
start_task=,name=spmv,start_time=107378.081066,nthreads=16,
end_task=,name=spmv,start_time=1468528389.907685,elapsed_seconds=0.511013,nthreads=16,avg_power_W=130.600000,max_power_W=132.000000,released_listeners=1,
start_task=,name=sum_contribs,start_time=107378.594345,nthreads=16,
end_task=,name=sum_contribs,start_time=1468528390.420965,elapsed_seconds=0.505834,nthreads=16,avg_power_W=125.400000,max_power_W=131.000000,released_listeners=1,
start_task=,name=myddot,start_time=107379.101846,nthreads=16,
end_task=,name=myddot,start_time=1468528390.928465,elapsed_seconds=0.508609,nthreads=16,avg_power_W=127.272727,max_power_W=130.000000,released_listeners=1,
start_task=,name=myddot,start_time=107379.617474,nthreads=16,
end_task=,name=myddot,start_time=1468528391.444093,elapsed_seconds=0.502956,nthreads=16,avg_power_W=134.800000,max_power_W=137.000000,released_listeners=1,
start_task=,name=myddot,start_time=107380.121981,nthreads=16,
end_task=,name=myddot,start_time=1468528391.948600,elapsed_seconds=0.508307,nthreads=16,avg_power_W=134.800000,max_power_W=136.000000,released_listeners=1,
start_task=,name=myddot,start_time=107380.632439,nthreads=16,
end_task=,name=myddot,start_time=1468528392.459058,elapsed_seconds=0.507779,nthreads=16,avg_power_W=131.600000,max_power_W=133.000000,released_listeners=1,
start_task=,name=myddot,start_time=107381.142806,nthreads=16,
end_task=,name=myddot,start_time=1468528392.969425,elapsed_seconds=0.507359,nthreads=16,avg_power_W=132.200000,max_power_W=133.000000,released_listeners=1,
start_task=,name=myddot,start_time=107381.651996,nthreads=16,
end_task=,name=myddot,start_time=1468528393.478615,elapsed_seconds=0.508365,nthreads=16,avg_power_W=134.909091,max_power_W=137.000000,released_listeners=1,
start_task=,name=myddot,start_time=107382.167581,nthreads=16,
end_task=,name=myddot,start_time=1468528393.994200,elapsed_seconds=0.502659,nthreads=16,avg_power_W=135.200000,max_power_W=136.000000,released_listeners=1,
start_task=,name=myddot,start_time=107382.672647,nthreads=16,
end_task=,name=myddot,start_time=1468528394.499266,elapsed_seconds=0.507467,nthreads=16,avg_power_W=133.800000,max_power_W=136.000000,released_listeners=1,
start_task=,name=myddot,start_time=107383.182494,nthreads=16,
end_task=,name=myddot,start_time=1468528395.009113,elapsed_seconds=0.507715,nthreads=16,avg_power_W=135.200000,max_power_W=136.000000,released_listeners=1,
start_task=,name=myddot,start_time=107383.692665,nthreads=16,
end_task=,name=myddot,start_time=1468528395.519284,elapsed_seconds=0.507523,nthreads=16,avg_power_W=133.600000,max_power_W=136.000000,released_listeners=1,
start_task=,name=myddot,start_time=107384.202173,nthreads=16,
end_task=,name=myddot,start_time=1468528396.028792,elapsed_seconds=0.508120,nthreads=16,avg_power_W=134.818182,max_power_W=137.000000,released_listeners=1,
start_task=,name=myddot,start_time=107384.717676,nthreads=16,
end_task=,name=myddot,start_time=1468528396.544296,elapsed_seconds=0.502504,nthreads=16,avg_power_W=131.400000,max_power_W=132.000000,released_listeners=1,
start_task=,name=myddot,start_time=107385.222554,nthreads=16,
end_task=,name=myddot,start_time=1468528397.049181,elapsed_seconds=0.507871,nthreads=16,avg_power_W=128.700000,max_power_W=130.000000,released_listeners=1,
start_task=,name=myddot,start_time=107385.732782,nthreads=16,
end_task=,name=myddot,start_time=1468528397.559401,elapsed_seconds=0.507327,nthreads=16,avg_power_W=129.100000,max_power_W=131.000000,released_listeners=1,
start_task=,name=myddot,start_time=107386.242509,nthreads=16,
end_task=,name=myddot,start_time=1468528398.069128,elapsed_seconds=0.507750,nthreads=16,avg_power_W=130.300000,max_power_W=132.000000,released_listeners=1,
start_task=,name=myddot,start_time=107386.752261,nthreads=16,
end_task=,name=myddot,start_time=1468528398.578880,elapsed_seconds=0.507905,nthreads=16,avg_power_W=132.454545,max_power_W=136.000000,released_listeners=1,
start_task=,name=sum_contribs,start_time=107387.267459,nthreads=16,
end_task=,name=sum_contribs,start_time=1468528399.094078,elapsed_seconds=0.502533,nthreads=16,avg_power_W=124.500000,max_power_W=132.000000,released_listeners=1,
start_task=,name=comp_alpha,start_time=107387.772068,nthreads=16,
end_task=,name=comp_alpha,start_time=1468528399.598687,elapsed_seconds=0.507881,nthreads=16,avg_power_W=117.200000,max_power_W=118.000000,released_listeners=32,
start_task=,name=mydaxpy,start_time=107388.282377,nthreads=16,
end_task=,name=mydaxpy,start_time=1468528400.108996,elapsed_seconds=0.507643,nthreads=16,avg_power_W=123.300000,max_power_W=127.000000,released_listeners=0,
start_task=,name=mydaxpy,start_time=107388.791251,nthreads=16,
end_task=,name=mydaxpy,start_time=1468528400.617870,elapsed_seconds=0.508833,nthreads=16,avg_power_W=126.600000,max_power_W=127.000000,released_listeners=1,
start_task=,name=mydaxpy,start_time=107389.301493,nthreads=16,
end_task=,name=mydaxpy,start_time=1468528401.128119,elapsed_seconds=0.508713,nthreads=16,avg_power_W=126.454545,max_power_W=127.000000,released_listeners=0,
start_task=,name=mydaxpy,start_time=107389.818688,nthreads=16,
end_task=,name=mydaxpy,start_time=1468528401.645307,elapsed_seconds=0.501475,nthreads=16,avg_power_W=124.200000,max_power_W=125.000000,released_listeners=1,
start_task=,name=mydaxpy,start_time=107390.322070,nthreads=16,
end_task=,name=mydaxpy,start_time=1468528402.148690,elapsed_seconds=0.507899,nthreads=16,avg_power_W=125.700000,max_power_W=127.000000,released_listeners=0,
start_task=,name=mydaxpy,start_time=107390.832368,nthreads=16,
end_task=,name=mydaxpy,start_time=1468528402.658987,elapsed_seconds=0.507662,nthreads=16,avg_power_W=124.400000,max_power_W=127.000000,released_listeners=1,
start_task=,name=mydaxpy,start_time=107391.342400,nthreads=16,
end_task=,name=mydaxpy,start_time=1468528403.169019,elapsed_seconds=0.507625,nthreads=16,avg_power_W=122.700000,max_power_W=126.000000,released_listeners=0,
start_task=,name=mydaxpy,start_time=107391.852145,nthreads=16,
end_task=,name=mydaxpy,start_time=1468528403.678764,elapsed_seconds=0.507850,nthreads=16,avg_power_W=125.818182,max_power_W=127.000000,released_listeners=1,
start_task=,name=mydaxpy,start_time=107392.367182,nthreads=16,
end_task=,name=mydaxpy,start_time=1468528404.193801,elapsed_seconds=0.502680,nthreads=16,avg_power_W=123.800000,max_power_W=125.000000,released_listeners=0,
start_task=,name=mydaxpy,start_time=107392.872380,nthreads=16,
end_task=,name=mydaxpy,start_time=1468528404.698999,elapsed_seconds=0.507636,nthreads=16,avg_power_W=125.000000,max_power_W=127.000000,released_listeners=1,
start_task=,name=mydaxpy,start_time=107393.382409,nthreads=16,
end_task=,name=mydaxpy,start_time=1468528405.209029,elapsed_seconds=0.507501,nthreads=16,avg_power_W=122.600000,max_power_W=124.000000,released_listeners=0,
start_task=,name=mydaxpy,start_time=107393.892453,nthreads=16,
end_task=,name=mydaxpy,start_time=1468528405.719072,elapsed_seconds=0.507579,nthreads=16,avg_power_W=119.600000,max_power_W=120.000000,released_listeners=1,
start_task=,name=mydaxpy,start_time=107394.402048,nthreads=16,
end_task=,name=mydaxpy,start_time=1468528406.228667,elapsed_seconds=0.507978,nthreads=16,avg_power_W=121.545455,max_power_W=123.000000,released_listeners=0,
start_task=,name=mydaxpy,start_time=107394.917515,nthreads=16,
end_task=,name=mydaxpy,start_time=1468528406.744134,elapsed_seconds=0.502471,nthreads=16,avg_power_W=122.100000,max_power_W=124.000000,released_listeners=1,
start_task=,name=mydaxpy,start_time=107395.422125,nthreads=16,
end_task=,name=mydaxpy,start_time=1468528407.248744,elapsed_seconds=0.507883,nthreads=16,avg_power_W=119.500000,max_power_W=122.000000,released_listeners=0,
start_task=,name=mydaxpy,start_time=107395.931594,nthreads=16,
end_task=,name=mydaxpy,start_time=1468528407.758213,elapsed_seconds=0.508397,nthreads=16,avg_power_W=121.000000,max_power_W=122.000000,released_listeners=1,
start_task=,name=mydaxpy,start_time=107396.442120,nthreads=16,
end_task=,name=mydaxpy,start_time=1468528408.268739,elapsed_seconds=0.507922,nthreads=16,avg_power_W=125.100000,max_power_W=127.000000,released_listeners=0,
start_task=,name=mydaxpy,start_time=107396.951290,nthreads=16,
end_task=,name=mydaxpy,start_time=1468528408.777908,elapsed_seconds=0.508812,nthreads=16,avg_power_W=124.727273,max_power_W=127.000000,released_listeners=1,
start_task=,name=mydaxpy,start_time=107397.467379,nthreads=16,
end_task=,name=mydaxpy,start_time=1468528409.293998,elapsed_seconds=0.502664,nthreads=16,avg_power_W=124.700000,max_power_W=127.000000,released_listeners=0,
start_task=,name=mydaxpy,start_time=107397.972413,nthreads=16,
end_task=,name=mydaxpy,start_time=1468528409.799032,elapsed_seconds=0.507920,nthreads=16,avg_power_W=124.100000,max_power_W=125.000000,released_listeners=1,
start_task=,name=mydaxpy,start_time=107398.482371,nthreads=16,
end_task=,name=mydaxpy,start_time=1468528410.308990,elapsed_seconds=0.508000,nthreads=16,avg_power_W=125.000000,max_power_W=127.000000,released_listeners=0,
start_task=,name=mydaxpy,start_time=107398.992928,nthreads=16,
end_task=,name=mydaxpy,start_time=1468528410.819547,elapsed_seconds=0.507339,nthreads=16,avg_power_W=125.000000,max_power_W=127.000000,released_listeners=1,
start_task=,name=mydaxpy,start_time=107399.502368,nthreads=16,
end_task=,name=mydaxpy,start_time=1468528411.328987,elapsed_seconds=0.507873,nthreads=16,avg_power_W=124.272727,max_power_W=127.000000,released_listeners=0,
start_task=,name=mydaxpy,start_time=107400.017679,nthreads=16,
end_task=,name=mydaxpy,start_time=1468528411.844298,elapsed_seconds=0.502600,nthreads=16,avg_power_W=122.100000,max_power_W=124.000000,released_listeners=1,
start_task=,name=mydaxpy,start_time=107400.525601,nthreads=16,
end_task=,name=mydaxpy,start_time=1468528412.352221,elapsed_seconds=0.504341,nthreads=16,avg_power_W=122.900000,max_power_W=125.000000,released_listeners=0,
start_task=,name=mydaxpy,start_time=107401.032427,nthreads=16,
end_task=,name=mydaxpy,start_time=1468528412.859047,elapsed_seconds=0.507608,nthreads=16,avg_power_W=119.800000,max_power_W=121.000000,released_listeners=1,
start_task=,name=mydaxpy,start_time=107401.542383,nthreads=16,
end_task=,name=mydaxpy,start_time=1468528413.369003,elapsed_seconds=0.507624,nthreads=16,avg_power_W=121.600000,max_power_W=124.000000,released_listeners=0,
start_task=,name=mydaxpy,start_time=107402.052370,nthreads=16,
end_task=,name=mydaxpy,start_time=1468528413.878990,elapsed_seconds=0.507432,nthreads=16,avg_power_W=123.909091,max_power_W=127.000000,released_listeners=1,
start_task=,name=mydaxpy,start_time=107402.568170,nthreads=16,
end_task=,name=mydaxpy,start_time=1468528414.394790,elapsed_seconds=0.501835,nthreads=16,avg_power_W=125.000000,max_power_W=126.000000,released_listeners=0,
start_task=,name=mydaxpy,start_time=107403.072118,nthreads=16,
end_task=,name=mydaxpy,start_time=1468528414.898738,elapsed_seconds=0.507906,nthreads=16,avg_power_W=125.900000,max_power_W=127.000000,released_listeners=1,
start_task=,name=mydaxpy,start_time=107403.582139,nthreads=16,
end_task=,name=mydaxpy,start_time=1468528415.408758,elapsed_seconds=0.507911,nthreads=16,avg_power_W=125.300000,max_power_W=127.000000,released_listeners=0,
start_task=,name=mydaxpy,start_time=107404.092180,nthreads=16,
end_task=,name=mydaxpy,start_time=1468528415.918800,elapsed_seconds=0.507762,nthreads=16,avg_power_W=123.600000,max_power_W=127.000000,released_listeners=1,
start_task=,name=myddot,start_time=107404.602112,nthreads=16,
end_task=,name=myddot,start_time=1468528416.428731,elapsed_seconds=0.507935,nthreads=16,avg_power_W=127.000000,max_power_W=129.000000,released_listeners=1,
start_task=,name=myddot,start_time=107405.117752,nthreads=16,
end_task=,name=myddot,start_time=1468528416.944371,elapsed_seconds=0.501955,nthreads=16,avg_power_W=129.000000,max_power_W=130.000000,released_listeners=1,
start_task=,name=myddot,start_time=107405.622101,nthreads=16,
end_task=,name=myddot,start_time=1468528417.448720,elapsed_seconds=0.507907,nthreads=16,avg_power_W=126.400000,max_power_W=128.000000,released_listeners=1,
start_task=,name=myddot,start_time=107406.131319,nthreads=16,
end_task=,name=myddot,start_time=1468528417.957938,elapsed_seconds=0.508577,nthreads=16,avg_power_W=123.600000,max_power_W=125.000000,released_listeners=1,
start_task=,name=myddot,start_time=107406.642310,nthreads=16,
end_task=,name=myddot,start_time=1468528418.468929,elapsed_seconds=0.508070,nthreads=16,avg_power_W=127.900000,max_power_W=131.000000,released_listeners=1,
start_task=,name=myddot,start_time=107407.152333,nthreads=16,
end_task=,name=myddot,start_time=1468528418.978953,elapsed_seconds=0.507857,nthreads=16,avg_power_W=127.454545,max_power_W=129.000000,released_listeners=1,
start_task=,name=myddot,start_time=107407.667714,nthreads=16,
end_task=,name=myddot,start_time=1468528419.494333,elapsed_seconds=0.502742,nthreads=16,avg_power_W=126.500000,max_power_W=127.000000,released_listeners=1,
start_task=,name=myddot,start_time=107408.172375,nthreads=16,
end_task=,name=myddot,start_time=1468528419.998994,elapsed_seconds=0.508006,nthreads=16,avg_power_W=127.200000,max_power_W=130.000000,released_listeners=1,
start_task=,name=myddot,start_time=107408.682437,nthreads=16,
end_task=,name=myddot,start_time=1468528420.509056,elapsed_seconds=0.507631,nthreads=16,avg_power_W=129.200000,max_power_W=130.000000,released_listeners=1,
start_task=,name=myddot,start_time=107409.192457,nthreads=16,
end_task=,name=myddot,start_time=1468528421.019076,elapsed_seconds=0.507605,nthreads=16,avg_power_W=129.100000,max_power_W=130.000000,released_listeners=1,
start_task=,name=myddot,start_time=107409.702382,nthreads=16,
end_task=,name=myddot,start_time=1468528421.529001,elapsed_seconds=0.507458,nthreads=16,avg_power_W=127.363636,max_power_W=129.000000,released_listeners=1,
start_task=,name=myddot,start_time=107410.217809,nthreads=16,
end_task=,name=myddot,start_time=1468528422.044428,elapsed_seconds=0.502193,nthreads=16,avg_power_W=125.500000,max_power_W=128.000000,released_listeners=1,
start_task=,name=myddot,start_time=107410.722408,nthreads=16,
end_task=,name=myddot,start_time=1468528422.549027,elapsed_seconds=0.507732,nthreads=16,avg_power_W=127.500000,max_power_W=130.000000,released_listeners=1,
start_task=,name=myddot,start_time=107411.231594,nthreads=16,
end_task=,name=myddot,start_time=1468528423.058213,elapsed_seconds=0.508828,nthreads=16,avg_power_W=129.000000,max_power_W=130.000000,released_listeners=1,
start_task=,name=myddot,start_time=107411.742456,nthreads=16,
end_task=,name=myddot,start_time=1468528423.569075,elapsed_seconds=0.507627,nthreads=16,avg_power_W=128.700000,max_power_W=130.000000,released_listeners=1,
start_task=,name=myddot,start_time=107412.251963,nthreads=16,
end_task=,name=myddot,start_time=1468528424.078582,elapsed_seconds=0.508047,nthreads=16,avg_power_W=126.909091,max_power_W=129.000000,released_listeners=1,
start_task=,name=sum_contribs,start_time=107412.767687,nthreads=16,
end_task=,name=sum_contribs,start_time=1468528424.594306,elapsed_seconds=0.502659,nthreads=16,avg_power_W=121.400000,max_power_W=128.000000,released_listeners=2,
start_task=,name=comp_beta,start_time=107413.272323,nthreads=16,
end_task=,name=comp_beta,start_time=1468528425.098942,elapsed_seconds=0.507485,nthreads=16,avg_power_W=113.100000,max_power_W=115.000000,released_listeners=16,
start_task=,name=assign,start_time=107413.782347,nthreads=16,
end_task=,name=assign,start_time=1468528425.608975,elapsed_seconds=0.507744,nthreads=16,avg_power_W=112.800000,max_power_W=116.000000,released_listeners=0,
start_task=,name=mydaxpy,start_time=107414.292448,nthreads=16,
end_task=,name=mydaxpy,start_time=1468528426.119067,elapsed_seconds=0.507576,nthreads=16,avg_power_W=123.600000,max_power_W=127.000000,released_listeners=0,
start_task=,name=mydaxpy,start_time=107414.802360,nthreads=16,
end_task=,name=mydaxpy,start_time=1468528426.628979,elapsed_seconds=0.507666,nthreads=16,avg_power_W=124.454545,max_power_W=127.000000,released_listeners=0,
start_task=,name=mydaxpy,start_time=107415.317819,nthreads=16,
end_task=,name=mydaxpy,start_time=1468528427.144438,elapsed_seconds=0.502200,nthreads=16,avg_power_W=126.200000,max_power_W=127.000000,released_listeners=0,
start_task=,name=mydaxpy,start_time=107415.822421,nthreads=16,
end_task=,name=mydaxpy,start_time=1468528427.649040,elapsed_seconds=0.507597,nthreads=16,avg_power_W=125.000000,max_power_W=126.000000,released_listeners=0,
start_task=,name=mydaxpy,start_time=107416.332329,nthreads=16,
end_task=,name=mydaxpy,start_time=1468528428.158948,elapsed_seconds=0.507939,nthreads=16,avg_power_W=124.400000,max_power_W=127.000000,released_listeners=0,
start_task=,name=mydaxpy,start_time=107416.842368,nthreads=16,
end_task=,name=mydaxpy,start_time=1468528428.668987,elapsed_seconds=0.508064,nthreads=16,avg_power_W=125.700000,max_power_W=127.000000,released_listeners=0,
start_task=,name=mydaxpy,start_time=107417.352502,nthreads=16,
end_task=,name=mydaxpy,start_time=1468528429.179121,elapsed_seconds=0.507303,nthreads=16,avg_power_W=124.454545,max_power_W=125.000000,released_listeners=0,
start_task=,name=mydaxpy,start_time=107417.867987,nthreads=16,
end_task=,name=mydaxpy,start_time=1468528429.694606,elapsed_seconds=0.502048,nthreads=16,avg_power_W=124.800000,max_power_W=127.000000,released_listeners=0,
start_task=,name=mydaxpy,start_time=107418.372104,nthreads=16,
end_task=,name=mydaxpy,start_time=1468528430.198723,elapsed_seconds=0.507899,nthreads=16,avg_power_W=125.000000,max_power_W=127.000000,released_listeners=0,
start_task=,name=mydaxpy,start_time=107418.882068,nthreads=16,
end_task=,name=mydaxpy,start_time=1468528430.708687,elapsed_seconds=0.507952,nthreads=16,avg_power_W=124.100000,max_power_W=125.000000,released_listeners=0,
start_task=,name=mydaxpy,start_time=107419.392385,nthreads=16,
end_task=,name=mydaxpy,start_time=1468528431.219004,elapsed_seconds=0.507850,nthreads=16,avg_power_W=126.000000,max_power_W=127.000000,released_listeners=0,
start_task=,name=mydaxpy,start_time=107419.902331,nthreads=16,
end_task=,name=mydaxpy,start_time=1468528431.728950,elapsed_seconds=0.508042,nthreads=16,avg_power_W=124.090909,max_power_W=125.000000,released_listeners=0,
start_task=,name=mydaxpy,start_time=107420.417584,nthreads=16,
end_task=,name=mydaxpy,start_time=1468528432.244203,elapsed_seconds=0.502456,nthreads=16,avg_power_W=122.200000,max_power_W=124.000000,released_listeners=0,
start_task=,name=mydaxpy,start_time=107420.922376,nthreads=16,
end_task=,name=mydaxpy,start_time=1468528432.748995,elapsed_seconds=0.507650,nthreads=16,avg_power_W=123.700000,max_power_W=127.000000,released_listeners=0,
start_task=,name=mydaxpy,start_time=107421.432455,nthreads=16,
end_task=,name=mydaxpy,start_time=1468528433.259074,elapsed_seconds=0.507731,nthreads=16,avg_power_W=120.200000,max_power_W=122.000000,released_listeners=0,
start_task=,name=mydaxpy,start_time=107421.942374,nthreads=16,
end_task=,name=mydaxpy,start_time=1468528433.768992,elapsed_seconds=0.507748,nthreads=16,avg_power_W=121.300000,max_power_W=122.000000,released_listeners=0,
