message=profiling all tasks,max_threads=204,
start_task=,name=start,start_time=124717.045240,nthreads=204,
end_task=,name=start,start_time=1468545728.871891,elapsed_seconds=0.504751,nthreads=204,avg_power_W=161.500000,max_power_W=170.000000,released_listeners=16,
start_task=,name=spmv,start_time=124717.559894,nthreads=204,
end_task=,name=spmv,start_time=1468545729.386514,elapsed_seconds=0.512927,nthreads=204,avg_power_W=163.000000,max_power_W=186.000000,released_listeners=1,
start_task=,name=spmv,start_time=124718.073814,nthreads=204,
end_task=,name=spmv,start_time=1468545729.900433,elapsed_seconds=0.507956,nthreads=204,avg_power_W=169.300000,max_power_W=189.000000,released_listeners=1,
start_task=,name=spmv,start_time=124718.582751,nthreads=204,
end_task=,name=spmv,start_time=1468545730.409370,elapsed_seconds=0.507726,nthreads=204,avg_power_W=186.800000,max_power_W=190.000000,released_listeners=1,
start_task=,name=spmv,start_time=124719.091398,nthreads=204,
end_task=,name=spmv,start_time=1468545730.918017,elapsed_seconds=0.508696,nthreads=204,avg_power_W=188.272727,max_power_W=191.000000,released_listeners=1,
start_task=,name=spmv,start_time=124719.609539,nthreads=204,
end_task=,name=spmv,start_time=1468545731.436158,elapsed_seconds=0.512160,nthreads=204,avg_power_W=187.200000,max_power_W=189.000000,released_listeners=1,
start_task=,name=spmv,start_time=124720.122679,nthreads=204,
end_task=,name=spmv,start_time=1468545731.949298,elapsed_seconds=0.508755,nthreads=204,avg_power_W=188.000000,max_power_W=188.000000,released_listeners=1,
start_task=,name=spmv,start_time=124720.632572,nthreads=204,
end_task=,name=spmv,start_time=1468545732.459192,elapsed_seconds=0.508407,nthreads=204,avg_power_W=188.000000,max_power_W=188.000000,released_listeners=1,
start_task=,name=spmv,start_time=124721.141933,nthreads=204,
end_task=,name=spmv,start_time=1468545732.968552,elapsed_seconds=0.508368,nthreads=204,avg_power_W=188.090909,max_power_W=189.000000,released_listeners=1,
start_task=,name=spmv,start_time=124721.659612,nthreads=204,
end_task=,name=spmv,start_time=1468545733.486231,elapsed_seconds=0.511594,nthreads=204,avg_power_W=188.200000,max_power_W=190.000000,released_listeners=1,
start_task=,name=spmv,start_time=124722.172195,nthreads=204,
end_task=,name=spmv,start_time=1468545733.998814,elapsed_seconds=0.509918,nthreads=204,avg_power_W=188.600000,max_power_W=190.000000,released_listeners=1,
start_task=,name=spmv,start_time=124722.683064,nthreads=204,
end_task=,name=spmv,start_time=1468545734.509683,elapsed_seconds=0.519025,nthreads=204,avg_power_W=187.090909,max_power_W=190.000000,released_listeners=1,
start_task=,name=spmv,start_time=124723.209782,nthreads=204,
end_task=,name=spmv,start_time=1468545735.036401,elapsed_seconds=0.512065,nthreads=204,avg_power_W=189.400000,max_power_W=191.000000,released_listeners=1,
start_task=,name=spmv,start_time=124723.722880,nthreads=204,
end_task=,name=spmv,start_time=1468545735.549499,elapsed_seconds=0.508162,nthreads=204,avg_power_W=189.400000,max_power_W=191.000000,released_listeners=1,
start_task=,name=spmv,start_time=124724.232194,nthreads=204,
end_task=,name=spmv,start_time=1468545736.058813,elapsed_seconds=0.509603,nthreads=204,avg_power_W=190.100000,max_power_W=191.000000,released_listeners=1,
start_task=,name=spmv,start_time=124724.742677,nthreads=204,
end_task=,name=spmv,start_time=1468545736.569299,elapsed_seconds=0.509298,nthreads=204,avg_power_W=190.454545,max_power_W=191.000000,released_listeners=1,
start_task=,name=spmv,start_time=124725.259670,nthreads=204,
end_task=,name=spmv,start_time=1468545737.086288,elapsed_seconds=0.512342,nthreads=204,avg_power_W=191.400000,max_power_W=192.000000,released_listeners=1,
start_task=,name=subtract,start_time=124725.772907,nthreads=204,
end_task=,name=subtract,start_time=1468545737.599526,elapsed_seconds=0.507203,nthreads=204,avg_power_W=177.800000,max_power_W=191.000000,released_listeners=2,
start_task=,name=subtract,start_time=124726.281170,nthreads=204,
end_task=,name=subtract,start_time=1468545738.107790,elapsed_seconds=0.528855,nthreads=204,avg_power_W=175.545455,max_power_W=177.000000,released_listeners=2,
start_task=,name=subtract,start_time=124726.811582,nthreads=204,
end_task=,name=subtract,start_time=1468545738.638201,elapsed_seconds=0.508442,nthreads=204,avg_power_W=179.300000,max_power_W=181.000000,released_listeners=2,
start_task=,name=subtract,start_time=124727.320939,nthreads=204,
end_task=,name=subtract,start_time=1468545739.147558,elapsed_seconds=0.509420,nthreads=204,avg_power_W=179.600000,max_power_W=180.000000,released_listeners=2,
start_task=,name=subtract,start_time=124727.831189,nthreads=204,
end_task=,name=subtract,start_time=1468545739.657808,elapsed_seconds=0.508929,nthreads=204,avg_power_W=179.600000,max_power_W=180.000000,released_listeners=2,
start_task=,name=subtract,start_time=124728.340984,nthreads=204,
end_task=,name=subtract,start_time=1468545740.167603,elapsed_seconds=0.509100,nthreads=204,avg_power_W=179.363636,max_power_W=180.000000,released_listeners=2,
start_task=,name=subtract,start_time=124728.860053,nthreads=204,
end_task=,name=subtract,start_time=1468545740.686672,elapsed_seconds=0.519712,nthreads=204,avg_power_W=179.600000,max_power_W=180.000000,released_listeners=2,
start_task=,name=subtract,start_time=124729.381218,nthreads=204,
end_task=,name=subtract,start_time=1468545741.207842,elapsed_seconds=0.508877,nthreads=204,avg_power_W=179.600000,max_power_W=180.000000,released_listeners=2,
start_task=,name=subtract,start_time=124729.891461,nthreads=204,
end_task=,name=subtract,start_time=1468545741.718080,elapsed_seconds=0.518368,nthreads=204,avg_power_W=179.636364,max_power_W=180.000000,released_listeners=2,
start_task=,name=subtract,start_time=124730.411215,nthreads=204,
end_task=,name=subtract,start_time=1468545742.237839,elapsed_seconds=0.518863,nthreads=204,avg_power_W=180.000000,max_power_W=180.000000,released_listeners=2,
start_task=,name=subtract,start_time=124730.931335,nthreads=204,
end_task=,name=subtract,start_time=1468545742.757954,elapsed_seconds=0.508531,nthreads=204,avg_power_W=179.400000,max_power_W=180.000000,released_listeners=2,
start_task=,name=subtract,start_time=124731.441139,nthreads=204,
end_task=,name=subtract,start_time=1468545743.267758,elapsed_seconds=0.518647,nthreads=204,avg_power_W=179.636364,max_power_W=180.000000,released_listeners=2,
start_task=,name=subtract,start_time=124731.960911,nthreads=204,
end_task=,name=subtract,start_time=1468545743.787531,elapsed_seconds=0.509145,nthreads=204,avg_power_W=179.500000,max_power_W=180.000000,released_listeners=2,
start_task=,name=subtract,start_time=124732.471296,nthreads=204,
end_task=,name=subtract,start_time=1468545744.297916,elapsed_seconds=0.518738,nthreads=204,avg_power_W=180.300000,max_power_W=181.000000,released_listeners=2,
start_task=,name=subtract,start_time=124732.991422,nthreads=204,
end_task=,name=subtract,start_time=1468545744.818041,elapsed_seconds=0.508492,nthreads=204,avg_power_W=180.090909,max_power_W=181.000000,released_listeners=2,
start_task=,name=subtract,start_time=124733.509412,nthreads=204,
end_task=,name=subtract,start_time=1468545745.336031,elapsed_seconds=0.510461,nthreads=204,avg_power_W=179.900000,max_power_W=181.000000,released_listeners=2,
start_task=,name=copy,start_time=124734.021279,nthreads=204,
end_task=,name=copy,start_time=1468545745.847899,elapsed_seconds=0.508509,nthreads=204,avg_power_W=179.400000,max_power_W=181.000000,released_listeners=1,
start_task=,name=myddot,start_time=124734.531048,nthreads=204,
end_task=,name=myddot,start_time=1468545746.357667,elapsed_seconds=0.508760,nthreads=204,avg_power_W=170.400000,max_power_W=171.000000,released_listeners=1,
start_task=,name=copy,start_time=124735.041099,nthreads=204,
end_task=,name=copy,start_time=1468545746.867718,elapsed_seconds=0.508753,nthreads=204,avg_power_W=170.727273,max_power_W=171.000000,released_listeners=1,
start_task=,name=myddot,start_time=124735.559866,nthreads=204,
end_task=,name=myddot,start_time=1468545747.386485,elapsed_seconds=0.509937,nthreads=204,avg_power_W=170.700000,max_power_W=171.000000,released_listeners=1,
start_task=,name=copy,start_time=124736.071196,nthreads=204,
end_task=,name=copy,start_time=1468545747.897822,elapsed_seconds=0.508842,nthreads=204,avg_power_W=170.700000,max_power_W=172.000000,released_listeners=1,
start_task=,name=myddot,start_time=124736.581063,nthreads=204,
end_task=,name=myddot,start_time=1468545748.407682,elapsed_seconds=0.508793,nthreads=204,avg_power_W=170.200000,max_power_W=171.000000,released_listeners=1,
start_task=,name=copy,start_time=124737.091148,nthreads=204,
end_task=,name=copy,start_time=1468545748.917768,elapsed_seconds=0.508719,nthreads=204,avg_power_W=170.727273,max_power_W=172.000000,released_listeners=1,
start_task=,name=myddot,start_time=124737.609589,nthreads=204,
end_task=,name=myddot,start_time=1468545749.436208,elapsed_seconds=0.510173,nthreads=204,avg_power_W=170.100000,max_power_W=171.000000,released_listeners=1,
start_task=,name=copy,start_time=124738.121175,nthreads=204,
end_task=,name=copy,start_time=1468545749.947794,elapsed_seconds=0.508698,nthreads=204,avg_power_W=170.500000,max_power_W=171.000000,released_listeners=1,
start_task=,name=myddot,start_time=124738.631046,nthreads=204,
end_task=,name=myddot,start_time=1468545750.457664,elapsed_seconds=0.508782,nthreads=204,avg_power_W=170.700000,max_power_W=171.000000,released_listeners=1,
start_task=,name=copy,start_time=124739.141115,nthreads=204,
end_task=,name=copy,start_time=1468545750.967734,elapsed_seconds=0.508761,nthreads=204,avg_power_W=170.545455,max_power_W=172.000000,released_listeners=1,
start_task=,name=myddot,start_time=124739.659595,nthreads=204,
end_task=,name=myddot,start_time=1468545751.486214,elapsed_seconds=0.510233,nthreads=204,avg_power_W=169.700000,max_power_W=171.000000,released_listeners=1,
start_task=,name=copy,start_time=124740.171161,nthreads=204,
end_task=,name=copy,start_time=1468545751.997780,elapsed_seconds=0.508701,nthreads=204,avg_power_W=169.900000,max_power_W=171.000000,released_listeners=1,
start_task=,name=myddot,start_time=124740.681126,nthreads=204,
end_task=,name=myddot,start_time=1468545752.507745,elapsed_seconds=0.508798,nthreads=204,avg_power_W=169.500000,max_power_W=170.000000,released_listeners=1,
start_task=,name=copy,start_time=124741.191112,nthreads=204,
end_task=,name=copy,start_time=1468545753.017731,elapsed_seconds=0.508835,nthreads=204,avg_power_W=170.636364,max_power_W=171.000000,released_listeners=1,
start_task=,name=myddot,start_time=124741.709667,nthreads=204,
end_task=,name=myddot,start_time=1468545753.536286,elapsed_seconds=0.510126,nthreads=204,avg_power_W=169.500000,max_power_W=170.000000,released_listeners=1,
start_task=,name=copy,start_time=124742.221180,nthreads=204,
end_task=,name=copy,start_time=1468545754.047799,elapsed_seconds=0.508715,nthreads=204,avg_power_W=170.100000,max_power_W=171.000000,released_listeners=1,
start_task=,name=myddot,start_time=124742.731164,nthreads=204,
end_task=,name=myddot,start_time=1468545754.557783,elapsed_seconds=0.508670,nthreads=204,avg_power_W=169.700000,max_power_W=171.000000,released_listeners=1,
start_task=,name=copy,start_time=124743.241005,nthreads=204,
end_task=,name=copy,start_time=1468545755.067624,elapsed_seconds=0.508889,nthreads=204,avg_power_W=169.909091,max_power_W=171.000000,released_listeners=1,
start_task=,name=myddot,start_time=124743.759751,nthreads=204,
end_task=,name=myddot,start_time=1468545755.586370,elapsed_seconds=0.510034,nthreads=204,avg_power_W=169.500000,max_power_W=171.000000,released_listeners=1,
start_task=,name=copy,start_time=124744.271178,nthreads=204,
end_task=,name=copy,start_time=1468545756.097797,elapsed_seconds=0.508694,nthreads=204,avg_power_W=169.800000,max_power_W=171.000000,released_listeners=1,
start_task=,name=myddot,start_time=124744.781131,nthreads=204,
end_task=,name=myddot,start_time=1468545756.607750,elapsed_seconds=0.508671,nthreads=204,avg_power_W=170.100000,max_power_W=171.000000,released_listeners=1,
start_task=,name=copy,start_time=124745.290979,nthreads=204,
end_task=,name=copy,start_time=1468545757.117598,elapsed_seconds=0.508902,nthreads=204,avg_power_W=170.181818,max_power_W=171.000000,released_listeners=1,
start_task=,name=myddot,start_time=124745.809865,nthreads=204,
end_task=,name=myddot,start_time=1468545757.636485,elapsed_seconds=0.509990,nthreads=204,avg_power_W=169.400000,max_power_W=171.000000,released_listeners=1,
start_task=,name=copy,start_time=124746.321193,nthreads=204,
end_task=,name=copy,start_time=1468545758.147812,elapsed_seconds=0.508837,nthreads=204,avg_power_W=170.000000,max_power_W=171.000000,released_listeners=1,
start_task=,name=myddot,start_time=124746.831055,nthreads=204,
end_task=,name=myddot,start_time=1468545758.657674,elapsed_seconds=0.508796,nthreads=204,avg_power_W=169.500000,max_power_W=171.000000,released_listeners=1,
start_task=,name=copy,start_time=124747.340986,nthreads=204,
end_task=,name=copy,start_time=1468545759.167605,elapsed_seconds=0.508854,nthreads=204,avg_power_W=170.000000,max_power_W=171.000000,released_listeners=1,
start_task=,name=myddot,start_time=124747.859880,nthreads=204,
end_task=,name=myddot,start_time=1468545759.686499,elapsed_seconds=0.509943,nthreads=204,avg_power_W=169.100000,max_power_W=170.000000,released_listeners=1,
start_task=,name=copy,start_time=124748.371177,nthreads=204,
end_task=,name=copy,start_time=1468545760.197796,elapsed_seconds=0.508827,nthreads=204,avg_power_W=170.100000,max_power_W=171.000000,released_listeners=1,
start_task=,name=myddot,start_time=124748.881139,nthreads=204,
end_task=,name=myddot,start_time=1468545760.707758,elapsed_seconds=0.508702,nthreads=204,avg_power_W=169.500000,max_power_W=171.000000,released_listeners=1,
start_task=,name=copy,start_time=124749.391178,nthreads=204,
end_task=,name=copy,start_time=1468545761.217797,elapsed_seconds=0.508707,nthreads=204,avg_power_W=169.909091,max_power_W=171.000000,released_listeners=1,
start_task=,name=myddot,start_time=124749.909801,nthreads=204,
end_task=,name=myddot,start_time=1468545761.736420,elapsed_seconds=0.510278,nthreads=204,avg_power_W=169.400000,max_power_W=170.000000,released_listeners=1,
start_task=,name=spmv,start_time=124750.421522,nthreads=204,
end_task=,name=spmv,start_time=1468545762.248142,elapsed_seconds=0.510422,nthreads=204,avg_power_W=187.500000,max_power_W=191.000000,released_listeners=1,
start_task=,name=spmv,start_time=124750.933297,nthreads=204,
end_task=,name=spmv,start_time=1468545762.759917,elapsed_seconds=0.508116,nthreads=204,avg_power_W=192.300000,max_power_W=193.000000,released_listeners=1,
start_task=,name=spmv,start_time=124751.442751,nthreads=204,
end_task=,name=spmv,start_time=1468545763.269371,elapsed_seconds=0.507692,nthreads=204,avg_power_W=193.090909,max_power_W=194.000000,released_listeners=1,
start_task=,name=spmv,start_time=124751.959886,nthreads=204,
end_task=,name=spmv,start_time=1468545763.786505,elapsed_seconds=0.511134,nthreads=204,avg_power_W=193.300000,max_power_W=194.000000,released_listeners=1,
start_task=,name=spmv,start_time=124752.472457,nthreads=204,
end_task=,name=spmv,start_time=1468545764.299077,elapsed_seconds=0.509585,nthreads=204,avg_power_W=192.300000,max_power_W=194.000000,released_listeners=1,
start_task=,name=spmv,start_time=124752.983381,nthreads=204,
end_task=,name=spmv,start_time=1468545764.810001,elapsed_seconds=0.507132,nthreads=204,avg_power_W=192.100000,max_power_W=193.000000,released_listeners=1,
start_task=,name=spmv,start_time=124753.491925,nthreads=204,
end_task=,name=spmv,start_time=1468545765.318544,elapsed_seconds=0.509645,nthreads=204,avg_power_W=192.454545,max_power_W=193.000000,released_listeners=1,
start_task=,name=spmv,start_time=124754.009560,nthreads=204,
end_task=,name=spmv,start_time=1468545765.836180,elapsed_seconds=0.511149,nthreads=204,avg_power_W=192.200000,max_power_W=194.000000,released_listeners=1,
start_task=,name=spmv,start_time=124754.522145,nthreads=204,
end_task=,name=spmv,start_time=1468545766.348765,elapsed_seconds=0.508490,nthreads=204,avg_power_W=191.900000,max_power_W=193.000000,released_listeners=1,
start_task=,name=spmv,start_time=124755.032051,nthreads=204,
end_task=,name=spmv,start_time=1468545766.858671,elapsed_seconds=0.509110,nthreads=204,avg_power_W=193.000000,max_power_W=194.000000,released_listeners=1,
start_task=,name=spmv,start_time=124755.542575,nthreads=204,
end_task=,name=spmv,start_time=1468545767.369195,elapsed_seconds=0.509208,nthreads=204,avg_power_W=192.909091,max_power_W=194.000000,released_listeners=1,
start_task=,name=spmv,start_time=124756.059463,nthreads=204,
end_task=,name=spmv,start_time=1468545767.886082,elapsed_seconds=0.512097,nthreads=204,avg_power_W=193.100000,max_power_W=194.000000,released_listeners=1,
start_task=,name=spmv,start_time=124756.572884,nthreads=204,
end_task=,name=spmv,start_time=1468545768.399503,elapsed_seconds=0.507832,nthreads=204,avg_power_W=193.300000,max_power_W=194.000000,released_listeners=1,
start_task=,name=spmv,start_time=124757.082023,nthreads=204,
end_task=,name=spmv,start_time=1468545768.908642,elapsed_seconds=0.509163,nthreads=204,avg_power_W=193.300000,max_power_W=194.000000,released_listeners=1,
start_task=,name=spmv,start_time=124757.592587,nthreads=204,
end_task=,name=spmv,start_time=1468545769.419206,elapsed_seconds=0.508619,nthreads=204,avg_power_W=193.272727,max_power_W=194.000000,released_listeners=1,
start_task=,name=spmv,start_time=124758.109593,nthreads=204,
end_task=,name=spmv,start_time=1468545769.936212,elapsed_seconds=0.511548,nthreads=204,avg_power_W=194.100000,max_power_W=195.000000,released_listeners=1,
start_task=,name=sum_contribs,start_time=124758.622494,nthreads=204,
end_task=,name=sum_contribs,start_time=1468545770.449113,elapsed_seconds=0.507211,nthreads=204,avg_power_W=173.700000,max_power_W=193.000000,released_listeners=1,
start_task=,name=myddot,start_time=124759.131384,nthreads=204,
end_task=,name=myddot,start_time=1468545770.958002,elapsed_seconds=0.508137,nthreads=204,avg_power_W=163.900000,max_power_W=173.000000,released_listeners=1,
start_task=,name=myddot,start_time=124759.641134,nthreads=204,
end_task=,name=myddot,start_time=1468545771.467753,elapsed_seconds=0.508738,nthreads=204,avg_power_W=174.181818,max_power_W=175.000000,released_listeners=1,
start_task=,name=myddot,start_time=124760.159561,nthreads=204,
end_task=,name=myddot,start_time=1468545771.986181,elapsed_seconds=0.510529,nthreads=204,avg_power_W=173.900000,max_power_W=175.000000,released_listeners=1,
start_task=,name=myddot,start_time=124760.671262,nthreads=204,
end_task=,name=myddot,start_time=1468545772.497881,elapsed_seconds=0.508595,nthreads=204,avg_power_W=173.300000,max_power_W=174.000000,released_listeners=1,
start_task=,name=myddot,start_time=124761.181052,nthreads=204,
end_task=,name=myddot,start_time=1468545773.007671,elapsed_seconds=0.508832,nthreads=204,avg_power_W=172.900000,max_power_W=173.000000,released_listeners=1,
start_task=,name=myddot,start_time=124761.691167,nthreads=204,
end_task=,name=myddot,start_time=1468545773.517786,elapsed_seconds=0.508687,nthreads=204,avg_power_W=173.636364,max_power_W=174.000000,released_listeners=1,
start_task=,name=myddot,start_time=124762.209604,nthreads=204,
end_task=,name=myddot,start_time=1468545774.036223,elapsed_seconds=0.510220,nthreads=204,avg_power_W=173.000000,max_power_W=174.000000,released_listeners=1,
start_task=,name=myddot,start_time=124762.721192,nthreads=204,
end_task=,name=myddot,start_time=1468545774.547811,elapsed_seconds=0.508799,nthreads=204,avg_power_W=173.800000,max_power_W=177.000000,released_listeners=1,
start_task=,name=myddot,start_time=124763.231021,nthreads=204,
end_task=,name=myddot,start_time=1468545775.057640,elapsed_seconds=0.508870,nthreads=204,avg_power_W=173.800000,max_power_W=174.000000,released_listeners=1,
start_task=,name=myddot,start_time=124763.741084,nthreads=204,
end_task=,name=myddot,start_time=1468545775.567703,elapsed_seconds=0.508804,nthreads=204,avg_power_W=173.090909,max_power_W=174.000000,released_listeners=1,
start_task=,name=myddot,start_time=124764.259779,nthreads=204,
end_task=,name=myddot,start_time=1468545776.086398,elapsed_seconds=0.510057,nthreads=204,avg_power_W=173.500000,max_power_W=174.000000,released_listeners=1,
start_task=,name=myddot,start_time=124764.771236,nthreads=204,
end_task=,name=myddot,start_time=1468545776.597855,elapsed_seconds=0.508786,nthreads=204,avg_power_W=172.700000,max_power_W=174.000000,released_listeners=1,
start_task=,name=myddot,start_time=124765.281058,nthreads=204,
end_task=,name=myddot,start_time=1468545777.107678,elapsed_seconds=0.508863,nthreads=204,avg_power_W=173.300000,max_power_W=174.000000,released_listeners=1,
start_task=,name=myddot,start_time=124765.791195,nthreads=204,
end_task=,name=myddot,start_time=1468545777.617814,elapsed_seconds=0.508705,nthreads=204,avg_power_W=173.545455,max_power_W=174.000000,released_listeners=1,
start_task=,name=myddot,start_time=124766.309747,nthreads=204,
end_task=,name=myddot,start_time=1468545778.136365,elapsed_seconds=0.510090,nthreads=204,avg_power_W=172.600000,max_power_W=173.000000,released_listeners=1,
start_task=,name=myddot,start_time=124766.821216,nthreads=204,
end_task=,name=myddot,start_time=1468545778.647840,elapsed_seconds=0.508814,nthreads=204,avg_power_W=173.000000,max_power_W=173.000000,released_listeners=1,
start_task=,name=sum_contribs,start_time=124767.331164,nthreads=204,
end_task=,name=sum_contribs,start_time=1468545779.157783,elapsed_seconds=0.508617,nthreads=204,avg_power_W=159.600000,max_power_W=173.000000,released_listeners=1,
start_task=,name=comp_alpha,start_time=124767.841588,nthreads=204,
end_task=,name=comp_alpha,start_time=1468545779.668207,elapsed_seconds=0.508312,nthreads=204,avg_power_W=123.909091,max_power_W=126.000000,released_listeners=32,
start_task=,name=mydaxpy,start_time=124768.359951,nthreads=204,
end_task=,name=mydaxpy,start_time=1468545780.186570,elapsed_seconds=0.509958,nthreads=204,avg_power_W=159.200000,max_power_W=165.000000,released_listeners=0,
start_task=,name=mydaxpy,start_time=124768.871191,nthreads=204,
end_task=,name=mydaxpy,start_time=1468545780.697810,elapsed_seconds=0.508642,nthreads=204,avg_power_W=165.500000,max_power_W=166.000000,released_listeners=1,
start_task=,name=mydaxpy,start_time=124769.381084,nthreads=204,
end_task=,name=mydaxpy,start_time=1468545781.207703,elapsed_seconds=0.508765,nthreads=204,avg_power_W=165.200000,max_power_W=166.000000,released_listeners=0,
start_task=,name=mydaxpy,start_time=124769.891085,nthreads=204,
end_task=,name=mydaxpy,start_time=1468545781.717704,elapsed_seconds=0.508723,nthreads=204,avg_power_W=165.000000,max_power_W=166.000000,released_listeners=1,
start_task=,name=mydaxpy,start_time=124770.409740,nthreads=204,
end_task=,name=mydaxpy,start_time=1468545782.236359,elapsed_seconds=0.510058,nthreads=204,avg_power_W=165.300000,max_power_W=166.000000,released_listeners=0,
start_task=,name=mydaxpy,start_time=124770.921196,nthreads=204,
end_task=,name=mydaxpy,start_time=1468545782.747815,elapsed_seconds=0.508629,nthreads=204,avg_power_W=165.000000,max_power_W=166.000000,released_listeners=1,
start_task=,name=mydaxpy,start_time=124771.431106,nthreads=204,
end_task=,name=mydaxpy,start_time=1468545783.257725,elapsed_seconds=0.508698,nthreads=204,avg_power_W=164.900000,max_power_W=166.000000,released_listeners=0,
start_task=,name=mydaxpy,start_time=124771.941079,nthreads=204,
end_task=,name=mydaxpy,start_time=1468545783.767698,elapsed_seconds=0.508760,nthreads=204,avg_power_W=164.909091,max_power_W=166.000000,released_listeners=1,
start_task=,name=mydaxpy,start_time=124772.459820,nthreads=204,
end_task=,name=mydaxpy,start_time=1468545784.286439,elapsed_seconds=0.509943,nthreads=204,avg_power_W=165.000000,max_power_W=166.000000,released_listeners=0,
start_task=,name=mydaxpy,start_time=124772.971183,nthreads=204,
end_task=,name=mydaxpy,start_time=1468545784.797802,elapsed_seconds=0.508642,nthreads=204,avg_power_W=164.700000,max_power_W=166.000000,released_listeners=1,
start_task=,name=mydaxpy,start_time=124773.480952,nthreads=204,
end_task=,name=mydaxpy,start_time=1468545785.307571,elapsed_seconds=0.508842,nthreads=204,avg_power_W=164.800000,max_power_W=166.000000,released_listeners=0,
start_task=,name=mydaxpy,start_time=124773.991099,nthreads=204,
end_task=,name=mydaxpy,start_time=1468545785.817718,elapsed_seconds=0.508820,nthreads=204,avg_power_W=165.000000,max_power_W=166.000000,released_listeners=1,
start_task=,name=mydaxpy,start_time=124774.509456,nthreads=204,
end_task=,name=mydaxpy,start_time=1468545786.336076,elapsed_seconds=0.510457,nthreads=204,avg_power_W=165.800000,max_power_W=166.000000,released_listeners=0,
start_task=,name=mydaxpy,start_time=124775.021324,nthreads=204,
end_task=,name=mydaxpy,start_time=1468545786.847942,elapsed_seconds=0.508539,nthreads=204,avg_power_W=165.300000,max_power_W=166.000000,released_listeners=1,
start_task=,name=mydaxpy,start_time=124775.531240,nthreads=204,
end_task=,name=mydaxpy,start_time=1468545787.357859,elapsed_seconds=0.508666,nthreads=204,avg_power_W=165.200000,max_power_W=166.000000,released_listeners=0,
start_task=,name=mydaxpy,start_time=124776.041310,nthreads=204,
end_task=,name=mydaxpy,start_time=1468545787.867929,elapsed_seconds=0.508574,nthreads=204,avg_power_W=164.909091,max_power_W=166.000000,released_listeners=1,
start_task=,name=mydaxpy,start_time=124776.559517,nthreads=204,
end_task=,name=mydaxpy,start_time=1468545788.386136,elapsed_seconds=0.510394,nthreads=204,avg_power_W=165.300000,max_power_W=166.000000,released_listeners=0,
start_task=,name=mydaxpy,start_time=124777.071315,nthreads=204,
end_task=,name=mydaxpy,start_time=1468545788.897934,elapsed_seconds=0.508545,nthreads=204,avg_power_W=165.400000,max_power_W=166.000000,released_listeners=1,
start_task=,name=mydaxpy,start_time=124777.581279,nthreads=204,
end_task=,name=mydaxpy,start_time=1468545789.407898,elapsed_seconds=0.508600,nthreads=204,avg_power_W=165.200000,max_power_W=166.000000,released_listeners=0,
start_task=,name=mydaxpy,start_time=124778.091303,nthreads=204,
end_task=,name=mydaxpy,start_time=1468545789.917922,elapsed_seconds=0.508581,nthreads=204,avg_power_W=165.090909,max_power_W=166.000000,released_listeners=1,
start_task=,name=mydaxpy,start_time=124778.609579,nthreads=204,
end_task=,name=mydaxpy,start_time=1468545790.436198,elapsed_seconds=0.510087,nthreads=204,avg_power_W=164.600000,max_power_W=166.000000,released_listeners=0,
start_task=,name=mydaxpy,start_time=124779.121291,nthreads=204,
end_task=,name=mydaxpy,start_time=1468545790.947910,elapsed_seconds=0.508588,nthreads=204,avg_power_W=165.000000,max_power_W=166.000000,released_listeners=1,
start_task=,name=mydaxpy,start_time=124779.631278,nthreads=204,
end_task=,name=mydaxpy,start_time=1468545791.457897,elapsed_seconds=0.508608,nthreads=204,avg_power_W=165.300000,max_power_W=166.000000,released_listeners=0,
start_task=,name=mydaxpy,start_time=124780.141251,nthreads=204,
end_task=,name=mydaxpy,start_time=1468545791.967870,elapsed_seconds=0.508649,nthreads=204,avg_power_W=165.363636,max_power_W=166.000000,released_listeners=1,
start_task=,name=mydaxpy,start_time=124780.659714,nthreads=204,
end_task=,name=mydaxpy,start_time=1468545792.486334,elapsed_seconds=0.510174,nthreads=204,avg_power_W=165.300000,max_power_W=166.000000,released_listeners=0,
start_task=,name=mydaxpy,start_time=124781.171400,nthreads=204,
end_task=,name=mydaxpy,start_time=1468545792.998019,elapsed_seconds=0.508481,nthreads=204,avg_power_W=165.300000,max_power_W=166.000000,released_listeners=1,
start_task=,name=mydaxpy,start_time=124781.681246,nthreads=204,
end_task=,name=mydaxpy,start_time=1468545793.507865,elapsed_seconds=0.508649,nthreads=204,avg_power_W=165.000000,max_power_W=166.000000,released_listeners=0,
start_task=,name=mydaxpy,start_time=124782.191297,nthreads=204,
end_task=,name=mydaxpy,start_time=1468545794.017916,elapsed_seconds=0.508599,nthreads=204,avg_power_W=165.636364,max_power_W=166.000000,released_listeners=1,
start_task=,name=mydaxpy,start_time=124782.709688,nthreads=204,
end_task=,name=mydaxpy,start_time=1468545794.536308,elapsed_seconds=0.510189,nthreads=204,avg_power_W=165.100000,max_power_W=166.000000,released_listeners=0,
start_task=,name=mydaxpy,start_time=124783.221336,nthreads=204,
end_task=,name=mydaxpy,start_time=1468545795.047956,elapsed_seconds=0.508531,nthreads=204,avg_power_W=165.500000,max_power_W=166.000000,released_listeners=1,
start_task=,name=mydaxpy,start_time=124783.731218,nthreads=204,
end_task=,name=mydaxpy,start_time=1468545795.557850,elapsed_seconds=0.508684,nthreads=204,avg_power_W=165.100000,max_power_W=166.000000,released_listeners=0,
start_task=,name=mydaxpy,start_time=124784.241303,nthreads=204,
end_task=,name=mydaxpy,start_time=1468545796.067922,elapsed_seconds=0.508736,nthreads=204,avg_power_W=165.000000,max_power_W=166.000000,released_listeners=1,
start_task=,name=myddot,start_time=124784.759806,nthreads=204,
end_task=,name=myddot,start_time=1468545796.586425,elapsed_seconds=0.510031,nthreads=204,avg_power_W=167.300000,max_power_W=168.000000,released_listeners=1,
start_task=,name=myddot,start_time=124785.271311,nthreads=204,
end_task=,name=myddot,start_time=1468545797.097930,elapsed_seconds=0.508590,nthreads=204,avg_power_W=168.600000,max_power_W=169.000000,released_listeners=1,
start_task=,name=myddot,start_time=124785.781316,nthreads=204,
end_task=,name=myddot,start_time=1468545797.607935,elapsed_seconds=0.508584,nthreads=204,avg_power_W=168.600000,max_power_W=169.000000,released_listeners=1,
start_task=,name=myddot,start_time=124786.291314,nthreads=204,
end_task=,name=myddot,start_time=1468545798.117933,elapsed_seconds=0.508617,nthreads=204,avg_power_W=168.272727,max_power_W=169.000000,released_listeners=1,
start_task=,name=myddot,start_time=124786.809555,nthreads=204,
end_task=,name=myddot,start_time=1468545798.636174,elapsed_seconds=0.510334,nthreads=204,avg_power_W=168.100000,max_power_W=169.000000,released_listeners=1,
start_task=,name=myddot,start_time=124787.321369,nthreads=204,
end_task=,name=myddot,start_time=1468545799.147988,elapsed_seconds=0.508511,nthreads=204,avg_power_W=168.300000,max_power_W=169.000000,released_listeners=1,
start_task=,name=myddot,start_time=124787.831354,nthreads=204,
end_task=,name=myddot,start_time=1468545799.657974,elapsed_seconds=0.508566,nthreads=204,avg_power_W=168.100000,max_power_W=169.000000,released_listeners=1,
start_task=,name=myddot,start_time=124788.341373,nthreads=204,
end_task=,name=myddot,start_time=1468545800.167992,elapsed_seconds=0.508576,nthreads=204,avg_power_W=168.181818,max_power_W=169.000000,released_listeners=1,
start_task=,name=myddot,start_time=124788.859507,nthreads=204,
end_task=,name=myddot,start_time=1468545800.686126,elapsed_seconds=0.510433,nthreads=204,avg_power_W=168.400000,max_power_W=169.000000,released_listeners=1,
start_task=,name=myddot,start_time=124789.371359,nthreads=204,
end_task=,name=myddot,start_time=1468545801.197978,elapsed_seconds=0.508525,nthreads=204,avg_power_W=168.300000,max_power_W=169.000000,released_listeners=1,
start_task=,name=myddot,start_time=124789.881309,nthreads=204,
end_task=,name=myddot,start_time=1468545801.707928,elapsed_seconds=0.508599,nthreads=204,avg_power_W=168.500000,max_power_W=169.000000,released_listeners=1,
start_task=,name=myddot,start_time=124790.391262,nthreads=204,
end_task=,name=myddot,start_time=1468545802.217881,elapsed_seconds=0.508651,nthreads=204,avg_power_W=168.272727,max_power_W=169.000000,released_listeners=1,
start_task=,name=myddot,start_time=124790.909472,nthreads=204,
end_task=,name=myddot,start_time=1468545802.736091,elapsed_seconds=0.510428,nthreads=204,avg_power_W=168.500000,max_power_W=169.000000,released_listeners=1,
start_task=,name=myddot,start_time=124791.421340,nthreads=204,
end_task=,name=myddot,start_time=1468545803.247959,elapsed_seconds=0.508655,nthreads=204,avg_power_W=168.700000,max_power_W=169.000000,released_listeners=1,
start_task=,name=myddot,start_time=124791.931422,nthreads=204,
end_task=,name=myddot,start_time=1468545803.758041,elapsed_seconds=0.508502,nthreads=204,avg_power_W=168.100000,max_power_W=169.000000,released_listeners=1,
start_task=,name=myddot,start_time=124792.441345,nthreads=204,
end_task=,name=myddot,start_time=1468545804.267964,elapsed_seconds=0.508557,nthreads=204,avg_power_W=168.636364,max_power_W=172.000000,released_listeners=1,
start_task=,name=sum_contribs,start_time=124792.959375,nthreads=204,
end_task=,name=sum_contribs,start_time=1468545804.785994,elapsed_seconds=0.510499,nthreads=204,avg_power_W=154.900000,max_power_W=168.000000,released_listeners=2,
start_task=,name=comp_beta,start_time=124793.471604,nthreads=204,
end_task=,name=comp_beta,start_time=1468545805.298224,elapsed_seconds=0.508043,nthreads=204,avg_power_W=122.900000,max_power_W=126.000000,released_listeners=16,
start_task=,name=assign,start_time=124793.981521,nthreads=204,
end_task=,name=assign,start_time=1468545805.808141,elapsed_seconds=0.508165,nthreads=204,avg_power_W=122.500000,max_power_W=124.000000,released_listeners=0,
start_task=,name=mydaxpy,start_time=124794.491489,nthreads=204,
end_task=,name=mydaxpy,start_time=1468545806.318108,elapsed_seconds=0.508219,nthreads=204,avg_power_W=154.363636,max_power_W=164.000000,released_listeners=0,
start_task=,name=mydaxpy,start_time=124795.009492,nthreads=204,
end_task=,name=mydaxpy,start_time=1468545806.836111,elapsed_seconds=0.510389,nthreads=204,avg_power_W=162.100000,max_power_W=164.000000,released_listeners=0,
start_task=,name=mydaxpy,start_time=124795.521263,nthreads=204,
end_task=,name=mydaxpy,start_time=1468545807.347882,elapsed_seconds=0.508644,nthreads=204,avg_power_W=163.200000,max_power_W=165.000000,released_listeners=0,
start_task=,name=mydaxpy,start_time=124796.031296,nthreads=204,
end_task=,name=mydaxpy,start_time=1468545807.857915,elapsed_seconds=0.508608,nthreads=204,avg_power_W=163.600000,max_power_W=165.000000,released_listeners=0,
start_task=,name=mydaxpy,start_time=124796.541306,nthreads=204,
end_task=,name=mydaxpy,start_time=1468545808.367925,elapsed_seconds=0.508476,nthreads=204,avg_power_W=163.181818,max_power_W=164.000000,released_listeners=0,
start_task=,name=mydaxpy,start_time=124797.059389,nthreads=204,
end_task=,name=mydaxpy,start_time=1468545808.886008,elapsed_seconds=0.510518,nthreads=204,avg_power_W=163.500000,max_power_W=164.000000,released_listeners=0,
start_task=,name=mydaxpy,start_time=124797.571313,nthreads=204,
end_task=,name=mydaxpy,start_time=1468545809.397932,elapsed_seconds=0.508611,nthreads=204,avg_power_W=163.800000,max_power_W=165.000000,released_listeners=0,
start_task=,name=mydaxpy,start_time=124798.081297,nthreads=204,
end_task=,name=mydaxpy,start_time=1468545809.907916,elapsed_seconds=0.508587,nthreads=204,avg_power_W=163.600000,max_power_W=164.000000,released_listeners=0,
start_task=,name=mydaxpy,start_time=124798.591289,nthreads=204,
end_task=,name=mydaxpy,start_time=1468545810.417907,elapsed_seconds=0.508625,nthreads=204,avg_power_W=163.545455,max_power_W=165.000000,released_listeners=0,
start_task=,name=mydaxpy,start_time=124799.109403,nthreads=204,
end_task=,name=mydaxpy,start_time=1468545810.936022,elapsed_seconds=0.510575,nthreads=204,avg_power_W=163.800000,max_power_W=165.000000,released_listeners=0,
start_task=,name=mydaxpy,start_time=124799.621387,nthreads=204,
end_task=,name=mydaxpy,start_time=1468545811.448006,elapsed_seconds=0.508514,nthreads=204,avg_power_W=163.700000,max_power_W=164.000000,released_listeners=0,
start_task=,name=mydaxpy,start_time=124800.131283,nthreads=204,
end_task=,name=mydaxpy,start_time=1468545811.957902,elapsed_seconds=0.508606,nthreads=204,avg_power_W=163.600000,max_power_W=165.000000,released_listeners=0,
start_task=,name=mydaxpy,start_time=124800.641295,nthreads=204,
end_task=,name=mydaxpy,start_time=1468545812.467914,elapsed_seconds=0.508605,nthreads=204,avg_power_W=163.818182,max_power_W=164.000000,released_listeners=0,
start_task=,name=mydaxpy,start_time=124801.159381,nthreads=204,
end_task=,name=mydaxpy,start_time=1468545812.986000,elapsed_seconds=0.510516,nthreads=204,avg_power_W=163.900000,max_power_W=165.000000,released_listeners=0,
start_task=,name=mydaxpy,start_time=124801.671302,nthreads=204,
end_task=,name=mydaxpy,start_time=1468545813.497921,elapsed_seconds=0.508633,nthreads=204,avg_power_W=163.600000,max_power_W=165.000000,released_listeners=0,
start_task=,name=mydaxpy,start_time=124802.181296,nthreads=204,
end_task=,name=mydaxpy,start_time=1468545814.007915,elapsed_seconds=0.508522,nthreads=204,avg_power_W=163.700000,max_power_W=164.000000,released_listeners=0,
