message=profiling all tasks,max_threads=207,
start_task=,name=start,start_time=124994.544921,nthreads=207,
end_task=,name=start,start_time=1468546006.371572,elapsed_seconds=0.515267,nthreads=207,avg_power_W=155.500000,max_power_W=164.000000,released_listeners=16,
start_task=,name=spmv,start_time=124995.062078,nthreads=207,
end_task=,name=spmv,start_time=1468546006.888699,elapsed_seconds=0.509817,nthreads=207,avg_power_W=174.300000,max_power_W=190.000000,released_listeners=1,
start_task=,name=spmv,start_time=124995.572878,nthreads=207,
end_task=,name=spmv,start_time=1468546007.399498,elapsed_seconds=0.507779,nthreads=207,avg_power_W=174.300000,max_power_W=189.000000,released_listeners=1,
start_task=,name=spmv,start_time=124996.081578,nthreads=207,
end_task=,name=spmv,start_time=1468546007.908197,elapsed_seconds=0.510791,nthreads=207,avg_power_W=189.300000,max_power_W=190.000000,released_listeners=1,
start_task=,name=spmv,start_time=124996.593291,nthreads=207,
end_task=,name=spmv,start_time=1468546008.419910,elapsed_seconds=0.507195,nthreads=207,avg_power_W=190.181818,max_power_W=191.000000,released_listeners=1,
start_task=,name=spmv,start_time=124997.108799,nthreads=207,
end_task=,name=spmv,start_time=1468546008.935418,elapsed_seconds=0.501744,nthreads=207,avg_power_W=187.600000,max_power_W=188.000000,released_listeners=1,
start_task=,name=spmv,start_time=124997.611377,nthreads=207,
end_task=,name=spmv,start_time=1468546009.437996,elapsed_seconds=0.510657,nthreads=207,avg_power_W=188.500000,max_power_W=190.000000,released_listeners=1,
start_task=,name=spmv,start_time=124998.122938,nthreads=207,
end_task=,name=spmv,start_time=1468546009.949557,elapsed_seconds=0.508426,nthreads=207,avg_power_W=188.200000,max_power_W=190.000000,released_listeners=1,
start_task=,name=spmv,start_time=124998.632280,nthreads=207,
end_task=,name=spmv,start_time=1468546010.458899,elapsed_seconds=0.508426,nthreads=207,avg_power_W=189.500000,max_power_W=191.000000,released_listeners=1,
start_task=,name=spmv,start_time=124999.141614,nthreads=207,
end_task=,name=spmv,start_time=1468546010.968233,elapsed_seconds=0.509212,nthreads=207,avg_power_W=189.272727,max_power_W=190.000000,released_listeners=1,
start_task=,name=spmv,start_time=124999.658763,nthreads=207,
end_task=,name=spmv,start_time=1468546011.485382,elapsed_seconds=0.502448,nthreads=207,avg_power_W=189.600000,max_power_W=191.000000,released_listeners=1,
start_task=,name=spmv,start_time=125000.162187,nthreads=207,
end_task=,name=spmv,start_time=1468546011.988806,elapsed_seconds=0.509011,nthreads=207,avg_power_W=189.400000,max_power_W=190.000000,released_listeners=1,
start_task=,name=spmv,start_time=125000.672099,nthreads=207,
end_task=,name=spmv,start_time=1468546012.498718,elapsed_seconds=0.508305,nthreads=207,avg_power_W=190.300000,max_power_W=191.000000,released_listeners=1,
start_task=,name=spmv,start_time=125001.181312,nthreads=207,
end_task=,name=spmv,start_time=1468546013.007932,elapsed_seconds=0.509042,nthreads=207,avg_power_W=190.500000,max_power_W=191.000000,released_listeners=1,
start_task=,name=spmv,start_time=125001.691311,nthreads=207,
end_task=,name=spmv,start_time=1468546013.517930,elapsed_seconds=0.510758,nthreads=207,avg_power_W=190.454545,max_power_W=191.000000,released_listeners=1,
start_task=,name=spmv,start_time=125002.208744,nthreads=207,
end_task=,name=spmv,start_time=1468546014.035362,elapsed_seconds=0.501778,nthreads=207,avg_power_W=190.500000,max_power_W=192.000000,released_listeners=1,
start_task=,name=spmv,start_time=125002.711402,nthreads=207,
end_task=,name=spmv,start_time=1468546014.538021,elapsed_seconds=0.509840,nthreads=207,avg_power_W=192.000000,max_power_W=193.000000,released_listeners=1,
start_task=,name=subtract,start_time=125003.222189,nthreads=207,
end_task=,name=subtract,start_time=1468546015.048808,elapsed_seconds=0.508113,nthreads=207,avg_power_W=178.600000,max_power_W=193.000000,released_listeners=2,
start_task=,name=subtract,start_time=125003.731521,nthreads=207,
end_task=,name=subtract,start_time=1468546015.558140,elapsed_seconds=0.508320,nthreads=207,avg_power_W=176.300000,max_power_W=178.000000,released_listeners=2,
start_task=,name=subtract,start_time=125004.241226,nthreads=207,
end_task=,name=subtract,start_time=1468546016.067846,elapsed_seconds=0.509389,nthreads=207,avg_power_W=176.636364,max_power_W=178.000000,released_listeners=2,
start_task=,name=subtract,start_time=125004.758448,nthreads=207,
end_task=,name=subtract,start_time=1468546016.585067,elapsed_seconds=0.501869,nthreads=207,avg_power_W=176.600000,max_power_W=178.000000,released_listeners=2,
start_task=,name=subtract,start_time=125005.261339,nthreads=207,
end_task=,name=subtract,start_time=1468546017.087958,elapsed_seconds=0.507919,nthreads=207,avg_power_W=177.300000,max_power_W=178.000000,released_listeners=2,
start_task=,name=subtract,start_time=125005.771553,nthreads=207,
end_task=,name=subtract,start_time=1468546017.598172,elapsed_seconds=0.508477,nthreads=207,avg_power_W=176.300000,max_power_W=177.000000,released_listeners=2,
start_task=,name=subtract,start_time=125006.281120,nthreads=207,
end_task=,name=subtract,start_time=1468546018.107739,elapsed_seconds=0.508614,nthreads=207,avg_power_W=176.000000,max_power_W=177.000000,released_listeners=2,
start_task=,name=subtract,start_time=125006.791534,nthreads=207,
end_task=,name=subtract,start_time=1468546018.618154,elapsed_seconds=0.508444,nthreads=207,avg_power_W=176.545455,max_power_W=177.000000,released_listeners=2,
start_task=,name=subtract,start_time=125007.308704,nthreads=207,
end_task=,name=subtract,start_time=1468546019.135323,elapsed_seconds=0.511240,nthreads=207,avg_power_W=177.100000,max_power_W=178.000000,released_listeners=2,
start_task=,name=subtract,start_time=125007.821636,nthreads=207,
end_task=,name=subtract,start_time=1468546019.648255,elapsed_seconds=0.508117,nthreads=207,avg_power_W=177.300000,max_power_W=178.000000,released_listeners=2,
start_task=,name=subtract,start_time=125008.331920,nthreads=207,
end_task=,name=subtract,start_time=1468546020.158539,elapsed_seconds=0.507937,nthreads=207,avg_power_W=179.800000,max_power_W=181.000000,released_listeners=2,
start_task=,name=subtract,start_time=125008.841610,nthreads=207,
end_task=,name=subtract,start_time=1468546020.668229,elapsed_seconds=0.508472,nthreads=207,avg_power_W=179.727273,max_power_W=181.000000,released_listeners=2,
start_task=,name=subtract,start_time=125009.358642,nthreads=207,
end_task=,name=subtract,start_time=1468546021.185261,elapsed_seconds=0.501660,nthreads=207,avg_power_W=179.600000,max_power_W=180.000000,released_listeners=2,
start_task=,name=subtract,start_time=125009.861676,nthreads=207,
end_task=,name=subtract,start_time=1468546021.688295,elapsed_seconds=0.508340,nthreads=207,avg_power_W=179.700000,max_power_W=180.000000,released_listeners=2,
start_task=,name=subtract,start_time=125010.371273,nthreads=207,
end_task=,name=subtract,start_time=1468546022.197892,elapsed_seconds=0.509087,nthreads=207,avg_power_W=179.400000,max_power_W=181.000000,released_listeners=2,
start_task=,name=subtract,start_time=125010.881739,nthreads=207,
end_task=,name=subtract,start_time=1468546022.708359,elapsed_seconds=0.508300,nthreads=207,avg_power_W=180.000000,max_power_W=180.000000,released_listeners=2,
start_task=,name=copy,start_time=125011.391413,nthreads=207,
end_task=,name=copy,start_time=1468546023.218033,elapsed_seconds=0.509134,nthreads=207,avg_power_W=177.818182,max_power_W=180.000000,released_listeners=1,
start_task=,name=myddot,start_time=125011.909028,nthreads=207,
end_task=,name=myddot,start_time=1468546023.735647,elapsed_seconds=0.500987,nthreads=207,avg_power_W=171.200000,max_power_W=172.000000,released_listeners=1,
start_task=,name=copy,start_time=125012.411344,nthreads=207,
end_task=,name=copy,start_time=1468546024.237964,elapsed_seconds=0.508825,nthreads=207,avg_power_W=169.900000,max_power_W=171.000000,released_listeners=1,
start_task=,name=myddot,start_time=125012.921311,nthreads=207,
end_task=,name=myddot,start_time=1468546024.747931,elapsed_seconds=0.508675,nthreads=207,avg_power_W=170.700000,max_power_W=171.000000,released_listeners=1,
start_task=,name=copy,start_time=125013.431176,nthreads=207,
end_task=,name=copy,start_time=1468546025.257805,elapsed_seconds=0.508882,nthreads=207,avg_power_W=169.600000,max_power_W=170.000000,released_listeners=1,
start_task=,name=myddot,start_time=125013.941330,nthreads=207,
end_task=,name=myddot,start_time=1468546025.767949,elapsed_seconds=0.508729,nthreads=207,avg_power_W=170.454545,max_power_W=171.000000,released_listeners=1,
start_task=,name=copy,start_time=125014.459008,nthreads=207,
end_task=,name=copy,start_time=1468546026.285627,elapsed_seconds=0.501045,nthreads=207,avg_power_W=170.300000,max_power_W=171.000000,released_listeners=1,
start_task=,name=myddot,start_time=125014.961339,nthreads=207,
end_task=,name=myddot,start_time=1468546026.787958,elapsed_seconds=0.508704,nthreads=207,avg_power_W=170.600000,max_power_W=171.000000,released_listeners=1,
start_task=,name=copy,start_time=125015.471354,nthreads=207,
end_task=,name=copy,start_time=1468546027.297973,elapsed_seconds=0.508691,nthreads=207,avg_power_W=169.700000,max_power_W=171.000000,released_listeners=1,
start_task=,name=myddot,start_time=125015.981298,nthreads=207,
end_task=,name=myddot,start_time=1468546027.807917,elapsed_seconds=0.508721,nthreads=207,avg_power_W=170.400000,max_power_W=171.000000,released_listeners=1,
start_task=,name=copy,start_time=125016.491206,nthreads=207,
end_task=,name=copy,start_time=1468546028.317826,elapsed_seconds=0.508836,nthreads=207,avg_power_W=170.909091,max_power_W=171.000000,released_listeners=1,
start_task=,name=myddot,start_time=125017.009029,nthreads=207,
end_task=,name=myddot,start_time=1468546028.835648,elapsed_seconds=0.500974,nthreads=207,avg_power_W=170.700000,max_power_W=171.000000,released_listeners=1,
start_task=,name=copy,start_time=125017.511363,nthreads=207,
end_task=,name=copy,start_time=1468546029.337982,elapsed_seconds=0.508789,nthreads=207,avg_power_W=170.800000,max_power_W=171.000000,released_listeners=1,
start_task=,name=myddot,start_time=125018.021294,nthreads=207,
end_task=,name=myddot,start_time=1468546029.847913,elapsed_seconds=0.508703,nthreads=207,avg_power_W=170.600000,max_power_W=171.000000,released_listeners=1,
start_task=,name=copy,start_time=125018.531254,nthreads=207,
end_task=,name=copy,start_time=1468546030.357873,elapsed_seconds=0.508797,nthreads=207,avg_power_W=170.100000,max_power_W=171.000000,released_listeners=1,
start_task=,name=myddot,start_time=125019.041324,nthreads=207,
end_task=,name=myddot,start_time=1468546030.867943,elapsed_seconds=0.508703,nthreads=207,avg_power_W=170.181818,max_power_W=171.000000,released_listeners=1,
start_task=,name=copy,start_time=125019.559042,nthreads=207,
end_task=,name=copy,start_time=1468546031.385661,elapsed_seconds=0.501094,nthreads=207,avg_power_W=169.800000,max_power_W=171.000000,released_listeners=1,
start_task=,name=myddot,start_time=125020.061313,nthreads=207,
end_task=,name=myddot,start_time=1468546031.887935,elapsed_seconds=0.508843,nthreads=207,avg_power_W=170.200000,max_power_W=171.000000,released_listeners=1,
start_task=,name=copy,start_time=125020.571336,nthreads=207,
end_task=,name=copy,start_time=1468546032.397955,elapsed_seconds=0.508736,nthreads=207,avg_power_W=170.100000,max_power_W=171.000000,released_listeners=1,
start_task=,name=myddot,start_time=125021.081354,nthreads=207,
end_task=,name=myddot,start_time=1468546032.907973,elapsed_seconds=0.508630,nthreads=207,avg_power_W=170.200000,max_power_W=171.000000,released_listeners=1,
start_task=,name=copy,start_time=125021.591176,nthreads=207,
end_task=,name=copy,start_time=1468546033.417795,elapsed_seconds=0.508897,nthreads=207,avg_power_W=169.000000,max_power_W=170.000000,released_listeners=1,
start_task=,name=myddot,start_time=125022.109058,nthreads=207,
end_task=,name=myddot,start_time=1468546033.935678,elapsed_seconds=0.500936,nthreads=207,avg_power_W=169.700000,max_power_W=171.000000,released_listeners=1,
start_task=,name=copy,start_time=125022.611361,nthreads=207,
end_task=,name=copy,start_time=1468546034.437980,elapsed_seconds=0.508829,nthreads=207,avg_power_W=169.100000,max_power_W=170.000000,released_listeners=1,
start_task=,name=myddot,start_time=125023.121334,nthreads=207,
end_task=,name=myddot,start_time=1468546034.947953,elapsed_seconds=0.508784,nthreads=207,avg_power_W=170.100000,max_power_W=171.000000,released_listeners=1,
start_task=,name=copy,start_time=125023.631334,nthreads=207,
end_task=,name=copy,start_time=1468546035.457953,elapsed_seconds=0.508717,nthreads=207,avg_power_W=169.000000,max_power_W=171.000000,released_listeners=1,
start_task=,name=myddot,start_time=125024.141319,nthreads=207,
end_task=,name=myddot,start_time=1468546035.967938,elapsed_seconds=0.508708,nthreads=207,avg_power_W=169.727273,max_power_W=170.000000,released_listeners=1,
start_task=,name=copy,start_time=125024.659052,nthreads=207,
end_task=,name=copy,start_time=1468546036.485672,elapsed_seconds=0.501028,nthreads=207,avg_power_W=169.700000,max_power_W=170.000000,released_listeners=1,
start_task=,name=myddot,start_time=125025.161340,nthreads=207,
end_task=,name=myddot,start_time=1468546036.987959,elapsed_seconds=0.508671,nthreads=207,avg_power_W=169.700000,max_power_W=170.000000,released_listeners=1,
start_task=,name=copy,start_time=125025.671278,nthreads=207,
end_task=,name=copy,start_time=1468546037.497898,elapsed_seconds=0.508788,nthreads=207,avg_power_W=169.400000,max_power_W=170.000000,released_listeners=1,
start_task=,name=myddot,start_time=125026.181333,nthreads=207,
end_task=,name=myddot,start_time=1468546038.007953,elapsed_seconds=0.508760,nthreads=207,avg_power_W=170.100000,max_power_W=171.000000,released_listeners=1,
start_task=,name=copy,start_time=125026.691347,nthreads=207,
end_task=,name=copy,start_time=1468546038.517967,elapsed_seconds=0.508745,nthreads=207,avg_power_W=169.636364,max_power_W=171.000000,released_listeners=1,
start_task=,name=myddot,start_time=125027.209342,nthreads=207,
end_task=,name=myddot,start_time=1468546039.035962,elapsed_seconds=0.510645,nthreads=207,avg_power_W=170.100000,max_power_W=171.000000,released_listeners=1,
start_task=,name=spmv,start_time=125027.721401,nthreads=207,
end_task=,name=spmv,start_time=1468546039.548021,elapsed_seconds=0.510576,nthreads=207,avg_power_W=190.300000,max_power_W=194.000000,released_listeners=1,
start_task=,name=spmv,start_time=125028.233289,nthreads=207,
end_task=,name=spmv,start_time=1468546040.059909,elapsed_seconds=0.506788,nthreads=207,avg_power_W=193.700000,max_power_W=194.000000,released_listeners=1,
start_task=,name=spmv,start_time=125028.741490,nthreads=207,
end_task=,name=spmv,start_time=1468546040.568110,elapsed_seconds=0.510646,nthreads=207,avg_power_W=193.454545,max_power_W=195.000000,released_listeners=1,
start_task=,name=spmv,start_time=125029.259163,nthreads=207,
end_task=,name=spmv,start_time=1468546041.085783,elapsed_seconds=0.502055,nthreads=207,avg_power_W=193.400000,max_power_W=195.000000,released_listeners=1,
start_task=,name=spmv,start_time=125029.762622,nthreads=207,
end_task=,name=spmv,start_time=1468546041.589242,elapsed_seconds=0.509166,nthreads=207,avg_power_W=192.200000,max_power_W=195.000000,released_listeners=1,
start_task=,name=spmv,start_time=125030.273213,nthreads=207,
end_task=,name=spmv,start_time=1468546042.099838,elapsed_seconds=0.508007,nthreads=207,avg_power_W=192.300000,max_power_W=193.000000,released_listeners=1,
start_task=,name=spmv,start_time=125030.782649,nthreads=207,
end_task=,name=spmv,start_time=1468546042.609269,elapsed_seconds=0.508415,nthreads=207,avg_power_W=191.900000,max_power_W=193.000000,released_listeners=1,
start_task=,name=spmv,start_time=125031.292495,nthreads=207,
end_task=,name=spmv,start_time=1468546043.119114,elapsed_seconds=0.509004,nthreads=207,avg_power_W=192.090909,max_power_W=193.000000,released_listeners=1,
start_task=,name=spmv,start_time=125031.809372,nthreads=207,
end_task=,name=spmv,start_time=1468546043.635992,elapsed_seconds=0.512697,nthreads=207,avg_power_W=192.200000,max_power_W=194.000000,released_listeners=1,
start_task=,name=spmv,start_time=125032.323439,nthreads=207,
end_task=,name=spmv,start_time=1468546044.150059,elapsed_seconds=0.508377,nthreads=207,avg_power_W=192.600000,max_power_W=193.000000,released_listeners=1,
start_task=,name=spmv,start_time=125032.833243,nthreads=207,
end_task=,name=spmv,start_time=1468546044.659863,elapsed_seconds=0.507084,nthreads=207,avg_power_W=192.600000,max_power_W=193.000000,released_listeners=1,
start_task=,name=spmv,start_time=125033.341722,nthreads=207,
end_task=,name=spmv,start_time=1468546045.168341,elapsed_seconds=0.509045,nthreads=207,avg_power_W=193.272727,max_power_W=195.000000,released_listeners=1,
start_task=,name=spmv,start_time=125033.859020,nthreads=207,
end_task=,name=spmv,start_time=1468546045.685639,elapsed_seconds=0.501814,nthreads=207,avg_power_W=191.600000,max_power_W=194.000000,released_listeners=1,
start_task=,name=spmv,start_time=125034.362197,nthreads=207,
end_task=,name=spmv,start_time=1468546046.188816,elapsed_seconds=0.508864,nthreads=207,avg_power_W=193.200000,max_power_W=194.000000,released_listeners=1,
start_task=,name=spmv,start_time=125034.872475,nthreads=207,
end_task=,name=spmv,start_time=1468546046.699094,elapsed_seconds=0.508529,nthreads=207,avg_power_W=193.500000,max_power_W=195.000000,released_listeners=1,
start_task=,name=spmv,start_time=125035.382413,nthreads=207,
end_task=,name=spmv,start_time=1468546047.209032,elapsed_seconds=0.509059,nthreads=207,avg_power_W=194.300000,max_power_W=196.000000,released_listeners=1,
start_task=,name=sum_contribs,start_time=125035.892898,nthreads=207,
end_task=,name=sum_contribs,start_time=1468546047.719517,elapsed_seconds=0.506989,nthreads=207,avg_power_W=156.363636,max_power_W=194.000000,released_listeners=1,
start_task=,name=myddot,start_time=125036.409619,nthreads=207,
end_task=,name=myddot,start_time=1468546048.236238,elapsed_seconds=0.510532,nthreads=207,avg_power_W=168.100000,max_power_W=173.000000,released_listeners=1,
start_task=,name=myddot,start_time=125036.921294,nthreads=207,
end_task=,name=myddot,start_time=1468546048.747913,elapsed_seconds=0.508755,nthreads=207,avg_power_W=174.400000,max_power_W=176.000000,released_listeners=1,
start_task=,name=myddot,start_time=125037.431303,nthreads=207,
end_task=,name=myddot,start_time=1468546049.257922,elapsed_seconds=0.508737,nthreads=207,avg_power_W=174.300000,max_power_W=176.000000,released_listeners=1,
start_task=,name=myddot,start_time=125037.941315,nthreads=207,
end_task=,name=myddot,start_time=1468546049.767934,elapsed_seconds=0.508740,nthreads=207,avg_power_W=174.181818,max_power_W=175.000000,released_listeners=1,
start_task=,name=myddot,start_time=125038.459029,nthreads=207,
end_task=,name=myddot,start_time=1468546050.285649,elapsed_seconds=0.501043,nthreads=207,avg_power_W=173.800000,max_power_W=175.000000,released_listeners=1,
start_task=,name=myddot,start_time=125038.961267,nthreads=207,
end_task=,name=myddot,start_time=1468546050.787886,elapsed_seconds=0.508800,nthreads=207,avg_power_W=173.500000,max_power_W=175.000000,released_listeners=1,
start_task=,name=myddot,start_time=125039.471360,nthreads=207,
end_task=,name=myddot,start_time=1468546051.297979,elapsed_seconds=0.508738,nthreads=207,avg_power_W=174.400000,max_power_W=175.000000,released_listeners=1,
start_task=,name=myddot,start_time=125039.981366,nthreads=207,
end_task=,name=myddot,start_time=1468546051.807985,elapsed_seconds=0.508685,nthreads=207,avg_power_W=173.900000,max_power_W=175.000000,released_listeners=1,
start_task=,name=myddot,start_time=125040.491325,nthreads=207,
end_task=,name=myddot,start_time=1468546052.317944,elapsed_seconds=0.508738,nthreads=207,avg_power_W=173.545455,max_power_W=174.000000,released_listeners=1,
start_task=,name=myddot,start_time=125041.008949,nthreads=207,
end_task=,name=myddot,start_time=1468546052.835568,elapsed_seconds=0.501131,nthreads=207,avg_power_W=174.200000,max_power_W=175.000000,released_listeners=1,
start_task=,name=myddot,start_time=125041.511274,nthreads=207,
end_task=,name=myddot,start_time=1468546053.337893,elapsed_seconds=0.508769,nthreads=207,avg_power_W=173.800000,max_power_W=175.000000,released_listeners=1,
start_task=,name=myddot,start_time=125042.021326,nthreads=207,
end_task=,name=myddot,start_time=1468546053.847945,elapsed_seconds=0.508740,nthreads=207,avg_power_W=174.000000,max_power_W=174.000000,released_listeners=1,
start_task=,name=myddot,start_time=125042.531312,nthreads=207,
end_task=,name=myddot,start_time=1468546054.357932,elapsed_seconds=0.508736,nthreads=207,avg_power_W=173.400000,max_power_W=174.000000,released_listeners=1,
start_task=,name=myddot,start_time=125043.041323,nthreads=207,
end_task=,name=myddot,start_time=1468546054.867942,elapsed_seconds=0.508727,nthreads=207,avg_power_W=173.909091,max_power_W=174.000000,released_listeners=1,
start_task=,name=myddot,start_time=125043.558959,nthreads=207,
end_task=,name=myddot,start_time=1468546055.385578,elapsed_seconds=0.501217,nthreads=207,avg_power_W=172.800000,max_power_W=174.000000,released_listeners=1,
start_task=,name=myddot,start_time=125044.061424,nthreads=207,
end_task=,name=myddot,start_time=1468546055.888043,elapsed_seconds=0.508619,nthreads=207,avg_power_W=173.800000,max_power_W=175.000000,released_listeners=1,
start_task=,name=sum_contribs,start_time=125044.571299,nthreads=207,
end_task=,name=sum_contribs,start_time=1468546056.397918,elapsed_seconds=0.508647,nthreads=207,avg_power_W=164.500000,max_power_W=174.000000,released_listeners=1,
start_task=,name=comp_alpha,start_time=125045.081324,nthreads=207,
end_task=,name=comp_alpha,start_time=1468546056.907943,elapsed_seconds=0.508367,nthreads=207,avg_power_W=124.000000,max_power_W=127.000000,released_listeners=32,
start_task=,name=mydaxpy,start_time=125045.591455,nthreads=207,
end_task=,name=mydaxpy,start_time=1468546057.418074,elapsed_seconds=0.508720,nthreads=207,avg_power_W=158.272727,max_power_W=166.000000,released_listeners=0,
start_task=,name=mydaxpy,start_time=125046.109014,nthreads=207,
end_task=,name=mydaxpy,start_time=1468546057.935633,elapsed_seconds=0.500948,nthreads=207,avg_power_W=164.800000,max_power_W=166.000000,released_listeners=1,
start_task=,name=mydaxpy,start_time=125046.611344,nthreads=207,
end_task=,name=mydaxpy,start_time=1468546058.437963,elapsed_seconds=0.508629,nthreads=207,avg_power_W=165.600000,max_power_W=166.000000,released_listeners=0,
start_task=,name=mydaxpy,start_time=125047.121142,nthreads=207,
end_task=,name=mydaxpy,start_time=1468546058.947761,elapsed_seconds=0.508822,nthreads=207,avg_power_W=165.300000,max_power_W=166.000000,released_listeners=1,
start_task=,name=mydaxpy,start_time=125047.631119,nthreads=207,
end_task=,name=mydaxpy,start_time=1468546059.457738,elapsed_seconds=0.508880,nthreads=207,avg_power_W=165.300000,max_power_W=166.000000,released_listeners=0,
start_task=,name=mydaxpy,start_time=125048.141246,nthreads=207,
end_task=,name=mydaxpy,start_time=1468546059.967865,elapsed_seconds=0.508731,nthreads=207,avg_power_W=165.818182,max_power_W=166.000000,released_listeners=1,
start_task=,name=mydaxpy,start_time=125048.659022,nthreads=207,
end_task=,name=mydaxpy,start_time=1468546060.485641,elapsed_seconds=0.500974,nthreads=207,avg_power_W=165.300000,max_power_W=166.000000,released_listeners=0,
start_task=,name=mydaxpy,start_time=125049.161334,nthreads=207,
end_task=,name=mydaxpy,start_time=1468546060.987953,elapsed_seconds=0.508614,nthreads=207,avg_power_W=165.400000,max_power_W=166.000000,released_listeners=1,
start_task=,name=mydaxpy,start_time=125049.671186,nthreads=207,
end_task=,name=mydaxpy,start_time=1468546061.497805,elapsed_seconds=0.508823,nthreads=207,avg_power_W=165.300000,max_power_W=166.000000,released_listeners=0,
start_task=,name=mydaxpy,start_time=125050.181216,nthreads=207,
end_task=,name=mydaxpy,start_time=1468546062.007840,elapsed_seconds=0.508781,nthreads=207,avg_power_W=165.400000,max_power_W=166.000000,released_listeners=1,
start_task=,name=mydaxpy,start_time=125050.691184,nthreads=207,
end_task=,name=mydaxpy,start_time=1468546062.517803,elapsed_seconds=0.508956,nthreads=207,avg_power_W=165.272727,max_power_W=166.000000,released_listeners=0,
start_task=,name=mydaxpy,start_time=125051.209347,nthreads=207,
end_task=,name=mydaxpy,start_time=1468546063.035966,elapsed_seconds=0.510598,nthreads=207,avg_power_W=165.600000,max_power_W=166.000000,released_listeners=1,
start_task=,name=mydaxpy,start_time=125051.721383,nthreads=207,
end_task=,name=mydaxpy,start_time=1468546063.548003,elapsed_seconds=0.508711,nthreads=207,avg_power_W=165.700000,max_power_W=166.000000,released_listeners=0,
start_task=,name=mydaxpy,start_time=125052.231380,nthreads=207,
end_task=,name=mydaxpy,start_time=1468546064.057999,elapsed_seconds=0.508633,nthreads=207,avg_power_W=165.200000,max_power_W=166.000000,released_listeners=1,
start_task=,name=mydaxpy,start_time=125052.741377,nthreads=207,
end_task=,name=mydaxpy,start_time=1468546064.567996,elapsed_seconds=0.508686,nthreads=207,avg_power_W=165.272727,max_power_W=166.000000,released_listeners=0,
start_task=,name=mydaxpy,start_time=125053.259165,nthreads=207,
end_task=,name=mydaxpy,start_time=1468546065.085784,elapsed_seconds=0.500867,nthreads=207,avg_power_W=165.500000,max_power_W=166.000000,released_listeners=1,
start_task=,name=mydaxpy,start_time=125053.761188,nthreads=207,
end_task=,name=mydaxpy,start_time=1468546065.587807,elapsed_seconds=0.508813,nthreads=207,avg_power_W=165.500000,max_power_W=166.000000,released_listeners=0,
start_task=,name=mydaxpy,start_time=125054.271398,nthreads=207,
end_task=,name=mydaxpy,start_time=1468546066.098017,elapsed_seconds=0.508640,nthreads=207,avg_power_W=165.300000,max_power_W=166.000000,released_listeners=1,
start_task=,name=mydaxpy,start_time=125054.781384,nthreads=207,
end_task=,name=mydaxpy,start_time=1468546066.608003,elapsed_seconds=0.508633,nthreads=207,avg_power_W=165.500000,max_power_W=166.000000,released_listeners=0,
start_task=,name=mydaxpy,start_time=125055.291355,nthreads=207,
end_task=,name=mydaxpy,start_time=1468546067.117974,elapsed_seconds=0.508697,nthreads=207,avg_power_W=165.545455,max_power_W=166.000000,released_listeners=1,
start_task=,name=mydaxpy,start_time=125055.809103,nthreads=207,
end_task=,name=mydaxpy,start_time=1468546067.635722,elapsed_seconds=0.500978,nthreads=207,avg_power_W=165.100000,max_power_W=166.000000,released_listeners=0,
start_task=,name=mydaxpy,start_time=125056.311412,nthreads=207,
end_task=,name=mydaxpy,start_time=1468546068.138031,elapsed_seconds=0.508639,nthreads=207,avg_power_W=164.600000,max_power_W=165.000000,released_listeners=1,
start_task=,name=mydaxpy,start_time=125056.821377,nthreads=207,
end_task=,name=mydaxpy,start_time=1468546068.647997,elapsed_seconds=0.508723,nthreads=207,avg_power_W=164.700000,max_power_W=166.000000,released_listeners=0,
start_task=,name=mydaxpy,start_time=125057.331377,nthreads=207,
end_task=,name=mydaxpy,start_time=1468546069.157996,elapsed_seconds=0.508652,nthreads=207,avg_power_W=164.100000,max_power_W=165.000000,released_listeners=1,
start_task=,name=mydaxpy,start_time=125057.841365,nthreads=207,
end_task=,name=mydaxpy,start_time=1468546069.667985,elapsed_seconds=0.508677,nthreads=207,avg_power_W=164.727273,max_power_W=166.000000,released_listeners=0,
start_task=,name=mydaxpy,start_time=125058.359491,nthreads=207,
end_task=,name=mydaxpy,start_time=1468546070.186111,elapsed_seconds=0.510532,nthreads=207,avg_power_W=164.900000,max_power_W=166.000000,released_listeners=1,
start_task=,name=mydaxpy,start_time=125058.871502,nthreads=207,
end_task=,name=mydaxpy,start_time=1468546070.698121,elapsed_seconds=0.508677,nthreads=207,avg_power_W=165.100000,max_power_W=166.000000,released_listeners=0,
start_task=,name=mydaxpy,start_time=125059.381544,nthreads=207,
end_task=,name=mydaxpy,start_time=1468546071.208163,elapsed_seconds=0.508529,nthreads=207,avg_power_W=165.200000,max_power_W=166.000000,released_listeners=1,
start_task=,name=mydaxpy,start_time=125059.891394,nthreads=207,
end_task=,name=mydaxpy,start_time=1468546071.718014,elapsed_seconds=0.508641,nthreads=207,avg_power_W=164.272727,max_power_W=165.000000,released_listeners=0,
start_task=,name=mydaxpy,start_time=125060.409309,nthreads=207,
end_task=,name=mydaxpy,start_time=1468546072.235929,elapsed_seconds=0.510754,nthreads=207,avg_power_W=165.100000,max_power_W=166.000000,released_listeners=1,
start_task=,name=mydaxpy,start_time=125060.921392,nthreads=207,
end_task=,name=mydaxpy,start_time=1468546072.748022,elapsed_seconds=0.508628,nthreads=207,avg_power_W=164.900000,max_power_W=166.000000,released_listeners=0,
start_task=,name=mydaxpy,start_time=125061.431346,nthreads=207,
end_task=,name=mydaxpy,start_time=1468546073.257965,elapsed_seconds=0.508725,nthreads=207,avg_power_W=165.000000,max_power_W=166.000000,released_listeners=1,
start_task=,name=myddot,start_time=125061.941391,nthreads=207,
end_task=,name=myddot,start_time=1468546073.768010,elapsed_seconds=0.508673,nthreads=207,avg_power_W=167.818182,max_power_W=169.000000,released_listeners=1,
start_task=,name=myddot,start_time=125062.459313,nthreads=207,
end_task=,name=myddot,start_time=1468546074.285932,elapsed_seconds=0.510734,nthreads=207,avg_power_W=168.900000,max_power_W=170.000000,released_listeners=1,
start_task=,name=myddot,start_time=125062.971373,nthreads=207,
end_task=,name=myddot,start_time=1468546074.797992,elapsed_seconds=0.508714,nthreads=207,avg_power_W=169.100000,max_power_W=170.000000,released_listeners=1,
start_task=,name=myddot,start_time=125063.481256,nthreads=207,
end_task=,name=myddot,start_time=1468546075.307875,elapsed_seconds=0.508767,nthreads=207,avg_power_W=169.200000,max_power_W=170.000000,released_listeners=1,
start_task=,name=myddot,start_time=125063.991295,nthreads=207,
end_task=,name=myddot,start_time=1468546075.817917,elapsed_seconds=0.508727,nthreads=207,avg_power_W=169.000000,max_power_W=170.000000,released_listeners=1,
start_task=,name=myddot,start_time=125064.509275,nthreads=207,
end_task=,name=myddot,start_time=1468546076.335894,elapsed_seconds=0.500819,nthreads=207,avg_power_W=169.100000,max_power_W=170.000000,released_listeners=1,
start_task=,name=myddot,start_time=125065.011389,nthreads=207,
end_task=,name=myddot,start_time=1468546076.838008,elapsed_seconds=0.508647,nthreads=207,avg_power_W=169.100000,max_power_W=170.000000,released_listeners=1,
start_task=,name=myddot,start_time=125065.521374,nthreads=207,
end_task=,name=myddot,start_time=1468546077.347993,elapsed_seconds=0.508679,nthreads=207,avg_power_W=169.200000,max_power_W=170.000000,released_listeners=1,
start_task=,name=myddot,start_time=125066.031397,nthreads=207,
end_task=,name=myddot,start_time=1468546077.858016,elapsed_seconds=0.508638,nthreads=207,avg_power_W=169.300000,max_power_W=170.000000,released_listeners=1,
start_task=,name=myddot,start_time=125066.541187,nthreads=207,
end_task=,name=myddot,start_time=1468546078.367806,elapsed_seconds=0.508882,nthreads=207,avg_power_W=169.363636,max_power_W=170.000000,released_listeners=1,
start_task=,name=myddot,start_time=125067.059342,nthreads=207,
end_task=,name=myddot,start_time=1468546078.885961,elapsed_seconds=0.510736,nthreads=207,avg_power_W=169.500000,max_power_W=170.000000,released_listeners=1,
start_task=,name=myddot,start_time=125067.571385,nthreads=207,
end_task=,name=myddot,start_time=1468546079.398004,elapsed_seconds=0.508649,nthreads=207,avg_power_W=169.100000,max_power_W=170.000000,released_listeners=1,
start_task=,name=myddot,start_time=125068.081270,nthreads=207,
end_task=,name=myddot,start_time=1468546079.907888,elapsed_seconds=0.508796,nthreads=207,avg_power_W=169.400000,max_power_W=170.000000,released_listeners=1,
start_task=,name=myddot,start_time=125068.591369,nthreads=207,
end_task=,name=myddot,start_time=1468546080.417988,elapsed_seconds=0.508748,nthreads=207,avg_power_W=170.000000,max_power_W=171.000000,released_listeners=1,
start_task=,name=myddot,start_time=125069.109302,nthreads=207,
end_task=,name=myddot,start_time=1468546080.935920,elapsed_seconds=0.500794,nthreads=207,avg_power_W=169.700000,max_power_W=171.000000,released_listeners=1,
start_task=,name=myddot,start_time=125069.611203,nthreads=207,
end_task=,name=myddot,start_time=1468546081.437822,elapsed_seconds=0.508879,nthreads=207,avg_power_W=169.900000,max_power_W=170.000000,released_listeners=1,
start_task=,name=sum_contribs,start_time=125070.121406,nthreads=207,
end_task=,name=sum_contribs,start_time=1468546081.948025,elapsed_seconds=0.508632,nthreads=207,avg_power_W=154.100000,max_power_W=169.000000,released_listeners=2,
start_task=,name=comp_beta,start_time=125070.631192,nthreads=207,
end_task=,name=comp_beta,start_time=1468546082.457811,elapsed_seconds=0.508978,nthreads=207,avg_power_W=123.300000,max_power_W=126.000000,released_listeners=16,
start_task=,name=assign,start_time=125071.142252,nthreads=207,
end_task=,name=assign,start_time=1468546082.968871,elapsed_seconds=0.507942,nthreads=207,avg_power_W=122.181818,max_power_W=124.000000,released_listeners=0,
start_task=,name=mydaxpy,start_time=125071.659683,nthreads=207,
end_task=,name=mydaxpy,start_time=1468546083.486302,elapsed_seconds=0.510065,nthreads=207,avg_power_W=159.200000,max_power_W=165.000000,released_listeners=0,
start_task=,name=mydaxpy,start_time=125072.171380,nthreads=207,
end_task=,name=mydaxpy,start_time=1468546083.997999,elapsed_seconds=0.508665,nthreads=207,avg_power_W=161.700000,max_power_W=164.000000,released_listeners=0,
start_task=,name=mydaxpy,start_time=125072.681174,nthreads=207,
end_task=,name=mydaxpy,start_time=1468546084.507793,elapsed_seconds=0.508885,nthreads=207,avg_power_W=162.900000,max_power_W=164.000000,released_listeners=0,
start_task=,name=mydaxpy,start_time=125073.191446,nthreads=207,
end_task=,name=mydaxpy,start_time=1468546085.018065,elapsed_seconds=0.508640,nthreads=207,avg_power_W=163.818182,max_power_W=165.000000,released_listeners=0,
start_task=,name=mydaxpy,start_time=125073.708765,nthreads=207,
end_task=,name=mydaxpy,start_time=1468546085.535384,elapsed_seconds=0.501307,nthreads=207,avg_power_W=163.800000,max_power_W=165.000000,released_listeners=0,
start_task=,name=mydaxpy,start_time=125074.211416,nthreads=207,
end_task=,name=mydaxpy,start_time=1468546086.038035,elapsed_seconds=0.508636,nthreads=207,avg_power_W=163.600000,max_power_W=165.000000,released_listeners=0,
start_task=,name=mydaxpy,start_time=125074.721492,nthreads=207,
end_task=,name=mydaxpy,start_time=1468546086.548110,elapsed_seconds=0.508595,nthreads=207,avg_power_W=163.800000,max_power_W=165.000000,released_listeners=0,
start_task=,name=mydaxpy,start_time=125075.231378,nthreads=207,
end_task=,name=mydaxpy,start_time=1468546087.057997,elapsed_seconds=0.508735,nthreads=207,avg_power_W=163.500000,max_power_W=164.000000,released_listeners=0,
start_task=,name=mydaxpy,start_time=125075.741397,nthreads=207,
end_task=,name=mydaxpy,start_time=1468546087.568016,elapsed_seconds=0.508618,nthreads=207,avg_power_W=163.727273,max_power_W=165.000000,released_listeners=0,
start_task=,name=mydaxpy,start_time=125076.259091,nthreads=207,
end_task=,name=mydaxpy,start_time=1468546088.085710,elapsed_seconds=0.500989,nthreads=207,avg_power_W=163.700000,max_power_W=165.000000,released_listeners=0,
start_task=,name=mydaxpy,start_time=125076.761385,nthreads=207,
end_task=,name=mydaxpy,start_time=1468546088.588004,elapsed_seconds=0.508615,nthreads=207,avg_power_W=163.500000,max_power_W=164.000000,released_listeners=0,
start_task=,name=mydaxpy,start_time=125077.271425,nthreads=207,
end_task=,name=mydaxpy,start_time=1468546089.098045,elapsed_seconds=0.508611,nthreads=207,avg_power_W=163.900000,max_power_W=165.000000,released_listeners=0,
start_task=,name=mydaxpy,start_time=125077.781379,nthreads=207,
end_task=,name=mydaxpy,start_time=1468546089.607998,elapsed_seconds=0.508663,nthreads=207,avg_power_W=163.800000,max_power_W=165.000000,released_listeners=0,
start_task=,name=mydaxpy,start_time=125078.291391,nthreads=207,
end_task=,name=mydaxpy,start_time=1468546090.118010,elapsed_seconds=0.508661,nthreads=207,avg_power_W=163.909091,max_power_W=165.000000,released_listeners=0,
start_task=,name=mydaxpy,start_time=125078.809186,nthreads=207,
end_task=,name=mydaxpy,start_time=1468546090.635805,elapsed_seconds=0.500907,nthreads=207,avg_power_W=163.500000,max_power_W=164.000000,released_listeners=0,
start_task=,name=mydaxpy,start_time=125079.311553,nthreads=207,
end_task=,name=mydaxpy,start_time=1468546091.138172,elapsed_seconds=0.508627,nthreads=207,avg_power_W=163.800000,max_power_W=165.000000,released_listeners=0,
