message=profiling all tasks,max_threads=44,
start_task=,name=start,start_time=109927.840022,nthreads=44,
end_task=,name=start,start_time=1468530939.666677,elapsed_seconds=0.501751,nthreads=44,avg_power_W=149.400000,max_power_W=165.000000,released_listeners=16,
start_task=,name=spmv,start_time=109928.354187,nthreads=44,
end_task=,name=spmv,start_time=1468530940.180808,elapsed_seconds=0.510146,nthreads=44,avg_power_W=151.800000,max_power_W=157.000000,released_listeners=1,
start_task=,name=spmv,start_time=109928.865731,nthreads=44,
end_task=,name=spmv,start_time=1468530940.692350,elapsed_seconds=0.508203,nthreads=44,avg_power_W=150.300000,max_power_W=156.000000,released_listeners=1,
start_task=,name=spmv,start_time=109929.375313,nthreads=44,
end_task=,name=spmv,start_time=1468530941.201932,elapsed_seconds=0.509861,nthreads=44,avg_power_W=157.300000,max_power_W=158.000000,released_listeners=1,
start_task=,name=spmv,start_time=109929.886563,nthreads=44,
end_task=,name=spmv,start_time=1468530941.713182,elapsed_seconds=0.508045,nthreads=44,avg_power_W=157.272727,max_power_W=160.000000,released_listeners=1,
start_task=,name=spmv,start_time=109930.404443,nthreads=44,
end_task=,name=spmv,start_time=1468530942.231062,elapsed_seconds=0.507384,nthreads=44,avg_power_W=158.000000,max_power_W=159.000000,released_listeners=1,
start_task=,name=spmv,start_time=109930.913262,nthreads=44,
end_task=,name=spmv,start_time=1468530942.739881,elapsed_seconds=0.511055,nthreads=44,avg_power_W=158.200000,max_power_W=160.000000,released_listeners=1,
start_task=,name=spmv,start_time=109931.426052,nthreads=44,
end_task=,name=spmv,start_time=1468530943.252671,elapsed_seconds=0.510372,nthreads=44,avg_power_W=159.200000,max_power_W=160.000000,released_listeners=1,
start_task=,name=spmv,start_time=109931.938442,nthreads=44,
end_task=,name=spmv,start_time=1468530943.765061,elapsed_seconds=0.508537,nthreads=44,avg_power_W=159.000000,max_power_W=160.000000,released_listeners=1,
start_task=,name=spmv,start_time=109932.454238,nthreads=44,
end_task=,name=spmv,start_time=1468530944.280857,elapsed_seconds=0.510098,nthreads=44,avg_power_W=158.700000,max_power_W=160.000000,released_listeners=1,
start_task=,name=spmv,start_time=109932.966312,nthreads=44,
end_task=,name=spmv,start_time=1468530944.792931,elapsed_seconds=0.508106,nthreads=44,avg_power_W=158.400000,max_power_W=161.000000,released_listeners=1,
start_task=,name=spmv,start_time=109933.476437,nthreads=44,
end_task=,name=spmv,start_time=1468530945.303056,elapsed_seconds=0.509343,nthreads=44,avg_power_W=158.400000,max_power_W=160.000000,released_listeners=1,
start_task=,name=spmv,start_time=109933.987695,nthreads=44,
end_task=,name=spmv,start_time=1468530945.814314,elapsed_seconds=0.508125,nthreads=44,avg_power_W=159.454545,max_power_W=160.000000,released_listeners=1,
start_task=,name=spmv,start_time=109934.504217,nthreads=44,
end_task=,name=spmv,start_time=1468530946.330836,elapsed_seconds=0.509801,nthreads=44,avg_power_W=158.600000,max_power_W=160.000000,released_listeners=1,
start_task=,name=spmv,start_time=109935.015442,nthreads=44,
end_task=,name=spmv,start_time=1468530946.842061,elapsed_seconds=0.510181,nthreads=44,avg_power_W=159.700000,max_power_W=160.000000,released_listeners=1,
start_task=,name=spmv,start_time=109935.527047,nthreads=44,
end_task=,name=spmv,start_time=1468530947.353666,elapsed_seconds=0.509398,nthreads=44,avg_power_W=159.100000,max_power_W=161.000000,released_listeners=1,
start_task=,name=spmv,start_time=109936.037842,nthreads=44,
end_task=,name=spmv,start_time=1468530947.864461,elapsed_seconds=0.507668,nthreads=44,avg_power_W=160.000000,max_power_W=161.000000,released_listeners=1,
start_task=,name=subtract,start_time=109936.554440,nthreads=44,
end_task=,name=subtract,start_time=1468530948.381059,elapsed_seconds=0.507351,nthreads=44,avg_power_W=151.300000,max_power_W=160.000000,released_listeners=2,
start_task=,name=subtract,start_time=109937.062769,nthreads=44,
end_task=,name=subtract,start_time=1468530948.889388,elapsed_seconds=0.509107,nthreads=44,avg_power_W=151.100000,max_power_W=152.000000,released_listeners=2,
start_task=,name=subtract,start_time=109937.572646,nthreads=44,
end_task=,name=subtract,start_time=1468530949.399265,elapsed_seconds=0.509184,nthreads=44,avg_power_W=151.000000,max_power_W=151.000000,released_listeners=2,
start_task=,name=subtract,start_time=109938.082628,nthreads=44,
end_task=,name=subtract,start_time=1468530949.909247,elapsed_seconds=0.519224,nthreads=44,avg_power_W=150.454545,max_power_W=151.000000,released_listeners=2,
start_task=,name=subtract,start_time=109938.604698,nthreads=44,
end_task=,name=subtract,start_time=1468530950.431486,elapsed_seconds=0.506983,nthreads=44,avg_power_W=151.000000,max_power_W=151.000000,released_listeners=2,
start_task=,name=subtract,start_time=109939.112671,nthreads=44,
end_task=,name=subtract,start_time=1468530950.939290,elapsed_seconds=0.509211,nthreads=44,avg_power_W=151.000000,max_power_W=152.000000,released_listeners=2,
start_task=,name=subtract,start_time=109939.622691,nthreads=44,
end_task=,name=subtract,start_time=1468530951.449310,elapsed_seconds=0.518750,nthreads=44,avg_power_W=150.454545,max_power_W=151.000000,released_listeners=2,
start_task=,name=subtract,start_time=109940.155011,nthreads=44,
end_task=,name=subtract,start_time=1468530951.981630,elapsed_seconds=0.506441,nthreads=44,avg_power_W=150.900000,max_power_W=152.000000,released_listeners=2,
start_task=,name=subtract,start_time=109940.662719,nthreads=44,
end_task=,name=subtract,start_time=1468530952.489338,elapsed_seconds=0.518669,nthreads=44,avg_power_W=151.500000,max_power_W=152.000000,released_listeners=2,
start_task=,name=subtract,start_time=109941.182652,nthreads=44,
end_task=,name=subtract,start_time=1468530953.009271,elapsed_seconds=0.508752,nthreads=44,avg_power_W=151.181818,max_power_W=152.000000,released_listeners=2,
start_task=,name=subtract,start_time=109941.705057,nthreads=44,
end_task=,name=subtract,start_time=1468530953.531676,elapsed_seconds=0.506631,nthreads=44,avg_power_W=150.900000,max_power_W=152.000000,released_listeners=2,
start_task=,name=subtract,start_time=109942.212739,nthreads=44,
end_task=,name=subtract,start_time=1468530954.039358,elapsed_seconds=0.518682,nthreads=44,avg_power_W=151.400000,max_power_W=152.000000,released_listeners=2,
start_task=,name=subtract,start_time=109942.732694,nthreads=44,
end_task=,name=subtract,start_time=1468530954.559313,elapsed_seconds=0.508747,nthreads=44,avg_power_W=150.818182,max_power_W=153.000000,released_listeners=2,
start_task=,name=subtract,start_time=109943.254585,nthreads=44,
end_task=,name=subtract,start_time=1468530955.081203,elapsed_seconds=0.506584,nthreads=44,avg_power_W=151.100000,max_power_W=153.000000,released_listeners=2,
start_task=,name=subtract,start_time=109943.763047,nthreads=44,
end_task=,name=subtract,start_time=1468530955.589666,elapsed_seconds=0.508189,nthreads=44,avg_power_W=151.900000,max_power_W=153.000000,released_listeners=2,
start_task=,name=subtract,start_time=109944.272706,nthreads=44,
end_task=,name=subtract,start_time=1468530956.099325,elapsed_seconds=0.508955,nthreads=44,avg_power_W=152.900000,max_power_W=154.000000,released_listeners=2,
start_task=,name=copy,start_time=109944.783226,nthreads=44,
end_task=,name=copy,start_time=1468530956.609845,elapsed_seconds=0.508263,nthreads=44,avg_power_W=152.818182,max_power_W=154.000000,released_listeners=1,
start_task=,name=myddot,start_time=109945.305348,nthreads=44,
end_task=,name=myddot,start_time=1468530957.131967,elapsed_seconds=0.505986,nthreads=44,avg_power_W=152.200000,max_power_W=154.000000,released_listeners=1,
start_task=,name=copy,start_time=109945.813532,nthreads=44,
end_task=,name=copy,start_time=1468530957.640151,elapsed_seconds=0.507667,nthreads=44,avg_power_W=152.700000,max_power_W=154.000000,released_listeners=1,
start_task=,name=myddot,start_time=109946.323063,nthreads=44,
end_task=,name=myddot,start_time=1468530958.149682,elapsed_seconds=0.508420,nthreads=44,avg_power_W=152.100000,max_power_W=153.000000,released_listeners=1,
start_task=,name=copy,start_time=109946.833047,nthreads=44,
end_task=,name=copy,start_time=1468530958.659666,elapsed_seconds=0.508138,nthreads=44,avg_power_W=152.636364,max_power_W=154.000000,released_listeners=1,
start_task=,name=myddot,start_time=109947.355174,nthreads=44,
end_task=,name=myddot,start_time=1468530959.181794,elapsed_seconds=0.506036,nthreads=44,avg_power_W=151.600000,max_power_W=153.000000,released_listeners=1,
start_task=,name=copy,start_time=109947.863068,nthreads=44,
end_task=,name=copy,start_time=1468530959.689687,elapsed_seconds=0.508132,nthreads=44,avg_power_W=152.300000,max_power_W=153.000000,released_listeners=1,
start_task=,name=myddot,start_time=109948.372718,nthreads=44,
end_task=,name=myddot,start_time=1468530960.199337,elapsed_seconds=0.508419,nthreads=44,avg_power_W=151.800000,max_power_W=154.000000,released_listeners=1,
start_task=,name=copy,start_time=109948.883187,nthreads=44,
end_task=,name=copy,start_time=1468530960.710002,elapsed_seconds=0.507811,nthreads=44,avg_power_W=152.272727,max_power_W=153.000000,released_listeners=1,
start_task=,name=myddot,start_time=109949.405471,nthreads=44,
end_task=,name=myddot,start_time=1468530961.232090,elapsed_seconds=0.505713,nthreads=44,avg_power_W=152.200000,max_power_W=154.000000,released_listeners=1,
start_task=,name=copy,start_time=109949.913041,nthreads=44,
end_task=,name=copy,start_time=1468530961.739660,elapsed_seconds=0.508265,nthreads=44,avg_power_W=152.200000,max_power_W=154.000000,released_listeners=1,
start_task=,name=myddot,start_time=109950.423212,nthreads=44,
end_task=,name=myddot,start_time=1468530962.249830,elapsed_seconds=0.508103,nthreads=44,avg_power_W=152.200000,max_power_W=153.000000,released_listeners=1,
start_task=,name=copy,start_time=109950.933048,nthreads=44,
end_task=,name=copy,start_time=1468530962.759666,elapsed_seconds=0.508204,nthreads=44,avg_power_W=152.363636,max_power_W=154.000000,released_listeners=1,
start_task=,name=myddot,start_time=109951.455396,nthreads=44,
end_task=,name=myddot,start_time=1468530963.282015,elapsed_seconds=0.505821,nthreads=44,avg_power_W=152.000000,max_power_W=153.000000,released_listeners=1,
start_task=,name=copy,start_time=109951.963166,nthreads=44,
end_task=,name=copy,start_time=1468530963.789785,elapsed_seconds=0.508190,nthreads=44,avg_power_W=152.200000,max_power_W=154.000000,released_listeners=1,
start_task=,name=myddot,start_time=109952.473194,nthreads=44,
end_task=,name=myddot,start_time=1468530964.299813,elapsed_seconds=0.507953,nthreads=44,avg_power_W=151.900000,max_power_W=153.000000,released_listeners=1,
start_task=,name=copy,start_time=109952.983162,nthreads=44,
end_task=,name=copy,start_time=1468530964.809782,elapsed_seconds=0.508135,nthreads=44,avg_power_W=152.181818,max_power_W=153.000000,released_listeners=1,
start_task=,name=myddot,start_time=109953.505449,nthreads=44,
end_task=,name=myddot,start_time=1468530965.332068,elapsed_seconds=0.505852,nthreads=44,avg_power_W=151.200000,max_power_W=153.000000,released_listeners=1,
start_task=,name=copy,start_time=109954.012826,nthreads=44,
end_task=,name=copy,start_time=1468530965.839645,elapsed_seconds=0.508510,nthreads=44,avg_power_W=152.300000,max_power_W=154.000000,released_listeners=1,
start_task=,name=myddot,start_time=109954.522810,nthreads=44,
end_task=,name=myddot,start_time=1468530966.349428,elapsed_seconds=0.508558,nthreads=44,avg_power_W=151.500000,max_power_W=153.000000,released_listeners=1,
start_task=,name=copy,start_time=109955.032788,nthreads=44,
end_task=,name=copy,start_time=1468530966.859407,elapsed_seconds=0.508598,nthreads=44,avg_power_W=151.545455,max_power_W=153.000000,released_listeners=1,
start_task=,name=myddot,start_time=109955.555342,nthreads=44,
end_task=,name=myddot,start_time=1468530967.381961,elapsed_seconds=0.505950,nthreads=44,avg_power_W=151.500000,max_power_W=153.000000,released_listeners=1,
start_task=,name=copy,start_time=109956.062811,nthreads=44,
end_task=,name=copy,start_time=1468530967.889430,elapsed_seconds=0.508534,nthreads=44,avg_power_W=151.800000,max_power_W=154.000000,released_listeners=1,
start_task=,name=myddot,start_time=109956.572841,nthreads=44,
end_task=,name=myddot,start_time=1468530968.399460,elapsed_seconds=0.508751,nthreads=44,avg_power_W=151.400000,max_power_W=153.000000,released_listeners=1,
start_task=,name=copy,start_time=109957.083694,nthreads=44,
end_task=,name=copy,start_time=1468530968.910314,elapsed_seconds=0.507891,nthreads=44,avg_power_W=151.090909,max_power_W=152.000000,released_listeners=1,
start_task=,name=myddot,start_time=109957.605682,nthreads=44,
end_task=,name=myddot,start_time=1468530969.432301,elapsed_seconds=0.505616,nthreads=44,avg_power_W=151.000000,max_power_W=151.000000,released_listeners=1,
start_task=,name=copy,start_time=109958.113474,nthreads=44,
end_task=,name=copy,start_time=1468530969.940093,elapsed_seconds=0.508026,nthreads=44,avg_power_W=151.800000,max_power_W=154.000000,released_listeners=1,
start_task=,name=myddot,start_time=109958.623760,nthreads=44,
end_task=,name=myddot,start_time=1468530970.450379,elapsed_seconds=0.507631,nthreads=44,avg_power_W=151.000000,max_power_W=151.000000,released_listeners=1,
start_task=,name=copy,start_time=109959.133078,nthreads=44,
end_task=,name=copy,start_time=1468530970.959884,elapsed_seconds=0.507951,nthreads=44,avg_power_W=152.454545,max_power_W=154.000000,released_listeners=1,
start_task=,name=myddot,start_time=109959.655256,nthreads=44,
end_task=,name=myddot,start_time=1468530971.481875,elapsed_seconds=0.506353,nthreads=44,avg_power_W=151.700000,max_power_W=153.000000,released_listeners=1,
start_task=,name=copy,start_time=109960.163830,nthreads=44,
end_task=,name=copy,start_time=1468530971.990448,elapsed_seconds=0.507934,nthreads=44,avg_power_W=152.800000,max_power_W=154.000000,released_listeners=1,
start_task=,name=myddot,start_time=109960.673794,nthreads=44,
end_task=,name=myddot,start_time=1468530972.500414,elapsed_seconds=0.507942,nthreads=44,avg_power_W=151.500000,max_power_W=153.000000,released_listeners=1,
start_task=,name=spmv,start_time=109961.182690,nthreads=44,
end_task=,name=spmv,start_time=1468530973.009309,elapsed_seconds=0.514492,nthreads=44,avg_power_W=157.909091,max_power_W=161.000000,released_listeners=1,
start_task=,name=spmv,start_time=109961.705464,nthreads=44,
end_task=,name=spmv,start_time=1468530973.532084,elapsed_seconds=0.506702,nthreads=44,avg_power_W=160.400000,max_power_W=161.000000,released_listeners=1,
start_task=,name=spmv,start_time=109962.213765,nthreads=44,
end_task=,name=spmv,start_time=1468530974.040384,elapsed_seconds=0.507827,nthreads=44,avg_power_W=160.800000,max_power_W=161.000000,released_listeners=1,
start_task=,name=spmv,start_time=109962.722873,nthreads=44,
end_task=,name=spmv,start_time=1468530974.549493,elapsed_seconds=0.509751,nthreads=44,avg_power_W=161.000000,max_power_W=162.000000,released_listeners=1,
start_task=,name=spmv,start_time=109963.234058,nthreads=44,
end_task=,name=spmv,start_time=1468530975.060677,elapsed_seconds=0.508146,nthreads=44,avg_power_W=160.727273,max_power_W=161.000000,released_listeners=1,
start_task=,name=spmv,start_time=109963.755453,nthreads=44,
end_task=,name=spmv,start_time=1468530975.582072,elapsed_seconds=0.509699,nthreads=44,avg_power_W=160.500000,max_power_W=161.000000,released_listeners=1,
start_task=,name=spmv,start_time=109964.267838,nthreads=44,
end_task=,name=spmv,start_time=1468530976.094486,elapsed_seconds=0.505481,nthreads=44,avg_power_W=161.100000,max_power_W=162.000000,released_listeners=1,
start_task=,name=spmv,start_time=109964.775904,nthreads=44,
end_task=,name=spmv,start_time=1468530976.602524,elapsed_seconds=0.510677,nthreads=44,avg_power_W=160.800000,max_power_W=161.000000,released_listeners=1,
start_task=,name=spmv,start_time=109965.287816,nthreads=44,
end_task=,name=spmv,start_time=1468530977.114436,elapsed_seconds=0.508719,nthreads=44,avg_power_W=161.000000,max_power_W=162.000000,released_listeners=1,
start_task=,name=spmv,start_time=109965.805652,nthreads=44,
end_task=,name=spmv,start_time=1468530977.632272,elapsed_seconds=0.510003,nthreads=44,avg_power_W=160.700000,max_power_W=161.000000,released_listeners=1,
start_task=,name=spmv,start_time=109966.317127,nthreads=44,
end_task=,name=spmv,start_time=1468530978.143746,elapsed_seconds=0.506614,nthreads=44,avg_power_W=161.000000,max_power_W=161.000000,released_listeners=1,
start_task=,name=spmv,start_time=109966.825716,nthreads=44,
end_task=,name=spmv,start_time=1468530978.652336,elapsed_seconds=0.509256,nthreads=44,avg_power_W=161.000000,max_power_W=161.000000,released_listeners=1,
start_task=,name=spmv,start_time=109967.336935,nthreads=44,
end_task=,name=spmv,start_time=1468530979.163554,elapsed_seconds=0.509494,nthreads=44,avg_power_W=161.000000,max_power_W=161.000000,released_listeners=1,
start_task=,name=spmv,start_time=109967.856007,nthreads=44,
end_task=,name=spmv,start_time=1468530979.682625,elapsed_seconds=0.508608,nthreads=44,avg_power_W=161.000000,max_power_W=162.000000,released_listeners=1,
start_task=,name=spmv,start_time=109968.366485,nthreads=44,
end_task=,name=spmv,start_time=1468530980.193104,elapsed_seconds=0.506461,nthreads=44,avg_power_W=161.000000,max_power_W=161.000000,released_listeners=1,
start_task=,name=spmv,start_time=109968.874244,nthreads=44,
end_task=,name=spmv,start_time=1468530980.700863,elapsed_seconds=0.508331,nthreads=44,avg_power_W=161.100000,max_power_W=162.000000,released_listeners=1,
start_task=,name=sum_contribs,start_time=109969.384399,nthreads=44,
end_task=,name=sum_contribs,start_time=1468530981.211029,elapsed_seconds=0.506871,nthreads=44,avg_power_W=150.272727,max_power_W=161.000000,released_listeners=1,
start_task=,name=myddot,start_time=109969.905225,nthreads=44,
end_task=,name=myddot,start_time=1468530981.731843,elapsed_seconds=0.506066,nthreads=44,avg_power_W=147.700000,max_power_W=153.000000,released_listeners=1,
start_task=,name=myddot,start_time=109970.412731,nthreads=44,
end_task=,name=myddot,start_time=1468530982.239350,elapsed_seconds=0.508888,nthreads=44,avg_power_W=153.900000,max_power_W=154.000000,released_listeners=1,
start_task=,name=myddot,start_time=109970.922702,nthreads=44,
end_task=,name=myddot,start_time=1468530982.749321,elapsed_seconds=0.508621,nthreads=44,avg_power_W=153.600000,max_power_W=155.000000,released_listeners=1,
start_task=,name=myddot,start_time=109971.433068,nthreads=44,
end_task=,name=myddot,start_time=1468530983.259687,elapsed_seconds=0.508437,nthreads=44,avg_power_W=153.636364,max_power_W=154.000000,released_listeners=1,
start_task=,name=myddot,start_time=109971.955729,nthreads=44,
end_task=,name=myddot,start_time=1468530983.782347,elapsed_seconds=0.505499,nthreads=44,avg_power_W=153.000000,max_power_W=154.000000,released_listeners=1,
start_task=,name=myddot,start_time=109972.462953,nthreads=44,
end_task=,name=myddot,start_time=1468530984.289572,elapsed_seconds=0.508386,nthreads=44,avg_power_W=153.700000,max_power_W=155.000000,released_listeners=1,
start_task=,name=myddot,start_time=109972.973012,nthreads=44,
end_task=,name=myddot,start_time=1468530984.799631,elapsed_seconds=0.508192,nthreads=44,avg_power_W=153.500000,max_power_W=154.000000,released_listeners=1,
start_task=,name=myddot,start_time=109973.483050,nthreads=44,
end_task=,name=myddot,start_time=1468530985.309669,elapsed_seconds=0.508258,nthreads=44,avg_power_W=153.545455,max_power_W=155.000000,released_listeners=1,
start_task=,name=myddot,start_time=109974.005824,nthreads=44,
end_task=,name=myddot,start_time=1468530985.832443,elapsed_seconds=0.505479,nthreads=44,avg_power_W=153.100000,max_power_W=155.000000,released_listeners=1,
start_task=,name=myddot,start_time=109974.513004,nthreads=44,
end_task=,name=myddot,start_time=1468530986.339831,elapsed_seconds=0.508082,nthreads=44,avg_power_W=153.700000,max_power_W=155.000000,released_listeners=1,
start_task=,name=myddot,start_time=109975.022714,nthreads=44,
end_task=,name=myddot,start_time=1468530986.849333,elapsed_seconds=0.508583,nthreads=44,avg_power_W=153.700000,max_power_W=155.000000,released_listeners=1,
start_task=,name=myddot,start_time=109975.533031,nthreads=44,
end_task=,name=myddot,start_time=1468530987.359650,elapsed_seconds=0.508190,nthreads=44,avg_power_W=154.181818,max_power_W=156.000000,released_listeners=1,
start_task=,name=myddot,start_time=109976.055630,nthreads=44,
end_task=,name=myddot,start_time=1468530987.882255,elapsed_seconds=0.505584,nthreads=44,avg_power_W=153.300000,max_power_W=155.000000,released_listeners=1,
start_task=,name=myddot,start_time=109976.563069,nthreads=44,
end_task=,name=myddot,start_time=1468530988.389688,elapsed_seconds=0.508104,nthreads=44,avg_power_W=153.600000,max_power_W=154.000000,released_listeners=1,
start_task=,name=myddot,start_time=109977.073096,nthreads=44,
end_task=,name=myddot,start_time=1468530988.899715,elapsed_seconds=0.508114,nthreads=44,avg_power_W=153.500000,max_power_W=155.000000,released_listeners=1,
start_task=,name=myddot,start_time=109977.583062,nthreads=44,
end_task=,name=myddot,start_time=1468530989.409681,elapsed_seconds=0.508312,nthreads=44,avg_power_W=153.636364,max_power_W=155.000000,released_listeners=1,
start_task=,name=sum_contribs,start_time=109978.105553,nthreads=44,
end_task=,name=sum_contribs,start_time=1468530989.932172,elapsed_seconds=0.505667,nthreads=44,avg_power_W=142.200000,max_power_W=154.000000,released_listeners=1,
start_task=,name=comp_alpha,start_time=109978.613229,nthreads=44,
end_task=,name=comp_alpha,start_time=1468530990.439848,elapsed_seconds=0.508130,nthreads=44,avg_power_W=121.700000,max_power_W=124.000000,released_listeners=32,
start_task=,name=mydaxpy,start_time=109979.123235,nthreads=44,
end_task=,name=mydaxpy,start_time=1468530990.949854,elapsed_seconds=0.508224,nthreads=44,avg_power_W=142.200000,max_power_W=149.000000,released_listeners=0,
start_task=,name=mydaxpy,start_time=109979.633022,nthreads=44,
end_task=,name=mydaxpy,start_time=1468530991.459653,elapsed_seconds=0.508183,nthreads=44,avg_power_W=147.454545,max_power_W=148.000000,released_listeners=1,
start_task=,name=mydaxpy,start_time=109980.155497,nthreads=44,
end_task=,name=mydaxpy,start_time=1468530991.982116,elapsed_seconds=0.505833,nthreads=44,avg_power_W=147.400000,max_power_W=148.000000,released_listeners=0,
start_task=,name=mydaxpy,start_time=109980.662855,nthreads=44,
end_task=,name=mydaxpy,start_time=1468530992.489474,elapsed_seconds=0.518292,nthreads=44,avg_power_W=147.400000,max_power_W=148.000000,released_listeners=1,
start_task=,name=mydaxpy,start_time=109981.183027,nthreads=44,
end_task=,name=mydaxpy,start_time=1468530993.009646,elapsed_seconds=0.508132,nthreads=44,avg_power_W=147.272727,max_power_W=148.000000,released_listeners=0,
start_task=,name=mydaxpy,start_time=109981.705799,nthreads=44,
end_task=,name=mydaxpy,start_time=1468530993.532418,elapsed_seconds=0.505697,nthreads=44,avg_power_W=147.200000,max_power_W=148.000000,released_listeners=1,
start_task=,name=mydaxpy,start_time=109982.212732,nthreads=44,
end_task=,name=mydaxpy,start_time=1468530994.039351,elapsed_seconds=0.518950,nthreads=44,avg_power_W=147.600000,max_power_W=148.000000,released_listeners=0,
start_task=,name=mydaxpy,start_time=109982.733626,nthreads=44,
end_task=,name=mydaxpy,start_time=1468530994.560245,elapsed_seconds=0.507864,nthreads=44,avg_power_W=147.636364,max_power_W=148.000000,released_listeners=1,
start_task=,name=mydaxpy,start_time=109983.255493,nthreads=44,
end_task=,name=mydaxpy,start_time=1468530995.082112,elapsed_seconds=0.505710,nthreads=44,avg_power_W=147.700000,max_power_W=148.000000,released_listeners=0,
start_task=,name=mydaxpy,start_time=109983.763051,nthreads=44,
end_task=,name=mydaxpy,start_time=1468530995.589670,elapsed_seconds=0.508139,nthreads=44,avg_power_W=147.400000,max_power_W=148.000000,released_listeners=1,
start_task=,name=mydaxpy,start_time=109984.272736,nthreads=44,
end_task=,name=mydaxpy,start_time=1468530996.099355,elapsed_seconds=0.508800,nthreads=44,avg_power_W=146.500000,max_power_W=148.000000,released_listeners=0,
start_task=,name=mydaxpy,start_time=109984.783022,nthreads=44,
end_task=,name=mydaxpy,start_time=1468530996.609641,elapsed_seconds=0.508149,nthreads=44,avg_power_W=146.454545,max_power_W=147.000000,released_listeners=1,
start_task=,name=mydaxpy,start_time=109985.305729,nthreads=44,
end_task=,name=mydaxpy,start_time=1468530997.132348,elapsed_seconds=0.505486,nthreads=44,avg_power_W=146.100000,max_power_W=147.000000,released_listeners=0,
start_task=,name=mydaxpy,start_time=109985.813229,nthreads=44,
end_task=,name=mydaxpy,start_time=1468530997.639848,elapsed_seconds=0.508035,nthreads=44,avg_power_W=146.300000,max_power_W=147.000000,released_listeners=1,
start_task=,name=mydaxpy,start_time=109986.323015,nthreads=44,
end_task=,name=mydaxpy,start_time=1468530998.149634,elapsed_seconds=0.508188,nthreads=44,avg_power_W=145.300000,max_power_W=147.000000,released_listeners=0,
start_task=,name=mydaxpy,start_time=109986.833057,nthreads=44,
end_task=,name=mydaxpy,start_time=1468530998.659676,elapsed_seconds=0.508318,nthreads=44,avg_power_W=146.363636,max_power_W=148.000000,released_listeners=1,
start_task=,name=mydaxpy,start_time=109987.355654,nthreads=44,
end_task=,name=mydaxpy,start_time=1468530999.182273,elapsed_seconds=0.505702,nthreads=44,avg_power_W=145.900000,max_power_W=147.000000,released_listeners=0,
start_task=,name=mydaxpy,start_time=109987.863008,nthreads=44,
end_task=,name=mydaxpy,start_time=1468530999.689627,elapsed_seconds=0.508158,nthreads=44,avg_power_W=145.900000,max_power_W=146.000000,released_listeners=1,
start_task=,name=mydaxpy,start_time=109988.373020,nthreads=44,
end_task=,name=mydaxpy,start_time=1468531000.199639,elapsed_seconds=0.508187,nthreads=44,avg_power_W=146.400000,max_power_W=147.000000,released_listeners=0,
start_task=,name=mydaxpy,start_time=109988.883073,nthreads=44,
end_task=,name=mydaxpy,start_time=1468531000.709692,elapsed_seconds=0.508403,nthreads=44,avg_power_W=146.636364,max_power_W=148.000000,released_listeners=1,
start_task=,name=mydaxpy,start_time=109989.405807,nthreads=44,
end_task=,name=mydaxpy,start_time=1468531001.232426,elapsed_seconds=0.505422,nthreads=44,avg_power_W=147.100000,max_power_W=148.000000,released_listeners=0,
start_task=,name=mydaxpy,start_time=109989.913105,nthreads=44,
end_task=,name=mydaxpy,start_time=1468531001.739933,elapsed_seconds=0.508022,nthreads=44,avg_power_W=147.000000,max_power_W=149.000000,released_listeners=1,
start_task=,name=mydaxpy,start_time=109990.423070,nthreads=44,
end_task=,name=mydaxpy,start_time=1468531002.249689,elapsed_seconds=0.508129,nthreads=44,avg_power_W=146.600000,max_power_W=147.000000,released_listeners=0,
start_task=,name=mydaxpy,start_time=109990.932727,nthreads=44,
end_task=,name=mydaxpy,start_time=1468531002.759346,elapsed_seconds=0.508479,nthreads=44,avg_power_W=146.545455,max_power_W=148.000000,released_listeners=1,
start_task=,name=mydaxpy,start_time=109991.455446,nthreads=44,
end_task=,name=mydaxpy,start_time=1468531003.282064,elapsed_seconds=0.506024,nthreads=44,avg_power_W=146.100000,max_power_W=147.000000,released_listeners=0,
start_task=,name=mydaxpy,start_time=109991.963081,nthreads=44,
end_task=,name=mydaxpy,start_time=1468531003.789700,elapsed_seconds=0.508271,nthreads=44,avg_power_W=146.000000,max_power_W=147.000000,released_listeners=1,
start_task=,name=mydaxpy,start_time=109992.472702,nthreads=44,
end_task=,name=mydaxpy,start_time=1468531004.299321,elapsed_seconds=0.508457,nthreads=44,avg_power_W=146.300000,max_power_W=148.000000,released_listeners=0,
start_task=,name=mydaxpy,start_time=109992.983009,nthreads=44,
end_task=,name=mydaxpy,start_time=1468531004.809628,elapsed_seconds=0.518525,nthreads=44,avg_power_W=147.090909,max_power_W=148.000000,released_listeners=1,
start_task=,name=mydaxpy,start_time=109993.505547,nthreads=44,
end_task=,name=mydaxpy,start_time=1468531005.332165,elapsed_seconds=0.505675,nthreads=44,avg_power_W=147.000000,max_power_W=148.000000,released_listeners=0,
start_task=,name=mydaxpy,start_time=109994.013087,nthreads=44,
end_task=,name=mydaxpy,start_time=1468531005.839706,elapsed_seconds=0.508208,nthreads=44,avg_power_W=147.100000,max_power_W=148.000000,released_listeners=1,
start_task=,name=mydaxpy,start_time=109994.523027,nthreads=44,
end_task=,name=mydaxpy,start_time=1468531006.349646,elapsed_seconds=0.508135,nthreads=44,avg_power_W=146.800000,max_power_W=147.000000,released_listeners=0,
start_task=,name=mydaxpy,start_time=109995.032696,nthreads=44,
end_task=,name=mydaxpy,start_time=1468531006.859512,elapsed_seconds=0.508580,nthreads=44,avg_power_W=147.181818,max_power_W=148.000000,released_listeners=1,
start_task=,name=myddot,start_time=109995.555483,nthreads=44,
end_task=,name=myddot,start_time=1468531007.382103,elapsed_seconds=0.506380,nthreads=44,avg_power_W=150.100000,max_power_W=151.000000,released_listeners=1,
start_task=,name=myddot,start_time=109996.063179,nthreads=44,
end_task=,name=myddot,start_time=1468531007.889798,elapsed_seconds=0.508170,nthreads=44,avg_power_W=149.400000,max_power_W=151.000000,released_listeners=1,
start_task=,name=myddot,start_time=109996.573359,nthreads=44,
end_task=,name=myddot,start_time=1468531008.399978,elapsed_seconds=0.507924,nthreads=44,avg_power_W=149.200000,max_power_W=150.000000,released_listeners=1,
start_task=,name=myddot,start_time=109997.083146,nthreads=44,
end_task=,name=myddot,start_time=1468531008.909765,elapsed_seconds=0.508048,nthreads=44,avg_power_W=149.363636,max_power_W=150.000000,released_listeners=1,
start_task=,name=myddot,start_time=109997.605581,nthreads=44,
end_task=,name=myddot,start_time=1468531009.432200,elapsed_seconds=0.505627,nthreads=44,avg_power_W=149.200000,max_power_W=150.000000,released_listeners=1,
start_task=,name=myddot,start_time=109998.113071,nthreads=44,
end_task=,name=myddot,start_time=1468531009.939690,elapsed_seconds=0.508124,nthreads=44,avg_power_W=149.400000,max_power_W=151.000000,released_listeners=1,
start_task=,name=myddot,start_time=109998.623055,nthreads=44,
end_task=,name=myddot,start_time=1468531010.449674,elapsed_seconds=0.518497,nthreads=44,avg_power_W=149.454545,max_power_W=150.000000,released_listeners=1,
start_task=,name=myddot,start_time=109999.155667,nthreads=44,
end_task=,name=myddot,start_time=1468531010.982286,elapsed_seconds=0.505520,nthreads=44,avg_power_W=150.000000,max_power_W=151.000000,released_listeners=1,
start_task=,name=myddot,start_time=109999.663277,nthreads=44,
end_task=,name=myddot,start_time=1468531011.489896,elapsed_seconds=0.518010,nthreads=44,avg_power_W=150.700000,max_power_W=151.000000,released_listeners=1,
start_task=,name=myddot,start_time=110000.183055,nthreads=44,
end_task=,name=myddot,start_time=1468531012.009877,elapsed_seconds=0.508258,nthreads=44,avg_power_W=151.000000,max_power_W=151.000000,released_listeners=1,
start_task=,name=myddot,start_time=110000.705476,nthreads=44,
end_task=,name=myddot,start_time=1468531012.532095,elapsed_seconds=0.505984,nthreads=44,avg_power_W=150.800000,max_power_W=151.000000,released_listeners=1,
start_task=,name=myddot,start_time=110001.212730,nthreads=44,
end_task=,name=myddot,start_time=1468531013.039349,elapsed_seconds=0.518767,nthreads=44,avg_power_W=151.000000,max_power_W=151.000000,released_listeners=1,
start_task=,name=myddot,start_time=110001.732716,nthreads=44,
end_task=,name=myddot,start_time=1468531013.559335,elapsed_seconds=0.508594,nthreads=44,avg_power_W=150.909091,max_power_W=151.000000,released_listeners=1,
start_task=,name=myddot,start_time=110002.255617,nthreads=44,
end_task=,name=myddot,start_time=1468531014.082236,elapsed_seconds=0.506070,nthreads=44,avg_power_W=151.000000,max_power_W=151.000000,released_listeners=1,
start_task=,name=myddot,start_time=110002.762744,nthreads=44,
end_task=,name=myddot,start_time=1468531014.589363,elapsed_seconds=0.508521,nthreads=44,avg_power_W=151.200000,max_power_W=152.000000,released_listeners=1,
start_task=,name=myddot,start_time=110003.272701,nthreads=44,
end_task=,name=myddot,start_time=1468531015.099320,elapsed_seconds=0.518571,nthreads=44,avg_power_W=151.272727,max_power_W=153.000000,released_listeners=1,
start_task=,name=sum_contribs,start_time=110003.805353,nthreads=44,
end_task=,name=sum_contribs,start_time=1468531015.631973,elapsed_seconds=0.506070,nthreads=44,avg_power_W=136.600000,max_power_W=151.000000,released_listeners=2,
start_task=,name=comp_beta,start_time=110004.314077,nthreads=44,
end_task=,name=comp_beta,start_time=1468531016.140697,elapsed_seconds=0.507697,nthreads=44,avg_power_W=119.500000,max_power_W=122.000000,released_listeners=16,
start_task=,name=assign,start_time=110004.823595,nthreads=44,
end_task=,name=assign,start_time=1468531016.650223,elapsed_seconds=0.508210,nthreads=44,avg_power_W=118.800000,max_power_W=121.000000,released_listeners=0,
start_task=,name=mydaxpy,start_time=110005.333857,nthreads=44,
end_task=,name=mydaxpy,start_time=1468531017.160486,elapsed_seconds=0.507778,nthreads=44,avg_power_W=139.727273,max_power_W=146.000000,released_listeners=0,
start_task=,name=mydaxpy,start_time=110005.855834,nthreads=44,
end_task=,name=mydaxpy,start_time=1468531017.682453,elapsed_seconds=0.505688,nthreads=44,avg_power_W=145.100000,max_power_W=146.000000,released_listeners=0,
start_task=,name=mydaxpy,start_time=110006.362781,nthreads=44,
end_task=,name=mydaxpy,start_time=1468531018.189400,elapsed_seconds=0.508678,nthreads=44,avg_power_W=144.300000,max_power_W=146.000000,released_listeners=0,
start_task=,name=mydaxpy,start_time=110006.873871,nthreads=44,
end_task=,name=mydaxpy,start_time=1468531018.700491,elapsed_seconds=0.507602,nthreads=44,avg_power_W=145.500000,max_power_W=146.000000,released_listeners=0,
start_task=,name=mydaxpy,start_time=110007.383803,nthreads=44,
end_task=,name=mydaxpy,start_time=1468531019.210423,elapsed_seconds=0.507713,nthreads=44,avg_power_W=145.454545,max_power_W=146.000000,released_listeners=0,
start_task=,name=mydaxpy,start_time=110007.905964,nthreads=44,
end_task=,name=mydaxpy,start_time=1468531019.732583,elapsed_seconds=0.505677,nthreads=44,avg_power_W=146.200000,max_power_W=147.000000,released_listeners=0,
start_task=,name=mydaxpy,start_time=110008.413977,nthreads=44,
end_task=,name=mydaxpy,start_time=1468531020.240597,elapsed_seconds=0.507664,nthreads=44,avg_power_W=145.800000,max_power_W=147.000000,released_listeners=0,
start_task=,name=mydaxpy,start_time=110008.923877,nthreads=44,
end_task=,name=mydaxpy,start_time=1468531020.750496,elapsed_seconds=0.507691,nthreads=44,avg_power_W=146.000000,max_power_W=147.000000,released_listeners=0,
start_task=,name=mydaxpy,start_time=110009.433937,nthreads=44,
end_task=,name=mydaxpy,start_time=1468531021.260556,elapsed_seconds=0.507530,nthreads=44,avg_power_W=144.545455,max_power_W=146.000000,released_listeners=0,
start_task=,name=mydaxpy,start_time=110009.956390,nthreads=44,
end_task=,name=mydaxpy,start_time=1468531021.783010,elapsed_seconds=0.505034,nthreads=44,avg_power_W=145.700000,max_power_W=147.000000,released_listeners=0,
start_task=,name=mydaxpy,start_time=110010.463817,nthreads=44,
end_task=,name=mydaxpy,start_time=1468531022.290468,elapsed_seconds=0.507675,nthreads=44,avg_power_W=145.400000,max_power_W=146.000000,released_listeners=0,
start_task=,name=mydaxpy,start_time=110010.973864,nthreads=44,
end_task=,name=mydaxpy,start_time=1468531022.800484,elapsed_seconds=0.507614,nthreads=44,avg_power_W=145.600000,max_power_W=148.000000,released_listeners=0,
start_task=,name=mydaxpy,start_time=110011.483843,nthreads=44,
end_task=,name=mydaxpy,start_time=1468531023.310463,elapsed_seconds=0.507673,nthreads=44,avg_power_W=144.909091,max_power_W=146.000000,released_listeners=0,
start_task=,name=mydaxpy,start_time=110012.006531,nthreads=44,
end_task=,name=mydaxpy,start_time=1468531023.833151,elapsed_seconds=0.504919,nthreads=44,avg_power_W=145.700000,max_power_W=146.000000,released_listeners=0,
start_task=,name=mydaxpy,start_time=110012.513895,nthreads=44,
end_task=,name=mydaxpy,start_time=1468531024.340515,elapsed_seconds=0.507605,nthreads=44,avg_power_W=145.700000,max_power_W=147.000000,released_listeners=0,
start_task=,name=mydaxpy,start_time=110013.023820,nthreads=44,
end_task=,name=mydaxpy,start_time=1468531024.850440,elapsed_seconds=0.507645,nthreads=44,avg_power_W=145.400000,max_power_W=147.000000,released_listeners=0,
