message=cataloging configuration,max_threads=32,power_limit=inf,
start_task=,name=potrfprofile,tick=1,start_time=9087.207676,nthreads=32,
message=tick stats,tick=1,estimated_current_power=inf,
end_task=,name=potrfprofile,elapsed_seconds=0.549163,predicted_seconds=inf,time_percent_error=inf,nthreads=32,end_time=9087.771391,avg_power_W=166.727273,max_power_W=184.000000,avg_time_s=0.078452,released_listeners=1,
start_task=,name=dopotrf,tick=2,start_time=9087.771446,nthreads=32,
message=tick stats,tick=2,estimated_current_power=-nan,
end_task=,name=dopotrf,elapsed_seconds=0.068309,predicted_seconds=inf,time_percent_error=inf,nthreads=32,end_time=9087.840416,avg_power_W=151.000000,max_power_W=151.000000,avg_time_s=0.068309,released_listeners=5,
start_task=,name=trsmprofile,tick=3,start_time=9087.840463,nthreads=32,
message=tick stats,tick=3,estimated_current_power=-nan,
end_task=,name=trsmprofile,elapsed_seconds=0.516585,predicted_seconds=inf,time_percent_error=inf,nthreads=32,end_time=9088.357637,avg_power_W=163.300000,max_power_W=169.000000,avg_time_s=0.034439,released_listeners=1,
start_task=,name=trsmprofile,tick=4,start_time=9088.371088,nthreads=32,
message=tick stats,tick=4,estimated_current_power=-nan,
end_task=,name=trsmprofile,elapsed_seconds=0.532152,predicted_seconds=inf,time_percent_error=inf,nthreads=32,end_time=9088.903907,avg_power_W=165.700000,max_power_W=169.000000,avg_time_s=0.033260,released_listeners=1,
start_task=,name=trsmprofile,tick=5,start_time=9088.903952,nthreads=32,
message=tick stats,tick=5,estimated_current_power=-nan,
end_task=,name=trsmprofile,elapsed_seconds=0.524216,predicted_seconds=inf,time_percent_error=inf,nthreads=32,end_time=9089.428756,avg_power_W=165.818182,max_power_W=167.000000,avg_time_s=0.034948,released_listeners=1,
start_task=,name=trsmprofile,tick=6,start_time=9089.428801,nthreads=32,
message=tick stats,tick=6,estimated_current_power=-nan,
end_task=,name=trsmprofile,elapsed_seconds=0.530467,predicted_seconds=inf,time_percent_error=inf,nthreads=32,end_time=9089.971281,avg_power_W=164.727273,max_power_W=167.000000,avg_time_s=0.033154,released_listeners=1,
start_task=,name=trsmprofile,tick=7,start_time=9089.971330,nthreads=32,
message=tick stats,tick=7,estimated_current_power=-nan,
end_task=,name=trsmprofile,elapsed_seconds=0.523111,predicted_seconds=inf,time_percent_error=inf,nthreads=32,end_time=9090.495083,avg_power_W=163.400000,max_power_W=166.000000,avg_time_s=0.034874,released_listeners=1,
start_task=,name=dotrsm,tick=8,start_time=9090.495129,nthreads=32,
message=tick stats,tick=8,estimated_current_power=-nan,
end_task=,name=dotrsm,elapsed_seconds=0.036831,predicted_seconds=inf,time_percent_error=inf,nthreads=32,end_time=9090.532580,avg_power_W=165.000000,max_power_W=165.000000,avg_time_s=0.036831,released_listeners=5,
start_task=,name=dotrsm,tick=9,start_time=9090.532631,nthreads=32,
message=tick stats,tick=9,estimated_current_power=-nan,
end_task=,name=dotrsm,elapsed_seconds=0.037003,predicted_seconds=inf,time_percent_error=inf,nthreads=32,end_time=9090.571686,avg_power_W=158.000000,max_power_W=158.000000,avg_time_s=0.037003,released_listeners=5,
start_task=,name=dotrsm,tick=10,start_time=9090.571736,nthreads=32,
message=tick stats,tick=10,estimated_current_power=-nan,
end_task=,name=dotrsm,elapsed_seconds=0.036799,predicted_seconds=inf,time_percent_error=inf,nthreads=32,end_time=9090.621658,avg_power_W=158.000000,max_power_W=158.000000,avg_time_s=0.036799,released_listeners=5,
start_task=,name=dotrsm,tick=11,start_time=9090.621709,nthreads=32,
message=tick stats,tick=11,estimated_current_power=-nan,
end_task=,name=dotrsm,elapsed_seconds=0.037066,predicted_seconds=inf,time_percent_error=inf,nthreads=32,end_time=9090.671844,avg_power_W=153.000000,max_power_W=153.000000,avg_time_s=0.037066,released_listeners=5,
start_task=,name=dotrsm,tick=12,start_time=9090.671895,nthreads=32,
message=tick stats,tick=12,estimated_current_power=-nan,
end_task=,name=dotrsm,elapsed_seconds=0.035561,predicted_seconds=inf,time_percent_error=inf,nthreads=32,end_time=9090.721582,avg_power_W=155.000000,max_power_W=155.000000,avg_time_s=0.035561,released_listeners=5,
start_task=,name=syrkprofile,tick=13,start_time=9090.721641,nthreads=32,
message=tick stats,tick=13,estimated_current_power=-nan,
end_task=,name=syrkprofile,elapsed_seconds=0.534997,predicted_seconds=inf,time_percent_error=inf,nthreads=32,end_time=9091.257250,avg_power_W=153.900000,max_power_W=156.000000,avg_time_s=0.053500,released_listeners=1,
start_task=,name=gemmprofile,tick=14,start_time=9091.257296,nthreads=32,
message=tick stats,tick=14,estimated_current_power=-nan,
end_task=,name=gemmprofile,elapsed_seconds=0.549631,predicted_seconds=inf,time_percent_error=inf,nthreads=32,end_time=9091.807595,avg_power_W=161.454545,max_power_W=168.000000,avg_time_s=0.054963,released_listeners=1,
start_task=,name=syrkprofile,tick=15,start_time=9091.807641,nthreads=32,
message=tick stats,tick=15,estimated_current_power=-nan,
end_task=,name=syrkprofile,elapsed_seconds=0.530692,predicted_seconds=inf,time_percent_error=inf,nthreads=32,end_time=9092.352641,avg_power_W=156.636364,max_power_W=166.000000,avg_time_s=0.053069,released_listeners=1,
start_task=,name=gemmprofile,tick=16,start_time=9092.352689,nthreads=32,
message=tick stats,tick=16,estimated_current_power=-nan,
end_task=,name=gemmprofile,elapsed_seconds=0.542295,predicted_seconds=inf,time_percent_error=inf,nthreads=32,end_time=9092.895636,avg_power_W=161.000000,max_power_W=166.000000,avg_time_s=0.054230,released_listeners=1,
start_task=,name=gemmprofile,tick=17,start_time=9092.895682,nthreads=32,
message=tick stats,tick=17,estimated_current_power=-nan,
end_task=,name=gemmprofile,elapsed_seconds=0.557410,predicted_seconds=inf,time_percent_error=inf,nthreads=32,end_time=9093.453733,avg_power_W=162.727273,max_power_W=169.000000,avg_time_s=0.055741,released_listeners=1,
start_task=,name=syrkprofile,tick=18,start_time=9093.453779,nthreads=32,
message=tick stats,tick=18,estimated_current_power=-nan,
end_task=,name=syrkprofile,elapsed_seconds=0.510887,predicted_seconds=inf,time_percent_error=inf,nthreads=32,end_time=9093.971570,avg_power_W=158.272727,max_power_W=163.000000,avg_time_s=0.051089,released_listeners=1,
start_task=,name=gemmprofile,tick=19,start_time=9093.971620,nthreads=32,
message=tick stats,tick=19,estimated_current_power=-nan,
end_task=,name=gemmprofile,elapsed_seconds=0.509439,predicted_seconds=inf,time_percent_error=inf,nthreads=32,end_time=9094.481675,avg_power_W=162.100000,max_power_W=169.000000,avg_time_s=0.056604,released_listeners=1,
start_task=,name=gemmprofile,tick=20,start_time=9094.481721,nthreads=32,
message=tick stats,tick=20,estimated_current_power=-nan,
end_task=,name=gemmprofile,elapsed_seconds=0.543626,predicted_seconds=inf,time_percent_error=inf,nthreads=32,end_time=9095.025954,avg_power_W=164.454545,max_power_W=169.000000,avg_time_s=0.054363,released_listeners=1,
start_task=,name=gemmprofile,tick=21,start_time=9095.026001,nthreads=32,
message=tick stats,tick=21,estimated_current_power=-nan,
end_task=,name=gemmprofile,elapsed_seconds=0.540723,predicted_seconds=inf,time_percent_error=inf,nthreads=32,end_time=9095.571385,avg_power_W=164.000000,max_power_W=169.000000,avg_time_s=0.054072,released_listeners=1,
start_task=,name=syrkprofile,tick=22,start_time=9095.571434,nthreads=32,
message=tick stats,tick=22,estimated_current_power=-nan,
end_task=,name=syrkprofile,elapsed_seconds=0.550237,predicted_seconds=inf,time_percent_error=inf,nthreads=32,end_time=9096.122301,avg_power_W=156.727273,max_power_W=161.000000,avg_time_s=0.050022,released_listeners=1,
start_task=,name=gemmprofile,tick=23,start_time=9096.122347,nthreads=32,
message=tick stats,tick=23,estimated_current_power=-nan,
end_task=,name=gemmprofile,elapsed_seconds=0.538291,predicted_seconds=inf,time_percent_error=inf,nthreads=32,end_time=9096.671666,avg_power_W=161.636364,max_power_W=169.000000,avg_time_s=0.053829,released_listeners=1,
start_task=,name=gemmprofile,tick=24,start_time=9096.671716,nthreads=32,
message=tick stats,tick=24,estimated_current_power=-nan,
end_task=,name=gemmprofile,elapsed_seconds=0.536559,predicted_seconds=inf,time_percent_error=inf,nthreads=32,end_time=9097.221275,avg_power_W=161.909091,max_power_W=168.000000,avg_time_s=0.053656,released_listeners=1,
start_task=,name=gemmprofile,tick=25,start_time=9097.221333,nthreads=32,
message=tick stats,tick=25,estimated_current_power=-nan,
end_task=,name=gemmprofile,elapsed_seconds=0.534757,predicted_seconds=inf,time_percent_error=inf,nthreads=32,end_time=9097.756728,avg_power_W=162.000000,max_power_W=167.000000,avg_time_s=0.053476,released_listeners=1,
start_task=,name=gemmprofile,tick=26,start_time=9097.756776,nthreads=32,
message=tick stats,tick=26,estimated_current_power=-nan,
end_task=,name=gemmprofile,elapsed_seconds=0.506008,predicted_seconds=inf,time_percent_error=inf,nthreads=32,end_time=9098.271280,avg_power_W=162.181818,max_power_W=167.000000,avg_time_s=0.056223,released_listeners=1,
start_task=,name=syrkprofile,tick=27,start_time=9098.271330,nthreads=32,
message=tick stats,tick=27,estimated_current_power=-nan,
end_task=,name=syrkprofile,elapsed_seconds=0.531126,predicted_seconds=inf,time_percent_error=inf,nthreads=32,end_time=9098.803072,avg_power_W=155.000000,max_power_W=164.000000,avg_time_s=0.053113,released_listeners=1,
start_task=,name=dosyrk,tick=28,start_time=9098.803118,nthreads=32,
message=tick stats,tick=28,estimated_current_power=-nan,
end_task=,name=dosyrk,elapsed_seconds=0.077423,predicted_seconds=inf,time_percent_error=inf,nthreads=32,end_time=9098.881255,avg_power_W=150.000000,max_power_W=154.000000,avg_time_s=0.077423,released_listeners=1,
start_task=,name=dogemm,tick=29,start_time=9098.881301,nthreads=32,
message=tick stats,tick=29,estimated_current_power=-nan,
end_task=,name=dogemm,elapsed_seconds=0.080716,predicted_seconds=inf,time_percent_error=inf,nthreads=32,end_time=9098.971854,avg_power_W=145.500000,max_power_W=151.000000,avg_time_s=0.080716,released_listeners=1,
start_task=,name=dosyrk,tick=30,start_time=9098.971904,nthreads=32,
message=tick stats,tick=30,estimated_current_power=-nan,
end_task=,name=dosyrk,elapsed_seconds=0.080694,predicted_seconds=inf,time_percent_error=inf,nthreads=32,end_time=9099.053251,avg_power_W=153.000000,max_power_W=153.000000,avg_time_s=0.080694,released_listeners=1,
start_task=,name=dogemm,tick=31,start_time=9099.053298,nthreads=32,
message=tick stats,tick=31,estimated_current_power=-nan,
end_task=,name=dogemm,elapsed_seconds=0.081963,predicted_seconds=inf,time_percent_error=inf,nthreads=32,end_time=9099.135811,avg_power_W=146.000000,max_power_W=147.000000,avg_time_s=0.081963,released_listeners=1,
start_task=,name=dogemm,tick=32,start_time=9099.135857,nthreads=32,
message=tick stats,tick=32,estimated_current_power=-nan,
end_task=,name=dogemm,elapsed_seconds=0.077222,predicted_seconds=inf,time_percent_error=inf,nthreads=32,end_time=9099.221333,avg_power_W=151.000000,max_power_W=161.000000,avg_time_s=0.077222,released_listeners=0,
start_task=,name=dosyrk,tick=33,start_time=9099.221382,nthreads=32,
message=tick stats,tick=33,estimated_current_power=-nan,
end_task=,name=dosyrk,elapsed_seconds=0.080022,predicted_seconds=inf,time_percent_error=inf,nthreads=32,end_time=9099.301983,avg_power_W=165.000000,max_power_W=165.000000,avg_time_s=0.080022,released_listeners=1,
start_task=,name=dogemm,tick=34,start_time=9099.302029,nthreads=32,
message=tick stats,tick=34,estimated_current_power=-nan,
end_task=,name=dogemm,elapsed_seconds=0.078596,predicted_seconds=inf,time_percent_error=inf,nthreads=32,end_time=9099.381166,avg_power_W=149.000000,max_power_W=149.000000,avg_time_s=0.078596,released_listeners=1,
start_task=,name=dogemm,tick=35,start_time=9099.381212,nthreads=32,
message=tick stats,tick=35,estimated_current_power=-nan,
end_task=,name=dogemm,elapsed_seconds=0.077718,predicted_seconds=inf,time_percent_error=inf,nthreads=32,end_time=9099.471570,avg_power_W=157.000000,max_power_W=164.000000,avg_time_s=0.077718,released_listeners=0,
start_task=,name=dogemm,tick=36,start_time=9099.471619,nthreads=32,
message=tick stats,tick=36,estimated_current_power=-nan,
end_task=,name=dogemm,elapsed_seconds=0.077473,predicted_seconds=inf,time_percent_error=inf,nthreads=32,end_time=9099.549704,avg_power_W=163.000000,max_power_W=163.000000,avg_time_s=0.077473,released_listeners=0,
start_task=,name=dosyrk,tick=37,start_time=9099.549756,nthreads=32,
message=tick stats,tick=37,estimated_current_power=-nan,
end_task=,name=dosyrk,elapsed_seconds=0.078253,predicted_seconds=inf,time_percent_error=inf,nthreads=32,end_time=9099.628747,avg_power_W=154.500000,max_power_W=157.000000,avg_time_s=0.078253,released_listeners=1,
start_task=,name=dogemm,tick=38,start_time=9099.628794,nthreads=32,
message=tick stats,tick=38,estimated_current_power=-nan,
end_task=,name=dogemm,elapsed_seconds=0.075582,predicted_seconds=inf,time_percent_error=inf,nthreads=32,end_time=9099.704960,avg_power_W=149.000000,max_power_W=149.000000,avg_time_s=0.075582,released_listeners=1,
start_task=,name=dogemm,tick=39,start_time=9099.705007,nthreads=32,
message=tick stats,tick=39,estimated_current_power=-nan,
end_task=,name=dogemm,elapsed_seconds=0.077856,predicted_seconds=inf,time_percent_error=inf,nthreads=32,end_time=9099.783490,avg_power_W=150.000000,max_power_W=155.000000,avg_time_s=0.077856,released_listeners=0,
start_task=,name=dogemm,tick=40,start_time=9099.783535,nthreads=32,
message=tick stats,tick=40,estimated_current_power=-nan,
end_task=,name=dogemm,elapsed_seconds=0.075935,predicted_seconds=inf,time_percent_error=inf,nthreads=32,end_time=9099.871732,avg_power_W=151.500000,max_power_W=158.000000,avg_time_s=0.075935,released_listeners=0,
start_task=,name=dogemm,tick=41,start_time=9099.871782,nthreads=32,
message=tick stats,tick=41,estimated_current_power=-nan,
end_task=,name=dogemm,elapsed_seconds=0.074706,predicted_seconds=inf,time_percent_error=inf,nthreads=32,end_time=9099.947101,avg_power_W=165.000000,max_power_W=165.000000,avg_time_s=0.074706,released_listeners=0,
start_task=,name=dosyrk,tick=42,start_time=9099.947147,nthreads=32,
message=tick stats,tick=42,estimated_current_power=-nan,
end_task=,name=dosyrk,elapsed_seconds=0.078491,predicted_seconds=inf,time_percent_error=inf,nthreads=32,end_time=9100.026259,avg_power_W=153.500000,max_power_W=155.000000,avg_time_s=0.078491,released_listeners=1,
start_task=,name=potrfprofile,tick=43,start_time=9100.026306,nthreads=32,
message=tick stats,tick=43,estimated_current_power=-nan,
end_task=,name=potrfprofile,elapsed_seconds=0.529339,predicted_seconds=inf,time_percent_error=inf,nthreads=32,end_time=9100.556254,avg_power_W=149.600000,max_power_W=154.000000,avg_time_s=0.052934,released_listeners=1,
start_task=,name=dopotrf,tick=44,start_time=9100.556300,nthreads=32,
message=tick stats,tick=44,estimated_current_power=-nan,
end_task=,name=dopotrf,elapsed_seconds=0.067723,predicted_seconds=inf,time_percent_error=inf,nthreads=32,end_time=9100.624657,avg_power_W=149.500000,max_power_W=154.000000,avg_time_s=0.067723,released_listeners=4,
start_task=,name=trsmprofile,tick=45,start_time=9100.624704,nthreads=32,
message=tick stats,tick=45,estimated_current_power=-nan,
end_task=,name=trsmprofile,elapsed_seconds=0.513278,predicted_seconds=inf,time_percent_error=inf,nthreads=32,end_time=9101.138598,avg_power_W=160.700000,max_power_W=166.000000,avg_time_s=0.034219,released_listeners=1,
start_task=,name=trsmprofile,tick=46,start_time=9101.138645,nthreads=32,
message=tick stats,tick=46,estimated_current_power=-nan,
end_task=,name=trsmprofile,elapsed_seconds=0.514597,predicted_seconds=inf,time_percent_error=inf,nthreads=32,end_time=9101.653839,avg_power_W=162.500000,max_power_W=166.000000,avg_time_s=0.034306,released_listeners=1,
start_task=,name=trsmprofile,tick=47,start_time=9101.653885,nthreads=32,
message=tick stats,tick=47,estimated_current_power=-nan,
end_task=,name=trsmprofile,elapsed_seconds=0.514120,predicted_seconds=inf,time_percent_error=inf,nthreads=32,end_time=9102.171612,avg_power_W=162.545455,max_power_W=167.000000,avg_time_s=0.034275,released_listeners=1,
start_task=,name=trsmprofile,tick=48,start_time=9102.171662,nthreads=32,
message=tick stats,tick=48,estimated_current_power=-nan,
end_task=,name=trsmprofile,elapsed_seconds=0.522727,predicted_seconds=inf,time_percent_error=inf,nthreads=32,end_time=9102.694984,avg_power_W=162.600000,max_power_W=165.000000,avg_time_s=0.034848,released_listeners=1,
start_task=,name=dotrsm,tick=49,start_time=9102.695022,nthreads=32,
message=tick stats,tick=49,estimated_current_power=-nan,
end_task=,name=dotrsm,elapsed_seconds=0.037384,predicted_seconds=inf,time_percent_error=inf,nthreads=32,end_time=9102.733002,avg_power_W=162.000000,max_power_W=162.000000,avg_time_s=0.037384,released_listeners=4,
start_task=,name=dotrsm,tick=50,start_time=9102.733050,nthreads=32,
message=tick stats,tick=50,estimated_current_power=-nan,
end_task=,name=dotrsm,elapsed_seconds=0.037560,predicted_seconds=inf,time_percent_error=inf,nthreads=32,end_time=9102.771743,avg_power_W=158.000000,max_power_W=158.000000,avg_time_s=0.037560,released_listeners=4,
start_task=,name=dotrsm,tick=51,start_time=9102.771797,nthreads=32,
message=tick stats,tick=51,estimated_current_power=-nan,
end_task=,name=dotrsm,elapsed_seconds=0.039497,predicted_seconds=inf,time_percent_error=inf,nthreads=32,end_time=9102.821937,avg_power_W=158.000000,max_power_W=158.000000,avg_time_s=0.039497,released_listeners=4,
start_task=,name=dotrsm,tick=52,start_time=9102.821988,nthreads=32,
message=tick stats,tick=52,estimated_current_power=-nan,
end_task=,name=dotrsm,elapsed_seconds=0.035736,predicted_seconds=inf,time_percent_error=inf,nthreads=32,end_time=9102.872412,avg_power_W=153.000000,max_power_W=153.000000,avg_time_s=0.035736,released_listeners=4,
start_task=,name=syrkprofile,tick=53,start_time=9102.872462,nthreads=32,
message=tick stats,tick=53,estimated_current_power=-nan,
end_task=,name=syrkprofile,elapsed_seconds=0.539326,predicted_seconds=inf,time_percent_error=inf,nthreads=32,end_time=9103.421406,avg_power_W=154.090909,max_power_W=160.000000,avg_time_s=0.053933,released_listeners=1,
start_task=,name=gemmprofile,tick=54,start_time=9103.421456,nthreads=32,
message=tick stats,tick=54,estimated_current_power=-nan,
end_task=,name=gemmprofile,elapsed_seconds=0.522479,predicted_seconds=inf,time_percent_error=inf,nthreads=32,end_time=9103.944575,avg_power_W=160.100000,max_power_W=166.000000,avg_time_s=0.058053,released_listeners=1,
start_task=,name=syrkprofile,tick=55,start_time=9103.944622,nthreads=32,
message=tick stats,tick=55,estimated_current_power=-nan,
end_task=,name=syrkprofile,elapsed_seconds=0.516163,predicted_seconds=inf,time_percent_error=inf,nthreads=32,end_time=9104.471316,avg_power_W=156.636364,max_power_W=161.000000,avg_time_s=0.051616,released_listeners=1,
start_task=,name=gemmprofile,tick=56,start_time=9104.471367,nthreads=32,
message=tick stats,tick=56,estimated_current_power=-nan,
end_task=,name=gemmprofile,elapsed_seconds=0.547474,predicted_seconds=inf,time_percent_error=inf,nthreads=32,end_time=9105.021598,avg_power_W=161.090909,max_power_W=169.000000,avg_time_s=0.054747,released_listeners=1,
start_task=,name=gemmprofile,tick=57,start_time=9105.021648,nthreads=32,
message=tick stats,tick=57,estimated_current_power=-nan,
end_task=,name=gemmprofile,elapsed_seconds=0.541207,predicted_seconds=inf,time_percent_error=inf,nthreads=32,end_time=9105.571548,avg_power_W=162.454545,max_power_W=167.000000,avg_time_s=0.054121,released_listeners=1,
start_task=,name=syrkprofile,tick=58,start_time=9105.571598,nthreads=32,
message=tick stats,tick=58,estimated_current_power=-nan,
end_task=,name=syrkprofile,elapsed_seconds=0.517929,predicted_seconds=inf,time_percent_error=inf,nthreads=32,end_time=9106.090169,avg_power_W=154.600000,max_power_W=159.000000,avg_time_s=0.051793,released_listeners=1,
start_task=,name=gemmprofile,tick=59,start_time=9106.090216,nthreads=32,
message=tick stats,tick=59,estimated_current_power=-nan,
end_task=,name=gemmprofile,elapsed_seconds=0.550993,predicted_seconds=inf,time_percent_error=inf,nthreads=32,end_time=9106.641866,avg_power_W=162.454545,max_power_W=168.000000,avg_time_s=0.055099,released_listeners=1,
start_task=,name=gemmprofile,tick=60,start_time=9106.641913,nthreads=32,
message=tick stats,tick=60,estimated_current_power=-nan,
end_task=,name=gemmprofile,elapsed_seconds=0.547821,predicted_seconds=inf,time_percent_error=inf,nthreads=32,end_time=9107.190287,avg_power_W=163.727273,max_power_W=168.000000,avg_time_s=0.054782,released_listeners=1,
start_task=,name=gemmprofile,tick=61,start_time=9107.190340,nthreads=32,
message=tick stats,tick=61,estimated_current_power=-nan,
end_task=,name=gemmprofile,elapsed_seconds=0.548280,predicted_seconds=inf,time_percent_error=inf,nthreads=32,end_time=9107.739256,avg_power_W=165.000000,max_power_W=168.000000,avg_time_s=0.054828,released_listeners=1,
start_task=,name=syrkprofile,tick=62,start_time=9107.739303,nthreads=32,
message=tick stats,tick=62,estimated_current_power=-nan,
end_task=,name=syrkprofile,elapsed_seconds=0.517688,predicted_seconds=inf,time_percent_error=inf,nthreads=32,end_time=9108.257604,avg_power_W=156.800000,max_power_W=165.000000,avg_time_s=0.051769,released_listeners=1,
start_task=,name=dosyrk,tick=63,start_time=9108.257653,nthreads=32,
message=tick stats,tick=63,estimated_current_power=-nan,
end_task=,name=dosyrk,elapsed_seconds=0.076024,predicted_seconds=inf,time_percent_error=inf,nthreads=32,end_time=9108.348625,avg_power_W=152.000000,max_power_W=154.000000,avg_time_s=0.076024,released_listeners=1,
start_task=,name=dogemm,tick=64,start_time=9108.348671,nthreads=32,
message=tick stats,tick=64,estimated_current_power=-nan,
end_task=,name=dogemm,elapsed_seconds=0.079334,predicted_seconds=inf,time_percent_error=inf,nthreads=32,end_time=9108.428541,avg_power_W=148.500000,max_power_W=152.000000,avg_time_s=0.079334,released_listeners=1,
start_task=,name=dosyrk,tick=65,start_time=9108.428588,nthreads=32,
message=tick stats,tick=65,estimated_current_power=-nan,
end_task=,name=dosyrk,elapsed_seconds=0.073647,predicted_seconds=inf,time_percent_error=inf,nthreads=32,end_time=9108.502759,avg_power_W=163.000000,max_power_W=163.000000,avg_time_s=0.073647,released_listeners=1,
start_task=,name=dogemm,tick=66,start_time=9108.502806,nthreads=32,
message=tick stats,tick=66,estimated_current_power=-nan,
end_task=,name=dogemm,elapsed_seconds=0.078181,predicted_seconds=inf,time_percent_error=inf,nthreads=32,end_time=9108.581487,avg_power_W=146.500000,max_power_W=150.000000,avg_time_s=0.078181,released_listeners=1,
start_task=,name=dogemm,tick=67,start_time=9108.581533,nthreads=32,
message=tick stats,tick=67,estimated_current_power=-nan,
end_task=,name=dogemm,elapsed_seconds=0.074929,predicted_seconds=inf,time_percent_error=inf,nthreads=32,end_time=9108.657049,avg_power_W=152.000000,max_power_W=152.000000,avg_time_s=0.074929,released_listeners=0,
start_task=,name=dosyrk,tick=68,start_time=9108.657095,nthreads=32,
message=tick stats,tick=68,estimated_current_power=-nan,
end_task=,name=dosyrk,elapsed_seconds=0.075038,predicted_seconds=inf,time_percent_error=inf,nthreads=32,end_time=9108.732773,avg_power_W=152.500000,max_power_W=162.000000,avg_time_s=0.075038,released_listeners=1,
start_task=,name=dogemm,tick=69,start_time=9108.732820,nthreads=32,
message=tick stats,tick=69,estimated_current_power=-nan,
end_task=,name=dogemm,elapsed_seconds=0.076298,predicted_seconds=inf,time_percent_error=inf,nthreads=32,end_time=9108.822077,avg_power_W=147.000000,max_power_W=151.000000,avg_time_s=0.076298,released_listeners=1,
start_task=,name=dogemm,tick=70,start_time=9108.822127,nthreads=32,
message=tick stats,tick=70,estimated_current_power=-nan,
end_task=,name=dogemm,elapsed_seconds=0.074882,predicted_seconds=inf,time_percent_error=inf,nthreads=32,end_time=9108.897922,avg_power_W=157.000000,max_power_W=157.000000,avg_time_s=0.074882,released_listeners=0,
start_task=,name=dogemm,tick=71,start_time=9108.897968,nthreads=32,
message=tick stats,tick=71,estimated_current_power=-nan,
end_task=,name=dogemm,elapsed_seconds=0.078012,predicted_seconds=inf,time_percent_error=inf,nthreads=32,end_time=9108.976602,avg_power_W=150.500000,max_power_W=154.000000,avg_time_s=0.078012,released_listeners=0,
start_task=,name=dosyrk,tick=72,start_time=9108.976647,nthreads=32,
message=tick stats,tick=72,estimated_current_power=-nan,
end_task=,name=dosyrk,elapsed_seconds=0.075793,predicted_seconds=inf,time_percent_error=inf,nthreads=32,end_time=9109.053062,avg_power_W=162.000000,max_power_W=162.000000,avg_time_s=0.075793,released_listeners=1,
start_task=,name=potrfprofile,tick=73,start_time=9109.053115,nthreads=32,
message=tick stats,tick=73,estimated_current_power=-nan,
end_task=,name=potrfprofile,elapsed_seconds=0.541069,predicted_seconds=inf,time_percent_error=inf,nthreads=32,end_time=9109.594788,avg_power_W=149.454545,max_power_W=153.000000,avg_time_s=0.054107,released_listeners=1,
start_task=,name=dopotrf,tick=74,start_time=9109.594835,nthreads=32,
message=tick stats,tick=74,estimated_current_power=-nan,
end_task=,name=dopotrf,elapsed_seconds=0.067571,predicted_seconds=inf,time_percent_error=inf,nthreads=32,end_time=9109.671897,avg_power_W=148.500000,max_power_W=150.000000,avg_time_s=0.067571,released_listeners=3,
start_task=,name=trsmprofile,tick=75,start_time=9109.671947,nthreads=32,
message=tick stats,tick=75,estimated_current_power=-nan,
end_task=,name=trsmprofile,elapsed_seconds=0.530716,predicted_seconds=inf,time_percent_error=inf,nthreads=32,end_time=9110.203805,avg_power_W=161.900000,max_power_W=165.000000,avg_time_s=0.033170,released_listeners=1,
start_task=,name=trsmprofile,tick=76,start_time=9110.203852,nthreads=32,
message=tick stats,tick=76,estimated_current_power=-nan,
end_task=,name=trsmprofile,elapsed_seconds=0.529242,predicted_seconds=inf,time_percent_error=inf,nthreads=32,end_time=9110.733714,avg_power_W=163.363636,max_power_W=165.000000,avg_time_s=0.033078,released_listeners=1,
start_task=,name=trsmprofile,tick=77,start_time=9110.733761,nthreads=32,
message=tick stats,tick=77,estimated_current_power=-nan,
end_task=,name=trsmprofile,elapsed_seconds=0.524958,predicted_seconds=inf,time_percent_error=inf,nthreads=32,end_time=9111.271499,avg_power_W=163.545455,max_power_W=165.000000,avg_time_s=0.032810,released_listeners=1,
start_task=,name=dotrsm,tick=78,start_time=9111.271550,nthreads=32,
message=tick stats,tick=78,estimated_current_power=-nan,
end_task=,name=dotrsm,elapsed_seconds=0.035344,predicted_seconds=inf,time_percent_error=inf,nthreads=32,end_time=9111.307464,avg_power_W=-nan,max_power_W=0.000000,avg_time_s=0.035344,released_listeners=3,
start_task=,name=dotrsm,tick=79,start_time=9111.307503,nthreads=32,
message=tick stats,tick=79,estimated_current_power=-nan,
end_task=,name=dotrsm,elapsed_seconds=0.036420,predicted_seconds=inf,time_percent_error=inf,nthreads=32,end_time=9111.344567,avg_power_W=154.000000,max_power_W=154.000000,avg_time_s=0.036420,released_listeners=3,
start_task=,name=dotrsm,tick=80,start_time=9111.344614,nthreads=32,
message=tick stats,tick=80,estimated_current_power=-nan,
end_task=,name=dotrsm,elapsed_seconds=0.037303,predicted_seconds=inf,time_percent_error=inf,nthreads=32,end_time=9111.382531,avg_power_W=156.000000,max_power_W=156.000000,avg_time_s=0.037303,released_listeners=3,
start_task=,name=syrkprofile,tick=81,start_time=9111.382578,nthreads=32,
message=tick stats,tick=81,estimated_current_power=-nan,
end_task=,name=syrkprofile,elapsed_seconds=0.511916,predicted_seconds=inf,time_percent_error=inf,nthreads=32,end_time=9111.895125,avg_power_W=154.100000,max_power_W=157.000000,avg_time_s=0.051192,released_listeners=1,
start_task=,name=gemmprofile,tick=82,start_time=9111.895172,nthreads=32,
message=tick stats,tick=82,estimated_current_power=-nan,
end_task=,name=gemmprofile,elapsed_seconds=0.542624,predicted_seconds=inf,time_percent_error=inf,nthreads=32,end_time=9112.438384,avg_power_W=161.727273,max_power_W=170.000000,avg_time_s=0.054262,released_listeners=1,
start_task=,name=syrkprofile,tick=83,start_time=9112.438431,nthreads=32,
message=tick stats,tick=83,estimated_current_power=-nan,
end_task=,name=syrkprofile,elapsed_seconds=0.509351,predicted_seconds=inf,time_percent_error=inf,nthreads=32,end_time=9112.948961,avg_power_W=155.700000,max_power_W=161.000000,avg_time_s=0.050935,released_listeners=1,
start_task=,name=gemmprofile,tick=84,start_time=9112.949008,nthreads=32,
message=tick stats,tick=84,estimated_current_power=-nan,
end_task=,name=gemmprofile,elapsed_seconds=0.541154,predicted_seconds=inf,time_percent_error=inf,nthreads=32,end_time=9113.490712,avg_power_W=161.454545,max_power_W=167.000000,avg_time_s=0.054115,released_listeners=1,
start_task=,name=gemmprofile,tick=85,start_time=9113.490768,nthreads=32,
message=tick stats,tick=85,estimated_current_power=-nan,
end_task=,name=gemmprofile,elapsed_seconds=0.541427,predicted_seconds=inf,time_percent_error=inf,nthreads=32,end_time=9114.032813,avg_power_W=164.090909,max_power_W=169.000000,avg_time_s=0.054143,released_listeners=1,
start_task=,name=syrkprofile,tick=86,start_time=9114.032860,nthreads=32,
message=tick stats,tick=86,estimated_current_power=-nan,
end_task=,name=syrkprofile,elapsed_seconds=0.515426,predicted_seconds=inf,time_percent_error=inf,nthreads=32,end_time=9114.548857,avg_power_W=154.700000,max_power_W=163.000000,avg_time_s=0.051543,released_listeners=1,
start_task=,name=dosyrk,tick=87,start_time=9114.548904,nthreads=32,
message=tick stats,tick=87,estimated_current_power=-nan,
end_task=,name=dosyrk,elapsed_seconds=0.075896,predicted_seconds=inf,time_percent_error=inf,nthreads=32,end_time=9114.625322,avg_power_W=151.500000,max_power_W=156.000000,avg_time_s=0.075896,released_listeners=1,
start_task=,name=dogemm,tick=88,start_time=9114.625369,nthreads=32,
message=tick stats,tick=88,estimated_current_power=-nan,
end_task=,name=dogemm,elapsed_seconds=0.079544,predicted_seconds=inf,time_percent_error=inf,nthreads=32,end_time=9114.705474,avg_power_W=151.000000,max_power_W=151.000000,avg_time_s=0.079544,released_listeners=1,
start_task=,name=dosyrk,tick=89,start_time=9114.705521,nthreads=32,
message=tick stats,tick=89,estimated_current_power=-nan,
end_task=,name=dosyrk,elapsed_seconds=0.075708,predicted_seconds=inf,time_percent_error=inf,nthreads=32,end_time=9114.781864,avg_power_W=158.000000,max_power_W=165.000000,avg_time_s=0.075708,released_listeners=1,
start_task=,name=dogemm,tick=90,start_time=9114.781911,nthreads=32,
message=tick stats,tick=90,estimated_current_power=-nan,
end_task=,name=dogemm,elapsed_seconds=0.078101,predicted_seconds=inf,time_percent_error=inf,nthreads=32,end_time=9114.871871,avg_power_W=150.500000,max_power_W=151.000000,avg_time_s=0.078101,released_listeners=1,
start_task=,name=dogemm,tick=91,start_time=9114.871922,nthreads=32,
message=tick stats,tick=91,estimated_current_power=-nan,
end_task=,name=dogemm,elapsed_seconds=0.080848,predicted_seconds=inf,time_percent_error=inf,nthreads=32,end_time=9114.953562,avg_power_W=162.000000,max_power_W=162.000000,avg_time_s=0.080848,released_listeners=0,
start_task=,name=dosyrk,tick=92,start_time=9114.953608,nthreads=32,
message=tick stats,tick=92,estimated_current_power=-nan,
end_task=,name=dosyrk,elapsed_seconds=0.077599,predicted_seconds=inf,time_percent_error=inf,nthreads=32,end_time=9115.031854,avg_power_W=156.500000,max_power_W=159.000000,avg_time_s=0.077599,released_listeners=1,
start_task=,name=potrfprofile,tick=93,start_time=9115.031901,nthreads=32,
message=tick stats,tick=93,estimated_current_power=-nan,
end_task=,name=potrfprofile,elapsed_seconds=0.524793,predicted_seconds=inf,time_percent_error=inf,nthreads=32,end_time=9115.557290,avg_power_W=149.500000,max_power_W=153.000000,avg_time_s=0.052479,released_listeners=1,
start_task=,name=dopotrf,tick=94,start_time=9115.557337,nthreads=32,
message=tick stats,tick=94,estimated_current_power=-nan,
end_task=,name=dopotrf,elapsed_seconds=0.062581,predicted_seconds=inf,time_percent_error=inf,nthreads=32,end_time=9115.621852,avg_power_W=150.500000,max_power_W=151.000000,avg_time_s=0.062581,released_listeners=2,
start_task=,name=trsmprofile,tick=95,start_time=9115.621902,nthreads=32,
message=tick stats,tick=95,estimated_current_power=-nan,
end_task=,name=trsmprofile,elapsed_seconds=0.519301,predicted_seconds=inf,time_percent_error=inf,nthreads=32,end_time=9116.141858,avg_power_W=160.100000,max_power_W=164.000000,avg_time_s=0.034620,released_listeners=1,
start_task=,name=trsmprofile,tick=96,start_time=9116.141905,nthreads=32,
message=tick stats,tick=96,estimated_current_power=-nan,
end_task=,name=trsmprofile,elapsed_seconds=0.514036,predicted_seconds=inf,time_percent_error=inf,nthreads=32,end_time=9116.656530,avg_power_W=161.600000,max_power_W=164.000000,avg_time_s=0.034269,released_listeners=1,
start_task=,name=dotrsm,tick=97,start_time=9116.656580,nthreads=32,
message=tick stats,tick=97,estimated_current_power=-nan,
end_task=,name=dotrsm,elapsed_seconds=0.038600,predicted_seconds=inf,time_percent_error=inf,nthreads=32,end_time=9116.695757,avg_power_W=162.000000,max_power_W=162.000000,avg_time_s=0.038600,released_listeners=2,
start_task=,name=dotrsm,tick=98,start_time=9116.695804,nthreads=32,
message=tick stats,tick=98,estimated_current_power=-nan,
end_task=,name=dotrsm,elapsed_seconds=0.037726,predicted_seconds=inf,time_percent_error=inf,nthreads=32,end_time=9116.734107,avg_power_W=158.000000,max_power_W=158.000000,avg_time_s=0.037726,released_listeners=2,
start_task=,name=syrkprofile,tick=99,start_time=9116.734154,nthreads=32,
message=tick stats,tick=99,estimated_current_power=-nan,
end_task=,name=syrkprofile,elapsed_seconds=0.523609,predicted_seconds=inf,time_percent_error=inf,nthreads=32,end_time=9117.271678,avg_power_W=154.636364,max_power_W=157.000000,avg_time_s=0.052361,released_listeners=1,
start_task=,name=gemmprofile,tick=100,start_time=9117.271728,nthreads=32,
message=tick stats,tick=100,estimated_current_power=-nan,
end_task=,name=gemmprofile,elapsed_seconds=0.542165,predicted_seconds=inf,time_percent_error=inf,nthreads=32,end_time=9117.821564,avg_power_W=160.545455,max_power_W=168.000000,avg_time_s=0.054216,released_listeners=1,
start_task=,name=syrkprofile,tick=101,start_time=9117.821614,nthreads=32,
message=tick stats,tick=101,estimated_current_power=-nan,
end_task=,name=syrkprofile,elapsed_seconds=0.525753,predicted_seconds=inf,time_percent_error=inf,nthreads=32,end_time=9118.347970,avg_power_W=153.600000,max_power_W=160.000000,avg_time_s=0.052575,released_listeners=1,
start_task=,name=dosyrk,tick=102,start_time=9118.348017,nthreads=32,
message=tick stats,tick=102,estimated_current_power=-nan,
end_task=,name=dosyrk,elapsed_seconds=0.077179,predicted_seconds=inf,time_percent_error=inf,nthreads=32,end_time=9118.425733,avg_power_W=150.000000,max_power_W=156.000000,avg_time_s=0.077179,released_listeners=1,
start_task=,name=dogemm,tick=103,start_time=9118.425781,nthreads=32,
message=tick stats,tick=103,estimated_current_power=-nan,
end_task=,name=dogemm,elapsed_seconds=0.077004,predicted_seconds=inf,time_percent_error=inf,nthreads=32,end_time=9118.503398,avg_power_W=149.000000,max_power_W=149.000000,avg_time_s=0.077004,released_listeners=1,
start_task=,name=dosyrk,tick=104,start_time=9118.503447,nthreads=32,
message=tick stats,tick=104,estimated_current_power=-nan,
end_task=,name=dosyrk,elapsed_seconds=0.076246,predicted_seconds=inf,time_percent_error=inf,nthreads=32,end_time=9118.580463,avg_power_W=149.000000,max_power_W=154.000000,avg_time_s=0.076246,released_listeners=1,
start_task=,name=potrfprofile,tick=105,start_time=9118.580510,nthreads=32,
message=tick stats,tick=105,estimated_current_power=-nan,
end_task=,name=potrfprofile,elapsed_seconds=0.533380,predicted_seconds=inf,time_percent_error=inf,nthreads=32,end_time=9119.121925,avg_power_W=150.000000,max_power_W=152.000000,avg_time_s=0.053338,released_listeners=1,
start_task=,name=dopotrf,tick=106,start_time=9119.121975,nthreads=32,
message=tick stats,tick=106,estimated_current_power=-nan,
end_task=,name=dopotrf,elapsed_seconds=0.067064,predicted_seconds=inf,time_percent_error=inf,nthreads=32,end_time=9119.189675,avg_power_W=151.000000,max_power_W=151.000000,avg_time_s=0.067064,released_listeners=1,
start_task=,name=trsmprofile,tick=107,start_time=9119.189721,nthreads=32,
message=tick stats,tick=107,estimated_current_power=-nan,
end_task=,name=trsmprofile,elapsed_seconds=0.520913,predicted_seconds=inf,time_percent_error=inf,nthreads=32,end_time=9119.721181,avg_power_W=161.636364,max_power_W=165.000000,avg_time_s=0.032557,released_listeners=1,
start_task=,name=dotrsm,tick=108,start_time=9119.721238,nthreads=32,
message=tick stats,tick=108,estimated_current_power=-nan,
end_task=,name=dotrsm,elapsed_seconds=0.035329,predicted_seconds=inf,time_percent_error=inf,nthreads=32,end_time=9119.757141,avg_power_W=-nan,max_power_W=0.000000,avg_time_s=0.035329,released_listeners=1,
start_task=,name=syrkprofile,tick=109,start_time=9119.757179,nthreads=32,
message=tick stats,tick=109,estimated_current_power=-nan,
end_task=,name=syrkprofile,elapsed_seconds=0.523591,predicted_seconds=inf,time_percent_error=inf,nthreads=32,end_time=9120.281430,avg_power_W=156.090909,max_power_W=160.000000,avg_time_s=0.052359,released_listeners=1,
start_task=,name=dosyrk,tick=110,start_time=9120.281479,nthreads=32,
message=tick stats,tick=110,estimated_current_power=-nan,
end_task=,name=dosyrk,elapsed_seconds=0.079511,predicted_seconds=inf,time_percent_error=inf,nthreads=32,end_time=9120.371786,avg_power_W=151.000000,max_power_W=155.000000,avg_time_s=0.079511,released_listeners=1,
start_task=,name=potrfprofile,tick=111,start_time=9120.371838,nthreads=32,
message=tick stats,tick=111,estimated_current_power=-nan,
end_task=,name=potrfprofile,elapsed_seconds=0.513120,predicted_seconds=inf,time_percent_error=inf,nthreads=32,end_time=9120.885614,avg_power_W=149.200000,max_power_W=152.000000,avg_time_s=0.051312,released_listeners=1,
start_task=,name=dopotrf,tick=112,start_time=9120.885662,nthreads=32,
message=tick stats,tick=112,estimated_current_power=-nan,
end_task=,name=dopotrf,elapsed_seconds=0.068818,predicted_seconds=inf,time_percent_error=inf,nthreads=32,end_time=9120.955088,avg_power_W=149.000000,max_power_W=149.000000,avg_time_s=0.068818,released_listeners=0,
est_max_power=inf,
average_power_W=149.000000,
max_power_W=149.000000,
time_s=33.747463,
message=ALL DONE,
