message=setting number of threads,nthreads=209,
message=Enough threads to go around,
start_task=,name=start,tick=1,start_time=687535.177489,nthreads=1,
end_task=,name=start,start_time=1460661872.006062,elapsed_seconds=0.005140,nthreads=1,released_listeners=2,
message=Scaling desired threads to those available,
start_task=,name=spmv,tick=2,start_time=687535.318774,nthreads=104,
start_task=,name=spmv,tick=2,start_time=687535.318975,nthreads=104,
end_task=,name=spmv,start_time=1460661872.147317,elapsed_seconds=1.141992,nthreads=104,released_listeners=1,
message=Enough threads to go around,
start_task=,name=subtract,tick=3,start_time=687536.461988,nthreads=1,
end_task=,name=subtract,start_time=1460661873.290532,elapsed_seconds=0.020358,nthreads=1,released_listeners=2,
message=Scaling desired threads to those available,
start_task=,name=myddot,tick=4,start_time=687536.493092,nthreads=104,
message=Enough threads to go around,
start_task=,name=copy,tick=5,start_time=687536.493152,nthreads=1,
end_task=,name=copy,start_time=1460661873.321702,elapsed_seconds=0.021184,nthreads=1,released_listeners=1,
message=Scaling desired threads to those available,
start_task=,name=spmv,tick=6,start_time=687536.518503,nthreads=1,
end_task=,name=spmv,start_time=1460661872.147517,elapsed_seconds=1.197174,nthreads=104,released_listeners=1,
message=Enough threads to go around,
start_task=,name=subtract,tick=7,start_time=687536.518983,nthreads=1,
end_task=,name=myddot,start_time=1460661873.321637,elapsed_seconds=0.029616,nthreads=104,released_listeners=1,
end_task=,name=spmv,start_time=1460661873.347045,elapsed_seconds=0.032538,nthreads=1,released_listeners=1,
message=Enough threads to go around,
start_task=,name=myddot,tick=8,start_time=687536.552415,nthreads=111,
end_task=,name=subtract,start_time=1460661873.347525,elapsed_seconds=0.059481,nthreads=1,released_listeners=2,
message=Scaling desired threads to those available,
start_task=,name=myddot,tick=9,start_time=687536.592687,nthreads=97,
message=Enough threads to go around,
start_task=,name=copy,tick=10,start_time=687536.592744,nthreads=1,
end_task=,name=copy,start_time=1460661873.421288,elapsed_seconds=0.002152,nthreads=1,released_listeners=1,
message=Scaling desired threads to those available,
start_task=,name=spmv,tick=11,start_time=687536.599738,nthreads=1,
end_task=,name=myddot,start_time=1460661873.421232,elapsed_seconds=0.003773,nthreads=97,released_listeners=1,
message=Enough threads to go around,
start_task=,name=sum_contribs,tick=12,start_time=687536.614655,nthreads=1,
end_task=,name=sum_contribs,start_time=1460661873.443198,elapsed_seconds=0.000634,nthreads=1,released_listeners=1,
end_task=,name=myddot,start_time=1460661873.380958,elapsed_seconds=0.101369,nthreads=111,released_listeners=1,
end_task=,name=spmv,start_time=1460661873.428280,elapsed_seconds=0.092610,nthreads=1,released_listeners=1,
message=Enough threads to go around,
start_task=,name=myddot,tick=13,start_time=687536.700720,nthreads=111,
end_task=,name=myddot,start_time=1460661873.529263,elapsed_seconds=0.037283,nthreads=111,released_listeners=1,
message=Enough threads to go around,
start_task=,name=sum_contribs,tick=14,start_time=687536.742248,nthreads=1,
end_task=,name=sum_contribs,start_time=1460661873.570792,elapsed_seconds=0.000584,nthreads=1,released_listeners=1,
message=Enough threads to go around,
start_task=,name=comp_alpha,tick=15,start_time=687536.748079,nthreads=1,
end_task=,name=comp_alpha,start_time=1460661873.576621,elapsed_seconds=0.000134,nthreads=1,released_listeners=4,
message=Scaling desired threads to those available,
start_task=,name=mydaxpy,tick=16,start_time=687536.757225,nthreads=52,
start_task=,name=mydaxpy,tick=16,start_time=687536.757346,nthreads=52,
start_task=,name=mydaxpy,tick=16,start_time=687536.757465,nthreads=52,
start_task=,name=mydaxpy,tick=16,start_time=687536.757584,nthreads=52,
end_task=,name=mydaxpy,start_time=1460661873.585768,elapsed_seconds=0.007323,nthreads=52,released_listeners=0,
end_task=,name=mydaxpy,start_time=1460661873.586008,elapsed_seconds=0.001727,nthreads=52,released_listeners=0,
end_task=,name=mydaxpy,start_time=1460661873.585889,elapsed_seconds=0.045330,nthreads=52,released_listeners=1,
message=Enough threads to go around,
start_task=,name=myddot,tick=17,start_time=687536.811173,nthreads=111,
end_task=,name=myddot,start_time=1460661873.639717,elapsed_seconds=0.031215,nthreads=111,released_listeners=1,
end_task=,name=mydaxpy,start_time=1460661873.586126,elapsed_seconds=0.239320,nthreads=52,released_listeners=1,
message=Enough threads to go around,
start_task=,name=myddot,tick=18,start_time=687537.011992,nthreads=111,
end_task=,name=myddot,start_time=1460661873.840536,elapsed_seconds=0.233545,nthreads=111,released_listeners=1,
message=Enough threads to go around,
start_task=,name=sum_contribs,tick=19,start_time=687537.249705,nthreads=1,
end_task=,name=sum_contribs,start_time=1460661874.078248,elapsed_seconds=0.000483,nthreads=1,released_listeners=2,
message=Enough threads to go around,
start_task=,name=comp_beta,tick=20,start_time=687537.252701,nthreads=1,
start_task=,name=assign,tick=20,start_time=687537.252726,nthreads=1,
end_task=,name=comp_beta,start_time=1460661874.081243,elapsed_seconds=0.000891,nthreads=1,released_listeners=2,
message=Enough threads to go around,
start_task=,name=dxapy,tick=21,start_time=687537.255309,nthreads=1,
start_task=,name=dxapy,tick=21,start_time=687537.255334,nthreads=1,
end_task=,name=dxapy,start_time=1460661874.083876,elapsed_seconds=0.000891,nthreads=1,released_listeners=0,
end_task=,name=dxapy,start_time=1460661874.083851,elapsed_seconds=0.001704,nthreads=1,released_listeners=0,
end_task=,name=assign,start_time=1460661874.081268,elapsed_seconds=0.000479,nthreads=1,released_listeners=0,
average_power_W=128.219512,
max_power_W=151.000000,
time_s=2.089285,
