message=setting number of threads,nthreads=13,
message=Enough threads to go around,
start_task=,name=start,tick=1,start_time=685985.749056,nthreads=1,
end_task=,name=start,start_time=1460660322.577628,elapsed_seconds=0.005862,nthreads=1,released_listeners=2,
message=Scaling desired threads to those available,
start_task=,name=spmv,tick=2,start_time=685985.896500,nthreads=6,
start_task=,name=spmv,tick=2,start_time=685985.896536,nthreads=6,
end_task=,name=spmv,start_time=1460660322.725043,elapsed_seconds=0.062341,nthreads=6,released_listeners=1,
message=Enough threads to go around,
start_task=,name=subtract,tick=3,start_time=685985.964351,nthreads=1,
end_task=,name=spmv,start_time=1460660322.725079,elapsed_seconds=0.067658,nthreads=6,released_listeners=1,
message=Enough threads to go around,
start_task=,name=subtract,tick=4,start_time=685985.965573,nthreads=1,
end_task=,name=subtract,start_time=1460660322.794115,elapsed_seconds=0.019878,nthreads=1,released_listeners=2,
message=Scaling desired threads to those available,
start_task=,name=myddot,tick=5,start_time=685985.986814,nthreads=11,
message=Enough threads to go around,
start_task=,name=copy,tick=6,start_time=685985.986864,nthreads=1,
end_task=,name=subtract,start_time=1460660322.792894,elapsed_seconds=0.022167,nthreads=1,released_listeners=2,
message=Scaling desired threads to those available,
message=Scaling desired threads to those available,
message=Scaling desired threads to those available,
message=Scaling desired threads to those available,
message=Scaling desired threads to those available,
message=Scaling desired threads to those available,
message=Scaling desired threads to those available,
message=Scaling desired threads to those available,
message=Scaling desired threads to those available,
message=Scaling desired threads to those available,
message=Scaling desired threads to those available,
message=Scaling desired threads to those available,
message=Scaling desired threads to those available,
message=Scaling desired threads to those available,
message=Scaling desired threads to those available,
message=Scaling desired threads to those available,
message=Scaling desired threads to those available,
message=Scaling desired threads to those available,
message=Scaling desired threads to those available,
message=Scaling desired threads to those available,
message=Scaling desired threads to those available,
message=Scaling desired threads to those available,
message=Scaling desired threads to those available,
message=Scaling desired threads to those available,
message=Scaling desired threads to those available,
message=Scaling desired threads to those available,
message=Scaling desired threads to those available,
message=Scaling desired threads to those available,
message=Scaling desired threads to those available,
message=Scaling desired threads to those available,
message=Scaling desired threads to those available,
message=Scaling desired threads to those available,
message=Scaling desired threads to those available,
message=Scaling desired threads to those available,
message=Scaling desired threads to those available,
message=Scaling desired threads to those available,
message=Scaling desired threads to those available,
message=Scaling desired threads to those available,
message=Scaling desired threads to those available,
message=Scaling desired threads to those available,
message=Scaling desired threads to those available,
message=Scaling desired threads to those available,
message=Scaling desired threads to those available,
message=Scaling desired threads to those available,
message=Scaling desired threads to those available,
message=Scaling desired threads to those available,
message=Scaling desired threads to those available,
message=Scaling desired threads to those available,
message=Scaling desired threads to those available,
message=Scaling desired threads to those available,
message=Scaling desired threads to those available,
message=Scaling desired threads to those available,
message=Scaling desired threads to those available,
message=Scaling desired threads to those available,
message=Scaling desired threads to those available,
message=Scaling desired threads to those available,
message=Scaling desired threads to those available,
message=Scaling desired threads to those available,
message=Scaling desired threads to those available,
message=Scaling desired threads to those available,
message=Scaling desired threads to those available,
message=Scaling desired threads to those available,
message=Scaling desired threads to those available,
message=Scaling desired threads to those available,
message=Scaling desired threads to those available,
message=Scaling desired threads to those available,
message=Scaling desired threads to those available,
message=Scaling desired threads to those available,
message=Scaling desired threads to those available,
message=Scaling desired threads to those available,
message=Scaling desired threads to those available,
message=Scaling desired threads to those available,
message=Scaling desired threads to those available,
message=Scaling desired threads to those available,
message=Scaling desired threads to those available,
message=Scaling desired threads to those available,
message=Scaling desired threads to those available,
message=Scaling desired threads to those available,
message=Scaling desired threads to those available,
message=Scaling desired threads to those available,
message=Scaling desired threads to those available,
message=Scaling desired threads to those available,
message=Scaling desired threads to those available,
message=Scaling desired threads to those available,
message=Scaling desired threads to those available,
message=Scaling desired threads to those available,
message=Scaling desired threads to those available,
message=Scaling desired threads to those available,
message=Scaling desired threads to those available,
message=Scaling desired threads to those available,
message=Scaling desired threads to those available,
message=Scaling desired threads to those available,
message=Scaling desired threads to those available,
message=Scaling desired threads to those available,
message=Scaling desired threads to those available,
message=Scaling desired threads to those available,
message=Scaling desired threads to those available,
message=Scaling desired threads to those available,
message=Scaling desired threads to those available,
message=Scaling desired threads to those available,
message=Scaling desired threads to those available,
message=Scaling desired threads to those available,
message=Scaling desired threads to those available,
message=Scaling desired threads to those available,
message=Scaling desired threads to those available,
message=Scaling desired threads to those available,
message=Scaling desired threads to those available,
message=Scaling desired threads to those available,
message=Scaling desired threads to those available,
message=Scaling desired threads to those available,
message=Scaling desired threads to those available,
message=Scaling desired threads to those available,
message=Scaling desired threads to those available,
message=Scaling desired threads to those available,
message=Scaling desired threads to those available,
message=Scaling desired threads to those available,
message=Scaling desired threads to those available,
message=Scaling desired threads to those available,
message=Scaling desired threads to those available,
message=Scaling desired threads to those available,
message=Scaling desired threads to those available,
message=Scaling desired threads to those available,
message=Scaling desired threads to those available,
message=Scaling desired threads to those available,
message=Scaling desired threads to those available,
message=Scaling desired threads to those available,
message=Scaling desired threads to those available,
message=Scaling desired threads to those available,
message=Scaling desired threads to those available,
message=Scaling desired threads to those available,
message=Scaling desired threads to those available,
message=Scaling desired threads to those available,
message=Scaling desired threads to those available,
message=Scaling desired threads to those available,
message=Scaling desired threads to those available,
message=Scaling desired threads to those available,
message=Scaling desired threads to those available,
message=Scaling desired threads to those available,
message=Scaling desired threads to those available,
message=Scaling desired threads to those available,
message=Scaling desired threads to those available,
message=Scaling desired threads to those available,
message=Scaling desired threads to those available,
message=Scaling desired threads to those available,
message=Scaling desired threads to those available,
message=Scaling desired threads to those available,
message=Scaling desired threads to those available,
message=Scaling desired threads to those available,
message=Scaling desired threads to those available,
message=Scaling desired threads to those available,
message=Scaling desired threads to those available,
message=Scaling desired threads to those available,
message=Scaling desired threads to those available,
message=Scaling desired threads to those available,
message=Scaling desired threads to those available,
message=Scaling desired threads to those available,
message=Scaling desired threads to those available,
message=Scaling desired threads to those available,
message=Scaling desired threads to those available,
message=Scaling desired threads to those available,
message=Scaling desired threads to those available,
message=Scaling desired threads to those available,
message=Scaling desired threads to those available,
message=Scaling desired threads to those available,
message=Scaling desired threads to those available,
message=Scaling desired threads to those available,
message=Scaling desired threads to those available,
message=Scaling desired threads to those available,
message=Scaling desired threads to those available,
message=Scaling desired threads to those available,
message=Scaling desired threads to those available,
message=Scaling desired threads to those available,
message=Scaling desired threads to those available,
message=Scaling desired threads to those available,
message=Scaling desired threads to those available,
message=Scaling desired threads to those available,
message=Scaling desired threads to those available,
message=Scaling desired threads to those available,
message=Scaling desired threads to those available,
message=Scaling desired threads to those available,
message=Scaling desired threads to those available,
message=Scaling desired threads to those available,
message=Scaling desired threads to those available,
message=Scaling desired threads to those available,
message=Scaling desired threads to those available,
message=Scaling desired threads to those available,
message=Scaling desired threads to those available,
message=Scaling desired threads to those available,
message=Scaling desired threads to those available,
message=Scaling desired threads to those available,
message=Scaling desired threads to those available,
message=Scaling desired threads to those available,
message=Scaling desired threads to those available,
message=Scaling desired threads to those available,
message=Scaling desired threads to those available,
message=Scaling desired threads to those available,
message=Scaling desired threads to those available,
message=Scaling desired threads to those available,
message=Scaling desired threads to those available,
message=Scaling desired threads to those available,
message=Scaling desired threads to those available,
message=Scaling desired threads to those available,
message=Scaling desired threads to those available,
message=Scaling desired threads to those available,
message=Scaling desired threads to those available,
message=Scaling desired threads to those available,
message=Scaling desired threads to those available,
message=Scaling desired threads to those available,
message=Scaling desired threads to those available,
message=Scaling desired threads to those available,
message=Scaling desired threads to those available,
message=Scaling desired threads to those available,
message=Scaling desired threads to those available,
message=Scaling desired threads to those available,
message=Scaling desired threads to those available,
message=Scaling desired threads to those available,
message=Scaling desired threads to those available,
message=Scaling desired threads to those available,
message=Scaling desired threads to those available,
message=Scaling desired threads to those available,
message=Scaling desired threads to those available,
message=Scaling desired threads to those available,
message=Scaling desired threads to those available,
message=Scaling desired threads to those available,
message=Scaling desired threads to those available,
message=Scaling desired threads to those available,
message=Scaling desired threads to those available,
message=Scaling desired threads to those available,
message=Scaling desired threads to those available,
message=Scaling desired threads to those available,
message=Scaling desired threads to those available,
message=Scaling desired threads to those available,
message=Scaling desired threads to those available,
message=Scaling desired threads to those available,
message=Scaling desired threads to those available,
message=Scaling desired threads to those available,
message=Scaling desired threads to those available,
message=Scaling desired threads to those available,
message=Scaling desired threads to those available,
message=Scaling desired threads to those available,
message=Scaling desired threads to those available,
message=Scaling desired threads to those available,
message=Scaling desired threads to those available,
message=Scaling desired threads to those available,
message=Scaling desired threads to those available,
message=Scaling desired threads to those available,
message=Scaling desired threads to those available,
message=Scaling desired threads to those available,
message=Scaling desired threads to those available,
message=Scaling desired threads to those available,
message=Scaling desired threads to those available,
message=Scaling desired threads to those available,
message=Scaling desired threads to those available,
message=Scaling desired threads to those available,
message=Scaling desired threads to those available,
message=Scaling desired threads to those available,
message=Scaling desired threads to those available,
message=Scaling desired threads to those available,
message=Scaling desired threads to those available,
message=Scaling desired threads to those available,
message=Scaling desired threads to those available,
message=Scaling desired threads to those available,
message=Scaling desired threads to those available,
message=Scaling desired threads to those available,
message=Scaling desired threads to those available,
message=Scaling desired threads to those available,
message=Scaling desired threads to those available,
message=Scaling desired threads to those available,
message=Scaling desired threads to those available,
message=Scaling desired threads to those available,
message=Scaling desired threads to those available,
message=Scaling desired threads to those available,
message=Scaling desired threads to those available,
message=Scaling desired threads to those available,
message=Scaling desired threads to those available,
message=Scaling desired threads to those available,
message=Scaling desired threads to those available,
message=Scaling desired threads to those available,
message=Scaling desired threads to those available,
message=Scaling desired threads to those available,
message=Scaling desired threads to those available,
message=Scaling desired threads to those available,
message=Scaling desired threads to those available,
message=Scaling desired threads to those available,
message=Scaling desired threads to those available,
message=Scaling desired threads to those available,
message=Scaling desired threads to those available,
message=Scaling desired threads to those available,
message=Scaling desired threads to those available,
message=Scaling desired threads to those available,
message=Scaling desired threads to those available,
message=Scaling desired threads to those available,
message=Scaling desired threads to those available,
message=Scaling desired threads to those available,
message=Scaling desired threads to those available,
message=Scaling desired threads to those available,
message=Scaling desired threads to those available,
message=Scaling desired threads to those available,
message=Scaling desired threads to those available,
message=Scaling desired threads to those available,
message=Scaling desired threads to those available,
message=Scaling desired threads to those available,
message=Scaling desired threads to those available,
message=Scaling desired threads to those available,
message=Scaling desired threads to those available,
message=Scaling desired threads to those available,
message=Scaling desired threads to those available,
message=Scaling desired threads to those available,
message=Scaling desired threads to those available,
message=Scaling desired threads to those available,
message=Scaling desired threads to those available,
message=Scaling desired threads to those available,
message=Scaling desired threads to those available,
message=Scaling desired threads to those available,
message=Scaling desired threads to those available,
message=Scaling desired threads to those available,
message=Scaling desired threads to those available,
message=Scaling desired threads to those available,
message=Scaling desired threads to those available,
message=Scaling desired threads to those available,
message=Scaling desired threads to those available,
message=Scaling desired threads to those available,
message=Scaling desired threads to those available,
message=Scaling desired threads to those available,
message=Scaling desired threads to those available,
message=Scaling desired threads to those available,
message=Scaling desired threads to those available,
message=Scaling desired threads to those available,
message=Scaling desired threads to those available,
message=Scaling desired threads to those available,
message=Scaling desired threads to those available,
message=Scaling desired threads to those available,
message=Scaling desired threads to those available,
message=Scaling desired threads to those available,
message=Scaling desired threads to those available,
message=Scaling desired threads to those available,
message=Scaling desired threads to those available,
end_task=,name=myddot,start_time=1460660322.815356,elapsed_seconds=0.010836,nthreads=11,released_listeners=1,
message=Scaling desired threads to those available,
start_task=,name=myddot,tick=344,start_time=685985.998260,nthreads=11,
message=Enough threads to go around,
start_task=,name=copy,tick=345,start_time=685985.998314,nthreads=1,
end_task=,name=myddot,start_time=1460660322.826804,elapsed_seconds=0.005539,nthreads=11,released_listeners=1,
end_task=,name=copy,start_time=1460660322.826857,elapsed_seconds=0.000549,nthreads=1,released_listeners=1,
message=Scaling desired threads to those available,
start_task=,name=spmv,tick=346,start_time=685986.012879,nthreads=11,
message=Enough threads to go around,
start_task=,name=sum_contribs,tick=347,start_time=685986.012932,nthreads=1,
end_task=,name=sum_contribs,start_time=1460660322.841475,elapsed_seconds=0.000364,nthreads=1,released_listeners=1,
end_task=,name=copy,start_time=1460660322.815408,elapsed_seconds=0.035263,nthreads=1,released_listeners=1,
message=Scaling desired threads to those available,
start_task=,name=spmv,tick=348,start_time=685986.032622,nthreads=2,
end_task=,name=spmv,start_time=1460660322.861164,elapsed_seconds=0.051845,nthreads=2,released_listeners=1,
message=Scaling desired threads to those available,
start_task=,name=myddot,tick=349,start_time=685986.085440,nthreads=2,
end_task=,name=spmv,start_time=1460660322.841422,elapsed_seconds=0.074755,nthreads=11,released_listeners=1,
message=Scaling desired threads to those available,
start_task=,name=myddot,tick=350,start_time=685986.088625,nthreads=11,
end_task=,name=myddot,start_time=1460660322.913983,elapsed_seconds=0.003395,nthreads=2,released_listeners=1,
end_task=,name=myddot,start_time=1460660322.917168,elapsed_seconds=0.072575,nthreads=11,released_listeners=1,
message=Enough threads to go around,
start_task=,name=sum_contribs,tick=351,start_time=685986.167993,nthreads=1,
end_task=,name=sum_contribs,start_time=1460660322.996537,elapsed_seconds=0.000304,nthreads=1,released_listeners=1,
message=Enough threads to go around,
start_task=,name=comp_alpha,tick=352,start_time=685986.169287,nthreads=1,
end_task=,name=comp_alpha,start_time=1460660322.997829,elapsed_seconds=0.000163,nthreads=1,released_listeners=4,
message=Scaling desired threads to those available,
start_task=,name=mydaxpy,tick=353,start_time=685986.170231,nthreads=3,
start_task=,name=mydaxpy,tick=353,start_time=685986.170259,nthreads=3,
start_task=,name=mydaxpy,tick=353,start_time=685986.170284,nthreads=3,
start_task=,name=mydaxpy,tick=353,start_time=685986.170309,nthreads=3,
end_task=,name=mydaxpy,start_time=1460660322.998826,elapsed_seconds=0.001507,nthreads=3,released_listeners=0,
end_task=,name=mydaxpy,start_time=1460660322.998773,elapsed_seconds=0.001906,nthreads=3,released_listeners=0,
end_task=,name=mydaxpy,start_time=1460660322.998801,elapsed_seconds=0.002491,nthreads=3,released_listeners=1,
message=Scaling desired threads to those available,
start_task=,name=myddot,tick=354,start_time=685986.173818,nthreads=10,
end_task=,name=myddot,start_time=1460660323.002360,elapsed_seconds=0.022199,nthreads=10,released_listeners=1,
end_task=,name=mydaxpy,start_time=1460660322.998851,elapsed_seconds=0.052670,nthreads=3,released_listeners=1,
message=Scaling desired threads to those available,
start_task=,name=myddot,tick=355,start_time=685986.225364,nthreads=13,
end_task=,name=myddot,start_time=1460660323.053907,elapsed_seconds=0.060274,nthreads=13,released_listeners=1,
message=Enough threads to go around,
start_task=,name=sum_contribs,tick=356,start_time=685986.286641,nthreads=1,
end_task=,name=sum_contribs,start_time=1460660323.115184,elapsed_seconds=0.001427,nthreads=1,released_listeners=2,
message=Enough threads to go around,
start_task=,name=comp_beta,tick=357,start_time=685986.288641,nthreads=1,
start_task=,name=assign,tick=357,start_time=685986.288666,nthreads=1,
end_task=,name=comp_beta,start_time=1460660323.117183,elapsed_seconds=0.000160,nthreads=1,released_listeners=2,
message=Enough threads to go around,
start_task=,name=dxapy,tick=358,start_time=685986.289245,nthreads=1,
start_task=,name=dxapy,tick=358,start_time=685986.289270,nthreads=1,
end_task=,name=assign,start_time=1460660323.117208,elapsed_seconds=0.000246,nthreads=1,released_listeners=0,
end_task=,name=dxapy,start_time=1460660323.117812,elapsed_seconds=0.000854,nthreads=1,released_listeners=0,
end_task=,name=dxapy,start_time=1460660323.117788,elapsed_seconds=0.000649,nthreads=1,released_listeners=0,
average_power_W=117.000000,
max_power_W=120.000000,
time_s=0.542073,
