message=setting number of threads,nthreads=227,
message=Enough threads to go around,
start_task=,name=start,tick=1,start_time=687618.641331,nthreads=1,
end_task=,name=start,start_time=1460661955.469892,elapsed_seconds=0.005277,nthreads=1,released_listeners=2,
message=Scaling desired threads to those available,
start_task=,name=spmv,tick=2,start_time=687618.805331,nthreads=113,
start_task=,name=spmv,tick=2,start_time=687618.805588,nthreads=113,
end_task=,name=spmv,start_time=1460661955.634133,elapsed_seconds=0.513801,nthreads=113,released_listeners=1,
message=Enough threads to go around,
start_task=,name=subtract,tick=3,start_time=687619.329941,nthreads=1,
end_task=,name=spmv,start_time=1460661955.633877,elapsed_seconds=0.535404,nthreads=113,released_listeners=1,
message=Enough threads to go around,
start_task=,name=subtract,tick=4,start_time=687619.362495,nthreads=1,
end_task=,name=subtract,start_time=1460661956.191043,elapsed_seconds=0.024600,nthreads=1,released_listeners=2,
message=Enough threads to go around,
start_task=,name=copy,tick=5,start_time=687619.390828,nthreads=1,
start_task=,name=myddot,tick=5,start_time=687619.391105,nthreads=111,
end_task=,name=subtract,start_time=1460661956.158484,elapsed_seconds=0.059219,nthreads=1,released_listeners=2,
message=Enough threads to go around,
start_task=,name=copy,tick=6,start_time=687619.391250,nthreads=1,
start_task=,name=myddot,tick=6,start_time=687619.411093,nthreads=111,
end_task=,name=copy,start_time=1460661956.219374,elapsed_seconds=0.000412,nthreads=1,released_listeners=1,
end_task=,name=copy,start_time=1460661956.219793,elapsed_seconds=0.000984,nthreads=1,released_listeners=1,
message=Scaling desired threads to those available,
start_task=,name=spmv,tick=7,start_time=687619.411254,nthreads=2,
start_task=,name=spmv,tick=7,start_time=687619.411288,nthreads=2,
end_task=,name=spmv,start_time=1460661956.239835,elapsed_seconds=0.039095,nthreads=2,released_listeners=1,
message=Scaling desired threads to those available,
start_task=,name=myddot,tick=8,start_time=687619.458524,nthreads=3,
end_task=,name=spmv,start_time=1460661956.239797,elapsed_seconds=0.053732,nthreads=2,released_listeners=1,
message=Scaling desired threads to those available,
start_task=,name=myddot,tick=9,start_time=687619.468256,nthreads=2,
end_task=,name=myddot,start_time=1460661956.287068,elapsed_seconds=0.011021,nthreads=3,released_listeners=1,
end_task=,name=myddot,start_time=1460661956.296799,elapsed_seconds=0.001244,nthreads=2,released_listeners=1,
message=Enough threads to go around,
start_task=,name=sum_contribs,tick=10,start_time=687619.474000,nthreads=1,
end_task=,name=sum_contribs,start_time=1460661956.302547,elapsed_seconds=0.000201,nthreads=1,released_listeners=1,
end_task=,name=myddot,start_time=1460661956.239640,elapsed_seconds=0.353390,nthreads=111,released_listeners=1,
end_task=,name=myddot,start_time=1460661956.219650,elapsed_seconds=0.655703,nthreads=111,released_listeners=1,
message=Enough threads to go around,
start_task=,name=sum_contribs,tick=11,start_time=687620.060583,nthreads=1,
end_task=,name=sum_contribs,start_time=1460661956.889129,elapsed_seconds=0.000609,nthreads=1,released_listeners=1,
message=Enough threads to go around,
start_task=,name=comp_alpha,tick=12,start_time=687620.068338,nthreads=1,
end_task=,name=comp_alpha,start_time=1460661956.896879,elapsed_seconds=0.001548,nthreads=1,released_listeners=4,
message=Scaling desired threads to those available,
start_task=,name=mydaxpy,tick=13,start_time=687620.071642,nthreads=56,
start_task=,name=mydaxpy,tick=13,start_time=687620.071782,nthreads=56,
start_task=,name=mydaxpy,tick=13,start_time=687620.071918,nthreads=56,
start_task=,name=mydaxpy,tick=13,start_time=687620.072061,nthreads=56,
end_task=,name=mydaxpy,start_time=1460661956.900461,elapsed_seconds=0.002936,nthreads=56,released_listeners=0,
end_task=,name=mydaxpy,start_time=1460661956.900605,elapsed_seconds=0.009755,nthreads=56,released_listeners=1,
message=Enough threads to go around,
start_task=,name=myddot,tick=14,start_time=687620.085653,nthreads=111,
end_task=,name=mydaxpy,start_time=1460661956.900186,elapsed_seconds=0.002484,nthreads=56,released_listeners=0,
end_task=,name=myddot,start_time=1460661956.914197,elapsed_seconds=0.017833,nthreads=111,released_listeners=1,
end_task=,name=mydaxpy,start_time=1460661956.900326,elapsed_seconds=0.017307,nthreads=56,released_listeners=1,
message=Enough threads to go around,
start_task=,name=myddot,tick=15,start_time=687620.107598,nthreads=111,
end_task=,name=myddot,start_time=1460661956.936141,elapsed_seconds=0.003998,nthreads=111,released_listeners=1,
message=Enough threads to go around,
start_task=,name=sum_contribs,tick=16,start_time=687620.120693,nthreads=1,
end_task=,name=sum_contribs,start_time=1460661956.949236,elapsed_seconds=0.003303,nthreads=1,released_listeners=2,
message=Enough threads to go around,
start_task=,name=comp_beta,tick=17,start_time=687620.124604,nthreads=1,
start_task=,name=assign,tick=17,start_time=687620.124634,nthreads=1,
end_task=,name=assign,start_time=1460661956.953181,elapsed_seconds=0.000507,nthreads=1,released_listeners=0,
end_task=,name=comp_beta,start_time=1460661956.953146,elapsed_seconds=0.000224,nthreads=1,released_listeners=2,
message=Enough threads to go around,
start_task=,name=dxapy,tick=18,start_time=687620.125833,nthreads=1,
start_task=,name=dxapy,tick=18,start_time=687620.125864,nthreads=1,
end_task=,name=dxapy,start_time=1460661956.954376,elapsed_seconds=0.000503,nthreads=1,released_listeners=0,
end_task=,name=dxapy,start_time=1460661956.954410,elapsed_seconds=0.000328,nthreads=1,released_listeners=0,
average_power_W=132.448276,
max_power_W=157.000000,
time_s=1.485771,
