message=setting number of threads,nthreads=222,
message=Enough threads to go around,
start_task=,name=start,tick=1,start_time=687595.487121,nthreads=1,
end_task=,name=start,start_time=1460661932.315700,elapsed_seconds=0.005253,nthreads=1,released_listeners=2,
message=Scaling desired threads to those available,
start_task=,name=spmv,tick=2,start_time=687595.626542,nthreads=111,
start_task=,name=spmv,tick=2,start_time=687595.626763,nthreads=111,
end_task=,name=spmv,start_time=1460661932.455086,elapsed_seconds=0.895676,nthreads=111,released_listeners=1,
message=Enough threads to go around,
start_task=,name=subtract,tick=3,start_time=687596.523738,nthreads=1,
end_task=,name=subtract,start_time=1460661933.352282,elapsed_seconds=0.020115,nthreads=1,released_listeners=2,
message=Scaling desired threads to those available,
start_task=,name=myddot,tick=4,start_time=687596.551218,nthreads=110,
message=Enough threads to go around,
start_task=,name=copy,tick=5,start_time=687596.551276,nthreads=1,
end_task=,name=copy,start_time=1460661933.379819,elapsed_seconds=0.068733,nthreads=1,released_listeners=1,
message=Scaling desired threads to those available,
start_task=,name=spmv,tick=6,start_time=687596.623507,nthreads=1,
end_task=,name=spmv,start_time=1460661932.455306,elapsed_seconds=0.999283,nthreads=111,released_listeners=1,
message=Enough threads to go around,
start_task=,name=subtract,tick=7,start_time=687596.628408,nthreads=1,
end_task=,name=myddot,start_time=1460661933.379762,elapsed_seconds=0.091714,nthreads=110,released_listeners=1,
end_task=,name=spmv,start_time=1460661933.452049,elapsed_seconds=0.028304,nthreads=1,released_listeners=1,
message=Enough threads to go around,
start_task=,name=myddot,tick=8,start_time=687596.656815,nthreads=111,
end_task=,name=subtract,start_time=1460661933.456951,elapsed_seconds=0.071509,nthreads=1,released_listeners=2,
message=Scaling desired threads to those available,
start_task=,name=myddot,tick=9,start_time=687596.705097,nthreads=110,
message=Enough threads to go around,
start_task=,name=copy,tick=10,start_time=687596.705152,nthreads=1,
end_task=,name=copy,start_time=1460661933.533702,elapsed_seconds=0.001041,nthreads=1,released_listeners=1,
message=Scaling desired threads to those available,
start_task=,name=spmv,tick=11,start_time=687596.709575,nthreads=1,
end_task=,name=myddot,start_time=1460661933.533641,elapsed_seconds=0.017309,nthreads=110,released_listeners=1,
message=Enough threads to go around,
start_task=,name=sum_contribs,tick=12,start_time=687596.724548,nthreads=1,
end_task=,name=sum_contribs,start_time=1460661933.553091,elapsed_seconds=0.002128,nthreads=1,released_listeners=1,
end_task=,name=myddot,start_time=1460661933.485358,elapsed_seconds=0.097764,nthreads=111,released_listeners=1,
end_task=,name=spmv,start_time=1460661933.538117,elapsed_seconds=0.062592,nthreads=1,released_listeners=1,
message=Enough threads to go around,
start_task=,name=myddot,tick=13,start_time=687596.775191,nthreads=111,
end_task=,name=myddot,start_time=1460661933.603734,elapsed_seconds=0.013431,nthreads=111,released_listeners=1,
message=Enough threads to go around,
start_task=,name=sum_contribs,tick=14,start_time=687596.802586,nthreads=1,
end_task=,name=sum_contribs,start_time=1460661933.631130,elapsed_seconds=0.000880,nthreads=1,released_listeners=1,
message=Enough threads to go around,
start_task=,name=comp_alpha,tick=15,start_time=687596.806269,nthreads=1,
end_task=,name=comp_alpha,start_time=1460661933.634811,elapsed_seconds=0.000130,nthreads=1,released_listeners=4,
message=Scaling desired threads to those available,
start_task=,name=mydaxpy,tick=16,start_time=687596.811298,nthreads=55,
start_task=,name=mydaxpy,tick=16,start_time=687596.811424,nthreads=55,
start_task=,name=mydaxpy,tick=16,start_time=687596.811549,nthreads=55,
start_task=,name=mydaxpy,tick=16,start_time=687596.811673,nthreads=55,
end_task=,name=mydaxpy,start_time=1460661933.640092,elapsed_seconds=0.002520,nthreads=55,released_listeners=0,
end_task=,name=mydaxpy,start_time=1460661933.639841,elapsed_seconds=0.007991,nthreads=55,released_listeners=0,
end_task=,name=mydaxpy,start_time=1460661933.639966,elapsed_seconds=0.024646,nthreads=55,released_listeners=1,
message=Enough threads to go around,
start_task=,name=myddot,tick=17,start_time=687596.854635,nthreads=111,
end_task=,name=myddot,start_time=1460661933.683180,elapsed_seconds=0.009546,nthreads=111,released_listeners=1,
end_task=,name=mydaxpy,start_time=1460661933.640215,elapsed_seconds=0.212993,nthreads=55,released_listeners=1,
message=Enough threads to go around,
start_task=,name=myddot,tick=18,start_time=687597.059808,nthreads=111,
end_task=,name=myddot,start_time=1460661933.888353,elapsed_seconds=0.198797,nthreads=111,released_listeners=1,
message=Enough threads to go around,
start_task=,name=sum_contribs,tick=19,start_time=687597.272099,nthreads=1,
end_task=,name=sum_contribs,start_time=1460661934.100642,elapsed_seconds=0.000772,nthreads=1,released_listeners=2,
message=Enough threads to go around,
start_task=,name=comp_beta,tick=20,start_time=687597.273757,nthreads=1,
start_task=,name=assign,tick=20,start_time=687597.273782,nthreads=1,
end_task=,name=comp_beta,start_time=1460661934.102299,elapsed_seconds=0.000154,nthreads=1,released_listeners=2,
message=Enough threads to go around,
start_task=,name=dxapy,tick=21,start_time=687597.274832,nthreads=1,
start_task=,name=dxapy,tick=21,start_time=687597.274857,nthreads=1,
end_task=,name=assign,start_time=1460661934.102324,elapsed_seconds=0.000673,nthreads=1,released_listeners=0,
end_task=,name=dxapy,start_time=1460661934.103375,elapsed_seconds=0.000636,nthreads=1,released_listeners=0,
end_task=,name=dxapy,start_time=1460661934.103399,elapsed_seconds=0.000764,nthreads=1,released_listeners=0,
average_power_W=128.857143,
max_power_W=148.000000,
time_s=1.789634,
