message=setting number of threads,nthreads=7,
message=Enough threads to go around,
start_task=,name=start,tick=1,start_time=685967.762068,nthreads=1,
end_task=,name=start,start_time=1460660304.590641,elapsed_seconds=0.005165,nthreads=1,released_listeners=2,
message=Scaling desired threads to those available,
start_task=,name=spmv,tick=2,start_time=685967.900181,nthreads=3,
start_task=,name=spmv,tick=2,start_time=685967.900215,nthreads=3,
end_task=,name=spmv,start_time=1460660304.728758,elapsed_seconds=0.023089,nthreads=3,released_listeners=1,
message=Enough threads to go around,
start_task=,name=subtract,tick=3,start_time=685967.927921,nthreads=1,
end_task=,name=spmv,start_time=1460660304.728725,elapsed_seconds=0.026823,nthreads=3,released_listeners=1,
message=Enough threads to go around,
start_task=,name=subtract,tick=4,start_time=685967.928351,nthreads=1,
end_task=,name=subtract,start_time=1460660304.756894,elapsed_seconds=0.018876,nthreads=1,released_listeners=2,
message=Scaling desired threads to those available,
start_task=,name=myddot,tick=5,start_time=685967.950147,nthreads=5,
end_task=,name=subtract,start_time=1460660304.756463,elapsed_seconds=0.021607,nthreads=1,released_listeners=2,
message=Scaling desired threads to those available,
start_task=,name=myddot,tick=6,start_time=685967.950255,nthreads=1,
message=Scaling desired threads to those available,
message=Scaling desired threads to those available,
message=Scaling desired threads to those available,
message=Scaling desired threads to those available,
message=Scaling desired threads to those available,
message=Scaling desired threads to those available,
message=Scaling desired threads to those available,
message=Scaling desired threads to those available,
message=Scaling desired threads to those available,
message=Scaling desired threads to those available,
message=Scaling desired threads to those available,
message=Scaling desired threads to those available,
message=Scaling desired threads to those available,
message=Scaling desired threads to those available,
message=Scaling desired threads to those available,
message=Scaling desired threads to those available,
message=Scaling desired threads to those available,
message=Scaling desired threads to those available,
message=Scaling desired threads to those available,
message=Scaling desired threads to those available,
message=Scaling desired threads to those available,
message=Scaling desired threads to those available,
message=Scaling desired threads to those available,
message=Scaling desired threads to those available,
message=Scaling desired threads to those available,
message=Scaling desired threads to those available,
message=Scaling desired threads to those available,
message=Scaling desired threads to those available,
message=Scaling desired threads to those available,
message=Scaling desired threads to those available,
message=Scaling desired threads to those available,
message=Scaling desired threads to those available,
message=Scaling desired threads to those available,
message=Scaling desired threads to those available,
message=Scaling desired threads to those available,
message=Scaling desired threads to those available,
message=Scaling desired threads to those available,
message=Scaling desired threads to those available,
message=Scaling desired threads to those available,
message=Scaling desired threads to those available,
message=Scaling desired threads to those available,
message=Scaling desired threads to those available,
message=Scaling desired threads to those available,
message=Scaling desired threads to those available,
message=Scaling desired threads to those available,
message=Scaling desired threads to those available,
message=Scaling desired threads to those available,
message=Scaling desired threads to those available,
message=Scaling desired threads to those available,
message=Scaling desired threads to those available,
message=Scaling desired threads to those available,
message=Scaling desired threads to those available,
message=Scaling desired threads to those available,
message=Scaling desired threads to those available,
message=Scaling desired threads to those available,
message=Scaling desired threads to those available,
message=Scaling desired threads to those available,
message=Scaling desired threads to those available,
message=Scaling desired threads to those available,
message=Scaling desired threads to those available,
message=Scaling desired threads to those available,
message=Scaling desired threads to those available,
message=Scaling desired threads to those available,
message=Scaling desired threads to those available,
message=Scaling desired threads to those available,
message=Scaling desired threads to those available,
message=Scaling desired threads to those available,
message=Scaling desired threads to those available,
message=Scaling desired threads to those available,
message=Scaling desired threads to those available,
message=Scaling desired threads to those available,
end_task=,name=myddot,start_time=1460660304.778797,elapsed_seconds=0.026602,nthreads=1,released_listeners=1,
message=Enough threads to go around,
start_task=,name=copy,tick=78,start_time=685967.981995,nthreads=1,
start_task=,name=copy,tick=78,start_time=685967.982025,nthreads=1,
end_task=,name=myddot,start_time=1460660304.778689,elapsed_seconds=0.001953,nthreads=5,released_listeners=1,
message=Enough threads to go around,
start_task=,name=sum_contribs,tick=79,start_time=685967.982079,nthreads=1,
end_task=,name=sum_contribs,start_time=1460660304.810622,elapsed_seconds=0.000310,nthreads=1,released_listeners=1,
end_task=,name=copy,start_time=1460660304.810539,elapsed_seconds=0.004588,nthreads=1,released_listeners=1,
message=Scaling desired threads to those available,
start_task=,name=spmv,tick=80,start_time=685967.992836,nthreads=6,
end_task=,name=copy,start_time=1460660304.810567,elapsed_seconds=0.022743,nthreads=1,released_listeners=1,
message=Scaling desired threads to those available,
start_task=,name=spmv,tick=81,start_time=685968.006696,nthreads=1,
end_task=,name=spmv,start_time=1460660304.835239,elapsed_seconds=0.033942,nthreads=1,released_listeners=1,
message=Scaling desired threads to those available,
start_task=,name=myddot,tick=82,start_time=685968.041937,nthreads=1,
end_task=,name=spmv,start_time=1460660304.821378,elapsed_seconds=0.027900,nthreads=6,released_listeners=1,
end_task=,name=myddot,start_time=1460660304.870479,elapsed_seconds=0.000457,nthreads=1,released_listeners=1,
message=Scaling desired threads to those available,
start_task=,name=myddot,tick=83,start_time=685968.043743,nthreads=6,
end_task=,name=myddot,start_time=1460660304.872285,elapsed_seconds=0.004790,nthreads=6,released_listeners=1,
message=Enough threads to go around,
start_task=,name=sum_contribs,tick=84,start_time=685968.051664,nthreads=1,
end_task=,name=sum_contribs,start_time=1460660304.880206,elapsed_seconds=0.002576,nthreads=1,released_listeners=1,
message=Enough threads to go around,
start_task=,name=comp_alpha,tick=85,start_time=685968.057888,nthreads=1,
end_task=,name=comp_alpha,start_time=1460660304.886431,elapsed_seconds=0.001998,nthreads=1,released_listeners=4,
message=Scaling desired threads to those available,
start_task=,name=mydaxpy,tick=86,start_time=685968.061199,nthreads=1,
start_task=,name=mydaxpy,tick=86,start_time=685968.061225,nthreads=1,
start_task=,name=mydaxpy,tick=86,start_time=685968.061245,nthreads=1,
start_task=,name=mydaxpy,tick=86,start_time=685968.061266,nthreads=1,
end_task=,name=mydaxpy,start_time=1460660304.889767,elapsed_seconds=0.000342,nthreads=1,released_listeners=1,
end_task=,name=mydaxpy,start_time=1460660304.889786,elapsed_seconds=0.000234,nthreads=1,released_listeners=0,
message=Scaling desired threads to those available,
start_task=,name=myddot,tick=87,start_time=685968.080263,nthreads=5,
end_task=,name=myddot,start_time=1460660304.908806,elapsed_seconds=0.000736,nthreads=5,released_listeners=1,
end_task=,name=mydaxpy,start_time=1460660304.889741,elapsed_seconds=0.046134,nthreads=1,released_listeners=0,
end_task=,name=mydaxpy,start_time=1460660304.889808,elapsed_seconds=0.054057,nthreads=1,released_listeners=1,
message=Scaling desired threads to those available,
start_task=,name=myddot,tick=88,start_time=685968.133046,nthreads=6,
end_task=,name=myddot,start_time=1460660304.961591,elapsed_seconds=0.006387,nthreads=6,released_listeners=1,
message=Enough threads to go around,
start_task=,name=sum_contribs,tick=89,start_time=685968.141977,nthreads=1,
end_task=,name=sum_contribs,start_time=1460660304.970519,elapsed_seconds=0.000196,nthreads=1,released_listeners=2,
message=Enough threads to go around,
start_task=,name=comp_beta,tick=90,start_time=685968.152046,nthreads=1,
start_task=,name=assign,tick=90,start_time=685968.152072,nthreads=1,
end_task=,name=comp_beta,start_time=1460660304.980589,elapsed_seconds=0.000748,nthreads=1,released_listeners=2,
end_task=,name=assign,start_time=1460660304.980619,elapsed_seconds=0.000228,nthreads=1,released_listeners=0,
message=Enough threads to go around,
start_task=,name=dxapy,tick=91,start_time=685968.177002,nthreads=1,
start_task=,name=dxapy,tick=91,start_time=685968.177030,nthreads=1,
end_task=,name=dxapy,start_time=1460660305.005573,elapsed_seconds=0.000939,nthreads=1,released_listeners=0,
end_task=,name=dxapy,start_time=1460660305.005545,elapsed_seconds=0.000504,nthreads=1,released_listeners=0,
average_power_W=116.625000,
max_power_W=119.000000,
time_s=0.431715,
