message=cataloging configuration,max_threads=110,power_limit=inf,
start_task=,name=start,tick=1,start_time=348843.891589,nthreads=110,
message=tick stats,tick=1,estimated_current_power=inf,
end_task=,name=start,elapsed_seconds=0.509010,predicted_seconds=inf,time_percent_error=inf,nthreads=110,end_time=348844.405686,avg_power_W=117.400000,max_power_W=125.000000,avg_time_s=0.000000,released_listeners=8,
start_task=,name=spmv,tick=2,start_time=348844.405781,nthreads=110,
message=tick stats,tick=2,estimated_current_power=-nan,
end_task=,name=spmv,elapsed_seconds=0.507842,predicted_seconds=inf,time_percent_error=inf,nthreads=110,end_time=348844.914598,avg_power_W=147.700000,max_power_W=176.000000,avg_time_s=0.005975,released_listeners=1,
start_task=,name=spmv,tick=3,start_time=348844.914678,nthreads=110,
message=tick stats,tick=3,estimated_current_power=-nan,
end_task=,name=spmv,elapsed_seconds=0.523760,predicted_seconds=inf,time_percent_error=inf,nthreads=110,end_time=348845.439068,avg_power_W=176.500000,max_power_W=178.000000,avg_time_s=0.004124,released_listeners=1,
start_task=,name=spmv,tick=4,start_time=348845.439153,nthreads=110,
message=tick stats,tick=4,estimated_current_power=-nan,
end_task=,name=spmv,elapsed_seconds=0.524209,predicted_seconds=inf,time_percent_error=inf,nthreads=110,end_time=348845.964318,avg_power_W=176.090909,max_power_W=177.000000,avg_time_s=0.004368,released_listeners=1,
start_task=,name=spmv,tick=5,start_time=348845.964399,nthreads=110,
message=tick stats,tick=5,estimated_current_power=-nan,
end_task=,name=spmv,elapsed_seconds=0.517557,predicted_seconds=inf,time_percent_error=inf,nthreads=110,end_time=348846.482441,avg_power_W=175.100000,max_power_W=178.000000,avg_time_s=0.004277,released_listeners=1,
start_task=,name=spmv,tick=6,start_time=348846.482522,nthreads=110,
message=tick stats,tick=6,estimated_current_power=-nan,
end_task=,name=spmv,elapsed_seconds=0.529497,predicted_seconds=inf,time_percent_error=inf,nthreads=110,end_time=348847.012989,avg_power_W=173.727273,max_power_W=176.000000,avg_time_s=0.004270,released_listeners=1,
start_task=,name=spmv,tick=7,start_time=348847.013070,nthreads=110,
message=tick stats,tick=7,estimated_current_power=-nan,
end_task=,name=spmv,elapsed_seconds=0.521879,predicted_seconds=inf,time_percent_error=inf,nthreads=110,end_time=348847.535563,avg_power_W=177.700000,max_power_W=182.000000,avg_time_s=0.004349,released_listeners=1,
start_task=,name=spmv,tick=8,start_time=348847.535645,nthreads=110,
message=tick stats,tick=8,estimated_current_power=-nan,
end_task=,name=spmv,elapsed_seconds=0.524547,predicted_seconds=inf,time_percent_error=inf,nthreads=110,end_time=348848.061336,avg_power_W=180.363636,max_power_W=183.000000,avg_time_s=0.003915,released_listeners=1,
start_task=,name=spmv,tick=9,start_time=348848.061417,nthreads=110,
message=tick stats,tick=9,estimated_current_power=-nan,
end_task=,name=spmv,elapsed_seconds=0.519996,predicted_seconds=inf,time_percent_error=inf,nthreads=110,end_time=348848.582054,avg_power_W=181.000000,max_power_W=184.000000,avg_time_s=0.003910,released_listeners=1,
start_task=,name=subtract,tick=10,start_time=348848.582139,nthreads=110,
message=tick stats,tick=10,estimated_current_power=-nan,
end_task=,name=subtract,elapsed_seconds=0.518369,predicted_seconds=inf,time_percent_error=inf,nthreads=110,end_time=348849.104934,avg_power_W=167.181818,max_power_W=184.000000,avg_time_s=0.000390,released_listeners=2,
start_task=,name=subtract,tick=11,start_time=348849.105019,nthreads=110,
message=tick stats,tick=11,estimated_current_power=-nan,
end_task=,name=subtract,elapsed_seconds=0.545166,predicted_seconds=inf,time_percent_error=inf,nthreads=110,end_time=348849.654843,avg_power_W=165.363636,max_power_W=166.000000,avg_time_s=0.000258,released_listeners=2,
start_task=,name=subtract,tick=12,start_time=348849.654933,nthreads=110,
message=tick stats,tick=12,estimated_current_power=-nan,
end_task=,name=subtract,elapsed_seconds=0.521780,predicted_seconds=inf,time_percent_error=inf,nthreads=110,end_time=348850.177740,avg_power_W=165.600000,max_power_W=166.000000,avg_time_s=0.000242,released_listeners=2,
start_task=,name=subtract,tick=13,start_time=348850.177791,nthreads=110,
message=tick stats,tick=13,estimated_current_power=-nan,
end_task=,name=subtract,elapsed_seconds=0.523333,predicted_seconds=inf,time_percent_error=inf,nthreads=110,end_time=348850.705269,avg_power_W=165.909091,max_power_W=167.000000,avg_time_s=0.000251,released_listeners=2,
start_task=,name=subtract,tick=14,start_time=348850.705313,nthreads=110,
message=tick stats,tick=14,estimated_current_power=-nan,
end_task=,name=subtract,elapsed_seconds=0.524940,predicted_seconds=inf,time_percent_error=inf,nthreads=110,end_time=348851.230948,avg_power_W=165.800000,max_power_W=166.000000,avg_time_s=0.000243,released_listeners=2,
start_task=,name=subtract,tick=15,start_time=348851.230992,nthreads=110,
message=tick stats,tick=15,estimated_current_power=-nan,
end_task=,name=subtract,elapsed_seconds=0.523572,predicted_seconds=inf,time_percent_error=inf,nthreads=110,end_time=348851.755106,avg_power_W=166.090909,max_power_W=167.000000,avg_time_s=0.000246,released_listeners=2,
start_task=,name=subtract,tick=16,start_time=348851.755196,nthreads=110,
message=tick stats,tick=16,estimated_current_power=-nan,
end_task=,name=subtract,elapsed_seconds=0.514926,predicted_seconds=inf,time_percent_error=inf,nthreads=110,end_time=348852.270734,avg_power_W=166.300000,max_power_W=168.000000,avg_time_s=0.000237,released_listeners=2,
start_task=,name=subtract,tick=17,start_time=348852.270776,nthreads=110,
message=tick stats,tick=17,estimated_current_power=-nan,
end_task=,name=subtract,elapsed_seconds=0.519573,predicted_seconds=inf,time_percent_error=inf,nthreads=110,end_time=348852.790903,avg_power_W=166.800000,max_power_W=169.000000,avg_time_s=0.000245,released_listeners=2,
start_task=,name=copy,tick=18,start_time=348852.790945,nthreads=110,
message=tick stats,tick=18,estimated_current_power=-nan,
end_task=,name=copy,elapsed_seconds=0.525760,predicted_seconds=inf,time_percent_error=inf,nthreads=110,end_time=348853.317216,avg_power_W=169.181818,max_power_W=170.000000,avg_time_s=0.000144,released_listeners=1,
start_task=,name=dot,tick=19,start_time=348853.317262,nthreads=110,
message=tick stats,tick=19,estimated_current_power=-nan,
end_task=,name=dot,elapsed_seconds=0.522828,predicted_seconds=inf,time_percent_error=inf,nthreads=110,end_time=348853.840669,avg_power_W=169.200000,max_power_W=170.000000,avg_time_s=0.000125,released_listeners=1,
start_task=,name=dot,tick=20,start_time=348853.840730,nthreads=110,
message=tick stats,tick=20,estimated_current_power=-nan,
end_task=,name=dot,elapsed_seconds=0.549594,predicted_seconds=inf,time_percent_error=inf,nthreads=110,end_time=348854.390887,avg_power_W=169.181818,max_power_W=171.000000,avg_time_s=0.000130,released_listeners=1,
start_task=,name=copy,tick=21,start_time=348854.390947,nthreads=110,
message=tick stats,tick=21,estimated_current_power=-nan,
end_task=,name=copy,elapsed_seconds=0.521729,predicted_seconds=inf,time_percent_error=inf,nthreads=110,end_time=348854.913275,avg_power_W=170.363636,max_power_W=171.000000,avg_time_s=0.000147,released_listeners=1,
start_task=,name=copy,tick=22,start_time=348854.913326,nthreads=110,
message=tick stats,tick=22,estimated_current_power=-nan,
end_task=,name=copy,elapsed_seconds=0.522743,predicted_seconds=inf,time_percent_error=inf,nthreads=110,end_time=348855.436550,avg_power_W=170.400000,max_power_W=171.000000,avg_time_s=0.000139,released_listeners=1,
start_task=,name=dot,tick=23,start_time=348855.436603,nthreads=110,
message=tick stats,tick=23,estimated_current_power=-nan,
end_task=,name=dot,elapsed_seconds=0.522818,predicted_seconds=inf,time_percent_error=inf,nthreads=110,end_time=348855.960201,avg_power_W=170.272727,max_power_W=171.000000,avg_time_s=0.000125,released_listeners=1,
start_task=,name=copy,tick=24,start_time=348855.960261,nthreads=110,
message=tick stats,tick=24,estimated_current_power=-nan,
end_task=,name=copy,elapsed_seconds=0.519959,predicted_seconds=inf,time_percent_error=inf,nthreads=110,end_time=348856.480811,avg_power_W=170.200000,max_power_W=171.000000,avg_time_s=0.000141,released_listeners=1,
start_task=,name=dot,tick=25,start_time=348856.480909,nthreads=110,
message=tick stats,tick=25,estimated_current_power=-nan,
end_task=,name=dot,elapsed_seconds=0.519493,predicted_seconds=inf,time_percent_error=inf,nthreads=110,end_time=348857.004978,avg_power_W=170.454545,max_power_W=171.000000,avg_time_s=0.000122,released_listeners=1,
start_task=,name=copy,tick=26,start_time=348857.005099,nthreads=110,
message=tick stats,tick=26,estimated_current_power=-nan,
end_task=,name=copy,elapsed_seconds=0.515003,predicted_seconds=inf,time_percent_error=inf,nthreads=110,end_time=348857.520659,avg_power_W=170.600000,max_power_W=172.000000,avg_time_s=0.000136,released_listeners=1,
start_task=,name=dot,tick=27,start_time=348857.520711,nthreads=110,
message=tick stats,tick=27,estimated_current_power=-nan,
end_task=,name=dot,elapsed_seconds=0.519547,predicted_seconds=inf,time_percent_error=inf,nthreads=110,end_time=348858.041194,avg_power_W=170.500000,max_power_W=172.000000,avg_time_s=0.000125,released_listeners=1,
start_task=,name=copy,tick=28,start_time=348858.041252,nthreads=110,
message=tick stats,tick=28,estimated_current_power=-nan,
end_task=,name=copy,elapsed_seconds=0.518926,predicted_seconds=inf,time_percent_error=inf,nthreads=110,end_time=348858.560788,avg_power_W=170.363636,max_power_W=171.000000,avg_time_s=0.000140,released_listeners=1,
start_task=,name=dot,tick=29,start_time=348858.560839,nthreads=110,
message=tick stats,tick=29,estimated_current_power=-nan,
end_task=,name=dot,elapsed_seconds=0.519628,predicted_seconds=inf,time_percent_error=inf,nthreads=110,end_time=348859.081524,avg_power_W=171.200000,max_power_W=172.000000,avg_time_s=0.000121,released_listeners=1,
start_task=,name=copy,tick=30,start_time=348859.081581,nthreads=110,
message=tick stats,tick=30,estimated_current_power=-nan,
end_task=,name=copy,elapsed_seconds=0.523449,predicted_seconds=inf,time_percent_error=inf,nthreads=110,end_time=348859.605783,avg_power_W=171.090909,max_power_W=173.000000,avg_time_s=0.000137,released_listeners=1,
start_task=,name=dot,tick=31,start_time=348859.605836,nthreads=110,
message=tick stats,tick=31,estimated_current_power=-nan,
end_task=,name=dot,elapsed_seconds=0.514748,predicted_seconds=inf,time_percent_error=inf,nthreads=110,end_time=348860.122716,avg_power_W=171.400000,max_power_W=173.000000,avg_time_s=0.000122,released_listeners=1,
start_task=,name=copy,tick=32,start_time=348860.122815,nthreads=110,
message=tick stats,tick=32,estimated_current_power=-nan,
end_task=,name=copy,elapsed_seconds=0.527477,predicted_seconds=inf,time_percent_error=inf,nthreads=110,end_time=348860.655079,avg_power_W=170.909091,max_power_W=173.000000,avg_time_s=0.000139,released_listeners=1,
start_task=,name=dot,tick=33,start_time=348860.655212,nthreads=110,
message=tick stats,tick=33,estimated_current_power=-nan,
end_task=,name=dot,elapsed_seconds=0.535568,predicted_seconds=inf,time_percent_error=inf,nthreads=110,end_time=348861.205057,avg_power_W=170.909091,max_power_W=173.000000,avg_time_s=0.000123,released_listeners=1,
start_task=,name=spmv,tick=34,start_time=348861.205168,nthreads=110,
message=tick stats,tick=34,estimated_current_power=-nan,
end_task=,name=spmv,elapsed_seconds=0.517408,predicted_seconds=inf,time_percent_error=inf,nthreads=110,end_time=348861.723255,avg_power_W=185.400000,max_power_W=189.000000,avg_time_s=0.003920,released_listeners=1,
start_task=,name=spmv,tick=35,start_time=348861.723337,nthreads=110,
message=tick stats,tick=35,estimated_current_power=-nan,
end_task=,name=spmv,elapsed_seconds=0.517973,predicted_seconds=inf,time_percent_error=inf,nthreads=110,end_time=348862.255818,avg_power_W=186.454545,max_power_W=188.000000,avg_time_s=0.003895,released_listeners=1,
start_task=,name=spmv,tick=36,start_time=348862.255902,nthreads=110,
message=tick stats,tick=36,estimated_current_power=-nan,
end_task=,name=spmv,elapsed_seconds=0.524244,predicted_seconds=inf,time_percent_error=inf,nthreads=110,end_time=348862.781117,avg_power_W=185.900000,max_power_W=189.000000,avg_time_s=0.004033,released_listeners=1,
start_task=,name=spmv,tick=37,start_time=348862.781237,nthreads=110,
message=tick stats,tick=37,estimated_current_power=-nan,
end_task=,name=spmv,elapsed_seconds=0.523080,predicted_seconds=inf,time_percent_error=inf,nthreads=110,end_time=348863.305171,avg_power_W=185.818182,max_power_W=189.000000,avg_time_s=0.004087,released_listeners=1,
start_task=,name=spmv,tick=38,start_time=348863.305277,nthreads=110,
message=tick stats,tick=38,estimated_current_power=-nan,
end_task=,name=spmv,elapsed_seconds=0.525009,predicted_seconds=inf,time_percent_error=inf,nthreads=110,end_time=348863.831270,avg_power_W=188.800000,max_power_W=190.000000,avg_time_s=0.003977,released_listeners=1,
start_task=,name=spmv,tick=39,start_time=348863.831352,nthreads=110,
message=tick stats,tick=39,estimated_current_power=-nan,
end_task=,name=spmv,elapsed_seconds=0.524341,predicted_seconds=inf,time_percent_error=inf,nthreads=110,end_time=348864.356337,avg_power_W=187.090909,max_power_W=190.000000,avg_time_s=0.004096,released_listeners=1,
start_task=,name=spmv,tick=40,start_time=348864.356419,nthreads=110,
message=tick stats,tick=40,estimated_current_power=-nan,
end_task=,name=spmv,elapsed_seconds=0.514988,predicted_seconds=inf,time_percent_error=inf,nthreads=110,end_time=348864.872380,avg_power_W=189.400000,max_power_W=191.000000,avg_time_s=0.003901,released_listeners=1,
start_task=,name=spmv,tick=41,start_time=348864.872462,nthreads=110,
message=tick stats,tick=41,estimated_current_power=-nan,
end_task=,name=spmv,elapsed_seconds=0.520405,predicted_seconds=inf,time_percent_error=inf,nthreads=110,end_time=348865.405230,avg_power_W=187.727273,max_power_W=190.000000,avg_time_s=0.004034,released_listeners=1,
start_task=,name=sum_contribs,tick=42,start_time=348865.405319,nthreads=110,
message=tick stats,tick=42,estimated_current_power=-nan,
end_task=,name=sum_contribs,elapsed_seconds=0.534808,predicted_seconds=inf,time_percent_error=inf,nthreads=110,end_time=348865.940662,avg_power_W=171.700000,max_power_W=179.000000,avg_time_s=0.000111,released_listeners=1,
start_task=,name=dot,tick=43,start_time=348865.940723,nthreads=110,
message=tick stats,tick=43,estimated_current_power=-nan,
end_task=,name=dot,elapsed_seconds=0.519725,predicted_seconds=inf,time_percent_error=inf,nthreads=110,end_time=348866.461133,avg_power_W=173.363636,max_power_W=174.000000,avg_time_s=0.000131,released_listeners=1,
start_task=,name=dot,tick=44,start_time=348866.461231,nthreads=110,
message=tick stats,tick=44,estimated_current_power=-nan,
end_task=,name=dot,elapsed_seconds=0.519059,predicted_seconds=inf,time_percent_error=inf,nthreads=110,end_time=348866.980962,avg_power_W=173.800000,max_power_W=174.000000,avg_time_s=0.000137,released_listeners=1,
start_task=,name=dot,tick=45,start_time=348866.981021,nthreads=110,
message=tick stats,tick=45,estimated_current_power=-nan,
end_task=,name=dot,elapsed_seconds=0.519207,predicted_seconds=inf,time_percent_error=inf,nthreads=110,end_time=348867.506065,avg_power_W=173.545455,max_power_W=174.000000,avg_time_s=0.000131,released_listeners=1,
start_task=,name=dot,tick=46,start_time=348867.506256,nthreads=110,
message=tick stats,tick=46,estimated_current_power=-nan,
end_task=,name=dot,elapsed_seconds=0.513953,predicted_seconds=inf,time_percent_error=inf,nthreads=110,end_time=348868.020974,avg_power_W=173.900000,max_power_W=174.000000,avg_time_s=0.000131,released_listeners=1,
start_task=,name=dot,tick=47,start_time=348868.021032,nthreads=110,
message=tick stats,tick=47,estimated_current_power=-nan,
end_task=,name=dot,elapsed_seconds=0.519206,predicted_seconds=inf,time_percent_error=inf,nthreads=110,end_time=348868.540699,avg_power_W=173.300000,max_power_W=174.000000,avg_time_s=0.000136,released_listeners=1,
start_task=,name=dot,tick=48,start_time=348868.540757,nthreads=110,
message=tick stats,tick=48,estimated_current_power=-nan,
end_task=,name=dot,elapsed_seconds=0.524943,predicted_seconds=inf,time_percent_error=inf,nthreads=110,end_time=348869.066290,avg_power_W=173.636364,max_power_W=174.000000,avg_time_s=0.000137,released_listeners=1,
start_task=,name=dot,tick=49,start_time=348869.066354,nthreads=110,
message=tick stats,tick=49,estimated_current_power=-nan,
end_task=,name=dot,elapsed_seconds=0.513930,predicted_seconds=inf,time_percent_error=inf,nthreads=110,end_time=348869.580777,avg_power_W=173.600000,max_power_W=174.000000,avg_time_s=0.000129,released_listeners=1,
start_task=,name=dot,tick=50,start_time=348869.580835,nthreads=110,
message=tick stats,tick=50,estimated_current_power=-nan,
end_task=,name=dot,elapsed_seconds=0.519482,predicted_seconds=inf,time_percent_error=inf,nthreads=110,end_time=348870.105360,avg_power_W=173.727273,max_power_W=174.000000,avg_time_s=0.000136,released_listeners=1,
start_task=,name=sum_contribs,tick=51,start_time=348870.105464,nthreads=110,
message=tick stats,tick=51,estimated_current_power=-nan,
end_task=,name=sum_contribs,elapsed_seconds=0.514648,predicted_seconds=inf,time_percent_error=inf,nthreads=110,end_time=348870.620698,avg_power_W=170.000000,max_power_W=174.000000,avg_time_s=0.000110,released_listeners=1,
start_task=,name=comp_alpha,tick=52,start_time=348870.620800,nthreads=110,
message=tick stats,tick=52,estimated_current_power=-nan,
end_task=,name=comp_alpha,elapsed_seconds=0.523118,predicted_seconds=inf,time_percent_error=inf,nthreads=110,end_time=348871.155850,avg_power_W=160.090909,max_power_W=170.000000,avg_time_s=0.000049,released_listeners=16,
start_task=,name=axpyprofile,tick=53,start_time=348871.155964,nthreads=110,
message=tick stats,tick=53,estimated_current_power=-nan,
end_task=,name=axpyprofile,elapsed_seconds=0.026838,predicted_seconds=inf,time_percent_error=inf,nthreads=110,end_time=348871.183710,avg_power_W=-nan,max_power_W=0.000000,avg_time_s=0.026838,released_listeners=1,
start_task=,name=axpyprofile,tick=54,start_time=348871.183782,nthreads=110,
message=tick stats,tick=54,estimated_current_power=-nan,
end_task=,name=axpyprofile,elapsed_seconds=0.518885,predicted_seconds=inf,time_percent_error=inf,nthreads=110,end_time=348871.705239,avg_power_W=177.818182,max_power_W=188.000000,avg_time_s=0.004760,released_listeners=1,
start_task=,name=axpyprofile,tick=55,start_time=348871.705321,nthreads=110,
message=tick stats,tick=55,estimated_current_power=-nan,
end_task=,name=axpyprofile,elapsed_seconds=0.515596,predicted_seconds=inf,time_percent_error=inf,nthreads=110,end_time=348872.221867,avg_power_W=183.800000,max_power_W=185.000000,avg_time_s=0.004774,released_listeners=1,
start_task=,name=axpyprofile,tick=56,start_time=348872.221950,nthreads=110,
message=tick stats,tick=56,estimated_current_power=-nan,
end_task=,name=axpyprofile,elapsed_seconds=0.054705,predicted_seconds=inf,time_percent_error=inf,nthreads=110,end_time=348872.277604,avg_power_W=185.000000,max_power_W=185.000000,avg_time_s=0.054705,released_listeners=1,
start_task=,name=axpyprofile,tick=57,start_time=348872.277686,nthreads=110,
message=tick stats,tick=57,estimated_current_power=-nan,
end_task=,name=axpyprofile,elapsed_seconds=0.545984,predicted_seconds=inf,time_percent_error=inf,nthreads=110,end_time=348872.824307,avg_power_W=181.818182,max_power_W=185.000000,avg_time_s=0.005055,released_listeners=1,
start_task=,name=axpyprofile,tick=58,start_time=348872.824390,nthreads=110,
message=tick stats,tick=58,estimated_current_power=-nan,
end_task=,name=axpyprofile,elapsed_seconds=0.031138,predicted_seconds=inf,time_percent_error=inf,nthreads=110,end_time=348872.856144,avg_power_W=185.000000,max_power_W=185.000000,avg_time_s=0.031138,released_listeners=1,
start_task=,name=axpyprofile,tick=59,start_time=348872.856237,nthreads=110,
message=tick stats,tick=59,estimated_current_power=-nan,
end_task=,name=axpyprofile,elapsed_seconds=0.515200,predicted_seconds=inf,time_percent_error=inf,nthreads=110,end_time=348873.372364,avg_power_W=183.600000,max_power_W=185.000000,avg_time_s=0.004727,released_listeners=1,
start_task=,name=axpyprofile,tick=60,start_time=348873.372446,nthreads=110,
message=tick stats,tick=60,estimated_current_power=-nan,
end_task=,name=axpyprofile,elapsed_seconds=0.026809,predicted_seconds=inf,time_percent_error=inf,nthreads=110,end_time=348873.405274,avg_power_W=185.000000,max_power_W=185.000000,avg_time_s=0.026809,released_listeners=1,
start_task=,name=axpyprofile,tick=61,start_time=348873.405360,nthreads=110,
message=tick stats,tick=61,estimated_current_power=-nan,
end_task=,name=axpyprofile,elapsed_seconds=0.529880,predicted_seconds=inf,time_percent_error=inf,nthreads=110,end_time=348873.935806,avg_power_W=183.000000,max_power_W=185.000000,avg_time_s=0.004861,released_listeners=1,
start_task=,name=axpyprofile,tick=62,start_time=348873.935889,nthreads=110,
message=tick stats,tick=62,estimated_current_power=-nan,
end_task=,name=axpyprofile,elapsed_seconds=0.030845,predicted_seconds=inf,time_percent_error=inf,nthreads=110,end_time=348873.967673,avg_power_W=185.000000,max_power_W=185.000000,avg_time_s=0.030845,released_listeners=1,
start_task=,name=axpyprofile,tick=63,start_time=348873.967756,nthreads=110,
message=tick stats,tick=63,estimated_current_power=-nan,
end_task=,name=axpyprofile,elapsed_seconds=0.523110,predicted_seconds=inf,time_percent_error=inf,nthreads=110,end_time=348874.491443,avg_power_W=182.800000,max_power_W=185.000000,avg_time_s=0.004756,released_listeners=1,
start_task=,name=axpyprofile,tick=64,start_time=348874.491526,nthreads=110,
message=tick stats,tick=64,estimated_current_power=-nan,
end_task=,name=axpyprofile,elapsed_seconds=0.055077,predicted_seconds=inf,time_percent_error=inf,nthreads=110,end_time=348874.555371,avg_power_W=180.000000,max_power_W=185.000000,avg_time_s=0.055077,released_listeners=1,
start_task=,name=axpyprofile,tick=65,start_time=348874.555453,nthreads=110,
message=tick stats,tick=65,estimated_current_power=-nan,
end_task=,name=axpyprofile,elapsed_seconds=0.547192,predicted_seconds=inf,time_percent_error=inf,nthreads=110,end_time=348875.105475,avg_power_W=182.090909,max_power_W=185.000000,avg_time_s=0.004930,released_listeners=1,
start_task=,name=axpyprofile,tick=66,start_time=348875.105561,nthreads=110,
message=tick stats,tick=66,estimated_current_power=-nan,
end_task=,name=axpyprofile,elapsed_seconds=0.027437,predicted_seconds=inf,time_percent_error=inf,nthreads=110,end_time=348875.133930,avg_power_W=-nan,max_power_W=0.000000,avg_time_s=0.027437,released_listeners=1,
start_task=,name=axpyprofile,tick=67,start_time=348875.134002,nthreads=110,
message=tick stats,tick=67,estimated_current_power=-nan,
end_task=,name=axpyprofile,elapsed_seconds=0.531209,predicted_seconds=inf,time_percent_error=inf,nthreads=110,end_time=348875.665823,avg_power_W=183.090909,max_power_W=185.000000,avg_time_s=0.004786,released_listeners=1,
start_task=,name=axpyprofile,tick=68,start_time=348875.665908,nthreads=110,
message=tick stats,tick=68,estimated_current_power=-nan,
end_task=,name=axpyprofile,elapsed_seconds=0.029629,predicted_seconds=inf,time_percent_error=inf,nthreads=110,end_time=348875.705181,avg_power_W=184.000000,max_power_W=184.000000,avg_time_s=0.029629,released_listeners=1,
start_task=,name=axpy,tick=69,start_time=348875.705266,nthreads=110,
message=tick stats,tick=69,estimated_current_power=-nan,
end_task=,name=axpy,elapsed_seconds=0.520841,predicted_seconds=inf,time_percent_error=inf,nthreads=110,end_time=348876.226792,avg_power_W=173.300000,max_power_W=175.000000,avg_time_s=0.000151,released_listeners=1,
start_task=,name=axpy,tick=70,start_time=348876.226851,nthreads=110,
message=tick stats,tick=70,estimated_current_power=-nan,
end_task=,name=axpy,elapsed_seconds=0.025308,predicted_seconds=inf,time_percent_error=inf,nthreads=110,end_time=348876.255632,avg_power_W=174.000000,max_power_W=174.000000,avg_time_s=0.025308,released_listeners=0,
start_task=,name=axpy,tick=71,start_time=348876.255706,nthreads=110,
message=tick stats,tick=71,estimated_current_power=-nan,
end_task=,name=axpy,elapsed_seconds=0.027036,predicted_seconds=inf,time_percent_error=inf,nthreads=110,end_time=348876.283676,avg_power_W=-nan,max_power_W=0.000000,avg_time_s=0.027036,released_listeners=0,
start_task=,name=axpy,tick=72,start_time=348876.283742,nthreads=110,
message=tick stats,tick=72,estimated_current_power=-nan,
end_task=,name=axpy,elapsed_seconds=0.521068,predicted_seconds=inf,time_percent_error=inf,nthreads=110,end_time=348876.806031,avg_power_W=172.727273,max_power_W=174.000000,avg_time_s=0.000150,released_listeners=1,
start_task=,name=axpy,tick=73,start_time=348876.806093,nthreads=110,
message=tick stats,tick=73,estimated_current_power=-nan,
end_task=,name=axpy,elapsed_seconds=0.057774,predicted_seconds=inf,time_percent_error=inf,nthreads=110,end_time=348876.864496,avg_power_W=174.000000,max_power_W=174.000000,avg_time_s=0.057774,released_listeners=0,
start_task=,name=axpy,tick=74,start_time=348876.864577,nthreads=110,
message=tick stats,tick=74,estimated_current_power=-nan,
end_task=,name=axpy,elapsed_seconds=0.555755,predicted_seconds=inf,time_percent_error=inf,nthreads=110,end_time=348877.422436,avg_power_W=172.454545,max_power_W=174.000000,avg_time_s=0.000163,released_listeners=1,
start_task=,name=axpy,tick=75,start_time=348877.422492,nthreads=110,
message=tick stats,tick=75,estimated_current_power=-nan,
end_task=,name=axpy,elapsed_seconds=0.023802,predicted_seconds=inf,time_percent_error=inf,nthreads=110,end_time=348877.455267,avg_power_W=174.000000,max_power_W=174.000000,avg_time_s=0.023802,released_listeners=0,
start_task=,name=axpy,tick=76,start_time=348877.455351,nthreads=110,
message=tick stats,tick=76,estimated_current_power=-nan,
end_task=,name=axpy,elapsed_seconds=0.520323,predicted_seconds=inf,time_percent_error=inf,nthreads=110,end_time=348877.976246,avg_power_W=173.400000,max_power_W=174.000000,avg_time_s=0.000154,released_listeners=1,
start_task=,name=axpy,tick=77,start_time=348877.976301,nthreads=110,
message=tick stats,tick=77,estimated_current_power=-nan,
end_task=,name=axpy,elapsed_seconds=0.028180,predicted_seconds=inf,time_percent_error=inf,nthreads=110,end_time=348878.005134,avg_power_W=174.000000,max_power_W=174.000000,avg_time_s=0.028180,released_listeners=0,
start_task=,name=axpy,tick=78,start_time=348878.005218,nthreads=110,
message=tick stats,tick=78,estimated_current_power=-nan,
end_task=,name=axpy,elapsed_seconds=0.521144,predicted_seconds=inf,time_percent_error=inf,nthreads=110,end_time=348878.526748,avg_power_W=173.400000,max_power_W=174.000000,avg_time_s=0.000153,released_listeners=1,
start_task=,name=axpy,tick=79,start_time=348878.526804,nthreads=110,
message=tick stats,tick=79,estimated_current_power=-nan,
end_task=,name=axpy,elapsed_seconds=0.027195,predicted_seconds=inf,time_percent_error=inf,nthreads=110,end_time=348878.555366,avg_power_W=174.000000,max_power_W=174.000000,avg_time_s=0.027195,released_listeners=0,
start_task=,name=axpy,tick=80,start_time=348878.555419,nthreads=110,
message=tick stats,tick=80,estimated_current_power=-nan,
end_task=,name=axpy,elapsed_seconds=0.521587,predicted_seconds=inf,time_percent_error=inf,nthreads=110,end_time=348879.078011,avg_power_W=173.200000,max_power_W=174.000000,avg_time_s=0.000154,released_listeners=1,
start_task=,name=axpy,tick=81,start_time=348879.078066,nthreads=110,
message=tick stats,tick=81,estimated_current_power=-nan,
end_task=,name=axpy,elapsed_seconds=0.029064,predicted_seconds=inf,time_percent_error=inf,nthreads=110,end_time=348879.108049,avg_power_W=174.000000,max_power_W=174.000000,avg_time_s=0.029064,released_listeners=0,
start_task=,name=axpy,tick=82,start_time=348879.108135,nthreads=110,
message=tick stats,tick=82,estimated_current_power=-nan,
end_task=,name=axpy,elapsed_seconds=0.552032,predicted_seconds=inf,time_percent_error=inf,nthreads=110,end_time=348879.660816,avg_power_W=172.363636,max_power_W=174.000000,avg_time_s=0.000161,released_listeners=1,
start_task=,name=axpy,tick=83,start_time=348879.660873,nthreads=110,
message=tick stats,tick=83,estimated_current_power=-nan,
end_task=,name=axpy,elapsed_seconds=0.027149,predicted_seconds=inf,time_percent_error=inf,nthreads=110,end_time=348879.688602,avg_power_W=-nan,max_power_W=0.000000,avg_time_s=0.027149,released_listeners=0,
start_task=,name=axpy,tick=84,start_time=348879.688679,nthreads=110,
message=tick stats,tick=84,estimated_current_power=-nan,
end_task=,name=axpy,elapsed_seconds=0.523230,predicted_seconds=inf,time_percent_error=inf,nthreads=110,end_time=348880.212513,avg_power_W=173.181818,max_power_W=175.000000,avg_time_s=0.000151,released_listeners=1,
start_task=,name=dot,tick=85,start_time=348880.212577,nthreads=110,
message=tick stats,tick=85,estimated_current_power=-nan,
end_task=,name=dot,elapsed_seconds=0.522095,predicted_seconds=inf,time_percent_error=inf,nthreads=110,end_time=348880.735181,avg_power_W=172.400000,max_power_W=174.000000,avg_time_s=0.000129,released_listeners=1,
start_task=,name=dot,tick=86,start_time=348880.735283,nthreads=110,
message=tick stats,tick=86,estimated_current_power=-nan,
end_task=,name=dot,elapsed_seconds=0.514908,predicted_seconds=inf,time_percent_error=inf,nthreads=110,end_time=348881.255020,avg_power_W=173.727273,max_power_W=174.000000,avg_time_s=0.000126,released_listeners=1,
start_task=,name=dot,tick=87,start_time=348881.255131,nthreads=110,
message=tick stats,tick=87,estimated_current_power=-nan,
end_task=,name=dot,elapsed_seconds=0.515085,predicted_seconds=inf,time_percent_error=inf,nthreads=110,end_time=348881.770919,avg_power_W=172.600000,max_power_W=174.000000,avg_time_s=0.000124,released_listeners=1,
start_task=,name=dot,tick=88,start_time=348881.770981,nthreads=110,
message=tick stats,tick=88,estimated_current_power=-nan,
end_task=,name=dot,elapsed_seconds=0.522530,predicted_seconds=inf,time_percent_error=inf,nthreads=110,end_time=348882.305037,avg_power_W=173.272727,max_power_W=174.000000,avg_time_s=0.000126,released_listeners=1,
start_task=,name=dot,tick=89,start_time=348882.305154,nthreads=110,
message=tick stats,tick=89,estimated_current_power=-nan,
end_task=,name=dot,elapsed_seconds=0.515074,predicted_seconds=inf,time_percent_error=inf,nthreads=110,end_time=348882.820933,avg_power_W=172.600000,max_power_W=174.000000,avg_time_s=0.000124,released_listeners=1,
start_task=,name=dot,tick=90,start_time=348882.820995,nthreads=110,
message=tick stats,tick=90,estimated_current_power=-nan,
end_task=,name=dot,elapsed_seconds=0.515154,predicted_seconds=inf,time_percent_error=inf,nthreads=110,end_time=348883.337450,avg_power_W=173.600000,max_power_W=174.000000,avg_time_s=0.000125,released_listeners=1,
start_task=,name=dot,tick=91,start_time=348883.337554,nthreads=110,
message=tick stats,tick=91,estimated_current_power=-nan,
end_task=,name=dot,elapsed_seconds=0.522980,predicted_seconds=inf,time_percent_error=inf,nthreads=110,end_time=348883.861033,avg_power_W=172.818182,max_power_W=174.000000,avg_time_s=0.000125,released_listeners=1,
start_task=,name=dot,tick=92,start_time=348883.861098,nthreads=110,
message=tick stats,tick=92,estimated_current_power=-nan,
end_task=,name=dot,elapsed_seconds=0.549043,predicted_seconds=inf,time_percent_error=inf,nthreads=110,end_time=348884.412271,avg_power_W=173.000000,max_power_W=174.000000,avg_time_s=0.000131,released_listeners=1,
start_task=,name=sum_contribs,tick=93,start_time=348884.412374,nthreads=110,
message=tick stats,tick=93,estimated_current_power=-nan,
end_task=,name=sum_contribs,elapsed_seconds=0.525002,predicted_seconds=inf,time_percent_error=inf,nthreads=110,end_time=348884.938068,avg_power_W=170.200000,max_power_W=171.000000,avg_time_s=0.000113,released_listeners=2,
start_task=,name=assign,tick=94,start_time=348884.938131,nthreads=110,
message=tick stats,tick=94,estimated_current_power=-nan,
end_task=,name=assign,elapsed_seconds=0.525318,predicted_seconds=inf,time_percent_error=inf,nthreads=110,end_time=348885.463966,avg_power_W=154.818182,max_power_W=171.000000,avg_time_s=0.000052,released_listeners=0,
start_task=,name=comp_beta,tick=95,start_time=348885.464033,nthreads=110,
message=tick stats,tick=95,estimated_current_power=-nan,
end_task=,name=comp_beta,elapsed_seconds=0.505251,predicted_seconds=inf,time_percent_error=inf,nthreads=110,end_time=348885.970330,avg_power_W=127.000000,max_power_W=129.000000,avg_time_s=0.000048,released_listeners=8,
start_task=,name=xapyprofile,tick=96,start_time=348885.970402,nthreads=110,
message=tick stats,tick=96,estimated_current_power=-nan,
end_task=,name=xapyprofile,elapsed_seconds=0.507466,predicted_seconds=inf,time_percent_error=inf,nthreads=110,end_time=348886.478817,avg_power_W=174.900000,max_power_W=184.000000,avg_time_s=0.004699,released_listeners=1,
start_task=,name=xapyprofile,tick=97,start_time=348886.478910,nthreads=110,
message=tick stats,tick=97,estimated_current_power=-nan,
end_task=,name=xapyprofile,elapsed_seconds=0.524575,predicted_seconds=inf,time_percent_error=inf,nthreads=110,end_time=348887.005551,avg_power_W=183.000000,max_power_W=185.000000,avg_time_s=0.004769,released_listeners=1,
start_task=,name=xapyprofile,tick=98,start_time=348887.005636,nthreads=110,
message=tick stats,tick=98,estimated_current_power=-nan,
end_task=,name=xapyprofile,elapsed_seconds=0.515691,predicted_seconds=inf,time_percent_error=inf,nthreads=110,end_time=348887.522264,avg_power_W=184.300000,max_power_W=185.000000,avg_time_s=0.004646,released_listeners=1,
start_task=,name=xapyprofile,tick=99,start_time=348887.522346,nthreads=110,
message=tick stats,tick=99,estimated_current_power=-nan,
end_task=,name=xapyprofile,elapsed_seconds=0.517931,predicted_seconds=inf,time_percent_error=inf,nthreads=110,end_time=348888.040889,avg_power_W=183.600000,max_power_W=185.000000,avg_time_s=0.004708,released_listeners=1,
start_task=,name=xapyprofile,tick=100,start_time=348888.040972,nthreads=110,
message=tick stats,tick=100,estimated_current_power=-nan,
end_task=,name=xapyprofile,elapsed_seconds=0.519952,predicted_seconds=inf,time_percent_error=inf,nthreads=110,end_time=348888.561865,avg_power_W=184.181818,max_power_W=186.000000,avg_time_s=0.004684,released_listeners=1,
start_task=,name=xapyprofile,tick=101,start_time=348888.561947,nthreads=110,
message=tick stats,tick=101,estimated_current_power=-nan,
end_task=,name=xapyprofile,elapsed_seconds=0.540572,predicted_seconds=inf,time_percent_error=inf,nthreads=110,end_time=348889.105316,avg_power_W=183.818182,max_power_W=186.000000,avg_time_s=0.004870,released_listeners=1,
start_task=,name=xapyprofile,tick=102,start_time=348889.105402,nthreads=110,
message=tick stats,tick=102,estimated_current_power=-nan,
end_task=,name=xapyprofile,elapsed_seconds=0.515960,predicted_seconds=inf,time_percent_error=inf,nthreads=110,end_time=348889.621954,avg_power_W=185.000000,max_power_W=186.000000,avg_time_s=0.004607,released_listeners=1,
start_task=,name=xapyprofile,tick=103,start_time=348889.622036,nthreads=110,
message=tick stats,tick=103,estimated_current_power=-nan,
end_task=,name=xapyprofile,elapsed_seconds=0.520861,predicted_seconds=inf,time_percent_error=inf,nthreads=110,end_time=348890.155322,avg_power_W=184.818182,max_power_W=186.000000,avg_time_s=0.004692,released_listeners=1,
start_task=,name=xapy,tick=104,start_time=348890.155408,nthreads=110,
message=tick stats,tick=104,estimated_current_power=-nan,
end_task=,name=xapy,elapsed_seconds=0.031407,predicted_seconds=inf,time_percent_error=inf,nthreads=110,end_time=348890.187739,avg_power_W=-nan,max_power_W=0.000000,avg_time_s=0.031407,released_listeners=0,
start_task=,name=xapy,tick=105,start_time=348890.187804,nthreads=110,
message=tick stats,tick=105,estimated_current_power=-nan,
end_task=,name=xapy,elapsed_seconds=0.032983,predicted_seconds=inf,time_percent_error=inf,nthreads=110,end_time=348890.221750,avg_power_W=185.000000,max_power_W=185.000000,avg_time_s=0.032983,released_listeners=0,
start_task=,name=xapy,tick=106,start_time=348890.221832,nthreads=110,
message=tick stats,tick=106,estimated_current_power=-nan,
end_task=,name=xapy,elapsed_seconds=0.025362,predicted_seconds=inf,time_percent_error=inf,nthreads=110,end_time=348890.256030,avg_power_W=169.000000,max_power_W=169.000000,avg_time_s=0.025362,released_listeners=0,
start_task=,name=xapy,tick=107,start_time=348890.256122,nthreads=110,
message=tick stats,tick=107,estimated_current_power=-nan,
end_task=,name=xapy,elapsed_seconds=0.025373,predicted_seconds=inf,time_percent_error=inf,nthreads=110,end_time=348890.282481,avg_power_W=-nan,max_power_W=0.000000,avg_time_s=0.025373,released_listeners=0,
start_task=,name=xapy,tick=108,start_time=348890.282553,nthreads=110,
message=tick stats,tick=108,estimated_current_power=-nan,
end_task=,name=xapy,elapsed_seconds=0.022119,predicted_seconds=inf,time_percent_error=inf,nthreads=110,end_time=348890.305566,avg_power_W=167.000000,max_power_W=167.000000,avg_time_s=0.022119,released_listeners=0,
start_task=,name=xapy,tick=109,start_time=348890.305654,nthreads=110,
message=tick stats,tick=109,estimated_current_power=-nan,
end_task=,name=xapy,elapsed_seconds=0.030234,predicted_seconds=inf,time_percent_error=inf,nthreads=110,end_time=348890.336858,avg_power_W=-nan,max_power_W=0.000000,avg_time_s=0.030234,released_listeners=0,
start_task=,name=xapy,tick=110,start_time=348890.336926,nthreads=110,
message=tick stats,tick=110,estimated_current_power=-nan,
end_task=,name=xapy,elapsed_seconds=0.027352,predicted_seconds=inf,time_percent_error=inf,nthreads=110,end_time=348890.365204,avg_power_W=167.000000,max_power_W=167.000000,avg_time_s=0.027352,released_listeners=0,
start_task=,name=xapy,tick=111,start_time=348890.365286,nthreads=110,
message=tick stats,tick=111,estimated_current_power=-nan,
end_task=,name=xapy,elapsed_seconds=0.029788,predicted_seconds=inf,time_percent_error=inf,nthreads=110,end_time=348890.405607,avg_power_W=168.000000,max_power_W=168.000000,avg_time_s=0.029788,released_listeners=0,
est_max_power=inf,
average_power_W=168.000000,
max_power_W=168.000000,
time_s=46.514089,
message=ALL DONE,
