message=profiling all tasks,max_threads=66,
start_task=,name=start,start_time=3523477.979866,nthreads=66,
end_task=,name=start,start_time=1468250658.806511,elapsed_seconds=0.117921,nthreads=66,avg_power_W=114.000000,max_power_W=114.000000,released_listeners=2,
start_task=,name=spmv,start_time=3523478.098842,nthreads=66,
end_task=,name=spmv,start_time=1468250658.925456,elapsed_seconds=0.059592,nthreads=66,avg_power_W=119.000000,max_power_W=119.000000,released_listeners=1,
start_task=,name=spmv,start_time=3523478.159167,nthreads=66,
end_task=,name=spmv,start_time=1468250658.985781,elapsed_seconds=0.040281,nthreads=66,avg_power_W=132.000000,max_power_W=132.000000,released_listeners=1,
start_task=,name=subtract,start_time=3523478.206742,nthreads=66,
end_task=,name=subtract,start_time=1468250659.033356,elapsed_seconds=0.082146,nthreads=66,avg_power_W=130.500000,max_power_W=132.000000,released_listeners=2,
start_task=,name=subtract,start_time=3523478.293755,nthreads=66,
end_task=,name=subtract,start_time=1468250659.120368,elapsed_seconds=0.041238,nthreads=66,avg_power_W=132.000000,max_power_W=132.000000,released_listeners=2,
start_task=,name=copy,start_time=3523478.347853,nthreads=66,
end_task=,name=copy,start_time=1468250659.174466,elapsed_seconds=0.002035,nthreads=66,avg_power_W=-nan,max_power_W=0.000000,released_listeners=1,
start_task=,name=myddot,start_time=3523478.350984,nthreads=66,
end_task=,name=myddot,start_time=1468250659.177597,elapsed_seconds=0.002584,nthreads=66,avg_power_W=-nan,max_power_W=0.000000,released_listeners=1,
start_task=,name=copy,start_time=3523478.354259,nthreads=66,
end_task=,name=copy,start_time=1468250659.180872,elapsed_seconds=0.030185,nthreads=66,avg_power_W=129.000000,max_power_W=129.000000,released_listeners=1,
start_task=,name=myddot,start_time=3523478.396048,nthreads=66,
end_task=,name=myddot,start_time=1468250659.222665,elapsed_seconds=0.004897,nthreads=66,avg_power_W=-nan,max_power_W=0.000000,released_listeners=1,
start_task=,name=spmv,start_time=3523478.403606,nthreads=66,
end_task=,name=spmv,start_time=1468250659.230219,elapsed_seconds=0.041697,nthreads=66,avg_power_W=129.000000,max_power_W=129.000000,released_listeners=1,
start_task=,name=spmv,start_time=3523478.450339,nthreads=66,
end_task=,name=spmv,start_time=1468250659.276953,elapsed_seconds=0.036918,nthreads=66,avg_power_W=134.000000,max_power_W=134.000000,released_listeners=1,
start_task=,name=sum_contribs,start_time=3523478.493944,nthreads=66,
end_task=,name=sum_contribs,start_time=1468250659.320561,elapsed_seconds=0.000681,nthreads=66,avg_power_W=-nan,max_power_W=0.000000,released_listeners=1,
start_task=,name=myddot,start_time=3523478.495789,nthreads=66,
end_task=,name=myddot,start_time=1468250659.322402,elapsed_seconds=0.001445,nthreads=66,avg_power_W=-nan,max_power_W=0.000000,released_listeners=1,
start_task=,name=myddot,start_time=3523478.498425,nthreads=66,
end_task=,name=myddot,start_time=1468250659.325037,elapsed_seconds=0.004516,nthreads=66,avg_power_W=-nan,max_power_W=0.000000,released_listeners=1,
start_task=,name=sum_contribs,start_time=3523478.504810,nthreads=66,
end_task=,name=sum_contribs,start_time=1468250659.331423,elapsed_seconds=0.000651,nthreads=66,avg_power_W=-nan,max_power_W=0.000000,released_listeners=1,
start_task=,name=comp_alpha,start_time=3523478.506633,nthreads=66,
end_task=,name=comp_alpha,start_time=1468250659.333246,elapsed_seconds=0.000484,nthreads=66,avg_power_W=-nan,max_power_W=0.000000,released_listeners=4,
start_task=,name=mydaxpy,start_time=3523478.508234,nthreads=66,
end_task=,name=mydaxpy,start_time=1468250659.334847,elapsed_seconds=0.001332,nthreads=66,avg_power_W=-nan,max_power_W=0.000000,released_listeners=0,
start_task=,name=mydaxpy,start_time=3523478.510691,nthreads=66,
end_task=,name=mydaxpy,start_time=1468250659.337304,elapsed_seconds=0.000823,nthreads=66,avg_power_W=-nan,max_power_W=0.000000,released_listeners=1,
start_task=,name=mydaxpy,start_time=3523478.515531,nthreads=66,
end_task=,name=mydaxpy,start_time=1468250659.342144,elapsed_seconds=0.000828,nthreads=66,avg_power_W=-nan,max_power_W=0.000000,released_listeners=0,
start_task=,name=mydaxpy,start_time=3523478.517424,nthreads=66,
end_task=,name=mydaxpy,start_time=1468250659.344037,elapsed_seconds=0.000833,nthreads=66,avg_power_W=-nan,max_power_W=0.000000,released_listeners=1,
start_task=,name=myddot,start_time=3523478.519420,nthreads=66,
end_task=,name=myddot,start_time=1468250659.346032,elapsed_seconds=0.001431,nthreads=66,avg_power_W=-nan,max_power_W=0.000000,released_listeners=1,
start_task=,name=myddot,start_time=3523478.521989,nthreads=66,
end_task=,name=myddot,start_time=1468250659.348602,elapsed_seconds=0.001570,nthreads=66,avg_power_W=-nan,max_power_W=0.000000,released_listeners=1,
start_task=,name=sum_contribs,start_time=3523478.525222,nthreads=66,
end_task=,name=sum_contribs,start_time=1468250659.351835,elapsed_seconds=0.000650,nthreads=66,avg_power_W=-nan,max_power_W=0.000000,released_listeners=2,
start_task=,name=comp_beta,start_time=3523478.526952,nthreads=66,
end_task=,name=comp_beta,start_time=1468250659.353564,elapsed_seconds=0.000512,nthreads=66,avg_power_W=-nan,max_power_W=0.000000,released_listeners=2,
start_task=,name=assign,start_time=3523478.528607,nthreads=66,
end_task=,name=assign,start_time=1468250659.355220,elapsed_seconds=0.000631,nthreads=66,avg_power_W=132.000000,max_power_W=132.000000,released_listeners=0,
start_task=,name=dxapy,start_time=3523478.544001,nthreads=66,
end_task=,name=dxapy,start_time=1468250659.370618,elapsed_seconds=0.007110,nthreads=66,avg_power_W=-nan,max_power_W=0.000000,released_listeners=0,
start_task=,name=dxapy,start_time=3523478.551947,nthreads=66,
end_task=,name=dxapy,start_time=1468250659.378560,elapsed_seconds=0.006353,nthreads=66,avg_power_W=-nan,max_power_W=0.000000,released_listeners=0,
