message=profiling all tasks,max_threads=86,
start_task=,name=potrf,start_time=3523761.250926,nthreads=86,
end_task=,name=potrf,start_time=1468250942.077552,elapsed_seconds=0.171231,nthreads=86,avg_power_W=117.000000,max_power_W=117.000000,released_listeners=3,
start_task=,name=trsm,start_time=3523761.423013,nthreads=86,
end_task=,name=trsm,start_time=1468250942.249624,elapsed_seconds=0.004646,nthreads=86,avg_power_W=-nan,max_power_W=0.000000,released_listeners=3,
start_task=,name=trsm,start_time=3523761.428124,nthreads=86,
end_task=,name=trsm,start_time=1468250942.254735,elapsed_seconds=0.001716,nthreads=86,avg_power_W=-nan,max_power_W=0.000000,released_listeners=3,
start_task=,name=trsm,start_time=3523761.430308,nthreads=86,
end_task=,name=trsm,start_time=1468250942.256919,elapsed_seconds=0.001444,nthreads=86,avg_power_W=-nan,max_power_W=0.000000,released_listeners=3,
start_task=,name=syrk,start_time=3523761.432539,nthreads=86,
end_task=,name=syrk,start_time=1468250942.259149,elapsed_seconds=0.019318,nthreads=86,avg_power_W=133.000000,max_power_W=133.000000,released_listeners=1,
start_task=,name=gemm,start_time=3523761.464780,nthreads=86,
end_task=,name=gemm,start_time=1468250942.291391,elapsed_seconds=0.001241,nthreads=86,avg_power_W=-nan,max_power_W=0.000000,released_listeners=1,
start_task=,name=syrk,start_time=3523761.466887,nthreads=86,
end_task=,name=syrk,start_time=1468250942.293498,elapsed_seconds=0.000756,nthreads=86,avg_power_W=-nan,max_power_W=0.000000,released_listeners=1,
start_task=,name=gemm,start_time=3523761.468287,nthreads=86,
end_task=,name=gemm,start_time=1468250942.294897,elapsed_seconds=0.000888,nthreads=86,avg_power_W=-nan,max_power_W=0.000000,released_listeners=1,
start_task=,name=gemm,start_time=3523761.470169,nthreads=86,
end_task=,name=gemm,start_time=1468250942.296779,elapsed_seconds=0.000389,nthreads=86,avg_power_W=-nan,max_power_W=0.000000,released_listeners=0,
start_task=,name=syrk,start_time=3523761.471044,nthreads=86,
end_task=,name=syrk,start_time=1468250942.297655,elapsed_seconds=0.000694,nthreads=86,avg_power_W=-nan,max_power_W=0.000000,released_listeners=1,
start_task=,name=potrf,start_time=3523761.472387,nthreads=86,
end_task=,name=potrf,start_time=1468250942.298998,elapsed_seconds=0.002684,nthreads=86,avg_power_W=-nan,max_power_W=0.000000,released_listeners=2,
start_task=,name=trsm,start_time=3523761.475699,nthreads=86,
end_task=,name=trsm,start_time=1468250942.302309,elapsed_seconds=0.000567,nthreads=86,avg_power_W=-nan,max_power_W=0.000000,released_listeners=2,
start_task=,name=trsm,start_time=3523761.476941,nthreads=86,
end_task=,name=trsm,start_time=1468250942.303551,elapsed_seconds=0.001463,nthreads=86,avg_power_W=-nan,max_power_W=0.000000,released_listeners=2,
start_task=,name=syrk,start_time=3523761.479039,nthreads=86,
end_task=,name=syrk,start_time=1468250942.305650,elapsed_seconds=0.001853,nthreads=86,avg_power_W=-nan,max_power_W=0.000000,released_listeners=1,
start_task=,name=gemm,start_time=3523761.481523,nthreads=86,
end_task=,name=gemm,start_time=1468250942.308133,elapsed_seconds=0.000893,nthreads=86,avg_power_W=-nan,max_power_W=0.000000,released_listeners=1,
start_task=,name=syrk,start_time=3523761.483070,nthreads=86,
end_task=,name=syrk,start_time=1468250942.309680,elapsed_seconds=0.000689,nthreads=86,avg_power_W=-nan,max_power_W=0.000000,released_listeners=1,
start_task=,name=potrf,start_time=3523761.484419,nthreads=86,
end_task=,name=potrf,start_time=1468250942.311029,elapsed_seconds=0.002674,nthreads=86,avg_power_W=-nan,max_power_W=0.000000,released_listeners=1,
start_task=,name=trsm,start_time=3523761.487728,nthreads=86,
end_task=,name=trsm,start_time=1468250942.314338,elapsed_seconds=0.000563,nthreads=86,avg_power_W=-nan,max_power_W=0.000000,released_listeners=1,
start_task=,name=syrk,start_time=3523761.488928,nthreads=86,
end_task=,name=syrk,start_time=1468250942.315538,elapsed_seconds=0.001872,nthreads=86,avg_power_W=-nan,max_power_W=0.000000,released_listeners=1,
start_task=,name=potrf,start_time=3523761.491442,nthreads=86,
end_task=,name=potrf,start_time=1468250942.318053,elapsed_seconds=0.002702,nthreads=86,avg_power_W=-nan,max_power_W=0.000000,released_listeners=0,
