message=profiling all tasks,max_threads=26,
start_task=,name=potrf,start_time=3522799.020117,nthreads=26,
end_task=,name=potrf,start_time=1468249979.846743,elapsed_seconds=0.086485,nthreads=26,avg_power_W=117.000000,max_power_W=117.000000,released_listeners=3,
start_task=,name=trsm,start_time=3522799.107428,nthreads=26,
end_task=,name=trsm,start_time=1468249979.934037,elapsed_seconds=0.004811,nthreads=26,avg_power_W=-nan,max_power_W=0.000000,released_listeners=3,
start_task=,name=trsm,start_time=3522799.112831,nthreads=26,
end_task=,name=trsm,start_time=1468249979.939440,elapsed_seconds=0.000631,nthreads=26,avg_power_W=-nan,max_power_W=0.000000,released_listeners=3,
start_task=,name=trsm,start_time=3522799.114163,nthreads=26,
end_task=,name=trsm,start_time=1468249979.940772,elapsed_seconds=0.000613,nthreads=26,avg_power_W=-nan,max_power_W=0.000000,released_listeners=3,
start_task=,name=syrk,start_time=3522799.115403,nthreads=26,
end_task=,name=syrk,start_time=1468249979.942012,elapsed_seconds=0.055795,nthreads=26,avg_power_W=122.500000,max_power_W=124.000000,released_listeners=1,
start_task=,name=gemm,start_time=3522799.200996,nthreads=26,
end_task=,name=gemm,start_time=1468249980.027607,elapsed_seconds=1.725770,nthreads=26,avg_power_W=127.085714,max_power_W=133.000000,released_listeners=1,
start_task=,name=syrk,start_time=3522800.948837,nthreads=26,
end_task=,name=syrk,start_time=1468249981.775451,elapsed_seconds=0.073375,nthreads=26,avg_power_W=117.000000,max_power_W=117.000000,released_listeners=1,
start_task=,name=gemm,start_time=3522801.035328,nthreads=26,
end_task=,name=gemm,start_time=1468249981.861945,elapsed_seconds=11.447655,nthreads=26,avg_power_W=128.029268,max_power_W=135.000000,released_listeners=1,
start_task=,name=gemm,start_time=3522812.530985,nthreads=26,
end_task=,name=gemm,start_time=1468249993.357601,elapsed_seconds=1.224139,nthreads=26,avg_power_W=128.064516,max_power_W=136.000000,released_listeners=0,
start_task=,name=syrk,start_time=3522813.757877,nthreads=26,
end_task=,name=syrk,start_time=1468249994.584490,elapsed_seconds=25.351149,nthreads=26,avg_power_W=129.394673,max_power_W=139.000000,released_listeners=1,
start_task=,name=potrf,start_time=3522839.816497,nthreads=26,
end_task=,name=potrf,start_time=1468250020.643114,elapsed_seconds=0.039778,nthreads=26,avg_power_W=118.666667,max_power_W=119.000000,released_listeners=2,
start_task=,name=trsm,start_time=3522839.864337,nthreads=26,
end_task=,name=trsm,start_time=1468250020.690955,elapsed_seconds=0.200998,nthreads=26,avg_power_W=128.000000,max_power_W=133.000000,released_listeners=2,
start_task=,name=trsm,start_time=3522840.096951,nthreads=26,
end_task=,name=trsm,start_time=1468250020.923569,elapsed_seconds=0.298353,nthreads=26,avg_power_W=129.000000,max_power_W=132.000000,released_listeners=2,
start_task=,name=syrk,start_time=3522840.512659,nthreads=26,
end_task=,name=syrk,start_time=1468250021.339274,elapsed_seconds=8.590280,nthreads=26,avg_power_W=130.866667,max_power_W=139.000000,released_listeners=1,
start_task=,name=gemm,start_time=3522849.147773,nthreads=26,
end_task=,name=gemm,start_time=1468250029.974388,elapsed_seconds=26.172715,nthreads=26,avg_power_W=132.065104,max_power_W=141.000000,released_listeners=1,
start_task=,name=syrk,start_time=3522876.015010,nthreads=26,
end_task=,name=syrk,start_time=1468250056.841627,elapsed_seconds=5.752365,nthreads=26,avg_power_W=128.853211,max_power_W=136.000000,released_listeners=1,
start_task=,name=potrf,start_time=3522881.946176,nthreads=26,
end_task=,name=potrf,start_time=1468250062.772794,elapsed_seconds=1.402769,nthreads=26,avg_power_W=132.000000,max_power_W=137.000000,released_listeners=1,
start_task=,name=trsm,start_time=3522883.455329,nthreads=26,
end_task=,name=trsm,start_time=1468250064.281947,elapsed_seconds=0.061454,nthreads=26,avg_power_W=126.000000,max_power_W=126.000000,released_listeners=1,
start_task=,name=syrk,start_time=3522883.555115,nthreads=26,
end_task=,name=syrk,start_time=1468250064.381732,elapsed_seconds=0.284786,nthreads=26,avg_power_W=122.000000,max_power_W=124.000000,released_listeners=1,
start_task=,name=potrf,start_time=3522883.842498,nthreads=26,
end_task=,name=potrf,start_time=1468250064.669112,elapsed_seconds=0.014077,nthreads=26,avg_power_W=-nan,max_power_W=0.000000,released_listeners=0,
