message=profiling all tasks,max_threads=115,
start_task=,name=potrf,start_time=3524147.968659,nthreads=115,
end_task=,name=potrf,start_time=1468251328.795289,elapsed_seconds=0.226842,nthreads=115,avg_power_W=114.000000,max_power_W=123.000000,released_listeners=3,
start_task=,name=trsm,start_time=3524148.197172,nthreads=115,
end_task=,name=trsm,start_time=1468251329.023783,elapsed_seconds=0.005692,nthreads=115,avg_power_W=-nan,max_power_W=0.000000,released_listeners=3,
start_task=,name=trsm,start_time=3524148.203625,nthreads=115,
end_task=,name=trsm,start_time=1468251329.030235,elapsed_seconds=0.002100,nthreads=115,avg_power_W=-nan,max_power_W=0.000000,released_listeners=3,
start_task=,name=trsm,start_time=3524148.206383,nthreads=115,
end_task=,name=trsm,start_time=1468251329.032994,elapsed_seconds=0.002078,nthreads=115,avg_power_W=-nan,max_power_W=0.000000,released_listeners=3,
start_task=,name=syrk,start_time=3524148.209113,nthreads=115,
end_task=,name=syrk,start_time=1468251329.035723,elapsed_seconds=0.019773,nthreads=115,avg_power_W=129.000000,max_power_W=129.000000,released_listeners=1,
start_task=,name=gemm,start_time=3524148.232364,nthreads=115,
end_task=,name=gemm,start_time=1468251329.058975,elapsed_seconds=0.001542,nthreads=115,avg_power_W=-nan,max_power_W=0.000000,released_listeners=1,
start_task=,name=syrk,start_time=3524148.234814,nthreads=115,
end_task=,name=syrk,start_time=1468251329.061424,elapsed_seconds=0.000715,nthreads=115,avg_power_W=-nan,max_power_W=0.000000,released_listeners=1,
start_task=,name=gemm,start_time=3524148.236228,nthreads=115,
end_task=,name=gemm,start_time=1468251329.062838,elapsed_seconds=0.001129,nthreads=115,avg_power_W=-nan,max_power_W=0.000000,released_listeners=1,
start_task=,name=gemm,start_time=3524148.238003,nthreads=115,
end_task=,name=gemm,start_time=1468251329.064614,elapsed_seconds=0.000358,nthreads=115,avg_power_W=-nan,max_power_W=0.000000,released_listeners=0,
start_task=,name=syrk,start_time=3524148.238922,nthreads=115,
end_task=,name=syrk,start_time=1468251329.065532,elapsed_seconds=0.000703,nthreads=115,avg_power_W=-nan,max_power_W=0.000000,released_listeners=1,
start_task=,name=potrf,start_time=3524148.240754,nthreads=115,
end_task=,name=potrf,start_time=1468251329.067364,elapsed_seconds=0.003022,nthreads=115,avg_power_W=-nan,max_power_W=0.000000,released_listeners=2,
start_task=,name=trsm,start_time=3524148.244504,nthreads=115,
end_task=,name=trsm,start_time=1468251329.071114,elapsed_seconds=0.000817,nthreads=115,avg_power_W=-nan,max_power_W=0.000000,released_listeners=2,
start_task=,name=trsm,start_time=3524148.245988,nthreads=115,
end_task=,name=trsm,start_time=1468251329.072599,elapsed_seconds=0.002138,nthreads=115,avg_power_W=-nan,max_power_W=0.000000,released_listeners=2,
start_task=,name=syrk,start_time=3524148.248722,nthreads=115,
end_task=,name=syrk,start_time=1468251329.075333,elapsed_seconds=0.002282,nthreads=115,avg_power_W=-nan,max_power_W=0.000000,released_listeners=1,
start_task=,name=gemm,start_time=3524148.251868,nthreads=115,
end_task=,name=gemm,start_time=1468251329.078479,elapsed_seconds=0.001083,nthreads=115,avg_power_W=-nan,max_power_W=0.000000,released_listeners=1,
start_task=,name=syrk,start_time=3524148.253617,nthreads=115,
end_task=,name=syrk,start_time=1468251329.080227,elapsed_seconds=0.000686,nthreads=115,avg_power_W=-nan,max_power_W=0.000000,released_listeners=1,
start_task=,name=potrf,start_time=3524148.254961,nthreads=115,
end_task=,name=potrf,start_time=1468251329.081572,elapsed_seconds=0.003050,nthreads=115,avg_power_W=-nan,max_power_W=0.000000,released_listeners=1,
start_task=,name=trsm,start_time=3524148.258653,nthreads=115,
end_task=,name=trsm,start_time=1468251329.085264,elapsed_seconds=0.000816,nthreads=115,avg_power_W=-nan,max_power_W=0.000000,released_listeners=1,
start_task=,name=syrk,start_time=3524148.260528,nthreads=115,
end_task=,name=syrk,start_time=1468251329.087138,elapsed_seconds=0.001989,nthreads=115,avg_power_W=-nan,max_power_W=0.000000,released_listeners=1,
start_task=,name=potrf,start_time=3524148.263171,nthreads=115,
end_task=,name=potrf,start_time=1468251329.089785,elapsed_seconds=0.003002,nthreads=115,avg_power_W=-nan,max_power_W=0.000000,released_listeners=0,
