message=profiling all tasks,max_threads=64,
start_task=,name=potrf,start_time=3523451.604506,nthreads=64,
end_task=,name=potrf,start_time=1468250632.431131,elapsed_seconds=0.131462,nthreads=64,avg_power_W=117.500000,max_power_W=119.000000,released_listeners=3,
start_task=,name=trsm,start_time=3523451.736821,nthreads=64,
end_task=,name=trsm,start_time=1468250632.563432,elapsed_seconds=0.005079,nthreads=64,avg_power_W=-nan,max_power_W=0.000000,released_listeners=3,
start_task=,name=trsm,start_time=3523451.742396,nthreads=64,
end_task=,name=trsm,start_time=1468250632.569007,elapsed_seconds=0.001223,nthreads=64,avg_power_W=-nan,max_power_W=0.000000,released_listeners=3,
start_task=,name=trsm,start_time=3523451.744096,nthreads=64,
end_task=,name=trsm,start_time=1468250632.570707,elapsed_seconds=0.001126,nthreads=64,avg_power_W=-nan,max_power_W=0.000000,released_listeners=3,
start_task=,name=syrk,start_time=3523451.745662,nthreads=64,
end_task=,name=syrk,start_time=1468250632.572272,elapsed_seconds=0.032457,nthreads=64,avg_power_W=123.000000,max_power_W=123.000000,released_listeners=1,
start_task=,name=gemm,start_time=3523451.779077,nthreads=64,
end_task=,name=gemm,start_time=1468250632.605688,elapsed_seconds=0.002767,nthreads=64,avg_power_W=-nan,max_power_W=0.000000,released_listeners=1,
start_task=,name=syrk,start_time=3523451.782329,nthreads=64,
end_task=,name=syrk,start_time=1468250632.608939,elapsed_seconds=0.000591,nthreads=64,avg_power_W=-nan,max_power_W=0.000000,released_listeners=1,
start_task=,name=gemm,start_time=3523451.783372,nthreads=64,
end_task=,name=gemm,start_time=1468250632.609982,elapsed_seconds=0.000321,nthreads=64,avg_power_W=-nan,max_power_W=0.000000,released_listeners=1,
start_task=,name=gemm,start_time=3523451.784136,nthreads=64,
end_task=,name=gemm,start_time=1468250632.610746,elapsed_seconds=0.000313,nthreads=64,avg_power_W=-nan,max_power_W=0.000000,released_listeners=0,
start_task=,name=syrk,start_time=3523451.784906,nthreads=64,
end_task=,name=syrk,start_time=1468250632.611516,elapsed_seconds=0.000561,nthreads=64,avg_power_W=-nan,max_power_W=0.000000,released_listeners=1,
start_task=,name=potrf,start_time=3523451.785901,nthreads=64,
end_task=,name=potrf,start_time=1468250632.612511,elapsed_seconds=0.002251,nthreads=64,avg_power_W=-nan,max_power_W=0.000000,released_listeners=2,
start_task=,name=trsm,start_time=3523451.788576,nthreads=64,
end_task=,name=trsm,start_time=1468250632.615186,elapsed_seconds=0.000484,nthreads=64,avg_power_W=-nan,max_power_W=0.000000,released_listeners=2,
start_task=,name=trsm,start_time=3523451.789647,nthreads=64,
end_task=,name=trsm,start_time=1468250632.616257,elapsed_seconds=0.001184,nthreads=64,avg_power_W=-nan,max_power_W=0.000000,released_listeners=2,
start_task=,name=syrk,start_time=3523451.791293,nthreads=64,
end_task=,name=syrk,start_time=1468250632.617904,elapsed_seconds=0.001243,nthreads=64,avg_power_W=-nan,max_power_W=0.000000,released_listeners=1,
start_task=,name=gemm,start_time=3523451.792984,nthreads=64,
end_task=,name=gemm,start_time=1468250632.619595,elapsed_seconds=0.000333,nthreads=64,avg_power_W=-nan,max_power_W=0.000000,released_listeners=1,
start_task=,name=syrk,start_time=3523451.793764,nthreads=64,
end_task=,name=syrk,start_time=1468250632.620374,elapsed_seconds=0.000545,nthreads=64,avg_power_W=-nan,max_power_W=0.000000,released_listeners=1,
start_task=,name=potrf,start_time=3523451.794731,nthreads=64,
end_task=,name=potrf,start_time=1468250632.621342,elapsed_seconds=0.002244,nthreads=64,avg_power_W=-nan,max_power_W=0.000000,released_listeners=1,
start_task=,name=trsm,start_time=3523451.797389,nthreads=64,
end_task=,name=trsm,start_time=1468250632.623999,elapsed_seconds=0.000475,nthreads=64,avg_power_W=-nan,max_power_W=0.000000,released_listeners=1,
start_task=,name=syrk,start_time=3523451.798299,nthreads=64,
end_task=,name=syrk,start_time=1468250632.624909,elapsed_seconds=0.001426,nthreads=64,avg_power_W=-nan,max_power_W=0.000000,released_listeners=1,
start_task=,name=potrf,start_time=3523451.800158,nthreads=64,
end_task=,name=potrf,start_time=1468250632.626769,elapsed_seconds=0.002259,nthreads=64,avg_power_W=-nan,max_power_W=0.000000,released_listeners=0,
