message=profiling all tasks,max_threads=172,
start_task=,name=potrf,start_time=3524924.385817,nthreads=172,
end_task=,name=potrf,start_time=1468252105.212446,elapsed_seconds=0.272234,nthreads=172,avg_power_W=113.400000,max_power_W=117.000000,released_listeners=3,
start_task=,name=trsm,start_time=3524924.659659,nthreads=172,
end_task=,name=trsm,start_time=1468252105.486270,elapsed_seconds=0.005673,nthreads=172,avg_power_W=-nan,max_power_W=0.000000,released_listeners=3,
start_task=,name=trsm,start_time=3524924.666070,nthreads=172,
end_task=,name=trsm,start_time=1468252105.492680,elapsed_seconds=0.003274,nthreads=172,avg_power_W=-nan,max_power_W=0.000000,released_listeners=3,
start_task=,name=trsm,start_time=3524924.669988,nthreads=172,
end_task=,name=trsm,start_time=1468252105.496598,elapsed_seconds=0.003643,nthreads=172,avg_power_W=-nan,max_power_W=0.000000,released_listeners=3,
start_task=,name=syrk,start_time=3524924.674300,nthreads=172,
end_task=,name=syrk,start_time=1468252105.500910,elapsed_seconds=0.046403,nthreads=172,avg_power_W=145.000000,max_power_W=145.000000,released_listeners=1,
start_task=,name=gemm,start_time=3524924.721546,nthreads=172,
end_task=,name=gemm,start_time=1468252105.548156,elapsed_seconds=0.002372,nthreads=172,avg_power_W=-nan,max_power_W=0.000000,released_listeners=1,
start_task=,name=syrk,start_time=3524924.724648,nthreads=172,
end_task=,name=syrk,start_time=1468252105.551259,elapsed_seconds=0.000649,nthreads=172,avg_power_W=-nan,max_power_W=0.000000,released_listeners=1,
start_task=,name=gemm,start_time=3524924.725958,nthreads=172,
end_task=,name=gemm,start_time=1468252105.552568,elapsed_seconds=0.000403,nthreads=172,avg_power_W=-nan,max_power_W=0.000000,released_listeners=1,
start_task=,name=gemm,start_time=3524924.726842,nthreads=172,
end_task=,name=gemm,start_time=1468252105.553453,elapsed_seconds=0.000385,nthreads=172,avg_power_W=-nan,max_power_W=0.000000,released_listeners=0,
start_task=,name=syrk,start_time=3524924.727761,nthreads=172,
end_task=,name=syrk,start_time=1468252105.554371,elapsed_seconds=0.000669,nthreads=172,avg_power_W=-nan,max_power_W=0.000000,released_listeners=1,
start_task=,name=potrf,start_time=3524924.729104,nthreads=172,
end_task=,name=potrf,start_time=1468252105.555715,elapsed_seconds=0.002821,nthreads=172,avg_power_W=-nan,max_power_W=0.000000,released_listeners=2,
start_task=,name=trsm,start_time=3524924.732696,nthreads=172,
end_task=,name=trsm,start_time=1468252105.559306,elapsed_seconds=0.001176,nthreads=172,avg_power_W=-nan,max_power_W=0.000000,released_listeners=2,
start_task=,name=trsm,start_time=3524924.734411,nthreads=172,
end_task=,name=trsm,start_time=1468252105.561024,elapsed_seconds=0.003303,nthreads=172,avg_power_W=139.000000,max_power_W=139.000000,released_listeners=2,
start_task=,name=syrk,start_time=3524924.750071,nthreads=172,
end_task=,name=syrk,start_time=1468252105.576688,elapsed_seconds=0.003165,nthreads=172,avg_power_W=-nan,max_power_W=0.000000,released_listeners=1,
start_task=,name=gemm,start_time=3524924.754084,nthreads=172,
end_task=,name=gemm,start_time=1468252105.580697,elapsed_seconds=0.000394,nthreads=172,avg_power_W=-nan,max_power_W=0.000000,released_listeners=1,
start_task=,name=syrk,start_time=3524924.754992,nthreads=172,
end_task=,name=syrk,start_time=1468252105.581604,elapsed_seconds=0.000615,nthreads=172,avg_power_W=-nan,max_power_W=0.000000,released_listeners=1,
start_task=,name=potrf,start_time=3524924.756255,nthreads=172,
end_task=,name=potrf,start_time=1468252105.582868,elapsed_seconds=0.002342,nthreads=172,avg_power_W=-nan,max_power_W=0.000000,released_listeners=1,
start_task=,name=trsm,start_time=3524924.759258,nthreads=172,
end_task=,name=trsm,start_time=1468252105.585871,elapsed_seconds=0.001121,nthreads=172,avg_power_W=-nan,max_power_W=0.000000,released_listeners=1,
start_task=,name=syrk,start_time=3524924.761425,nthreads=172,
end_task=,name=syrk,start_time=1468252105.588038,elapsed_seconds=0.002754,nthreads=172,avg_power_W=-nan,max_power_W=0.000000,released_listeners=1,
start_task=,name=potrf,start_time=3524924.764829,nthreads=172,
end_task=,name=potrf,start_time=1468252105.591448,elapsed_seconds=0.002296,nthreads=172,avg_power_W=-nan,max_power_W=0.000000,released_listeners=0,
