message=profiling all tasks,max_threads=208,
start_task=,name=potrf,start_time=3525465.510463,nthreads=208,
end_task=,name=potrf,start_time=1468252646.337092,elapsed_seconds=0.316689,nthreads=208,avg_power_W=119.500000,max_power_W=124.000000,released_listeners=3,
start_task=,name=trsm,start_time=3525465.828037,nthreads=208,
end_task=,name=trsm,start_time=1468252646.654648,elapsed_seconds=0.006336,nthreads=208,avg_power_W=-nan,max_power_W=0.000000,released_listeners=3,
start_task=,name=trsm,start_time=3525465.834864,nthreads=208,
end_task=,name=trsm,start_time=1468252646.661474,elapsed_seconds=0.004107,nthreads=208,avg_power_W=-nan,max_power_W=0.000000,released_listeners=3,
start_task=,name=trsm,start_time=3525465.839439,nthreads=208,
end_task=,name=trsm,start_time=1468252646.666050,elapsed_seconds=0.004580,nthreads=208,avg_power_W=-nan,max_power_W=0.000000,released_listeners=3,
start_task=,name=syrk,start_time=3525465.844493,nthreads=208,
end_task=,name=syrk,start_time=1468252646.671103,elapsed_seconds=0.082182,nthreads=208,avg_power_W=151.000000,max_power_W=155.000000,released_listeners=1,
start_task=,name=gemm,start_time=3525465.927726,nthreads=208,
end_task=,name=gemm,start_time=1468252646.754339,elapsed_seconds=0.001260,nthreads=208,avg_power_W=-nan,max_power_W=0.000000,released_listeners=1,
start_task=,name=syrk,start_time=3525465.929664,nthreads=208,
end_task=,name=syrk,start_time=1468252646.756277,elapsed_seconds=0.000647,nthreads=208,avg_power_W=-nan,max_power_W=0.000000,released_listeners=1,
start_task=,name=gemm,start_time=3525465.930740,nthreads=208,
end_task=,name=gemm,start_time=1468252646.757352,elapsed_seconds=0.000350,nthreads=208,avg_power_W=-nan,max_power_W=0.000000,released_listeners=1,
start_task=,name=gemm,start_time=3525465.932084,nthreads=208,
end_task=,name=gemm,start_time=1468252646.758697,elapsed_seconds=0.000357,nthreads=208,avg_power_W=-nan,max_power_W=0.000000,released_listeners=0,
start_task=,name=syrk,start_time=3525465.933066,nthreads=208,
end_task=,name=syrk,start_time=1468252646.759679,elapsed_seconds=0.000621,nthreads=208,avg_power_W=-nan,max_power_W=0.000000,released_listeners=1,
start_task=,name=potrf,start_time=3525465.934232,nthreads=208,
end_task=,name=potrf,start_time=1468252646.760840,elapsed_seconds=0.002449,nthreads=208,avg_power_W=-nan,max_power_W=0.000000,released_listeners=2,
start_task=,name=trsm,start_time=3525465.937182,nthreads=208,
end_task=,name=trsm,start_time=1468252646.763794,elapsed_seconds=0.001478,nthreads=208,avg_power_W=-nan,max_power_W=0.000000,released_listeners=2,
start_task=,name=trsm,start_time=3525465.939179,nthreads=208,
end_task=,name=trsm,start_time=1468252646.765792,elapsed_seconds=0.004593,nthreads=208,avg_power_W=-nan,max_power_W=0.000000,released_listeners=2,
start_task=,name=syrk,start_time=3525465.944332,nthreads=208,
end_task=,name=syrk,start_time=1468252646.770945,elapsed_seconds=0.003299,nthreads=208,avg_power_W=-nan,max_power_W=0.000000,released_listeners=1,
start_task=,name=gemm,start_time=3525465.948076,nthreads=208,
end_task=,name=gemm,start_time=1468252646.774689,elapsed_seconds=0.000382,nthreads=208,avg_power_W=-nan,max_power_W=0.000000,released_listeners=1,
start_task=,name=syrk,start_time=3525465.948901,nthreads=208,
end_task=,name=syrk,start_time=1468252646.775514,elapsed_seconds=0.000617,nthreads=208,avg_power_W=-nan,max_power_W=0.000000,released_listeners=1,
start_task=,name=potrf,start_time=3525465.949932,nthreads=208,
end_task=,name=potrf,start_time=1468252646.776545,elapsed_seconds=0.002970,nthreads=208,avg_power_W=-nan,max_power_W=0.000000,released_listeners=1,
start_task=,name=trsm,start_time=3525465.953475,nthreads=208,
end_task=,name=trsm,start_time=1468252646.780087,elapsed_seconds=0.001501,nthreads=208,avg_power_W=-nan,max_power_W=0.000000,released_listeners=1,
start_task=,name=syrk,start_time=3525465.955481,nthreads=208,
end_task=,name=syrk,start_time=1468252646.782089,elapsed_seconds=0.003254,nthreads=208,avg_power_W=-nan,max_power_W=0.000000,released_listeners=1,
start_task=,name=potrf,start_time=3525465.959123,nthreads=208,
end_task=,name=potrf,start_time=1468252646.785745,elapsed_seconds=0.003029,nthreads=208,avg_power_W=145.000000,max_power_W=145.000000,released_listeners=0,
