message=cataloging configuration,power_limit=1000.000000,max_threads=63,
message=reducing available power by the sum of launched tasks,avail_before=1000.000000,sum_power=68.206061,avail_after=931.793939,
start_task=,name=potrf,tick=1,start_time=530921.824659,nthreads=61,
end_task=,name=potrf,elapsed_seconds=0.296487,nthreads=61,end_time=530922.122191,released_listeners=5,
message=reducing available power by the sum of launched tasks,avail_before=1000.000000,sum_power=155.690505,avail_after=844.309495,
start_task=,name=trsm,tick=2,start_time=530922.145612,nthreads=13,
start_task=,name=trsm,tick=2,start_time=530922.145641,nthreads=11,
start_task=,name=trsm,tick=2,start_time=530922.145666,nthreads=13,
start_task=,name=trsm,tick=2,start_time=530922.145740,nthreads=13,
start_task=,name=trsm,tick=2,start_time=530922.145799,nthreads=13,
end_task=,name=trsm,elapsed_seconds=0.085680,nthreads=13,end_time=530922.238608,released_listeners=5,
message=reducing available power by the sum of launched tasks,avail_before=876.048283,sum_power=25.563131,avail_after=850.485152,
start_task=,name=syrk,tick=3,start_time=530922.238741,nthreads=13,
end_task=,name=trsm,elapsed_seconds=0.093973,nthreads=13,end_time=530922.243213,released_listeners=5,
message=reducing available power by the sum of launched tasks,avail_before=882.223940,sum_power=30.495476,avail_after=851.728463,
start_task=,name=gemm,tick=4,start_time=530922.243356,nthreads=6,
start_task=,name=syrk,tick=4,start_time=530922.243375,nthreads=5,
end_task=,name=trsm,elapsed_seconds=0.118576,nthreads=13,end_time=530922.265137,released_listeners=5,
end_task=,name=trsm,elapsed_seconds=0.118011,nthreads=13,end_time=530922.265166,released_listeners=5,
message=reducing available power by the sum of launched tasks,avail_before=915.206039,sum_power=102.974254,avail_after=812.231785,
start_task=,name=gemm,tick=5,start_time=530922.265441,nthreads=2,
start_task=,name=gemm,tick=5,start_time=530922.265454,nthreads=2,
start_task=,name=syrk,tick=5,start_time=530922.265475,nthreads=5,
start_task=,name=gemm,tick=5,start_time=530922.265495,nthreads=9,
start_task=,name=gemm,tick=5,start_time=530922.265531,nthreads=2,
start_task=,name=syrk,tick=5,start_time=530922.265785,nthreads=5,
start_task=,name=gemm,tick=5,start_time=530922.265826,nthreads=2,
end_task=,name=trsm,elapsed_seconds=0.126040,nthreads=11,end_time=530922.314320,released_listeners=5,
message=reducing available power by the sum of launched tasks,avail_before=840.967139,sum_power=65.743166,avail_after=775.223973,
start_task=,name=syrk,tick=6,start_time=530922.320809,nthreads=5,
start_task=,name=gemm,tick=6,start_time=530922.320826,nthreads=2,
start_task=,name=gemm,tick=6,start_time=530922.320843,nthreads=2,
start_task=,name=gemm,tick=6,start_time=530922.320874,nthreads=2,
start_task=,name=gemm,tick=6,start_time=530922.321030,nthreads=1,
end_task=,name=syrk,elapsed_seconds=0.176608,nthreads=13,end_time=530922.501606,released_listeners=1,
end_task=,name=gemm,elapsed_seconds=0.326968,nthreads=9,end_time=530922.592925,released_listeners=0,
end_task=,name=syrk,elapsed_seconds=0.376179,nthreads=5,end_time=530922.623409,released_listeners=1,
end_task=,name=gemm,elapsed_seconds=0.467082,nthreads=6,end_time=530922.710912,released_listeners=0,
end_task=,name=syrk,elapsed_seconds=0.521074,nthreads=5,end_time=530922.788926,released_listeners=1,
end_task=,name=syrk,elapsed_seconds=0.576293,nthreads=5,end_time=530922.842576,released_listeners=1,
end_task=,name=syrk,elapsed_seconds=0.549355,nthreads=5,end_time=530922.870788,released_listeners=1,
message=reducing available power by the sum of launched tasks,avail_before=897.276531,sum_power=59.387879,avail_after=837.888653,
start_task=,name=potrf,tick=7,start_time=530922.870858,nthreads=48,
end_task=,name=gemm,elapsed_seconds=0.644909,nthreads=2,end_time=530922.910926,released_listeners=0,
end_task=,name=potrf,elapsed_seconds=0.124674,nthreads=48,end_time=530923.009277,released_listeners=4,
end_task=,name=gemm,elapsed_seconds=0.848931,nthreads=2,end_time=530923.115465,released_listeners=0,
end_task=,name=gemm,elapsed_seconds=0.813262,nthreads=2,end_time=530923.139647,released_listeners=1,
message=reducing available power by the sum of launched tasks,avail_before=936.204259,sum_power=79.212121,avail_after=856.992137,
start_task=,name=trsm,tick=8,start_time=530923.139699,nthreads=52,
end_task=,name=gemm,elapsed_seconds=0.865336,nthreads=2,end_time=530923.139716,released_listeners=0,
end_task=,name=trsm,elapsed_seconds=0.046600,nthreads=52,end_time=530923.189538,released_listeners=4,
message=reducing available power by the sum of launched tasks,avail_before=949.180168,sum_power=64.285859,avail_after=884.894309,
start_task=,name=syrk,tick=9,start_time=530923.189598,nthreads=48,
end_task=,name=gemm,elapsed_seconds=0.869628,nthreads=2,end_time=530923.193495,released_listeners=1,
message=reducing available power by the sum of launched tasks,avail_before=897.870218,sum_power=27.010101,avail_after=870.860117,
start_task=,name=trsm,tick=10,start_time=530923.193558,nthreads=8,
end_task=,name=trsm,elapsed_seconds=0.095679,nthreads=8,end_time=530923.289884,released_listeners=4,
message=reducing available power by the sum of launched tasks,avail_before=897.870218,sum_power=29.252768,avail_after=868.617450,
start_task=,name=gemm,tick=11,start_time=530923.289928,nthreads=4,
start_task=,name=syrk,tick=11,start_time=530923.289942,nthreads=5,
end_task=,name=syrk,elapsed_seconds=0.102039,nthreads=48,end_time=530923.298456,released_listeners=1,
end_task=,name=gemm,elapsed_seconds=1.043304,nthreads=2,end_time=530923.312460,released_listeners=0,
end_task=,name=gemm,elapsed_seconds=1.007499,nthreads=2,end_time=530923.338647,released_listeners=1,
message=reducing available power by the sum of launched tasks,avail_before=958.855127,sum_power=79.212121,avail_after=879.643006,
start_task=,name=trsm,tick=12,start_time=530923.338693,nthreads=52,
end_task=,name=trsm,elapsed_seconds=0.043230,nthreads=52,end_time=530923.388613,released_listeners=4,
message=reducing available power by the sum of launched tasks,avail_before=958.855127,sum_power=97.242929,avail_after=861.612198,
start_task=,name=syrk,tick=13,start_time=530923.389176,nthreads=17,
start_task=,name=gemm,tick=13,start_time=530923.389193,nthreads=17,
start_task=,name=gemm,tick=13,start_time=530923.389215,nthreads=19,
end_task=,name=syrk,elapsed_seconds=0.166817,nthreads=17,end_time=530923.556460,released_listeners=1,
message=reducing available power by the sum of launched tasks,avail_before=891.708157,sum_power=30.515404,avail_after=861.192753,
start_task=,name=potrf,tick=14,start_time=530923.556513,nthreads=16,
end_task=,name=gemm,elapsed_seconds=0.198241,nthreads=17,end_time=530923.589081,released_listeners=1,
end_task=,name=gemm,elapsed_seconds=0.185508,nthreads=19,end_time=530923.589107,released_listeners=1,
end_task=,name=syrk,elapsed_seconds=0.322192,nthreads=5,end_time=530923.612735,released_listeners=1,
end_task=,name=gemm,elapsed_seconds=1.332648,nthreads=1,end_time=530923.654701,released_listeners=1,
message=reducing available power by the sum of launched tasks,avail_before=955.155161,sum_power=66.867879,avail_after=888.287283,
start_task=,name=trsm,tick=15,start_time=530923.654734,nthreads=42,
end_task=,name=potrf,elapsed_seconds=0.113604,nthreads=16,end_time=530923.670571,released_listeners=3,
message=reducing available power by the sum of launched tasks,avail_before=918.802687,sum_power=53.895455,avail_after=864.907232,
start_task=,name=trsm,tick=16,start_time=530923.670706,nthreads=8,
start_task=,name=trsm,tick=16,start_time=530923.670718,nthreads=9,
end_task=,name=gemm,elapsed_seconds=0.392012,nthreads=4,end_time=530923.704732,released_listeners=0,
end_task=,name=trsm,elapsed_seconds=0.047085,nthreads=42,end_time=530923.705260,released_listeners=4,
message=reducing available power by the sum of launched tasks,avail_before=946.104545,sum_power=94.876709,avail_after=851.227836,
start_task=,name=gemm,tick=17,start_time=530923.705689,nthreads=13,
start_task=,name=gemm,tick=17,start_time=530923.705718,nthreads=13,
start_task=,name=syrk,tick=17,start_time=530923.705744,nthreads=9,
start_task=,name=gemm,tick=17,start_time=530923.705785,nthreads=11,
end_task=,name=trsm,elapsed_seconds=0.103318,nthreads=9,end_time=530923.788476,released_listeners=3,
message=reducing available power by the sum of launched tasks,avail_before=878.113190,sum_power=20.211500,avail_after=857.901690,
start_task=,name=syrk,tick=18,start_time=530923.788518,nthreads=9,
end_task=,name=trsm,elapsed_seconds=0.139051,nthreads=8,end_time=530923.817896,released_listeners=3,
message=reducing available power by the sum of launched tasks,avail_before=884.911791,sum_power=27.899242,avail_after=857.012549,
start_task=,name=syrk,tick=19,start_time=530923.818083,nthreads=5,
start_task=,name=gemm,tick=19,start_time=530923.818105,nthreads=2,
end_task=,name=gemm,elapsed_seconds=0.236574,nthreads=13,end_time=530923.942900,released_listeners=1,
message=reducing available power by the sum of launched tasks,avail_before=883.414472,sum_power=32.917677,avail_after=850.496795,
start_task=,name=trsm,tick=20,start_time=530923.942959,nthreads=14,
end_task=,name=syrk,elapsed_seconds=0.250127,nthreads=9,end_time=530923.956521,released_listeners=1,
end_task=,name=gemm,elapsed_seconds=0.255159,nthreads=13,end_time=530923.961505,released_listeners=0,
end_task=,name=syrk,elapsed_seconds=0.203963,nthreads=9,end_time=530923.993077,released_listeners=1,
end_task=,name=trsm,elapsed_seconds=0.060867,nthreads=14,end_time=530924.014467,released_listeners=3,
message=reducing available power by the sum of launched tasks,avail_before=950.239394,sum_power=85.576088,avail_after=864.663306,
start_task=,name=gemm,tick=21,start_time=530924.014566,nthreads=15,
start_task=,name=syrk,tick=21,start_time=530924.014582,nthreads=17,
start_task=,name=gemm,tick=21,start_time=530924.014605,nthreads=13,
end_task=,name=gemm,elapsed_seconds=0.322414,nthreads=11,end_time=530924.039210,released_listeners=0,
end_task=,name=syrk,elapsed_seconds=0.308105,nthreads=5,end_time=530924.138894,released_listeners=1,
message=reducing available power by the sum of launched tasks,avail_before=901.448003,sum_power=30.515404,avail_after=870.932599,
start_task=,name=potrf,tick=22,start_time=530924.138938,nthreads=16,
end_task=,name=syrk,elapsed_seconds=0.175408,nthreads=17,end_time=530924.190584,released_listeners=1,
end_task=,name=gemm,elapsed_seconds=0.201714,nthreads=15,end_time=530924.216880,released_listeners=1,
end_task=,name=gemm,elapsed_seconds=0.205735,nthreads=13,end_time=530924.220983,released_listeners=0,
end_task=,name=potrf,elapsed_seconds=0.119083,nthreads=16,end_time=530924.258874,released_listeners=2,
message=reducing available power by the sum of launched tasks,avail_before=987.024091,sum_power=79.212121,avail_after=907.811970,
start_task=,name=trsm,tick=23,start_time=530924.258904,nthreads=52,
end_task=,name=trsm,elapsed_seconds=0.041986,nthreads=52,end_time=530924.301500,released_listeners=2,
message=reducing available power by the sum of launched tasks,avail_before=987.024091,sum_power=84.381313,avail_after=902.642778,
start_task=,name=syrk,tick=24,start_time=530924.301535,nthreads=60,
end_task=,name=syrk,elapsed_seconds=0.082549,nthreads=60,end_time=530924.388961,released_listeners=1,
message=reducing available power by the sum of launched tasks,avail_before=987.024091,sum_power=68.206061,avail_after=918.818030,
start_task=,name=potrf,tick=25,start_time=530924.389001,nthreads=61,
end_task=,name=gemm,elapsed_seconds=0.611714,nthreads=2,end_time=530924.439038,released_listeners=1,
message=reducing available power by the sum of launched tasks,avail_before=931.793939,sum_power=13.570202,avail_after=918.223737,
start_task=,name=trsm,tick=26,start_time=530924.439103,nthreads=2,
end_task=,name=potrf,elapsed_seconds=0.121934,nthreads=61,end_time=530924.511454,released_listeners=1,
end_task=,name=trsm,elapsed_seconds=0.277405,nthreads=2,end_time=530924.717379,released_listeners=2,
message=reducing available power by the sum of launched tasks,avail_before=1000.000000,sum_power=96.315404,avail_after=903.684596,
start_task=,name=gemm,tick=27,start_time=530924.717465,nthreads=24,
start_task=,name=syrk,tick=27,start_time=530924.717499,nthreads=36,
end_task=,name=gemm,elapsed_seconds=0.108835,nthreads=24,end_time=530924.838744,released_listeners=1,
message=reducing available power by the sum of launched tasks,avail_before=947.718687,sum_power=47.563636,avail_after=900.155050,
start_task=,name=trsm,tick=28,start_time=530924.838812,nthreads=24,
end_task=,name=syrk,elapsed_seconds=0.136767,nthreads=36,end_time=530924.854631,released_listeners=1,
end_task=,name=trsm,elapsed_seconds=0.060203,nthreads=24,end_time=530924.899756,released_listeners=1,
message=reducing available power by the sum of launched tasks,avail_before=1000.000000,sum_power=84.381313,avail_after=915.618687,
start_task=,name=syrk,tick=29,start_time=530924.899814,nthreads=60,
end_task=,name=syrk,elapsed_seconds=0.095616,nthreads=60,end_time=530924.996314,released_listeners=1,
message=reducing available power by the sum of launched tasks,avail_before=1000.000000,sum_power=68.206061,avail_after=931.793939,
start_task=,name=potrf,tick=30,start_time=530924.996378,nthreads=61,
end_task=,name=potrf,elapsed_seconds=0.070068,nthreads=61,end_time=530925.067340,released_listeners=0,
average_power_W=172.171875,
max_power_W=213.000000,
time_s=3.242821,
message=ALL DONE,
