message=cataloging configuration,power_limit=1000.000000,max_threads=16,
message=reducing available power by the sum of launched tasks,avail_before=1000.000000,sum_power=30.515404,avail_after=969.484596,
start_task=,name=potrf,tick=1,start_time=583997.188872,nthreads=16,
end_task=,name=potrf,elapsed_seconds=0.280965,nthreads=16,end_time=583997.471523,released_listeners=5,
message=reducing available power by the sum of launched tasks,avail_before=1000.000000,sum_power=79.414763,avail_after=920.585237,
start_task=,name=trsm,tick=2,start_time=583997.483752,nthreads=4,
start_task=,name=trsm,tick=2,start_time=583997.483778,nthreads=4,
start_task=,name=trsm,tick=2,start_time=583997.483800,nthreads=4,
start_task=,name=trsm,tick=2,start_time=583997.483949,nthreads=2,
start_task=,name=trsm,tick=2,start_time=583997.484936,nthreads=2,
end_task=,name=trsm,elapsed_seconds=0.267984,nthreads=4,end_time=583997.755278,released_listeners=5,
message=reducing available power by the sum of launched tasks,avail_before=938.010023,sum_power=12.817778,avail_after=925.192245,
start_task=,name=syrk,tick=3,start_time=583997.755339,nthreads=3,
end_task=,name=trsm,elapsed_seconds=0.289729,nthreads=4,end_time=583997.774483,released_listeners=5,
message=reducing available power by the sum of launched tasks,avail_before=942.617032,sum_power=24.709883,avail_after=917.907149,
start_task=,name=syrk,tick=4,start_time=583997.774761,nthreads=3,
start_task=,name=gemm,tick=4,start_time=583997.774774,nthreads=1,
end_task=,name=trsm,elapsed_seconds=0.306028,nthreads=4,end_time=583997.804932,released_listeners=5,
message=reducing available power by the sum of launched tasks,avail_before=935.331935,sum_power=36.601988,avail_after=898.729947,
start_task=,name=syrk,tick=5,start_time=583997.809859,nthreads=3,
start_task=,name=gemm,tick=5,start_time=583997.809885,nthreads=1,
start_task=,name=gemm,tick=5,start_time=583997.809922,nthreads=1,
end_task=,name=trsm,elapsed_seconds=0.475021,nthreads=2,end_time=583997.961465,released_listeners=5,
message=reducing available power by the sum of launched tasks,avail_before=912.300149,sum_power=23.446027,avail_after=888.854122,
start_task=,name=gemm,tick=6,start_time=583997.962140,nthreads=1,
start_task=,name=syrk,tick=6,start_time=583997.962155,nthreads=1,
message=reducing available power by the sum of launched tasks,avail_before=888.854122,sum_power=0.000000,avail_after=888.854122,
message=reducing available power by the sum of launched tasks,avail_before=888.854122,sum_power=0.000000,avail_after=888.854122,
message=reducing available power by the sum of launched tasks,avail_before=888.854122,sum_power=0.000000,avail_after=888.854122,
message=reducing available power by the sum of launched tasks,avail_before=888.854122,sum_power=0.000000,avail_after=888.854122,
message=reducing available power by the sum of launched tasks,avail_before=888.854122,sum_power=0.000000,avail_after=888.854122,
message=reducing available power by the sum of launched tasks,avail_before=888.854122,sum_power=0.000000,avail_after=888.854122,
message=reducing available power by the sum of launched tasks,avail_before=888.854122,sum_power=0.000000,avail_after=888.854122,
message=reducing available power by the sum of launched tasks,avail_before=888.854122,sum_power=0.000000,avail_after=888.854122,
message=reducing available power by the sum of launched tasks,avail_before=888.854122,sum_power=0.000000,avail_after=888.854122,
message=reducing available power by the sum of launched tasks,avail_before=888.854122,sum_power=0.000000,avail_after=888.854122,
message=reducing available power by the sum of launched tasks,avail_before=888.854122,sum_power=0.000000,avail_after=888.854122,
message=reducing available power by the sum of launched tasks,avail_before=888.854122,sum_power=0.000000,avail_after=888.854122,
message=reducing available power by the sum of launched tasks,avail_before=888.854122,sum_power=0.000000,avail_after=888.854122,
message=reducing available power by the sum of launched tasks,avail_before=888.854122,sum_power=0.000000,avail_after=888.854122,
message=reducing available power by the sum of launched tasks,avail_before=888.854122,sum_power=0.000000,avail_after=888.854122,
message=reducing available power by the sum of launched tasks,avail_before=888.854122,sum_power=0.000000,avail_after=888.854122,
message=reducing available power by the sum of launched tasks,avail_before=888.854122,sum_power=0.000000,avail_after=888.854122,
message=reducing available power by the sum of launched tasks,avail_before=888.854122,sum_power=0.000000,avail_after=888.854122,
message=reducing available power by the sum of launched tasks,avail_before=888.854122,sum_power=0.000000,avail_after=888.854122,
message=reducing available power by the sum of launched tasks,avail_before=888.854122,sum_power=0.000000,avail_after=888.854122,
message=reducing available power by the sum of launched tasks,avail_before=888.854122,sum_power=0.000000,avail_after=888.854122,
message=reducing available power by the sum of launched tasks,avail_before=888.854122,sum_power=0.000000,avail_after=888.854122,
message=reducing available power by the sum of launched tasks,avail_before=888.854122,sum_power=0.000000,avail_after=888.854122,
message=reducing available power by the sum of launched tasks,avail_before=888.854122,sum_power=0.000000,avail_after=888.854122,
message=reducing available power by the sum of launched tasks,avail_before=888.854122,sum_power=0.000000,avail_after=888.854122,
message=reducing available power by the sum of launched tasks,avail_before=888.854122,sum_power=0.000000,avail_after=888.854122,
message=reducing available power by the sum of launched tasks,avail_before=888.854122,sum_power=0.000000,avail_after=888.854122,
message=reducing available power by the sum of launched tasks,avail_before=888.854122,sum_power=0.000000,avail_after=888.854122,
message=reducing available power by the sum of launched tasks,avail_before=888.854122,sum_power=0.000000,avail_after=888.854122,
message=reducing available power by the sum of launched tasks,avail_before=888.854122,sum_power=0.000000,avail_after=888.854122,
message=reducing available power by the sum of launched tasks,avail_before=888.854122,sum_power=0.000000,avail_after=888.854122,
message=reducing available power by the sum of launched tasks,avail_before=888.854122,sum_power=0.000000,avail_after=888.854122,
message=reducing available power by the sum of launched tasks,avail_before=888.854122,sum_power=0.000000,avail_after=888.854122,
message=reducing available power by the sum of launched tasks,avail_before=888.854122,sum_power=0.000000,avail_after=888.854122,
message=reducing available power by the sum of launched tasks,avail_before=888.854122,sum_power=0.000000,avail_after=888.854122,
message=reducing available power by the sum of launched tasks,avail_before=888.854122,sum_power=0.000000,avail_after=888.854122,
message=reducing available power by the sum of launched tasks,avail_before=888.854122,sum_power=0.000000,avail_after=888.854122,
message=reducing available power by the sum of launched tasks,avail_before=888.854122,sum_power=0.000000,avail_after=888.854122,
message=reducing available power by the sum of launched tasks,avail_before=888.854122,sum_power=0.000000,avail_after=888.854122,
message=reducing available power by the sum of launched tasks,avail_before=888.854122,sum_power=0.000000,avail_after=888.854122,
message=reducing available power by the sum of launched tasks,avail_before=888.854122,sum_power=0.000000,avail_after=888.854122,
message=reducing available power by the sum of launched tasks,avail_before=888.854122,sum_power=0.000000,avail_after=888.854122,
message=reducing available power by the sum of launched tasks,avail_before=888.854122,sum_power=0.000000,avail_after=888.854122,
message=reducing available power by the sum of launched tasks,avail_before=888.854122,sum_power=0.000000,avail_after=888.854122,
message=reducing available power by the sum of launched tasks,avail_before=888.854122,sum_power=0.000000,avail_after=888.854122,
message=reducing available power by the sum of launched tasks,avail_before=888.854122,sum_power=0.000000,avail_after=888.854122,
message=reducing available power by the sum of launched tasks,avail_before=888.854122,sum_power=0.000000,avail_after=888.854122,
message=reducing available power by the sum of launched tasks,avail_before=888.854122,sum_power=0.000000,avail_after=888.854122,
message=reducing available power by the sum of launched tasks,avail_before=888.854122,sum_power=0.000000,avail_after=888.854122,
message=reducing available power by the sum of launched tasks,avail_before=888.854122,sum_power=0.000000,avail_after=888.854122,
message=reducing available power by the sum of launched tasks,avail_before=888.854122,sum_power=0.000000,avail_after=888.854122,
message=reducing available power by the sum of launched tasks,avail_before=888.854122,sum_power=0.000000,avail_after=888.854122,
message=reducing available power by the sum of launched tasks,avail_before=888.854122,sum_power=0.000000,avail_after=888.854122,
message=reducing available power by the sum of launched tasks,avail_before=888.854122,sum_power=0.000000,avail_after=888.854122,
message=reducing available power by the sum of launched tasks,avail_before=888.854122,sum_power=0.000000,avail_after=888.854122,
message=reducing available power by the sum of launched tasks,avail_before=888.854122,sum_power=0.000000,avail_after=888.854122,
message=reducing available power by the sum of launched tasks,avail_before=888.854122,sum_power=0.000000,avail_after=888.854122,
message=reducing available power by the sum of launched tasks,avail_before=888.854122,sum_power=0.000000,avail_after=888.854122,
message=reducing available power by the sum of launched tasks,avail_before=888.854122,sum_power=0.000000,avail_after=888.854122,
message=reducing available power by the sum of launched tasks,avail_before=888.854122,sum_power=0.000000,avail_after=888.854122,
message=reducing available power by the sum of launched tasks,avail_before=888.854122,sum_power=0.000000,avail_after=888.854122,
message=reducing available power by the sum of launched tasks,avail_before=888.854122,sum_power=0.000000,avail_after=888.854122,
message=reducing available power by the sum of launched tasks,avail_before=888.854122,sum_power=0.000000,avail_after=888.854122,
message=reducing available power by the sum of launched tasks,avail_before=888.854122,sum_power=0.000000,avail_after=888.854122,
message=reducing available power by the sum of launched tasks,avail_before=888.854122,sum_power=0.000000,avail_after=888.854122,
message=reducing available power by the sum of launched tasks,avail_before=888.854122,sum_power=0.000000,avail_after=888.854122,
message=reducing available power by the sum of launched tasks,avail_before=888.854122,sum_power=0.000000,avail_after=888.854122,
message=reducing available power by the sum of launched tasks,avail_before=888.854122,sum_power=0.000000,avail_after=888.854122,
message=reducing available power by the sum of launched tasks,avail_before=888.854122,sum_power=0.000000,avail_after=888.854122,
message=reducing available power by the sum of launched tasks,avail_before=888.854122,sum_power=0.000000,avail_after=888.854122,
message=reducing available power by the sum of launched tasks,avail_before=888.854122,sum_power=0.000000,avail_after=888.854122,
message=reducing available power by the sum of launched tasks,avail_before=888.854122,sum_power=0.000000,avail_after=888.854122,
message=reducing available power by the sum of launched tasks,avail_before=888.854122,sum_power=0.000000,avail_after=888.854122,
end_task=,name=trsm,elapsed_seconds=0.499647,nthreads=2,end_time=583998.005416,released_listeners=5,
message=reducing available power by the sum of launched tasks,avail_before=902.424324,sum_power=23.784210,avail_after=878.640114,
start_task=,name=gemm,tick=7,start_time=583998.007406,nthreads=1,
start_task=,name=gemm,tick=7,start_time=583998.007424,nthreads=1,
message=reducing available power by the sum of launched tasks,avail_before=878.640114,sum_power=0.000000,avail_after=878.640114,
message=reducing available power by the sum of launched tasks,avail_before=878.640114,sum_power=0.000000,avail_after=878.640114,
message=reducing available power by the sum of launched tasks,avail_before=878.640114,sum_power=0.000000,avail_after=878.640114,
message=reducing available power by the sum of launched tasks,avail_before=878.640114,sum_power=0.000000,avail_after=878.640114,
message=reducing available power by the sum of launched tasks,avail_before=878.640114,sum_power=0.000000,avail_after=878.640114,
message=reducing available power by the sum of launched tasks,avail_before=878.640114,sum_power=0.000000,avail_after=878.640114,
message=reducing available power by the sum of launched tasks,avail_before=878.640114,sum_power=0.000000,avail_after=878.640114,
message=reducing available power by the sum of launched tasks,avail_before=878.640114,sum_power=0.000000,avail_after=878.640114,
message=reducing available power by the sum of launched tasks,avail_before=878.640114,sum_power=0.000000,avail_after=878.640114,
message=reducing available power by the sum of launched tasks,avail_before=878.640114,sum_power=0.000000,avail_after=878.640114,
message=reducing available power by the sum of launched tasks,avail_before=878.640114,sum_power=0.000000,avail_after=878.640114,
message=reducing available power by the sum of launched tasks,avail_before=878.640114,sum_power=0.000000,avail_after=878.640114,
message=reducing available power by the sum of launched tasks,avail_before=878.640114,sum_power=0.000000,avail_after=878.640114,
message=reducing available power by the sum of launched tasks,avail_before=878.640114,sum_power=0.000000,avail_after=878.640114,
message=reducing available power by the sum of launched tasks,avail_before=878.640114,sum_power=0.000000,avail_after=878.640114,
message=reducing available power by the sum of launched tasks,avail_before=878.640114,sum_power=0.000000,avail_after=878.640114,
message=reducing available power by the sum of launched tasks,avail_before=878.640114,sum_power=0.000000,avail_after=878.640114,
message=reducing available power by the sum of launched tasks,avail_before=878.640114,sum_power=0.000000,avail_after=878.640114,
message=reducing available power by the sum of launched tasks,avail_before=878.640114,sum_power=0.000000,avail_after=878.640114,
message=reducing available power by the sum of launched tasks,avail_before=878.640114,sum_power=0.000000,avail_after=878.640114,
message=reducing available power by the sum of launched tasks,avail_before=878.640114,sum_power=0.000000,avail_after=878.640114,
message=reducing available power by the sum of launched tasks,avail_before=878.640114,sum_power=0.000000,avail_after=878.640114,
message=reducing available power by the sum of launched tasks,avail_before=878.640114,sum_power=0.000000,avail_after=878.640114,
message=reducing available power by the sum of launched tasks,avail_before=878.640114,sum_power=0.000000,avail_after=878.640114,
message=reducing available power by the sum of launched tasks,avail_before=878.640114,sum_power=0.000000,avail_after=878.640114,
message=reducing available power by the sum of launched tasks,avail_before=878.640114,sum_power=0.000000,avail_after=878.640114,
message=reducing available power by the sum of launched tasks,avail_before=878.640114,sum_power=0.000000,avail_after=878.640114,
message=reducing available power by the sum of launched tasks,avail_before=878.640114,sum_power=0.000000,avail_after=878.640114,
message=reducing available power by the sum of launched tasks,avail_before=878.640114,sum_power=0.000000,avail_after=878.640114,
message=reducing available power by the sum of launched tasks,avail_before=878.640114,sum_power=0.000000,avail_after=878.640114,
message=reducing available power by the sum of launched tasks,avail_before=878.640114,sum_power=0.000000,avail_after=878.640114,
message=reducing available power by the sum of launched tasks,avail_before=878.640114,sum_power=0.000000,avail_after=878.640114,
message=reducing available power by the sum of launched tasks,avail_before=878.640114,sum_power=0.000000,avail_after=878.640114,
message=reducing available power by the sum of launched tasks,avail_before=878.640114,sum_power=0.000000,avail_after=878.640114,
message=reducing available power by the sum of launched tasks,avail_before=878.640114,sum_power=0.000000,avail_after=878.640114,
message=reducing available power by the sum of launched tasks,avail_before=878.640114,sum_power=0.000000,avail_after=878.640114,
message=reducing available power by the sum of launched tasks,avail_before=878.640114,sum_power=0.000000,avail_after=878.640114,
message=reducing available power by the sum of launched tasks,avail_before=878.640114,sum_power=0.000000,avail_after=878.640114,
message=reducing available power by the sum of launched tasks,avail_before=878.640114,sum_power=0.000000,avail_after=878.640114,
message=reducing available power by the sum of launched tasks,avail_before=878.640114,sum_power=0.000000,avail_after=878.640114,
message=reducing available power by the sum of launched tasks,avail_before=878.640114,sum_power=0.000000,avail_after=878.640114,
message=reducing available power by the sum of launched tasks,avail_before=878.640114,sum_power=0.000000,avail_after=878.640114,
message=reducing available power by the sum of launched tasks,avail_before=878.640114,sum_power=0.000000,avail_after=878.640114,
message=reducing available power by the sum of launched tasks,avail_before=878.640114,sum_power=0.000000,avail_after=878.640114,
message=reducing available power by the sum of launched tasks,avail_before=878.640114,sum_power=0.000000,avail_after=878.640114,
message=reducing available power by the sum of launched tasks,avail_before=878.640114,sum_power=0.000000,avail_after=878.640114,
message=reducing available power by the sum of launched tasks,avail_before=878.640114,sum_power=0.000000,avail_after=878.640114,
message=reducing available power by the sum of launched tasks,avail_before=878.640114,sum_power=0.000000,avail_after=878.640114,
message=reducing available power by the sum of launched tasks,avail_before=878.640114,sum_power=0.000000,avail_after=878.640114,
message=reducing available power by the sum of launched tasks,avail_before=878.640114,sum_power=0.000000,avail_after=878.640114,
message=reducing available power by the sum of launched tasks,avail_before=878.640114,sum_power=0.000000,avail_after=878.640114,
message=reducing available power by the sum of launched tasks,avail_before=878.640114,sum_power=0.000000,avail_after=878.640114,
message=reducing available power by the sum of launched tasks,avail_before=878.640114,sum_power=0.000000,avail_after=878.640114,
message=reducing available power by the sum of launched tasks,avail_before=878.640114,sum_power=0.000000,avail_after=878.640114,
message=reducing available power by the sum of launched tasks,avail_before=878.640114,sum_power=0.000000,avail_after=878.640114,
message=reducing available power by the sum of launched tasks,avail_before=878.640114,sum_power=0.000000,avail_after=878.640114,
message=reducing available power by the sum of launched tasks,avail_before=878.640114,sum_power=0.000000,avail_after=878.640114,
message=reducing available power by the sum of launched tasks,avail_before=878.640114,sum_power=0.000000,avail_after=878.640114,
message=reducing available power by the sum of launched tasks,avail_before=878.640114,sum_power=0.000000,avail_after=878.640114,
message=reducing available power by the sum of launched tasks,avail_before=878.640114,sum_power=0.000000,avail_after=878.640114,
message=reducing available power by the sum of launched tasks,avail_before=878.640114,sum_power=0.000000,avail_after=878.640114,
message=reducing available power by the sum of launched tasks,avail_before=878.640114,sum_power=0.000000,avail_after=878.640114,
message=reducing available power by the sum of launched tasks,avail_before=878.640114,sum_power=0.000000,avail_after=878.640114,
message=reducing available power by the sum of launched tasks,avail_before=878.640114,sum_power=0.000000,avail_after=878.640114,
message=reducing available power by the sum of launched tasks,avail_before=878.640114,sum_power=0.000000,avail_after=878.640114,
message=reducing available power by the sum of launched tasks,avail_before=878.640114,sum_power=0.000000,avail_after=878.640114,
message=reducing available power by the sum of launched tasks,avail_before=878.640114,sum_power=0.000000,avail_after=878.640114,
message=reducing available power by the sum of launched tasks,avail_before=878.640114,sum_power=0.000000,avail_after=878.640114,
message=reducing available power by the sum of launched tasks,avail_before=878.640114,sum_power=0.000000,avail_after=878.640114,
message=reducing available power by the sum of launched tasks,avail_before=878.640114,sum_power=0.000000,avail_after=878.640114,
message=reducing available power by the sum of launched tasks,avail_before=878.640114,sum_power=0.000000,avail_after=878.640114,
message=reducing available power by the sum of launched tasks,avail_before=878.640114,sum_power=0.000000,avail_after=878.640114,
message=reducing available power by the sum of launched tasks,avail_before=878.640114,sum_power=0.000000,avail_after=878.640114,
message=reducing available power by the sum of launched tasks,avail_before=878.640114,sum_power=0.000000,avail_after=878.640114,
message=reducing available power by the sum of launched tasks,avail_before=878.640114,sum_power=0.000000,avail_after=878.640114,
message=reducing available power by the sum of launched tasks,avail_before=878.640114,sum_power=0.000000,avail_after=878.640114,
message=reducing available power by the sum of launched tasks,avail_before=878.640114,sum_power=0.000000,avail_after=878.640114,
message=reducing available power by the sum of launched tasks,avail_before=878.640114,sum_power=0.000000,avail_after=878.640114,
message=reducing available power by the sum of launched tasks,avail_before=878.640114,sum_power=0.000000,avail_after=878.640114,
message=reducing available power by the sum of launched tasks,avail_before=878.640114,sum_power=0.000000,avail_after=878.640114,
message=reducing available power by the sum of launched tasks,avail_before=878.640114,sum_power=0.000000,avail_after=878.640114,
message=reducing available power by the sum of launched tasks,avail_before=878.640114,sum_power=0.000000,avail_after=878.640114,
message=reducing available power by the sum of launched tasks,avail_before=878.640114,sum_power=0.000000,avail_after=878.640114,
message=reducing available power by the sum of launched tasks,avail_before=878.640114,sum_power=0.000000,avail_after=878.640114,
message=reducing available power by the sum of launched tasks,avail_before=878.640114,sum_power=0.000000,avail_after=878.640114,
message=reducing available power by the sum of launched tasks,avail_before=878.640114,sum_power=0.000000,avail_after=878.640114,
message=reducing available power by the sum of launched tasks,avail_before=878.640114,sum_power=0.000000,avail_after=878.640114,
message=reducing available power by the sum of launched tasks,avail_before=878.640114,sum_power=0.000000,avail_after=878.640114,
message=reducing available power by the sum of launched tasks,avail_before=878.640114,sum_power=0.000000,avail_after=878.640114,
message=reducing available power by the sum of launched tasks,avail_before=878.640114,sum_power=0.000000,avail_after=878.640114,
message=reducing available power by the sum of launched tasks,avail_before=878.640114,sum_power=0.000000,avail_after=878.640114,
message=reducing available power by the sum of launched tasks,avail_before=878.640114,sum_power=0.000000,avail_after=878.640114,
message=reducing available power by the sum of launched tasks,avail_before=878.640114,sum_power=0.000000,avail_after=878.640114,
message=reducing available power by the sum of launched tasks,avail_before=878.640114,sum_power=0.000000,avail_after=878.640114,
message=reducing available power by the sum of launched tasks,avail_before=878.640114,sum_power=0.000000,avail_after=878.640114,
message=reducing available power by the sum of launched tasks,avail_before=878.640114,sum_power=0.000000,avail_after=878.640114,
message=reducing available power by the sum of launched tasks,avail_before=878.640114,sum_power=0.000000,avail_after=878.640114,
message=reducing available power by the sum of launched tasks,avail_before=878.640114,sum_power=0.000000,avail_after=878.640114,
message=reducing available power by the sum of launched tasks,avail_before=878.640114,sum_power=0.000000,avail_after=878.640114,
message=reducing available power by the sum of launched tasks,avail_before=878.640114,sum_power=0.000000,avail_after=878.640114,
message=reducing available power by the sum of launched tasks,avail_before=878.640114,sum_power=0.000000,avail_after=878.640114,
message=reducing available power by the sum of launched tasks,avail_before=878.640114,sum_power=0.000000,avail_after=878.640114,
message=reducing available power by the sum of launched tasks,avail_before=878.640114,sum_power=0.000000,avail_after=878.640114,
message=reducing available power by the sum of launched tasks,avail_before=878.640114,sum_power=0.000000,avail_after=878.640114,
message=reducing available power by the sum of launched tasks,avail_before=878.640114,sum_power=0.000000,avail_after=878.640114,
message=reducing available power by the sum of launched tasks,avail_before=878.640114,sum_power=0.000000,avail_after=878.640114,
message=reducing available power by the sum of launched tasks,avail_before=878.640114,sum_power=0.000000,avail_after=878.640114,
message=reducing available power by the sum of launched tasks,avail_before=878.640114,sum_power=0.000000,avail_after=878.640114,
message=reducing available power by the sum of launched tasks,avail_before=878.640114,sum_power=0.000000,avail_after=878.640114,
message=reducing available power by the sum of launched tasks,avail_before=878.640114,sum_power=0.000000,avail_after=878.640114,
message=reducing available power by the sum of launched tasks,avail_before=878.640114,sum_power=0.000000,avail_after=878.640114,
message=reducing available power by the sum of launched tasks,avail_before=878.640114,sum_power=0.000000,avail_after=878.640114,
message=reducing available power by the sum of launched tasks,avail_before=878.640114,sum_power=0.000000,avail_after=878.640114,
message=reducing available power by the sum of launched tasks,avail_before=878.640114,sum_power=0.000000,avail_after=878.640114,
message=reducing available power by the sum of launched tasks,avail_before=878.640114,sum_power=0.000000,avail_after=878.640114,
message=reducing available power by the sum of launched tasks,avail_before=878.640114,sum_power=0.000000,avail_after=878.640114,
message=reducing available power by the sum of launched tasks,avail_before=878.640114,sum_power=0.000000,avail_after=878.640114,
message=reducing available power by the sum of launched tasks,avail_before=878.640114,sum_power=0.000000,avail_after=878.640114,
message=reducing available power by the sum of launched tasks,avail_before=878.640114,sum_power=0.000000,avail_after=878.640114,
message=reducing available power by the sum of launched tasks,avail_before=878.640114,sum_power=0.000000,avail_after=878.640114,
message=reducing available power by the sum of launched tasks,avail_before=878.640114,sum_power=0.000000,avail_after=878.640114,
message=reducing available power by the sum of launched tasks,avail_before=878.640114,sum_power=0.000000,avail_after=878.640114,
message=reducing available power by the sum of launched tasks,avail_before=878.640114,sum_power=0.000000,avail_after=878.640114,
message=reducing available power by the sum of launched tasks,avail_before=878.640114,sum_power=0.000000,avail_after=878.640114,
message=reducing available power by the sum of launched tasks,avail_before=878.640114,sum_power=0.000000,avail_after=878.640114,
message=reducing available power by the sum of launched tasks,avail_before=878.640114,sum_power=0.000000,avail_after=878.640114,
message=reducing available power by the sum of launched tasks,avail_before=878.640114,sum_power=0.000000,avail_after=878.640114,
message=reducing available power by the sum of launched tasks,avail_before=878.640114,sum_power=0.000000,avail_after=878.640114,
message=reducing available power by the sum of launched tasks,avail_before=878.640114,sum_power=0.000000,avail_after=878.640114,
message=reducing available power by the sum of launched tasks,avail_before=878.640114,sum_power=0.000000,avail_after=878.640114,
message=reducing available power by the sum of launched tasks,avail_before=878.640114,sum_power=0.000000,avail_after=878.640114,
message=reducing available power by the sum of launched tasks,avail_before=878.640114,sum_power=0.000000,avail_after=878.640114,
message=reducing available power by the sum of launched tasks,avail_before=878.640114,sum_power=0.000000,avail_after=878.640114,
message=reducing available power by the sum of launched tasks,avail_before=878.640114,sum_power=0.000000,avail_after=878.640114,
message=reducing available power by the sum of launched tasks,avail_before=878.640114,sum_power=0.000000,avail_after=878.640114,
message=reducing available power by the sum of launched tasks,avail_before=878.640114,sum_power=0.000000,avail_after=878.640114,
message=reducing available power by the sum of launched tasks,avail_before=878.640114,sum_power=0.000000,avail_after=878.640114,
message=reducing available power by the sum of launched tasks,avail_before=878.640114,sum_power=0.000000,avail_after=878.640114,
message=reducing available power by the sum of launched tasks,avail_before=878.640114,sum_power=0.000000,avail_after=878.640114,
message=reducing available power by the sum of launched tasks,avail_before=878.640114,sum_power=0.000000,avail_after=878.640114,
message=reducing available power by the sum of launched tasks,avail_before=878.640114,sum_power=0.000000,avail_after=878.640114,
message=reducing available power by the sum of launched tasks,avail_before=878.640114,sum_power=0.000000,avail_after=878.640114,
message=reducing available power by the sum of launched tasks,avail_before=878.640114,sum_power=0.000000,avail_after=878.640114,
message=reducing available power by the sum of launched tasks,avail_before=878.640114,sum_power=0.000000,avail_after=878.640114,
message=reducing available power by the sum of launched tasks,avail_before=878.640114,sum_power=0.000000,avail_after=878.640114,
message=reducing available power by the sum of launched tasks,avail_before=878.640114,sum_power=0.000000,avail_after=878.640114,
message=reducing available power by the sum of launched tasks,avail_before=878.640114,sum_power=0.000000,avail_after=878.640114,
message=reducing available power by the sum of launched tasks,avail_before=878.640114,sum_power=0.000000,avail_after=878.640114,
message=reducing available power by the sum of launched tasks,avail_before=878.640114,sum_power=0.000000,avail_after=878.640114,
message=reducing available power by the sum of launched tasks,avail_before=878.640114,sum_power=0.000000,avail_after=878.640114,
message=reducing available power by the sum of launched tasks,avail_before=878.640114,sum_power=0.000000,avail_after=878.640114,
message=reducing available power by the sum of launched tasks,avail_before=878.640114,sum_power=0.000000,avail_after=878.640114,
message=reducing available power by the sum of launched tasks,avail_before=878.640114,sum_power=0.000000,avail_after=878.640114,
message=reducing available power by the sum of launched tasks,avail_before=878.640114,sum_power=0.000000,avail_after=878.640114,
message=reducing available power by the sum of launched tasks,avail_before=878.640114,sum_power=0.000000,avail_after=878.640114,
message=reducing available power by the sum of launched tasks,avail_before=878.640114,sum_power=0.000000,avail_after=878.640114,
message=reducing available power by the sum of launched tasks,avail_before=878.640114,sum_power=0.000000,avail_after=878.640114,
message=reducing available power by the sum of launched tasks,avail_before=878.640114,sum_power=0.000000,avail_after=878.640114,
message=reducing available power by the sum of launched tasks,avail_before=878.640114,sum_power=0.000000,avail_after=878.640114,
message=reducing available power by the sum of launched tasks,avail_before=878.640114,sum_power=0.000000,avail_after=878.640114,
message=reducing available power by the sum of launched tasks,avail_before=878.640114,sum_power=0.000000,avail_after=878.640114,
message=reducing available power by the sum of launched tasks,avail_before=878.640114,sum_power=0.000000,avail_after=878.640114,
message=reducing available power by the sum of launched tasks,avail_before=878.640114,sum_power=0.000000,avail_after=878.640114,
message=reducing available power by the sum of launched tasks,avail_before=878.640114,sum_power=0.000000,avail_after=878.640114,
message=reducing available power by the sum of launched tasks,avail_before=878.640114,sum_power=0.000000,avail_after=878.640114,
message=reducing available power by the sum of launched tasks,avail_before=878.640114,sum_power=0.000000,avail_after=878.640114,
message=reducing available power by the sum of launched tasks,avail_before=878.640114,sum_power=0.000000,avail_after=878.640114,
message=reducing available power by the sum of launched tasks,avail_before=878.640114,sum_power=0.000000,avail_after=878.640114,
message=reducing available power by the sum of launched tasks,avail_before=878.640114,sum_power=0.000000,avail_after=878.640114,
message=reducing available power by the sum of launched tasks,avail_before=878.640114,sum_power=0.000000,avail_after=878.640114,
message=reducing available power by the sum of launched tasks,avail_before=878.640114,sum_power=0.000000,avail_after=878.640114,
message=reducing available power by the sum of launched tasks,avail_before=878.640114,sum_power=0.000000,avail_after=878.640114,
message=reducing available power by the sum of launched tasks,avail_before=878.640114,sum_power=0.000000,avail_after=878.640114,
message=reducing available power by the sum of launched tasks,avail_before=878.640114,sum_power=0.000000,avail_after=878.640114,
message=reducing available power by the sum of launched tasks,avail_before=878.640114,sum_power=0.000000,avail_after=878.640114,
message=reducing available power by the sum of launched tasks,avail_before=878.640114,sum_power=0.000000,avail_after=878.640114,
message=reducing available power by the sum of launched tasks,avail_before=878.640114,sum_power=0.000000,avail_after=878.640114,
message=reducing available power by the sum of launched tasks,avail_before=878.640114,sum_power=0.000000,avail_after=878.640114,
message=reducing available power by the sum of launched tasks,avail_before=878.640114,sum_power=0.000000,avail_after=878.640114,
message=reducing available power by the sum of launched tasks,avail_before=878.640114,sum_power=0.000000,avail_after=878.640114,
message=reducing available power by the sum of launched tasks,avail_before=878.640114,sum_power=0.000000,avail_after=878.640114,
message=reducing available power by the sum of launched tasks,avail_before=878.640114,sum_power=0.000000,avail_after=878.640114,
message=reducing available power by the sum of launched tasks,avail_before=878.640114,sum_power=0.000000,avail_after=878.640114,
message=reducing available power by the sum of launched tasks,avail_before=878.640114,sum_power=0.000000,avail_after=878.640114,
message=reducing available power by the sum of launched tasks,avail_before=878.640114,sum_power=0.000000,avail_after=878.640114,
message=reducing available power by the sum of launched tasks,avail_before=878.640114,sum_power=0.000000,avail_after=878.640114,
message=reducing available power by the sum of launched tasks,avail_before=878.640114,sum_power=0.000000,avail_after=878.640114,
message=reducing available power by the sum of launched tasks,avail_before=878.640114,sum_power=0.000000,avail_after=878.640114,
message=reducing available power by the sum of launched tasks,avail_before=878.640114,sum_power=0.000000,avail_after=878.640114,
message=reducing available power by the sum of launched tasks,avail_before=878.640114,sum_power=0.000000,avail_after=878.640114,
message=reducing available power by the sum of launched tasks,avail_before=878.640114,sum_power=0.000000,avail_after=878.640114,
message=reducing available power by the sum of launched tasks,avail_before=878.640114,sum_power=0.000000,avail_after=878.640114,
message=reducing available power by the sum of launched tasks,avail_before=878.640114,sum_power=0.000000,avail_after=878.640114,
message=reducing available power by the sum of launched tasks,avail_before=878.640114,sum_power=0.000000,avail_after=878.640114,
message=reducing available power by the sum of launched tasks,avail_before=878.640114,sum_power=0.000000,avail_after=878.640114,
message=reducing available power by the sum of launched tasks,avail_before=878.640114,sum_power=0.000000,avail_after=878.640114,
message=reducing available power by the sum of launched tasks,avail_before=878.640114,sum_power=0.000000,avail_after=878.640114,
message=reducing available power by the sum of launched tasks,avail_before=878.640114,sum_power=0.000000,avail_after=878.640114,
message=reducing available power by the sum of launched tasks,avail_before=878.640114,sum_power=0.000000,avail_after=878.640114,
message=reducing available power by the sum of launched tasks,avail_before=878.640114,sum_power=0.000000,avail_after=878.640114,
message=reducing available power by the sum of launched tasks,avail_before=878.640114,sum_power=0.000000,avail_after=878.640114,
message=reducing available power by the sum of launched tasks,avail_before=878.640114,sum_power=0.000000,avail_after=878.640114,
message=reducing available power by the sum of launched tasks,avail_before=878.640114,sum_power=0.000000,avail_after=878.640114,
message=reducing available power by the sum of launched tasks,avail_before=878.640114,sum_power=0.000000,avail_after=878.640114,
message=reducing available power by the sum of launched tasks,avail_before=878.640114,sum_power=0.000000,avail_after=878.640114,
message=reducing available power by the sum of launched tasks,avail_before=878.640114,sum_power=0.000000,avail_after=878.640114,
message=reducing available power by the sum of launched tasks,avail_before=878.640114,sum_power=0.000000,avail_after=878.640114,
message=reducing available power by the sum of launched tasks,avail_before=878.640114,sum_power=0.000000,avail_after=878.640114,
message=reducing available power by the sum of launched tasks,avail_before=878.640114,sum_power=0.000000,avail_after=878.640114,
message=reducing available power by the sum of launched tasks,avail_before=878.640114,sum_power=0.000000,avail_after=878.640114,
message=reducing available power by the sum of launched tasks,avail_before=878.640114,sum_power=0.000000,avail_after=878.640114,
message=reducing available power by the sum of launched tasks,avail_before=878.640114,sum_power=0.000000,avail_after=878.640114,
message=reducing available power by the sum of launched tasks,avail_before=878.640114,sum_power=0.000000,avail_after=878.640114,
message=reducing available power by the sum of launched tasks,avail_before=878.640114,sum_power=0.000000,avail_after=878.640114,
message=reducing available power by the sum of launched tasks,avail_before=878.640114,sum_power=0.000000,avail_after=878.640114,
message=reducing available power by the sum of launched tasks,avail_before=878.640114,sum_power=0.000000,avail_after=878.640114,
message=reducing available power by the sum of launched tasks,avail_before=878.640114,sum_power=0.000000,avail_after=878.640114,
message=reducing available power by the sum of launched tasks,avail_before=878.640114,sum_power=0.000000,avail_after=878.640114,
message=reducing available power by the sum of launched tasks,avail_before=878.640114,sum_power=0.000000,avail_after=878.640114,
message=reducing available power by the sum of launched tasks,avail_before=878.640114,sum_power=0.000000,avail_after=878.640114,
message=reducing available power by the sum of launched tasks,avail_before=878.640114,sum_power=0.000000,avail_after=878.640114,
message=reducing available power by the sum of launched tasks,avail_before=878.640114,sum_power=0.000000,avail_after=878.640114,
message=reducing available power by the sum of launched tasks,avail_before=878.640114,sum_power=0.000000,avail_after=878.640114,
message=reducing available power by the sum of launched tasks,avail_before=878.640114,sum_power=0.000000,avail_after=878.640114,
message=reducing available power by the sum of launched tasks,avail_before=878.640114,sum_power=0.000000,avail_after=878.640114,
message=reducing available power by the sum of launched tasks,avail_before=878.640114,sum_power=0.000000,avail_after=878.640114,
message=reducing available power by the sum of launched tasks,avail_before=878.640114,sum_power=0.000000,avail_after=878.640114,
message=reducing available power by the sum of launched tasks,avail_before=878.640114,sum_power=0.000000,avail_after=878.640114,
message=reducing available power by the sum of launched tasks,avail_before=878.640114,sum_power=0.000000,avail_after=878.640114,
message=reducing available power by the sum of launched tasks,avail_before=878.640114,sum_power=0.000000,avail_after=878.640114,
message=reducing available power by the sum of launched tasks,avail_before=878.640114,sum_power=0.000000,avail_after=878.640114,
message=reducing available power by the sum of launched tasks,avail_before=878.640114,sum_power=0.000000,avail_after=878.640114,
message=reducing available power by the sum of launched tasks,avail_before=878.640114,sum_power=0.000000,avail_after=878.640114,
message=reducing available power by the sum of launched tasks,avail_before=878.640114,sum_power=0.000000,avail_after=878.640114,
message=reducing available power by the sum of launched tasks,avail_before=878.640114,sum_power=0.000000,avail_after=878.640114,
message=reducing available power by the sum of launched tasks,avail_before=878.640114,sum_power=0.000000,avail_after=878.640114,
message=reducing available power by the sum of launched tasks,avail_before=878.640114,sum_power=0.000000,avail_after=878.640114,
message=reducing available power by the sum of launched tasks,avail_before=878.640114,sum_power=0.000000,avail_after=878.640114,
message=reducing available power by the sum of launched tasks,avail_before=878.640114,sum_power=0.000000,avail_after=878.640114,
message=reducing available power by the sum of launched tasks,avail_before=878.640114,sum_power=0.000000,avail_after=878.640114,
message=reducing available power by the sum of launched tasks,avail_before=878.640114,sum_power=0.000000,avail_after=878.640114,
message=reducing available power by the sum of launched tasks,avail_before=878.640114,sum_power=0.000000,avail_after=878.640114,
message=reducing available power by the sum of launched tasks,avail_before=878.640114,sum_power=0.000000,avail_after=878.640114,
message=reducing available power by the sum of launched tasks,avail_before=878.640114,sum_power=0.000000,avail_after=878.640114,
message=reducing available power by the sum of launched tasks,avail_before=878.640114,sum_power=0.000000,avail_after=878.640114,
message=reducing available power by the sum of launched tasks,avail_before=878.640114,sum_power=0.000000,avail_after=878.640114,
message=reducing available power by the sum of launched tasks,avail_before=878.640114,sum_power=0.000000,avail_after=878.640114,
message=reducing available power by the sum of launched tasks,avail_before=878.640114,sum_power=0.000000,avail_after=878.640114,
message=reducing available power by the sum of launched tasks,avail_before=878.640114,sum_power=0.000000,avail_after=878.640114,
message=reducing available power by the sum of launched tasks,avail_before=878.640114,sum_power=0.000000,avail_after=878.640114,
message=reducing available power by the sum of launched tasks,avail_before=878.640114,sum_power=0.000000,avail_after=878.640114,
message=reducing available power by the sum of launched tasks,avail_before=878.640114,sum_power=0.000000,avail_after=878.640114,
message=reducing available power by the sum of launched tasks,avail_before=878.640114,sum_power=0.000000,avail_after=878.640114,
message=reducing available power by the sum of launched tasks,avail_before=878.640114,sum_power=0.000000,avail_after=878.640114,
message=reducing available power by the sum of launched tasks,avail_before=878.640114,sum_power=0.000000,avail_after=878.640114,
message=reducing available power by the sum of launched tasks,avail_before=878.640114,sum_power=0.000000,avail_after=878.640114,
message=reducing available power by the sum of launched tasks,avail_before=878.640114,sum_power=0.000000,avail_after=878.640114,
message=reducing available power by the sum of launched tasks,avail_before=878.640114,sum_power=0.000000,avail_after=878.640114,
message=reducing available power by the sum of launched tasks,avail_before=878.640114,sum_power=0.000000,avail_after=878.640114,
message=reducing available power by the sum of launched tasks,avail_before=878.640114,sum_power=0.000000,avail_after=878.640114,
message=reducing available power by the sum of launched tasks,avail_before=878.640114,sum_power=0.000000,avail_after=878.640114,
message=reducing available power by the sum of launched tasks,avail_before=878.640114,sum_power=0.000000,avail_after=878.640114,
message=reducing available power by the sum of launched tasks,avail_before=878.640114,sum_power=0.000000,avail_after=878.640114,
message=reducing available power by the sum of launched tasks,avail_before=878.640114,sum_power=0.000000,avail_after=878.640114,
message=reducing available power by the sum of launched tasks,avail_before=878.640114,sum_power=0.000000,avail_after=878.640114,
message=reducing available power by the sum of launched tasks,avail_before=878.640114,sum_power=0.000000,avail_after=878.640114,
message=reducing available power by the sum of launched tasks,avail_before=878.640114,sum_power=0.000000,avail_after=878.640114,
message=reducing available power by the sum of launched tasks,avail_before=878.640114,sum_power=0.000000,avail_after=878.640114,
message=reducing available power by the sum of launched tasks,avail_before=878.640114,sum_power=0.000000,avail_after=878.640114,
message=reducing available power by the sum of launched tasks,avail_before=878.640114,sum_power=0.000000,avail_after=878.640114,
message=reducing available power by the sum of launched tasks,avail_before=878.640114,sum_power=0.000000,avail_after=878.640114,
message=reducing available power by the sum of launched tasks,avail_before=878.640114,sum_power=0.000000,avail_after=878.640114,
message=reducing available power by the sum of launched tasks,avail_before=878.640114,sum_power=0.000000,avail_after=878.640114,
message=reducing available power by the sum of launched tasks,avail_before=878.640114,sum_power=0.000000,avail_after=878.640114,
message=reducing available power by the sum of launched tasks,avail_before=878.640114,sum_power=0.000000,avail_after=878.640114,
message=reducing available power by the sum of launched tasks,avail_before=878.640114,sum_power=0.000000,avail_after=878.640114,
message=reducing available power by the sum of launched tasks,avail_before=878.640114,sum_power=0.000000,avail_after=878.640114,
message=reducing available power by the sum of launched tasks,avail_before=878.640114,sum_power=0.000000,avail_after=878.640114,
message=reducing available power by the sum of launched tasks,avail_before=878.640114,sum_power=0.000000,avail_after=878.640114,
message=reducing available power by the sum of launched tasks,avail_before=878.640114,sum_power=0.000000,avail_after=878.640114,
message=reducing available power by the sum of launched tasks,avail_before=878.640114,sum_power=0.000000,avail_after=878.640114,
message=reducing available power by the sum of launched tasks,avail_before=878.640114,sum_power=0.000000,avail_after=878.640114,
message=reducing available power by the sum of launched tasks,avail_before=878.640114,sum_power=0.000000,avail_after=878.640114,
message=reducing available power by the sum of launched tasks,avail_before=878.640114,sum_power=0.000000,avail_after=878.640114,
message=reducing available power by the sum of launched tasks,avail_before=878.640114,sum_power=0.000000,avail_after=878.640114,
message=reducing available power by the sum of launched tasks,avail_before=878.640114,sum_power=0.000000,avail_after=878.640114,
message=reducing available power by the sum of launched tasks,avail_before=878.640114,sum_power=0.000000,avail_after=878.640114,
message=reducing available power by the sum of launched tasks,avail_before=878.640114,sum_power=0.000000,avail_after=878.640114,
message=reducing available power by the sum of launched tasks,avail_before=878.640114,sum_power=0.000000,avail_after=878.640114,
message=reducing available power by the sum of launched tasks,avail_before=878.640114,sum_power=0.000000,avail_after=878.640114,
message=reducing available power by the sum of launched tasks,avail_before=878.640114,sum_power=0.000000,avail_after=878.640114,
message=reducing available power by the sum of launched tasks,avail_before=878.640114,sum_power=0.000000,avail_after=878.640114,
message=reducing available power by the sum of launched tasks,avail_before=878.640114,sum_power=0.000000,avail_after=878.640114,
message=reducing available power by the sum of launched tasks,avail_before=878.640114,sum_power=0.000000,avail_after=878.640114,
message=reducing available power by the sum of launched tasks,avail_before=878.640114,sum_power=0.000000,avail_after=878.640114,
message=reducing available power by the sum of launched tasks,avail_before=878.640114,sum_power=0.000000,avail_after=878.640114,
message=reducing available power by the sum of launched tasks,avail_before=878.640114,sum_power=0.000000,avail_after=878.640114,
message=reducing available power by the sum of launched tasks,avail_before=878.640114,sum_power=0.000000,avail_after=878.640114,
message=reducing available power by the sum of launched tasks,avail_before=878.640114,sum_power=0.000000,avail_after=878.640114,
message=reducing available power by the sum of launched tasks,avail_before=878.640114,sum_power=0.000000,avail_after=878.640114,
message=reducing available power by the sum of launched tasks,avail_before=878.640114,sum_power=0.000000,avail_after=878.640114,
message=reducing available power by the sum of launched tasks,avail_before=878.640114,sum_power=0.000000,avail_after=878.640114,
message=reducing available power by the sum of launched tasks,avail_before=878.640114,sum_power=0.000000,avail_after=878.640114,
message=reducing available power by the sum of launched tasks,avail_before=878.640114,sum_power=0.000000,avail_after=878.640114,
message=reducing available power by the sum of launched tasks,avail_before=878.640114,sum_power=0.000000,avail_after=878.640114,
message=reducing available power by the sum of launched tasks,avail_before=878.640114,sum_power=0.000000,avail_after=878.640114,
message=reducing available power by the sum of launched tasks,avail_before=878.640114,sum_power=0.000000,avail_after=878.640114,
message=reducing available power by the sum of launched tasks,avail_before=878.640114,sum_power=0.000000,avail_after=878.640114,
message=reducing available power by the sum of launched tasks,avail_before=878.640114,sum_power=0.000000,avail_after=878.640114,
message=reducing available power by the sum of launched tasks,avail_before=878.640114,sum_power=0.000000,avail_after=878.640114,
message=reducing available power by the sum of launched tasks,avail_before=878.640114,sum_power=0.000000,avail_after=878.640114,
message=reducing available power by the sum of launched tasks,avail_before=878.640114,sum_power=0.000000,avail_after=878.640114,
message=reducing available power by the sum of launched tasks,avail_before=878.640114,sum_power=0.000000,avail_after=878.640114,
message=reducing available power by the sum of launched tasks,avail_before=878.640114,sum_power=0.000000,avail_after=878.640114,
message=reducing available power by the sum of launched tasks,avail_before=878.640114,sum_power=0.000000,avail_after=878.640114,
message=reducing available power by the sum of launched tasks,avail_before=878.640114,sum_power=0.000000,avail_after=878.640114,
message=reducing available power by the sum of launched tasks,avail_before=878.640114,sum_power=0.000000,avail_after=878.640114,
message=reducing available power by the sum of launched tasks,avail_before=878.640114,sum_power=0.000000,avail_after=878.640114,
message=reducing available power by the sum of launched tasks,avail_before=878.640114,sum_power=0.000000,avail_after=878.640114,
message=reducing available power by the sum of launched tasks,avail_before=878.640114,sum_power=0.000000,avail_after=878.640114,
message=reducing available power by the sum of launched tasks,avail_before=878.640114,sum_power=0.000000,avail_after=878.640114,
message=reducing available power by the sum of launched tasks,avail_before=878.640114,sum_power=0.000000,avail_after=878.640114,
message=reducing available power by the sum of launched tasks,avail_before=878.640114,sum_power=0.000000,avail_after=878.640114,
message=reducing available power by the sum of launched tasks,avail_before=878.640114,sum_power=0.000000,avail_after=878.640114,
message=reducing available power by the sum of launched tasks,avail_before=878.640114,sum_power=0.000000,avail_after=878.640114,
message=reducing available power by the sum of launched tasks,avail_before=878.640114,sum_power=0.000000,avail_after=878.640114,
message=reducing available power by the sum of launched tasks,avail_before=878.640114,sum_power=0.000000,avail_after=878.640114,
message=reducing available power by the sum of launched tasks,avail_before=878.640114,sum_power=0.000000,avail_after=878.640114,
message=reducing available power by the sum of launched tasks,avail_before=878.640114,sum_power=0.000000,avail_after=878.640114,
message=reducing available power by the sum of launched tasks,avail_before=878.640114,sum_power=0.000000,avail_after=878.640114,
message=reducing available power by the sum of launched tasks,avail_before=878.640114,sum_power=0.000000,avail_after=878.640114,
message=reducing available power by the sum of launched tasks,avail_before=878.640114,sum_power=0.000000,avail_after=878.640114,
message=reducing available power by the sum of launched tasks,avail_before=878.640114,sum_power=0.000000,avail_after=878.640114,
message=reducing available power by the sum of launched tasks,avail_before=878.640114,sum_power=0.000000,avail_after=878.640114,
message=reducing available power by the sum of launched tasks,avail_before=878.640114,sum_power=0.000000,avail_after=878.640114,
message=reducing available power by the sum of launched tasks,avail_before=878.640114,sum_power=0.000000,avail_after=878.640114,
message=reducing available power by the sum of launched tasks,avail_before=878.640114,sum_power=0.000000,avail_after=878.640114,
message=reducing available power by the sum of launched tasks,avail_before=878.640114,sum_power=0.000000,avail_after=878.640114,
message=reducing available power by the sum of launched tasks,avail_before=878.640114,sum_power=0.000000,avail_after=878.640114,
message=reducing available power by the sum of launched tasks,avail_before=878.640114,sum_power=0.000000,avail_after=878.640114,
message=reducing available power by the sum of launched tasks,avail_before=878.640114,sum_power=0.000000,avail_after=878.640114,
message=reducing available power by the sum of launched tasks,avail_before=878.640114,sum_power=0.000000,avail_after=878.640114,
message=reducing available power by the sum of launched tasks,avail_before=878.640114,sum_power=0.000000,avail_after=878.640114,
message=reducing available power by the sum of launched tasks,avail_before=878.640114,sum_power=0.000000,avail_after=878.640114,
message=reducing available power by the sum of launched tasks,avail_before=878.640114,sum_power=0.000000,avail_after=878.640114,
message=reducing available power by the sum of launched tasks,avail_before=878.640114,sum_power=0.000000,avail_after=878.640114,
message=reducing available power by the sum of launched tasks,avail_before=878.640114,sum_power=0.000000,avail_after=878.640114,
message=reducing available power by the sum of launched tasks,avail_before=878.640114,sum_power=0.000000,avail_after=878.640114,
message=reducing available power by the sum of launched tasks,avail_before=878.640114,sum_power=0.000000,avail_after=878.640114,
message=reducing available power by the sum of launched tasks,avail_before=878.640114,sum_power=0.000000,avail_after=878.640114,
message=reducing available power by the sum of launched tasks,avail_before=878.640114,sum_power=0.000000,avail_after=878.640114,
message=reducing available power by the sum of launched tasks,avail_before=878.640114,sum_power=0.000000,avail_after=878.640114,
message=reducing available power by the sum of launched tasks,avail_before=878.640114,sum_power=0.000000,avail_after=878.640114,
message=reducing available power by the sum of launched tasks,avail_before=878.640114,sum_power=0.000000,avail_after=878.640114,
message=reducing available power by the sum of launched tasks,avail_before=878.640114,sum_power=0.000000,avail_after=878.640114,
message=reducing available power by the sum of launched tasks,avail_before=878.640114,sum_power=0.000000,avail_after=878.640114,
message=reducing available power by the sum of launched tasks,avail_before=878.640114,sum_power=0.000000,avail_after=878.640114,
message=reducing available power by the sum of launched tasks,avail_before=878.640114,sum_power=0.000000,avail_after=878.640114,
message=reducing available power by the sum of launched tasks,avail_before=878.640114,sum_power=0.000000,avail_after=878.640114,
message=reducing available power by the sum of launched tasks,avail_before=878.640114,sum_power=0.000000,avail_after=878.640114,
message=reducing available power by the sum of launched tasks,avail_before=878.640114,sum_power=0.000000,avail_after=878.640114,
message=reducing available power by the sum of launched tasks,avail_before=878.640114,sum_power=0.000000,avail_after=878.640114,
message=reducing available power by the sum of launched tasks,avail_before=878.640114,sum_power=0.000000,avail_after=878.640114,
message=reducing available power by the sum of launched tasks,avail_before=878.640114,sum_power=0.000000,avail_after=878.640114,
message=reducing available power by the sum of launched tasks,avail_before=878.640114,sum_power=0.000000,avail_after=878.640114,
message=reducing available power by the sum of launched tasks,avail_before=878.640114,sum_power=0.000000,avail_after=878.640114,
message=reducing available power by the sum of launched tasks,avail_before=878.640114,sum_power=0.000000,avail_after=878.640114,
message=reducing available power by the sum of launched tasks,avail_before=878.640114,sum_power=0.000000,avail_after=878.640114,
message=reducing available power by the sum of launched tasks,avail_before=878.640114,sum_power=0.000000,avail_after=878.640114,
message=reducing available power by the sum of launched tasks,avail_before=878.640114,sum_power=0.000000,avail_after=878.640114,
message=reducing available power by the sum of launched tasks,avail_before=878.640114,sum_power=0.000000,avail_after=878.640114,
message=reducing available power by the sum of launched tasks,avail_before=878.640114,sum_power=0.000000,avail_after=878.640114,
message=reducing available power by the sum of launched tasks,avail_before=878.640114,sum_power=0.000000,avail_after=878.640114,
message=reducing available power by the sum of launched tasks,avail_before=878.640114,sum_power=0.000000,avail_after=878.640114,
message=reducing available power by the sum of launched tasks,avail_before=878.640114,sum_power=0.000000,avail_after=878.640114,
message=reducing available power by the sum of launched tasks,avail_before=878.640114,sum_power=0.000000,avail_after=878.640114,
message=reducing available power by the sum of launched tasks,avail_before=878.640114,sum_power=0.000000,avail_after=878.640114,
message=reducing available power by the sum of launched tasks,avail_before=878.640114,sum_power=0.000000,avail_after=878.640114,
message=reducing available power by the sum of launched tasks,avail_before=878.640114,sum_power=0.000000,avail_after=878.640114,
message=reducing available power by the sum of launched tasks,avail_before=878.640114,sum_power=0.000000,avail_after=878.640114,
message=reducing available power by the sum of launched tasks,avail_before=878.640114,sum_power=0.000000,avail_after=878.640114,
message=reducing available power by the sum of launched tasks,avail_before=878.640114,sum_power=0.000000,avail_after=878.640114,
message=reducing available power by the sum of launched tasks,avail_before=878.640114,sum_power=0.000000,avail_after=878.640114,
message=reducing available power by the sum of launched tasks,avail_before=878.640114,sum_power=0.000000,avail_after=878.640114,
message=reducing available power by the sum of launched tasks,avail_before=878.640114,sum_power=0.000000,avail_after=878.640114,
message=reducing available power by the sum of launched tasks,avail_before=878.640114,sum_power=0.000000,avail_after=878.640114,
message=reducing available power by the sum of launched tasks,avail_before=878.640114,sum_power=0.000000,avail_after=878.640114,
message=reducing available power by the sum of launched tasks,avail_before=878.640114,sum_power=0.000000,avail_after=878.640114,
message=reducing available power by the sum of launched tasks,avail_before=878.640114,sum_power=0.000000,avail_after=878.640114,
message=reducing available power by the sum of launched tasks,avail_before=878.640114,sum_power=0.000000,avail_after=878.640114,
message=reducing available power by the sum of launched tasks,avail_before=878.640114,sum_power=0.000000,avail_after=878.640114,
message=reducing available power by the sum of launched tasks,avail_before=878.640114,sum_power=0.000000,avail_after=878.640114,
message=reducing available power by the sum of launched tasks,avail_before=878.640114,sum_power=0.000000,avail_after=878.640114,
message=reducing available power by the sum of launched tasks,avail_before=878.640114,sum_power=0.000000,avail_after=878.640114,
message=reducing available power by the sum of launched tasks,avail_before=878.640114,sum_power=0.000000,avail_after=878.640114,
message=reducing available power by the sum of launched tasks,avail_before=878.640114,sum_power=0.000000,avail_after=878.640114,
message=reducing available power by the sum of launched tasks,avail_before=878.640114,sum_power=0.000000,avail_after=878.640114,
message=reducing available power by the sum of launched tasks,avail_before=878.640114,sum_power=0.000000,avail_after=878.640114,
message=reducing available power by the sum of launched tasks,avail_before=878.640114,sum_power=0.000000,avail_after=878.640114,
message=reducing available power by the sum of launched tasks,avail_before=878.640114,sum_power=0.000000,avail_after=878.640114,
message=reducing available power by the sum of launched tasks,avail_before=878.640114,sum_power=0.000000,avail_after=878.640114,
message=reducing available power by the sum of launched tasks,avail_before=878.640114,sum_power=0.000000,avail_after=878.640114,
message=reducing available power by the sum of launched tasks,avail_before=878.640114,sum_power=0.000000,avail_after=878.640114,
message=reducing available power by the sum of launched tasks,avail_before=878.640114,sum_power=0.000000,avail_after=878.640114,
message=reducing available power by the sum of launched tasks,avail_before=878.640114,sum_power=0.000000,avail_after=878.640114,
message=reducing available power by the sum of launched tasks,avail_before=878.640114,sum_power=0.000000,avail_after=878.640114,
message=reducing available power by the sum of launched tasks,avail_before=878.640114,sum_power=0.000000,avail_after=878.640114,
message=reducing available power by the sum of launched tasks,avail_before=878.640114,sum_power=0.000000,avail_after=878.640114,
message=reducing available power by the sum of launched tasks,avail_before=878.640114,sum_power=0.000000,avail_after=878.640114,
message=reducing available power by the sum of launched tasks,avail_before=878.640114,sum_power=0.000000,avail_after=878.640114,
message=reducing available power by the sum of launched tasks,avail_before=878.640114,sum_power=0.000000,avail_after=878.640114,
message=reducing available power by the sum of launched tasks,avail_before=878.640114,sum_power=0.000000,avail_after=878.640114,
message=reducing available power by the sum of launched tasks,avail_before=878.640114,sum_power=0.000000,avail_after=878.640114,
message=reducing available power by the sum of launched tasks,avail_before=878.640114,sum_power=0.000000,avail_after=878.640114,
message=reducing available power by the sum of launched tasks,avail_before=878.640114,sum_power=0.000000,avail_after=878.640114,
message=reducing available power by the sum of launched tasks,avail_before=878.640114,sum_power=0.000000,avail_after=878.640114,
message=reducing available power by the sum of launched tasks,avail_before=878.640114,sum_power=0.000000,avail_after=878.640114,
message=reducing available power by the sum of launched tasks,avail_before=878.640114,sum_power=0.000000,avail_after=878.640114,
message=reducing available power by the sum of launched tasks,avail_before=878.640114,sum_power=0.000000,avail_after=878.640114,
message=reducing available power by the sum of launched tasks,avail_before=878.640114,sum_power=0.000000,avail_after=878.640114,
message=reducing available power by the sum of launched tasks,avail_before=878.640114,sum_power=0.000000,avail_after=878.640114,
message=reducing available power by the sum of launched tasks,avail_before=878.640114,sum_power=0.000000,avail_after=878.640114,
message=reducing available power by the sum of launched tasks,avail_before=878.640114,sum_power=0.000000,avail_after=878.640114,
message=reducing available power by the sum of launched tasks,avail_before=878.640114,sum_power=0.000000,avail_after=878.640114,
message=reducing available power by the sum of launched tasks,avail_before=878.640114,sum_power=0.000000,avail_after=878.640114,
message=reducing available power by the sum of launched tasks,avail_before=878.640114,sum_power=0.000000,avail_after=878.640114,
message=reducing available power by the sum of launched tasks,avail_before=878.640114,sum_power=0.000000,avail_after=878.640114,
message=reducing available power by the sum of launched tasks,avail_before=878.640114,sum_power=0.000000,avail_after=878.640114,
message=reducing available power by the sum of launched tasks,avail_before=878.640114,sum_power=0.000000,avail_after=878.640114,
message=reducing available power by the sum of launched tasks,avail_before=878.640114,sum_power=0.000000,avail_after=878.640114,
message=reducing available power by the sum of launched tasks,avail_before=878.640114,sum_power=0.000000,avail_after=878.640114,
message=reducing available power by the sum of launched tasks,avail_before=878.640114,sum_power=0.000000,avail_after=878.640114,
message=reducing available power by the sum of launched tasks,avail_before=878.640114,sum_power=0.000000,avail_after=878.640114,
message=reducing available power by the sum of launched tasks,avail_before=878.640114,sum_power=0.000000,avail_after=878.640114,
message=reducing available power by the sum of launched tasks,avail_before=878.640114,sum_power=0.000000,avail_after=878.640114,
message=reducing available power by the sum of launched tasks,avail_before=878.640114,sum_power=0.000000,avail_after=878.640114,
message=reducing available power by the sum of launched tasks,avail_before=878.640114,sum_power=0.000000,avail_after=878.640114,
message=reducing available power by the sum of launched tasks,avail_before=878.640114,sum_power=0.000000,avail_after=878.640114,
message=reducing available power by the sum of launched tasks,avail_before=878.640114,sum_power=0.000000,avail_after=878.640114,
message=reducing available power by the sum of launched tasks,avail_before=878.640114,sum_power=0.000000,avail_after=878.640114,
message=reducing available power by the sum of launched tasks,avail_before=878.640114,sum_power=0.000000,avail_after=878.640114,
message=reducing available power by the sum of launched tasks,avail_before=878.640114,sum_power=0.000000,avail_after=878.640114,
message=reducing available power by the sum of launched tasks,avail_before=878.640114,sum_power=0.000000,avail_after=878.640114,
message=reducing available power by the sum of launched tasks,avail_before=878.640114,sum_power=0.000000,avail_after=878.640114,
message=reducing available power by the sum of launched tasks,avail_before=878.640114,sum_power=0.000000,avail_after=878.640114,
message=reducing available power by the sum of launched tasks,avail_before=878.640114,sum_power=0.000000,avail_after=878.640114,
message=reducing available power by the sum of launched tasks,avail_before=878.640114,sum_power=0.000000,avail_after=878.640114,
message=reducing available power by the sum of launched tasks,avail_before=878.640114,sum_power=0.000000,avail_after=878.640114,
message=reducing available power by the sum of launched tasks,avail_before=878.640114,sum_power=0.000000,avail_after=878.640114,
message=reducing available power by the sum of launched tasks,avail_before=878.640114,sum_power=0.000000,avail_after=878.640114,
message=reducing available power by the sum of launched tasks,avail_before=878.640114,sum_power=0.000000,avail_after=878.640114,
message=reducing available power by the sum of launched tasks,avail_before=878.640114,sum_power=0.000000,avail_after=878.640114,
message=reducing available power by the sum of launched tasks,avail_before=878.640114,sum_power=0.000000,avail_after=878.640114,
message=reducing available power by the sum of launched tasks,avail_before=878.640114,sum_power=0.000000,avail_after=878.640114,
message=reducing available power by the sum of launched tasks,avail_before=878.640114,sum_power=0.000000,avail_after=878.640114,
message=reducing available power by the sum of launched tasks,avail_before=878.640114,sum_power=0.000000,avail_after=878.640114,
message=reducing available power by the sum of launched tasks,avail_before=878.640114,sum_power=0.000000,avail_after=878.640114,
message=reducing available power by the sum of launched tasks,avail_before=878.640114,sum_power=0.000000,avail_after=878.640114,
message=reducing available power by the sum of launched tasks,avail_before=878.640114,sum_power=0.000000,avail_after=878.640114,
message=reducing available power by the sum of launched tasks,avail_before=878.640114,sum_power=0.000000,avail_after=878.640114,
message=reducing available power by the sum of launched tasks,avail_before=878.640114,sum_power=0.000000,avail_after=878.640114,
message=reducing available power by the sum of launched tasks,avail_before=878.640114,sum_power=0.000000,avail_after=878.640114,
message=reducing available power by the sum of launched tasks,avail_before=878.640114,sum_power=0.000000,avail_after=878.640114,
message=reducing available power by the sum of launched tasks,avail_before=878.640114,sum_power=0.000000,avail_after=878.640114,
message=reducing available power by the sum of launched tasks,avail_before=878.640114,sum_power=0.000000,avail_after=878.640114,
message=reducing available power by the sum of launched tasks,avail_before=878.640114,sum_power=0.000000,avail_after=878.640114,
message=reducing available power by the sum of launched tasks,avail_before=878.640114,sum_power=0.000000,avail_after=878.640114,
message=reducing available power by the sum of launched tasks,avail_before=878.640114,sum_power=0.000000,avail_after=878.640114,
message=reducing available power by the sum of launched tasks,avail_before=878.640114,sum_power=0.000000,avail_after=878.640114,
message=reducing available power by the sum of launched tasks,avail_before=878.640114,sum_power=0.000000,avail_after=878.640114,
message=reducing available power by the sum of launched tasks,avail_before=878.640114,sum_power=0.000000,avail_after=878.640114,
message=reducing available power by the sum of launched tasks,avail_before=878.640114,sum_power=0.000000,avail_after=878.640114,
message=reducing available power by the sum of launched tasks,avail_before=878.640114,sum_power=0.000000,avail_after=878.640114,
message=reducing available power by the sum of launched tasks,avail_before=878.640114,sum_power=0.000000,avail_after=878.640114,
message=reducing available power by the sum of launched tasks,avail_before=878.640114,sum_power=0.000000,avail_after=878.640114,
message=reducing available power by the sum of launched tasks,avail_before=878.640114,sum_power=0.000000,avail_after=878.640114,
message=reducing available power by the sum of launched tasks,avail_before=878.640114,sum_power=0.000000,avail_after=878.640114,
message=reducing available power by the sum of launched tasks,avail_before=878.640114,sum_power=0.000000,avail_after=878.640114,
message=reducing available power by the sum of launched tasks,avail_before=878.640114,sum_power=0.000000,avail_after=878.640114,
message=reducing available power by the sum of launched tasks,avail_before=878.640114,sum_power=0.000000,avail_after=878.640114,
message=reducing available power by the sum of launched tasks,avail_before=878.640114,sum_power=0.000000,avail_after=878.640114,
message=reducing available power by the sum of launched tasks,avail_before=878.640114,sum_power=0.000000,avail_after=878.640114,
message=reducing available power by the sum of launched tasks,avail_before=878.640114,sum_power=0.000000,avail_after=878.640114,
message=reducing available power by the sum of launched tasks,avail_before=878.640114,sum_power=0.000000,avail_after=878.640114,
message=reducing available power by the sum of launched tasks,avail_before=878.640114,sum_power=0.000000,avail_after=878.640114,
message=reducing available power by the sum of launched tasks,avail_before=878.640114,sum_power=0.000000,avail_after=878.640114,
message=reducing available power by the sum of launched tasks,avail_before=878.640114,sum_power=0.000000,avail_after=878.640114,
message=reducing available power by the sum of launched tasks,avail_before=878.640114,sum_power=0.000000,avail_after=878.640114,
message=reducing available power by the sum of launched tasks,avail_before=878.640114,sum_power=0.000000,avail_after=878.640114,
message=reducing available power by the sum of launched tasks,avail_before=878.640114,sum_power=0.000000,avail_after=878.640114,
message=reducing available power by the sum of launched tasks,avail_before=878.640114,sum_power=0.000000,avail_after=878.640114,
message=reducing available power by the sum of launched tasks,avail_before=878.640114,sum_power=0.000000,avail_after=878.640114,
message=reducing available power by the sum of launched tasks,avail_before=878.640114,sum_power=0.000000,avail_after=878.640114,
message=reducing available power by the sum of launched tasks,avail_before=878.640114,sum_power=0.000000,avail_after=878.640114,
message=reducing available power by the sum of launched tasks,avail_before=878.640114,sum_power=0.000000,avail_after=878.640114,
message=reducing available power by the sum of launched tasks,avail_before=878.640114,sum_power=0.000000,avail_after=878.640114,
message=reducing available power by the sum of launched tasks,avail_before=878.640114,sum_power=0.000000,avail_after=878.640114,
message=reducing available power by the sum of launched tasks,avail_before=878.640114,sum_power=0.000000,avail_after=878.640114,
message=reducing available power by the sum of launched tasks,avail_before=878.640114,sum_power=0.000000,avail_after=878.640114,
message=reducing available power by the sum of launched tasks,avail_before=878.640114,sum_power=0.000000,avail_after=878.640114,
message=reducing available power by the sum of launched tasks,avail_before=878.640114,sum_power=0.000000,avail_after=878.640114,
message=reducing available power by the sum of launched tasks,avail_before=878.640114,sum_power=0.000000,avail_after=878.640114,
message=reducing available power by the sum of launched tasks,avail_before=878.640114,sum_power=0.000000,avail_after=878.640114,
message=reducing available power by the sum of launched tasks,avail_before=878.640114,sum_power=0.000000,avail_after=878.640114,
message=reducing available power by the sum of launched tasks,avail_before=878.640114,sum_power=0.000000,avail_after=878.640114,
message=reducing available power by the sum of launched tasks,avail_before=878.640114,sum_power=0.000000,avail_after=878.640114,
message=reducing available power by the sum of launched tasks,avail_before=878.640114,sum_power=0.000000,avail_after=878.640114,
message=reducing available power by the sum of launched tasks,avail_before=878.640114,sum_power=0.000000,avail_after=878.640114,
message=reducing available power by the sum of launched tasks,avail_before=878.640114,sum_power=0.000000,avail_after=878.640114,
message=reducing available power by the sum of launched tasks,avail_before=878.640114,sum_power=0.000000,avail_after=878.640114,
message=reducing available power by the sum of launched tasks,avail_before=878.640114,sum_power=0.000000,avail_after=878.640114,
message=reducing available power by the sum of launched tasks,avail_before=878.640114,sum_power=0.000000,avail_after=878.640114,
message=reducing available power by the sum of launched tasks,avail_before=878.640114,sum_power=0.000000,avail_after=878.640114,
message=reducing available power by the sum of launched tasks,avail_before=878.640114,sum_power=0.000000,avail_after=878.640114,
message=reducing available power by the sum of launched tasks,avail_before=878.640114,sum_power=0.000000,avail_after=878.640114,
message=reducing available power by the sum of launched tasks,avail_before=878.640114,sum_power=0.000000,avail_after=878.640114,
message=reducing available power by the sum of launched tasks,avail_before=878.640114,sum_power=0.000000,avail_after=878.640114,
message=reducing available power by the sum of launched tasks,avail_before=878.640114,sum_power=0.000000,avail_after=878.640114,
message=reducing available power by the sum of launched tasks,avail_before=878.640114,sum_power=0.000000,avail_after=878.640114,
message=reducing available power by the sum of launched tasks,avail_before=878.640114,sum_power=0.000000,avail_after=878.640114,
message=reducing available power by the sum of launched tasks,avail_before=878.640114,sum_power=0.000000,avail_after=878.640114,
message=reducing available power by the sum of launched tasks,avail_before=878.640114,sum_power=0.000000,avail_after=878.640114,
message=reducing available power by the sum of launched tasks,avail_before=878.640114,sum_power=0.000000,avail_after=878.640114,
message=reducing available power by the sum of launched tasks,avail_before=878.640114,sum_power=0.000000,avail_after=878.640114,
message=reducing available power by the sum of launched tasks,avail_before=878.640114,sum_power=0.000000,avail_after=878.640114,
message=reducing available power by the sum of launched tasks,avail_before=878.640114,sum_power=0.000000,avail_after=878.640114,
message=reducing available power by the sum of launched tasks,avail_before=878.640114,sum_power=0.000000,avail_after=878.640114,
message=reducing available power by the sum of launched tasks,avail_before=878.640114,sum_power=0.000000,avail_after=878.640114,
message=reducing available power by the sum of launched tasks,avail_before=878.640114,sum_power=0.000000,avail_after=878.640114,
message=reducing available power by the sum of launched tasks,avail_before=878.640114,sum_power=0.000000,avail_after=878.640114,
message=reducing available power by the sum of launched tasks,avail_before=878.640114,sum_power=0.000000,avail_after=878.640114,
message=reducing available power by the sum of launched tasks,avail_before=878.640114,sum_power=0.000000,avail_after=878.640114,
message=reducing available power by the sum of launched tasks,avail_before=878.640114,sum_power=0.000000,avail_after=878.640114,
message=reducing available power by the sum of launched tasks,avail_before=878.640114,sum_power=0.000000,avail_after=878.640114,
message=reducing available power by the sum of launched tasks,avail_before=878.640114,sum_power=0.000000,avail_after=878.640114,
message=reducing available power by the sum of launched tasks,avail_before=878.640114,sum_power=0.000000,avail_after=878.640114,
message=reducing available power by the sum of launched tasks,avail_before=878.640114,sum_power=0.000000,avail_after=878.640114,
message=reducing available power by the sum of launched tasks,avail_before=878.640114,sum_power=0.000000,avail_after=878.640114,
message=reducing available power by the sum of launched tasks,avail_before=878.640114,sum_power=0.000000,avail_after=878.640114,
message=reducing available power by the sum of launched tasks,avail_before=878.640114,sum_power=0.000000,avail_after=878.640114,
message=reducing available power by the sum of launched tasks,avail_before=878.640114,sum_power=0.000000,avail_after=878.640114,
message=reducing available power by the sum of launched tasks,avail_before=878.640114,sum_power=0.000000,avail_after=878.640114,
message=reducing available power by the sum of launched tasks,avail_before=878.640114,sum_power=0.000000,avail_after=878.640114,
message=reducing available power by the sum of launched tasks,avail_before=878.640114,sum_power=0.000000,avail_after=878.640114,
end_task=,name=syrk,elapsed_seconds=1.349364,nthreads=3,end_time=583999.126196,released_listeners=1,
message=reducing available power by the sum of launched tasks,avail_before=891.457892,sum_power=35.338132,avail_after=856.119760,
start_task=,name=gemm,tick=8,start_time=583999.127560,nthreads=1,
start_task=,name=syrk,tick=8,start_time=583999.127580,nthreads=1,
start_task=,name=gemm,tick=8,start_time=583999.127598,nthreads=1,
message=reducing available power by the sum of launched tasks,avail_before=856.119760,sum_power=0.000000,avail_after=856.119760,
message=reducing available power by the sum of launched tasks,avail_before=856.119760,sum_power=0.000000,avail_after=856.119760,
message=reducing available power by the sum of launched tasks,avail_before=856.119760,sum_power=0.000000,avail_after=856.119760,
message=reducing available power by the sum of launched tasks,avail_before=856.119760,sum_power=0.000000,avail_after=856.119760,
message=reducing available power by the sum of launched tasks,avail_before=856.119760,sum_power=0.000000,avail_after=856.119760,
message=reducing available power by the sum of launched tasks,avail_before=856.119760,sum_power=0.000000,avail_after=856.119760,
message=reducing available power by the sum of launched tasks,avail_before=856.119760,sum_power=0.000000,avail_after=856.119760,
message=reducing available power by the sum of launched tasks,avail_before=856.119760,sum_power=0.000000,avail_after=856.119760,
message=reducing available power by the sum of launched tasks,avail_before=856.119760,sum_power=0.000000,avail_after=856.119760,
message=reducing available power by the sum of launched tasks,avail_before=856.119760,sum_power=0.000000,avail_after=856.119760,
message=reducing available power by the sum of launched tasks,avail_before=856.119760,sum_power=0.000000,avail_after=856.119760,
message=reducing available power by the sum of launched tasks,avail_before=856.119760,sum_power=0.000000,avail_after=856.119760,
message=reducing available power by the sum of launched tasks,avail_before=856.119760,sum_power=0.000000,avail_after=856.119760,
message=reducing available power by the sum of launched tasks,avail_before=856.119760,sum_power=0.000000,avail_after=856.119760,
message=reducing available power by the sum of launched tasks,avail_before=856.119760,sum_power=0.000000,avail_after=856.119760,
message=reducing available power by the sum of launched tasks,avail_before=856.119760,sum_power=0.000000,avail_after=856.119760,
message=reducing available power by the sum of launched tasks,avail_before=856.119760,sum_power=0.000000,avail_after=856.119760,
message=reducing available power by the sum of launched tasks,avail_before=856.119760,sum_power=0.000000,avail_after=856.119760,
message=reducing available power by the sum of launched tasks,avail_before=856.119760,sum_power=0.000000,avail_after=856.119760,
message=reducing available power by the sum of launched tasks,avail_before=856.119760,sum_power=0.000000,avail_after=856.119760,
message=reducing available power by the sum of launched tasks,avail_before=856.119760,sum_power=0.000000,avail_after=856.119760,
message=reducing available power by the sum of launched tasks,avail_before=856.119760,sum_power=0.000000,avail_after=856.119760,
message=reducing available power by the sum of launched tasks,avail_before=856.119760,sum_power=0.000000,avail_after=856.119760,
message=reducing available power by the sum of launched tasks,avail_before=856.119760,sum_power=0.000000,avail_after=856.119760,
message=reducing available power by the sum of launched tasks,avail_before=856.119760,sum_power=0.000000,avail_after=856.119760,
message=reducing available power by the sum of launched tasks,avail_before=856.119760,sum_power=0.000000,avail_after=856.119760,
message=reducing available power by the sum of launched tasks,avail_before=856.119760,sum_power=0.000000,avail_after=856.119760,
message=reducing available power by the sum of launched tasks,avail_before=856.119760,sum_power=0.000000,avail_after=856.119760,
message=reducing available power by the sum of launched tasks,avail_before=856.119760,sum_power=0.000000,avail_after=856.119760,
message=reducing available power by the sum of launched tasks,avail_before=856.119760,sum_power=0.000000,avail_after=856.119760,
message=reducing available power by the sum of launched tasks,avail_before=856.119760,sum_power=0.000000,avail_after=856.119760,
message=reducing available power by the sum of launched tasks,avail_before=856.119760,sum_power=0.000000,avail_after=856.119760,
message=reducing available power by the sum of launched tasks,avail_before=856.119760,sum_power=0.000000,avail_after=856.119760,
message=reducing available power by the sum of launched tasks,avail_before=856.119760,sum_power=0.000000,avail_after=856.119760,
end_task=,name=syrk,elapsed_seconds=1.383522,nthreads=3,end_time=583999.162287,released_listeners=1,
message=reducing available power by the sum of launched tasks,avail_before=868.937537,sum_power=24.868014,avail_after=844.069523,
start_task=,name=gemm,tick=9,start_time=583999.162794,nthreads=2,
start_task=,name=gemm,tick=9,start_time=583999.162812,nthreads=1,
end_task=,name=syrk,elapsed_seconds=1.352000,nthreads=3,end_time=583999.162828,released_listeners=1,
message=reducing available power by the sum of launched tasks,avail_before=856.887301,sum_power=16.076496,avail_after=840.810805,
start_task=,name=potrf,tick=10,start_time=583999.163089,nthreads=3,
end_task=,name=syrk,elapsed_seconds=1.360274,nthreads=1,end_time=583999.323301,released_listeners=1,
end_task=,name=gemm,elapsed_seconds=1.687401,nthreads=1,end_time=583999.504712,released_listeners=1,
end_task=,name=gemm,elapsed_seconds=1.725686,nthreads=1,end_time=583999.536251,released_listeners=1,
end_task=,name=gemm,elapsed_seconds=1.828029,nthreads=1,end_time=583999.606247,released_listeners=0,
end_task=,name=gemm,elapsed_seconds=1.650990,nthreads=1,end_time=583999.614528,released_listeners=0,
end_task=,name=gemm,elapsed_seconds=1.636719,nthreads=1,end_time=583999.654743,released_listeners=0,
end_task=,name=gemm,elapsed_seconds=1.653367,nthreads=1,end_time=583999.686326,released_listeners=0,
end_task=,name=potrf,elapsed_seconds=0.669093,nthreads=3,end_time=583999.832960,released_listeners=4,
message=reducing available power by the sum of launched tasks,avail_before=939.793854,sum_power=39.934421,avail_after=899.859433,
start_task=,name=trsm,tick=11,start_time=583999.833562,nthreads=5,
start_task=,name=trsm,tick=11,start_time=583999.833582,nthreads=5,
end_task=,name=trsm,elapsed_seconds=0.206198,nthreads=5,end_time=584000.054231,released_listeners=4,
end_task=,name=trsm,elapsed_seconds=0.205073,nthreads=5,end_time=584000.054260,released_listeners=4,
message=reducing available power by the sum of launched tasks,avail_before=939.793854,sum_power=39.633216,avail_after=900.160637,
start_task=,name=syrk,tick=12,start_time=584000.054939,nthreads=5,
start_task=,name=gemm,tick=12,start_time=584000.054957,nthreads=1,
start_task=,name=syrk,tick=12,start_time=584000.054974,nthreads=3,
end_task=,name=gemm,elapsed_seconds=0.977235,nthreads=2,end_time=584000.154798,released_listeners=1,
message=reducing available power by the sum of launched tasks,avail_before=913.136547,sum_power=13.570202,avail_after=899.566344,
start_task=,name=trsm,tick=13,start_time=584000.154938,nthreads=2,
end_task=,name=syrk,elapsed_seconds=0.469189,nthreads=5,end_time=584000.524860,released_listeners=1,
message=reducing available power by the sum of launched tasks,avail_before=914.489678,sum_power=17.991220,avail_after=896.498458,
start_task=,name=potrf,tick=14,start_time=584000.524953,nthreads=4,
end_task=,name=syrk,elapsed_seconds=1.433313,nthreads=1,end_time=584000.571751,released_listeners=1,
end_task=,name=trsm,elapsed_seconds=0.434943,nthreads=2,end_time=584000.607412,released_listeners=4,
message=reducing available power by the sum of launched tasks,avail_before=921.622582,sum_power=36.601988,avail_after=885.020593,
start_task=,name=gemm,tick=15,start_time=584000.607946,nthreads=1,
start_task=,name=syrk,tick=15,start_time=584000.607965,nthreads=3,
start_task=,name=gemm,tick=15,start_time=584000.607982,nthreads=1,
end_task=,name=gemm,elapsed_seconds=1.696270,nthreads=1,end_time=584000.824568,released_listeners=0,
end_task=,name=gemm,elapsed_seconds=1.703756,nthreads=1,end_time=584000.832291,released_listeners=0,
end_task=,name=potrf,elapsed_seconds=0.335911,nthreads=4,end_time=584000.861737,released_listeners=3,
end_task=,name=gemm,elapsed_seconds=1.753466,nthreads=1,end_time=584000.917295,released_listeners=1,
message=reducing available power by the sum of launched tasks,avail_before=938.688129,sum_power=23.545454,avail_after=915.142674,
start_task=,name=trsm,tick=16,start_time=584000.917375,nthreads=7,
end_task=,name=trsm,elapsed_seconds=0.157577,nthreads=7,end_time=584001.075518,released_listeners=4,
message=reducing available power by the sum of launched tasks,avail_before=938.688129,sum_power=48.494093,avail_after=890.194035,
start_task=,name=gemm,tick=17,start_time=584001.075851,nthreads=1,
start_task=,name=gemm,tick=17,start_time=584001.075869,nthreads=1,
start_task=,name=syrk,tick=17,start_time=584001.075887,nthreads=3,
start_task=,name=gemm,tick=17,start_time=584001.075903,nthreads=1,
end_task=,name=syrk,elapsed_seconds=1.313728,nthreads=3,end_time=584001.375579,released_listeners=1,
end_task=,name=gemm,elapsed_seconds=1.625731,nthreads=1,end_time=584001.681472,released_listeners=1,
message=reducing available power by the sum of launched tasks,avail_before=914.903918,sum_power=19.967211,avail_after=894.936708,
start_task=,name=trsm,tick=18,start_time=584001.681529,nthreads=5,
end_task=,name=trsm,elapsed_seconds=0.197943,nthreads=5,end_time=584001.880188,released_listeners=3,
message=reducing available power by the sum of launched tasks,avail_before=914.903918,sum_power=14.923333,avail_after=899.980585,
start_task=,name=syrk,tick=19,start_time=584001.880235,nthreads=5,
end_task=,name=syrk,elapsed_seconds=1.322862,nthreads=3,end_time=584001.931505,released_listeners=1,
end_task=,name=gemm,elapsed_seconds=1.646789,nthreads=1,end_time=584002.255651,released_listeners=1,
message=reducing available power by the sum of launched tasks,avail_before=924.690468,sum_power=17.424786,avail_after=907.265682,
start_task=,name=trsm,tick=20,start_time=584002.255896,nthreads=4,
end_task=,name=gemm,elapsed_seconds=1.657766,nthreads=1,end_time=584002.266552,released_listeners=0,
end_task=,name=syrk,elapsed_seconds=0.444715,nthreads=5,end_time=584002.334579,released_listeners=1,
end_task=,name=syrk,elapsed_seconds=1.331046,nthreads=3,end_time=584002.414100,released_listeners=1,
end_task=,name=trsm,elapsed_seconds=0.233526,nthreads=4,end_time=584002.506151,released_listeners=3,
message=reducing available power by the sum of launched tasks,avail_before=964.323684,sum_power=30.495476,avail_after=933.828208,
start_task=,name=syrk,tick=21,start_time=584002.506389,nthreads=5,
start_task=,name=gemm,tick=21,start_time=584002.506417,nthreads=6,
end_task=,name=gemm,elapsed_seconds=1.632005,nthreads=1,end_time=584002.709692,released_listeners=1,
message=reducing available power by the sum of launched tasks,avail_before=945.720314,sum_power=13.570202,avail_after=932.150111,
start_task=,name=trsm,tick=22,start_time=584002.709739,nthreads=2,
end_task=,name=gemm,elapsed_seconds=1.639454,nthreads=1,end_time=584002.717437,released_listeners=0,
end_task=,name=gemm,elapsed_seconds=1.648088,nthreads=1,end_time=584002.724751,released_listeners=0,
end_task=,name=syrk,elapsed_seconds=0.485422,nthreads=5,end_time=584003.005581,released_listeners=1,
message=reducing available power by the sum of launched tasks,avail_before=970.857655,sum_power=18.680170,avail_after=952.177485,
start_task=,name=potrf,tick=23,start_time=584003.005625,nthreads=7,
end_task=,name=trsm,elapsed_seconds=0.431548,nthreads=2,end_time=584003.155556,released_listeners=3,
message=reducing available power by the sum of launched tasks,avail_before=965.747687,sum_power=35.338132,avail_after=930.409555,
start_task=,name=gemm,tick=24,start_time=584003.155812,nthreads=1,
start_task=,name=syrk,tick=24,start_time=584003.155837,nthreads=1,
start_task=,name=gemm,tick=24,start_time=584003.155861,nthreads=1,
end_task=,name=gemm,elapsed_seconds=0.652843,nthreads=6,end_time=584003.166288,released_listeners=1,
end_task=,name=potrf,elapsed_seconds=0.310497,nthreads=7,end_time=584003.317129,released_listeners=2,
message=reducing available power by the sum of launched tasks,avail_before=964.661868,sum_power=31.738788,avail_after=932.923080,
start_task=,name=trsm,tick=25,start_time=584003.317162,nthreads=13,
end_task=,name=trsm,elapsed_seconds=0.118125,nthreads=13,end_time=584003.436222,released_listeners=2,
message=reducing available power by the sum of launched tasks,avail_before=964.661868,sum_power=25.563131,avail_after=939.098737,
start_task=,name=syrk,tick=26,start_time=584003.436253,nthreads=13,
end_task=,name=syrk,elapsed_seconds=0.232604,nthreads=13,end_time=584003.669276,released_listeners=1,
end_task=,name=syrk,elapsed_seconds=1.301625,nthreads=1,end_time=584004.459391,released_listeners=1,
end_task=,name=gemm,elapsed_seconds=1.617294,nthreads=1,end_time=584004.774553,released_listeners=1,
message=reducing available power by the sum of launched tasks,avail_before=988.107895,sum_power=35.161212,avail_after=952.946683,
start_task=,name=trsm,tick=27,start_time=584004.774617,nthreads=15,
end_task=,name=gemm,elapsed_seconds=1.625021,nthreads=1,end_time=584004.782339,released_listeners=0,
end_task=,name=trsm,elapsed_seconds=0.102656,nthreads=15,end_time=584004.877970,released_listeners=2,
message=reducing available power by the sum of launched tasks,avail_before=1000.000000,sum_power=36.267360,avail_after=963.732640,
start_task=,name=syrk,tick=28,start_time=584004.878081,nthreads=7,
start_task=,name=gemm,tick=28,start_time=584004.878109,nthreads=9,
end_task=,name=gemm,elapsed_seconds=0.406554,nthreads=9,end_time=584005.286082,released_listeners=1,
end_task=,name=syrk,elapsed_seconds=0.491940,nthreads=7,end_time=584005.370904,released_listeners=1,
message=reducing available power by the sum of launched tasks,avail_before=1000.000000,sum_power=30.515404,avail_after=969.484596,
start_task=,name=potrf,tick=29,start_time=584005.370955,nthreads=16,
end_task=,name=potrf,elapsed_seconds=0.142074,nthreads=16,end_time=584005.513815,released_listeners=1,
message=reducing available power by the sum of launched tasks,avail_before=1000.000000,sum_power=37.279293,avail_after=962.720707,
start_task=,name=trsm,tick=30,start_time=584005.513869,nthreads=16,
end_task=,name=trsm,elapsed_seconds=0.098081,nthreads=16,end_time=584005.612861,released_listeners=1,
message=reducing available power by the sum of launched tasks,avail_before=1000.000000,sum_power=26.133333,avail_after=973.866667,
start_task=,name=syrk,tick=31,start_time=584005.612917,nthreads=15,
end_task=,name=syrk,elapsed_seconds=0.213723,nthreads=15,end_time=584005.827439,released_listeners=1,
message=reducing available power by the sum of launched tasks,avail_before=1000.000000,sum_power=30.515404,avail_after=969.484596,
start_task=,name=potrf,tick=32,start_time=584005.827492,nthreads=16,
end_task=,name=potrf,elapsed_seconds=0.136737,nthreads=16,end_time=584005.965706,released_listeners=0,
average_power_W=122.165714,
max_power_W=150.000000,
time_s=8.777740,
message=ALL DONE,
