message=cataloging configuration,max_threads=48,power_limit=inf,
start_task=,name=start,tick=1,start_time=1654352.347935,nthreads=1,
message=tick stats,tick=1,estimated_current_power=0.100000,
end_task=,name=start,elapsed_seconds=0.009228,predicted_seconds=0.000000,time_percent_error=100.000000,nthreads=1,end_time=1654352.358667,avg_power_W=-nan,max_power_W=0.000000,avg_time_s=0.009228,released_listeners=6,
start_task=,name=spmv,tick=2,start_time=1654352.367115,nthreads=8,
start_task=,name=spmv,tick=2,start_time=1654352.367134,nthreads=8,
start_task=,name=spmv,tick=2,start_time=1654352.367146,nthreads=8,
start_task=,name=spmv,tick=2,start_time=1654352.367206,nthreads=8,
start_task=,name=spmv,tick=2,start_time=1654352.367232,nthreads=8,
start_task=,name=spmv,tick=2,start_time=1654352.367797,nthreads=8,
message=tick stats,tick=2,estimated_current_power=104.475000,
end_task=,name=spmv,elapsed_seconds=0.503368,predicted_seconds=0.041635,time_percent_error=91.728793,nthreads=8,end_time=1654352.871893,avg_power_W=131.900000,max_power_W=147.000000,avg_time_s=0.503368,released_listeners=1,
start_task=,name=subtract,tick=3,start_time=1654352.872033,nthreads=8,
message=tick stats,tick=3,estimated_current_power=113.662500,
end_task=,name=spmv,elapsed_seconds=0.509230,predicted_seconds=0.041635,time_percent_error=91.824005,nthreads=8,end_time=1654352.880232,avg_power_W=131.900000,max_power_W=147.000000,avg_time_s=0.509230,released_listeners=1,
start_task=,name=subtract,tick=4,start_time=1654352.880336,nthreads=8,
message=tick stats,tick=4,estimated_current_power=122.850000,
end_task=,name=spmv,elapsed_seconds=0.516090,predicted_seconds=0.041635,time_percent_error=91.932677,nthreads=8,end_time=1654352.885553,avg_power_W=131.900000,max_power_W=147.000000,avg_time_s=0.516090,released_listeners=1,
start_task=,name=subtract,tick=5,start_time=1654352.885685,nthreads=8,
message=tick stats,tick=5,estimated_current_power=132.037500,
end_task=,name=spmv,elapsed_seconds=0.529949,predicted_seconds=0.041635,time_percent_error=92.143658,nthreads=8,end_time=1654352.897726,avg_power_W=131.900000,max_power_W=147.000000,avg_time_s=0.529949,released_listeners=1,
start_task=,name=subtract,tick=6,start_time=1654352.912644,nthreads=8,
message=tick stats,tick=6,estimated_current_power=141.225000,
end_task=,name=spmv,elapsed_seconds=0.541353,predicted_seconds=0.041635,time_percent_error=92.309148,nthreads=8,end_time=1654352.912675,avg_power_W=133.272727,max_power_W=147.000000,avg_time_s=0.541353,released_listeners=1,
start_task=,name=subtract,tick=7,start_time=1654352.912793,nthreads=8,
message=tick stats,tick=7,estimated_current_power=150.412500,
end_task=,name=spmv,elapsed_seconds=0.560257,predicted_seconds=0.041635,time_percent_error=92.568653,nthreads=8,end_time=1654352.929015,avg_power_W=133.272727,max_power_W=147.000000,avg_time_s=0.560257,released_listeners=1,
start_task=,name=subtract,tick=8,start_time=1654352.929136,nthreads=8,
message=tick stats,tick=8,estimated_current_power=159.600000,
end_task=,name=subtract,elapsed_seconds=0.088487,predicted_seconds=0.000832,time_percent_error=99.059608,nthreads=8,end_time=1654352.969489,avg_power_W=134.500000,max_power_W=148.000000,avg_time_s=0.088487,released_listeners=2,
end_task=,name=subtract,elapsed_seconds=0.039722,predicted_seconds=0.000832,time_percent_error=97.905139,nthreads=8,end_time=1654352.969521,avg_power_W=134.500000,max_power_W=148.000000,avg_time_s=0.039722,released_listeners=2,
start_task=,name=copy,tick=9,start_time=1654352.970429,nthreads=7,
start_task=,name=dot,tick=9,start_time=1654352.970450,nthreads=1,
start_task=,name=copy,tick=9,start_time=1654352.970463,nthreads=7,
start_task=,name=dot,tick=9,start_time=1654352.970481,nthreads=1,
message=tick stats,tick=9,estimated_current_power=177.466667,
end_task=,name=subtract,elapsed_seconds=0.097281,predicted_seconds=0.000832,time_percent_error=99.144620,nthreads=8,end_time=1654352.970527,avg_power_W=134.500000,max_power_W=148.000000,avg_time_s=0.097281,released_listeners=2,
start_task=,name=copy,tick=10,start_time=1654352.970825,nthreads=7,
start_task=,name=dot,tick=10,start_time=1654352.970846,nthreads=1,
message=tick stats,tick=10,estimated_current_power=186.400000,
end_task=,name=subtract,elapsed_seconds=0.084075,predicted_seconds=0.000832,time_percent_error=99.010262,nthreads=8,end_time=1654352.989624,avg_power_W=134.500000,max_power_W=148.000000,avg_time_s=0.084075,released_listeners=2,
start_task=,name=copy,tick=11,start_time=1654352.989941,nthreads=7,
start_task=,name=dot,tick=11,start_time=1654352.989966,nthreads=1,
message=tick stats,tick=11,estimated_current_power=195.333333,
end_task=,name=subtract,elapsed_seconds=0.059161,predicted_seconds=0.000832,time_percent_error=98.593460,nthreads=8,end_time=1654352.997503,avg_power_W=134.500000,max_power_W=148.000000,avg_time_s=0.059161,released_listeners=2,
start_task=,name=copy,tick=12,start_time=1654353.015080,nthreads=7,
start_task=,name=dot,tick=12,start_time=1654353.015101,nthreads=1,
message=tick stats,tick=12,estimated_current_power=204.266667,
end_task=,name=subtract,elapsed_seconds=0.059264,predicted_seconds=0.000832,time_percent_error=98.595896,nthreads=8,end_time=1654353.015118,avg_power_W=135.153846,max_power_W=148.000000,avg_time_s=0.059264,released_listeners=2,
end_task=,name=copy,elapsed_seconds=0.025734,predicted_seconds=0.000688,time_percent_error=97.324562,nthreads=7,end_time=1654353.015134,avg_power_W=135.153846,max_power_W=148.000000,avg_time_s=0.025734,released_listeners=1,
end_task=,name=dot,elapsed_seconds=0.024406,predicted_seconds=0.001742,time_percent_error=92.860804,nthreads=1,end_time=1654353.015165,avg_power_W=135.153846,max_power_W=148.000000,avg_time_s=0.024406,released_listeners=1,
end_task=,name=copy,elapsed_seconds=0.024744,predicted_seconds=0.000688,time_percent_error=97.217529,nthreads=7,end_time=1654353.015188,avg_power_W=135.153846,max_power_W=148.000000,avg_time_s=0.024744,released_listeners=1,
end_task=,name=dot,elapsed_seconds=0.027543,predicted_seconds=0.001742,time_percent_error=93.673938,nthreads=1,end_time=1654353.015214,avg_power_W=135.153846,max_power_W=148.000000,avg_time_s=0.027543,released_listeners=1,
end_task=,name=copy,elapsed_seconds=0.030651,predicted_seconds=0.000688,time_percent_error=97.753771,nthreads=7,end_time=1654353.015229,avg_power_W=135.153846,max_power_W=148.000000,avg_time_s=0.030651,released_listeners=1,
end_task=,name=dot,elapsed_seconds=0.038430,predicted_seconds=0.001742,time_percent_error=95.465976,nthreads=1,end_time=1654353.015244,avg_power_W=135.153846,max_power_W=148.000000,avg_time_s=0.038430,released_listeners=1,
start_task=,name=copy,tick=13,start_time=1654353.017455,nthreads=1,
start_task=,name=dot,tick=13,start_time=1654353.017470,nthreads=1,
start_task=,name=spmv,tick=13,start_time=1654353.017484,nthreads=11,
start_task=,name=spmv,tick=13,start_time=1654353.017496,nthreads=9,
start_task=,name=spmv,tick=13,start_time=1654353.017517,nthreads=9,
message=tick stats,tick=13,estimated_current_power=158.337500,
end_task=,name=copy,elapsed_seconds=0.024901,predicted_seconds=0.000688,time_percent_error=97.235007,nthreads=7,end_time=1654353.037386,avg_power_W=135.153846,max_power_W=148.000000,avg_time_s=0.024901,released_listeners=1,
start_task=,name=spmv,tick=14,start_time=1654353.037557,nthreads=8,
message=tick stats,tick=14,estimated_current_power=153.275000,
end_task=,name=dot,elapsed_seconds=0.025012,predicted_seconds=0.001742,time_percent_error=93.033715,nthreads=1,end_time=1654353.041108,avg_power_W=135.153846,max_power_W=148.000000,avg_time_s=0.025012,released_listeners=1,
end_task=,name=copy,elapsed_seconds=0.027159,predicted_seconds=0.000688,time_percent_error=97.464906,nthreads=7,end_time=1654353.064217,avg_power_W=135.928571,max_power_W=148.000000,avg_time_s=0.027159,released_listeners=1,
end_task=,name=dot,elapsed_seconds=0.028498,predicted_seconds=0.001742,time_percent_error=93.885851,nthreads=1,end_time=1654353.064241,avg_power_W=135.928571,max_power_W=148.000000,avg_time_s=0.028498,released_listeners=1,
end_task=,name=copy,elapsed_seconds=0.043407,predicted_seconds=0.002740,time_percent_error=93.687595,nthreads=1,end_time=1654353.064257,avg_power_W=135.928571,max_power_W=148.000000,avg_time_s=0.043407,released_listeners=1,
end_task=,name=dot,elapsed_seconds=0.024752,predicted_seconds=0.001742,time_percent_error=92.960476,nthreads=1,end_time=1654353.064278,avg_power_W=135.928571,max_power_W=148.000000,avg_time_s=0.024752,released_listeners=1,
start_task=,name=sum_contribs,tick=15,start_time=1654353.064986,nthreads=1,
start_task=,name=spmv,tick=15,start_time=1654353.065003,nthreads=5,
start_task=,name=spmv,tick=15,start_time=1654353.065016,nthreads=5,
message=tick stats,tick=15,estimated_current_power=108.075000,
end_task=,name=sum_contribs,elapsed_seconds=0.006824,predicted_seconds=0.000052,time_percent_error=99.237997,nthreads=1,end_time=1654353.074520,avg_power_W=135.928571,max_power_W=148.000000,avg_time_s=0.006824,released_listeners=1,
end_task=,name=spmv,elapsed_seconds=0.096063,predicted_seconds=0.038352,time_percent_error=60.076073,nthreads=9,end_time=1654353.114550,avg_power_W=136.866667,max_power_W=150.000000,avg_time_s=0.096063,released_listeners=1,
start_task=,name=dot,tick=16,start_time=1654353.114696,nthreads=9,
message=tick stats,tick=16,estimated_current_power=111.370833,
end_task=,name=spmv,elapsed_seconds=0.089353,predicted_seconds=0.032900,time_percent_error=63.179669,nthreads=11,end_time=1654353.114743,avg_power_W=136.866667,max_power_W=150.000000,avg_time_s=0.089353,released_listeners=1,
start_task=,name=dot,tick=17,start_time=1654353.114889,nthreads=12,
message=tick stats,tick=17,estimated_current_power=115.641667,
end_task=,name=spmv,elapsed_seconds=0.099867,predicted_seconds=0.038352,time_percent_error=61.596680,nthreads=9,end_time=1654353.123344,avg_power_W=136.866667,max_power_W=150.000000,avg_time_s=0.099867,released_listeners=1,
start_task=,name=dot,tick=18,start_time=1654353.123417,nthreads=9,
message=tick stats,tick=18,estimated_current_power=119.037500,
end_task=,name=dot,elapsed_seconds=0.006616,predicted_seconds=0.000455,time_percent_error=93.126139,nthreads=9,end_time=1654353.123562,avg_power_W=136.866667,max_power_W=150.000000,avg_time_s=0.006616,released_listeners=1,
end_task=,name=dot,elapsed_seconds=0.013520,predicted_seconds=0.000342,time_percent_error=97.470430,nthreads=12,end_time=1654353.129357,avg_power_W=136.866667,max_power_W=150.000000,avg_time_s=0.013520,released_listeners=1,
end_task=,name=dot,elapsed_seconds=0.006828,predicted_seconds=0.000455,time_percent_error=93.339612,nthreads=9,end_time=1654353.133101,avg_power_W=136.866667,max_power_W=150.000000,avg_time_s=0.006828,released_listeners=1,
end_task=,name=spmv,elapsed_seconds=0.098949,predicted_seconds=0.041635,time_percent_error=57.923236,nthreads=8,end_time=1654353.137103,avg_power_W=136.866667,max_power_W=150.000000,avg_time_s=0.098949,released_listeners=1,
start_task=,name=dot,tick=19,start_time=1654353.137176,nthreads=37,
message=tick stats,tick=19,estimated_current_power=70.841667,
end_task=,name=dot,elapsed_seconds=0.007786,predicted_seconds=0.000129,time_percent_error=98.337267,nthreads=37,end_time=1654353.145569,avg_power_W=136.866667,max_power_W=150.000000,avg_time_s=0.007786,released_listeners=1,
end_task=,name=spmv,elapsed_seconds=0.180124,predicted_seconds=0.075844,time_percent_error=57.893553,nthreads=5,end_time=1654353.245718,avg_power_W=138.823529,max_power_W=158.000000,avg_time_s=0.180124,released_listeners=1,
start_task=,name=dot,tick=20,start_time=1654353.245779,nthreads=41,
message=tick stats,tick=20,estimated_current_power=58.012500,
end_task=,name=dot,elapsed_seconds=0.006676,predicted_seconds=0.000125,time_percent_error=98.127647,nthreads=41,end_time=1654353.263325,avg_power_W=139.222222,max_power_W=158.000000,avg_time_s=0.006676,released_listeners=1,
end_task=,name=spmv,elapsed_seconds=0.187236,predicted_seconds=0.075844,time_percent_error=59.493116,nthreads=5,end_time=1654353.263372,avg_power_W=139.222222,max_power_W=158.000000,avg_time_s=0.187236,released_listeners=1,
start_task=,name=dot,tick=21,start_time=1654353.263424,nthreads=48,
message=tick stats,tick=21,estimated_current_power=49.933333,
end_task=,name=dot,elapsed_seconds=0.007235,predicted_seconds=0.000125,time_percent_error=98.278633,nthreads=48,end_time=1654353.271290,avg_power_W=139.222222,max_power_W=158.000000,avg_time_s=0.007235,released_listeners=1,
start_task=,name=sum_contribs,tick=22,start_time=1654353.271312,nthreads=1,
message=tick stats,tick=22,estimated_current_power=0.100000,
end_task=,name=sum_contribs,elapsed_seconds=0.006281,predicted_seconds=0.000052,time_percent_error=99.172159,nthreads=1,end_time=1654353.279003,avg_power_W=139.222222,max_power_W=158.000000,avg_time_s=0.006281,released_listeners=1,
start_task=,name=comp_alpha,tick=23,start_time=1654353.279023,nthreads=33,
message=tick stats,tick=23,estimated_current_power=35.100000,
end_task=,name=comp_alpha,elapsed_seconds=0.004964,predicted_seconds=0.000044,time_percent_error=99.113667,nthreads=33,end_time=1654353.284742,avg_power_W=139.222222,max_power_W=158.000000,avg_time_s=0.004964,released_listeners=12,
start_task=,name=axpy,tick=24,start_time=1654353.284859,nthreads=1,
start_task=,name=axpy,tick=24,start_time=1654353.284872,nthreads=1,
start_task=,name=axpy,tick=24,start_time=1654353.284883,nthreads=1,
start_task=,name=axpy,tick=24,start_time=1654353.284893,nthreads=1,
start_task=,name=axpy,tick=24,start_time=1654353.284936,nthreads=1,
start_task=,name=axpy,tick=24,start_time=1654353.284966,nthreads=1,
start_task=,name=axpy,tick=24,start_time=1654353.284998,nthreads=1,
start_task=,name=axpy,tick=24,start_time=1654353.285019,nthreads=1,
start_task=,name=axpy,tick=24,start_time=1654353.285333,nthreads=1,
start_task=,name=axpy,tick=24,start_time=1654353.285356,nthreads=1,
start_task=,name=axpy,tick=24,start_time=1654353.285376,nthreads=1,
start_task=,name=axpy,tick=24,start_time=1654353.285418,nthreads=1,
message=tick stats,tick=24,estimated_current_power=114.450000,
end_task=,name=axpy,elapsed_seconds=0.040811,predicted_seconds=0.003176,time_percent_error=92.218482,nthreads=1,end_time=1654353.329848,avg_power_W=139.578947,max_power_W=158.000000,avg_time_s=0.040811,released_listeners=1,
start_task=,name=dot,tick=25,start_time=1654353.329892,nthreads=37,
message=tick stats,tick=25,estimated_current_power=145.179167,
end_task=,name=axpy,elapsed_seconds=0.036472,predicted_seconds=0.003176,time_percent_error=91.292564,nthreads=1,end_time=1654353.329919,avg_power_W=139.578947,max_power_W=158.000000,avg_time_s=0.036472,released_listeners=0,
end_task=,name=axpy,elapsed_seconds=0.036706,predicted_seconds=0.003176,time_percent_error=91.348249,nthreads=1,end_time=1654353.330102,avg_power_W=139.578947,max_power_W=158.000000,avg_time_s=0.036706,released_listeners=1,
end_task=,name=axpy,elapsed_seconds=0.043127,predicted_seconds=0.003176,time_percent_error=92.636328,nthreads=1,end_time=1654353.330136,avg_power_W=139.578947,max_power_W=158.000000,avg_time_s=0.043127,released_listeners=0,
end_task=,name=axpy,elapsed_seconds=0.044321,predicted_seconds=0.003176,time_percent_error=92.834585,nthreads=1,end_time=1654353.330164,avg_power_W=139.578947,max_power_W=158.000000,avg_time_s=0.044321,released_listeners=0,
start_task=,name=dot,tick=26,start_time=1654353.330195,nthreads=4,
message=tick stats,tick=26,estimated_current_power=122.295833,
end_task=,name=axpy,elapsed_seconds=0.050018,predicted_seconds=0.003176,time_percent_error=93.650767,nthreads=1,end_time=1654353.340990,avg_power_W=139.578947,max_power_W=158.000000,avg_time_s=0.050018,released_listeners=1,
end_task=,name=axpy,elapsed_seconds=0.046854,predicted_seconds=0.003176,time_percent_error=93.222025,nthreads=1,end_time=1654353.341022,avg_power_W=139.578947,max_power_W=158.000000,avg_time_s=0.046854,released_listeners=1,
start_task=,name=dot,tick=27,start_time=1654353.341084,nthreads=1,
start_task=,name=dot,tick=27,start_time=1654353.341101,nthreads=1,
message=tick stats,tick=27,estimated_current_power=129.337500,
end_task=,name=axpy,elapsed_seconds=0.051242,predicted_seconds=0.003176,time_percent_error=93.802424,nthreads=1,end_time=1654353.341119,avg_power_W=139.578947,max_power_W=158.000000,avg_time_s=0.051242,released_listeners=0,
end_task=,name=axpy,elapsed_seconds=0.049090,predicted_seconds=0.003176,time_percent_error=93.530802,nthreads=1,end_time=1654353.341137,avg_power_W=139.578947,max_power_W=158.000000,avg_time_s=0.049090,released_listeners=0,
end_task=,name=axpy,elapsed_seconds=0.051798,predicted_seconds=0.003176,time_percent_error=93.869010,nthreads=1,end_time=1654353.364406,avg_power_W=139.900000,max_power_W=158.000000,avg_time_s=0.051798,released_listeners=1,
end_task=,name=dot,elapsed_seconds=0.009608,predicted_seconds=0.000129,time_percent_error=98.652645,nthreads=37,end_time=1654353.364456,avg_power_W=139.900000,max_power_W=158.000000,avg_time_s=0.009608,released_listeners=1,
end_task=,name=dot,elapsed_seconds=0.014661,predicted_seconds=0.000674,time_percent_error=95.400845,nthreads=4,end_time=1654353.364496,avg_power_W=139.900000,max_power_W=158.000000,avg_time_s=0.014661,released_listeners=1,
end_task=,name=dot,elapsed_seconds=0.009949,predicted_seconds=0.001742,time_percent_error=82.486043,nthreads=1,end_time=1654353.364525,avg_power_W=139.900000,max_power_W=158.000000,avg_time_s=0.009949,released_listeners=1,
end_task=,name=dot,elapsed_seconds=0.014744,predicted_seconds=0.001742,time_percent_error=88.182192,nthreads=1,end_time=1654353.364554,avg_power_W=139.900000,max_power_W=158.000000,avg_time_s=0.014744,released_listeners=1,
start_task=,name=dot,tick=28,start_time=1654353.364591,nthreads=41,
message=tick stats,tick=28,estimated_current_power=61.800000,
end_task=,name=axpy,elapsed_seconds=0.048703,predicted_seconds=0.003176,time_percent_error=93.479317,nthreads=1,end_time=1654353.364626,avg_power_W=139.900000,max_power_W=158.000000,avg_time_s=0.048703,released_listeners=1,
end_task=,name=axpy,elapsed_seconds=0.050023,predicted_seconds=0.003176,time_percent_error=93.651436,nthreads=1,end_time=1654353.364659,avg_power_W=139.900000,max_power_W=158.000000,avg_time_s=0.050023,released_listeners=0,
start_task=,name=dot,tick=29,start_time=1654353.364698,nthreads=7,
message=tick stats,tick=29,estimated_current_power=63.116667,
end_task=,name=dot,elapsed_seconds=0.005458,predicted_seconds=0.000125,time_percent_error=97.709943,nthreads=41,end_time=1654353.372277,avg_power_W=139.900000,max_power_W=158.000000,avg_time_s=0.005458,released_listeners=1,
end_task=,name=dot,elapsed_seconds=0.009528,predicted_seconds=0.000506,time_percent_error=94.686011,nthreads=7,end_time=1654353.375944,avg_power_W=139.900000,max_power_W=158.000000,avg_time_s=0.009528,released_listeners=1,
start_task=,name=sum_contribs,tick=30,start_time=1654353.375972,nthreads=1,
message=tick stats,tick=30,estimated_current_power=0.100000,
end_task=,name=sum_contribs,elapsed_seconds=0.005418,predicted_seconds=0.000052,time_percent_error=99.040269,nthreads=1,end_time=1654353.382095,avg_power_W=139.900000,max_power_W=158.000000,avg_time_s=0.005418,released_listeners=2,
start_task=,name=comp_beta,tick=31,start_time=1654353.382131,nthreads=25,
start_task=,name=assign,tick=31,start_time=1654353.382152,nthreads=1,
message=tick stats,tick=31,estimated_current_power=20.200000,
end_task=,name=comp_beta,elapsed_seconds=0.004178,predicted_seconds=0.000046,time_percent_error=98.899050,nthreads=25,end_time=1654353.390160,avg_power_W=139.900000,max_power_W=158.000000,avg_time_s=0.004178,released_listeners=6,
start_task=,name=xapy,tick=32,start_time=1654353.390217,nthreads=7,
start_task=,name=xapy,tick=32,start_time=1654353.390239,nthreads=7,
start_task=,name=xapy,tick=32,start_time=1654353.390262,nthreads=7,
start_task=,name=xapy,tick=32,start_time=1654353.390323,nthreads=7,
start_task=,name=xapy,tick=32,start_time=1654353.390382,nthreads=7,
start_task=,name=xapy,tick=32,start_time=1654353.390756,nthreads=7,
message=tick stats,tick=32,estimated_current_power=129.950000,
end_task=,name=assign,elapsed_seconds=0.008220,predicted_seconds=0.000050,time_percent_error=99.391711,nthreads=1,end_time=1654353.413690,avg_power_W=140.380952,max_power_W=158.000000,avg_time_s=0.008220,released_listeners=0,
end_task=,name=xapy,elapsed_seconds=0.021378,predicted_seconds=0.004101,time_percent_error=80.815976,nthreads=7,end_time=1654353.413758,avg_power_W=140.380952,max_power_W=158.000000,avg_time_s=0.021378,released_listeners=0,
end_task=,name=xapy,elapsed_seconds=0.020865,predicted_seconds=0.004101,time_percent_error=80.343666,nthreads=7,end_time=1654353.413789,avg_power_W=140.380952,max_power_W=158.000000,avg_time_s=0.020865,released_listeners=0,
end_task=,name=xapy,elapsed_seconds=0.023331,predicted_seconds=0.004101,time_percent_error=82.421140,nthreads=7,end_time=1654353.414295,avg_power_W=140.380952,max_power_W=158.000000,avg_time_s=0.023331,released_listeners=0,
end_task=,name=xapy,elapsed_seconds=0.026267,predicted_seconds=0.004101,time_percent_error=84.386480,nthreads=7,end_time=1654353.417402,avg_power_W=140.380952,max_power_W=158.000000,avg_time_s=0.026267,released_listeners=0,
end_task=,name=xapy,elapsed_seconds=0.027054,predicted_seconds=0.004101,time_percent_error=84.840662,nthreads=7,end_time=1654353.417784,avg_power_W=140.380952,max_power_W=158.000000,avg_time_s=0.027054,released_listeners=0,
end_task=,name=xapy,elapsed_seconds=0.026722,predicted_seconds=0.004101,time_percent_error=84.652123,nthreads=7,end_time=1654353.417803,avg_power_W=140.380952,max_power_W=158.000000,avg_time_s=0.026722,released_listeners=0,
est_max_power=204.266667,
average_power_W=140.380952,
max_power_W=158.000000,
time_s=1.070040,
message=ALL DONE,
