message=cataloging configuration,max_threads=105,power_limit=inf,
start_task=,name=start,tick=1,start_time=1717042.948277,nthreads=1,
message=tick stats,tick=1,estimated_current_power=0.000000,
end_task=,name=start,elapsed_seconds=0.010538,predicted_seconds=0.000000,time_percent_error=100.000000,nthreads=1,end_time=1717042.960530,avg_power_W=-nan,max_power_W=0.000000,avg_time_s=0.010538,released_listeners=6,
start_task=,name=spmv,tick=2,start_time=1717042.966945,nthreads=19,
start_task=,name=spmv,tick=2,start_time=1717042.966963,nthreads=19,
start_task=,name=spmv,tick=2,start_time=1717042.966977,nthreads=19,
start_task=,name=spmv,tick=2,start_time=1717042.967017,nthreads=16,
start_task=,name=spmv,tick=2,start_time=1717042.967045,nthreads=16,
start_task=,name=spmv,tick=2,start_time=1717042.967389,nthreads=16,
message=tick stats,tick=2,estimated_current_power=153.600000,
end_task=,name=spmv,elapsed_seconds=0.545785,predicted_seconds=0.017812,time_percent_error=96.736533,nthreads=19,end_time=1717043.513517,avg_power_W=128.545455,max_power_W=148.000000,avg_time_s=0.545785,released_listeners=1,
start_task=,name=subtract,tick=3,start_time=1717043.513593,nthreads=18,
message=tick stats,tick=3,estimated_current_power=161.850000,
end_task=,name=spmv,elapsed_seconds=0.545849,predicted_seconds=0.017812,time_percent_error=96.736921,nthreads=19,end_time=1717043.513617,avg_power_W=128.545455,max_power_W=148.000000,avg_time_s=0.545849,released_listeners=1,
start_task=,name=subtract,tick=4,start_time=1717043.513700,nthreads=18,
message=tick stats,tick=4,estimated_current_power=170.100000,
end_task=,name=spmv,elapsed_seconds=0.545850,predicted_seconds=0.017812,time_percent_error=96.736925,nthreads=19,end_time=1717043.534643,avg_power_W=128.545455,max_power_W=148.000000,avg_time_s=0.545850,released_listeners=1,
start_task=,name=subtract,tick=5,start_time=1717043.534729,nthreads=18,
message=tick stats,tick=5,estimated_current_power=178.350000,
end_task=,name=spmv,elapsed_seconds=0.600331,predicted_seconds=0.021978,time_percent_error=96.339060,nthreads=16,end_time=1717043.567734,avg_power_W=130.333333,max_power_W=150.000000,avg_time_s=0.600331,released_listeners=1,
start_task=,name=subtract,tick=6,start_time=1717043.567827,nthreads=18,
message=tick stats,tick=6,estimated_current_power=186.850000,
end_task=,name=spmv,elapsed_seconds=0.631207,predicted_seconds=0.021978,time_percent_error=96.518138,nthreads=16,end_time=1717043.611938,avg_power_W=132.230769,max_power_W=155.000000,avg_time_s=0.631207,released_listeners=1,
start_task=,name=subtract,tick=7,start_time=1717043.612092,nthreads=17,
message=tick stats,tick=7,estimated_current_power=193.100000,
end_task=,name=subtract,elapsed_seconds=0.109020,predicted_seconds=0.000601,time_percent_error=99.449068,nthreads=18,end_time=1717043.630628,avg_power_W=132.230769,max_power_W=155.000000,avg_time_s=0.109020,released_listeners=2,
end_task=,name=subtract,elapsed_seconds=0.090195,predicted_seconds=0.000601,time_percent_error=99.334085,nthreads=18,end_time=1717043.630656,avg_power_W=132.230769,max_power_W=155.000000,avg_time_s=0.090195,released_listeners=2,
end_task=,name=subtract,elapsed_seconds=0.056030,predicted_seconds=0.000601,time_percent_error=98.928029,nthreads=18,end_time=1717043.630676,avg_power_W=132.230769,max_power_W=155.000000,avg_time_s=0.056030,released_listeners=2,
start_task=,name=copy,tick=8,start_time=1717043.632936,nthreads=22,
start_task=,name=dot,tick=8,start_time=1717043.632953,nthreads=1,
start_task=,name=copy,tick=8,start_time=1717043.632968,nthreads=11,
start_task=,name=dot,tick=8,start_time=1717043.632979,nthreads=1,
start_task=,name=copy,tick=8,start_time=1717043.633259,nthreads=11,
start_task=,name=dot,tick=8,start_time=1717043.633328,nthreads=1,
message=tick stats,tick=8,estimated_current_power=213.525000,
end_task=,name=spmv,elapsed_seconds=0.664633,predicted_seconds=0.021978,time_percent_error=96.693251,nthreads=16,end_time=1717043.633675,avg_power_W=132.230769,max_power_W=155.000000,avg_time_s=0.664633,released_listeners=1,
end_task=,name=subtract,elapsed_seconds=0.109566,predicted_seconds=0.000601,time_percent_error=99.451815,nthreads=18,end_time=1717043.633699,avg_power_W=132.230769,max_power_W=155.000000,avg_time_s=0.109566,released_listeners=2,
start_task=,name=copy,tick=9,start_time=1717043.634735,nthreads=8,
start_task=,name=dot,tick=9,start_time=1717043.634768,nthreads=1,
start_task=,name=subtract,tick=9,start_time=1717043.634804,nthreads=32,
message=tick stats,tick=9,estimated_current_power=228.083333,
end_task=,name=subtract,elapsed_seconds=0.026279,predicted_seconds=0.000620,time_percent_error=97.642128,nthreads=17,end_time=1717043.727065,avg_power_W=134.600000,max_power_W=155.000000,avg_time_s=0.026279,released_listeners=2,
start_task=,name=copy,tick=10,start_time=1717043.727331,nthreads=11,
start_task=,name=dot,tick=10,start_time=1717043.727351,nthreads=1,
message=tick stats,tick=10,estimated_current_power=237.016667,
end_task=,name=copy,elapsed_seconds=0.101717,predicted_seconds=0.000309,time_percent_error=99.696217,nthreads=22,end_time=1717043.744351,avg_power_W=134.600000,max_power_W=155.000000,avg_time_s=0.101717,released_listeners=1,
end_task=,name=dot,elapsed_seconds=0.103534,predicted_seconds=0.001742,time_percent_error=98.317051,nthreads=1,end_time=1717043.744396,avg_power_W=134.600000,max_power_W=155.000000,avg_time_s=0.103534,released_listeners=1,
end_task=,name=copy,elapsed_seconds=0.103812,predicted_seconds=0.000535,time_percent_error=99.484406,nthreads=11,end_time=1717043.744430,avg_power_W=134.600000,max_power_W=155.000000,avg_time_s=0.103812,released_listeners=1,
end_task=,name=copy,elapsed_seconds=0.102037,predicted_seconds=0.000620,time_percent_error=99.392864,nthreads=8,end_time=1717043.744461,avg_power_W=134.600000,max_power_W=155.000000,avg_time_s=0.102037,released_listeners=1,
start_task=,name=spmv,tick=11,start_time=1717043.746150,nthreads=16,
start_task=,name=spmv,tick=11,start_time=1717043.746193,nthreads=16,
start_task=,name=spmv,tick=11,start_time=1717043.746233,nthreads=15,
message=tick stats,tick=11,estimated_current_power=217.770833,
end_task=,name=dot,elapsed_seconds=0.104392,predicted_seconds=0.001742,time_percent_error=98.330892,nthreads=1,end_time=1717043.746276,avg_power_W=134.600000,max_power_W=155.000000,avg_time_s=0.104392,released_listeners=1,
end_task=,name=dot,elapsed_seconds=0.103454,predicted_seconds=0.001742,time_percent_error=98.315761,nthreads=1,end_time=1717043.746311,avg_power_W=134.600000,max_power_W=155.000000,avg_time_s=0.103454,released_listeners=1,
end_task=,name=dot,elapsed_seconds=0.108638,predicted_seconds=0.001742,time_percent_error=98.396123,nthreads=1,end_time=1717043.781573,avg_power_W=135.437500,max_power_W=155.000000,avg_time_s=0.108638,released_listeners=1,
end_task=,name=copy,elapsed_seconds=0.029790,predicted_seconds=0.000535,time_percent_error=98.203283,nthreads=11,end_time=1717043.781632,avg_power_W=135.437500,max_power_W=155.000000,avg_time_s=0.029790,released_listeners=1,
start_task=,name=spmv,tick=12,start_time=1717043.781780,nthreads=13,
message=tick stats,tick=12,estimated_current_power=174.158333,
end_task=,name=copy,elapsed_seconds=0.108534,predicted_seconds=0.000535,time_percent_error=99.506835,nthreads=11,end_time=1717043.781806,avg_power_W=135.437500,max_power_W=155.000000,avg_time_s=0.108534,released_listeners=1,
start_task=,name=spmv,tick=13,start_time=1717043.781951,nthreads=12,
message=tick stats,tick=13,estimated_current_power=168.720833,
end_task=,name=dot,elapsed_seconds=0.058563,predicted_seconds=0.001742,time_percent_error=97.024720,nthreads=1,end_time=1717043.812441,avg_power_W=136.411765,max_power_W=155.000000,avg_time_s=0.058563,released_listeners=1,
end_task=,name=subtract,elapsed_seconds=0.123280,predicted_seconds=0.000356,time_percent_error=99.711428,nthreads=32,end_time=1717043.812467,avg_power_W=136.411765,max_power_W=155.000000,avg_time_s=0.123280,released_listeners=2,
start_task=,name=copy,tick=14,start_time=1717043.812680,nthreads=29,
start_task=,name=dot,tick=14,start_time=1717043.812701,nthreads=1,
message=tick stats,tick=14,estimated_current_power=166.220833,
end_task=,name=spmv,elapsed_seconds=0.083961,predicted_seconds=0.021978,time_percent_error=73.823886,nthreads=16,end_time=1717043.866204,avg_power_W=137.722222,max_power_W=160.000000,avg_time_s=0.083961,released_listeners=1,
end_task=,name=spmv,elapsed_seconds=0.084955,predicted_seconds=0.021978,time_percent_error=74.130067,nthreads=16,end_time=1717043.866237,avg_power_W=137.722222,max_power_W=160.000000,avg_time_s=0.084955,released_listeners=1,
end_task=,name=spmv,elapsed_seconds=0.108718,predicted_seconds=0.022867,time_percent_error=78.966135,nthreads=15,end_time=1717043.866256,avg_power_W=137.722222,max_power_W=160.000000,avg_time_s=0.108718,released_listeners=1,
end_task=,name=copy,elapsed_seconds=0.035136,predicted_seconds=0.000179,time_percent_error=99.491980,nthreads=29,end_time=1717043.866273,avg_power_W=137.722222,max_power_W=160.000000,avg_time_s=0.035136,released_listeners=1,
start_task=,name=dot,tick=15,start_time=1717043.867022,nthreads=1,
start_task=,name=dot,tick=15,start_time=1717043.867039,nthreads=1,
start_task=,name=spmv,tick=15,start_time=1717043.867062,nthreads=70,
start_task=,name=dot,tick=15,start_time=1717043.867089,nthreads=1,
message=tick stats,tick=15,estimated_current_power=166.595833,
end_task=,name=spmv,elapsed_seconds=0.086713,predicted_seconds=0.026866,time_percent_error=69.017704,nthreads=13,end_time=1717043.896575,avg_power_W=137.722222,max_power_W=160.000000,avg_time_s=0.086713,released_listeners=1,
start_task=,name=dot,tick=16,start_time=1717043.896668,nthreads=19,
message=tick stats,tick=16,estimated_current_power=170.158333,
end_task=,name=spmv,elapsed_seconds=0.107818,predicted_seconds=0.027472,time_percent_error=74.519905,nthreads=12,end_time=1717043.911379,avg_power_W=138.631579,max_power_W=160.000000,avg_time_s=0.107818,released_listeners=1,
end_task=,name=dot,elapsed_seconds=0.063448,predicted_seconds=0.001742,time_percent_error=97.253803,nthreads=1,end_time=1717043.911458,avg_power_W=138.631579,max_power_W=160.000000,avg_time_s=0.063448,released_listeners=1,
message=tick stats,tick=17,estimated_current_power=134.937500,
end_task=,name=spmv,elapsed_seconds=0.045670,predicted_seconds=0.005979,time_percent_error=86.907177,nthreads=70,end_time=1717043.914068,avg_power_W=138.631579,max_power_W=160.000000,avg_time_s=0.045670,released_listeners=1,
start_task=,name=sum_contribs,tick=18,start_time=1717043.914402,nthreads=16,
start_task=,name=dot,tick=18,start_time=1717043.914445,nthreads=34,
start_task=,name=dot,tick=18,start_time=1717043.914481,nthreads=33,
message=tick stats,tick=18,estimated_current_power=138.266667,
end_task=,name=dot,elapsed_seconds=0.036557,predicted_seconds=0.001742,time_percent_error=95.233664,nthreads=1,end_time=1717043.914534,avg_power_W=138.631579,max_power_W=160.000000,avg_time_s=0.036557,released_listeners=1,
end_task=,name=dot,elapsed_seconds=0.035832,predicted_seconds=0.001742,time_percent_error=95.137253,nthreads=1,end_time=1717043.914569,avg_power_W=138.631579,max_power_W=160.000000,avg_time_s=0.035832,released_listeners=1,
end_task=,name=dot,elapsed_seconds=0.037906,predicted_seconds=0.001742,time_percent_error=95.403299,nthreads=1,end_time=1717043.914603,avg_power_W=138.631579,max_power_W=160.000000,avg_time_s=0.037906,released_listeners=1,
end_task=,name=dot,elapsed_seconds=0.020745,predicted_seconds=0.000231,time_percent_error=98.887894,nthreads=19,end_time=1717043.931857,avg_power_W=138.631579,max_power_W=160.000000,avg_time_s=0.020745,released_listeners=1,
end_task=,name=sum_contribs,elapsed_seconds=0.020604,predicted_seconds=0.000000,time_percent_error=100.000000,nthreads=16,end_time=1717043.940455,avg_power_W=138.631579,max_power_W=160.000000,avg_time_s=0.020604,released_listeners=1,
end_task=,name=dot,elapsed_seconds=0.020882,predicted_seconds=0.000133,time_percent_error=99.360697,nthreads=34,end_time=1717043.940739,avg_power_W=138.631579,max_power_W=160.000000,avg_time_s=0.020882,released_listeners=1,
end_task=,name=dot,elapsed_seconds=0.030397,predicted_seconds=0.000135,time_percent_error=99.556419,nthreads=33,end_time=1717043.945976,avg_power_W=138.631579,max_power_W=160.000000,avg_time_s=0.030397,released_listeners=1,
start_task=,name=sum_contribs,tick=19,start_time=1717043.945999,nthreads=1,
message=tick stats,tick=19,estimated_current_power=-0.000000,
end_task=,name=sum_contribs,elapsed_seconds=0.023841,predicted_seconds=0.000000,time_percent_error=100.000000,nthreads=1,end_time=1717043.970705,avg_power_W=139.350000,max_power_W=160.000000,avg_time_s=0.023841,released_listeners=1,
start_task=,name=comp_alpha,tick=20,start_time=1717043.970739,nthreads=1,
message=tick stats,tick=20,estimated_current_power=-0.000000,
end_task=,name=comp_alpha,elapsed_seconds=0.020410,predicted_seconds=0.000000,time_percent_error=100.000000,nthreads=1,end_time=1717043.992080,avg_power_W=139.350000,max_power_W=160.000000,avg_time_s=0.020410,released_listeners=12,
start_task=,name=axpy,tick=21,start_time=1717043.992320,nthreads=1,
start_task=,name=axpy,tick=21,start_time=1717043.992366,nthreads=79,
start_task=,name=axpy,tick=21,start_time=1717043.992388,nthreads=1,
start_task=,name=axpy,tick=21,start_time=1717043.992408,nthreads=1,
start_task=,name=axpy,tick=21,start_time=1717043.992486,nthreads=1,
start_task=,name=axpy,tick=21,start_time=1717043.992868,nthreads=1,
start_task=,name=axpy,tick=21,start_time=1717043.992913,nthreads=1,
start_task=,name=axpy,tick=21,start_time=1717043.992953,nthreads=1,
start_task=,name=axpy,tick=21,start_time=1717043.992996,nthreads=1,
start_task=,name=axpy,tick=21,start_time=1717043.993401,nthreads=1,
start_task=,name=axpy,tick=21,start_time=1717043.993443,nthreads=1,
start_task=,name=axpy,tick=21,start_time=1717043.993484,nthreads=1,
message=tick stats,tick=21,estimated_current_power=163.512500,
end_task=,name=axpy,elapsed_seconds=0.132640,predicted_seconds=0.003176,time_percent_error=97.605741,nthreads=1,end_time=1717044.133709,avg_power_W=140.086957,max_power_W=160.000000,avg_time_s=0.132640,released_listeners=1,
end_task=,name=axpy,elapsed_seconds=0.129711,predicted_seconds=0.003176,time_percent_error=97.551666,nthreads=1,end_time=1717044.133794,avg_power_W=140.086957,max_power_W=160.000000,avg_time_s=0.129711,released_listeners=0,
start_task=,name=dot,tick=22,start_time=1717044.133828,nthreads=13,
message=tick stats,tick=22,estimated_current_power=169.912500,
end_task=,name=axpy,elapsed_seconds=0.130477,predicted_seconds=0.003176,time_percent_error=97.566050,nthreads=1,end_time=1717044.133869,avg_power_W=140.086957,max_power_W=160.000000,avg_time_s=0.130477,released_listeners=0,
end_task=,name=axpy,elapsed_seconds=0.131186,predicted_seconds=0.003176,time_percent_error=97.579200,nthreads=1,end_time=1717044.133931,avg_power_W=140.086957,max_power_W=160.000000,avg_time_s=0.131186,released_listeners=1,
start_task=,name=dot,tick=23,start_time=1717044.133952,nthreads=4,
message=tick stats,tick=23,estimated_current_power=166.104167,
end_task=,name=axpy,elapsed_seconds=0.134492,predicted_seconds=0.003176,time_percent_error=97.638701,nthreads=1,end_time=1717044.145164,avg_power_W=140.086957,max_power_W=160.000000,avg_time_s=0.134492,released_listeners=0,
end_task=,name=axpy,elapsed_seconds=0.134744,predicted_seconds=0.003176,time_percent_error=97.643125,nthreads=1,end_time=1717044.145186,avg_power_W=140.086957,max_power_W=160.000000,avg_time_s=0.134744,released_listeners=0,
end_task=,name=axpy,elapsed_seconds=0.136613,predicted_seconds=0.000877,time_percent_error=99.358407,nthreads=79,end_time=1717044.145293,avg_power_W=140.086957,max_power_W=160.000000,avg_time_s=0.136613,released_listeners=1,
end_task=,name=axpy,elapsed_seconds=0.133522,predicted_seconds=0.003176,time_percent_error=97.621555,nthreads=1,end_time=1717044.145603,avg_power_W=140.086957,max_power_W=160.000000,avg_time_s=0.133522,released_listeners=1,
end_task=,name=axpy,elapsed_seconds=0.136406,predicted_seconds=0.003176,time_percent_error=97.671846,nthreads=1,end_time=1717044.145622,avg_power_W=140.086957,max_power_W=160.000000,avg_time_s=0.136406,released_listeners=0,
start_task=,name=dot,tick=24,start_time=1717044.145642,nthreads=41,
start_task=,name=dot,tick=24,start_time=1717044.145660,nthreads=41,
message=tick stats,tick=24,estimated_current_power=154.804167,
end_task=,name=axpy,elapsed_seconds=0.135419,predicted_seconds=0.003176,time_percent_error=97.654869,nthreads=1,end_time=1717044.145685,avg_power_W=140.086957,max_power_W=160.000000,avg_time_s=0.135419,released_listeners=0,
end_task=,name=axpy,elapsed_seconds=0.137070,predicted_seconds=0.003176,time_percent_error=97.683119,nthreads=1,end_time=1717044.146278,avg_power_W=140.086957,max_power_W=160.000000,avg_time_s=0.137070,released_listeners=1,
start_task=,name=dot,tick=25,start_time=1717044.146308,nthreads=4,
message=tick stats,tick=25,estimated_current_power=150.995833,
end_task=,name=axpy,elapsed_seconds=0.151002,predicted_seconds=0.003176,time_percent_error=97.896878,nthreads=1,end_time=1717044.162397,avg_power_W=140.250000,max_power_W=160.000000,avg_time_s=0.151002,released_listeners=1,
end_task=,name=dot,elapsed_seconds=0.013090,predicted_seconds=0.000311,time_percent_error=97.621589,nthreads=13,end_time=1717044.162456,avg_power_W=140.250000,max_power_W=160.000000,avg_time_s=0.013090,released_listeners=1,
end_task=,name=dot,elapsed_seconds=0.022832,predicted_seconds=0.000674,time_percent_error=97.046695,nthreads=4,end_time=1717044.162499,avg_power_W=140.250000,max_power_W=160.000000,avg_time_s=0.022832,released_listeners=1,
end_task=,name=dot,elapsed_seconds=0.011102,predicted_seconds=0.000125,time_percent_error=98.874050,nthreads=41,end_time=1717044.162522,avg_power_W=140.250000,max_power_W=160.000000,avg_time_s=0.011102,released_listeners=1,
start_task=,name=dot,tick=26,start_time=1717044.162554,nthreads=55,
message=tick stats,tick=26,estimated_current_power=113.925000,
end_task=,name=dot,elapsed_seconds=0.018544,predicted_seconds=0.000674,time_percent_error=96.363793,nthreads=4,end_time=1717044.184682,avg_power_W=140.250000,max_power_W=160.000000,avg_time_s=0.018544,released_listeners=1,
end_task=,name=dot,elapsed_seconds=0.018023,predicted_seconds=0.000125,time_percent_error=99.306443,nthreads=41,end_time=1717044.184708,avg_power_W=140.250000,max_power_W=160.000000,avg_time_s=0.018023,released_listeners=1,
end_task=,name=dot,elapsed_seconds=0.029870,predicted_seconds=0.000124,time_percent_error=99.585424,nthreads=55,end_time=1717044.193037,avg_power_W=140.250000,max_power_W=160.000000,avg_time_s=0.029870,released_listeners=1,
start_task=,name=sum_contribs,tick=27,start_time=1717044.193057,nthreads=1,
message=tick stats,tick=27,estimated_current_power=-0.000000,
end_task=,name=sum_contribs,elapsed_seconds=0.021047,predicted_seconds=0.000000,time_percent_error=100.000000,nthreads=1,end_time=1717044.215291,avg_power_W=140.400000,max_power_W=160.000000,avg_time_s=0.021047,released_listeners=2,
start_task=,name=assign,tick=28,start_time=1717044.215309,nthreads=1,
start_task=,name=comp_beta,tick=28,start_time=1717044.215322,nthreads=1,
message=tick stats,tick=28,estimated_current_power=-0.000000,
end_task=,name=comp_beta,elapsed_seconds=0.023962,predicted_seconds=0.000000,time_percent_error=100.000000,nthreads=1,end_time=1717044.241101,avg_power_W=140.400000,max_power_W=160.000000,avg_time_s=0.023962,released_listeners=6,
start_task=,name=xapy,tick=29,start_time=1717044.241164,nthreads=19,
start_task=,name=xapy,tick=29,start_time=1717044.241194,nthreads=19,
start_task=,name=xapy,tick=29,start_time=1717044.241227,nthreads=16,
start_task=,name=xapy,tick=29,start_time=1717044.241298,nthreads=16,
start_task=,name=xapy,tick=29,start_time=1717044.241362,nthreads=16,
start_task=,name=xapy,tick=29,start_time=1717044.241397,nthreads=16,
message=tick stats,tick=29,estimated_current_power=141.100000,
end_task=,name=xapy,elapsed_seconds=0.060509,predicted_seconds=0.004073,time_percent_error=93.268326,nthreads=16,end_time=1717044.312362,avg_power_W=140.666667,max_power_W=160.000000,avg_time_s=0.060509,released_listeners=0,
end_task=,name=xapy,elapsed_seconds=0.060493,predicted_seconds=0.004073,time_percent_error=93.266544,nthreads=16,end_time=1717044.312406,avg_power_W=140.666667,max_power_W=160.000000,avg_time_s=0.060493,released_listeners=0,
end_task=,name=assign,elapsed_seconds=0.031263,predicted_seconds=0.000000,time_percent_error=100.000000,nthreads=1,end_time=1717044.312438,avg_power_W=140.666667,max_power_W=160.000000,avg_time_s=0.031263,released_listeners=0,
end_task=,name=xapy,elapsed_seconds=0.060702,predicted_seconds=0.003918,time_percent_error=93.544866,nthreads=19,end_time=1717044.312473,avg_power_W=140.666667,max_power_W=160.000000,avg_time_s=0.060702,released_listeners=0,
end_task=,name=xapy,elapsed_seconds=0.061584,predicted_seconds=0.003918,time_percent_error=93.637375,nthreads=19,end_time=1717044.312504,avg_power_W=140.666667,max_power_W=160.000000,avg_time_s=0.061584,released_listeners=0,
end_task=,name=xapy,elapsed_seconds=0.061389,predicted_seconds=0.004073,time_percent_error=93.364857,nthreads=16,end_time=1717044.312535,avg_power_W=140.666667,max_power_W=160.000000,avg_time_s=0.061389,released_listeners=0,
end_task=,name=xapy,elapsed_seconds=0.076627,predicted_seconds=0.004073,time_percent_error=94.684296,nthreads=16,end_time=1717044.318432,avg_power_W=140.666667,max_power_W=160.000000,avg_time_s=0.076627,released_listeners=0,
est_max_power=237.016667,
average_power_W=140.666667,
max_power_W=160.000000,
time_s=1.370179,
message=ALL DONE,
