message=cataloging configuration,max_threads=44,power_limit=330.000000,
start_task=,name=start,tick=1,start_time=360116.079645,nthreads=44,
message=tick stats,tick=1,estimated_current_power=inf,
end_task=,name=start,elapsed_seconds=0.009959,predicted_seconds=inf,time_percent_error=inf,nthreads=44,end_time=360116.091295,avg_power_W=-nan,max_power_W=0.000000,avg_time_s=0.009959,released_listeners=8,
start_task=,name=spmv,tick=2,start_time=360116.091316,nthreads=6,
start_task=,name=spmv,tick=2,start_time=360116.091331,nthreads=6,
start_task=,name=spmv,tick=2,start_time=360116.091342,nthreads=6,
start_task=,name=spmv,tick=2,start_time=360116.091387,nthreads=6,
start_task=,name=spmv,tick=2,start_time=360116.091410,nthreads=5,
start_task=,name=spmv,tick=2,start_time=360116.091506,nthreads=5,
start_task=,name=spmv,tick=2,start_time=360116.091676,nthreads=5,
start_task=,name=spmv,tick=2,start_time=360116.092049,nthreads=5,
message=tick stats,tick=2,estimated_current_power=-nan,
end_task=,name=spmv,elapsed_seconds=0.382313,predicted_seconds=inf,time_percent_error=inf,nthreads=6,end_time=360116.474317,avg_power_W=121.857143,max_power_W=133.000000,avg_time_s=0.382313,released_listeners=1,
start_task=,name=subtract,tick=3,start_time=360116.474350,nthreads=6,
message=tick stats,tick=3,estimated_current_power=-nan,
end_task=,name=spmv,elapsed_seconds=0.395223,predicted_seconds=inf,time_percent_error=inf,nthreads=6,end_time=360116.495357,avg_power_W=124.750000,max_power_W=145.000000,avg_time_s=0.395223,released_listeners=1,
start_task=,name=subtract,tick=4,start_time=360116.495382,nthreads=6,
message=tick stats,tick=4,estimated_current_power=-nan,
end_task=,name=spmv,elapsed_seconds=0.418637,predicted_seconds=inf,time_percent_error=inf,nthreads=6,end_time=360116.510839,avg_power_W=124.750000,max_power_W=145.000000,avg_time_s=0.418637,released_listeners=1,
start_task=,name=subtract,tick=5,start_time=360116.510864,nthreads=6,
message=tick stats,tick=5,estimated_current_power=-nan,
end_task=,name=spmv,elapsed_seconds=0.426463,predicted_seconds=inf,time_percent_error=inf,nthreads=5,end_time=360116.519168,avg_power_W=124.750000,max_power_W=145.000000,avg_time_s=0.426463,released_listeners=1,
start_task=,name=subtract,tick=6,start_time=360116.519192,nthreads=5,
message=tick stats,tick=6,estimated_current_power=-nan,
end_task=,name=spmv,elapsed_seconds=0.430954,predicted_seconds=inf,time_percent_error=inf,nthreads=6,end_time=360116.522965,avg_power_W=124.750000,max_power_W=145.000000,avg_time_s=0.430954,released_listeners=1,
start_task=,name=subtract,tick=7,start_time=360116.522989,nthreads=6,
message=tick stats,tick=7,estimated_current_power=-nan,
end_task=,name=spmv,elapsed_seconds=0.435723,predicted_seconds=inf,time_percent_error=inf,nthreads=5,end_time=360116.527668,avg_power_W=124.750000,max_power_W=145.000000,avg_time_s=0.435723,released_listeners=1,
start_task=,name=subtract,tick=8,start_time=360116.527692,nthreads=5,
message=tick stats,tick=8,estimated_current_power=-nan,
end_task=,name=spmv,elapsed_seconds=0.466282,predicted_seconds=inf,time_percent_error=inf,nthreads=5,end_time=360116.558947,avg_power_W=127.111111,max_power_W=146.000000,avg_time_s=0.466282,released_listeners=1,
start_task=,name=subtract,tick=9,start_time=360116.558973,nthreads=5,
message=tick stats,tick=9,estimated_current_power=-nan,
end_task=,name=spmv,elapsed_seconds=0.469182,predicted_seconds=inf,time_percent_error=inf,nthreads=5,end_time=360116.561833,avg_power_W=127.111111,max_power_W=146.000000,avg_time_s=0.469182,released_listeners=1,
start_task=,name=subtract,tick=10,start_time=360116.561854,nthreads=5,
message=tick stats,tick=10,estimated_current_power=-nan,
end_task=,name=subtract,elapsed_seconds=0.354708,predicted_seconds=inf,time_percent_error=inf,nthreads=6,end_time=360116.878355,avg_power_W=133.400000,max_power_W=148.000000,avg_time_s=0.354708,released_listeners=2,
start_task=,name=copy,tick=11,start_time=360116.878381,nthreads=3,
start_task=,name=dot,tick=11,start_time=360116.878399,nthreads=3,
message=tick stats,tick=11,estimated_current_power=-nan,
end_task=,name=subtract,elapsed_seconds=0.382472,predicted_seconds=inf,time_percent_error=inf,nthreads=6,end_time=360116.878425,avg_power_W=133.400000,max_power_W=148.000000,avg_time_s=0.382472,released_listeners=2,
start_task=,name=copy,tick=12,start_time=360116.878443,nthreads=3,
start_task=,name=dot,tick=12,start_time=360116.878459,nthreads=3,
message=tick stats,tick=12,estimated_current_power=-nan,
end_task=,name=subtract,elapsed_seconds=0.317744,predicted_seconds=inf,time_percent_error=inf,nthreads=5,end_time=360116.896750,avg_power_W=133.187500,max_power_W=148.000000,avg_time_s=0.317744,released_listeners=2,
start_task=,name=copy,tick=13,start_time=360116.896800,nthreads=3,
start_task=,name=dot,tick=13,start_time=360116.896833,nthreads=2,
message=tick stats,tick=13,estimated_current_power=-nan,
end_task=,name=subtract,elapsed_seconds=0.404150,predicted_seconds=inf,time_percent_error=inf,nthreads=6,end_time=360116.896863,avg_power_W=133.187500,max_power_W=148.000000,avg_time_s=0.404150,released_listeners=2,
end_task=,name=subtract,elapsed_seconds=0.367759,predicted_seconds=inf,time_percent_error=inf,nthreads=6,end_time=360116.896879,avg_power_W=133.187500,max_power_W=148.000000,avg_time_s=0.367759,released_listeners=2,
end_task=,name=subtract,elapsed_seconds=0.349500,predicted_seconds=inf,time_percent_error=inf,nthreads=5,end_time=360116.896900,avg_power_W=133.187500,max_power_W=148.000000,avg_time_s=0.349500,released_listeners=2,
end_task=,name=subtract,elapsed_seconds=0.350936,predicted_seconds=inf,time_percent_error=inf,nthreads=5,end_time=360116.896922,avg_power_W=133.187500,max_power_W=148.000000,avg_time_s=0.350936,released_listeners=2,
end_task=,name=subtract,elapsed_seconds=0.310795,predicted_seconds=inf,time_percent_error=inf,nthreads=5,end_time=360116.896937,avg_power_W=133.187500,max_power_W=148.000000,avg_time_s=0.310795,released_listeners=2,
start_task=,name=copy,tick=14,start_time=360116.896948,nthreads=3,
start_task=,name=dot,tick=14,start_time=360116.896961,nthreads=3,
start_task=,name=copy,tick=14,start_time=360116.896980,nthreads=3,
start_task=,name=dot,tick=14,start_time=360116.897001,nthreads=3,
start_task=,name=copy,tick=14,start_time=360116.897046,nthreads=3,
start_task=,name=dot,tick=14,start_time=360116.897109,nthreads=3,
start_task=,name=copy,tick=14,start_time=360116.897185,nthreads=3,
start_task=,name=dot,tick=14,start_time=360116.897228,nthreads=2,
start_task=,name=copy,tick=14,start_time=360116.897482,nthreads=2,
start_task=,name=dot,tick=14,start_time=360116.897519,nthreads=2,
message=tick stats,tick=14,estimated_current_power=-nan,
end_task=,name=dot,elapsed_seconds=0.042401,predicted_seconds=inf,time_percent_error=inf,nthreads=3,end_time=360116.946033,avg_power_W=133.470588,max_power_W=148.000000,avg_time_s=0.042401,released_listeners=1,
end_task=,name=copy,elapsed_seconds=0.025613,predicted_seconds=inf,time_percent_error=inf,nthreads=3,end_time=360116.946071,avg_power_W=133.470588,max_power_W=148.000000,avg_time_s=0.025613,released_listeners=1,
end_task=,name=dot,elapsed_seconds=0.022960,predicted_seconds=inf,time_percent_error=inf,nthreads=3,end_time=360116.946098,avg_power_W=133.470588,max_power_W=148.000000,avg_time_s=0.022960,released_listeners=1,
end_task=,name=copy,elapsed_seconds=0.027025,predicted_seconds=inf,time_percent_error=inf,nthreads=3,end_time=360116.946124,avg_power_W=133.470588,max_power_W=148.000000,avg_time_s=0.027025,released_listeners=1,
end_task=,name=dot,elapsed_seconds=0.018330,predicted_seconds=inf,time_percent_error=inf,nthreads=3,end_time=360116.946180,avg_power_W=133.470588,max_power_W=148.000000,avg_time_s=0.018330,released_listeners=1,
end_task=,name=dot,elapsed_seconds=0.040223,predicted_seconds=inf,time_percent_error=inf,nthreads=2,end_time=360116.946204,avg_power_W=133.470588,max_power_W=148.000000,avg_time_s=0.040223,released_listeners=1,
start_task=,name=spmv,tick=15,start_time=360116.946224,nthreads=9,
start_task=,name=spmv,tick=15,start_time=360116.946244,nthreads=8,
message=tick stats,tick=15,estimated_current_power=-nan,
end_task=,name=copy,elapsed_seconds=0.049231,predicted_seconds=inf,time_percent_error=inf,nthreads=3,end_time=360116.952109,avg_power_W=133.470588,max_power_W=148.000000,avg_time_s=0.049231,released_listeners=1,
start_task=,name=spmv,tick=16,start_time=360116.952145,nthreads=3,
message=tick stats,tick=16,estimated_current_power=-nan,
end_task=,name=copy,elapsed_seconds=0.049162,predicted_seconds=inf,time_percent_error=inf,nthreads=3,end_time=360116.957015,avg_power_W=133.470588,max_power_W=148.000000,avg_time_s=0.049162,released_listeners=1,
end_task=,name=dot,elapsed_seconds=0.049141,predicted_seconds=inf,time_percent_error=inf,nthreads=3,end_time=360116.957043,avg_power_W=133.470588,max_power_W=148.000000,avg_time_s=0.049141,released_listeners=1,
start_task=,name=spmv,tick=17,start_time=360116.957065,nthreads=6,
message=tick stats,tick=17,estimated_current_power=-nan,
end_task=,name=copy,elapsed_seconds=0.049188,predicted_seconds=inf,time_percent_error=inf,nthreads=3,end_time=360116.957087,avg_power_W=133.470588,max_power_W=148.000000,avg_time_s=0.049188,released_listeners=1,
start_task=,name=spmv,tick=18,start_time=360116.957103,nthreads=3,
message=tick stats,tick=18,estimated_current_power=-nan,
end_task=,name=copy,elapsed_seconds=0.049973,predicted_seconds=inf,time_percent_error=inf,nthreads=3,end_time=360116.969933,avg_power_W=133.470588,max_power_W=148.000000,avg_time_s=0.049973,released_listeners=1,
end_task=,name=dot,elapsed_seconds=0.054029,predicted_seconds=inf,time_percent_error=inf,nthreads=2,end_time=360116.970186,avg_power_W=133.470588,max_power_W=148.000000,avg_time_s=0.054029,released_listeners=1,
start_task=,name=spmv,tick=19,start_time=360116.970218,nthreads=5,
message=tick stats,tick=19,estimated_current_power=-nan,
end_task=,name=dot,elapsed_seconds=0.053850,predicted_seconds=inf,time_percent_error=inf,nthreads=3,end_time=360116.970241,avg_power_W=133.470588,max_power_W=148.000000,avg_time_s=0.053850,released_listeners=1,
end_task=,name=dot,elapsed_seconds=0.049905,predicted_seconds=inf,time_percent_error=inf,nthreads=2,end_time=360116.970266,avg_power_W=133.470588,max_power_W=148.000000,avg_time_s=0.049905,released_listeners=1,
start_task=,name=sum_contribs,tick=20,start_time=360116.970289,nthreads=5,
message=tick stats,tick=20,estimated_current_power=-nan,
end_task=,name=copy,elapsed_seconds=0.064252,predicted_seconds=inf,time_percent_error=inf,nthreads=2,end_time=360116.977141,avg_power_W=133.470588,max_power_W=148.000000,avg_time_s=0.064252,released_listeners=1,
start_task=,name=spmv,tick=21,start_time=360116.977164,nthreads=2,
message=tick stats,tick=21,estimated_current_power=-nan,
end_task=,name=copy,elapsed_seconds=0.055544,predicted_seconds=inf,time_percent_error=inf,nthreads=3,end_time=360116.977187,avg_power_W=133.470588,max_power_W=148.000000,avg_time_s=0.055544,released_listeners=1,
start_task=,name=spmv,tick=22,start_time=360116.977208,nthreads=3,
message=tick stats,tick=22,estimated_current_power=-nan,
end_task=,name=sum_contribs,elapsed_seconds=0.012090,predicted_seconds=inf,time_percent_error=inf,nthreads=5,end_time=360116.994961,avg_power_W=133.888889,max_power_W=148.000000,avg_time_s=0.012090,released_listeners=1,
end_task=,name=spmv,elapsed_seconds=0.057468,predicted_seconds=inf,time_percent_error=inf,nthreads=9,end_time=360117.004244,avg_power_W=133.888889,max_power_W=148.000000,avg_time_s=0.057468,released_listeners=1,
start_task=,name=dot,tick=23,start_time=360117.004269,nthreads=14,
message=tick stats,tick=23,estimated_current_power=-nan,
end_task=,name=spmv,elapsed_seconds=0.063019,predicted_seconds=inf,time_percent_error=inf,nthreads=8,end_time=360117.010014,avg_power_W=133.888889,max_power_W=148.000000,avg_time_s=0.063019,released_listeners=1,
start_task=,name=dot,tick=24,start_time=360117.010038,nthreads=8,
message=tick stats,tick=24,estimated_current_power=-nan,
end_task=,name=dot,elapsed_seconds=0.006800,predicted_seconds=inf,time_percent_error=inf,nthreads=8,end_time=360117.018903,avg_power_W=133.888889,max_power_W=148.000000,avg_time_s=0.006800,released_listeners=1,
end_task=,name=dot,elapsed_seconds=0.006096,predicted_seconds=inf,time_percent_error=inf,nthreads=14,end_time=360117.022757,avg_power_W=133.888889,max_power_W=148.000000,avg_time_s=0.006096,released_listeners=1,
end_task=,name=spmv,elapsed_seconds=0.072143,predicted_seconds=inf,time_percent_error=inf,nthreads=6,end_time=360117.045045,avg_power_W=134.842105,max_power_W=152.000000,avg_time_s=0.072143,released_listeners=1,
start_task=,name=dot,tick=25,start_time=360117.045103,nthreads=28,
message=tick stats,tick=25,estimated_current_power=-nan,
end_task=,name=dot,elapsed_seconds=0.005551,predicted_seconds=inf,time_percent_error=inf,nthreads=28,end_time=360117.051889,avg_power_W=134.842105,max_power_W=152.000000,avg_time_s=0.005551,released_listeners=1,
end_task=,name=spmv,elapsed_seconds=0.089781,predicted_seconds=inf,time_percent_error=inf,nthreads=5,end_time=360117.060761,avg_power_W=134.842105,max_power_W=152.000000,avg_time_s=0.089781,released_listeners=1,
start_task=,name=dot,tick=26,start_time=360117.060789,nthreads=33,
message=tick stats,tick=26,estimated_current_power=-nan,
end_task=,name=dot,elapsed_seconds=0.006713,predicted_seconds=inf,time_percent_error=inf,nthreads=33,end_time=360117.068302,avg_power_W=134.842105,max_power_W=152.000000,avg_time_s=0.006713,released_listeners=1,
end_task=,name=spmv,elapsed_seconds=0.173322,predicted_seconds=inf,time_percent_error=inf,nthreads=3,end_time=360117.126229,avg_power_W=135.850000,max_power_W=155.000000,avg_time_s=0.173322,released_listeners=1,
start_task=,name=dot,tick=27,start_time=360117.126259,nthreads=36,
message=tick stats,tick=27,estimated_current_power=-nan,
end_task=,name=spmv,elapsed_seconds=0.184745,predicted_seconds=inf,time_percent_error=inf,nthreads=3,end_time=360117.144796,avg_power_W=136.380952,max_power_W=155.000000,avg_time_s=0.184745,released_listeners=1,
end_task=,name=dot,elapsed_seconds=0.006565,predicted_seconds=inf,time_percent_error=inf,nthreads=36,end_time=360117.144826,avg_power_W=136.380952,max_power_W=155.000000,avg_time_s=0.006565,released_listeners=1,
start_task=,name=dot,tick=28,start_time=360117.144852,nthreads=39,
message=tick stats,tick=28,estimated_current_power=-nan,
end_task=,name=spmv,elapsed_seconds=0.165157,predicted_seconds=inf,time_percent_error=inf,nthreads=3,end_time=360117.145287,avg_power_W=136.380952,max_power_W=155.000000,avg_time_s=0.165157,released_listeners=1,
start_task=,name=dot,tick=29,start_time=360117.145307,nthreads=3,
message=tick stats,tick=29,estimated_current_power=-nan,
end_task=,name=dot,elapsed_seconds=0.005137,predicted_seconds=inf,time_percent_error=inf,nthreads=39,end_time=360117.152844,avg_power_W=136.380952,max_power_W=155.000000,avg_time_s=0.005137,released_listeners=1,
end_task=,name=dot,elapsed_seconds=0.010718,predicted_seconds=inf,time_percent_error=inf,nthreads=3,end_time=360117.156606,avg_power_W=136.380952,max_power_W=155.000000,avg_time_s=0.010718,released_listeners=1,
end_task=,name=spmv,elapsed_seconds=0.271577,predicted_seconds=inf,time_percent_error=inf,nthreads=2,end_time=360117.249309,avg_power_W=137.130435,max_power_W=155.000000,avg_time_s=0.271577,released_listeners=1,
start_task=,name=dot,tick=30,start_time=360117.249349,nthreads=44,
message=tick stats,tick=30,estimated_current_power=-nan,
end_task=,name=dot,elapsed_seconds=0.006880,predicted_seconds=inf,time_percent_error=inf,nthreads=44,end_time=360117.256797,avg_power_W=137.130435,max_power_W=155.000000,avg_time_s=0.006880,released_listeners=1,
start_task=,name=sum_contribs,tick=31,start_time=360117.256815,nthreads=44,
message=tick stats,tick=31,estimated_current_power=-nan,
end_task=,name=sum_contribs,elapsed_seconds=0.011091,predicted_seconds=inf,time_percent_error=inf,nthreads=44,end_time=360117.268713,avg_power_W=137.130435,max_power_W=155.000000,avg_time_s=0.011091,released_listeners=1,
start_task=,name=comp_alpha,tick=32,start_time=360117.268748,nthreads=44,
message=tick stats,tick=32,estimated_current_power=-nan,
end_task=,name=comp_alpha,elapsed_seconds=0.004896,predicted_seconds=inf,time_percent_error=inf,nthreads=44,end_time=360117.274320,avg_power_W=137.130435,max_power_W=155.000000,avg_time_s=0.004896,released_listeners=16,
start_task=,name=axpy,tick=33,start_time=360117.274358,nthreads=3,
start_task=,name=axpy,tick=33,start_time=360117.274380,nthreads=3,
start_task=,name=axpy,tick=33,start_time=360117.274407,nthreads=3,
start_task=,name=axpy,tick=33,start_time=360117.274419,nthreads=3,
start_task=,name=axpy,tick=33,start_time=360117.274440,nthreads=3,
start_task=,name=axpy,tick=33,start_time=360117.274465,nthreads=3,
start_task=,name=axpy,tick=33,start_time=360117.274485,nthreads=3,
start_task=,name=axpy,tick=33,start_time=360117.274507,nthreads=3,
start_task=,name=axpy,tick=33,start_time=360117.274797,nthreads=3,
start_task=,name=axpy,tick=33,start_time=360117.274818,nthreads=3,
start_task=,name=axpy,tick=33,start_time=360117.274837,nthreads=3,
start_task=,name=axpy,tick=33,start_time=360117.274863,nthreads=3,
start_task=,name=axpy,tick=33,start_time=360117.274894,nthreads=2,
start_task=,name=axpy,tick=33,start_time=360117.274924,nthreads=2,
start_task=,name=axpy,tick=33,start_time=360117.275141,nthreads=2,
start_task=,name=axpy,tick=33,start_time=360117.275166,nthreads=2,
message=tick stats,tick=33,estimated_current_power=-nan,
end_task=,name=axpy,elapsed_seconds=0.046142,predicted_seconds=0.006135,time_percent_error=86.704912,nthreads=3,end_time=360117.351638,avg_power_W=137.480000,max_power_W=155.000000,avg_time_s=0.046142,released_listeners=1,
end_task=,name=axpy,elapsed_seconds=0.062811,predicted_seconds=0.006135,time_percent_error=90.233259,nthreads=3,end_time=360117.351683,avg_power_W=137.480000,max_power_W=155.000000,avg_time_s=0.062811,released_listeners=1,
end_task=,name=axpy,elapsed_seconds=0.063584,predicted_seconds=0.006135,time_percent_error=90.351925,nthreads=3,end_time=360117.351705,avg_power_W=137.480000,max_power_W=155.000000,avg_time_s=0.063584,released_listeners=1,
start_task=,name=dot,tick=34,start_time=360117.351718,nthreads=3,
start_task=,name=dot,tick=34,start_time=360117.351732,nthreads=3,
start_task=,name=dot,tick=34,start_time=360117.351751,nthreads=3,
message=tick stats,tick=34,estimated_current_power=-nan,
end_task=,name=axpy,elapsed_seconds=0.049658,predicted_seconds=0.006135,time_percent_error=87.646288,nthreads=3,end_time=360117.368818,avg_power_W=137.480000,max_power_W=155.000000,avg_time_s=0.049658,released_listeners=0,
end_task=,name=axpy,elapsed_seconds=0.069412,predicted_seconds=0.006135,time_percent_error=91.162002,nthreads=3,end_time=360117.369260,avg_power_W=137.480000,max_power_W=155.000000,avg_time_s=0.069412,released_listeners=0,
end_task=,name=axpy,elapsed_seconds=0.064291,predicted_seconds=0.006135,time_percent_error=90.457997,nthreads=3,end_time=360117.369293,avg_power_W=137.480000,max_power_W=155.000000,avg_time_s=0.064291,released_listeners=1,
end_task=,name=axpy,elapsed_seconds=0.067426,predicted_seconds=0.006135,time_percent_error=90.901726,nthreads=3,end_time=360117.369317,avg_power_W=137.480000,max_power_W=155.000000,avg_time_s=0.067426,released_listeners=0,
end_task=,name=axpy,elapsed_seconds=0.065311,predicted_seconds=0.006135,time_percent_error=90.607078,nthreads=3,end_time=360117.369340,avg_power_W=137.480000,max_power_W=155.000000,avg_time_s=0.065311,released_listeners=1,
end_task=,name=axpy,elapsed_seconds=0.066396,predicted_seconds=0.006135,time_percent_error=90.760506,nthreads=3,end_time=360117.369368,avg_power_W=137.480000,max_power_W=155.000000,avg_time_s=0.066396,released_listeners=0,
end_task=,name=axpy,elapsed_seconds=0.068062,predicted_seconds=0.006491,time_percent_error=90.462776,nthreads=2,end_time=360117.369391,avg_power_W=137.480000,max_power_W=155.000000,avg_time_s=0.068062,released_listeners=0,
end_task=,name=axpy,elapsed_seconds=0.070772,predicted_seconds=0.006491,time_percent_error=90.828083,nthreads=2,end_time=360117.369415,avg_power_W=137.480000,max_power_W=155.000000,avg_time_s=0.070772,released_listeners=1,
end_task=,name=axpy,elapsed_seconds=0.074202,predicted_seconds=0.006491,time_percent_error=91.252056,nthreads=2,end_time=360117.369440,avg_power_W=137.480000,max_power_W=155.000000,avg_time_s=0.074202,released_listeners=0,
start_task=,name=dot,tick=35,start_time=360117.369471,nthreads=8,
start_task=,name=dot,tick=35,start_time=360117.369490,nthreads=8,
start_task=,name=dot,tick=35,start_time=360117.369506,nthreads=8,
message=tick stats,tick=35,estimated_current_power=-nan,
end_task=,name=axpy,elapsed_seconds=0.070460,predicted_seconds=0.006135,time_percent_error=91.293507,nthreads=3,end_time=360117.369525,avg_power_W=137.480000,max_power_W=155.000000,avg_time_s=0.070460,released_listeners=0,
end_task=,name=axpy,elapsed_seconds=0.074413,predicted_seconds=0.006135,time_percent_error=91.755998,nthreads=3,end_time=360117.369542,avg_power_W=137.480000,max_power_W=155.000000,avg_time_s=0.074413,released_listeners=0,
end_task=,name=axpy,elapsed_seconds=0.084957,predicted_seconds=0.006491,time_percent_error=92.359462,nthreads=2,end_time=360117.375911,avg_power_W=137.480000,max_power_W=155.000000,avg_time_s=0.084957,released_listeners=1,
start_task=,name=dot,tick=36,start_time=360117.375946,nthreads=8,
message=tick stats,tick=36,estimated_current_power=-nan,
end_task=,name=dot,elapsed_seconds=0.029457,predicted_seconds=inf,time_percent_error=inf,nthreads=3,end_time=360117.394579,avg_power_W=137.615385,max_power_W=155.000000,avg_time_s=0.029457,released_listeners=1,
end_task=,name=dot,elapsed_seconds=0.021062,predicted_seconds=inf,time_percent_error=inf,nthreads=3,end_time=360117.394657,avg_power_W=137.615385,max_power_W=155.000000,avg_time_s=0.021062,released_listeners=1,
end_task=,name=axpy,elapsed_seconds=0.080425,predicted_seconds=0.006135,time_percent_error=92.372248,nthreads=3,end_time=360117.394702,avg_power_W=137.615385,max_power_W=155.000000,avg_time_s=0.080425,released_listeners=1,
end_task=,name=dot,elapsed_seconds=0.022859,predicted_seconds=inf,time_percent_error=inf,nthreads=3,end_time=360117.394727,avg_power_W=137.615385,max_power_W=155.000000,avg_time_s=0.022859,released_listeners=1,
start_task=,name=dot,tick=37,start_time=360117.394747,nthreads=12,
message=tick stats,tick=37,estimated_current_power=-nan,
end_task=,name=dot,elapsed_seconds=0.023111,predicted_seconds=inf,time_percent_error=inf,nthreads=8,end_time=360117.397150,avg_power_W=137.615385,max_power_W=155.000000,avg_time_s=0.023111,released_listeners=1,
end_task=,name=dot,elapsed_seconds=0.023509,predicted_seconds=inf,time_percent_error=inf,nthreads=8,end_time=360117.397182,avg_power_W=137.615385,max_power_W=155.000000,avg_time_s=0.023509,released_listeners=1,
end_task=,name=dot,elapsed_seconds=0.023312,predicted_seconds=inf,time_percent_error=inf,nthreads=8,end_time=360117.397212,avg_power_W=137.615385,max_power_W=155.000000,avg_time_s=0.023312,released_listeners=1,
end_task=,name=dot,elapsed_seconds=0.022394,predicted_seconds=inf,time_percent_error=inf,nthreads=8,end_time=360117.401244,avg_power_W=137.615385,max_power_W=155.000000,avg_time_s=0.022394,released_listeners=1,
end_task=,name=dot,elapsed_seconds=0.008470,predicted_seconds=inf,time_percent_error=inf,nthreads=12,end_time=360117.403756,avg_power_W=137.615385,max_power_W=155.000000,avg_time_s=0.008470,released_listeners=1,
start_task=,name=sum_contribs,tick=38,start_time=360117.403776,nthreads=44,
message=tick stats,tick=38,estimated_current_power=-nan,
end_task=,name=sum_contribs,elapsed_seconds=0.005571,predicted_seconds=inf,time_percent_error=inf,nthreads=44,end_time=360117.409798,avg_power_W=137.615385,max_power_W=155.000000,avg_time_s=0.005571,released_listeners=2,
start_task=,name=assign,tick=39,start_time=360117.409816,nthreads=22,
start_task=,name=comp_beta,tick=39,start_time=360117.409830,nthreads=22,
message=tick stats,tick=39,estimated_current_power=-nan,
end_task=,name=assign,elapsed_seconds=0.005122,predicted_seconds=inf,time_percent_error=inf,nthreads=22,end_time=360117.416905,avg_power_W=137.615385,max_power_W=155.000000,avg_time_s=0.005122,released_listeners=0,
end_task=,name=comp_beta,elapsed_seconds=0.008756,predicted_seconds=inf,time_percent_error=inf,nthreads=22,end_time=360117.419376,avg_power_W=137.615385,max_power_W=155.000000,avg_time_s=0.008756,released_listeners=8,
start_task=,name=xapy,tick=40,start_time=360117.419414,nthreads=6,
start_task=,name=xapy,tick=40,start_time=360117.419438,nthreads=6,
start_task=,name=xapy,tick=40,start_time=360117.419463,nthreads=6,
start_task=,name=xapy,tick=40,start_time=360117.419486,nthreads=6,
start_task=,name=xapy,tick=40,start_time=360117.419524,nthreads=5,
start_task=,name=xapy,tick=40,start_time=360117.419588,nthreads=5,
start_task=,name=xapy,tick=40,start_time=360117.419645,nthreads=5,
start_task=,name=xapy,tick=40,start_time=360117.419688,nthreads=5,
message=tick stats,tick=40,estimated_current_power=-nan,
end_task=,name=xapy,elapsed_seconds=0.020816,predicted_seconds=0.004972,time_percent_error=76.116775,nthreads=5,end_time=360117.444699,avg_power_W=137.962963,max_power_W=155.000000,avg_time_s=0.020816,released_listeners=0,
end_task=,name=xapy,elapsed_seconds=0.021250,predicted_seconds=0.004972,time_percent_error=76.604206,nthreads=5,end_time=360117.444723,avg_power_W=137.962963,max_power_W=155.000000,avg_time_s=0.021250,released_listeners=0,
end_task=,name=xapy,elapsed_seconds=0.017832,predicted_seconds=0.005048,time_percent_error=71.691859,nthreads=6,end_time=360117.444738,avg_power_W=137.962963,max_power_W=155.000000,avg_time_s=0.017832,released_listeners=0,
end_task=,name=xapy,elapsed_seconds=0.018636,predicted_seconds=0.005048,time_percent_error=72.912465,nthreads=6,end_time=360117.444752,avg_power_W=137.962963,max_power_W=155.000000,avg_time_s=0.018636,released_listeners=0,
end_task=,name=xapy,elapsed_seconds=0.020376,predicted_seconds=0.005048,time_percent_error=75.226316,nthreads=6,end_time=360117.444766,avg_power_W=137.962963,max_power_W=155.000000,avg_time_s=0.020376,released_listeners=0,
end_task=,name=xapy,elapsed_seconds=0.019483,predicted_seconds=0.005048,time_percent_error=74.089622,nthreads=6,end_time=360117.444781,avg_power_W=137.962963,max_power_W=155.000000,avg_time_s=0.019483,released_listeners=0,
end_task=,name=xapy,elapsed_seconds=0.018543,predicted_seconds=0.004972,time_percent_error=73.189710,nthreads=5,end_time=360117.444796,avg_power_W=137.962963,max_power_W=155.000000,avg_time_s=0.018543,released_listeners=0,
end_task=,name=xapy,elapsed_seconds=0.027456,predicted_seconds=0.004972,time_percent_error=81.892807,nthreads=5,end_time=360117.448268,avg_power_W=137.962963,max_power_W=155.000000,avg_time_s=0.027456,released_listeners=0,
est_max_power=inf,
average_power_W=137.962963,
max_power_W=155.000000,
time_s=1.368660,
message=ALL DONE,
