message=cataloging configuration,max_threads=19,power_limit=330.000000,
start_task=,name=start,tick=1,start_time=360414.504878,nthreads=19,
message=tick stats,tick=1,estimated_current_power=inf,
end_task=,name=start,elapsed_seconds=0.009772,predicted_seconds=inf,time_percent_error=inf,nthreads=19,end_time=360414.516059,avg_power_W=-nan,max_power_W=0.000000,avg_time_s=0.009772,released_listeners=8,
start_task=,name=spmv,tick=2,start_time=360414.516079,nthreads=3,
start_task=,name=spmv,tick=2,start_time=360414.516092,nthreads=3,
start_task=,name=spmv,tick=2,start_time=360414.516103,nthreads=3,
start_task=,name=spmv,tick=2,start_time=360414.516346,nthreads=2,
start_task=,name=spmv,tick=2,start_time=360414.516430,nthreads=2,
start_task=,name=spmv,tick=2,start_time=360414.516528,nthreads=2,
start_task=,name=spmv,tick=2,start_time=360414.516573,nthreads=2,
start_task=,name=spmv,tick=2,start_time=360414.516639,nthreads=2,
message=tick stats,tick=2,estimated_current_power=-nan,
end_task=,name=spmv,elapsed_seconds=0.370215,predicted_seconds=inf,time_percent_error=inf,nthreads=3,end_time=360414.887329,avg_power_W=118.571429,max_power_W=125.000000,avg_time_s=0.370215,released_listeners=1,
start_task=,name=subtract,tick=3,start_time=360414.887365,nthreads=3,
message=tick stats,tick=3,estimated_current_power=-nan,
end_task=,name=spmv,elapsed_seconds=0.376538,predicted_seconds=inf,time_percent_error=inf,nthreads=3,end_time=360414.893403,avg_power_W=118.571429,max_power_W=125.000000,avg_time_s=0.376538,released_listeners=1,
start_task=,name=subtract,tick=4,start_time=360414.893427,nthreads=3,
message=tick stats,tick=4,estimated_current_power=-nan,
end_task=,name=spmv,elapsed_seconds=0.374013,predicted_seconds=inf,time_percent_error=inf,nthreads=3,end_time=360414.893869,avg_power_W=118.571429,max_power_W=125.000000,avg_time_s=0.374013,released_listeners=1,
start_task=,name=subtract,tick=5,start_time=360414.893886,nthreads=3,
message=tick stats,tick=5,estimated_current_power=-nan,
end_task=,name=subtract,elapsed_seconds=0.096524,predicted_seconds=inf,time_percent_error=inf,nthreads=3,end_time=360414.984480,avg_power_W=120.222222,max_power_W=126.000000,avg_time_s=0.096524,released_listeners=2,
end_task=,name=subtract,elapsed_seconds=0.079114,predicted_seconds=inf,time_percent_error=inf,nthreads=3,end_time=360414.984512,avg_power_W=120.222222,max_power_W=126.000000,avg_time_s=0.079114,released_listeners=2,
end_task=,name=subtract,elapsed_seconds=0.090086,predicted_seconds=inf,time_percent_error=inf,nthreads=3,end_time=360414.984537,avg_power_W=120.222222,max_power_W=126.000000,avg_time_s=0.090086,released_listeners=2,
start_task=,name=copy,tick=6,start_time=360414.984555,nthreads=2,
start_task=,name=dot,tick=6,start_time=360414.984573,nthreads=2,
start_task=,name=copy,tick=6,start_time=360414.984590,nthreads=2,
start_task=,name=dot,tick=6,start_time=360414.984606,nthreads=1,
start_task=,name=copy,tick=6,start_time=360414.984859,nthreads=1,
start_task=,name=dot,tick=6,start_time=360414.984888,nthreads=1,
message=tick stats,tick=6,estimated_current_power=-nan,
end_task=,name=copy,elapsed_seconds=0.021397,predicted_seconds=inf,time_percent_error=inf,nthreads=2,end_time=360415.021975,avg_power_W=120.600000,max_power_W=126.000000,avg_time_s=0.021397,released_listeners=1,
end_task=,name=dot,elapsed_seconds=0.029796,predicted_seconds=inf,time_percent_error=inf,nthreads=2,end_time=360415.022001,avg_power_W=120.600000,max_power_W=126.000000,avg_time_s=0.029796,released_listeners=1,
end_task=,name=dot,elapsed_seconds=0.024225,predicted_seconds=inf,time_percent_error=inf,nthreads=1,end_time=360415.022020,avg_power_W=120.600000,max_power_W=126.000000,avg_time_s=0.024225,released_listeners=1,
end_task=,name=dot,elapsed_seconds=0.030185,predicted_seconds=inf,time_percent_error=inf,nthreads=1,end_time=360415.022036,avg_power_W=120.600000,max_power_W=126.000000,avg_time_s=0.030185,released_listeners=1,
start_task=,name=spmv,tick=7,start_time=360415.022048,nthreads=6,
message=tick stats,tick=7,estimated_current_power=-nan,
end_task=,name=copy,elapsed_seconds=0.034453,predicted_seconds=inf,time_percent_error=inf,nthreads=2,end_time=360415.024958,avg_power_W=120.600000,max_power_W=126.000000,avg_time_s=0.034453,released_listeners=1,
start_task=,name=spmv,tick=8,start_time=360415.024991,nthreads=2,
message=tick stats,tick=8,estimated_current_power=-nan,
end_task=,name=copy,elapsed_seconds=0.044730,predicted_seconds=inf,time_percent_error=inf,nthreads=1,end_time=360415.030378,avg_power_W=120.600000,max_power_W=126.000000,avg_time_s=0.044730,released_listeners=1,
start_task=,name=spmv,tick=9,start_time=360415.030400,nthreads=1,
message=tick stats,tick=9,estimated_current_power=-nan,
end_task=,name=spmv,elapsed_seconds=0.521667,predicted_seconds=inf,time_percent_error=inf,nthreads=2,end_time=360415.038526,avg_power_W=120.600000,max_power_W=126.000000,avg_time_s=0.521667,released_listeners=1,
start_task=,name=subtract,tick=10,start_time=360415.038548,nthreads=2,
message=tick stats,tick=10,estimated_current_power=-nan,
end_task=,name=spmv,elapsed_seconds=0.525399,predicted_seconds=inf,time_percent_error=inf,nthreads=2,end_time=360415.043286,avg_power_W=120.600000,max_power_W=126.000000,avg_time_s=0.525399,released_listeners=1,
start_task=,name=subtract,tick=11,start_time=360415.043311,nthreads=2,
message=tick stats,tick=11,estimated_current_power=-nan,
end_task=,name=spmv,elapsed_seconds=0.530622,predicted_seconds=inf,time_percent_error=inf,nthreads=2,end_time=360415.048932,avg_power_W=120.600000,max_power_W=126.000000,avg_time_s=0.530622,released_listeners=1,
start_task=,name=subtract,tick=12,start_time=360415.048956,nthreads=2,
message=tick stats,tick=12,estimated_current_power=-nan,
end_task=,name=spmv,elapsed_seconds=0.531546,predicted_seconds=inf,time_percent_error=inf,nthreads=2,end_time=360415.048979,avg_power_W=120.600000,max_power_W=126.000000,avg_time_s=0.531546,released_listeners=1,
end_task=,name=spmv,elapsed_seconds=0.530700,predicted_seconds=inf,time_percent_error=inf,nthreads=2,end_time=360415.049005,avg_power_W=120.600000,max_power_W=126.000000,avg_time_s=0.530700,released_listeners=1,
start_task=,name=subtract,tick=13,start_time=360415.049026,nthreads=2,
start_task=,name=subtract,tick=13,start_time=360415.049043,nthreads=2,
message=tick stats,tick=13,estimated_current_power=-nan,
end_task=,name=subtract,elapsed_seconds=0.020735,predicted_seconds=inf,time_percent_error=inf,nthreads=2,end_time=360415.074176,avg_power_W=121.000000,max_power_W=126.000000,avg_time_s=0.020735,released_listeners=2,
end_task=,name=subtract,elapsed_seconds=0.022311,predicted_seconds=inf,time_percent_error=inf,nthreads=2,end_time=360415.074205,avg_power_W=121.000000,max_power_W=126.000000,avg_time_s=0.022311,released_listeners=2,
end_task=,name=subtract,elapsed_seconds=0.021708,predicted_seconds=inf,time_percent_error=inf,nthreads=2,end_time=360415.074229,avg_power_W=121.000000,max_power_W=126.000000,avg_time_s=0.021708,released_listeners=2,
end_task=,name=subtract,elapsed_seconds=0.020732,predicted_seconds=inf,time_percent_error=inf,nthreads=2,end_time=360415.074252,avg_power_W=121.000000,max_power_W=126.000000,avg_time_s=0.020732,released_listeners=2,
start_task=,name=dot,tick=14,start_time=360415.074270,nthreads=1,
start_task=,name=copy,tick=14,start_time=360415.074288,nthreads=1,
start_task=,name=copy,tick=14,start_time=360415.074305,nthreads=1,
start_task=,name=dot,tick=14,start_time=360415.074323,nthreads=1,
start_task=,name=copy,tick=14,start_time=360415.074350,nthreads=1,
start_task=,name=dot,tick=14,start_time=360415.074385,nthreads=1,
start_task=,name=copy,tick=14,start_time=360415.074426,nthreads=1,
start_task=,name=dot,tick=14,start_time=360415.074460,nthreads=1,
message=tick stats,tick=14,estimated_current_power=-nan,
end_task=,name=subtract,elapsed_seconds=0.029457,predicted_seconds=inf,time_percent_error=inf,nthreads=2,end_time=360415.094328,avg_power_W=121.000000,max_power_W=126.000000,avg_time_s=0.029457,released_listeners=2,
start_task=,name=copy,tick=15,start_time=360415.094354,nthreads=1,
start_task=,name=dot,tick=15,start_time=360415.094372,nthreads=1,
message=tick stats,tick=15,estimated_current_power=-nan,
end_task=,name=dot,elapsed_seconds=0.023590,predicted_seconds=inf,time_percent_error=inf,nthreads=1,end_time=360415.122026,avg_power_W=122.083333,max_power_W=134.000000,avg_time_s=0.023590,released_listeners=1,
end_task=,name=copy,elapsed_seconds=0.037725,predicted_seconds=inf,time_percent_error=inf,nthreads=1,end_time=360415.122056,avg_power_W=122.083333,max_power_W=134.000000,avg_time_s=0.037725,released_listeners=1,
end_task=,name=copy,elapsed_seconds=0.031826,predicted_seconds=inf,time_percent_error=inf,nthreads=1,end_time=360415.122079,avg_power_W=122.083333,max_power_W=134.000000,avg_time_s=0.031826,released_listeners=1,
end_task=,name=dot,elapsed_seconds=0.025499,predicted_seconds=inf,time_percent_error=inf,nthreads=1,end_time=360415.122102,avg_power_W=122.083333,max_power_W=134.000000,avg_time_s=0.025499,released_listeners=1,
end_task=,name=copy,elapsed_seconds=0.040846,predicted_seconds=inf,time_percent_error=inf,nthreads=1,end_time=360415.122125,avg_power_W=122.083333,max_power_W=134.000000,avg_time_s=0.040846,released_listeners=1,
end_task=,name=dot,elapsed_seconds=0.034137,predicted_seconds=inf,time_percent_error=inf,nthreads=1,end_time=360415.122152,avg_power_W=122.083333,max_power_W=134.000000,avg_time_s=0.034137,released_listeners=1,
end_task=,name=copy,elapsed_seconds=0.039043,predicted_seconds=inf,time_percent_error=inf,nthreads=1,end_time=360415.122174,avg_power_W=122.083333,max_power_W=134.000000,avg_time_s=0.039043,released_listeners=1,
end_task=,name=dot,elapsed_seconds=0.023673,predicted_seconds=inf,time_percent_error=inf,nthreads=1,end_time=360415.122196,avg_power_W=122.083333,max_power_W=134.000000,avg_time_s=0.023673,released_listeners=1,
end_task=,name=dot,elapsed_seconds=0.019405,predicted_seconds=inf,time_percent_error=inf,nthreads=1,end_time=360415.122218,avg_power_W=122.083333,max_power_W=134.000000,avg_time_s=0.019405,released_listeners=1,
start_task=,name=spmv,tick=16,start_time=360415.122236,nthreads=2,
start_task=,name=spmv,tick=16,start_time=360415.122253,nthreads=2,
start_task=,name=spmv,tick=16,start_time=360415.122269,nthreads=2,
start_task=,name=spmv,tick=16,start_time=360415.122283,nthreads=2,
start_task=,name=sum_contribs,tick=16,start_time=360415.122308,nthreads=1,
message=tick stats,tick=16,estimated_current_power=-nan,
end_task=,name=spmv,elapsed_seconds=0.072567,predicted_seconds=inf,time_percent_error=inf,nthreads=6,end_time=360415.122343,avg_power_W=122.083333,max_power_W=134.000000,avg_time_s=0.072567,released_listeners=1,
start_task=,name=dot,tick=17,start_time=360415.122363,nthreads=6,
message=tick stats,tick=17,estimated_current_power=-nan,
end_task=,name=copy,elapsed_seconds=0.033965,predicted_seconds=inf,time_percent_error=inf,nthreads=1,end_time=360415.139331,avg_power_W=122.083333,max_power_W=134.000000,avg_time_s=0.033965,released_listeners=1,
start_task=,name=spmv,tick=18,start_time=360415.139357,nthreads=1,
message=tick stats,tick=18,estimated_current_power=-nan,
end_task=,name=sum_contribs,elapsed_seconds=0.020294,predicted_seconds=inf,time_percent_error=inf,nthreads=1,end_time=360415.148192,avg_power_W=122.083333,max_power_W=134.000000,avg_time_s=0.020294,released_listeners=1,
end_task=,name=dot,elapsed_seconds=0.024075,predicted_seconds=inf,time_percent_error=inf,nthreads=6,end_time=360415.148227,avg_power_W=122.083333,max_power_W=134.000000,avg_time_s=0.024075,released_listeners=1,
end_task=,name=spmv,elapsed_seconds=0.221484,predicted_seconds=inf,time_percent_error=inf,nthreads=2,end_time=360415.269490,avg_power_W=123.866667,max_power_W=134.000000,avg_time_s=0.221484,released_listeners=1,
start_task=,name=dot,tick=19,start_time=360415.269517,nthreads=9,
message=tick stats,tick=19,estimated_current_power=-nan,
end_task=,name=dot,elapsed_seconds=0.005940,predicted_seconds=inf,time_percent_error=inf,nthreads=9,end_time=360415.276034,avg_power_W=123.866667,max_power_W=134.000000,avg_time_s=0.005940,released_listeners=1,
end_task=,name=spmv,elapsed_seconds=0.178154,predicted_seconds=inf,time_percent_error=inf,nthreads=2,end_time=360415.301032,avg_power_W=123.866667,max_power_W=134.000000,avg_time_s=0.178154,released_listeners=1,
start_task=,name=dot,tick=20,start_time=360415.301056,nthreads=11,
message=tick stats,tick=20,estimated_current_power=-nan,
end_task=,name=spmv,elapsed_seconds=0.178182,predicted_seconds=inf,time_percent_error=inf,nthreads=2,end_time=360415.301075,avg_power_W=123.866667,max_power_W=134.000000,avg_time_s=0.178182,released_listeners=1,
start_task=,name=dot,tick=21,start_time=360415.301092,nthreads=2,
message=tick stats,tick=21,estimated_current_power=-nan,
end_task=,name=spmv,elapsed_seconds=0.181437,predicted_seconds=inf,time_percent_error=inf,nthreads=2,end_time=360415.322233,avg_power_W=124.125000,max_power_W=134.000000,avg_time_s=0.181437,released_listeners=1,
end_task=,name=spmv,elapsed_seconds=0.179195,predicted_seconds=inf,time_percent_error=inf,nthreads=2,end_time=360415.322277,avg_power_W=124.125000,max_power_W=134.000000,avg_time_s=0.179195,released_listeners=1,
end_task=,name=dot,elapsed_seconds=0.007123,predicted_seconds=inf,time_percent_error=inf,nthreads=11,end_time=360415.322306,avg_power_W=124.125000,max_power_W=134.000000,avg_time_s=0.007123,released_listeners=1,
end_task=,name=dot,elapsed_seconds=0.013486,predicted_seconds=inf,time_percent_error=inf,nthreads=2,end_time=360415.322336,avg_power_W=124.125000,max_power_W=134.000000,avg_time_s=0.013486,released_listeners=1,
start_task=,name=dot,tick=22,start_time=360415.322359,nthreads=9,
start_task=,name=dot,tick=22,start_time=360415.322386,nthreads=8,
message=tick stats,tick=22,estimated_current_power=-nan,
end_task=,name=dot,elapsed_seconds=0.004143,predicted_seconds=inf,time_percent_error=inf,nthreads=8,end_time=360415.328542,avg_power_W=124.125000,max_power_W=134.000000,avg_time_s=0.004143,released_listeners=1,
end_task=,name=dot,elapsed_seconds=0.008919,predicted_seconds=inf,time_percent_error=inf,nthreads=9,end_time=360415.331998,avg_power_W=124.125000,max_power_W=134.000000,avg_time_s=0.008919,released_listeners=1,
end_task=,name=spmv,elapsed_seconds=0.481938,predicted_seconds=inf,time_percent_error=inf,nthreads=1,end_time=360415.520359,avg_power_W=124.900000,max_power_W=134.000000,avg_time_s=0.481938,released_listeners=1,
start_task=,name=dot,tick=23,start_time=360415.520403,nthreads=18,
message=tick stats,tick=23,estimated_current_power=-nan,
end_task=,name=dot,elapsed_seconds=0.008171,predicted_seconds=inf,time_percent_error=inf,nthreads=18,end_time=360415.529224,avg_power_W=124.900000,max_power_W=134.000000,avg_time_s=0.008171,released_listeners=1,
end_task=,name=spmv,elapsed_seconds=0.428174,predicted_seconds=inf,time_percent_error=inf,nthreads=1,end_time=360415.569711,avg_power_W=124.904762,max_power_W=134.000000,avg_time_s=0.428174,released_listeners=1,
start_task=,name=dot,tick=24,start_time=360415.569751,nthreads=19,
message=tick stats,tick=24,estimated_current_power=-nan,
end_task=,name=dot,elapsed_seconds=0.006432,predicted_seconds=inf,time_percent_error=inf,nthreads=19,end_time=360415.576842,avg_power_W=124.904762,max_power_W=134.000000,avg_time_s=0.006432,released_listeners=1,
start_task=,name=sum_contribs,tick=25,start_time=360415.576859,nthreads=19,
message=tick stats,tick=25,estimated_current_power=-nan,
end_task=,name=sum_contribs,elapsed_seconds=0.009046,predicted_seconds=inf,time_percent_error=inf,nthreads=19,end_time=360415.586472,avg_power_W=124.904762,max_power_W=134.000000,avg_time_s=0.009046,released_listeners=1,
start_task=,name=comp_alpha,tick=26,start_time=360415.586489,nthreads=19,
message=tick stats,tick=26,estimated_current_power=-nan,
end_task=,name=comp_alpha,elapsed_seconds=0.004667,predicted_seconds=inf,time_percent_error=inf,nthreads=19,end_time=360415.592285,avg_power_W=124.904762,max_power_W=134.000000,avg_time_s=0.004667,released_listeners=16,
start_task=,name=axpy,tick=27,start_time=360415.592304,nthreads=2,
start_task=,name=axpy,tick=27,start_time=360415.592316,nthreads=2,
start_task=,name=axpy,tick=27,start_time=360415.592327,nthreads=2,
start_task=,name=axpy,tick=27,start_time=360415.592338,nthreads=1,
start_task=,name=axpy,tick=27,start_time=360415.592368,nthreads=1,
start_task=,name=axpy,tick=27,start_time=360415.592401,nthreads=1,
start_task=,name=axpy,tick=27,start_time=360415.592704,nthreads=1,
start_task=,name=axpy,tick=27,start_time=360415.592730,nthreads=1,
start_task=,name=axpy,tick=27,start_time=360415.592756,nthreads=1,
start_task=,name=axpy,tick=27,start_time=360415.592787,nthreads=1,
start_task=,name=axpy,tick=27,start_time=360415.592816,nthreads=1,
start_task=,name=axpy,tick=27,start_time=360415.593063,nthreads=1,
start_task=,name=axpy,tick=27,start_time=360415.593087,nthreads=1,
start_task=,name=axpy,tick=27,start_time=360415.593107,nthreads=1,
start_task=,name=axpy,tick=27,start_time=360415.593135,nthreads=1,
start_task=,name=axpy,tick=27,start_time=360415.593166,nthreads=1,
message=tick stats,tick=27,estimated_current_power=-nan,
end_task=,name=axpy,elapsed_seconds=0.060592,predicted_seconds=0.003176,time_percent_error=94.758789,nthreads=1,end_time=360415.669705,avg_power_W=125.391304,max_power_W=134.000000,avg_time_s=0.060592,released_listeners=0,
end_task=,name=axpy,elapsed_seconds=0.063492,predicted_seconds=0.003176,time_percent_error=94.998191,nthreads=1,end_time=360415.669782,avg_power_W=125.391304,max_power_W=134.000000,avg_time_s=0.063492,released_listeners=1,
end_task=,name=axpy,elapsed_seconds=0.059125,predicted_seconds=0.003176,time_percent_error=94.628777,nthreads=1,end_time=360415.669818,avg_power_W=125.391304,max_power_W=134.000000,avg_time_s=0.059125,released_listeners=0,
end_task=,name=axpy,elapsed_seconds=0.056921,predicted_seconds=0.003176,time_percent_error=94.420781,nthreads=1,end_time=360415.669848,avg_power_W=125.391304,max_power_W=134.000000,avg_time_s=0.056921,released_listeners=1,
end_task=,name=axpy,elapsed_seconds=0.055659,predicted_seconds=0.003176,time_percent_error=94.294272,nthreads=1,end_time=360415.669884,avg_power_W=125.391304,max_power_W=134.000000,avg_time_s=0.055659,released_listeners=0,
end_task=,name=axpy,elapsed_seconds=0.057849,predicted_seconds=0.003176,time_percent_error=94.510309,nthreads=1,end_time=360415.669937,avg_power_W=125.391304,max_power_W=134.000000,avg_time_s=0.057849,released_listeners=1,
start_task=,name=dot,tick=28,start_time=360415.669967,nthreads=2,
start_task=,name=dot,tick=28,start_time=360415.670005,nthreads=2,
start_task=,name=dot,tick=28,start_time=360415.670042,nthreads=2,
message=tick stats,tick=28,estimated_current_power=-nan,
end_task=,name=axpy,elapsed_seconds=0.051481,predicted_seconds=0.006491,time_percent_error=87.391216,nthreads=2,end_time=360415.670088,avg_power_W=125.391304,max_power_W=134.000000,avg_time_s=0.051481,released_listeners=1,
end_task=,name=axpy,elapsed_seconds=0.046214,predicted_seconds=0.006491,time_percent_error=85.954084,nthreads=2,end_time=360415.670108,avg_power_W=125.391304,max_power_W=134.000000,avg_time_s=0.046214,released_listeners=0,
end_task=,name=axpy,elapsed_seconds=0.046146,predicted_seconds=0.006491,time_percent_error=85.933470,nthreads=2,end_time=360415.670124,avg_power_W=125.391304,max_power_W=134.000000,avg_time_s=0.046146,released_listeners=1,
end_task=,name=axpy,elapsed_seconds=0.046833,predicted_seconds=0.003176,time_percent_error=93.218953,nthreads=1,end_time=360415.670145,avg_power_W=125.391304,max_power_W=134.000000,avg_time_s=0.046833,released_listeners=0,
end_task=,name=axpy,elapsed_seconds=0.052679,predicted_seconds=0.003176,time_percent_error=93.971551,nthreads=1,end_time=360415.670161,avg_power_W=125.391304,max_power_W=134.000000,avg_time_s=0.052679,released_listeners=0,
end_task=,name=axpy,elapsed_seconds=0.061632,predicted_seconds=0.003176,time_percent_error=94.847227,nthreads=1,end_time=360415.670176,avg_power_W=125.391304,max_power_W=134.000000,avg_time_s=0.061632,released_listeners=1,
end_task=,name=axpy,elapsed_seconds=0.076356,predicted_seconds=0.003176,time_percent_error=95.840856,nthreads=1,end_time=360415.670193,avg_power_W=125.391304,max_power_W=134.000000,avg_time_s=0.076356,released_listeners=0,
end_task=,name=axpy,elapsed_seconds=0.054634,predicted_seconds=0.003176,time_percent_error=94.187261,nthreads=1,end_time=360415.670207,avg_power_W=125.391304,max_power_W=134.000000,avg_time_s=0.054634,released_listeners=1,
start_task=,name=dot,tick=29,start_time=360415.670226,nthreads=3,
start_task=,name=dot,tick=29,start_time=360415.670239,nthreads=3,
start_task=,name=dot,tick=29,start_time=360415.670251,nthreads=3,
start_task=,name=dot,tick=29,start_time=360415.670269,nthreads=2,
message=tick stats,tick=29,estimated_current_power=-nan,
end_task=,name=axpy,elapsed_seconds=0.081141,predicted_seconds=0.003176,time_percent_error=96.086115,nthreads=1,end_time=360415.694116,avg_power_W=125.391304,max_power_W=134.000000,avg_time_s=0.081141,released_listeners=1,
start_task=,name=dot,tick=30,start_time=360415.694148,nthreads=1,
message=tick stats,tick=30,estimated_current_power=-nan,
end_task=,name=axpy,elapsed_seconds=0.076909,predicted_seconds=0.003176,time_percent_error=95.870752,nthreads=1,end_time=360415.694215,avg_power_W=125.391304,max_power_W=134.000000,avg_time_s=0.076909,released_listeners=0,
end_task=,name=dot,elapsed_seconds=0.028716,predicted_seconds=inf,time_percent_error=inf,nthreads=3,end_time=360415.721806,avg_power_W=125.458333,max_power_W=134.000000,avg_time_s=0.028716,released_listeners=1,
end_task=,name=dot,elapsed_seconds=0.029257,predicted_seconds=inf,time_percent_error=inf,nthreads=3,end_time=360415.721850,avg_power_W=125.458333,max_power_W=134.000000,avg_time_s=0.029257,released_listeners=1,
end_task=,name=dot,elapsed_seconds=0.032720,predicted_seconds=inf,time_percent_error=inf,nthreads=2,end_time=360415.721878,avg_power_W=125.458333,max_power_W=134.000000,avg_time_s=0.032720,released_listeners=1,
end_task=,name=dot,elapsed_seconds=0.016566,predicted_seconds=inf,time_percent_error=inf,nthreads=1,end_time=360415.721905,avg_power_W=125.458333,max_power_W=134.000000,avg_time_s=0.016566,released_listeners=1,
end_task=,name=dot,elapsed_seconds=0.026500,predicted_seconds=inf,time_percent_error=inf,nthreads=2,end_time=360415.721933,avg_power_W=125.458333,max_power_W=134.000000,avg_time_s=0.026500,released_listeners=1,
end_task=,name=dot,elapsed_seconds=0.026530,predicted_seconds=inf,time_percent_error=inf,nthreads=2,end_time=360415.721961,avg_power_W=125.458333,max_power_W=134.000000,avg_time_s=0.026530,released_listeners=1,
end_task=,name=dot,elapsed_seconds=0.027015,predicted_seconds=inf,time_percent_error=inf,nthreads=2,end_time=360415.722002,avg_power_W=125.458333,max_power_W=134.000000,avg_time_s=0.027015,released_listeners=1,
end_task=,name=dot,elapsed_seconds=0.029086,predicted_seconds=inf,time_percent_error=inf,nthreads=3,end_time=360415.722030,avg_power_W=125.458333,max_power_W=134.000000,avg_time_s=0.029086,released_listeners=1,
start_task=,name=sum_contribs,tick=31,start_time=360415.722058,nthreads=19,
message=tick stats,tick=31,estimated_current_power=-nan,
end_task=,name=sum_contribs,elapsed_seconds=0.005133,predicted_seconds=inf,time_percent_error=inf,nthreads=19,end_time=360415.727918,avg_power_W=125.458333,max_power_W=134.000000,avg_time_s=0.005133,released_listeners=2,
start_task=,name=assign,tick=32,start_time=360415.727935,nthreads=10,
start_task=,name=comp_beta,tick=32,start_time=360415.727948,nthreads=9,
message=tick stats,tick=32,estimated_current_power=-nan,
end_task=,name=assign,elapsed_seconds=0.004177,predicted_seconds=inf,time_percent_error=inf,nthreads=10,end_time=360415.734620,avg_power_W=125.458333,max_power_W=134.000000,avg_time_s=0.004177,released_listeners=0,
end_task=,name=comp_beta,elapsed_seconds=0.007836,predicted_seconds=inf,time_percent_error=inf,nthreads=9,end_time=360415.736623,avg_power_W=125.458333,max_power_W=134.000000,avg_time_s=0.007836,released_listeners=8,
start_task=,name=xapy,tick=33,start_time=360415.736656,nthreads=3,
start_task=,name=xapy,tick=33,start_time=360415.736681,nthreads=3,
start_task=,name=xapy,tick=33,start_time=360415.736704,nthreads=3,
start_task=,name=xapy,tick=33,start_time=360415.736725,nthreads=2,
start_task=,name=xapy,tick=33,start_time=360415.736763,nthreads=2,
start_task=,name=xapy,tick=33,start_time=360415.737094,nthreads=2,
start_task=,name=xapy,tick=33,start_time=360415.737157,nthreads=2,
start_task=,name=xapy,tick=33,start_time=360415.737203,nthreads=2,
message=tick stats,tick=33,estimated_current_power=-nan,
end_task=,name=xapy,elapsed_seconds=0.046046,predicted_seconds=0.007128,time_percent_error=84.519308,nthreads=3,end_time=360415.783119,avg_power_W=125.760000,max_power_W=134.000000,avg_time_s=0.046046,released_listeners=0,
end_task=,name=xapy,elapsed_seconds=0.045904,predicted_seconds=0.007841,time_percent_error=82.917548,nthreads=2,end_time=360415.783300,avg_power_W=125.760000,max_power_W=134.000000,avg_time_s=0.045904,released_listeners=0,
end_task=,name=xapy,elapsed_seconds=0.046505,predicted_seconds=0.007128,time_percent_error=84.671919,nthreads=3,end_time=360415.783418,avg_power_W=125.760000,max_power_W=134.000000,avg_time_s=0.046505,released_listeners=0,
end_task=,name=xapy,elapsed_seconds=0.047845,predicted_seconds=0.007841,time_percent_error=83.610604,nthreads=2,end_time=360415.785945,avg_power_W=125.760000,max_power_W=134.000000,avg_time_s=0.047845,released_listeners=0,
end_task=,name=xapy,elapsed_seconds=0.048337,predicted_seconds=0.007841,time_percent_error=83.777504,nthreads=2,end_time=360415.785966,avg_power_W=125.760000,max_power_W=134.000000,avg_time_s=0.048337,released_listeners=0,
end_task=,name=xapy,elapsed_seconds=0.048262,predicted_seconds=0.007841,time_percent_error=83.752322,nthreads=2,end_time=360415.785981,avg_power_W=125.760000,max_power_W=134.000000,avg_time_s=0.048262,released_listeners=0,
end_task=,name=xapy,elapsed_seconds=0.048907,predicted_seconds=0.007128,time_percent_error=85.424770,nthreads=3,end_time=360415.785995,avg_power_W=125.760000,max_power_W=134.000000,avg_time_s=0.048907,released_listeners=0,
end_task=,name=xapy,elapsed_seconds=0.053180,predicted_seconds=0.007841,time_percent_error=85.254765,nthreads=2,end_time=360415.790828,avg_power_W=125.760000,max_power_W=134.000000,avg_time_s=0.053180,released_listeners=0,
est_max_power=inf,
average_power_W=125.760000,
max_power_W=134.000000,
time_s=1.285971,
message=ALL DONE,
