message=cataloging configuration,max_threads=48,power_limit=inf,
start_task=,name=start,tick=1,start_time=1652530.641910,nthreads=48,
message=tick stats,tick=1,estimated_current_power=10.100000,
end_task=,name=start,elapsed_seconds=0.010442,predicted_seconds=0.000000,time_percent_error=100.000000,nthreads=48,end_time=1652530.653722,avg_power_W=-nan,max_power_W=0.000000,avg_time_s=0.010442,released_listeners=6,
start_task=,name=spmv,tick=2,start_time=1652530.653744,nthreads=8,
start_task=,name=spmv,tick=2,start_time=1652530.653760,nthreads=8,
start_task=,name=spmv,tick=2,start_time=1652530.653773,nthreads=8,
start_task=,name=spmv,tick=2,start_time=1652530.653810,nthreads=8,
start_task=,name=spmv,tick=2,start_time=1652530.653837,nthreads=8,
start_task=,name=spmv,tick=2,start_time=1652530.653929,nthreads=8,
message=tick stats,tick=2,estimated_current_power=104.475000,
end_task=,name=spmv,elapsed_seconds=0.418698,predicted_seconds=0.041635,time_percent_error=90.056160,nthreads=8,end_time=1652531.073110,avg_power_W=130.750000,max_power_W=148.000000,avg_time_s=0.418698,released_listeners=1,
start_task=,name=subtract,tick=3,start_time=1652531.073144,nthreads=8,
message=tick stats,tick=3,estimated_current_power=113.662500,
end_task=,name=spmv,elapsed_seconds=0.427634,predicted_seconds=0.041635,time_percent_error=90.263951,nthreads=8,end_time=1652531.081945,avg_power_W=130.750000,max_power_W=148.000000,avg_time_s=0.427634,released_listeners=1,
start_task=,name=subtract,tick=4,start_time=1652531.081969,nthreads=8,
message=tick stats,tick=4,estimated_current_power=122.850000,
end_task=,name=spmv,elapsed_seconds=0.436546,predicted_seconds=0.041635,time_percent_error=90.462717,nthreads=8,end_time=1652531.090886,avg_power_W=130.750000,max_power_W=148.000000,avg_time_s=0.436546,released_listeners=1,
start_task=,name=subtract,tick=5,start_time=1652531.090909,nthreads=8,
message=tick stats,tick=5,estimated_current_power=132.037500,
end_task=,name=spmv,elapsed_seconds=0.453118,predicted_seconds=0.041635,time_percent_error=90.811530,nthreads=8,end_time=1652531.107452,avg_power_W=132.666667,max_power_W=148.000000,avg_time_s=0.453118,released_listeners=1,
start_task=,name=subtract,tick=6,start_time=1652531.107479,nthreads=8,
message=tick stats,tick=6,estimated_current_power=141.225000,
end_task=,name=spmv,elapsed_seconds=0.463788,predicted_seconds=0.041635,time_percent_error=91.022917,nthreads=8,end_time=1652531.118182,avg_power_W=132.666667,max_power_W=148.000000,avg_time_s=0.463788,released_listeners=1,
start_task=,name=subtract,tick=7,start_time=1652531.118206,nthreads=8,
message=tick stats,tick=7,estimated_current_power=150.412500,
end_task=,name=spmv,elapsed_seconds=0.481634,predicted_seconds=0.041635,time_percent_error=91.355548,nthreads=8,end_time=1652531.136336,avg_power_W=132.666667,max_power_W=148.000000,avg_time_s=0.481634,released_listeners=1,
start_task=,name=subtract,tick=8,start_time=1652531.136363,nthreads=8,
message=tick stats,tick=8,estimated_current_power=159.600000,
end_task=,name=subtract,elapsed_seconds=0.238206,predicted_seconds=0.000832,time_percent_error=99.650670,nthreads=8,end_time=1652531.357179,avg_power_W=136.357143,max_power_W=148.000000,avg_time_s=0.238206,released_listeners=2,
start_task=,name=copy,tick=9,start_time=1652531.357206,nthreads=4,
start_task=,name=dot,tick=9,start_time=1652531.357227,nthreads=4,
message=tick stats,tick=9,estimated_current_power=169.116667,
end_task=,name=subtract,elapsed_seconds=0.264531,predicted_seconds=0.000832,time_percent_error=99.685434,nthreads=8,end_time=1652531.357251,avg_power_W=136.357143,max_power_W=148.000000,avg_time_s=0.264531,released_listeners=2,
start_task=,name=copy,tick=10,start_time=1652531.357281,nthreads=4,
start_task=,name=dot,tick=10,start_time=1652531.357303,nthreads=4,
message=tick stats,tick=10,estimated_current_power=178.633333,
end_task=,name=subtract,elapsed_seconds=0.250117,predicted_seconds=0.000832,time_percent_error=99.667305,nthreads=8,end_time=1652531.368660,avg_power_W=136.357143,max_power_W=148.000000,avg_time_s=0.250117,released_listeners=2,
start_task=,name=copy,tick=11,start_time=1652531.368691,nthreads=4,
start_task=,name=dot,tick=11,start_time=1652531.368705,nthreads=4,
message=tick stats,tick=11,estimated_current_power=188.150000,
end_task=,name=subtract,elapsed_seconds=0.286198,predicted_seconds=0.000832,time_percent_error=99.709248,nthreads=8,end_time=1652531.368724,avg_power_W=136.357143,max_power_W=148.000000,avg_time_s=0.286198,released_listeners=2,
end_task=,name=subtract,elapsed_seconds=0.277707,predicted_seconds=0.000832,time_percent_error=99.700358,nthreads=8,end_time=1652531.368743,avg_power_W=136.357143,max_power_W=148.000000,avg_time_s=0.277707,released_listeners=2,
start_task=,name=copy,tick=12,start_time=1652531.368760,nthreads=4,
start_task=,name=dot,tick=12,start_time=1652531.368772,nthreads=4,
start_task=,name=copy,tick=12,start_time=1652531.368785,nthreads=4,
start_task=,name=dot,tick=12,start_time=1652531.368805,nthreads=4,
message=tick stats,tick=12,estimated_current_power=207.183333,
end_task=,name=subtract,elapsed_seconds=0.222438,predicted_seconds=0.000832,time_percent_error=99.625907,nthreads=8,end_time=1652531.373285,avg_power_W=136.357143,max_power_W=148.000000,avg_time_s=0.222438,released_listeners=2,
start_task=,name=copy,tick=13,start_time=1652531.373304,nthreads=4,
start_task=,name=dot,tick=13,start_time=1652531.373317,nthreads=4,
message=tick stats,tick=13,estimated_current_power=216.700000,
end_task=,name=copy,elapsed_seconds=0.019724,predicted_seconds=0.000920,time_percent_error=95.335078,nthreads=4,end_time=1652531.409966,avg_power_W=136.733333,max_power_W=148.000000,avg_time_s=0.019724,released_listeners=1,
end_task=,name=dot,elapsed_seconds=0.014474,predicted_seconds=0.000674,time_percent_error=95.341273,nthreads=4,end_time=1652531.410001,avg_power_W=136.733333,max_power_W=148.000000,avg_time_s=0.014474,released_listeners=1,
end_task=,name=copy,elapsed_seconds=0.020238,predicted_seconds=0.000920,time_percent_error=95.453440,nthreads=4,end_time=1652531.410043,avg_power_W=136.733333,max_power_W=148.000000,avg_time_s=0.020238,released_listeners=1,
end_task=,name=dot,elapsed_seconds=0.033344,predicted_seconds=0.000674,time_percent_error=97.977799,nthreads=4,end_time=1652531.410070,avg_power_W=136.733333,max_power_W=148.000000,avg_time_s=0.033344,released_listeners=1,
end_task=,name=dot,elapsed_seconds=0.038279,predicted_seconds=0.000674,time_percent_error=98.238463,nthreads=4,end_time=1652531.410099,avg_power_W=136.733333,max_power_W=148.000000,avg_time_s=0.038279,released_listeners=1,
end_task=,name=dot,elapsed_seconds=0.038611,predicted_seconds=0.000674,time_percent_error=98.253644,nthreads=4,end_time=1652531.410124,avg_power_W=136.733333,max_power_W=148.000000,avg_time_s=0.038611,released_listeners=1,
end_task=,name=dot,elapsed_seconds=0.037639,predicted_seconds=0.000674,time_percent_error=98.208515,nthreads=4,end_time=1652531.410149,avg_power_W=136.733333,max_power_W=148.000000,avg_time_s=0.037639,released_listeners=1,
start_task=,name=spmv,tick=14,start_time=1652531.410173,nthreads=14,
start_task=,name=spmv,tick=14,start_time=1652531.410195,nthreads=14,
message=tick stats,tick=14,estimated_current_power=145.366667,
end_task=,name=dot,elapsed_seconds=0.040116,predicted_seconds=0.000674,time_percent_error=98.319137,nthreads=4,end_time=1652531.419523,avg_power_W=136.733333,max_power_W=148.000000,avg_time_s=0.040116,released_listeners=1,
start_task=,name=sum_contribs,tick=15,start_time=1652531.419545,nthreads=4,
message=tick stats,tick=15,estimated_current_power=140.200000,
end_task=,name=copy,elapsed_seconds=0.042601,predicted_seconds=0.000920,time_percent_error=97.840147,nthreads=4,end_time=1652531.419594,avg_power_W=136.733333,max_power_W=148.000000,avg_time_s=0.042601,released_listeners=1,
start_task=,name=spmv,tick=16,start_time=1652531.419617,nthreads=4,
message=tick stats,tick=16,estimated_current_power=130.700000,
end_task=,name=copy,elapsed_seconds=0.046715,predicted_seconds=0.000920,time_percent_error=98.030341,nthreads=4,end_time=1652531.419641,avg_power_W=136.733333,max_power_W=148.000000,avg_time_s=0.046715,released_listeners=1,
end_task=,name=copy,elapsed_seconds=0.048196,predicted_seconds=0.000920,time_percent_error=98.090863,nthreads=4,end_time=1652531.419672,avg_power_W=136.733333,max_power_W=148.000000,avg_time_s=0.048196,released_listeners=1,
start_task=,name=spmv,tick=17,start_time=1652531.419692,nthreads=4,
start_task=,name=spmv,tick=17,start_time=1652531.419718,nthreads=4,
message=tick stats,tick=17,estimated_current_power=111.700000,
end_task=,name=copy,elapsed_seconds=0.047813,predicted_seconds=0.000920,time_percent_error=98.075583,nthreads=4,end_time=1652531.432328,avg_power_W=136.733333,max_power_W=148.000000,avg_time_s=0.047813,released_listeners=1,
start_task=,name=spmv,tick=18,start_time=1652531.432352,nthreads=4,
message=tick stats,tick=18,estimated_current_power=102.200000,
end_task=,name=sum_contribs,elapsed_seconds=0.018005,predicted_seconds=0.000065,time_percent_error=99.637136,nthreads=4,end_time=1652531.457727,avg_power_W=137.062500,max_power_W=148.000000,avg_time_s=0.018005,released_listeners=1,
end_task=,name=spmv,elapsed_seconds=0.053706,predicted_seconds=0.029721,time_percent_error=44.660894,nthreads=14,end_time=1652531.464493,avg_power_W=137.062500,max_power_W=148.000000,avg_time_s=0.053706,released_listeners=1,
start_task=,name=dot,tick=19,start_time=1652531.464521,nthreads=18,
message=tick stats,tick=19,estimated_current_power=98.183333,
end_task=,name=spmv,elapsed_seconds=0.054725,predicted_seconds=0.029721,time_percent_error=45.690474,nthreads=14,end_time=1652531.470418,avg_power_W=137.062500,max_power_W=148.000000,avg_time_s=0.054725,released_listeners=1,
start_task=,name=dot,tick=20,start_time=1652531.470444,nthreads=14,
message=tick stats,tick=20,estimated_current_power=101.600000,
end_task=,name=dot,elapsed_seconds=0.009493,predicted_seconds=0.000233,time_percent_error=97.541531,nthreads=18,end_time=1652531.476322,avg_power_W=137.062500,max_power_W=148.000000,avg_time_s=0.009493,released_listeners=1,
end_task=,name=dot,elapsed_seconds=0.009612,predicted_seconds=0.000293,time_percent_error=96.953061,nthreads=14,end_time=1652531.480621,avg_power_W=137.062500,max_power_W=148.000000,avg_time_s=0.009612,released_listeners=1,
end_task=,name=spmv,elapsed_seconds=0.254699,predicted_seconds=0.085229,time_percent_error=66.537438,nthreads=4,end_time=1652531.674988,avg_power_W=139.550000,max_power_W=152.000000,avg_time_s=0.254699,released_listeners=1,
start_task=,name=dot,tick=21,start_time=1652531.675019,nthreads=36,
message=tick stats,tick=21,estimated_current_power=72.275000,
end_task=,name=spmv,elapsed_seconds=0.259583,predicted_seconds=0.085229,time_percent_error=67.167075,nthreads=4,end_time=1652531.681544,avg_power_W=139.550000,max_power_W=152.000000,avg_time_s=0.259583,released_listeners=1,
start_task=,name=dot,tick=22,start_time=1652531.681565,nthreads=4,
message=tick stats,tick=22,estimated_current_power=76.191667,
end_task=,name=dot,elapsed_seconds=0.010846,predicted_seconds=0.000132,time_percent_error=98.786774,nthreads=36,end_time=1652531.686879,avg_power_W=139.550000,max_power_W=152.000000,avg_time_s=0.010846,released_listeners=1,
end_task=,name=dot,elapsed_seconds=0.008684,predicted_seconds=0.000674,time_percent_error=92.235260,nthreads=4,end_time=1652531.690860,avg_power_W=139.550000,max_power_W=152.000000,avg_time_s=0.008684,released_listeners=1,
end_task=,name=spmv,elapsed_seconds=0.270956,predicted_seconds=0.085229,time_percent_error=68.545170,nthreads=4,end_time=1652531.690882,avg_power_W=139.550000,max_power_W=152.000000,avg_time_s=0.270956,released_listeners=1,
start_task=,name=dot,tick=23,start_time=1652531.690899,nthreads=44,
message=tick stats,tick=23,estimated_current_power=57.533333,
end_task=,name=dot,elapsed_seconds=0.007441,predicted_seconds=0.000126,time_percent_error=98.311264,nthreads=44,end_time=1652531.709546,avg_power_W=139.952381,max_power_W=152.000000,avg_time_s=0.007441,released_listeners=1,
end_task=,name=spmv,elapsed_seconds=0.258621,predicted_seconds=0.085229,time_percent_error=67.044941,nthreads=4,end_time=1652531.709592,avg_power_W=139.952381,max_power_W=152.000000,avg_time_s=0.258621,released_listeners=1,
start_task=,name=dot,tick=24,start_time=1652531.709637,nthreads=48,
message=tick stats,tick=24,estimated_current_power=49.933333,
end_task=,name=dot,elapsed_seconds=0.006108,predicted_seconds=0.000125,time_percent_error=97.960880,nthreads=48,end_time=1652531.716746,avg_power_W=139.952381,max_power_W=152.000000,avg_time_s=0.006108,released_listeners=1,
start_task=,name=sum_contribs,tick=25,start_time=1652531.716770,nthreads=48,
message=tick stats,tick=25,estimated_current_power=54.100000,
end_task=,name=sum_contribs,elapsed_seconds=0.009916,predicted_seconds=0.000100,time_percent_error=98.994869,nthreads=48,end_time=1652531.727378,avg_power_W=139.952381,max_power_W=152.000000,avg_time_s=0.009916,released_listeners=1,
start_task=,name=comp_alpha,tick=26,start_time=1652531.727401,nthreads=48,
message=tick stats,tick=26,estimated_current_power=48.100000,
end_task=,name=comp_alpha,elapsed_seconds=0.004918,predicted_seconds=0.000046,time_percent_error=99.064604,nthreads=48,end_time=1652531.733127,avg_power_W=139.952381,max_power_W=152.000000,avg_time_s=0.004918,released_listeners=12,
start_task=,name=axpy,tick=27,start_time=1652531.733148,nthreads=4,
start_task=,name=axpy,tick=27,start_time=1652531.733161,nthreads=4,
start_task=,name=axpy,tick=27,start_time=1652531.733173,nthreads=4,
start_task=,name=axpy,tick=27,start_time=1652531.733185,nthreads=4,
start_task=,name=axpy,tick=27,start_time=1652531.733232,nthreads=4,
start_task=,name=axpy,tick=27,start_time=1652531.733262,nthreads=4,
start_task=,name=axpy,tick=27,start_time=1652531.733298,nthreads=4,
start_task=,name=axpy,tick=27,start_time=1652531.733330,nthreads=4,
start_task=,name=axpy,tick=27,start_time=1652531.733661,nthreads=4,
start_task=,name=axpy,tick=27,start_time=1652531.733684,nthreads=4,
start_task=,name=axpy,tick=27,start_time=1652531.733704,nthreads=4,
start_task=,name=axpy,tick=27,start_time=1652531.733742,nthreads=4,
message=tick stats,tick=27,estimated_current_power=190.200000,
end_task=,name=axpy,elapsed_seconds=0.038287,predicted_seconds=0.004297,time_percent_error=88.777239,nthreads=4,end_time=1652531.783980,avg_power_W=140.409091,max_power_W=152.000000,avg_time_s=0.038287,released_listeners=0,
end_task=,name=axpy,elapsed_seconds=0.043098,predicted_seconds=0.004297,time_percent_error=90.030070,nthreads=4,end_time=1652531.784022,avg_power_W=140.409091,max_power_W=152.000000,avg_time_s=0.043098,released_listeners=1,
end_task=,name=axpy,elapsed_seconds=0.045532,predicted_seconds=0.004297,time_percent_error=90.563109,nthreads=4,end_time=1652531.784048,avg_power_W=140.409091,max_power_W=152.000000,avg_time_s=0.045532,released_listeners=0,
start_task=,name=dot,tick=28,start_time=1652531.784064,nthreads=12,
message=tick stats,tick=28,estimated_current_power=167.333333,
end_task=,name=axpy,elapsed_seconds=0.038630,predicted_seconds=0.004297,time_percent_error=88.877066,nthreads=4,end_time=1652531.784111,avg_power_W=140.409091,max_power_W=152.000000,avg_time_s=0.038630,released_listeners=1,
start_task=,name=dot,tick=29,start_time=1652531.784135,nthreads=4,
message=tick stats,tick=29,estimated_current_power=166.750000,
end_task=,name=axpy,elapsed_seconds=0.046929,predicted_seconds=0.004297,time_percent_error=90.843955,nthreads=4,end_time=1652531.785578,avg_power_W=140.409091,max_power_W=152.000000,avg_time_s=0.046929,released_listeners=0,
end_task=,name=axpy,elapsed_seconds=0.050238,predicted_seconds=0.004297,time_percent_error=91.447133,nthreads=4,end_time=1652531.808807,avg_power_W=140.608696,max_power_W=152.000000,avg_time_s=0.050238,released_listeners=1,
end_task=,name=axpy,elapsed_seconds=0.044774,predicted_seconds=0.004297,time_percent_error=90.403324,nthreads=4,end_time=1652531.808857,avg_power_W=140.608696,max_power_W=152.000000,avg_time_s=0.044774,released_listeners=0,
end_task=,name=axpy,elapsed_seconds=0.058019,predicted_seconds=0.004297,time_percent_error=92.594161,nthreads=4,end_time=1652531.808892,avg_power_W=140.608696,max_power_W=152.000000,avg_time_s=0.058019,released_listeners=1,
end_task=,name=dot,elapsed_seconds=0.010276,predicted_seconds=0.000342,time_percent_error=96.672008,nthreads=12,end_time=1652531.808922,avg_power_W=140.608696,max_power_W=152.000000,avg_time_s=0.010276,released_listeners=1,
end_task=,name=dot,elapsed_seconds=0.017475,predicted_seconds=0.000674,time_percent_error=96.141302,nthreads=4,end_time=1652531.808961,avg_power_W=140.608696,max_power_W=152.000000,avg_time_s=0.017475,released_listeners=1,
start_task=,name=dot,tick=30,start_time=1652531.808990,nthreads=16,
start_task=,name=dot,tick=30,start_time=1652531.809021,nthreads=16,
message=tick stats,tick=30,estimated_current_power=117.850000,
end_task=,name=axpy,elapsed_seconds=0.052819,predicted_seconds=0.004297,time_percent_error=91.864949,nthreads=4,end_time=1652531.809054,avg_power_W=140.608696,max_power_W=152.000000,avg_time_s=0.052819,released_listeners=1,
end_task=,name=axpy,elapsed_seconds=0.047951,predicted_seconds=0.004297,time_percent_error=91.039180,nthreads=4,end_time=1652531.809074,avg_power_W=140.608696,max_power_W=152.000000,avg_time_s=0.047951,released_listeners=0,
end_task=,name=axpy,elapsed_seconds=0.044263,predicted_seconds=0.004297,time_percent_error=90.292571,nthreads=4,end_time=1652531.809111,avg_power_W=140.608696,max_power_W=152.000000,avg_time_s=0.044263,released_listeners=0,
end_task=,name=axpy,elapsed_seconds=0.057148,predicted_seconds=0.004297,time_percent_error=92.481189,nthreads=4,end_time=1652531.809176,avg_power_W=140.608696,max_power_W=152.000000,avg_time_s=0.057148,released_listeners=1,
start_task=,name=dot,tick=31,start_time=1652531.809202,nthreads=8,
start_task=,name=dot,tick=31,start_time=1652531.809227,nthreads=8,
message=tick stats,tick=31,estimated_current_power=98.733333,
end_task=,name=dot,elapsed_seconds=0.018934,predicted_seconds=0.000272,time_percent_error=98.565006,nthreads=16,end_time=1652531.828153,avg_power_W=140.608696,max_power_W=152.000000,avg_time_s=0.018934,released_listeners=1,
end_task=,name=dot,elapsed_seconds=0.018928,predicted_seconds=0.000272,time_percent_error=98.564548,nthreads=16,end_time=1652531.828200,avg_power_W=140.608696,max_power_W=152.000000,avg_time_s=0.018928,released_listeners=1,
end_task=,name=dot,elapsed_seconds=0.019049,predicted_seconds=0.000477,time_percent_error=97.495973,nthreads=8,end_time=1652531.828583,avg_power_W=140.608696,max_power_W=152.000000,avg_time_s=0.019049,released_listeners=1,
end_task=,name=dot,elapsed_seconds=0.023593,predicted_seconds=0.000477,time_percent_error=97.978250,nthreads=8,end_time=1652531.833443,avg_power_W=140.608696,max_power_W=152.000000,avg_time_s=0.023593,released_listeners=1,
start_task=,name=sum_contribs,tick=32,start_time=1652531.833487,nthreads=48,
message=tick stats,tick=32,estimated_current_power=54.100000,
end_task=,name=sum_contribs,elapsed_seconds=0.005494,predicted_seconds=0.000100,time_percent_error=98.185744,nthreads=48,end_time=1652531.839537,avg_power_W=140.608696,max_power_W=152.000000,avg_time_s=0.005494,released_listeners=2,
start_task=,name=comp_beta,tick=33,start_time=1652531.839558,nthreads=24,
start_task=,name=assign,tick=33,start_time=1652531.839574,nthreads=24,
message=tick stats,tick=33,estimated_current_power=42.200000,
end_task=,name=assign,elapsed_seconds=0.004527,predicted_seconds=0.000047,time_percent_error=98.961746,nthreads=24,end_time=1652531.856758,avg_power_W=140.916667,max_power_W=152.000000,avg_time_s=0.004527,released_listeners=0,
end_task=,name=comp_beta,elapsed_seconds=0.007375,predicted_seconds=0.000050,time_percent_error=99.322038,nthreads=24,end_time=1652531.856896,avg_power_W=140.916667,max_power_W=152.000000,avg_time_s=0.007375,released_listeners=6,
start_task=,name=xapy,tick=34,start_time=1652531.856931,nthreads=8,
start_task=,name=xapy,tick=34,start_time=1652531.856957,nthreads=8,
start_task=,name=xapy,tick=34,start_time=1652531.856980,nthreads=8,
start_task=,name=xapy,tick=34,start_time=1652531.857002,nthreads=8,
start_task=,name=xapy,tick=34,start_time=1652531.857041,nthreads=8,
start_task=,name=xapy,tick=34,start_time=1652531.857114,nthreads=8,
message=tick stats,tick=34,estimated_current_power=132.600000,
end_task=,name=xapy,elapsed_seconds=0.016730,predicted_seconds=0.004213,time_percent_error=74.820255,nthreads=8,end_time=1652531.877911,avg_power_W=140.916667,max_power_W=152.000000,avg_time_s=0.016730,released_listeners=0,
end_task=,name=xapy,elapsed_seconds=0.017479,predicted_seconds=0.004213,time_percent_error=75.899578,nthreads=8,end_time=1652531.877949,avg_power_W=140.916667,max_power_W=152.000000,avg_time_s=0.017479,released_listeners=0,
end_task=,name=xapy,elapsed_seconds=0.018312,predicted_seconds=0.004213,time_percent_error=76.995544,nthreads=8,end_time=1652531.877973,avg_power_W=140.916667,max_power_W=152.000000,avg_time_s=0.018312,released_listeners=0,
end_task=,name=xapy,elapsed_seconds=0.019021,predicted_seconds=0.004213,time_percent_error=77.852904,nthreads=8,end_time=1652531.877988,avg_power_W=140.916667,max_power_W=152.000000,avg_time_s=0.019021,released_listeners=0,
end_task=,name=xapy,elapsed_seconds=0.019387,predicted_seconds=0.004213,time_percent_error=78.271107,nthreads=8,end_time=1652531.878061,avg_power_W=140.916667,max_power_W=152.000000,avg_time_s=0.019387,released_listeners=0,
end_task=,name=xapy,elapsed_seconds=0.024867,predicted_seconds=0.004213,time_percent_error=83.059447,nthreads=8,end_time=1652531.882623,avg_power_W=140.916667,max_power_W=152.000000,avg_time_s=0.024867,released_listeners=0,
est_max_power=216.700000,
average_power_W=140.916667,
max_power_W=152.000000,
time_s=1.240753,
message=ALL DONE,
