message=cataloging configuration,max_threads=23,power_limit=inf,
start_task=,name=start,tick=1,start_time=1652923.786606,nthreads=23,
message=tick stats,tick=1,estimated_current_power=8.100000,
end_task=,name=start,elapsed_seconds=0.009657,predicted_seconds=0.000000,time_percent_error=100.000000,nthreads=23,end_time=1652923.797770,avg_power_W=-nan,max_power_W=0.000000,avg_time_s=0.009657,released_listeners=6,
start_task=,name=spmv,tick=2,start_time=1652923.797791,nthreads=4,
start_task=,name=spmv,tick=2,start_time=1652923.797805,nthreads=4,
start_task=,name=spmv,tick=2,start_time=1652923.797818,nthreads=4,
start_task=,name=spmv,tick=2,start_time=1652923.797863,nthreads=4,
start_task=,name=spmv,tick=2,start_time=1652923.797884,nthreads=4,
start_task=,name=spmv,tick=2,start_time=1652923.798111,nthreads=3,
message=tick stats,tick=2,estimated_current_power=70.975000,
end_task=,name=spmv,elapsed_seconds=0.487502,predicted_seconds=0.085229,time_percent_error=82.517267,nthreads=4,end_time=1652924.285978,avg_power_W=123.666667,max_power_W=132.000000,avg_time_s=0.487502,released_listeners=1,
start_task=,name=subtract,tick=3,start_time=1652924.286013,nthreads=4,
message=tick stats,tick=3,estimated_current_power=80.600000,
end_task=,name=spmv,elapsed_seconds=0.507574,predicted_seconds=0.085229,time_percent_error=83.208620,nthreads=4,end_time=1652924.305984,avg_power_W=124.700000,max_power_W=134.000000,avg_time_s=0.507574,released_listeners=1,
start_task=,name=subtract,tick=4,start_time=1652924.306009,nthreads=4,
message=tick stats,tick=4,estimated_current_power=90.225000,
end_task=,name=spmv,elapsed_seconds=0.508694,predicted_seconds=0.085229,time_percent_error=83.245563,nthreads=4,end_time=1652924.312328,avg_power_W=124.700000,max_power_W=134.000000,avg_time_s=0.508694,released_listeners=1,
start_task=,name=subtract,tick=5,start_time=1652924.312350,nthreads=4,
message=tick stats,tick=5,estimated_current_power=99.850000,
end_task=,name=spmv,elapsed_seconds=0.508154,predicted_seconds=0.085229,time_percent_error=83.227780,nthreads=4,end_time=1652924.312368,avg_power_W=124.700000,max_power_W=134.000000,avg_time_s=0.508154,released_listeners=1,
start_task=,name=subtract,tick=6,start_time=1652924.312378,nthreads=4,
message=tick stats,tick=6,estimated_current_power=109.475000,
end_task=,name=spmv,elapsed_seconds=0.519327,predicted_seconds=0.085229,time_percent_error=83.588622,nthreads=4,end_time=1652924.321601,avg_power_W=124.700000,max_power_W=134.000000,avg_time_s=0.519327,released_listeners=1,
start_task=,name=subtract,tick=7,start_time=1652924.321622,nthreads=4,
message=tick stats,tick=7,estimated_current_power=119.100000,
end_task=,name=subtract,elapsed_seconds=0.080154,predicted_seconds=0.001267,time_percent_error=98.419752,nthreads=4,end_time=1652924.402392,avg_power_W=126.416667,max_power_W=136.000000,avg_time_s=0.080154,released_listeners=2,
start_task=,name=copy,tick=8,start_time=1652924.402414,nthreads=2,
start_task=,name=dot,tick=8,start_time=1652924.402433,nthreads=2,
message=tick stats,tick=8,estimated_current_power=128.658333,
end_task=,name=subtract,elapsed_seconds=0.115808,predicted_seconds=0.001267,time_percent_error=98.906272,nthreads=4,end_time=1652924.402452,avg_power_W=126.416667,max_power_W=136.000000,avg_time_s=0.115808,released_listeners=2,
end_task=,name=subtract,elapsed_seconds=0.095858,predicted_seconds=0.001267,time_percent_error=98.678646,nthreads=4,end_time=1652924.402462,avg_power_W=126.416667,max_power_W=136.000000,avg_time_s=0.095858,released_listeners=2,
end_task=,name=subtract,elapsed_seconds=0.089558,predicted_seconds=0.001267,time_percent_error=98.585688,nthreads=4,end_time=1652924.402487,avg_power_W=126.416667,max_power_W=136.000000,avg_time_s=0.089558,released_listeners=2,
end_task=,name=subtract,elapsed_seconds=0.089451,predicted_seconds=0.001267,time_percent_error=98.583997,nthreads=4,end_time=1652924.402510,avg_power_W=126.416667,max_power_W=136.000000,avg_time_s=0.089451,released_listeners=2,
start_task=,name=copy,tick=9,start_time=1652924.402524,nthreads=2,
start_task=,name=dot,tick=9,start_time=1652924.402536,nthreads=2,
start_task=,name=copy,tick=9,start_time=1652924.402554,nthreads=2,
start_task=,name=dot,tick=9,start_time=1652924.402573,nthreads=2,
start_task=,name=copy,tick=9,start_time=1652924.402602,nthreads=2,
start_task=,name=dot,tick=9,start_time=1652924.402631,nthreads=2,
start_task=,name=copy,tick=9,start_time=1652924.402861,nthreads=2,
start_task=,name=dot,tick=9,start_time=1652924.402891,nthreads=2,
message=tick stats,tick=9,estimated_current_power=166.891667,
end_task=,name=spmv,elapsed_seconds=0.619065,predicted_seconds=0.117407,time_percent_error=81.034839,nthreads=3,end_time=1652924.453675,avg_power_W=126.692308,max_power_W=136.000000,avg_time_s=0.619065,released_listeners=1,
end_task=,name=dot,elapsed_seconds=0.047734,predicted_seconds=0.001053,time_percent_error=97.794119,nthreads=2,end_time=1652924.453721,avg_power_W=126.692308,max_power_W=136.000000,avg_time_s=0.047734,released_listeners=1,
end_task=,name=dot,elapsed_seconds=0.047785,predicted_seconds=0.001053,time_percent_error=97.796478,nthreads=2,end_time=1652924.453753,avg_power_W=126.692308,max_power_W=136.000000,avg_time_s=0.047785,released_listeners=1,
end_task=,name=dot,elapsed_seconds=0.047764,predicted_seconds=0.001053,time_percent_error=97.795476,nthreads=2,end_time=1652924.453779,avg_power_W=126.692308,max_power_W=136.000000,avg_time_s=0.047764,released_listeners=1,
start_task=,name=subtract,tick=10,start_time=1652924.453801,nthreads=9,
message=tick stats,tick=10,estimated_current_power=136.591667,
end_task=,name=dot,elapsed_seconds=0.056115,predicted_seconds=0.001053,time_percent_error=98.123560,nthreads=2,end_time=1652924.460876,avg_power_W=126.692308,max_power_W=136.000000,avg_time_s=0.056115,released_listeners=1,
end_task=,name=dot,elapsed_seconds=0.054591,predicted_seconds=0.001053,time_percent_error=98.071194,nthreads=2,end_time=1652924.461093,avg_power_W=126.692308,max_power_W=136.000000,avg_time_s=0.054591,released_listeners=1,
end_task=,name=copy,elapsed_seconds=0.058703,predicted_seconds=0.001555,time_percent_error=97.350859,nthreads=2,end_time=1652924.464302,avg_power_W=126.692308,max_power_W=136.000000,avg_time_s=0.058703,released_listeners=1,
start_task=,name=spmv,tick=11,start_time=1652924.464328,nthreads=6,
message=tick stats,tick=11,estimated_current_power=108.662500,
end_task=,name=copy,elapsed_seconds=0.061582,predicted_seconds=0.001555,time_percent_error=97.474705,nthreads=2,end_time=1652924.464349,avg_power_W=126.692308,max_power_W=136.000000,avg_time_s=0.061582,released_listeners=1,
start_task=,name=spmv,tick=12,start_time=1652924.464369,nthreads=2,
message=tick stats,tick=12,estimated_current_power=104.225000,
end_task=,name=subtract,elapsed_seconds=0.020431,predicted_seconds=0.000803,time_percent_error=96.067285,nthreads=9,end_time=1652924.474488,avg_power_W=126.692308,max_power_W=136.000000,avg_time_s=0.020431,released_listeners=2,
start_task=,name=copy,tick=13,start_time=1652924.474515,nthreads=5,
start_task=,name=dot,tick=13,start_time=1652924.474536,nthreads=4,
message=tick stats,tick=13,estimated_current_power=115.116667,
end_task=,name=copy,elapsed_seconds=0.068839,predicted_seconds=0.001555,time_percent_error=97.740924,nthreads=2,end_time=1652924.474559,avg_power_W=126.692308,max_power_W=136.000000,avg_time_s=0.068839,released_listeners=1,
start_task=,name=spmv,tick=14,start_time=1652924.474577,nthreads=2,
message=tick stats,tick=14,estimated_current_power=110.679167,
end_task=,name=copy,elapsed_seconds=0.075623,predicted_seconds=0.001555,time_percent_error=97.943593,nthreads=2,end_time=1652924.486022,avg_power_W=126.692308,max_power_W=136.000000,avg_time_s=0.075623,released_listeners=1,
start_task=,name=spmv,tick=15,start_time=1652924.486047,nthreads=2,
message=tick stats,tick=15,estimated_current_power=106.241667,
end_task=,name=copy,elapsed_seconds=0.079917,predicted_seconds=0.001555,time_percent_error=98.054065,nthreads=2,end_time=1652924.507777,avg_power_W=127.357143,max_power_W=136.000000,avg_time_s=0.079917,released_listeners=1,
end_task=,name=copy,elapsed_seconds=0.022096,predicted_seconds=0.000798,time_percent_error=96.390215,nthreads=5,end_time=1652924.507803,avg_power_W=127.357143,max_power_W=136.000000,avg_time_s=0.022096,released_listeners=1,
end_task=,name=dot,elapsed_seconds=0.015091,predicted_seconds=0.000674,time_percent_error=95.531895,nthreads=4,end_time=1652924.507828,avg_power_W=127.357143,max_power_W=136.000000,avg_time_s=0.015091,released_listeners=1,
start_task=,name=spmv,tick=16,start_time=1652924.507841,nthreads=4,
start_task=,name=spmv,tick=16,start_time=1652924.507855,nthreads=4,
start_task=,name=sum_contribs,tick=16,start_time=1652924.507867,nthreads=3,
message=tick stats,tick=16,estimated_current_power=86.491667,
end_task=,name=sum_contribs,elapsed_seconds=0.012356,predicted_seconds=0.000063,time_percent_error=99.492837,nthreads=3,end_time=1652924.521320,avg_power_W=127.357143,max_power_W=136.000000,avg_time_s=0.012356,released_listeners=1,
end_task=,name=spmv,elapsed_seconds=0.124641,predicted_seconds=0.055750,time_percent_error=55.271785,nthreads=6,end_time=1652924.602993,avg_power_W=128.625000,max_power_W=138.000000,avg_time_s=0.124641,released_listeners=1,
start_task=,name=dot,tick=17,start_time=1652924.603037,nthreads=9,
message=tick stats,tick=17,estimated_current_power=80.870833,
end_task=,name=dot,elapsed_seconds=0.005737,predicted_seconds=0.000455,time_percent_error=92.072765,nthreads=9,end_time=1652924.609407,avg_power_W=128.625000,max_power_W=138.000000,avg_time_s=0.005737,released_listeners=1,
end_task=,name=spmv,elapsed_seconds=0.157769,predicted_seconds=0.085229,time_percent_error=45.978695,nthreads=4,end_time=1652924.666243,avg_power_W=128.941176,max_power_W=138.000000,avg_time_s=0.157769,released_listeners=1,
start_task=,name=dot,tick=18,start_time=1652924.666285,nthreads=13,
message=tick stats,tick=18,estimated_current_power=71.812500,
end_task=,name=spmv,elapsed_seconds=0.163411,predicted_seconds=0.085229,time_percent_error=47.843839,nthreads=4,end_time=1652924.673226,avg_power_W=128.941176,max_power_W=138.000000,avg_time_s=0.163411,released_listeners=1,
start_task=,name=dot,tick=19,start_time=1652924.673261,nthreads=4,
message=tick stats,tick=19,estimated_current_power=75.729167,
end_task=,name=dot,elapsed_seconds=0.010502,predicted_seconds=0.000311,time_percent_error=97.035621,nthreads=13,end_time=1652924.679298,avg_power_W=128.941176,max_power_W=138.000000,avg_time_s=0.010502,released_listeners=1,
end_task=,name=dot,elapsed_seconds=0.009112,predicted_seconds=0.000674,time_percent_error=92.599645,nthreads=4,end_time=1652924.683415,avg_power_W=128.941176,max_power_W=138.000000,avg_time_s=0.009112,released_listeners=1,
end_task=,name=spmv,elapsed_seconds=0.480659,predicted_seconds=0.186911,time_percent_error=61.113614,nthreads=2,end_time=1652924.967280,avg_power_W=129.086957,max_power_W=138.000000,avg_time_s=0.480659,released_listeners=1,
start_task=,name=dot,tick=20,start_time=1652924.967323,nthreads=19,
message=tick stats,tick=20,estimated_current_power=50.050000,
end_task=,name=spmv,elapsed_seconds=0.510354,predicted_seconds=0.186911,time_percent_error=63.376207,nthreads=2,end_time=1652924.975379,avg_power_W=129.086957,max_power_W=138.000000,avg_time_s=0.510354,released_listeners=1,
start_task=,name=dot,tick=21,start_time=1652924.975431,nthreads=2,
message=tick stats,tick=21,estimated_current_power=52.820833,
end_task=,name=spmv,elapsed_seconds=0.500724,predicted_seconds=0.186911,time_percent_error=62.671860,nthreads=2,end_time=1652924.975527,avg_power_W=129.086957,max_power_W=138.000000,avg_time_s=0.500724,released_listeners=1,
start_task=,name=dot,tick=22,start_time=1652924.975573,nthreads=2,
message=tick stats,tick=22,estimated_current_power=55.591667,
end_task=,name=dot,elapsed_seconds=0.008036,predicted_seconds=0.000231,time_percent_error=97.129195,nthreads=19,end_time=1652924.975597,avg_power_W=129.086957,max_power_W=138.000000,avg_time_s=0.008036,released_listeners=1,
end_task=,name=dot,elapsed_seconds=0.008608,predicted_seconds=0.001053,time_percent_error=87.767082,nthreads=2,end_time=1652924.984521,avg_power_W=129.086957,max_power_W=138.000000,avg_time_s=0.008608,released_listeners=1,
end_task=,name=dot,elapsed_seconds=0.012627,predicted_seconds=0.001053,time_percent_error=91.661249,nthreads=2,end_time=1652925.002314,avg_power_W=129.041667,max_power_W=138.000000,avg_time_s=0.012627,released_listeners=1,
start_task=,name=sum_contribs,tick=23,start_time=1652925.002359,nthreads=23,
message=tick stats,tick=23,estimated_current_power=31.100000,
end_task=,name=sum_contribs,elapsed_seconds=0.005926,predicted_seconds=0.000085,time_percent_error=98.565529,nthreads=23,end_time=1652925.008856,avg_power_W=129.041667,max_power_W=138.000000,avg_time_s=0.005926,released_listeners=1,
start_task=,name=comp_alpha,tick=24,start_time=1652925.008894,nthreads=23,
message=tick stats,tick=24,estimated_current_power=27.100000,
end_task=,name=comp_alpha,elapsed_seconds=0.004860,predicted_seconds=0.000044,time_percent_error=99.094703,nthreads=23,end_time=1652925.014456,avg_power_W=129.041667,max_power_W=138.000000,avg_time_s=0.004860,released_listeners=12,
start_task=,name=axpy,tick=25,start_time=1652925.014475,nthreads=2,
start_task=,name=axpy,tick=25,start_time=1652925.014488,nthreads=2,
start_task=,name=axpy,tick=25,start_time=1652925.014500,nthreads=2,
start_task=,name=axpy,tick=25,start_time=1652925.014511,nthreads=2,
start_task=,name=axpy,tick=25,start_time=1652925.014552,nthreads=2,
start_task=,name=axpy,tick=25,start_time=1652925.014591,nthreads=2,
start_task=,name=axpy,tick=25,start_time=1652925.014623,nthreads=2,
start_task=,name=axpy,tick=25,start_time=1652925.014700,nthreads=2,
start_task=,name=axpy,tick=25,start_time=1652925.014723,nthreads=2,
start_task=,name=axpy,tick=25,start_time=1652925.015047,nthreads=2,
start_task=,name=axpy,tick=25,start_time=1652925.015082,nthreads=2,
start_task=,name=axpy,tick=25,start_time=1652925.015106,nthreads=1,
message=tick stats,tick=25,estimated_current_power=148.825000,
end_task=,name=axpy,elapsed_seconds=0.031528,predicted_seconds=0.006491,time_percent_error=79.411147,nthreads=2,end_time=1652925.052135,avg_power_W=129.120000,max_power_W=138.000000,avg_time_s=0.031528,released_listeners=0,
end_task=,name=axpy,elapsed_seconds=0.037205,predicted_seconds=0.006491,time_percent_error=82.552717,nthreads=2,end_time=1652925.052210,avg_power_W=129.120000,max_power_W=138.000000,avg_time_s=0.037205,released_listeners=1,
start_task=,name=dot,tick=26,start_time=1652925.052233,nthreads=4,
message=tick stats,tick=26,estimated_current_power=138.766667,
end_task=,name=axpy,elapsed_seconds=0.034314,predicted_seconds=0.006491,time_percent_error=81.083140,nthreads=2,end_time=1652925.053290,avg_power_W=129.120000,max_power_W=138.000000,avg_time_s=0.034314,released_listeners=1,
start_task=,name=dot,tick=27,start_time=1652925.053315,nthreads=2,
message=tick stats,tick=27,estimated_current_power=140.537500,
end_task=,name=axpy,elapsed_seconds=0.041780,predicted_seconds=0.006491,time_percent_error=84.463394,nthreads=2,end_time=1652925.063303,avg_power_W=129.120000,max_power_W=138.000000,avg_time_s=0.041780,released_listeners=0,
end_task=,name=axpy,elapsed_seconds=0.039901,predicted_seconds=0.006491,time_percent_error=83.731760,nthreads=2,end_time=1652925.063336,avg_power_W=129.120000,max_power_W=138.000000,avg_time_s=0.039901,released_listeners=0,
end_task=,name=axpy,elapsed_seconds=0.039061,predicted_seconds=0.006491,time_percent_error=83.382035,nthreads=2,end_time=1652925.063358,avg_power_W=129.120000,max_power_W=138.000000,avg_time_s=0.039061,released_listeners=0,
end_task=,name=axpy,elapsed_seconds=0.042355,predicted_seconds=0.006491,time_percent_error=84.674198,nthreads=2,end_time=1652925.063590,avg_power_W=129.120000,max_power_W=138.000000,avg_time_s=0.042355,released_listeners=1,
start_task=,name=dot,tick=28,start_time=1652925.063613,nthreads=8,
message=tick stats,tick=28,estimated_current_power=112.029167,
end_task=,name=axpy,elapsed_seconds=0.043578,predicted_seconds=0.006491,time_percent_error=85.104521,nthreads=2,end_time=1652925.064863,avg_power_W=129.120000,max_power_W=138.000000,avg_time_s=0.043578,released_listeners=1,
start_task=,name=dot,tick=29,start_time=1652925.064886,nthreads=2,
message=tick stats,tick=29,estimated_current_power=113.800000,
end_task=,name=axpy,elapsed_seconds=0.047236,predicted_seconds=0.006491,time_percent_error=86.257900,nthreads=2,end_time=1652925.064915,avg_power_W=129.120000,max_power_W=138.000000,avg_time_s=0.047236,released_listeners=0,
end_task=,name=axpy,elapsed_seconds=0.044168,predicted_seconds=0.006491,time_percent_error=85.303454,nthreads=2,end_time=1652925.073828,avg_power_W=129.120000,max_power_W=138.000000,avg_time_s=0.044168,released_listeners=0,
end_task=,name=axpy,elapsed_seconds=0.047404,predicted_seconds=0.006491,time_percent_error=86.306589,nthreads=2,end_time=1652925.073894,avg_power_W=129.120000,max_power_W=138.000000,avg_time_s=0.047404,released_listeners=1,
start_task=,name=dot,tick=30,start_time=1652925.073915,nthreads=6,
message=tick stats,tick=30,estimated_current_power=97.079167,
end_task=,name=dot,elapsed_seconds=0.020149,predicted_seconds=0.000674,time_percent_error=96.653444,nthreads=4,end_time=1652925.077566,avg_power_W=129.120000,max_power_W=138.000000,avg_time_s=0.020149,released_listeners=1,
end_task=,name=dot,elapsed_seconds=0.019969,predicted_seconds=0.001053,time_percent_error=94.727138,nthreads=2,end_time=1652925.077676,avg_power_W=129.120000,max_power_W=138.000000,avg_time_s=0.019969,released_listeners=1,
end_task=,name=axpy,elapsed_seconds=0.049801,predicted_seconds=0.003176,time_percent_error=93.623172,nthreads=1,end_time=1652925.077957,avg_power_W=129.120000,max_power_W=138.000000,avg_time_s=0.049801,released_listeners=1,
start_task=,name=dot,tick=31,start_time=1652925.077978,nthreads=7,
message=tick stats,tick=31,estimated_current_power=78.233333,
end_task=,name=dot,elapsed_seconds=0.011509,predicted_seconds=0.000477,time_percent_error=95.855436,nthreads=8,end_time=1652925.082716,avg_power_W=129.120000,max_power_W=138.000000,avg_time_s=0.011509,released_listeners=1,
end_task=,name=dot,elapsed_seconds=0.011188,predicted_seconds=0.000543,time_percent_error=95.149004,nthreads=6,end_time=1652925.085642,avg_power_W=129.120000,max_power_W=138.000000,avg_time_s=0.011188,released_listeners=1,
end_task=,name=dot,elapsed_seconds=0.014919,predicted_seconds=0.001053,time_percent_error=92.942326,nthreads=2,end_time=1652925.086190,avg_power_W=129.120000,max_power_W=138.000000,avg_time_s=0.014919,released_listeners=1,
end_task=,name=dot,elapsed_seconds=0.010775,predicted_seconds=0.000506,time_percent_error=95.300734,nthreads=7,end_time=1652925.104602,avg_power_W=129.269231,max_power_W=138.000000,avg_time_s=0.010775,released_listeners=1,
start_task=,name=sum_contribs,tick=32,start_time=1652925.104643,nthreads=23,
message=tick stats,tick=32,estimated_current_power=31.100000,
end_task=,name=sum_contribs,elapsed_seconds=0.004641,predicted_seconds=0.000085,time_percent_error=98.168337,nthreads=23,end_time=1652925.110026,avg_power_W=129.269231,max_power_W=138.000000,avg_time_s=0.004641,released_listeners=2,
start_task=,name=comp_beta,tick=33,start_time=1652925.110048,nthreads=12,
start_task=,name=assign,tick=33,start_time=1652925.110062,nthreads=11,
message=tick stats,tick=33,estimated_current_power=32.200000,
end_task=,name=comp_beta,elapsed_seconds=0.004770,predicted_seconds=0.000051,time_percent_error=98.930847,nthreads=12,end_time=1652925.116938,avg_power_W=129.269231,max_power_W=138.000000,avg_time_s=0.004770,released_listeners=6,
start_task=,name=xapy,tick=34,start_time=1652925.116958,nthreads=2,
start_task=,name=xapy,tick=34,start_time=1652925.116972,nthreads=2,
start_task=,name=xapy,tick=34,start_time=1652925.116983,nthreads=2,
start_task=,name=xapy,tick=34,start_time=1652925.117268,nthreads=2,
start_task=,name=xapy,tick=34,start_time=1652925.117331,nthreads=2,
start_task=,name=xapy,tick=34,start_time=1652925.117390,nthreads=2,
message=tick stats,tick=34,estimated_current_power=103.950000,
end_task=,name=assign,elapsed_seconds=0.007308,predicted_seconds=0.000050,time_percent_error=99.315806,nthreads=11,end_time=1652925.132800,avg_power_W=129.269231,max_power_W=138.000000,avg_time_s=0.007308,released_listeners=0,
end_task=,name=xapy,elapsed_seconds=0.020328,predicted_seconds=0.007841,time_percent_error=61.425976,nthreads=2,end_time=1652925.153270,avg_power_W=129.555556,max_power_W=138.000000,avg_time_s=0.020328,released_listeners=0,
end_task=,name=xapy,elapsed_seconds=0.020317,predicted_seconds=0.007841,time_percent_error=61.404019,nthreads=2,end_time=1652925.153325,avg_power_W=129.555556,max_power_W=138.000000,avg_time_s=0.020317,released_listeners=0,
end_task=,name=xapy,elapsed_seconds=0.024504,predicted_seconds=0.007841,time_percent_error=67.999277,nthreads=2,end_time=1652925.153360,avg_power_W=129.555556,max_power_W=138.000000,avg_time_s=0.024504,released_listeners=0,
end_task=,name=xapy,elapsed_seconds=0.020173,predicted_seconds=0.007841,time_percent_error=61.129149,nthreads=2,end_time=1652925.153390,avg_power_W=129.555556,max_power_W=138.000000,avg_time_s=0.020173,released_listeners=0,
end_task=,name=xapy,elapsed_seconds=0.024383,predicted_seconds=0.007841,time_percent_error=67.840450,nthreads=2,end_time=1652925.153418,avg_power_W=129.555556,max_power_W=138.000000,avg_time_s=0.024383,released_listeners=0,
end_task=,name=xapy,elapsed_seconds=0.028450,predicted_seconds=0.007841,time_percent_error=72.437794,nthreads=2,end_time=1652925.153451,avg_power_W=129.555556,max_power_W=138.000000,avg_time_s=0.028450,released_listeners=0,
est_max_power=166.891667,
average_power_W=129.555556,
max_power_W=138.000000,
time_s=1.366874,
message=ALL DONE,
