message=cataloging configuration,max_threads=112,power_limit=280.000000,
start_task=,name=start,tick=1,start_time=413338.734387,nthreads=70,
message=tick stats,tick=1,estimated_current_power=17.100000,
end_task=,name=start,elapsed_seconds=0.009889,predicted_seconds=0.000000,time_percent_error=100.000000,nthreads=70,end_time=413338.745697,avg_power_W=-nan,max_power_W=0.000000,avg_time_s=0.009889,released_listeners=8,
start_task=,name=spmv,tick=2,start_time=413338.766053,nthreads=15,
start_task=,name=spmv,tick=2,start_time=413338.766075,nthreads=15,
start_task=,name=spmv,tick=2,start_time=413338.766087,nthreads=15,
start_task=,name=spmv,tick=2,start_time=413338.766357,nthreads=15,
start_task=,name=spmv,tick=2,start_time=413338.766411,nthreads=13,
start_task=,name=spmv,tick=2,start_time=413338.766459,nthreads=13,
start_task=,name=spmv,tick=2,start_time=413338.766993,nthreads=13,
start_task=,name=spmv,tick=2,start_time=413338.767438,nthreads=13,
message=tick stats,tick=2,estimated_current_power=187.800000,
end_task=,name=spmv,elapsed_seconds=0.562974,predicted_seconds=0.026866,time_percent_error=95.227925,nthreads=13,end_time=413339.329924,avg_power_W=128.545455,max_power_W=151.000000,avg_time_s=0.562974,released_listeners=1,
start_task=,name=subtract,tick=3,start_time=413339.330133,nthreads=12,
message=tick stats,tick=3,estimated_current_power=192.737500,
end_task=,name=spmv,elapsed_seconds=0.563296,predicted_seconds=0.022867,time_percent_error=95.940409,nthreads=15,end_time=413339.330193,avg_power_W=128.545455,max_power_W=151.000000,avg_time_s=0.563296,released_listeners=1,
end_task=,name=spmv,elapsed_seconds=0.563296,predicted_seconds=0.022867,time_percent_error=95.940414,nthreads=15,end_time=413339.330243,avg_power_W=128.545455,max_power_W=151.000000,avg_time_s=0.563296,released_listeners=1,
end_task=,name=spmv,elapsed_seconds=0.563082,predicted_seconds=0.022867,time_percent_error=95.938868,nthreads=15,end_time=413339.330300,avg_power_W=128.545455,max_power_W=151.000000,avg_time_s=0.563082,released_listeners=1,
start_task=,name=subtract,tick=4,start_time=413339.331214,nthreads=17,
start_task=,name=subtract,tick=4,start_time=413339.331251,nthreads=14,
start_task=,name=subtract,tick=4,start_time=413339.331292,nthreads=14,
message=tick stats,tick=4,estimated_current_power=214.800000,
end_task=,name=spmv,elapsed_seconds=0.585360,predicted_seconds=0.026866,time_percent_error=95.410419,nthreads=13,end_time=413339.377226,avg_power_W=130.500000,max_power_W=152.000000,avg_time_s=0.585360,released_listeners=1,
start_task=,name=subtract,tick=5,start_time=413339.377395,nthreads=14,
message=tick stats,tick=5,estimated_current_power=222.487500,
end_task=,name=spmv,elapsed_seconds=0.603472,predicted_seconds=0.022867,time_percent_error=96.210675,nthreads=15,end_time=413339.398570,avg_power_W=132.384615,max_power_W=155.000000,avg_time_s=0.603472,released_listeners=1,
end_task=,name=spmv,elapsed_seconds=0.565040,predicted_seconds=0.026866,time_percent_error=95.245367,nthreads=13,end_time=413339.398624,avg_power_W=132.384615,max_power_W=155.000000,avg_time_s=0.565040,released_listeners=1,
start_task=,name=subtract,tick=6,start_time=413339.399422,nthreads=14,
start_task=,name=subtract,tick=6,start_time=413339.399464,nthreads=14,
message=tick stats,tick=6,estimated_current_power=237.237500,
end_task=,name=spmv,elapsed_seconds=0.632441,predicted_seconds=0.026866,time_percent_error=95.752084,nthreads=13,end_time=413339.409315,avg_power_W=132.384615,max_power_W=155.000000,avg_time_s=0.632441,released_listeners=1,
start_task=,name=subtract,tick=7,start_time=413339.409470,nthreads=12,
message=tick stats,tick=7,estimated_current_power=242.175000,
end_task=,name=subtract,elapsed_seconds=0.035206,predicted_seconds=0.000698,time_percent_error=98.016304,nthreads=12,end_time=413339.448542,avg_power_W=134.142857,max_power_W=157.000000,avg_time_s=0.035206,released_listeners=2,
start_task=,name=copy,tick=8,start_time=413339.448865,nthreads=11,
start_task=,name=dot,tick=8,start_time=413339.448880,nthreads=1,
message=tick stats,tick=8,estimated_current_power=254.733333,
end_task=,name=subtract,elapsed_seconds=0.107034,predicted_seconds=0.000698,time_percent_error=99.347523,nthreads=12,end_time=413339.448902,avg_power_W=134.142857,max_power_W=157.000000,avg_time_s=0.107034,released_listeners=2,
end_task=,name=subtract,elapsed_seconds=0.108340,predicted_seconds=0.000620,time_percent_error=99.428076,nthreads=17,end_time=413339.448916,avg_power_W=134.142857,max_power_W=157.000000,avg_time_s=0.108340,released_listeners=2,
end_task=,name=subtract,elapsed_seconds=0.107975,predicted_seconds=0.000652,time_percent_error=99.396274,nthreads=14,end_time=413339.448933,avg_power_W=134.142857,max_power_W=157.000000,avg_time_s=0.107975,released_listeners=2,
end_task=,name=subtract,elapsed_seconds=0.105932,predicted_seconds=0.000652,time_percent_error=99.384628,nthreads=14,end_time=413339.448952,avg_power_W=134.142857,max_power_W=157.000000,avg_time_s=0.105932,released_listeners=2,
end_task=,name=subtract,elapsed_seconds=0.059583,predicted_seconds=0.000652,time_percent_error=98.905941,nthreads=14,end_time=413339.448968,avg_power_W=134.142857,max_power_W=157.000000,avg_time_s=0.059583,released_listeners=2,
end_task=,name=subtract,elapsed_seconds=0.040150,predicted_seconds=0.000652,time_percent_error=98.376419,nthreads=14,end_time=413339.448984,avg_power_W=134.142857,max_power_W=157.000000,avg_time_s=0.040150,released_listeners=2,
end_task=,name=subtract,elapsed_seconds=0.040096,predicted_seconds=0.000652,time_percent_error=98.374225,nthreads=14,end_time=413339.449000,avg_power_W=134.142857,max_power_W=157.000000,avg_time_s=0.040096,released_listeners=2,
start_task=,name=copy,tick=9,start_time=413339.474869,nthreads=7,
start_task=,name=dot,tick=9,start_time=413339.474888,nthreads=1,
start_task=,name=copy,tick=9,start_time=413339.474899,nthreads=4,
start_task=,name=dot,tick=9,start_time=413339.474936,nthreads=1,
start_task=,name=copy,tick=9,start_time=413339.474967,nthreads=4,
start_task=,name=dot,tick=9,start_time=413339.475189,nthreads=1,
start_task=,name=copy,tick=9,start_time=413339.475217,nthreads=4,
start_task=,name=copy,tick=9,start_time=413339.475260,nthreads=4,
start_task=,name=dot,tick=9,start_time=413339.475480,nthreads=1,
start_task=,name=dot,tick=9,start_time=413339.475510,nthreads=1,
start_task=,name=copy,tick=9,start_time=413339.475551,nthreads=4,
start_task=,name=dot,tick=9,start_time=413339.475588,nthreads=1,
start_task=,name=copy,tick=9,start_time=413339.475623,nthreads=4,
start_task=,name=dot,tick=9,start_time=413339.475662,nthreads=1,
message=tick stats,tick=9,estimated_current_power=279.641667,
end_task=,name=dot,elapsed_seconds=0.016737,predicted_seconds=0.001742,time_percent_error=89.589517,nthreads=1,end_time=413339.475705,avg_power_W=134.142857,max_power_W=157.000000,avg_time_s=0.016737,released_listeners=1,
end_task=,name=copy,elapsed_seconds=0.029019,predicted_seconds=0.000535,time_percent_error=98.155503,nthreads=11,end_time=413339.616666,avg_power_W=137.588235,max_power_W=157.000000,avg_time_s=0.029019,released_listeners=1,
start_task=,name=spmv,tick=10,start_time=413339.618004,nthreads=30,
message=tick stats,tick=10,estimated_current_power=277.583333,
end_task=,name=dot,elapsed_seconds=0.143644,predicted_seconds=0.001742,time_percent_error=98.786989,nthreads=1,end_time=413339.626098,avg_power_W=137.588235,max_power_W=157.000000,avg_time_s=0.143644,released_listeners=1,
end_task=,name=dot,elapsed_seconds=0.147958,predicted_seconds=0.001742,time_percent_error=98.822356,nthreads=1,end_time=413339.626147,avg_power_W=137.588235,max_power_W=157.000000,avg_time_s=0.147958,released_listeners=1,
end_task=,name=dot,elapsed_seconds=0.144269,predicted_seconds=0.001742,time_percent_error=98.792242,nthreads=1,end_time=413339.626178,avg_power_W=137.588235,max_power_W=157.000000,avg_time_s=0.144269,released_listeners=1,
end_task=,name=copy,elapsed_seconds=0.151096,predicted_seconds=0.000688,time_percent_error=99.544329,nthreads=7,end_time=413339.626206,avg_power_W=137.588235,max_power_W=157.000000,avg_time_s=0.151096,released_listeners=1,
end_task=,name=copy,elapsed_seconds=0.150917,predicted_seconds=0.000920,time_percent_error=99.390312,nthreads=4,end_time=413339.626232,avg_power_W=137.588235,max_power_W=157.000000,avg_time_s=0.150917,released_listeners=1,
start_task=,name=spmv,tick=11,start_time=413339.626914,nthreads=29,
start_task=,name=spmv,tick=11,start_time=413339.626943,nthreads=29,
message=tick stats,tick=11,estimated_current_power=265.533333,
end_task=,name=dot,elapsed_seconds=0.148958,predicted_seconds=0.001742,time_percent_error=98.830260,nthreads=1,end_time=413339.626967,avg_power_W=137.588235,max_power_W=157.000000,avg_time_s=0.148958,released_listeners=1,
end_task=,name=copy,elapsed_seconds=0.159690,predicted_seconds=0.000920,time_percent_error=99.423805,nthreads=4,end_time=413339.649297,avg_power_W=138.333333,max_power_W=157.000000,avg_time_s=0.159690,released_listeners=1,
end_task=,name=copy,elapsed_seconds=0.160694,predicted_seconds=0.000920,time_percent_error=99.427404,nthreads=4,end_time=413339.649323,avg_power_W=138.333333,max_power_W=157.000000,avg_time_s=0.160694,released_listeners=1,
end_task=,name=dot,elapsed_seconds=0.159289,predicted_seconds=0.001742,time_percent_error=98.906132,nthreads=1,end_time=413339.649339,avg_power_W=138.333333,max_power_W=157.000000,avg_time_s=0.159289,released_listeners=1,
end_task=,name=copy,elapsed_seconds=0.156966,predicted_seconds=0.000920,time_percent_error=99.413805,nthreads=4,end_time=413339.649354,avg_power_W=138.333333,max_power_W=157.000000,avg_time_s=0.156966,released_listeners=1,
end_task=,name=dot,elapsed_seconds=0.159890,predicted_seconds=0.001742,time_percent_error=98.910243,nthreads=1,end_time=413339.649369,avg_power_W=138.333333,max_power_W=157.000000,avg_time_s=0.159890,released_listeners=1,
start_task=,name=spmv,tick=12,start_time=413339.651165,nthreads=5,
start_task=,name=spmv,tick=12,start_time=413339.651185,nthreads=5,
start_task=,name=spmv,tick=12,start_time=413339.651197,nthreads=5,
message=tick stats,tick=12,estimated_current_power=209.670833,
end_task=,name=copy,elapsed_seconds=0.155290,predicted_seconds=0.000920,time_percent_error=99.407481,nthreads=4,end_time=413339.651215,avg_power_W=138.333333,max_power_W=157.000000,avg_time_s=0.155290,released_listeners=1,
end_task=,name=dot,elapsed_seconds=0.155963,predicted_seconds=0.001742,time_percent_error=98.882804,nthreads=1,end_time=413339.651234,avg_power_W=138.333333,max_power_W=157.000000,avg_time_s=0.155963,released_listeners=1,
end_task=,name=copy,elapsed_seconds=0.159452,predicted_seconds=0.000920,time_percent_error=99.422946,nthreads=4,end_time=413339.651252,avg_power_W=138.333333,max_power_W=157.000000,avg_time_s=0.159452,released_listeners=1,
start_task=,name=sum_contribs,tick=13,start_time=413339.652510,nthreads=1,
start_task=,name=spmv,tick=13,start_time=413339.652527,nthreads=4,
start_task=,name=spmv,tick=13,start_time=413339.652539,nthreads=4,
message=tick stats,tick=13,estimated_current_power=177.712500,
end_task=,name=spmv,elapsed_seconds=0.040381,predicted_seconds=0.012681,time_percent_error=68.596578,nthreads=29,end_time=413339.731517,avg_power_W=139.210526,max_power_W=157.000000,avg_time_s=0.040381,released_listeners=1,
end_task=,name=spmv,elapsed_seconds=0.037904,predicted_seconds=0.012681,time_percent_error=66.544254,nthreads=29,end_time=413339.731561,avg_power_W=139.210526,max_power_W=157.000000,avg_time_s=0.037904,released_listeners=1,
start_task=,name=dot,tick=14,start_time=413339.731788,nthreads=29,
start_task=,name=dot,tick=14,start_time=413339.731816,nthreads=29,
message=tick stats,tick=14,estimated_current_power=172.129167,
end_task=,name=sum_contribs,elapsed_seconds=0.085343,predicted_seconds=0.000052,time_percent_error=99.939070,nthreads=1,end_time=413339.758175,avg_power_W=140.150000,max_power_W=158.000000,avg_time_s=0.085343,released_listeners=1,
end_task=,name=spmv,elapsed_seconds=0.118796,predicted_seconds=0.012261,time_percent_error=89.679195,nthreads=30,end_time=413339.767648,avg_power_W=140.150000,max_power_W=158.000000,avg_time_s=0.118796,released_listeners=1,
end_task=,name=dot,elapsed_seconds=0.028564,predicted_seconds=0.000145,time_percent_error=99.493251,nthreads=29,end_time=413339.767681,avg_power_W=140.150000,max_power_W=158.000000,avg_time_s=0.028564,released_listeners=1,
start_task=,name=dot,tick=15,start_time=413339.767721,nthreads=55,
message=tick stats,tick=15,estimated_current_power=156.929167,
end_task=,name=dot,elapsed_seconds=0.043858,predicted_seconds=0.000145,time_percent_error=99.669955,nthreads=29,end_time=413339.781308,avg_power_W=140.150000,max_power_W=158.000000,avg_time_s=0.043858,released_listeners=1,
end_task=,name=dot,elapsed_seconds=0.020549,predicted_seconds=0.000124,time_percent_error=99.397376,nthreads=55,end_time=413339.798880,avg_power_W=140.666667,max_power_W=158.000000,avg_time_s=0.020549,released_listeners=1,
end_task=,name=spmv,elapsed_seconds=0.195980,predicted_seconds=0.075844,time_percent_error=61.300252,nthreads=5,end_time=413339.848937,avg_power_W=141.409091,max_power_W=158.000000,avg_time_s=0.195980,released_listeners=1,
start_task=,name=dot,tick=16,start_time=413339.848969,nthreads=55,
message=tick stats,tick=16,estimated_current_power=109.208333,
end_task=,name=spmv,elapsed_seconds=0.193085,predicted_seconds=0.075844,time_percent_error=60.720166,nthreads=5,end_time=413339.848991,avg_power_W=141.409091,max_power_W=158.000000,avg_time_s=0.193085,released_listeners=1,
start_task=,name=dot,tick=17,start_time=413339.849022,nthreads=41,
message=tick stats,tick=17,estimated_current_power=136.645833,
end_task=,name=spmv,elapsed_seconds=0.196812,predicted_seconds=0.075844,time_percent_error=61.463895,nthreads=5,end_time=413339.862423,avg_power_W=141.409091,max_power_W=158.000000,avg_time_s=0.196812,released_listeners=1,
start_task=,name=dot,tick=18,start_time=413339.862521,nthreads=8,
message=tick stats,tick=18,estimated_current_power=143.500000,
end_task=,name=dot,elapsed_seconds=0.015890,predicted_seconds=0.000124,time_percent_error=99.220682,nthreads=55,end_time=413339.882258,avg_power_W=141.409091,max_power_W=158.000000,avg_time_s=0.015890,released_listeners=1,
end_task=,name=dot,elapsed_seconds=0.029713,predicted_seconds=0.000125,time_percent_error=99.579305,nthreads=41,end_time=413339.882355,avg_power_W=141.409091,max_power_W=158.000000,avg_time_s=0.029713,released_listeners=1,
end_task=,name=spmv,elapsed_seconds=0.232611,predicted_seconds=0.085229,time_percent_error=63.360025,nthreads=4,end_time=413339.898518,avg_power_W=142.000000,max_power_W=158.000000,avg_time_s=0.232611,released_listeners=1,
end_task=,name=dot,elapsed_seconds=0.022315,predicted_seconds=0.000477,time_percent_error=97.862457,nthreads=8,end_time=413339.898568,avg_power_W=142.000000,max_power_W=158.000000,avg_time_s=0.022315,released_listeners=1,
start_task=,name=dot,tick=19,start_time=413339.898612,nthreads=55,
message=tick stats,tick=19,estimated_current_power=67.283333,
end_task=,name=spmv,elapsed_seconds=0.256008,predicted_seconds=0.085229,time_percent_error=66.708581,nthreads=4,end_time=413339.912925,avg_power_W=142.000000,max_power_W=158.000000,avg_time_s=0.256008,released_listeners=1,
start_task=,name=dot,tick=20,start_time=413339.912965,nthreads=55,
message=tick stats,tick=20,estimated_current_power=111.866667,
end_task=,name=dot,elapsed_seconds=0.016268,predicted_seconds=0.000124,time_percent_error=99.238792,nthreads=55,end_time=413339.925968,avg_power_W=142.000000,max_power_W=158.000000,avg_time_s=0.016268,released_listeners=1,
end_task=,name=dot,elapsed_seconds=0.015552,predicted_seconds=0.000124,time_percent_error=99.203748,nthreads=55,end_time=413339.929053,avg_power_W=142.000000,max_power_W=158.000000,avg_time_s=0.015552,released_listeners=1,
start_task=,name=sum_contribs,tick=21,start_time=413339.929088,nthreads=1,
message=tick stats,tick=21,estimated_current_power=0.100000,
end_task=,name=sum_contribs,elapsed_seconds=0.018479,predicted_seconds=0.000052,time_percent_error=99.718606,nthreads=1,end_time=413339.948624,avg_power_W=142.458333,max_power_W=158.000000,avg_time_s=0.018479,released_listeners=1,
start_task=,name=comp_alpha,tick=22,start_time=413339.948662,nthreads=33,
message=tick stats,tick=22,estimated_current_power=35.100000,
end_task=,name=comp_alpha,elapsed_seconds=0.018782,predicted_seconds=0.000044,time_percent_error=99.765737,nthreads=33,end_time=413339.968057,avg_power_W=142.458333,max_power_W=158.000000,avg_time_s=0.018782,released_listeners=16,
start_task=,name=axpy,tick=23,start_time=413339.968518,nthreads=1,
start_task=,name=axpy,tick=23,start_time=413339.968561,nthreads=79,
start_task=,name=axpy,tick=23,start_time=413339.968583,nthreads=1,
start_task=,name=axpy,tick=23,start_time=413339.968604,nthreads=1,
start_task=,name=axpy,tick=23,start_time=413339.968673,nthreads=1,
start_task=,name=axpy,tick=23,start_time=413339.968726,nthreads=1,
start_task=,name=axpy,tick=23,start_time=413339.969092,nthreads=1,
start_task=,name=axpy,tick=23,start_time=413339.969151,nthreads=1,
start_task=,name=axpy,tick=23,start_time=413339.969191,nthreads=1,
start_task=,name=axpy,tick=23,start_time=413339.969240,nthreads=1,
start_task=,name=axpy,tick=23,start_time=413339.969563,nthreads=1,
start_task=,name=axpy,tick=23,start_time=413339.969588,nthreads=1,
start_task=,name=axpy,tick=23,start_time=413339.969610,nthreads=1,
start_task=,name=axpy,tick=23,start_time=413339.969641,nthreads=1,
start_task=,name=axpy,tick=23,start_time=413339.969674,nthreads=1,
start_task=,name=axpy,tick=23,start_time=413339.970015,nthreads=1,
message=tick stats,tick=23,estimated_current_power=201.662500,
end_task=,name=axpy,elapsed_seconds=0.170195,predicted_seconds=0.003176,time_percent_error=98.134054,nthreads=1,end_time=413340.148471,avg_power_W=143.750000,max_power_W=158.000000,avg_time_s=0.170195,released_listeners=1,
end_task=,name=axpy,elapsed_seconds=0.164995,predicted_seconds=0.003176,time_percent_error=98.075244,nthreads=1,end_time=413340.148512,avg_power_W=143.750000,max_power_W=158.000000,avg_time_s=0.164995,released_listeners=0,
end_task=,name=axpy,elapsed_seconds=0.172609,predicted_seconds=0.003176,time_percent_error=98.160153,nthreads=1,end_time=413340.148537,avg_power_W=143.750000,max_power_W=158.000000,avg_time_s=0.172609,released_listeners=0,
end_task=,name=axpy,elapsed_seconds=0.165250,predicted_seconds=0.003176,time_percent_error=98.078218,nthreads=1,end_time=413340.148557,avg_power_W=143.750000,max_power_W=158.000000,avg_time_s=0.165250,released_listeners=1,
end_task=,name=axpy,elapsed_seconds=0.165947,predicted_seconds=0.003176,time_percent_error=98.086292,nthreads=1,end_time=413340.148572,avg_power_W=143.750000,max_power_W=158.000000,avg_time_s=0.165947,released_listeners=0,
end_task=,name=axpy,elapsed_seconds=0.170960,predicted_seconds=0.003176,time_percent_error=98.142404,nthreads=1,end_time=413340.148587,avg_power_W=143.750000,max_power_W=158.000000,avg_time_s=0.170960,released_listeners=1,
end_task=,name=axpy,elapsed_seconds=0.172870,predicted_seconds=0.003176,time_percent_error=98.162923,nthreads=1,end_time=413340.148603,avg_power_W=143.750000,max_power_W=158.000000,avg_time_s=0.172870,released_listeners=1,
end_task=,name=axpy,elapsed_seconds=0.177801,predicted_seconds=0.003176,time_percent_error=98.213872,nthreads=1,end_time=413340.148618,avg_power_W=143.750000,max_power_W=158.000000,avg_time_s=0.177801,released_listeners=1,
start_task=,name=dot,tick=24,start_time=413340.148834,nthreads=7,
start_task=,name=dot,tick=24,start_time=413340.148851,nthreads=7,
start_task=,name=dot,tick=24,start_time=413340.148863,nthreads=4,
start_task=,name=dot,tick=24,start_time=413340.148875,nthreads=4,
start_task=,name=dot,tick=24,start_time=413340.148906,nthreads=4,
message=tick stats,tick=24,estimated_current_power=211.945833,
end_task=,name=axpy,elapsed_seconds=0.164302,predicted_seconds=0.003176,time_percent_error=98.067125,nthreads=1,end_time=413340.148942,avg_power_W=143.750000,max_power_W=158.000000,avg_time_s=0.164302,released_listeners=0,
end_task=,name=axpy,elapsed_seconds=0.169607,predicted_seconds=0.000877,time_percent_error=99.483218,nthreads=79,end_time=413340.148952,avg_power_W=143.750000,max_power_W=158.000000,avg_time_s=0.169607,released_listeners=1,
end_task=,name=axpy,elapsed_seconds=0.174481,predicted_seconds=0.003176,time_percent_error=98.179888,nthreads=1,end_time=413340.148968,avg_power_W=143.750000,max_power_W=158.000000,avg_time_s=0.174481,released_listeners=0,
start_task=,name=dot,tick=25,start_time=413340.148993,nthreads=55,
message=tick stats,tick=25,estimated_current_power=190.204167,
end_task=,name=axpy,elapsed_seconds=0.178922,predicted_seconds=0.003176,time_percent_error=98.225064,nthreads=1,end_time=413340.216043,avg_power_W=144.103448,max_power_W=158.000000,avg_time_s=0.178922,released_listeners=0,
end_task=,name=axpy,elapsed_seconds=0.183339,predicted_seconds=0.003176,time_percent_error=98.267830,nthreads=1,end_time=413340.217305,avg_power_W=144.103448,max_power_W=158.000000,avg_time_s=0.183339,released_listeners=0,
end_task=,name=axpy,elapsed_seconds=0.184107,predicted_seconds=0.003176,time_percent_error=98.275056,nthreads=1,end_time=413340.217335,avg_power_W=144.103448,max_power_W=158.000000,avg_time_s=0.184107,released_listeners=1,
start_task=,name=dot,tick=26,start_time=413340.217364,nthreads=29,
message=tick stats,tick=26,estimated_current_power=194.025000,
end_task=,name=axpy,elapsed_seconds=0.184114,predicted_seconds=0.003176,time_percent_error=98.275119,nthreads=1,end_time=413340.217390,avg_power_W=144.103448,max_power_W=158.000000,avg_time_s=0.184114,released_listeners=1,
start_task=,name=dot,tick=27,start_time=413340.217422,nthreads=1,
message=tick stats,tick=27,estimated_current_power=197.545833,
end_task=,name=axpy,elapsed_seconds=0.181253,predicted_seconds=0.003176,time_percent_error=98.247892,nthreads=1,end_time=413340.248624,avg_power_W=144.300000,max_power_W=158.000000,avg_time_s=0.181253,released_listeners=0,
end_task=,name=dot,elapsed_seconds=0.071390,predicted_seconds=0.000506,time_percent_error=99.290749,nthreads=7,end_time=413340.249133,avg_power_W=144.300000,max_power_W=158.000000,avg_time_s=0.071390,released_listeners=1,
end_task=,name=dot,elapsed_seconds=0.099893,predicted_seconds=0.000124,time_percent_error=99.876035,nthreads=55,end_time=413340.249292,avg_power_W=144.300000,max_power_W=158.000000,avg_time_s=0.099893,released_listeners=1,
end_task=,name=dot,elapsed_seconds=0.071379,predicted_seconds=0.000674,time_percent_error=99.055336,nthreads=4,end_time=413340.249344,avg_power_W=144.300000,max_power_W=158.000000,avg_time_s=0.071379,released_listeners=1,
end_task=,name=dot,elapsed_seconds=0.071686,predicted_seconds=0.000674,time_percent_error=99.059379,nthreads=4,end_time=413340.249365,avg_power_W=144.300000,max_power_W=158.000000,avg_time_s=0.071686,released_listeners=1,
end_task=,name=dot,elapsed_seconds=0.071897,predicted_seconds=0.000674,time_percent_error=99.062144,nthreads=4,end_time=413340.249421,avg_power_W=144.300000,max_power_W=158.000000,avg_time_s=0.071897,released_listeners=1,
end_task=,name=dot,elapsed_seconds=0.071377,predicted_seconds=0.000506,time_percent_error=99.290620,nthreads=7,end_time=413340.249521,avg_power_W=144.300000,max_power_W=158.000000,avg_time_s=0.071377,released_listeners=1,
end_task=,name=dot,elapsed_seconds=0.022880,predicted_seconds=0.000145,time_percent_error=99.367356,nthreads=29,end_time=413340.251001,avg_power_W=144.300000,max_power_W=158.000000,avg_time_s=0.022880,released_listeners=1,
end_task=,name=dot,elapsed_seconds=0.035478,predicted_seconds=0.001742,time_percent_error=95.088686,nthreads=1,end_time=413340.253436,avg_power_W=144.300000,max_power_W=158.000000,avg_time_s=0.035478,released_listeners=1,
start_task=,name=sum_contribs,tick=28,start_time=413340.253471,nthreads=1,
message=tick stats,tick=28,estimated_current_power=0.100000,
end_task=,name=sum_contribs,elapsed_seconds=0.014041,predicted_seconds=0.000052,time_percent_error=99.629661,nthreads=1,end_time=413340.268188,avg_power_W=144.300000,max_power_W=158.000000,avg_time_s=0.014041,released_listeners=2,
start_task=,name=comp_beta,tick=29,start_time=413340.268238,nthreads=71,
start_task=,name=assign,tick=29,start_time=413340.268273,nthreads=35,
message=tick stats,tick=29,estimated_current_power=55.200000,
end_task=,name=comp_beta,elapsed_seconds=0.013864,predicted_seconds=0.000045,time_percent_error=99.675428,nthreads=71,end_time=413340.298048,avg_power_W=144.516129,max_power_W=158.000000,avg_time_s=0.013864,released_listeners=8,
end_task=,name=assign,elapsed_seconds=0.029090,predicted_seconds=0.000044,time_percent_error=99.848747,nthreads=35,end_time=413340.298144,avg_power_W=144.516129,max_power_W=158.000000,avg_time_s=0.029090,released_listeners=0,
start_task=,name=xapy,tick=30,start_time=413340.298188,nthreads=16,
start_task=,name=xapy,tick=30,start_time=413340.298203,nthreads=16,
start_task=,name=xapy,tick=30,start_time=413340.298218,nthreads=16,
start_task=,name=xapy,tick=30,start_time=413340.298231,nthreads=16,
start_task=,name=xapy,tick=30,start_time=413340.298257,nthreads=16,
start_task=,name=xapy,tick=30,start_time=413340.298513,nthreads=16,
start_task=,name=xapy,tick=30,start_time=413340.298540,nthreads=7,
start_task=,name=xapy,tick=30,start_time=413340.298565,nthreads=7,
message=tick stats,tick=30,estimated_current_power=166.800000,
end_task=,name=xapy,elapsed_seconds=0.088118,predicted_seconds=0.004073,time_percent_error=95.377494,nthreads=16,end_time=413340.398693,avg_power_W=145.121212,max_power_W=158.000000,avg_time_s=0.088118,released_listeners=0,
end_task=,name=xapy,elapsed_seconds=0.085731,predicted_seconds=0.004073,time_percent_error=95.248825,nthreads=16,end_time=413340.398757,avg_power_W=145.121212,max_power_W=158.000000,avg_time_s=0.085731,released_listeners=0,
end_task=,name=xapy,elapsed_seconds=0.087012,predicted_seconds=0.004073,time_percent_error=95.318723,nthreads=16,end_time=413340.398984,avg_power_W=145.121212,max_power_W=158.000000,avg_time_s=0.087012,released_listeners=0,
end_task=,name=xapy,elapsed_seconds=0.088731,predicted_seconds=0.004073,time_percent_error=95.409449,nthreads=16,end_time=413340.399011,avg_power_W=145.121212,max_power_W=158.000000,avg_time_s=0.088731,released_listeners=0,
end_task=,name=xapy,elapsed_seconds=0.085615,predicted_seconds=0.004073,time_percent_error=95.242382,nthreads=16,end_time=413340.399064,avg_power_W=145.121212,max_power_W=158.000000,avg_time_s=0.085615,released_listeners=0,
end_task=,name=xapy,elapsed_seconds=0.084833,predicted_seconds=0.004073,time_percent_error=95.198486,nthreads=16,end_time=413340.399117,avg_power_W=145.121212,max_power_W=158.000000,avg_time_s=0.084833,released_listeners=0,
end_task=,name=xapy,elapsed_seconds=0.087535,predicted_seconds=0.004101,time_percent_error=95.314732,nthreads=7,end_time=413340.399169,avg_power_W=145.121212,max_power_W=158.000000,avg_time_s=0.087535,released_listeners=0,
end_task=,name=xapy,elapsed_seconds=0.102275,predicted_seconds=0.004101,time_percent_error=95.989973,nthreads=7,end_time=413340.401344,avg_power_W=145.121212,max_power_W=158.000000,avg_time_s=0.102275,released_listeners=0,
est_max_power=279.641667,
average_power_W=145.121212,
max_power_W=158.000000,
time_s=1.667000,
message=ALL DONE,
