message=cataloging configuration,max_threads=34,power_limit=inf,
start_task=,name=potrf,tick=1,start_time=107100.316364,nthreads=34,
message=tick stats,tick=1,estimated_current_power=52.933333,
end_task=,name=potrf,elapsed_seconds=0.413459,predicted_seconds=0.062757,time_percent_error=84.821480,nthreads=34,end_time=107100.732192,avg_power_W=147.375000,max_power_W=153.000000,avg_time_s=0.413459,released_listeners=5,
start_task=,name=trsm,tick=2,start_time=107100.732247,nthreads=7,
start_task=,name=trsm,tick=2,start_time=107100.732275,nthreads=7,
start_task=,name=trsm,tick=2,start_time=107100.732298,nthreads=7,
start_task=,name=trsm,tick=2,start_time=107100.732664,nthreads=7,
start_task=,name=trsm,tick=2,start_time=107100.732704,nthreads=6,
message=tick stats,tick=2,estimated_current_power=133.233333,
end_task=,name=trsm,elapsed_seconds=0.183838,predicted_seconds=0.101285,time_percent_error=44.905218,nthreads=7,end_time=107100.933481,avg_power_W=145.250000,max_power_W=157.000000,avg_time_s=0.183838,released_listeners=5,
start_task=,name=syrk,tick=3,start_time=107100.933573,nthreads=7,
message=tick stats,tick=3,estimated_current_power=125.233333,
end_task=,name=trsm,elapsed_seconds=0.200129,predicted_seconds=0.101285,time_percent_error=49.390079,nthreads=7,end_time=107100.934065,avg_power_W=145.250000,max_power_W=157.000000,avg_time_s=0.200129,released_listeners=5,
start_task=,name=gemm,tick=4,start_time=107100.934088,nthreads=4,
start_task=,name=syrk,tick=4,start_time=107100.934108,nthreads=3,
message=tick stats,tick=4,estimated_current_power=132.450000,
end_task=,name=trsm,elapsed_seconds=0.229803,predicted_seconds=0.111110,time_percent_error=51.649649,nthreads=6,end_time=107100.984678,avg_power_W=145.692308,max_power_W=157.000000,avg_time_s=0.229803,released_listeners=5,
start_task=,name=gemm,tick=5,start_time=107100.984708,nthreads=2,
start_task=,name=syrk,tick=5,start_time=107100.984726,nthreads=2,
start_task=,name=gemm,tick=5,start_time=107100.984742,nthreads=2,
message=tick stats,tick=5,estimated_current_power=153.583333,
end_task=,name=trsm,elapsed_seconds=0.227607,predicted_seconds=0.101285,time_percent_error=55.499953,nthreads=7,end_time=107100.984763,avg_power_W=145.692308,max_power_W=157.000000,avg_time_s=0.227607,released_listeners=5,
end_task=,name=trsm,elapsed_seconds=0.227562,predicted_seconds=0.101285,time_percent_error=55.491212,nthreads=7,end_time=107100.984781,avg_power_W=145.692308,max_power_W=157.000000,avg_time_s=0.227562,released_listeners=5,
start_task=,name=gemm,tick=6,start_time=107100.984800,nthreads=2,
start_task=,name=gemm,tick=6,start_time=107100.984815,nthreads=2,
start_task=,name=syrk,tick=6,start_time=107100.984830,nthreads=2,
start_task=,name=gemm,tick=6,start_time=107100.985077,nthreads=2,
start_task=,name=gemm,tick=6,start_time=107100.985138,nthreads=2,
start_task=,name=syrk,tick=6,start_time=107100.985190,nthreads=1,
start_task=,name=gemm,tick=6,start_time=107100.985482,nthreads=1,
start_task=,name=gemm,tick=6,start_time=107100.985520,nthreads=1,
start_task=,name=gemm,tick=6,start_time=107100.985581,nthreads=1,
message=tick stats,tick=6,estimated_current_power=235.200000,
end_task=,name=syrk,elapsed_seconds=0.630312,predicted_seconds=0.256580,time_percent_error=59.293113,nthreads=7,end_time=107101.564709,avg_power_W=138.250000,max_power_W=157.000000,avg_time_s=0.630312,released_listeners=1,
end_task=,name=gemm,elapsed_seconds=0.823058,predicted_seconds=0.386206,time_percent_error=53.076628,nthreads=4,end_time=107101.757735,avg_power_W=138.035714,max_power_W=157.000000,avg_time_s=0.823058,released_listeners=1,
end_task=,name=gemm,elapsed_seconds=1.211266,predicted_seconds=0.523133,time_percent_error=56.811079,nthreads=2,end_time=107102.197370,avg_power_W=138.216216,max_power_W=157.000000,avg_time_s=1.211266,released_listeners=1,
end_task=,name=gemm,elapsed_seconds=1.334743,predicted_seconds=0.523133,time_percent_error=60.806477,nthreads=2,end_time=107102.332472,avg_power_W=138.050000,max_power_W=157.000000,avg_time_s=1.334743,released_listeners=0,
end_task=,name=syrk,elapsed_seconds=1.417619,predicted_seconds=0.764859,time_percent_error=46.046222,nthreads=3,end_time=107102.353487,avg_power_W=138.050000,max_power_W=157.000000,avg_time_s=1.417619,released_listeners=1,
start_task=,name=potrf,tick=7,start_time=107102.353522,nthreads=18,
message=tick stats,tick=7,estimated_current_power=190.783333,
end_task=,name=gemm,elapsed_seconds=1.407095,predicted_seconds=0.523133,time_percent_error=62.821776,nthreads=2,end_time=107102.392614,avg_power_W=137.975610,max_power_W=157.000000,avg_time_s=1.407095,released_listeners=0,
end_task=,name=gemm,elapsed_seconds=1.490225,predicted_seconds=0.523133,time_percent_error=64.895716,nthreads=2,end_time=107102.482365,avg_power_W=137.953488,max_power_W=157.000000,avg_time_s=1.490225,released_listeners=1,
end_task=,name=gemm,elapsed_seconds=1.523695,predicted_seconds=0.523133,time_percent_error=65.666823,nthreads=2,end_time=107102.509681,avg_power_W=137.953488,max_power_W=157.000000,avg_time_s=1.523695,released_listeners=1,
end_task=,name=syrk,elapsed_seconds=1.547301,predicted_seconds=0.782142,time_percent_error=49.451219,nthreads=2,end_time=107102.532958,avg_power_W=138.022727,max_power_W=157.000000,avg_time_s=1.547301,released_listeners=1,
end_task=,name=gemm,elapsed_seconds=1.559150,predicted_seconds=0.523133,time_percent_error=66.447567,nthreads=2,end_time=107102.544490,avg_power_W=138.022727,max_power_W=157.000000,avg_time_s=1.559150,released_listeners=0,
end_task=,name=potrf,elapsed_seconds=0.201044,predicted_seconds=0.076771,time_percent_error=61.814074,nthreads=18,end_time=107102.555625,avg_power_W=138.022727,max_power_W=157.000000,avg_time_s=0.201044,released_listeners=4,
start_task=,name=trsm,tick=8,start_time=107102.555651,nthreads=7,
start_task=,name=trsm,tick=8,start_time=107102.555670,nthreads=7,
start_task=,name=trsm,tick=8,start_time=107102.555688,nthreads=7,
start_task=,name=trsm,tick=8,start_time=107102.555707,nthreads=7,
message=tick stats,tick=8,estimated_current_power=183.016667,
end_task=,name=trsm,elapsed_seconds=0.174224,predicted_seconds=0.101285,time_percent_error=41.864885,nthreads=7,end_time=107102.732602,avg_power_W=138.312500,max_power_W=157.000000,avg_time_s=0.174224,released_listeners=4,
end_task=,name=syrk,elapsed_seconds=1.739347,predicted_seconds=0.833912,time_percent_error=52.056027,nthreads=1,end_time=107102.732638,avg_power_W=138.312500,max_power_W=157.000000,avg_time_s=1.739347,released_listeners=1,
start_task=,name=syrk,tick=9,start_time=107102.732660,nthreads=8,
message=tick stats,tick=9,estimated_current_power=166.383333,
end_task=,name=trsm,elapsed_seconds=0.189330,predicted_seconds=0.101285,time_percent_error=46.503510,nthreads=7,end_time=107102.745625,avg_power_W=138.312500,max_power_W=157.000000,avg_time_s=0.189330,released_listeners=4,
start_task=,name=gemm,tick=10,start_time=107102.745651,nthreads=7,
message=tick stats,tick=10,estimated_current_power=157.316667,
end_task=,name=trsm,elapsed_seconds=0.206700,predicted_seconds=0.101285,time_percent_error=50.999100,nthreads=7,end_time=107102.782487,avg_power_W=138.632653,max_power_W=157.000000,avg_time_s=0.206700,released_listeners=4,
end_task=,name=trsm,elapsed_seconds=0.212612,predicted_seconds=0.101285,time_percent_error=52.361525,nthreads=7,end_time=107102.782518,avg_power_W=138.632653,max_power_W=157.000000,avg_time_s=0.212612,released_listeners=4,
start_task=,name=gemm,tick=11,start_time=107102.782540,nthreads=2,
start_task=,name=gemm,tick=11,start_time=107102.782558,nthreads=2,
start_task=,name=syrk,tick=11,start_time=107102.782576,nthreads=2,
start_task=,name=gemm,tick=11,start_time=107102.782592,nthreads=2,
start_task=,name=gemm,tick=11,start_time=107102.782619,nthreads=2,
start_task=,name=gemm,tick=11,start_time=107102.782657,nthreads=2,
start_task=,name=syrk,tick=11,start_time=107102.782689,nthreads=2,
message=tick stats,tick=11,estimated_current_power=209.783333,
end_task=,name=syrk,elapsed_seconds=1.829448,predicted_seconds=0.782142,time_percent_error=57.247105,nthreads=2,end_time=107102.843623,avg_power_W=138.460000,max_power_W=157.000000,avg_time_s=1.829448,released_listeners=1,
start_task=,name=syrk,tick=12,start_time=107102.843650,nthreads=2,
message=tick stats,tick=12,estimated_current_power=209.783333,
end_task=,name=syrk,elapsed_seconds=0.363336,predicted_seconds=0.150769,time_percent_error=58.504079,nthreads=8,end_time=107103.097829,avg_power_W=138.218182,max_power_W=157.000000,avg_time_s=0.363336,released_listeners=1,
end_task=,name=gemm,elapsed_seconds=2.265543,predicted_seconds=0.957383,time_percent_error=57.741580,nthreads=1,end_time=107103.251668,avg_power_W=138.258621,max_power_W=157.000000,avg_time_s=2.265543,released_listeners=0,
end_task=,name=gemm,elapsed_seconds=2.309229,predicted_seconds=0.957383,time_percent_error=58.541031,nthreads=1,end_time=107103.296186,avg_power_W=138.271186,max_power_W=157.000000,avg_time_s=2.309229,released_listeners=0,
end_task=,name=gemm,elapsed_seconds=2.310741,predicted_seconds=0.957383,time_percent_error=58.568155,nthreads=1,end_time=107103.298862,avg_power_W=138.271186,max_power_W=157.000000,avg_time_s=2.310741,released_listeners=0,
end_task=,name=gemm,elapsed_seconds=0.638868,predicted_seconds=0.358185,time_percent_error=43.934463,nthreads=7,end_time=107103.385012,avg_power_W=138.196721,max_power_W=157.000000,avg_time_s=0.638868,released_listeners=1,
end_task=,name=gemm,elapsed_seconds=1.021112,predicted_seconds=0.523133,time_percent_error=48.768326,nthreads=2,end_time=107103.805768,avg_power_W=137.318841,max_power_W=157.000000,avg_time_s=1.021112,released_listeners=1,
end_task=,name=gemm,elapsed_seconds=1.034087,predicted_seconds=0.523133,time_percent_error=49.411139,nthreads=2,end_time=107103.832177,avg_power_W=137.142857,max_power_W=157.000000,avg_time_s=1.034087,released_listeners=0,
end_task=,name=gemm,elapsed_seconds=1.065880,predicted_seconds=0.523133,time_percent_error=50.920083,nthreads=2,end_time=107103.849261,avg_power_W=137.142857,max_power_W=157.000000,avg_time_s=1.065880,released_listeners=0,
end_task=,name=gemm,elapsed_seconds=1.092193,predicted_seconds=0.523133,time_percent_error=52.102538,nthreads=2,end_time=107103.882380,avg_power_W=137.000000,max_power_W=157.000000,avg_time_s=1.092193,released_listeners=0,
end_task=,name=gemm,elapsed_seconds=1.100780,predicted_seconds=0.523133,time_percent_error=52.476172,nthreads=2,end_time=107103.884692,avg_power_W=137.000000,max_power_W=157.000000,avg_time_s=1.100780,released_listeners=1,
end_task=,name=syrk,elapsed_seconds=1.519491,predicted_seconds=0.782142,time_percent_error=48.526041,nthreads=2,end_time=107104.304062,avg_power_W=134.962025,max_power_W=157.000000,avg_time_s=1.519491,released_listeners=1,
end_task=,name=syrk,elapsed_seconds=1.504905,predicted_seconds=0.782142,time_percent_error=48.027141,nthreads=2,end_time=107104.350411,avg_power_W=134.687500,max_power_W=157.000000,avg_time_s=1.504905,released_listeners=1,
start_task=,name=potrf,tick=13,start_time=107104.350456,nthreads=32,
message=tick stats,tick=13,estimated_current_power=69.166667,
end_task=,name=syrk,elapsed_seconds=1.565492,predicted_seconds=0.782142,time_percent_error=50.038580,nthreads=2,end_time=107104.350491,avg_power_W=134.687500,max_power_W=157.000000,avg_time_s=1.565492,released_listeners=1,
end_task=,name=potrf,elapsed_seconds=0.136605,predicted_seconds=0.061727,time_percent_error=54.813168,nthreads=32,end_time=107104.488239,avg_power_W=134.120482,max_power_W=157.000000,avg_time_s=0.136605,released_listeners=3,
start_task=,name=trsm,tick=14,start_time=107104.488284,nthreads=12,
start_task=,name=trsm,tick=14,start_time=107104.488312,nthreads=11,
start_task=,name=trsm,tick=14,start_time=107104.488339,nthreads=11,
message=tick stats,tick=14,estimated_current_power=100.033333,
end_task=,name=trsm,elapsed_seconds=0.119163,predicted_seconds=0.063637,time_percent_error=46.596070,nthreads=12,end_time=107104.607976,avg_power_W=133.882353,max_power_W=157.000000,avg_time_s=0.119163,released_listeners=3,
start_task=,name=syrk,tick=15,start_time=107104.608001,nthreads=12,
message=tick stats,tick=15,estimated_current_power=93.966667,
end_task=,name=trsm,elapsed_seconds=0.146010,predicted_seconds=0.072268,time_percent_error=50.504606,nthreads=11,end_time=107104.634962,avg_power_W=133.988372,max_power_W=157.000000,avg_time_s=0.146010,released_listeners=3,
start_task=,name=gemm,tick=16,start_time=107104.634995,nthreads=6,
start_task=,name=syrk,tick=16,start_time=107104.635061,nthreads=5,
message=tick stats,tick=16,estimated_current_power=99.100000,
end_task=,name=trsm,elapsed_seconds=0.147182,predicted_seconds=0.072268,time_percent_error=50.898922,nthreads=11,end_time=107104.659638,avg_power_W=133.988372,max_power_W=157.000000,avg_time_s=0.147182,released_listeners=3,
start_task=,name=gemm,tick=17,start_time=107104.659658,nthreads=4,
start_task=,name=gemm,tick=17,start_time=107104.659672,nthreads=4,
start_task=,name=syrk,tick=17,start_time=107104.659691,nthreads=3,
message=tick stats,tick=17,estimated_current_power=118.200000,
end_task=,name=syrk,elapsed_seconds=0.335486,predicted_seconds=0.113015,time_percent_error=66.313040,nthreads=12,end_time=107104.944354,avg_power_W=133.706522,max_power_W=157.000000,avg_time_s=0.335486,released_listeners=1,
start_task=,name=potrf,tick=18,start_time=107104.944383,nthreads=12,
message=tick stats,tick=18,estimated_current_power=122.366667,
end_task=,name=potrf,elapsed_seconds=0.173023,predicted_seconds=0.085608,time_percent_error=50.522411,nthreads=12,end_time=107105.132472,avg_power_W=133.791667,max_power_W=157.000000,avg_time_s=0.173023,released_listeners=2,
end_task=,name=syrk,elapsed_seconds=0.522294,predicted_seconds=0.269296,time_percent_error=48.439708,nthreads=5,end_time=107105.157862,avg_power_W=133.791667,max_power_W=157.000000,avg_time_s=0.522294,released_listeners=1,
end_task=,name=gemm,elapsed_seconds=0.640047,predicted_seconds=0.354704,time_percent_error=44.581616,nthreads=6,end_time=107105.282531,avg_power_W=133.616162,max_power_W=157.000000,avg_time_s=0.640047,released_listeners=1,
start_task=,name=trsm,tick=19,start_time=107105.282579,nthreads=23,
message=tick stats,tick=19,estimated_current_power=100.433333,
end_task=,name=trsm,elapsed_seconds=0.082646,predicted_seconds=0.042963,time_percent_error=48.015395,nthreads=23,end_time=107105.382237,avg_power_W=133.603960,max_power_W=157.000000,avg_time_s=0.082646,released_listeners=2,
start_task=,name=syrk,tick=20,start_time=107105.382294,nthreads=23,
message=tick stats,tick=20,estimated_current_power=93.366667,
end_task=,name=gemm,elapsed_seconds=0.752680,predicted_seconds=0.386206,time_percent_error=48.689153,nthreads=4,end_time=107105.412874,avg_power_W=133.603960,max_power_W=157.000000,avg_time_s=0.752680,released_listeners=0,
end_task=,name=gemm,elapsed_seconds=0.773880,predicted_seconds=0.386206,time_percent_error=50.094785,nthreads=4,end_time=107105.434259,avg_power_W=133.617647,max_power_W=157.000000,avg_time_s=0.773880,released_listeners=1,
start_task=,name=trsm,tick=21,start_time=107105.434285,nthreads=8,
message=tick stats,tick=21,estimated_current_power=89.033333,
end_task=,name=syrk,elapsed_seconds=0.182363,predicted_seconds=0.071960,time_percent_error=60.540101,nthreads=23,end_time=107105.565305,avg_power_W=133.596154,max_power_W=157.000000,avg_time_s=0.182363,released_listeners=1,
start_task=,name=potrf,tick=22,start_time=107105.565352,nthreads=23,
message=tick stats,tick=22,estimated_current_power=90.633333,
end_task=,name=trsm,elapsed_seconds=0.142776,predicted_seconds=0.085967,time_percent_error=39.788822,nthreads=8,end_time=107105.583124,avg_power_W=133.628571,max_power_W=157.000000,avg_time_s=0.142776,released_listeners=2,
start_task=,name=gemm,tick=23,start_time=107105.583197,nthreads=8,
message=tick stats,tick=23,estimated_current_power=85.666667,
end_task=,name=potrf,elapsed_seconds=0.180417,predicted_seconds=0.062093,time_percent_error=65.583478,nthreads=23,end_time=107105.746726,avg_power_W=133.537037,max_power_W=157.000000,avg_time_s=0.180417,released_listeners=1,
end_task=,name=gemm,elapsed_seconds=0.393852,predicted_seconds=0.192999,time_percent_error=50.997125,nthreads=8,end_time=107105.982257,avg_power_W=133.185841,max_power_W=157.000000,avg_time_s=0.393852,released_listeners=1,
start_task=,name=trsm,tick=24,start_time=107105.982302,nthreads=31,
message=tick stats,tick=24,estimated_current_power=75.533333,
end_task=,name=trsm,elapsed_seconds=0.071372,predicted_seconds=0.035326,time_percent_error=50.504216,nthreads=31,end_time=107106.054640,avg_power_W=133.070175,max_power_W=157.000000,avg_time_s=0.071372,released_listeners=1,
end_task=,name=syrk,elapsed_seconds=1.522457,predicted_seconds=0.764859,time_percent_error=49.761557,nthreads=3,end_time=107106.182897,avg_power_W=132.700855,max_power_W=157.000000,avg_time_s=1.522457,released_listeners=1,
start_task=,name=syrk,tick=25,start_time=107106.182943,nthreads=34,
message=tick stats,tick=25,estimated_current_power=56.766667,
end_task=,name=syrk,elapsed_seconds=0.157109,predicted_seconds=0.054281,time_percent_error=65.450291,nthreads=34,end_time=107106.340908,avg_power_W=132.283333,max_power_W=157.000000,avg_time_s=0.157109,released_listeners=1,
start_task=,name=syrk,tick=26,start_time=107106.340957,nthreads=34,
message=tick stats,tick=26,estimated_current_power=56.766667,
end_task=,name=syrk,elapsed_seconds=0.157749,predicted_seconds=0.054281,time_percent_error=65.590432,nthreads=34,end_time=107106.499439,avg_power_W=132.097561,max_power_W=157.000000,avg_time_s=0.157749,released_listeners=1,
start_task=,name=potrf,tick=27,start_time=107106.499488,nthreads=34,
message=tick stats,tick=27,estimated_current_power=52.933333,
end_task=,name=potrf,elapsed_seconds=0.124802,predicted_seconds=0.062757,time_percent_error=49.714853,nthreads=34,end_time=107106.632009,avg_power_W=131.976190,max_power_W=157.000000,avg_time_s=0.124802,released_listeners=0,
est_max_power=235.200000,
average_power_W=131.976190,
max_power_W=157.000000,
time_s=6.315766,
message=ALL DONE,
