message=cataloging configuration,max_threads=71,power_limit=inf,
start_task=,name=potrf,tick=1,start_time=703162.366970,nthreads=71,
message=tick stats,tick=1,estimated_current_power=70.936364,
end_task=,name=potrf,elapsed_seconds=0.375272,predicted_seconds=0.051584,time_percent_error=86.254094,nthreads=71,end_time=703162.743683,avg_power_W=185.857143,max_power_W=189.000000,avg_time_s=0.375272,released_listeners=5,
start_task=,name=trsm,tick=2,start_time=703162.743740,nthreads=15,
start_task=,name=trsm,tick=2,start_time=703162.743769,nthreads=14,
start_task=,name=trsm,tick=2,start_time=703162.743795,nthreads=14,
start_task=,name=trsm,tick=2,start_time=703162.743844,nthreads=14,
start_task=,name=trsm,tick=2,start_time=703162.743899,nthreads=14,
message=tick stats,tick=2,estimated_current_power=166.831919,
end_task=,name=trsm,elapsed_seconds=0.109947,predicted_seconds=0.058493,time_percent_error=46.799045,nthreads=14,end_time=703162.854478,avg_power_W=181.000000,max_power_W=189.000000,avg_time_s=0.109947,released_listeners=5,
start_task=,name=syrk,tick=3,start_time=703162.854518,nthreads=14,
message=tick stats,tick=3,estimated_current_power=159.508687,
end_task=,name=trsm,elapsed_seconds=0.117299,predicted_seconds=0.055824,time_percent_error=52.409208,nthreads=15,end_time=703162.883967,avg_power_W=183.200000,max_power_W=203.000000,avg_time_s=0.117299,released_listeners=5,
start_task=,name=syrk,tick=4,start_time=703162.884003,nthreads=8,
start_task=,name=gemm,tick=4,start_time=703162.884057,nthreads=7,
message=tick stats,tick=4,estimated_current_power=160.343880,
end_task=,name=trsm,elapsed_seconds=0.119524,predicted_seconds=0.058493,time_percent_error=51.062119,nthreads=14,end_time=703162.884101,avg_power_W=183.200000,max_power_W=203.000000,avg_time_s=0.119524,released_listeners=5,
start_task=,name=gemm,tick=5,start_time=703162.884135,nthreads=5,
start_task=,name=gemm,tick=5,start_time=703162.884158,nthreads=5,
start_task=,name=syrk,tick=5,start_time=703162.884192,nthreads=4,
message=tick stats,tick=5,estimated_current_power=174.041241,
end_task=,name=trsm,elapsed_seconds=0.122493,predicted_seconds=0.058493,time_percent_error=52.248067,nthreads=14,end_time=703162.893039,avg_power_W=183.200000,max_power_W=203.000000,avg_time_s=0.122493,released_listeners=5,
start_task=,name=gemm,tick=6,start_time=703162.893060,nthreads=4,
start_task=,name=gemm,tick=6,start_time=703162.893074,nthreads=4,
start_task=,name=syrk,tick=6,start_time=703162.893103,nthreads=3,
start_task=,name=gemm,tick=6,start_time=703162.893384,nthreads=3,
message=tick stats,tick=6,estimated_current_power=198.623068,
end_task=,name=trsm,elapsed_seconds=0.137341,predicted_seconds=0.058493,time_percent_error=57.410661,nthreads=14,end_time=703162.895550,avg_power_W=183.200000,max_power_W=203.000000,avg_time_s=0.137341,released_listeners=5,
start_task=,name=gemm,tick=7,start_time=703162.895595,nthreads=3,
start_task=,name=gemm,tick=7,start_time=703162.895620,nthreads=3,
start_task=,name=gemm,tick=7,start_time=703162.895665,nthreads=3,
start_task=,name=syrk,tick=7,start_time=703162.895703,nthreads=3,
start_task=,name=gemm,tick=7,start_time=703162.895754,nthreads=2,
message=tick stats,tick=7,estimated_current_power=239.567650,
end_task=,name=syrk,elapsed_seconds=0.223027,predicted_seconds=0.112024,time_percent_error=49.770859,nthreads=14,end_time=703163.080338,avg_power_W=180.071429,max_power_W=203.000000,avg_time_s=0.223027,released_listeners=1,
start_task=,name=potrf,tick=8,start_time=703163.080374,nthreads=14,
message=tick stats,tick=8,estimated_current_power=241.126236,
end_task=,name=syrk,elapsed_seconds=0.365618,predicted_seconds=0.150769,time_percent_error=58.763078,nthreads=8,end_time=703163.250092,avg_power_W=177.117647,max_power_W=203.000000,avg_time_s=0.365618,released_listeners=1,
end_task=,name=gemm,elapsed_seconds=0.490444,predicted_seconds=0.358185,time_percent_error=26.967312,nthreads=7,end_time=703163.380336,avg_power_W=176.100000,max_power_W=203.000000,avg_time_s=0.490444,released_listeners=1,
end_task=,name=gemm,elapsed_seconds=0.501501,predicted_seconds=0.359822,time_percent_error=28.250957,nthreads=5,end_time=703163.386350,avg_power_W=176.100000,max_power_W=203.000000,avg_time_s=0.501501,released_listeners=1,
end_task=,name=gemm,elapsed_seconds=0.613567,predicted_seconds=0.386206,time_percent_error=37.055502,nthreads=4,end_time=703163.507230,avg_power_W=176.318182,max_power_W=203.000000,avg_time_s=0.613567,released_listeners=1,
end_task=,name=gemm,elapsed_seconds=0.644906,predicted_seconds=0.359822,time_percent_error=44.205521,nthreads=5,end_time=703163.530484,avg_power_W=176.826087,max_power_W=203.000000,avg_time_s=0.644906,released_listeners=0,
end_task=,name=syrk,elapsed_seconds=0.695215,predicted_seconds=0.283145,time_percent_error=59.272349,nthreads=4,end_time=703163.580436,avg_power_W=177.375000,max_power_W=203.000000,avg_time_s=0.695215,released_listeners=1,
end_task=,name=gemm,elapsed_seconds=0.686166,predicted_seconds=0.386206,time_percent_error=43.715324,nthreads=4,end_time=703163.580468,avg_power_W=177.375000,max_power_W=203.000000,avg_time_s=0.686166,released_listeners=0,
end_task=,name=gemm,elapsed_seconds=0.692190,predicted_seconds=0.364939,time_percent_error=47.277616,nthreads=3,end_time=703163.588419,avg_power_W=177.375000,max_power_W=203.000000,avg_time_s=0.692190,released_listeners=0,
end_task=,name=potrf,elapsed_seconds=0.510699,predicted_seconds=0.087078,time_percent_error=82.949279,nthreads=14,end_time=703163.592016,avg_power_W=177.375000,max_power_W=203.000000,avg_time_s=0.510699,released_listeners=4,
start_task=,name=trsm,tick=9,start_time=703163.592044,nthreads=18,
start_task=,name=trsm,tick=9,start_time=703163.592066,nthreads=18,
start_task=,name=trsm,tick=9,start_time=703163.592085,nthreads=18,
message=tick stats,tick=9,estimated_current_power=202.454278,
end_task=,name=gemm,elapsed_seconds=0.740686,predicted_seconds=0.364939,time_percent_error=50.729533,nthreads=3,end_time=703163.637399,avg_power_W=177.640000,max_power_W=203.000000,avg_time_s=0.740686,released_listeners=0,
end_task=,name=trsm,elapsed_seconds=0.067442,predicted_seconds=0.050200,time_percent_error=25.564647,nthreads=18,end_time=703163.660404,avg_power_W=177.640000,max_power_W=203.000000,avg_time_s=0.067442,released_listeners=4,
start_task=,name=syrk,tick=10,start_time=703163.660433,nthreads=21,
message=tick stats,tick=10,estimated_current_power=182.960209,
end_task=,name=trsm,elapsed_seconds=0.079234,predicted_seconds=0.050200,time_percent_error=36.642827,nthreads=18,end_time=703163.686287,avg_power_W=178.384615,max_power_W=203.000000,avg_time_s=0.079234,released_listeners=4,
end_task=,name=trsm,elapsed_seconds=0.088555,predicted_seconds=0.050200,time_percent_error=43.311627,nthreads=18,end_time=703163.686321,avg_power_W=178.384615,max_power_W=203.000000,avg_time_s=0.088555,released_listeners=4,
start_task=,name=gemm,tick=11,start_time=703163.686345,nthreads=9,
start_task=,name=gemm,tick=11,start_time=703163.686363,nthreads=9,
start_task=,name=gemm,tick=11,start_time=703163.686380,nthreads=9,
start_task=,name=syrk,tick=11,start_time=703163.686398,nthreads=9,
message=tick stats,tick=11,estimated_current_power=189.660734,
end_task=,name=gemm,elapsed_seconds=0.852566,predicted_seconds=0.364939,time_percent_error=57.195199,nthreads=3,end_time=703163.753711,avg_power_W=178.370370,max_power_W=203.000000,avg_time_s=0.852566,released_listeners=1,
start_task=,name=trsm,tick=12,start_time=703163.753738,nthreads=3,
message=tick stats,tick=12,estimated_current_power=192.034458,
end_task=,name=gemm,elapsed_seconds=0.914921,predicted_seconds=0.364939,time_percent_error=60.112458,nthreads=3,end_time=703163.808974,avg_power_W=178.107143,max_power_W=203.000000,avg_time_s=0.914921,released_listeners=0,
end_task=,name=syrk,elapsed_seconds=0.199776,predicted_seconds=0.073212,time_percent_error=63.352971,nthreads=21,end_time=703163.880422,avg_power_W=178.500000,max_power_W=203.000000,avg_time_s=0.199776,released_listeners=1,
start_task=,name=potrf,tick=13,start_time=703163.880454,nthreads=24,
message=tick stats,tick=13,estimated_current_power=179.985086,
end_task=,name=syrk,elapsed_seconds=0.245488,predicted_seconds=0.152565,time_percent_error=37.852254,nthreads=9,end_time=703163.932411,avg_power_W=178.935484,max_power_W=203.000000,avg_time_s=0.245488,released_listeners=1,
end_task=,name=gemm,elapsed_seconds=0.270263,predicted_seconds=0.194402,time_percent_error=28.069091,nthreads=9,end_time=703163.957381,avg_power_W=178.935484,max_power_W=203.000000,avg_time_s=0.270263,released_listeners=0,
end_task=,name=gemm,elapsed_seconds=0.282225,predicted_seconds=0.194402,time_percent_error=31.117953,nthreads=9,end_time=703163.980575,avg_power_W=179.437500,max_power_W=203.000000,avg_time_s=0.282225,released_listeners=1,
end_task=,name=trsm,elapsed_seconds=0.237721,predicted_seconds=0.204505,time_percent_error=13.972761,nthreads=3,end_time=703164.002377,avg_power_W=179.437500,max_power_W=203.000000,avg_time_s=0.237721,released_listeners=4,
end_task=,name=potrf,elapsed_seconds=0.121705,predicted_seconds=0.062968,time_percent_error=48.261740,nthreads=24,end_time=703164.002408,avg_power_W=179.437500,max_power_W=203.000000,avg_time_s=0.121705,released_listeners=3,
start_task=,name=gemm,tick=14,start_time=703164.002432,nthreads=14,
start_task=,name=gemm,tick=14,start_time=703164.002452,nthreads=14,
start_task=,name=gemm,tick=14,start_time=703164.002471,nthreads=13,
start_task=,name=trsm,tick=14,start_time=703164.002489,nthreads=13,
message=tick stats,tick=14,estimated_current_power=173.471033,
end_task=,name=gemm,elapsed_seconds=1.122104,predicted_seconds=0.523133,time_percent_error=53.379292,nthreads=2,end_time=703164.030998,avg_power_W=179.545455,max_power_W=203.000000,avg_time_s=1.122104,released_listeners=0,
end_task=,name=gemm,elapsed_seconds=0.316041,predicted_seconds=0.194402,time_percent_error=38.488166,nthreads=9,end_time=703164.031046,avg_power_W=179.545455,max_power_W=203.000000,avg_time_s=0.316041,released_listeners=1,
start_task=,name=trsm,tick=15,start_time=703164.031080,nthreads=11,
message=tick stats,tick=15,estimated_current_power=168.006527,
end_task=,name=syrk,elapsed_seconds=1.148764,predicted_seconds=0.764859,time_percent_error=33.418981,nthreads=3,end_time=703164.081100,avg_power_W=178.882353,max_power_W=203.000000,avg_time_s=1.148764,released_listeners=1,
start_task=,name=syrk,tick=16,start_time=703164.081147,nthreads=3,
message=tick stats,tick=16,estimated_current_power=168.006527,
end_task=,name=trsm,elapsed_seconds=0.159205,predicted_seconds=0.063077,time_percent_error=60.379810,nthreads=13,end_time=703164.162284,avg_power_W=178.657143,max_power_W=203.000000,avg_time_s=0.159205,released_listeners=3,
end_task=,name=gemm,elapsed_seconds=0.159478,predicted_seconds=0.130050,time_percent_error=18.452990,nthreads=14,end_time=703164.162317,avg_power_W=178.657143,max_power_W=203.000000,avg_time_s=0.159478,released_listeners=1,
start_task=,name=trsm,tick=17,start_time=703164.162344,nthreads=27,
message=tick stats,tick=17,estimated_current_power=157.630891,
end_task=,name=trsm,elapsed_seconds=0.154937,predicted_seconds=0.072268,time_percent_error=53.356444,nthreads=11,end_time=703164.186635,avg_power_W=178.972222,max_power_W=203.000000,avg_time_s=0.154937,released_listeners=3,
start_task=,name=gemm,tick=18,start_time=703164.186663,nthreads=6,
start_task=,name=syrk,tick=18,start_time=703164.186682,nthreads=5,
message=tick stats,tick=18,estimated_current_power=159.391014,
end_task=,name=trsm,elapsed_seconds=0.050248,predicted_seconds=0.039345,time_percent_error=21.699346,nthreads=27,end_time=703164.230581,avg_power_W=179.567568,max_power_W=203.000000,avg_time_s=0.050248,released_listeners=3,
start_task=,name=gemm,tick=19,start_time=703164.230611,nthreads=14,
start_task=,name=gemm,tick=19,start_time=703164.230630,nthreads=13,
message=tick stats,tick=19,estimated_current_power=164.429784,
end_task=,name=gemm,elapsed_seconds=0.257468,predicted_seconds=0.131272,time_percent_error=49.014205,nthreads=13,end_time=703164.260596,avg_power_W=179.567568,max_power_W=203.000000,avg_time_s=0.257468,released_listeners=0,
end_task=,name=gemm,elapsed_seconds=0.272671,predicted_seconds=0.130050,time_percent_error=52.305331,nthreads=14,end_time=703164.280421,avg_power_W=179.500000,max_power_W=203.000000,avg_time_s=0.272671,released_listeners=0,
end_task=,name=syrk,elapsed_seconds=1.494061,predicted_seconds=0.764859,time_percent_error=48.806727,nthreads=3,end_time=703164.390372,avg_power_W=179.125000,max_power_W=203.000000,avg_time_s=1.494061,released_listeners=1,
start_task=,name=syrk,tick=20,start_time=703164.390403,nthreads=30,
message=tick stats,tick=20,estimated_current_power=141.363741,
end_task=,name=gemm,elapsed_seconds=0.167636,predicted_seconds=0.130050,time_percent_error=22.421511,nthreads=14,end_time=703164.399124,avg_power_W=179.125000,max_power_W=203.000000,avg_time_s=0.167636,released_listeners=1,
end_task=,name=gemm,elapsed_seconds=0.212358,predicted_seconds=0.131272,time_percent_error=38.183719,nthreads=13,end_time=703164.443590,avg_power_W=179.170732,max_power_W=203.000000,avg_time_s=0.212358,released_listeners=0,
end_task=,name=syrk,elapsed_seconds=0.116696,predicted_seconds=0.063901,time_percent_error=45.241169,nthreads=30,end_time=703164.507781,avg_power_W=179.095238,max_power_W=203.000000,avg_time_s=0.116696,released_listeners=1,
start_task=,name=syrk,tick=21,start_time=703164.507837,nthreads=57,
message=tick stats,tick=21,estimated_current_power=115.019314,
end_task=,name=syrk,elapsed_seconds=0.354193,predicted_seconds=0.269296,time_percent_error=23.969165,nthreads=5,end_time=703164.541900,avg_power_W=178.883721,max_power_W=203.000000,avg_time_s=0.354193,released_listeners=1,
end_task=,name=gemm,elapsed_seconds=0.397134,predicted_seconds=0.354704,time_percent_error=10.684184,nthreads=6,end_time=703164.584428,avg_power_W=178.568182,max_power_W=203.000000,avg_time_s=0.397134,released_listeners=1,
end_task=,name=syrk,elapsed_seconds=0.099564,predicted_seconds=0.048898,time_percent_error=50.887697,nthreads=57,end_time=703164.608174,avg_power_W=178.568182,max_power_W=203.000000,avg_time_s=0.099564,released_listeners=1,
end_task=,name=syrk,elapsed_seconds=0.850626,predicted_seconds=0.764859,time_percent_error=10.082814,nthreads=3,end_time=703164.932497,avg_power_W=173.764706,max_power_W=203.000000,avg_time_s=0.850626,released_listeners=1,
start_task=,name=syrk,tick=22,start_time=703164.932552,nthreads=71,
message=tick stats,tick=22,estimated_current_power=84.034343,
end_task=,name=syrk,elapsed_seconds=0.101995,predicted_seconds=0.043620,time_percent_error=57.233339,nthreads=71,end_time=703165.035041,avg_power_W=172.358491,max_power_W=203.000000,avg_time_s=0.101995,released_listeners=1,
start_task=,name=potrf,tick=23,start_time=703165.035109,nthreads=71,
message=tick stats,tick=23,estimated_current_power=70.936364,
end_task=,name=potrf,elapsed_seconds=0.087923,predicted_seconds=0.051584,time_percent_error=41.330123,nthreads=71,end_time=703165.130104,avg_power_W=172.363636,max_power_W=203.000000,avg_time_s=0.087923,released_listeners=2,
start_task=,name=trsm,tick=24,start_time=703165.130186,nthreads=36,
start_task=,name=trsm,tick=24,start_time=703165.130226,nthreads=35,
message=tick stats,tick=24,estimated_current_power=117.910909,
end_task=,name=trsm,elapsed_seconds=0.050178,predicted_seconds=0.032689,time_percent_error=34.854441,nthreads=36,end_time=703165.180981,avg_power_W=172.160714,max_power_W=203.000000,avg_time_s=0.050178,released_listeners=2,
start_task=,name=syrk,tick=25,start_time=703165.181031,nthreads=36,
message=tick stats,tick=25,estimated_current_power=110.029798,
end_task=,name=trsm,elapsed_seconds=0.061703,predicted_seconds=0.034897,time_percent_error=43.443436,nthreads=35,end_time=703165.195394,avg_power_W=172.160714,max_power_W=203.000000,avg_time_s=0.061703,released_listeners=2,
start_task=,name=gemm,tick=26,start_time=703165.195434,nthreads=18,
start_task=,name=syrk,tick=26,start_time=703165.195464,nthreads=17,
message=tick stats,tick=26,estimated_current_power=116.601632,
end_task=,name=syrk,elapsed_seconds=0.133815,predicted_seconds=0.052408,time_percent_error=60.835518,nthreads=36,end_time=703165.315388,avg_power_W=172.224138,max_power_W=203.000000,avg_time_s=0.133815,released_listeners=1,
start_task=,name=potrf,tick=27,start_time=703165.315438,nthreads=36,
message=tick stats,tick=27,estimated_current_power=113.147591,
end_task=,name=gemm,elapsed_seconds=0.134876,predicted_seconds=0.099029,time_percent_error=26.577888,nthreads=18,end_time=703165.360539,avg_power_W=172.542373,max_power_W=203.000000,avg_time_s=0.134876,released_listeners=1,
end_task=,name=syrk,elapsed_seconds=0.168019,predicted_seconds=0.080313,time_percent_error=52.199976,nthreads=17,end_time=703165.364124,avg_power_W=172.542373,max_power_W=203.000000,avg_time_s=0.168019,released_listeners=1,
end_task=,name=potrf,elapsed_seconds=0.115791,predicted_seconds=0.061731,time_percent_error=46.687507,nthreads=36,end_time=703165.431857,avg_power_W=172.180328,max_power_W=203.000000,avg_time_s=0.115791,released_listeners=1,
start_task=,name=trsm,tick=28,start_time=703165.431915,nthreads=71,
message=tick stats,tick=28,estimated_current_power=83.634546,
end_task=,name=trsm,elapsed_seconds=0.035142,predicted_seconds=0.029443,time_percent_error=16.216328,nthreads=71,end_time=703165.481394,avg_power_W=172.032258,max_power_W=203.000000,avg_time_s=0.035142,released_listeners=1,
start_task=,name=syrk,tick=29,start_time=703165.481461,nthreads=71,
message=tick stats,tick=29,estimated_current_power=84.034343,
end_task=,name=syrk,elapsed_seconds=0.069905,predicted_seconds=0.043620,time_percent_error=37.601084,nthreads=71,end_time=703165.552055,avg_power_W=172.142857,max_power_W=203.000000,avg_time_s=0.069905,released_listeners=1,
start_task=,name=potrf,tick=30,start_time=703165.552118,nthreads=71,
message=tick stats,tick=30,estimated_current_power=70.936364,
end_task=,name=potrf,elapsed_seconds=0.068334,predicted_seconds=0.051584,time_percent_error=24.511485,nthreads=71,end_time=703165.630651,avg_power_W=172.107692,max_power_W=203.000000,avg_time_s=0.068334,released_listeners=0,
average_power_W=172.107692,
max_power_W=203.000000,
time_s=3.263866,
message=ALL DONE,
