message=cataloging configuration,max_threads=86,power_limit=inf,
start_task=,name=potrf,tick=1,start_time=705469.683513,nthreads=61,
message=tick stats,tick=1,estimated_current_power=68.206061,
end_task=,name=potrf,elapsed_seconds=0.343831,predicted_seconds=0.046642,time_percent_error=86.434674,nthreads=61,end_time=705470.028474,avg_power_W=186.000000,max_power_W=189.000000,avg_time_s=0.343831,released_listeners=5,
start_task=,name=trsm,tick=2,start_time=705470.028544,nthreads=18,
start_task=,name=trsm,tick=2,start_time=705470.028574,nthreads=18,
start_task=,name=trsm,tick=2,start_time=705470.028600,nthreads=18,
start_task=,name=trsm,tick=2,start_time=705470.028654,nthreads=16,
start_task=,name=trsm,tick=2,start_time=705470.028707,nthreads=16,
message=tick stats,tick=2,estimated_current_power=190.332828,
end_task=,name=trsm,elapsed_seconds=0.111631,predicted_seconds=0.050200,time_percent_error=55.030044,nthreads=18,end_time=705470.147574,avg_power_W=181.111111,max_power_W=189.000000,avg_time_s=0.111631,released_listeners=5,
end_task=,name=trsm,elapsed_seconds=0.111573,predicted_seconds=0.050200,time_percent_error=55.006778,nthreads=18,end_time=705470.147613,avg_power_W=181.111111,max_power_W=189.000000,avg_time_s=0.111573,released_listeners=5,
end_task=,name=trsm,elapsed_seconds=0.111489,predicted_seconds=0.050200,time_percent_error=54.972600,nthreads=18,end_time=705470.147638,avg_power_W=181.111111,max_power_W=189.000000,avg_time_s=0.111489,released_listeners=5,
start_task=,name=gemm,tick=3,start_time=705470.147690,nthreads=9,
start_task=,name=syrk,tick=3,start_time=705470.147709,nthreads=9,
start_task=,name=gemm,tick=3,start_time=705470.147725,nthreads=9,
start_task=,name=syrk,tick=3,start_time=705470.147741,nthreads=9,
start_task=,name=syrk,tick=3,start_time=705470.147768,nthreads=9,
start_task=,name=gemm,tick=3,start_time=705470.148026,nthreads=9,
message=tick stats,tick=3,estimated_current_power=198.864939,
end_task=,name=trsm,elapsed_seconds=0.129738,predicted_seconds=0.051521,time_percent_error=60.288643,nthreads=16,end_time=705470.175736,avg_power_W=181.111111,max_power_W=189.000000,avg_time_s=0.129738,released_listeners=5,
start_task=,name=gemm,tick=4,start_time=705470.175784,nthreads=4,
start_task=,name=gemm,tick=4,start_time=705470.175803,nthreads=4,
start_task=,name=syrk,tick=4,start_time=705470.175821,nthreads=5,
start_task=,name=gemm,tick=4,start_time=705470.175849,nthreads=2,
message=tick stats,tick=4,estimated_current_power=218.143757,
end_task=,name=trsm,elapsed_seconds=0.176202,predicted_seconds=0.051521,time_percent_error=70.760447,nthreads=16,end_time=705470.316318,avg_power_W=180.750000,max_power_W=206.000000,avg_time_s=0.176202,released_listeners=5,
start_task=,name=gemm,tick=5,start_time=705470.316376,nthreads=4,
start_task=,name=gemm,tick=5,start_time=705470.316399,nthreads=4,
start_task=,name=gemm,tick=5,start_time=705470.316417,nthreads=2,
start_task=,name=syrk,tick=5,start_time=705470.316452,nthreads=5,
start_task=,name=gemm,tick=5,start_time=705470.316481,nthreads=2,
message=tick stats,tick=5,estimated_current_power=250.398484,
end_task=,name=gemm,elapsed_seconds=0.325151,predicted_seconds=0.194402,time_percent_error=40.211593,nthreads=9,end_time=705470.498505,avg_power_W=180.562500,max_power_W=206.000000,avg_time_s=0.325151,released_listeners=1,
end_task=,name=gemm,elapsed_seconds=0.325167,predicted_seconds=0.194402,time_percent_error=40.214699,nthreads=9,end_time=705470.498539,avg_power_W=180.562500,max_power_W=206.000000,avg_time_s=0.325167,released_listeners=0,
end_task=,name=gemm,elapsed_seconds=0.342201,predicted_seconds=0.194402,time_percent_error=43.190579,nthreads=9,end_time=705470.498564,avg_power_W=180.562500,max_power_W=206.000000,avg_time_s=0.342201,released_listeners=1,
end_task=,name=syrk,elapsed_seconds=0.374278,predicted_seconds=0.152565,time_percent_error=59.237500,nthreads=9,end_time=705470.523989,avg_power_W=180.562500,max_power_W=206.000000,avg_time_s=0.374278,released_listeners=1,
end_task=,name=syrk,elapsed_seconds=0.374319,predicted_seconds=0.152565,time_percent_error=59.241935,nthreads=9,end_time=705470.524124,avg_power_W=180.562500,max_power_W=206.000000,avg_time_s=0.374319,released_listeners=1,
end_task=,name=syrk,elapsed_seconds=0.426486,predicted_seconds=0.152565,time_percent_error=64.227381,nthreads=9,end_time=705470.575330,avg_power_W=180.941176,max_power_W=206.000000,avg_time_s=0.426486,released_listeners=1,
start_task=,name=potrf,tick=6,start_time=705470.575366,nthreads=48,
message=tick stats,tick=6,estimated_current_power=185.480011,
end_task=,name=gemm,elapsed_seconds=0.533137,predicted_seconds=0.386206,time_percent_error=27.559579,nthreads=4,end_time=705470.709943,avg_power_W=179.500000,max_power_W=206.000000,avg_time_s=0.533137,released_listeners=0,
end_task=,name=potrf,elapsed_seconds=0.225623,predicted_seconds=0.048887,time_percent_error=78.332360,nthreads=48,end_time=705470.809748,avg_power_W=180.227273,max_power_W=206.000000,avg_time_s=0.225623,released_listeners=4,
start_task=,name=trsm,tick=7,start_time=705470.809785,nthreads=30,
start_task=,name=trsm,tick=7,start_time=705470.809809,nthreads=28,
message=tick stats,tick=7,estimated_current_power=218.589364,
end_task=,name=syrk,elapsed_seconds=0.670321,predicted_seconds=0.269296,time_percent_error=59.825750,nthreads=5,end_time=705470.903425,avg_power_W=181.041667,max_power_W=206.000000,avg_time_s=0.670321,released_listeners=1,
end_task=,name=gemm,elapsed_seconds=0.683547,predicted_seconds=0.386206,time_percent_error=43.499629,nthreads=4,end_time=705470.903545,avg_power_W=181.041667,max_power_W=206.000000,avg_time_s=0.683547,released_listeners=1,
start_task=,name=trsm,tick=8,start_time=705470.903570,nthreads=8,
message=tick stats,tick=8,estimated_current_power=216.346697,
end_task=,name=trsm,elapsed_seconds=0.091812,predicted_seconds=0.034502,time_percent_error=62.421012,nthreads=30,end_time=705470.903853,avg_power_W=181.041667,max_power_W=206.000000,avg_time_s=0.091812,released_listeners=4,
start_task=,name=syrk,tick=9,start_time=705470.903880,nthreads=28,
message=tick stats,tick=9,estimated_current_power=206.768212,
end_task=,name=trsm,elapsed_seconds=0.150165,predicted_seconds=0.035983,time_percent_error=76.037534,nthreads=28,end_time=705470.978836,avg_power_W=180.760000,max_power_W=206.000000,avg_time_s=0.150165,released_listeners=4,
start_task=,name=gemm,tick=10,start_time=705470.978874,nthreads=17,
start_task=,name=syrk,tick=10,start_time=705470.978895,nthreads=13,
message=tick stats,tick=10,estimated_current_power=212.896041,
end_task=,name=gemm,elapsed_seconds=0.774120,predicted_seconds=0.523133,time_percent_error=32.422258,nthreads=2,end_time=705470.978919,avg_power_W=180.760000,max_power_W=206.000000,avg_time_s=0.774120,released_listeners=0,
end_task=,name=syrk,elapsed_seconds=0.610298,predicted_seconds=0.269296,time_percent_error=55.874639,nthreads=5,end_time=705470.978937,avg_power_W=180.760000,max_power_W=206.000000,avg_time_s=0.610298,released_listeners=1,
end_task=,name=trsm,elapsed_seconds=0.114183,predicted_seconds=0.085967,time_percent_error=24.711181,nthreads=8,end_time=705471.056509,avg_power_W=181.592593,max_power_W=206.000000,avg_time_s=0.114183,released_listeners=4,
start_task=,name=gemm,tick=11,start_time=705471.056546,nthreads=7,
start_task=,name=syrk,tick=11,start_time=705471.056565,nthreads=5,
start_task=,name=gemm,tick=11,start_time=705471.056581,nthreads=4,
message=tick stats,tick=11,estimated_current_power=202.102382,
end_task=,name=gemm,elapsed_seconds=0.765887,predicted_seconds=0.386206,time_percent_error=49.573991,nthreads=4,end_time=705471.097311,avg_power_W=181.607143,max_power_W=206.000000,avg_time_s=0.765887,released_listeners=0,
end_task=,name=syrk,elapsed_seconds=0.216945,predicted_seconds=0.062906,time_percent_error=71.003803,nthreads=28,end_time=705471.128910,avg_power_W=181.607143,max_power_W=206.000000,avg_time_s=0.216945,released_listeners=1,
start_task=,name=potrf,tick=12,start_time=705471.128943,nthreads=31,
message=tick stats,tick=12,estimated_current_power=185.848957,
end_task=,name=gemm,elapsed_seconds=0.809993,predicted_seconds=0.386206,time_percent_error=52.319778,nthreads=4,end_time=705471.129074,avg_power_W=181.607143,max_power_W=206.000000,avg_time_s=0.809993,released_listeners=1,
start_task=,name=trsm,tick=13,start_time=705471.129102,nthreads=5,
message=tick stats,tick=13,estimated_current_power=191.486733,
end_task=,name=gemm,elapsed_seconds=0.827460,predicted_seconds=0.523133,time_percent_error=36.778479,nthreads=2,end_time=705471.153136,avg_power_W=181.379310,max_power_W=206.000000,avg_time_s=0.827460,released_listeners=0,
end_task=,name=gemm,elapsed_seconds=0.224585,predicted_seconds=0.099553,time_percent_error=55.672337,nthreads=17,end_time=705471.204086,avg_power_W=181.666667,max_power_W=206.000000,avg_time_s=0.224585,released_listeners=1,
end_task=,name=gemm,elapsed_seconds=0.888020,predicted_seconds=0.523133,time_percent_error=41.089938,nthreads=2,end_time=705471.205653,avg_power_W=181.666667,max_power_W=206.000000,avg_time_s=0.888020,released_listeners=0,
end_task=,name=syrk,elapsed_seconds=0.287117,predicted_seconds=0.112001,time_percent_error=60.991150,nthreads=13,end_time=705471.266816,avg_power_W=181.612903,max_power_W=206.000000,avg_time_s=0.287117,released_listeners=1,
end_task=,name=trsm,elapsed_seconds=0.155504,predicted_seconds=0.135833,time_percent_error=12.649869,nthreads=5,end_time=705471.297521,avg_power_W=181.875000,max_power_W=206.000000,avg_time_s=0.155504,released_listeners=4,
start_task=,name=gemm,tick=14,start_time=705471.297606,nthreads=10,
start_task=,name=gemm,tick=14,start_time=705471.297645,nthreads=10,
start_task=,name=syrk,tick=14,start_time=705471.297680,nthreads=9,
start_task=,name=gemm,tick=14,start_time=705471.297715,nthreads=10,
message=tick stats,tick=14,estimated_current_power=172.111907,
end_task=,name=potrf,elapsed_seconds=0.175169,predicted_seconds=0.059061,time_percent_error=66.283516,nthreads=31,end_time=705471.317928,avg_power_W=181.875000,max_power_W=206.000000,avg_time_s=0.175169,released_listeners=3,
start_task=,name=trsm,tick=15,start_time=705471.317955,nthreads=30,
message=tick stats,tick=15,estimated_current_power=183.614381,
end_task=,name=syrk,elapsed_seconds=0.348459,predicted_seconds=0.269296,time_percent_error=22.718055,nthreads=5,end_time=705471.405997,avg_power_W=181.970588,max_power_W=206.000000,avg_time_s=0.348459,released_listeners=1,
end_task=,name=trsm,elapsed_seconds=0.146141,predicted_seconds=0.034502,time_percent_error=76.391252,nthreads=30,end_time=705471.464578,avg_power_W=181.485714,max_power_W=206.000000,avg_time_s=0.146141,released_listeners=3,
start_task=,name=syrk,tick=16,start_time=705471.464613,nthreads=36,
message=tick stats,tick=16,estimated_current_power=167.022665,
end_task=,name=syrk,elapsed_seconds=0.243616,predicted_seconds=0.152565,time_percent_error=37.374620,nthreads=9,end_time=705471.547858,avg_power_W=181.837838,max_power_W=206.000000,avg_time_s=0.243616,released_listeners=1,
end_task=,name=gemm,elapsed_seconds=0.494169,predicted_seconds=0.386206,time_percent_error=21.847335,nthreads=4,end_time=705471.551872,avg_power_W=181.837838,max_power_W=206.000000,avg_time_s=0.494169,released_listeners=0,
end_task=,name=gemm,elapsed_seconds=0.494322,predicted_seconds=0.358185,time_percent_error=27.540237,nthreads=7,end_time=705471.564451,avg_power_W=181.837838,max_power_W=206.000000,avg_time_s=0.494322,released_listeners=1,
start_task=,name=trsm,tick=17,start_time=705471.564480,nthreads=20,
message=tick stats,tick=17,estimated_current_power=160.074874,
end_task=,name=syrk,elapsed_seconds=0.110829,predicted_seconds=0.052408,time_percent_error=52.712753,nthreads=36,end_time=705471.577376,avg_power_W=181.837838,max_power_W=206.000000,avg_time_s=0.110829,released_listeners=1,
end_task=,name=trsm,elapsed_seconds=0.060340,predicted_seconds=0.045104,time_percent_error=25.249339,nthreads=20,end_time=705471.625455,avg_power_W=182.368421,max_power_W=206.000000,avg_time_s=0.060340,released_listeners=3,
start_task=,name=syrk,tick=18,start_time=705471.625481,nthreads=24,
start_task=,name=gemm,tick=18,start_time=705471.625501,nthreads=30,
message=tick stats,tick=18,estimated_current_power=153.996566,
end_task=,name=gemm,elapsed_seconds=0.340334,predicted_seconds=0.192113,time_percent_error=43.551644,nthreads=10,end_time=705471.649081,avg_power_W=182.589744,max_power_W=206.000000,avg_time_s=0.340334,released_listeners=1,
end_task=,name=gemm,elapsed_seconds=0.348535,predicted_seconds=0.192113,time_percent_error=44.879911,nthreads=10,end_time=705471.649151,avg_power_W=182.589744,max_power_W=206.000000,avg_time_s=0.348535,released_listeners=0,
start_task=,name=trsm,tick=19,start_time=705471.649178,nthreads=22,
message=tick stats,tick=19,estimated_current_power=155.325808,
end_task=,name=gemm,elapsed_seconds=0.367058,predicted_seconds=0.192113,time_percent_error=47.661403,nthreads=10,end_time=705471.681437,avg_power_W=182.589744,max_power_W=206.000000,avg_time_s=0.367058,released_listeners=0,
end_task=,name=trsm,elapsed_seconds=0.082389,predicted_seconds=0.041920,time_percent_error=49.119206,nthreads=22,end_time=705471.732620,avg_power_W=182.650000,max_power_W=206.000000,avg_time_s=0.082389,released_listeners=3,
start_task=,name=gemm,tick=20,start_time=705471.732678,nthreads=11,
start_task=,name=syrk,tick=20,start_time=705471.732707,nthreads=9,
start_task=,name=gemm,tick=20,start_time=705471.732735,nthreads=11,
message=tick stats,tick=20,estimated_current_power=152.593293,
end_task=,name=gemm,elapsed_seconds=0.127586,predicted_seconds=0.066301,time_percent_error=48.034405,nthreads=30,end_time=705471.776141,avg_power_W=182.463415,max_power_W=206.000000,avg_time_s=0.127586,released_listeners=1,
end_task=,name=syrk,elapsed_seconds=0.121980,predicted_seconds=0.065601,time_percent_error=46.220075,nthreads=24,end_time=705471.776187,avg_power_W=182.463415,max_power_W=206.000000,avg_time_s=0.121980,released_listeners=1,
start_task=,name=potrf,tick=21,start_time=705471.776230,nthreads=48,
message=tick stats,tick=21,estimated_current_power=123.322106,
end_task=,name=potrf,elapsed_seconds=0.166965,predicted_seconds=0.048887,time_percent_error=70.720114,nthreads=48,end_time=705471.947883,avg_power_W=181.688889,max_power_W=206.000000,avg_time_s=0.166965,released_listeners=2,
start_task=,name=trsm,tick=22,start_time=705471.947946,nthreads=52,
message=tick stats,tick=22,estimated_current_power=143.146348,
end_task=,name=trsm,elapsed_seconds=0.040838,predicted_seconds=0.027002,time_percent_error=33.880266,nthreads=52,end_time=705471.997963,avg_power_W=181.869565,max_power_W=206.000000,avg_time_s=0.040838,released_listeners=2,
start_task=,name=syrk,tick=23,start_time=705471.998027,nthreads=48,
message=tick stats,tick=23,estimated_current_power=128.220086,
end_task=,name=syrk,elapsed_seconds=0.251065,predicted_seconds=0.152565,time_percent_error=39.232825,nthreads=9,end_time=705471.998068,avg_power_W=181.869565,max_power_W=206.000000,avg_time_s=0.251065,released_listeners=1,
end_task=,name=gemm,elapsed_seconds=0.287528,predicted_seconds=0.191029,time_percent_error=33.561629,nthreads=11,end_time=705472.020849,avg_power_W=181.869565,max_power_W=206.000000,avg_time_s=0.287528,released_listeners=0,
end_task=,name=gemm,elapsed_seconds=0.318120,predicted_seconds=0.191029,time_percent_error=39.950713,nthreads=11,end_time=705472.051284,avg_power_W=182.063830,max_power_W=206.000000,avg_time_s=0.318120,released_listeners=1,
start_task=,name=trsm,tick=24,start_time=705472.051330,nthreads=38,
message=tick stats,tick=24,estimated_current_power=126.600404,
end_task=,name=syrk,elapsed_seconds=0.087765,predicted_seconds=0.048370,time_percent_error=44.886231,nthreads=48,end_time=705472.097505,avg_power_W=181.979167,max_power_W=206.000000,avg_time_s=0.087765,released_listeners=1,
end_task=,name=trsm,elapsed_seconds=0.066697,predicted_seconds=0.032011,time_percent_error=52.005778,nthreads=38,end_time=705472.118526,avg_power_W=181.979167,max_power_W=206.000000,avg_time_s=0.066697,released_listeners=2,
start_task=,name=syrk,tick=25,start_time=705472.118577,nthreads=45,
start_task=,name=gemm,tick=25,start_time=705472.118614,nthreads=41,
message=tick stats,tick=25,estimated_current_power=124.808005,
end_task=,name=gemm,elapsed_seconds=0.091285,predicted_seconds=0.049612,time_percent_error=45.651211,nthreads=41,end_time=705472.210542,avg_power_W=181.640000,max_power_W=206.000000,avg_time_s=0.091285,released_listeners=1,
end_task=,name=syrk,elapsed_seconds=0.106355,predicted_seconds=0.049251,time_percent_error=53.692039,nthreads=45,end_time=705472.225531,avg_power_W=181.640000,max_power_W=206.000000,avg_time_s=0.106355,released_listeners=1,
start_task=,name=potrf,tick=26,start_time=705472.225585,nthreads=61,
message=tick stats,tick=26,estimated_current_power=68.206061,
end_task=,name=potrf,elapsed_seconds=0.064910,predicted_seconds=0.046642,time_percent_error=28.143588,nthreads=61,end_time=705472.297271,avg_power_W=181.615385,max_power_W=206.000000,avg_time_s=0.064910,released_listeners=1,
start_task=,name=trsm,tick=27,start_time=705472.297334,nthreads=78,
message=tick stats,tick=27,estimated_current_power=88.080000,
end_task=,name=trsm,elapsed_seconds=0.034344,predicted_seconds=0.026432,time_percent_error=23.037381,nthreads=78,end_time=705472.332574,avg_power_W=181.615385,max_power_W=206.000000,avg_time_s=0.034344,released_listeners=1,
start_task=,name=syrk,tick=28,start_time=705472.332636,nthreads=84,
message=tick stats,tick=28,estimated_current_power=89.014343,
end_task=,name=syrk,elapsed_seconds=0.072887,predicted_seconds=0.040343,time_percent_error=44.650241,nthreads=84,end_time=705472.405978,avg_power_W=181.055556,max_power_W=206.000000,avg_time_s=0.072887,released_listeners=1,
start_task=,name=potrf,tick=29,start_time=705472.406046,nthreads=61,
message=tick stats,tick=29,estimated_current_power=68.206061,
end_task=,name=potrf,elapsed_seconds=0.060694,predicted_seconds=0.046642,time_percent_error=23.152443,nthreads=61,end_time=705472.467404,avg_power_W=180.709091,max_power_W=206.000000,avg_time_s=0.060694,released_listeners=0,
average_power_W=180.709091,
max_power_W=206.000000,
time_s=2.783972,
message=ALL DONE,
