message=cataloging configuration,max_threads=112,power_limit=215.000000,
start_task=,name=potrf,tick=1,start_time=759637.981279,nthreads=61,
message=tick stats,tick=1,estimated_current_power=68.206061,
end_task=,name=potrf,elapsed_seconds=0.361188,predicted_seconds=0.046642,time_percent_error=87.086539,nthreads=61,end_time=759638.344623,avg_power_W=185.428571,max_power_W=190.000000,avg_time_s=0.361188,released_listeners=5,
start_task=,name=trsm,tick=2,start_time=759638.344698,nthreads=23,
start_task=,name=trsm,tick=2,start_time=759638.344736,nthreads=20,
start_task=,name=trsm,tick=2,start_time=759638.344762,nthreads=20,
start_task=,name=trsm,tick=2,start_time=759638.344860,nthreads=20,
start_task=,name=trsm,tick=2,start_time=759638.344971,nthreads=20,
message=tick stats,tick=2,estimated_current_power=214.619899,
end_task=,name=trsm,elapsed_seconds=0.115672,predicted_seconds=0.042963,time_percent_error=62.857731,nthreads=23,end_time=759638.460833,avg_power_W=181.000000,max_power_W=190.000000,avg_time_s=0.115672,released_listeners=5,
end_task=,name=trsm,elapsed_seconds=0.115631,predicted_seconds=0.045104,time_percent_error=60.992777,nthreads=20,end_time=759638.460871,avg_power_W=181.000000,max_power_W=190.000000,avg_time_s=0.115631,released_listeners=5,
end_task=,name=trsm,elapsed_seconds=0.115556,predicted_seconds=0.045104,time_percent_error=60.967655,nthreads=20,end_time=759638.460896,avg_power_W=181.000000,max_power_W=190.000000,avg_time_s=0.115556,released_listeners=5,
start_task=,name=syrk,tick=3,start_time=759638.460949,nthreads=9,
start_task=,name=gemm,tick=3,start_time=759638.460969,nthreads=11,
start_task=,name=gemm,tick=3,start_time=759638.460986,nthreads=11,
start_task=,name=syrk,tick=3,start_time=759638.461002,nthreads=9,
start_task=,name=gemm,tick=3,start_time=759638.461338,nthreads=11,
start_task=,name=syrk,tick=3,start_time=759638.461415,nthreads=9,
message=tick stats,tick=3,estimated_current_power=211.130711,
end_task=,name=trsm,elapsed_seconds=0.122008,predicted_seconds=0.045104,time_percent_error=63.031570,nthreads=20,end_time=759638.494555,avg_power_W=181.000000,max_power_W=190.000000,avg_time_s=0.122008,released_listeners=5,
start_task=,name=gemm,tick=4,start_time=759638.494608,nthreads=1,
start_task=,name=gemm,tick=4,start_time=759638.494626,nthreads=1,
start_task=,name=gemm,tick=4,start_time=759638.494665,nthreads=1,
message=tick stats,tick=4,estimated_current_power=204.350966,
end_task=,name=trsm,elapsed_seconds=0.173912,predicted_seconds=0.045104,time_percent_error=74.064899,nthreads=20,end_time=759638.594762,avg_power_W=178.750000,max_power_W=190.000000,avg_time_s=0.173912,released_listeners=5,
start_task=,name=syrk,tick=5,start_time=759638.594830,nthreads=1,
start_task=,name=syrk,tick=5,start_time=759638.594849,nthreads=1,
start_task=,name=gemm,tick=5,start_time=759638.594869,nthreads=1,
start_task=,name=gemm,tick=5,start_time=759638.594898,nthreads=1,
message=tick stats,tick=5,estimated_current_power=208.786959,
end_task=,name=syrk,elapsed_seconds=0.271583,predicted_seconds=0.152565,time_percent_error=43.823741,nthreads=9,end_time=759638.744463,avg_power_W=179.400000,max_power_W=191.000000,avg_time_s=0.271583,released_listeners=1,
start_task=,name=gemm,tick=6,start_time=759638.744500,nthreads=2,
start_task=,name=gemm,tick=6,start_time=759638.744519,nthreads=2,
message=tick stats,tick=6,estimated_current_power=214.527278,
end_task=,name=gemm,elapsed_seconds=0.310852,predicted_seconds=0.191029,time_percent_error=38.546781,nthreads=11,end_time=759638.777316,avg_power_W=179.400000,max_power_W=191.000000,avg_time_s=0.310852,released_listeners=0,
end_task=,name=gemm,elapsed_seconds=0.314529,predicted_seconds=0.191029,time_percent_error=39.265107,nthreads=11,end_time=759638.777349,avg_power_W=179.400000,max_power_W=191.000000,avg_time_s=0.314529,released_listeners=0,
end_task=,name=gemm,elapsed_seconds=0.328086,predicted_seconds=0.191029,time_percent_error=41.774796,nthreads=11,end_time=759638.795006,avg_power_W=180.062500,max_power_W=191.000000,avg_time_s=0.328086,released_listeners=0,
end_task=,name=syrk,elapsed_seconds=0.323964,predicted_seconds=0.152565,time_percent_error=52.906771,nthreads=9,end_time=759638.795036,avg_power_W=180.062500,max_power_W=191.000000,avg_time_s=0.323964,released_listeners=1,
end_task=,name=syrk,elapsed_seconds=0.356281,predicted_seconds=0.152565,time_percent_error=57.178469,nthreads=9,end_time=759638.818185,avg_power_W=180.062500,max_power_W=191.000000,avg_time_s=0.356281,released_listeners=1,
end_task=,name=gemm,elapsed_seconds=0.579888,predicted_seconds=0.523133,time_percent_error=9.787288,nthreads=2,end_time=759639.325476,avg_power_W=170.576923,max_power_W=191.000000,avg_time_s=0.579888,released_listeners=1,
end_task=,name=gemm,elapsed_seconds=0.593667,predicted_seconds=0.523133,time_percent_error=11.881016,nthreads=2,end_time=759639.344640,avg_power_W=169.851852,max_power_W=191.000000,avg_time_s=0.593667,released_listeners=1,
end_task=,name=syrk,elapsed_seconds=0.892440,predicted_seconds=0.833912,time_percent_error=6.558130,nthreads=1,end_time=759639.494400,avg_power_W=167.366667,max_power_W=191.000000,avg_time_s=0.892440,released_listeners=1,
start_task=,name=potrf,tick=7,start_time=759639.494436,nthreads=61,
message=tick stats,tick=7,estimated_current_power=139.220508,
end_task=,name=potrf,elapsed_seconds=0.070256,predicted_seconds=0.046642,time_percent_error=33.611854,nthreads=61,end_time=759639.565207,avg_power_W=166.677419,max_power_W=191.000000,avg_time_s=0.070256,released_listeners=4,
start_task=,name=trsm,tick=8,start_time=759639.565245,nthreads=44,
start_task=,name=trsm,tick=8,start_time=759639.565272,nthreads=44,
message=tick stats,tick=8,estimated_current_power=212.465357,
end_task=,name=syrk,elapsed_seconds=1.001584,predicted_seconds=0.833912,time_percent_error=16.740701,nthreads=1,end_time=759639.597148,avg_power_W=167.312500,max_power_W=191.000000,avg_time_s=1.001584,released_listeners=1,
end_task=,name=trsm,elapsed_seconds=0.052410,predicted_seconds=0.027924,time_percent_error=46.719697,nthreads=44,end_time=759639.618174,avg_power_W=167.312500,max_power_W=191.000000,avg_time_s=0.052410,released_listeners=4,
start_task=,name=syrk,tick=9,start_time=759639.618213,nthreads=60,
message=tick stats,tick=9,estimated_current_power=214.567294,
end_task=,name=trsm,elapsed_seconds=0.056982,predicted_seconds=0.027924,time_percent_error=50.994795,nthreads=44,end_time=759639.644729,avg_power_W=167.787879,max_power_W=191.000000,avg_time_s=0.056982,released_listeners=4,
start_task=,name=gemm,tick=10,start_time=759639.644769,nthreads=23,
start_task=,name=syrk,tick=10,start_time=759639.644791,nthreads=17,
message=tick stats,tick=10,estimated_current_power=213.461662,
end_task=,name=gemm,elapsed_seconds=1.144906,predicted_seconds=0.957383,time_percent_error=16.378945,nthreads=1,end_time=759639.644817,avg_power_W=167.787879,max_power_W=191.000000,avg_time_s=1.144906,released_listeners=0,
end_task=,name=gemm,elapsed_seconds=1.175960,predicted_seconds=0.957383,time_percent_error=18.587133,nthreads=1,end_time=759639.671139,avg_power_W=167.787879,max_power_W=191.000000,avg_time_s=1.175960,released_listeners=0,
end_task=,name=gemm,elapsed_seconds=1.183735,predicted_seconds=0.957383,time_percent_error=19.121893,nthreads=1,end_time=759639.679099,avg_power_W=167.787879,max_power_W=191.000000,avg_time_s=1.183735,released_listeners=0,
end_task=,name=gemm,elapsed_seconds=1.142560,predicted_seconds=0.957383,time_percent_error=16.207223,nthreads=1,end_time=759639.745096,avg_power_W=167.771429,max_power_W=191.000000,avg_time_s=1.142560,released_listeners=1,
end_task=,name=gemm,elapsed_seconds=1.142423,predicted_seconds=0.957383,time_percent_error=16.197200,nthreads=1,end_time=759639.745130,avg_power_W=167.771429,max_power_W=191.000000,avg_time_s=1.142423,released_listeners=1,
start_task=,name=trsm,tick=11,start_time=759639.745157,nthreads=6,
start_task=,name=trsm,tick=11,start_time=759639.745176,nthreads=6,
message=tick stats,tick=11,estimated_current_power=197.537500,
end_task=,name=syrk,elapsed_seconds=0.134506,predicted_seconds=0.042495,time_percent_error=68.406739,nthreads=60,end_time=759639.809011,avg_power_W=168.500000,max_power_W=194.000000,avg_time_s=0.134506,released_listeners=1,
end_task=,name=syrk,elapsed_seconds=0.188150,predicted_seconds=0.080313,time_percent_error=57.314417,nthreads=17,end_time=759639.845233,avg_power_W=168.729730,max_power_W=194.000000,avg_time_s=0.188150,released_listeners=1,
end_task=,name=gemm,elapsed_seconds=0.195498,predicted_seconds=0.084016,time_percent_error=57.024419,nthreads=23,end_time=759639.845279,avg_power_W=168.729730,max_power_W=194.000000,avg_time_s=0.195498,released_listeners=0,
end_task=,name=trsm,elapsed_seconds=0.142829,predicted_seconds=0.111110,time_percent_error=22.207220,nthreads=6,end_time=759639.895002,avg_power_W=168.684211,max_power_W=194.000000,avg_time_s=0.142829,released_listeners=4,
start_task=,name=syrk,tick=12,start_time=759639.895057,nthreads=32,
start_task=,name=gemm,tick=12,start_time=759639.895092,nthreads=37,
start_task=,name=gemm,tick=12,start_time=759639.895132,nthreads=37,
message=tick stats,tick=12,estimated_current_power=186.581061,
end_task=,name=trsm,elapsed_seconds=0.213791,predicted_seconds=0.111110,time_percent_error=48.028458,nthreads=6,end_time=759639.959952,avg_power_W=168.461538,max_power_W=194.000000,avg_time_s=0.213791,released_listeners=4,
start_task=,name=syrk,tick=13,start_time=759639.960000,nthreads=1,
start_task=,name=gemm,tick=13,start_time=759639.960020,nthreads=2,
start_task=,name=gemm,tick=13,start_time=759639.960037,nthreads=2,
start_task=,name=gemm,tick=13,start_time=759639.960066,nthreads=1,
message=tick stats,tick=13,estimated_current_power=214.210724,
end_task=,name=gemm,elapsed_seconds=0.105315,predicted_seconds=0.053525,time_percent_error=49.175972,nthreads=37,end_time=759640.049542,avg_power_W=169.000000,max_power_W=196.000000,avg_time_s=0.105315,released_listeners=0,
end_task=,name=syrk,elapsed_seconds=0.192314,predicted_seconds=0.053792,time_percent_error=72.028975,nthreads=32,end_time=759640.095291,avg_power_W=169.261905,max_power_W=196.000000,avg_time_s=0.192314,released_listeners=1,
end_task=,name=gemm,elapsed_seconds=0.142995,predicted_seconds=0.053525,time_percent_error=62.568479,nthreads=37,end_time=759640.095322,avg_power_W=169.261905,max_power_W=196.000000,avg_time_s=0.142995,released_listeners=0,
end_task=,name=gemm,elapsed_seconds=0.589550,predicted_seconds=0.523133,time_percent_error=11.265801,nthreads=2,end_time=759640.550036,avg_power_W=164.941176,max_power_W=196.000000,avg_time_s=0.589550,released_listeners=1,
end_task=,name=gemm,elapsed_seconds=0.604430,predicted_seconds=0.523133,time_percent_error=13.450167,nthreads=2,end_time=759640.564942,avg_power_W=164.941176,max_power_W=196.000000,avg_time_s=0.604430,released_listeners=1,
end_task=,name=syrk,elapsed_seconds=0.838661,predicted_seconds=0.833912,time_percent_error=0.566282,nthreads=1,end_time=759640.799256,avg_power_W=162.142857,max_power_W=196.000000,avg_time_s=0.838661,released_listeners=1,
start_task=,name=potrf,tick=14,start_time=759640.799308,nthreads=61,
message=tick stats,tick=14,estimated_current_power=80.098166,
end_task=,name=potrf,elapsed_seconds=0.073283,predicted_seconds=0.046642,time_percent_error=36.354212,nthreads=61,end_time=759640.873283,avg_power_W=161.614035,max_power_W=196.000000,avg_time_s=0.073283,released_listeners=3,
start_task=,name=trsm,tick=15,start_time=759640.873344,nthreads=52,
start_task=,name=trsm,tick=15,start_time=759640.873385,nthreads=52,
message=tick stats,tick=15,estimated_current_power=170.316348,
end_task=,name=trsm,elapsed_seconds=0.055943,predicted_seconds=0.027002,time_percent_error=51.732443,nthreads=52,end_time=759640.930284,avg_power_W=161.586207,max_power_W=196.000000,avg_time_s=0.055943,released_listeners=3,
start_task=,name=syrk,tick=16,start_time=759640.930345,nthreads=59,
message=tick stats,tick=16,estimated_current_power=162.916853,
end_task=,name=trsm,elapsed_seconds=0.071121,predicted_seconds=0.027002,time_percent_error=62.033193,nthreads=52,end_time=759640.946866,avg_power_W=161.542373,max_power_W=196.000000,avg_time_s=0.071121,released_listeners=3,
start_task=,name=gemm,tick=17,start_time=759640.946897,nthreads=24,
start_task=,name=syrk,tick=17,start_time=759640.946920,nthreads=24,
message=tick stats,tick=17,estimated_current_power=166.660539,
end_task=,name=gemm,elapsed_seconds=1.056816,predicted_seconds=0.957383,time_percent_error=9.408746,nthreads=1,end_time=759641.018508,avg_power_W=161.800000,max_power_W=196.000000,avg_time_s=1.056816,released_listeners=1,
start_task=,name=trsm,tick=18,start_time=759641.018553,nthreads=5,
message=tick stats,tick=18,estimated_current_power=174.735645,
end_task=,name=gemm,elapsed_seconds=0.127868,predicted_seconds=0.069532,time_percent_error=45.622034,nthreads=24,end_time=759641.075428,avg_power_W=161.885246,max_power_W=196.000000,avg_time_s=0.127868,released_listeners=1,
end_task=,name=syrk,elapsed_seconds=0.156035,predicted_seconds=0.048333,time_percent_error=69.023870,nthreads=59,end_time=759641.095406,avg_power_W=162.290323,max_power_W=196.000000,avg_time_s=0.156035,released_listeners=1,
start_task=,name=potrf,tick=19,start_time=759641.095467,nthreads=61,
message=tick stats,tick=19,estimated_current_power=127.094988,
end_task=,name=syrk,elapsed_seconds=0.178059,predicted_seconds=0.065601,time_percent_error=63.157818,nthreads=24,end_time=759641.125536,avg_power_W=162.290323,max_power_W=196.000000,avg_time_s=0.178059,released_listeners=1,
end_task=,name=potrf,elapsed_seconds=0.069806,predicted_seconds=0.046642,time_percent_error=33.183429,nthreads=61,end_time=759641.165903,avg_power_W=162.476190,max_power_W=196.000000,avg_time_s=0.069806,released_listeners=2,
start_task=,name=trsm,tick=20,start_time=759641.165963,nthreads=78,
message=tick stats,tick=20,estimated_current_power=108.047211,
end_task=,name=trsm,elapsed_seconds=0.164722,predicted_seconds=0.135833,time_percent_error=17.538029,nthreads=5,end_time=759641.195386,avg_power_W=162.843750,max_power_W=196.000000,avg_time_s=0.164722,released_listeners=3,
start_task=,name=gemm,tick=21,start_time=759641.195447,nthreads=13,
start_task=,name=gemm,tick=21,start_time=759641.195482,nthreads=11,
start_task=,name=syrk,tick=21,start_time=759641.195506,nthreads=9,
message=tick stats,tick=21,estimated_current_power=156.554786,
end_task=,name=trsm,elapsed_seconds=0.037361,predicted_seconds=0.026432,time_percent_error=29.252637,nthreads=78,end_time=759641.244642,avg_power_W=163.123077,max_power_W=196.000000,avg_time_s=0.037361,released_listeners=2,
start_task=,name=syrk,tick=22,start_time=759641.244681,nthreads=76,
message=tick stats,tick=22,estimated_current_power=156.239332,
end_task=,name=syrk,elapsed_seconds=0.119331,predicted_seconds=0.040764,time_percent_error=65.839892,nthreads=76,end_time=759641.364584,avg_power_W=163.119403,max_power_W=196.000000,avg_time_s=0.119331,released_listeners=1,
start_task=,name=potrf,tick=23,start_time=759641.364617,nthreads=61,
message=tick stats,tick=23,estimated_current_power=136.680847,
end_task=,name=gemm,elapsed_seconds=0.199218,predicted_seconds=0.131272,time_percent_error=34.106279,nthreads=13,end_time=759641.395897,avg_power_W=163.764706,max_power_W=207.000000,avg_time_s=0.199218,released_listeners=1,
start_task=,name=trsm,tick=24,start_time=759641.395924,nthreads=30,
message=tick stats,tick=24,estimated_current_power=164.228621,
end_task=,name=gemm,elapsed_seconds=0.294807,predicted_seconds=0.191029,time_percent_error=35.202139,nthreads=11,end_time=759641.494910,avg_power_W=164.214286,max_power_W=207.000000,avg_time_s=0.294807,released_listeners=0,
end_task=,name=syrk,elapsed_seconds=0.294764,predicted_seconds=0.152565,time_percent_error=48.241529,nthreads=9,end_time=759641.494942,avg_power_W=164.214286,max_power_W=207.000000,avg_time_s=0.294764,released_listeners=1,
end_task=,name=trsm,elapsed_seconds=0.133583,predicted_seconds=0.034502,time_percent_error=74.171956,nthreads=30,end_time=759641.530128,avg_power_W=164.214286,max_power_W=207.000000,avg_time_s=0.133583,released_listeners=2,
start_task=,name=gemm,tick=25,start_time=759641.530187,nthreads=24,
start_task=,name=syrk,tick=25,start_time=759641.530222,nthreads=24,
message=tick stats,tick=25,estimated_current_power=151.161869,
end_task=,name=potrf,elapsed_seconds=0.183290,predicted_seconds=0.046642,time_percent_error=74.553042,nthreads=61,end_time=759641.553724,avg_power_W=164.436620,max_power_W=207.000000,avg_time_s=0.183290,released_listeners=1,
end_task=,name=gemm,elapsed_seconds=0.107429,predicted_seconds=0.069532,time_percent_error=35.276025,nthreads=24,end_time=759641.645576,avg_power_W=164.726027,max_power_W=207.000000,avg_time_s=0.107429,released_listeners=1,
start_task=,name=trsm,tick=26,start_time=759641.645637,nthreads=78,
message=tick stats,tick=26,estimated_current_power=127.001717,
end_task=,name=syrk,elapsed_seconds=0.149856,predicted_seconds=0.065601,time_percent_error=56.224062,nthreads=24,end_time=759641.680578,avg_power_W=164.726027,max_power_W=207.000000,avg_time_s=0.149856,released_listeners=1,
end_task=,name=trsm,elapsed_seconds=0.038730,predicted_seconds=0.026432,time_percent_error=31.753499,nthreads=78,end_time=759641.695491,avg_power_W=164.905405,max_power_W=207.000000,avg_time_s=0.038730,released_listeners=1,
start_task=,name=syrk,tick=27,start_time=759641.695561,nthreads=92,
message=tick stats,tick=27,estimated_current_power=91.950909,
end_task=,name=syrk,elapsed_seconds=0.075325,predicted_seconds=0.038824,time_percent_error=48.457852,nthreads=92,end_time=759641.771492,avg_power_W=165.120000,max_power_W=207.000000,avg_time_s=0.075325,released_listeners=1,
start_task=,name=potrf,tick=28,start_time=759641.771557,nthreads=61,
message=tick stats,tick=28,estimated_current_power=68.206061,
end_task=,name=potrf,elapsed_seconds=0.062991,predicted_seconds=0.046642,time_percent_error=25.954447,nthreads=61,end_time=759641.845443,avg_power_W=165.298701,max_power_W=207.000000,avg_time_s=0.062991,released_listeners=0,
average_power_W=165.298701,
max_power_W=207.000000,
time_s=3.864341,
message=ALL DONE,
