message=cataloging configuration,max_threads=53,power_limit=inf,
start_task=,name=potrf,tick=1,start_time=703582.385495,nthreads=53,
message=tick stats,tick=1,estimated_current_power=63.387879,
end_task=,name=potrf,elapsed_seconds=0.314470,predicted_seconds=0.051674,time_percent_error=83.567751,nthreads=53,end_time=703582.700948,avg_power_W=181.500000,max_power_W=185.000000,avg_time_s=0.314470,released_listeners=5,
start_task=,name=trsm,tick=2,start_time=703582.701001,nthreads=11,
start_task=,name=trsm,tick=2,start_time=703582.701033,nthreads=11,
start_task=,name=trsm,tick=2,start_time=703582.701058,nthreads=11,
start_task=,name=trsm,tick=2,start_time=703582.701116,nthreads=10,
start_task=,name=trsm,tick=2,start_time=703582.701182,nthreads=10,
message=tick stats,tick=2,estimated_current_power=144.109091,
end_task=,name=trsm,elapsed_seconds=0.097412,predicted_seconds=0.074796,time_percent_error=23.217087,nthreads=10,end_time=703582.799499,avg_power_W=180.250000,max_power_W=185.000000,avg_time_s=0.097412,released_listeners=5,
start_task=,name=syrk,tick=3,start_time=703582.799554,nthreads=10,
message=tick stats,tick=3,estimated_current_power=136.205206,
end_task=,name=trsm,elapsed_seconds=0.094534,predicted_seconds=0.072268,time_percent_error=23.553027,nthreads=11,end_time=703582.799599,avg_power_W=180.250000,max_power_W=185.000000,avg_time_s=0.094534,released_listeners=5,
start_task=,name=gemm,tick=4,start_time=703582.799642,nthreads=6,
start_task=,name=syrk,tick=4,start_time=703582.799679,nthreads=5,
message=tick stats,tick=4,estimated_current_power=137.965328,
end_task=,name=trsm,elapsed_seconds=0.131816,predicted_seconds=0.074796,time_percent_error=43.257141,nthreads=10,end_time=703582.849691,avg_power_W=181.777778,max_power_W=194.000000,avg_time_s=0.131816,released_listeners=5,
start_task=,name=gemm,tick=5,start_time=703582.849720,nthreads=4,
start_task=,name=syrk,tick=5,start_time=703582.849739,nthreads=3,
start_task=,name=gemm,tick=5,start_time=703582.849755,nthreads=3,
message=tick stats,tick=5,estimated_current_power=152.183883,
end_task=,name=trsm,elapsed_seconds=0.109655,predicted_seconds=0.072268,time_percent_error=34.094913,nthreads=11,end_time=703582.849777,avg_power_W=181.777778,max_power_W=194.000000,avg_time_s=0.109655,released_listeners=5,
end_task=,name=trsm,elapsed_seconds=0.116194,predicted_seconds=0.072268,time_percent_error=37.803825,nthreads=11,end_time=703582.849796,avg_power_W=181.777778,max_power_W=194.000000,avg_time_s=0.116194,released_listeners=5,
start_task=,name=gemm,tick=6,start_time=703582.849815,nthreads=3,
start_task=,name=syrk,tick=6,start_time=703582.849832,nthreads=3,
start_task=,name=gemm,tick=6,start_time=703582.849851,nthreads=3,
start_task=,name=gemm,tick=6,start_time=703582.849913,nthreads=3,
start_task=,name=gemm,tick=6,start_time=703582.849972,nthreads=2,
start_task=,name=gemm,tick=6,start_time=703582.850255,nthreads=2,
start_task=,name=gemm,tick=6,start_time=703582.850297,nthreads=2,
start_task=,name=syrk,tick=6,start_time=703582.850355,nthreads=2,
start_task=,name=gemm,tick=6,start_time=703582.850390,nthreads=2,
message=tick stats,tick=6,estimated_current_power=219.515105,
end_task=,name=syrk,elapsed_seconds=0.371252,predicted_seconds=0.149228,time_percent_error=59.804262,nthreads=10,end_time=703583.172114,avg_power_W=172.333333,max_power_W=194.000000,avg_time_s=0.371252,released_listeners=1,
end_task=,name=syrk,elapsed_seconds=0.416744,predicted_seconds=0.269296,time_percent_error=35.380825,nthreads=5,end_time=703583.217055,avg_power_W=171.625000,max_power_W=194.000000,avg_time_s=0.416744,released_listeners=1,
end_task=,name=gemm,elapsed_seconds=0.421867,predicted_seconds=0.354704,time_percent_error=15.920421,nthreads=6,end_time=703583.222086,avg_power_W=171.625000,max_power_W=194.000000,avg_time_s=0.421867,released_listeners=0,
end_task=,name=gemm,elapsed_seconds=0.656049,predicted_seconds=0.364939,time_percent_error=44.373136,nthreads=3,end_time=703583.507332,avg_power_W=169.772727,max_power_W=194.000000,avg_time_s=0.656049,released_listeners=0,
end_task=,name=gemm,elapsed_seconds=0.714725,predicted_seconds=0.364939,time_percent_error=48.939891,nthreads=3,end_time=703583.565642,avg_power_W=170.000000,max_power_W=194.000000,avg_time_s=0.714725,released_listeners=1,
end_task=,name=gemm,elapsed_seconds=0.794585,predicted_seconds=0.364939,time_percent_error=54.071712,nthreads=3,end_time=703583.649457,avg_power_W=170.000000,max_power_W=194.000000,avg_time_s=0.794585,released_listeners=0,
end_task=,name=gemm,elapsed_seconds=0.812953,predicted_seconds=0.386206,time_percent_error=52.493390,nthreads=4,end_time=703583.663654,avg_power_W=170.000000,max_power_W=194.000000,avg_time_s=0.812953,released_listeners=1,
end_task=,name=gemm,elapsed_seconds=0.812888,predicted_seconds=0.523133,time_percent_error=35.645129,nthreads=2,end_time=703583.663961,avg_power_W=170.000000,max_power_W=194.000000,avg_time_s=0.812888,released_listeners=0,
end_task=,name=gemm,elapsed_seconds=0.857583,predicted_seconds=0.364939,time_percent_error=57.445597,nthreads=3,end_time=703583.708436,avg_power_W=169.807692,max_power_W=194.000000,avg_time_s=0.857583,released_listeners=1,
end_task=,name=syrk,elapsed_seconds=0.942156,predicted_seconds=0.764859,time_percent_error=18.818241,nthreads=3,end_time=703583.799146,avg_power_W=168.392857,max_power_W=194.000000,avg_time_s=0.942156,released_listeners=1,
start_task=,name=potrf,tick=7,start_time=703583.799182,nthreads=42,
message=tick stats,tick=7,estimated_current_power=117.444571,
end_task=,name=gemm,elapsed_seconds=0.956336,predicted_seconds=0.523133,time_percent_error=45.298193,nthreads=2,end_time=703583.807289,avg_power_W=168.392857,max_power_W=194.000000,avg_time_s=0.956336,released_listeners=1,
end_task=,name=gemm,elapsed_seconds=0.962823,predicted_seconds=0.523133,time_percent_error=45.666776,nthreads=2,end_time=703583.813964,avg_power_W=168.392857,max_power_W=194.000000,avg_time_s=0.962823,released_listeners=0,
end_task=,name=gemm,elapsed_seconds=0.994832,predicted_seconds=0.523133,time_percent_error=47.414960,nthreads=2,end_time=703583.849435,avg_power_W=167.620690,max_power_W=194.000000,avg_time_s=0.994832,released_listeners=0,
end_task=,name=potrf,elapsed_seconds=0.115097,predicted_seconds=0.066054,time_percent_error=42.610021,nthreads=42,end_time=703583.914830,avg_power_W=167.600000,max_power_W=194.000000,avg_time_s=0.115097,released_listeners=4,
start_task=,name=trsm,tick=8,start_time=703583.914854,nthreads=12,
start_task=,name=trsm,tick=8,start_time=703583.914869,nthreads=12,
start_task=,name=trsm,tick=8,start_time=703583.914883,nthreads=12,
start_task=,name=trsm,tick=8,start_time=703583.914904,nthreads=12,
message=tick stats,tick=8,estimated_current_power=151.985278,
end_task=,name=trsm,elapsed_seconds=0.075703,predicted_seconds=0.063637,time_percent_error=15.938242,nthreads=12,end_time=703583.999571,avg_power_W=167.312500,max_power_W=194.000000,avg_time_s=0.075703,released_listeners=4,
end_task=,name=trsm,elapsed_seconds=0.081323,predicted_seconds=0.063637,time_percent_error=21.747158,nthreads=12,end_time=703583.999638,avg_power_W=167.312500,max_power_W=194.000000,avg_time_s=0.081323,released_listeners=4,
start_task=,name=syrk,tick=9,start_time=703583.999687,nthreads=12,
start_task=,name=gemm,tick=9,start_time=703583.999726,nthreads=12,
message=tick stats,tick=9,estimated_current_power=140.285826,
end_task=,name=trsm,elapsed_seconds=0.087640,predicted_seconds=0.063637,time_percent_error=27.387849,nthreads=12,end_time=703584.005791,avg_power_W=167.312500,max_power_W=194.000000,avg_time_s=0.087640,released_listeners=4,
start_task=,name=gemm,tick=10,start_time=703584.005819,nthreads=4,
start_task=,name=gemm,tick=10,start_time=703584.005838,nthreads=4,
start_task=,name=syrk,tick=10,start_time=703584.005855,nthreads=4,
message=tick stats,tick=10,estimated_current_power=152.484594,
end_task=,name=trsm,elapsed_seconds=0.086972,predicted_seconds=0.063637,time_percent_error=26.829816,nthreads=12,end_time=703584.005880,avg_power_W=167.312500,max_power_W=194.000000,avg_time_s=0.086972,released_listeners=4,
start_task=,name=gemm,tick=11,start_time=703584.005899,nthreads=4,
start_task=,name=gemm,tick=11,start_time=703584.005915,nthreads=4,
start_task=,name=gemm,tick=11,start_time=703584.005952,nthreads=4,
message=tick stats,tick=11,estimated_current_power=163.684008,
end_task=,name=syrk,elapsed_seconds=1.185064,predicted_seconds=0.782142,time_percent_error=34.000051,nthreads=2,end_time=703584.055893,avg_power_W=167.575758,max_power_W=194.000000,avg_time_s=1.185064,released_listeners=1,
start_task=,name=syrk,tick=12,start_time=703584.055915,nthreads=2,
message=tick stats,tick=12,estimated_current_power=163.684008,
end_task=,name=syrk,elapsed_seconds=1.266785,predicted_seconds=0.764859,time_percent_error=39.622030,nthreads=3,end_time=703584.117084,avg_power_W=167.294118,max_power_W=194.000000,avg_time_s=1.266785,released_listeners=1,
start_task=,name=syrk,tick=13,start_time=703584.117110,nthreads=3,
message=tick stats,tick=13,estimated_current_power=163.684008,
end_task=,name=gemm,elapsed_seconds=0.231784,predicted_seconds=0.133884,time_percent_error=42.237784,nthreads=12,end_time=703584.232045,avg_power_W=167.166667,max_power_W=194.000000,avg_time_s=0.231784,released_listeners=1,
end_task=,name=syrk,elapsed_seconds=0.256631,predicted_seconds=0.113015,time_percent_error=55.962038,nthreads=12,end_time=703584.256938,avg_power_W=167.000000,max_power_W=194.000000,avg_time_s=0.256631,released_listeners=1,
start_task=,name=potrf,tick=14,start_time=703584.256970,nthreads=24,
message=tick stats,tick=14,estimated_current_power=150.899370,
end_task=,name=potrf,elapsed_seconds=0.136410,predicted_seconds=0.062968,time_percent_error=53.839103,nthreads=24,end_time=703584.399179,avg_power_W=167.775000,max_power_W=194.000000,avg_time_s=0.136410,released_listeners=3,
start_task=,name=trsm,tick=15,start_time=703584.399212,nthreads=24,
message=tick stats,tick=15,estimated_current_power=159.369319,
end_task=,name=syrk,elapsed_seconds=0.414165,predicted_seconds=0.283145,time_percent_error=31.634766,nthreads=4,end_time=703584.449246,avg_power_W=167.975610,max_power_W=194.000000,avg_time_s=0.414165,released_listeners=1,
end_task=,name=trsm,elapsed_seconds=0.087410,predicted_seconds=0.038657,time_percent_error=55.774350,nthreads=24,end_time=703584.499725,avg_power_W=168.333333,max_power_W=194.000000,avg_time_s=0.087410,released_listeners=3,
end_task=,name=gemm,elapsed_seconds=0.500690,predicted_seconds=0.386206,time_percent_error=22.865228,nthreads=4,end_time=703584.507513,avg_power_W=168.333333,max_power_W=194.000000,avg_time_s=0.500690,released_listeners=0,
end_task=,name=gemm,elapsed_seconds=0.554533,predicted_seconds=0.386206,time_percent_error=30.354713,nthreads=4,end_time=703584.561260,avg_power_W=168.511628,max_power_W=194.000000,avg_time_s=0.554533,released_listeners=0,
end_task=,name=gemm,elapsed_seconds=0.554979,predicted_seconds=0.386206,time_percent_error=30.410610,nthreads=4,end_time=703584.561318,avg_power_W=168.511628,max_power_W=194.000000,avg_time_s=0.554979,released_listeners=1,
start_task=,name=trsm,tick=16,start_time=703584.561374,nthreads=40,
message=tick stats,tick=16,estimated_current_power=117.930409,
end_task=,name=gemm,elapsed_seconds=0.560933,predicted_seconds=0.386206,time_percent_error=31.149310,nthreads=4,end_time=703584.599256,avg_power_W=168.340909,max_power_W=194.000000,avg_time_s=0.560933,released_listeners=0,
end_task=,name=gemm,elapsed_seconds=0.596102,predicted_seconds=0.386206,time_percent_error=35.211337,nthreads=4,end_time=703584.603301,avg_power_W=168.340909,max_power_W=194.000000,avg_time_s=0.596102,released_listeners=1,
start_task=,name=trsm,tick=17,start_time=703584.603325,nthreads=8,
message=tick stats,tick=17,estimated_current_power=116.281642,
end_task=,name=trsm,elapsed_seconds=0.078015,predicted_seconds=0.032015,time_percent_error=58.962918,nthreads=40,end_time=703584.649229,avg_power_W=167.844444,max_power_W=194.000000,avg_time_s=0.078015,released_listeners=3,
start_task=,name=gemm,tick=18,start_time=703584.649267,nthreads=40,
message=tick stats,tick=18,estimated_current_power=115.615126,
end_task=,name=trsm,elapsed_seconds=0.083614,predicted_seconds=0.085967,time_percent_error=2.814778,nthreads=8,end_time=703584.699319,avg_power_W=167.934783,max_power_W=194.000000,avg_time_s=0.083614,released_listeners=3,
start_task=,name=gemm,tick=19,start_time=703584.699344,nthreads=3,
start_task=,name=gemm,tick=19,start_time=703584.699359,nthreads=3,
start_task=,name=syrk,tick=19,start_time=703584.699377,nthreads=2,
message=tick stats,tick=19,estimated_current_power=132.662684,
end_task=,name=gemm,elapsed_seconds=0.078796,predicted_seconds=0.049971,time_percent_error=36.582358,nthreads=40,end_time=703584.728665,avg_power_W=167.934783,max_power_W=194.000000,avg_time_s=0.078796,released_listeners=1,
end_task=,name=syrk,elapsed_seconds=0.904806,predicted_seconds=0.764859,time_percent_error=15.467084,nthreads=3,end_time=703585.022625,avg_power_W=166.615385,max_power_W=194.000000,avg_time_s=0.904806,released_listeners=1,
start_task=,name=syrk,tick=20,start_time=703585.022657,nthreads=43,
message=tick stats,tick=20,estimated_current_power=112.543340,
end_task=,name=syrk,elapsed_seconds=0.966612,predicted_seconds=0.782142,time_percent_error=19.084179,nthreads=2,end_time=703585.022700,avg_power_W=166.615385,max_power_W=194.000000,avg_time_s=0.966612,released_listeners=1,
start_task=,name=syrk,tick=21,start_time=703585.022718,nthreads=2,
message=tick stats,tick=21,estimated_current_power=112.543340,
end_task=,name=gemm,elapsed_seconds=0.383229,predicted_seconds=0.364939,time_percent_error=4.772517,nthreads=3,end_time=703585.083058,avg_power_W=166.226415,max_power_W=194.000000,avg_time_s=0.383229,released_listeners=1,
end_task=,name=gemm,elapsed_seconds=0.387106,predicted_seconds=0.364939,time_percent_error=5.726299,nthreads=3,end_time=703585.099699,avg_power_W=166.111111,max_power_W=194.000000,avg_time_s=0.387106,released_listeners=0,
end_task=,name=syrk,elapsed_seconds=0.124036,predicted_seconds=0.051855,time_percent_error=58.193293,nthreads=43,end_time=703585.149809,avg_power_W=166.145455,max_power_W=194.000000,avg_time_s=0.124036,released_listeners=1,
start_task=,name=potrf,tick=22,start_time=703585.149866,nthreads=49,
message=tick stats,tick=22,estimated_current_power=83.310000,
end_task=,name=potrf,elapsed_seconds=0.097544,predicted_seconds=0.050265,time_percent_error=48.469115,nthreads=49,end_time=703585.249678,avg_power_W=165.684211,max_power_W=194.000000,avg_time_s=0.097544,released_listeners=2,
start_task=,name=trsm,tick=23,start_time=703585.249732,nthreads=25,
start_task=,name=trsm,tick=23,start_time=703585.249769,nthreads=24,
message=tick stats,tick=23,estimated_current_power=118.178838,
end_task=,name=trsm,elapsed_seconds=0.098885,predicted_seconds=0.039200,time_percent_error=60.357632,nthreads=25,end_time=703585.349459,avg_power_W=165.271186,max_power_W=194.000000,avg_time_s=0.098885,released_listeners=2,
end_task=,name=trsm,elapsed_seconds=0.103694,predicted_seconds=0.038657,time_percent_error=62.719576,nthreads=24,end_time=703585.353941,avg_power_W=165.271186,max_power_W=194.000000,avg_time_s=0.103694,released_listeners=2,
start_task=,name=gemm,tick=24,start_time=703585.353965,nthreads=49,
message=tick stats,tick=24,estimated_current_power=98.923131,
end_task=,name=gemm,elapsed_seconds=0.128873,predicted_seconds=0.043003,time_percent_error=66.631397,nthreads=49,end_time=703585.484443,avg_power_W=165.360656,max_power_W=194.000000,avg_time_s=0.128873,released_listeners=1,
end_task=,name=syrk,elapsed_seconds=0.849088,predicted_seconds=0.782142,time_percent_error=7.884471,nthreads=2,end_time=703585.549154,avg_power_W=164.936508,max_power_W=194.000000,avg_time_s=0.849088,released_listeners=1,
start_task=,name=syrk,tick=25,start_time=703585.549207,nthreads=51,
message=tick stats,tick=25,estimated_current_power=76.808914,
end_task=,name=syrk,elapsed_seconds=0.129781,predicted_seconds=0.048603,time_percent_error=62.550037,nthreads=51,end_time=703585.679941,avg_power_W=164.246154,max_power_W=194.000000,avg_time_s=0.129781,released_listeners=1,
end_task=,name=syrk,elapsed_seconds=0.898158,predicted_seconds=0.782142,time_percent_error=12.917088,nthreads=2,end_time=703585.922143,avg_power_W=162.857143,max_power_W=194.000000,avg_time_s=0.898158,released_listeners=1,
start_task=,name=syrk,tick=26,start_time=703585.922200,nthreads=53,
message=tick stats,tick=26,estimated_current_power=68.085354,
end_task=,name=syrk,elapsed_seconds=0.102951,predicted_seconds=0.049500,time_percent_error=51.918808,nthreads=53,end_time=703586.025797,avg_power_W=162.236111,max_power_W=194.000000,avg_time_s=0.102951,released_listeners=1,
start_task=,name=potrf,tick=27,start_time=703586.025854,nthreads=53,
message=tick stats,tick=27,estimated_current_power=63.387879,
end_task=,name=potrf,elapsed_seconds=0.076726,predicted_seconds=0.051674,time_percent_error=32.650168,nthreads=53,end_time=703586.103169,avg_power_W=161.918919,max_power_W=194.000000,avg_time_s=0.076726,released_listeners=1,
start_task=,name=trsm,tick=28,start_time=703586.103253,nthreads=53,
message=tick stats,tick=28,estimated_current_power=79.710303,
end_task=,name=trsm,elapsed_seconds=0.043057,predicted_seconds=0.027353,time_percent_error=36.473103,nthreads=53,end_time=703586.149382,avg_power_W=162.026667,max_power_W=194.000000,avg_time_s=0.043057,released_listeners=1,
start_task=,name=syrk,tick=29,start_time=703586.149443,nthreads=53,
message=tick stats,tick=29,estimated_current_power=68.085354,
end_task=,name=syrk,elapsed_seconds=0.076121,predicted_seconds=0.049500,time_percent_error=34.971791,nthreads=53,end_time=703586.226185,avg_power_W=162.144737,max_power_W=194.000000,avg_time_s=0.076121,released_listeners=1,
start_task=,name=potrf,tick=30,start_time=703586.226289,nthreads=53,
message=tick stats,tick=30,estimated_current_power=63.387879,
end_task=,name=potrf,elapsed_seconds=0.062694,predicted_seconds=0.051674,time_percent_error=17.576149,nthreads=53,end_time=703586.299121,avg_power_W=162.230769,max_power_W=194.000000,avg_time_s=0.062694,released_listeners=0,
average_power_W=162.230769,
max_power_W=194.000000,
time_s=3.913715,
message=ALL DONE,
