message=cataloging configuration,max_threads=17,
start_task=,name=potrfprofile,nthreads=17,
end_task=,name=potrfprofile,elapsed_seconds=0.567992,nthreads=17,end_time=266828.651973,avg_power_W=162.000000,max_power_W=183.000000,avg_time_s=0.094665,released_listeners=1,
start_task=,name=dopotrf,nthreads=17,
end_task=,name=dopotrf,elapsed_seconds=0.102375,nthreads=17,end_time=266828.754913,avg_power_W=139.000000,max_power_W=146.000000,avg_time_s=0.102375,released_listeners=5,
start_task=,name=trsmprofile,nthreads=17,
end_task=,name=trsmprofile,elapsed_seconds=0.563552,nthreads=17,end_time=266829.319133,avg_power_W=149.272727,max_power_W=153.000000,avg_time_s=0.051232,released_listeners=1,
start_task=,name=trsmprofile,nthreads=17,
end_task=,name=trsmprofile,elapsed_seconds=0.555478,nthreads=17,end_time=266829.875356,avg_power_W=149.545455,max_power_W=153.000000,avg_time_s=0.050498,released_listeners=1,
start_task=,name=trsmprofile,nthreads=17,
end_task=,name=trsmprofile,elapsed_seconds=0.546124,nthreads=17,end_time=266830.422102,avg_power_W=148.727273,max_power_W=151.000000,avg_time_s=0.049648,released_listeners=1,
start_task=,name=trsmprofile,nthreads=17,
end_task=,name=trsmprofile,elapsed_seconds=0.564400,nthreads=17,end_time=266830.996470,avg_power_W=148.583333,max_power_W=153.000000,avg_time_s=0.051309,released_listeners=1,
start_task=,name=trsmprofile,nthreads=17,
end_task=,name=trsmprofile,elapsed_seconds=0.556105,nthreads=17,end_time=266831.553114,avg_power_W=147.909091,max_power_W=151.000000,avg_time_s=0.050555,released_listeners=1,
start_task=,name=dotrsm,nthreads=17,
end_task=,name=dotrsm,elapsed_seconds=0.072611,nthreads=17,end_time=266831.626288,avg_power_W=147.000000,max_power_W=147.000000,avg_time_s=0.072611,released_listeners=5,
start_task=,name=dotrsm,nthreads=17,
end_task=,name=dotrsm,elapsed_seconds=0.068561,nthreads=17,end_time=266831.696995,avg_power_W=139.500000,max_power_W=140.000000,avg_time_s=0.068561,released_listeners=5,
start_task=,name=dotrsm,nthreads=17,
end_task=,name=dotrsm,elapsed_seconds=0.067518,nthreads=17,end_time=266831.764953,avg_power_W=145.000000,max_power_W=145.000000,avg_time_s=0.067518,released_listeners=5,
start_task=,name=dotrsm,nthreads=17,
end_task=,name=dotrsm,elapsed_seconds=0.072365,nthreads=17,end_time=266831.846755,avg_power_W=132.500000,max_power_W=136.000000,avg_time_s=0.072365,released_listeners=5,
start_task=,name=dotrsm,nthreads=17,
end_task=,name=dotrsm,elapsed_seconds=0.071741,nthreads=17,end_time=266831.919138,avg_power_W=141.000000,max_power_W=141.000000,avg_time_s=0.071741,released_listeners=5,
start_task=,name=syrkprofile,nthreads=17,
end_task=,name=syrkprofile,elapsed_seconds=0.553783,nthreads=17,end_time=266832.473546,avg_power_W=142.181818,max_power_W=146.000000,avg_time_s=0.079112,released_listeners=1,
start_task=,name=gemmprofile,nthreads=17,
end_task=,name=gemmprofile,elapsed_seconds=0.594668,nthreads=17,end_time=266833.068859,avg_power_W=144.833333,max_power_W=149.000000,avg_time_s=0.099111,released_listeners=1,
start_task=,name=syrkprofile,nthreads=17,
end_task=,name=syrkprofile,elapsed_seconds=0.547784,nthreads=17,end_time=266833.617094,avg_power_W=139.727273,max_power_W=146.000000,avg_time_s=0.078255,released_listeners=1,
start_task=,name=syrkprofile,nthreads=17,
end_task=,name=syrkprofile,elapsed_seconds=0.554493,nthreads=17,end_time=266834.172174,avg_power_W=141.181818,max_power_W=145.000000,avg_time_s=0.079213,released_listeners=1,
start_task=,name=gemmprofile,nthreads=17,
end_task=,name=gemmprofile,elapsed_seconds=0.584652,nthreads=17,end_time=266834.757316,avg_power_W=142.083333,max_power_W=146.000000,avg_time_s=0.097442,released_listeners=1,
start_task=,name=gemmprofile,nthreads=17,
end_task=,name=gemmprofile,elapsed_seconds=0.588984,nthreads=17,end_time=266835.346821,avg_power_W=142.750000,max_power_W=146.000000,avg_time_s=0.098164,released_listeners=1,
start_task=,name=gemmprofile,nthreads=17,
end_task=,name=gemmprofile,elapsed_seconds=0.595470,nthreads=17,end_time=266835.946721,avg_power_W=143.250000,max_power_W=147.000000,avg_time_s=0.099245,released_listeners=1,
start_task=,name=gemmprofile,nthreads=17,
end_task=,name=gemmprofile,elapsed_seconds=0.589442,nthreads=17,end_time=266836.546498,avg_power_W=141.250000,max_power_W=145.000000,avg_time_s=0.098240,released_listeners=1,
start_task=,name=gemmprofile,nthreads=17,
end_task=,name=gemmprofile,elapsed_seconds=0.588611,nthreads=17,end_time=266837.146856,avg_power_W=141.833333,max_power_W=145.000000,avg_time_s=0.098102,released_listeners=1,
start_task=,name=syrkprofile,nthreads=17,
end_task=,name=syrkprofile,elapsed_seconds=0.556339,nthreads=17,end_time=266837.703731,avg_power_W=132.818182,max_power_W=137.000000,avg_time_s=0.079477,released_listeners=1,
start_task=,name=gemmprofile,nthreads=17,
end_task=,name=gemmprofile,elapsed_seconds=0.591914,nthreads=17,end_time=266838.297380,avg_power_W=137.500000,max_power_W=143.000000,avg_time_s=0.098652,released_listeners=1,
start_task=,name=gemmprofile,nthreads=17,
end_task=,name=gemmprofile,elapsed_seconds=0.591388,nthreads=17,end_time=266838.896944,avg_power_W=138.333333,max_power_W=143.000000,avg_time_s=0.098565,released_listeners=1,
start_task=,name=gemmprofile,nthreads=17,
end_task=,name=gemmprofile,elapsed_seconds=0.592640,nthreads=17,end_time=266839.496874,avg_power_W=140.916667,max_power_W=145.000000,avg_time_s=0.098773,released_listeners=1,
start_task=,name=syrkprofile,nthreads=17,
end_task=,name=syrkprofile,elapsed_seconds=0.558399,nthreads=17,end_time=266840.055892,avg_power_W=137.545455,max_power_W=140.000000,avg_time_s=0.079771,released_listeners=1,
start_task=,name=gemmprofile,nthreads=17,
end_task=,name=gemmprofile,elapsed_seconds=0.587983,nthreads=17,end_time=266840.646718,avg_power_W=140.250000,max_power_W=145.000000,avg_time_s=0.097997,released_listeners=1,
start_task=,name=dosyrk,nthreads=17,
end_task=,name=dosyrk,elapsed_seconds=0.117336,nthreads=17,end_time=266840.764592,avg_power_W=137.500000,max_power_W=141.000000,avg_time_s=0.117336,released_listeners=1,
start_task=,name=dogemm,nthreads=17,
end_task=,name=dogemm,elapsed_seconds=0.137961,nthreads=17,end_time=266840.903158,avg_power_W=135.666667,max_power_W=143.000000,avg_time_s=0.137961,released_listeners=0,
start_task=,name=dosyrk,nthreads=17,
end_task=,name=dosyrk,elapsed_seconds=0.119602,nthreads=17,end_time=266841.023621,avg_power_W=134.000000,max_power_W=141.000000,avg_time_s=0.119602,released_listeners=1,
start_task=,name=dosyrk,nthreads=17,
end_task=,name=dosyrk,elapsed_seconds=0.110943,nthreads=17,end_time=266841.146821,avg_power_W=133.333333,max_power_W=137.000000,avg_time_s=0.110943,released_listeners=1,
start_task=,name=dogemm,nthreads=17,
end_task=,name=dogemm,elapsed_seconds=0.137159,nthreads=17,end_time=266841.296721,avg_power_W=128.000000,max_power_W=139.000000,avg_time_s=0.137159,released_listeners=1,
start_task=,name=dogemm,nthreads=17,
end_task=,name=dogemm,elapsed_seconds=0.138217,nthreads=17,end_time=266841.446788,avg_power_W=133.666667,max_power_W=139.000000,avg_time_s=0.138217,released_listeners=1,
start_task=,name=dogemm,nthreads=17,
end_task=,name=dogemm,elapsed_seconds=0.138408,nthreads=17,end_time=266841.596945,avg_power_W=135.666667,max_power_W=143.000000,avg_time_s=0.138408,released_listeners=1,
start_task=,name=dogemm,nthreads=17,
end_task=,name=dogemm,elapsed_seconds=0.137330,nthreads=17,end_time=266841.747427,avg_power_W=136.666667,max_power_W=143.000000,avg_time_s=0.137330,released_listeners=0,
start_task=,name=dogemm,nthreads=17,
end_task=,name=dogemm,elapsed_seconds=0.136634,nthreads=17,end_time=266841.897140,avg_power_W=136.333333,max_power_W=140.000000,avg_time_s=0.136634,released_listeners=0,
start_task=,name=dosyrk,nthreads=17,
end_task=,name=dosyrk,elapsed_seconds=0.120413,nthreads=17,end_time=266842.018009,avg_power_W=130.500000,max_power_W=132.000000,avg_time_s=0.120413,released_listeners=1,
start_task=,name=dogemm,nthreads=17,
end_task=,name=dogemm,elapsed_seconds=0.133746,nthreads=17,end_time=266842.152351,avg_power_W=132.333333,max_power_W=137.000000,avg_time_s=0.133746,released_listeners=1,
start_task=,name=dogemm,nthreads=17,
end_task=,name=dogemm,elapsed_seconds=0.133247,nthreads=17,end_time=266842.297466,avg_power_W=135.666667,max_power_W=143.000000,avg_time_s=0.133247,released_listeners=0,
start_task=,name=dogemm,nthreads=17,
end_task=,name=dogemm,elapsed_seconds=0.138973,nthreads=17,end_time=266842.446721,avg_power_W=130.333333,max_power_W=137.000000,avg_time_s=0.138973,released_listeners=0,
start_task=,name=dosyrk,nthreads=17,
end_task=,name=dosyrk,elapsed_seconds=0.116197,nthreads=17,end_time=266842.563812,avg_power_W=130.000000,max_power_W=132.000000,avg_time_s=0.116197,released_listeners=1,
start_task=,name=dogemm,nthreads=17,
end_task=,name=dogemm,elapsed_seconds=0.138587,nthreads=17,end_time=266842.702916,avg_power_W=132.333333,max_power_W=141.000000,avg_time_s=0.138587,released_listeners=0,
start_task=,name=potrfprofile,nthreads=17,
end_task=,name=potrfprofile,elapsed_seconds=0.559473,nthreads=17,end_time=266843.262978,avg_power_W=137.454545,max_power_W=143.000000,avg_time_s=0.069934,released_listeners=1,
start_task=,name=dopotrf,nthreads=17,
end_task=,name=dopotrf,elapsed_seconds=0.093198,nthreads=17,end_time=266843.356769,avg_power_W=131.000000,max_power_W=136.000000,avg_time_s=0.093198,released_listeners=4,
start_task=,name=trsmprofile,nthreads=17,
end_task=,name=trsmprofile,elapsed_seconds=0.541978,nthreads=17,end_time=266843.899790,avg_power_W=142.000000,max_power_W=146.000000,avg_time_s=0.054198,released_listeners=1,
start_task=,name=trsmprofile,nthreads=17,
end_task=,name=trsmprofile,elapsed_seconds=0.550776,nthreads=17,end_time=266844.451219,avg_power_W=142.454545,max_power_W=144.000000,avg_time_s=0.055078,released_listeners=1,
start_task=,name=trsmprofile,nthreads=17,
end_task=,name=trsmprofile,elapsed_seconds=0.552492,nthreads=17,end_time=266845.004305,avg_power_W=143.090909,max_power_W=147.000000,avg_time_s=0.055249,released_listeners=1,
start_task=,name=trsmprofile,nthreads=17,
end_task=,name=trsmprofile,elapsed_seconds=0.547839,nthreads=17,end_time=266845.552760,avg_power_W=141.272727,max_power_W=145.000000,avg_time_s=0.054784,released_listeners=1,
start_task=,name=dotrsm,nthreads=17,
end_task=,name=dotrsm,elapsed_seconds=0.075309,nthreads=17,end_time=266845.628774,avg_power_W=145.000000,max_power_W=145.000000,avg_time_s=0.075309,released_listeners=4,
start_task=,name=dotrsm,nthreads=17,
end_task=,name=dotrsm,elapsed_seconds=0.076146,nthreads=17,end_time=266845.705490,avg_power_W=130.000000,max_power_W=132.000000,avg_time_s=0.076146,released_listeners=4,
start_task=,name=dotrsm,nthreads=17,
end_task=,name=dotrsm,elapsed_seconds=0.075480,nthreads=17,end_time=266845.781543,avg_power_W=145.000000,max_power_W=145.000000,avg_time_s=0.075480,released_listeners=4,
start_task=,name=dotrsm,nthreads=17,
end_task=,name=dotrsm,elapsed_seconds=0.073667,nthreads=17,end_time=266845.855732,avg_power_W=135.500000,max_power_W=137.000000,avg_time_s=0.073667,released_listeners=4,
start_task=,name=syrkprofile,nthreads=17,
end_task=,name=syrkprofile,elapsed_seconds=0.564373,nthreads=17,end_time=266846.420734,avg_power_W=138.181818,max_power_W=143.000000,avg_time_s=0.080625,released_listeners=1,
start_task=,name=gemmprofile,nthreads=17,
end_task=,name=gemmprofile,elapsed_seconds=0.598642,nthreads=17,end_time=266847.019849,avg_power_W=138.666667,max_power_W=142.000000,avg_time_s=0.099774,released_listeners=1,
start_task=,name=syrkprofile,nthreads=17,
end_task=,name=syrkprofile,elapsed_seconds=0.574317,nthreads=17,end_time=266847.597897,avg_power_W=134.666667,max_power_W=139.000000,avg_time_s=0.082045,released_listeners=1,
start_task=,name=gemmprofile,nthreads=17,
end_task=,name=gemmprofile,elapsed_seconds=0.609386,nthreads=17,end_time=266848.207966,avg_power_W=141.250000,max_power_W=146.000000,avg_time_s=0.101564,released_listeners=1,
start_task=,name=gemmprofile,nthreads=17,
end_task=,name=gemmprofile,elapsed_seconds=0.600307,nthreads=17,end_time=266848.808965,avg_power_W=141.500000,max_power_W=144.000000,avg_time_s=0.100051,released_listeners=1,
start_task=,name=syrkprofile,nthreads=17,
end_task=,name=syrkprofile,elapsed_seconds=0.583288,nthreads=17,end_time=266849.398407,avg_power_W=137.833333,max_power_W=144.000000,avg_time_s=0.083327,released_listeners=1,
start_task=,name=gemmprofile,nthreads=17,
end_task=,name=gemmprofile,elapsed_seconds=0.606935,nthreads=17,end_time=266850.005842,avg_power_W=140.333333,max_power_W=143.000000,avg_time_s=0.101156,released_listeners=1,
start_task=,name=gemmprofile,nthreads=17,
end_task=,name=gemmprofile,elapsed_seconds=0.606295,nthreads=17,end_time=266850.612717,avg_power_W=140.000000,max_power_W=144.000000,avg_time_s=0.101049,released_listeners=1,
start_task=,name=gemmprofile,nthreads=17,
end_task=,name=gemmprofile,elapsed_seconds=0.609421,nthreads=17,end_time=266851.222815,avg_power_W=136.500000,max_power_W=141.000000,avg_time_s=0.101570,released_listeners=1,
start_task=,name=syrkprofile,nthreads=17,
end_task=,name=syrkprofile,elapsed_seconds=0.573499,nthreads=17,end_time=266851.797026,avg_power_W=134.250000,max_power_W=138.000000,avg_time_s=0.081928,released_listeners=1,
start_task=,name=dosyrk,nthreads=17,
end_task=,name=dosyrk,elapsed_seconds=0.126483,nthreads=17,end_time=266851.924176,avg_power_W=133.500000,max_power_W=136.000000,avg_time_s=0.126483,released_listeners=1,
start_task=,name=dogemm,nthreads=17,
end_task=,name=dogemm,elapsed_seconds=0.140141,nthreads=17,end_time=266852.064888,avg_power_W=134.000000,max_power_W=138.000000,avg_time_s=0.140141,released_listeners=1,
start_task=,name=dosyrk,nthreads=17,
end_task=,name=dosyrk,elapsed_seconds=0.124152,nthreads=17,end_time=266852.198756,avg_power_W=133.666667,max_power_W=140.000000,avg_time_s=0.124152,released_listeners=1,
start_task=,name=dogemm,nthreads=17,
end_task=,name=dogemm,elapsed_seconds=0.143465,nthreads=17,end_time=266852.347802,avg_power_W=133.666667,max_power_W=144.000000,avg_time_s=0.143465,released_listeners=1,
start_task=,name=dogemm,nthreads=17,
end_task=,name=dogemm,elapsed_seconds=0.141652,nthreads=17,end_time=266852.497719,avg_power_W=137.666667,max_power_W=145.000000,avg_time_s=0.141652,released_listeners=0,
start_task=,name=dosyrk,nthreads=17,
end_task=,name=dosyrk,elapsed_seconds=0.122410,nthreads=17,end_time=266852.620819,avg_power_W=134.000000,max_power_W=137.000000,avg_time_s=0.122410,released_listeners=1,
start_task=,name=dogemm,nthreads=17,
end_task=,name=dogemm,elapsed_seconds=0.137672,nthreads=17,end_time=266852.759031,avg_power_W=130.000000,max_power_W=135.000000,avg_time_s=0.137672,released_listeners=1,
start_task=,name=dogemm,nthreads=17,
end_task=,name=dogemm,elapsed_seconds=0.138451,nthreads=17,end_time=266852.898048,avg_power_W=134.000000,max_power_W=141.000000,avg_time_s=0.138451,released_listeners=0,
start_task=,name=dogemm,nthreads=17,
end_task=,name=dogemm,elapsed_seconds=0.146206,nthreads=17,end_time=266853.048314,avg_power_W=136.000000,max_power_W=143.000000,avg_time_s=0.146206,released_listeners=0,
start_task=,name=dosyrk,nthreads=17,
end_task=,name=dosyrk,elapsed_seconds=0.122739,nthreads=17,end_time=266853.171708,avg_power_W=134.000000,max_power_W=138.000000,avg_time_s=0.122739,released_listeners=1,
start_task=,name=potrfprofile,nthreads=17,
end_task=,name=potrfprofile,elapsed_seconds=0.526145,nthreads=17,end_time=266853.698567,avg_power_W=136.363636,max_power_W=138.000000,avg_time_s=0.075164,released_listeners=1,
start_task=,name=dopotrf,nthreads=17,
end_task=,name=dopotrf,elapsed_seconds=0.105971,nthreads=17,end_time=266853.805337,avg_power_W=127.500000,max_power_W=132.000000,avg_time_s=0.105971,released_listeners=3,
start_task=,name=trsmprofile,nthreads=17,
end_task=,name=trsmprofile,elapsed_seconds=0.550079,nthreads=17,end_time=266854.356146,avg_power_W=141.272727,max_power_W=144.000000,avg_time_s=0.055008,released_listeners=1,
start_task=,name=trsmprofile,nthreads=17,
end_task=,name=trsmprofile,elapsed_seconds=0.550552,nthreads=17,end_time=266854.907404,avg_power_W=140.636364,max_power_W=147.000000,avg_time_s=0.055055,released_listeners=1,
start_task=,name=trsmprofile,nthreads=17,
end_task=,name=trsmprofile,elapsed_seconds=0.546635,nthreads=17,end_time=266855.454727,avg_power_W=143.000000,max_power_W=146.000000,avg_time_s=0.054663,released_listeners=1,
start_task=,name=dotrsm,nthreads=17,
end_task=,name=dotrsm,elapsed_seconds=0.076559,nthreads=17,end_time=266855.531953,avg_power_W=144.000000,max_power_W=144.000000,avg_time_s=0.076559,released_listeners=3,
start_task=,name=dotrsm,nthreads=17,
end_task=,name=dotrsm,elapsed_seconds=0.073559,nthreads=17,end_time=266855.606213,avg_power_W=131.500000,max_power_W=134.000000,avg_time_s=0.073559,released_listeners=3,
start_task=,name=dotrsm,nthreads=17,
end_task=,name=dotrsm,elapsed_seconds=0.076223,nthreads=17,end_time=266855.683094,avg_power_W=145.000000,max_power_W=145.000000,avg_time_s=0.076223,released_listeners=3,
start_task=,name=syrkprofile,nthreads=17,
end_task=,name=syrkprofile,elapsed_seconds=0.580361,nthreads=17,end_time=266856.264359,avg_power_W=135.583333,max_power_W=141.000000,avg_time_s=0.082909,released_listeners=1,
start_task=,name=gemmprofile,nthreads=17,
end_task=,name=gemmprofile,elapsed_seconds=0.608259,nthreads=17,end_time=266856.873355,avg_power_W=139.666667,max_power_W=143.000000,avg_time_s=0.101377,released_listeners=1,
start_task=,name=syrkprofile,nthreads=17,
end_task=,name=syrkprofile,elapsed_seconds=0.567208,nthreads=17,end_time=266857.447856,avg_power_W=136.333333,max_power_W=141.000000,avg_time_s=0.081030,released_listeners=1,
start_task=,name=gemmprofile,nthreads=17,
end_task=,name=gemmprofile,elapsed_seconds=0.602841,nthreads=17,end_time=266858.051397,avg_power_W=139.333333,max_power_W=143.000000,avg_time_s=0.100473,released_listeners=1,
start_task=,name=gemmprofile,nthreads=17,
end_task=,name=gemmprofile,elapsed_seconds=0.601506,nthreads=17,end_time=266858.653674,avg_power_W=138.166667,max_power_W=142.000000,avg_time_s=0.100251,released_listeners=1,
start_task=,name=syrkprofile,nthreads=17,
end_task=,name=syrkprofile,elapsed_seconds=0.554660,nthreads=17,end_time=266859.208980,avg_power_W=133.181818,max_power_W=139.000000,avg_time_s=0.079237,released_listeners=1,
start_task=,name=dosyrk,nthreads=17,
end_task=,name=dosyrk,elapsed_seconds=0.112275,nthreads=17,end_time=266859.321924,avg_power_W=130.500000,max_power_W=135.000000,avg_time_s=0.112275,released_listeners=1,
start_task=,name=dogemm,nthreads=17,
end_task=,name=dogemm,elapsed_seconds=0.133680,nthreads=17,end_time=266859.456291,avg_power_W=133.666667,max_power_W=138.000000,avg_time_s=0.133680,released_listeners=1,
start_task=,name=dosyrk,nthreads=17,
end_task=,name=dosyrk,elapsed_seconds=0.116432,nthreads=17,end_time=266859.573455,avg_power_W=132.000000,max_power_W=140.000000,avg_time_s=0.116432,released_listeners=1,
start_task=,name=dogemm,nthreads=17,
end_task=,name=dogemm,elapsed_seconds=0.133122,nthreads=17,end_time=266859.707266,avg_power_W=134.666667,max_power_W=141.000000,avg_time_s=0.133122,released_listeners=1,
start_task=,name=dogemm,nthreads=17,
end_task=,name=dogemm,elapsed_seconds=0.140899,nthreads=17,end_time=266859.848756,avg_power_W=137.000000,max_power_W=143.000000,avg_time_s=0.140899,released_listeners=0,
start_task=,name=dosyrk,nthreads=17,
end_task=,name=dosyrk,elapsed_seconds=0.122977,nthreads=17,end_time=266859.972515,avg_power_W=134.000000,max_power_W=141.000000,avg_time_s=0.122977,released_listeners=1,
start_task=,name=potrfprofile,nthreads=17,
end_task=,name=potrfprofile,elapsed_seconds=0.575817,nthreads=17,end_time=266860.549026,avg_power_W=135.666667,max_power_W=139.000000,avg_time_s=0.071977,released_listeners=1,
start_task=,name=dopotrf,nthreads=17,
end_task=,name=dopotrf,elapsed_seconds=0.104683,nthreads=17,end_time=266860.654357,avg_power_W=130.000000,max_power_W=134.000000,avg_time_s=0.104683,released_listeners=2,
start_task=,name=trsmprofile,nthreads=17,
end_task=,name=trsmprofile,elapsed_seconds=0.561283,nthreads=17,end_time=266861.216822,avg_power_W=141.727273,max_power_W=147.000000,avg_time_s=0.051026,released_listeners=1,
start_task=,name=trsmprofile,nthreads=17,
end_task=,name=trsmprofile,elapsed_seconds=0.570918,nthreads=17,end_time=266861.798075,avg_power_W=143.250000,max_power_W=148.000000,avg_time_s=0.051902,released_listeners=1,
start_task=,name=dotrsm,nthreads=17,
end_task=,name=dotrsm,elapsed_seconds=0.072696,nthreads=17,end_time=266861.871466,avg_power_W=140.000000,max_power_W=140.000000,avg_time_s=0.072696,released_listeners=2,
start_task=,name=dotrsm,nthreads=17,
end_task=,name=dotrsm,elapsed_seconds=0.071045,nthreads=17,end_time=266861.948050,avg_power_W=138.000000,max_power_W=141.000000,avg_time_s=0.071045,released_listeners=2,
start_task=,name=syrkprofile,nthreads=17,
end_task=,name=syrkprofile,elapsed_seconds=0.557864,nthreads=17,end_time=266862.506620,avg_power_W=136.545455,max_power_W=141.000000,avg_time_s=0.079695,released_listeners=1,
start_task=,name=gemmprofile,nthreads=17,
end_task=,name=gemmprofile,elapsed_seconds=0.597043,nthreads=17,end_time=266863.104463,avg_power_W=138.416667,max_power_W=143.000000,avg_time_s=0.099507,released_listeners=1,
start_task=,name=syrkprofile,nthreads=17,
end_task=,name=syrkprofile,elapsed_seconds=0.554826,nthreads=17,end_time=266863.659957,avg_power_W=137.181818,max_power_W=142.000000,avg_time_s=0.079261,released_listeners=1,
start_task=,name=dosyrk,nthreads=17,
end_task=,name=dosyrk,elapsed_seconds=0.111724,nthreads=17,end_time=266863.772355,avg_power_W=136.000000,max_power_W=142.000000,avg_time_s=0.111724,released_listeners=1,
start_task=,name=dogemm,nthreads=17,
end_task=,name=dogemm,elapsed_seconds=0.129803,nthreads=17,end_time=266863.902756,avg_power_W=135.666667,max_power_W=142.000000,avg_time_s=0.129803,released_listeners=1,
start_task=,name=dosyrk,nthreads=17,
end_task=,name=dosyrk,elapsed_seconds=0.120314,nthreads=17,end_time=266864.023719,avg_power_W=133.500000,max_power_W=141.000000,avg_time_s=0.120314,released_listeners=1,
start_task=,name=potrfprofile,nthreads=17,
end_task=,name=potrfprofile,elapsed_seconds=0.537350,nthreads=17,end_time=266864.561760,avg_power_W=135.090909,max_power_W=138.000000,avg_time_s=0.076764,released_listeners=1,
start_task=,name=dopotrf,nthreads=17,
end_task=,name=dopotrf,elapsed_seconds=0.106093,nthreads=17,end_time=266864.668526,avg_power_W=127.000000,max_power_W=134.000000,avg_time_s=0.106093,released_listeners=1,
start_task=,name=trsmprofile,nthreads=17,
end_task=,name=trsmprofile,elapsed_seconds=0.565043,nthreads=17,end_time=266865.247858,avg_power_W=138.250000,max_power_W=143.000000,avg_time_s=0.051368,released_listeners=1,
start_task=,name=dotrsm,nthreads=17,
end_task=,name=dotrsm,elapsed_seconds=0.072924,nthreads=17,end_time=266865.321461,avg_power_W=135.000000,max_power_W=135.000000,avg_time_s=0.072924,released_listeners=1,
start_task=,name=syrkprofile,nthreads=17,
end_task=,name=syrkprofile,elapsed_seconds=0.551663,nthreads=17,end_time=266865.873847,avg_power_W=137.727273,max_power_W=142.000000,avg_time_s=0.078809,released_listeners=1,
start_task=,name=dosyrk,nthreads=17,
end_task=,name=dosyrk,elapsed_seconds=0.110953,nthreads=17,end_time=266865.997137,avg_power_W=134.000000,max_power_W=139.000000,avg_time_s=0.110953,released_listeners=1,
start_task=,name=potrfprofile,nthreads=17,
end_task=,name=potrfprofile,elapsed_seconds=0.566914,nthreads=17,end_time=266866.564748,avg_power_W=134.909091,max_power_W=138.000000,avg_time_s=0.070864,released_listeners=1,
start_task=,name=dopotrf,nthreads=17,
end_task=,name=dopotrf,elapsed_seconds=0.106952,nthreads=17,end_time=266866.672383,avg_power_W=128.000000,max_power_W=134.000000,avg_time_s=0.106952,released_listeners=0,
time_s=38.589177,
message=ALL DONE,
