message=cataloging configuration,max_threads=97,
start_task=,name=potrfprofile,nthreads=97,
end_task=,name=potrfprofile,elapsed_seconds=0.733947,nthreads=97,end_time=271126.362371,avg_power_W=143.071429,max_power_W=155.000000,avg_time_s=0.733947,released_listeners=1,
start_task=,name=dopotrf,nthreads=97,
end_task=,name=dopotrf,elapsed_seconds=0.166630,nthreads=97,end_time=271126.543793,avg_power_W=143.500000,max_power_W=152.000000,avg_time_s=0.166630,released_listeners=5,
start_task=,name=trsmprofile,nthreads=97,
end_task=,name=trsmprofile,elapsed_seconds=0.556018,nthreads=97,end_time=271127.100898,avg_power_W=155.909091,max_power_W=166.000000,avg_time_s=0.050547,released_listeners=1,
start_task=,name=trsmprofile,nthreads=97,
end_task=,name=trsmprofile,elapsed_seconds=0.548935,nthreads=97,end_time=271127.650886,avg_power_W=159.545455,max_power_W=166.000000,avg_time_s=0.045745,released_listeners=1,
start_task=,name=trsmprofile,nthreads=97,
end_task=,name=trsmprofile,elapsed_seconds=0.543953,nthreads=97,end_time=271128.195925,avg_power_W=160.272727,max_power_W=166.000000,avg_time_s=0.045329,released_listeners=1,
start_task=,name=trsmprofile,nthreads=97,
end_task=,name=trsmprofile,elapsed_seconds=0.531814,nthreads=97,end_time=271128.743382,avg_power_W=159.000000,max_power_W=168.000000,avg_time_s=0.048347,released_listeners=1,
start_task=,name=trsmprofile,nthreads=97,
end_task=,name=trsmprofile,elapsed_seconds=0.569986,nthreads=97,end_time=271129.314456,avg_power_W=158.181818,max_power_W=165.000000,avg_time_s=0.051817,released_listeners=1,
start_task=,name=dotrsm,nthreads=97,
end_task=,name=dotrsm,elapsed_seconds=0.083669,nthreads=97,end_time=271129.399291,avg_power_W=147.500000,max_power_W=160.000000,avg_time_s=0.083669,released_listeners=5,
start_task=,name=dotrsm,nthreads=97,
end_task=,name=dotrsm,elapsed_seconds=0.086070,nthreads=97,end_time=271129.493651,avg_power_W=147.500000,max_power_W=159.000000,avg_time_s=0.086070,released_listeners=5,
start_task=,name=dotrsm,nthreads=97,
end_task=,name=dotrsm,elapsed_seconds=0.082835,nthreads=97,end_time=271129.593842,avg_power_W=151.000000,max_power_W=163.000000,avg_time_s=0.082835,released_listeners=5,
start_task=,name=dotrsm,nthreads=97,
end_task=,name=dotrsm,elapsed_seconds=0.078032,nthreads=97,end_time=271129.675347,avg_power_W=163.000000,max_power_W=163.000000,avg_time_s=0.078032,released_listeners=5,
start_task=,name=dotrsm,nthreads=97,
end_task=,name=dotrsm,elapsed_seconds=0.087559,nthreads=97,end_time=271129.763945,avg_power_W=141.000000,max_power_W=146.000000,avg_time_s=0.087559,released_listeners=5,
start_task=,name=syrkprofile,nthreads=97,
end_task=,name=syrkprofile,elapsed_seconds=0.570555,nthreads=97,end_time=271130.343927,avg_power_W=154.916667,max_power_W=172.000000,avg_time_s=0.071319,released_listeners=1,
start_task=,name=syrkprofile,nthreads=97,
end_task=,name=syrkprofile,elapsed_seconds=0.560173,nthreads=97,end_time=271130.905198,avg_power_W=158.909091,max_power_W=171.000000,avg_time_s=0.070022,released_listeners=1,
start_task=,name=gemmprofile,nthreads=97,
end_task=,name=gemmprofile,elapsed_seconds=0.537387,nthreads=97,end_time=271131.444086,avg_power_W=162.545455,max_power_W=174.000000,avg_time_s=0.059710,released_listeners=1,
start_task=,name=gemmprofile,nthreads=97,
end_task=,name=gemmprofile,elapsed_seconds=0.537288,nthreads=97,end_time=271131.993672,avg_power_W=158.818182,max_power_W=172.000000,avg_time_s=0.059699,released_listeners=1,
start_task=,name=gemmprofile,nthreads=97,
end_task=,name=gemmprofile,elapsed_seconds=0.549973,nthreads=97,end_time=271132.544750,avg_power_W=159.363636,max_power_W=173.000000,avg_time_s=0.054997,released_listeners=1,
start_task=,name=syrkprofile,nthreads=97,
end_task=,name=syrkprofile,elapsed_seconds=0.582453,nthreads=97,end_time=271133.143268,avg_power_W=157.833333,max_power_W=166.000000,avg_time_s=0.064717,released_listeners=1,
start_task=,name=gemmprofile,nthreads=97,
end_task=,name=gemmprofile,elapsed_seconds=0.573323,nthreads=97,end_time=271133.717369,avg_power_W=158.727273,max_power_W=171.000000,avg_time_s=0.057332,released_listeners=1,
start_task=,name=gemmprofile,nthreads=97,
end_task=,name=gemmprofile,elapsed_seconds=0.556351,nthreads=97,end_time=271134.274492,avg_power_W=157.454545,max_power_W=166.000000,avg_time_s=0.061817,released_listeners=1,
start_task=,name=gemmprofile,nthreads=97,
end_task=,name=gemmprofile,elapsed_seconds=0.541289,nthreads=97,end_time=271134.816757,avg_power_W=163.000000,max_power_W=171.000000,avg_time_s=0.054129,released_listeners=1,
start_task=,name=syrkprofile,nthreads=97,
end_task=,name=syrkprofile,elapsed_seconds=0.536183,nthreads=97,end_time=271135.353812,avg_power_W=158.454545,max_power_W=171.000000,avg_time_s=0.067023,released_listeners=1,
start_task=,name=gemmprofile,nthreads=97,
end_task=,name=gemmprofile,elapsed_seconds=0.544880,nthreads=97,end_time=271135.899455,avg_power_W=159.818182,max_power_W=170.000000,avg_time_s=0.060542,released_listeners=1,
start_task=,name=gemmprofile,nthreads=97,
end_task=,name=gemmprofile,elapsed_seconds=0.540620,nthreads=97,end_time=271136.445033,avg_power_W=163.454545,max_power_W=172.000000,avg_time_s=0.060069,released_listeners=1,
start_task=,name=gemmprofile,nthreads=97,
end_task=,name=gemmprofile,elapsed_seconds=0.561638,nthreads=97,end_time=271137.007469,avg_power_W=159.636364,max_power_W=169.000000,avg_time_s=0.056164,released_listeners=1,
start_task=,name=syrkprofile,nthreads=97,
end_task=,name=syrkprofile,elapsed_seconds=0.545847,nthreads=97,end_time=271137.554211,avg_power_W=158.454545,max_power_W=175.000000,avg_time_s=0.068231,released_listeners=1,
start_task=,name=gemmprofile,nthreads=97,
end_task=,name=gemmprofile,elapsed_seconds=0.575366,nthreads=97,end_time=271138.143346,avg_power_W=162.166667,max_power_W=172.000000,avg_time_s=0.057537,released_listeners=1,
start_task=,name=dosyrk,nthreads=97,
end_task=,name=dosyrk,elapsed_seconds=0.161116,nthreads=97,end_time=271138.305376,avg_power_W=138.333333,max_power_W=146.000000,avg_time_s=0.161116,released_listeners=1,
start_task=,name=dosyrk,nthreads=97,
end_task=,name=dosyrk,elapsed_seconds=0.145929,nthreads=97,end_time=271138.452299,avg_power_W=142.000000,max_power_W=151.000000,avg_time_s=0.145929,released_listeners=1,
start_task=,name=dogemm,nthreads=97,
end_task=,name=dogemm,elapsed_seconds=0.116960,nthreads=97,end_time=271138.570468,avg_power_W=146.500000,max_power_W=161.000000,avg_time_s=0.116960,released_listeners=1,
start_task=,name=dogemm,nthreads=97,
end_task=,name=dogemm,elapsed_seconds=0.125813,nthreads=97,end_time=271138.697521,avg_power_W=145.333333,max_power_W=157.000000,avg_time_s=0.125813,released_listeners=1,
start_task=,name=dogemm,nthreads=97,
end_task=,name=dogemm,elapsed_seconds=0.123245,nthreads=97,end_time=271138.821659,avg_power_W=143.500000,max_power_W=156.000000,avg_time_s=0.123245,released_listeners=0,
start_task=,name=dosyrk,nthreads=97,
end_task=,name=dosyrk,elapsed_seconds=0.159952,nthreads=97,end_time=271138.993472,avg_power_W=146.000000,max_power_W=153.000000,avg_time_s=0.159952,released_listeners=1,
start_task=,name=dogemm,nthreads=97,
end_task=,name=dogemm,elapsed_seconds=0.128337,nthreads=97,end_time=271139.122800,avg_power_W=140.500000,max_power_W=149.000000,avg_time_s=0.128337,released_listeners=1,
start_task=,name=dogemm,nthreads=97,
end_task=,name=dogemm,elapsed_seconds=0.126162,nthreads=97,end_time=271139.250190,avg_power_W=143.000000,max_power_W=150.000000,avg_time_s=0.126162,released_listeners=0,
start_task=,name=dogemm,nthreads=97,
end_task=,name=dogemm,elapsed_seconds=0.122016,nthreads=97,end_time=271139.373798,avg_power_W=143.500000,max_power_W=156.000000,avg_time_s=0.122016,released_listeners=0,
start_task=,name=dosyrk,nthreads=97,
end_task=,name=dosyrk,elapsed_seconds=0.162527,nthreads=97,end_time=271139.544022,avg_power_W=138.250000,max_power_W=146.000000,avg_time_s=0.162527,released_listeners=1,
start_task=,name=dogemm,nthreads=97,
end_task=,name=dogemm,elapsed_seconds=0.120967,nthreads=97,end_time=271139.666126,avg_power_W=150.000000,max_power_W=164.000000,avg_time_s=0.120967,released_listeners=1,
start_task=,name=dogemm,nthreads=97,
end_task=,name=dogemm,elapsed_seconds=0.129401,nthreads=97,end_time=271139.796259,avg_power_W=141.000000,max_power_W=155.000000,avg_time_s=0.129401,released_listeners=0,
start_task=,name=dogemm,nthreads=97,
end_task=,name=dogemm,elapsed_seconds=0.121085,nthreads=97,end_time=271139.918014,avg_power_W=150.000000,max_power_W=165.000000,avg_time_s=0.121085,released_listeners=0,
start_task=,name=dosyrk,nthreads=97,
end_task=,name=dosyrk,elapsed_seconds=0.153814,nthreads=97,end_time=271140.072674,avg_power_W=136.000000,max_power_W=137.000000,avg_time_s=0.153814,released_listeners=1,
start_task=,name=dogemm,nthreads=97,
end_task=,name=dogemm,elapsed_seconds=0.121540,nthreads=97,end_time=271140.194922,avg_power_W=145.000000,max_power_W=152.000000,avg_time_s=0.121540,released_listeners=0,
start_task=,name=potrfprofile,nthreads=97,
end_task=,name=potrfprofile,elapsed_seconds=0.631080,nthreads=97,end_time=271140.826766,avg_power_W=146.500000,max_power_W=160.000000,avg_time_s=0.105180,released_listeners=1,
start_task=,name=dopotrf,nthreads=97,
end_task=,name=dopotrf,elapsed_seconds=0.152864,nthreads=97,end_time=271140.993603,avg_power_W=145.750000,max_power_W=152.000000,avg_time_s=0.152864,released_listeners=4,
start_task=,name=trsmprofile,nthreads=97,
end_task=,name=trsmprofile,elapsed_seconds=0.569329,nthreads=97,end_time=271141.563946,avg_power_W=157.363636,max_power_W=166.000000,avg_time_s=0.047444,released_listeners=1,
start_task=,name=trsmprofile,nthreads=97,
end_task=,name=trsmprofile,elapsed_seconds=0.533640,nthreads=97,end_time=271142.098380,avg_power_W=158.000000,max_power_W=164.000000,avg_time_s=0.048513,released_listeners=1,
start_task=,name=trsmprofile,nthreads=97,
end_task=,name=trsmprofile,elapsed_seconds=0.558514,nthreads=97,end_time=271142.657825,avg_power_W=158.000000,max_power_W=164.000000,avg_time_s=0.046543,released_listeners=1,
start_task=,name=trsmprofile,nthreads=97,
end_task=,name=trsmprofile,elapsed_seconds=0.557692,nthreads=97,end_time=271143.216311,avg_power_W=157.727273,max_power_W=166.000000,avg_time_s=0.046474,released_listeners=1,
start_task=,name=dotrsm,nthreads=97,
end_task=,name=dotrsm,elapsed_seconds=0.092809,nthreads=97,end_time=271143.309798,avg_power_W=150.000000,max_power_W=164.000000,avg_time_s=0.092809,released_listeners=4,
start_task=,name=dotrsm,nthreads=97,
end_task=,name=dotrsm,elapsed_seconds=0.082995,nthreads=97,end_time=271143.393749,avg_power_W=143.500000,max_power_W=147.000000,avg_time_s=0.082995,released_listeners=4,
start_task=,name=dotrsm,nthreads=97,
end_task=,name=dotrsm,elapsed_seconds=0.086265,nthreads=97,end_time=271143.493628,avg_power_W=147.500000,max_power_W=159.000000,avg_time_s=0.086265,released_listeners=4,
start_task=,name=dotrsm,nthreads=97,
end_task=,name=dotrsm,elapsed_seconds=0.087004,nthreads=97,end_time=271143.593770,avg_power_W=149.000000,max_power_W=162.000000,avg_time_s=0.087004,released_listeners=4,
start_task=,name=syrkprofile,nthreads=97,
end_task=,name=syrkprofile,elapsed_seconds=0.562327,nthreads=97,end_time=271144.156841,avg_power_W=155.909091,max_power_W=173.000000,avg_time_s=0.070291,released_listeners=1,
start_task=,name=gemmprofile,nthreads=97,
end_task=,name=gemmprofile,elapsed_seconds=0.575164,nthreads=97,end_time=271144.744064,avg_power_W=161.833333,max_power_W=171.000000,avg_time_s=0.057516,released_listeners=1,
start_task=,name=syrkprofile,nthreads=97,
end_task=,name=syrkprofile,elapsed_seconds=0.557803,nthreads=97,end_time=271145.302771,avg_power_W=157.272727,max_power_W=168.000000,avg_time_s=0.069725,released_listeners=1,
start_task=,name=gemmprofile,nthreads=97,
end_task=,name=gemmprofile,elapsed_seconds=0.535242,nthreads=97,end_time=271145.844803,avg_power_W=162.181818,max_power_W=170.000000,avg_time_s=0.059471,released_listeners=1,
start_task=,name=gemmprofile,nthreads=97,
end_task=,name=gemmprofile,elapsed_seconds=0.546639,nthreads=97,end_time=271146.394549,avg_power_W=158.909091,max_power_W=170.000000,avg_time_s=0.060738,released_listeners=1,
start_task=,name=syrkprofile,nthreads=97,
end_task=,name=syrkprofile,elapsed_seconds=0.558561,nthreads=97,end_time=271146.954035,avg_power_W=156.454545,max_power_W=169.000000,avg_time_s=0.069820,released_listeners=1,
start_task=,name=gemmprofile,nthreads=97,
end_task=,name=gemmprofile,elapsed_seconds=0.581814,nthreads=97,end_time=271147.544130,avg_power_W=161.750000,max_power_W=171.000000,avg_time_s=0.058181,released_listeners=1,
start_task=,name=gemmprofile,nthreads=97,
end_task=,name=gemmprofile,elapsed_seconds=0.533309,nthreads=97,end_time=271148.093774,avg_power_W=159.636364,max_power_W=171.000000,avg_time_s=0.059257,released_listeners=1,
start_task=,name=gemmprofile,nthreads=97,
end_task=,name=gemmprofile,elapsed_seconds=0.564338,nthreads=97,end_time=271148.659136,avg_power_W=156.181818,max_power_W=172.000000,avg_time_s=0.056434,released_listeners=1,
start_task=,name=syrkprofile,nthreads=97,
end_task=,name=syrkprofile,elapsed_seconds=0.577138,nthreads=97,end_time=271149.243560,avg_power_W=158.916667,max_power_W=173.000000,avg_time_s=0.064126,released_listeners=1,
start_task=,name=dosyrk,nthreads=97,
end_task=,name=dosyrk,elapsed_seconds=0.146485,nthreads=97,end_time=271149.396253,avg_power_W=150.666667,max_power_W=171.000000,avg_time_s=0.146485,released_listeners=1,
start_task=,name=dogemm,nthreads=97,
end_task=,name=dogemm,elapsed_seconds=0.129122,nthreads=97,end_time=271149.526393,avg_power_W=146.500000,max_power_W=159.000000,avg_time_s=0.129122,released_listeners=1,
start_task=,name=dosyrk,nthreads=97,
end_task=,name=dosyrk,elapsed_seconds=0.176166,nthreads=97,end_time=271149.703631,avg_power_W=142.500000,max_power_W=159.000000,avg_time_s=0.176166,released_listeners=1,
start_task=,name=dogemm,nthreads=97,
end_task=,name=dogemm,elapsed_seconds=0.127065,nthreads=97,end_time=271149.846024,avg_power_W=142.000000,max_power_W=167.000000,avg_time_s=0.127065,released_listeners=1,
start_task=,name=dogemm,nthreads=97,
end_task=,name=dogemm,elapsed_seconds=0.132653,nthreads=97,end_time=271149.996533,avg_power_W=139.000000,max_power_W=160.000000,avg_time_s=0.132653,released_listeners=0,
start_task=,name=dosyrk,nthreads=97,
end_task=,name=dosyrk,elapsed_seconds=0.158691,nthreads=97,end_time=271150.156234,avg_power_W=139.333333,max_power_W=148.000000,avg_time_s=0.158691,released_listeners=1,
start_task=,name=dogemm,nthreads=97,
end_task=,name=dogemm,elapsed_seconds=0.129203,nthreads=97,end_time=271150.297848,avg_power_W=142.666667,max_power_W=166.000000,avg_time_s=0.129203,released_listeners=1,
start_task=,name=dogemm,nthreads=97,
end_task=,name=dogemm,elapsed_seconds=0.131925,nthreads=97,end_time=271150.446828,avg_power_W=143.333333,max_power_W=164.000000,avg_time_s=0.131925,released_listeners=0,
start_task=,name=dogemm,nthreads=97,
end_task=,name=dogemm,elapsed_seconds=0.129549,nthreads=97,end_time=271150.577345,avg_power_W=140.500000,max_power_W=154.000000,avg_time_s=0.129549,released_listeners=0,
start_task=,name=dosyrk,nthreads=97,
end_task=,name=dosyrk,elapsed_seconds=0.166461,nthreads=97,end_time=271150.761904,avg_power_W=145.666667,max_power_W=165.000000,avg_time_s=0.166461,released_listeners=1,
start_task=,name=potrfprofile,nthreads=97,
end_task=,name=potrfprofile,elapsed_seconds=0.536789,nthreads=97,end_time=271151.299733,avg_power_W=145.909091,max_power_W=158.000000,avg_time_s=0.107358,released_listeners=1,
start_task=,name=dopotrf,nthreads=97,
end_task=,name=dopotrf,elapsed_seconds=0.144435,nthreads=97,end_time=271151.445126,avg_power_W=142.000000,max_power_W=148.000000,avg_time_s=0.144435,released_listeners=3,
start_task=,name=trsmprofile,nthreads=97,
end_task=,name=trsmprofile,elapsed_seconds=0.539284,nthreads=97,end_time=271151.994123,avg_power_W=156.454545,max_power_W=165.000000,avg_time_s=0.049026,released_listeners=1,
start_task=,name=trsmprofile,nthreads=97,
end_task=,name=trsmprofile,elapsed_seconds=0.542421,nthreads=97,end_time=271152.543630,avg_power_W=158.181818,max_power_W=163.000000,avg_time_s=0.045202,released_listeners=1,
start_task=,name=trsmprofile,nthreads=97,
end_task=,name=trsmprofile,elapsed_seconds=0.542198,nthreads=97,end_time=271153.094375,avg_power_W=156.636364,max_power_W=162.000000,avg_time_s=0.049291,released_listeners=1,
start_task=,name=dotrsm,nthreads=97,
end_task=,name=dotrsm,elapsed_seconds=0.082146,nthreads=97,end_time=271153.193441,avg_power_W=145.500000,max_power_W=158.000000,avg_time_s=0.082146,released_listeners=3,
start_task=,name=dotrsm,nthreads=97,
end_task=,name=dotrsm,elapsed_seconds=0.080521,nthreads=97,end_time=271153.275017,avg_power_W=147.000000,max_power_W=147.000000,avg_time_s=0.080521,released_listeners=3,
start_task=,name=dotrsm,nthreads=97,
end_task=,name=dotrsm,elapsed_seconds=0.083106,nthreads=97,end_time=271153.359148,avg_power_W=135.500000,max_power_W=139.000000,avg_time_s=0.083106,released_listeners=3,
start_task=,name=syrkprofile,nthreads=97,
end_task=,name=syrkprofile,elapsed_seconds=0.558885,nthreads=97,end_time=271153.919578,avg_power_W=153.272727,max_power_W=168.000000,avg_time_s=0.069861,released_listeners=1,
start_task=,name=gemmprofile,nthreads=97,
end_task=,name=gemmprofile,elapsed_seconds=0.582541,nthreads=97,end_time=271154.502865,avg_power_W=159.083333,max_power_W=171.000000,avg_time_s=0.058254,released_listeners=1,
start_task=,name=syrkprofile,nthreads=97,
end_task=,name=syrkprofile,elapsed_seconds=0.578608,nthreads=97,end_time=271155.093870,avg_power_W=155.666667,max_power_W=169.000000,avg_time_s=0.072326,released_listeners=1,
start_task=,name=gemmprofile,nthreads=97,
end_task=,name=gemmprofile,elapsed_seconds=0.574352,nthreads=97,end_time=271155.669299,avg_power_W=156.454545,max_power_W=167.000000,avg_time_s=0.057435,released_listeners=1,
start_task=,name=gemmprofile,nthreads=97,
end_task=,name=gemmprofile,elapsed_seconds=0.580995,nthreads=97,end_time=271156.251010,avg_power_W=157.250000,max_power_W=170.000000,avg_time_s=0.058099,released_listeners=1,
start_task=,name=syrkprofile,nthreads=97,
end_task=,name=syrkprofile,elapsed_seconds=0.528073,nthreads=97,end_time=271156.793551,avg_power_W=158.000000,max_power_W=170.000000,avg_time_s=0.075439,released_listeners=1,
start_task=,name=dosyrk,nthreads=97,
end_task=,name=dosyrk,elapsed_seconds=0.159461,nthreads=97,end_time=271156.954227,avg_power_W=136.000000,max_power_W=141.000000,avg_time_s=0.159461,released_listeners=1,
start_task=,name=dogemm,nthreads=97,
end_task=,name=dogemm,elapsed_seconds=0.135018,nthreads=97,end_time=271157.099318,avg_power_W=139.000000,max_power_W=157.000000,avg_time_s=0.135018,released_listeners=1,
start_task=,name=dosyrk,nthreads=97,
end_task=,name=dosyrk,elapsed_seconds=0.161855,nthreads=97,end_time=271157.262228,avg_power_W=142.000000,max_power_W=160.000000,avg_time_s=0.161855,released_listeners=1,
start_task=,name=dogemm,nthreads=97,
end_task=,name=dogemm,elapsed_seconds=0.144359,nthreads=97,end_time=271157.407849,avg_power_W=141.666667,max_power_W=160.000000,avg_time_s=0.144359,released_listeners=1,
start_task=,name=dogemm,nthreads=97,
end_task=,name=dogemm,elapsed_seconds=0.125984,nthreads=97,end_time=271157.545094,avg_power_W=135.000000,max_power_W=144.000000,avg_time_s=0.125984,released_listeners=0,
start_task=,name=dosyrk,nthreads=97,
end_task=,name=dosyrk,elapsed_seconds=0.160127,nthreads=97,end_time=271157.706244,avg_power_W=143.666667,max_power_W=161.000000,avg_time_s=0.160127,released_listeners=1,
start_task=,name=potrfprofile,nthreads=97,
end_task=,name=potrfprofile,elapsed_seconds=0.610755,nthreads=97,end_time=271158.317974,avg_power_W=145.666667,max_power_W=153.000000,avg_time_s=0.101792,released_listeners=1,
start_task=,name=dopotrf,nthreads=97,
end_task=,name=dopotrf,elapsed_seconds=0.149203,nthreads=97,end_time=271158.468193,avg_power_W=143.666667,max_power_W=148.000000,avg_time_s=0.149203,released_listeners=2,
start_task=,name=trsmprofile,nthreads=97,
end_task=,name=trsmprofile,elapsed_seconds=0.554591,nthreads=97,end_time=271159.023921,avg_power_W=155.363636,max_power_W=163.000000,avg_time_s=0.050417,released_listeners=1,
start_task=,name=trsmprofile,nthreads=97,
end_task=,name=trsmprofile,elapsed_seconds=0.561138,nthreads=97,end_time=271159.593829,avg_power_W=157.250000,max_power_W=166.000000,avg_time_s=0.046761,released_listeners=1,
start_task=,name=dotrsm,nthreads=97,
end_task=,name=dotrsm,elapsed_seconds=0.085927,nthreads=97,end_time=271159.693562,avg_power_W=141.000000,max_power_W=151.000000,avg_time_s=0.085927,released_listeners=2,
start_task=,name=dotrsm,nthreads=97,
end_task=,name=dotrsm,elapsed_seconds=0.080843,nthreads=97,end_time=271159.775434,avg_power_W=141.000000,max_power_W=141.000000,avg_time_s=0.080843,released_listeners=2,
start_task=,name=syrkprofile,nthreads=97,
end_task=,name=syrkprofile,elapsed_seconds=0.579542,nthreads=97,end_time=271160.356009,avg_power_W=157.916667,max_power_W=170.000000,avg_time_s=0.064394,released_listeners=1,
start_task=,name=gemmprofile,nthreads=97,
end_task=,name=gemmprofile,elapsed_seconds=0.547956,nthreads=97,end_time=271160.904995,avg_power_W=160.909091,max_power_W=171.000000,avg_time_s=0.060884,released_listeners=1,
start_task=,name=syrkprofile,nthreads=97,
end_task=,name=syrkprofile,elapsed_seconds=0.587420,nthreads=97,end_time=271161.493542,avg_power_W=159.166667,max_power_W=169.000000,avg_time_s=0.065269,released_listeners=1,
start_task=,name=dosyrk,nthreads=97,
end_task=,name=dosyrk,elapsed_seconds=0.149196,nthreads=97,end_time=271161.643658,avg_power_W=144.666667,max_power_W=159.000000,avg_time_s=0.149196,released_listeners=1,
start_task=,name=dogemm,nthreads=97,
end_task=,name=dogemm,elapsed_seconds=0.127123,nthreads=97,end_time=271161.771759,avg_power_W=149.000000,max_power_W=163.000000,avg_time_s=0.127123,released_listeners=1,
start_task=,name=dosyrk,nthreads=97,
end_task=,name=dosyrk,elapsed_seconds=0.172282,nthreads=97,end_time=271161.945040,avg_power_W=140.250000,max_power_W=143.000000,avg_time_s=0.172282,released_listeners=1,
start_task=,name=potrfprofile,nthreads=97,
end_task=,name=potrfprofile,elapsed_seconds=0.587035,nthreads=97,end_time=271162.543532,avg_power_W=146.333333,max_power_W=163.000000,avg_time_s=0.097839,released_listeners=1,
start_task=,name=dopotrf,nthreads=97,
end_task=,name=dopotrf,elapsed_seconds=0.152920,nthreads=97,end_time=271162.697547,avg_power_W=137.666667,max_power_W=149.000000,avg_time_s=0.152920,released_listeners=1,
start_task=,name=trsmprofile,nthreads=97,
end_task=,name=trsmprofile,elapsed_seconds=0.547876,nthreads=97,end_time=271163.246567,avg_power_W=156.545455,max_power_W=165.000000,avg_time_s=0.049807,released_listeners=1,
start_task=,name=dotrsm,nthreads=97,
end_task=,name=dotrsm,elapsed_seconds=0.086049,nthreads=97,end_time=271163.344518,avg_power_W=144.500000,max_power_W=157.000000,avg_time_s=0.086049,released_listeners=1,
start_task=,name=syrkprofile,nthreads=97,
end_task=,name=syrkprofile,elapsed_seconds=0.538939,nthreads=97,end_time=271163.893425,avg_power_W=154.727273,max_power_W=167.000000,avg_time_s=0.067367,released_listeners=1,
start_task=,name=dosyrk,nthreads=97,
end_task=,name=dosyrk,elapsed_seconds=0.151673,nthreads=97,end_time=271164.046081,avg_power_W=140.666667,max_power_W=148.000000,avg_time_s=0.151673,released_listeners=1,
start_task=,name=potrfprofile,nthreads=97,
end_task=,name=potrfprofile,elapsed_seconds=0.582307,nthreads=97,end_time=271164.643589,avg_power_W=146.583333,max_power_W=156.000000,avg_time_s=0.097051,released_listeners=1,
start_task=,name=dopotrf,nthreads=97,
end_task=,name=dopotrf,elapsed_seconds=0.155183,nthreads=97,end_time=271164.803204,avg_power_W=139.333333,max_power_W=151.000000,avg_time_s=0.155183,released_listeners=0,
time_s=39.175873,
message=ALL DONE,
