message=cataloging configuration,max_threads=112,
start_task=,name=potrfprofile,nthreads=112,
end_task=,name=potrfprofile,elapsed_seconds=0.688707,nthreads=112,end_time=272150.044631,avg_power_W=140.461538,max_power_W=152.000000,avg_time_s=0.688707,released_listeners=1,
start_task=,name=dopotrf,nthreads=112,
end_task=,name=dopotrf,elapsed_seconds=0.197432,nthreads=112,end_time=272150.242956,avg_power_W=140.000000,max_power_W=153.000000,avg_time_s=0.197432,released_listeners=5,
start_task=,name=trsmprofile,nthreads=112,
end_task=,name=trsmprofile,elapsed_seconds=0.555263,nthreads=112,end_time=272150.799010,avg_power_W=159.545455,max_power_W=168.000000,avg_time_s=0.042713,released_listeners=1,
start_task=,name=trsmprofile,nthreads=112,
end_task=,name=trsmprofile,elapsed_seconds=0.552637,nthreads=112,end_time=272151.352272,avg_power_W=162.636364,max_power_W=169.000000,avg_time_s=0.042511,released_listeners=1,
start_task=,name=trsmprofile,nthreads=112,
end_task=,name=trsmprofile,elapsed_seconds=0.533588,nthreads=112,end_time=272151.886792,avg_power_W=162.181818,max_power_W=168.000000,avg_time_s=0.044466,released_listeners=1,
start_task=,name=trsmprofile,nthreads=112,
end_task=,name=trsmprofile,elapsed_seconds=0.554972,nthreads=112,end_time=272152.442710,avg_power_W=161.909091,max_power_W=168.000000,avg_time_s=0.042690,released_listeners=1,
start_task=,name=trsmprofile,nthreads=112,
end_task=,name=trsmprofile,elapsed_seconds=0.552171,nthreads=112,end_time=272152.995663,avg_power_W=160.181818,max_power_W=167.000000,avg_time_s=0.046014,released_listeners=1,
start_task=,name=dotrsm,nthreads=112,
end_task=,name=dotrsm,elapsed_seconds=0.077732,nthreads=112,end_time=272153.073948,avg_power_W=159.500000,max_power_W=166.000000,avg_time_s=0.077732,released_listeners=5,
start_task=,name=dotrsm,nthreads=112,
end_task=,name=dotrsm,elapsed_seconds=0.079994,nthreads=112,end_time=272153.170791,avg_power_W=132.500000,max_power_W=134.000000,avg_time_s=0.079994,released_listeners=5,
start_task=,name=dotrsm,nthreads=112,
end_task=,name=dotrsm,elapsed_seconds=0.082192,nthreads=112,end_time=272153.253895,avg_power_W=148.000000,max_power_W=148.000000,avg_time_s=0.082192,released_listeners=5,
start_task=,name=dotrsm,nthreads=112,
end_task=,name=dotrsm,elapsed_seconds=0.080098,nthreads=112,end_time=272153.334745,avg_power_W=140.500000,max_power_W=152.000000,avg_time_s=0.080098,released_listeners=5,
start_task=,name=dotrsm,nthreads=112,
end_task=,name=dotrsm,elapsed_seconds=0.081608,nthreads=112,end_time=272153.421349,avg_power_W=145.000000,max_power_W=156.000000,avg_time_s=0.081608,released_listeners=5,
start_task=,name=syrkprofile,nthreads=112,
end_task=,name=syrkprofile,elapsed_seconds=0.563149,nthreads=112,end_time=272153.985281,avg_power_W=157.363636,max_power_W=170.000000,avg_time_s=0.070394,released_listeners=1,
start_task=,name=syrkprofile,nthreads=112,
end_task=,name=syrkprofile,elapsed_seconds=0.566334,nthreads=112,end_time=272154.552525,avg_power_W=159.818182,max_power_W=168.000000,avg_time_s=0.070792,released_listeners=1,
start_task=,name=gemmprofile,nthreads=112,
end_task=,name=gemmprofile,elapsed_seconds=0.570981,nthreads=112,end_time=272155.140015,avg_power_W=161.833333,max_power_W=173.000000,avg_time_s=0.063442,released_listeners=1,
start_task=,name=gemmprofile,nthreads=112,
end_task=,name=gemmprofile,elapsed_seconds=0.561855,nthreads=112,end_time=272155.702870,avg_power_W=160.181818,max_power_W=175.000000,avg_time_s=0.062428,released_listeners=1,
start_task=,name=gemmprofile,nthreads=112,
end_task=,name=gemmprofile,elapsed_seconds=0.532513,nthreads=112,end_time=272156.236217,avg_power_W=163.454545,max_power_W=173.000000,avg_time_s=0.059168,released_listeners=1,
start_task=,name=syrkprofile,nthreads=112,
end_task=,name=syrkprofile,elapsed_seconds=0.548157,nthreads=112,end_time=272156.785011,avg_power_W=161.363636,max_power_W=175.000000,avg_time_s=0.068520,released_listeners=1,
start_task=,name=gemmprofile,nthreads=112,
end_task=,name=gemmprofile,elapsed_seconds=0.530664,nthreads=112,end_time=272157.321701,avg_power_W=161.181818,max_power_W=174.000000,avg_time_s=0.058963,released_listeners=1,
start_task=,name=gemmprofile,nthreads=112,
end_task=,name=gemmprofile,elapsed_seconds=0.531291,nthreads=112,end_time=272157.853797,avg_power_W=164.100000,max_power_W=175.000000,avg_time_s=0.059032,released_listeners=1,
start_task=,name=gemmprofile,nthreads=112,
end_task=,name=gemmprofile,elapsed_seconds=0.531553,nthreads=112,end_time=272158.386032,avg_power_W=162.363636,max_power_W=172.000000,avg_time_s=0.059061,released_listeners=1,
start_task=,name=syrkprofile,nthreads=112,
end_task=,name=syrkprofile,elapsed_seconds=0.547176,nthreads=112,end_time=272158.934106,avg_power_W=160.909091,max_power_W=172.000000,avg_time_s=0.068397,released_listeners=1,
start_task=,name=gemmprofile,nthreads=112,
end_task=,name=gemmprofile,elapsed_seconds=0.532409,nthreads=112,end_time=272159.471498,avg_power_W=161.727273,max_power_W=172.000000,avg_time_s=0.059157,released_listeners=1,
start_task=,name=gemmprofile,nthreads=112,
end_task=,name=gemmprofile,elapsed_seconds=0.542608,nthreads=112,end_time=272160.021168,avg_power_W=162.363636,max_power_W=174.000000,avg_time_s=0.060290,released_listeners=1,
start_task=,name=gemmprofile,nthreads=112,
end_task=,name=gemmprofile,elapsed_seconds=0.536859,nthreads=112,end_time=272160.571235,avg_power_W=164.090909,max_power_W=176.000000,avg_time_s=0.059651,released_listeners=1,
start_task=,name=syrkprofile,nthreads=112,
end_task=,name=syrkprofile,elapsed_seconds=0.548067,nthreads=112,end_time=272161.121158,avg_power_W=160.000000,max_power_W=172.000000,avg_time_s=0.068508,released_listeners=1,
start_task=,name=gemmprofile,nthreads=112,
end_task=,name=gemmprofile,elapsed_seconds=0.537303,nthreads=112,end_time=272161.671147,avg_power_W=163.181818,max_power_W=174.000000,avg_time_s=0.059700,released_listeners=1,
start_task=,name=dosyrk,nthreads=112,
end_task=,name=dosyrk,elapsed_seconds=0.155895,nthreads=112,end_time=272161.828154,avg_power_W=145.000000,max_power_W=169.000000,avg_time_s=0.155895,released_listeners=1,
start_task=,name=dosyrk,nthreads=112,
end_task=,name=dosyrk,elapsed_seconds=0.154348,nthreads=112,end_time=272161.983411,avg_power_W=146.000000,max_power_W=152.000000,avg_time_s=0.154348,released_listeners=1,
start_task=,name=dogemm,nthreads=112,
end_task=,name=dogemm,elapsed_seconds=0.126140,nthreads=112,end_time=272162.121671,avg_power_W=141.666667,max_power_W=146.000000,avg_time_s=0.126140,released_listeners=1,
start_task=,name=dogemm,nthreads=112,
end_task=,name=dogemm,elapsed_seconds=0.126353,nthreads=112,end_time=272162.249162,avg_power_W=144.500000,max_power_W=162.000000,avg_time_s=0.126353,released_listeners=1,
start_task=,name=dogemm,nthreads=112,
end_task=,name=dogemm,elapsed_seconds=0.128155,nthreads=112,end_time=272162.378391,avg_power_W=144.000000,max_power_W=163.000000,avg_time_s=0.128155,released_listeners=0,
start_task=,name=dosyrk,nthreads=112,
end_task=,name=dosyrk,elapsed_seconds=0.164324,nthreads=112,end_time=272162.543834,avg_power_W=146.000000,max_power_W=153.000000,avg_time_s=0.164324,released_listeners=1,
start_task=,name=dogemm,nthreads=112,
end_task=,name=dogemm,elapsed_seconds=0.122287,nthreads=112,end_time=272162.671795,avg_power_W=142.000000,max_power_W=152.000000,avg_time_s=0.122287,released_listeners=1,
start_task=,name=dogemm,nthreads=112,
end_task=,name=dogemm,elapsed_seconds=0.128079,nthreads=112,end_time=272162.800976,avg_power_W=146.500000,max_power_W=159.000000,avg_time_s=0.128079,released_listeners=0,
start_task=,name=dogemm,nthreads=112,
end_task=,name=dogemm,elapsed_seconds=0.124228,nthreads=112,end_time=272162.926021,avg_power_W=144.333333,max_power_W=164.000000,avg_time_s=0.124228,released_listeners=0,
start_task=,name=dosyrk,nthreads=112,
end_task=,name=dosyrk,elapsed_seconds=0.153400,nthreads=112,end_time=272163.080194,avg_power_W=142.666667,max_power_W=152.000000,avg_time_s=0.153400,released_listeners=1,
start_task=,name=dogemm,nthreads=112,
end_task=,name=dogemm,elapsed_seconds=0.126741,nthreads=112,end_time=272163.221651,avg_power_W=136.666667,max_power_W=145.000000,avg_time_s=0.126741,released_listeners=1,
start_task=,name=dogemm,nthreads=112,
end_task=,name=dogemm,elapsed_seconds=0.124209,nthreads=112,end_time=272163.346797,avg_power_W=150.000000,max_power_W=173.000000,avg_time_s=0.124209,released_listeners=0,
start_task=,name=dogemm,nthreads=112,
end_task=,name=dogemm,elapsed_seconds=0.124399,nthreads=112,end_time=272163.472415,avg_power_W=145.333333,max_power_W=167.000000,avg_time_s=0.124399,released_listeners=0,
start_task=,name=dosyrk,nthreads=112,
end_task=,name=dosyrk,elapsed_seconds=0.159240,nthreads=112,end_time=272163.632402,avg_power_W=134.333333,max_power_W=139.000000,avg_time_s=0.159240,released_listeners=1,
start_task=,name=dogemm,nthreads=112,
end_task=,name=dogemm,elapsed_seconds=0.126026,nthreads=112,end_time=272163.771547,avg_power_W=144.000000,max_power_W=149.000000,avg_time_s=0.126026,released_listeners=0,
start_task=,name=potrfprofile,nthreads=112,
end_task=,name=potrfprofile,elapsed_seconds=0.597224,nthreads=112,end_time=272164.371358,avg_power_W=147.750000,max_power_W=168.000000,avg_time_s=0.099537,released_listeners=1,
start_task=,name=dopotrf,nthreads=112,
end_task=,name=dopotrf,elapsed_seconds=0.162830,nthreads=112,end_time=272164.534983,avg_power_W=144.000000,max_power_W=150.000000,avg_time_s=0.162830,released_listeners=4,
start_task=,name=trsmprofile,nthreads=112,
end_task=,name=trsmprofile,elapsed_seconds=0.549520,nthreads=112,end_time=272165.085374,avg_power_W=158.090909,max_power_W=167.000000,avg_time_s=0.045793,released_listeners=1,
start_task=,name=trsmprofile,nthreads=112,
end_task=,name=trsmprofile,elapsed_seconds=0.563007,nthreads=112,end_time=272165.649043,avg_power_W=160.818182,max_power_W=167.000000,avg_time_s=0.043308,released_listeners=1,
start_task=,name=trsmprofile,nthreads=112,
end_task=,name=trsmprofile,elapsed_seconds=0.536974,nthreads=112,end_time=272166.186795,avg_power_W=160.181818,max_power_W=167.000000,avg_time_s=0.044748,released_listeners=1,
start_task=,name=trsmprofile,nthreads=112,
end_task=,name=trsmprofile,elapsed_seconds=0.539307,nthreads=112,end_time=272166.727096,avg_power_W=159.545455,max_power_W=166.000000,avg_time_s=0.049028,released_listeners=1,
start_task=,name=dotrsm,nthreads=112,
end_task=,name=dotrsm,elapsed_seconds=0.088064,nthreads=112,end_time=272166.822086,avg_power_W=147.500000,max_power_W=157.000000,avg_time_s=0.088064,released_listeners=4,
start_task=,name=dotrsm,nthreads=112,
end_task=,name=dotrsm,elapsed_seconds=0.080223,nthreads=112,end_time=272166.903394,avg_power_W=155.000000,max_power_W=155.000000,avg_time_s=0.080223,released_listeners=4,
start_task=,name=dotrsm,nthreads=112,
end_task=,name=dotrsm,elapsed_seconds=0.083246,nthreads=112,end_time=272166.987594,avg_power_W=146.000000,max_power_W=158.000000,avg_time_s=0.083246,released_listeners=4,
start_task=,name=dotrsm,nthreads=112,
end_task=,name=dotrsm,elapsed_seconds=0.080959,nthreads=112,end_time=272167.070971,avg_power_W=139.000000,max_power_W=150.000000,avg_time_s=0.080959,released_listeners=4,
start_task=,name=syrkprofile,nthreads=112,
end_task=,name=syrkprofile,elapsed_seconds=0.551981,nthreads=112,end_time=272167.624882,avg_power_W=156.909091,max_power_W=174.000000,avg_time_s=0.068998,released_listeners=1,
start_task=,name=gemmprofile,nthreads=112,
end_task=,name=gemmprofile,elapsed_seconds=0.546307,nthreads=112,end_time=272168.172306,avg_power_W=160.545455,max_power_W=168.000000,avg_time_s=0.060701,released_listeners=1,
start_task=,name=syrkprofile,nthreads=112,
end_task=,name=syrkprofile,elapsed_seconds=0.544392,nthreads=112,end_time=272168.721214,avg_power_W=158.181818,max_power_W=171.000000,avg_time_s=0.077770,released_listeners=1,
start_task=,name=gemmprofile,nthreads=112,
end_task=,name=gemmprofile,elapsed_seconds=0.552205,nthreads=112,end_time=272169.274186,avg_power_W=160.090909,max_power_W=173.000000,avg_time_s=0.061356,released_listeners=1,
start_task=,name=gemmprofile,nthreads=112,
end_task=,name=gemmprofile,elapsed_seconds=0.566717,nthreads=112,end_time=272169.842797,avg_power_W=160.181818,max_power_W=168.000000,avg_time_s=0.062969,released_listeners=1,
start_task=,name=syrkprofile,nthreads=112,
end_task=,name=syrkprofile,elapsed_seconds=0.557058,nthreads=112,end_time=272170.400853,avg_power_W=159.818182,max_power_W=170.000000,avg_time_s=0.069632,released_listeners=1,
start_task=,name=gemmprofile,nthreads=112,
end_task=,name=gemmprofile,elapsed_seconds=0.544732,nthreads=112,end_time=272170.946739,avg_power_W=160.909091,max_power_W=174.000000,avg_time_s=0.068091,released_listeners=1,
start_task=,name=gemmprofile,nthreads=112,
end_task=,name=gemmprofile,elapsed_seconds=0.545590,nthreads=112,end_time=272171.493451,avg_power_W=161.727273,max_power_W=169.000000,avg_time_s=0.060621,released_listeners=1,
start_task=,name=gemmprofile,nthreads=112,
end_task=,name=gemmprofile,elapsed_seconds=0.536330,nthreads=112,end_time=272172.030775,avg_power_W=160.000000,max_power_W=173.000000,avg_time_s=0.067041,released_listeners=1,
start_task=,name=syrkprofile,nthreads=112,
end_task=,name=syrkprofile,elapsed_seconds=0.561829,nthreads=112,end_time=272172.593494,avg_power_W=159.818182,max_power_W=175.000000,avg_time_s=0.070229,released_listeners=1,
start_task=,name=dosyrk,nthreads=112,
end_task=,name=dosyrk,elapsed_seconds=0.165610,nthreads=112,end_time=272172.771364,avg_power_W=149.000000,max_power_W=162.000000,avg_time_s=0.165610,released_listeners=1,
start_task=,name=dogemm,nthreads=112,
end_task=,name=dogemm,elapsed_seconds=0.129940,nthreads=112,end_time=272172.902330,avg_power_W=147.500000,max_power_W=166.000000,avg_time_s=0.129940,released_listeners=1,
start_task=,name=dosyrk,nthreads=112,
end_task=,name=dosyrk,elapsed_seconds=0.160748,nthreads=112,end_time=272173.071308,avg_power_W=141.250000,max_power_W=163.000000,avg_time_s=0.160748,released_listeners=1,
start_task=,name=dogemm,nthreads=112,
end_task=,name=dogemm,elapsed_seconds=0.128472,nthreads=112,end_time=272173.200633,avg_power_W=146.000000,max_power_W=160.000000,avg_time_s=0.128472,released_listeners=1,
start_task=,name=dogemm,nthreads=112,
end_task=,name=dogemm,elapsed_seconds=0.128345,nthreads=112,end_time=272173.329681,avg_power_W=141.000000,max_power_W=158.000000,avg_time_s=0.128345,released_listeners=0,
start_task=,name=dosyrk,nthreads=112,
end_task=,name=dosyrk,elapsed_seconds=0.159257,nthreads=112,end_time=272173.489632,avg_power_W=146.000000,max_power_W=156.000000,avg_time_s=0.159257,released_listeners=1,
start_task=,name=dogemm,nthreads=112,
end_task=,name=dogemm,elapsed_seconds=0.131277,nthreads=112,end_time=272173.622070,avg_power_W=142.000000,max_power_W=148.000000,avg_time_s=0.131277,released_listeners=1,
start_task=,name=dogemm,nthreads=112,
end_task=,name=dogemm,elapsed_seconds=0.127166,nthreads=112,end_time=272173.749817,avg_power_W=149.500000,max_power_W=158.000000,avg_time_s=0.127166,released_listeners=0,
start_task=,name=dogemm,nthreads=112,
end_task=,name=dogemm,elapsed_seconds=0.133891,nthreads=112,end_time=272173.884674,avg_power_W=144.666667,max_power_W=166.000000,avg_time_s=0.133891,released_listeners=0,
start_task=,name=dosyrk,nthreads=112,
end_task=,name=dosyrk,elapsed_seconds=0.157173,nthreads=112,end_time=272174.042814,avg_power_W=137.666667,max_power_W=141.000000,avg_time_s=0.157173,released_listeners=1,
start_task=,name=potrfprofile,nthreads=112,
end_task=,name=potrfprofile,elapsed_seconds=0.580799,nthreads=112,end_time=272174.624462,avg_power_W=147.333333,max_power_W=163.000000,avg_time_s=0.096800,released_listeners=1,
start_task=,name=dopotrf,nthreads=112,
end_task=,name=dopotrf,elapsed_seconds=0.152235,nthreads=112,end_time=272174.777522,avg_power_W=141.666667,max_power_W=148.000000,avg_time_s=0.152235,released_listeners=3,
start_task=,name=trsmprofile,nthreads=112,
end_task=,name=trsmprofile,elapsed_seconds=0.537275,nthreads=112,end_time=272175.321502,avg_power_W=157.000000,max_power_W=164.000000,avg_time_s=0.044773,released_listeners=1,
start_task=,name=trsmprofile,nthreads=112,
end_task=,name=trsmprofile,elapsed_seconds=0.552438,nthreads=112,end_time=272175.874929,avg_power_W=155.636364,max_power_W=162.000000,avg_time_s=0.050222,released_listeners=1,
start_task=,name=trsmprofile,nthreads=112,
end_task=,name=trsmprofile,elapsed_seconds=0.537685,nthreads=112,end_time=272176.420979,avg_power_W=157.818182,max_power_W=166.000000,avg_time_s=0.044807,released_listeners=1,
start_task=,name=dotrsm,nthreads=112,
end_task=,name=dotrsm,elapsed_seconds=0.083215,nthreads=112,end_time=272176.521469,avg_power_W=145.500000,max_power_W=163.000000,avg_time_s=0.083215,released_listeners=3,
start_task=,name=dotrsm,nthreads=112,
end_task=,name=dotrsm,elapsed_seconds=0.082342,nthreads=112,end_time=272176.621366,avg_power_W=137.500000,max_power_W=149.000000,avg_time_s=0.082342,released_listeners=3,
start_task=,name=dotrsm,nthreads=112,
end_task=,name=dotrsm,elapsed_seconds=0.085283,nthreads=112,end_time=272176.722387,avg_power_W=139.500000,max_power_W=150.000000,avg_time_s=0.085283,released_listeners=3,
start_task=,name=syrkprofile,nthreads=112,
end_task=,name=syrkprofile,elapsed_seconds=0.574285,nthreads=112,end_time=272177.297568,avg_power_W=153.727273,max_power_W=167.000000,avg_time_s=0.071786,released_listeners=1,
start_task=,name=gemmprofile,nthreads=112,
end_task=,name=gemmprofile,elapsed_seconds=0.578544,nthreads=112,end_time=272177.876843,avg_power_W=159.500000,max_power_W=172.000000,avg_time_s=0.064283,released_listeners=1,
start_task=,name=syrkprofile,nthreads=112,
end_task=,name=syrkprofile,elapsed_seconds=0.561680,nthreads=112,end_time=272178.439297,avg_power_W=155.727273,max_power_W=167.000000,avg_time_s=0.070210,released_listeners=1,
start_task=,name=gemmprofile,nthreads=112,
end_task=,name=gemmprofile,elapsed_seconds=0.574904,nthreads=112,end_time=272179.020969,avg_power_W=158.166667,max_power_W=171.000000,avg_time_s=0.063878,released_listeners=1,
start_task=,name=gemmprofile,nthreads=112,
end_task=,name=gemmprofile,elapsed_seconds=0.544976,nthreads=112,end_time=272179.571166,avg_power_W=159.363636,max_power_W=171.000000,avg_time_s=0.060553,released_listeners=1,
start_task=,name=syrkprofile,nthreads=112,
end_task=,name=syrkprofile,elapsed_seconds=0.560706,nthreads=112,end_time=272180.132754,avg_power_W=158.454545,max_power_W=172.000000,avg_time_s=0.070088,released_listeners=1,
start_task=,name=dosyrk,nthreads=112,
end_task=,name=dosyrk,elapsed_seconds=0.158850,nthreads=112,end_time=272180.292515,avg_power_W=147.000000,max_power_W=164.000000,avg_time_s=0.158850,released_listeners=1,
start_task=,name=dogemm,nthreads=112,
end_task=,name=dogemm,elapsed_seconds=0.125627,nthreads=112,end_time=272180.421447,avg_power_W=140.000000,max_power_W=143.000000,avg_time_s=0.125627,released_listeners=1,
start_task=,name=dosyrk,nthreads=112,
end_task=,name=dosyrk,elapsed_seconds=0.153681,nthreads=112,end_time=272180.575777,avg_power_W=145.000000,max_power_W=161.000000,avg_time_s=0.153681,released_listeners=1,
start_task=,name=dogemm,nthreads=112,
end_task=,name=dogemm,elapsed_seconds=0.126047,nthreads=112,end_time=272180.702542,avg_power_W=140.000000,max_power_W=147.000000,avg_time_s=0.126047,released_listeners=1,
start_task=,name=dogemm,nthreads=112,
end_task=,name=dogemm,elapsed_seconds=0.130117,nthreads=112,end_time=272180.833382,avg_power_W=144.666667,max_power_W=167.000000,avg_time_s=0.130117,released_listeners=0,
start_task=,name=dosyrk,nthreads=112,
end_task=,name=dosyrk,elapsed_seconds=0.171002,nthreads=112,end_time=272181.021394,avg_power_W=143.500000,max_power_W=154.000000,avg_time_s=0.171002,released_listeners=1,
start_task=,name=potrfprofile,nthreads=112,
end_task=,name=potrfprofile,elapsed_seconds=0.556138,nthreads=112,end_time=272181.578285,avg_power_W=147.090909,max_power_W=165.000000,avg_time_s=0.092690,released_listeners=1,
start_task=,name=dopotrf,nthreads=112,
end_task=,name=dopotrf,elapsed_seconds=0.154450,nthreads=112,end_time=272181.733404,avg_power_W=144.000000,max_power_W=150.000000,avg_time_s=0.154450,released_listeners=2,
start_task=,name=trsmprofile,nthreads=112,
end_task=,name=trsmprofile,elapsed_seconds=0.547086,nthreads=112,end_time=272182.281491,avg_power_W=155.181818,max_power_W=164.000000,avg_time_s=0.049735,released_listeners=1,
start_task=,name=trsmprofile,nthreads=112,
end_task=,name=trsmprofile,elapsed_seconds=0.574018,nthreads=112,end_time=272182.871385,avg_power_W=158.000000,max_power_W=166.000000,avg_time_s=0.047835,released_listeners=1,
start_task=,name=dotrsm,nthreads=112,
end_task=,name=dotrsm,elapsed_seconds=0.090810,nthreads=112,end_time=272182.971456,avg_power_W=145.000000,max_power_W=161.000000,avg_time_s=0.090810,released_listeners=2,
start_task=,name=dotrsm,nthreads=112,
end_task=,name=dotrsm,elapsed_seconds=0.089930,nthreads=112,end_time=272183.072324,avg_power_W=142.500000,max_power_W=155.000000,avg_time_s=0.089930,released_listeners=2,
start_task=,name=syrkprofile,nthreads=112,
end_task=,name=syrkprofile,elapsed_seconds=0.563224,nthreads=112,end_time=272183.636220,avg_power_W=156.454545,max_power_W=170.000000,avg_time_s=0.070403,released_listeners=1,
start_task=,name=gemmprofile,nthreads=112,
end_task=,name=gemmprofile,elapsed_seconds=0.533130,nthreads=112,end_time=272184.170689,avg_power_W=159.909091,max_power_W=173.000000,avg_time_s=0.066641,released_listeners=1,
start_task=,name=syrkprofile,nthreads=112,
end_task=,name=syrkprofile,elapsed_seconds=0.562209,nthreads=112,end_time=272184.733632,avg_power_W=158.272727,max_power_W=172.000000,avg_time_s=0.070276,released_listeners=1,
start_task=,name=dosyrk,nthreads=112,
end_task=,name=dosyrk,elapsed_seconds=0.160549,nthreads=112,end_time=272184.895147,avg_power_W=143.000000,max_power_W=157.000000,avg_time_s=0.160549,released_listeners=1,
start_task=,name=dogemm,nthreads=112,
end_task=,name=dogemm,elapsed_seconds=0.129329,nthreads=112,end_time=272185.025328,avg_power_W=147.000000,max_power_W=159.000000,avg_time_s=0.129329,released_listeners=1,
start_task=,name=dosyrk,nthreads=112,
end_task=,name=dosyrk,elapsed_seconds=0.158917,nthreads=112,end_time=272185.184906,avg_power_W=136.333333,max_power_W=141.000000,avg_time_s=0.158917,released_listeners=1,
start_task=,name=potrfprofile,nthreads=112,
end_task=,name=potrfprofile,elapsed_seconds=0.575873,nthreads=112,end_time=272185.771645,avg_power_W=147.333333,max_power_W=157.000000,avg_time_s=0.095979,released_listeners=1,
start_task=,name=dopotrf,nthreads=112,
end_task=,name=dopotrf,elapsed_seconds=0.147277,nthreads=112,end_time=272185.920744,avg_power_W=138.333333,max_power_W=148.000000,avg_time_s=0.147277,released_listeners=1,
start_task=,name=trsmprofile,nthreads=112,
end_task=,name=trsmprofile,elapsed_seconds=0.562426,nthreads=112,end_time=272186.484227,avg_power_W=156.090909,max_power_W=165.000000,avg_time_s=0.043264,released_listeners=1,
start_task=,name=dotrsm,nthreads=112,
end_task=,name=dotrsm,elapsed_seconds=0.083449,nthreads=112,end_time=272186.571069,avg_power_W=154.000000,max_power_W=161.000000,avg_time_s=0.083449,released_listeners=1,
start_task=,name=syrkprofile,nthreads=112,
end_task=,name=syrkprofile,elapsed_seconds=0.558938,nthreads=112,end_time=272187.130805,avg_power_W=154.272727,max_power_W=169.000000,avg_time_s=0.079848,released_listeners=1,
start_task=,name=dosyrk,nthreads=112,
end_task=,name=dosyrk,elapsed_seconds=0.170752,nthreads=112,end_time=272187.302188,avg_power_W=147.333333,max_power_W=167.000000,avg_time_s=0.170752,released_listeners=1,
start_task=,name=potrfprofile,nthreads=112,
end_task=,name=potrfprofile,elapsed_seconds=0.563822,nthreads=112,end_time=272187.870837,avg_power_W=145.083333,max_power_W=154.000000,avg_time_s=0.093970,released_listeners=1,
start_task=,name=dopotrf,nthreads=112,
end_task=,name=dopotrf,elapsed_seconds=0.145104,nthreads=112,end_time=272188.021393,avg_power_W=141.000000,max_power_W=149.000000,avg_time_s=0.145104,released_listeners=0,
time_s=38.667047,
message=ALL DONE,
