message=cataloging configuration,max_threads=8,
start_task=,name=potrfprofile,nthreads=8,
end_task=,name=potrfprofile,elapsed_seconds=0.581968,nthreads=8,end_time=266305.059041,avg_power_W=162.272727,max_power_W=180.000000,avg_time_s=0.145492,released_listeners=1,
start_task=,name=dopotrf,nthreads=8,
end_task=,name=dopotrf,elapsed_seconds=0.128227,nthreads=8,end_time=266305.190768,avg_power_W=132.666667,max_power_W=136.000000,avg_time_s=0.128227,released_listeners=5,
start_task=,name=trsmprofile,nthreads=8,
end_task=,name=trsmprofile,elapsed_seconds=0.536284,nthreads=8,end_time=266305.740771,avg_power_W=137.727273,max_power_W=142.000000,avg_time_s=0.089381,released_listeners=1,
start_task=,name=trsmprofile,nthreads=8,
end_task=,name=trsmprofile,elapsed_seconds=0.547061,nthreads=8,end_time=266306.291051,avg_power_W=137.909091,max_power_W=142.000000,avg_time_s=0.091177,released_listeners=1,
start_task=,name=trsmprofile,nthreads=8,
end_task=,name=trsmprofile,elapsed_seconds=0.547547,nthreads=8,end_time=266306.840784,avg_power_W=136.454545,max_power_W=140.000000,avg_time_s=0.091258,released_listeners=1,
start_task=,name=trsmprofile,nthreads=8,
end_task=,name=trsmprofile,elapsed_seconds=0.551019,nthreads=8,end_time=266307.392443,avg_power_W=136.727273,max_power_W=140.000000,avg_time_s=0.091837,released_listeners=1,
start_task=,name=trsmprofile,nthreads=8,
end_task=,name=trsmprofile,elapsed_seconds=0.551014,nthreads=8,end_time=266307.943980,avg_power_W=136.545455,max_power_W=138.000000,avg_time_s=0.091836,released_listeners=1,
start_task=,name=dotrsm,nthreads=8,
end_task=,name=dotrsm,elapsed_seconds=0.104794,nthreads=8,end_time=266308.049389,avg_power_W=134.500000,max_power_W=138.000000,avg_time_s=0.104794,released_listeners=5,
start_task=,name=dotrsm,nthreads=8,
end_task=,name=dotrsm,elapsed_seconds=0.101316,nthreads=8,end_time=266308.151315,avg_power_W=135.500000,max_power_W=137.000000,avg_time_s=0.101316,released_listeners=5,
start_task=,name=dotrsm,nthreads=8,
end_task=,name=dotrsm,elapsed_seconds=0.091256,nthreads=8,end_time=266308.243462,avg_power_W=134.500000,max_power_W=138.000000,avg_time_s=0.091256,released_listeners=5,
start_task=,name=dotrsm,nthreads=8,
end_task=,name=dotrsm,elapsed_seconds=0.097963,nthreads=8,end_time=266308.342150,avg_power_W=132.500000,max_power_W=137.000000,avg_time_s=0.097963,released_listeners=5,
start_task=,name=dotrsm,nthreads=8,
end_task=,name=dotrsm,elapsed_seconds=0.104225,nthreads=8,end_time=266308.447036,avg_power_W=133.500000,max_power_W=137.000000,avg_time_s=0.104225,released_listeners=5,
start_task=,name=syrkprofile,nthreads=8,
end_task=,name=syrkprofile,elapsed_seconds=0.611388,nthreads=8,end_time=266309.058945,avg_power_W=131.166667,max_power_W=136.000000,avg_time_s=0.152847,released_listeners=1,
start_task=,name=syrkprofile,nthreads=8,
end_task=,name=syrkprofile,elapsed_seconds=0.607525,nthreads=8,end_time=266309.667113,avg_power_W=130.166667,max_power_W=132.000000,avg_time_s=0.151881,released_listeners=1,
start_task=,name=gemmprofile,nthreads=8,
end_task=,name=gemmprofile,elapsed_seconds=0.590375,nthreads=8,end_time=266310.258030,avg_power_W=131.250000,max_power_W=134.000000,avg_time_s=0.196792,released_listeners=1,
start_task=,name=gemmprofile,nthreads=8,
end_task=,name=gemmprofile,elapsed_seconds=0.595041,nthreads=8,end_time=266310.853637,avg_power_W=129.666667,max_power_W=132.000000,avg_time_s=0.198347,released_listeners=1,
start_task=,name=gemmprofile,nthreads=8,
end_task=,name=gemmprofile,elapsed_seconds=0.588772,nthreads=8,end_time=266311.443094,avg_power_W=129.333333,max_power_W=132.000000,avg_time_s=0.196257,released_listeners=1,
start_task=,name=syrkprofile,nthreads=8,
end_task=,name=syrkprofile,elapsed_seconds=0.589278,nthreads=8,end_time=266312.040993,avg_power_W=127.333333,max_power_W=132.000000,avg_time_s=0.147319,released_listeners=1,
start_task=,name=gemmprofile,nthreads=8,
end_task=,name=gemmprofile,elapsed_seconds=0.559402,nthreads=8,end_time=266312.601128,avg_power_W=131.090909,max_power_W=133.000000,avg_time_s=0.186467,released_listeners=1,
start_task=,name=gemmprofile,nthreads=8,
end_task=,name=gemmprofile,elapsed_seconds=0.563732,nthreads=8,end_time=266313.165501,avg_power_W=130.545455,max_power_W=132.000000,avg_time_s=0.187911,released_listeners=1,
start_task=,name=gemmprofile,nthreads=8,
end_task=,name=gemmprofile,elapsed_seconds=0.569208,nthreads=8,end_time=266313.741068,avg_power_W=131.166667,max_power_W=133.000000,avg_time_s=0.189736,released_listeners=1,
start_task=,name=syrkprofile,nthreads=8,
end_task=,name=syrkprofile,elapsed_seconds=0.577406,nthreads=8,end_time=266314.319128,avg_power_W=128.181818,max_power_W=133.000000,avg_time_s=0.144351,released_listeners=1,
start_task=,name=gemmprofile,nthreads=8,
end_task=,name=gemmprofile,elapsed_seconds=0.563360,nthreads=8,end_time=266314.890810,avg_power_W=130.333333,max_power_W=133.000000,avg_time_s=0.187787,released_listeners=1,
start_task=,name=gemmprofile,nthreads=8,
end_task=,name=gemmprofile,elapsed_seconds=0.567816,nthreads=8,end_time=266315.459302,avg_power_W=129.727273,max_power_W=132.000000,avg_time_s=0.189272,released_listeners=1,
start_task=,name=gemmprofile,nthreads=8,
end_task=,name=gemmprofile,elapsed_seconds=0.569309,nthreads=8,end_time=266316.040590,avg_power_W=130.416667,max_power_W=132.000000,avg_time_s=0.189770,released_listeners=1,
start_task=,name=gemmprofile,nthreads=8,
end_task=,name=gemmprofile,elapsed_seconds=0.625283,nthreads=8,end_time=266316.666549,avg_power_W=129.000000,max_power_W=133.000000,avg_time_s=0.208428,released_listeners=1,
start_task=,name=syrkprofile,nthreads=8,
end_task=,name=syrkprofile,elapsed_seconds=0.618356,nthreads=8,end_time=266317.290835,avg_power_W=129.307692,max_power_W=131.000000,avg_time_s=0.154589,released_listeners=1,
start_task=,name=dosyrk,nthreads=8,
end_task=,name=dosyrk,elapsed_seconds=0.173320,nthreads=8,end_time=266317.464824,avg_power_W=127.666667,max_power_W=130.000000,avg_time_s=0.173320,released_listeners=1,
start_task=,name=dosyrk,nthreads=8,
end_task=,name=dosyrk,elapsed_seconds=0.169514,nthreads=8,end_time=266317.640686,avg_power_W=127.000000,max_power_W=128.000000,avg_time_s=0.169514,released_listeners=1,
start_task=,name=dogemm,nthreads=8,
end_task=,name=dogemm,elapsed_seconds=0.214992,nthreads=8,end_time=266317.856327,avg_power_W=127.250000,max_power_W=132.000000,avg_time_s=0.214992,released_listeners=1,
start_task=,name=dogemm,nthreads=8,
end_task=,name=dogemm,elapsed_seconds=0.214648,nthreads=8,end_time=266318.071578,avg_power_W=129.500000,max_power_W=132.000000,avg_time_s=0.214648,released_listeners=1,
start_task=,name=dogemm,nthreads=8,
end_task=,name=dogemm,elapsed_seconds=0.215001,nthreads=8,end_time=266318.291453,avg_power_W=129.400000,max_power_W=132.000000,avg_time_s=0.215001,released_listeners=0,
start_task=,name=dosyrk,nthreads=8,
end_task=,name=dosyrk,elapsed_seconds=0.170081,nthreads=8,end_time=266318.462175,avg_power_W=126.000000,max_power_W=131.000000,avg_time_s=0.170081,released_listeners=1,
start_task=,name=dogemm,nthreads=8,
end_task=,name=dogemm,elapsed_seconds=0.210381,nthreads=8,end_time=266318.673461,avg_power_W=127.000000,max_power_W=128.000000,avg_time_s=0.210381,released_listeners=1,
start_task=,name=dogemm,nthreads=8,
end_task=,name=dogemm,elapsed_seconds=0.214841,nthreads=8,end_time=266318.891561,avg_power_W=126.800000,max_power_W=129.000000,avg_time_s=0.214841,released_listeners=0,
start_task=,name=dogemm,nthreads=8,
end_task=,name=dogemm,elapsed_seconds=0.215461,nthreads=8,end_time=266319.107656,avg_power_W=124.250000,max_power_W=128.000000,avg_time_s=0.215461,released_listeners=0,
start_task=,name=dosyrk,nthreads=8,
end_task=,name=dosyrk,elapsed_seconds=0.174203,nthreads=8,end_time=266319.291163,avg_power_W=124.000000,max_power_W=126.000000,avg_time_s=0.174203,released_listeners=1,
start_task=,name=dogemm,nthreads=8,
end_task=,name=dogemm,elapsed_seconds=0.215556,nthreads=8,end_time=266319.507392,avg_power_W=122.250000,max_power_W=125.000000,avg_time_s=0.215556,released_listeners=1,
start_task=,name=dogemm,nthreads=8,
end_task=,name=dogemm,elapsed_seconds=0.214219,nthreads=8,end_time=266319.722320,avg_power_W=125.000000,max_power_W=129.000000,avg_time_s=0.214219,released_listeners=0,
start_task=,name=dogemm,nthreads=8,
end_task=,name=dogemm,elapsed_seconds=0.221221,nthreads=8,end_time=266319.944091,avg_power_W=128.600000,max_power_W=132.000000,avg_time_s=0.221221,released_listeners=0,
start_task=,name=dogemm,nthreads=8,
end_task=,name=dogemm,elapsed_seconds=0.223680,nthreads=8,end_time=266320.168403,avg_power_W=128.000000,max_power_W=130.000000,avg_time_s=0.223680,released_listeners=0,
start_task=,name=dosyrk,nthreads=8,
end_task=,name=dosyrk,elapsed_seconds=0.184593,nthreads=8,end_time=266320.353630,avg_power_W=127.000000,max_power_W=130.000000,avg_time_s=0.184593,released_listeners=1,
start_task=,name=potrfprofile,nthreads=8,
end_task=,name=potrfprofile,elapsed_seconds=0.624410,nthreads=8,end_time=266320.990986,avg_power_W=127.538462,max_power_W=131.000000,avg_time_s=0.104068,released_listeners=1,
start_task=,name=dopotrf,nthreads=8,
end_task=,name=dopotrf,elapsed_seconds=0.126934,nthreads=8,end_time=266321.118611,avg_power_W=125.000000,max_power_W=129.000000,avg_time_s=0.126934,released_listeners=4,
start_task=,name=trsmprofile,nthreads=8,
end_task=,name=trsmprofile,elapsed_seconds=0.579771,nthreads=8,end_time=266321.699073,avg_power_W=131.750000,max_power_W=134.000000,avg_time_s=0.082824,released_listeners=1,
start_task=,name=trsmprofile,nthreads=8,
end_task=,name=trsmprofile,elapsed_seconds=0.579219,nthreads=8,end_time=266322.291835,avg_power_W=132.750000,max_power_W=137.000000,avg_time_s=0.082746,released_listeners=1,
start_task=,name=trsmprofile,nthreads=8,
end_task=,name=trsmprofile,elapsed_seconds=0.583548,nthreads=8,end_time=266322.876110,avg_power_W=131.727273,max_power_W=135.000000,avg_time_s=0.083364,released_listeners=1,
start_task=,name=trsmprofile,nthreads=8,
end_task=,name=trsmprofile,elapsed_seconds=0.583565,nthreads=8,end_time=266323.460374,avg_power_W=133.416667,max_power_W=136.000000,avg_time_s=0.083366,released_listeners=1,
start_task=,name=dotrsm,nthreads=8,
end_task=,name=dotrsm,elapsed_seconds=0.095639,nthreads=8,end_time=266323.556681,avg_power_W=131.000000,max_power_W=133.000000,avg_time_s=0.095639,released_listeners=4,
start_task=,name=dotrsm,nthreads=8,
end_task=,name=dotrsm,elapsed_seconds=0.098629,nthreads=8,end_time=266323.655993,avg_power_W=131.500000,max_power_W=132.000000,avg_time_s=0.098629,released_listeners=4,
start_task=,name=dotrsm,nthreads=8,
end_task=,name=dotrsm,elapsed_seconds=0.099397,nthreads=8,end_time=266323.756080,avg_power_W=128.000000,max_power_W=129.000000,avg_time_s=0.099397,released_listeners=4,
start_task=,name=dotrsm,nthreads=8,
end_task=,name=dotrsm,elapsed_seconds=0.098669,nthreads=8,end_time=266323.855445,avg_power_W=127.000000,max_power_W=130.000000,avg_time_s=0.098669,released_listeners=4,
start_task=,name=syrkprofile,nthreads=8,
end_task=,name=syrkprofile,elapsed_seconds=0.594991,nthreads=8,end_time=266324.451132,avg_power_W=125.833333,max_power_W=130.000000,avg_time_s=0.148748,released_listeners=1,
start_task=,name=gemmprofile,nthreads=8,
end_task=,name=gemmprofile,elapsed_seconds=0.576057,nthreads=8,end_time=266325.040861,avg_power_W=128.083333,max_power_W=133.000000,avg_time_s=0.192019,released_listeners=1,
start_task=,name=syrkprofile,nthreads=8,
end_task=,name=syrkprofile,elapsed_seconds=0.593966,nthreads=8,end_time=266325.640976,avg_power_W=128.833333,max_power_W=134.000000,avg_time_s=0.148492,released_listeners=1,
start_task=,name=gemmprofile,nthreads=8,
end_task=,name=gemmprofile,elapsed_seconds=0.577904,nthreads=8,end_time=266326.219569,avg_power_W=129.272727,max_power_W=132.000000,avg_time_s=0.192635,released_listeners=1,
start_task=,name=gemmprofile,nthreads=8,
end_task=,name=gemmprofile,elapsed_seconds=0.570002,nthreads=8,end_time=266326.791329,avg_power_W=129.333333,max_power_W=131.000000,avg_time_s=0.190001,released_listeners=1,
start_task=,name=syrkprofile,nthreads=8,
end_task=,name=syrkprofile,elapsed_seconds=0.594608,nthreads=8,end_time=266327.391037,avg_power_W=126.916667,max_power_W=131.000000,avg_time_s=0.148652,released_listeners=1,
start_task=,name=gemmprofile,nthreads=8,
end_task=,name=gemmprofile,elapsed_seconds=0.581567,nthreads=8,end_time=266327.973310,avg_power_W=129.818182,max_power_W=132.000000,avg_time_s=0.193856,released_listeners=1,
start_task=,name=gemmprofile,nthreads=8,
end_task=,name=gemmprofile,elapsed_seconds=0.576812,nthreads=8,end_time=266328.550755,avg_power_W=129.333333,max_power_W=131.000000,avg_time_s=0.192271,released_listeners=1,
start_task=,name=gemmprofile,nthreads=8,
end_task=,name=gemmprofile,elapsed_seconds=0.573402,nthreads=8,end_time=266329.124828,avg_power_W=126.636364,max_power_W=128.000000,avg_time_s=0.191134,released_listeners=1,
start_task=,name=syrkprofile,nthreads=8,
end_task=,name=syrkprofile,elapsed_seconds=0.595058,nthreads=8,end_time=266329.720566,avg_power_W=126.750000,max_power_W=129.000000,avg_time_s=0.148764,released_listeners=1,
start_task=,name=dosyrk,nthreads=8,
end_task=,name=dosyrk,elapsed_seconds=0.172178,nthreads=8,end_time=266329.893429,avg_power_W=127.250000,max_power_W=130.000000,avg_time_s=0.172178,released_listeners=1,
start_task=,name=dogemm,nthreads=8,
end_task=,name=dogemm,elapsed_seconds=0.220080,nthreads=8,end_time=266330.114118,avg_power_W=128.750000,max_power_W=131.000000,avg_time_s=0.220080,released_listeners=1,
start_task=,name=dosyrk,nthreads=8,
end_task=,name=dosyrk,elapsed_seconds=0.173171,nthreads=8,end_time=266330.291452,avg_power_W=128.250000,max_power_W=132.000000,avg_time_s=0.173171,released_listeners=1,
start_task=,name=dogemm,nthreads=8,
end_task=,name=dogemm,elapsed_seconds=0.219197,nthreads=8,end_time=266330.511333,avg_power_W=126.250000,max_power_W=130.000000,avg_time_s=0.219197,released_listeners=1,
start_task=,name=dogemm,nthreads=8,
end_task=,name=dogemm,elapsed_seconds=0.213100,nthreads=8,end_time=266330.725128,avg_power_W=126.750000,max_power_W=129.000000,avg_time_s=0.213100,released_listeners=0,
start_task=,name=dosyrk,nthreads=8,
end_task=,name=dosyrk,elapsed_seconds=0.175704,nthreads=8,end_time=266330.901531,avg_power_W=126.250000,max_power_W=129.000000,avg_time_s=0.175704,released_listeners=1,
start_task=,name=dogemm,nthreads=8,
end_task=,name=dogemm,elapsed_seconds=0.221530,nthreads=8,end_time=266331.123680,avg_power_W=123.750000,max_power_W=126.000000,avg_time_s=0.221530,released_listeners=1,
start_task=,name=dogemm,nthreads=8,
end_task=,name=dogemm,elapsed_seconds=0.216463,nthreads=8,end_time=266331.341031,avg_power_W=127.400000,max_power_W=132.000000,avg_time_s=0.216463,released_listeners=0,
start_task=,name=dogemm,nthreads=8,
end_task=,name=dogemm,elapsed_seconds=0.218961,nthreads=8,end_time=266331.560652,avg_power_W=128.000000,max_power_W=131.000000,avg_time_s=0.218961,released_listeners=0,
start_task=,name=dosyrk,nthreads=8,
end_task=,name=dosyrk,elapsed_seconds=0.174808,nthreads=8,end_time=266331.741190,avg_power_W=129.000000,max_power_W=132.000000,avg_time_s=0.174808,released_listeners=1,
start_task=,name=potrfprofile,nthreads=8,
end_task=,name=potrfprofile,elapsed_seconds=0.614854,nthreads=8,end_time=266332.356953,avg_power_W=127.916667,max_power_W=131.000000,avg_time_s=0.102476,released_listeners=1,
start_task=,name=dopotrf,nthreads=8,
end_task=,name=dopotrf,elapsed_seconds=0.129637,nthreads=8,end_time=266332.490807,avg_power_W=124.666667,max_power_W=128.000000,avg_time_s=0.129637,released_listeners=3,
start_task=,name=trsmprofile,nthreads=8,
end_task=,name=trsmprofile,elapsed_seconds=0.578100,nthreads=8,end_time=266333.069626,avg_power_W=131.181818,max_power_W=134.000000,avg_time_s=0.082586,released_listeners=1,
start_task=,name=trsmprofile,nthreads=8,
end_task=,name=trsmprofile,elapsed_seconds=0.577067,nthreads=8,end_time=266333.647388,avg_power_W=132.166667,max_power_W=134.000000,avg_time_s=0.082438,released_listeners=1,
start_task=,name=trsmprofile,nthreads=8,
end_task=,name=trsmprofile,elapsed_seconds=0.582826,nthreads=8,end_time=266334.241264,avg_power_W=132.750000,max_power_W=135.000000,avg_time_s=0.083261,released_listeners=1,
start_task=,name=dotrsm,nthreads=8,
end_task=,name=dotrsm,elapsed_seconds=0.097641,nthreads=8,end_time=266334.341739,avg_power_W=128.000000,max_power_W=134.000000,avg_time_s=0.097641,released_listeners=3,
start_task=,name=dotrsm,nthreads=8,
end_task=,name=dotrsm,elapsed_seconds=0.098405,nthreads=8,end_time=266334.440982,avg_power_W=125.500000,max_power_W=132.000000,avg_time_s=0.098405,released_listeners=3,
start_task=,name=dotrsm,nthreads=8,
end_task=,name=dotrsm,elapsed_seconds=0.100437,nthreads=8,end_time=266334.542172,avg_power_W=124.500000,max_power_W=131.000000,avg_time_s=0.100437,released_listeners=3,
start_task=,name=syrkprofile,nthreads=8,
end_task=,name=syrkprofile,elapsed_seconds=0.599153,nthreads=8,end_time=266335.142020,avg_power_W=125.750000,max_power_W=132.000000,avg_time_s=0.149788,released_listeners=1,
start_task=,name=gemmprofile,nthreads=8,
end_task=,name=gemmprofile,elapsed_seconds=0.579522,nthreads=8,end_time=266335.722239,avg_power_W=130.545455,max_power_W=132.000000,avg_time_s=0.193174,released_listeners=1,
start_task=,name=syrkprofile,nthreads=8,
end_task=,name=syrkprofile,elapsed_seconds=0.596784,nthreads=8,end_time=266336.319710,avg_power_W=129.166667,max_power_W=133.000000,avg_time_s=0.149196,released_listeners=1,
start_task=,name=gemmprofile,nthreads=8,
end_task=,name=gemmprofile,elapsed_seconds=0.574178,nthreads=8,end_time=266336.894604,avg_power_W=127.833333,max_power_W=129.000000,avg_time_s=0.191393,released_listeners=1,
start_task=,name=gemmprofile,nthreads=8,
end_task=,name=gemmprofile,elapsed_seconds=0.576976,nthreads=8,end_time=266337.472247,avg_power_W=129.909091,max_power_W=132.000000,avg_time_s=0.192325,released_listeners=1,
start_task=,name=syrkprofile,nthreads=8,
end_task=,name=syrkprofile,elapsed_seconds=0.597754,nthreads=8,end_time=266338.070689,avg_power_W=128.333333,max_power_W=131.000000,avg_time_s=0.149439,released_listeners=1,
start_task=,name=dosyrk,nthreads=8,
end_task=,name=dosyrk,elapsed_seconds=0.174102,nthreads=8,end_time=266338.245424,avg_power_W=126.000000,max_power_W=130.000000,avg_time_s=0.174102,released_listeners=1,
start_task=,name=dogemm,nthreads=8,
end_task=,name=dogemm,elapsed_seconds=0.220490,nthreads=8,end_time=266338.466552,avg_power_W=126.250000,max_power_W=131.000000,avg_time_s=0.220490,released_listeners=1,
start_task=,name=dosyrk,nthreads=8,
end_task=,name=dosyrk,elapsed_seconds=0.171548,nthreads=8,end_time=266338.641767,avg_power_W=129.750000,max_power_W=131.000000,avg_time_s=0.171548,released_listeners=1,
start_task=,name=dogemm,nthreads=8,
end_task=,name=dogemm,elapsed_seconds=0.219106,nthreads=8,end_time=266338.861586,avg_power_W=128.000000,max_power_W=132.000000,avg_time_s=0.219106,released_listeners=1,
start_task=,name=dogemm,nthreads=8,
end_task=,name=dogemm,elapsed_seconds=0.215916,nthreads=8,end_time=266339.090795,avg_power_W=128.400000,max_power_W=131.000000,avg_time_s=0.215916,released_listeners=0,
start_task=,name=dosyrk,nthreads=8,
end_task=,name=dosyrk,elapsed_seconds=0.176505,nthreads=8,end_time=266339.267963,avg_power_W=123.000000,max_power_W=127.000000,avg_time_s=0.176505,released_listeners=1,
start_task=,name=potrfprofile,nthreads=8,
end_task=,name=potrfprofile,elapsed_seconds=0.617435,nthreads=8,end_time=266339.890858,avg_power_W=124.307692,max_power_W=127.000000,avg_time_s=0.102906,released_listeners=1,
start_task=,name=dopotrf,nthreads=8,
end_task=,name=dopotrf,elapsed_seconds=0.126469,nthreads=8,end_time=266340.017946,avg_power_W=126.500000,max_power_W=130.000000,avg_time_s=0.126469,released_listeners=2,
start_task=,name=trsmprofile,nthreads=8,
end_task=,name=trsmprofile,elapsed_seconds=0.575592,nthreads=8,end_time=266340.594237,avg_power_W=133.000000,max_power_W=136.000000,avg_time_s=0.082227,released_listeners=1,
start_task=,name=trsmprofile,nthreads=8,
end_task=,name=trsmprofile,elapsed_seconds=0.579770,nthreads=8,end_time=266341.174674,avg_power_W=133.454545,max_power_W=136.000000,avg_time_s=0.082824,released_listeners=1,
start_task=,name=dotrsm,nthreads=8,
end_task=,name=dotrsm,elapsed_seconds=0.095417,nthreads=8,end_time=266341.270743,avg_power_W=131.000000,max_power_W=131.000000,avg_time_s=0.095417,released_listeners=2,
start_task=,name=dotrsm,nthreads=8,
end_task=,name=dotrsm,elapsed_seconds=0.092307,nthreads=8,end_time=266341.363672,avg_power_W=131.000000,max_power_W=134.000000,avg_time_s=0.092307,released_listeners=2,
start_task=,name=syrkprofile,nthreads=8,
end_task=,name=syrkprofile,elapsed_seconds=0.591783,nthreads=8,end_time=266341.956165,avg_power_W=127.916667,max_power_W=132.000000,avg_time_s=0.147946,released_listeners=1,
start_task=,name=gemmprofile,nthreads=8,
end_task=,name=gemmprofile,elapsed_seconds=0.601190,nthreads=8,end_time=266342.557939,avg_power_W=128.750000,max_power_W=132.000000,avg_time_s=0.200397,released_listeners=1,
start_task=,name=syrkprofile,nthreads=8,
end_task=,name=syrkprofile,elapsed_seconds=0.641746,nthreads=8,end_time=266343.200351,avg_power_W=127.615385,max_power_W=129.000000,avg_time_s=0.160436,released_listeners=1,
start_task=,name=dosyrk,nthreads=8,
end_task=,name=dosyrk,elapsed_seconds=0.192560,nthreads=8,end_time=266343.393552,avg_power_W=126.500000,max_power_W=128.000000,avg_time_s=0.192560,released_listeners=1,
start_task=,name=dogemm,nthreads=8,
end_task=,name=dogemm,elapsed_seconds=0.239039,nthreads=8,end_time=266343.640947,avg_power_W=126.400000,max_power_W=128.000000,avg_time_s=0.239039,released_listeners=1,
start_task=,name=dosyrk,nthreads=8,
end_task=,name=dosyrk,elapsed_seconds=0.187737,nthreads=8,end_time=266343.840984,avg_power_W=122.500000,max_power_W=125.000000,avg_time_s=0.187737,released_listeners=1,
start_task=,name=potrfprofile,nthreads=8,
end_task=,name=potrfprofile,elapsed_seconds=0.537631,nthreads=8,end_time=266344.390993,avg_power_W=123.181818,max_power_W=127.000000,avg_time_s=0.107526,released_listeners=1,
start_task=,name=dopotrf,nthreads=8,
end_task=,name=dopotrf,elapsed_seconds=0.125475,nthreads=8,end_time=266344.517238,avg_power_W=126.000000,max_power_W=129.000000,avg_time_s=0.125475,released_listeners=1,
start_task=,name=trsmprofile,nthreads=8,
end_task=,name=trsmprofile,elapsed_seconds=0.530300,nthreads=8,end_time=266345.048257,avg_power_W=131.090909,max_power_W=134.000000,avg_time_s=0.088383,released_listeners=1,
start_task=,name=dotrsm,nthreads=8,
end_task=,name=dotrsm,elapsed_seconds=0.103903,nthreads=8,end_time=266345.152879,avg_power_W=126.500000,max_power_W=131.000000,avg_time_s=0.103903,released_listeners=1,
start_task=,name=syrkprofile,nthreads=8,
end_task=,name=syrkprofile,elapsed_seconds=0.636375,nthreads=8,end_time=266345.792072,avg_power_W=127.230769,max_power_W=131.000000,avg_time_s=0.159094,released_listeners=1,
start_task=,name=dosyrk,nthreads=8,
end_task=,name=dosyrk,elapsed_seconds=0.189846,nthreads=8,end_time=266345.991039,avg_power_W=125.000000,max_power_W=128.000000,avg_time_s=0.189846,released_listeners=1,
start_task=,name=potrfprofile,nthreads=8,
end_task=,name=potrfprofile,elapsed_seconds=0.548242,nthreads=8,end_time=266346.540690,avg_power_W=124.090909,max_power_W=128.000000,avg_time_s=0.109648,released_listeners=1,
start_task=,name=dopotrf,nthreads=8,
end_task=,name=dopotrf,elapsed_seconds=0.139333,nthreads=8,end_time=266346.690542,avg_power_W=122.333333,max_power_W=125.000000,avg_time_s=0.139333,released_listeners=0,
time_s=42.214246,
message=ALL DONE,
