message=cataloging configuration,max_threads=24,
start_task=,name=potrfprofile,nthreads=24,
end_task=,name=potrfprofile,elapsed_seconds=0.573027,nthreads=24,end_time=267217.215292,avg_power_W=171.545455,max_power_W=184.000000,avg_time_s=0.095505,released_listeners=1,
start_task=,name=dopotrf,nthreads=24,
end_task=,name=dopotrf,elapsed_seconds=0.097339,nthreads=24,end_time=267217.313582,avg_power_W=149.500000,max_power_W=153.000000,avg_time_s=0.097339,released_listeners=5,
start_task=,name=trsmprofile,nthreads=24,
end_task=,name=trsmprofile,elapsed_seconds=0.556547,nthreads=24,end_time=267217.870844,avg_power_W=157.636364,max_power_W=164.000000,avg_time_s=0.037103,released_listeners=1,
start_task=,name=trsmprofile,nthreads=24,
end_task=,name=trsmprofile,elapsed_seconds=0.561541,nthreads=24,end_time=267218.432977,avg_power_W=159.636364,max_power_W=165.000000,avg_time_s=0.037436,released_listeners=1,
start_task=,name=trsmprofile,nthreads=24,
end_task=,name=trsmprofile,elapsed_seconds=0.553087,nthreads=24,end_time=267218.986735,avg_power_W=159.727273,max_power_W=162.000000,avg_time_s=0.036872,released_listeners=1,
start_task=,name=trsmprofile,nthreads=24,
end_task=,name=trsmprofile,elapsed_seconds=0.552052,nthreads=24,end_time=267219.539469,avg_power_W=159.636364,max_power_W=163.000000,avg_time_s=0.036803,released_listeners=1,
start_task=,name=trsmprofile,nthreads=24,
end_task=,name=trsmprofile,elapsed_seconds=0.563496,nthreads=24,end_time=267220.105522,avg_power_W=158.500000,max_power_W=162.000000,avg_time_s=0.037566,released_listeners=1,
start_task=,name=dotrsm,nthreads=24,
end_task=,name=dotrsm,elapsed_seconds=0.062711,nthreads=24,end_time=267220.168855,avg_power_W=160.000000,max_power_W=160.000000,avg_time_s=0.062711,released_listeners=5,
start_task=,name=dotrsm,nthreads=24,
end_task=,name=dotrsm,elapsed_seconds=0.057282,nthreads=24,end_time=267220.226915,avg_power_W=148.000000,max_power_W=148.000000,avg_time_s=0.057282,released_listeners=5,
start_task=,name=dotrsm,nthreads=24,
end_task=,name=dotrsm,elapsed_seconds=0.060095,nthreads=24,end_time=267220.287801,avg_power_W=153.000000,max_power_W=153.000000,avg_time_s=0.060095,released_listeners=5,
start_task=,name=dotrsm,nthreads=24,
end_task=,name=dotrsm,elapsed_seconds=0.062727,nthreads=24,end_time=267220.355694,avg_power_W=147.500000,max_power_W=149.000000,avg_time_s=0.062727,released_listeners=5,
start_task=,name=dotrsm,nthreads=24,
end_task=,name=dotrsm,elapsed_seconds=0.064226,nthreads=24,end_time=267220.420779,avg_power_W=142.000000,max_power_W=142.000000,avg_time_s=0.064226,released_listeners=5,
start_task=,name=syrkprofile,nthreads=24,
end_task=,name=syrkprofile,elapsed_seconds=0.577926,nthreads=24,end_time=267221.005777,avg_power_W=149.416667,max_power_W=156.000000,avg_time_s=0.064214,released_listeners=1,
start_task=,name=gemmprofile,nthreads=24,
end_task=,name=gemmprofile,elapsed_seconds=0.545941,nthreads=24,end_time=267221.555745,avg_power_W=153.454545,max_power_W=161.000000,avg_time_s=0.068243,released_listeners=1,
start_task=,name=syrkprofile,nthreads=24,
end_task=,name=syrkprofile,elapsed_seconds=0.567272,nthreads=24,end_time=267222.123711,avg_power_W=150.181818,max_power_W=158.000000,avg_time_s=0.063030,released_listeners=1,
start_task=,name=syrkprofile,nthreads=24,
end_task=,name=syrkprofile,elapsed_seconds=0.567907,nthreads=24,end_time=267222.706139,avg_power_W=150.000000,max_power_W=156.000000,avg_time_s=0.063101,released_listeners=1,
start_task=,name=gemmprofile,nthreads=24,
end_task=,name=gemmprofile,elapsed_seconds=0.553033,nthreads=24,end_time=267223.259874,avg_power_W=152.090909,max_power_W=159.000000,avg_time_s=0.069129,released_listeners=1,
start_task=,name=gemmprofile,nthreads=24,
end_task=,name=gemmprofile,elapsed_seconds=0.549131,nthreads=24,end_time=267223.809657,avg_power_W=153.272727,max_power_W=159.000000,avg_time_s=0.068641,released_listeners=1,
start_task=,name=gemmprofile,nthreads=24,
end_task=,name=gemmprofile,elapsed_seconds=0.547664,nthreads=24,end_time=267224.357929,avg_power_W=153.272727,max_power_W=159.000000,avg_time_s=0.068458,released_listeners=1,
start_task=,name=gemmprofile,nthreads=24,
end_task=,name=gemmprofile,elapsed_seconds=0.552105,nthreads=24,end_time=267224.910704,avg_power_W=154.454545,max_power_W=160.000000,avg_time_s=0.069013,released_listeners=1,
start_task=,name=gemmprofile,nthreads=24,
end_task=,name=gemmprofile,elapsed_seconds=0.552476,nthreads=24,end_time=267225.463893,avg_power_W=154.636364,max_power_W=160.000000,avg_time_s=0.069059,released_listeners=1,
start_task=,name=syrkprofile,nthreads=24,
end_task=,name=syrkprofile,elapsed_seconds=0.584549,nthreads=24,end_time=267226.055946,avg_power_W=148.583333,max_power_W=156.000000,avg_time_s=0.064950,released_listeners=1,
start_task=,name=gemmprofile,nthreads=24,
end_task=,name=gemmprofile,elapsed_seconds=0.549514,nthreads=24,end_time=267226.606237,avg_power_W=152.818182,max_power_W=158.000000,avg_time_s=0.068689,released_listeners=1,
start_task=,name=gemmprofile,nthreads=24,
end_task=,name=gemmprofile,elapsed_seconds=0.544637,nthreads=24,end_time=267227.155844,avg_power_W=154.454545,max_power_W=159.000000,avg_time_s=0.068080,released_listeners=1,
start_task=,name=gemmprofile,nthreads=24,
end_task=,name=gemmprofile,elapsed_seconds=0.549483,nthreads=24,end_time=267227.705928,avg_power_W=153.363636,max_power_W=159.000000,avg_time_s=0.068685,released_listeners=1,
start_task=,name=syrkprofile,nthreads=24,
end_task=,name=syrkprofile,elapsed_seconds=0.583549,nthreads=24,end_time=267228.290144,avg_power_W=148.090909,max_power_W=155.000000,avg_time_s=0.064839,released_listeners=1,
start_task=,name=gemmprofile,nthreads=24,
end_task=,name=gemmprofile,elapsed_seconds=0.547398,nthreads=24,end_time=267228.838271,avg_power_W=152.090909,max_power_W=159.000000,avg_time_s=0.068425,released_listeners=1,
start_task=,name=dosyrk,nthreads=24,
end_task=,name=dosyrk,elapsed_seconds=0.106766,nthreads=24,end_time=267228.956106,avg_power_W=146.000000,max_power_W=155.000000,avg_time_s=0.106766,released_listeners=1,
start_task=,name=dogemm,nthreads=24,
end_task=,name=dogemm,elapsed_seconds=0.111489,nthreads=24,end_time=267229.068353,avg_power_W=133.500000,max_power_W=142.000000,avg_time_s=0.111489,released_listeners=0,
start_task=,name=dosyrk,nthreads=24,
end_task=,name=dosyrk,elapsed_seconds=0.104375,nthreads=24,end_time=267229.173423,avg_power_W=147.000000,max_power_W=152.000000,avg_time_s=0.104375,released_listeners=1,
start_task=,name=dosyrk,nthreads=24,
end_task=,name=dosyrk,elapsed_seconds=0.110269,nthreads=24,end_time=267229.284482,avg_power_W=143.000000,max_power_W=144.000000,avg_time_s=0.110269,released_listeners=1,
start_task=,name=dogemm,nthreads=24,
end_task=,name=dogemm,elapsed_seconds=0.107122,nthreads=24,end_time=267229.406396,avg_power_W=136.000000,max_power_W=142.000000,avg_time_s=0.107122,released_listeners=1,
start_task=,name=dogemm,nthreads=24,
end_task=,name=dogemm,elapsed_seconds=0.111959,nthreads=24,end_time=267229.518982,avg_power_W=138.000000,max_power_W=150.000000,avg_time_s=0.111959,released_listeners=1,
start_task=,name=dogemm,nthreads=24,
end_task=,name=dogemm,elapsed_seconds=0.115661,nthreads=24,end_time=267229.635509,avg_power_W=137.500000,max_power_W=143.000000,avg_time_s=0.115661,released_listeners=1,
start_task=,name=dogemm,nthreads=24,
end_task=,name=dogemm,elapsed_seconds=0.113729,nthreads=24,end_time=267229.756017,avg_power_W=148.333333,max_power_W=156.000000,avg_time_s=0.113729,released_listeners=0,
start_task=,name=dogemm,nthreads=24,
end_task=,name=dogemm,elapsed_seconds=0.113238,nthreads=24,end_time=267229.869896,avg_power_W=143.000000,max_power_W=149.000000,avg_time_s=0.113238,released_listeners=0,
start_task=,name=dosyrk,nthreads=24,
end_task=,name=dosyrk,elapsed_seconds=0.100273,nthreads=24,end_time=267229.970821,avg_power_W=141.500000,max_power_W=147.000000,avg_time_s=0.100273,released_listeners=1,
start_task=,name=dogemm,nthreads=24,
end_task=,name=dogemm,elapsed_seconds=0.113347,nthreads=24,end_time=267230.084833,avg_power_W=140.500000,max_power_W=143.000000,avg_time_s=0.113347,released_listeners=1,
start_task=,name=dogemm,nthreads=24,
end_task=,name=dogemm,elapsed_seconds=0.105902,nthreads=24,end_time=267230.205513,avg_power_W=138.666667,max_power_W=153.000000,avg_time_s=0.105902,released_listeners=0,
start_task=,name=dogemm,nthreads=24,
end_task=,name=dogemm,elapsed_seconds=0.107181,nthreads=24,end_time=267230.313331,avg_power_W=142.500000,max_power_W=153.000000,avg_time_s=0.107181,released_listeners=0,
start_task=,name=dosyrk,nthreads=24,
end_task=,name=dosyrk,elapsed_seconds=0.106350,nthreads=24,end_time=267230.420309,avg_power_W=145.000000,max_power_W=147.000000,avg_time_s=0.106350,released_listeners=1,
start_task=,name=dogemm,nthreads=24,
end_task=,name=dogemm,elapsed_seconds=0.111057,nthreads=24,end_time=267230.531941,avg_power_W=144.000000,max_power_W=144.000000,avg_time_s=0.111057,released_listeners=0,
start_task=,name=potrfprofile,nthreads=24,
end_task=,name=potrfprofile,elapsed_seconds=0.541536,nthreads=24,end_time=267231.074145,avg_power_W=141.818182,max_power_W=153.000000,avg_time_s=0.054154,released_listeners=1,
start_task=,name=dopotrf,nthreads=24,
end_task=,name=dopotrf,elapsed_seconds=0.088480,nthreads=24,end_time=267231.163286,avg_power_W=140.500000,max_power_W=142.000000,avg_time_s=0.088480,released_listeners=4,
start_task=,name=trsmprofile,nthreads=24,
end_task=,name=trsmprofile,elapsed_seconds=0.552009,nthreads=24,end_time=267231.715940,avg_power_W=151.000000,max_power_W=158.000000,avg_time_s=0.039429,released_listeners=1,
start_task=,name=trsmprofile,nthreads=24,
end_task=,name=trsmprofile,elapsed_seconds=0.558256,nthreads=24,end_time=267232.274775,avg_power_W=154.545455,max_power_W=157.000000,avg_time_s=0.039875,released_listeners=1,
start_task=,name=trsmprofile,nthreads=24,
end_task=,name=trsmprofile,elapsed_seconds=0.524905,nthreads=24,end_time=267232.807677,avg_power_W=154.272727,max_power_W=157.000000,avg_time_s=0.040377,released_listeners=1,
start_task=,name=trsmprofile,nthreads=24,
end_task=,name=trsmprofile,elapsed_seconds=0.560428,nthreads=24,end_time=267233.368764,avg_power_W=152.818182,max_power_W=157.000000,avg_time_s=0.040031,released_listeners=1,
start_task=,name=dotrsm,nthreads=24,
end_task=,name=dotrsm,elapsed_seconds=0.059857,nthreads=24,end_time=267233.429275,avg_power_W=155.000000,max_power_W=155.000000,avg_time_s=0.059857,released_listeners=4,
start_task=,name=dotrsm,nthreads=24,
end_task=,name=dotrsm,elapsed_seconds=0.062645,nthreads=24,end_time=267233.506014,avg_power_W=145.000000,max_power_W=145.000000,avg_time_s=0.062645,released_listeners=4,
start_task=,name=dotrsm,nthreads=24,
end_task=,name=dotrsm,elapsed_seconds=0.065851,nthreads=24,end_time=267233.572488,avg_power_W=144.000000,max_power_W=144.000000,avg_time_s=0.065851,released_listeners=4,
start_task=,name=dotrsm,nthreads=24,
end_task=,name=dotrsm,elapsed_seconds=0.067916,nthreads=24,end_time=267233.641040,avg_power_W=131.000000,max_power_W=131.000000,avg_time_s=0.067916,released_listeners=4,
start_task=,name=syrkprofile,nthreads=24,
end_task=,name=syrkprofile,elapsed_seconds=0.540576,nthreads=24,end_time=267234.182308,avg_power_W=146.090909,max_power_W=153.000000,avg_time_s=0.067572,released_listeners=1,
start_task=,name=gemmprofile,nthreads=24,
end_task=,name=gemmprofile,elapsed_seconds=0.560208,nthreads=24,end_time=267234.758221,avg_power_W=152.000000,max_power_W=157.000000,avg_time_s=0.070026,released_listeners=1,
start_task=,name=syrkprofile,nthreads=24,
end_task=,name=syrkprofile,elapsed_seconds=0.542412,nthreads=24,end_time=267235.306464,avg_power_W=146.818182,max_power_W=157.000000,avg_time_s=0.067801,released_listeners=1,
start_task=,name=gemmprofile,nthreads=24,
end_task=,name=gemmprofile,elapsed_seconds=0.563243,nthreads=24,end_time=267235.870415,avg_power_W=149.181818,max_power_W=155.000000,avg_time_s=0.070405,released_listeners=1,
start_task=,name=gemmprofile,nthreads=24,
end_task=,name=gemmprofile,elapsed_seconds=0.560207,nthreads=24,end_time=267236.431296,avg_power_W=151.090909,max_power_W=157.000000,avg_time_s=0.070026,released_listeners=1,
start_task=,name=syrkprofile,nthreads=24,
end_task=,name=syrkprofile,elapsed_seconds=0.532467,nthreads=24,end_time=267236.964599,avg_power_W=148.272727,max_power_W=158.000000,avg_time_s=0.066558,released_listeners=1,
start_task=,name=gemmprofile,nthreads=24,
end_task=,name=gemmprofile,elapsed_seconds=0.562084,nthreads=24,end_time=267237.527329,avg_power_W=148.272727,max_power_W=155.000000,avg_time_s=0.070260,released_listeners=1,
start_task=,name=gemmprofile,nthreads=24,
end_task=,name=gemmprofile,elapsed_seconds=0.567300,nthreads=24,end_time=267238.106726,avg_power_W=151.000000,max_power_W=157.000000,avg_time_s=0.070912,released_listeners=1,
start_task=,name=gemmprofile,nthreads=24,
end_task=,name=gemmprofile,elapsed_seconds=0.561979,nthreads=24,end_time=267238.669389,avg_power_W=149.636364,max_power_W=157.000000,avg_time_s=0.070247,released_listeners=1,
start_task=,name=syrkprofile,nthreads=24,
end_task=,name=syrkprofile,elapsed_seconds=0.534656,nthreads=24,end_time=267239.207216,avg_power_W=147.454545,max_power_W=154.000000,avg_time_s=0.066832,released_listeners=1,
start_task=,name=dosyrk,nthreads=24,
end_task=,name=dosyrk,elapsed_seconds=0.107816,nthreads=24,end_time=267239.315723,avg_power_W=141.500000,max_power_W=147.000000,avg_time_s=0.107816,released_listeners=1,
start_task=,name=dogemm,nthreads=24,
end_task=,name=dogemm,elapsed_seconds=0.108047,nthreads=24,end_time=267239.424455,avg_power_W=142.000000,max_power_W=144.000000,avg_time_s=0.108047,released_listeners=1,
start_task=,name=dosyrk,nthreads=24,
end_task=,name=dosyrk,elapsed_seconds=0.108230,nthreads=24,end_time=267239.533296,avg_power_W=143.000000,max_power_W=146.000000,avg_time_s=0.108230,released_listeners=1,
start_task=,name=dogemm,nthreads=24,
end_task=,name=dogemm,elapsed_seconds=0.109702,nthreads=24,end_time=267239.656074,avg_power_W=135.333333,max_power_W=144.000000,avg_time_s=0.109702,released_listeners=1,
start_task=,name=dogemm,nthreads=24,
end_task=,name=dogemm,elapsed_seconds=0.120051,nthreads=24,end_time=267239.776745,avg_power_W=141.500000,max_power_W=154.000000,avg_time_s=0.120051,released_listeners=0,
start_task=,name=dosyrk,nthreads=24,
end_task=,name=dosyrk,elapsed_seconds=0.111050,nthreads=24,end_time=267239.888474,avg_power_W=144.000000,max_power_W=155.000000,avg_time_s=0.111050,released_listeners=1,
start_task=,name=dogemm,nthreads=24,
end_task=,name=dogemm,elapsed_seconds=0.111461,nthreads=24,end_time=267240.007144,avg_power_W=134.666667,max_power_W=142.000000,avg_time_s=0.111461,released_listeners=1,
start_task=,name=dogemm,nthreads=24,
end_task=,name=dogemm,elapsed_seconds=0.115498,nthreads=24,end_time=267240.123329,avg_power_W=139.000000,max_power_W=144.000000,avg_time_s=0.115498,released_listeners=0,
start_task=,name=dogemm,nthreads=24,
end_task=,name=dogemm,elapsed_seconds=0.113636,nthreads=24,end_time=267240.237624,avg_power_W=144.000000,max_power_W=153.000000,avg_time_s=0.113636,released_listeners=0,
start_task=,name=dosyrk,nthreads=24,
end_task=,name=dosyrk,elapsed_seconds=0.111096,nthreads=24,end_time=267240.356395,avg_power_W=136.666667,max_power_W=149.000000,avg_time_s=0.111096,released_listeners=1,
start_task=,name=potrfprofile,nthreads=24,
end_task=,name=potrfprofile,elapsed_seconds=0.573236,nthreads=24,end_time=267240.930298,avg_power_W=142.363636,max_power_W=145.000000,avg_time_s=0.057324,released_listeners=1,
start_task=,name=dopotrf,nthreads=24,
end_task=,name=dopotrf,elapsed_seconds=0.095701,nthreads=24,end_time=267241.026635,avg_power_W=143.000000,max_power_W=145.000000,avg_time_s=0.095701,released_listeners=3,
start_task=,name=trsmprofile,nthreads=24,
end_task=,name=trsmprofile,elapsed_seconds=0.531920,nthreads=24,end_time=267241.559126,avg_power_W=149.090909,max_power_W=155.000000,avg_time_s=0.037994,released_listeners=1,
start_task=,name=trsmprofile,nthreads=24,
end_task=,name=trsmprofile,elapsed_seconds=0.554523,nthreads=24,end_time=267242.114513,avg_power_W=152.636364,max_power_W=155.000000,avg_time_s=0.039609,released_listeners=1,
start_task=,name=trsmprofile,nthreads=24,
end_task=,name=trsmprofile,elapsed_seconds=0.542458,nthreads=24,end_time=267242.657655,avg_power_W=151.727273,max_power_W=156.000000,avg_time_s=0.038747,released_listeners=1,
start_task=,name=dotrsm,nthreads=24,
end_task=,name=dotrsm,elapsed_seconds=0.065896,nthreads=24,end_time=267242.724296,avg_power_W=153.000000,max_power_W=153.000000,avg_time_s=0.065896,released_listeners=3,
start_task=,name=dotrsm,nthreads=24,
end_task=,name=dotrsm,elapsed_seconds=0.065527,nthreads=24,end_time=267242.790475,avg_power_W=139.000000,max_power_W=139.000000,avg_time_s=0.065527,released_listeners=3,
start_task=,name=dotrsm,nthreads=24,
end_task=,name=dotrsm,elapsed_seconds=0.062745,nthreads=24,end_time=267242.856844,avg_power_W=141.500000,max_power_W=146.000000,avg_time_s=0.062745,released_listeners=3,
start_task=,name=syrkprofile,nthreads=24,
end_task=,name=syrkprofile,elapsed_seconds=0.584481,nthreads=24,end_time=267243.456541,avg_power_W=144.333333,max_power_W=152.000000,avg_time_s=0.064942,released_listeners=1,
start_task=,name=gemmprofile,nthreads=24,
end_task=,name=gemmprofile,elapsed_seconds=0.563498,nthreads=24,end_time=267244.020726,avg_power_W=146.727273,max_power_W=155.000000,avg_time_s=0.070437,released_listeners=1,
start_task=,name=syrkprofile,nthreads=24,
end_task=,name=syrkprofile,elapsed_seconds=0.579503,nthreads=24,end_time=267244.606025,avg_power_W=141.583333,max_power_W=147.000000,avg_time_s=0.064389,released_listeners=1,
start_task=,name=gemmprofile,nthreads=24,
end_task=,name=gemmprofile,elapsed_seconds=0.566177,nthreads=24,end_time=267245.172856,avg_power_W=143.454545,max_power_W=152.000000,avg_time_s=0.070772,released_listeners=1,
start_task=,name=gemmprofile,nthreads=24,
end_task=,name=gemmprofile,elapsed_seconds=0.561473,nthreads=24,end_time=267245.734970,avg_power_W=143.909091,max_power_W=149.000000,avg_time_s=0.070184,released_listeners=1,
start_task=,name=syrkprofile,nthreads=24,
end_task=,name=syrkprofile,elapsed_seconds=0.534644,nthreads=24,end_time=267246.270340,avg_power_W=137.545455,max_power_W=148.000000,avg_time_s=0.066830,released_listeners=1,
start_task=,name=dosyrk,nthreads=24,
end_task=,name=dosyrk,elapsed_seconds=0.112931,nthreads=24,end_time=267246.384024,avg_power_W=136.000000,max_power_W=137.000000,avg_time_s=0.112931,released_listeners=1,
start_task=,name=dogemm,nthreads=24,
end_task=,name=dogemm,elapsed_seconds=0.108845,nthreads=24,end_time=267246.505865,avg_power_W=127.333333,max_power_W=132.000000,avg_time_s=0.108845,released_listeners=1,
start_task=,name=dosyrk,nthreads=24,
end_task=,name=dosyrk,elapsed_seconds=0.111886,nthreads=24,end_time=267246.618368,avg_power_W=134.500000,max_power_W=145.000000,avg_time_s=0.111886,released_listeners=1,
start_task=,name=dogemm,nthreads=24,
end_task=,name=dogemm,elapsed_seconds=0.112841,nthreads=24,end_time=267246.731847,avg_power_W=132.000000,max_power_W=134.000000,avg_time_s=0.112841,released_listeners=1,
start_task=,name=dogemm,nthreads=24,
end_task=,name=dogemm,elapsed_seconds=0.108920,nthreads=24,end_time=267246.856261,avg_power_W=132.666667,max_power_W=149.000000,avg_time_s=0.108920,released_listeners=0,
start_task=,name=dosyrk,nthreads=24,
end_task=,name=dosyrk,elapsed_seconds=0.111095,nthreads=24,end_time=267246.968044,avg_power_W=137.000000,max_power_W=149.000000,avg_time_s=0.111095,released_listeners=1,
start_task=,name=potrfprofile,nthreads=24,
end_task=,name=potrfprofile,elapsed_seconds=0.564597,nthreads=24,end_time=267247.533312,avg_power_W=138.818182,max_power_W=142.000000,avg_time_s=0.056460,released_listeners=1,
start_task=,name=dopotrf,nthreads=24,
end_task=,name=dopotrf,elapsed_seconds=0.087746,nthreads=24,end_time=267247.621667,avg_power_W=142.500000,max_power_W=143.000000,avg_time_s=0.087746,released_listeners=2,
start_task=,name=trsmprofile,nthreads=24,
end_task=,name=trsmprofile,elapsed_seconds=0.547036,nthreads=24,end_time=267248.169968,avg_power_W=152.454545,max_power_W=158.000000,avg_time_s=0.039074,released_listeners=1,
start_task=,name=trsmprofile,nthreads=24,
end_task=,name=trsmprofile,elapsed_seconds=0.548016,nthreads=24,end_time=267248.718633,avg_power_W=154.909091,max_power_W=157.000000,avg_time_s=0.039144,released_listeners=1,
start_task=,name=dotrsm,nthreads=24,
end_task=,name=dotrsm,elapsed_seconds=0.060019,nthreads=24,end_time=267248.779264,avg_power_W=153.000000,max_power_W=153.000000,avg_time_s=0.060019,released_listeners=2,
start_task=,name=dotrsm,nthreads=24,
end_task=,name=dotrsm,elapsed_seconds=0.061687,nthreads=24,end_time=267248.857646,avg_power_W=149.000000,max_power_W=152.000000,avg_time_s=0.061687,released_listeners=2,
start_task=,name=syrkprofile,nthreads=24,
end_task=,name=syrkprofile,elapsed_seconds=0.531552,nthreads=24,end_time=267249.389888,avg_power_W=142.500000,max_power_W=149.000000,avg_time_s=0.066444,released_listeners=1,
start_task=,name=gemmprofile,nthreads=24,
end_task=,name=gemmprofile,elapsed_seconds=0.567616,nthreads=24,end_time=267249.958191,avg_power_W=149.500000,max_power_W=154.000000,avg_time_s=0.070952,released_listeners=1,
start_task=,name=syrkprofile,nthreads=24,
end_task=,name=syrkprofile,elapsed_seconds=0.534066,nthreads=24,end_time=267250.507410,avg_power_W=145.727273,max_power_W=152.000000,avg_time_s=0.066758,released_listeners=1,
start_task=,name=dosyrk,nthreads=24,
end_task=,name=dosyrk,elapsed_seconds=0.110952,nthreads=24,end_time=267250.619190,avg_power_W=139.000000,max_power_W=148.000000,avg_time_s=0.110952,released_listeners=1,
start_task=,name=dogemm,nthreads=24,
end_task=,name=dogemm,elapsed_seconds=0.104911,nthreads=24,end_time=267250.724739,avg_power_W=141.500000,max_power_W=143.000000,avg_time_s=0.104911,released_listeners=1,
start_task=,name=dosyrk,nthreads=24,
end_task=,name=dosyrk,elapsed_seconds=0.108780,nthreads=24,end_time=267250.834434,avg_power_W=146.500000,max_power_W=152.000000,avg_time_s=0.108780,released_listeners=1,
start_task=,name=potrfprofile,nthreads=24,
end_task=,name=potrfprofile,elapsed_seconds=0.569731,nthreads=24,end_time=267251.408177,avg_power_W=140.500000,max_power_W=143.000000,avg_time_s=0.056973,released_listeners=1,
start_task=,name=dopotrf,nthreads=24,
end_task=,name=dopotrf,elapsed_seconds=0.092928,nthreads=24,end_time=267251.506655,avg_power_W=135.000000,max_power_W=140.000000,avg_time_s=0.092928,released_listeners=1,
start_task=,name=trsmprofile,nthreads=24,
end_task=,name=trsmprofile,elapsed_seconds=0.557226,nthreads=24,end_time=267252.064584,avg_power_W=148.363636,max_power_W=154.000000,avg_time_s=0.039802,released_listeners=1,
start_task=,name=dotrsm,nthreads=24,
end_task=,name=dotrsm,elapsed_seconds=0.062004,nthreads=24,end_time=267252.127274,avg_power_W=153.000000,max_power_W=153.000000,avg_time_s=0.062004,released_listeners=1,
start_task=,name=syrkprofile,nthreads=24,
end_task=,name=syrkprofile,elapsed_seconds=0.526020,nthreads=24,end_time=267252.657223,avg_power_W=140.727273,max_power_W=146.000000,avg_time_s=0.065752,released_listeners=1,
start_task=,name=dosyrk,nthreads=24,
end_task=,name=dosyrk,elapsed_seconds=0.111405,nthreads=24,end_time=267252.769291,avg_power_W=137.000000,max_power_W=143.000000,avg_time_s=0.111405,released_listeners=1,
start_task=,name=potrfprofile,nthreads=24,
end_task=,name=potrfprofile,elapsed_seconds=0.573926,nthreads=24,end_time=267253.356417,avg_power_W=140.916667,max_power_W=146.000000,avg_time_s=0.057393,released_listeners=1,
start_task=,name=dopotrf,nthreads=24,
end_task=,name=dopotrf,elapsed_seconds=0.091536,nthreads=24,end_time=267253.457811,avg_power_W=136.500000,max_power_W=143.000000,avg_time_s=0.091536,released_listeners=0,
time_s=36.816564,
message=ALL DONE,
