message=cataloging configuration,max_threads=42,
start_task=,name=potrfprofile,nthreads=42,
end_task=,name=potrfprofile,elapsed_seconds=0.568597,nthreads=42,end_time=268188.302717,avg_power_W=178.909091,max_power_W=187.000000,avg_time_s=0.113719,released_listeners=1,
start_task=,name=dopotrf,nthreads=42,
end_task=,name=dopotrf,elapsed_seconds=0.095563,nthreads=42,end_time=268188.399042,avg_power_W=153.500000,max_power_W=164.000000,avg_time_s=0.095563,released_listeners=5,
start_task=,name=trsmprofile,nthreads=42,
end_task=,name=trsmprofile,elapsed_seconds=0.533259,nthreads=42,end_time=268188.932956,avg_power_W=176.900000,max_power_W=184.000000,avg_time_s=0.029626,released_listeners=1,
start_task=,name=trsmprofile,nthreads=42,
end_task=,name=trsmprofile,elapsed_seconds=0.544223,nthreads=42,end_time=268189.477791,avg_power_W=177.000000,max_power_W=182.000000,avg_time_s=0.030235,released_listeners=1,
start_task=,name=trsmprofile,nthreads=42,
end_task=,name=trsmprofile,elapsed_seconds=0.529803,nthreads=42,end_time=268190.008300,avg_power_W=179.090909,max_power_W=183.000000,avg_time_s=0.029433,released_listeners=1,
start_task=,name=trsmprofile,nthreads=42,
end_task=,name=trsmprofile,elapsed_seconds=0.537995,nthreads=42,end_time=268190.548356,avg_power_W=178.272727,max_power_W=182.000000,avg_time_s=0.029889,released_listeners=1,
start_task=,name=trsmprofile,nthreads=42,
end_task=,name=trsmprofile,elapsed_seconds=0.546287,nthreads=42,end_time=268191.098874,avg_power_W=177.272727,max_power_W=182.000000,avg_time_s=0.030349,released_listeners=1,
start_task=,name=dotrsm,nthreads=42,
end_task=,name=dotrsm,elapsed_seconds=0.053463,nthreads=42,end_time=268191.152982,avg_power_W=179.000000,max_power_W=179.000000,avg_time_s=0.053463,released_listeners=5,
start_task=,name=dotrsm,nthreads=42,
end_task=,name=dotrsm,elapsed_seconds=0.056542,nthreads=42,end_time=268191.210075,avg_power_W=144.000000,max_power_W=144.000000,avg_time_s=0.056542,released_listeners=5,
start_task=,name=dotrsm,nthreads=42,
end_task=,name=dotrsm,elapsed_seconds=0.050951,nthreads=42,end_time=268191.261595,avg_power_W=140.000000,max_power_W=140.000000,avg_time_s=0.050951,released_listeners=5,
start_task=,name=dotrsm,nthreads=42,
end_task=,name=dotrsm,elapsed_seconds=0.058466,nthreads=42,end_time=268191.320689,avg_power_W=159.000000,max_power_W=159.000000,avg_time_s=0.058466,released_listeners=5,
start_task=,name=dotrsm,nthreads=42,
end_task=,name=dotrsm,elapsed_seconds=0.055718,nthreads=42,end_time=268191.376960,avg_power_W=159.000000,max_power_W=159.000000,avg_time_s=0.055718,released_listeners=5,
start_task=,name=syrkprofile,nthreads=42,
end_task=,name=syrkprofile,elapsed_seconds=0.544392,nthreads=42,end_time=268191.921988,avg_power_W=165.818182,max_power_W=174.000000,avg_time_s=0.049490,released_listeners=1,
start_task=,name=syrkprofile,nthreads=42,
end_task=,name=syrkprofile,elapsed_seconds=0.554815,nthreads=42,end_time=268192.477438,avg_power_W=165.272727,max_power_W=171.000000,avg_time_s=0.050438,released_listeners=1,
start_task=,name=gemmprofile,nthreads=42,
end_task=,name=gemmprofile,elapsed_seconds=0.545745,nthreads=42,end_time=268193.023841,avg_power_W=172.909091,max_power_W=180.000000,avg_time_s=0.049613,released_listeners=1,
start_task=,name=gemmprofile,nthreads=42,
end_task=,name=gemmprofile,elapsed_seconds=0.548395,nthreads=42,end_time=268193.572858,avg_power_W=175.272727,max_power_W=183.000000,avg_time_s=0.049854,released_listeners=1,
start_task=,name=gemmprofile,nthreads=42,
end_task=,name=gemmprofile,elapsed_seconds=0.552061,nthreads=42,end_time=268194.125554,avg_power_W=174.000000,max_power_W=182.000000,avg_time_s=0.050187,released_listeners=1,
start_task=,name=syrkprofile,nthreads=42,
end_task=,name=syrkprofile,elapsed_seconds=0.552192,nthreads=42,end_time=268194.678364,avg_power_W=166.818182,max_power_W=179.000000,avg_time_s=0.050199,released_listeners=1,
start_task=,name=gemmprofile,nthreads=42,
end_task=,name=gemmprofile,elapsed_seconds=0.548017,nthreads=42,end_time=268195.227040,avg_power_W=171.727273,max_power_W=180.000000,avg_time_s=0.049820,released_listeners=1,
start_task=,name=gemmprofile,nthreads=42,
end_task=,name=gemmprofile,elapsed_seconds=0.546755,nthreads=42,end_time=268195.774471,avg_power_W=172.818182,max_power_W=178.000000,avg_time_s=0.049705,released_listeners=1,
start_task=,name=syrkprofile,nthreads=42,
end_task=,name=syrkprofile,elapsed_seconds=0.549994,nthreads=42,end_time=268196.325110,avg_power_W=167.090909,max_power_W=179.000000,avg_time_s=0.049999,released_listeners=1,
start_task=,name=gemmprofile,nthreads=42,
end_task=,name=gemmprofile,elapsed_seconds=0.547344,nthreads=42,end_time=268196.873152,avg_power_W=172.363636,max_power_W=182.000000,avg_time_s=0.049759,released_listeners=1,
start_task=,name=gemmprofile,nthreads=42,
end_task=,name=gemmprofile,elapsed_seconds=0.547068,nthreads=42,end_time=268197.420841,avg_power_W=173.090909,max_power_W=178.000000,avg_time_s=0.049733,released_listeners=1,
start_task=,name=gemmprofile,nthreads=42,
end_task=,name=gemmprofile,elapsed_seconds=0.560208,nthreads=42,end_time=268197.981738,avg_power_W=171.909091,max_power_W=180.000000,avg_time_s=0.050928,released_listeners=1,
start_task=,name=gemmprofile,nthreads=42,
end_task=,name=gemmprofile,elapsed_seconds=0.548807,nthreads=42,end_time=268198.531184,avg_power_W=172.363636,max_power_W=177.000000,avg_time_s=0.049892,released_listeners=1,
start_task=,name=syrkprofile,nthreads=42,
end_task=,name=syrkprofile,elapsed_seconds=0.551694,nthreads=42,end_time=268199.098375,avg_power_W=166.416667,max_power_W=178.000000,avg_time_s=0.050154,released_listeners=1,
start_task=,name=gemmprofile,nthreads=42,
end_task=,name=gemmprofile,elapsed_seconds=0.552672,nthreads=42,end_time=268199.651694,avg_power_W=169.818182,max_power_W=178.000000,avg_time_s=0.050243,released_listeners=1,
start_task=,name=dosyrk,nthreads=42,
end_task=,name=dosyrk,elapsed_seconds=0.098850,nthreads=42,end_time=268199.751238,avg_power_W=157.000000,max_power_W=174.000000,avg_time_s=0.098850,released_listeners=1,
start_task=,name=dosyrk,nthreads=42,
end_task=,name=dosyrk,elapsed_seconds=0.097992,nthreads=42,end_time=268199.849894,avg_power_W=148.500000,max_power_W=160.000000,avg_time_s=0.097992,released_listeners=1,
start_task=,name=dogemm,nthreads=42,
end_task=,name=dogemm,elapsed_seconds=0.094754,nthreads=42,end_time=268199.947914,avg_power_W=150.000000,max_power_W=160.000000,avg_time_s=0.094754,released_listeners=1,
start_task=,name=dogemm,nthreads=42,
end_task=,name=dogemm,elapsed_seconds=0.095807,nthreads=42,end_time=268200.048117,avg_power_W=154.500000,max_power_W=167.000000,avg_time_s=0.095807,released_listeners=1,
start_task=,name=dogemm,nthreads=42,
end_task=,name=dogemm,elapsed_seconds=0.094720,nthreads=42,end_time=268200.147943,avg_power_W=148.000000,max_power_W=160.000000,avg_time_s=0.094720,released_listeners=0,
start_task=,name=dosyrk,nthreads=42,
end_task=,name=dosyrk,elapsed_seconds=0.103163,nthreads=42,end_time=268200.251759,avg_power_W=145.500000,max_power_W=156.000000,avg_time_s=0.103163,released_listeners=1,
start_task=,name=dogemm,nthreads=42,
end_task=,name=dogemm,elapsed_seconds=0.096081,nthreads=42,end_time=268200.348593,avg_power_W=150.000000,max_power_W=160.000000,avg_time_s=0.096081,released_listeners=1,
start_task=,name=dogemm,nthreads=42,
end_task=,name=dogemm,elapsed_seconds=0.093589,nthreads=42,end_time=268200.447806,avg_power_W=149.500000,max_power_W=159.000000,avg_time_s=0.093589,released_listeners=0,
start_task=,name=dosyrk,nthreads=42,
end_task=,name=dosyrk,elapsed_seconds=0.101935,nthreads=42,end_time=268200.550327,avg_power_W=154.500000,max_power_W=172.000000,avg_time_s=0.101935,released_listeners=1,
start_task=,name=dogemm,nthreads=42,
end_task=,name=dogemm,elapsed_seconds=0.096938,nthreads=42,end_time=268200.647811,avg_power_W=149.500000,max_power_W=158.000000,avg_time_s=0.096938,released_listeners=0,
start_task=,name=dogemm,nthreads=42,
end_task=,name=dogemm,elapsed_seconds=0.101675,nthreads=42,end_time=268200.750152,avg_power_W=161.500000,max_power_W=179.000000,avg_time_s=0.101675,released_listeners=1,
start_task=,name=dogemm,nthreads=42,
end_task=,name=dogemm,elapsed_seconds=0.098384,nthreads=42,end_time=268200.849197,avg_power_W=155.000000,max_power_W=167.000000,avg_time_s=0.098384,released_listeners=0,
start_task=,name=dogemm,nthreads=42,
end_task=,name=dogemm,elapsed_seconds=0.095104,nthreads=42,end_time=268200.947739,avg_power_W=150.500000,max_power_W=159.000000,avg_time_s=0.095104,released_listeners=0,
start_task=,name=dosyrk,nthreads=42,
end_task=,name=dosyrk,elapsed_seconds=0.101364,nthreads=42,end_time=268201.049735,avg_power_W=150.500000,max_power_W=161.000000,avg_time_s=0.101364,released_listeners=1,
start_task=,name=dogemm,nthreads=42,
end_task=,name=dogemm,elapsed_seconds=0.093753,nthreads=42,end_time=268201.147911,avg_power_W=151.500000,max_power_W=156.000000,avg_time_s=0.093753,released_listeners=0,
start_task=,name=potrfprofile,nthreads=42,
end_task=,name=potrfprofile,elapsed_seconds=0.554169,nthreads=42,end_time=268201.702696,avg_power_W=158.909091,max_power_W=167.000000,avg_time_s=0.055417,released_listeners=1,
start_task=,name=dopotrf,nthreads=42,
end_task=,name=dopotrf,elapsed_seconds=0.093748,nthreads=42,end_time=268201.798497,avg_power_W=149.000000,max_power_W=159.000000,avg_time_s=0.093748,released_listeners=4,
start_task=,name=trsmprofile,nthreads=42,
end_task=,name=trsmprofile,elapsed_seconds=0.546629,nthreads=42,end_time=268202.347875,avg_power_W=171.454545,max_power_W=177.000000,avg_time_s=0.030368,released_listeners=1,
start_task=,name=trsmprofile,nthreads=42,
end_task=,name=trsmprofile,elapsed_seconds=0.555223,nthreads=42,end_time=268202.903767,avg_power_W=172.818182,max_power_W=179.000000,avg_time_s=0.030846,released_listeners=1,
start_task=,name=trsmprofile,nthreads=42,
end_task=,name=trsmprofile,elapsed_seconds=0.547214,nthreads=42,end_time=268203.452491,avg_power_W=173.090909,max_power_W=178.000000,avg_time_s=0.030401,released_listeners=1,
start_task=,name=trsmprofile,nthreads=42,
end_task=,name=trsmprofile,elapsed_seconds=0.539464,nthreads=42,end_time=268204.000275,avg_power_W=172.636364,max_power_W=179.000000,avg_time_s=0.031733,released_listeners=1,
start_task=,name=dotrsm,nthreads=42,
end_task=,name=dotrsm,elapsed_seconds=0.057608,nthreads=42,end_time=268204.058514,avg_power_W=177.000000,max_power_W=177.000000,avg_time_s=0.057608,released_listeners=4,
start_task=,name=dotrsm,nthreads=42,
end_task=,name=dotrsm,elapsed_seconds=0.053839,nthreads=42,end_time=268204.113012,avg_power_W=140.000000,max_power_W=140.000000,avg_time_s=0.053839,released_listeners=4,
start_task=,name=dotrsm,nthreads=42,
end_task=,name=dotrsm,elapsed_seconds=0.051447,nthreads=42,end_time=268204.165243,avg_power_W=165.000000,max_power_W=165.000000,avg_time_s=0.051447,released_listeners=4,
start_task=,name=dotrsm,nthreads=42,
end_task=,name=dotrsm,elapsed_seconds=0.057216,nthreads=42,end_time=268204.223134,avg_power_W=150.000000,max_power_W=150.000000,avg_time_s=0.057216,released_listeners=4,
start_task=,name=syrkprofile,nthreads=42,
end_task=,name=syrkprofile,elapsed_seconds=0.524729,nthreads=42,end_time=268204.748630,avg_power_W=162.090909,max_power_W=168.000000,avg_time_s=0.052473,released_listeners=1,
start_task=,name=gemmprofile,nthreads=42,
end_task=,name=gemmprofile,elapsed_seconds=0.551099,nthreads=42,end_time=268205.300438,avg_power_W=169.545455,max_power_W=178.000000,avg_time_s=0.050100,released_listeners=1,
start_task=,name=syrkprofile,nthreads=42,
end_task=,name=syrkprofile,elapsed_seconds=0.547118,nthreads=42,end_time=268205.848078,avg_power_W=163.000000,max_power_W=176.000000,avg_time_s=0.054712,released_listeners=1,
start_task=,name=gemmprofile,nthreads=42,
end_task=,name=gemmprofile,elapsed_seconds=0.555244,nthreads=42,end_time=268206.403962,avg_power_W=169.545455,max_power_W=178.000000,avg_time_s=0.050477,released_listeners=1,
start_task=,name=gemmprofile,nthreads=42,
end_task=,name=gemmprofile,elapsed_seconds=0.555778,nthreads=42,end_time=268206.960394,avg_power_W=172.181818,max_power_W=179.000000,avg_time_s=0.050525,released_listeners=1,
start_task=,name=syrkprofile,nthreads=42,
end_task=,name=syrkprofile,elapsed_seconds=0.539961,nthreads=42,end_time=268207.500996,avg_power_W=163.090909,max_power_W=177.000000,avg_time_s=0.053996,released_listeners=1,
start_task=,name=gemmprofile,nthreads=42,
end_task=,name=gemmprofile,elapsed_seconds=0.543881,nthreads=42,end_time=268208.050318,avg_power_W=169.727273,max_power_W=179.000000,avg_time_s=0.049444,released_listeners=1,
start_task=,name=gemmprofile,nthreads=42,
end_task=,name=gemmprofile,elapsed_seconds=0.546467,nthreads=42,end_time=268208.597770,avg_power_W=170.636364,max_power_W=179.000000,avg_time_s=0.049679,released_listeners=1,
start_task=,name=gemmprofile,nthreads=42,
end_task=,name=gemmprofile,elapsed_seconds=0.553977,nthreads=42,end_time=268209.152455,avg_power_W=171.000000,max_power_W=178.000000,avg_time_s=0.050362,released_listeners=1,
start_task=,name=syrkprofile,nthreads=42,
end_task=,name=syrkprofile,elapsed_seconds=0.545397,nthreads=42,end_time=268209.698618,avg_power_W=162.363636,max_power_W=172.000000,avg_time_s=0.054540,released_listeners=1,
start_task=,name=dosyrk,nthreads=42,
end_task=,name=dosyrk,elapsed_seconds=0.104253,nthreads=42,end_time=268209.803510,avg_power_W=151.000000,max_power_W=162.000000,avg_time_s=0.104253,released_listeners=1,
start_task=,name=dogemm,nthreads=42,
end_task=,name=dogemm,elapsed_seconds=0.096681,nthreads=42,end_time=268209.900856,avg_power_W=149.500000,max_power_W=159.000000,avg_time_s=0.096681,released_listeners=1,
start_task=,name=dosyrk,nthreads=42,
end_task=,name=dosyrk,elapsed_seconds=0.106688,nthreads=42,end_time=268210.008232,avg_power_W=147.500000,max_power_W=154.000000,avg_time_s=0.106688,released_listeners=1,
start_task=,name=dogemm,nthreads=42,
end_task=,name=dogemm,elapsed_seconds=0.091072,nthreads=42,end_time=268210.099951,avg_power_W=151.500000,max_power_W=156.000000,avg_time_s=0.091072,released_listeners=1,
start_task=,name=dogemm,nthreads=42,
end_task=,name=dogemm,elapsed_seconds=0.098664,nthreads=42,end_time=268210.199531,avg_power_W=151.000000,max_power_W=161.000000,avg_time_s=0.098664,released_listeners=0,
start_task=,name=dosyrk,nthreads=42,
end_task=,name=dosyrk,elapsed_seconds=0.107023,nthreads=42,end_time=268210.307227,avg_power_W=157.000000,max_power_W=169.000000,avg_time_s=0.107023,released_listeners=1,
start_task=,name=dogemm,nthreads=42,
end_task=,name=dogemm,elapsed_seconds=0.102350,nthreads=42,end_time=268210.410225,avg_power_W=148.500000,max_power_W=154.000000,avg_time_s=0.102350,released_listeners=1,
start_task=,name=dogemm,nthreads=42,
end_task=,name=dogemm,elapsed_seconds=0.094497,nthreads=42,end_time=268210.505463,avg_power_W=155.000000,max_power_W=161.000000,avg_time_s=0.094497,released_listeners=0,
start_task=,name=dogemm,nthreads=42,
end_task=,name=dogemm,elapsed_seconds=0.097007,nthreads=42,end_time=268210.603178,avg_power_W=152.500000,max_power_W=153.000000,avg_time_s=0.097007,released_listeners=0,
start_task=,name=dosyrk,nthreads=42,
end_task=,name=dosyrk,elapsed_seconds=0.106439,nthreads=42,end_time=268210.710232,avg_power_W=158.000000,max_power_W=161.000000,avg_time_s=0.106439,released_listeners=1,
start_task=,name=potrfprofile,nthreads=42,
end_task=,name=potrfprofile,elapsed_seconds=0.560534,nthreads=42,end_time=268211.271479,avg_power_W=157.727273,max_power_W=161.000000,avg_time_s=0.056053,released_listeners=1,
start_task=,name=dopotrf,nthreads=42,
end_task=,name=dopotrf,elapsed_seconds=0.093197,nthreads=42,end_time=268211.365322,avg_power_W=157.000000,max_power_W=160.000000,avg_time_s=0.093197,released_listeners=3,
start_task=,name=trsmprofile,nthreads=42,
end_task=,name=trsmprofile,elapsed_seconds=0.546896,nthreads=42,end_time=268211.912847,avg_power_W=171.181818,max_power_W=180.000000,avg_time_s=0.032170,released_listeners=1,
start_task=,name=trsmprofile,nthreads=42,
end_task=,name=trsmprofile,elapsed_seconds=0.555615,nthreads=42,end_time=268212.469067,avg_power_W=172.000000,max_power_W=177.000000,avg_time_s=0.030868,released_listeners=1,
start_task=,name=trsmprofile,nthreads=42,
end_task=,name=trsmprofile,elapsed_seconds=0.550501,nthreads=42,end_time=268213.020268,avg_power_W=173.727273,max_power_W=179.000000,avg_time_s=0.030583,released_listeners=1,
start_task=,name=dotrsm,nthreads=42,
end_task=,name=dotrsm,elapsed_seconds=0.053710,nthreads=42,end_time=268213.074639,avg_power_W=175.000000,max_power_W=175.000000,avg_time_s=0.053710,released_listeners=3,
start_task=,name=dotrsm,nthreads=42,
end_task=,name=dotrsm,elapsed_seconds=0.054290,nthreads=42,end_time=268213.129614,avg_power_W=162.000000,max_power_W=162.000000,avg_time_s=0.054290,released_listeners=3,
start_task=,name=dotrsm,nthreads=42,
end_task=,name=dotrsm,elapsed_seconds=0.057068,nthreads=42,end_time=268213.199286,avg_power_W=162.500000,max_power_W=167.000000,avg_time_s=0.057068,released_listeners=3,
start_task=,name=syrkprofile,nthreads=42,
end_task=,name=syrkprofile,elapsed_seconds=0.576259,nthreads=42,end_time=268213.776192,avg_power_W=161.181818,max_power_W=171.000000,avg_time_s=0.052387,released_listeners=1,
start_task=,name=gemmprofile,nthreads=42,
end_task=,name=gemmprofile,elapsed_seconds=0.552919,nthreads=42,end_time=268214.329782,avg_power_W=169.909091,max_power_W=178.000000,avg_time_s=0.050265,released_listeners=1,
start_task=,name=syrkprofile,nthreads=42,
end_task=,name=syrkprofile,elapsed_seconds=0.540876,nthreads=42,end_time=268214.871279,avg_power_W=163.545455,max_power_W=174.000000,avg_time_s=0.054088,released_listeners=1,
start_task=,name=gemmprofile,nthreads=42,
end_task=,name=gemmprofile,elapsed_seconds=0.543440,nthreads=42,end_time=268215.415870,avg_power_W=170.727273,max_power_W=178.000000,avg_time_s=0.049404,released_listeners=1,
start_task=,name=gemmprofile,nthreads=42,
end_task=,name=gemmprofile,elapsed_seconds=0.560585,nthreads=42,end_time=268215.977151,avg_power_W=171.272727,max_power_W=177.000000,avg_time_s=0.050962,released_listeners=1,
start_task=,name=syrkprofile,nthreads=42,
end_task=,name=syrkprofile,elapsed_seconds=0.572386,nthreads=42,end_time=268216.550165,avg_power_W=164.166667,max_power_W=176.000000,avg_time_s=0.052035,released_listeners=1,
start_task=,name=dosyrk,nthreads=42,
end_task=,name=dosyrk,elapsed_seconds=0.101966,nthreads=42,end_time=268216.652766,avg_power_W=155.500000,max_power_W=168.000000,avg_time_s=0.101966,released_listeners=1,
start_task=,name=dogemm,nthreads=42,
end_task=,name=dogemm,elapsed_seconds=0.094937,nthreads=42,end_time=268216.748658,avg_power_W=152.000000,max_power_W=159.000000,avg_time_s=0.094937,released_listeners=1,
start_task=,name=dosyrk,nthreads=42,
end_task=,name=dosyrk,elapsed_seconds=0.103762,nthreads=42,end_time=268216.853207,avg_power_W=159.000000,max_power_W=167.000000,avg_time_s=0.103762,released_listeners=1,
start_task=,name=dogemm,nthreads=42,
end_task=,name=dogemm,elapsed_seconds=0.097193,nthreads=42,end_time=268216.951140,avg_power_W=148.500000,max_power_W=158.000000,avg_time_s=0.097193,released_listeners=1,
start_task=,name=dogemm,nthreads=42,
end_task=,name=dogemm,elapsed_seconds=0.099899,nthreads=42,end_time=268217.051686,avg_power_W=148.000000,max_power_W=157.000000,avg_time_s=0.099899,released_listeners=0,
start_task=,name=dosyrk,nthreads=42,
end_task=,name=dosyrk,elapsed_seconds=0.108524,nthreads=42,end_time=268217.160892,avg_power_W=144.500000,max_power_W=151.000000,avg_time_s=0.108524,released_listeners=1,
start_task=,name=potrfprofile,nthreads=42,
end_task=,name=potrfprofile,elapsed_seconds=0.567461,nthreads=42,end_time=268217.728978,avg_power_W=156.545455,max_power_W=162.000000,avg_time_s=0.056746,released_listeners=1,
start_task=,name=dopotrf,nthreads=42,
end_task=,name=dopotrf,elapsed_seconds=0.101516,nthreads=42,end_time=268217.831191,avg_power_W=159.500000,max_power_W=161.000000,avg_time_s=0.101516,released_listeners=2,
start_task=,name=trsmprofile,nthreads=42,
end_task=,name=trsmprofile,elapsed_seconds=0.550786,nthreads=42,end_time=268218.382700,avg_power_W=168.000000,max_power_W=178.000000,avg_time_s=0.030599,released_listeners=1,
start_task=,name=trsmprofile,nthreads=42,
end_task=,name=trsmprofile,elapsed_seconds=0.547381,nthreads=42,end_time=268218.930709,avg_power_W=172.272727,max_power_W=179.000000,avg_time_s=0.032199,released_listeners=1,
start_task=,name=dotrsm,nthreads=42,
end_task=,name=dotrsm,elapsed_seconds=0.061940,nthreads=42,end_time=268218.999636,avg_power_W=170.000000,max_power_W=174.000000,avg_time_s=0.061940,released_listeners=2,
start_task=,name=dotrsm,nthreads=42,
end_task=,name=dotrsm,elapsed_seconds=0.059848,nthreads=42,end_time=268219.060163,avg_power_W=150.000000,max_power_W=150.000000,avg_time_s=0.059848,released_listeners=2,
start_task=,name=syrkprofile,nthreads=42,
end_task=,name=syrkprofile,elapsed_seconds=0.534112,nthreads=42,end_time=268219.598310,avg_power_W=158.272727,max_power_W=166.000000,avg_time_s=0.053411,released_listeners=1,
start_task=,name=gemmprofile,nthreads=42,
end_task=,name=gemmprofile,elapsed_seconds=0.557291,nthreads=42,end_time=268220.156303,avg_power_W=170.454545,max_power_W=180.000000,avg_time_s=0.050663,released_listeners=1,
start_task=,name=syrkprofile,nthreads=42,
end_task=,name=syrkprofile,elapsed_seconds=0.574326,nthreads=42,end_time=268220.731272,avg_power_W=165.000000,max_power_W=173.000000,avg_time_s=0.052211,released_listeners=1,
start_task=,name=dosyrk,nthreads=42,
end_task=,name=dosyrk,elapsed_seconds=0.106312,nthreads=42,end_time=268220.849299,avg_power_W=158.666667,max_power_W=169.000000,avg_time_s=0.106312,released_listeners=1,
start_task=,name=dogemm,nthreads=42,
end_task=,name=dogemm,elapsed_seconds=0.108023,nthreads=42,end_time=268220.957907,avg_power_W=146.000000,max_power_W=157.000000,avg_time_s=0.108023,released_listeners=1,
start_task=,name=dosyrk,nthreads=42,
end_task=,name=dosyrk,elapsed_seconds=0.107925,nthreads=42,end_time=268221.066506,avg_power_W=147.000000,max_power_W=151.000000,avg_time_s=0.107925,released_listeners=1,
start_task=,name=potrfprofile,nthreads=42,
end_task=,name=potrfprofile,elapsed_seconds=0.568692,nthreads=42,end_time=268221.648725,avg_power_W=156.250000,max_power_W=162.000000,avg_time_s=0.056869,released_listeners=1,
start_task=,name=dopotrf,nthreads=42,
end_task=,name=dopotrf,elapsed_seconds=0.095045,nthreads=42,end_time=268221.749568,avg_power_W=149.500000,max_power_W=161.000000,avg_time_s=0.095045,released_listeners=1,
start_task=,name=trsmprofile,nthreads=42,
end_task=,name=trsmprofile,elapsed_seconds=0.529037,nthreads=42,end_time=268222.279303,avg_power_W=170.800000,max_power_W=177.000000,avg_time_s=0.031120,released_listeners=1,
start_task=,name=dotrsm,nthreads=42,
end_task=,name=dotrsm,elapsed_seconds=0.056944,nthreads=42,end_time=268222.349770,avg_power_W=173.000000,max_power_W=176.000000,avg_time_s=0.056944,released_listeners=1,
start_task=,name=syrkprofile,nthreads=42,
end_task=,name=syrkprofile,elapsed_seconds=0.532634,nthreads=42,end_time=268222.883054,avg_power_W=160.400000,max_power_W=169.000000,avg_time_s=0.053263,released_listeners=1,
start_task=,name=dosyrk,nthreads=42,
end_task=,name=dosyrk,elapsed_seconds=0.102471,nthreads=42,end_time=268222.998421,avg_power_W=158.666667,max_power_W=164.000000,avg_time_s=0.102471,released_listeners=1,
start_task=,name=potrfprofile,nthreads=42,
end_task=,name=potrfprofile,elapsed_seconds=0.575211,nthreads=42,end_time=268223.574258,avg_power_W=155.181818,max_power_W=159.000000,avg_time_s=0.057521,released_listeners=1,
start_task=,name=dopotrf,nthreads=42,
end_task=,name=dopotrf,elapsed_seconds=0.085092,nthreads=42,end_time=268223.660197,avg_power_W=159.500000,max_power_W=163.000000,avg_time_s=0.085092,released_listeners=0,
time_s=35.926887,
message=ALL DONE,
