message=cataloging configuration,max_threads=96,power_limit=inf,
start_task=,name=start,tick=1,start_time=96441.648437,nthreads=96,
message=tick stats,tick=1,estimated_current_power=0.000000,
end_task=,name=start,elapsed_seconds=0.517203,predicted_seconds=0.000000,time_percent_error=100.000000,nthreads=96,end_time=96442.167594,avg_power_W=98.100000,max_power_W=101.000000,avg_time_s=0.000000,released_listeners=8,
start_task=,name=spmv,tick=2,start_time=96442.167677,nthreads=96,
message=tick stats,tick=2,estimated_current_power=69.537500,
end_task=,name=spmv,elapsed_seconds=0.517419,predicted_seconds=0.005349,time_percent_error=98.966130,nthreads=96,end_time=96442.685830,avg_power_W=104.700000,max_power_W=130.000000,avg_time_s=0.027233,released_listeners=1,
start_task=,name=spmv,tick=3,start_time=96442.685902,nthreads=96,
message=tick stats,tick=3,estimated_current_power=69.537500,
end_task=,name=spmv,elapsed_seconds=0.535899,predicted_seconds=0.005349,time_percent_error=99.001782,nthreads=96,end_time=96443.222463,avg_power_W=129.181818,max_power_W=131.000000,avg_time_s=0.009924,released_listeners=1,
start_task=,name=spmv,tick=4,start_time=96443.222534,nthreads=96,
message=tick stats,tick=4,estimated_current_power=69.537500,
end_task=,name=spmv,elapsed_seconds=0.522729,predicted_seconds=0.005349,time_percent_error=98.976632,nthreads=96,end_time=96443.745861,avg_power_W=129.400000,max_power_W=131.000000,avg_time_s=0.009863,released_listeners=1,
start_task=,name=spmv,tick=5,start_time=96443.745933,nthreads=96,
message=tick stats,tick=5,estimated_current_power=69.537500,
end_task=,name=spmv,elapsed_seconds=0.536378,predicted_seconds=0.005349,time_percent_error=99.002674,nthreads=96,end_time=96444.283121,avg_power_W=128.727273,max_power_W=130.000000,avg_time_s=0.010517,released_listeners=1,
start_task=,name=spmv,tick=6,start_time=96444.283212,nthreads=96,
message=tick stats,tick=6,estimated_current_power=69.537500,
end_task=,name=spmv,elapsed_seconds=0.517728,predicted_seconds=0.005349,time_percent_error=98.966748,nthreads=96,end_time=96444.813743,avg_power_W=130.909091,max_power_W=133.000000,avg_time_s=0.009768,released_listeners=1,
start_task=,name=spmv,tick=7,start_time=96444.813819,nthreads=96,
message=tick stats,tick=7,estimated_current_power=69.537500,
end_task=,name=spmv,elapsed_seconds=0.533993,predicted_seconds=0.005349,time_percent_error=98.998219,nthreads=96,end_time=96445.364150,avg_power_W=130.636364,max_power_W=133.000000,avg_time_s=0.009889,released_listeners=1,
start_task=,name=spmv,tick=8,start_time=96445.364225,nthreads=96,
message=tick stats,tick=8,estimated_current_power=69.537500,
end_task=,name=spmv,elapsed_seconds=0.536655,predicted_seconds=0.005349,time_percent_error=99.003188,nthreads=96,end_time=96445.913811,avg_power_W=131.181818,max_power_W=133.000000,avg_time_s=0.010320,released_listeners=1,
start_task=,name=spmv,tick=9,start_time=96445.913886,nthreads=96,
message=tick stats,tick=9,estimated_current_power=69.537500,
end_task=,name=spmv,elapsed_seconds=0.529363,predicted_seconds=0.005349,time_percent_error=98.989458,nthreads=96,end_time=96446.444217,avg_power_W=132.400000,max_power_W=134.000000,avg_time_s=0.009287,released_listeners=1,
start_task=,name=subtract,tick=10,start_time=96446.444289,nthreads=96,
message=tick stats,tick=10,estimated_current_power=61.225000,
end_task=,name=subtract,elapsed_seconds=0.522546,predicted_seconds=0.000264,time_percent_error=99.949406,nthreads=96,end_time=96446.968454,avg_power_W=125.181818,max_power_W=132.000000,avg_time_s=0.000688,released_listeners=2,
start_task=,name=subtract,tick=11,start_time=96446.968530,nthreads=96,
message=tick stats,tick=11,estimated_current_power=61.225000,
end_task=,name=subtract,elapsed_seconds=0.521076,predicted_seconds=0.000264,time_percent_error=99.949264,nthreads=96,end_time=96447.490057,avg_power_W=125.000000,max_power_W=126.000000,avg_time_s=0.000438,released_listeners=2,
start_task=,name=subtract,tick=12,start_time=96447.490094,nthreads=96,
message=tick stats,tick=12,estimated_current_power=61.225000,
end_task=,name=subtract,elapsed_seconds=0.548988,predicted_seconds=0.000264,time_percent_error=99.951843,nthreads=96,end_time=96448.039682,avg_power_W=125.545455,max_power_W=126.000000,avg_time_s=0.000443,released_listeners=2,
start_task=,name=subtract,tick=13,start_time=96448.039726,nthreads=96,
message=tick stats,tick=13,estimated_current_power=61.225000,
end_task=,name=subtract,elapsed_seconds=0.525090,predicted_seconds=0.000264,time_percent_error=99.949651,nthreads=96,end_time=96448.565333,avg_power_W=125.909091,max_power_W=127.000000,avg_time_s=0.000436,released_listeners=2,
start_task=,name=subtract,tick=14,start_time=96448.565370,nthreads=96,
message=tick stats,tick=14,estimated_current_power=61.225000,
end_task=,name=subtract,elapsed_seconds=0.523818,predicted_seconds=0.000264,time_percent_error=99.949529,nthreads=96,end_time=96449.089805,avg_power_W=125.800000,max_power_W=126.000000,avg_time_s=0.000417,released_listeners=2,
start_task=,name=subtract,tick=15,start_time=96449.089842,nthreads=96,
message=tick stats,tick=15,estimated_current_power=61.225000,
end_task=,name=subtract,elapsed_seconds=0.524568,predicted_seconds=0.000264,time_percent_error=99.949601,nthreads=96,end_time=96449.616034,avg_power_W=125.909091,max_power_W=126.000000,avg_time_s=0.000416,released_listeners=2,
start_task=,name=subtract,tick=16,start_time=96449.616108,nthreads=96,
message=tick stats,tick=16,estimated_current_power=61.225000,
end_task=,name=subtract,elapsed_seconds=0.526273,predicted_seconds=0.000264,time_percent_error=99.949765,nthreads=96,end_time=96450.143323,avg_power_W=125.900000,max_power_W=126.000000,avg_time_s=0.000428,released_listeners=2,
start_task=,name=subtract,tick=17,start_time=96450.143362,nthreads=96,
message=tick stats,tick=17,estimated_current_power=61.225000,
end_task=,name=subtract,elapsed_seconds=0.555980,predicted_seconds=0.000264,time_percent_error=99.952449,nthreads=96,end_time=96450.714377,avg_power_W=125.666667,max_power_W=126.000000,avg_time_s=0.000460,released_listeners=2,
start_task=,name=copy,tick=18,start_time=96450.714453,nthreads=96,
message=tick stats,tick=18,estimated_current_power=63.225000,
end_task=,name=copy,elapsed_seconds=0.524115,predicted_seconds=0.000145,time_percent_error=99.972287,nthreads=96,end_time=96451.239419,avg_power_W=125.500000,max_power_W=126.000000,avg_time_s=0.000255,released_listeners=1,
start_task=,name=dot,tick=19,start_time=96451.239456,nthreads=96,
message=tick stats,tick=19,estimated_current_power=64.808333,
end_task=,name=dot,elapsed_seconds=0.534637,predicted_seconds=0.000132,time_percent_error=99.975373,nthreads=96,end_time=96451.775621,avg_power_W=125.272727,max_power_W=126.000000,avg_time_s=0.000225,released_listeners=1,
start_task=,name=copy,tick=20,start_time=96451.775670,nthreads=96,
message=tick stats,tick=20,estimated_current_power=63.225000,
end_task=,name=copy,elapsed_seconds=0.523811,predicted_seconds=0.000145,time_percent_error=99.972271,nthreads=96,end_time=96452.314215,avg_power_W=126.272727,max_power_W=127.000000,avg_time_s=0.000257,released_listeners=1,
start_task=,name=dot,tick=21,start_time=96452.314293,nthreads=96,
message=tick stats,tick=21,estimated_current_power=64.808333,
end_task=,name=dot,elapsed_seconds=0.525501,predicted_seconds=0.000132,time_percent_error=99.974945,nthreads=96,end_time=96452.841125,avg_power_W=125.800000,max_power_W=127.000000,avg_time_s=0.000216,released_listeners=1,
start_task=,name=copy,tick=22,start_time=96452.841170,nthreads=96,
message=tick stats,tick=22,estimated_current_power=63.225000,
end_task=,name=copy,elapsed_seconds=0.532023,predicted_seconds=0.000145,time_percent_error=99.972699,nthreads=96,end_time=96453.374211,avg_power_W=125.818182,max_power_W=127.000000,avg_time_s=0.000255,released_listeners=1,
start_task=,name=dot,tick=23,start_time=96453.374283,nthreads=96,
message=tick stats,tick=23,estimated_current_power=64.808333,
end_task=,name=dot,elapsed_seconds=0.524890,predicted_seconds=0.000132,time_percent_error=99.974915,nthreads=96,end_time=96453.914137,avg_power_W=126.090909,max_power_W=127.000000,avg_time_s=0.000205,released_listeners=1,
start_task=,name=copy,tick=24,start_time=96453.914226,nthreads=96,
message=tick stats,tick=24,estimated_current_power=63.225000,
end_task=,name=copy,elapsed_seconds=0.524909,predicted_seconds=0.000145,time_percent_error=99.972329,nthreads=96,end_time=96454.440096,avg_power_W=126.100000,max_power_W=127.000000,avg_time_s=0.000244,released_listeners=1,
start_task=,name=dot,tick=25,start_time=96454.440136,nthreads=96,
message=tick stats,tick=25,estimated_current_power=64.808333,
end_task=,name=dot,elapsed_seconds=0.524768,predicted_seconds=0.000132,time_percent_error=99.974910,nthreads=96,end_time=96454.965761,avg_power_W=126.181818,max_power_W=127.000000,avg_time_s=0.000204,released_listeners=1,
start_task=,name=copy,tick=26,start_time=96454.965803,nthreads=96,
message=tick stats,tick=26,estimated_current_power=63.225000,
end_task=,name=copy,elapsed_seconds=0.523312,predicted_seconds=0.000145,time_percent_error=99.972244,nthreads=96,end_time=96455.490170,avg_power_W=126.700000,max_power_W=128.000000,avg_time_s=0.000239,released_listeners=1,
start_task=,name=dot,tick=27,start_time=96455.490223,nthreads=96,
message=tick stats,tick=27,estimated_current_power=64.808333,
end_task=,name=dot,elapsed_seconds=0.519004,predicted_seconds=0.000132,time_percent_error=99.974631,nthreads=96,end_time=96456.014214,avg_power_W=126.272727,max_power_W=127.000000,avg_time_s=0.000212,released_listeners=1,
start_task=,name=copy,tick=28,start_time=96456.014296,nthreads=96,
message=tick stats,tick=28,estimated_current_power=63.225000,
end_task=,name=copy,elapsed_seconds=0.523363,predicted_seconds=0.000145,time_percent_error=99.972247,nthreads=96,end_time=96456.538730,avg_power_W=126.300000,max_power_W=127.000000,avg_time_s=0.000240,released_listeners=1,
start_task=,name=dot,tick=29,start_time=96456.538767,nthreads=96,
message=tick stats,tick=29,estimated_current_power=64.808333,
end_task=,name=dot,elapsed_seconds=0.525264,predicted_seconds=0.000132,time_percent_error=99.974933,nthreads=96,end_time=96457.065465,avg_power_W=126.000000,max_power_W=127.000000,avg_time_s=0.000207,released_listeners=1,
start_task=,name=copy,tick=30,start_time=96457.065508,nthreads=96,
message=tick stats,tick=30,estimated_current_power=63.225000,
end_task=,name=copy,elapsed_seconds=0.523574,predicted_seconds=0.000145,time_percent_error=99.972258,nthreads=96,end_time=96457.590102,avg_power_W=126.800000,max_power_W=127.000000,avg_time_s=0.000246,released_listeners=1,
start_task=,name=dot,tick=31,start_time=96457.590154,nthreads=96,
message=tick stats,tick=31,estimated_current_power=64.808333,
end_task=,name=dot,elapsed_seconds=0.519044,predicted_seconds=0.000132,time_percent_error=99.974633,nthreads=96,end_time=96458.114208,avg_power_W=126.090909,max_power_W=127.000000,avg_time_s=0.000204,released_listeners=1,
start_task=,name=copy,tick=32,start_time=96458.114293,nthreads=96,
message=tick stats,tick=32,estimated_current_power=63.225000,
end_task=,name=copy,elapsed_seconds=0.524887,predicted_seconds=0.000145,time_percent_error=99.972327,nthreads=96,end_time=96458.640315,avg_power_W=126.600000,max_power_W=127.000000,avg_time_s=0.000244,released_listeners=1,
start_task=,name=dot,tick=33,start_time=96458.640355,nthreads=96,
message=tick stats,tick=33,estimated_current_power=64.808333,
end_task=,name=dot,elapsed_seconds=0.524497,predicted_seconds=0.000132,time_percent_error=99.974897,nthreads=96,end_time=96459.165744,avg_power_W=126.818182,max_power_W=129.000000,avg_time_s=0.000204,released_listeners=1,
start_task=,name=spmv,tick=34,start_time=96459.165788,nthreads=96,
message=tick stats,tick=34,estimated_current_power=69.537500,
end_task=,name=spmv,elapsed_seconds=0.523155,predicted_seconds=0.005349,time_percent_error=98.977466,nthreads=96,end_time=96459.689890,avg_power_W=134.000000,max_power_W=137.000000,avg_time_s=0.009342,released_listeners=1,
start_task=,name=spmv,tick=35,start_time=96459.689963,nthreads=96,
message=tick stats,tick=35,estimated_current_power=69.537500,
end_task=,name=spmv,elapsed_seconds=0.524936,predicted_seconds=0.005349,time_percent_error=98.980935,nthreads=96,end_time=96460.215829,avg_power_W=135.363636,max_power_W=137.000000,avg_time_s=0.009374,released_listeners=1,
start_task=,name=spmv,tick=36,start_time=96460.215912,nthreads=96,
message=tick stats,tick=36,estimated_current_power=69.537500,
end_task=,name=spmv,elapsed_seconds=0.529157,predicted_seconds=0.005349,time_percent_error=98.989064,nthreads=96,end_time=96460.746484,avg_power_W=135.300000,max_power_W=137.000000,avg_time_s=0.009283,released_listeners=1,
start_task=,name=spmv,tick=37,start_time=96460.746557,nthreads=96,
message=tick stats,tick=37,estimated_current_power=69.537500,
end_task=,name=spmv,elapsed_seconds=0.520999,predicted_seconds=0.005349,time_percent_error=98.973235,nthreads=96,end_time=96461.268578,avg_power_W=136.000000,max_power_W=137.000000,avg_time_s=0.009304,released_listeners=1,
start_task=,name=spmv,tick=38,start_time=96461.268652,nthreads=96,
message=tick stats,tick=38,estimated_current_power=69.537500,
end_task=,name=spmv,elapsed_seconds=0.531439,predicted_seconds=0.005349,time_percent_error=98.993405,nthreads=96,end_time=96461.814018,avg_power_W=135.818182,max_power_W=138.000000,avg_time_s=0.009490,released_listeners=1,
start_task=,name=spmv,tick=39,start_time=96461.814099,nthreads=96,
message=tick stats,tick=39,estimated_current_power=69.537500,
end_task=,name=spmv,elapsed_seconds=0.523272,predicted_seconds=0.005349,time_percent_error=98.977694,nthreads=96,end_time=96462.338344,avg_power_W=135.700000,max_power_W=137.000000,avg_time_s=0.009180,released_listeners=1,
start_task=,name=spmv,tick=40,start_time=96462.338418,nthreads=96,
message=tick stats,tick=40,estimated_current_power=69.537500,
end_task=,name=spmv,elapsed_seconds=0.530283,predicted_seconds=0.005349,time_percent_error=98.991211,nthreads=96,end_time=96462.871774,avg_power_W=136.272727,max_power_W=137.000000,avg_time_s=0.009303,released_listeners=1,
start_task=,name=spmv,tick=41,start_time=96462.871848,nthreads=96,
message=tick stats,tick=41,estimated_current_power=69.537500,
end_task=,name=spmv,elapsed_seconds=0.545351,predicted_seconds=0.005349,time_percent_error=99.019084,nthreads=96,end_time=96463.418711,avg_power_W=136.000000,max_power_W=138.000000,avg_time_s=0.008521,released_listeners=1,
start_task=,name=sum_contribs,tick=42,start_time=96463.418788,nthreads=96,
message=tick stats,tick=42,estimated_current_power=0.000000,
end_task=,name=sum_contribs,elapsed_seconds=0.523061,predicted_seconds=0.000000,time_percent_error=100.000000,nthreads=96,end_time=96463.942802,avg_power_W=128.000000,max_power_W=138.000000,avg_time_s=0.000169,released_listeners=1,
start_task=,name=dot,tick=43,start_time=96463.942848,nthreads=96,
message=tick stats,tick=43,estimated_current_power=64.808333,
end_task=,name=dot,elapsed_seconds=0.519243,predicted_seconds=0.000132,time_percent_error=99.974643,nthreads=96,end_time=96464.464447,avg_power_W=128.545455,max_power_W=130.000000,avg_time_s=0.000232,released_listeners=1,
start_task=,name=dot,tick=44,start_time=96464.464508,nthreads=96,
message=tick stats,tick=44,estimated_current_power=64.808333,
end_task=,name=dot,elapsed_seconds=0.517309,predicted_seconds=0.000132,time_percent_error=99.974548,nthreads=96,end_time=96464.982922,avg_power_W=129.000000,max_power_W=129.000000,avg_time_s=0.000233,released_listeners=1,
start_task=,name=dot,tick=45,start_time=96464.982961,nthreads=96,
message=tick stats,tick=45,estimated_current_power=64.808333,
end_task=,name=dot,elapsed_seconds=0.524843,predicted_seconds=0.000132,time_percent_error=99.974913,nthreads=96,end_time=96465.513947,avg_power_W=129.000000,max_power_W=129.000000,avg_time_s=0.000235,released_listeners=1,
start_task=,name=dot,tick=46,start_time=96465.514027,nthreads=96,
message=tick stats,tick=46,estimated_current_power=64.808333,
end_task=,name=dot,elapsed_seconds=0.535282,predicted_seconds=0.000132,time_percent_error=99.975402,nthreads=96,end_time=96466.063969,avg_power_W=128.818182,max_power_W=129.000000,avg_time_s=0.000236,released_listeners=1,
start_task=,name=dot,tick=47,start_time=96466.064053,nthreads=96,
message=tick stats,tick=47,estimated_current_power=64.808333,
end_task=,name=dot,elapsed_seconds=0.515063,predicted_seconds=0.000132,time_percent_error=99.974437,nthreads=96,end_time=96466.580104,avg_power_W=129.000000,max_power_W=129.000000,avg_time_s=0.000239,released_listeners=1,
start_task=,name=dot,tick=48,start_time=96466.580145,nthreads=96,
message=tick stats,tick=48,estimated_current_power=64.808333,
end_task=,name=dot,elapsed_seconds=0.519084,predicted_seconds=0.000132,time_percent_error=99.974635,nthreads=96,end_time=96467.113946,avg_power_W=129.090909,max_power_W=130.000000,avg_time_s=0.000225,released_listeners=1,
start_task=,name=dot,tick=49,start_time=96467.114026,nthreads=96,
message=tick stats,tick=49,estimated_current_power=64.808333,
end_task=,name=dot,elapsed_seconds=0.518766,predicted_seconds=0.000132,time_percent_error=99.974619,nthreads=96,end_time=96467.634026,avg_power_W=129.000000,max_power_W=129.000000,avg_time_s=0.000240,released_listeners=1,
start_task=,name=dot,tick=50,start_time=96467.634100,nthreads=96,
message=tick stats,tick=50,estimated_current_power=64.808333,
end_task=,name=dot,elapsed_seconds=0.525147,predicted_seconds=0.000132,time_percent_error=99.974928,nthreads=96,end_time=96468.163869,avg_power_W=129.000000,max_power_W=129.000000,avg_time_s=0.000238,released_listeners=1,
start_task=,name=sum_contribs,tick=51,start_time=96468.163946,nthreads=96,
message=tick stats,tick=51,estimated_current_power=0.000000,
end_task=,name=sum_contribs,elapsed_seconds=0.535285,predicted_seconds=0.000000,time_percent_error=100.000000,nthreads=96,end_time=96468.713821,avg_power_W=128.090909,max_power_W=129.000000,avg_time_s=0.000175,released_listeners=1,
start_task=,name=comp_alpha,tick=52,start_time=96468.713906,nthreads=96,
message=tick stats,tick=52,estimated_current_power=0.000000,
end_task=,name=comp_alpha,elapsed_seconds=0.515137,predicted_seconds=0.000000,time_percent_error=100.000000,nthreads=96,end_time=96469.229865,avg_power_W=126.000000,max_power_W=128.000000,avg_time_s=0.000065,released_listeners=16,
start_task=,name=axpyprofile,tick=53,start_time=96469.229928,nthreads=96,
message=tick stats,tick=53,estimated_current_power=0.000000,
end_task=,name=axpyprofile,elapsed_seconds=0.514770,predicted_seconds=0.000000,time_percent_error=100.000000,nthreads=96,end_time=96469.745671,avg_power_W=133.700000,max_power_W=139.000000,avg_time_s=0.008043,released_listeners=1,
start_task=,name=axpyprofile,tick=54,start_time=96469.745745,nthreads=96,
message=tick stats,tick=54,estimated_current_power=0.000000,
end_task=,name=axpyprofile,elapsed_seconds=0.521849,predicted_seconds=0.000000,time_percent_error=100.000000,nthreads=96,end_time=96470.268610,avg_power_W=136.818182,max_power_W=138.000000,avg_time_s=0.008028,released_listeners=1,
start_task=,name=axpyprofile,tick=55,start_time=96470.268684,nthreads=96,
message=tick stats,tick=55,estimated_current_power=0.000000,
end_task=,name=axpyprofile,elapsed_seconds=0.526014,predicted_seconds=0.000000,time_percent_error=100.000000,nthreads=96,end_time=96470.795664,avg_power_W=136.900000,max_power_W=139.000000,avg_time_s=0.007970,released_listeners=1,
start_task=,name=axpyprofile,tick=56,start_time=96470.795738,nthreads=96,
message=tick stats,tick=56,estimated_current_power=0.000000,
end_task=,name=axpyprofile,elapsed_seconds=0.524594,predicted_seconds=0.000000,time_percent_error=100.000000,nthreads=96,end_time=96471.321823,avg_power_W=137.818182,max_power_W=139.000000,avg_time_s=0.007948,released_listeners=1,
start_task=,name=axpyprofile,tick=57,start_time=96471.321897,nthreads=96,
message=tick stats,tick=57,estimated_current_power=0.000000,
end_task=,name=axpyprofile,elapsed_seconds=0.524330,predicted_seconds=0.000000,time_percent_error=100.000000,nthreads=96,end_time=96471.847218,avg_power_W=137.700000,max_power_W=139.000000,avg_time_s=0.007826,released_listeners=1,
start_task=,name=axpyprofile,tick=58,start_time=96471.847294,nthreads=96,
message=tick stats,tick=58,estimated_current_power=0.000000,
end_task=,name=axpyprofile,elapsed_seconds=0.523567,predicted_seconds=0.000000,time_percent_error=100.000000,nthreads=96,end_time=96472.372415,avg_power_W=138.181818,max_power_W=139.000000,avg_time_s=0.007814,released_listeners=1,
start_task=,name=axpyprofile,tick=59,start_time=96472.372500,nthreads=96,
message=tick stats,tick=59,estimated_current_power=0.000000,
end_task=,name=axpyprofile,elapsed_seconds=0.520972,predicted_seconds=0.000000,time_percent_error=100.000000,nthreads=96,end_time=96472.894471,avg_power_W=138.300000,max_power_W=139.000000,avg_time_s=0.007661,released_listeners=1,
start_task=,name=axpyprofile,tick=60,start_time=96472.894544,nthreads=96,
message=tick stats,tick=60,estimated_current_power=0.000000,
end_task=,name=axpyprofile,elapsed_seconds=0.521282,predicted_seconds=0.000000,time_percent_error=100.000000,nthreads=96,end_time=96473.417414,avg_power_W=137.727273,max_power_W=139.000000,avg_time_s=0.007780,released_listeners=1,
start_task=,name=axpyprofile,tick=61,start_time=96473.417488,nthreads=96,
message=tick stats,tick=61,estimated_current_power=0.000000,
end_task=,name=axpyprofile,elapsed_seconds=0.525196,predicted_seconds=0.000000,time_percent_error=100.000000,nthreads=96,end_time=96473.943661,avg_power_W=137.800000,max_power_W=139.000000,avg_time_s=0.007958,released_listeners=1,
start_task=,name=axpyprofile,tick=62,start_time=96473.943737,nthreads=96,
message=tick stats,tick=62,estimated_current_power=0.000000,
end_task=,name=axpyprofile,elapsed_seconds=0.516626,predicted_seconds=0.000000,time_percent_error=100.000000,nthreads=96,end_time=96474.463992,avg_power_W=138.545455,max_power_W=141.000000,avg_time_s=0.007948,released_listeners=1,
start_task=,name=axpyprofile,tick=63,start_time=96474.464069,nthreads=96,
message=tick stats,tick=63,estimated_current_power=0.000000,
end_task=,name=axpyprofile,elapsed_seconds=0.533798,predicted_seconds=0.000000,time_percent_error=100.000000,nthreads=96,end_time=96475.014041,avg_power_W=138.909091,max_power_W=141.000000,avg_time_s=0.007850,released_listeners=1,
start_task=,name=axpyprofile,tick=64,start_time=96475.014118,nthreads=96,
message=tick stats,tick=64,estimated_current_power=0.000000,
end_task=,name=axpyprofile,elapsed_seconds=0.516409,predicted_seconds=0.000000,time_percent_error=100.000000,nthreads=96,end_time=96475.531490,avg_power_W=138.900000,max_power_W=141.000000,avg_time_s=0.007708,released_listeners=1,
start_task=,name=axpyprofile,tick=65,start_time=96475.531563,nthreads=96,
message=tick stats,tick=65,estimated_current_power=0.000000,
end_task=,name=axpyprofile,elapsed_seconds=0.520426,predicted_seconds=0.000000,time_percent_error=100.000000,nthreads=96,end_time=96476.064115,avg_power_W=140.000000,max_power_W=141.000000,avg_time_s=0.007885,released_listeners=1,
start_task=,name=axpyprofile,tick=66,start_time=96476.064203,nthreads=96,
message=tick stats,tick=66,estimated_current_power=0.000000,
end_task=,name=axpyprofile,elapsed_seconds=0.525568,predicted_seconds=0.000000,time_percent_error=100.000000,nthreads=96,end_time=96476.590658,avg_power_W=139.500000,max_power_W=141.000000,avg_time_s=0.007844,released_listeners=1,
start_task=,name=axpyprofile,tick=67,start_time=96476.590732,nthreads=96,
message=tick stats,tick=67,estimated_current_power=0.000000,
end_task=,name=axpyprofile,elapsed_seconds=0.521765,predicted_seconds=0.000000,time_percent_error=100.000000,nthreads=96,end_time=96477.113978,avg_power_W=140.454545,max_power_W=142.000000,avg_time_s=0.007673,released_listeners=1,
start_task=,name=axpyprofile,tick=68,start_time=96477.114052,nthreads=96,
message=tick stats,tick=68,estimated_current_power=0.000000,
end_task=,name=axpyprofile,elapsed_seconds=0.529246,predicted_seconds=0.000000,time_percent_error=100.000000,nthreads=96,end_time=96477.644280,avg_power_W=140.000000,max_power_W=142.000000,avg_time_s=0.007783,released_listeners=1,
start_task=,name=axpy,tick=69,start_time=96477.644353,nthreads=96,
message=tick stats,tick=69,estimated_current_power=60.412500,
end_task=,name=axpy,elapsed_seconds=0.025282,predicted_seconds=0.000884,time_percent_error=96.502473,nthreads=96,end_time=96477.670529,avg_power_W=142.000000,max_power_W=142.000000,avg_time_s=0.025282,released_listeners=0,
start_task=,name=axpy,tick=70,start_time=96477.670604,nthreads=96,
message=tick stats,tick=70,estimated_current_power=60.412500,
end_task=,name=axpy,elapsed_seconds=0.024311,predicted_seconds=0.000884,time_percent_error=96.362787,nthreads=96,end_time=96477.695802,avg_power_W=-nan,max_power_W=0.000000,avg_time_s=0.024311,released_listeners=0,
start_task=,name=axpy,tick=71,start_time=96477.695867,nthreads=96,
message=tick stats,tick=71,estimated_current_power=60.412500,
end_task=,name=axpy,elapsed_seconds=0.036449,predicted_seconds=0.000884,time_percent_error=97.573990,nthreads=96,end_time=96477.733119,avg_power_W=133.000000,max_power_W=133.000000,avg_time_s=0.036449,released_listeners=1,
start_task=,name=axpy,tick=72,start_time=96477.733199,nthreads=96,
message=tick stats,tick=72,estimated_current_power=60.412500,
end_task=,name=axpy,elapsed_seconds=0.032292,predicted_seconds=0.000884,time_percent_error=97.261742,nthreads=96,end_time=96477.766414,avg_power_W=131.000000,max_power_W=131.000000,avg_time_s=0.032292,released_listeners=1,
start_task=,name=axpy,tick=73,start_time=96477.766488,nthreads=96,
message=tick stats,tick=73,estimated_current_power=60.412500,
end_task=,name=axpy,elapsed_seconds=0.031579,predicted_seconds=0.000884,time_percent_error=97.199914,nthreads=96,end_time=96477.814107,avg_power_W=132.000000,max_power_W=132.000000,avg_time_s=0.031579,released_listeners=0,
start_task=,name=axpy,tick=74,start_time=96477.814193,nthreads=96,
message=tick stats,tick=74,estimated_current_power=60.412500,
end_task=,name=axpy,elapsed_seconds=0.035152,predicted_seconds=0.000884,time_percent_error=97.484479,nthreads=96,end_time=96477.863839,avg_power_W=131.000000,max_power_W=131.000000,avg_time_s=0.035152,released_listeners=1,
start_task=,name=axpy,tick=75,start_time=96477.863917,nthreads=96,
message=tick stats,tick=75,estimated_current_power=60.412500,
end_task=,name=axpy,elapsed_seconds=0.031335,predicted_seconds=0.000884,time_percent_error=97.178073,nthreads=96,end_time=96477.896129,avg_power_W=-nan,max_power_W=0.000000,avg_time_s=0.031335,released_listeners=0,
start_task=,name=axpy,tick=76,start_time=96477.896194,nthreads=96,
message=tick stats,tick=76,estimated_current_power=60.412500,
end_task=,name=axpy,elapsed_seconds=0.024260,predicted_seconds=0.000884,time_percent_error=96.355081,nthreads=96,end_time=96477.921390,avg_power_W=131.000000,max_power_W=131.000000,avg_time_s=0.024260,released_listeners=1,
start_task=,name=axpy,tick=77,start_time=96477.921425,nthreads=96,
message=tick stats,tick=77,estimated_current_power=60.412500,
end_task=,name=axpy,elapsed_seconds=0.022743,predicted_seconds=0.000884,time_percent_error=96.112076,nthreads=96,end_time=96477.945078,avg_power_W=-nan,max_power_W=0.000000,avg_time_s=0.022743,released_listeners=0,
start_task=,name=axpy,tick=78,start_time=96477.945109,nthreads=96,
message=tick stats,tick=78,estimated_current_power=60.412500,
end_task=,name=axpy,elapsed_seconds=0.028846,predicted_seconds=0.000884,time_percent_error=96.934591,nthreads=96,end_time=96477.974846,avg_power_W=130.000000,max_power_W=130.000000,avg_time_s=0.028846,released_listeners=1,
start_task=,name=axpy,tick=79,start_time=96477.974921,nthreads=96,
message=tick stats,tick=79,estimated_current_power=60.412500,
end_task=,name=axpy,elapsed_seconds=0.037675,predicted_seconds=0.000884,time_percent_error=97.652940,nthreads=96,end_time=96478.014299,avg_power_W=131.000000,max_power_W=131.000000,avg_time_s=0.037675,released_listeners=0,
start_task=,name=axpy,tick=80,start_time=96478.014371,nthreads=96,
message=tick stats,tick=80,estimated_current_power=60.412500,
end_task=,name=axpy,elapsed_seconds=0.024835,predicted_seconds=0.000884,time_percent_error=96.439455,nthreads=96,end_time=96478.040106,avg_power_W=-nan,max_power_W=0.000000,avg_time_s=0.024835,released_listeners=1,
start_task=,name=axpy,tick=81,start_time=96478.040179,nthreads=96,
message=tick stats,tick=81,estimated_current_power=60.412500,
end_task=,name=axpy,elapsed_seconds=0.025179,predicted_seconds=0.000884,time_percent_error=96.488126,nthreads=96,end_time=96478.066296,avg_power_W=129.000000,max_power_W=129.000000,avg_time_s=0.025179,released_listeners=0,
start_task=,name=axpy,tick=82,start_time=96478.066372,nthreads=96,
message=tick stats,tick=82,estimated_current_power=60.412500,
end_task=,name=axpy,elapsed_seconds=0.030747,predicted_seconds=0.000884,time_percent_error=97.124128,nthreads=96,end_time=96478.098057,avg_power_W=-nan,max_power_W=0.000000,avg_time_s=0.030747,released_listeners=1,
start_task=,name=axpy,tick=83,start_time=96478.098121,nthreads=96,
message=tick stats,tick=83,estimated_current_power=60.412500,
end_task=,name=axpy,elapsed_seconds=0.034361,predicted_seconds=0.000884,time_percent_error=97.426563,nthreads=96,end_time=96478.133408,avg_power_W=131.000000,max_power_W=131.000000,avg_time_s=0.034361,released_listeners=0,
start_task=,name=axpy,tick=84,start_time=96478.133477,nthreads=96,
message=tick stats,tick=84,estimated_current_power=60.412500,
end_task=,name=axpy,elapsed_seconds=0.037696,predicted_seconds=0.000884,time_percent_error=97.654256,nthreads=96,end_time=96478.172154,avg_power_W=132.000000,max_power_W=132.000000,avg_time_s=0.037696,released_listeners=1,
start_task=,name=dot,tick=85,start_time=96478.172240,nthreads=96,
message=tick stats,tick=85,estimated_current_power=64.808333,
end_task=,name=dot,elapsed_seconds=0.541902,predicted_seconds=0.000132,time_percent_error=99.975703,nthreads=96,end_time=96478.715864,avg_power_W=131.727273,max_power_W=133.000000,avg_time_s=0.000224,released_listeners=1,
start_task=,name=dot,tick=86,start_time=96478.715911,nthreads=96,
message=tick stats,tick=86,estimated_current_power=64.808333,
end_task=,name=dot,elapsed_seconds=0.523067,predicted_seconds=0.000132,time_percent_error=99.974828,nthreads=96,end_time=96479.239824,avg_power_W=133.100000,max_power_W=134.000000,avg_time_s=0.000211,released_listeners=1,
start_task=,name=dot,tick=87,start_time=96479.239869,nthreads=96,
message=tick stats,tick=87,estimated_current_power=64.808333,
end_task=,name=dot,elapsed_seconds=0.519782,predicted_seconds=0.000132,time_percent_error=99.974669,nthreads=96,end_time=96479.764248,avg_power_W=133.727273,max_power_W=134.000000,avg_time_s=0.000214,released_listeners=1,
start_task=,name=dot,tick=88,start_time=96479.764297,nthreads=96,
message=tick stats,tick=88,estimated_current_power=64.808333,
end_task=,name=dot,elapsed_seconds=0.524933,predicted_seconds=0.000132,time_percent_error=99.974917,nthreads=96,end_time=96480.290075,avg_power_W=133.300000,max_power_W=134.000000,avg_time_s=0.000213,released_listeners=1,
start_task=,name=dot,tick=89,start_time=96480.290117,nthreads=96,
message=tick stats,tick=89,estimated_current_power=64.808333,
end_task=,name=dot,elapsed_seconds=0.519479,predicted_seconds=0.000132,time_percent_error=99.974654,nthreads=96,end_time=96480.814255,avg_power_W=133.363636,max_power_W=134.000000,avg_time_s=0.000208,released_listeners=1,
start_task=,name=dot,tick=90,start_time=96480.814333,nthreads=96,
message=tick stats,tick=90,estimated_current_power=64.808333,
end_task=,name=dot,elapsed_seconds=0.522947,predicted_seconds=0.000132,time_percent_error=99.974822,nthreads=96,end_time=96481.337762,avg_power_W=133.100000,max_power_W=134.000000,avg_time_s=0.000227,released_listeners=1,
start_task=,name=dot,tick=91,start_time=96481.337805,nthreads=96,
message=tick stats,tick=91,estimated_current_power=64.808333,
end_task=,name=dot,elapsed_seconds=0.520307,predicted_seconds=0.000132,time_percent_error=99.974694,nthreads=96,end_time=96481.864148,avg_power_W=132.909091,max_power_W=134.000000,avg_time_s=0.000217,released_listeners=1,
start_task=,name=dot,tick=92,start_time=96481.864250,nthreads=96,
message=tick stats,tick=92,estimated_current_power=64.808333,
end_task=,name=dot,elapsed_seconds=0.521702,predicted_seconds=0.000132,time_percent_error=99.974762,nthreads=96,end_time=96482.386800,avg_power_W=133.300000,max_power_W=135.000000,avg_time_s=0.000207,released_listeners=1,
start_task=,name=sum_contribs,tick=93,start_time=96482.386878,nthreads=96,
message=tick stats,tick=93,estimated_current_power=0.000000,
end_task=,name=sum_contribs,elapsed_seconds=0.523561,predicted_seconds=0.000000,time_percent_error=100.000000,nthreads=96,end_time=96482.914009,avg_power_W=132.545455,max_power_W=135.000000,avg_time_s=0.000176,released_listeners=2,
start_task=,name=comp_beta,tick=94,start_time=96482.914074,nthreads=96,
message=tick stats,tick=94,estimated_current_power=0.000000,
end_task=,name=comp_beta,elapsed_seconds=0.522947,predicted_seconds=0.000000,time_percent_error=100.000000,nthreads=96,end_time=96483.438123,avg_power_W=129.000000,max_power_W=132.000000,avg_time_s=0.000069,released_listeners=8,
start_task=,name=assign,tick=95,start_time=96483.438186,nthreads=96,
message=tick stats,tick=95,estimated_current_power=0.000000,
end_task=,name=assign,elapsed_seconds=0.508158,predicted_seconds=0.000000,time_percent_error=100.000000,nthreads=96,end_time=96483.947816,avg_power_W=108.000000,max_power_W=111.000000,avg_time_s=0.000061,released_listeners=0,
start_task=,name=xapyprofile,tick=96,start_time=96483.947878,nthreads=96,
message=tick stats,tick=96,estimated_current_power=0.000000,
end_task=,name=xapyprofile,elapsed_seconds=0.512111,predicted_seconds=0.000000,time_percent_error=100.000000,nthreads=96,end_time=96484.464011,avg_power_W=134.181818,max_power_W=143.000000,avg_time_s=0.007879,released_listeners=1,
start_task=,name=xapyprofile,tick=97,start_time=96484.464064,nthreads=96,
message=tick stats,tick=97,estimated_current_power=0.000000,
end_task=,name=xapyprofile,elapsed_seconds=0.528331,predicted_seconds=0.000000,time_percent_error=100.000000,nthreads=96,end_time=96484.993787,avg_power_W=139.400000,max_power_W=141.000000,avg_time_s=0.008005,released_listeners=1,
start_task=,name=xapyprofile,tick=98,start_time=96484.993831,nthreads=96,
message=tick stats,tick=98,estimated_current_power=0.000000,
end_task=,name=xapyprofile,elapsed_seconds=0.523246,predicted_seconds=0.000000,time_percent_error=100.000000,nthreads=96,end_time=96485.518241,avg_power_W=139.181818,max_power_W=142.000000,avg_time_s=0.008305,released_listeners=1,
start_task=,name=xapyprofile,tick=99,start_time=96485.518315,nthreads=96,
message=tick stats,tick=99,estimated_current_power=0.000000,
end_task=,name=xapyprofile,elapsed_seconds=0.527302,predicted_seconds=0.000000,time_percent_error=100.000000,nthreads=96,end_time=96486.047169,avg_power_W=140.900000,max_power_W=142.000000,avg_time_s=0.007754,released_listeners=1,
start_task=,name=xapyprofile,tick=100,start_time=96486.047246,nthreads=96,
message=tick stats,tick=100,estimated_current_power=0.000000,
end_task=,name=xapyprofile,elapsed_seconds=0.520148,predicted_seconds=0.000000,time_percent_error=100.000000,nthreads=96,end_time=96486.568388,avg_power_W=140.090909,max_power_W=141.000000,avg_time_s=0.008002,released_listeners=1,
start_task=,name=xapyprofile,tick=101,start_time=96486.568462,nthreads=96,
message=tick stats,tick=101,estimated_current_power=0.000000,
end_task=,name=xapyprofile,elapsed_seconds=0.526902,predicted_seconds=0.000000,time_percent_error=100.000000,nthreads=96,end_time=96487.096900,avg_power_W=140.000000,max_power_W=142.000000,avg_time_s=0.007983,released_listeners=1,
start_task=,name=xapyprofile,tick=102,start_time=96487.096973,nthreads=96,
message=tick stats,tick=102,estimated_current_power=0.000000,
end_task=,name=xapyprofile,elapsed_seconds=0.521936,predicted_seconds=0.000000,time_percent_error=100.000000,nthreads=96,end_time=96487.619915,avg_power_W=140.454545,max_power_W=142.000000,avg_time_s=0.007908,released_listeners=1,
start_task=,name=xapyprofile,tick=103,start_time=96487.619988,nthreads=96,
message=tick stats,tick=103,estimated_current_power=0.000000,
end_task=,name=xapyprofile,elapsed_seconds=0.527577,predicted_seconds=0.000000,time_percent_error=100.000000,nthreads=96,end_time=96488.164192,avg_power_W=140.818182,max_power_W=142.000000,avg_time_s=0.007758,released_listeners=1,
start_task=,name=xapy,tick=104,start_time=96488.164280,nthreads=96,
message=tick stats,tick=104,estimated_current_power=63.725000,
end_task=,name=xapy,elapsed_seconds=0.023869,predicted_seconds=0.000244,time_percent_error=98.978788,nthreads=96,end_time=96488.189793,avg_power_W=-nan,max_power_W=0.000000,avg_time_s=0.023869,released_listeners=0,
start_task=,name=xapy,tick=105,start_time=96488.189830,nthreads=96,
message=tick stats,tick=105,estimated_current_power=63.725000,
end_task=,name=xapy,elapsed_seconds=0.044110,predicted_seconds=0.000244,time_percent_error=99.447409,nthreads=96,end_time=96488.234845,avg_power_W=133.000000,max_power_W=133.000000,avg_time_s=0.044110,released_listeners=0,
start_task=,name=xapy,tick=106,start_time=96488.234919,nthreads=96,
message=tick stats,tick=106,estimated_current_power=63.725000,
end_task=,name=xapy,elapsed_seconds=0.036282,predicted_seconds=0.000244,time_percent_error=99.328181,nthreads=96,end_time=96488.272078,avg_power_W=131.000000,max_power_W=131.000000,avg_time_s=0.036282,released_listeners=0,
start_task=,name=xapy,tick=107,start_time=96488.272152,nthreads=96,
message=tick stats,tick=107,estimated_current_power=63.725000,
end_task=,name=xapy,elapsed_seconds=0.033274,predicted_seconds=0.000244,time_percent_error=99.267436,nthreads=96,end_time=96488.314021,avg_power_W=131.000000,max_power_W=131.000000,avg_time_s=0.033274,released_listeners=0,
start_task=,name=xapy,tick=108,start_time=96488.314099,nthreads=96,
message=tick stats,tick=108,estimated_current_power=63.725000,
end_task=,name=xapy,elapsed_seconds=0.059618,predicted_seconds=0.000244,time_percent_error=99.591144,nthreads=96,end_time=96488.374664,avg_power_W=131.000000,max_power_W=131.000000,avg_time_s=0.059618,released_listeners=0,
start_task=,name=xapy,tick=109,start_time=96488.374741,nthreads=96,
message=tick stats,tick=109,estimated_current_power=63.725000,
end_task=,name=xapy,elapsed_seconds=0.047878,predicted_seconds=0.000244,time_percent_error=99.490897,nthreads=96,end_time=96488.423487,avg_power_W=131.000000,max_power_W=131.000000,avg_time_s=0.047878,released_listeners=0,
start_task=,name=xapy,tick=110,start_time=96488.423563,nthreads=96,
message=tick stats,tick=110,estimated_current_power=63.725000,
end_task=,name=xapy,elapsed_seconds=0.053119,predicted_seconds=0.000244,time_percent_error=99.541121,nthreads=96,end_time=96488.477599,avg_power_W=129.000000,max_power_W=129.000000,avg_time_s=0.053119,released_listeners=0,
start_task=,name=xapy,tick=111,start_time=96488.477672,nthreads=96,
message=tick stats,tick=111,estimated_current_power=63.725000,
end_task=,name=xapy,elapsed_seconds=0.049861,predicted_seconds=0.000244,time_percent_error=99.511143,nthreads=96,end_time=96488.529107,avg_power_W=131.000000,max_power_W=131.000000,avg_time_s=0.049861,released_listeners=0,
est_max_power=69.537500,
average_power_W=131.000000,
max_power_W=131.000000,
time_s=46.880794,
message=ALL DONE,
