message=cataloging configuration,max_threads=106,power_limit=inf,
start_task=,name=start,tick=1,start_time=186208.045377,nthreads=106,
message=tick stats,tick=1,estimated_current_power=0.000000,
end_task=,name=start,elapsed_seconds=0.511267,predicted_seconds=0.000000,time_percent_error=100.000000,nthreads=106,end_time=186208.562272,avg_power_W=114.600000,max_power_W=122.000000,avg_time_s=0.000000,released_listeners=8,
start_task=,name=spmv,tick=2,start_time=186208.562362,nthreads=106,
message=tick stats,tick=2,estimated_current_power=76.350000,
end_task=,name=spmv,elapsed_seconds=0.510812,predicted_seconds=0.004412,time_percent_error=99.136216,nthreads=106,end_time=186209.073792,avg_power_W=137.700000,max_power_W=162.000000,avg_time_s=0.007512,released_listeners=1,
start_task=,name=spmv,tick=3,start_time=186209.073871,nthreads=106,
message=tick stats,tick=3,estimated_current_power=76.350000,
end_task=,name=spmv,elapsed_seconds=0.528067,predicted_seconds=0.004412,time_percent_error=99.164441,nthreads=106,end_time=186209.611963,avg_power_W=161.818182,max_power_W=165.000000,avg_time_s=0.005078,released_listeners=1,
start_task=,name=spmv,tick=4,start_time=186209.612048,nthreads=106,
message=tick stats,tick=4,estimated_current_power=76.350000,
end_task=,name=spmv,elapsed_seconds=0.524053,predicted_seconds=0.004412,time_percent_error=99.158040,nthreads=106,end_time=186210.136645,avg_power_W=162.800000,max_power_W=165.000000,avg_time_s=0.004944,released_listeners=1,
start_task=,name=spmv,tick=5,start_time=186210.136725,nthreads=106,
message=tick stats,tick=5,estimated_current_power=76.350000,
end_task=,name=spmv,elapsed_seconds=0.526659,predicted_seconds=0.004412,time_percent_error=99.162206,nthreads=106,end_time=186210.665097,avg_power_W=163.272727,max_power_W=165.000000,avg_time_s=0.005113,released_listeners=1,
start_task=,name=spmv,tick=6,start_time=186210.665186,nthreads=106,
message=tick stats,tick=6,estimated_current_power=76.350000,
end_task=,name=spmv,elapsed_seconds=0.518781,predicted_seconds=0.004412,time_percent_error=99.149484,nthreads=106,end_time=186211.184552,avg_power_W=163.800000,max_power_W=166.000000,avg_time_s=0.004941,released_listeners=1,
start_task=,name=spmv,tick=7,start_time=186211.184632,nthreads=106,
message=tick stats,tick=7,estimated_current_power=76.350000,
end_task=,name=spmv,elapsed_seconds=0.530302,predicted_seconds=0.004412,time_percent_error=99.167963,nthreads=106,end_time=186211.716643,avg_power_W=165.181818,max_power_W=169.000000,avg_time_s=0.005050,released_listeners=1,
start_task=,name=spmv,tick=8,start_time=186211.716725,nthreads=106,
message=tick stats,tick=8,estimated_current_power=76.350000,
end_task=,name=spmv,elapsed_seconds=0.527730,predicted_seconds=0.004412,time_percent_error=99.163907,nthreads=106,end_time=186212.245070,avg_power_W=164.200000,max_power_W=166.000000,avg_time_s=0.005331,released_listeners=1,
start_task=,name=spmv,tick=9,start_time=186212.245155,nthreads=106,
message=tick stats,tick=9,estimated_current_power=76.350000,
end_task=,name=spmv,elapsed_seconds=0.527320,predicted_seconds=0.004412,time_percent_error=99.163257,nthreads=106,end_time=186212.774181,avg_power_W=163.545455,max_power_W=166.000000,avg_time_s=0.005610,released_listeners=1,
start_task=,name=subtract,tick=10,start_time=186212.774293,nthreads=106,
message=tick stats,tick=10,estimated_current_power=61.225000,
end_task=,name=subtract,elapsed_seconds=0.517097,predicted_seconds=0.000263,time_percent_error=99.949091,nthreads=106,end_time=186213.291865,avg_power_W=153.200000,max_power_W=166.000000,avg_time_s=0.000513,released_listeners=2,
start_task=,name=subtract,tick=11,start_time=186213.291909,nthreads=106,
message=tick stats,tick=11,estimated_current_power=61.225000,
end_task=,name=subtract,elapsed_seconds=0.519859,predicted_seconds=0.000263,time_percent_error=99.949361,nthreads=106,end_time=186213.812992,avg_power_W=152.545455,max_power_W=154.000000,avg_time_s=0.000279,released_listeners=2,
start_task=,name=subtract,tick=12,start_time=186213.813059,nthreads=106,
message=tick stats,tick=12,estimated_current_power=61.225000,
end_task=,name=subtract,elapsed_seconds=0.518485,predicted_seconds=0.000263,time_percent_error=99.949227,nthreads=106,end_time=186214.332100,avg_power_W=153.300000,max_power_W=154.000000,avg_time_s=0.000291,released_listeners=2,
start_task=,name=subtract,tick=13,start_time=186214.332146,nthreads=106,
message=tick stats,tick=13,estimated_current_power=61.225000,
end_task=,name=subtract,elapsed_seconds=0.519458,predicted_seconds=0.000263,time_percent_error=99.949322,nthreads=106,end_time=186214.862386,avg_power_W=153.909091,max_power_W=155.000000,avg_time_s=0.000272,released_listeners=2,
start_task=,name=subtract,tick=14,start_time=186214.862474,nthreads=106,
message=tick stats,tick=14,estimated_current_power=61.225000,
end_task=,name=subtract,elapsed_seconds=0.523531,predicted_seconds=0.000263,time_percent_error=99.949716,nthreads=106,end_time=186215.386780,avg_power_W=153.400000,max_power_W=155.000000,avg_time_s=0.000293,released_listeners=2,
start_task=,name=subtract,tick=15,start_time=186215.386824,nthreads=106,
message=tick stats,tick=15,estimated_current_power=61.225000,
end_task=,name=subtract,elapsed_seconds=0.516128,predicted_seconds=0.000263,time_percent_error=99.948995,nthreads=106,end_time=186215.912721,avg_power_W=154.090909,max_power_W=155.000000,avg_time_s=0.000281,released_listeners=2,
start_task=,name=subtract,tick=16,start_time=186215.912818,nthreads=106,
message=tick stats,tick=16,estimated_current_power=61.225000,
end_task=,name=subtract,elapsed_seconds=0.518663,predicted_seconds=0.000263,time_percent_error=99.949244,nthreads=106,end_time=186216.432340,avg_power_W=153.900000,max_power_W=155.000000,avg_time_s=0.000289,released_listeners=2,
start_task=,name=subtract,tick=17,start_time=186216.432386,nthreads=106,
message=tick stats,tick=17,estimated_current_power=61.225000,
end_task=,name=subtract,elapsed_seconds=0.531934,predicted_seconds=0.000263,time_percent_error=99.950511,nthreads=106,end_time=186216.965326,avg_power_W=154.000000,max_power_W=155.000000,avg_time_s=0.000288,released_listeners=2,
start_task=,name=copy,tick=18,start_time=186216.965370,nthreads=106,
message=tick stats,tick=18,estimated_current_power=63.725000,
end_task=,name=copy,elapsed_seconds=0.517580,predicted_seconds=0.000141,time_percent_error=99.972758,nthreads=106,end_time=186217.483763,avg_power_W=154.800000,max_power_W=156.000000,avg_time_s=0.000163,released_listeners=1,
start_task=,name=dot,tick=19,start_time=186217.483809,nthreads=106,
message=tick stats,tick=19,estimated_current_power=65.850000,
end_task=,name=dot,elapsed_seconds=0.525288,predicted_seconds=0.000130,time_percent_error=99.975283,nthreads=106,end_time=186218.013876,avg_power_W=155.181818,max_power_W=156.000000,avg_time_s=0.000135,released_listeners=1,
start_task=,name=copy,tick=20,start_time=186218.013960,nthreads=106,
message=tick stats,tick=20,estimated_current_power=63.725000,
end_task=,name=copy,elapsed_seconds=0.537525,predicted_seconds=0.000141,time_percent_error=99.973769,nthreads=106,end_time=186218.562235,avg_power_W=155.363636,max_power_W=156.000000,avg_time_s=0.000170,released_listeners=1,
start_task=,name=dot,tick=21,start_time=186218.562307,nthreads=106,
message=tick stats,tick=21,estimated_current_power=65.850000,
end_task=,name=dot,elapsed_seconds=0.519171,predicted_seconds=0.000130,time_percent_error=99.974992,nthreads=106,end_time=186219.081899,avg_power_W=155.300000,max_power_W=156.000000,avg_time_s=0.000132,released_listeners=1,
start_task=,name=copy,tick=22,start_time=186219.081953,nthreads=106,
message=tick stats,tick=22,estimated_current_power=63.725000,
end_task=,name=copy,elapsed_seconds=0.519817,predicted_seconds=0.000141,time_percent_error=99.972875,nthreads=106,end_time=186219.611651,avg_power_W=155.727273,max_power_W=156.000000,avg_time_s=0.000168,released_listeners=1,
start_task=,name=dot,tick=23,start_time=186219.611741,nthreads=106,
message=tick stats,tick=23,estimated_current_power=65.850000,
end_task=,name=dot,elapsed_seconds=0.523751,predicted_seconds=0.000130,time_percent_error=99.975211,nthreads=106,end_time=186220.136372,avg_power_W=154.500000,max_power_W=156.000000,avg_time_s=0.000131,released_listeners=1,
start_task=,name=copy,tick=24,start_time=186220.136436,nthreads=106,
message=tick stats,tick=24,estimated_current_power=63.725000,
end_task=,name=copy,elapsed_seconds=0.516692,predicted_seconds=0.000141,time_percent_error=99.972711,nthreads=106,end_time=186220.661621,avg_power_W=155.454545,max_power_W=156.000000,avg_time_s=0.000161,released_listeners=1,
start_task=,name=dot,tick=25,start_time=186220.661692,nthreads=106,
message=tick stats,tick=25,estimated_current_power=65.850000,
end_task=,name=dot,elapsed_seconds=0.532873,predicted_seconds=0.000130,time_percent_error=99.975635,nthreads=106,end_time=186221.195144,avg_power_W=155.400000,max_power_W=156.000000,avg_time_s=0.000137,released_listeners=1,
start_task=,name=copy,tick=26,start_time=186221.195199,nthreads=106,
message=tick stats,tick=26,estimated_current_power=63.725000,
end_task=,name=copy,elapsed_seconds=0.526220,predicted_seconds=0.000141,time_percent_error=99.973205,nthreads=106,end_time=186221.721983,avg_power_W=155.818182,max_power_W=156.000000,avg_time_s=0.000158,released_listeners=1,
start_task=,name=dot,tick=27,start_time=186221.722059,nthreads=106,
message=tick stats,tick=27,estimated_current_power=65.850000,
end_task=,name=dot,elapsed_seconds=0.523618,predicted_seconds=0.000130,time_percent_error=99.975205,nthreads=106,end_time=186222.261713,avg_power_W=155.090909,max_power_W=156.000000,avg_time_s=0.000132,released_listeners=1,
start_task=,name=copy,tick=28,start_time=186222.261810,nthreads=106,
message=tick stats,tick=28,estimated_current_power=63.725000,
end_task=,name=copy,elapsed_seconds=0.521508,predicted_seconds=0.000141,time_percent_error=99.972963,nthreads=106,end_time=186222.783962,avg_power_W=155.700000,max_power_W=156.000000,avg_time_s=0.000167,released_listeners=1,
start_task=,name=dot,tick=29,start_time=186222.784010,nthreads=106,
message=tick stats,tick=29,estimated_current_power=65.850000,
end_task=,name=dot,elapsed_seconds=0.529379,predicted_seconds=0.000130,time_percent_error=99.975474,nthreads=106,end_time=186223.314082,avg_power_W=155.181818,max_power_W=156.000000,avg_time_s=0.000136,released_listeners=1,
start_task=,name=copy,tick=30,start_time=186223.314139,nthreads=106,
message=tick stats,tick=30,estimated_current_power=63.725000,
end_task=,name=copy,elapsed_seconds=0.517335,predicted_seconds=0.000141,time_percent_error=99.972745,nthreads=106,end_time=186223.832068,avg_power_W=155.700000,max_power_W=156.000000,avg_time_s=0.000155,released_listeners=1,
start_task=,name=dot,tick=31,start_time=186223.832124,nthreads=106,
message=tick stats,tick=31,estimated_current_power=65.850000,
end_task=,name=dot,elapsed_seconds=0.519213,predicted_seconds=0.000130,time_percent_error=99.974994,nthreads=106,end_time=186224.361863,avg_power_W=155.636364,max_power_W=156.000000,avg_time_s=0.000135,released_listeners=1,
start_task=,name=copy,tick=32,start_time=186224.361963,nthreads=106,
message=tick stats,tick=32,estimated_current_power=63.725000,
end_task=,name=copy,elapsed_seconds=0.529456,predicted_seconds=0.000141,time_percent_error=99.973369,nthreads=106,end_time=186224.892206,avg_power_W=155.700000,max_power_W=156.000000,avg_time_s=0.000161,released_listeners=1,
start_task=,name=dot,tick=33,start_time=186224.892260,nthreads=106,
message=tick stats,tick=33,estimated_current_power=65.850000,
end_task=,name=dot,elapsed_seconds=0.519202,predicted_seconds=0.000130,time_percent_error=99.974994,nthreads=106,end_time=186225.412011,avg_power_W=155.909091,max_power_W=156.000000,avg_time_s=0.000136,released_listeners=1,
start_task=,name=spmv,tick=34,start_time=186225.412070,nthreads=106,
message=tick stats,tick=34,estimated_current_power=76.350000,
end_task=,name=spmv,elapsed_seconds=0.523275,predicted_seconds=0.004412,time_percent_error=99.156789,nthreads=106,end_time=186225.936457,avg_power_W=167.100000,max_power_W=171.000000,avg_time_s=0.004801,released_listeners=1,
start_task=,name=spmv,tick=35,start_time=186225.936538,nthreads=106,
message=tick stats,tick=35,estimated_current_power=76.350000,
end_task=,name=spmv,elapsed_seconds=0.515880,predicted_seconds=0.004412,time_percent_error=99.144701,nthreads=106,end_time=186226.461600,avg_power_W=169.181818,max_power_W=171.000000,avg_time_s=0.004733,released_listeners=1,
start_task=,name=spmv,tick=36,start_time=186226.461654,nthreads=106,
message=tick stats,tick=36,estimated_current_power=76.350000,
end_task=,name=spmv,elapsed_seconds=0.523803,predicted_seconds=0.004412,time_percent_error=99.157639,nthreads=106,end_time=186226.986523,avg_power_W=167.900000,max_power_W=171.000000,avg_time_s=0.004806,released_listeners=1,
start_task=,name=spmv,tick=37,start_time=186226.986604,nthreads=106,
message=tick stats,tick=37,estimated_current_power=76.350000,
end_task=,name=spmv,elapsed_seconds=0.518659,predicted_seconds=0.004412,time_percent_error=99.149285,nthreads=106,end_time=186227.511846,avg_power_W=169.545455,max_power_W=171.000000,avg_time_s=0.004758,released_listeners=1,
start_task=,name=spmv,tick=38,start_time=186227.511932,nthreads=106,
message=tick stats,tick=38,estimated_current_power=76.350000,
end_task=,name=spmv,elapsed_seconds=0.542658,predicted_seconds=0.004412,time_percent_error=99.186907,nthreads=106,end_time=186228.062012,avg_power_W=167.636364,max_power_W=171.000000,avg_time_s=0.005025,released_listeners=1,
start_task=,name=spmv,tick=39,start_time=186228.062104,nthreads=106,
message=tick stats,tick=39,estimated_current_power=76.350000,
end_task=,name=spmv,elapsed_seconds=0.520942,predicted_seconds=0.004412,time_percent_error=99.153013,nthreads=106,end_time=186228.583832,avg_power_W=169.400000,max_power_W=171.000000,avg_time_s=0.004824,released_listeners=1,
start_task=,name=spmv,tick=40,start_time=186228.583913,nthreads=106,
message=tick stats,tick=40,estimated_current_power=76.350000,
end_task=,name=spmv,elapsed_seconds=0.518523,predicted_seconds=0.004412,time_percent_error=99.149061,nthreads=106,end_time=186229.112091,avg_power_W=169.909091,max_power_W=171.000000,avg_time_s=0.004846,released_listeners=1,
start_task=,name=spmv,tick=41,start_time=186229.112176,nthreads=106,
message=tick stats,tick=41,estimated_current_power=76.350000,
end_task=,name=spmv,elapsed_seconds=0.521281,predicted_seconds=0.004412,time_percent_error=99.153564,nthreads=106,end_time=186229.634161,avg_power_W=169.500000,max_power_W=171.000000,avg_time_s=0.004782,released_listeners=1,
start_task=,name=sum_contribs,tick=42,start_time=186229.634242,nthreads=106,
message=tick stats,tick=42,estimated_current_power=0.000000,
end_task=,name=sum_contribs,elapsed_seconds=0.517455,predicted_seconds=0.000000,time_percent_error=100.000000,nthreads=106,end_time=186230.163224,avg_power_W=156.090909,max_power_W=171.000000,avg_time_s=0.000117,released_listeners=1,
start_task=,name=dot,tick=43,start_time=186230.163329,nthreads=106,
message=tick stats,tick=43,estimated_current_power=65.850000,
end_task=,name=dot,elapsed_seconds=0.517855,predicted_seconds=0.000130,time_percent_error=99.974929,nthreads=106,end_time=186230.682002,avg_power_W=156.100000,max_power_W=158.000000,avg_time_s=0.000156,released_listeners=1,
start_task=,name=dot,tick=44,start_time=186230.682058,nthreads=106,
message=tick stats,tick=44,estimated_current_power=65.850000,
end_task=,name=dot,elapsed_seconds=0.519338,predicted_seconds=0.000130,time_percent_error=99.975000,nthreads=106,end_time=186231.211916,avg_power_W=156.636364,max_power_W=158.000000,avg_time_s=0.000148,released_listeners=1,
start_task=,name=dot,tick=45,start_time=186231.212017,nthreads=106,
message=tick stats,tick=45,estimated_current_power=65.850000,
end_task=,name=dot,elapsed_seconds=0.519765,predicted_seconds=0.000130,time_percent_error=99.975021,nthreads=106,end_time=186231.732615,avg_power_W=157.000000,max_power_W=159.000000,avg_time_s=0.000157,released_listeners=1,
start_task=,name=dot,tick=46,start_time=186231.732669,nthreads=106,
message=tick stats,tick=46,estimated_current_power=65.850000,
end_task=,name=dot,elapsed_seconds=0.518696,predicted_seconds=0.000130,time_percent_error=99.974969,nthreads=106,end_time=186232.262039,avg_power_W=156.454545,max_power_W=157.000000,avg_time_s=0.000148,released_listeners=1,
start_task=,name=dot,tick=47,start_time=186232.262155,nthreads=106,
message=tick stats,tick=47,estimated_current_power=65.850000,
end_task=,name=dot,elapsed_seconds=0.539223,predicted_seconds=0.000130,time_percent_error=99.975922,nthreads=106,end_time=186232.812016,avg_power_W=156.272727,max_power_W=159.000000,avg_time_s=0.000163,released_listeners=1,
start_task=,name=dot,tick=48,start_time=186232.812123,nthreads=106,
message=tick stats,tick=48,estimated_current_power=65.850000,
end_task=,name=dot,elapsed_seconds=0.519233,predicted_seconds=0.000130,time_percent_error=99.974995,nthreads=106,end_time=186233.332038,avg_power_W=156.400000,max_power_W=158.000000,avg_time_s=0.000156,released_listeners=1,
start_task=,name=dot,tick=49,start_time=186233.332095,nthreads=106,
message=tick stats,tick=49,estimated_current_power=65.850000,
end_task=,name=dot,elapsed_seconds=0.521363,predicted_seconds=0.000130,time_percent_error=99.975097,nthreads=106,end_time=186233.861997,avg_power_W=157.090909,max_power_W=159.000000,avg_time_s=0.000152,released_listeners=1,
start_task=,name=dot,tick=50,start_time=186233.862061,nthreads=106,
message=tick stats,tick=50,estimated_current_power=65.850000,
end_task=,name=dot,elapsed_seconds=0.519331,predicted_seconds=0.000130,time_percent_error=99.975000,nthreads=106,end_time=186234.382116,avg_power_W=156.100000,max_power_W=157.000000,avg_time_s=0.000148,released_listeners=1,
start_task=,name=sum_contribs,tick=51,start_time=186234.382172,nthreads=106,
message=tick stats,tick=51,estimated_current_power=0.000000,
end_task=,name=sum_contribs,elapsed_seconds=0.519316,predicted_seconds=0.000000,time_percent_error=100.000000,nthreads=106,end_time=186234.911696,avg_power_W=153.727273,max_power_W=157.000000,avg_time_s=0.000118,released_listeners=1,
start_task=,name=comp_alpha,tick=52,start_time=186234.911796,nthreads=106,
message=tick stats,tick=52,estimated_current_power=0.000000,
end_task=,name=comp_alpha,elapsed_seconds=0.519571,predicted_seconds=0.000000,time_percent_error=100.000000,nthreads=106,end_time=186235.431904,avg_power_W=151.700000,max_power_W=153.000000,avg_time_s=0.000051,released_listeners=16,
start_task=,name=axpyprofile,tick=53,start_time=186235.431980,nthreads=106,
message=tick stats,tick=53,estimated_current_power=0.000000,
end_task=,name=axpyprofile,elapsed_seconds=0.506432,predicted_seconds=0.000000,time_percent_error=100.000000,nthreads=106,end_time=186235.939703,avg_power_W=160.800000,max_power_W=167.000000,avg_time_s=0.005755,released_listeners=1,
start_task=,name=axpyprofile,tick=54,start_time=186235.939784,nthreads=106,
message=tick stats,tick=54,estimated_current_power=0.000000,
end_task=,name=axpyprofile,elapsed_seconds=0.525154,predicted_seconds=0.000000,time_percent_error=100.000000,nthreads=106,end_time=186236.465674,avg_power_W=165.363636,max_power_W=167.000000,avg_time_s=0.005901,released_listeners=1,
start_task=,name=axpyprofile,tick=55,start_time=186236.465756,nthreads=106,
message=tick stats,tick=55,estimated_current_power=0.000000,
end_task=,name=axpyprofile,elapsed_seconds=0.518033,predicted_seconds=0.000000,time_percent_error=100.000000,nthreads=106,end_time=186236.984884,avg_power_W=164.400000,max_power_W=167.000000,avg_time_s=0.005954,released_listeners=1,
start_task=,name=axpyprofile,tick=56,start_time=186236.984966,nthreads=106,
message=tick stats,tick=56,estimated_current_power=0.000000,
end_task=,name=axpyprofile,elapsed_seconds=0.519050,predicted_seconds=0.000000,time_percent_error=100.000000,nthreads=106,end_time=186237.512117,avg_power_W=165.181818,max_power_W=167.000000,avg_time_s=0.005966,released_listeners=1,
start_task=,name=axpyprofile,tick=57,start_time=186237.512203,nthreads=106,
message=tick stats,tick=57,estimated_current_power=0.000000,
end_task=,name=axpyprofile,elapsed_seconds=0.522621,predicted_seconds=0.000000,time_percent_error=100.000000,nthreads=106,end_time=186238.035973,avg_power_W=165.700000,max_power_W=167.000000,avg_time_s=0.005807,released_listeners=1,
start_task=,name=axpyprofile,tick=58,start_time=186238.036067,nthreads=106,
message=tick stats,tick=58,estimated_current_power=0.000000,
end_task=,name=axpyprofile,elapsed_seconds=0.517489,predicted_seconds=0.000000,time_percent_error=100.000000,nthreads=106,end_time=186238.562079,avg_power_W=166.363636,max_power_W=167.000000,avg_time_s=0.005750,released_listeners=1,
start_task=,name=axpyprofile,tick=59,start_time=186238.562164,nthreads=106,
message=tick stats,tick=59,estimated_current_power=0.000000,
end_task=,name=axpyprofile,elapsed_seconds=0.523353,predicted_seconds=0.000000,time_percent_error=100.000000,nthreads=106,end_time=186239.086661,avg_power_W=165.600000,max_power_W=168.000000,avg_time_s=0.005880,released_listeners=1,
start_task=,name=axpyprofile,tick=60,start_time=186239.086743,nthreads=106,
message=tick stats,tick=60,estimated_current_power=0.000000,
end_task=,name=axpyprofile,elapsed_seconds=0.517876,predicted_seconds=0.000000,time_percent_error=100.000000,nthreads=106,end_time=186239.611809,avg_power_W=165.454545,max_power_W=166.000000,avg_time_s=0.005885,released_listeners=1,
start_task=,name=axpyprofile,tick=61,start_time=186239.611894,nthreads=106,
message=tick stats,tick=61,estimated_current_power=0.000000,
end_task=,name=axpyprofile,elapsed_seconds=0.521016,predicted_seconds=0.000000,time_percent_error=100.000000,nthreads=106,end_time=186240.134060,avg_power_W=165.400000,max_power_W=167.000000,avg_time_s=0.006058,released_listeners=1,
start_task=,name=axpyprofile,tick=62,start_time=186240.134143,nthreads=106,
message=tick stats,tick=62,estimated_current_power=0.000000,
end_task=,name=axpyprofile,elapsed_seconds=0.518197,predicted_seconds=0.000000,time_percent_error=100.000000,nthreads=106,end_time=186240.662097,avg_power_W=166.363636,max_power_W=167.000000,avg_time_s=0.006096,released_listeners=1,
start_task=,name=axpyprofile,tick=63,start_time=186240.662186,nthreads=106,
message=tick stats,tick=63,estimated_current_power=0.000000,
end_task=,name=axpyprofile,elapsed_seconds=0.519659,predicted_seconds=0.000000,time_percent_error=100.000000,nthreads=106,end_time=186241.183136,avg_power_W=165.400000,max_power_W=167.000000,avg_time_s=0.006114,released_listeners=1,
start_task=,name=axpyprofile,tick=64,start_time=186241.183222,nthreads=106,
message=tick stats,tick=64,estimated_current_power=0.000000,
end_task=,name=axpyprofile,elapsed_seconds=0.518904,predicted_seconds=0.000000,time_percent_error=100.000000,nthreads=106,end_time=186241.711692,avg_power_W=166.090909,max_power_W=167.000000,avg_time_s=0.006177,released_listeners=1,
start_task=,name=axpyprofile,tick=65,start_time=186241.711777,nthreads=106,
message=tick stats,tick=65,estimated_current_power=0.000000,
end_task=,name=axpyprofile,elapsed_seconds=0.519707,predicted_seconds=0.000000,time_percent_error=100.000000,nthreads=106,end_time=186242.232646,avg_power_W=164.700000,max_power_W=167.000000,avg_time_s=0.006262,released_listeners=1,
start_task=,name=axpyprofile,tick=66,start_time=186242.232729,nthreads=106,
message=tick stats,tick=66,estimated_current_power=0.000000,
end_task=,name=axpyprofile,elapsed_seconds=0.521444,predicted_seconds=0.000000,time_percent_error=100.000000,nthreads=106,end_time=186242.761481,avg_power_W=165.000000,max_power_W=167.000000,avg_time_s=0.006208,released_listeners=1,
start_task=,name=axpyprofile,tick=67,start_time=186242.761535,nthreads=106,
message=tick stats,tick=67,estimated_current_power=0.000000,
end_task=,name=axpyprofile,elapsed_seconds=0.524794,predicted_seconds=0.000000,time_percent_error=100.000000,nthreads=106,end_time=186243.287464,avg_power_W=165.300000,max_power_W=167.000000,avg_time_s=0.006174,released_listeners=1,
start_task=,name=axpyprofile,tick=68,start_time=186243.287546,nthreads=106,
message=tick stats,tick=68,estimated_current_power=0.000000,
end_task=,name=axpyprofile,elapsed_seconds=0.524519,predicted_seconds=0.000000,time_percent_error=100.000000,nthreads=106,end_time=186243.812885,avg_power_W=166.181818,max_power_W=167.000000,avg_time_s=0.006244,released_listeners=1,
start_task=,name=axpy,tick=69,start_time=186243.812967,nthreads=106,
message=tick stats,tick=69,estimated_current_power=68.412500,
end_task=,name=axpy,elapsed_seconds=0.024927,predicted_seconds=0.005408,time_percent_error=78.303565,nthreads=106,end_time=186243.838498,avg_power_W=-nan,max_power_W=0.000000,avg_time_s=0.024927,released_listeners=0,
start_task=,name=axpy,tick=70,start_time=186243.838532,nthreads=106,
message=tick stats,tick=70,estimated_current_power=68.412500,
end_task=,name=axpy,elapsed_seconds=0.037995,predicted_seconds=0.005408,time_percent_error=85.766200,nthreads=106,end_time=186243.877193,avg_power_W=167.000000,max_power_W=167.000000,avg_time_s=0.037995,released_listeners=0,
start_task=,name=axpy,tick=71,start_time=186243.877273,nthreads=106,
message=tick stats,tick=71,estimated_current_power=68.412500,
end_task=,name=axpy,elapsed_seconds=0.020511,predicted_seconds=0.005408,time_percent_error=73.632775,nthreads=106,end_time=186243.911721,avg_power_W=155.000000,max_power_W=155.000000,avg_time_s=0.020511,released_listeners=1,
start_task=,name=axpy,tick=72,start_time=186243.911806,nthreads=106,
message=tick stats,tick=72,estimated_current_power=68.412500,
end_task=,name=axpy,elapsed_seconds=0.024320,predicted_seconds=0.005408,time_percent_error=77.762792,nthreads=106,end_time=186243.936864,avg_power_W=-nan,max_power_W=0.000000,avg_time_s=0.024320,released_listeners=1,
start_task=,name=axpy,tick=73,start_time=186243.936931,nthreads=106,
message=tick stats,tick=73,estimated_current_power=68.412500,
end_task=,name=axpy,elapsed_seconds=0.030045,predicted_seconds=0.005408,time_percent_error=81.999817,nthreads=106,end_time=186243.968027,avg_power_W=151.000000,max_power_W=151.000000,avg_time_s=0.030045,released_listeners=0,
start_task=,name=axpy,tick=74,start_time=186243.968114,nthreads=106,
message=tick stats,tick=74,estimated_current_power=68.412500,
end_task=,name=axpy,elapsed_seconds=0.031914,predicted_seconds=0.005408,time_percent_error=83.054063,nthreads=106,end_time=186244.011769,avg_power_W=153.000000,max_power_W=153.000000,avg_time_s=0.031914,released_listeners=1,
start_task=,name=axpy,tick=75,start_time=186244.011855,nthreads=106,
message=tick stats,tick=75,estimated_current_power=68.412500,
end_task=,name=axpy,elapsed_seconds=0.025237,predicted_seconds=0.005408,time_percent_error=78.570296,nthreads=106,end_time=186244.038199,avg_power_W=-nan,max_power_W=0.000000,avg_time_s=0.025237,released_listeners=0,
start_task=,name=axpy,tick=76,start_time=186244.038264,nthreads=106,
message=tick stats,tick=76,estimated_current_power=68.412500,
end_task=,name=axpy,elapsed_seconds=0.028763,predicted_seconds=0.005408,time_percent_error=81.197310,nthreads=106,end_time=186244.068152,avg_power_W=153.000000,max_power_W=153.000000,avg_time_s=0.028763,released_listeners=1,
start_task=,name=axpy,tick=77,start_time=186244.068233,nthreads=106,
message=tick stats,tick=77,estimated_current_power=68.412500,
end_task=,name=axpy,elapsed_seconds=0.047911,predicted_seconds=0.005408,time_percent_error=88.712068,nthreads=106,end_time=186244.117259,avg_power_W=152.000000,max_power_W=152.000000,avg_time_s=0.047911,released_listeners=0,
start_task=,name=axpy,tick=78,start_time=186244.117340,nthreads=106,
message=tick stats,tick=78,estimated_current_power=68.412500,
end_task=,name=axpy,elapsed_seconds=0.042059,predicted_seconds=0.005408,time_percent_error=87.141364,nthreads=106,end_time=186244.162222,avg_power_W=151.000000,max_power_W=151.000000,avg_time_s=0.042059,released_listeners=1,
start_task=,name=axpy,tick=79,start_time=186244.162308,nthreads=106,
message=tick stats,tick=79,estimated_current_power=68.412500,
end_task=,name=axpy,elapsed_seconds=0.054641,predicted_seconds=0.005408,time_percent_error=90.102366,nthreads=106,end_time=186244.218076,avg_power_W=152.000000,max_power_W=152.000000,avg_time_s=0.054641,released_listeners=0,
start_task=,name=axpy,tick=80,start_time=186244.218157,nthreads=106,
message=tick stats,tick=80,estimated_current_power=68.412500,
end_task=,name=axpy,elapsed_seconds=0.038468,predicted_seconds=0.005408,time_percent_error=85.941158,nthreads=106,end_time=186244.262394,avg_power_W=151.000000,max_power_W=151.000000,avg_time_s=0.038468,released_listeners=1,
start_task=,name=axpy,tick=81,start_time=186244.262488,nthreads=106,
message=tick stats,tick=81,estimated_current_power=68.412500,
end_task=,name=axpy,elapsed_seconds=0.026935,predicted_seconds=0.005408,time_percent_error=79.921109,nthreads=106,end_time=186244.290518,avg_power_W=-nan,max_power_W=0.000000,avg_time_s=0.026935,released_listeners=0,
start_task=,name=axpy,tick=82,start_time=186244.290585,nthreads=106,
message=tick stats,tick=82,estimated_current_power=68.412500,
end_task=,name=axpy,elapsed_seconds=0.028484,predicted_seconds=0.005408,time_percent_error=81.013570,nthreads=106,end_time=186244.320133,avg_power_W=150.000000,max_power_W=150.000000,avg_time_s=0.028484,released_listeners=1,
start_task=,name=axpy,tick=83,start_time=186244.320215,nthreads=106,
message=tick stats,tick=83,estimated_current_power=68.412500,
end_task=,name=axpy,elapsed_seconds=0.025889,predicted_seconds=0.005408,time_percent_error=79.110139,nthreads=106,end_time=186244.361777,avg_power_W=152.000000,max_power_W=152.000000,avg_time_s=0.025889,released_listeners=0,
start_task=,name=axpy,tick=84,start_time=186244.361862,nthreads=106,
message=tick stats,tick=84,estimated_current_power=68.412500,
end_task=,name=axpy,elapsed_seconds=0.025061,predicted_seconds=0.005408,time_percent_error=78.420300,nthreads=106,end_time=186244.387627,avg_power_W=-nan,max_power_W=0.000000,avg_time_s=0.025061,released_listeners=1,
start_task=,name=dot,tick=85,start_time=186244.387692,nthreads=106,
message=tick stats,tick=85,estimated_current_power=65.850000,
end_task=,name=dot,elapsed_seconds=0.524052,predicted_seconds=0.000130,time_percent_error=99.975225,nthreads=106,end_time=186244.912530,avg_power_W=155.636364,max_power_W=157.000000,avg_time_s=0.000141,released_listeners=1,
start_task=,name=dot,tick=86,start_time=186244.912590,nthreads=106,
message=tick stats,tick=86,estimated_current_power=65.850000,
end_task=,name=dot,elapsed_seconds=0.520355,predicted_seconds=0.000130,time_percent_error=99.975049,nthreads=106,end_time=186245.433541,avg_power_W=155.800000,max_power_W=157.000000,avg_time_s=0.000136,released_listeners=1,
start_task=,name=dot,tick=87,start_time=186245.433602,nthreads=106,
message=tick stats,tick=87,estimated_current_power=65.850000,
end_task=,name=dot,elapsed_seconds=0.516379,predicted_seconds=0.000130,time_percent_error=99.974857,nthreads=106,end_time=186245.961706,avg_power_W=156.363636,max_power_W=157.000000,avg_time_s=0.000139,released_listeners=1,
start_task=,name=dot,tick=88,start_time=186245.961810,nthreads=106,
message=tick stats,tick=88,estimated_current_power=65.850000,
end_task=,name=dot,elapsed_seconds=0.519544,predicted_seconds=0.000130,time_percent_error=99.975010,nthreads=106,end_time=186246.482214,avg_power_W=155.700000,max_power_W=156.000000,avg_time_s=0.000136,released_listeners=1,
start_task=,name=dot,tick=89,start_time=186246.482270,nthreads=106,
message=tick stats,tick=89,estimated_current_power=65.850000,
end_task=,name=dot,elapsed_seconds=0.549062,predicted_seconds=0.000130,time_percent_error=99.976354,nthreads=106,end_time=186247.031860,avg_power_W=155.727273,max_power_W=157.000000,avg_time_s=0.000147,released_listeners=1,
start_task=,name=dot,tick=90,start_time=186247.031912,nthreads=106,
message=tick stats,tick=90,estimated_current_power=65.850000,
end_task=,name=dot,elapsed_seconds=0.519490,predicted_seconds=0.000130,time_percent_error=99.975008,nthreads=106,end_time=186247.561489,avg_power_W=156.090909,max_power_W=157.000000,avg_time_s=0.000136,released_listeners=1,
start_task=,name=dot,tick=91,start_time=186247.561592,nthreads=106,
message=tick stats,tick=91,estimated_current_power=65.850000,
end_task=,name=dot,elapsed_seconds=0.524353,predicted_seconds=0.000130,time_percent_error=99.975239,nthreads=106,end_time=186248.086778,avg_power_W=156.000000,max_power_W=157.000000,avg_time_s=0.000144,released_listeners=1,
start_task=,name=dot,tick=92,start_time=186248.086831,nthreads=106,
message=tick stats,tick=92,estimated_current_power=65.850000,
end_task=,name=dot,elapsed_seconds=0.523898,predicted_seconds=0.000130,time_percent_error=99.975218,nthreads=106,end_time=186248.612194,avg_power_W=155.818182,max_power_W=156.000000,avg_time_s=0.000139,released_listeners=1,
start_task=,name=sum_contribs,tick=93,start_time=186248.612259,nthreads=106,
message=tick stats,tick=93,estimated_current_power=0.000000,
end_task=,name=sum_contribs,elapsed_seconds=0.521003,predicted_seconds=0.000000,time_percent_error=100.000000,nthreads=106,end_time=186249.134093,avg_power_W=153.900000,max_power_W=156.000000,avg_time_s=0.000120,released_listeners=2,
start_task=,name=comp_beta,tick=94,start_time=186249.134149,nthreads=106,
message=tick stats,tick=94,estimated_current_power=0.000000,
end_task=,name=comp_beta,elapsed_seconds=0.525752,predicted_seconds=0.000000,time_percent_error=100.000000,nthreads=106,end_time=186249.663633,avg_power_W=147.090909,max_power_W=154.000000,avg_time_s=0.000056,released_listeners=8,
start_task=,name=assign,tick=95,start_time=186249.663738,nthreads=106,
message=tick stats,tick=95,estimated_current_power=0.000000,
end_task=,name=assign,elapsed_seconds=0.506070,predicted_seconds=0.000000,time_percent_error=100.000000,nthreads=106,end_time=186250.170866,avg_power_W=120.000000,max_power_W=124.000000,avg_time_s=0.000045,released_listeners=0,
start_task=,name=xapyprofile,tick=96,start_time=186250.170931,nthreads=106,
message=tick stats,tick=96,estimated_current_power=0.000000,
end_task=,name=xapyprofile,elapsed_seconds=0.510560,predicted_seconds=0.000000,time_percent_error=100.000000,nthreads=106,end_time=186250.682135,avg_power_W=155.600000,max_power_W=166.000000,avg_time_s=0.006151,released_listeners=1,
start_task=,name=xapyprofile,tick=97,start_time=186250.682217,nthreads=106,
message=tick stats,tick=97,estimated_current_power=0.000000,
end_task=,name=xapyprofile,elapsed_seconds=0.520168,predicted_seconds=0.000000,time_percent_error=100.000000,nthreads=106,end_time=186251.211693,avg_power_W=164.272727,max_power_W=166.000000,avg_time_s=0.006192,released_listeners=1,
start_task=,name=xapyprofile,tick=98,start_time=186251.211781,nthreads=106,
message=tick stats,tick=98,estimated_current_power=0.000000,
end_task=,name=xapyprofile,elapsed_seconds=0.520862,predicted_seconds=0.000000,time_percent_error=100.000000,nthreads=106,end_time=186251.733569,avg_power_W=164.000000,max_power_W=166.000000,avg_time_s=0.006128,released_listeners=1,
start_task=,name=xapyprofile,tick=99,start_time=186251.733650,nthreads=106,
message=tick stats,tick=99,estimated_current_power=0.000000,
end_task=,name=xapyprofile,elapsed_seconds=0.528179,predicted_seconds=0.000000,time_percent_error=100.000000,nthreads=106,end_time=186252.262896,avg_power_W=164.636364,max_power_W=166.000000,avg_time_s=0.006288,released_listeners=1,
start_task=,name=xapyprofile,tick=100,start_time=186252.262977,nthreads=106,
message=tick stats,tick=100,estimated_current_power=0.000000,
end_task=,name=xapyprofile,elapsed_seconds=0.524328,predicted_seconds=0.000000,time_percent_error=100.000000,nthreads=106,end_time=186252.788041,avg_power_W=164.400000,max_power_W=166.000000,avg_time_s=0.006317,released_listeners=1,
start_task=,name=xapyprofile,tick=101,start_time=186252.788125,nthreads=106,
message=tick stats,tick=101,estimated_current_power=0.000000,
end_task=,name=xapyprofile,elapsed_seconds=0.531256,predicted_seconds=0.000000,time_percent_error=100.000000,nthreads=106,end_time=186253.320545,avg_power_W=165.454545,max_power_W=166.000000,avg_time_s=0.006479,released_listeners=1,
start_task=,name=xapyprofile,tick=102,start_time=186253.320626,nthreads=106,
message=tick stats,tick=102,estimated_current_power=0.000000,
end_task=,name=xapyprofile,elapsed_seconds=0.524652,predicted_seconds=0.000000,time_percent_error=100.000000,nthreads=106,end_time=186253.861967,avg_power_W=164.454545,max_power_W=167.000000,avg_time_s=0.006398,released_listeners=1,
start_task=,name=xapyprofile,tick=103,start_time=186253.862053,nthreads=106,
message=tick stats,tick=103,estimated_current_power=0.000000,
end_task=,name=xapyprofile,elapsed_seconds=0.519527,predicted_seconds=0.000000,time_percent_error=100.000000,nthreads=106,end_time=186254.382679,avg_power_W=164.500000,max_power_W=167.000000,avg_time_s=0.006336,released_listeners=1,
start_task=,name=xapy,tick=104,start_time=186254.382761,nthreads=106,
message=tick stats,tick=104,estimated_current_power=72.225000,
end_task=,name=xapy,elapsed_seconds=0.022800,predicted_seconds=0.005513,time_percent_error=75.821852,nthreads=106,end_time=186254.411773,avg_power_W=165.000000,max_power_W=165.000000,avg_time_s=0.022800,released_listeners=0,
start_task=,name=xapy,tick=105,start_time=186254.411859,nthreads=106,
message=tick stats,tick=105,estimated_current_power=72.225000,
end_task=,name=xapy,elapsed_seconds=0.025765,predicted_seconds=0.005513,time_percent_error=78.605102,nthreads=106,end_time=186254.438737,avg_power_W=-nan,max_power_W=0.000000,avg_time_s=0.025765,released_listeners=0,
start_task=,name=xapy,tick=106,start_time=186254.438803,nthreads=106,
message=tick stats,tick=106,estimated_current_power=72.225000,
end_task=,name=xapy,elapsed_seconds=0.034841,predicted_seconds=0.005513,time_percent_error=84.178249,nthreads=106,end_time=186254.474763,avg_power_W=158.000000,max_power_W=158.000000,avg_time_s=0.034841,released_listeners=0,
start_task=,name=xapy,tick=107,start_time=186254.474845,nthreads=106,
message=tick stats,tick=107,estimated_current_power=72.225000,
end_task=,name=xapy,elapsed_seconds=0.025067,predicted_seconds=0.005513,time_percent_error=78.008577,nthreads=106,end_time=186254.511991,avg_power_W=152.000000,max_power_W=152.000000,avg_time_s=0.025067,released_listeners=0,
start_task=,name=xapy,tick=108,start_time=186254.512084,nthreads=106,
message=tick stats,tick=108,estimated_current_power=72.225000,
end_task=,name=xapy,elapsed_seconds=0.023981,predicted_seconds=0.005513,time_percent_error=77.013248,nthreads=106,end_time=186254.536790,avg_power_W=-nan,max_power_W=0.000000,avg_time_s=0.023981,released_listeners=0,
start_task=,name=xapy,tick=109,start_time=186254.536857,nthreads=106,
message=tick stats,tick=109,estimated_current_power=72.225000,
end_task=,name=xapy,elapsed_seconds=0.020489,predicted_seconds=0.005513,time_percent_error=73.095172,nthreads=106,end_time=186254.562111,avg_power_W=150.000000,max_power_W=150.000000,avg_time_s=0.020489,released_listeners=0,
start_task=,name=xapy,tick=110,start_time=186254.562200,nthreads=106,
message=tick stats,tick=110,estimated_current_power=72.225000,
end_task=,name=xapy,elapsed_seconds=0.023922,predicted_seconds=0.005513,time_percent_error=76.956458,nthreads=106,end_time=186254.586885,avg_power_W=-nan,max_power_W=0.000000,avg_time_s=0.023922,released_listeners=0,
start_task=,name=xapy,tick=111,start_time=186254.586951,nthreads=106,
message=tick stats,tick=111,estimated_current_power=72.225000,
end_task=,name=xapy,elapsed_seconds=0.028544,predicted_seconds=0.005513,time_percent_error=80.687584,nthreads=106,end_time=186254.616190,avg_power_W=153.000000,max_power_W=153.000000,avg_time_s=0.028544,released_listeners=0,
est_max_power=76.350000,
average_power_W=153.000000,
max_power_W=153.000000,
time_s=46.570991,
message=ALL DONE,
