message=cataloging configuration,max_threads=74,power_limit=inf,
start_task=,name=start,tick=1,start_time=163135.806441,nthreads=74,
message=tick stats,tick=1,estimated_current_power=0.000000,
end_task=,name=start,elapsed_seconds=0.511738,predicted_seconds=0.000000,time_percent_error=100.000000,nthreads=74,end_time=163136.324539,avg_power_W=101.800000,max_power_W=104.000000,avg_time_s=0.000000,released_listeners=8,
start_task=,name=spmv,tick=2,start_time=163136.324617,nthreads=74,
message=tick stats,tick=2,estimated_current_power=69.412500,
end_task=,name=spmv,elapsed_seconds=0.511270,predicted_seconds=0.006337,time_percent_error=98.760487,nthreads=74,end_time=163136.837539,avg_power_W=123.400000,max_power_W=142.000000,avg_time_s=0.013454,released_listeners=1,
start_task=,name=spmv,tick=3,start_time=163136.837601,nthreads=74,
message=tick stats,tick=3,estimated_current_power=69.412500,
end_task=,name=spmv,elapsed_seconds=0.526417,predicted_seconds=0.006337,time_percent_error=98.796154,nthreads=74,end_time=163137.373696,avg_power_W=142.000000,max_power_W=144.000000,avg_time_s=0.008774,released_listeners=1,
start_task=,name=spmv,tick=4,start_time=163137.373762,nthreads=74,
message=tick stats,tick=4,estimated_current_power=69.412500,
end_task=,name=spmv,elapsed_seconds=0.529483,predicted_seconds=0.006337,time_percent_error=98.803124,nthreads=74,end_time=163137.904939,avg_power_W=142.100000,max_power_W=144.000000,avg_time_s=0.008680,released_listeners=1,
start_task=,name=spmv,tick=5,start_time=163137.905002,nthreads=74,
message=tick stats,tick=5,estimated_current_power=69.412500,
end_task=,name=spmv,elapsed_seconds=0.525766,predicted_seconds=0.006337,time_percent_error=98.794663,nthreads=74,end_time=163138.431473,avg_power_W=143.090909,max_power_W=145.000000,avg_time_s=0.008763,released_listeners=1,
start_task=,name=spmv,tick=6,start_time=163138.431536,nthreads=74,
message=tick stats,tick=6,estimated_current_power=69.412500,
end_task=,name=spmv,elapsed_seconds=0.536522,predicted_seconds=0.006337,time_percent_error=98.818828,nthreads=74,end_time=163138.973900,avg_power_W=143.090909,max_power_W=144.000000,avg_time_s=0.008942,released_listeners=1,
start_task=,name=spmv,tick=7,start_time=163138.973966,nthreads=74,
message=tick stats,tick=7,estimated_current_power=69.412500,
end_task=,name=spmv,elapsed_seconds=0.534442,predicted_seconds=0.006337,time_percent_error=98.814230,nthreads=74,end_time=163139.523722,avg_power_W=143.727273,max_power_W=147.000000,avg_time_s=0.008907,released_listeners=1,
start_task=,name=spmv,tick=8,start_time=163139.523789,nthreads=74,
message=tick stats,tick=8,estimated_current_power=69.412500,
end_task=,name=spmv,elapsed_seconds=0.526869,predicted_seconds=0.006337,time_percent_error=98.797187,nthreads=74,end_time=163140.051332,avg_power_W=143.000000,max_power_W=146.000000,avg_time_s=0.008637,released_listeners=1,
start_task=,name=spmv,tick=9,start_time=163140.051396,nthreads=74,
message=tick stats,tick=9,estimated_current_power=69.412500,
end_task=,name=spmv,elapsed_seconds=0.542207,predicted_seconds=0.006337,time_percent_error=98.831212,nthreads=74,end_time=163140.595650,avg_power_W=145.181818,max_power_W=148.000000,avg_time_s=0.008606,released_listeners=1,
start_task=,name=subtract,tick=10,start_time=163140.595713,nthreads=74,
message=tick stats,tick=10,estimated_current_power=59.350000,
end_task=,name=subtract,elapsed_seconds=0.524114,predicted_seconds=0.000300,time_percent_error=99.942832,nthreads=74,end_time=163141.124690,avg_power_W=139.818182,max_power_W=146.000000,avg_time_s=0.000422,released_listeners=2,
start_task=,name=subtract,tick=11,start_time=163141.124762,nthreads=74,
message=tick stats,tick=11,estimated_current_power=59.350000,
end_task=,name=subtract,elapsed_seconds=0.521320,predicted_seconds=0.000300,time_percent_error=99.942526,nthreads=74,end_time=163141.647060,avg_power_W=139.000000,max_power_W=140.000000,avg_time_s=0.000380,released_listeners=2,
start_task=,name=subtract,tick=12,start_time=163141.647094,nthreads=74,
message=tick stats,tick=12,estimated_current_power=59.350000,
end_task=,name=subtract,elapsed_seconds=0.519929,predicted_seconds=0.000300,time_percent_error=99.942372,nthreads=74,end_time=163142.174256,avg_power_W=139.363636,max_power_W=140.000000,avg_time_s=0.000376,released_listeners=2,
start_task=,name=subtract,tick=13,start_time=163142.174336,nthreads=74,
message=tick stats,tick=13,estimated_current_power=59.350000,
end_task=,name=subtract,elapsed_seconds=0.522430,predicted_seconds=0.000300,time_percent_error=99.942648,nthreads=74,end_time=163142.698174,avg_power_W=138.800000,max_power_W=140.000000,avg_time_s=0.000387,released_listeners=2,
start_task=,name=subtract,tick=14,start_time=163142.698227,nthreads=74,
message=tick stats,tick=14,estimated_current_power=59.350000,
end_task=,name=subtract,elapsed_seconds=0.525664,predicted_seconds=0.000300,time_percent_error=99.943001,nthreads=74,end_time=163143.224331,avg_power_W=139.454545,max_power_W=140.000000,avg_time_s=0.000389,released_listeners=2,
start_task=,name=subtract,tick=15,start_time=163143.224363,nthreads=74,
message=tick stats,tick=15,estimated_current_power=59.350000,
end_task=,name=subtract,elapsed_seconds=0.527429,predicted_seconds=0.000300,time_percent_error=99.943191,nthreads=74,end_time=163143.753047,avg_power_W=139.200000,max_power_W=140.000000,avg_time_s=0.000391,released_listeners=2,
start_task=,name=subtract,tick=16,start_time=163143.753081,nthreads=74,
message=tick stats,tick=16,estimated_current_power=59.350000,
end_task=,name=subtract,elapsed_seconds=0.535321,predicted_seconds=0.000300,time_percent_error=99.944029,nthreads=74,end_time=163144.288827,avg_power_W=138.909091,max_power_W=140.000000,avg_time_s=0.000396,released_listeners=2,
start_task=,name=subtract,tick=17,start_time=163144.288858,nthreads=74,
message=tick stats,tick=17,estimated_current_power=59.350000,
end_task=,name=subtract,elapsed_seconds=0.523996,predicted_seconds=0.000300,time_percent_error=99.942819,nthreads=74,end_time=163144.823379,avg_power_W=140.545455,max_power_W=141.000000,avg_time_s=0.000392,released_listeners=2,
start_task=,name=copy,tick=18,start_time=163144.823439,nthreads=74,
message=tick stats,tick=18,estimated_current_power=59.850000,
end_task=,name=copy,elapsed_seconds=0.513241,predicted_seconds=0.000162,time_percent_error=99.968387,nthreads=74,end_time=163145.337149,avg_power_W=138.900000,max_power_W=139.000000,avg_time_s=0.000201,released_listeners=1,
start_task=,name=dot,tick=19,start_time=163145.337182,nthreads=74,
message=tick stats,tick=19,estimated_current_power=61.225000,
end_task=,name=dot,elapsed_seconds=0.519364,predicted_seconds=0.000140,time_percent_error=99.973012,nthreads=74,end_time=163145.873243,avg_power_W=139.000000,max_power_W=139.000000,avg_time_s=0.000155,released_listeners=1,
start_task=,name=copy,tick=20,start_time=163145.873327,nthreads=74,
message=tick stats,tick=20,estimated_current_power=59.850000,
end_task=,name=copy,elapsed_seconds=0.523630,predicted_seconds=0.000162,time_percent_error=99.969014,nthreads=74,end_time=163146.397388,avg_power_W=138.900000,max_power_W=139.000000,avg_time_s=0.000203,released_listeners=1,
start_task=,name=dot,tick=21,start_time=163146.397424,nthreads=74,
message=tick stats,tick=21,estimated_current_power=61.225000,
end_task=,name=dot,elapsed_seconds=0.519046,predicted_seconds=0.000140,time_percent_error=99.972995,nthreads=74,end_time=163146.923819,avg_power_W=139.181818,max_power_W=141.000000,avg_time_s=0.000158,released_listeners=1,
start_task=,name=copy,tick=22,start_time=163146.923878,nthreads=74,
message=tick stats,tick=22,estimated_current_power=59.850000,
end_task=,name=copy,elapsed_seconds=0.518915,predicted_seconds=0.000162,time_percent_error=99.968733,nthreads=74,end_time=163147.443346,avg_power_W=140.900000,max_power_W=142.000000,avg_time_s=0.000218,released_listeners=1,
start_task=,name=dot,tick=23,start_time=163147.443380,nthreads=74,
message=tick stats,tick=23,estimated_current_power=61.225000,
end_task=,name=dot,elapsed_seconds=0.514546,predicted_seconds=0.000140,time_percent_error=99.972759,nthreads=74,end_time=163147.973606,avg_power_W=140.636364,max_power_W=142.000000,avg_time_s=0.000158,released_listeners=1,
start_task=,name=copy,tick=24,start_time=163147.973686,nthreads=74,
message=tick stats,tick=24,estimated_current_power=59.850000,
end_task=,name=copy,elapsed_seconds=0.521948,predicted_seconds=0.000162,time_percent_error=99.968915,nthreads=74,end_time=163148.496079,avg_power_W=141.400000,max_power_W=142.000000,avg_time_s=0.000203,released_listeners=1,
start_task=,name=dot,tick=25,start_time=163148.496114,nthreads=74,
message=tick stats,tick=25,estimated_current_power=61.225000,
end_task=,name=dot,elapsed_seconds=0.550420,predicted_seconds=0.000140,time_percent_error=99.974535,nthreads=74,end_time=163149.047216,avg_power_W=140.636364,max_power_W=142.000000,avg_time_s=0.000167,released_listeners=1,
start_task=,name=copy,tick=26,start_time=163149.047259,nthreads=74,
message=tick stats,tick=26,estimated_current_power=59.850000,
end_task=,name=copy,elapsed_seconds=0.523937,predicted_seconds=0.000162,time_percent_error=99.969033,nthreads=74,end_time=163149.573925,avg_power_W=143.090909,max_power_W=144.000000,avg_time_s=0.000203,released_listeners=1,
start_task=,name=dot,tick=27,start_time=163149.573995,nthreads=74,
message=tick stats,tick=27,estimated_current_power=61.225000,
end_task=,name=dot,elapsed_seconds=0.524729,predicted_seconds=0.000140,time_percent_error=99.973288,nthreads=74,end_time=163150.099162,avg_power_W=142.800000,max_power_W=144.000000,avg_time_s=0.000160,released_listeners=1,
start_task=,name=copy,tick=28,start_time=163150.099204,nthreads=74,
message=tick stats,tick=28,estimated_current_power=59.850000,
end_task=,name=copy,elapsed_seconds=0.526504,predicted_seconds=0.000162,time_percent_error=99.969184,nthreads=74,end_time=163150.626103,avg_power_W=143.454545,max_power_W=145.000000,avg_time_s=0.000208,released_listeners=1,
start_task=,name=dot,tick=29,start_time=163150.626142,nthreads=74,
message=tick stats,tick=29,estimated_current_power=61.225000,
end_task=,name=dot,elapsed_seconds=0.520662,predicted_seconds=0.000140,time_percent_error=99.973079,nthreads=74,end_time=163151.147236,avg_power_W=144.000000,max_power_W=144.000000,avg_time_s=0.000159,released_listeners=1,
start_task=,name=copy,tick=30,start_time=163151.147279,nthreads=74,
message=tick stats,tick=30,estimated_current_power=59.850000,
end_task=,name=copy,elapsed_seconds=0.522015,predicted_seconds=0.000162,time_percent_error=99.968919,nthreads=74,end_time=163151.673430,avg_power_W=145.181818,max_power_W=146.000000,avg_time_s=0.000203,released_listeners=1,
start_task=,name=dot,tick=31,start_time=163151.673501,nthreads=74,
message=tick stats,tick=31,estimated_current_power=61.225000,
end_task=,name=dot,elapsed_seconds=0.520584,predicted_seconds=0.000140,time_percent_error=99.973075,nthreads=74,end_time=163152.194710,avg_power_W=144.700000,max_power_W=146.000000,avg_time_s=0.000160,released_listeners=1,
start_task=,name=copy,tick=32,start_time=163152.194753,nthreads=74,
message=tick stats,tick=32,estimated_current_power=59.850000,
end_task=,name=copy,elapsed_seconds=0.522335,predicted_seconds=0.000162,time_percent_error=99.968938,nthreads=74,end_time=163152.723898,avg_power_W=147.090909,max_power_W=148.000000,avg_time_s=0.000207,released_listeners=1,
start_task=,name=dot,tick=33,start_time=163152.723967,nthreads=74,
message=tick stats,tick=33,estimated_current_power=61.225000,
end_task=,name=dot,elapsed_seconds=0.521532,predicted_seconds=0.000140,time_percent_error=99.973124,nthreads=74,end_time=163153.245953,avg_power_W=147.100000,max_power_W=148.000000,avg_time_s=0.000158,released_listeners=1,
start_task=,name=spmv,tick=34,start_time=163153.245996,nthreads=74,
message=tick stats,tick=34,estimated_current_power=69.412500,
end_task=,name=spmv,elapsed_seconds=0.555854,predicted_seconds=0.006337,time_percent_error=98.859908,nthreads=74,end_time=163153.802888,avg_power_W=155.272727,max_power_W=160.000000,avg_time_s=0.008965,released_listeners=1,
start_task=,name=spmv,tick=35,start_time=163153.802952,nthreads=74,
message=tick stats,tick=35,estimated_current_power=69.412500,
end_task=,name=spmv,elapsed_seconds=0.524595,predicted_seconds=0.006337,time_percent_error=98.791972,nthreads=74,end_time=163154.328141,avg_power_W=156.363636,max_power_W=158.000000,avg_time_s=0.008600,released_listeners=1,
start_task=,name=spmv,tick=36,start_time=163154.328219,nthreads=74,
message=tick stats,tick=36,estimated_current_power=69.412500,
end_task=,name=spmv,elapsed_seconds=0.522267,predicted_seconds=0.006337,time_percent_error=98.786588,nthreads=74,end_time=163154.852473,avg_power_W=158.700000,max_power_W=161.000000,avg_time_s=0.008160,released_listeners=1,
start_task=,name=spmv,tick=37,start_time=163154.852538,nthreads=74,
message=tick stats,tick=37,estimated_current_power=69.412500,
end_task=,name=spmv,elapsed_seconds=0.528711,predicted_seconds=0.006337,time_percent_error=98.801378,nthreads=74,end_time=163155.381900,avg_power_W=158.000000,max_power_W=160.000000,avg_time_s=0.008528,released_listeners=1,
start_task=,name=spmv,tick=38,start_time=163155.381965,nthreads=74,
message=tick stats,tick=38,estimated_current_power=69.412500,
end_task=,name=spmv,elapsed_seconds=0.522222,predicted_seconds=0.006337,time_percent_error=98.786484,nthreads=74,end_time=163155.905217,avg_power_W=159.000000,max_power_W=161.000000,avg_time_s=0.008423,released_listeners=1,
start_task=,name=spmv,tick=39,start_time=163155.905282,nthreads=74,
message=tick stats,tick=39,estimated_current_power=69.412500,
end_task=,name=spmv,elapsed_seconds=0.538600,predicted_seconds=0.006337,time_percent_error=98.823386,nthreads=74,end_time=163156.444450,avg_power_W=159.090909,max_power_W=161.000000,avg_time_s=0.008830,released_listeners=1,
start_task=,name=spmv,tick=40,start_time=163156.444515,nthreads=74,
message=tick stats,tick=40,estimated_current_power=69.412500,
end_task=,name=spmv,elapsed_seconds=0.523494,predicted_seconds=0.006337,time_percent_error=98.789433,nthreads=74,end_time=163156.973683,avg_power_W=158.454545,max_power_W=160.000000,avg_time_s=0.008582,released_listeners=1,
start_task=,name=spmv,tick=41,start_time=163156.973754,nthreads=74,
message=tick stats,tick=41,estimated_current_power=69.412500,
end_task=,name=spmv,elapsed_seconds=0.516804,predicted_seconds=0.006337,time_percent_error=98.773762,nthreads=74,end_time=163157.491187,avg_power_W=159.900000,max_power_W=162.000000,avg_time_s=0.007830,released_listeners=1,
start_task=,name=sum_contribs,tick=42,start_time=163157.491252,nthreads=74,
message=tick stats,tick=42,estimated_current_power=0.000000,
end_task=,name=sum_contribs,elapsed_seconds=0.525257,predicted_seconds=0.000000,time_percent_error=100.000000,nthreads=74,end_time=163158.025882,avg_power_W=149.909091,max_power_W=162.000000,avg_time_s=0.000138,released_listeners=1,
start_task=,name=dot,tick=43,start_time=163158.025944,nthreads=74,
message=tick stats,tick=43,estimated_current_power=61.225000,
end_task=,name=dot,elapsed_seconds=0.522118,predicted_seconds=0.000140,time_percent_error=99.973154,nthreads=74,end_time=163158.548749,avg_power_W=150.900000,max_power_W=152.000000,avg_time_s=0.000199,released_listeners=1,
start_task=,name=dot,tick=44,start_time=163158.548788,nthreads=74,
message=tick stats,tick=44,estimated_current_power=61.225000,
end_task=,name=dot,elapsed_seconds=0.517820,predicted_seconds=0.000140,time_percent_error=99.972931,nthreads=74,end_time=163159.074391,avg_power_W=151.090909,max_power_W=152.000000,avg_time_s=0.000192,released_listeners=1,
start_task=,name=dot,tick=45,start_time=163159.074449,nthreads=74,
message=tick stats,tick=45,estimated_current_power=61.225000,
end_task=,name=dot,elapsed_seconds=0.522016,predicted_seconds=0.000140,time_percent_error=99.973149,nthreads=74,end_time=163159.597064,avg_power_W=151.400000,max_power_W=152.000000,avg_time_s=0.000204,released_listeners=1,
start_task=,name=dot,tick=46,start_time=163159.597106,nthreads=74,
message=tick stats,tick=46,estimated_current_power=61.225000,
end_task=,name=dot,elapsed_seconds=0.523690,predicted_seconds=0.000140,time_percent_error=99.973235,nthreads=74,end_time=163160.124337,avg_power_W=151.090909,max_power_W=152.000000,avg_time_s=0.000198,released_listeners=1,
start_task=,name=dot,tick=47,start_time=163160.124425,nthreads=74,
message=tick stats,tick=47,estimated_current_power=61.225000,
end_task=,name=dot,elapsed_seconds=0.524538,predicted_seconds=0.000140,time_percent_error=99.973278,nthreads=74,end_time=163160.649773,avg_power_W=150.800000,max_power_W=151.000000,avg_time_s=0.000194,released_listeners=1,
start_task=,name=dot,tick=48,start_time=163160.649813,nthreads=74,
message=tick stats,tick=48,estimated_current_power=61.225000,
end_task=,name=dot,elapsed_seconds=0.531003,predicted_seconds=0.000140,time_percent_error=99.973603,nthreads=74,end_time=163161.181571,avg_power_W=151.090909,max_power_W=152.000000,avg_time_s=0.000205,released_listeners=1,
start_task=,name=dot,tick=49,start_time=163161.181613,nthreads=74,
message=tick stats,tick=49,estimated_current_power=61.225000,
end_task=,name=dot,elapsed_seconds=0.526620,predicted_seconds=0.000140,time_percent_error=99.973384,nthreads=74,end_time=163161.723888,avg_power_W=150.727273,max_power_W=151.000000,avg_time_s=0.000196,released_listeners=1,
start_task=,name=dot,tick=50,start_time=163161.723966,nthreads=74,
message=tick stats,tick=50,estimated_current_power=61.225000,
end_task=,name=dot,elapsed_seconds=0.525397,predicted_seconds=0.000140,time_percent_error=99.973322,nthreads=74,end_time=163162.250247,avg_power_W=150.900000,max_power_W=152.000000,avg_time_s=0.000204,released_listeners=1,
start_task=,name=sum_contribs,tick=51,start_time=163162.250290,nthreads=74,
message=tick stats,tick=51,estimated_current_power=0.000000,
end_task=,name=sum_contribs,elapsed_seconds=0.525948,predicted_seconds=0.000000,time_percent_error=100.000000,nthreads=74,end_time=163162.777216,avg_power_W=149.181818,max_power_W=151.000000,avg_time_s=0.000138,released_listeners=1,
start_task=,name=comp_alpha,tick=52,start_time=163162.777263,nthreads=74,
message=tick stats,tick=52,estimated_current_power=0.000000,
end_task=,name=comp_alpha,elapsed_seconds=0.525221,predicted_seconds=0.000000,time_percent_error=100.000000,nthreads=74,end_time=163163.303135,avg_power_W=143.200000,max_power_W=148.000000,avg_time_s=0.000055,released_listeners=16,
start_task=,name=axpyprofile,tick=53,start_time=163163.303194,nthreads=74,
message=tick stats,tick=53,estimated_current_power=0.000000,
end_task=,name=axpyprofile,elapsed_seconds=0.509606,predicted_seconds=0.000000,time_percent_error=100.000000,nthreads=74,end_time=163163.823668,avg_power_W=151.727273,max_power_W=160.000000,avg_time_s=0.005995,released_listeners=1,
start_task=,name=axpyprofile,tick=54,start_time=163163.823736,nthreads=74,
message=tick stats,tick=54,estimated_current_power=0.000000,
end_task=,name=axpyprofile,elapsed_seconds=0.526438,predicted_seconds=0.000000,time_percent_error=100.000000,nthreads=74,end_time=163164.350940,avg_power_W=157.900000,max_power_W=160.000000,avg_time_s=0.005785,released_listeners=1,
start_task=,name=axpyprofile,tick=55,start_time=163164.351004,nthreads=74,
message=tick stats,tick=55,estimated_current_power=0.000000,
end_task=,name=axpyprofile,elapsed_seconds=0.525866,predicted_seconds=0.000000,time_percent_error=100.000000,nthreads=74,end_time=163164.878088,avg_power_W=158.727273,max_power_W=160.000000,avg_time_s=0.005909,released_listeners=1,
start_task=,name=axpyprofile,tick=56,start_time=163164.878152,nthreads=74,
message=tick stats,tick=56,estimated_current_power=0.000000,
end_task=,name=axpyprofile,elapsed_seconds=0.521919,predicted_seconds=0.000000,time_percent_error=100.000000,nthreads=74,end_time=163165.400666,avg_power_W=157.400000,max_power_W=160.000000,avg_time_s=0.005931,released_listeners=1,
start_task=,name=axpyprofile,tick=57,start_time=163165.400730,nthreads=74,
message=tick stats,tick=57,estimated_current_power=0.000000,
end_task=,name=axpyprofile,elapsed_seconds=0.555967,predicted_seconds=0.000000,time_percent_error=100.000000,nthreads=74,end_time=163165.973635,avg_power_W=158.000000,max_power_W=160.000000,avg_time_s=0.006177,released_listeners=1,
start_task=,name=axpyprofile,tick=58,start_time=163165.973703,nthreads=74,
message=tick stats,tick=58,estimated_current_power=0.000000,
end_task=,name=axpyprofile,elapsed_seconds=0.514765,predicted_seconds=0.000000,time_percent_error=100.000000,nthreads=74,end_time=163166.489126,avg_power_W=157.700000,max_power_W=160.000000,avg_time_s=0.005657,released_listeners=1,
start_task=,name=axpyprofile,tick=59,start_time=163166.489191,nthreads=74,
message=tick stats,tick=59,estimated_current_power=0.000000,
end_task=,name=axpyprofile,elapsed_seconds=0.533857,predicted_seconds=0.000000,time_percent_error=100.000000,nthreads=74,end_time=163167.023922,avg_power_W=158.363636,max_power_W=161.000000,avg_time_s=0.005867,released_listeners=1,
start_task=,name=axpyprofile,tick=60,start_time=163167.023992,nthreads=74,
message=tick stats,tick=60,estimated_current_power=0.000000,
end_task=,name=axpyprofile,elapsed_seconds=0.525380,predicted_seconds=0.000000,time_percent_error=100.000000,nthreads=74,end_time=163167.549904,avg_power_W=158.500000,max_power_W=160.000000,avg_time_s=0.005773,released_listeners=1,
start_task=,name=axpyprofile,tick=61,start_time=163167.549983,nthreads=74,
message=tick stats,tick=61,estimated_current_power=0.000000,
end_task=,name=axpyprofile,elapsed_seconds=0.525939,predicted_seconds=0.000000,time_percent_error=100.000000,nthreads=74,end_time=163168.078076,avg_power_W=158.909091,max_power_W=161.000000,avg_time_s=0.005844,released_listeners=1,
start_task=,name=axpyprofile,tick=62,start_time=163168.078141,nthreads=74,
message=tick stats,tick=62,estimated_current_power=0.000000,
end_task=,name=axpyprofile,elapsed_seconds=0.520580,predicted_seconds=0.000000,time_percent_error=100.000000,nthreads=74,end_time=163168.599233,avg_power_W=159.100000,max_power_W=160.000000,avg_time_s=0.005721,released_listeners=1,
start_task=,name=axpyprofile,tick=63,start_time=163168.599298,nthreads=74,
message=tick stats,tick=63,estimated_current_power=0.000000,
end_task=,name=axpyprofile,elapsed_seconds=0.527461,predicted_seconds=0.000000,time_percent_error=100.000000,nthreads=74,end_time=163169.127869,avg_power_W=158.727273,max_power_W=160.000000,avg_time_s=0.005796,released_listeners=1,
start_task=,name=axpyprofile,tick=64,start_time=163169.127935,nthreads=74,
message=tick stats,tick=64,estimated_current_power=0.000000,
end_task=,name=axpyprofile,elapsed_seconds=0.519042,predicted_seconds=0.000000,time_percent_error=100.000000,nthreads=74,end_time=163169.647712,avg_power_W=158.700000,max_power_W=160.000000,avg_time_s=0.005767,released_listeners=1,
start_task=,name=axpyprofile,tick=65,start_time=163169.647777,nthreads=74,
message=tick stats,tick=65,estimated_current_power=0.000000,
end_task=,name=axpyprofile,elapsed_seconds=0.522753,predicted_seconds=0.000000,time_percent_error=100.000000,nthreads=74,end_time=163170.173994,avg_power_W=158.727273,max_power_W=160.000000,avg_time_s=0.005745,released_listeners=1,
start_task=,name=axpyprofile,tick=66,start_time=163170.174063,nthreads=74,
message=tick stats,tick=66,estimated_current_power=0.000000,
end_task=,name=axpyprofile,elapsed_seconds=0.553076,predicted_seconds=0.000000,time_percent_error=100.000000,nthreads=74,end_time=163170.727910,avg_power_W=157.818182,max_power_W=160.000000,avg_time_s=0.006145,released_listeners=1,
start_task=,name=axpyprofile,tick=67,start_time=163170.727976,nthreads=74,
message=tick stats,tick=67,estimated_current_power=0.000000,
end_task=,name=axpyprofile,elapsed_seconds=0.542213,predicted_seconds=0.000000,time_percent_error=100.000000,nthreads=74,end_time=163171.273666,avg_power_W=158.181818,max_power_W=160.000000,avg_time_s=0.005958,released_listeners=1,
start_task=,name=axpyprofile,tick=68,start_time=163171.273735,nthreads=74,
message=tick stats,tick=68,estimated_current_power=0.000000,
end_task=,name=axpyprofile,elapsed_seconds=0.525719,predicted_seconds=0.000000,time_percent_error=100.000000,nthreads=74,end_time=163171.800130,avg_power_W=158.300000,max_power_W=160.000000,avg_time_s=0.005841,released_listeners=1,
start_task=,name=axpy,tick=69,start_time=163171.800199,nthreads=74,
message=tick stats,tick=69,estimated_current_power=64.287500,
end_task=,name=axpy,elapsed_seconds=0.029940,predicted_seconds=0.004592,time_percent_error=84.663078,nthreads=74,end_time=163171.830788,avg_power_W=159.000000,max_power_W=159.000000,avg_time_s=0.029940,released_listeners=0,
start_task=,name=axpy,tick=70,start_time=163171.830861,nthreads=74,
message=tick stats,tick=70,estimated_current_power=64.287500,
end_task=,name=axpy,elapsed_seconds=0.019379,predicted_seconds=0.004592,time_percent_error=76.304380,nthreads=74,end_time=163171.850863,avg_power_W=-nan,max_power_W=0.000000,avg_time_s=0.019379,released_listeners=0,
start_task=,name=axpy,tick=71,start_time=163171.850916,nthreads=74,
message=tick stats,tick=71,estimated_current_power=64.287500,
end_task=,name=axpy,elapsed_seconds=0.031842,predicted_seconds=0.004592,time_percent_error=85.578878,nthreads=74,end_time=163171.883339,avg_power_W=150.000000,max_power_W=150.000000,avg_time_s=0.031842,released_listeners=1,
start_task=,name=axpy,tick=72,start_time=163171.883404,nthreads=74,
message=tick stats,tick=72,estimated_current_power=64.287500,
end_task=,name=axpy,elapsed_seconds=0.029967,predicted_seconds=0.004592,time_percent_error=84.676918,nthreads=74,end_time=163171.923663,avg_power_W=147.000000,max_power_W=147.000000,avg_time_s=0.029967,released_listeners=1,
start_task=,name=axpy,tick=73,start_time=163171.923731,nthreads=74,
message=tick stats,tick=73,estimated_current_power=64.287500,
end_task=,name=axpy,elapsed_seconds=0.018239,predicted_seconds=0.004592,time_percent_error=74.823739,nthreads=74,end_time=163171.943583,avg_power_W=-nan,max_power_W=0.000000,avg_time_s=0.018239,released_listeners=0,
start_task=,name=axpy,tick=74,start_time=163171.943637,nthreads=74,
message=tick stats,tick=74,estimated_current_power=64.287500,
end_task=,name=axpy,elapsed_seconds=0.037659,predicted_seconds=0.004592,time_percent_error=87.806616,nthreads=74,end_time=163171.982360,avg_power_W=148.000000,max_power_W=148.000000,avg_time_s=0.037659,released_listeners=1,
start_task=,name=axpy,tick=75,start_time=163171.982424,nthreads=74,
message=tick stats,tick=75,estimated_current_power=64.287500,
end_task=,name=axpy,elapsed_seconds=0.031516,predicted_seconds=0.004592,time_percent_error=85.429639,nthreads=74,end_time=163172.024420,avg_power_W=147.000000,max_power_W=147.000000,avg_time_s=0.031516,released_listeners=0,
start_task=,name=axpy,tick=76,start_time=163172.024488,nthreads=74,
message=tick stats,tick=76,estimated_current_power=64.287500,
end_task=,name=axpy,elapsed_seconds=0.026027,predicted_seconds=0.004592,time_percent_error=82.357105,nthreads=74,end_time=163172.051663,avg_power_W=-nan,max_power_W=0.000000,avg_time_s=0.026027,released_listeners=1,
start_task=,name=axpy,tick=77,start_time=163172.051716,nthreads=74,
message=tick stats,tick=77,estimated_current_power=64.287500,
end_task=,name=axpy,elapsed_seconds=0.030516,predicted_seconds=0.004592,time_percent_error=84.952450,nthreads=74,end_time=163172.084359,avg_power_W=146.000000,max_power_W=146.000000,avg_time_s=0.030516,released_listeners=0,
start_task=,name=axpy,tick=78,start_time=163172.084424,nthreads=74,
message=tick stats,tick=78,estimated_current_power=64.287500,
end_task=,name=axpy,elapsed_seconds=0.039952,predicted_seconds=0.004592,time_percent_error=88.506506,nthreads=74,end_time=163172.125636,avg_power_W=146.000000,max_power_W=146.000000,avg_time_s=0.039952,released_listeners=1,
start_task=,name=axpy,tick=79,start_time=163172.125701,nthreads=74,
message=tick stats,tick=79,estimated_current_power=64.287500,
end_task=,name=axpy,elapsed_seconds=0.026640,predicted_seconds=0.004592,time_percent_error=82.762768,nthreads=74,end_time=163172.153969,avg_power_W=-nan,max_power_W=0.000000,avg_time_s=0.026640,released_listeners=0,
start_task=,name=axpy,tick=80,start_time=163172.154021,nthreads=74,
message=tick stats,tick=80,estimated_current_power=64.287500,
end_task=,name=axpy,elapsed_seconds=0.024860,predicted_seconds=0.004592,time_percent_error=81.528663,nthreads=74,end_time=163172.180132,avg_power_W=144.000000,max_power_W=144.000000,avg_time_s=0.024860,released_listeners=1,
start_task=,name=axpy,tick=81,start_time=163172.180201,nthreads=74,
message=tick stats,tick=81,estimated_current_power=64.287500,
end_task=,name=axpy,elapsed_seconds=0.033890,predicted_seconds=0.004592,time_percent_error=86.450366,nthreads=74,end_time=163172.224592,avg_power_W=147.000000,max_power_W=147.000000,avg_time_s=0.033890,released_listeners=0,
start_task=,name=axpy,tick=82,start_time=163172.224660,nthreads=74,
message=tick stats,tick=82,estimated_current_power=64.287500,
end_task=,name=axpy,elapsed_seconds=0.029077,predicted_seconds=0.004592,time_percent_error=84.207582,nthreads=74,end_time=163172.255636,avg_power_W=-nan,max_power_W=0.000000,avg_time_s=0.029077,released_listeners=1,
start_task=,name=axpy,tick=83,start_time=163172.255691,nthreads=74,
message=tick stats,tick=83,estimated_current_power=64.287500,
end_task=,name=axpy,elapsed_seconds=0.047326,predicted_seconds=0.004592,time_percent_error=90.297125,nthreads=74,end_time=163172.304550,avg_power_W=147.000000,max_power_W=147.000000,avg_time_s=0.047326,released_listeners=0,
start_task=,name=axpy,tick=84,start_time=163172.304614,nthreads=74,
message=tick stats,tick=84,estimated_current_power=64.287500,
end_task=,name=axpy,elapsed_seconds=0.027409,predicted_seconds=0.004592,time_percent_error=83.246724,nthreads=74,end_time=163172.332731,avg_power_W=147.000000,max_power_W=147.000000,avg_time_s=0.027409,released_listeners=1,
start_task=,name=dot,tick=85,start_time=163172.332796,nthreads=74,
message=tick stats,tick=85,estimated_current_power=61.225000,
end_task=,name=dot,elapsed_seconds=0.527337,predicted_seconds=0.000140,time_percent_error=99.973420,nthreads=74,end_time=163172.873533,avg_power_W=149.454545,max_power_W=151.000000,avg_time_s=0.000158,released_listeners=1,
start_task=,name=dot,tick=86,start_time=163172.873618,nthreads=74,
message=tick stats,tick=86,estimated_current_power=61.225000,
end_task=,name=dot,elapsed_seconds=0.525679,predicted_seconds=0.000140,time_percent_error=99.973336,nthreads=74,end_time=163173.399682,avg_power_W=150.900000,max_power_W=151.000000,avg_time_s=0.000158,released_listeners=1,
start_task=,name=dot,tick=87,start_time=163173.399729,nthreads=74,
message=tick stats,tick=87,estimated_current_power=61.225000,
end_task=,name=dot,elapsed_seconds=0.536005,predicted_seconds=0.000140,time_percent_error=99.973850,nthreads=74,end_time=163173.936154,avg_power_W=150.636364,max_power_W=151.000000,avg_time_s=0.000164,released_listeners=1,
start_task=,name=dot,tick=88,start_time=163173.936202,nthreads=74,
message=tick stats,tick=88,estimated_current_power=61.225000,
end_task=,name=dot,elapsed_seconds=0.520246,predicted_seconds=0.000140,time_percent_error=99.973058,nthreads=74,end_time=163174.473402,avg_power_W=149.454545,max_power_W=151.000000,avg_time_s=0.000156,released_listeners=1,
start_task=,name=dot,tick=89,start_time=163174.473484,nthreads=74,
message=tick stats,tick=89,estimated_current_power=61.225000,
end_task=,name=dot,elapsed_seconds=0.533062,predicted_seconds=0.000140,time_percent_error=99.973705,nthreads=74,end_time=163175.023661,avg_power_W=150.454545,max_power_W=151.000000,avg_time_s=0.000171,released_listeners=1,
start_task=,name=dot,tick=90,start_time=163175.023741,nthreads=74,
message=tick stats,tick=90,estimated_current_power=61.225000,
end_task=,name=dot,elapsed_seconds=0.552771,predicted_seconds=0.000140,time_percent_error=99.974643,nthreads=74,end_time=163175.576988,avg_power_W=150.272727,max_power_W=151.000000,avg_time_s=0.000167,released_listeners=1,
start_task=,name=dot,tick=91,start_time=163175.577033,nthreads=74,
message=tick stats,tick=91,estimated_current_power=61.225000,
end_task=,name=dot,elapsed_seconds=0.525293,predicted_seconds=0.000140,time_percent_error=99.973316,nthreads=74,end_time=163176.103759,avg_power_W=150.500000,max_power_W=151.000000,avg_time_s=0.000164,released_listeners=1,
start_task=,name=dot,tick=92,start_time=163176.103805,nthreads=74,
message=tick stats,tick=92,estimated_current_power=61.225000,
end_task=,name=dot,elapsed_seconds=0.525731,predicted_seconds=0.000140,time_percent_error=99.973339,nthreads=74,end_time=163176.629953,avg_power_W=150.454545,max_power_W=151.000000,avg_time_s=0.000159,released_listeners=1,
start_task=,name=sum_contribs,tick=93,start_time=163176.630007,nthreads=74,
message=tick stats,tick=93,estimated_current_power=0.000000,
end_task=,name=sum_contribs,elapsed_seconds=0.526888,predicted_seconds=0.000000,time_percent_error=100.000000,nthreads=74,end_time=163177.173311,avg_power_W=147.454545,max_power_W=149.000000,avg_time_s=0.000138,released_listeners=2,
start_task=,name=comp_beta,tick=94,start_time=163177.173390,nthreads=74,
message=tick stats,tick=94,estimated_current_power=0.000000,
end_task=,name=comp_beta,elapsed_seconds=0.526318,predicted_seconds=0.000000,time_percent_error=100.000000,nthreads=74,end_time=163177.700166,avg_power_W=144.800000,max_power_W=148.000000,avg_time_s=0.000057,released_listeners=8,
start_task=,name=assign,tick=95,start_time=163177.700223,nthreads=74,
message=tick stats,tick=95,estimated_current_power=0.000000,
end_task=,name=assign,elapsed_seconds=0.505952,predicted_seconds=0.000000,time_percent_error=100.000000,nthreads=74,end_time=163178.223845,avg_power_W=117.636364,max_power_W=123.000000,avg_time_s=0.000050,released_listeners=0,
start_task=,name=xapyprofile,tick=96,start_time=163178.223950,nthreads=74,
message=tick stats,tick=96,estimated_current_power=0.000000,
end_task=,name=xapyprofile,elapsed_seconds=0.506780,predicted_seconds=0.000000,time_percent_error=100.000000,nthreads=74,end_time=163178.731548,avg_power_W=151.700000,max_power_W=158.000000,avg_time_s=0.005893,released_listeners=1,
start_task=,name=xapyprofile,tick=97,start_time=163178.731614,nthreads=74,
message=tick stats,tick=97,estimated_current_power=0.000000,
end_task=,name=xapyprofile,elapsed_seconds=0.538798,predicted_seconds=0.000000,time_percent_error=100.000000,nthreads=74,end_time=163179.273717,avg_power_W=156.909091,max_power_W=159.000000,avg_time_s=0.005921,released_listeners=1,
start_task=,name=xapyprofile,tick=98,start_time=163179.273785,nthreads=74,
message=tick stats,tick=98,estimated_current_power=0.000000,
end_task=,name=xapyprofile,elapsed_seconds=0.526057,predicted_seconds=0.000000,time_percent_error=100.000000,nthreads=74,end_time=163179.800568,avg_power_W=156.600000,max_power_W=159.000000,avg_time_s=0.006047,released_listeners=1,
start_task=,name=xapyprofile,tick=99,start_time=163179.800633,nthreads=74,
message=tick stats,tick=99,estimated_current_power=0.000000,
end_task=,name=xapyprofile,elapsed_seconds=0.559027,predicted_seconds=0.000000,time_percent_error=100.000000,nthreads=74,end_time=163180.373690,avg_power_W=157.166667,max_power_W=159.000000,avg_time_s=0.006143,released_listeners=1,
start_task=,name=xapyprofile,tick=100,start_time=163180.373758,nthreads=74,
message=tick stats,tick=100,estimated_current_power=0.000000,
end_task=,name=xapyprofile,elapsed_seconds=0.514803,predicted_seconds=0.000000,time_percent_error=100.000000,nthreads=74,end_time=163180.889085,avg_power_W=156.900000,max_power_W=159.000000,avg_time_s=0.005917,released_listeners=1,
start_task=,name=xapyprofile,tick=101,start_time=163180.889149,nthreads=74,
message=tick stats,tick=101,estimated_current_power=0.000000,
end_task=,name=xapyprofile,elapsed_seconds=0.532332,predicted_seconds=0.000000,time_percent_error=100.000000,nthreads=74,end_time=163181.423856,avg_power_W=157.454545,max_power_W=159.000000,avg_time_s=0.005850,released_listeners=1,
start_task=,name=xapyprofile,tick=102,start_time=163181.423925,nthreads=74,
message=tick stats,tick=102,estimated_current_power=0.000000,
end_task=,name=xapyprofile,elapsed_seconds=0.513885,predicted_seconds=0.000000,time_percent_error=100.000000,nthreads=74,end_time=163181.938518,avg_power_W=158.600000,max_power_W=159.000000,avg_time_s=0.005710,released_listeners=1,
start_task=,name=xapyprofile,tick=103,start_time=163181.938583,nthreads=74,
message=tick stats,tick=103,estimated_current_power=0.000000,
end_task=,name=xapyprofile,elapsed_seconds=0.521896,predicted_seconds=0.000000,time_percent_error=100.000000,nthreads=74,end_time=163182.473693,avg_power_W=157.545455,max_power_W=159.000000,avg_time_s=0.005735,released_listeners=1,
start_task=,name=xapy,tick=104,start_time=163182.473770,nthreads=74,
message=tick stats,tick=104,estimated_current_power=67.225000,
end_task=,name=xapy,elapsed_seconds=0.027852,predicted_seconds=0.004569,time_percent_error=83.596003,nthreads=74,end_time=163182.502120,avg_power_W=-nan,max_power_W=0.000000,avg_time_s=0.027852,released_listeners=0,
start_task=,name=xapy,tick=105,start_time=163182.502178,nthreads=74,
message=tick stats,tick=105,estimated_current_power=67.225000,
end_task=,name=xapy,elapsed_seconds=0.019776,predicted_seconds=0.004569,time_percent_error=76.897431,nthreads=74,end_time=163182.524691,avg_power_W=153.000000,max_power_W=153.000000,avg_time_s=0.019776,released_listeners=0,
start_task=,name=xapy,tick=106,start_time=163182.524759,nthreads=74,
message=tick stats,tick=106,estimated_current_power=67.225000,
end_task=,name=xapy,elapsed_seconds=0.025669,predicted_seconds=0.004569,time_percent_error=82.200935,nthreads=74,end_time=163182.550957,avg_power_W=-nan,max_power_W=0.000000,avg_time_s=0.025669,released_listeners=0,
start_task=,name=xapy,tick=107,start_time=163182.551012,nthreads=74,
message=tick stats,tick=107,estimated_current_power=67.225000,
end_task=,name=xapy,elapsed_seconds=0.021775,predicted_seconds=0.004569,time_percent_error=79.017592,nthreads=74,end_time=163182.573998,avg_power_W=147.000000,max_power_W=147.000000,avg_time_s=0.021775,released_listeners=0,
start_task=,name=xapy,tick=108,start_time=163182.574066,nthreads=74,
message=tick stats,tick=108,estimated_current_power=67.225000,
end_task=,name=xapy,elapsed_seconds=0.031524,predicted_seconds=0.004569,time_percent_error=85.506672,nthreads=74,end_time=163182.606115,avg_power_W=-nan,max_power_W=0.000000,avg_time_s=0.031524,released_listeners=0,
start_task=,name=xapy,tick=109,start_time=163182.606174,nthreads=74,
message=tick stats,tick=109,estimated_current_power=67.225000,
end_task=,name=xapy,elapsed_seconds=0.038383,predicted_seconds=0.004569,time_percent_error=88.096718,nthreads=74,end_time=163182.645197,avg_power_W=147.000000,max_power_W=147.000000,avg_time_s=0.038383,released_listeners=0,
start_task=,name=xapy,tick=110,start_time=163182.645264,nthreads=74,
message=tick stats,tick=110,estimated_current_power=67.225000,
end_task=,name=xapy,elapsed_seconds=0.028460,predicted_seconds=0.004569,time_percent_error=83.946590,nthreads=74,end_time=163182.674430,avg_power_W=144.000000,max_power_W=144.000000,avg_time_s=0.028460,released_listeners=0,
start_task=,name=xapy,tick=111,start_time=163182.674463,nthreads=74,
message=tick stats,tick=111,estimated_current_power=67.225000,
end_task=,name=xapy,elapsed_seconds=0.032034,predicted_seconds=0.004569,time_percent_error=85.737288,nthreads=74,end_time=163182.723846,avg_power_W=147.000000,max_power_W=147.000000,avg_time_s=0.032034,released_listeners=0,
est_max_power=69.412500,
average_power_W=147.000000,
max_power_W=147.000000,
time_s=46.917572,
message=ALL DONE,
