message=cataloging configuration,max_threads=58,power_limit=inf,
start_task=,name=start,tick=1,start_time=224532.544708,nthreads=58,
message=tick stats,tick=1,estimated_current_power=0.000000,
end_task=,name=start,elapsed_seconds=0.509319,predicted_seconds=0.000000,time_percent_error=100.000000,nthreads=58,end_time=224533.058732,avg_power_W=109.200000,max_power_W=112.000000,avg_time_s=0.000000,released_listeners=8,
start_task=,name=spmv,tick=2,start_time=224533.058804,nthreads=58,
message=tick stats,tick=2,estimated_current_power=65.912500,
end_task=,name=spmv,elapsed_seconds=0.511477,predicted_seconds=0.006953,time_percent_error=98.640666,nthreads=58,end_time=224533.570910,avg_power_W=140.800000,max_power_W=158.000000,avg_time_s=0.010438,released_listeners=1,
start_task=,name=spmv,tick=3,start_time=224533.570967,nthreads=58,
message=tick stats,tick=3,estimated_current_power=65.912500,
end_task=,name=spmv,elapsed_seconds=0.519213,predicted_seconds=0.006953,time_percent_error=98.660919,nthreads=58,end_time=224534.090708,avg_power_W=156.600000,max_power_W=159.000000,avg_time_s=0.008113,released_listeners=1,
start_task=,name=spmv,tick=4,start_time=224534.090765,nthreads=58,
message=tick stats,tick=4,estimated_current_power=65.912500,
end_task=,name=spmv,elapsed_seconds=0.524275,predicted_seconds=0.006953,time_percent_error=98.673846,nthreads=58,end_time=224534.615924,avg_power_W=158.090909,max_power_W=160.000000,avg_time_s=0.007825,released_listeners=1,
start_task=,name=spmv,tick=5,start_time=224534.615981,nthreads=58,
message=tick stats,tick=5,estimated_current_power=65.912500,
end_task=,name=spmv,elapsed_seconds=0.525573,predicted_seconds=0.006953,time_percent_error=98.677122,nthreads=58,end_time=224535.142095,avg_power_W=158.900000,max_power_W=160.000000,avg_time_s=0.007963,released_listeners=1,
start_task=,name=spmv,tick=6,start_time=224535.142156,nthreads=58,
message=tick stats,tick=6,estimated_current_power=65.912500,
end_task=,name=spmv,elapsed_seconds=0.517547,predicted_seconds=0.006953,time_percent_error=98.656607,nthreads=58,end_time=224535.660652,avg_power_W=161.181818,max_power_W=163.000000,avg_time_s=0.006901,released_listeners=1,
start_task=,name=spmv,tick=7,start_time=224535.660709,nthreads=58,
message=tick stats,tick=7,estimated_current_power=65.912500,
end_task=,name=spmv,elapsed_seconds=0.529639,predicted_seconds=0.006953,time_percent_error=98.687277,nthreads=58,end_time=224536.191312,avg_power_W=162.300000,max_power_W=165.000000,avg_time_s=0.006969,released_listeners=1,
start_task=,name=spmv,tick=8,start_time=224536.191370,nthreads=58,
message=tick stats,tick=8,estimated_current_power=65.912500,
end_task=,name=spmv,elapsed_seconds=0.522633,predicted_seconds=0.006953,time_percent_error=98.669681,nthreads=58,end_time=224536.714949,avg_power_W=163.818182,max_power_W=166.000000,avg_time_s=0.006877,released_listeners=1,
start_task=,name=spmv,tick=9,start_time=224536.715007,nthreads=58,
message=tick stats,tick=9,estimated_current_power=65.912500,
end_task=,name=spmv,elapsed_seconds=0.519389,predicted_seconds=0.006953,time_percent_error=98.661372,nthreads=58,end_time=224537.235357,avg_power_W=166.200000,max_power_W=168.000000,avg_time_s=0.006834,released_listeners=1,
start_task=,name=subtract,tick=10,start_time=224537.235415,nthreads=58,
message=tick stats,tick=10,estimated_current_power=56.350000,
end_task=,name=subtract,elapsed_seconds=0.514040,predicted_seconds=0.000421,time_percent_error=99.918051,nthreads=58,end_time=224537.758607,avg_power_W=159.363636,max_power_W=166.000000,avg_time_s=0.000420,released_listeners=2,
start_task=,name=subtract,tick=11,start_time=224537.758673,nthreads=58,
message=tick stats,tick=11,estimated_current_power=56.350000,
end_task=,name=subtract,elapsed_seconds=0.550958,predicted_seconds=0.000421,time_percent_error=99.923542,nthreads=58,end_time=224538.310244,avg_power_W=159.000000,max_power_W=162.000000,avg_time_s=0.000416,released_listeners=2,
start_task=,name=subtract,tick=12,start_time=224538.310275,nthreads=58,
message=tick stats,tick=12,estimated_current_power=56.350000,
end_task=,name=subtract,elapsed_seconds=0.536023,predicted_seconds=0.000421,time_percent_error=99.921412,nthreads=58,end_time=224538.858438,avg_power_W=160.636364,max_power_W=162.000000,avg_time_s=0.000414,released_listeners=2,
start_task=,name=subtract,tick=13,start_time=224538.858500,nthreads=58,
message=tick stats,tick=13,estimated_current_power=56.350000,
end_task=,name=subtract,elapsed_seconds=0.524347,predicted_seconds=0.000421,time_percent_error=99.919662,nthreads=58,end_time=224539.383472,avg_power_W=161.300000,max_power_W=162.000000,avg_time_s=0.000395,released_listeners=2,
start_task=,name=subtract,tick=14,start_time=224539.383501,nthreads=58,
message=tick stats,tick=14,estimated_current_power=56.350000,
end_task=,name=subtract,elapsed_seconds=0.523085,predicted_seconds=0.000421,time_percent_error=99.919468,nthreads=58,end_time=224539.908935,avg_power_W=163.000000,max_power_W=165.000000,avg_time_s=0.000394,released_listeners=2,
start_task=,name=subtract,tick=15,start_time=224539.908998,nthreads=58,
message=tick stats,tick=15,estimated_current_power=56.350000,
end_task=,name=subtract,elapsed_seconds=0.522288,predicted_seconds=0.000421,time_percent_error=99.919345,nthreads=58,end_time=224540.431864,avg_power_W=162.600000,max_power_W=164.000000,avg_time_s=0.000387,released_listeners=2,
start_task=,name=subtract,tick=16,start_time=224540.431921,nthreads=58,
message=tick stats,tick=16,estimated_current_power=56.350000,
end_task=,name=subtract,elapsed_seconds=0.523944,predicted_seconds=0.000421,time_percent_error=99.919600,nthreads=58,end_time=224540.958690,avg_power_W=163.181818,max_power_W=165.000000,avg_time_s=0.000396,released_listeners=2,
start_task=,name=subtract,tick=17,start_time=224540.958745,nthreads=58,
message=tick stats,tick=17,estimated_current_power=56.350000,
end_task=,name=subtract,elapsed_seconds=0.520787,predicted_seconds=0.000421,time_percent_error=99.919113,nthreads=58,end_time=224541.480103,avg_power_W=163.800000,max_power_W=165.000000,avg_time_s=0.000394,released_listeners=2,
start_task=,name=copy,tick=18,start_time=224541.480135,nthreads=58,
message=tick stats,tick=18,estimated_current_power=58.100000,
end_task=,name=copy,elapsed_seconds=0.522364,predicted_seconds=0.000198,time_percent_error=99.962024,nthreads=58,end_time=224542.009051,avg_power_W=163.818182,max_power_W=166.000000,avg_time_s=0.000183,released_listeners=1,
start_task=,name=dot,tick=19,start_time=224542.009150,nthreads=58,
message=tick stats,tick=19,estimated_current_power=57.808333,
end_task=,name=dot,elapsed_seconds=0.524307,predicted_seconds=0.000156,time_percent_error=99.970175,nthreads=58,end_time=224542.534152,avg_power_W=163.900000,max_power_W=165.000000,avg_time_s=0.000122,released_listeners=1,
start_task=,name=copy,tick=20,start_time=224542.534227,nthreads=58,
message=tick stats,tick=20,estimated_current_power=58.100000,
end_task=,name=copy,elapsed_seconds=0.535260,predicted_seconds=0.000198,time_percent_error=99.962939,nthreads=58,end_time=224543.070043,avg_power_W=164.727273,max_power_W=166.000000,avg_time_s=0.000196,released_listeners=1,
start_task=,name=dot,tick=21,start_time=224543.070076,nthreads=58,
message=tick stats,tick=21,estimated_current_power=57.808333,
end_task=,name=dot,elapsed_seconds=0.521827,predicted_seconds=0.000156,time_percent_error=99.970033,nthreads=58,end_time=224543.592673,avg_power_W=165.100000,max_power_W=166.000000,avg_time_s=0.000119,released_listeners=1,
start_task=,name=copy,tick=22,start_time=224543.592715,nthreads=58,
message=tick stats,tick=22,estimated_current_power=58.100000,
end_task=,name=copy,elapsed_seconds=0.523266,predicted_seconds=0.000198,time_percent_error=99.962089,nthreads=58,end_time=224544.116580,avg_power_W=165.545455,max_power_W=166.000000,avg_time_s=0.000185,released_listeners=1,
start_task=,name=dot,tick=23,start_time=224544.116616,nthreads=58,
message=tick stats,tick=23,estimated_current_power=57.808333,
end_task=,name=dot,elapsed_seconds=0.523133,predicted_seconds=0.000156,time_percent_error=99.970108,nthreads=58,end_time=224544.640293,avg_power_W=165.500000,max_power_W=166.000000,avg_time_s=0.000122,released_listeners=1,
start_task=,name=copy,tick=24,start_time=224544.640343,nthreads=58,
message=tick stats,tick=24,estimated_current_power=58.100000,
end_task=,name=copy,elapsed_seconds=0.519193,predicted_seconds=0.000198,time_percent_error=99.961792,nthreads=58,end_time=224545.160052,avg_power_W=165.818182,max_power_W=166.000000,avg_time_s=0.000193,released_listeners=1,
start_task=,name=dot,tick=25,start_time=224545.160087,nthreads=58,
message=tick stats,tick=25,estimated_current_power=57.808333,
end_task=,name=dot,elapsed_seconds=0.519676,predicted_seconds=0.000156,time_percent_error=99.969909,nthreads=58,end_time=224545.680784,avg_power_W=165.500000,max_power_W=166.000000,avg_time_s=0.000120,released_listeners=1,
start_task=,name=copy,tick=26,start_time=224545.680856,nthreads=58,
message=tick stats,tick=26,estimated_current_power=58.100000,
end_task=,name=copy,elapsed_seconds=0.518591,predicted_seconds=0.000198,time_percent_error=99.961747,nthreads=58,end_time=224546.208554,avg_power_W=165.636364,max_power_W=166.000000,avg_time_s=0.000182,released_listeners=1,
start_task=,name=dot,tick=27,start_time=224546.208623,nthreads=58,
message=tick stats,tick=27,estimated_current_power=57.808333,
end_task=,name=dot,elapsed_seconds=0.526141,predicted_seconds=0.000156,time_percent_error=99.970279,nthreads=58,end_time=224546.735385,avg_power_W=165.400000,max_power_W=166.000000,avg_time_s=0.000129,released_listeners=1,
start_task=,name=copy,tick=28,start_time=224546.735458,nthreads=58,
message=tick stats,tick=28,estimated_current_power=58.100000,
end_task=,name=copy,elapsed_seconds=0.525131,predicted_seconds=0.000198,time_percent_error=99.962224,nthreads=58,end_time=224547.261209,avg_power_W=165.909091,max_power_W=168.000000,avg_time_s=0.000188,released_listeners=1,
start_task=,name=dot,tick=29,start_time=224547.261245,nthreads=58,
message=tick stats,tick=29,estimated_current_power=57.808333,
end_task=,name=dot,elapsed_seconds=0.526485,predicted_seconds=0.000156,time_percent_error=99.970298,nthreads=58,end_time=224547.788572,avg_power_W=165.400000,max_power_W=166.000000,avg_time_s=0.000126,released_listeners=1,
start_task=,name=copy,tick=30,start_time=224547.788620,nthreads=58,
message=tick stats,tick=30,estimated_current_power=58.100000,
end_task=,name=copy,elapsed_seconds=0.523531,predicted_seconds=0.000198,time_percent_error=99.962108,nthreads=58,end_time=224548.312785,avg_power_W=166.181818,max_power_W=168.000000,avg_time_s=0.000190,released_listeners=1,
start_task=,name=dot,tick=31,start_time=224548.312824,nthreads=58,
message=tick stats,tick=31,estimated_current_power=57.808333,
end_task=,name=dot,elapsed_seconds=0.523528,predicted_seconds=0.000156,time_percent_error=99.970131,nthreads=58,end_time=224548.837096,avg_power_W=164.900000,max_power_W=166.000000,avg_time_s=0.000128,released_listeners=1,
start_task=,name=copy,tick=32,start_time=224548.837143,nthreads=58,
message=tick stats,tick=32,estimated_current_power=58.100000,
end_task=,name=copy,elapsed_seconds=0.524147,predicted_seconds=0.000198,time_percent_error=99.962153,nthreads=58,end_time=224549.363377,avg_power_W=165.636364,max_power_W=166.000000,avg_time_s=0.000192,released_listeners=1,
start_task=,name=dot,tick=33,start_time=224549.363441,nthreads=58,
message=tick stats,tick=33,estimated_current_power=57.808333,
end_task=,name=dot,elapsed_seconds=0.546096,predicted_seconds=0.000156,time_percent_error=99.971365,nthreads=58,end_time=224549.910114,avg_power_W=164.909091,max_power_W=166.000000,avg_time_s=0.000133,released_listeners=1,
start_task=,name=spmv,tick=34,start_time=224549.910163,nthreads=58,
message=tick stats,tick=34,estimated_current_power=65.912500,
end_task=,name=spmv,elapsed_seconds=0.526341,predicted_seconds=0.006953,time_percent_error=98.679053,nthreads=58,end_time=224550.437450,avg_power_W=175.000000,max_power_W=177.000000,avg_time_s=0.006926,released_listeners=1,
start_task=,name=spmv,tick=35,start_time=224550.437507,nthreads=58,
message=tick stats,tick=35,estimated_current_power=65.912500,
end_task=,name=spmv,elapsed_seconds=0.515581,predicted_seconds=0.006953,time_percent_error=98.651484,nthreads=58,end_time=224550.958068,avg_power_W=176.545455,max_power_W=178.000000,avg_time_s=0.006696,released_listeners=1,
start_task=,name=spmv,tick=36,start_time=224550.958186,nthreads=58,
message=tick stats,tick=36,estimated_current_power=65.912500,
end_task=,name=spmv,elapsed_seconds=0.525581,predicted_seconds=0.006953,time_percent_error=98.677142,nthreads=58,end_time=224551.484740,avg_power_W=176.800000,max_power_W=178.000000,avg_time_s=0.006916,released_listeners=1,
start_task=,name=spmv,tick=37,start_time=224551.484799,nthreads=58,
message=tick stats,tick=37,estimated_current_power=65.912500,
end_task=,name=spmv,elapsed_seconds=0.524904,predicted_seconds=0.006953,time_percent_error=98.675436,nthreads=58,end_time=224552.010310,avg_power_W=176.545455,max_power_W=178.000000,avg_time_s=0.006644,released_listeners=1,
start_task=,name=spmv,tick=38,start_time=224552.010368,nthreads=58,
message=tick stats,tick=38,estimated_current_power=65.912500,
end_task=,name=spmv,elapsed_seconds=0.525563,predicted_seconds=0.006953,time_percent_error=98.677096,nthreads=58,end_time=224552.536890,avg_power_W=177.300000,max_power_W=179.000000,avg_time_s=0.006825,released_listeners=1,
start_task=,name=spmv,tick=39,start_time=224552.536948,nthreads=58,
message=tick stats,tick=39,estimated_current_power=65.912500,
end_task=,name=spmv,elapsed_seconds=0.520869,predicted_seconds=0.006953,time_percent_error=98.665175,nthreads=58,end_time=224553.058291,avg_power_W=176.909091,max_power_W=180.000000,avg_time_s=0.006854,released_listeners=1,
start_task=,name=spmv,tick=40,start_time=224553.058349,nthreads=58,
message=tick stats,tick=40,estimated_current_power=65.912500,
end_task=,name=spmv,elapsed_seconds=0.530901,predicted_seconds=0.006953,time_percent_error=98.690398,nthreads=58,end_time=224553.590240,avg_power_W=178.700000,max_power_W=180.000000,avg_time_s=0.006895,released_listeners=1,
start_task=,name=spmv,tick=41,start_time=224553.590301,nthreads=58,
message=tick stats,tick=41,estimated_current_power=65.912500,
end_task=,name=spmv,elapsed_seconds=0.529685,predicted_seconds=0.006953,time_percent_error=98.687393,nthreads=58,end_time=224554.120520,avg_power_W=176.727273,max_power_W=179.000000,avg_time_s=0.006879,released_listeners=1,
start_task=,name=sum_contribs,tick=42,start_time=224554.120578,nthreads=58,
message=tick stats,tick=42,estimated_current_power=0.000000,
end_task=,name=sum_contribs,elapsed_seconds=0.526272,predicted_seconds=0.000000,time_percent_error=100.000000,nthreads=58,end_time=224554.659589,avg_power_W=165.363636,max_power_W=179.000000,avg_time_s=0.000116,released_listeners=1,
start_task=,name=dot,tick=43,start_time=224554.659668,nthreads=58,
message=tick stats,tick=43,estimated_current_power=57.808333,
end_task=,name=dot,elapsed_seconds=0.530464,predicted_seconds=0.000156,time_percent_error=99.970521,nthreads=58,end_time=224555.190603,avg_power_W=167.400000,max_power_W=169.000000,avg_time_s=0.000192,released_listeners=1,
start_task=,name=dot,tick=44,start_time=224555.190642,nthreads=58,
message=tick stats,tick=44,estimated_current_power=57.808333,
end_task=,name=dot,elapsed_seconds=0.522446,predicted_seconds=0.000156,time_percent_error=99.970069,nthreads=58,end_time=224555.714502,avg_power_W=168.181818,max_power_W=171.000000,avg_time_s=0.000193,released_listeners=1,
start_task=,name=dot,tick=45,start_time=224555.714545,nthreads=58,
message=tick stats,tick=45,estimated_current_power=57.808333,
end_task=,name=dot,elapsed_seconds=0.526220,predicted_seconds=0.000156,time_percent_error=99.970283,nthreads=58,end_time=224556.241386,avg_power_W=166.800000,max_power_W=168.000000,avg_time_s=0.000191,released_listeners=1,
start_task=,name=dot,tick=46,start_time=224556.241426,nthreads=58,
message=tick stats,tick=46,estimated_current_power=57.808333,
end_task=,name=dot,elapsed_seconds=0.526768,predicted_seconds=0.000156,time_percent_error=99.970314,nthreads=58,end_time=224556.769505,avg_power_W=168.272727,max_power_W=169.000000,avg_time_s=0.000183,released_listeners=1,
start_task=,name=dot,tick=47,start_time=224556.769552,nthreads=58,
message=tick stats,tick=47,estimated_current_power=57.808333,
end_task=,name=dot,elapsed_seconds=0.519952,predicted_seconds=0.000156,time_percent_error=99.969925,nthreads=58,end_time=224557.289820,avg_power_W=166.900000,max_power_W=168.000000,avg_time_s=0.000189,released_listeners=1,
start_task=,name=dot,tick=48,start_time=224557.289859,nthreads=58,
message=tick stats,tick=48,estimated_current_power=57.808333,
end_task=,name=dot,elapsed_seconds=0.518342,predicted_seconds=0.000156,time_percent_error=99.969832,nthreads=58,end_time=224557.808636,avg_power_W=166.363636,max_power_W=167.000000,avg_time_s=0.000190,released_listeners=1,
start_task=,name=dot,tick=49,start_time=224557.808674,nthreads=58,
message=tick stats,tick=49,estimated_current_power=57.808333,
end_task=,name=dot,elapsed_seconds=0.520810,predicted_seconds=0.000156,time_percent_error=99.969975,nthreads=58,end_time=224558.330059,avg_power_W=166.800000,max_power_W=169.000000,avg_time_s=0.000194,released_listeners=1,
start_task=,name=dot,tick=50,start_time=224558.330100,nthreads=58,
message=tick stats,tick=50,estimated_current_power=57.808333,
end_task=,name=dot,elapsed_seconds=0.519647,predicted_seconds=0.000156,time_percent_error=99.969907,nthreads=58,end_time=224558.859796,avg_power_W=166.545455,max_power_W=169.000000,avg_time_s=0.000203,released_listeners=1,
start_task=,name=sum_contribs,tick=51,start_time=224558.859867,nthreads=58,
message=tick stats,tick=51,estimated_current_power=0.000000,
end_task=,name=sum_contribs,elapsed_seconds=0.519518,predicted_seconds=0.000000,time_percent_error=100.000000,nthreads=58,end_time=224559.379921,avg_power_W=164.000000,max_power_W=167.000000,avg_time_s=0.000106,released_listeners=1,
start_task=,name=comp_alpha,tick=52,start_time=224559.379966,nthreads=58,
message=tick stats,tick=52,estimated_current_power=0.000000,
end_task=,name=comp_alpha,elapsed_seconds=0.523903,predicted_seconds=0.000000,time_percent_error=100.000000,nthreads=58,end_time=224559.909328,avg_power_W=160.636364,max_power_W=165.000000,avg_time_s=0.000044,released_listeners=16,
start_task=,name=axpyprofile,tick=53,start_time=224559.909387,nthreads=58,
message=tick stats,tick=53,estimated_current_power=0.000000,
end_task=,name=axpyprofile,elapsed_seconds=0.505251,predicted_seconds=0.000000,time_percent_error=100.000000,nthreads=58,end_time=224560.415187,avg_power_W=169.200000,max_power_W=174.000000,avg_time_s=0.004593,released_listeners=1,
start_task=,name=axpyprofile,tick=54,start_time=224560.415245,nthreads=58,
message=tick stats,tick=54,estimated_current_power=0.000000,
end_task=,name=axpyprofile,elapsed_seconds=0.525504,predicted_seconds=0.000000,time_percent_error=100.000000,nthreads=58,end_time=224560.941716,avg_power_W=172.300000,max_power_W=173.000000,avg_time_s=0.004734,released_listeners=1,
start_task=,name=axpyprofile,tick=55,start_time=224560.941774,nthreads=58,
message=tick stats,tick=55,estimated_current_power=0.000000,
end_task=,name=axpyprofile,elapsed_seconds=0.541079,predicted_seconds=0.000000,time_percent_error=100.000000,nthreads=58,end_time=224561.483804,avg_power_W=172.454545,max_power_W=174.000000,avg_time_s=0.004831,released_listeners=1,
start_task=,name=axpyprofile,tick=56,start_time=224561.483862,nthreads=58,
message=tick stats,tick=56,estimated_current_power=0.000000,
end_task=,name=axpyprofile,elapsed_seconds=0.516913,predicted_seconds=0.000000,time_percent_error=100.000000,nthreads=58,end_time=224562.008446,avg_power_W=172.454545,max_power_W=174.000000,avg_time_s=0.004657,released_listeners=1,
start_task=,name=axpyprofile,tick=57,start_time=224562.008508,nthreads=58,
message=tick stats,tick=57,estimated_current_power=0.000000,
end_task=,name=axpyprofile,elapsed_seconds=0.524956,predicted_seconds=0.000000,time_percent_error=100.000000,nthreads=58,end_time=224562.534422,avg_power_W=173.200000,max_power_W=174.000000,avg_time_s=0.004729,released_listeners=1,
start_task=,name=axpyprofile,tick=58,start_time=224562.534480,nthreads=58,
message=tick stats,tick=58,estimated_current_power=0.000000,
end_task=,name=axpyprofile,elapsed_seconds=0.519130,predicted_seconds=0.000000,time_percent_error=100.000000,nthreads=58,end_time=224563.058223,avg_power_W=172.545455,max_power_W=174.000000,avg_time_s=0.004677,released_listeners=1,
start_task=,name=axpyprofile,tick=59,start_time=224563.058285,nthreads=58,
message=tick stats,tick=59,estimated_current_power=0.000000,
end_task=,name=axpyprofile,elapsed_seconds=0.531278,predicted_seconds=0.000000,time_percent_error=100.000000,nthreads=58,end_time=224563.590523,avg_power_W=172.300000,max_power_W=174.000000,avg_time_s=0.004744,released_listeners=1,
start_task=,name=axpyprofile,tick=60,start_time=224563.590582,nthreads=58,
message=tick stats,tick=60,estimated_current_power=0.000000,
end_task=,name=axpyprofile,elapsed_seconds=0.524004,predicted_seconds=0.000000,time_percent_error=100.000000,nthreads=58,end_time=224564.115160,avg_power_W=171.818182,max_power_W=174.000000,avg_time_s=0.004807,released_listeners=1,
start_task=,name=axpyprofile,tick=61,start_time=224564.115222,nthreads=58,
message=tick stats,tick=61,estimated_current_power=0.000000,
end_task=,name=axpyprofile,elapsed_seconds=0.525854,predicted_seconds=0.000000,time_percent_error=100.000000,nthreads=58,end_time=224564.642065,avg_power_W=172.400000,max_power_W=174.000000,avg_time_s=0.004915,released_listeners=1,
start_task=,name=axpyprofile,tick=62,start_time=224564.642126,nthreads=58,
message=tick stats,tick=62,estimated_current_power=0.000000,
end_task=,name=axpyprofile,elapsed_seconds=0.518743,predicted_seconds=0.000000,time_percent_error=100.000000,nthreads=58,end_time=224565.161442,avg_power_W=172.000000,max_power_W=174.000000,avg_time_s=0.004716,released_listeners=1,
start_task=,name=axpyprofile,tick=63,start_time=224565.161500,nthreads=58,
message=tick stats,tick=63,estimated_current_power=0.000000,
end_task=,name=axpyprofile,elapsed_seconds=0.527484,predicted_seconds=0.000000,time_percent_error=100.000000,nthreads=58,end_time=224565.690003,avg_power_W=172.800000,max_power_W=174.000000,avg_time_s=0.004795,released_listeners=1,
start_task=,name=axpyprofile,tick=64,start_time=224565.690061,nthreads=58,
message=tick stats,tick=64,estimated_current_power=0.000000,
end_task=,name=axpyprofile,elapsed_seconds=0.525408,predicted_seconds=0.000000,time_percent_error=100.000000,nthreads=58,end_time=224566.216012,avg_power_W=172.818182,max_power_W=174.000000,avg_time_s=0.004776,released_listeners=1,
start_task=,name=axpyprofile,tick=65,start_time=224566.216070,nthreads=58,
message=tick stats,tick=65,estimated_current_power=0.000000,
end_task=,name=axpyprofile,elapsed_seconds=0.525735,predicted_seconds=0.000000,time_percent_error=100.000000,nthreads=58,end_time=224566.742758,avg_power_W=172.300000,max_power_W=174.000000,avg_time_s=0.004823,released_listeners=1,
start_task=,name=axpyprofile,tick=66,start_time=224566.742816,nthreads=58,
message=tick stats,tick=66,estimated_current_power=0.000000,
end_task=,name=axpyprofile,elapsed_seconds=0.528922,predicted_seconds=0.000000,time_percent_error=100.000000,nthreads=58,end_time=224567.272302,avg_power_W=172.727273,max_power_W=174.000000,avg_time_s=0.004852,released_listeners=1,
start_task=,name=axpyprofile,tick=67,start_time=224567.272361,nthreads=58,
message=tick stats,tick=67,estimated_current_power=0.000000,
end_task=,name=axpyprofile,elapsed_seconds=0.520554,predicted_seconds=0.000000,time_percent_error=100.000000,nthreads=58,end_time=224567.793864,avg_power_W=172.200000,max_power_W=174.000000,avg_time_s=0.004732,released_listeners=1,
start_task=,name=axpyprofile,tick=68,start_time=224567.793924,nthreads=58,
message=tick stats,tick=68,estimated_current_power=0.000000,
end_task=,name=axpyprofile,elapsed_seconds=0.547172,predicted_seconds=0.000000,time_percent_error=100.000000,nthreads=58,end_time=224568.341635,avg_power_W=171.818182,max_power_W=175.000000,avg_time_s=0.004974,released_listeners=1,
start_task=,name=axpy,tick=69,start_time=224568.341694,nthreads=58,
message=tick stats,tick=69,estimated_current_power=61.100000,
end_task=,name=axpy,elapsed_seconds=0.025133,predicted_seconds=0.004157,time_percent_error=83.460918,nthreads=58,end_time=224568.368278,avg_power_W=174.000000,max_power_W=174.000000,avg_time_s=0.025133,released_listeners=0,
start_task=,name=axpy,tick=70,start_time=224568.368345,nthreads=58,
message=tick stats,tick=70,estimated_current_power=61.100000,
end_task=,name=axpy,elapsed_seconds=0.023477,predicted_seconds=0.004157,time_percent_error=82.294400,nthreads=58,end_time=224568.393285,avg_power_W=-nan,max_power_W=0.000000,avg_time_s=0.023477,released_listeners=0,
start_task=,name=axpy,tick=71,start_time=224568.393329,nthreads=58,
message=tick stats,tick=71,estimated_current_power=61.100000,
end_task=,name=axpy,elapsed_seconds=0.022985,predicted_seconds=0.004157,time_percent_error=81.915170,nthreads=58,end_time=224568.417787,avg_power_W=167.000000,max_power_W=167.000000,avg_time_s=0.022985,released_listeners=1,
start_task=,name=axpy,tick=72,start_time=224568.417846,nthreads=58,
message=tick stats,tick=72,estimated_current_power=61.100000,
end_task=,name=axpy,elapsed_seconds=0.027531,predicted_seconds=0.004157,time_percent_error=84.901742,nthreads=58,end_time=224568.458434,avg_power_W=163.000000,max_power_W=163.000000,avg_time_s=0.027531,released_listeners=1,
start_task=,name=axpy,tick=73,start_time=224568.458496,nthreads=58,
message=tick stats,tick=73,estimated_current_power=61.100000,
end_task=,name=axpy,elapsed_seconds=0.024625,predicted_seconds=0.004157,time_percent_error=83.119701,nthreads=58,end_time=224568.484955,avg_power_W=-nan,max_power_W=0.000000,avg_time_s=0.024625,released_listeners=0,
start_task=,name=axpy,tick=74,start_time=224568.484979,nthreads=58,
message=tick stats,tick=74,estimated_current_power=61.100000,
end_task=,name=axpy,elapsed_seconds=0.022513,predicted_seconds=0.004157,time_percent_error=81.536606,nthreads=58,end_time=224568.509139,avg_power_W=163.000000,max_power_W=163.000000,avg_time_s=0.022513,released_listeners=1,
start_task=,name=axpy,tick=75,start_time=224568.509169,nthreads=58,
message=tick stats,tick=75,estimated_current_power=61.100000,
end_task=,name=axpy,elapsed_seconds=0.027087,predicted_seconds=0.004157,time_percent_error=84.653933,nthreads=58,end_time=224568.537687,avg_power_W=-nan,max_power_W=0.000000,avg_time_s=0.027087,released_listeners=0,
start_task=,name=axpy,tick=76,start_time=224568.537735,nthreads=58,
message=tick stats,tick=76,estimated_current_power=61.100000,
end_task=,name=axpy,elapsed_seconds=0.023556,predicted_seconds=0.004157,time_percent_error=82.353749,nthreads=58,end_time=224568.562620,avg_power_W=163.000000,max_power_W=163.000000,avg_time_s=0.023556,released_listeners=1,
start_task=,name=axpy,tick=77,start_time=224568.562650,nthreads=58,
message=tick stats,tick=77,estimated_current_power=61.100000,
end_task=,name=axpy,elapsed_seconds=0.020638,predicted_seconds=0.004157,time_percent_error=79.858830,nthreads=58,end_time=224568.584532,avg_power_W=-nan,max_power_W=0.000000,avg_time_s=0.020638,released_listeners=0,
start_task=,name=axpy,tick=78,start_time=224568.584553,nthreads=58,
message=tick stats,tick=78,estimated_current_power=61.100000,
end_task=,name=axpy,elapsed_seconds=0.024034,predicted_seconds=0.004157,time_percent_error=82.704942,nthreads=58,end_time=224568.611287,avg_power_W=163.000000,max_power_W=163.000000,avg_time_s=0.024034,released_listeners=1,
start_task=,name=axpy,tick=79,start_time=224568.611317,nthreads=58,
message=tick stats,tick=79,estimated_current_power=61.100000,
end_task=,name=axpy,elapsed_seconds=0.018451,predicted_seconds=0.004157,time_percent_error=77.470867,nthreads=58,end_time=224568.630709,avg_power_W=-nan,max_power_W=0.000000,avg_time_s=0.018451,released_listeners=0,
start_task=,name=axpy,tick=80,start_time=224568.630731,nthreads=58,
message=tick stats,tick=80,estimated_current_power=61.100000,
end_task=,name=axpy,elapsed_seconds=0.005986,predicted_seconds=0.004157,time_percent_error=30.562342,nthreads=58,end_time=224568.637821,avg_power_W=-nan,max_power_W=0.000000,avg_time_s=0.005986,released_listeners=1,
start_task=,name=axpy,tick=81,start_time=224568.637844,nthreads=58,
message=tick stats,tick=81,estimated_current_power=61.100000,
end_task=,name=axpy,elapsed_seconds=0.004904,predicted_seconds=0.004157,time_percent_error=15.235124,nthreads=58,end_time=224568.643808,avg_power_W=-nan,max_power_W=0.000000,avg_time_s=0.004904,released_listeners=0,
start_task=,name=axpy,tick=82,start_time=224568.643830,nthreads=58,
message=tick stats,tick=82,estimated_current_power=61.100000,
end_task=,name=axpy,elapsed_seconds=0.004947,predicted_seconds=0.004157,time_percent_error=15.980748,nthreads=58,end_time=224568.660208,avg_power_W=163.000000,max_power_W=163.000000,avg_time_s=0.004947,released_listeners=1,
start_task=,name=axpy,tick=83,start_time=224568.660270,nthreads=58,
message=tick stats,tick=83,estimated_current_power=61.100000,
end_task=,name=axpy,elapsed_seconds=0.003240,predicted_seconds=0.004157,time_percent_error=28.310752,nthreads=58,end_time=224568.664383,avg_power_W=-nan,max_power_W=0.000000,avg_time_s=0.003240,released_listeners=0,
start_task=,name=axpy,tick=84,start_time=224568.664404,nthreads=58,
message=tick stats,tick=84,estimated_current_power=61.100000,
end_task=,name=axpy,elapsed_seconds=0.005952,predicted_seconds=0.004157,time_percent_error=30.160664,nthreads=58,end_time=224568.671256,avg_power_W=-nan,max_power_W=0.000000,avg_time_s=0.005952,released_listeners=1,
start_task=,name=dot,tick=85,start_time=224568.671278,nthreads=58,
message=tick stats,tick=85,estimated_current_power=57.808333,
end_task=,name=dot,elapsed_seconds=0.504879,predicted_seconds=0.000156,time_percent_error=99.969027,nthreads=58,end_time=224569.176734,avg_power_W=163.200000,max_power_W=166.000000,avg_time_s=0.000127,released_listeners=1,
start_task=,name=dot,tick=86,start_time=224569.176783,nthreads=58,
message=tick stats,tick=86,estimated_current_power=57.808333,
end_task=,name=dot,elapsed_seconds=0.522648,predicted_seconds=0.000156,time_percent_error=99.970080,nthreads=58,end_time=224569.708772,avg_power_W=166.363636,max_power_W=167.000000,avg_time_s=0.000130,released_listeners=1,
start_task=,name=dot,tick=87,start_time=224569.708852,nthreads=58,
message=tick stats,tick=87,estimated_current_power=57.808333,
end_task=,name=dot,elapsed_seconds=0.524870,predicted_seconds=0.000156,time_percent_error=99.970207,nthreads=58,end_time=224570.234325,avg_power_W=166.200000,max_power_W=167.000000,avg_time_s=0.000128,released_listeners=1,
start_task=,name=dot,tick=88,start_time=224570.234373,nthreads=58,
message=tick stats,tick=88,estimated_current_power=57.808333,
end_task=,name=dot,elapsed_seconds=0.545037,predicted_seconds=0.000156,time_percent_error=99.971309,nthreads=58,end_time=224570.780370,avg_power_W=166.000000,max_power_W=169.000000,avg_time_s=0.000132,released_listeners=1,
start_task=,name=dot,tick=89,start_time=224570.780419,nthreads=58,
message=tick stats,tick=89,estimated_current_power=57.808333,
end_task=,name=dot,elapsed_seconds=0.521213,predicted_seconds=0.000156,time_percent_error=99.969998,nthreads=58,end_time=224571.309074,avg_power_W=166.090909,max_power_W=167.000000,avg_time_s=0.000129,released_listeners=1,
start_task=,name=dot,tick=90,start_time=224571.309153,nthreads=58,
message=tick stats,tick=90,estimated_current_power=57.808333,
end_task=,name=dot,elapsed_seconds=0.522560,predicted_seconds=0.000156,time_percent_error=99.970075,nthreads=58,end_time=224571.832400,avg_power_W=166.600000,max_power_W=167.000000,avg_time_s=0.000136,released_listeners=1,
start_task=,name=dot,tick=91,start_time=224571.832449,nthreads=58,
message=tick stats,tick=91,estimated_current_power=57.808333,
end_task=,name=dot,elapsed_seconds=0.522324,predicted_seconds=0.000156,time_percent_error=99.970062,nthreads=58,end_time=224572.358974,avg_power_W=166.363636,max_power_W=167.000000,avg_time_s=0.000129,released_listeners=1,
start_task=,name=dot,tick=92,start_time=224572.359054,nthreads=58,
message=tick stats,tick=92,estimated_current_power=57.808333,
end_task=,name=dot,elapsed_seconds=0.522986,predicted_seconds=0.000156,time_percent_error=99.970100,nthreads=58,end_time=224572.882594,avg_power_W=166.600000,max_power_W=167.000000,avg_time_s=0.000131,released_listeners=1,
start_task=,name=sum_contribs,tick=93,start_time=224572.882650,nthreads=58,
message=tick stats,tick=93,estimated_current_power=0.000000,
end_task=,name=sum_contribs,elapsed_seconds=0.523223,predicted_seconds=0.000000,time_percent_error=100.000000,nthreads=58,end_time=224573.408078,avg_power_W=164.000000,max_power_W=168.000000,avg_time_s=0.000106,released_listeners=2,
start_task=,name=comp_beta,tick=94,start_time=224573.408160,nthreads=58,
message=tick stats,tick=94,estimated_current_power=0.000000,
end_task=,name=comp_beta,elapsed_seconds=0.527300,predicted_seconds=0.000000,time_percent_error=100.000000,nthreads=58,end_time=224573.935845,avg_power_W=150.500000,max_power_W=163.000000,avg_time_s=0.000047,released_listeners=8,
start_task=,name=assign,tick=95,start_time=224573.935898,nthreads=58,
message=tick stats,tick=95,estimated_current_power=0.000000,
end_task=,name=assign,elapsed_seconds=0.506394,predicted_seconds=0.000000,time_percent_error=100.000000,nthreads=58,end_time=224574.443271,avg_power_W=126.600000,max_power_W=130.000000,avg_time_s=0.000042,released_listeners=0,
start_task=,name=xapyprofile,tick=96,start_time=224574.443323,nthreads=58,
message=tick stats,tick=96,estimated_current_power=0.000000,
end_task=,name=xapyprofile,elapsed_seconds=0.508477,predicted_seconds=0.000000,time_percent_error=100.000000,nthreads=58,end_time=224574.958629,avg_power_W=164.909091,max_power_W=173.000000,avg_time_s=0.004937,released_listeners=1,
start_task=,name=xapyprofile,tick=97,start_time=224574.958693,nthreads=58,
message=tick stats,tick=97,estimated_current_power=0.000000,
end_task=,name=xapyprofile,elapsed_seconds=0.523232,predicted_seconds=0.000000,time_percent_error=100.000000,nthreads=58,end_time=224575.482552,avg_power_W=171.800000,max_power_W=173.000000,avg_time_s=0.004890,released_listeners=1,
start_task=,name=xapyprofile,tick=98,start_time=224575.482610,nthreads=58,
message=tick stats,tick=98,estimated_current_power=0.000000,
end_task=,name=xapyprofile,elapsed_seconds=0.517640,predicted_seconds=0.000000,time_percent_error=100.000000,nthreads=58,end_time=224576.008343,avg_power_W=171.636364,max_power_W=174.000000,avg_time_s=0.004977,released_listeners=1,
start_task=,name=xapyprofile,tick=99,start_time=224576.008405,nthreads=58,
message=tick stats,tick=99,estimated_current_power=0.000000,
end_task=,name=xapyprofile,elapsed_seconds=0.524261,predicted_seconds=0.000000,time_percent_error=100.000000,nthreads=58,end_time=224576.533245,avg_power_W=171.800000,max_power_W=174.000000,avg_time_s=0.004900,released_listeners=1,
start_task=,name=xapyprofile,tick=100,start_time=224576.533303,nthreads=58,
message=tick stats,tick=100,estimated_current_power=0.000000,
end_task=,name=xapyprofile,elapsed_seconds=0.529173,predicted_seconds=0.000000,time_percent_error=100.000000,nthreads=58,end_time=224577.063455,avg_power_W=171.454545,max_power_W=173.000000,avg_time_s=0.004900,released_listeners=1,
start_task=,name=xapyprofile,tick=101,start_time=224577.063514,nthreads=58,
message=tick stats,tick=101,estimated_current_power=0.000000,
end_task=,name=xapyprofile,elapsed_seconds=0.547966,predicted_seconds=0.000000,time_percent_error=100.000000,nthreads=58,end_time=224577.612070,avg_power_W=172.727273,max_power_W=175.000000,avg_time_s=0.005074,released_listeners=1,
start_task=,name=xapyprofile,tick=102,start_time=224577.612129,nthreads=58,
message=tick stats,tick=102,estimated_current_power=0.000000,
end_task=,name=xapyprofile,elapsed_seconds=0.524034,predicted_seconds=0.000000,time_percent_error=100.000000,nthreads=58,end_time=224578.137115,avg_power_W=172.700000,max_power_W=173.000000,avg_time_s=0.004852,released_listeners=1,
start_task=,name=xapyprofile,tick=103,start_time=224578.137173,nthreads=58,
message=tick stats,tick=103,estimated_current_power=0.000000,
end_task=,name=xapyprofile,elapsed_seconds=0.523817,predicted_seconds=0.000000,time_percent_error=100.000000,nthreads=58,end_time=224578.661927,avg_power_W=173.000000,max_power_W=175.000000,avg_time_s=0.004850,released_listeners=1,
start_task=,name=xapy,tick=104,start_time=224578.661994,nthreads=58,
message=tick stats,tick=104,estimated_current_power=63.850000,
end_task=,name=xapy,elapsed_seconds=0.037812,predicted_seconds=0.004339,time_percent_error=88.525700,nthreads=58,end_time=224578.708348,avg_power_W=173.000000,max_power_W=173.000000,avg_time_s=0.037812,released_listeners=0,
start_task=,name=xapy,tick=105,start_time=224578.708410,nthreads=58,
message=tick stats,tick=105,estimated_current_power=63.850000,
end_task=,name=xapy,elapsed_seconds=0.023737,predicted_seconds=0.004339,time_percent_error=81.722446,nthreads=58,end_time=224578.733095,avg_power_W=-nan,max_power_W=0.000000,avg_time_s=0.023737,released_listeners=0,
start_task=,name=xapy,tick=106,start_time=224578.733146,nthreads=58,
message=tick stats,tick=106,estimated_current_power=63.850000,
end_task=,name=xapy,elapsed_seconds=0.031206,predicted_seconds=0.004339,time_percent_error=86.096857,nthreads=58,end_time=224578.765283,avg_power_W=158.000000,max_power_W=158.000000,avg_time_s=0.031206,released_listeners=0,
start_task=,name=xapy,tick=107,start_time=224578.765342,nthreads=58,
message=tick stats,tick=107,estimated_current_power=63.850000,
end_task=,name=xapy,elapsed_seconds=0.025195,predicted_seconds=0.004339,time_percent_error=82.780148,nthreads=58,end_time=224578.791426,avg_power_W=-nan,max_power_W=0.000000,avg_time_s=0.025195,released_listeners=0,
start_task=,name=xapy,tick=108,start_time=224578.791450,nthreads=58,
message=tick stats,tick=108,estimated_current_power=63.850000,
end_task=,name=xapy,elapsed_seconds=0.020813,predicted_seconds=0.004339,time_percent_error=79.154551,nthreads=58,end_time=224578.813279,avg_power_W=161.000000,max_power_W=161.000000,avg_time_s=0.020813,released_listeners=0,
start_task=,name=xapy,tick=109,start_time=224578.813309,nthreads=58,
message=tick stats,tick=109,estimated_current_power=63.850000,
end_task=,name=xapy,elapsed_seconds=0.018721,predicted_seconds=0.004339,time_percent_error=76.824988,nthreads=58,end_time=224578.832879,avg_power_W=-nan,max_power_W=0.000000,avg_time_s=0.018721,released_listeners=0,
start_task=,name=xapy,tick=110,start_time=224578.832904,nthreads=58,
message=tick stats,tick=110,estimated_current_power=63.850000,
end_task=,name=xapy,elapsed_seconds=0.019595,predicted_seconds=0.004339,time_percent_error=77.858836,nthreads=58,end_time=224578.858169,avg_power_W=162.000000,max_power_W=162.000000,avg_time_s=0.019595,released_listeners=0,
start_task=,name=xapy,tick=111,start_time=224578.858228,nthreads=58,
message=tick stats,tick=111,estimated_current_power=63.850000,
end_task=,name=xapy,elapsed_seconds=0.026154,predicted_seconds=0.004339,time_percent_error=83.411270,nthreads=58,end_time=224578.885252,avg_power_W=-nan,max_power_W=0.000000,avg_time_s=0.026154,released_listeners=0,
est_max_power=65.912500,
average_power_W=-nan,
max_power_W=0.000000,
time_s=46.340679,
message=ALL DONE,
