message=cataloging configuration,max_threads=60,power_limit=inf,
start_task=,name=start,tick=1,start_time=224646.683144,nthreads=60,
message=tick stats,tick=1,estimated_current_power=0.000000,
end_task=,name=start,elapsed_seconds=0.509099,predicted_seconds=0.000000,time_percent_error=100.000000,nthreads=60,end_time=224647.197849,avg_power_W=108.600000,max_power_W=113.000000,avg_time_s=0.000000,released_listeners=8,
start_task=,name=spmv,tick=2,start_time=224647.197921,nthreads=60,
message=tick stats,tick=2,estimated_current_power=64.725000,
end_task=,name=spmv,elapsed_seconds=0.510467,predicted_seconds=0.006830,time_percent_error=98.661935,nthreads=60,end_time=224647.709891,avg_power_W=138.300000,max_power_W=162.000000,avg_time_s=0.009115,released_listeners=1,
start_task=,name=spmv,tick=3,start_time=224647.709949,nthreads=60,
message=tick stats,tick=3,estimated_current_power=64.725000,
end_task=,name=spmv,elapsed_seconds=0.525019,predicted_seconds=0.006830,time_percent_error=98.699024,nthreads=60,end_time=224648.247109,avg_power_W=158.636364,max_power_W=161.000000,avg_time_s=0.006818,released_listeners=1,
start_task=,name=spmv,tick=4,start_time=224648.247183,nthreads=60,
message=tick stats,tick=4,estimated_current_power=64.725000,
end_task=,name=spmv,elapsed_seconds=0.515042,predicted_seconds=0.006830,time_percent_error=98.673822,nthreads=60,end_time=224648.763178,avg_power_W=160.500000,max_power_W=163.000000,avg_time_s=0.006689,released_listeners=1,
start_task=,name=spmv,tick=5,start_time=224648.763254,nthreads=60,
message=tick stats,tick=5,estimated_current_power=64.725000,
end_task=,name=spmv,elapsed_seconds=0.521363,predicted_seconds=0.006830,time_percent_error=98.689899,nthreads=60,end_time=224649.297218,avg_power_W=161.000000,max_power_W=163.000000,avg_time_s=0.006684,released_listeners=1,
start_task=,name=spmv,tick=6,start_time=224649.297280,nthreads=60,
message=tick stats,tick=6,estimated_current_power=64.725000,
end_task=,name=spmv,elapsed_seconds=0.525521,predicted_seconds=0.006830,time_percent_error=98.700266,nthreads=60,end_time=224649.824333,avg_power_W=161.800000,max_power_W=163.000000,avg_time_s=0.006825,released_listeners=1,
start_task=,name=spmv,tick=7,start_time=224649.824391,nthreads=60,
message=tick stats,tick=7,estimated_current_power=64.725000,
end_task=,name=spmv,elapsed_seconds=0.526387,predicted_seconds=0.006830,time_percent_error=98.702405,nthreads=60,end_time=224650.351356,avg_power_W=162.545455,max_power_W=165.000000,avg_time_s=0.006749,released_listeners=1,
start_task=,name=spmv,tick=8,start_time=224650.351415,nthreads=60,
message=tick stats,tick=8,estimated_current_power=64.725000,
end_task=,name=spmv,elapsed_seconds=0.524808,predicted_seconds=0.006830,time_percent_error=98.698499,nthreads=60,end_time=224650.877176,avg_power_W=167.300000,max_power_W=168.000000,avg_time_s=0.006728,released_listeners=1,
start_task=,name=spmv,tick=9,start_time=224650.877229,nthreads=60,
message=tick stats,tick=9,estimated_current_power=64.725000,
end_task=,name=spmv,elapsed_seconds=0.524350,predicted_seconds=0.006830,time_percent_error=98.697364,nthreads=60,end_time=224651.402015,avg_power_W=167.545455,max_power_W=170.000000,avg_time_s=0.006722,released_listeners=1,
start_task=,name=subtract,tick=10,start_time=224651.402073,nthreads=60,
message=tick stats,tick=10,estimated_current_power=53.475000,
end_task=,name=subtract,elapsed_seconds=0.526409,predicted_seconds=0.000402,time_percent_error=99.923705,nthreads=60,end_time=224651.928880,avg_power_W=160.800000,max_power_W=170.000000,avg_time_s=0.000438,released_listeners=2,
start_task=,name=subtract,tick=11,start_time=224651.928913,nthreads=60,
message=tick stats,tick=11,estimated_current_power=53.475000,
end_task=,name=subtract,elapsed_seconds=0.550594,predicted_seconds=0.000402,time_percent_error=99.927056,nthreads=60,end_time=224652.479880,avg_power_W=160.000000,max_power_W=162.000000,avg_time_s=0.000402,released_listeners=2,
start_task=,name=subtract,tick=12,start_time=224652.479911,nthreads=60,
message=tick stats,tick=12,estimated_current_power=53.475000,
end_task=,name=subtract,elapsed_seconds=0.520149,predicted_seconds=0.000402,time_percent_error=99.922786,nthreads=60,end_time=224653.000980,avg_power_W=162.727273,max_power_W=165.000000,avg_time_s=0.000386,released_listeners=2,
start_task=,name=subtract,tick=13,start_time=224653.001018,nthreads=60,
message=tick stats,tick=13,estimated_current_power=53.475000,
end_task=,name=subtract,elapsed_seconds=0.518974,predicted_seconds=0.000402,time_percent_error=99.922612,nthreads=60,end_time=224653.520569,avg_power_W=162.600000,max_power_W=166.000000,avg_time_s=0.000385,released_listeners=2,
start_task=,name=subtract,tick=14,start_time=224653.520600,nthreads=60,
message=tick stats,tick=14,estimated_current_power=53.475000,
end_task=,name=subtract,elapsed_seconds=0.519361,predicted_seconds=0.000402,time_percent_error=99.922669,nthreads=60,end_time=224654.047776,avg_power_W=164.272727,max_power_W=166.000000,avg_time_s=0.000382,released_listeners=2,
start_task=,name=subtract,tick=15,start_time=224654.047830,nthreads=60,
message=tick stats,tick=15,estimated_current_power=53.475000,
end_task=,name=subtract,elapsed_seconds=0.521987,predicted_seconds=0.000402,time_percent_error=99.923058,nthreads=60,end_time=224654.570185,avg_power_W=164.100000,max_power_W=165.000000,avg_time_s=0.000373,released_listeners=2,
start_task=,name=subtract,tick=16,start_time=224654.570214,nthreads=60,
message=tick stats,tick=16,estimated_current_power=53.475000,
end_task=,name=subtract,elapsed_seconds=0.519936,predicted_seconds=0.000402,time_percent_error=99.922755,nthreads=60,end_time=224655.097591,avg_power_W=164.363636,max_power_W=166.000000,avg_time_s=0.000387,released_listeners=2,
start_task=,name=subtract,tick=17,start_time=224655.097645,nthreads=60,
message=tick stats,tick=17,estimated_current_power=53.475000,
end_task=,name=subtract,elapsed_seconds=0.520979,predicted_seconds=0.000402,time_percent_error=99.922910,nthreads=60,end_time=224655.619128,avg_power_W=163.900000,max_power_W=165.000000,avg_time_s=0.000391,released_listeners=2,
start_task=,name=copy,tick=18,start_time=224655.619160,nthreads=60,
message=tick stats,tick=18,estimated_current_power=58.225000,
end_task=,name=copy,elapsed_seconds=0.520489,predicted_seconds=0.000188,time_percent_error=99.963808,nthreads=60,end_time=224656.147607,avg_power_W=164.545455,max_power_W=166.000000,avg_time_s=0.000177,released_listeners=1,
start_task=,name=dot,tick=19,start_time=224656.147671,nthreads=60,
message=tick stats,tick=19,estimated_current_power=57.850000,
end_task=,name=dot,elapsed_seconds=0.520754,predicted_seconds=0.000147,time_percent_error=99.971684,nthreads=60,end_time=224656.669012,avg_power_W=163.100000,max_power_W=164.000000,avg_time_s=0.000123,released_listeners=1,
start_task=,name=copy,tick=20,start_time=224656.669060,nthreads=60,
message=tick stats,tick=20,estimated_current_power=58.225000,
end_task=,name=copy,elapsed_seconds=0.541062,predicted_seconds=0.000188,time_percent_error=99.965184,nthreads=60,end_time=224657.211103,avg_power_W=165.090909,max_power_W=166.000000,avg_time_s=0.000179,released_listeners=1,
start_task=,name=dot,tick=21,start_time=224657.211141,nthreads=60,
message=tick stats,tick=21,estimated_current_power=57.850000,
end_task=,name=dot,elapsed_seconds=0.527119,predicted_seconds=0.000147,time_percent_error=99.972026,nthreads=60,end_time=224657.747291,avg_power_W=164.727273,max_power_W=166.000000,avg_time_s=0.000122,released_listeners=1,
start_task=,name=copy,tick=22,start_time=224657.747362,nthreads=60,
message=tick stats,tick=22,estimated_current_power=58.225000,
end_task=,name=copy,elapsed_seconds=0.521872,predicted_seconds=0.000188,time_percent_error=99.963904,nthreads=60,end_time=224658.270079,avg_power_W=165.300000,max_power_W=166.000000,avg_time_s=0.000169,released_listeners=1,
start_task=,name=dot,tick=23,start_time=224658.270112,nthreads=60,
message=tick stats,tick=23,estimated_current_power=57.850000,
end_task=,name=dot,elapsed_seconds=0.519548,predicted_seconds=0.000147,time_percent_error=99.971618,nthreads=60,end_time=224658.797262,avg_power_W=165.363636,max_power_W=166.000000,avg_time_s=0.000121,released_listeners=1,
start_task=,name=copy,tick=24,start_time=224658.797317,nthreads=60,
message=tick stats,tick=24,estimated_current_power=58.225000,
end_task=,name=copy,elapsed_seconds=0.552252,predicted_seconds=0.000188,time_percent_error=99.965890,nthreads=60,end_time=224659.350399,avg_power_W=164.909091,max_power_W=166.000000,avg_time_s=0.000185,released_listeners=1,
start_task=,name=dot,tick=25,start_time=224659.350434,nthreads=60,
message=tick stats,tick=25,estimated_current_power=57.850000,
end_task=,name=dot,elapsed_seconds=0.524654,predicted_seconds=0.000147,time_percent_error=99.971894,nthreads=60,end_time=224659.875699,avg_power_W=165.800000,max_power_W=167.000000,avg_time_s=0.000122,released_listeners=1,
start_task=,name=copy,tick=26,start_time=224659.875742,nthreads=60,
message=tick stats,tick=26,estimated_current_power=58.225000,
end_task=,name=copy,elapsed_seconds=0.521515,predicted_seconds=0.000188,time_percent_error=99.963879,nthreads=60,end_time=224660.398170,avg_power_W=166.181818,max_power_W=168.000000,avg_time_s=0.000176,released_listeners=1,
start_task=,name=dot,tick=27,start_time=224660.398230,nthreads=60,
message=tick stats,tick=27,estimated_current_power=57.850000,
end_task=,name=dot,elapsed_seconds=0.518143,predicted_seconds=0.000147,time_percent_error=99.971541,nthreads=60,end_time=224660.916764,avg_power_W=166.500000,max_power_W=168.000000,avg_time_s=0.000120,released_listeners=1,
start_task=,name=copy,tick=28,start_time=224660.916810,nthreads=60,
message=tick stats,tick=28,estimated_current_power=58.225000,
end_task=,name=copy,elapsed_seconds=0.522913,predicted_seconds=0.000188,time_percent_error=99.963976,nthreads=60,end_time=224661.447354,avg_power_W=166.272727,max_power_W=168.000000,avg_time_s=0.000171,released_listeners=1,
start_task=,name=dot,tick=29,start_time=224661.447424,nthreads=60,
message=tick stats,tick=29,estimated_current_power=57.850000,
end_task=,name=dot,elapsed_seconds=0.521315,predicted_seconds=0.000147,time_percent_error=99.971714,nthreads=60,end_time=224661.969331,avg_power_W=165.600000,max_power_W=166.000000,avg_time_s=0.000124,released_listeners=1,
start_task=,name=copy,tick=30,start_time=224661.969379,nthreads=60,
message=tick stats,tick=30,estimated_current_power=58.225000,
end_task=,name=copy,elapsed_seconds=0.521887,predicted_seconds=0.000188,time_percent_error=99.963905,nthreads=60,end_time=224662.497554,avg_power_W=166.636364,max_power_W=168.000000,avg_time_s=0.000175,released_listeners=1,
start_task=,name=dot,tick=31,start_time=224662.497619,nthreads=60,
message=tick stats,tick=31,estimated_current_power=57.850000,
end_task=,name=dot,elapsed_seconds=0.520967,predicted_seconds=0.000147,time_percent_error=99.971695,nthreads=60,end_time=224663.019470,avg_power_W=166.000000,max_power_W=168.000000,avg_time_s=0.000121,released_listeners=1,
start_task=,name=copy,tick=32,start_time=224663.019515,nthreads=60,
message=tick stats,tick=32,estimated_current_power=58.225000,
end_task=,name=copy,elapsed_seconds=0.522624,predicted_seconds=0.000188,time_percent_error=99.963956,nthreads=60,end_time=224663.547492,avg_power_W=167.000000,max_power_W=168.000000,avg_time_s=0.000165,released_listeners=1,
start_task=,name=dot,tick=33,start_time=224663.547561,nthreads=60,
message=tick stats,tick=33,estimated_current_power=57.850000,
end_task=,name=dot,elapsed_seconds=0.542111,predicted_seconds=0.000147,time_percent_error=99.972799,nthreads=60,end_time=224664.097516,avg_power_W=166.000000,max_power_W=168.000000,avg_time_s=0.000129,released_listeners=1,
start_task=,name=spmv,tick=34,start_time=224664.097581,nthreads=60,
message=tick stats,tick=34,estimated_current_power=64.725000,
end_task=,name=spmv,elapsed_seconds=0.526200,predicted_seconds=0.006830,time_percent_error=98.701944,nthreads=60,end_time=224664.624296,avg_power_W=175.100000,max_power_W=180.000000,avg_time_s=0.006496,released_listeners=1,
start_task=,name=spmv,tick=35,start_time=224664.624355,nthreads=60,
message=tick stats,tick=35,estimated_current_power=64.725000,
end_task=,name=spmv,elapsed_seconds=0.528299,predicted_seconds=0.006830,time_percent_error=98.707099,nthreads=60,end_time=224665.154179,avg_power_W=178.000000,max_power_W=180.000000,avg_time_s=0.006443,released_listeners=1,
start_task=,name=spmv,tick=36,start_time=224665.154267,nthreads=60,
message=tick stats,tick=36,estimated_current_power=64.725000,
end_task=,name=spmv,elapsed_seconds=0.527054,predicted_seconds=0.006830,time_percent_error=98.704045,nthreads=60,end_time=224665.681893,avg_power_W=177.900000,max_power_W=181.000000,avg_time_s=0.006507,released_listeners=1,
start_task=,name=spmv,tick=37,start_time=224665.681952,nthreads=60,
message=tick stats,tick=37,estimated_current_power=64.725000,
end_task=,name=spmv,elapsed_seconds=0.521814,predicted_seconds=0.006830,time_percent_error=98.691032,nthreads=60,end_time=224666.205209,avg_power_W=178.454545,max_power_W=181.000000,avg_time_s=0.006364,released_listeners=1,
start_task=,name=spmv,tick=38,start_time=224666.205270,nthreads=60,
message=tick stats,tick=38,estimated_current_power=64.725000,
end_task=,name=spmv,elapsed_seconds=0.518686,predicted_seconds=0.006830,time_percent_error=98.683140,nthreads=60,end_time=224666.724703,avg_power_W=178.900000,max_power_W=180.000000,avg_time_s=0.006404,released_listeners=1,
start_task=,name=spmv,tick=39,start_time=224666.724763,nthreads=60,
message=tick stats,tick=39,estimated_current_power=64.725000,
end_task=,name=spmv,elapsed_seconds=0.525282,predicted_seconds=0.006830,time_percent_error=98.699674,nthreads=60,end_time=224667.251178,avg_power_W=179.181818,max_power_W=181.000000,avg_time_s=0.006485,released_listeners=1,
start_task=,name=spmv,tick=40,start_time=224667.251257,nthreads=60,
message=tick stats,tick=40,estimated_current_power=64.725000,
end_task=,name=spmv,elapsed_seconds=0.524629,predicted_seconds=0.006830,time_percent_error=98.698055,nthreads=60,end_time=224667.776341,avg_power_W=179.600000,max_power_W=181.000000,avg_time_s=0.006477,released_listeners=1,
start_task=,name=spmv,tick=41,start_time=224667.776404,nthreads=60,
message=tick stats,tick=41,estimated_current_power=64.725000,
end_task=,name=spmv,elapsed_seconds=0.529884,predicted_seconds=0.006830,time_percent_error=98.710969,nthreads=60,end_time=224668.307759,avg_power_W=178.272727,max_power_W=181.000000,avg_time_s=0.006542,released_listeners=1,
start_task=,name=sum_contribs,tick=42,start_time=224668.307818,nthreads=60,
message=tick stats,tick=42,estimated_current_power=0.000000,
end_task=,name=sum_contribs,elapsed_seconds=0.523040,predicted_seconds=0.000000,time_percent_error=100.000000,nthreads=60,end_time=224668.831288,avg_power_W=166.300000,max_power_W=179.000000,avg_time_s=0.000103,released_listeners=1,
start_task=,name=dot,tick=43,start_time=224668.831335,nthreads=60,
message=tick stats,tick=43,estimated_current_power=57.850000,
end_task=,name=dot,elapsed_seconds=0.525951,predicted_seconds=0.000147,time_percent_error=99.971963,nthreads=60,end_time=224669.357688,avg_power_W=167.090909,max_power_W=171.000000,avg_time_s=0.000162,released_listeners=1,
start_task=,name=dot,tick=44,start_time=224669.357732,nthreads=60,
message=tick stats,tick=44,estimated_current_power=57.850000,
end_task=,name=dot,elapsed_seconds=0.525305,predicted_seconds=0.000147,time_percent_error=99.971929,nthreads=60,end_time=224669.897043,avg_power_W=168.181818,max_power_W=169.000000,avg_time_s=0.000168,released_listeners=1,
start_task=,name=dot,tick=45,start_time=224669.897111,nthreads=60,
message=tick stats,tick=45,estimated_current_power=57.850000,
end_task=,name=dot,elapsed_seconds=0.526089,predicted_seconds=0.000147,time_percent_error=99.971971,nthreads=60,end_time=224670.423711,avg_power_W=167.700000,max_power_W=169.000000,avg_time_s=0.000167,released_listeners=1,
start_task=,name=dot,tick=46,start_time=224670.423785,nthreads=60,
message=tick stats,tick=46,estimated_current_power=57.850000,
end_task=,name=dot,elapsed_seconds=0.545839,predicted_seconds=0.000147,time_percent_error=99.972985,nthreads=60,end_time=224670.970140,avg_power_W=167.727273,max_power_W=169.000000,avg_time_s=0.000173,released_listeners=1,
start_task=,name=dot,tick=47,start_time=224670.970188,nthreads=60,
message=tick stats,tick=47,estimated_current_power=57.850000,
end_task=,name=dot,elapsed_seconds=0.522004,predicted_seconds=0.000147,time_percent_error=99.971751,nthreads=60,end_time=224671.497510,avg_power_W=168.000000,max_power_W=169.000000,avg_time_s=0.000165,released_listeners=1,
start_task=,name=dot,tick=48,start_time=224671.497583,nthreads=60,
message=tick stats,tick=48,estimated_current_power=57.850000,
end_task=,name=dot,elapsed_seconds=0.521231,predicted_seconds=0.000147,time_percent_error=99.971710,nthreads=60,end_time=224672.019852,avg_power_W=167.800000,max_power_W=169.000000,avg_time_s=0.000166,released_listeners=1,
start_task=,name=dot,tick=49,start_time=224672.019896,nthreads=60,
message=tick stats,tick=49,estimated_current_power=57.850000,
end_task=,name=dot,elapsed_seconds=0.526132,predicted_seconds=0.000147,time_percent_error=99.971973,nthreads=60,end_time=224672.548390,avg_power_W=167.636364,max_power_W=169.000000,avg_time_s=0.000177,released_listeners=1,
start_task=,name=dot,tick=50,start_time=224672.548466,nthreads=60,
message=tick stats,tick=50,estimated_current_power=57.850000,
end_task=,name=dot,elapsed_seconds=0.522997,predicted_seconds=0.000147,time_percent_error=99.971805,nthreads=60,end_time=224673.071855,avg_power_W=168.200000,max_power_W=170.000000,avg_time_s=0.000164,released_listeners=1,
start_task=,name=sum_contribs,tick=51,start_time=224673.071901,nthreads=60,
message=tick stats,tick=51,estimated_current_power=0.000000,
end_task=,name=sum_contribs,elapsed_seconds=0.517758,predicted_seconds=0.000000,time_percent_error=100.000000,nthreads=60,end_time=224673.597650,avg_power_W=164.181818,max_power_W=168.000000,avg_time_s=0.000105,released_listeners=1,
start_task=,name=comp_alpha,tick=52,start_time=224673.597729,nthreads=60,
message=tick stats,tick=52,estimated_current_power=0.000000,
end_task=,name=comp_alpha,elapsed_seconds=0.522543,predicted_seconds=0.000000,time_percent_error=100.000000,nthreads=60,end_time=224674.120748,avg_power_W=160.100000,max_power_W=165.000000,avg_time_s=0.000050,released_listeners=16,
start_task=,name=axpyprofile,tick=53,start_time=224674.120804,nthreads=60,
message=tick stats,tick=53,estimated_current_power=0.000000,
end_task=,name=axpyprofile,elapsed_seconds=0.506424,predicted_seconds=0.000000,time_percent_error=100.000000,nthreads=60,end_time=224674.627604,avg_power_W=166.300000,max_power_W=176.000000,avg_time_s=0.004442,released_listeners=1,
start_task=,name=axpyprofile,tick=54,start_time=224674.627659,nthreads=60,
message=tick stats,tick=54,estimated_current_power=0.000000,
end_task=,name=axpyprofile,elapsed_seconds=0.522881,predicted_seconds=0.000000,time_percent_error=100.000000,nthreads=60,end_time=224675.151682,avg_power_W=173.636364,max_power_W=175.000000,avg_time_s=0.004547,released_listeners=1,
start_task=,name=axpyprofile,tick=55,start_time=224675.151741,nthreads=60,
message=tick stats,tick=55,estimated_current_power=0.000000,
end_task=,name=axpyprofile,elapsed_seconds=0.541616,predicted_seconds=0.000000,time_percent_error=100.000000,nthreads=60,end_time=224675.697402,avg_power_W=173.000000,max_power_W=174.000000,avg_time_s=0.004710,released_listeners=1,
start_task=,name=axpyprofile,tick=56,start_time=224675.697464,nthreads=60,
message=tick stats,tick=56,estimated_current_power=0.000000,
end_task=,name=axpyprofile,elapsed_seconds=0.525239,predicted_seconds=0.000000,time_percent_error=100.000000,nthreads=60,end_time=224676.223862,avg_power_W=173.700000,max_power_W=175.000000,avg_time_s=0.004567,released_listeners=1,
start_task=,name=axpyprofile,tick=57,start_time=224676.223921,nthreads=60,
message=tick stats,tick=57,estimated_current_power=0.000000,
end_task=,name=axpyprofile,elapsed_seconds=0.518466,predicted_seconds=0.000000,time_percent_error=100.000000,nthreads=60,end_time=224676.747568,avg_power_W=173.000000,max_power_W=175.000000,avg_time_s=0.004431,released_listeners=1,
start_task=,name=axpyprofile,tick=58,start_time=224676.747630,nthreads=60,
message=tick stats,tick=58,estimated_current_power=0.000000,
end_task=,name=axpyprofile,elapsed_seconds=0.523773,predicted_seconds=0.000000,time_percent_error=100.000000,nthreads=60,end_time=224677.272571,avg_power_W=173.800000,max_power_W=175.000000,avg_time_s=0.004477,released_listeners=1,
start_task=,name=axpyprofile,tick=59,start_time=224677.272632,nthreads=60,
message=tick stats,tick=59,estimated_current_power=0.000000,
end_task=,name=axpyprofile,elapsed_seconds=0.519936,predicted_seconds=0.000000,time_percent_error=100.000000,nthreads=60,end_time=224677.797520,avg_power_W=173.545455,max_power_W=175.000000,avg_time_s=0.004406,released_listeners=1,
start_task=,name=axpyprofile,tick=60,start_time=224677.797584,nthreads=60,
message=tick stats,tick=60,estimated_current_power=0.000000,
end_task=,name=axpyprofile,elapsed_seconds=0.523821,predicted_seconds=0.000000,time_percent_error=100.000000,nthreads=60,end_time=224678.322925,avg_power_W=174.100000,max_power_W=176.000000,avg_time_s=0.004439,released_listeners=1,
start_task=,name=axpyprofile,tick=61,start_time=224678.322988,nthreads=60,
message=tick stats,tick=61,estimated_current_power=0.000000,
end_task=,name=axpyprofile,elapsed_seconds=0.518137,predicted_seconds=0.000000,time_percent_error=100.000000,nthreads=60,end_time=224678.847475,avg_power_W=173.454545,max_power_W=175.000000,avg_time_s=0.004429,released_listeners=1,
start_task=,name=axpyprofile,tick=62,start_time=224678.847512,nthreads=60,
message=tick stats,tick=62,estimated_current_power=0.000000,
end_task=,name=axpyprofile,elapsed_seconds=0.522182,predicted_seconds=0.000000,time_percent_error=100.000000,nthreads=60,end_time=224679.370632,avg_power_W=174.300000,max_power_W=176.000000,avg_time_s=0.004425,released_listeners=1,
start_task=,name=axpyprofile,tick=63,start_time=224679.370692,nthreads=60,
message=tick stats,tick=63,estimated_current_power=0.000000,
end_task=,name=axpyprofile,elapsed_seconds=0.522308,predicted_seconds=0.000000,time_percent_error=100.000000,nthreads=60,end_time=224679.897794,avg_power_W=173.454545,max_power_W=175.000000,avg_time_s=0.004426,released_listeners=1,
start_task=,name=axpyprofile,tick=64,start_time=224679.897850,nthreads=60,
message=tick stats,tick=64,estimated_current_power=0.000000,
end_task=,name=axpyprofile,elapsed_seconds=0.525056,predicted_seconds=0.000000,time_percent_error=100.000000,nthreads=60,end_time=224680.423821,avg_power_W=173.900000,max_power_W=176.000000,avg_time_s=0.004450,released_listeners=1,
start_task=,name=axpyprofile,tick=65,start_time=224680.423881,nthreads=60,
message=tick stats,tick=65,estimated_current_power=0.000000,
end_task=,name=axpyprofile,elapsed_seconds=0.519402,predicted_seconds=0.000000,time_percent_error=100.000000,nthreads=60,end_time=224680.947612,avg_power_W=174.272727,max_power_W=176.000000,avg_time_s=0.004402,released_listeners=1,
start_task=,name=axpyprofile,tick=66,start_time=224680.947676,nthreads=60,
message=tick stats,tick=66,estimated_current_power=0.000000,
end_task=,name=axpyprofile,elapsed_seconds=0.528101,predicted_seconds=0.000000,time_percent_error=100.000000,nthreads=60,end_time=224681.476702,avg_power_W=173.400000,max_power_W=176.000000,avg_time_s=0.004475,released_listeners=1,
start_task=,name=axpyprofile,tick=67,start_time=224681.476762,nthreads=60,
message=tick stats,tick=67,estimated_current_power=0.000000,
end_task=,name=axpyprofile,elapsed_seconds=0.523163,predicted_seconds=0.000000,time_percent_error=100.000000,nthreads=60,end_time=224682.000512,avg_power_W=174.090909,max_power_W=176.000000,avg_time_s=0.004434,released_listeners=1,
start_task=,name=axpyprofile,tick=68,start_time=224682.000572,nthreads=60,
message=tick stats,tick=68,estimated_current_power=0.000000,
end_task=,name=axpyprofile,elapsed_seconds=0.548987,predicted_seconds=0.000000,time_percent_error=100.000000,nthreads=60,end_time=224682.550495,avg_power_W=173.363636,max_power_W=175.000000,avg_time_s=0.004692,released_listeners=1,
start_task=,name=axpy,tick=69,start_time=224682.550555,nthreads=60,
message=tick stats,tick=69,estimated_current_power=59.100000,
end_task=,name=axpy,elapsed_seconds=0.021238,predicted_seconds=0.004589,time_percent_error=78.393496,nthreads=60,end_time=224682.574052,avg_power_W=-nan,max_power_W=0.000000,avg_time_s=0.021238,released_listeners=0,
start_task=,name=axpy,tick=70,start_time=224682.574114,nthreads=60,
message=tick stats,tick=70,estimated_current_power=59.100000,
end_task=,name=axpy,elapsed_seconds=0.022684,predicted_seconds=0.004589,time_percent_error=79.771518,nthreads=60,end_time=224682.598353,avg_power_W=174.000000,max_power_W=174.000000,avg_time_s=0.022684,released_listeners=0,
start_task=,name=axpy,tick=71,start_time=224682.598412,nthreads=60,
message=tick stats,tick=71,estimated_current_power=59.100000,
end_task=,name=axpy,elapsed_seconds=0.013138,predicted_seconds=0.004589,time_percent_error=65.072732,nthreads=60,end_time=224682.613878,avg_power_W=-nan,max_power_W=0.000000,avg_time_s=0.013138,released_listeners=1,
start_task=,name=axpy,tick=72,start_time=224682.613929,nthreads=60,
message=tick stats,tick=72,estimated_current_power=59.100000,
end_task=,name=axpy,elapsed_seconds=0.020554,predicted_seconds=0.004589,time_percent_error=77.674775,nthreads=60,end_time=224682.647777,avg_power_W=168.000000,max_power_W=168.000000,avg_time_s=0.020554,released_listeners=1,
start_task=,name=axpy,tick=73,start_time=224682.647839,nthreads=60,
message=tick stats,tick=73,estimated_current_power=59.100000,
end_task=,name=axpy,elapsed_seconds=0.024785,predicted_seconds=0.004589,time_percent_error=81.485780,nthreads=60,end_time=224682.674480,avg_power_W=-nan,max_power_W=0.000000,avg_time_s=0.024785,released_listeners=0,
start_task=,name=axpy,tick=74,start_time=224682.674531,nthreads=60,
message=tick stats,tick=74,estimated_current_power=59.100000,
end_task=,name=axpy,elapsed_seconds=0.022889,predicted_seconds=0.004589,time_percent_error=79.952380,nthreads=60,end_time=224682.698791,avg_power_W=163.000000,max_power_W=163.000000,avg_time_s=0.022889,released_listeners=1,
start_task=,name=axpy,tick=75,start_time=224682.698850,nthreads=60,
message=tick stats,tick=75,estimated_current_power=59.100000,
end_task=,name=axpy,elapsed_seconds=0.018829,predicted_seconds=0.004589,time_percent_error=75.630017,nthreads=60,end_time=224682.719092,avg_power_W=-nan,max_power_W=0.000000,avg_time_s=0.018829,released_listeners=0,
start_task=,name=axpy,tick=76,start_time=224682.719119,nthreads=60,
message=tick stats,tick=76,estimated_current_power=59.100000,
end_task=,name=axpy,elapsed_seconds=0.019706,predicted_seconds=0.004589,time_percent_error=76.714005,nthreads=60,end_time=224682.747433,avg_power_W=162.000000,max_power_W=162.000000,avg_time_s=0.019706,released_listeners=1,
start_task=,name=axpy,tick=77,start_time=224682.747476,nthreads=60,
message=tick stats,tick=77,estimated_current_power=59.100000,
end_task=,name=axpy,elapsed_seconds=0.014701,predicted_seconds=0.004589,time_percent_error=68.786450,nthreads=60,end_time=224682.763046,avg_power_W=-nan,max_power_W=0.000000,avg_time_s=0.014701,released_listeners=0,
start_task=,name=axpy,tick=78,start_time=224682.763072,nthreads=60,
message=tick stats,tick=78,estimated_current_power=59.100000,
end_task=,name=axpy,elapsed_seconds=0.005221,predicted_seconds=0.004589,time_percent_error=12.103202,nthreads=60,end_time=224682.769518,avg_power_W=-nan,max_power_W=0.000000,avg_time_s=0.005221,released_listeners=1,
start_task=,name=axpy,tick=79,start_time=224682.769568,nthreads=60,
message=tick stats,tick=79,estimated_current_power=59.100000,
end_task=,name=axpy,elapsed_seconds=0.004440,predicted_seconds=0.004589,time_percent_error=3.337297,nthreads=60,end_time=224682.774954,avg_power_W=-nan,max_power_W=0.000000,avg_time_s=0.004440,released_listeners=0,
start_task=,name=axpy,tick=80,start_time=224682.774976,nthreads=60,
message=tick stats,tick=80,estimated_current_power=59.100000,
end_task=,name=axpy,elapsed_seconds=0.004630,predicted_seconds=0.004589,time_percent_error=0.900284,nthreads=60,end_time=224682.780620,avg_power_W=-nan,max_power_W=0.000000,avg_time_s=0.004630,released_listeners=1,
start_task=,name=axpy,tick=81,start_time=224682.780645,nthreads=60,
message=tick stats,tick=81,estimated_current_power=59.100000,
end_task=,name=axpy,elapsed_seconds=0.005148,predicted_seconds=0.004589,time_percent_error=10.872205,nthreads=60,end_time=224682.798384,avg_power_W=163.000000,max_power_W=163.000000,avg_time_s=0.005148,released_listeners=0,
start_task=,name=axpy,tick=82,start_time=224682.798442,nthreads=60,
message=tick stats,tick=82,estimated_current_power=59.100000,
end_task=,name=axpy,elapsed_seconds=0.003271,predicted_seconds=0.004589,time_percent_error=40.265409,nthreads=60,end_time=224682.802660,avg_power_W=-nan,max_power_W=0.000000,avg_time_s=0.003271,released_listeners=1,
start_task=,name=axpy,tick=83,start_time=224682.802684,nthreads=60,
message=tick stats,tick=83,estimated_current_power=59.100000,
end_task=,name=axpy,elapsed_seconds=0.004177,predicted_seconds=0.004589,time_percent_error=9.863501,nthreads=60,end_time=224682.807747,avg_power_W=-nan,max_power_W=0.000000,avg_time_s=0.004177,released_listeners=0,
start_task=,name=axpy,tick=84,start_time=224682.807771,nthreads=60,
message=tick stats,tick=84,estimated_current_power=59.100000,
end_task=,name=axpy,elapsed_seconds=0.004052,predicted_seconds=0.004589,time_percent_error=13.242180,nthreads=60,end_time=224682.812726,avg_power_W=-nan,max_power_W=0.000000,avg_time_s=0.004052,released_listeners=1,
start_task=,name=dot,tick=85,start_time=224682.812750,nthreads=60,
message=tick stats,tick=85,estimated_current_power=57.850000,
end_task=,name=dot,elapsed_seconds=0.504076,predicted_seconds=0.000147,time_percent_error=99.970747,nthreads=60,end_time=224683.317394,avg_power_W=162.500000,max_power_W=168.000000,avg_time_s=0.000120,released_listeners=1,
start_task=,name=dot,tick=86,start_time=224683.317443,nthreads=60,
message=tick stats,tick=86,estimated_current_power=57.850000,
end_task=,name=dot,elapsed_seconds=0.514397,predicted_seconds=0.000147,time_percent_error=99.971334,nthreads=60,end_time=224683.832410,avg_power_W=166.700000,max_power_W=168.000000,avg_time_s=0.000126,released_listeners=1,
start_task=,name=dot,tick=87,start_time=224683.832461,nthreads=60,
message=tick stats,tick=87,estimated_current_power=57.850000,
end_task=,name=dot,elapsed_seconds=0.517185,predicted_seconds=0.000147,time_percent_error=99.971488,nthreads=60,end_time=224684.350263,avg_power_W=166.727273,max_power_W=169.000000,avg_time_s=0.000125,released_listeners=1,
start_task=,name=dot,tick=88,start_time=224684.350309,nthreads=60,
message=tick stats,tick=88,estimated_current_power=57.850000,
end_task=,name=dot,elapsed_seconds=0.549234,predicted_seconds=0.000147,time_percent_error=99.973152,nthreads=60,end_time=224684.900016,avg_power_W=166.636364,max_power_W=167.000000,avg_time_s=0.000138,released_listeners=1,
start_task=,name=dot,tick=89,start_time=224684.900103,nthreads=60,
message=tick stats,tick=89,estimated_current_power=57.850000,
end_task=,name=dot,elapsed_seconds=0.519553,predicted_seconds=0.000147,time_percent_error=99.971618,nthreads=60,end_time=224685.420258,avg_power_W=167.300000,max_power_W=169.000000,avg_time_s=0.000127,released_listeners=1,
start_task=,name=dot,tick=90,start_time=224685.420306,nthreads=60,
message=tick stats,tick=90,estimated_current_power=57.850000,
end_task=,name=dot,elapsed_seconds=0.519360,predicted_seconds=0.000147,time_percent_error=99.971608,nthreads=60,end_time=224685.948048,avg_power_W=167.454545,max_power_W=168.000000,avg_time_s=0.000127,released_listeners=1,
start_task=,name=dot,tick=91,start_time=224685.948109,nthreads=60,
message=tick stats,tick=91,estimated_current_power=57.850000,
end_task=,name=dot,elapsed_seconds=0.521630,predicted_seconds=0.000147,time_percent_error=99.971731,nthreads=60,end_time=224686.470287,avg_power_W=167.700000,max_power_W=169.000000,avg_time_s=0.000126,released_listeners=1,
start_task=,name=dot,tick=92,start_time=224686.470337,nthreads=60,
message=tick stats,tick=92,estimated_current_power=57.850000,
end_task=,name=dot,elapsed_seconds=0.524786,predicted_seconds=0.000147,time_percent_error=99.971901,nthreads=60,end_time=224686.998456,avg_power_W=167.181818,max_power_W=169.000000,avg_time_s=0.000130,released_listeners=1,
start_task=,name=sum_contribs,tick=93,start_time=224686.998549,nthreads=60,
message=tick stats,tick=93,estimated_current_power=0.000000,
end_task=,name=sum_contribs,elapsed_seconds=0.521113,predicted_seconds=0.000000,time_percent_error=100.000000,nthreads=60,end_time=224687.520175,avg_power_W=164.600000,max_power_W=168.000000,avg_time_s=0.000105,released_listeners=2,
start_task=,name=comp_beta,tick=94,start_time=224687.520218,nthreads=60,
message=tick stats,tick=94,estimated_current_power=0.000000,
end_task=,name=comp_beta,elapsed_seconds=0.523191,predicted_seconds=0.000000,time_percent_error=100.000000,nthreads=60,end_time=224688.049055,avg_power_W=151.727273,max_power_W=165.000000,avg_time_s=0.000046,released_listeners=8,
start_task=,name=assign,tick=95,start_time=224688.049118,nthreads=60,
message=tick stats,tick=95,estimated_current_power=0.000000,
end_task=,name=assign,elapsed_seconds=0.503644,predicted_seconds=0.000000,time_percent_error=100.000000,nthreads=60,end_time=224688.553746,avg_power_W=126.500000,max_power_W=128.000000,avg_time_s=0.000041,released_listeners=0,
start_task=,name=xapyprofile,tick=96,start_time=224688.553798,nthreads=60,
message=tick stats,tick=96,estimated_current_power=0.000000,
end_task=,name=xapyprofile,elapsed_seconds=0.508129,predicted_seconds=0.000000,time_percent_error=100.000000,nthreads=60,end_time=224689.062471,avg_power_W=164.600000,max_power_W=174.000000,avg_time_s=0.004662,released_listeners=1,
start_task=,name=xapyprofile,tick=97,start_time=224689.062534,nthreads=60,
message=tick stats,tick=97,estimated_current_power=0.000000,
end_task=,name=xapyprofile,elapsed_seconds=0.520695,predicted_seconds=0.000000,time_percent_error=100.000000,nthreads=60,end_time=224689.597686,avg_power_W=173.000000,max_power_W=173.000000,avg_time_s=0.004649,released_listeners=1,
start_task=,name=xapyprofile,tick=98,start_time=224689.597748,nthreads=60,
message=tick stats,tick=98,estimated_current_power=0.000000,
end_task=,name=xapyprofile,elapsed_seconds=0.525520,predicted_seconds=0.000000,time_percent_error=100.000000,nthreads=60,end_time=224690.123797,avg_power_W=172.700000,max_power_W=174.000000,avg_time_s=0.004692,released_listeners=1,
start_task=,name=xapyprofile,tick=99,start_time=224690.123857,nthreads=60,
message=tick stats,tick=99,estimated_current_power=0.000000,
end_task=,name=xapyprofile,elapsed_seconds=0.518037,predicted_seconds=0.000000,time_percent_error=100.000000,nthreads=60,end_time=224690.647604,avg_power_W=172.909091,max_power_W=174.000000,avg_time_s=0.004625,released_listeners=1,
start_task=,name=xapyprofile,tick=100,start_time=224690.647667,nthreads=60,
message=tick stats,tick=100,estimated_current_power=0.000000,
end_task=,name=xapyprofile,elapsed_seconds=0.526682,predicted_seconds=0.000000,time_percent_error=100.000000,nthreads=60,end_time=224691.174927,avg_power_W=173.200000,max_power_W=175.000000,avg_time_s=0.004703,released_listeners=1,
start_task=,name=xapyprofile,tick=101,start_time=224691.174988,nthreads=60,
message=tick stats,tick=101,estimated_current_power=0.000000,
end_task=,name=xapyprofile,elapsed_seconds=0.535834,predicted_seconds=0.000000,time_percent_error=100.000000,nthreads=60,end_time=224691.711743,avg_power_W=173.272727,max_power_W=175.000000,avg_time_s=0.004784,released_listeners=1,
start_task=,name=xapyprofile,tick=102,start_time=224691.711802,nthreads=60,
message=tick stats,tick=102,estimated_current_power=0.000000,
end_task=,name=xapyprofile,elapsed_seconds=0.523973,predicted_seconds=0.000000,time_percent_error=100.000000,nthreads=60,end_time=224692.247832,avg_power_W=173.454545,max_power_W=175.000000,avg_time_s=0.004678,released_listeners=1,
start_task=,name=xapyprofile,tick=103,start_time=224692.247895,nthreads=60,
message=tick stats,tick=103,estimated_current_power=0.000000,
end_task=,name=xapyprofile,elapsed_seconds=0.524200,predicted_seconds=0.000000,time_percent_error=100.000000,nthreads=60,end_time=224692.772680,avg_power_W=172.300000,max_power_W=175.000000,avg_time_s=0.004680,released_listeners=1,
start_task=,name=xapy,tick=104,start_time=224692.772739,nthreads=60,
message=tick stats,tick=104,estimated_current_power=64.725000,
end_task=,name=xapy,elapsed_seconds=0.027376,predicted_seconds=0.004826,time_percent_error=82.371584,nthreads=60,end_time=224692.800604,avg_power_W=173.000000,max_power_W=173.000000,avg_time_s=0.027376,released_listeners=0,
start_task=,name=xapy,tick=105,start_time=224692.800658,nthreads=60,
message=tick stats,tick=105,estimated_current_power=64.725000,
end_task=,name=xapy,elapsed_seconds=0.021632,predicted_seconds=0.004826,time_percent_error=77.690876,nthreads=60,end_time=224692.822786,avg_power_W=-nan,max_power_W=0.000000,avg_time_s=0.021632,released_listeners=0,
start_task=,name=xapy,tick=106,start_time=224692.822810,nthreads=60,
message=tick stats,tick=106,estimated_current_power=64.725000,
end_task=,name=xapy,elapsed_seconds=0.019729,predicted_seconds=0.004826,time_percent_error=75.537943,nthreads=60,end_time=224692.848112,avg_power_W=173.000000,max_power_W=173.000000,avg_time_s=0.019729,released_listeners=0,
start_task=,name=xapy,tick=107,start_time=224692.848166,nthreads=60,
message=tick stats,tick=107,estimated_current_power=64.725000,
end_task=,name=xapy,elapsed_seconds=0.024118,predicted_seconds=0.004826,time_percent_error=79.989842,nthreads=60,end_time=224692.872873,avg_power_W=-nan,max_power_W=0.000000,avg_time_s=0.024118,released_listeners=0,
start_task=,name=xapy,tick=108,start_time=224692.872920,nthreads=60,
message=tick stats,tick=108,estimated_current_power=64.725000,
end_task=,name=xapy,elapsed_seconds=0.026025,predicted_seconds=0.004826,time_percent_error=81.456090,nthreads=60,end_time=224692.899487,avg_power_W=163.000000,max_power_W=163.000000,avg_time_s=0.026025,released_listeners=0,
start_task=,name=xapy,tick=109,start_time=224692.899518,nthreads=60,
message=tick stats,tick=109,estimated_current_power=64.725000,
end_task=,name=xapy,elapsed_seconds=0.023758,predicted_seconds=0.004826,time_percent_error=79.686896,nthreads=60,end_time=224692.923792,avg_power_W=-nan,max_power_W=0.000000,avg_time_s=0.023758,released_listeners=0,
start_task=,name=xapy,tick=110,start_time=224692.923818,nthreads=60,
message=tick stats,tick=110,estimated_current_power=64.725000,
end_task=,name=xapy,elapsed_seconds=0.018993,predicted_seconds=0.004826,time_percent_error=74.590882,nthreads=60,end_time=224692.947428,avg_power_W=163.000000,max_power_W=163.000000,avg_time_s=0.018993,released_listeners=0,
start_task=,name=xapy,tick=111,start_time=224692.947485,nthreads=60,
message=tick stats,tick=111,estimated_current_power=64.725000,
end_task=,name=xapy,elapsed_seconds=0.031554,predicted_seconds=0.004826,time_percent_error=84.705751,nthreads=60,end_time=224692.980036,avg_power_W=-nan,max_power_W=0.000000,avg_time_s=0.031554,released_listeners=0,
est_max_power=64.725000,
average_power_W=-nan,
max_power_W=0.000000,
time_s=46.297032,
message=ALL DONE,
