message=cataloging configuration,max_threads=94,power_limit=inf,
start_task=,name=start,tick=1,start_time=96312.705633,nthreads=94,
message=tick stats,tick=1,estimated_current_power=0.000000,
end_task=,name=start,elapsed_seconds=0.515246,predicted_seconds=0.000000,time_percent_error=100.000000,nthreads=94,end_time=96313.223566,avg_power_W=96.400000,max_power_W=99.000000,avg_time_s=0.000000,released_listeners=8,
start_task=,name=spmv,tick=2,start_time=96313.223648,nthreads=94,
message=tick stats,tick=2,estimated_current_power=72.787500,
end_task=,name=spmv,elapsed_seconds=0.513217,predicted_seconds=0.005331,time_percent_error=98.961344,nthreads=94,end_time=96313.737832,avg_power_W=100.800000,max_power_W=126.000000,avg_time_s=0.039478,released_listeners=1,
start_task=,name=spmv,tick=3,start_time=96313.737903,nthreads=94,
message=tick stats,tick=3,estimated_current_power=72.787500,
end_task=,name=spmv,elapsed_seconds=0.532353,predicted_seconds=0.005331,time_percent_error=98.998678,nthreads=94,end_time=96314.273028,avg_power_W=129.000000,max_power_W=131.000000,avg_time_s=0.009679,released_listeners=1,
start_task=,name=spmv,tick=4,start_time=96314.273102,nthreads=94,
message=tick stats,tick=4,estimated_current_power=72.787500,
end_task=,name=spmv,elapsed_seconds=0.524784,predicted_seconds=0.005331,time_percent_error=98.984237,nthreads=94,end_time=96314.799645,avg_power_W=129.100000,max_power_W=131.000000,avg_time_s=0.009718,released_listeners=1,
start_task=,name=spmv,tick=5,start_time=96314.799716,nthreads=94,
message=tick stats,tick=5,estimated_current_power=72.787500,
end_task=,name=spmv,elapsed_seconds=0.541023,predicted_seconds=0.005331,time_percent_error=99.014726,nthreads=94,end_time=96315.341671,avg_power_W=129.454545,max_power_W=131.000000,avg_time_s=0.010208,released_listeners=1,
start_task=,name=spmv,tick=6,start_time=96315.341742,nthreads=94,
message=tick stats,tick=6,estimated_current_power=72.787500,
end_task=,name=spmv,elapsed_seconds=0.530920,predicted_seconds=0.005331,time_percent_error=98.995976,nthreads=94,end_time=96315.874281,avg_power_W=130.000000,max_power_W=133.000000,avg_time_s=0.009832,released_listeners=1,
start_task=,name=spmv,tick=7,start_time=96315.874352,nthreads=94,
message=tick stats,tick=7,estimated_current_power=72.787500,
end_task=,name=spmv,elapsed_seconds=0.557757,predicted_seconds=0.005331,time_percent_error=99.044285,nthreads=94,end_time=96316.433027,avg_power_W=130.818182,max_power_W=133.000000,avg_time_s=0.010524,released_listeners=1,
start_task=,name=spmv,tick=8,start_time=96316.433098,nthreads=94,
message=tick stats,tick=8,estimated_current_power=72.787500,
end_task=,name=spmv,elapsed_seconds=0.524936,predicted_seconds=0.005331,time_percent_error=98.984532,nthreads=94,end_time=96316.972730,avg_power_W=131.727273,max_power_W=133.000000,avg_time_s=0.009374,released_listeners=1,
start_task=,name=spmv,tick=9,start_time=96316.972808,nthreads=94,
message=tick stats,tick=9,estimated_current_power=72.787500,
end_task=,name=spmv,elapsed_seconds=0.528808,predicted_seconds=0.005331,time_percent_error=98.991965,nthreads=94,end_time=96317.503195,avg_power_W=132.400000,max_power_W=134.000000,avg_time_s=0.008529,released_listeners=1,
start_task=,name=subtract,tick=10,start_time=96317.503296,nthreads=94,
message=tick stats,tick=10,estimated_current_power=59.350000,
end_task=,name=subtract,elapsed_seconds=0.529681,predicted_seconds=0.000267,time_percent_error=99.949569,nthreads=94,end_time=96318.034688,avg_power_W=125.545455,max_power_W=134.000000,avg_time_s=0.000710,released_listeners=2,
start_task=,name=subtract,tick=11,start_time=96318.034725,nthreads=94,
message=tick stats,tick=11,estimated_current_power=59.350000,
end_task=,name=subtract,elapsed_seconds=0.521845,predicted_seconds=0.000267,time_percent_error=99.948811,nthreads=94,end_time=96318.572746,avg_power_W=125.545455,max_power_W=126.000000,avg_time_s=0.000418,released_listeners=2,
start_task=,name=subtract,tick=12,start_time=96318.572819,nthreads=94,
message=tick stats,tick=12,estimated_current_power=59.350000,
end_task=,name=subtract,elapsed_seconds=0.523472,predicted_seconds=0.000267,time_percent_error=99.948971,nthreads=94,end_time=96319.097244,avg_power_W=125.500000,max_power_W=126.000000,avg_time_s=0.000423,released_listeners=2,
start_task=,name=subtract,tick=13,start_time=96319.097286,nthreads=94,
message=tick stats,tick=13,estimated_current_power=59.350000,
end_task=,name=subtract,elapsed_seconds=0.526396,predicted_seconds=0.000267,time_percent_error=99.949254,nthreads=94,end_time=96319.625596,avg_power_W=125.181818,max_power_W=126.000000,avg_time_s=0.000424,released_listeners=2,
start_task=,name=subtract,tick=14,start_time=96319.625674,nthreads=94,
message=tick stats,tick=14,estimated_current_power=59.350000,
end_task=,name=subtract,elapsed_seconds=0.524362,predicted_seconds=0.000267,time_percent_error=99.949057,nthreads=94,end_time=96320.151135,avg_power_W=125.700000,max_power_W=126.000000,avg_time_s=0.000425,released_listeners=2,
start_task=,name=subtract,tick=15,start_time=96320.151174,nthreads=94,
message=tick stats,tick=15,estimated_current_power=59.350000,
end_task=,name=subtract,elapsed_seconds=0.521055,predicted_seconds=0.000267,time_percent_error=99.948734,nthreads=94,end_time=96320.673655,avg_power_W=125.545455,max_power_W=126.000000,avg_time_s=0.000416,released_listeners=2,
start_task=,name=subtract,tick=16,start_time=96320.673691,nthreads=94,
message=tick stats,tick=16,estimated_current_power=59.350000,
end_task=,name=subtract,elapsed_seconds=0.533111,predicted_seconds=0.000267,time_percent_error=99.949893,nthreads=94,end_time=96321.222602,avg_power_W=125.818182,max_power_W=126.000000,avg_time_s=0.000424,released_listeners=2,
start_task=,name=subtract,tick=17,start_time=96321.222679,nthreads=94,
message=tick stats,tick=17,estimated_current_power=59.350000,
end_task=,name=subtract,elapsed_seconds=0.516397,predicted_seconds=0.000267,time_percent_error=99.948271,nthreads=94,end_time=96321.740817,avg_power_W=125.800000,max_power_W=127.000000,avg_time_s=0.000403,released_listeners=2,
start_task=,name=copy,tick=18,start_time=96321.740859,nthreads=94,
message=tick stats,tick=18,estimated_current_power=62.600000,
end_task=,name=copy,elapsed_seconds=0.515606,predicted_seconds=0.000144,time_percent_error=99.972023,nthreads=94,end_time=96322.272843,avg_power_W=125.545455,max_power_W=126.000000,avg_time_s=0.000255,released_listeners=1,
start_task=,name=dot,tick=19,start_time=96322.272938,nthreads=94,
message=tick stats,tick=19,estimated_current_power=63.850000,
end_task=,name=dot,elapsed_seconds=0.524578,predicted_seconds=0.000135,time_percent_error=99.974281,nthreads=94,end_time=96322.798974,avg_power_W=125.700000,max_power_W=126.000000,avg_time_s=0.000220,released_listeners=1,
start_task=,name=copy,tick=20,start_time=96322.799020,nthreads=94,
message=tick stats,tick=20,estimated_current_power=62.600000,
end_task=,name=copy,elapsed_seconds=0.524672,predicted_seconds=0.000144,time_percent_error=99.972507,nthreads=94,end_time=96323.324614,avg_power_W=125.545455,max_power_W=126.000000,avg_time_s=0.000249,released_listeners=1,
start_task=,name=dot,tick=21,start_time=96323.324652,nthreads=94,
message=tick stats,tick=21,estimated_current_power=63.850000,
end_task=,name=dot,elapsed_seconds=0.544522,predicted_seconds=0.000135,time_percent_error=99.975223,nthreads=94,end_time=96323.873648,avg_power_W=125.545455,max_power_W=126.000000,avg_time_s=0.000220,released_listeners=1,
start_task=,name=copy,tick=22,start_time=96323.873729,nthreads=94,
message=tick stats,tick=22,estimated_current_power=62.600000,
end_task=,name=copy,elapsed_seconds=0.525410,predicted_seconds=0.000144,time_percent_error=99.972545,nthreads=94,end_time=96324.399711,avg_power_W=125.800000,max_power_W=126.000000,avg_time_s=0.000250,released_listeners=1,
start_task=,name=dot,tick=23,start_time=96324.399750,nthreads=94,
message=tick stats,tick=23,estimated_current_power=63.850000,
end_task=,name=dot,elapsed_seconds=0.523391,predicted_seconds=0.000135,time_percent_error=99.974223,nthreads=94,end_time=96324.923674,avg_power_W=125.636364,max_power_W=126.000000,avg_time_s=0.000208,released_listeners=1,
start_task=,name=copy,tick=24,start_time=96324.923722,nthreads=94,
message=tick stats,tick=24,estimated_current_power=62.600000,
end_task=,name=copy,elapsed_seconds=0.524663,predicted_seconds=0.000144,time_percent_error=99.972506,nthreads=94,end_time=96325.449208,avg_power_W=125.800000,max_power_W=126.000000,avg_time_s=0.000256,released_listeners=1,
start_task=,name=dot,tick=25,start_time=96325.449248,nthreads=94,
message=tick stats,tick=25,estimated_current_power=63.850000,
end_task=,name=dot,elapsed_seconds=0.525216,predicted_seconds=0.000135,time_percent_error=99.974312,nthreads=94,end_time=96325.975577,avg_power_W=126.000000,max_power_W=127.000000,avg_time_s=0.000209,released_listeners=1,
start_task=,name=copy,tick=26,start_time=96325.975657,nthreads=94,
message=tick stats,tick=26,estimated_current_power=62.600000,
end_task=,name=copy,elapsed_seconds=0.523549,predicted_seconds=0.000144,time_percent_error=99.972448,nthreads=94,end_time=96326.500068,avg_power_W=125.900000,max_power_W=127.000000,avg_time_s=0.000255,released_listeners=1,
start_task=,name=dot,tick=27,start_time=96326.500142,nthreads=94,
message=tick stats,tick=27,estimated_current_power=63.850000,
end_task=,name=dot,elapsed_seconds=0.522450,predicted_seconds=0.000135,time_percent_error=99.974176,nthreads=94,end_time=96327.023029,avg_power_W=125.727273,max_power_W=126.000000,avg_time_s=0.000216,released_listeners=1,
start_task=,name=copy,tick=28,start_time=96327.023072,nthreads=94,
message=tick stats,tick=28,estimated_current_power=62.600000,
end_task=,name=copy,elapsed_seconds=0.519235,predicted_seconds=0.000144,time_percent_error=99.972219,nthreads=94,end_time=96327.542808,avg_power_W=125.800000,max_power_W=127.000000,avg_time_s=0.000252,released_listeners=1,
start_task=,name=dot,tick=29,start_time=96327.542853,nthreads=94,
message=tick stats,tick=29,estimated_current_power=63.850000,
end_task=,name=dot,elapsed_seconds=0.524161,predicted_seconds=0.000135,time_percent_error=99.974260,nthreads=94,end_time=96328.072166,avg_power_W=125.909091,max_power_W=126.000000,avg_time_s=0.000207,released_listeners=1,
start_task=,name=copy,tick=30,start_time=96328.072256,nthreads=94,
message=tick stats,tick=30,estimated_current_power=62.600000,
end_task=,name=copy,elapsed_seconds=0.534170,predicted_seconds=0.000144,time_percent_error=99.972995,nthreads=94,end_time=96328.622013,avg_power_W=126.000000,max_power_W=127.000000,avg_time_s=0.000266,released_listeners=1,
start_task=,name=dot,tick=31,start_time=96328.622090,nthreads=94,
message=tick stats,tick=31,estimated_current_power=63.850000,
end_task=,name=dot,elapsed_seconds=0.519383,predicted_seconds=0.000135,time_percent_error=99.974024,nthreads=94,end_time=96329.142204,avg_power_W=126.200000,max_power_W=127.000000,avg_time_s=0.000206,released_listeners=1,
start_task=,name=copy,tick=32,start_time=96329.142249,nthreads=94,
message=tick stats,tick=32,estimated_current_power=62.600000,
end_task=,name=copy,elapsed_seconds=0.527233,predicted_seconds=0.000144,time_percent_error=99.972640,nthreads=94,end_time=96329.671900,avg_power_W=126.545455,max_power_W=127.000000,avg_time_s=0.000250,released_listeners=1,
start_task=,name=dot,tick=33,start_time=96329.671977,nthreads=94,
message=tick stats,tick=33,estimated_current_power=63.850000,
end_task=,name=dot,elapsed_seconds=0.524681,predicted_seconds=0.000135,time_percent_error=99.974286,nthreads=94,end_time=96330.197507,avg_power_W=126.200000,max_power_W=127.000000,avg_time_s=0.000210,released_listeners=1,
start_task=,name=spmv,tick=34,start_time=96330.197551,nthreads=94,
message=tick stats,tick=34,estimated_current_power=72.787500,
end_task=,name=spmv,elapsed_seconds=0.525837,predicted_seconds=0.005331,time_percent_error=98.986271,nthreads=94,end_time=96330.724085,avg_power_W=132.181818,max_power_W=134.000000,avg_time_s=0.009390,released_listeners=1,
start_task=,name=spmv,tick=35,start_time=96330.724158,nthreads=94,
message=tick stats,tick=35,estimated_current_power=72.787500,
end_task=,name=spmv,elapsed_seconds=0.526417,predicted_seconds=0.005331,time_percent_error=98.987388,nthreads=94,end_time=96331.251283,avg_power_W=134.200000,max_power_W=136.000000,avg_time_s=0.009748,released_listeners=1,
start_task=,name=spmv,tick=36,start_time=96331.251365,nthreads=94,
message=tick stats,tick=36,estimated_current_power=72.787500,
end_task=,name=spmv,elapsed_seconds=0.523348,predicted_seconds=0.005331,time_percent_error=98.981450,nthreads=94,end_time=96331.775401,avg_power_W=135.545455,max_power_W=137.000000,avg_time_s=0.009182,released_listeners=1,
start_task=,name=spmv,tick=37,start_time=96331.775475,nthreads=94,
message=tick stats,tick=37,estimated_current_power=72.787500,
end_task=,name=spmv,elapsed_seconds=0.530619,predicted_seconds=0.005331,time_percent_error=98.995407,nthreads=94,end_time=96332.321967,avg_power_W=135.363636,max_power_W=137.000000,avg_time_s=0.009648,released_listeners=1,
start_task=,name=spmv,tick=38,start_time=96332.322045,nthreads=94,
message=tick stats,tick=38,estimated_current_power=72.787500,
end_task=,name=spmv,elapsed_seconds=0.528292,predicted_seconds=0.005331,time_percent_error=98.990981,nthreads=94,end_time=96332.850991,avg_power_W=135.500000,max_power_W=137.000000,avg_time_s=0.009605,released_listeners=1,
start_task=,name=spmv,tick=39,start_time=96332.851066,nthreads=94,
message=tick stats,tick=39,estimated_current_power=72.787500,
end_task=,name=spmv,elapsed_seconds=0.552551,predicted_seconds=0.005331,time_percent_error=99.035281,nthreads=94,end_time=96333.404965,avg_power_W=135.636364,max_power_W=137.000000,avg_time_s=0.009867,released_listeners=1,
start_task=,name=spmv,tick=40,start_time=96333.405038,nthreads=94,
message=tick stats,tick=40,estimated_current_power=72.787500,
end_task=,name=spmv,elapsed_seconds=0.529339,predicted_seconds=0.005331,time_percent_error=98.992978,nthreads=94,end_time=96333.935066,avg_power_W=134.909091,max_power_W=137.000000,avg_time_s=0.009624,released_listeners=1,
start_task=,name=spmv,tick=41,start_time=96333.935139,nthreads=94,
message=tick stats,tick=41,estimated_current_power=72.787500,
end_task=,name=spmv,elapsed_seconds=0.525592,predicted_seconds=0.005331,time_percent_error=98.985799,nthreads=94,end_time=96334.472156,avg_power_W=136.636364,max_power_W=138.000000,avg_time_s=0.008616,released_listeners=1,
start_task=,name=sum_contribs,tick=42,start_time=96334.472243,nthreads=94,
message=tick stats,tick=42,estimated_current_power=0.000000,
end_task=,name=sum_contribs,elapsed_seconds=0.518299,predicted_seconds=0.000000,time_percent_error=100.000000,nthreads=94,end_time=96334.991061,avg_power_W=128.600000,max_power_W=138.000000,avg_time_s=0.000174,released_listeners=1,
start_task=,name=dot,tick=43,start_time=96334.991104,nthreads=94,
message=tick stats,tick=43,estimated_current_power=63.850000,
end_task=,name=dot,elapsed_seconds=0.515290,predicted_seconds=0.000135,time_percent_error=99.973817,nthreads=94,end_time=96335.522585,avg_power_W=129.363636,max_power_W=131.000000,avg_time_s=0.000237,released_listeners=1,
start_task=,name=dot,tick=44,start_time=96335.522665,nthreads=94,
message=tick stats,tick=44,estimated_current_power=63.850000,
end_task=,name=dot,elapsed_seconds=0.527168,predicted_seconds=0.000135,time_percent_error=99.974407,nthreads=94,end_time=96336.050382,avg_power_W=128.700000,max_power_W=129.000000,avg_time_s=0.000249,released_listeners=1,
start_task=,name=dot,tick=45,start_time=96336.050424,nthreads=94,
message=tick stats,tick=45,estimated_current_power=63.850000,
end_task=,name=dot,elapsed_seconds=0.518647,predicted_seconds=0.000135,time_percent_error=99.973987,nthreads=94,end_time=96336.572294,avg_power_W=129.000000,max_power_W=129.000000,avg_time_s=0.000237,released_listeners=1,
start_task=,name=dot,tick=46,start_time=96336.572361,nthreads=94,
message=tick stats,tick=46,estimated_current_power=63.850000,
end_task=,name=dot,elapsed_seconds=0.516757,predicted_seconds=0.000135,time_percent_error=99.973892,nthreads=94,end_time=96337.089622,avg_power_W=128.900000,max_power_W=129.000000,avg_time_s=0.000236,released_listeners=1,
start_task=,name=dot,tick=47,start_time=96337.089663,nthreads=94,
message=tick stats,tick=47,estimated_current_power=63.850000,
end_task=,name=dot,elapsed_seconds=0.516543,predicted_seconds=0.000135,time_percent_error=99.973881,nthreads=94,end_time=96337.622762,avg_power_W=128.909091,max_power_W=129.000000,avg_time_s=0.000251,released_listeners=1,
start_task=,name=dot,tick=48,start_time=96337.622843,nthreads=94,
message=tick stats,tick=48,estimated_current_power=63.850000,
end_task=,name=dot,elapsed_seconds=0.527527,predicted_seconds=0.000135,time_percent_error=99.974425,nthreads=94,end_time=96338.150888,avg_power_W=128.800000,max_power_W=130.000000,avg_time_s=0.000230,released_listeners=1,
start_task=,name=dot,tick=49,start_time=96338.150938,nthreads=94,
message=tick stats,tick=49,estimated_current_power=63.850000,
end_task=,name=dot,elapsed_seconds=0.521543,predicted_seconds=0.000135,time_percent_error=99.974131,nthreads=94,end_time=96338.675414,avg_power_W=129.090909,max_power_W=130.000000,avg_time_s=0.000249,released_listeners=1,
start_task=,name=dot,tick=50,start_time=96338.675494,nthreads=94,
message=tick stats,tick=50,estimated_current_power=63.850000,
end_task=,name=dot,elapsed_seconds=0.522562,predicted_seconds=0.000135,time_percent_error=99.974182,nthreads=94,end_time=96339.198606,avg_power_W=129.200000,max_power_W=131.000000,avg_time_s=0.000241,released_listeners=1,
start_task=,name=sum_contribs,tick=51,start_time=96339.198648,nthreads=94,
message=tick stats,tick=51,estimated_current_power=0.000000,
end_task=,name=sum_contribs,elapsed_seconds=0.520452,predicted_seconds=0.000000,time_percent_error=100.000000,nthreads=94,end_time=96339.723646,avg_power_W=127.909091,max_power_W=129.000000,avg_time_s=0.000180,released_listeners=1,
start_task=,name=comp_alpha,tick=52,start_time=96339.723729,nthreads=94,
message=tick stats,tick=52,estimated_current_power=0.000000,
end_task=,name=comp_alpha,elapsed_seconds=0.515880,predicted_seconds=0.000000,time_percent_error=100.000000,nthreads=94,end_time=96340.240430,avg_power_W=123.200000,max_power_W=128.000000,avg_time_s=0.000069,released_listeners=16,
start_task=,name=axpyprofile,tick=53,start_time=96340.240493,nthreads=94,
message=tick stats,tick=53,estimated_current_power=0.000000,
end_task=,name=axpyprofile,elapsed_seconds=0.512764,predicted_seconds=0.000000,time_percent_error=100.000000,nthreads=94,end_time=96340.754104,avg_power_W=133.500000,max_power_W=140.000000,avg_time_s=0.007541,released_listeners=1,
start_task=,name=axpyprofile,tick=54,start_time=96340.754177,nthreads=94,
message=tick stats,tick=54,estimated_current_power=0.000000,
end_task=,name=axpyprofile,elapsed_seconds=0.526520,predicted_seconds=0.000000,time_percent_error=100.000000,nthreads=94,end_time=96341.281453,avg_power_W=137.363636,max_power_W=139.000000,avg_time_s=0.007859,released_listeners=1,
start_task=,name=axpyprofile,tick=55,start_time=96341.281526,nthreads=94,
message=tick stats,tick=55,estimated_current_power=0.000000,
end_task=,name=axpyprofile,elapsed_seconds=0.521062,predicted_seconds=0.000000,time_percent_error=100.000000,nthreads=94,end_time=96341.803851,avg_power_W=137.600000,max_power_W=139.000000,avg_time_s=0.007663,released_listeners=1,
start_task=,name=axpyprofile,tick=56,start_time=96341.803924,nthreads=94,
message=tick stats,tick=56,estimated_current_power=0.000000,
end_task=,name=axpyprofile,elapsed_seconds=0.535287,predicted_seconds=0.000000,time_percent_error=100.000000,nthreads=94,end_time=96342.339880,avg_power_W=137.363636,max_power_W=139.000000,avg_time_s=0.007539,released_listeners=1,
start_task=,name=axpyprofile,tick=57,start_time=96342.339953,nthreads=94,
message=tick stats,tick=57,estimated_current_power=0.000000,
end_task=,name=axpyprofile,elapsed_seconds=0.532208,predicted_seconds=0.000000,time_percent_error=100.000000,nthreads=94,end_time=96342.874632,avg_power_W=137.909091,max_power_W=139.000000,avg_time_s=0.007496,released_listeners=1,
start_task=,name=axpyprofile,tick=58,start_time=96342.874705,nthreads=94,
message=tick stats,tick=58,estimated_current_power=0.000000,
end_task=,name=axpyprofile,elapsed_seconds=0.533118,predicted_seconds=0.000000,time_percent_error=100.000000,nthreads=94,end_time=96343.422606,avg_power_W=137.545455,max_power_W=140.000000,avg_time_s=0.007616,released_listeners=1,
start_task=,name=axpyprofile,tick=59,start_time=96343.422715,nthreads=94,
message=tick stats,tick=59,estimated_current_power=0.000000,
end_task=,name=axpyprofile,elapsed_seconds=0.529604,predicted_seconds=0.000000,time_percent_error=100.000000,nthreads=94,end_time=96343.953993,avg_power_W=138.300000,max_power_W=141.000000,avg_time_s=0.007459,released_listeners=1,
start_task=,name=axpyprofile,tick=60,start_time=96343.954066,nthreads=94,
message=tick stats,tick=60,estimated_current_power=0.000000,
end_task=,name=axpyprofile,elapsed_seconds=0.522584,predicted_seconds=0.000000,time_percent_error=100.000000,nthreads=94,end_time=96344.477650,avg_power_W=139.272727,max_power_W=142.000000,avg_time_s=0.007360,released_listeners=1,
start_task=,name=axpyprofile,tick=61,start_time=96344.477723,nthreads=94,
message=tick stats,tick=61,estimated_current_power=0.000000,
end_task=,name=axpyprofile,elapsed_seconds=0.523224,predicted_seconds=0.000000,time_percent_error=100.000000,nthreads=94,end_time=96345.002497,avg_power_W=139.000000,max_power_W=142.000000,avg_time_s=0.007369,released_listeners=1,
start_task=,name=axpyprofile,tick=62,start_time=96345.002569,nthreads=94,
message=tick stats,tick=62,estimated_current_power=0.000000,
end_task=,name=axpyprofile,elapsed_seconds=0.517696,predicted_seconds=0.000000,time_percent_error=100.000000,nthreads=94,end_time=96345.522360,avg_power_W=139.181818,max_power_W=141.000000,avg_time_s=0.007291,released_listeners=1,
start_task=,name=axpyprofile,tick=63,start_time=96345.522436,nthreads=94,
message=tick stats,tick=63,estimated_current_power=0.000000,
end_task=,name=axpyprofile,elapsed_seconds=0.517458,predicted_seconds=0.000000,time_percent_error=100.000000,nthreads=94,end_time=96346.041449,avg_power_W=139.700000,max_power_W=141.000000,avg_time_s=0.007288,released_listeners=1,
start_task=,name=axpyprofile,tick=64,start_time=96346.041522,nthreads=94,
message=tick stats,tick=64,estimated_current_power=0.000000,
end_task=,name=axpyprofile,elapsed_seconds=0.525893,predicted_seconds=0.000000,time_percent_error=100.000000,nthreads=94,end_time=96346.572479,avg_power_W=139.636364,max_power_W=142.000000,avg_time_s=0.007407,released_listeners=1,
start_task=,name=axpyprofile,tick=65,start_time=96346.572556,nthreads=94,
message=tick stats,tick=65,estimated_current_power=0.000000,
end_task=,name=axpyprofile,elapsed_seconds=0.528411,predicted_seconds=0.000000,time_percent_error=100.000000,nthreads=94,end_time=96347.102519,avg_power_W=140.100000,max_power_W=142.000000,avg_time_s=0.007339,released_listeners=1,
start_task=,name=axpyprofile,tick=66,start_time=96347.102593,nthreads=94,
message=tick stats,tick=66,estimated_current_power=0.000000,
end_task=,name=axpyprofile,elapsed_seconds=0.523863,predicted_seconds=0.000000,time_percent_error=100.000000,nthreads=94,end_time=96347.627090,avg_power_W=140.363636,max_power_W=141.000000,avg_time_s=0.007378,released_listeners=1,
start_task=,name=axpyprofile,tick=67,start_time=96347.627164,nthreads=94,
message=tick stats,tick=67,estimated_current_power=0.000000,
end_task=,name=axpyprofile,elapsed_seconds=0.529436,predicted_seconds=0.000000,time_percent_error=100.000000,nthreads=94,end_time=96348.172076,avg_power_W=140.272727,max_power_W=142.000000,avg_time_s=0.007353,released_listeners=1,
start_task=,name=axpyprofile,tick=68,start_time=96348.172154,nthreads=94,
message=tick stats,tick=68,estimated_current_power=0.000000,
end_task=,name=axpyprofile,elapsed_seconds=0.530492,predicted_seconds=0.000000,time_percent_error=100.000000,nthreads=94,end_time=96348.703568,avg_power_W=140.100000,max_power_W=142.000000,avg_time_s=0.007472,released_listeners=1,
start_task=,name=axpy,tick=69,start_time=96348.703645,nthreads=94,
message=tick stats,tick=69,estimated_current_power=61.350000,
end_task=,name=axpy,elapsed_seconds=0.026242,predicted_seconds=0.000845,time_percent_error=96.780651,nthreads=94,end_time=96348.730792,avg_power_W=141.000000,max_power_W=141.000000,avg_time_s=0.026242,released_listeners=0,
start_task=,name=axpy,tick=70,start_time=96348.730872,nthreads=94,
message=tick stats,tick=70,estimated_current_power=61.350000,
end_task=,name=axpy,elapsed_seconds=0.031895,predicted_seconds=0.000845,time_percent_error=97.351295,nthreads=94,end_time=96348.772046,avg_power_W=140.000000,max_power_W=140.000000,avg_time_s=0.031895,released_listeners=0,
start_task=,name=axpy,tick=71,start_time=96348.772122,nthreads=94,
message=tick stats,tick=71,estimated_current_power=61.350000,
end_task=,name=axpy,elapsed_seconds=0.028386,predicted_seconds=0.000845,time_percent_error=97.023889,nthreads=94,end_time=96348.801416,avg_power_W=-nan,max_power_W=0.000000,avg_time_s=0.028386,released_listeners=1,
start_task=,name=axpy,tick=72,start_time=96348.801479,nthreads=94,
message=tick stats,tick=72,estimated_current_power=61.350000,
end_task=,name=axpy,elapsed_seconds=0.030928,predicted_seconds=0.000845,time_percent_error=97.268454,nthreads=94,end_time=96348.833304,avg_power_W=128.000000,max_power_W=128.000000,avg_time_s=0.030928,released_listeners=1,
start_task=,name=axpy,tick=73,start_time=96348.833377,nthreads=94,
message=tick stats,tick=73,estimated_current_power=61.350000,
end_task=,name=axpy,elapsed_seconds=0.030361,predicted_seconds=0.000845,time_percent_error=97.217477,nthreads=94,end_time=96348.872042,avg_power_W=129.000000,max_power_W=129.000000,avg_time_s=0.030361,released_listeners=0,
start_task=,name=axpy,tick=74,start_time=96348.872118,nthreads=94,
message=tick stats,tick=74,estimated_current_power=61.350000,
end_task=,name=axpy,elapsed_seconds=0.030916,predicted_seconds=0.000845,time_percent_error=97.267431,nthreads=94,end_time=96348.903909,avg_power_W=-nan,max_power_W=0.000000,avg_time_s=0.030916,released_listeners=1,
start_task=,name=axpy,tick=75,start_time=96348.903972,nthreads=94,
message=tick stats,tick=75,estimated_current_power=61.350000,
end_task=,name=axpy,elapsed_seconds=0.028770,predicted_seconds=0.000845,time_percent_error=97.063526,nthreads=94,end_time=96348.933418,avg_power_W=129.000000,max_power_W=129.000000,avg_time_s=0.028770,released_listeners=0,
start_task=,name=axpy,tick=76,start_time=96348.933491,nthreads=94,
message=tick stats,tick=76,estimated_current_power=61.350000,
end_task=,name=axpy,elapsed_seconds=0.036166,predicted_seconds=0.000845,time_percent_error=97.664069,nthreads=94,end_time=96348.972641,avg_power_W=129.000000,max_power_W=129.000000,avg_time_s=0.036166,released_listeners=1,
start_task=,name=axpy,tick=77,start_time=96348.972718,nthreads=94,
message=tick stats,tick=77,estimated_current_power=61.350000,
end_task=,name=axpy,elapsed_seconds=0.031361,predicted_seconds=0.000845,time_percent_error=97.306204,nthreads=94,end_time=96349.022686,avg_power_W=129.000000,max_power_W=129.000000,avg_time_s=0.031361,released_listeners=0,
start_task=,name=axpy,tick=78,start_time=96349.022763,nthreads=94,
message=tick stats,tick=78,estimated_current_power=61.350000,
end_task=,name=axpy,elapsed_seconds=0.024073,predicted_seconds=0.000845,time_percent_error=96.490580,nthreads=94,end_time=96349.048352,avg_power_W=-nan,max_power_W=0.000000,avg_time_s=0.024073,released_listeners=1,
start_task=,name=axpy,tick=79,start_time=96349.048418,nthreads=94,
message=tick stats,tick=79,estimated_current_power=61.350000,
end_task=,name=axpy,elapsed_seconds=0.032604,predicted_seconds=0.000845,time_percent_error=97.408878,nthreads=94,end_time=96349.082567,avg_power_W=128.000000,max_power_W=128.000000,avg_time_s=0.032604,released_listeners=0,
start_task=,name=axpy,tick=80,start_time=96349.082640,nthreads=94,
message=tick stats,tick=80,estimated_current_power=61.350000,
end_task=,name=axpy,elapsed_seconds=0.032544,predicted_seconds=0.000845,time_percent_error=97.404099,nthreads=94,end_time=96349.122721,avg_power_W=128.000000,max_power_W=128.000000,avg_time_s=0.032544,released_listeners=1,
start_task=,name=axpy,tick=81,start_time=96349.122798,nthreads=94,
message=tick stats,tick=81,estimated_current_power=61.350000,
end_task=,name=axpy,elapsed_seconds=0.026430,predicted_seconds=0.000845,time_percent_error=96.803643,nthreads=94,end_time=96349.150258,avg_power_W=-nan,max_power_W=0.000000,avg_time_s=0.026430,released_listeners=0,
start_task=,name=axpy,tick=82,start_time=96349.150327,nthreads=94,
message=tick stats,tick=82,estimated_current_power=61.350000,
end_task=,name=axpy,elapsed_seconds=0.029806,predicted_seconds=0.000845,time_percent_error=97.165614,nthreads=94,end_time=96349.181039,avg_power_W=128.000000,max_power_W=128.000000,avg_time_s=0.029806,released_listeners=1,
start_task=,name=axpy,tick=83,start_time=96349.181113,nthreads=94,
message=tick stats,tick=83,estimated_current_power=61.350000,
end_task=,name=axpy,elapsed_seconds=0.034052,predicted_seconds=0.000845,time_percent_error=97.519071,nthreads=94,end_time=96349.222357,avg_power_W=129.000000,max_power_W=129.000000,avg_time_s=0.034052,released_listeners=0,
start_task=,name=axpy,tick=84,start_time=96349.222433,nthreads=94,
message=tick stats,tick=84,estimated_current_power=61.350000,
end_task=,name=axpy,elapsed_seconds=0.033855,predicted_seconds=0.000845,time_percent_error=97.504592,nthreads=94,end_time=96349.271835,avg_power_W=128.000000,max_power_W=128.000000,avg_time_s=0.033855,released_listeners=1,
start_task=,name=dot,tick=85,start_time=96349.271911,nthreads=94,
message=tick stats,tick=85,estimated_current_power=63.850000,
end_task=,name=dot,elapsed_seconds=0.517306,predicted_seconds=0.000135,time_percent_error=99.973919,nthreads=94,end_time=96349.789756,avg_power_W=131.000000,max_power_W=132.000000,avg_time_s=0.000208,released_listeners=1,
start_task=,name=dot,tick=86,start_time=96349.789804,nthreads=94,
message=tick stats,tick=86,estimated_current_power=63.850000,
end_task=,name=dot,elapsed_seconds=0.526908,predicted_seconds=0.000135,time_percent_error=99.974395,nthreads=94,end_time=96350.323685,avg_power_W=132.000000,max_power_W=133.000000,avg_time_s=0.000212,released_listeners=1,
start_task=,name=dot,tick=87,start_time=96350.323770,nthreads=94,
message=tick stats,tick=87,estimated_current_power=63.850000,
end_task=,name=dot,elapsed_seconds=0.532618,predicted_seconds=0.000135,time_percent_error=99.974669,nthreads=94,end_time=96350.872491,avg_power_W=131.909091,max_power_W=133.000000,avg_time_s=0.000218,released_listeners=1,
start_task=,name=dot,tick=88,start_time=96350.872576,nthreads=94,
message=tick stats,tick=88,estimated_current_power=63.850000,
end_task=,name=dot,elapsed_seconds=0.516597,predicted_seconds=0.000135,time_percent_error=99.973884,nthreads=94,end_time=96351.390881,avg_power_W=131.900000,max_power_W=133.000000,avg_time_s=0.000212,released_listeners=1,
start_task=,name=dot,tick=89,start_time=96351.390925,nthreads=94,
message=tick stats,tick=89,estimated_current_power=63.850000,
end_task=,name=dot,elapsed_seconds=0.527330,predicted_seconds=0.000135,time_percent_error=99.974415,nthreads=94,end_time=96351.922964,avg_power_W=131.909091,max_power_W=133.000000,avg_time_s=0.000213,released_listeners=1,
start_task=,name=dot,tick=90,start_time=96351.923013,nthreads=94,
message=tick stats,tick=90,estimated_current_power=63.850000,
end_task=,name=dot,elapsed_seconds=0.516072,predicted_seconds=0.000135,time_percent_error=99.973857,nthreads=94,end_time=96352.439886,avg_power_W=131.900000,max_power_W=132.000000,avg_time_s=0.000212,released_listeners=1,
start_task=,name=dot,tick=91,start_time=96352.439966,nthreads=94,
message=tick stats,tick=91,estimated_current_power=63.850000,
end_task=,name=dot,elapsed_seconds=0.516425,predicted_seconds=0.000135,time_percent_error=99.973875,nthreads=94,end_time=96352.972238,avg_power_W=132.090909,max_power_W=133.000000,avg_time_s=0.000219,released_listeners=1,
start_task=,name=dot,tick=92,start_time=96352.972321,nthreads=94,
message=tick stats,tick=92,estimated_current_power=63.850000,
end_task=,name=dot,elapsed_seconds=0.534066,predicted_seconds=0.000135,time_percent_error=99.974738,nthreads=94,end_time=96353.522324,avg_power_W=132.000000,max_power_W=133.000000,avg_time_s=0.000215,released_listeners=1,
start_task=,name=sum_contribs,tick=93,start_time=96353.522407,nthreads=94,
message=tick stats,tick=93,estimated_current_power=0.000000,
end_task=,name=sum_contribs,elapsed_seconds=0.516725,predicted_seconds=0.000000,time_percent_error=100.000000,nthreads=94,end_time=96354.040079,avg_power_W=131.700000,max_power_W=133.000000,avg_time_s=0.000175,released_listeners=2,
start_task=,name=comp_beta,tick=94,start_time=96354.040131,nthreads=94,
message=tick stats,tick=94,estimated_current_power=0.000000,
end_task=,name=comp_beta,elapsed_seconds=0.518966,predicted_seconds=0.000000,time_percent_error=100.000000,nthreads=94,end_time=96354.572015,avg_power_W=124.272727,max_power_W=131.000000,avg_time_s=0.000070,released_listeners=8,
start_task=,name=assign,tick=95,start_time=96354.572115,nthreads=94,
message=tick stats,tick=95,estimated_current_power=0.000000,
end_task=,name=assign,elapsed_seconds=0.507470,predicted_seconds=0.000000,time_percent_error=100.000000,nthreads=94,end_time=96355.081196,avg_power_W=107.400000,max_power_W=109.000000,avg_time_s=0.000064,released_listeners=0,
start_task=,name=xapyprofile,tick=96,start_time=96355.081257,nthreads=94,
message=tick stats,tick=96,estimated_current_power=0.000000,
end_task=,name=xapyprofile,elapsed_seconds=0.513519,predicted_seconds=0.000000,time_percent_error=100.000000,nthreads=94,end_time=96355.595755,avg_power_W=132.400000,max_power_W=141.000000,avg_time_s=0.007781,released_listeners=1,
start_task=,name=xapyprofile,tick=97,start_time=96355.595828,nthreads=94,
message=tick stats,tick=97,estimated_current_power=0.000000,
end_task=,name=xapyprofile,elapsed_seconds=0.524254,predicted_seconds=0.000000,time_percent_error=100.000000,nthreads=94,end_time=96356.122105,avg_power_W=139.000000,max_power_W=141.000000,avg_time_s=0.007489,released_listeners=1,
start_task=,name=xapyprofile,tick=98,start_time=96356.122181,nthreads=94,
message=tick stats,tick=98,estimated_current_power=0.000000,
end_task=,name=xapyprofile,elapsed_seconds=0.519992,predicted_seconds=0.000000,time_percent_error=100.000000,nthreads=94,end_time=96356.643088,avg_power_W=138.600000,max_power_W=140.000000,avg_time_s=0.007428,released_listeners=1,
start_task=,name=xapyprofile,tick=99,start_time=96356.643161,nthreads=94,
message=tick stats,tick=99,estimated_current_power=0.000000,
end_task=,name=xapyprofile,elapsed_seconds=0.529399,predicted_seconds=0.000000,time_percent_error=100.000000,nthreads=94,end_time=96357.173342,avg_power_W=138.636364,max_power_W=141.000000,avg_time_s=0.007456,released_listeners=1,
start_task=,name=xapyprofile,tick=100,start_time=96357.173415,nthreads=94,
message=tick stats,tick=100,estimated_current_power=0.000000,
end_task=,name=xapyprofile,elapsed_seconds=0.519164,predicted_seconds=0.000000,time_percent_error=100.000000,nthreads=94,end_time=96357.693584,avg_power_W=138.900000,max_power_W=141.000000,avg_time_s=0.007312,released_listeners=1,
start_task=,name=xapyprofile,tick=101,start_time=96357.693657,nthreads=94,
message=tick stats,tick=101,estimated_current_power=0.000000,
end_task=,name=xapyprofile,elapsed_seconds=0.532115,predicted_seconds=0.000000,time_percent_error=100.000000,nthreads=94,end_time=96358.226771,avg_power_W=138.454545,max_power_W=139.000000,avg_time_s=0.007495,released_listeners=1,
start_task=,name=xapyprofile,tick=102,start_time=96358.226845,nthreads=94,
message=tick stats,tick=102,estimated_current_power=0.000000,
end_task=,name=xapyprofile,elapsed_seconds=0.528142,predicted_seconds=0.000000,time_percent_error=100.000000,nthreads=94,end_time=96358.772389,avg_power_W=139.363636,max_power_W=141.000000,avg_time_s=0.007439,released_listeners=1,
start_task=,name=xapyprofile,tick=103,start_time=96358.772466,nthreads=94,
message=tick stats,tick=103,estimated_current_power=0.000000,
end_task=,name=xapyprofile,elapsed_seconds=0.517877,predicted_seconds=0.000000,time_percent_error=100.000000,nthreads=94,end_time=96359.291285,avg_power_W=137.600000,max_power_W=139.000000,avg_time_s=0.007398,released_listeners=1,
start_task=,name=xapy,tick=104,start_time=96359.291373,nthreads=94,
message=tick stats,tick=104,estimated_current_power=63.225000,
end_task=,name=xapy,elapsed_seconds=0.025759,predicted_seconds=0.000252,time_percent_error=99.020264,nthreads=94,end_time=96359.323062,avg_power_W=139.000000,max_power_W=139.000000,avg_time_s=0.025759,released_listeners=0,
start_task=,name=xapy,tick=105,start_time=96359.323150,nthreads=94,
message=tick stats,tick=105,estimated_current_power=63.225000,
end_task=,name=xapy,elapsed_seconds=0.032424,predicted_seconds=0.000252,time_percent_error=99.221640,nthreads=94,end_time=96359.372253,avg_power_W=130.000000,max_power_W=130.000000,avg_time_s=0.032424,released_listeners=0,
start_task=,name=xapy,tick=106,start_time=96359.372330,nthreads=94,
message=tick stats,tick=106,estimated_current_power=63.225000,
end_task=,name=xapy,elapsed_seconds=0.026089,predicted_seconds=0.000252,time_percent_error=99.032637,nthreads=94,end_time=96359.399316,avg_power_W=-nan,max_power_W=0.000000,avg_time_s=0.026089,released_listeners=0,
start_task=,name=xapy,tick=107,start_time=96359.399379,nthreads=94,
message=tick stats,tick=107,estimated_current_power=63.225000,
end_task=,name=xapy,elapsed_seconds=0.033433,predicted_seconds=0.000252,time_percent_error=99.245121,nthreads=94,end_time=96359.433665,avg_power_W=128.000000,max_power_W=128.000000,avg_time_s=0.033433,released_listeners=0,
start_task=,name=xapy,tick=108,start_time=96359.433738,nthreads=94,
message=tick stats,tick=108,estimated_current_power=63.225000,
end_task=,name=xapy,elapsed_seconds=0.030193,predicted_seconds=0.000252,time_percent_error=99.164119,nthreads=94,end_time=96359.472299,avg_power_W=128.000000,max_power_W=128.000000,avg_time_s=0.030193,released_listeners=0,
start_task=,name=xapy,tick=109,start_time=96359.472379,nthreads=94,
message=tick stats,tick=109,estimated_current_power=63.225000,
end_task=,name=xapy,elapsed_seconds=0.026384,predicted_seconds=0.000252,time_percent_error=99.043455,nthreads=94,end_time=96359.499725,avg_power_W=-nan,max_power_W=0.000000,avg_time_s=0.026384,released_listeners=0,
start_task=,name=xapy,tick=110,start_time=96359.499788,nthreads=94,
message=tick stats,tick=110,estimated_current_power=63.225000,
end_task=,name=xapy,elapsed_seconds=0.027394,predicted_seconds=0.000252,time_percent_error=99.078730,nthreads=94,end_time=96359.528054,avg_power_W=128.000000,max_power_W=128.000000,avg_time_s=0.027394,released_listeners=0,
start_task=,name=xapy,tick=111,start_time=96359.528127,nthreads=94,
message=tick stats,tick=111,estimated_current_power=63.225000,
end_task=,name=xapy,elapsed_seconds=0.034031,predicted_seconds=0.000252,time_percent_error=99.258392,nthreads=94,end_time=96359.572370,avg_power_W=127.000000,max_power_W=127.000000,avg_time_s=0.034031,released_listeners=0,
est_max_power=72.787500,
average_power_W=127.000000,
max_power_W=127.000000,
time_s=46.866900,
message=ALL DONE,
