message=cataloging configuration,max_threads=63,power_limit=inf,
start_task=,name=start,tick=1,start_time=203905.169234,nthreads=63,
message=tick stats,tick=1,estimated_current_power=0.000000,
end_task=,name=start,elapsed_seconds=0.509544,predicted_seconds=0.000000,time_percent_error=100.000000,nthreads=63,end_time=203905.684355,avg_power_W=105.600000,max_power_W=110.000000,avg_time_s=0.000000,released_listeners=8,
start_task=,name=spmv,tick=2,start_time=203905.684429,nthreads=63,
message=tick stats,tick=2,estimated_current_power=68.475000,
end_task=,name=spmv,elapsed_seconds=0.509311,predicted_seconds=0.006530,time_percent_error=98.717791,nthreads=63,end_time=203906.194279,avg_power_W=132.600000,max_power_W=154.000000,avg_time_s=0.009986,released_listeners=1,
start_task=,name=spmv,tick=3,start_time=203906.194338,nthreads=63,
message=tick stats,tick=3,estimated_current_power=68.475000,
end_task=,name=spmv,elapsed_seconds=0.524199,predicted_seconds=0.006530,time_percent_error=98.754207,nthreads=63,end_time=203906.734573,avg_power_W=152.727273,max_power_W=155.000000,avg_time_s=0.007084,released_listeners=1,
start_task=,name=spmv,tick=4,start_time=203906.734636,nthreads=63,
message=tick stats,tick=4,estimated_current_power=68.475000,
end_task=,name=spmv,elapsed_seconds=0.521307,predicted_seconds=0.006530,time_percent_error=98.747295,nthreads=63,end_time=203907.256352,avg_power_W=153.200000,max_power_W=155.000000,avg_time_s=0.007141,released_listeners=1,
start_task=,name=spmv,tick=5,start_time=203907.256411,nthreads=63,
message=tick stats,tick=5,estimated_current_power=68.475000,
end_task=,name=spmv,elapsed_seconds=0.532577,predicted_seconds=0.006530,time_percent_error=98.773804,nthreads=63,end_time=203907.790555,avg_power_W=154.363636,max_power_W=156.000000,avg_time_s=0.007101,released_listeners=1,
start_task=,name=spmv,tick=6,start_time=203907.790615,nthreads=63,
message=tick stats,tick=6,estimated_current_power=68.475000,
end_task=,name=spmv,elapsed_seconds=0.518657,predicted_seconds=0.006530,time_percent_error=98.740895,nthreads=63,end_time=203908.309769,avg_power_W=155.500000,max_power_W=158.000000,avg_time_s=0.007009,released_listeners=1,
start_task=,name=spmv,tick=7,start_time=203908.309829,nthreads=63,
message=tick stats,tick=7,estimated_current_power=68.475000,
end_task=,name=spmv,elapsed_seconds=0.526838,predicted_seconds=0.006530,time_percent_error=98.760447,nthreads=63,end_time=203908.838267,avg_power_W=155.545455,max_power_W=158.000000,avg_time_s=0.007217,released_listeners=1,
start_task=,name=spmv,tick=8,start_time=203908.838327,nthreads=63,
message=tick stats,tick=8,estimated_current_power=68.475000,
end_task=,name=spmv,elapsed_seconds=0.520426,predicted_seconds=0.006530,time_percent_error=98.745176,nthreads=63,end_time=203909.360346,avg_power_W=156.900000,max_power_W=159.000000,avg_time_s=0.007129,released_listeners=1,
start_task=,name=spmv,tick=9,start_time=203909.360406,nthreads=63,
message=tick stats,tick=9,estimated_current_power=68.475000,
end_task=,name=spmv,elapsed_seconds=0.520276,predicted_seconds=0.006530,time_percent_error=98.744812,nthreads=63,end_time=203909.884039,avg_power_W=157.454545,max_power_W=159.000000,avg_time_s=0.007031,released_listeners=1,
start_task=,name=subtract,tick=10,start_time=203909.884102,nthreads=63,
message=tick stats,tick=10,estimated_current_power=58.225000,
end_task=,name=subtract,elapsed_seconds=0.521621,predicted_seconds=0.000380,time_percent_error=99.927222,nthreads=63,end_time=203910.406356,avg_power_W=150.300000,max_power_W=158.000000,avg_time_s=0.000412,released_listeners=2,
start_task=,name=subtract,tick=11,start_time=203910.406392,nthreads=63,
message=tick stats,tick=11,estimated_current_power=58.225000,
end_task=,name=subtract,elapsed_seconds=0.549532,predicted_seconds=0.000380,time_percent_error=99.930918,nthreads=63,end_time=203910.956580,avg_power_W=149.000000,max_power_W=150.000000,avg_time_s=0.000406,released_listeners=2,
start_task=,name=subtract,tick=12,start_time=203910.956612,nthreads=63,
message=tick stats,tick=12,estimated_current_power=58.225000,
end_task=,name=subtract,elapsed_seconds=0.524071,predicted_seconds=0.000380,time_percent_error=99.927562,nthreads=63,end_time=203911.483990,avg_power_W=149.727273,max_power_W=151.000000,avg_time_s=0.000396,released_listeners=2,
start_task=,name=subtract,tick=13,start_time=203911.484064,nthreads=63,
message=tick stats,tick=13,estimated_current_power=58.225000,
end_task=,name=subtract,elapsed_seconds=0.531795,predicted_seconds=0.000380,time_percent_error=99.928614,nthreads=63,end_time=203912.016472,avg_power_W=149.000000,max_power_W=150.000000,avg_time_s=0.000400,released_listeners=2,
start_task=,name=subtract,tick=14,start_time=203912.016505,nthreads=63,
message=tick stats,tick=14,estimated_current_power=58.225000,
end_task=,name=subtract,elapsed_seconds=0.521764,predicted_seconds=0.000380,time_percent_error=99.927242,nthreads=63,end_time=203912.538886,avg_power_W=150.363636,max_power_W=152.000000,avg_time_s=0.000398,released_listeners=2,
start_task=,name=subtract,tick=15,start_time=203912.538917,nthreads=63,
message=tick stats,tick=15,estimated_current_power=58.225000,
end_task=,name=subtract,elapsed_seconds=0.522932,predicted_seconds=0.000380,time_percent_error=99.927404,nthreads=63,end_time=203913.062442,avg_power_W=150.100000,max_power_W=152.000000,avg_time_s=0.000388,released_listeners=2,
start_task=,name=subtract,tick=16,start_time=203913.062472,nthreads=63,
message=tick stats,tick=16,estimated_current_power=58.225000,
end_task=,name=subtract,elapsed_seconds=0.521916,predicted_seconds=0.000380,time_percent_error=99.927263,nthreads=63,end_time=203913.585079,avg_power_W=151.727273,max_power_W=154.000000,avg_time_s=0.000396,released_listeners=2,
start_task=,name=subtract,tick=17,start_time=203913.585111,nthreads=63,
message=tick stats,tick=17,estimated_current_power=58.225000,
end_task=,name=subtract,elapsed_seconds=0.530364,predicted_seconds=0.000380,time_percent_error=99.928422,nthreads=63,end_time=203914.116039,avg_power_W=153.600000,max_power_W=155.000000,avg_time_s=0.000407,released_listeners=2,
start_task=,name=copy,tick=18,start_time=203914.116069,nthreads=63,
message=tick stats,tick=18,estimated_current_power=58.850000,
end_task=,name=copy,elapsed_seconds=0.524825,predicted_seconds=0.000175,time_percent_error=99.966632,nthreads=63,end_time=203914.641628,avg_power_W=153.909091,max_power_W=155.000000,avg_time_s=0.000200,released_listeners=1,
start_task=,name=dot,tick=19,start_time=203914.641663,nthreads=63,
message=tick stats,tick=19,estimated_current_power=58.516667,
end_task=,name=dot,elapsed_seconds=0.525061,predicted_seconds=0.000147,time_percent_error=99.971987,nthreads=63,end_time=203915.167375,avg_power_W=153.100000,max_power_W=154.000000,avg_time_s=0.000131,released_listeners=1,
start_task=,name=copy,tick=20,start_time=203915.167419,nthreads=63,
message=tick stats,tick=20,estimated_current_power=58.850000,
end_task=,name=copy,elapsed_seconds=0.537854,predicted_seconds=0.000175,time_percent_error=99.967440,nthreads=63,end_time=203915.706006,avg_power_W=154.272727,max_power_W=156.000000,avg_time_s=0.000200,released_listeners=1,
start_task=,name=dot,tick=21,start_time=203915.706041,nthreads=63,
message=tick stats,tick=21,estimated_current_power=58.516667,
end_task=,name=dot,elapsed_seconds=0.519672,predicted_seconds=0.000147,time_percent_error=99.971697,nthreads=63,end_time=203916.234056,avg_power_W=155.000000,max_power_W=157.000000,avg_time_s=0.000132,released_listeners=1,
start_task=,name=copy,tick=22,start_time=203916.234138,nthreads=63,
message=tick stats,tick=22,estimated_current_power=58.850000,
end_task=,name=copy,elapsed_seconds=0.520776,predicted_seconds=0.000175,time_percent_error=99.966372,nthreads=63,end_time=203916.755649,avg_power_W=159.400000,max_power_W=161.000000,avg_time_s=0.000194,released_listeners=1,
start_task=,name=dot,tick=23,start_time=203916.755682,nthreads=63,
message=tick stats,tick=23,estimated_current_power=58.516667,
end_task=,name=dot,elapsed_seconds=0.520228,predicted_seconds=0.000147,time_percent_error=99.971727,nthreads=63,end_time=203917.284113,avg_power_W=158.909091,max_power_W=161.000000,avg_time_s=0.000135,released_listeners=1,
start_task=,name=copy,tick=24,start_time=203917.284207,nthreads=63,
message=tick stats,tick=24,estimated_current_power=58.850000,
end_task=,name=copy,elapsed_seconds=0.520991,predicted_seconds=0.000175,time_percent_error=99.966386,nthreads=63,end_time=203917.806250,avg_power_W=159.300000,max_power_W=161.000000,avg_time_s=0.000223,released_listeners=1,
start_task=,name=dot,tick=25,start_time=203917.806283,nthreads=63,
message=tick stats,tick=25,estimated_current_power=58.516667,
end_task=,name=dot,elapsed_seconds=0.519358,predicted_seconds=0.000147,time_percent_error=99.971680,nthreads=63,end_time=203918.334661,avg_power_W=158.909091,max_power_W=160.000000,avg_time_s=0.000135,released_listeners=1,
start_task=,name=copy,tick=26,start_time=203918.334735,nthreads=63,
message=tick stats,tick=26,estimated_current_power=58.850000,
end_task=,name=copy,elapsed_seconds=0.520797,predicted_seconds=0.000175,time_percent_error=99.966374,nthreads=63,end_time=203918.856590,avg_power_W=159.700000,max_power_W=161.000000,avg_time_s=0.000197,released_listeners=1,
start_task=,name=dot,tick=27,start_time=203918.856626,nthreads=63,
message=tick stats,tick=27,estimated_current_power=58.516667,
end_task=,name=dot,elapsed_seconds=0.518948,predicted_seconds=0.000147,time_percent_error=99.971657,nthreads=63,end_time=203919.384139,avg_power_W=160.090909,max_power_W=161.000000,avg_time_s=0.000135,released_listeners=1,
start_task=,name=copy,tick=28,start_time=203919.384211,nthreads=63,
message=tick stats,tick=28,estimated_current_power=58.850000,
end_task=,name=copy,elapsed_seconds=0.521287,predicted_seconds=0.000175,time_percent_error=99.966405,nthreads=63,end_time=203919.906519,avg_power_W=160.600000,max_power_W=161.000000,avg_time_s=0.000197,released_listeners=1,
start_task=,name=dot,tick=29,start_time=203919.906556,nthreads=63,
message=tick stats,tick=29,estimated_current_power=58.516667,
end_task=,name=dot,elapsed_seconds=0.518581,predicted_seconds=0.000147,time_percent_error=99.971637,nthreads=63,end_time=203920.434094,avg_power_W=160.727273,max_power_W=161.000000,avg_time_s=0.000131,released_listeners=1,
start_task=,name=copy,tick=30,start_time=203920.434174,nthreads=63,
message=tick stats,tick=30,estimated_current_power=58.850000,
end_task=,name=copy,elapsed_seconds=0.521499,predicted_seconds=0.000175,time_percent_error=99.966419,nthreads=63,end_time=203920.956718,avg_power_W=161.000000,max_power_W=161.000000,avg_time_s=0.000198,released_listeners=1,
start_task=,name=dot,tick=31,start_time=203920.956753,nthreads=63,
message=tick stats,tick=31,estimated_current_power=58.516667,
end_task=,name=dot,elapsed_seconds=0.531605,predicted_seconds=0.000147,time_percent_error=99.972332,nthreads=63,end_time=203921.488790,avg_power_W=160.545455,max_power_W=161.000000,avg_time_s=0.000136,released_listeners=1,
start_task=,name=copy,tick=32,start_time=203921.488836,nthreads=63,
message=tick stats,tick=32,estimated_current_power=58.850000,
end_task=,name=copy,elapsed_seconds=0.516348,predicted_seconds=0.000175,time_percent_error=99.966084,nthreads=63,end_time=203922.005823,avg_power_W=161.100000,max_power_W=162.000000,avg_time_s=0.000197,released_listeners=1,
start_task=,name=dot,tick=33,start_time=203922.005861,nthreads=63,
message=tick stats,tick=33,estimated_current_power=58.516667,
end_task=,name=dot,elapsed_seconds=0.549769,predicted_seconds=0.000147,time_percent_error=99.973246,nthreads=63,end_time=203922.556793,avg_power_W=160.454545,max_power_W=161.000000,avg_time_s=0.000144,released_listeners=1,
start_task=,name=spmv,tick=34,start_time=203922.556839,nthreads=63,
message=tick stats,tick=34,estimated_current_power=68.475000,
end_task=,name=spmv,elapsed_seconds=0.519903,predicted_seconds=0.006530,time_percent_error=98.743912,nthreads=63,end_time=203923.084285,avg_power_W=169.363636,max_power_W=172.000000,avg_time_s=0.006932,released_listeners=1,
start_task=,name=spmv,tick=35,start_time=203923.084345,nthreads=63,
message=tick stats,tick=35,estimated_current_power=68.475000,
end_task=,name=spmv,elapsed_seconds=0.528703,predicted_seconds=0.006530,time_percent_error=98.764818,nthreads=63,end_time=203923.614636,avg_power_W=171.100000,max_power_W=174.000000,avg_time_s=0.006957,released_listeners=1,
start_task=,name=spmv,tick=36,start_time=203923.614707,nthreads=63,
message=tick stats,tick=36,estimated_current_power=68.475000,
end_task=,name=spmv,elapsed_seconds=0.522074,predicted_seconds=0.006530,time_percent_error=98.749137,nthreads=63,end_time=203924.137303,avg_power_W=171.272727,max_power_W=173.000000,avg_time_s=0.006961,released_listeners=1,
start_task=,name=spmv,tick=37,start_time=203924.137364,nthreads=63,
message=tick stats,tick=37,estimated_current_power=68.475000,
end_task=,name=spmv,elapsed_seconds=0.524200,predicted_seconds=0.006530,time_percent_error=98.754208,nthreads=63,end_time=203924.663151,avg_power_W=171.400000,max_power_W=174.000000,avg_time_s=0.006808,released_listeners=1,
start_task=,name=spmv,tick=38,start_time=203924.663225,nthreads=63,
message=tick stats,tick=38,estimated_current_power=68.475000,
end_task=,name=spmv,elapsed_seconds=0.527281,predicted_seconds=0.006530,time_percent_error=98.761488,nthreads=63,end_time=203925.190969,avg_power_W=170.909091,max_power_W=174.000000,avg_time_s=0.007030,released_listeners=1,
start_task=,name=spmv,tick=39,start_time=203925.191030,nthreads=63,
message=tick stats,tick=39,estimated_current_power=68.475000,
end_task=,name=spmv,elapsed_seconds=0.515862,predicted_seconds=0.006530,time_percent_error=98.734072,nthreads=63,end_time=203925.708459,avg_power_W=172.200000,max_power_W=174.000000,avg_time_s=0.006878,released_listeners=1,
start_task=,name=spmv,tick=40,start_time=203925.708521,nthreads=63,
message=tick stats,tick=40,estimated_current_power=68.475000,
end_task=,name=spmv,elapsed_seconds=0.523551,predicted_seconds=0.006530,time_percent_error=98.752663,nthreads=63,end_time=203926.233902,avg_power_W=172.454545,max_power_W=174.000000,avg_time_s=0.006889,released_listeners=1,
start_task=,name=spmv,tick=41,start_time=203926.233966,nthreads=63,
message=tick stats,tick=41,estimated_current_power=68.475000,
end_task=,name=spmv,elapsed_seconds=0.526704,predicted_seconds=0.006530,time_percent_error=98.760132,nthreads=63,end_time=203926.762580,avg_power_W=171.700000,max_power_W=174.000000,avg_time_s=0.007023,released_listeners=1,
start_task=,name=sum_contribs,tick=42,start_time=203926.762641,nthreads=63,
message=tick stats,tick=42,estimated_current_power=0.000000,
end_task=,name=sum_contribs,elapsed_seconds=0.522305,predicted_seconds=0.000000,time_percent_error=100.000000,nthreads=63,end_time=203927.285401,avg_power_W=160.909091,max_power_W=173.000000,avg_time_s=0.000109,released_listeners=1,
start_task=,name=dot,tick=43,start_time=203927.285450,nthreads=63,
message=tick stats,tick=43,estimated_current_power=58.516667,
end_task=,name=dot,elapsed_seconds=0.534725,predicted_seconds=0.000147,time_percent_error=99.972494,nthreads=63,end_time=203927.833866,avg_power_W=161.636364,max_power_W=164.000000,avg_time_s=0.000183,released_listeners=1,
start_task=,name=dot,tick=44,start_time=203927.833938,nthreads=63,
message=tick stats,tick=44,estimated_current_power=58.516667,
end_task=,name=dot,elapsed_seconds=0.521648,predicted_seconds=0.000147,time_percent_error=99.971804,nthreads=63,end_time=203928.355924,avg_power_W=162.000000,max_power_W=164.000000,avg_time_s=0.000178,released_listeners=1,
start_task=,name=dot,tick=45,start_time=203928.355964,nthreads=63,
message=tick stats,tick=45,estimated_current_power=58.516667,
end_task=,name=dot,elapsed_seconds=0.521692,predicted_seconds=0.000147,time_percent_error=99.971806,nthreads=63,end_time=203928.885395,avg_power_W=162.636364,max_power_W=164.000000,avg_time_s=0.000182,released_listeners=1,
start_task=,name=dot,tick=46,start_time=203928.885466,nthreads=63,
message=tick stats,tick=46,estimated_current_power=58.516667,
end_task=,name=dot,elapsed_seconds=0.550142,predicted_seconds=0.000147,time_percent_error=99.973264,nthreads=63,end_time=203929.435935,avg_power_W=161.181818,max_power_W=164.000000,avg_time_s=0.000203,released_listeners=1,
start_task=,name=dot,tick=47,start_time=203929.435980,nthreads=63,
message=tick stats,tick=47,estimated_current_power=58.516667,
end_task=,name=dot,elapsed_seconds=0.524439,predicted_seconds=0.000147,time_percent_error=99.971954,nthreads=63,end_time=203929.961441,avg_power_W=160.900000,max_power_W=162.000000,avg_time_s=0.000189,released_listeners=1,
start_task=,name=dot,tick=48,start_time=203929.961481,nthreads=63,
message=tick stats,tick=48,estimated_current_power=58.516667,
end_task=,name=dot,elapsed_seconds=0.514469,predicted_seconds=0.000147,time_percent_error=99.971411,nthreads=63,end_time=203930.484811,avg_power_W=161.727273,max_power_W=164.000000,avg_time_s=0.000174,released_listeners=1,
start_task=,name=dot,tick=49,start_time=203930.484873,nthreads=63,
message=tick stats,tick=49,estimated_current_power=58.516667,
end_task=,name=dot,elapsed_seconds=0.520707,predicted_seconds=0.000147,time_percent_error=99.971753,nthreads=63,end_time=203931.005922,avg_power_W=161.200000,max_power_W=162.000000,avg_time_s=0.000184,released_listeners=1,
start_task=,name=dot,tick=50,start_time=203931.005960,nthreads=63,
message=tick stats,tick=50,estimated_current_power=58.516667,
end_task=,name=dot,elapsed_seconds=0.525390,predicted_seconds=0.000147,time_percent_error=99.972005,nthreads=63,end_time=203931.535562,avg_power_W=161.272727,max_power_W=162.000000,avg_time_s=0.000189,released_listeners=1,
start_task=,name=sum_contribs,tick=51,start_time=203931.535635,nthreads=63,
message=tick stats,tick=51,estimated_current_power=0.000000,
end_task=,name=sum_contribs,elapsed_seconds=0.523609,predicted_seconds=0.000000,time_percent_error=100.000000,nthreads=63,end_time=203932.059613,avg_power_W=158.000000,max_power_W=162.000000,avg_time_s=0.000116,released_listeners=1,
start_task=,name=comp_alpha,tick=52,start_time=203932.059656,nthreads=63,
message=tick stats,tick=52,estimated_current_power=0.000000,
end_task=,name=comp_alpha,elapsed_seconds=0.524076,predicted_seconds=0.000000,time_percent_error=100.000000,nthreads=63,end_time=203932.587639,avg_power_W=154.181818,max_power_W=159.000000,avg_time_s=0.000056,released_listeners=16,
start_task=,name=axpyprofile,tick=53,start_time=203932.587733,nthreads=63,
message=tick stats,tick=53,estimated_current_power=0.000000,
end_task=,name=axpyprofile,elapsed_seconds=0.509769,predicted_seconds=0.000000,time_percent_error=100.000000,nthreads=63,end_time=203933.098527,avg_power_W=163.400000,max_power_W=167.000000,avg_time_s=0.004949,released_listeners=1,
start_task=,name=axpyprofile,tick=54,start_time=203933.098588,nthreads=63,
message=tick stats,tick=54,estimated_current_power=0.000000,
end_task=,name=axpyprofile,elapsed_seconds=0.517535,predicted_seconds=0.000000,time_percent_error=100.000000,nthreads=63,end_time=203933.616760,avg_power_W=168.800000,max_power_W=170.000000,avg_time_s=0.004580,released_listeners=1,
start_task=,name=axpyprofile,tick=55,start_time=203933.616820,nthreads=63,
message=tick stats,tick=55,estimated_current_power=0.000000,
end_task=,name=axpyprofile,elapsed_seconds=0.549402,predicted_seconds=0.000000,time_percent_error=100.000000,nthreads=63,end_time=203934.166836,avg_power_W=167.545455,max_power_W=169.000000,avg_time_s=0.004905,released_listeners=1,
start_task=,name=axpyprofile,tick=56,start_time=203934.166896,nthreads=63,
message=tick stats,tick=56,estimated_current_power=0.000000,
end_task=,name=axpyprofile,elapsed_seconds=0.523790,predicted_seconds=0.000000,time_percent_error=100.000000,nthreads=63,end_time=203934.691698,avg_power_W=168.909091,max_power_W=170.000000,avg_time_s=0.004719,released_listeners=1,
start_task=,name=axpyprofile,tick=57,start_time=203934.691758,nthreads=63,
message=tick stats,tick=57,estimated_current_power=0.000000,
end_task=,name=axpyprofile,elapsed_seconds=0.516422,predicted_seconds=0.000000,time_percent_error=100.000000,nthreads=63,end_time=203935.208783,avg_power_W=168.100000,max_power_W=169.000000,avg_time_s=0.004530,released_listeners=1,
start_task=,name=axpyprofile,tick=58,start_time=203935.208844,nthreads=63,
message=tick stats,tick=58,estimated_current_power=0.000000,
end_task=,name=axpyprofile,elapsed_seconds=0.525452,predicted_seconds=0.000000,time_percent_error=100.000000,nthreads=63,end_time=203935.735269,avg_power_W=169.272727,max_power_W=171.000000,avg_time_s=0.004650,released_listeners=1,
start_task=,name=axpyprofile,tick=59,start_time=203935.735329,nthreads=63,
message=tick stats,tick=59,estimated_current_power=0.000000,
end_task=,name=axpyprofile,elapsed_seconds=0.521898,predicted_seconds=0.000000,time_percent_error=100.000000,nthreads=63,end_time=203936.257822,avg_power_W=168.000000,max_power_W=170.000000,avg_time_s=0.004578,released_listeners=1,
start_task=,name=axpyprofile,tick=60,start_time=203936.257882,nthreads=63,
message=tick stats,tick=60,estimated_current_power=0.000000,
end_task=,name=axpyprofile,elapsed_seconds=0.520955,predicted_seconds=0.000000,time_percent_error=100.000000,nthreads=63,end_time=203936.784727,avg_power_W=169.181818,max_power_W=171.000000,avg_time_s=0.004570,released_listeners=1,
start_task=,name=axpyprofile,tick=61,start_time=203936.784791,nthreads=63,
message=tick stats,tick=61,estimated_current_power=0.000000,
end_task=,name=axpyprofile,elapsed_seconds=0.522612,predicted_seconds=0.000000,time_percent_error=100.000000,nthreads=63,end_time=203937.308007,avg_power_W=168.400000,max_power_W=170.000000,avg_time_s=0.004625,released_listeners=1,
start_task=,name=axpyprofile,tick=62,start_time=203937.308070,nthreads=63,
message=tick stats,tick=62,estimated_current_power=0.000000,
end_task=,name=axpyprofile,elapsed_seconds=0.525494,predicted_seconds=0.000000,time_percent_error=100.000000,nthreads=63,end_time=203937.834285,avg_power_W=169.090909,max_power_W=171.000000,avg_time_s=0.004650,released_listeners=1,
start_task=,name=axpyprofile,tick=63,start_time=203937.834351,nthreads=63,
message=tick stats,tick=63,estimated_current_power=0.000000,
end_task=,name=axpyprofile,elapsed_seconds=0.526019,predicted_seconds=0.000000,time_percent_error=100.000000,nthreads=63,end_time=203938.360975,avg_power_W=168.400000,max_power_W=170.000000,avg_time_s=0.004574,released_listeners=1,
start_task=,name=axpyprofile,tick=64,start_time=203938.361037,nthreads=63,
message=tick stats,tick=64,estimated_current_power=0.000000,
end_task=,name=axpyprofile,elapsed_seconds=0.519185,predicted_seconds=0.000000,time_percent_error=100.000000,nthreads=63,end_time=203938.884144,avg_power_W=169.181818,max_power_W=170.000000,avg_time_s=0.004554,released_listeners=1,
start_task=,name=axpyprofile,tick=65,start_time=203938.884264,nthreads=63,
message=tick stats,tick=65,estimated_current_power=0.000000,
end_task=,name=axpyprofile,elapsed_seconds=0.522372,predicted_seconds=0.000000,time_percent_error=100.000000,nthreads=63,end_time=203939.407261,avg_power_W=168.300000,max_power_W=171.000000,avg_time_s=0.004623,released_listeners=1,
start_task=,name=axpyprofile,tick=66,start_time=203939.407323,nthreads=63,
message=tick stats,tick=66,estimated_current_power=0.000000,
end_task=,name=axpyprofile,elapsed_seconds=0.526660,predicted_seconds=0.000000,time_percent_error=100.000000,nthreads=63,end_time=203939.934898,avg_power_W=168.636364,max_power_W=170.000000,avg_time_s=0.004661,released_listeners=1,
start_task=,name=axpyprofile,tick=67,start_time=203939.934960,nthreads=63,
message=tick stats,tick=67,estimated_current_power=0.000000,
end_task=,name=axpyprofile,elapsed_seconds=0.524862,predicted_seconds=0.000000,time_percent_error=100.000000,nthreads=63,end_time=203940.460429,avg_power_W=168.500000,max_power_W=170.000000,avg_time_s=0.004604,released_listeners=1,
start_task=,name=axpyprofile,tick=68,start_time=203940.460490,nthreads=63,
message=tick stats,tick=68,estimated_current_power=0.000000,
end_task=,name=axpyprofile,elapsed_seconds=0.556197,predicted_seconds=0.000000,time_percent_error=100.000000,nthreads=63,end_time=203941.017713,avg_power_W=168.181818,max_power_W=170.000000,avg_time_s=0.004922,released_listeners=1,
start_task=,name=axpy,tick=69,start_time=203941.017774,nthreads=63,
message=tick stats,tick=69,estimated_current_power=62.287500,
end_task=,name=axpy,elapsed_seconds=0.018178,predicted_seconds=0.004394,time_percent_error=75.826308,nthreads=63,end_time=203941.037050,avg_power_W=169.000000,max_power_W=169.000000,avg_time_s=0.018178,released_listeners=0,
start_task=,name=axpy,tick=70,start_time=203941.037084,nthreads=63,
message=tick stats,tick=70,estimated_current_power=62.287500,
end_task=,name=axpy,elapsed_seconds=0.018516,predicted_seconds=0.004394,time_percent_error=76.268136,nthreads=63,end_time=203941.056491,avg_power_W=-nan,max_power_W=0.000000,avg_time_s=0.018516,released_listeners=0,
start_task=,name=axpy,tick=71,start_time=203941.056516,nthreads=63,
message=tick stats,tick=71,estimated_current_power=62.287500,
end_task=,name=axpy,elapsed_seconds=0.017248,predicted_seconds=0.004394,time_percent_error=74.523421,nthreads=63,end_time=203941.084298,avg_power_W=167.000000,max_power_W=167.000000,avg_time_s=0.017248,released_listeners=1,
start_task=,name=axpy,tick=72,start_time=203941.084357,nthreads=63,
message=tick stats,tick=72,estimated_current_power=62.287500,
end_task=,name=axpy,elapsed_seconds=0.021487,predicted_seconds=0.004394,time_percent_error=79.549361,nthreads=63,end_time=203941.106786,avg_power_W=-nan,max_power_W=0.000000,avg_time_s=0.021487,released_listeners=1,
start_task=,name=axpy,tick=73,start_time=203941.106811,nthreads=63,
message=tick stats,tick=73,estimated_current_power=62.287500,
end_task=,name=axpy,elapsed_seconds=0.019213,predicted_seconds=0.004394,time_percent_error=77.128352,nthreads=63,end_time=203941.134540,avg_power_W=157.000000,max_power_W=157.000000,avg_time_s=0.019213,released_listeners=0,
start_task=,name=axpy,tick=74,start_time=203941.134599,nthreads=63,
message=tick stats,tick=74,estimated_current_power=62.287500,
end_task=,name=axpy,elapsed_seconds=0.021234,predicted_seconds=0.004394,time_percent_error=79.306006,nthreads=63,end_time=203941.156756,avg_power_W=-nan,max_power_W=0.000000,avg_time_s=0.021234,released_listeners=1,
start_task=,name=axpy,tick=75,start_time=203941.156781,nthreads=63,
message=tick stats,tick=75,estimated_current_power=62.287500,
end_task=,name=axpy,elapsed_seconds=0.019192,predicted_seconds=0.004394,time_percent_error=77.104260,nthreads=63,end_time=203941.184962,avg_power_W=157.000000,max_power_W=157.000000,avg_time_s=0.019192,released_listeners=0,
start_task=,name=axpy,tick=76,start_time=203941.185020,nthreads=63,
message=tick stats,tick=76,estimated_current_power=62.287500,
end_task=,name=axpy,elapsed_seconds=0.020822,predicted_seconds=0.004394,time_percent_error=78.896211,nthreads=63,end_time=203941.206437,avg_power_W=-nan,max_power_W=0.000000,avg_time_s=0.020822,released_listeners=1,
start_task=,name=axpy,tick=77,start_time=203941.206462,nthreads=63,
message=tick stats,tick=77,estimated_current_power=62.287500,
end_task=,name=axpy,elapsed_seconds=0.019497,predicted_seconds=0.004394,time_percent_error=77.461907,nthreads=63,end_time=203941.234584,avg_power_W=157.000000,max_power_W=157.000000,avg_time_s=0.019497,released_listeners=0,
start_task=,name=axpy,tick=78,start_time=203941.234642,nthreads=63,
message=tick stats,tick=78,estimated_current_power=62.287500,
end_task=,name=axpy,elapsed_seconds=0.021236,predicted_seconds=0.004394,time_percent_error=79.307945,nthreads=63,end_time=203941.256598,avg_power_W=-nan,max_power_W=0.000000,avg_time_s=0.021236,released_listeners=1,
start_task=,name=axpy,tick=79,start_time=203941.256648,nthreads=63,
message=tick stats,tick=79,estimated_current_power=62.287500,
end_task=,name=axpy,elapsed_seconds=0.018949,predicted_seconds=0.004394,time_percent_error=76.810681,nthreads=63,end_time=203941.284821,avg_power_W=157.000000,max_power_W=157.000000,avg_time_s=0.018949,released_listeners=0,
start_task=,name=axpy,tick=80,start_time=203941.284880,nthreads=63,
message=tick stats,tick=80,estimated_current_power=62.287500,
end_task=,name=axpy,elapsed_seconds=0.004847,predicted_seconds=0.004394,time_percent_error=9.333983,nthreads=63,end_time=203941.290800,avg_power_W=-nan,max_power_W=0.000000,avg_time_s=0.004847,released_listeners=1,
start_task=,name=axpy,tick=81,start_time=203941.290826,nthreads=63,
message=tick stats,tick=81,estimated_current_power=62.287500,
end_task=,name=axpy,elapsed_seconds=0.005368,predicted_seconds=0.004394,time_percent_error=18.144798,nthreads=63,end_time=203941.297145,avg_power_W=-nan,max_power_W=0.000000,avg_time_s=0.005368,released_listeners=0,
start_task=,name=axpy,tick=82,start_time=203941.297170,nthreads=63,
message=tick stats,tick=82,estimated_current_power=62.287500,
end_task=,name=axpy,elapsed_seconds=0.005501,predicted_seconds=0.004394,time_percent_error=20.122656,nthreads=63,end_time=203941.303702,avg_power_W=-nan,max_power_W=0.000000,avg_time_s=0.005501,released_listeners=1,
start_task=,name=axpy,tick=83,start_time=203941.303728,nthreads=63,
message=tick stats,tick=83,estimated_current_power=62.287500,
end_task=,name=axpy,elapsed_seconds=0.005259,predicted_seconds=0.004394,time_percent_error=16.440460,nthreads=63,end_time=203941.309944,avg_power_W=-nan,max_power_W=0.000000,avg_time_s=0.005259,released_listeners=0,
start_task=,name=axpy,tick=84,start_time=203941.309968,nthreads=63,
message=tick stats,tick=84,estimated_current_power=62.287500,
end_task=,name=axpy,elapsed_seconds=0.004890,predicted_seconds=0.004394,time_percent_error=10.138092,nthreads=63,end_time=203941.315901,avg_power_W=-nan,max_power_W=0.000000,avg_time_s=0.004890,released_listeners=1,
start_task=,name=dot,tick=85,start_time=203941.315926,nthreads=63,
message=tick stats,tick=85,estimated_current_power=58.516667,
end_task=,name=dot,elapsed_seconds=0.505520,predicted_seconds=0.000147,time_percent_error=99.970905,nthreads=63,end_time=203941.834393,avg_power_W=158.090909,max_power_W=162.000000,avg_time_s=0.000136,released_listeners=1,
start_task=,name=dot,tick=86,start_time=203941.834474,nthreads=63,
message=tick stats,tick=86,estimated_current_power=58.516667,
end_task=,name=dot,elapsed_seconds=0.521093,predicted_seconds=0.000147,time_percent_error=99.971774,nthreads=63,end_time=203942.356115,avg_power_W=160.900000,max_power_W=162.000000,avg_time_s=0.000141,released_listeners=1,
start_task=,name=dot,tick=87,start_time=203942.356165,nthreads=63,
message=tick stats,tick=87,estimated_current_power=58.516667,
end_task=,name=dot,elapsed_seconds=0.519572,predicted_seconds=0.000147,time_percent_error=99.971691,nthreads=63,end_time=203942.885189,avg_power_W=161.000000,max_power_W=162.000000,avg_time_s=0.000139,released_listeners=1,
start_task=,name=dot,tick=88,start_time=203942.885267,nthreads=63,
message=tick stats,tick=88,estimated_current_power=58.516667,
end_task=,name=dot,elapsed_seconds=0.550192,predicted_seconds=0.000147,time_percent_error=99.973267,nthreads=63,end_time=203943.436698,avg_power_W=160.181818,max_power_W=161.000000,avg_time_s=0.000148,released_listeners=1,
start_task=,name=dot,tick=89,start_time=203943.436744,nthreads=63,
message=tick stats,tick=89,estimated_current_power=58.516667,
end_task=,name=dot,elapsed_seconds=0.524726,predicted_seconds=0.000147,time_percent_error=99.971970,nthreads=63,end_time=203943.962148,avg_power_W=160.500000,max_power_W=162.000000,avg_time_s=0.000145,released_listeners=1,
start_task=,name=dot,tick=90,start_time=203943.962192,nthreads=63,
message=tick stats,tick=90,estimated_current_power=58.516667,
end_task=,name=dot,elapsed_seconds=0.523747,predicted_seconds=0.000147,time_percent_error=99.971917,nthreads=63,end_time=203944.486539,avg_power_W=161.000000,max_power_W=162.000000,avg_time_s=0.000140,released_listeners=1,
start_task=,name=dot,tick=91,start_time=203944.486584,nthreads=63,
message=tick stats,tick=91,estimated_current_power=58.516667,
end_task=,name=dot,elapsed_seconds=0.523777,predicted_seconds=0.000147,time_percent_error=99.971919,nthreads=63,end_time=203945.010989,avg_power_W=160.300000,max_power_W=161.000000,avg_time_s=0.000138,released_listeners=1,
start_task=,name=dot,tick=92,start_time=203945.011032,nthreads=63,
message=tick stats,tick=92,estimated_current_power=58.516667,
end_task=,name=dot,elapsed_seconds=0.522556,predicted_seconds=0.000147,time_percent_error=99.971853,nthreads=63,end_time=203945.534777,avg_power_W=160.363636,max_power_W=161.000000,avg_time_s=0.000138,released_listeners=1,
start_task=,name=sum_contribs,tick=93,start_time=203945.534848,nthreads=63,
message=tick stats,tick=93,estimated_current_power=0.000000,
end_task=,name=sum_contribs,elapsed_seconds=0.522600,predicted_seconds=0.000000,time_percent_error=100.000000,nthreads=63,end_time=203946.058148,avg_power_W=158.400000,max_power_W=161.000000,avg_time_s=0.000110,released_listeners=2,
start_task=,name=comp_beta,tick=94,start_time=203946.058190,nthreads=63,
message=tick stats,tick=94,estimated_current_power=0.000000,
end_task=,name=comp_beta,elapsed_seconds=0.521724,predicted_seconds=0.000000,time_percent_error=100.000000,nthreads=63,end_time=203946.584888,avg_power_W=146.090909,max_power_W=158.000000,avg_time_s=0.000047,released_listeners=8,
start_task=,name=assign,tick=95,start_time=203946.584973,nthreads=63,
message=tick stats,tick=95,estimated_current_power=0.000000,
end_task=,name=assign,elapsed_seconds=0.506761,predicted_seconds=0.000000,time_percent_error=100.000000,nthreads=63,end_time=203947.092739,avg_power_W=122.900000,max_power_W=125.000000,avg_time_s=0.000043,released_listeners=0,
start_task=,name=xapyprofile,tick=96,start_time=203947.092789,nthreads=63,
message=tick stats,tick=96,estimated_current_power=0.000000,
end_task=,name=xapyprofile,elapsed_seconds=0.506517,predicted_seconds=0.000000,time_percent_error=100.000000,nthreads=63,end_time=203947.599882,avg_power_W=160.400000,max_power_W=168.000000,avg_time_s=0.004824,released_listeners=1,
start_task=,name=xapyprofile,tick=97,start_time=203947.599944,nthreads=63,
message=tick stats,tick=97,estimated_current_power=0.000000,
end_task=,name=xapyprofile,elapsed_seconds=0.526109,predicted_seconds=0.000000,time_percent_error=100.000000,nthreads=63,end_time=203948.133905,avg_power_W=167.727273,max_power_W=169.000000,avg_time_s=0.004917,released_listeners=1,
start_task=,name=xapyprofile,tick=98,start_time=203948.133981,nthreads=63,
message=tick stats,tick=98,estimated_current_power=0.000000,
end_task=,name=xapyprofile,elapsed_seconds=0.522353,predicted_seconds=0.000000,time_percent_error=100.000000,nthreads=63,end_time=203948.657231,avg_power_W=167.400000,max_power_W=169.000000,avg_time_s=0.004882,released_listeners=1,
start_task=,name=xapyprofile,tick=99,start_time=203948.657292,nthreads=63,
message=tick stats,tick=99,estimated_current_power=0.000000,
end_task=,name=xapyprofile,elapsed_seconds=0.521129,predicted_seconds=0.000000,time_percent_error=100.000000,nthreads=63,end_time=203949.183946,avg_power_W=167.727273,max_power_W=169.000000,avg_time_s=0.004825,released_listeners=1,
start_task=,name=xapyprofile,tick=100,start_time=203949.184011,nthreads=63,
message=tick stats,tick=100,estimated_current_power=0.000000,
end_task=,name=xapyprofile,elapsed_seconds=0.523654,predicted_seconds=0.000000,time_percent_error=100.000000,nthreads=63,end_time=203949.708303,avg_power_W=168.000000,max_power_W=169.000000,avg_time_s=0.004804,released_listeners=1,
start_task=,name=xapyprofile,tick=101,start_time=203949.708364,nthreads=63,
message=tick stats,tick=101,estimated_current_power=0.000000,
end_task=,name=xapyprofile,elapsed_seconds=0.538083,predicted_seconds=0.000000,time_percent_error=100.000000,nthreads=63,end_time=203950.247449,avg_power_W=168.363636,max_power_W=169.000000,avg_time_s=0.004937,released_listeners=1,
start_task=,name=xapyprofile,tick=102,start_time=203950.247510,nthreads=63,
message=tick stats,tick=102,estimated_current_power=0.000000,
end_task=,name=xapyprofile,elapsed_seconds=0.520315,predicted_seconds=0.000000,time_percent_error=100.000000,nthreads=63,end_time=203950.768469,avg_power_W=168.100000,max_power_W=169.000000,avg_time_s=0.004774,released_listeners=1,
start_task=,name=xapyprofile,tick=103,start_time=203950.768530,nthreads=63,
message=tick stats,tick=103,estimated_current_power=0.000000,
end_task=,name=xapyprofile,elapsed_seconds=0.528157,predicted_seconds=0.000000,time_percent_error=100.000000,nthreads=63,end_time=203951.297675,avg_power_W=168.636364,max_power_W=169.000000,avg_time_s=0.004845,released_listeners=1,
start_task=,name=xapy,tick=104,start_time=203951.297744,nthreads=63,
message=tick stats,tick=104,estimated_current_power=65.850000,
end_task=,name=xapy,elapsed_seconds=0.023247,predicted_seconds=0.004565,time_percent_error=80.361390,nthreads=63,end_time=203951.333946,avg_power_W=169.000000,max_power_W=169.000000,avg_time_s=0.023247,released_listeners=0,
start_task=,name=xapy,tick=105,start_time=203951.334010,nthreads=63,
message=tick stats,tick=105,estimated_current_power=65.850000,
end_task=,name=xapy,elapsed_seconds=0.026074,predicted_seconds=0.004565,time_percent_error=82.490978,nthreads=63,end_time=203951.360731,avg_power_W=-nan,max_power_W=0.000000,avg_time_s=0.026074,released_listeners=0,
start_task=,name=xapy,tick=106,start_time=203951.360782,nthreads=63,
message=tick stats,tick=106,estimated_current_power=65.850000,
end_task=,name=xapy,elapsed_seconds=0.018851,predicted_seconds=0.004565,time_percent_error=75.781669,nthreads=63,end_time=203951.384690,avg_power_W=161.000000,max_power_W=161.000000,avg_time_s=0.018851,released_listeners=0,
start_task=,name=xapy,tick=107,start_time=203951.384754,nthreads=63,
message=tick stats,tick=107,estimated_current_power=65.850000,
end_task=,name=xapy,elapsed_seconds=0.023744,predicted_seconds=0.004565,time_percent_error=80.772509,nthreads=63,end_time=203951.409078,avg_power_W=-nan,max_power_W=0.000000,avg_time_s=0.023744,released_listeners=0,
start_task=,name=xapy,tick=108,start_time=203951.409127,nthreads=63,
message=tick stats,tick=108,estimated_current_power=65.850000,
end_task=,name=xapy,elapsed_seconds=0.021787,predicted_seconds=0.004565,time_percent_error=79.045617,nthreads=63,end_time=203951.434067,avg_power_W=157.000000,max_power_W=157.000000,avg_time_s=0.021787,released_listeners=0,
start_task=,name=xapy,tick=109,start_time=203951.434131,nthreads=63,
message=tick stats,tick=109,estimated_current_power=65.850000,
end_task=,name=xapy,elapsed_seconds=0.025110,predicted_seconds=0.004565,time_percent_error=81.818809,nthreads=63,end_time=203951.459857,avg_power_W=-nan,max_power_W=0.000000,avg_time_s=0.025110,released_listeners=0,
start_task=,name=xapy,tick=110,start_time=203951.459911,nthreads=63,
message=tick stats,tick=110,estimated_current_power=65.850000,
end_task=,name=xapy,elapsed_seconds=0.021096,predicted_seconds=0.004565,time_percent_error=78.358923,nthreads=63,end_time=203951.484888,avg_power_W=157.000000,max_power_W=157.000000,avg_time_s=0.021096,released_listeners=0,
start_task=,name=xapy,tick=111,start_time=203951.484922,nthreads=63,
message=tick stats,tick=111,estimated_current_power=65.850000,
end_task=,name=xapy,elapsed_seconds=0.023618,predicted_seconds=0.004565,time_percent_error=80.670044,nthreads=63,end_time=203951.509085,avg_power_W=-nan,max_power_W=0.000000,avg_time_s=0.023618,released_listeners=0,
est_max_power=68.475000,
average_power_W=-nan,
max_power_W=0.000000,
time_s=46.339969,
message=ALL DONE,
