message=cataloging configuration,max_threads=50,power_limit=inf,
start_task=,name=start,tick=1,start_time=138601.115980,nthreads=50,
message=tick stats,tick=1,estimated_current_power=0.000000,
end_task=,name=start,elapsed_seconds=0.514081,predicted_seconds=0.000000,time_percent_error=100.000000,nthreads=50,end_time=138601.632669,avg_power_W=100.200000,max_power_W=104.000000,avg_time_s=0.000000,released_listeners=8,
start_task=,name=spmv,tick=2,start_time=138601.632735,nthreads=50,
message=tick stats,tick=2,estimated_current_power=59.600000,
end_task=,name=spmv,elapsed_seconds=0.520806,predicted_seconds=0.007804,time_percent_error=98.501492,nthreads=50,end_time=138602.154265,avg_power_W=113.900000,max_power_W=131.000000,avg_time_s=0.020031,released_listeners=1,
start_task=,name=spmv,tick=3,start_time=138602.154319,nthreads=50,
message=tick stats,tick=3,estimated_current_power=59.600000,
end_task=,name=spmv,elapsed_seconds=0.510164,predicted_seconds=0.007804,time_percent_error=98.470235,nthreads=50,end_time=138602.665460,avg_power_W=131.500000,max_power_W=134.000000,avg_time_s=0.011864,released_listeners=1,
start_task=,name=spmv,tick=4,start_time=138602.665515,nthreads=50,
message=tick stats,tick=4,estimated_current_power=59.600000,
end_task=,name=spmv,elapsed_seconds=0.510292,predicted_seconds=0.007804,time_percent_error=98.470618,nthreads=50,end_time=138603.181293,avg_power_W=132.181818,max_power_W=133.000000,avg_time_s=0.012150,released_listeners=1,
start_task=,name=spmv,tick=5,start_time=138603.181347,nthreads=50,
message=tick stats,tick=5,estimated_current_power=59.600000,
end_task=,name=spmv,elapsed_seconds=0.512855,predicted_seconds=0.007804,time_percent_error=98.478261,nthreads=50,end_time=138603.695049,avg_power_W=133.000000,max_power_W=134.000000,avg_time_s=0.011397,released_listeners=1,
start_task=,name=spmv,tick=6,start_time=138603.695140,nthreads=50,
message=tick stats,tick=6,estimated_current_power=59.600000,
end_task=,name=spmv,elapsed_seconds=0.515957,predicted_seconds=0.007804,time_percent_error=98.487410,nthreads=50,end_time=138604.211893,avg_power_W=132.300000,max_power_W=134.000000,avg_time_s=0.012285,released_listeners=1,
start_task=,name=spmv,tick=7,start_time=138604.211948,nthreads=50,
message=tick stats,tick=7,estimated_current_power=59.600000,
end_task=,name=spmv,elapsed_seconds=0.508588,predicted_seconds=0.007804,time_percent_error=98.465493,nthreads=50,end_time=138604.730862,avg_power_W=133.363636,max_power_W=134.000000,avg_time_s=0.012405,released_listeners=1,
start_task=,name=spmv,tick=8,start_time=138604.730920,nthreads=50,
message=tick stats,tick=8,estimated_current_power=59.600000,
end_task=,name=spmv,elapsed_seconds=0.510017,predicted_seconds=0.007804,time_percent_error=98.469792,nthreads=50,end_time=138605.241616,avg_power_W=132.300000,max_power_W=135.000000,avg_time_s=0.012439,released_listeners=1,
start_task=,name=spmv,tick=9,start_time=138605.241671,nthreads=50,
message=tick stats,tick=9,estimated_current_power=59.600000,
end_task=,name=spmv,elapsed_seconds=0.506543,predicted_seconds=0.007804,time_percent_error=98.459300,nthreads=50,end_time=138605.749072,avg_power_W=133.600000,max_power_W=134.000000,avg_time_s=0.012355,released_listeners=1,
start_task=,name=subtract,tick=10,start_time=138605.749131,nthreads=50,
message=tick stats,tick=10,estimated_current_power=46.100000,
end_task=,name=subtract,elapsed_seconds=0.505893,predicted_seconds=0.000217,time_percent_error=99.957031,nthreads=50,end_time=138606.255836,avg_power_W=129.200000,max_power_W=134.000000,avg_time_s=0.000359,released_listeners=2,
start_task=,name=subtract,tick=11,start_time=138606.255870,nthreads=50,
message=tick stats,tick=11,estimated_current_power=46.100000,
end_task=,name=subtract,elapsed_seconds=0.505554,predicted_seconds=0.000217,time_percent_error=99.957003,nthreads=50,end_time=138606.762076,avg_power_W=129.000000,max_power_W=129.000000,avg_time_s=0.000323,released_listeners=2,
start_task=,name=subtract,tick=12,start_time=138606.762109,nthreads=50,
message=tick stats,tick=12,estimated_current_power=46.100000,
end_task=,name=subtract,elapsed_seconds=0.507631,predicted_seconds=0.000217,time_percent_error=99.957179,nthreads=50,end_time=138607.281006,avg_power_W=129.000000,max_power_W=129.000000,avg_time_s=0.000318,released_listeners=2,
start_task=,name=subtract,tick=13,start_time=138607.281080,nthreads=50,
message=tick stats,tick=13,estimated_current_power=46.100000,
end_task=,name=subtract,elapsed_seconds=0.505524,predicted_seconds=0.000217,time_percent_error=99.957000,nthreads=50,end_time=138607.787479,avg_power_W=128.900000,max_power_W=129.000000,avg_time_s=0.000334,released_listeners=2,
start_task=,name=subtract,tick=14,start_time=138607.787509,nthreads=50,
message=tick stats,tick=14,estimated_current_power=46.100000,
end_task=,name=subtract,elapsed_seconds=0.505001,predicted_seconds=0.000217,time_percent_error=99.956956,nthreads=50,end_time=138608.293555,avg_power_W=129.000000,max_power_W=130.000000,avg_time_s=0.000331,released_listeners=2,
start_task=,name=subtract,tick=15,start_time=138608.293609,nthreads=50,
message=tick stats,tick=15,estimated_current_power=46.100000,
end_task=,name=subtract,elapsed_seconds=0.505761,predicted_seconds=0.000217,time_percent_error=99.957020,nthreads=50,end_time=138608.800187,avg_power_W=129.000000,max_power_W=129.000000,avg_time_s=0.000321,released_listeners=2,
start_task=,name=subtract,tick=16,start_time=138608.800218,nthreads=50,
message=tick stats,tick=16,estimated_current_power=46.100000,
end_task=,name=subtract,elapsed_seconds=0.506859,predicted_seconds=0.000217,time_percent_error=99.957113,nthreads=50,end_time=138609.307995,avg_power_W=129.000000,max_power_W=129.000000,avg_time_s=0.000333,released_listeners=2,
start_task=,name=subtract,tick=17,start_time=138609.308023,nthreads=50,
message=tick stats,tick=17,estimated_current_power=46.100000,
end_task=,name=subtract,elapsed_seconds=0.506593,predicted_seconds=0.000217,time_percent_error=99.957091,nthreads=50,end_time=138609.815446,avg_power_W=129.100000,max_power_W=130.000000,avg_time_s=0.000325,released_listeners=2,
start_task=,name=copy,tick=18,start_time=138609.815502,nthreads=50,
message=tick stats,tick=18,estimated_current_power=50.725000,
end_task=,name=copy,elapsed_seconds=0.506244,predicted_seconds=0.000143,time_percent_error=99.971802,nthreads=50,end_time=138610.331168,avg_power_W=129.000000,max_power_W=129.000000,avg_time_s=0.000190,released_listeners=1,
start_task=,name=dot,tick=19,start_time=138610.331227,nthreads=50,
message=tick stats,tick=19,estimated_current_power=51.308333,
end_task=,name=dot,elapsed_seconds=0.505480,predicted_seconds=0.000130,time_percent_error=99.974315,nthreads=50,end_time=138610.837915,avg_power_W=129.000000,max_power_W=129.000000,avg_time_s=0.000167,released_listeners=1,
start_task=,name=copy,tick=20,start_time=138610.837955,nthreads=50,
message=tick stats,tick=20,estimated_current_power=50.725000,
end_task=,name=copy,elapsed_seconds=0.506110,predicted_seconds=0.000143,time_percent_error=99.971795,nthreads=50,end_time=138611.344938,avg_power_W=129.200000,max_power_W=130.000000,avg_time_s=0.000195,released_listeners=1,
start_task=,name=dot,tick=21,start_time=138611.344967,nthreads=50,
message=tick stats,tick=21,estimated_current_power=51.308333,
end_task=,name=dot,elapsed_seconds=0.506277,predicted_seconds=0.000130,time_percent_error=99.974355,nthreads=50,end_time=138611.852024,avg_power_W=129.000000,max_power_W=129.000000,avg_time_s=0.000170,released_listeners=1,
start_task=,name=copy,tick=22,start_time=138611.852060,nthreads=50,
message=tick stats,tick=22,estimated_current_power=50.725000,
end_task=,name=copy,elapsed_seconds=0.505634,predicted_seconds=0.000143,time_percent_error=99.971768,nthreads=50,end_time=138612.358519,avg_power_W=129.100000,max_power_W=130.000000,avg_time_s=0.000203,released_listeners=1,
start_task=,name=dot,tick=23,start_time=138612.358552,nthreads=50,
message=tick stats,tick=23,estimated_current_power=51.308333,
end_task=,name=dot,elapsed_seconds=0.505518,predicted_seconds=0.000130,time_percent_error=99.974317,nthreads=50,end_time=138612.865607,avg_power_W=129.000000,max_power_W=129.000000,avg_time_s=0.000164,released_listeners=1,
start_task=,name=copy,tick=24,start_time=138612.865650,nthreads=50,
message=tick stats,tick=24,estimated_current_power=50.725000,
end_task=,name=copy,elapsed_seconds=0.506699,predicted_seconds=0.000143,time_percent_error=99.971827,nthreads=50,end_time=138613.381101,avg_power_W=129.181818,max_power_W=130.000000,avg_time_s=0.000205,released_listeners=1,
start_task=,name=dot,tick=25,start_time=138613.381168,nthreads=50,
message=tick stats,tick=25,estimated_current_power=51.308333,
end_task=,name=dot,elapsed_seconds=0.505398,predicted_seconds=0.000130,time_percent_error=99.974311,nthreads=50,end_time=138613.887463,avg_power_W=129.100000,max_power_W=130.000000,avg_time_s=0.000171,released_listeners=1,
start_task=,name=copy,tick=26,start_time=138613.887503,nthreads=50,
message=tick stats,tick=26,estimated_current_power=50.725000,
end_task=,name=copy,elapsed_seconds=0.506543,predicted_seconds=0.000143,time_percent_error=99.971819,nthreads=50,end_time=138614.395023,avg_power_W=129.300000,max_power_W=130.000000,avg_time_s=0.000200,released_listeners=1,
start_task=,name=dot,tick=27,start_time=138614.395085,nthreads=50,
message=tick stats,tick=27,estimated_current_power=51.308333,
end_task=,name=dot,elapsed_seconds=0.505795,predicted_seconds=0.000130,time_percent_error=99.974331,nthreads=50,end_time=138614.902207,avg_power_W=129.200000,max_power_W=130.000000,avg_time_s=0.000178,released_listeners=1,
start_task=,name=copy,tick=28,start_time=138614.902245,nthreads=50,
message=tick stats,tick=28,estimated_current_power=50.725000,
end_task=,name=copy,elapsed_seconds=0.507477,predicted_seconds=0.000143,time_percent_error=99.971871,nthreads=50,end_time=138615.410465,avg_power_W=129.300000,max_power_W=130.000000,avg_time_s=0.000203,released_listeners=1,
start_task=,name=dot,tick=29,start_time=138615.410499,nthreads=50,
message=tick stats,tick=29,estimated_current_power=51.308333,
end_task=,name=dot,elapsed_seconds=0.506025,predicted_seconds=0.000130,time_percent_error=99.974343,nthreads=50,end_time=138615.930516,avg_power_W=129.545455,max_power_W=132.000000,avg_time_s=0.000168,released_listeners=1,
start_task=,name=copy,tick=30,start_time=138615.930584,nthreads=50,
message=tick stats,tick=30,estimated_current_power=50.725000,
end_task=,name=copy,elapsed_seconds=0.506681,predicted_seconds=0.000143,time_percent_error=99.971826,nthreads=50,end_time=138616.438216,avg_power_W=129.300000,max_power_W=130.000000,avg_time_s=0.000204,released_listeners=1,
start_task=,name=dot,tick=31,start_time=138616.438248,nthreads=50,
message=tick stats,tick=31,estimated_current_power=51.308333,
end_task=,name=dot,elapsed_seconds=0.505528,predicted_seconds=0.000130,time_percent_error=99.974317,nthreads=50,end_time=138616.944779,avg_power_W=129.200000,max_power_W=130.000000,avg_time_s=0.000170,released_listeners=1,
start_task=,name=copy,tick=32,start_time=138616.944818,nthreads=50,
message=tick stats,tick=32,estimated_current_power=50.725000,
end_task=,name=copy,elapsed_seconds=0.506071,predicted_seconds=0.000143,time_percent_error=99.971793,nthreads=50,end_time=138617.451816,avg_power_W=129.300000,max_power_W=130.000000,avg_time_s=0.000202,released_listeners=1,
start_task=,name=dot,tick=33,start_time=138617.451853,nthreads=50,
message=tick stats,tick=33,estimated_current_power=51.308333,
end_task=,name=dot,elapsed_seconds=0.505287,predicted_seconds=0.000130,time_percent_error=99.974305,nthreads=50,end_time=138617.958042,avg_power_W=129.000000,max_power_W=129.000000,avg_time_s=0.000175,released_listeners=1,
start_task=,name=spmv,tick=34,start_time=138617.958108,nthreads=50,
message=tick stats,tick=34,estimated_current_power=59.600000,
end_task=,name=spmv,elapsed_seconds=0.516485,predicted_seconds=0.007804,time_percent_error=98.488955,nthreads=50,end_time=138618.481303,avg_power_W=134.454545,max_power_W=137.000000,avg_time_s=0.011738,released_listeners=1,
start_task=,name=spmv,tick=35,start_time=138618.481362,nthreads=50,
message=tick stats,tick=35,estimated_current_power=59.600000,
end_task=,name=spmv,elapsed_seconds=0.513265,predicted_seconds=0.007804,time_percent_error=98.479476,nthreads=50,end_time=138618.995400,avg_power_W=136.600000,max_power_W=138.000000,avg_time_s=0.011665,released_listeners=1,
start_task=,name=spmv,tick=36,start_time=138618.995466,nthreads=50,
message=tick stats,tick=36,estimated_current_power=59.600000,
end_task=,name=spmv,elapsed_seconds=0.505869,predicted_seconds=0.007804,time_percent_error=98.457245,nthreads=50,end_time=138619.502161,avg_power_W=136.500000,max_power_W=138.000000,avg_time_s=0.011764,released_listeners=1,
start_task=,name=spmv,tick=37,start_time=138619.502217,nthreads=50,
message=tick stats,tick=37,estimated_current_power=59.600000,
end_task=,name=spmv,elapsed_seconds=0.516684,predicted_seconds=0.007804,time_percent_error=98.489539,nthreads=50,end_time=138620.030978,avg_power_W=137.545455,max_power_W=138.000000,avg_time_s=0.011482,released_listeners=1,
start_task=,name=spmv,tick=38,start_time=138620.031038,nthreads=50,
message=tick stats,tick=38,estimated_current_power=59.600000,
end_task=,name=spmv,elapsed_seconds=0.517111,predicted_seconds=0.007804,time_percent_error=98.490787,nthreads=50,end_time=138620.548966,avg_power_W=137.300000,max_power_W=138.000000,avg_time_s=0.012026,released_listeners=1,
start_task=,name=spmv,tick=39,start_time=138620.549023,nthreads=50,
message=tick stats,tick=39,estimated_current_power=59.600000,
end_task=,name=spmv,elapsed_seconds=0.516875,predicted_seconds=0.007804,time_percent_error=98.490097,nthreads=50,end_time=138621.081164,avg_power_W=137.181818,max_power_W=138.000000,avg_time_s=0.011747,released_listeners=1,
start_task=,name=spmv,tick=40,start_time=138621.081234,nthreads=50,
message=tick stats,tick=40,estimated_current_power=59.600000,
end_task=,name=spmv,elapsed_seconds=0.506092,predicted_seconds=0.007804,time_percent_error=98.457926,nthreads=50,end_time=138621.588153,avg_power_W=137.200000,max_power_W=138.000000,avg_time_s=0.011770,released_listeners=1,
start_task=,name=spmv,tick=41,start_time=138621.588210,nthreads=50,
message=tick stats,tick=41,estimated_current_power=59.600000,
end_task=,name=spmv,elapsed_seconds=0.512144,predicted_seconds=0.007804,time_percent_error=98.476149,nthreads=50,end_time=138622.101747,avg_power_W=137.500000,max_power_W=138.000000,avg_time_s=0.011640,released_listeners=1,
start_task=,name=sum_contribs,tick=42,start_time=138622.101802,nthreads=50,
message=tick stats,tick=42,estimated_current_power=0.000000,
end_task=,name=sum_contribs,elapsed_seconds=0.506217,predicted_seconds=0.000000,time_percent_error=100.000000,nthreads=50,end_time=138622.608720,avg_power_W=130.800000,max_power_W=138.000000,avg_time_s=0.000144,released_listeners=1,
start_task=,name=dot,tick=43,start_time=138622.608764,nthreads=50,
message=tick stats,tick=43,estimated_current_power=51.308333,
end_task=,name=dot,elapsed_seconds=0.506239,predicted_seconds=0.000130,time_percent_error=99.974353,nthreads=50,end_time=138623.130460,avg_power_W=131.181818,max_power_W=132.000000,avg_time_s=0.000200,released_listeners=1,
start_task=,name=dot,tick=44,start_time=138623.130527,nthreads=50,
message=tick stats,tick=44,estimated_current_power=51.308333,
end_task=,name=dot,elapsed_seconds=0.506702,predicted_seconds=0.000130,time_percent_error=99.974377,nthreads=50,end_time=138623.638134,avg_power_W=132.200000,max_power_W=134.000000,avg_time_s=0.000186,released_listeners=1,
start_task=,name=dot,tick=45,start_time=138623.638199,nthreads=50,
message=tick stats,tick=45,estimated_current_power=51.308333,
end_task=,name=dot,elapsed_seconds=0.506586,predicted_seconds=0.000130,time_percent_error=99.974371,nthreads=50,end_time=138624.145883,avg_power_W=132.700000,max_power_W=133.000000,avg_time_s=0.000204,released_listeners=1,
start_task=,name=dot,tick=46,start_time=138624.145918,nthreads=50,
message=tick stats,tick=46,estimated_current_power=51.308333,
end_task=,name=dot,elapsed_seconds=0.507853,predicted_seconds=0.000130,time_percent_error=99.974435,nthreads=50,end_time=138624.654581,avg_power_W=133.000000,max_power_W=133.000000,avg_time_s=0.000190,released_listeners=1,
start_task=,name=dot,tick=47,start_time=138624.654654,nthreads=50,
message=tick stats,tick=47,estimated_current_power=51.308333,
end_task=,name=dot,elapsed_seconds=0.506513,predicted_seconds=0.000130,time_percent_error=99.974367,nthreads=50,end_time=138625.162027,avg_power_W=133.000000,max_power_W=133.000000,avg_time_s=0.000202,released_listeners=1,
start_task=,name=dot,tick=48,start_time=138625.162062,nthreads=50,
message=tick stats,tick=48,estimated_current_power=51.308333,
end_task=,name=dot,elapsed_seconds=0.506828,predicted_seconds=0.000130,time_percent_error=99.974383,nthreads=50,end_time=138625.680543,avg_power_W=133.000000,max_power_W=133.000000,avg_time_s=0.000197,released_listeners=1,
start_task=,name=dot,tick=49,start_time=138625.680609,nthreads=50,
message=tick stats,tick=49,estimated_current_power=51.308333,
end_task=,name=dot,elapsed_seconds=0.507705,predicted_seconds=0.000130,time_percent_error=99.974427,nthreads=50,end_time=138626.189506,avg_power_W=133.000000,max_power_W=133.000000,avg_time_s=0.000190,released_listeners=1,
start_task=,name=dot,tick=50,start_time=138626.189569,nthreads=50,
message=tick stats,tick=50,estimated_current_power=51.308333,
end_task=,name=dot,elapsed_seconds=0.506220,predicted_seconds=0.000130,time_percent_error=99.974352,nthreads=50,end_time=138626.696787,avg_power_W=132.800000,max_power_W=133.000000,avg_time_s=0.000196,released_listeners=1,
start_task=,name=sum_contribs,tick=51,start_time=138626.696822,nthreads=50,
message=tick stats,tick=51,estimated_current_power=0.000000,
end_task=,name=sum_contribs,elapsed_seconds=0.506251,predicted_seconds=0.000000,time_percent_error=100.000000,nthreads=50,end_time=138627.203785,avg_power_W=131.800000,max_power_W=134.000000,avg_time_s=0.000142,released_listeners=1,
start_task=,name=comp_alpha,tick=52,start_time=138627.203827,nthreads=50,
message=tick stats,tick=52,estimated_current_power=0.000000,
end_task=,name=comp_alpha,elapsed_seconds=0.505988,predicted_seconds=0.000000,time_percent_error=100.000000,nthreads=50,end_time=138627.711208,avg_power_W=130.400000,max_power_W=133.000000,avg_time_s=0.000059,released_listeners=16,
start_task=,name=axpyprofile,tick=53,start_time=138627.711263,nthreads=50,
message=tick stats,tick=53,estimated_current_power=0.000000,
end_task=,name=axpyprofile,elapsed_seconds=0.507340,predicted_seconds=0.000000,time_percent_error=100.000000,nthreads=50,end_time=138628.231060,avg_power_W=134.727273,max_power_W=139.000000,avg_time_s=0.006187,released_listeners=1,
start_task=,name=axpyprofile,tick=54,start_time=138628.231119,nthreads=50,
message=tick stats,tick=54,estimated_current_power=0.000000,
end_task=,name=axpyprofile,elapsed_seconds=0.510055,predicted_seconds=0.000000,time_percent_error=100.000000,nthreads=50,end_time=138628.741976,avg_power_W=137.400000,max_power_W=138.000000,avg_time_s=0.006145,released_listeners=1,
start_task=,name=axpyprofile,tick=55,start_time=138628.742005,nthreads=50,
message=tick stats,tick=55,estimated_current_power=0.000000,
end_task=,name=axpyprofile,elapsed_seconds=0.507919,predicted_seconds=0.000000,time_percent_error=100.000000,nthreads=50,end_time=138629.250786,avg_power_W=139.400000,max_power_W=141.000000,avg_time_s=0.006120,released_listeners=1,
start_task=,name=axpyprofile,tick=56,start_time=138629.250841,nthreads=50,
message=tick stats,tick=56,estimated_current_power=0.000000,
end_task=,name=axpyprofile,elapsed_seconds=0.506296,predicted_seconds=0.000000,time_percent_error=100.000000,nthreads=50,end_time=138629.757921,avg_power_W=139.600000,max_power_W=140.000000,avg_time_s=0.006100,released_listeners=1,
start_task=,name=axpyprofile,tick=57,start_time=138629.757977,nthreads=50,
message=tick stats,tick=57,estimated_current_power=0.000000,
end_task=,name=axpyprofile,elapsed_seconds=0.507380,predicted_seconds=0.000000,time_percent_error=100.000000,nthreads=50,end_time=138630.280829,avg_power_W=139.818182,max_power_W=140.000000,avg_time_s=0.006040,released_listeners=1,
start_task=,name=axpyprofile,tick=58,start_time=138630.280889,nthreads=50,
message=tick stats,tick=58,estimated_current_power=0.000000,
end_task=,name=axpyprofile,elapsed_seconds=0.509707,predicted_seconds=0.000000,time_percent_error=100.000000,nthreads=50,end_time=138630.791378,avg_power_W=139.400000,max_power_W=141.000000,avg_time_s=0.006068,released_listeners=1,
start_task=,name=axpyprofile,tick=59,start_time=138630.791432,nthreads=50,
message=tick stats,tick=59,estimated_current_power=0.000000,
end_task=,name=axpyprofile,elapsed_seconds=0.509177,predicted_seconds=0.000000,time_percent_error=100.000000,nthreads=50,end_time=138631.301485,avg_power_W=140.000000,max_power_W=140.000000,avg_time_s=0.006062,released_listeners=1,
start_task=,name=axpyprofile,tick=60,start_time=138631.301513,nthreads=50,
message=tick stats,tick=60,estimated_current_power=0.000000,
end_task=,name=axpyprofile,elapsed_seconds=0.509132,predicted_seconds=0.000000,time_percent_error=100.000000,nthreads=50,end_time=138631.811443,avg_power_W=139.800000,max_power_W=140.000000,avg_time_s=0.006061,released_listeners=1,
start_task=,name=axpyprofile,tick=61,start_time=138631.811498,nthreads=50,
message=tick stats,tick=61,estimated_current_power=0.000000,
end_task=,name=axpyprofile,elapsed_seconds=0.508053,predicted_seconds=0.000000,time_percent_error=100.000000,nthreads=50,end_time=138632.331631,avg_power_W=140.272727,max_power_W=142.000000,avg_time_s=0.006048,released_listeners=1,
start_task=,name=axpyprofile,tick=62,start_time=138632.331692,nthreads=50,
message=tick stats,tick=62,estimated_current_power=0.000000,
end_task=,name=axpyprofile,elapsed_seconds=0.510629,predicted_seconds=0.000000,time_percent_error=100.000000,nthreads=50,end_time=138632.843105,avg_power_W=140.400000,max_power_W=142.000000,avg_time_s=0.006079,released_listeners=1,
start_task=,name=axpyprofile,tick=63,start_time=138632.843172,nthreads=50,
message=tick stats,tick=63,estimated_current_power=0.000000,
end_task=,name=axpyprofile,elapsed_seconds=0.509646,predicted_seconds=0.000000,time_percent_error=100.000000,nthreads=50,end_time=138633.353941,avg_power_W=141.500000,max_power_W=142.000000,avg_time_s=0.006067,released_listeners=1,
start_task=,name=axpyprofile,tick=64,start_time=138633.353997,nthreads=50,
message=tick stats,tick=64,estimated_current_power=0.000000,
end_task=,name=axpyprofile,elapsed_seconds=0.512307,predicted_seconds=0.000000,time_percent_error=100.000000,nthreads=50,end_time=138633.880914,avg_power_W=141.636364,max_power_W=143.000000,avg_time_s=0.006099,released_listeners=1,
start_task=,name=axpyprofile,tick=65,start_time=138633.880974,nthreads=50,
message=tick stats,tick=65,estimated_current_power=0.000000,
end_task=,name=axpyprofile,elapsed_seconds=0.510199,predicted_seconds=0.000000,time_percent_error=100.000000,nthreads=50,end_time=138634.392616,avg_power_W=141.800000,max_power_W=143.000000,avg_time_s=0.006074,released_listeners=1,
start_task=,name=axpyprofile,tick=66,start_time=138634.392672,nthreads=50,
message=tick stats,tick=66,estimated_current_power=0.000000,
end_task=,name=axpyprofile,elapsed_seconds=0.509704,predicted_seconds=0.000000,time_percent_error=100.000000,nthreads=50,end_time=138634.903295,avg_power_W=141.600000,max_power_W=143.000000,avg_time_s=0.006068,released_listeners=1,
start_task=,name=axpyprofile,tick=67,start_time=138634.903352,nthreads=50,
message=tick stats,tick=67,estimated_current_power=0.000000,
end_task=,name=axpyprofile,elapsed_seconds=0.510157,predicted_seconds=0.000000,time_percent_error=100.000000,nthreads=50,end_time=138635.414417,avg_power_W=142.100000,max_power_W=143.000000,avg_time_s=0.006073,released_listeners=1,
start_task=,name=axpyprofile,tick=68,start_time=138635.414474,nthreads=50,
message=tick stats,tick=68,estimated_current_power=0.000000,
end_task=,name=axpyprofile,elapsed_seconds=0.511798,predicted_seconds=0.000000,time_percent_error=100.000000,nthreads=50,end_time=138635.931054,avg_power_W=142.090909,max_power_W=143.000000,avg_time_s=0.006093,released_listeners=1,
start_task=,name=axpy,tick=69,start_time=138635.931117,nthreads=50,
message=tick stats,tick=69,estimated_current_power=54.100000,
end_task=,name=axpy,elapsed_seconds=0.005340,predicted_seconds=0.003954,time_percent_error=25.952246,nthreads=50,end_time=138635.937630,avg_power_W=-nan,max_power_W=0.000000,avg_time_s=0.005340,released_listeners=0,
start_task=,name=axpy,tick=70,start_time=138635.937654,nthreads=50,
message=tick stats,tick=70,estimated_current_power=54.100000,
end_task=,name=axpy,elapsed_seconds=0.005197,predicted_seconds=0.003954,time_percent_error=23.913596,nthreads=50,end_time=138635.943993,avg_power_W=-nan,max_power_W=0.000000,avg_time_s=0.005197,released_listeners=0,
start_task=,name=axpy,tick=71,start_time=138635.944013,nthreads=50,
message=tick stats,tick=71,estimated_current_power=54.100000,
end_task=,name=axpy,elapsed_seconds=0.005755,predicted_seconds=0.003954,time_percent_error=31.286123,nthreads=50,end_time=138635.950932,avg_power_W=-nan,max_power_W=0.000000,avg_time_s=0.005755,released_listeners=1,
start_task=,name=axpy,tick=72,start_time=138635.950975,nthreads=50,
message=tick stats,tick=72,estimated_current_power=54.100000,
end_task=,name=axpy,elapsed_seconds=0.004856,predicted_seconds=0.003954,time_percent_error=18.569039,nthreads=50,end_time=138635.956933,avg_power_W=-nan,max_power_W=0.000000,avg_time_s=0.004856,released_listeners=1,
start_task=,name=axpy,tick=73,start_time=138635.956953,nthreads=50,
message=tick stats,tick=73,estimated_current_power=54.100000,
end_task=,name=axpy,elapsed_seconds=0.005534,predicted_seconds=0.003954,time_percent_error=28.549862,nthreads=50,end_time=138635.963679,avg_power_W=-nan,max_power_W=0.000000,avg_time_s=0.005534,released_listeners=0,
start_task=,name=axpy,tick=74,start_time=138635.963722,nthreads=50,
message=tick stats,tick=74,estimated_current_power=54.100000,
end_task=,name=axpy,elapsed_seconds=0.005605,predicted_seconds=0.003954,time_percent_error=29.452100,nthreads=50,end_time=138635.981741,avg_power_W=143.000000,max_power_W=143.000000,avg_time_s=0.005605,released_listeners=1,
start_task=,name=axpy,tick=75,start_time=138635.981801,nthreads=50,
message=tick stats,tick=75,estimated_current_power=54.100000,
end_task=,name=axpy,elapsed_seconds=0.005346,predicted_seconds=0.003954,time_percent_error=26.039335,nthreads=50,end_time=138635.988485,avg_power_W=-nan,max_power_W=0.000000,avg_time_s=0.005346,released_listeners=0,
start_task=,name=axpy,tick=76,start_time=138635.988523,nthreads=50,
message=tick stats,tick=76,estimated_current_power=54.100000,
end_task=,name=axpy,elapsed_seconds=0.005782,predicted_seconds=0.003954,time_percent_error=31.615919,nthreads=50,end_time=138635.995467,avg_power_W=-nan,max_power_W=0.000000,avg_time_s=0.005782,released_listeners=1,
start_task=,name=axpy,tick=77,start_time=138635.995507,nthreads=50,
message=tick stats,tick=77,estimated_current_power=54.100000,
end_task=,name=axpy,elapsed_seconds=0.005190,predicted_seconds=0.003954,time_percent_error=23.806718,nthreads=50,end_time=138636.001857,avg_power_W=-nan,max_power_W=0.000000,avg_time_s=0.005190,released_listeners=0,
start_task=,name=axpy,tick=78,start_time=138636.001876,nthreads=50,
message=tick stats,tick=78,estimated_current_power=54.100000,
end_task=,name=axpy,elapsed_seconds=0.005247,predicted_seconds=0.003954,time_percent_error=24.641982,nthreads=50,end_time=138636.008843,avg_power_W=-nan,max_power_W=0.000000,avg_time_s=0.005247,released_listeners=1,
start_task=,name=axpy,tick=79,start_time=138636.008882,nthreads=50,
message=tick stats,tick=79,estimated_current_power=54.100000,
end_task=,name=axpy,elapsed_seconds=0.004847,predicted_seconds=0.003954,time_percent_error=18.417094,nthreads=50,end_time=138636.014850,avg_power_W=-nan,max_power_W=0.000000,avg_time_s=0.004847,released_listeners=0,
start_task=,name=axpy,tick=80,start_time=138636.014870,nthreads=50,
message=tick stats,tick=80,estimated_current_power=54.100000,
end_task=,name=axpy,elapsed_seconds=0.004891,predicted_seconds=0.003954,time_percent_error=19.155665,nthreads=50,end_time=138636.031567,avg_power_W=140.000000,max_power_W=140.000000,avg_time_s=0.004891,released_listeners=1,
start_task=,name=axpy,tick=81,start_time=138636.031621,nthreads=50,
message=tick stats,tick=81,estimated_current_power=54.100000,
end_task=,name=axpy,elapsed_seconds=0.005188,predicted_seconds=0.003954,time_percent_error=23.786981,nthreads=50,end_time=138636.038214,avg_power_W=-nan,max_power_W=0.000000,avg_time_s=0.005188,released_listeners=0,
start_task=,name=axpy,tick=82,start_time=138636.038236,nthreads=50,
message=tick stats,tick=82,estimated_current_power=54.100000,
end_task=,name=axpy,elapsed_seconds=0.004573,predicted_seconds=0.003954,time_percent_error=13.533228,nthreads=50,end_time=138636.043895,avg_power_W=-nan,max_power_W=0.000000,avg_time_s=0.004573,released_listeners=1,
start_task=,name=axpy,tick=83,start_time=138636.043922,nthreads=50,
message=tick stats,tick=83,estimated_current_power=54.100000,
end_task=,name=axpy,elapsed_seconds=0.005363,predicted_seconds=0.003954,time_percent_error=26.274285,nthreads=50,end_time=138636.050409,avg_power_W=-nan,max_power_W=0.000000,avg_time_s=0.005363,released_listeners=0,
start_task=,name=axpy,tick=84,start_time=138636.050431,nthreads=50,
message=tick stats,tick=84,estimated_current_power=54.100000,
end_task=,name=axpy,elapsed_seconds=0.005170,predicted_seconds=0.003954,time_percent_error=23.518536,nthreads=50,end_time=138636.056670,avg_power_W=-nan,max_power_W=0.000000,avg_time_s=0.005170,released_listeners=1,
start_task=,name=dot,tick=85,start_time=138636.056713,nthreads=50,
message=tick stats,tick=85,estimated_current_power=51.308333,
end_task=,name=dot,elapsed_seconds=0.505565,predicted_seconds=0.000130,time_percent_error=99.974319,nthreads=50,end_time=138636.563330,avg_power_W=136.800000,max_power_W=137.000000,avg_time_s=0.000170,released_listeners=1,
start_task=,name=dot,tick=86,start_time=138636.563399,nthreads=50,
message=tick stats,tick=86,estimated_current_power=51.308333,
end_task=,name=dot,elapsed_seconds=0.508331,predicted_seconds=0.000130,time_percent_error=99.974459,nthreads=50,end_time=138637.080849,avg_power_W=137.000000,max_power_W=137.000000,avg_time_s=0.000176,released_listeners=1,
start_task=,name=dot,tick=87,start_time=138637.080919,nthreads=50,
message=tick stats,tick=87,estimated_current_power=51.308333,
end_task=,name=dot,elapsed_seconds=0.504916,predicted_seconds=0.000130,time_percent_error=99.974286,nthreads=50,end_time=138637.586874,avg_power_W=137.600000,max_power_W=139.000000,avg_time_s=0.000171,released_listeners=1,
start_task=,name=dot,tick=88,start_time=138637.586940,nthreads=50,
message=tick stats,tick=88,estimated_current_power=51.308333,
end_task=,name=dot,elapsed_seconds=0.508427,predicted_seconds=0.000130,time_percent_error=99.974464,nthreads=50,end_time=138638.095779,avg_power_W=137.000000,max_power_W=137.000000,avg_time_s=0.000171,released_listeners=1,
start_task=,name=dot,tick=89,start_time=138638.095826,nthreads=50,
message=tick stats,tick=89,estimated_current_power=51.308333,
end_task=,name=dot,elapsed_seconds=0.504996,predicted_seconds=0.000130,time_percent_error=99.974290,nthreads=50,end_time=138638.601732,avg_power_W=137.000000,max_power_W=137.000000,avg_time_s=0.000176,released_listeners=1,
start_task=,name=dot,tick=90,start_time=138638.601771,nthreads=50,
message=tick stats,tick=90,estimated_current_power=51.308333,
end_task=,name=dot,elapsed_seconds=0.505713,predicted_seconds=0.000130,time_percent_error=99.974327,nthreads=50,end_time=138639.107951,avg_power_W=136.700000,max_power_W=137.000000,avg_time_s=0.000168,released_listeners=1,
start_task=,name=dot,tick=91,start_time=138639.107990,nthreads=50,
message=tick stats,tick=91,estimated_current_power=51.308333,
end_task=,name=dot,elapsed_seconds=0.505464,predicted_seconds=0.000130,time_percent_error=99.974314,nthreads=50,end_time=138639.614269,avg_power_W=137.000000,max_power_W=137.000000,avg_time_s=0.000176,released_listeners=1,
start_task=,name=dot,tick=92,start_time=138639.614307,nthreads=50,
message=tick stats,tick=92,estimated_current_power=51.308333,
end_task=,name=dot,elapsed_seconds=0.506015,predicted_seconds=0.000130,time_percent_error=99.974342,nthreads=50,end_time=138640.130429,avg_power_W=136.909091,max_power_W=137.000000,avg_time_s=0.000180,released_listeners=1,
start_task=,name=sum_contribs,tick=93,start_time=138640.130509,nthreads=50,
message=tick stats,tick=93,estimated_current_power=0.000000,
end_task=,name=sum_contribs,elapsed_seconds=0.503854,predicted_seconds=0.000000,time_percent_error=100.000000,nthreads=50,end_time=138640.635822,avg_power_W=136.400000,max_power_W=137.000000,avg_time_s=0.000283,released_listeners=2,
start_task=,name=comp_beta,tick=94,start_time=138640.635852,nthreads=50,
message=tick stats,tick=94,estimated_current_power=0.000000,
end_task=,name=comp_beta,elapsed_seconds=0.505740,predicted_seconds=0.000000,time_percent_error=100.000000,nthreads=50,end_time=138641.142588,avg_power_W=127.100000,max_power_W=137.000000,avg_time_s=0.000059,released_listeners=8,
start_task=,name=assign,tick=95,start_time=138641.142636,nthreads=50,
message=tick stats,tick=95,estimated_current_power=0.000000,
end_task=,name=assign,elapsed_seconds=0.508141,predicted_seconds=0.000000,time_percent_error=100.000000,nthreads=50,end_time=138641.651966,avg_power_W=111.600000,max_power_W=114.000000,avg_time_s=0.000061,released_listeners=0,
start_task=,name=xapyprofile,tick=96,start_time=138641.652016,nthreads=50,
message=tick stats,tick=96,estimated_current_power=0.000000,
end_task=,name=xapyprofile,elapsed_seconds=0.507764,predicted_seconds=0.000000,time_percent_error=100.000000,nthreads=50,end_time=138642.160322,avg_power_W=132.500000,max_power_W=141.000000,avg_time_s=0.006681,released_listeners=1,
start_task=,name=xapyprofile,tick=97,start_time=138642.160351,nthreads=50,
message=tick stats,tick=97,estimated_current_power=0.000000,
end_task=,name=xapyprofile,elapsed_seconds=0.507116,predicted_seconds=0.000000,time_percent_error=100.000000,nthreads=50,end_time=138642.680779,avg_power_W=140.272727,max_power_W=141.000000,avg_time_s=0.006339,released_listeners=1,
start_task=,name=xapyprofile,tick=98,start_time=138642.680839,nthreads=50,
message=tick stats,tick=98,estimated_current_power=0.000000,
end_task=,name=xapyprofile,elapsed_seconds=0.507102,predicted_seconds=0.000000,time_percent_error=100.000000,nthreads=50,end_time=138643.188491,avg_power_W=139.900000,max_power_W=141.000000,avg_time_s=0.006339,released_listeners=1,
start_task=,name=xapyprofile,tick=99,start_time=138643.188556,nthreads=50,
message=tick stats,tick=99,estimated_current_power=0.000000,
end_task=,name=xapyprofile,elapsed_seconds=0.506018,predicted_seconds=0.000000,time_percent_error=100.000000,nthreads=50,end_time=138643.696395,avg_power_W=140.400000,max_power_W=141.000000,avg_time_s=0.006325,released_listeners=1,
start_task=,name=xapyprofile,tick=100,start_time=138643.696451,nthreads=50,
message=tick stats,tick=100,estimated_current_power=0.000000,
end_task=,name=xapyprofile,elapsed_seconds=0.509707,predicted_seconds=0.000000,time_percent_error=100.000000,nthreads=50,end_time=138644.206793,avg_power_W=140.300000,max_power_W=141.000000,avg_time_s=0.006371,released_listeners=1,
start_task=,name=xapyprofile,tick=101,start_time=138644.206822,nthreads=50,
message=tick stats,tick=101,estimated_current_power=0.000000,
end_task=,name=xapyprofile,elapsed_seconds=0.506002,predicted_seconds=0.000000,time_percent_error=100.000000,nthreads=50,end_time=138644.713507,avg_power_W=140.400000,max_power_W=141.000000,avg_time_s=0.006325,released_listeners=1,
start_task=,name=xapyprofile,tick=102,start_time=138644.713536,nthreads=50,
message=tick stats,tick=102,estimated_current_power=0.000000,
end_task=,name=xapyprofile,elapsed_seconds=0.509412,predicted_seconds=0.000000,time_percent_error=100.000000,nthreads=50,end_time=138645.230912,avg_power_W=139.636364,max_power_W=141.000000,avg_time_s=0.006289,released_listeners=1,
start_task=,name=xapyprofile,tick=103,start_time=138645.230947,nthreads=50,
message=tick stats,tick=103,estimated_current_power=0.000000,
end_task=,name=xapyprofile,elapsed_seconds=0.509791,predicted_seconds=0.000000,time_percent_error=100.000000,nthreads=50,end_time=138645.741448,avg_power_W=139.900000,max_power_W=141.000000,avg_time_s=0.006294,released_listeners=1,
start_task=,name=xapy,tick=104,start_time=138645.741503,nthreads=50,
message=tick stats,tick=104,estimated_current_power=57.725000,
end_task=,name=xapy,elapsed_seconds=0.008812,predicted_seconds=0.004119,time_percent_error=53.253128,nthreads=50,end_time=138645.750995,avg_power_W=-nan,max_power_W=0.000000,avg_time_s=0.008812,released_listeners=0,
start_task=,name=xapy,tick=105,start_time=138645.751036,nthreads=50,
message=tick stats,tick=105,estimated_current_power=57.725000,
end_task=,name=xapy,elapsed_seconds=0.009196,predicted_seconds=0.004119,time_percent_error=55.202424,nthreads=50,end_time=138645.760999,avg_power_W=-nan,max_power_W=0.000000,avg_time_s=0.009196,released_listeners=0,
start_task=,name=xapy,tick=106,start_time=138645.761041,nthreads=50,
message=tick stats,tick=106,estimated_current_power=57.725000,
end_task=,name=xapy,elapsed_seconds=0.009802,predicted_seconds=0.004119,time_percent_error=57.974940,nthreads=50,end_time=138645.780734,avg_power_W=140.000000,max_power_W=140.000000,avg_time_s=0.009802,released_listeners=0,
start_task=,name=xapy,tick=107,start_time=138645.780793,nthreads=50,
message=tick stats,tick=107,estimated_current_power=57.725000,
end_task=,name=xapy,elapsed_seconds=0.009493,predicted_seconds=0.004119,time_percent_error=56.607280,nthreads=50,end_time=138645.790944,avg_power_W=-nan,max_power_W=0.000000,avg_time_s=0.009493,released_listeners=0,
start_task=,name=xapy,tick=108,start_time=138645.790965,nthreads=50,
message=tick stats,tick=108,estimated_current_power=57.725000,
end_task=,name=xapy,elapsed_seconds=0.009404,predicted_seconds=0.004119,time_percent_error=56.195017,nthreads=50,end_time=138645.800985,avg_power_W=-nan,max_power_W=0.000000,avg_time_s=0.009404,released_listeners=0,
start_task=,name=xapy,tick=109,start_time=138645.801007,nthreads=50,
message=tick stats,tick=109,estimated_current_power=57.725000,
end_task=,name=xapy,elapsed_seconds=0.009065,predicted_seconds=0.004119,time_percent_error=54.557288,nthreads=50,end_time=138645.810716,avg_power_W=-nan,max_power_W=0.000000,avg_time_s=0.009065,released_listeners=0,
start_task=,name=xapy,tick=110,start_time=138645.810736,nthreads=50,
message=tick stats,tick=110,estimated_current_power=57.725000,
end_task=,name=xapy,elapsed_seconds=0.009006,predicted_seconds=0.004119,time_percent_error=54.259686,nthreads=50,end_time=138645.831499,avg_power_W=135.000000,max_power_W=135.000000,avg_time_s=0.009006,released_listeners=0,
start_task=,name=xapy,tick=111,start_time=138645.831559,nthreads=50,
message=tick stats,tick=111,estimated_current_power=57.725000,
end_task=,name=xapy,elapsed_seconds=0.007914,predicted_seconds=0.004119,time_percent_error=47.951420,nthreads=50,end_time=138645.840354,avg_power_W=-nan,max_power_W=0.000000,avg_time_s=0.007914,released_listeners=0,
est_max_power=59.600000,
average_power_W=-nan,
max_power_W=0.000000,
time_s=44.724560,
message=ALL DONE,
