message=cataloging configuration,max_threads=34,power_limit=inf,
start_task=,name=start,tick=1,start_time=92489.835528,nthreads=34,
message=tick stats,tick=1,estimated_current_power=0.000000,
end_task=,name=start,elapsed_seconds=0.515492,predicted_seconds=0.000000,time_percent_error=100.000000,nthreads=34,end_time=92490.353174,avg_power_W=97.500000,max_power_W=101.000000,avg_time_s=0.000000,released_listeners=8,
start_task=,name=spmv,tick=2,start_time=92490.353264,nthreads=34,
message=tick stats,tick=2,estimated_current_power=41.475000,
end_task=,name=spmv,elapsed_seconds=0.516027,predicted_seconds=0.010852,time_percent_error=97.896996,nthreads=34,end_time=92490.870764,avg_power_W=106.100000,max_power_W=118.000000,avg_time_s=0.032252,released_listeners=1,
start_task=,name=spmv,tick=3,start_time=92490.870812,nthreads=34,
message=tick stats,tick=3,estimated_current_power=41.475000,
end_task=,name=spmv,elapsed_seconds=0.516965,predicted_seconds=0.010852,time_percent_error=97.900812,nthreads=34,end_time=92491.402272,avg_power_W=117.090909,max_power_W=118.000000,avg_time_s=0.018463,released_listeners=1,
start_task=,name=spmv,tick=4,start_time=92491.402323,nthreads=34,
message=tick stats,tick=4,estimated_current_power=41.475000,
end_task=,name=spmv,elapsed_seconds=0.514043,predicted_seconds=0.010852,time_percent_error=97.888879,nthreads=34,end_time=92491.917898,avg_power_W=116.900000,max_power_W=118.000000,avg_time_s=0.018359,released_listeners=1,
start_task=,name=spmv,tick=5,start_time=92491.917951,nthreads=34,
message=tick stats,tick=5,estimated_current_power=41.475000,
end_task=,name=spmv,elapsed_seconds=0.508616,predicted_seconds=0.010852,time_percent_error=97.866354,nthreads=34,end_time=92492.427595,avg_power_W=116.800000,max_power_W=118.000000,avg_time_s=0.018165,released_listeners=1,
start_task=,name=spmv,tick=6,start_time=92492.427643,nthreads=34,
message=tick stats,tick=6,estimated_current_power=41.475000,
end_task=,name=spmv,elapsed_seconds=0.514385,predicted_seconds=0.010852,time_percent_error=97.890282,nthreads=34,end_time=92492.951812,avg_power_W=116.909091,max_power_W=118.000000,avg_time_s=0.018371,released_listeners=1,
start_task=,name=spmv,tick=7,start_time=92492.951864,nthreads=34,
message=tick stats,tick=7,estimated_current_power=41.475000,
end_task=,name=spmv,elapsed_seconds=0.513104,predicted_seconds=0.010852,time_percent_error=97.885018,nthreads=34,end_time=92493.465840,avg_power_W=117.400000,max_power_W=119.000000,avg_time_s=0.018325,released_listeners=1,
start_task=,name=spmv,tick=8,start_time=92493.465889,nthreads=34,
message=tick stats,tick=8,estimated_current_power=41.475000,
end_task=,name=spmv,elapsed_seconds=0.516015,predicted_seconds=0.010852,time_percent_error=97.896950,nthreads=34,end_time=92493.983385,avg_power_W=117.600000,max_power_W=120.000000,avg_time_s=0.018429,released_listeners=1,
start_task=,name=spmv,tick=9,start_time=92493.983433,nthreads=34,
message=tick stats,tick=9,estimated_current_power=41.475000,
end_task=,name=spmv,elapsed_seconds=0.521955,predicted_seconds=0.010852,time_percent_error=97.920883,nthreads=34,end_time=92494.507083,avg_power_W=117.363636,max_power_W=119.000000,avg_time_s=0.018641,released_listeners=1,
start_task=,name=subtract,tick=10,start_time=92494.507136,nthreads=34,
message=tick stats,tick=10,estimated_current_power=39.600000,
end_task=,name=subtract,elapsed_seconds=0.509629,predicted_seconds=0.000318,time_percent_error=99.937528,nthreads=34,end_time=92495.018392,avg_power_W=116.400000,max_power_W=117.000000,avg_time_s=0.000675,released_listeners=2,
start_task=,name=subtract,tick=11,start_time=92495.018420,nthreads=34,
message=tick stats,tick=11,estimated_current_power=39.600000,
end_task=,name=subtract,elapsed_seconds=0.507876,predicted_seconds=0.000318,time_percent_error=99.937312,nthreads=34,end_time=92495.527784,avg_power_W=116.500000,max_power_W=117.000000,avg_time_s=0.000578,released_listeners=2,
start_task=,name=subtract,tick=12,start_time=92495.527809,nthreads=34,
message=tick stats,tick=12,estimated_current_power=39.600000,
end_task=,name=subtract,elapsed_seconds=0.509784,predicted_seconds=0.000318,time_percent_error=99.937547,nthreads=34,end_time=92496.052618,avg_power_W=117.000000,max_power_W=117.000000,avg_time_s=0.000584,released_listeners=2,
start_task=,name=subtract,tick=13,start_time=92496.052673,nthreads=34,
message=tick stats,tick=13,estimated_current_power=39.600000,
end_task=,name=subtract,elapsed_seconds=0.509284,predicted_seconds=0.000318,time_percent_error=99.937486,nthreads=34,end_time=92496.563459,avg_power_W=116.800000,max_power_W=118.000000,avg_time_s=0.000585,released_listeners=2,
start_task=,name=subtract,tick=14,start_time=92496.563484,nthreads=34,
message=tick stats,tick=14,estimated_current_power=39.600000,
end_task=,name=subtract,elapsed_seconds=0.508858,predicted_seconds=0.000318,time_percent_error=99.937433,nthreads=34,end_time=92497.073373,avg_power_W=116.900000,max_power_W=117.000000,avg_time_s=0.000576,released_listeners=2,
start_task=,name=subtract,tick=15,start_time=92497.073398,nthreads=34,
message=tick stats,tick=15,estimated_current_power=39.600000,
end_task=,name=subtract,elapsed_seconds=0.509337,predicted_seconds=0.000318,time_percent_error=99.937492,nthreads=34,end_time=92497.584098,avg_power_W=116.800000,max_power_W=117.000000,avg_time_s=0.000572,released_listeners=2,
start_task=,name=subtract,tick=16,start_time=92497.584148,nthreads=34,
message=tick stats,tick=16,estimated_current_power=39.600000,
end_task=,name=subtract,elapsed_seconds=0.509455,predicted_seconds=0.000318,time_percent_error=99.937507,nthreads=34,end_time=92498.102225,avg_power_W=116.363636,max_power_W=117.000000,avg_time_s=0.000601,released_listeners=2,
start_task=,name=subtract,tick=17,start_time=92498.102278,nthreads=34,
message=tick stats,tick=17,estimated_current_power=39.600000,
end_task=,name=subtract,elapsed_seconds=0.509921,predicted_seconds=0.000318,time_percent_error=99.937564,nthreads=34,end_time=92498.613210,avg_power_W=116.400000,max_power_W=117.000000,avg_time_s=0.000603,released_listeners=2,
start_task=,name=copy,tick=18,start_time=92498.613257,nthreads=34,
message=tick stats,tick=18,estimated_current_power=38.725000,
end_task=,name=copy,elapsed_seconds=0.510731,predicted_seconds=0.000159,time_percent_error=99.968795,nthreads=34,end_time=92499.124889,avg_power_W=114.200000,max_power_W=116.000000,avg_time_s=0.000272,released_listeners=1,
start_task=,name=dot,tick=19,start_time=92499.124914,nthreads=34,
message=tick stats,tick=19,estimated_current_power=37.225000,
end_task=,name=dot,elapsed_seconds=0.506105,predicted_seconds=0.000133,time_percent_error=99.973622,nthreads=34,end_time=92499.632018,avg_power_W=113.900000,max_power_W=114.000000,avg_time_s=0.000205,released_listeners=1,
start_task=,name=copy,tick=20,start_time=92499.632051,nthreads=34,
message=tick stats,tick=20,estimated_current_power=38.725000,
end_task=,name=copy,elapsed_seconds=0.511373,predicted_seconds=0.000159,time_percent_error=99.968834,nthreads=34,end_time=92500.151912,avg_power_W=114.000000,max_power_W=114.000000,avg_time_s=0.000284,released_listeners=1,
start_task=,name=dot,tick=21,start_time=92500.151962,nthreads=34,
message=tick stats,tick=21,estimated_current_power=37.225000,
end_task=,name=dot,elapsed_seconds=0.506590,predicted_seconds=0.000133,time_percent_error=99.973647,nthreads=34,end_time=92500.659383,avg_power_W=113.800000,max_power_W=114.000000,avg_time_s=0.000207,released_listeners=1,
start_task=,name=copy,tick=22,start_time=92500.659413,nthreads=34,
message=tick stats,tick=22,estimated_current_power=38.725000,
end_task=,name=copy,elapsed_seconds=0.510027,predicted_seconds=0.000159,time_percent_error=99.968752,nthreads=34,end_time=92501.171185,avg_power_W=114.000000,max_power_W=114.000000,avg_time_s=0.000282,released_listeners=1,
start_task=,name=dot,tick=23,start_time=92501.171211,nthreads=34,
message=tick stats,tick=23,estimated_current_power=37.225000,
end_task=,name=dot,elapsed_seconds=0.506688,predicted_seconds=0.000133,time_percent_error=99.973652,nthreads=34,end_time=92501.678845,avg_power_W=113.900000,max_power_W=114.000000,avg_time_s=0.000204,released_listeners=1,
start_task=,name=copy,tick=24,start_time=92501.678906,nthreads=34,
message=tick stats,tick=24,estimated_current_power=38.725000,
end_task=,name=copy,elapsed_seconds=0.507791,predicted_seconds=0.000159,time_percent_error=99.968614,nthreads=34,end_time=92502.201982,avg_power_W=114.000000,max_power_W=114.000000,avg_time_s=0.000299,released_listeners=1,
start_task=,name=dot,tick=25,start_time=92502.202033,nthreads=34,
message=tick stats,tick=25,estimated_current_power=37.225000,
end_task=,name=dot,elapsed_seconds=0.507905,predicted_seconds=0.000133,time_percent_error=99.973716,nthreads=34,end_time=92502.711717,avg_power_W=113.700000,max_power_W=114.000000,avg_time_s=0.000205,released_listeners=1,
start_task=,name=copy,tick=26,start_time=92502.711747,nthreads=34,
message=tick stats,tick=26,estimated_current_power=38.725000,
end_task=,name=copy,elapsed_seconds=0.509090,predicted_seconds=0.000159,time_percent_error=99.968694,nthreads=34,end_time=92503.222131,avg_power_W=114.000000,max_power_W=114.000000,avg_time_s=0.000282,released_listeners=1,
start_task=,name=dot,tick=27,start_time=92503.222156,nthreads=34,
message=tick stats,tick=27,estimated_current_power=37.225000,
end_task=,name=dot,elapsed_seconds=0.507014,predicted_seconds=0.000133,time_percent_error=99.973669,nthreads=34,end_time=92503.730446,avg_power_W=113.800000,max_power_W=114.000000,avg_time_s=0.000207,released_listeners=1,
start_task=,name=copy,tick=28,start_time=92503.730480,nthreads=34,
message=tick stats,tick=28,estimated_current_power=38.725000,
end_task=,name=copy,elapsed_seconds=0.509280,predicted_seconds=0.000159,time_percent_error=99.968706,nthreads=34,end_time=92504.252314,avg_power_W=114.000000,max_power_W=114.000000,avg_time_s=0.000296,released_listeners=1,
start_task=,name=dot,tick=29,start_time=92504.252363,nthreads=34,
message=tick stats,tick=29,estimated_current_power=37.225000,
end_task=,name=dot,elapsed_seconds=0.505842,predicted_seconds=0.000133,time_percent_error=99.973608,nthreads=34,end_time=92504.759818,avg_power_W=113.600000,max_power_W=114.000000,avg_time_s=0.000206,released_listeners=1,
start_task=,name=copy,tick=30,start_time=92504.759850,nthreads=34,
message=tick stats,tick=30,estimated_current_power=38.725000,
end_task=,name=copy,elapsed_seconds=0.506940,predicted_seconds=0.000159,time_percent_error=99.968561,nthreads=34,end_time=92505.267710,avg_power_W=114.000000,max_power_W=114.000000,avg_time_s=0.000283,released_listeners=1,
start_task=,name=dot,tick=31,start_time=92505.267737,nthreads=34,
message=tick stats,tick=31,estimated_current_power=37.225000,
end_task=,name=dot,elapsed_seconds=0.509125,predicted_seconds=0.000133,time_percent_error=99.973779,nthreads=34,end_time=92505.778570,avg_power_W=113.900000,max_power_W=114.000000,avg_time_s=0.000206,released_listeners=1,
start_task=,name=copy,tick=32,start_time=92505.778625,nthreads=34,
message=tick stats,tick=32,estimated_current_power=38.725000,
end_task=,name=copy,elapsed_seconds=0.507907,predicted_seconds=0.000159,time_percent_error=99.968621,nthreads=34,end_time=92506.301379,avg_power_W=114.000000,max_power_W=115.000000,avg_time_s=0.000287,released_listeners=1,
start_task=,name=dot,tick=33,start_time=92506.301436,nthreads=34,
message=tick stats,tick=33,estimated_current_power=37.225000,
end_task=,name=dot,elapsed_seconds=0.507211,predicted_seconds=0.000133,time_percent_error=99.973680,nthreads=34,end_time=92506.809629,avg_power_W=113.800000,max_power_W=114.000000,avg_time_s=0.000206,released_listeners=1,
start_task=,name=spmv,tick=34,start_time=92506.809661,nthreads=34,
message=tick stats,tick=34,estimated_current_power=41.475000,
end_task=,name=spmv,elapsed_seconds=0.507887,predicted_seconds=0.010852,time_percent_error=97.863294,nthreads=34,end_time=92507.318533,avg_power_W=117.100000,max_power_W=119.000000,avg_time_s=0.020315,released_listeners=1,
start_task=,name=spmv,tick=35,start_time=92507.318581,nthreads=34,
message=tick stats,tick=35,estimated_current_power=41.475000,
end_task=,name=spmv,elapsed_seconds=0.525709,predicted_seconds=0.010852,time_percent_error=97.935726,nthreads=34,end_time=92507.852016,avg_power_W=117.636364,max_power_W=118.000000,avg_time_s=0.021028,released_listeners=1,
start_task=,name=spmv,tick=36,start_time=92507.852086,nthreads=34,
message=tick stats,tick=36,estimated_current_power=41.475000,
end_task=,name=spmv,elapsed_seconds=0.517892,predicted_seconds=0.010852,time_percent_error=97.904572,nthreads=34,end_time=92508.371800,avg_power_W=117.300000,max_power_W=119.000000,avg_time_s=0.020716,released_listeners=1,
start_task=,name=spmv,tick=37,start_time=92508.371849,nthreads=34,
message=tick stats,tick=37,estimated_current_power=41.475000,
end_task=,name=spmv,elapsed_seconds=0.511479,predicted_seconds=0.010852,time_percent_error=97.878299,nthreads=34,end_time=92508.884945,avg_power_W=117.500000,max_power_W=118.000000,avg_time_s=0.020459,released_listeners=1,
start_task=,name=spmv,tick=38,start_time=92508.884993,nthreads=34,
message=tick stats,tick=38,estimated_current_power=41.475000,
end_task=,name=spmv,elapsed_seconds=0.525760,predicted_seconds=0.010852,time_percent_error=97.935927,nthreads=34,end_time=92509.412288,avg_power_W=117.909091,max_power_W=119.000000,avg_time_s=0.021030,released_listeners=1,
start_task=,name=spmv,tick=39,start_time=92509.412337,nthreads=34,
message=tick stats,tick=39,estimated_current_power=41.475000,
end_task=,name=spmv,elapsed_seconds=0.526230,predicted_seconds=0.010852,time_percent_error=97.937770,nthreads=34,end_time=92509.951640,avg_power_W=117.818182,max_power_W=119.000000,avg_time_s=0.021049,released_listeners=1,
start_task=,name=spmv,tick=40,start_time=92509.951693,nthreads=34,
message=tick stats,tick=40,estimated_current_power=41.475000,
end_task=,name=spmv,elapsed_seconds=0.520881,predicted_seconds=0.010852,time_percent_error=97.916595,nthreads=34,end_time=92510.473499,avg_power_W=117.900000,max_power_W=118.000000,avg_time_s=0.020835,released_listeners=1,
start_task=,name=spmv,tick=41,start_time=92510.473547,nthreads=34,
message=tick stats,tick=41,estimated_current_power=41.475000,
end_task=,name=spmv,elapsed_seconds=0.514505,predicted_seconds=0.010852,time_percent_error=97.890775,nthreads=34,end_time=92511.003599,avg_power_W=118.000000,max_power_W=120.000000,avg_time_s=0.020580,released_listeners=1,
start_task=,name=sum_contribs,tick=42,start_time=92511.003652,nthreads=34,
message=tick stats,tick=42,estimated_current_power=0.000000,
end_task=,name=sum_contribs,elapsed_seconds=0.506586,predicted_seconds=0.000000,time_percent_error=100.000000,nthreads=34,end_time=92511.511350,avg_power_W=113.600000,max_power_W=118.000000,avg_time_s=0.000144,released_listeners=1,
start_task=,name=dot,tick=43,start_time=92511.511387,nthreads=34,
message=tick stats,tick=43,estimated_current_power=37.225000,
end_task=,name=dot,elapsed_seconds=0.507640,predicted_seconds=0.000133,time_percent_error=99.973702,nthreads=34,end_time=92512.020126,avg_power_W=114.100000,max_power_W=115.000000,avg_time_s=0.000286,released_listeners=1,
start_task=,name=dot,tick=44,start_time=92512.020155,nthreads=34,
message=tick stats,tick=44,estimated_current_power=37.225000,
end_task=,name=dot,elapsed_seconds=0.507032,predicted_seconds=0.000133,time_percent_error=99.973670,nthreads=34,end_time=92512.528117,avg_power_W=114.700000,max_power_W=116.000000,avg_time_s=0.000292,released_listeners=1,
start_task=,name=dot,tick=45,start_time=92512.528146,nthreads=34,
message=tick stats,tick=45,estimated_current_power=37.225000,
end_task=,name=dot,elapsed_seconds=0.508199,predicted_seconds=0.000133,time_percent_error=99.973731,nthreads=34,end_time=92513.051375,avg_power_W=114.000000,max_power_W=114.000000,avg_time_s=0.000299,released_listeners=1,
start_task=,name=dot,tick=46,start_time=92513.051429,nthreads=34,
message=tick stats,tick=46,estimated_current_power=37.225000,
end_task=,name=dot,elapsed_seconds=0.507227,predicted_seconds=0.000133,time_percent_error=99.973680,nthreads=34,end_time=92513.559412,avg_power_W=114.400000,max_power_W=117.000000,avg_time_s=0.000304,released_listeners=1,
start_task=,name=dot,tick=47,start_time=92513.559439,nthreads=34,
message=tick stats,tick=47,estimated_current_power=37.225000,
end_task=,name=dot,elapsed_seconds=0.506867,predicted_seconds=0.000133,time_percent_error=99.973662,nthreads=34,end_time=92514.067922,avg_power_W=114.000000,max_power_W=114.000000,avg_time_s=0.000298,released_listeners=1,
start_task=,name=dot,tick=48,start_time=92514.067950,nthreads=34,
message=tick stats,tick=48,estimated_current_power=37.225000,
end_task=,name=dot,elapsed_seconds=0.506651,predicted_seconds=0.000133,time_percent_error=99.973651,nthreads=34,end_time=92514.575552,avg_power_W=114.100000,max_power_W=115.000000,avg_time_s=0.000288,released_listeners=1,
start_task=,name=dot,tick=49,start_time=92514.575579,nthreads=34,
message=tick stats,tick=49,estimated_current_power=37.225000,
end_task=,name=dot,elapsed_seconds=0.511031,predicted_seconds=0.000133,time_percent_error=99.973876,nthreads=34,end_time=92515.100778,avg_power_W=114.181818,max_power_W=116.000000,avg_time_s=0.000288,released_listeners=1,
start_task=,name=dot,tick=50,start_time=92515.100832,nthreads=34,
message=tick stats,tick=50,estimated_current_power=37.225000,
end_task=,name=dot,elapsed_seconds=0.505115,predicted_seconds=0.000133,time_percent_error=99.973570,nthreads=34,end_time=92515.606854,avg_power_W=114.500000,max_power_W=116.000000,avg_time_s=0.000288,released_listeners=1,
start_task=,name=sum_contribs,tick=51,start_time=92515.606881,nthreads=34,
message=tick stats,tick=51,estimated_current_power=0.000000,
end_task=,name=sum_contribs,elapsed_seconds=0.507533,predicted_seconds=0.000000,time_percent_error=100.000000,nthreads=34,end_time=92516.115252,avg_power_W=112.800000,max_power_W=114.000000,avg_time_s=0.000145,released_listeners=1,
start_task=,name=comp_alpha,tick=52,start_time=92516.115285,nthreads=34,
message=tick stats,tick=52,estimated_current_power=0.000000,
end_task=,name=comp_alpha,elapsed_seconds=0.506746,predicted_seconds=0.000000,time_percent_error=100.000000,nthreads=34,end_time=92516.623974,avg_power_W=113.700000,max_power_W=114.000000,avg_time_s=0.000063,released_listeners=16,
start_task=,name=axpyprofile,tick=53,start_time=92516.624026,nthreads=34,
message=tick stats,tick=53,estimated_current_power=0.000000,
end_task=,name=axpyprofile,elapsed_seconds=0.509980,predicted_seconds=0.000000,time_percent_error=100.000000,nthreads=34,end_time=92517.135088,avg_power_W=117.200000,max_power_W=120.000000,avg_time_s=0.006710,released_listeners=1,
start_task=,name=axpyprofile,tick=54,start_time=92517.135136,nthreads=34,
message=tick stats,tick=54,estimated_current_power=0.000000,
end_task=,name=axpyprofile,elapsed_seconds=0.509885,predicted_seconds=0.000000,time_percent_error=100.000000,nthreads=34,end_time=92517.652057,avg_power_W=118.727273,max_power_W=119.000000,avg_time_s=0.007082,released_listeners=1,
start_task=,name=axpyprofile,tick=55,start_time=92517.652116,nthreads=34,
message=tick stats,tick=55,estimated_current_power=0.000000,
end_task=,name=axpyprofile,elapsed_seconds=0.509482,predicted_seconds=0.000000,time_percent_error=100.000000,nthreads=34,end_time=92518.162536,avg_power_W=118.700000,max_power_W=120.000000,avg_time_s=0.007076,released_listeners=1,
start_task=,name=axpyprofile,tick=56,start_time=92518.162584,nthreads=34,
message=tick stats,tick=56,estimated_current_power=0.000000,
end_task=,name=axpyprofile,elapsed_seconds=0.513783,predicted_seconds=0.000000,time_percent_error=100.000000,nthreads=34,end_time=92518.678010,avg_power_W=119.300000,max_power_W=120.000000,avg_time_s=0.006850,released_listeners=1,
start_task=,name=axpyprofile,tick=57,start_time=92518.678058,nthreads=34,
message=tick stats,tick=57,estimated_current_power=0.000000,
end_task=,name=axpyprofile,elapsed_seconds=0.510200,predicted_seconds=0.000000,time_percent_error=100.000000,nthreads=34,end_time=92519.201794,avg_power_W=119.181818,max_power_W=120.000000,avg_time_s=0.006713,released_listeners=1,
start_task=,name=axpyprofile,tick=58,start_time=92519.201846,nthreads=34,
message=tick stats,tick=58,estimated_current_power=0.000000,
end_task=,name=axpyprofile,elapsed_seconds=0.505643,predicted_seconds=0.000000,time_percent_error=100.000000,nthreads=34,end_time=92519.708499,avg_power_W=119.100000,max_power_W=120.000000,avg_time_s=0.006653,released_listeners=1,
start_task=,name=axpyprofile,tick=59,start_time=92519.708556,nthreads=34,
message=tick stats,tick=59,estimated_current_power=0.000000,
end_task=,name=axpyprofile,elapsed_seconds=0.509452,predicted_seconds=0.000000,time_percent_error=100.000000,nthreads=34,end_time=92520.218983,avg_power_W=119.400000,max_power_W=120.000000,avg_time_s=0.006703,released_listeners=1,
start_task=,name=axpyprofile,tick=60,start_time=92520.219031,nthreads=34,
message=tick stats,tick=60,estimated_current_power=0.000000,
end_task=,name=axpyprofile,elapsed_seconds=0.509280,predicted_seconds=0.000000,time_percent_error=100.000000,nthreads=34,end_time=92520.729884,avg_power_W=119.200000,max_power_W=120.000000,avg_time_s=0.006701,released_listeners=1,
start_task=,name=axpyprofile,tick=61,start_time=92520.729933,nthreads=34,
message=tick stats,tick=61,estimated_current_power=0.000000,
end_task=,name=axpyprofile,elapsed_seconds=0.514273,predicted_seconds=0.000000,time_percent_error=100.000000,nthreads=34,end_time=92521.251746,avg_power_W=119.181818,max_power_W=120.000000,avg_time_s=0.006767,released_listeners=1,
start_task=,name=axpyprofile,tick=62,start_time=92521.251798,nthreads=34,
message=tick stats,tick=62,estimated_current_power=0.000000,
end_task=,name=axpyprofile,elapsed_seconds=0.506490,predicted_seconds=0.000000,time_percent_error=100.000000,nthreads=34,end_time=92521.759392,avg_power_W=119.100000,max_power_W=120.000000,avg_time_s=0.006578,released_listeners=1,
start_task=,name=axpyprofile,tick=63,start_time=92521.759442,nthreads=34,
message=tick stats,tick=63,estimated_current_power=0.000000,
end_task=,name=axpyprofile,elapsed_seconds=0.509802,predicted_seconds=0.000000,time_percent_error=100.000000,nthreads=34,end_time=92522.270854,avg_power_W=119.300000,max_power_W=120.000000,avg_time_s=0.006621,released_listeners=1,
start_task=,name=axpyprofile,tick=64,start_time=92522.270904,nthreads=34,
message=tick stats,tick=64,estimated_current_power=0.000000,
end_task=,name=axpyprofile,elapsed_seconds=0.513039,predicted_seconds=0.000000,time_percent_error=100.000000,nthreads=34,end_time=92522.784996,avg_power_W=119.200000,max_power_W=120.000000,avg_time_s=0.006841,released_listeners=1,
start_task=,name=axpyprofile,tick=65,start_time=92522.785045,nthreads=34,
message=tick stats,tick=65,estimated_current_power=0.000000,
end_task=,name=axpyprofile,elapsed_seconds=0.509007,predicted_seconds=0.000000,time_percent_error=100.000000,nthreads=34,end_time=92523.301198,avg_power_W=119.363636,max_power_W=120.000000,avg_time_s=0.006610,released_listeners=1,
start_task=,name=axpyprofile,tick=66,start_time=92523.301252,nthreads=34,
message=tick stats,tick=66,estimated_current_power=0.000000,
end_task=,name=axpyprofile,elapsed_seconds=0.508893,predicted_seconds=0.000000,time_percent_error=100.000000,nthreads=34,end_time=92523.811192,avg_power_W=119.100000,max_power_W=120.000000,avg_time_s=0.006609,released_listeners=1,
start_task=,name=axpyprofile,tick=67,start_time=92523.811241,nthreads=34,
message=tick stats,tick=67,estimated_current_power=0.000000,
end_task=,name=axpyprofile,elapsed_seconds=0.511453,predicted_seconds=0.000000,time_percent_error=100.000000,nthreads=34,end_time=92524.323642,avg_power_W=119.300000,max_power_W=120.000000,avg_time_s=0.006642,released_listeners=1,
start_task=,name=axpyprofile,tick=68,start_time=92524.323691,nthreads=34,
message=tick stats,tick=68,estimated_current_power=0.000000,
end_task=,name=axpyprofile,elapsed_seconds=0.513007,predicted_seconds=0.000000,time_percent_error=100.000000,nthreads=34,end_time=92524.851183,avg_power_W=119.090909,max_power_W=120.000000,avg_time_s=0.006750,released_listeners=1,
start_task=,name=axpy,tick=69,start_time=92524.851236,nthreads=34,
message=tick stats,tick=69,estimated_current_power=39.975000,
end_task=,name=axpy,elapsed_seconds=0.007038,predicted_seconds=0.004247,time_percent_error=39.656621,nthreads=34,end_time=92524.860350,avg_power_W=-nan,max_power_W=0.000000,avg_time_s=0.007038,released_listeners=0,
start_task=,name=axpy,tick=70,start_time=92524.860374,nthreads=34,
message=tick stats,tick=70,estimated_current_power=39.975000,
end_task=,name=axpy,elapsed_seconds=0.007022,predicted_seconds=0.004247,time_percent_error=39.515604,nthreads=34,end_time=92524.868715,avg_power_W=-nan,max_power_W=0.000000,avg_time_s=0.007022,released_listeners=0,
start_task=,name=axpy,tick=71,start_time=92524.868730,nthreads=34,
message=tick stats,tick=71,estimated_current_power=39.975000,
end_task=,name=axpy,elapsed_seconds=0.007674,predicted_seconds=0.004247,time_percent_error=44.655087,nthreads=34,end_time=92524.877817,avg_power_W=-nan,max_power_W=0.000000,avg_time_s=0.007674,released_listeners=1,
start_task=,name=axpy,tick=72,start_time=92524.877833,nthreads=34,
message=tick stats,tick=72,estimated_current_power=39.975000,
end_task=,name=axpy,elapsed_seconds=0.006620,predicted_seconds=0.004247,time_percent_error=35.839141,nthreads=34,end_time=92524.901404,avg_power_W=119.000000,max_power_W=119.000000,avg_time_s=0.006620,released_listeners=1,
start_task=,name=axpy,tick=73,start_time=92524.901458,nthreads=34,
message=tick stats,tick=73,estimated_current_power=39.975000,
end_task=,name=axpy,elapsed_seconds=0.005256,predicted_seconds=0.004247,time_percent_error=19.196180,nthreads=34,end_time=92524.908164,avg_power_W=-nan,max_power_W=0.000000,avg_time_s=0.005256,released_listeners=0,
start_task=,name=axpy,tick=74,start_time=92524.908180,nthreads=34,
message=tick stats,tick=74,estimated_current_power=39.975000,
end_task=,name=axpy,elapsed_seconds=0.008306,predicted_seconds=0.004247,time_percent_error=48.864490,nthreads=34,end_time=92524.917784,avg_power_W=-nan,max_power_W=0.000000,avg_time_s=0.008306,released_listeners=1,
start_task=,name=axpy,tick=75,start_time=92524.917800,nthreads=34,
message=tick stats,tick=75,estimated_current_power=39.975000,
end_task=,name=axpy,elapsed_seconds=0.007322,predicted_seconds=0.004247,time_percent_error=41.991755,nthreads=34,end_time=92524.926465,avg_power_W=-nan,max_power_W=0.000000,avg_time_s=0.007322,released_listeners=0,
start_task=,name=axpy,tick=76,start_time=92524.926480,nthreads=34,
message=tick stats,tick=76,estimated_current_power=39.975000,
end_task=,name=axpy,elapsed_seconds=0.007067,predicted_seconds=0.004247,time_percent_error=39.902596,nthreads=34,end_time=92524.934893,avg_power_W=-nan,max_power_W=0.000000,avg_time_s=0.007067,released_listeners=1,
start_task=,name=axpy,tick=77,start_time=92524.934910,nthreads=34,
message=tick stats,tick=77,estimated_current_power=39.975000,
end_task=,name=axpy,elapsed_seconds=0.007057,predicted_seconds=0.004247,time_percent_error=39.818974,nthreads=34,end_time=92524.952516,avg_power_W=115.000000,max_power_W=115.000000,avg_time_s=0.007057,released_listeners=0,
start_task=,name=axpy,tick=78,start_time=92524.952567,nthreads=34,
message=tick stats,tick=78,estimated_current_power=39.975000,
end_task=,name=axpy,elapsed_seconds=0.005833,predicted_seconds=0.004247,time_percent_error=27.181108,nthreads=34,end_time=92524.959756,avg_power_W=-nan,max_power_W=0.000000,avg_time_s=0.005833,released_listeners=1,
start_task=,name=axpy,tick=79,start_time=92524.959773,nthreads=34,
message=tick stats,tick=79,estimated_current_power=39.975000,
end_task=,name=axpy,elapsed_seconds=0.008001,predicted_seconds=0.004247,time_percent_error=46.916886,nthreads=34,end_time=92524.969245,avg_power_W=-nan,max_power_W=0.000000,avg_time_s=0.008001,released_listeners=0,
start_task=,name=axpy,tick=80,start_time=92524.969261,nthreads=34,
message=tick stats,tick=80,estimated_current_power=39.975000,
end_task=,name=axpy,elapsed_seconds=0.006565,predicted_seconds=0.004247,time_percent_error=35.303946,nthreads=34,end_time=92524.977105,avg_power_W=-nan,max_power_W=0.000000,avg_time_s=0.006565,released_listeners=1,
start_task=,name=axpy,tick=81,start_time=92524.977122,nthreads=34,
message=tick stats,tick=81,estimated_current_power=39.975000,
end_task=,name=axpy,elapsed_seconds=0.006936,predicted_seconds=0.004247,time_percent_error=38.766639,nthreads=34,end_time=92524.985342,avg_power_W=-nan,max_power_W=0.000000,avg_time_s=0.006936,released_listeners=0,
start_task=,name=axpy,tick=82,start_time=92524.985361,nthreads=34,
message=tick stats,tick=82,estimated_current_power=39.975000,
end_task=,name=axpy,elapsed_seconds=0.007250,predicted_seconds=0.004247,time_percent_error=41.420829,nthreads=34,end_time=92525.001931,avg_power_W=116.000000,max_power_W=116.000000,avg_time_s=0.007250,released_listeners=1,
start_task=,name=axpy,tick=83,start_time=92525.001985,nthreads=34,
message=tick stats,tick=83,estimated_current_power=39.975000,
end_task=,name=axpy,elapsed_seconds=0.007368,predicted_seconds=0.004247,time_percent_error=42.355057,nthreads=34,end_time=92525.011348,avg_power_W=-nan,max_power_W=0.000000,avg_time_s=0.007368,released_listeners=0,
start_task=,name=axpy,tick=84,start_time=92525.011384,nthreads=34,
message=tick stats,tick=84,estimated_current_power=39.975000,
end_task=,name=axpy,elapsed_seconds=0.007584,predicted_seconds=0.004247,time_percent_error=43.997224,nthreads=34,end_time=92525.020350,avg_power_W=-nan,max_power_W=0.000000,avg_time_s=0.007584,released_listeners=1,
start_task=,name=dot,tick=85,start_time=92525.020366,nthreads=34,
message=tick stats,tick=85,estimated_current_power=37.225000,
end_task=,name=dot,elapsed_seconds=0.507902,predicted_seconds=0.000133,time_percent_error=99.973715,nthreads=34,end_time=92525.529124,avg_power_W=114.400000,max_power_W=115.000000,avg_time_s=0.000213,released_listeners=1,
start_task=,name=dot,tick=86,start_time=92525.529158,nthreads=34,
message=tick stats,tick=86,estimated_current_power=37.225000,
end_task=,name=dot,elapsed_seconds=0.507466,predicted_seconds=0.000133,time_percent_error=99.973693,nthreads=34,end_time=92526.051257,avg_power_W=114.545455,max_power_W=116.000000,avg_time_s=0.000211,released_listeners=1,
start_task=,name=dot,tick=87,start_time=92526.051317,nthreads=34,
message=tick stats,tick=87,estimated_current_power=37.225000,
end_task=,name=dot,elapsed_seconds=0.506572,predicted_seconds=0.000133,time_percent_error=99.973646,nthreads=34,end_time=92526.558859,avg_power_W=114.300000,max_power_W=116.000000,avg_time_s=0.000213,released_listeners=1,
start_task=,name=dot,tick=88,start_time=92526.558890,nthreads=34,
message=tick stats,tick=88,estimated_current_power=37.225000,
end_task=,name=dot,elapsed_seconds=0.506460,predicted_seconds=0.000133,time_percent_error=99.973641,nthreads=34,end_time=92527.066920,avg_power_W=114.400000,max_power_W=116.000000,avg_time_s=0.000209,released_listeners=1,
start_task=,name=dot,tick=89,start_time=92527.066954,nthreads=34,
message=tick stats,tick=89,estimated_current_power=37.225000,
end_task=,name=dot,elapsed_seconds=0.507682,predicted_seconds=0.000133,time_percent_error=99.973704,nthreads=34,end_time=92527.575629,avg_power_W=114.500000,max_power_W=117.000000,avg_time_s=0.000208,released_listeners=1,
start_task=,name=dot,tick=90,start_time=92527.575660,nthreads=34,
message=tick stats,tick=90,estimated_current_power=37.225000,
end_task=,name=dot,elapsed_seconds=0.507886,predicted_seconds=0.000133,time_percent_error=99.973715,nthreads=34,end_time=92528.084637,avg_power_W=114.000000,max_power_W=114.000000,avg_time_s=0.000203,released_listeners=1,
start_task=,name=dot,tick=91,start_time=92528.084670,nthreads=34,
message=tick stats,tick=91,estimated_current_power=37.225000,
end_task=,name=dot,elapsed_seconds=0.510858,predicted_seconds=0.000133,time_percent_error=99.973867,nthreads=34,end_time=92528.602182,avg_power_W=114.363636,max_power_W=116.000000,avg_time_s=0.000204,released_listeners=1,
start_task=,name=dot,tick=92,start_time=92528.602233,nthreads=34,
message=tick stats,tick=92,estimated_current_power=37.225000,
end_task=,name=dot,elapsed_seconds=0.508969,predicted_seconds=0.000133,time_percent_error=99.973771,nthreads=34,end_time=92529.112177,avg_power_W=114.000000,max_power_W=114.000000,avg_time_s=0.000203,released_listeners=1,
start_task=,name=sum_contribs,tick=93,start_time=92529.112210,nthreads=34,
message=tick stats,tick=93,estimated_current_power=0.000000,
end_task=,name=sum_contribs,elapsed_seconds=0.510329,predicted_seconds=0.000000,time_percent_error=100.000000,nthreads=34,end_time=92529.622972,avg_power_W=113.100000,max_power_W=114.000000,avg_time_s=0.000149,released_listeners=2,
start_task=,name=comp_beta,tick=94,start_time=92529.623013,nthreads=34,
message=tick stats,tick=94,estimated_current_power=0.000000,
end_task=,name=comp_beta,elapsed_seconds=0.505470,predicted_seconds=0.000000,time_percent_error=100.000000,nthreads=34,end_time=92530.129920,avg_power_W=111.600000,max_power_W=114.000000,avg_time_s=0.000064,released_listeners=8,
start_task=,name=assign,tick=95,start_time=92530.129968,nthreads=34,
message=tick stats,tick=95,estimated_current_power=0.000000,
end_task=,name=assign,elapsed_seconds=0.507436,predicted_seconds=0.000000,time_percent_error=100.000000,nthreads=34,end_time=92530.651835,avg_power_W=101.636364,max_power_W=107.000000,avg_time_s=0.000061,released_listeners=0,
start_task=,name=xapyprofile,tick=96,start_time=92530.651907,nthreads=34,
message=tick stats,tick=96,estimated_current_power=0.000000,
end_task=,name=xapyprofile,elapsed_seconds=0.509112,predicted_seconds=0.000000,time_percent_error=100.000000,nthreads=34,end_time=92531.162082,avg_power_W=117.600000,max_power_W=120.000000,avg_time_s=0.006974,released_listeners=1,
start_task=,name=xapyprofile,tick=97,start_time=92531.162131,nthreads=34,
message=tick stats,tick=97,estimated_current_power=0.000000,
end_task=,name=xapyprofile,elapsed_seconds=0.507726,predicted_seconds=0.000000,time_percent_error=100.000000,nthreads=34,end_time=92531.671357,avg_power_W=119.100000,max_power_W=120.000000,avg_time_s=0.007253,released_listeners=1,
start_task=,name=xapyprofile,tick=98,start_time=92531.671406,nthreads=34,
message=tick stats,tick=98,estimated_current_power=0.000000,
end_task=,name=xapyprofile,elapsed_seconds=0.509416,predicted_seconds=0.000000,time_percent_error=100.000000,nthreads=34,end_time=92532.181757,avg_power_W=119.500000,max_power_W=120.000000,avg_time_s=0.007277,released_listeners=1,
start_task=,name=xapyprofile,tick=99,start_time=92532.181810,nthreads=34,
message=tick stats,tick=99,estimated_current_power=0.000000,
end_task=,name=xapyprofile,elapsed_seconds=0.510533,predicted_seconds=0.000000,time_percent_error=100.000000,nthreads=34,end_time=92532.701889,avg_power_W=119.545455,max_power_W=120.000000,avg_time_s=0.007091,released_listeners=1,
start_task=,name=xapyprofile,tick=100,start_time=92532.701941,nthreads=34,
message=tick stats,tick=100,estimated_current_power=0.000000,
end_task=,name=xapyprofile,elapsed_seconds=0.509083,predicted_seconds=0.000000,time_percent_error=100.000000,nthreads=34,end_time=92533.211905,avg_power_W=119.800000,max_power_W=120.000000,avg_time_s=0.006974,released_listeners=1,
start_task=,name=xapyprofile,tick=101,start_time=92533.211953,nthreads=34,
message=tick stats,tick=101,estimated_current_power=0.000000,
end_task=,name=xapyprofile,elapsed_seconds=0.508887,predicted_seconds=0.000000,time_percent_error=100.000000,nthreads=34,end_time=92533.721825,avg_power_W=119.600000,max_power_W=120.000000,avg_time_s=0.006971,released_listeners=1,
start_task=,name=xapyprofile,tick=102,start_time=92533.721873,nthreads=34,
message=tick stats,tick=102,estimated_current_power=0.000000,
end_task=,name=xapyprofile,elapsed_seconds=0.508172,predicted_seconds=0.000000,time_percent_error=100.000000,nthreads=34,end_time=92534.231556,avg_power_W=119.800000,max_power_W=120.000000,avg_time_s=0.006867,released_listeners=1,
start_task=,name=xapyprofile,tick=103,start_time=92534.231605,nthreads=34,
message=tick stats,tick=103,estimated_current_power=0.000000,
end_task=,name=xapyprofile,elapsed_seconds=0.508274,predicted_seconds=0.000000,time_percent_error=100.000000,nthreads=34,end_time=92534.752585,avg_power_W=119.818182,max_power_W=120.000000,avg_time_s=0.007059,released_listeners=1,
start_task=,name=xapy,tick=104,start_time=92534.752638,nthreads=34,
message=tick stats,tick=104,estimated_current_power=40.600000,
end_task=,name=xapy,elapsed_seconds=0.013059,predicted_seconds=0.004465,time_percent_error=65.808788,nthreads=34,end_time=92534.766704,avg_power_W=-nan,max_power_W=0.000000,avg_time_s=0.013059,released_listeners=0,
start_task=,name=xapy,tick=105,start_time=92534.766747,nthreads=34,
message=tick stats,tick=105,estimated_current_power=40.600000,
end_task=,name=xapy,elapsed_seconds=0.012191,predicted_seconds=0.004465,time_percent_error=63.374768,nthreads=34,end_time=92534.779874,avg_power_W=-nan,max_power_W=0.000000,avg_time_s=0.012191,released_listeners=0,
start_task=,name=xapy,tick=106,start_time=92534.779907,nthreads=34,
message=tick stats,tick=106,estimated_current_power=40.600000,
end_task=,name=xapy,elapsed_seconds=0.010897,predicted_seconds=0.004465,time_percent_error=59.024713,nthreads=34,end_time=92534.802747,avg_power_W=120.000000,max_power_W=120.000000,avg_time_s=0.010897,released_listeners=0,
start_task=,name=xapy,tick=107,start_time=92534.802799,nthreads=34,
message=tick stats,tick=107,estimated_current_power=40.600000,
end_task=,name=xapy,elapsed_seconds=0.014657,predicted_seconds=0.004465,time_percent_error=69.536117,nthreads=34,end_time=92534.818446,avg_power_W=-nan,max_power_W=0.000000,avg_time_s=0.014657,released_listeners=0,
start_task=,name=xapy,tick=108,start_time=92534.818481,nthreads=34,
message=tick stats,tick=108,estimated_current_power=40.600000,
end_task=,name=xapy,elapsed_seconds=0.010868,predicted_seconds=0.004465,time_percent_error=58.915498,nthreads=34,end_time=92534.830370,avg_power_W=-nan,max_power_W=0.000000,avg_time_s=0.010868,released_listeners=0,
start_task=,name=xapy,tick=109,start_time=92534.830387,nthreads=34,
message=tick stats,tick=109,estimated_current_power=40.600000,
end_task=,name=xapy,elapsed_seconds=0.018630,predicted_seconds=0.004465,time_percent_error=76.033287,nthreads=34,end_time=92534.850792,avg_power_W=116.000000,max_power_W=116.000000,avg_time_s=0.018630,released_listeners=0,
start_task=,name=xapy,tick=110,start_time=92534.850845,nthreads=34,
message=tick stats,tick=110,estimated_current_power=40.600000,
end_task=,name=xapy,elapsed_seconds=0.009594,predicted_seconds=0.004465,time_percent_error=53.460011,nthreads=34,end_time=92534.861722,avg_power_W=-nan,max_power_W=0.000000,avg_time_s=0.009594,released_listeners=0,
start_task=,name=xapy,tick=111,start_time=92534.861756,nthreads=34,
message=tick stats,tick=111,estimated_current_power=40.600000,
end_task=,name=xapy,elapsed_seconds=0.009215,predicted_seconds=0.004465,time_percent_error=51.545145,nthreads=34,end_time=92534.871906,avg_power_W=-nan,max_power_W=0.000000,avg_time_s=0.009215,released_listeners=0,
est_max_power=41.475000,
average_power_W=-nan,
max_power_W=0.000000,
time_s=45.036514,
message=ALL DONE,
