message=cataloging configuration,max_threads=67,power_limit=inf,
start_task=,name=start,tick=1,start_time=162407.870643,nthreads=67,
message=tick stats,tick=1,estimated_current_power=0.000000,
end_task=,name=start,elapsed_seconds=0.512165,predicted_seconds=0.000000,time_percent_error=100.000000,nthreads=67,end_time=162408.388297,avg_power_W=103.300000,max_power_W=106.000000,avg_time_s=0.000000,released_listeners=8,
start_task=,name=spmv,tick=2,start_time=162408.388367,nthreads=67,
message=tick stats,tick=2,estimated_current_power=68.537500,
end_task=,name=spmv,elapsed_seconds=0.511366,predicted_seconds=0.006523,time_percent_error=98.724324,nthreads=67,end_time=162408.900968,avg_power_W=121.800000,max_power_W=142.000000,avg_time_s=0.015496,released_listeners=1,
start_task=,name=spmv,tick=3,start_time=162408.901029,nthreads=67,
message=tick stats,tick=3,estimated_current_power=68.537500,
end_task=,name=spmv,elapsed_seconds=0.516397,predicted_seconds=0.006523,time_percent_error=98.736753,nthreads=67,end_time=162409.418178,avg_power_W=141.800000,max_power_W=144.000000,avg_time_s=0.009221,released_listeners=1,
start_task=,name=spmv,tick=4,start_time=162409.418271,nthreads=67,
message=tick stats,tick=4,estimated_current_power=68.537500,
end_task=,name=spmv,elapsed_seconds=0.526288,predicted_seconds=0.006523,time_percent_error=98.760494,nthreads=67,end_time=162409.945291,avg_power_W=141.545455,max_power_W=144.000000,avg_time_s=0.009746,released_listeners=1,
start_task=,name=spmv,tick=5,start_time=162409.945352,nthreads=67,
message=tick stats,tick=5,estimated_current_power=68.537500,
end_task=,name=spmv,elapsed_seconds=0.524631,predicted_seconds=0.006523,time_percent_error=98.756578,nthreads=67,end_time=162410.487750,avg_power_W=143.181818,max_power_W=145.000000,avg_time_s=0.008744,released_listeners=1,
start_task=,name=spmv,tick=6,start_time=162410.487814,nthreads=67,
message=tick stats,tick=6,estimated_current_power=68.537500,
end_task=,name=spmv,elapsed_seconds=0.525804,predicted_seconds=0.006523,time_percent_error=98.759352,nthreads=67,end_time=162411.014299,avg_power_W=143.500000,max_power_W=146.000000,avg_time_s=0.008912,released_listeners=1,
start_task=,name=spmv,tick=7,start_time=162411.014359,nthreads=67,
message=tick stats,tick=7,estimated_current_power=68.537500,
end_task=,name=spmv,elapsed_seconds=0.550200,predicted_seconds=0.006523,time_percent_error=98.814362,nthreads=67,end_time=162411.566067,avg_power_W=143.636364,max_power_W=146.000000,avg_time_s=0.010004,released_listeners=1,
start_task=,name=spmv,tick=8,start_time=162411.566132,nthreads=67,
message=tick stats,tick=8,estimated_current_power=68.537500,
end_task=,name=spmv,elapsed_seconds=0.528018,predicted_seconds=0.006523,time_percent_error=98.764554,nthreads=67,end_time=162412.094908,avg_power_W=144.272727,max_power_W=146.000000,avg_time_s=0.009778,released_listeners=1,
start_task=,name=spmv,tick=9,start_time=162412.094972,nthreads=67,
message=tick stats,tick=9,estimated_current_power=68.537500,
end_task=,name=spmv,elapsed_seconds=0.538267,predicted_seconds=0.006523,time_percent_error=98.788078,nthreads=67,end_time=162412.638135,avg_power_W=144.090909,max_power_W=146.000000,avg_time_s=0.009612,released_listeners=1,
start_task=,name=subtract,tick=10,start_time=162412.638271,nthreads=67,
message=tick stats,tick=10,estimated_current_power=58.350000,
end_task=,name=subtract,elapsed_seconds=0.518629,predicted_seconds=0.000358,time_percent_error=99.930900,nthreads=67,end_time=162413.157684,avg_power_W=139.400000,max_power_W=143.000000,avg_time_s=0.000488,released_listeners=2,
start_task=,name=subtract,tick=11,start_time=162413.157717,nthreads=67,
message=tick stats,tick=11,estimated_current_power=58.350000,
end_task=,name=subtract,elapsed_seconds=0.524012,predicted_seconds=0.000358,time_percent_error=99.931609,nthreads=67,end_time=162413.688450,avg_power_W=139.727273,max_power_W=140.000000,avg_time_s=0.000454,released_listeners=2,
start_task=,name=subtract,tick=12,start_time=162413.688513,nthreads=67,
message=tick stats,tick=12,estimated_current_power=58.350000,
end_task=,name=subtract,elapsed_seconds=0.517854,predicted_seconds=0.000358,time_percent_error=99.930796,nthreads=67,end_time=162414.207291,avg_power_W=139.800000,max_power_W=141.000000,avg_time_s=0.000442,released_listeners=2,
start_task=,name=subtract,tick=13,start_time=162414.207329,nthreads=67,
message=tick stats,tick=13,estimated_current_power=58.350000,
end_task=,name=subtract,elapsed_seconds=0.535529,predicted_seconds=0.000358,time_percent_error=99.933080,nthreads=67,end_time=162414.743746,avg_power_W=139.818182,max_power_W=141.000000,avg_time_s=0.000466,released_listeners=2,
start_task=,name=subtract,tick=14,start_time=162414.743809,nthreads=67,
message=tick stats,tick=14,estimated_current_power=58.350000,
end_task=,name=subtract,elapsed_seconds=0.524557,predicted_seconds=0.000358,time_percent_error=99.931681,nthreads=67,end_time=162415.269059,avg_power_W=139.800000,max_power_W=141.000000,avg_time_s=0.000444,released_listeners=2,
start_task=,name=subtract,tick=15,start_time=162415.269089,nthreads=67,
message=tick stats,tick=15,estimated_current_power=58.350000,
end_task=,name=subtract,elapsed_seconds=0.526852,predicted_seconds=0.000358,time_percent_error=99.931978,nthreads=67,end_time=162415.796628,avg_power_W=140.000000,max_power_W=141.000000,avg_time_s=0.000440,released_listeners=2,
start_task=,name=subtract,tick=16,start_time=162415.796660,nthreads=67,
message=tick stats,tick=16,estimated_current_power=58.350000,
end_task=,name=subtract,elapsed_seconds=0.539477,predicted_seconds=0.000358,time_percent_error=99.933570,nthreads=67,end_time=162416.339565,avg_power_W=139.636364,max_power_W=141.000000,avg_time_s=0.000460,released_listeners=2,
start_task=,name=subtract,tick=17,start_time=162416.339632,nthreads=67,
message=tick stats,tick=17,estimated_current_power=58.350000,
end_task=,name=subtract,elapsed_seconds=0.524251,predicted_seconds=0.000358,time_percent_error=99.931641,nthreads=67,end_time=162416.864707,avg_power_W=141.700000,max_power_W=143.000000,avg_time_s=0.000448,released_listeners=2,
start_task=,name=copy,tick=18,start_time=162416.864739,nthreads=67,
message=tick stats,tick=18,estimated_current_power=59.475000,
end_task=,name=copy,elapsed_seconds=0.531445,predicted_seconds=0.000170,time_percent_error=99.968012,nthreads=67,end_time=162417.396982,avg_power_W=141.454545,max_power_W=143.000000,avg_time_s=0.000228,released_listeners=1,
start_task=,name=dot,tick=19,start_time=162417.397047,nthreads=67,
message=tick stats,tick=19,estimated_current_power=60.766667,
end_task=,name=dot,elapsed_seconds=0.525008,predicted_seconds=0.000142,time_percent_error=99.972913,nthreads=67,end_time=162417.937884,avg_power_W=140.454545,max_power_W=142.000000,avg_time_s=0.000164,released_listeners=1,
start_task=,name=copy,tick=20,start_time=162417.937960,nthreads=67,
message=tick stats,tick=20,estimated_current_power=59.475000,
end_task=,name=copy,elapsed_seconds=0.518385,predicted_seconds=0.000170,time_percent_error=99.967206,nthreads=67,end_time=162418.457250,avg_power_W=141.700000,max_power_W=143.000000,avg_time_s=0.000218,released_listeners=1,
start_task=,name=dot,tick=21,start_time=162418.457310,nthreads=67,
message=tick stats,tick=21,estimated_current_power=60.766667,
end_task=,name=dot,elapsed_seconds=0.519500,predicted_seconds=0.000142,time_percent_error=99.972626,nthreads=67,end_time=162418.987832,avg_power_W=142.909091,max_power_W=143.000000,avg_time_s=0.000162,released_listeners=1,
start_task=,name=copy,tick=22,start_time=162418.987901,nthreads=67,
message=tick stats,tick=22,estimated_current_power=59.475000,
end_task=,name=copy,elapsed_seconds=0.518000,predicted_seconds=0.000170,time_percent_error=99.967181,nthreads=67,end_time=162419.506849,avg_power_W=143.100000,max_power_W=144.000000,avg_time_s=0.000233,released_listeners=1,
start_task=,name=dot,tick=23,start_time=162419.506883,nthreads=67,
message=tick stats,tick=23,estimated_current_power=60.766667,
end_task=,name=dot,elapsed_seconds=0.519498,predicted_seconds=0.000142,time_percent_error=99.972626,nthreads=67,end_time=162420.038118,avg_power_W=142.727273,max_power_W=143.000000,avg_time_s=0.000163,released_listeners=1,
start_task=,name=copy,tick=24,start_time=162420.038208,nthreads=67,
message=tick stats,tick=24,estimated_current_power=59.475000,
end_task=,name=copy,elapsed_seconds=0.527992,predicted_seconds=0.000170,time_percent_error=99.967803,nthreads=67,end_time=162420.567079,avg_power_W=143.700000,max_power_W=148.000000,avg_time_s=0.000225,released_listeners=1,
start_task=,name=dot,tick=25,start_time=162420.567111,nthreads=67,
message=tick stats,tick=25,estimated_current_power=60.766667,
end_task=,name=dot,elapsed_seconds=0.548692,predicted_seconds=0.000142,time_percent_error=99.974082,nthreads=67,end_time=162421.117153,avg_power_W=144.454545,max_power_W=145.000000,avg_time_s=0.000172,released_listeners=1,
start_task=,name=copy,tick=26,start_time=162421.117196,nthreads=67,
message=tick stats,tick=26,estimated_current_power=59.475000,
end_task=,name=copy,elapsed_seconds=0.519032,predicted_seconds=0.000170,time_percent_error=99.967247,nthreads=67,end_time=162421.639259,avg_power_W=145.181818,max_power_W=146.000000,avg_time_s=0.000220,released_listeners=1,
start_task=,name=dot,tick=27,start_time=162421.639322,nthreads=67,
message=tick stats,tick=27,estimated_current_power=60.766667,
end_task=,name=dot,elapsed_seconds=0.526549,predicted_seconds=0.000142,time_percent_error=99.972992,nthreads=67,end_time=162422.166803,avg_power_W=145.700000,max_power_W=147.000000,avg_time_s=0.000161,released_listeners=1,
start_task=,name=copy,tick=28,start_time=162422.166844,nthreads=67,
message=tick stats,tick=28,estimated_current_power=59.475000,
end_task=,name=copy,elapsed_seconds=0.519238,predicted_seconds=0.000170,time_percent_error=99.967260,nthreads=67,end_time=162422.688434,avg_power_W=147.363636,max_power_W=149.000000,avg_time_s=0.000228,released_listeners=1,
start_task=,name=dot,tick=29,start_time=162422.688504,nthreads=67,
message=tick stats,tick=29,estimated_current_power=60.766667,
end_task=,name=dot,elapsed_seconds=0.517224,predicted_seconds=0.000142,time_percent_error=99.972505,nthreads=67,end_time=162423.206838,avg_power_W=148.000000,max_power_W=149.000000,avg_time_s=0.000164,released_listeners=1,
start_task=,name=copy,tick=30,start_time=162423.206880,nthreads=67,
message=tick stats,tick=30,estimated_current_power=59.475000,
end_task=,name=copy,elapsed_seconds=0.525802,predicted_seconds=0.000170,time_percent_error=99.967668,nthreads=67,end_time=162423.740200,avg_power_W=148.090909,max_power_W=151.000000,avg_time_s=0.000223,released_listeners=1,
start_task=,name=dot,tick=31,start_time=162423.740266,nthreads=67,
message=tick stats,tick=31,estimated_current_power=60.766667,
end_task=,name=dot,elapsed_seconds=0.525401,predicted_seconds=0.000142,time_percent_error=99.972933,nthreads=67,end_time=162424.266399,avg_power_W=148.100000,max_power_W=149.000000,avg_time_s=0.000164,released_listeners=1,
start_task=,name=copy,tick=32,start_time=162424.266439,nthreads=67,
message=tick stats,tick=32,estimated_current_power=59.475000,
end_task=,name=copy,elapsed_seconds=0.518183,predicted_seconds=0.000170,time_percent_error=99.967193,nthreads=67,end_time=162424.787770,avg_power_W=148.727273,max_power_W=149.000000,avg_time_s=0.000212,released_listeners=1,
start_task=,name=dot,tick=33,start_time=162424.787834,nthreads=67,
message=tick stats,tick=33,estimated_current_power=60.766667,
end_task=,name=dot,elapsed_seconds=0.527909,predicted_seconds=0.000142,time_percent_error=99.973062,nthreads=67,end_time=162425.317675,avg_power_W=147.800000,max_power_W=149.000000,avg_time_s=0.000165,released_listeners=1,
start_task=,name=spmv,tick=34,start_time=162425.317716,nthreads=67,
message=tick stats,tick=34,estimated_current_power=68.537500,
end_task=,name=spmv,elapsed_seconds=0.558763,predicted_seconds=0.006523,time_percent_error=98.832532,nthreads=67,end_time=162425.887999,avg_power_W=156.083333,max_power_W=161.000000,avg_time_s=0.008596,released_listeners=1,
start_task=,name=spmv,tick=35,start_time=162425.888064,nthreads=67,
message=tick stats,tick=35,estimated_current_power=68.537500,
end_task=,name=spmv,elapsed_seconds=0.527824,predicted_seconds=0.006523,time_percent_error=98.764100,nthreads=67,end_time=162426.416614,avg_power_W=158.400000,max_power_W=160.000000,avg_time_s=0.008247,released_listeners=1,
start_task=,name=spmv,tick=36,start_time=162426.416686,nthreads=67,
message=tick stats,tick=36,estimated_current_power=68.537500,
end_task=,name=spmv,elapsed_seconds=0.531550,predicted_seconds=0.006523,time_percent_error=98.772763,nthreads=67,end_time=162426.949450,avg_power_W=159.454545,max_power_W=160.000000,avg_time_s=0.008178,released_listeners=1,
start_task=,name=spmv,tick=37,start_time=162426.949513,nthreads=67,
message=tick stats,tick=37,estimated_current_power=68.537500,
end_task=,name=spmv,elapsed_seconds=0.522554,predicted_seconds=0.006523,time_percent_error=98.751637,nthreads=67,end_time=162427.487969,avg_power_W=158.727273,max_power_W=160.000000,avg_time_s=0.008165,released_listeners=1,
start_task=,name=spmv,tick=38,start_time=162427.488034,nthreads=67,
message=tick stats,tick=38,estimated_current_power=68.537500,
end_task=,name=spmv,elapsed_seconds=0.525605,predicted_seconds=0.006523,time_percent_error=98.758883,nthreads=67,end_time=162428.014909,avg_power_W=158.700000,max_power_W=161.000000,avg_time_s=0.008213,released_listeners=1,
start_task=,name=spmv,tick=39,start_time=162428.014975,nthreads=67,
message=tick stats,tick=39,estimated_current_power=68.537500,
end_task=,name=spmv,elapsed_seconds=0.526885,predicted_seconds=0.006523,time_percent_error=98.761899,nthreads=67,end_time=162428.542649,avg_power_W=158.818182,max_power_W=161.000000,avg_time_s=0.008233,released_listeners=1,
start_task=,name=spmv,tick=40,start_time=162428.542712,nthreads=67,
message=tick stats,tick=40,estimated_current_power=68.537500,
end_task=,name=spmv,elapsed_seconds=0.519556,predicted_seconds=0.006523,time_percent_error=98.744433,nthreads=67,end_time=162429.063541,avg_power_W=160.400000,max_power_W=161.000000,avg_time_s=0.008118,released_listeners=1,
start_task=,name=spmv,tick=41,start_time=162429.063603,nthreads=67,
message=tick stats,tick=41,estimated_current_power=68.537500,
end_task=,name=spmv,elapsed_seconds=0.530623,predicted_seconds=0.006523,time_percent_error=98.770620,nthreads=67,end_time=162429.595013,avg_power_W=160.545455,max_power_W=164.000000,avg_time_s=0.008291,released_listeners=1,
start_task=,name=sum_contribs,tick=42,start_time=162429.595075,nthreads=67,
message=tick stats,tick=42,estimated_current_power=0.000000,
end_task=,name=sum_contribs,elapsed_seconds=0.523170,predicted_seconds=0.000000,time_percent_error=100.000000,nthreads=67,end_time=162430.119064,avg_power_W=150.200000,max_power_W=164.000000,avg_time_s=0.000134,released_listeners=1,
start_task=,name=dot,tick=43,start_time=162430.119107,nthreads=67,
message=tick stats,tick=43,estimated_current_power=60.766667,
end_task=,name=dot,elapsed_seconds=0.556854,predicted_seconds=0.000142,time_percent_error=99.974462,nthreads=67,end_time=162430.687686,avg_power_W=150.166667,max_power_W=152.000000,avg_time_s=0.000236,released_listeners=1,
start_task=,name=dot,tick=44,start_time=162430.687754,nthreads=67,
message=tick stats,tick=44,estimated_current_power=60.766667,
end_task=,name=dot,elapsed_seconds=0.523743,predicted_seconds=0.000142,time_percent_error=99.972848,nthreads=67,end_time=162431.212128,avg_power_W=150.900000,max_power_W=151.000000,avg_time_s=0.000204,released_listeners=1,
start_task=,name=dot,tick=45,start_time=162431.212165,nthreads=67,
message=tick stats,tick=45,estimated_current_power=60.766667,
end_task=,name=dot,elapsed_seconds=0.526441,predicted_seconds=0.000142,time_percent_error=99.972987,nthreads=67,end_time=162431.739340,avg_power_W=151.000000,max_power_W=151.000000,avg_time_s=0.000219,released_listeners=1,
start_task=,name=dot,tick=46,start_time=162431.739376,nthreads=67,
message=tick stats,tick=46,estimated_current_power=60.766667,
end_task=,name=dot,elapsed_seconds=0.526177,predicted_seconds=0.000142,time_percent_error=99.972973,nthreads=67,end_time=162432.267665,avg_power_W=150.900000,max_power_W=152.000000,avg_time_s=0.000217,released_listeners=1,
start_task=,name=dot,tick=47,start_time=162432.267741,nthreads=67,
message=tick stats,tick=47,estimated_current_power=60.766667,
end_task=,name=dot,elapsed_seconds=0.526171,predicted_seconds=0.000142,time_percent_error=99.972973,nthreads=67,end_time=162432.794748,avg_power_W=151.000000,max_power_W=151.000000,avg_time_s=0.000217,released_listeners=1,
start_task=,name=dot,tick=48,start_time=162432.794785,nthreads=67,
message=tick stats,tick=48,estimated_current_power=60.766667,
end_task=,name=dot,elapsed_seconds=0.536084,predicted_seconds=0.000142,time_percent_error=99.973473,nthreads=67,end_time=162433.337984,avg_power_W=150.727273,max_power_W=151.000000,avg_time_s=0.000221,released_listeners=1,
start_task=,name=dot,tick=49,start_time=162433.338060,nthreads=67,
message=tick stats,tick=49,estimated_current_power=60.766667,
end_task=,name=dot,elapsed_seconds=0.517733,predicted_seconds=0.000142,time_percent_error=99.972532,nthreads=67,end_time=162433.856810,avg_power_W=150.600000,max_power_W=151.000000,avg_time_s=0.000205,released_listeners=1,
start_task=,name=dot,tick=50,start_time=162433.856850,nthreads=67,
message=tick stats,tick=50,estimated_current_power=60.766667,
end_task=,name=dot,elapsed_seconds=0.519096,predicted_seconds=0.000142,time_percent_error=99.972605,nthreads=67,end_time=162434.389712,avg_power_W=150.636364,max_power_W=151.000000,avg_time_s=0.000210,released_listeners=1,
start_task=,name=sum_contribs,tick=51,start_time=162434.389787,nthreads=67,
message=tick stats,tick=51,estimated_current_power=0.000000,
end_task=,name=sum_contribs,elapsed_seconds=0.516104,predicted_seconds=0.000000,time_percent_error=100.000000,nthreads=67,end_time=162434.906595,avg_power_W=148.300000,max_power_W=151.000000,avg_time_s=0.000133,released_listeners=1,
start_task=,name=comp_alpha,tick=52,start_time=162434.906634,nthreads=67,
message=tick stats,tick=52,estimated_current_power=0.000000,
end_task=,name=comp_alpha,elapsed_seconds=0.539331,predicted_seconds=0.000000,time_percent_error=100.000000,nthreads=67,end_time=162435.446798,avg_power_W=145.454545,max_power_W=148.000000,avg_time_s=0.000056,released_listeners=16,
start_task=,name=axpyprofile,tick=53,start_time=162435.446854,nthreads=67,
message=tick stats,tick=53,estimated_current_power=0.000000,
end_task=,name=axpyprofile,elapsed_seconds=0.505761,predicted_seconds=0.000000,time_percent_error=100.000000,nthreads=67,end_time=162435.953375,avg_power_W=154.000000,max_power_W=158.000000,avg_time_s=0.005813,released_listeners=1,
start_task=,name=axpyprofile,tick=54,start_time=162435.953436,nthreads=67,
message=tick stats,tick=54,estimated_current_power=0.000000,
end_task=,name=axpyprofile,elapsed_seconds=0.525813,predicted_seconds=0.000000,time_percent_error=100.000000,nthreads=67,end_time=162436.487763,avg_power_W=156.818182,max_power_W=160.000000,avg_time_s=0.005975,released_listeners=1,
start_task=,name=axpyprofile,tick=55,start_time=162436.487828,nthreads=67,
message=tick stats,tick=55,estimated_current_power=0.000000,
end_task=,name=axpyprofile,elapsed_seconds=0.518059,predicted_seconds=0.000000,time_percent_error=100.000000,nthreads=67,end_time=162437.006604,avg_power_W=157.300000,max_power_W=158.000000,avg_time_s=0.006024,released_listeners=1,
start_task=,name=axpyprofile,tick=56,start_time=162437.006666,nthreads=67,
message=tick stats,tick=56,estimated_current_power=0.000000,
end_task=,name=axpyprofile,elapsed_seconds=0.533052,predicted_seconds=0.000000,time_percent_error=100.000000,nthreads=67,end_time=162437.540541,avg_power_W=156.545455,max_power_W=158.000000,avg_time_s=0.006057,released_listeners=1,
start_task=,name=axpyprofile,tick=57,start_time=162437.540603,nthreads=67,
message=tick stats,tick=57,estimated_current_power=0.000000,
end_task=,name=axpyprofile,elapsed_seconds=0.529056,predicted_seconds=0.000000,time_percent_error=100.000000,nthreads=67,end_time=162438.070381,avg_power_W=157.800000,max_power_W=159.000000,avg_time_s=0.006012,released_listeners=1,
start_task=,name=axpyprofile,tick=58,start_time=162438.070443,nthreads=67,
message=tick stats,tick=58,estimated_current_power=0.000000,
end_task=,name=axpyprofile,elapsed_seconds=0.530433,predicted_seconds=0.000000,time_percent_error=100.000000,nthreads=67,end_time=162438.601606,avg_power_W=157.181818,max_power_W=158.000000,avg_time_s=0.006028,released_listeners=1,
start_task=,name=axpyprofile,tick=59,start_time=162438.601671,nthreads=67,
message=tick stats,tick=59,estimated_current_power=0.000000,
end_task=,name=axpyprofile,elapsed_seconds=0.525555,predicted_seconds=0.000000,time_percent_error=100.000000,nthreads=67,end_time=162439.138006,avg_power_W=157.545455,max_power_W=160.000000,avg_time_s=0.006041,released_listeners=1,
start_task=,name=axpyprofile,tick=60,start_time=162439.138071,nthreads=67,
message=tick stats,tick=60,estimated_current_power=0.000000,
end_task=,name=axpyprofile,elapsed_seconds=0.523513,predicted_seconds=0.000000,time_percent_error=100.000000,nthreads=67,end_time=162439.662362,avg_power_W=157.100000,max_power_W=158.000000,avg_time_s=0.005949,released_listeners=1,
start_task=,name=axpyprofile,tick=61,start_time=162439.662424,nthreads=67,
message=tick stats,tick=61,estimated_current_power=0.000000,
end_task=,name=axpyprofile,elapsed_seconds=0.529738,predicted_seconds=0.000000,time_percent_error=100.000000,nthreads=67,end_time=162440.193439,avg_power_W=157.272727,max_power_W=158.000000,avg_time_s=0.006020,released_listeners=1,
start_task=,name=axpyprofile,tick=62,start_time=162440.193501,nthreads=67,
message=tick stats,tick=62,estimated_current_power=0.000000,
end_task=,name=axpyprofile,elapsed_seconds=0.525853,predicted_seconds=0.000000,time_percent_error=100.000000,nthreads=67,end_time=162440.720081,avg_power_W=156.600000,max_power_W=159.000000,avg_time_s=0.005976,released_listeners=1,
start_task=,name=axpyprofile,tick=63,start_time=162440.720148,nthreads=67,
message=tick stats,tick=63,estimated_current_power=0.000000,
end_task=,name=axpyprofile,elapsed_seconds=0.527300,predicted_seconds=0.000000,time_percent_error=100.000000,nthreads=67,end_time=162441.248675,avg_power_W=157.636364,max_power_W=159.000000,avg_time_s=0.005992,released_listeners=1,
start_task=,name=axpyprofile,tick=64,start_time=162441.248734,nthreads=67,
message=tick stats,tick=64,estimated_current_power=0.000000,
end_task=,name=axpyprofile,elapsed_seconds=0.520854,predicted_seconds=0.000000,time_percent_error=100.000000,nthreads=67,end_time=162441.770315,avg_power_W=156.800000,max_power_W=160.000000,avg_time_s=0.005919,released_listeners=1,
start_task=,name=axpyprofile,tick=65,start_time=162441.770377,nthreads=67,
message=tick stats,tick=65,estimated_current_power=0.000000,
end_task=,name=axpyprofile,elapsed_seconds=0.527827,predicted_seconds=0.000000,time_percent_error=100.000000,nthreads=67,end_time=162442.299443,avg_power_W=156.090909,max_power_W=159.000000,avg_time_s=0.006210,released_listeners=1,
start_task=,name=axpyprofile,tick=66,start_time=162442.299506,nthreads=67,
message=tick stats,tick=66,estimated_current_power=0.000000,
end_task=,name=axpyprofile,elapsed_seconds=0.546794,predicted_seconds=0.000000,time_percent_error=100.000000,nthreads=67,end_time=162442.847022,avg_power_W=156.272727,max_power_W=158.000000,avg_time_s=0.006214,released_listeners=1,
start_task=,name=axpyprofile,tick=67,start_time=162442.847085,nthreads=67,
message=tick stats,tick=67,estimated_current_power=0.000000,
end_task=,name=axpyprofile,elapsed_seconds=0.530647,predicted_seconds=0.000000,time_percent_error=100.000000,nthreads=67,end_time=162443.388064,avg_power_W=156.727273,max_power_W=158.000000,avg_time_s=0.005962,released_listeners=1,
start_task=,name=axpyprofile,tick=68,start_time=162443.388136,nthreads=67,
message=tick stats,tick=68,estimated_current_power=0.000000,
end_task=,name=axpyprofile,elapsed_seconds=0.525579,predicted_seconds=0.000000,time_percent_error=100.000000,nthreads=67,end_time=162443.914480,avg_power_W=157.500000,max_power_W=159.000000,avg_time_s=0.005972,released_listeners=1,
start_task=,name=axpy,tick=69,start_time=162443.914545,nthreads=67,
message=tick stats,tick=69,estimated_current_power=62.100000,
end_task=,name=axpy,elapsed_seconds=0.031375,predicted_seconds=0.004665,time_percent_error=85.130877,nthreads=67,end_time=162443.946627,avg_power_W=158.000000,max_power_W=158.000000,avg_time_s=0.031375,released_listeners=0,
start_task=,name=axpy,tick=70,start_time=162443.946696,nthreads=67,
message=tick stats,tick=70,estimated_current_power=62.100000,
end_task=,name=axpy,elapsed_seconds=0.030143,predicted_seconds=0.004665,time_percent_error=84.522999,nthreads=67,end_time=162443.987732,avg_power_W=155.000000,max_power_W=155.000000,avg_time_s=0.030143,released_listeners=0,
start_task=,name=axpy,tick=71,start_time=162443.987797,nthreads=67,
message=tick stats,tick=71,estimated_current_power=62.100000,
end_task=,name=axpy,elapsed_seconds=0.029665,predicted_seconds=0.004665,time_percent_error=84.274011,nthreads=67,end_time=162444.018209,avg_power_W=-nan,max_power_W=0.000000,avg_time_s=0.029665,released_listeners=1,
start_task=,name=axpy,tick=72,start_time=162444.018263,nthreads=67,
message=tick stats,tick=72,estimated_current_power=62.100000,
end_task=,name=axpy,elapsed_seconds=0.029676,predicted_seconds=0.004665,time_percent_error=84.279632,nthreads=67,end_time=162444.048712,avg_power_W=147.000000,max_power_W=147.000000,avg_time_s=0.029676,released_listeners=1,
start_task=,name=axpy,tick=73,start_time=162444.048775,nthreads=67,
message=tick stats,tick=73,estimated_current_power=62.100000,
end_task=,name=axpy,elapsed_seconds=0.030100,predicted_seconds=0.004665,time_percent_error=84.500928,nthreads=67,end_time=162444.087900,avg_power_W=148.000000,max_power_W=148.000000,avg_time_s=0.030100,released_listeners=0,
start_task=,name=axpy,tick=74,start_time=162444.087961,nthreads=67,
message=tick stats,tick=74,estimated_current_power=62.100000,
end_task=,name=axpy,elapsed_seconds=0.033277,predicted_seconds=0.004665,time_percent_error=85.980839,nthreads=67,end_time=162444.137923,avg_power_W=148.000000,max_power_W=148.000000,avg_time_s=0.033277,released_listeners=1,
start_task=,name=axpy,tick=75,start_time=162444.137984,nthreads=67,
message=tick stats,tick=75,estimated_current_power=62.100000,
end_task=,name=axpy,elapsed_seconds=0.030298,predicted_seconds=0.004665,time_percent_error=84.602568,nthreads=67,end_time=162444.169089,avg_power_W=-nan,max_power_W=0.000000,avg_time_s=0.030298,released_listeners=0,
start_task=,name=axpy,tick=76,start_time=162444.169146,nthreads=67,
message=tick stats,tick=76,estimated_current_power=62.100000,
end_task=,name=axpy,elapsed_seconds=0.029827,predicted_seconds=0.004665,time_percent_error=84.359058,nthreads=67,end_time=162444.199687,avg_power_W=147.000000,max_power_W=147.000000,avg_time_s=0.029827,released_listeners=1,
start_task=,name=axpy,tick=77,start_time=162444.199744,nthreads=67,
message=tick stats,tick=77,estimated_current_power=62.100000,
end_task=,name=axpy,elapsed_seconds=0.025631,predicted_seconds=0.004665,time_percent_error=81.798984,nthreads=67,end_time=162444.237899,avg_power_W=148.000000,max_power_W=148.000000,avg_time_s=0.025631,released_listeners=0,
start_task=,name=axpy,tick=78,start_time=162444.237959,nthreads=67,
message=tick stats,tick=78,estimated_current_power=62.100000,
end_task=,name=axpy,elapsed_seconds=0.023041,predicted_seconds=0.004665,time_percent_error=79.752736,nthreads=67,end_time=162444.262315,avg_power_W=-nan,max_power_W=0.000000,avg_time_s=0.023041,released_listeners=1,
start_task=,name=axpy,tick=79,start_time=162444.262367,nthreads=67,
message=tick stats,tick=79,estimated_current_power=62.100000,
end_task=,name=axpy,elapsed_seconds=0.029991,predicted_seconds=0.004665,time_percent_error=84.444926,nthreads=67,end_time=162444.293538,avg_power_W=148.000000,max_power_W=148.000000,avg_time_s=0.029991,released_listeners=0,
start_task=,name=axpy,tick=80,start_time=162444.293594,nthreads=67,
message=tick stats,tick=80,estimated_current_power=62.100000,
end_task=,name=axpy,elapsed_seconds=0.025601,predicted_seconds=0.004665,time_percent_error=81.777164,nthreads=67,end_time=162444.320389,avg_power_W=-nan,max_power_W=0.000000,avg_time_s=0.025601,released_listeners=1,
start_task=,name=axpy,tick=81,start_time=162444.320441,nthreads=67,
message=tick stats,tick=81,estimated_current_power=62.100000,
end_task=,name=axpy,elapsed_seconds=0.032120,predicted_seconds=0.004665,time_percent_error=85.475626,nthreads=67,end_time=162444.353813,avg_power_W=147.000000,max_power_W=147.000000,avg_time_s=0.032120,released_listeners=0,
start_task=,name=axpy,tick=82,start_time=162444.353869,nthreads=67,
message=tick stats,tick=82,estimated_current_power=62.100000,
end_task=,name=axpy,elapsed_seconds=0.030698,predicted_seconds=0.004665,time_percent_error=84.803116,nthreads=67,end_time=162444.388258,avg_power_W=147.000000,max_power_W=147.000000,avg_time_s=0.030698,released_listeners=1,
start_task=,name=axpy,tick=83,start_time=162444.388314,nthreads=67,
message=tick stats,tick=83,estimated_current_power=62.100000,
end_task=,name=axpy,elapsed_seconds=0.030785,predicted_seconds=0.004665,time_percent_error=84.846139,nthreads=67,end_time=162444.420343,avg_power_W=-nan,max_power_W=0.000000,avg_time_s=0.030785,released_listeners=0,
start_task=,name=axpy,tick=84,start_time=162444.420396,nthreads=67,
message=tick stats,tick=84,estimated_current_power=62.100000,
end_task=,name=axpy,elapsed_seconds=0.029818,predicted_seconds=0.004665,time_percent_error=84.354451,nthreads=67,end_time=162444.451422,avg_power_W=146.000000,max_power_W=146.000000,avg_time_s=0.029818,released_listeners=1,
start_task=,name=dot,tick=85,start_time=162444.451452,nthreads=67,
message=tick stats,tick=85,estimated_current_power=60.766667,
end_task=,name=dot,elapsed_seconds=0.523933,predicted_seconds=0.000142,time_percent_error=99.972858,nthreads=67,end_time=162444.988499,avg_power_W=148.909091,max_power_W=151.000000,avg_time_s=0.000163,released_listeners=1,
start_task=,name=dot,tick=86,start_time=162444.988575,nthreads=67,
message=tick stats,tick=86,estimated_current_power=60.766667,
end_task=,name=dot,elapsed_seconds=0.518604,predicted_seconds=0.000142,time_percent_error=99.972579,nthreads=67,end_time=162445.508187,avg_power_W=149.900000,max_power_W=151.000000,avg_time_s=0.000162,released_listeners=1,
start_task=,name=dot,tick=87,start_time=162445.508230,nthreads=67,
message=tick stats,tick=87,estimated_current_power=60.766667,
end_task=,name=dot,elapsed_seconds=0.517768,predicted_seconds=0.000142,time_percent_error=99.972534,nthreads=67,end_time=162446.038285,avg_power_W=150.454545,max_power_W=151.000000,avg_time_s=0.000167,released_listeners=1,
start_task=,name=dot,tick=88,start_time=162446.038358,nthreads=67,
message=tick stats,tick=88,estimated_current_power=60.766667,
end_task=,name=dot,elapsed_seconds=0.526690,predicted_seconds=0.000142,time_percent_error=99.973000,nthreads=67,end_time=162446.565898,avg_power_W=150.300000,max_power_W=151.000000,avg_time_s=0.000164,released_listeners=1,
start_task=,name=dot,tick=89,start_time=162446.565940,nthreads=67,
message=tick stats,tick=89,estimated_current_power=60.766667,
end_task=,name=dot,elapsed_seconds=0.520422,predicted_seconds=0.000142,time_percent_error=99.972674,nthreads=67,end_time=162447.087655,avg_power_W=149.454545,max_power_W=151.000000,avg_time_s=0.000163,released_listeners=1,
start_task=,name=dot,tick=90,start_time=162447.087721,nthreads=67,
message=tick stats,tick=90,estimated_current_power=60.766667,
end_task=,name=dot,elapsed_seconds=0.548194,predicted_seconds=0.000142,time_percent_error=99.974059,nthreads=67,end_time=162447.637662,avg_power_W=150.000000,max_power_W=151.000000,avg_time_s=0.000176,released_listeners=1,
start_task=,name=dot,tick=91,start_time=162447.637738,nthreads=67,
message=tick stats,tick=91,estimated_current_power=60.766667,
end_task=,name=dot,elapsed_seconds=0.518601,predicted_seconds=0.000142,time_percent_error=99.972578,nthreads=67,end_time=162448.156994,avg_power_W=149.800000,max_power_W=151.000000,avg_time_s=0.000171,released_listeners=1,
start_task=,name=dot,tick=92,start_time=162448.157036,nthreads=67,
message=tick stats,tick=92,estimated_current_power=60.766667,
end_task=,name=dot,elapsed_seconds=0.522857,predicted_seconds=0.000142,time_percent_error=99.972802,nthreads=67,end_time=162448.688734,avg_power_W=150.000000,max_power_W=151.000000,avg_time_s=0.000164,released_listeners=1,
start_task=,name=sum_contribs,tick=93,start_time=162448.688820,nthreads=67,
message=tick stats,tick=93,estimated_current_power=0.000000,
end_task=,name=sum_contribs,elapsed_seconds=0.522591,predicted_seconds=0.000000,time_percent_error=100.000000,nthreads=67,end_time=162449.212825,avg_power_W=147.900000,max_power_W=150.000000,avg_time_s=0.000139,released_listeners=2,
start_task=,name=comp_beta,tick=94,start_time=162449.212869,nthreads=67,
message=tick stats,tick=94,estimated_current_power=0.000000,
end_task=,name=comp_beta,elapsed_seconds=0.524833,predicted_seconds=0.000000,time_percent_error=100.000000,nthreads=67,end_time=162449.741276,avg_power_W=145.363636,max_power_W=148.000000,avg_time_s=0.000056,released_listeners=8,
start_task=,name=assign,tick=95,start_time=162449.741366,nthreads=67,
message=tick stats,tick=95,estimated_current_power=0.000000,
end_task=,name=assign,elapsed_seconds=0.506931,predicted_seconds=0.000000,time_percent_error=100.000000,nthreads=67,end_time=162450.249625,avg_power_W=117.500000,max_power_W=120.000000,avg_time_s=0.000049,released_listeners=0,
start_task=,name=xapyprofile,tick=96,start_time=162450.249679,nthreads=67,
message=tick stats,tick=96,estimated_current_power=0.000000,
end_task=,name=xapyprofile,elapsed_seconds=0.508316,predicted_seconds=0.000000,time_percent_error=100.000000,nthreads=67,end_time=162450.759174,avg_power_W=149.700000,max_power_W=157.000000,avg_time_s=0.005980,released_listeners=1,
start_task=,name=xapyprofile,tick=97,start_time=162450.759257,nthreads=67,
message=tick stats,tick=97,estimated_current_power=0.000000,
end_task=,name=xapyprofile,elapsed_seconds=0.520099,predicted_seconds=0.000000,time_percent_error=100.000000,nthreads=67,end_time=162451.288051,avg_power_W=155.818182,max_power_W=157.000000,avg_time_s=0.005844,released_listeners=1,
start_task=,name=xapyprofile,tick=98,start_time=162451.288113,nthreads=67,
message=tick stats,tick=98,estimated_current_power=0.000000,
end_task=,name=xapyprofile,elapsed_seconds=0.522578,predicted_seconds=0.000000,time_percent_error=100.000000,nthreads=67,end_time=162451.811970,avg_power_W=156.400000,max_power_W=157.000000,avg_time_s=0.005872,released_listeners=1,
start_task=,name=xapyprofile,tick=99,start_time=162451.812032,nthreads=67,
message=tick stats,tick=99,estimated_current_power=0.000000,
end_task=,name=xapyprofile,elapsed_seconds=0.519768,predicted_seconds=0.000000,time_percent_error=100.000000,nthreads=67,end_time=162452.337838,avg_power_W=156.000000,max_power_W=157.000000,avg_time_s=0.005775,released_listeners=1,
start_task=,name=xapyprofile,tick=100,start_time=162452.337903,nthreads=67,
message=tick stats,tick=100,estimated_current_power=0.000000,
end_task=,name=xapyprofile,elapsed_seconds=0.524308,predicted_seconds=0.000000,time_percent_error=100.000000,nthreads=67,end_time=162452.863479,avg_power_W=156.400000,max_power_W=159.000000,avg_time_s=0.005891,released_listeners=1,
start_task=,name=xapyprofile,tick=101,start_time=162452.863511,nthreads=67,
message=tick stats,tick=101,estimated_current_power=0.000000,
end_task=,name=xapyprofile,elapsed_seconds=0.527995,predicted_seconds=0.000000,time_percent_error=100.000000,nthreads=67,end_time=162453.392283,avg_power_W=156.454545,max_power_W=157.000000,avg_time_s=0.005933,released_listeners=1,
start_task=,name=xapyprofile,tick=102,start_time=162453.392345,nthreads=67,
message=tick stats,tick=102,estimated_current_power=0.000000,
end_task=,name=xapyprofile,elapsed_seconds=0.530092,predicted_seconds=0.000000,time_percent_error=100.000000,nthreads=67,end_time=162453.938043,avg_power_W=155.909091,max_power_W=159.000000,avg_time_s=0.005956,released_listeners=1,
start_task=,name=xapyprofile,tick=103,start_time=162453.938109,nthreads=67,
message=tick stats,tick=103,estimated_current_power=0.000000,
end_task=,name=xapyprofile,elapsed_seconds=0.523993,predicted_seconds=0.000000,time_percent_error=100.000000,nthreads=67,end_time=162454.462888,avg_power_W=156.100000,max_power_W=159.000000,avg_time_s=0.005888,released_listeners=1,
start_task=,name=xapy,tick=104,start_time=162454.462963,nthreads=67,
message=tick stats,tick=104,estimated_current_power=66.850000,
end_task=,name=xapy,elapsed_seconds=0.052237,predicted_seconds=0.004604,time_percent_error=91.186757,nthreads=67,end_time=162454.516052,avg_power_W=156.000000,max_power_W=156.000000,avg_time_s=0.052237,released_listeners=0,
start_task=,name=xapy,tick=105,start_time=162454.516115,nthreads=67,
message=tick stats,tick=105,estimated_current_power=66.850000,
end_task=,name=xapy,elapsed_seconds=0.034859,predicted_seconds=0.004604,time_percent_error=86.793088,nthreads=67,end_time=162454.551734,avg_power_W=150.000000,max_power_W=150.000000,avg_time_s=0.034859,released_listeners=0,
start_task=,name=xapy,tick=106,start_time=162454.551791,nthreads=67,
message=tick stats,tick=106,estimated_current_power=66.850000,
end_task=,name=xapy,elapsed_seconds=0.029742,predicted_seconds=0.004604,time_percent_error=84.520836,nthreads=67,end_time=162454.587808,avg_power_W=142.000000,max_power_W=142.000000,avg_time_s=0.029742,released_listeners=0,
start_task=,name=xapy,tick=107,start_time=162454.587874,nthreads=67,
message=tick stats,tick=107,estimated_current_power=66.850000,
end_task=,name=xapy,elapsed_seconds=0.031663,predicted_seconds=0.004604,time_percent_error=85.460238,nthreads=67,end_time=162454.637781,avg_power_W=146.000000,max_power_W=146.000000,avg_time_s=0.031663,released_listeners=0,
start_task=,name=xapy,tick=108,start_time=162454.637841,nthreads=67,
message=tick stats,tick=108,estimated_current_power=66.850000,
end_task=,name=xapy,elapsed_seconds=0.025826,predicted_seconds=0.004604,time_percent_error=82.174165,nthreads=67,end_time=162454.664480,avg_power_W=-nan,max_power_W=0.000000,avg_time_s=0.025826,released_listeners=0,
start_task=,name=xapy,tick=109,start_time=162454.664533,nthreads=67,
message=tick stats,tick=109,estimated_current_power=66.850000,
end_task=,name=xapy,elapsed_seconds=0.026131,predicted_seconds=0.004604,time_percent_error=82.382232,nthreads=67,end_time=162454.691864,avg_power_W=145.000000,max_power_W=145.000000,avg_time_s=0.026131,released_listeners=0,
start_task=,name=xapy,tick=110,start_time=162454.691928,nthreads=67,
message=tick stats,tick=110,estimated_current_power=66.850000,
end_task=,name=xapy,elapsed_seconds=0.022653,predicted_seconds=0.004604,time_percent_error=79.676932,nthreads=67,end_time=162454.716061,avg_power_W=-nan,max_power_W=0.000000,avg_time_s=0.022653,released_listeners=0,
start_task=,name=xapy,tick=111,start_time=162454.716112,nthreads=67,
message=tick stats,tick=111,estimated_current_power=66.850000,
end_task=,name=xapy,elapsed_seconds=0.031167,predicted_seconds=0.004604,time_percent_error=85.228718,nthreads=67,end_time=162454.748496,avg_power_W=146.000000,max_power_W=146.000000,avg_time_s=0.031167,released_listeners=0,
est_max_power=68.537500,
average_power_W=146.000000,
max_power_W=146.000000,
time_s=46.878018,
message=ALL DONE,
