message=cataloging configuration,max_threads=52,power_limit=inf,
start_task=,name=start,tick=1,start_time=224198.424350,nthreads=52,
message=tick stats,tick=1,estimated_current_power=0.000000,
end_task=,name=start,elapsed_seconds=0.509586,predicted_seconds=0.000000,time_percent_error=100.000000,nthreads=52,end_time=224198.938437,avg_power_W=109.300000,max_power_W=111.000000,avg_time_s=0.000000,released_listeners=8,
start_task=,name=spmv,tick=2,start_time=224198.938502,nthreads=52,
message=tick stats,tick=2,estimated_current_power=60.600000,
end_task=,name=spmv,elapsed_seconds=0.509459,predicted_seconds=0.007816,time_percent_error=98.465847,nthreads=52,end_time=224199.448619,avg_power_W=141.300000,max_power_W=157.000000,avg_time_s=0.009263,released_listeners=1,
start_task=,name=spmv,tick=3,start_time=224199.448674,nthreads=52,
message=tick stats,tick=3,estimated_current_power=60.600000,
end_task=,name=spmv,elapsed_seconds=0.504389,predicted_seconds=0.007816,time_percent_error=98.450428,nthreads=52,end_time=224199.953670,avg_power_W=155.500000,max_power_W=157.000000,avg_time_s=0.007310,released_listeners=1,
start_task=,name=spmv,tick=4,start_time=224199.953725,nthreads=52,
message=tick stats,tick=4,estimated_current_power=60.600000,
end_task=,name=spmv,elapsed_seconds=0.509065,predicted_seconds=0.007816,time_percent_error=98.464660,nthreads=52,end_time=224200.463413,avg_power_W=156.700000,max_power_W=158.000000,avg_time_s=0.007272,released_listeners=1,
start_task=,name=spmv,tick=5,start_time=224200.463468,nthreads=52,
message=tick stats,tick=5,estimated_current_power=60.600000,
end_task=,name=spmv,elapsed_seconds=0.505001,predicted_seconds=0.007816,time_percent_error=98.452306,nthreads=52,end_time=224200.969123,avg_power_W=157.600000,max_power_W=159.000000,avg_time_s=0.007113,released_listeners=1,
start_task=,name=spmv,tick=6,start_time=224200.969181,nthreads=52,
message=tick stats,tick=6,estimated_current_power=60.600000,
end_task=,name=spmv,elapsed_seconds=0.507421,predicted_seconds=0.007816,time_percent_error=98.459686,nthreads=52,end_time=224201.488042,avg_power_W=157.909091,max_power_W=160.000000,avg_time_s=0.007249,released_listeners=1,
start_task=,name=spmv,tick=7,start_time=224201.488101,nthreads=52,
message=tick stats,tick=7,estimated_current_power=60.600000,
end_task=,name=spmv,elapsed_seconds=0.507582,predicted_seconds=0.007816,time_percent_error=98.460175,nthreads=52,end_time=224201.996434,avg_power_W=158.100000,max_power_W=160.000000,avg_time_s=0.007251,released_listeners=1,
start_task=,name=spmv,tick=8,start_time=224201.996490,nthreads=52,
message=tick stats,tick=8,estimated_current_power=60.600000,
end_task=,name=spmv,elapsed_seconds=0.511284,predicted_seconds=0.007816,time_percent_error=98.471324,nthreads=52,end_time=224202.508430,avg_power_W=159.300000,max_power_W=160.000000,avg_time_s=0.007201,released_listeners=1,
start_task=,name=spmv,tick=9,start_time=224202.508485,nthreads=52,
message=tick stats,tick=9,estimated_current_power=60.600000,
end_task=,name=spmv,elapsed_seconds=0.507647,predicted_seconds=0.007816,time_percent_error=98.460371,nthreads=52,end_time=224203.016747,avg_power_W=161.200000,max_power_W=163.000000,avg_time_s=0.007252,released_listeners=1,
start_task=,name=subtract,tick=10,start_time=224203.016803,nthreads=52,
message=tick stats,tick=10,estimated_current_power=51.850000,
end_task=,name=subtract,elapsed_seconds=0.504950,predicted_seconds=0.000214,time_percent_error=99.957719,nthreads=52,end_time=224203.522329,avg_power_W=154.200000,max_power_W=163.000000,avg_time_s=0.000208,released_listeners=2,
start_task=,name=subtract,tick=11,start_time=224203.522395,nthreads=52,
message=tick stats,tick=11,estimated_current_power=51.850000,
end_task=,name=subtract,elapsed_seconds=0.504395,predicted_seconds=0.000214,time_percent_error=99.957672,nthreads=52,end_time=224204.038169,avg_power_W=154.000000,max_power_W=155.000000,avg_time_s=0.000185,released_listeners=2,
start_task=,name=subtract,tick=12,start_time=224204.038234,nthreads=52,
message=tick stats,tick=12,estimated_current_power=51.850000,
end_task=,name=subtract,elapsed_seconds=0.504481,predicted_seconds=0.000214,time_percent_error=99.957679,nthreads=52,end_time=224204.543346,avg_power_W=154.300000,max_power_W=155.000000,avg_time_s=0.000189,released_listeners=2,
start_task=,name=subtract,tick=13,start_time=224204.543385,nthreads=52,
message=tick stats,tick=13,estimated_current_power=51.850000,
end_task=,name=subtract,elapsed_seconds=0.503624,predicted_seconds=0.000214,time_percent_error=99.957607,nthreads=52,end_time=224205.047529,avg_power_W=155.200000,max_power_W=157.000000,avg_time_s=0.000185,released_listeners=2,
start_task=,name=subtract,tick=14,start_time=224205.047562,nthreads=52,
message=tick stats,tick=14,estimated_current_power=51.850000,
end_task=,name=subtract,elapsed_seconds=0.504172,predicted_seconds=0.000214,time_percent_error=99.957653,nthreads=52,end_time=224205.552192,avg_power_W=157.200000,max_power_W=158.000000,avg_time_s=0.000184,released_listeners=2,
start_task=,name=subtract,tick=15,start_time=224205.552224,nthreads=52,
message=tick stats,tick=15,estimated_current_power=51.850000,
end_task=,name=subtract,elapsed_seconds=0.504036,predicted_seconds=0.000214,time_percent_error=99.957642,nthreads=52,end_time=224206.056836,avg_power_W=158.500000,max_power_W=161.000000,avg_time_s=0.000193,released_listeners=2,
start_task=,name=subtract,tick=16,start_time=224206.056873,nthreads=52,
message=tick stats,tick=16,estimated_current_power=51.850000,
end_task=,name=subtract,elapsed_seconds=0.503972,predicted_seconds=0.000214,time_percent_error=99.957637,nthreads=52,end_time=224206.561506,avg_power_W=159.600000,max_power_W=160.000000,avg_time_s=0.000200,released_listeners=2,
start_task=,name=subtract,tick=17,start_time=224206.561540,nthreads=52,
message=tick stats,tick=17,estimated_current_power=51.850000,
end_task=,name=subtract,elapsed_seconds=0.504169,predicted_seconds=0.000214,time_percent_error=99.957653,nthreads=52,end_time=224207.066169,avg_power_W=160.200000,max_power_W=161.000000,avg_time_s=0.000199,released_listeners=2,
start_task=,name=copy,tick=18,start_time=224207.066205,nthreads=52,
message=tick stats,tick=18,estimated_current_power=52.350000,
end_task=,name=copy,elapsed_seconds=0.503843,predicted_seconds=0.000141,time_percent_error=99.971916,nthreads=52,end_time=224207.570529,avg_power_W=159.800000,max_power_W=160.000000,avg_time_s=0.000133,released_listeners=1,
start_task=,name=dot,tick=19,start_time=224207.570564,nthreads=52,
message=tick stats,tick=19,estimated_current_power=53.683333,
end_task=,name=dot,elapsed_seconds=0.503809,predicted_seconds=0.000126,time_percent_error=99.975082,nthreads=52,end_time=224208.088098,avg_power_W=160.000000,max_power_W=161.000000,avg_time_s=0.000112,released_listeners=1,
start_task=,name=copy,tick=20,start_time=224208.088181,nthreads=52,
message=tick stats,tick=20,estimated_current_power=52.350000,
end_task=,name=copy,elapsed_seconds=0.503768,predicted_seconds=0.000141,time_percent_error=99.971912,nthreads=52,end_time=224208.592540,avg_power_W=160.800000,max_power_W=161.000000,avg_time_s=0.000131,released_listeners=1,
start_task=,name=dot,tick=21,start_time=224208.592581,nthreads=52,
message=tick stats,tick=21,estimated_current_power=53.683333,
end_task=,name=dot,elapsed_seconds=0.503974,predicted_seconds=0.000126,time_percent_error=99.975090,nthreads=52,end_time=224209.097147,avg_power_W=161.000000,max_power_W=161.000000,avg_time_s=0.000111,released_listeners=1,
start_task=,name=copy,tick=22,start_time=224209.097190,nthreads=52,
message=tick stats,tick=22,estimated_current_power=52.350000,
end_task=,name=copy,elapsed_seconds=0.503835,predicted_seconds=0.000141,time_percent_error=99.971915,nthreads=52,end_time=224209.601650,avg_power_W=161.100000,max_power_W=162.000000,avg_time_s=0.000128,released_listeners=1,
start_task=,name=dot,tick=23,start_time=224209.601689,nthreads=52,
message=tick stats,tick=23,estimated_current_power=53.683333,
end_task=,name=dot,elapsed_seconds=0.504142,predicted_seconds=0.000126,time_percent_error=99.975098,nthreads=52,end_time=224210.106473,avg_power_W=161.100000,max_power_W=162.000000,avg_time_s=0.000110,released_listeners=1,
start_task=,name=copy,tick=24,start_time=224210.106527,nthreads=52,
message=tick stats,tick=24,estimated_current_power=52.350000,
end_task=,name=copy,elapsed_seconds=0.503840,predicted_seconds=0.000141,time_percent_error=99.971916,nthreads=52,end_time=224210.610846,avg_power_W=162.000000,max_power_W=164.000000,avg_time_s=0.000138,released_listeners=1,
start_task=,name=dot,tick=25,start_time=224210.610886,nthreads=52,
message=tick stats,tick=25,estimated_current_power=53.683333,
end_task=,name=dot,elapsed_seconds=0.503724,predicted_seconds=0.000126,time_percent_error=99.975077,nthreads=52,end_time=224211.115160,avg_power_W=161.400000,max_power_W=163.000000,avg_time_s=0.000112,released_listeners=1,
start_task=,name=copy,tick=26,start_time=224211.115206,nthreads=52,
message=tick stats,tick=26,estimated_current_power=52.350000,
end_task=,name=copy,elapsed_seconds=0.504211,predicted_seconds=0.000141,time_percent_error=99.971936,nthreads=52,end_time=224211.619929,avg_power_W=162.100000,max_power_W=163.000000,avg_time_s=0.000133,released_listeners=1,
start_task=,name=dot,tick=27,start_time=224211.619970,nthreads=52,
message=tick stats,tick=27,estimated_current_power=53.683333,
end_task=,name=dot,elapsed_seconds=0.504150,predicted_seconds=0.000126,time_percent_error=99.975098,nthreads=52,end_time=224212.138120,avg_power_W=162.272727,max_power_W=163.000000,avg_time_s=0.000110,released_listeners=1,
start_task=,name=copy,tick=28,start_time=224212.138198,nthreads=52,
message=tick stats,tick=28,estimated_current_power=52.350000,
end_task=,name=copy,elapsed_seconds=0.504058,predicted_seconds=0.000141,time_percent_error=99.971928,nthreads=52,end_time=224212.642927,avg_power_W=162.500000,max_power_W=164.000000,avg_time_s=0.000128,released_listeners=1,
start_task=,name=dot,tick=29,start_time=224212.642970,nthreads=52,
message=tick stats,tick=29,estimated_current_power=53.683333,
end_task=,name=dot,elapsed_seconds=0.503608,predicted_seconds=0.000126,time_percent_error=99.975072,nthreads=52,end_time=224213.147124,avg_power_W=162.800000,max_power_W=165.000000,avg_time_s=0.000112,released_listeners=1,
start_task=,name=copy,tick=30,start_time=224213.147172,nthreads=52,
message=tick stats,tick=30,estimated_current_power=52.350000,
end_task=,name=copy,elapsed_seconds=0.504399,predicted_seconds=0.000141,time_percent_error=99.971947,nthreads=52,end_time=224213.652313,avg_power_W=163.200000,max_power_W=164.000000,avg_time_s=0.000137,released_listeners=1,
start_task=,name=dot,tick=31,start_time=224213.652358,nthreads=52,
message=tick stats,tick=31,estimated_current_power=53.683333,
end_task=,name=dot,elapsed_seconds=0.504345,predicted_seconds=0.000126,time_percent_error=99.975108,nthreads=52,end_time=224214.157312,avg_power_W=162.900000,max_power_W=164.000000,avg_time_s=0.000113,released_listeners=1,
start_task=,name=copy,tick=32,start_time=224214.157362,nthreads=52,
message=tick stats,tick=32,estimated_current_power=52.350000,
end_task=,name=copy,elapsed_seconds=0.504646,predicted_seconds=0.000141,time_percent_error=99.971961,nthreads=52,end_time=224214.662816,avg_power_W=163.100000,max_power_W=164.000000,avg_time_s=0.000136,released_listeners=1,
start_task=,name=dot,tick=33,start_time=224214.662856,nthreads=52,
message=tick stats,tick=33,estimated_current_power=53.683333,
end_task=,name=dot,elapsed_seconds=0.504167,predicted_seconds=0.000126,time_percent_error=99.975099,nthreads=52,end_time=224215.167621,avg_power_W=162.600000,max_power_W=163.000000,avg_time_s=0.000116,released_listeners=1,
start_task=,name=spmv,tick=34,start_time=224215.167667,nthreads=52,
message=tick stats,tick=34,estimated_current_power=60.600000,
end_task=,name=spmv,elapsed_seconds=0.509133,predicted_seconds=0.007816,time_percent_error=98.464866,nthreads=52,end_time=224215.688127,avg_power_W=171.000000,max_power_W=173.000000,avg_time_s=0.007379,released_listeners=1,
start_task=,name=spmv,tick=35,start_time=224215.688187,nthreads=52,
message=tick stats,tick=35,estimated_current_power=60.600000,
end_task=,name=spmv,elapsed_seconds=0.505927,predicted_seconds=0.007816,time_percent_error=98.455139,nthreads=52,end_time=224216.194778,avg_power_W=172.900000,max_power_W=174.000000,avg_time_s=0.007332,released_listeners=1,
start_task=,name=spmv,tick=36,start_time=224216.194843,nthreads=52,
message=tick stats,tick=36,estimated_current_power=60.600000,
end_task=,name=spmv,elapsed_seconds=0.506883,predicted_seconds=0.007816,time_percent_error=98.458053,nthreads=52,end_time=224216.702312,avg_power_W=172.500000,max_power_W=174.000000,avg_time_s=0.007241,released_listeners=1,
start_task=,name=spmv,tick=37,start_time=224216.702368,nthreads=52,
message=tick stats,tick=37,estimated_current_power=60.600000,
end_task=,name=spmv,elapsed_seconds=0.505344,predicted_seconds=0.007816,time_percent_error=98.453356,nthreads=52,end_time=224217.208363,avg_power_W=172.700000,max_power_W=174.000000,avg_time_s=0.007324,released_listeners=1,
start_task=,name=spmv,tick=38,start_time=224217.208420,nthreads=52,
message=tick stats,tick=38,estimated_current_power=60.600000,
end_task=,name=spmv,elapsed_seconds=0.506254,predicted_seconds=0.007816,time_percent_error=98.456137,nthreads=52,end_time=224217.715359,avg_power_W=172.800000,max_power_W=174.000000,avg_time_s=0.007232,released_listeners=1,
start_task=,name=spmv,tick=39,start_time=224217.715415,nthreads=52,
message=tick stats,tick=39,estimated_current_power=60.600000,
end_task=,name=spmv,elapsed_seconds=0.510865,predicted_seconds=0.007816,time_percent_error=98.470071,nthreads=52,end_time=224218.238180,avg_power_W=173.454545,max_power_W=175.000000,avg_time_s=0.007298,released_listeners=1,
start_task=,name=spmv,tick=40,start_time=224218.238240,nthreads=52,
message=tick stats,tick=40,estimated_current_power=60.600000,
end_task=,name=spmv,elapsed_seconds=0.508030,predicted_seconds=0.007816,time_percent_error=98.461533,nthreads=52,end_time=224218.746887,avg_power_W=172.400000,max_power_W=174.000000,avg_time_s=0.007258,released_listeners=1,
start_task=,name=spmv,tick=41,start_time=224218.746943,nthreads=52,
message=tick stats,tick=41,estimated_current_power=60.600000,
end_task=,name=spmv,elapsed_seconds=0.510729,predicted_seconds=0.007816,time_percent_error=98.469662,nthreads=52,end_time=224219.258311,avg_power_W=174.000000,max_power_W=174.000000,avg_time_s=0.007193,released_listeners=1,
start_task=,name=sum_contribs,tick=42,start_time=224219.258369,nthreads=52,
message=tick stats,tick=42,estimated_current_power=0.000000,
end_task=,name=sum_contribs,elapsed_seconds=0.504191,predicted_seconds=0.000000,time_percent_error=100.000000,nthreads=52,end_time=224219.763042,avg_power_W=162.000000,max_power_W=174.000000,avg_time_s=0.000094,released_listeners=1,
start_task=,name=dot,tick=43,start_time=224219.763095,nthreads=52,
message=tick stats,tick=43,estimated_current_power=53.683333,
end_task=,name=dot,elapsed_seconds=0.503689,predicted_seconds=0.000126,time_percent_error=99.975076,nthreads=52,end_time=224220.267333,avg_power_W=164.200000,max_power_W=166.000000,avg_time_s=0.000133,released_listeners=1,
start_task=,name=dot,tick=44,start_time=224220.267381,nthreads=52,
message=tick stats,tick=44,estimated_current_power=53.683333,
end_task=,name=dot,elapsed_seconds=0.504359,predicted_seconds=0.000126,time_percent_error=99.975109,nthreads=52,end_time=224220.772204,avg_power_W=164.200000,max_power_W=165.000000,avg_time_s=0.000153,released_listeners=1,
start_task=,name=dot,tick=45,start_time=224220.772247,nthreads=52,
message=tick stats,tick=45,estimated_current_power=53.683333,
end_task=,name=dot,elapsed_seconds=0.504111,predicted_seconds=0.000126,time_percent_error=99.975096,nthreads=52,end_time=224221.287827,avg_power_W=165.000000,max_power_W=166.000000,avg_time_s=0.000128,released_listeners=1,
start_task=,name=dot,tick=46,start_time=224221.287903,nthreads=52,
message=tick stats,tick=46,estimated_current_power=53.683333,
end_task=,name=dot,elapsed_seconds=0.503913,predicted_seconds=0.000126,time_percent_error=99.975087,nthreads=52,end_time=224221.792492,avg_power_W=164.400000,max_power_W=166.000000,avg_time_s=0.000130,released_listeners=1,
start_task=,name=dot,tick=47,start_time=224221.792546,nthreads=52,
message=tick stats,tick=47,estimated_current_power=53.683333,
end_task=,name=dot,elapsed_seconds=0.504106,predicted_seconds=0.000126,time_percent_error=99.975096,nthreads=52,end_time=224222.297175,avg_power_W=164.600000,max_power_W=165.000000,avg_time_s=0.000129,released_listeners=1,
start_task=,name=dot,tick=48,start_time=224222.297220,nthreads=52,
message=tick stats,tick=48,estimated_current_power=53.683333,
end_task=,name=dot,elapsed_seconds=0.504019,predicted_seconds=0.000126,time_percent_error=99.975092,nthreads=52,end_time=224222.801914,avg_power_W=164.900000,max_power_W=166.000000,avg_time_s=0.000128,released_listeners=1,
start_task=,name=dot,tick=49,start_time=224222.801960,nthreads=52,
message=tick stats,tick=49,estimated_current_power=53.683333,
end_task=,name=dot,elapsed_seconds=0.504632,predicted_seconds=0.000126,time_percent_error=99.975122,nthreads=52,end_time=224223.307078,avg_power_W=165.300000,max_power_W=166.000000,avg_time_s=0.000126,released_listeners=1,
start_task=,name=dot,tick=50,start_time=224223.307125,nthreads=52,
message=tick stats,tick=50,estimated_current_power=53.683333,
end_task=,name=dot,elapsed_seconds=0.504321,predicted_seconds=0.000126,time_percent_error=99.975107,nthreads=52,end_time=224223.811822,avg_power_W=164.200000,max_power_W=165.000000,avg_time_s=0.000128,released_listeners=1,
start_task=,name=sum_contribs,tick=51,start_time=224223.811870,nthreads=52,
message=tick stats,tick=51,estimated_current_power=0.000000,
end_task=,name=sum_contribs,elapsed_seconds=0.504505,predicted_seconds=0.000000,time_percent_error=100.000000,nthreads=52,end_time=224224.316843,avg_power_W=160.900000,max_power_W=165.000000,avg_time_s=0.000095,released_listeners=1,
start_task=,name=comp_alpha,tick=52,start_time=224224.316892,nthreads=52,
message=tick stats,tick=52,estimated_current_power=0.000000,
end_task=,name=comp_alpha,elapsed_seconds=0.503688,predicted_seconds=0.000000,time_percent_error=100.000000,nthreads=52,end_time=224224.821785,avg_power_W=155.400000,max_power_W=161.000000,avg_time_s=0.000039,released_listeners=16,
start_task=,name=axpyprofile,tick=53,start_time=224224.821848,nthreads=52,
message=tick stats,tick=53,estimated_current_power=0.000000,
end_task=,name=axpyprofile,elapsed_seconds=0.507380,predicted_seconds=0.000000,time_percent_error=100.000000,nthreads=52,end_time=224225.337904,avg_power_W=163.909091,max_power_W=171.000000,avg_time_s=0.003933,released_listeners=1,
start_task=,name=axpyprofile,tick=54,start_time=224225.337964,nthreads=52,
message=tick stats,tick=54,estimated_current_power=0.000000,
end_task=,name=axpyprofile,elapsed_seconds=0.507159,predicted_seconds=0.000000,time_percent_error=100.000000,nthreads=52,end_time=224225.845526,avg_power_W=169.200000,max_power_W=170.000000,avg_time_s=0.003931,released_listeners=1,
start_task=,name=axpyprofile,tick=55,start_time=224225.845582,nthreads=52,
message=tick stats,tick=55,estimated_current_power=0.000000,
end_task=,name=axpyprofile,elapsed_seconds=0.504928,predicted_seconds=0.000000,time_percent_error=100.000000,nthreads=52,end_time=224226.351372,avg_power_W=170.100000,max_power_W=171.000000,avg_time_s=0.003914,released_listeners=1,
start_task=,name=axpyprofile,tick=56,start_time=224226.351428,nthreads=52,
message=tick stats,tick=56,estimated_current_power=0.000000,
end_task=,name=axpyprofile,elapsed_seconds=0.505546,predicted_seconds=0.000000,time_percent_error=100.000000,nthreads=52,end_time=224226.857516,avg_power_W=169.400000,max_power_W=170.000000,avg_time_s=0.003859,released_listeners=1,
start_task=,name=axpyprofile,tick=57,start_time=224226.857572,nthreads=52,
message=tick stats,tick=57,estimated_current_power=0.000000,
end_task=,name=axpyprofile,elapsed_seconds=0.506904,predicted_seconds=0.000000,time_percent_error=100.000000,nthreads=52,end_time=224227.365650,avg_power_W=169.700000,max_power_W=170.000000,avg_time_s=0.003899,released_listeners=1,
start_task=,name=axpyprofile,tick=58,start_time=224227.365706,nthreads=52,
message=tick stats,tick=58,estimated_current_power=0.000000,
end_task=,name=axpyprofile,elapsed_seconds=0.505076,predicted_seconds=0.000000,time_percent_error=100.000000,nthreads=52,end_time=224227.871311,avg_power_W=169.600000,max_power_W=170.000000,avg_time_s=0.003885,released_listeners=1,
start_task=,name=axpyprofile,tick=59,start_time=224227.871367,nthreads=52,
message=tick stats,tick=59,estimated_current_power=0.000000,
end_task=,name=axpyprofile,elapsed_seconds=0.503996,predicted_seconds=0.000000,time_percent_error=100.000000,nthreads=52,end_time=224228.387995,avg_power_W=170.636364,max_power_W=171.000000,avg_time_s=0.003847,released_listeners=1,
start_task=,name=axpyprofile,tick=60,start_time=224228.388055,nthreads=52,
message=tick stats,tick=60,estimated_current_power=0.000000,
end_task=,name=axpyprofile,elapsed_seconds=0.504104,predicted_seconds=0.000000,time_percent_error=100.000000,nthreads=52,end_time=224228.892660,avg_power_W=169.500000,max_power_W=171.000000,avg_time_s=0.003878,released_listeners=1,
start_task=,name=axpyprofile,tick=61,start_time=224228.892716,nthreads=52,
message=tick stats,tick=61,estimated_current_power=0.000000,
end_task=,name=axpyprofile,elapsed_seconds=0.504860,predicted_seconds=0.000000,time_percent_error=100.000000,nthreads=52,end_time=224229.398805,avg_power_W=170.200000,max_power_W=171.000000,avg_time_s=0.003884,released_listeners=1,
start_task=,name=axpyprofile,tick=62,start_time=224229.398862,nthreads=52,
message=tick stats,tick=62,estimated_current_power=0.000000,
end_task=,name=axpyprofile,elapsed_seconds=0.507355,predicted_seconds=0.000000,time_percent_error=100.000000,nthreads=52,end_time=224229.906641,avg_power_W=169.900000,max_power_W=170.000000,avg_time_s=0.003873,released_listeners=1,
start_task=,name=axpyprofile,tick=63,start_time=224229.906708,nthreads=52,
message=tick stats,tick=63,estimated_current_power=0.000000,
end_task=,name=axpyprofile,elapsed_seconds=0.506822,predicted_seconds=0.000000,time_percent_error=100.000000,nthreads=52,end_time=224230.414498,avg_power_W=170.600000,max_power_W=171.000000,avg_time_s=0.003869,released_listeners=1,
start_task=,name=axpyprofile,tick=64,start_time=224230.414555,nthreads=52,
message=tick stats,tick=64,estimated_current_power=0.000000,
end_task=,name=axpyprofile,elapsed_seconds=0.503943,predicted_seconds=0.000000,time_percent_error=100.000000,nthreads=52,end_time=224230.918995,avg_power_W=169.600000,max_power_W=171.000000,avg_time_s=0.003876,released_listeners=1,
start_task=,name=axpyprofile,tick=65,start_time=224230.919051,nthreads=52,
message=tick stats,tick=65,estimated_current_power=0.000000,
end_task=,name=axpyprofile,elapsed_seconds=0.506249,predicted_seconds=0.000000,time_percent_error=100.000000,nthreads=52,end_time=224231.438003,avg_power_W=170.000000,max_power_W=171.000000,avg_time_s=0.003894,released_listeners=1,
start_task=,name=axpyprofile,tick=66,start_time=224231.438063,nthreads=52,
message=tick stats,tick=66,estimated_current_power=0.000000,
end_task=,name=axpyprofile,elapsed_seconds=0.506849,predicted_seconds=0.000000,time_percent_error=100.000000,nthreads=52,end_time=224231.945636,avg_power_W=169.300000,max_power_W=171.000000,avg_time_s=0.003899,released_listeners=1,
start_task=,name=axpyprofile,tick=67,start_time=224231.945692,nthreads=52,
message=tick stats,tick=67,estimated_current_power=0.000000,
end_task=,name=axpyprofile,elapsed_seconds=0.507861,predicted_seconds=0.000000,time_percent_error=100.000000,nthreads=52,end_time=224232.454411,avg_power_W=170.600000,max_power_W=171.000000,avg_time_s=0.003877,released_listeners=1,
start_task=,name=axpyprofile,tick=68,start_time=224232.454470,nthreads=52,
message=tick stats,tick=68,estimated_current_power=0.000000,
end_task=,name=axpyprofile,elapsed_seconds=0.505362,predicted_seconds=0.000000,time_percent_error=100.000000,nthreads=52,end_time=224232.960347,avg_power_W=170.200000,max_power_W=171.000000,avg_time_s=0.003858,released_listeners=1,
start_task=,name=axpy,tick=69,start_time=224232.960403,nthreads=52,
message=tick stats,tick=69,estimated_current_power=56.850000,
end_task=,name=axpy,elapsed_seconds=0.003884,predicted_seconds=0.004190,time_percent_error=7.868229,nthreads=52,end_time=224232.965471,avg_power_W=-nan,max_power_W=0.000000,avg_time_s=0.003884,released_listeners=0,
start_task=,name=axpy,tick=70,start_time=224232.965521,nthreads=52,
message=tick stats,tick=70,estimated_current_power=56.850000,
end_task=,name=axpy,elapsed_seconds=0.004148,predicted_seconds=0.004190,time_percent_error=1.017191,nthreads=52,end_time=224232.969936,avg_power_W=-nan,max_power_W=0.000000,avg_time_s=0.004148,released_listeners=0,
start_task=,name=axpy,tick=71,start_time=224232.969976,nthreads=52,
message=tick stats,tick=71,estimated_current_power=56.850000,
end_task=,name=axpy,elapsed_seconds=0.003555,predicted_seconds=0.004190,time_percent_error=17.869560,nthreads=52,end_time=224232.987941,avg_power_W=170.000000,max_power_W=170.000000,avg_time_s=0.003555,released_listeners=1,
start_task=,name=axpy,tick=72,start_time=224232.988001,nthreads=52,
message=tick stats,tick=72,estimated_current_power=56.850000,
end_task=,name=axpy,elapsed_seconds=0.004096,predicted_seconds=0.004190,time_percent_error=2.297417,nthreads=52,end_time=224232.992971,avg_power_W=-nan,max_power_W=0.000000,avg_time_s=0.004096,released_listeners=1,
start_task=,name=axpy,tick=73,start_time=224232.993010,nthreads=52,
message=tick stats,tick=73,estimated_current_power=56.850000,
end_task=,name=axpy,elapsed_seconds=0.004116,predicted_seconds=0.004190,time_percent_error=1.789147,nthreads=52,end_time=224232.998058,avg_power_W=-nan,max_power_W=0.000000,avg_time_s=0.004116,released_listeners=0,
start_task=,name=axpy,tick=74,start_time=224232.998098,nthreads=52,
message=tick stats,tick=74,estimated_current_power=56.850000,
end_task=,name=axpy,elapsed_seconds=0.003408,predicted_seconds=0.004190,time_percent_error=22.935518,nthreads=52,end_time=224233.002326,avg_power_W=-nan,max_power_W=0.000000,avg_time_s=0.003408,released_listeners=1,
start_task=,name=axpy,tick=75,start_time=224233.002364,nthreads=52,
message=tick stats,tick=75,estimated_current_power=56.850000,
end_task=,name=axpy,elapsed_seconds=0.003393,predicted_seconds=0.004190,time_percent_error=23.490134,nthreads=52,end_time=224233.006690,avg_power_W=-nan,max_power_W=0.000000,avg_time_s=0.003393,released_listeners=0,
start_task=,name=axpy,tick=76,start_time=224233.006729,nthreads=52,
message=tick stats,tick=76,estimated_current_power=56.850000,
end_task=,name=axpy,elapsed_seconds=0.004308,predicted_seconds=0.004190,time_percent_error=2.735551,nthreads=52,end_time=224233.011978,avg_power_W=-nan,max_power_W=0.000000,avg_time_s=0.004308,released_listeners=1,
start_task=,name=axpy,tick=77,start_time=224233.012015,nthreads=52,
message=tick stats,tick=77,estimated_current_power=56.850000,
end_task=,name=axpy,elapsed_seconds=0.004089,predicted_seconds=0.004190,time_percent_error=2.468062,nthreads=52,end_time=224233.016974,avg_power_W=-nan,max_power_W=0.000000,avg_time_s=0.004089,released_listeners=0,
start_task=,name=axpy,tick=78,start_time=224233.017012,nthreads=52,
message=tick stats,tick=78,estimated_current_power=56.850000,
end_task=,name=axpy,elapsed_seconds=0.004054,predicted_seconds=0.004190,time_percent_error=3.365561,nthreads=52,end_time=224233.021987,avg_power_W=-nan,max_power_W=0.000000,avg_time_s=0.004054,released_listeners=1,
start_task=,name=axpy,tick=79,start_time=224233.022023,nthreads=52,
message=tick stats,tick=79,estimated_current_power=56.850000,
end_task=,name=axpy,elapsed_seconds=0.003228,predicted_seconds=0.004190,time_percent_error=29.811461,nthreads=52,end_time=224233.037864,avg_power_W=164.000000,max_power_W=164.000000,avg_time_s=0.003228,released_listeners=0,
start_task=,name=axpy,tick=80,start_time=224233.037924,nthreads=52,
message=tick stats,tick=80,estimated_current_power=56.850000,
end_task=,name=axpy,elapsed_seconds=0.004088,predicted_seconds=0.004190,time_percent_error=2.488665,nthreads=52,end_time=224233.043204,avg_power_W=-nan,max_power_W=0.000000,avg_time_s=0.004088,released_listeners=1,
start_task=,name=axpy,tick=81,start_time=224233.043245,nthreads=52,
message=tick stats,tick=81,estimated_current_power=56.850000,
end_task=,name=axpy,elapsed_seconds=0.004280,predicted_seconds=0.004190,time_percent_error=2.106415,nthreads=52,end_time=224233.048461,avg_power_W=-nan,max_power_W=0.000000,avg_time_s=0.004280,released_listeners=0,
start_task=,name=axpy,tick=82,start_time=224233.048499,nthreads=52,
message=tick stats,tick=82,estimated_current_power=56.850000,
end_task=,name=axpy,elapsed_seconds=0.003671,predicted_seconds=0.004190,time_percent_error=14.147671,nthreads=52,end_time=224233.053016,avg_power_W=-nan,max_power_W=0.000000,avg_time_s=0.003671,released_listeners=1,
start_task=,name=axpy,tick=83,start_time=224233.053057,nthreads=52,
message=tick stats,tick=83,estimated_current_power=56.850000,
end_task=,name=axpy,elapsed_seconds=0.004023,predicted_seconds=0.004190,time_percent_error=4.139585,nthreads=52,end_time=224233.057968,avg_power_W=-nan,max_power_W=0.000000,avg_time_s=0.004023,released_listeners=0,
start_task=,name=axpy,tick=84,start_time=224233.058004,nthreads=52,
message=tick stats,tick=84,estimated_current_power=56.850000,
end_task=,name=axpy,elapsed_seconds=0.003793,predicted_seconds=0.004190,time_percent_error=10.459294,nthreads=52,end_time=224233.062696,avg_power_W=-nan,max_power_W=0.000000,avg_time_s=0.003793,released_listeners=1,
start_task=,name=dot,tick=85,start_time=224233.062737,nthreads=52,
message=tick stats,tick=85,estimated_current_power=53.683333,
end_task=,name=dot,elapsed_seconds=0.503598,predicted_seconds=0.000126,time_percent_error=99.975071,nthreads=52,end_time=224233.566808,avg_power_W=162.500000,max_power_W=163.000000,avg_time_s=0.000115,released_listeners=1,
start_task=,name=dot,tick=86,start_time=224233.566856,nthreads=52,
message=tick stats,tick=86,estimated_current_power=53.683333,
end_task=,name=dot,elapsed_seconds=0.504151,predicted_seconds=0.000126,time_percent_error=99.975098,nthreads=52,end_time=224234.071342,avg_power_W=162.600000,max_power_W=163.000000,avg_time_s=0.000113,released_listeners=1,
start_task=,name=dot,tick=87,start_time=224234.071385,nthreads=52,
message=tick stats,tick=87,estimated_current_power=53.683333,
end_task=,name=dot,elapsed_seconds=0.503815,predicted_seconds=0.000126,time_percent_error=99.975082,nthreads=52,end_time=224234.588080,avg_power_W=163.363636,max_power_W=165.000000,avg_time_s=0.000116,released_listeners=1,
start_task=,name=dot,tick=88,start_time=224234.588160,nthreads=52,
message=tick stats,tick=88,estimated_current_power=53.683333,
end_task=,name=dot,elapsed_seconds=0.503748,predicted_seconds=0.000126,time_percent_error=99.975078,nthreads=52,end_time=224235.092281,avg_power_W=162.200000,max_power_W=163.000000,avg_time_s=0.000116,released_listeners=1,
start_task=,name=dot,tick=89,start_time=224235.092323,nthreads=52,
message=tick stats,tick=89,estimated_current_power=53.683333,
end_task=,name=dot,elapsed_seconds=0.503846,predicted_seconds=0.000126,time_percent_error=99.975083,nthreads=52,end_time=224235.596482,avg_power_W=163.600000,max_power_W=166.000000,avg_time_s=0.000114,released_listeners=1,
start_task=,name=dot,tick=90,start_time=224235.596523,nthreads=52,
message=tick stats,tick=90,estimated_current_power=53.683333,
end_task=,name=dot,elapsed_seconds=0.504352,predicted_seconds=0.000126,time_percent_error=99.975108,nthreads=52,end_time=224236.101225,avg_power_W=162.800000,max_power_W=164.000000,avg_time_s=0.000115,released_listeners=1,
start_task=,name=dot,tick=91,start_time=224236.101268,nthreads=52,
message=tick stats,tick=91,estimated_current_power=53.683333,
end_task=,name=dot,elapsed_seconds=0.503826,predicted_seconds=0.000126,time_percent_error=99.975082,nthreads=52,end_time=224236.605406,avg_power_W=163.100000,max_power_W=165.000000,avg_time_s=0.000120,released_listeners=1,
start_task=,name=dot,tick=92,start_time=224236.605454,nthreads=52,
message=tick stats,tick=92,estimated_current_power=53.683333,
end_task=,name=dot,elapsed_seconds=0.503662,predicted_seconds=0.000126,time_percent_error=99.975074,nthreads=52,end_time=224237.109442,avg_power_W=162.300000,max_power_W=164.000000,avg_time_s=0.000121,released_listeners=1,
start_task=,name=sum_contribs,tick=93,start_time=224237.109500,nthreads=52,
message=tick stats,tick=93,estimated_current_power=0.000000,
end_task=,name=sum_contribs,elapsed_seconds=0.503312,predicted_seconds=0.000000,time_percent_error=100.000000,nthreads=52,end_time=224237.613146,avg_power_W=160.500000,max_power_W=164.000000,avg_time_s=0.000098,released_listeners=2,
start_task=,name=comp_beta,tick=94,start_time=224237.613195,nthreads=52,
message=tick stats,tick=94,estimated_current_power=0.000000,
end_task=,name=comp_beta,elapsed_seconds=0.504272,predicted_seconds=0.000000,time_percent_error=100.000000,nthreads=52,end_time=224238.118478,avg_power_W=149.100000,max_power_W=161.000000,avg_time_s=0.000044,released_listeners=8,
start_task=,name=assign,tick=95,start_time=224238.118531,nthreads=52,
message=tick stats,tick=95,estimated_current_power=0.000000,
end_task=,name=assign,elapsed_seconds=0.505130,predicted_seconds=0.000000,time_percent_error=100.000000,nthreads=52,end_time=224238.638494,avg_power_W=126.272727,max_power_W=131.000000,avg_time_s=0.000041,released_listeners=0,
start_task=,name=xapyprofile,tick=96,start_time=224238.638577,nthreads=52,
message=tick stats,tick=96,estimated_current_power=0.000000,
end_task=,name=xapyprofile,elapsed_seconds=0.506581,predicted_seconds=0.000000,time_percent_error=100.000000,nthreads=52,end_time=224239.145621,avg_power_W=165.100000,max_power_W=170.000000,avg_time_s=0.004020,released_listeners=1,
start_task=,name=xapyprofile,tick=97,start_time=224239.145678,nthreads=52,
message=tick stats,tick=97,estimated_current_power=0.000000,
end_task=,name=xapyprofile,elapsed_seconds=0.503959,predicted_seconds=0.000000,time_percent_error=100.000000,nthreads=52,end_time=224239.650398,avg_power_W=169.900000,max_power_W=170.000000,avg_time_s=0.003907,released_listeners=1,
start_task=,name=xapyprofile,tick=98,start_time=224239.650454,nthreads=52,
message=tick stats,tick=98,estimated_current_power=0.000000,
end_task=,name=xapyprofile,elapsed_seconds=0.507273,predicted_seconds=0.000000,time_percent_error=100.000000,nthreads=52,end_time=224240.158162,avg_power_W=169.300000,max_power_W=170.000000,avg_time_s=0.004026,released_listeners=1,
start_task=,name=xapyprofile,tick=99,start_time=224240.158218,nthreads=52,
message=tick stats,tick=99,estimated_current_power=0.000000,
end_task=,name=xapyprofile,elapsed_seconds=0.504724,predicted_seconds=0.000000,time_percent_error=100.000000,nthreads=52,end_time=224240.663589,avg_power_W=169.600000,max_power_W=170.000000,avg_time_s=0.003943,released_listeners=1,
start_task=,name=xapyprofile,tick=100,start_time=224240.663648,nthreads=52,
message=tick stats,tick=100,estimated_current_power=0.000000,
end_task=,name=xapyprofile,elapsed_seconds=0.505089,predicted_seconds=0.000000,time_percent_error=100.000000,nthreads=52,end_time=224241.169419,avg_power_W=169.600000,max_power_W=171.000000,avg_time_s=0.003915,released_listeners=1,
start_task=,name=xapyprofile,tick=101,start_time=224241.169449,nthreads=52,
message=tick stats,tick=101,estimated_current_power=0.000000,
end_task=,name=xapyprofile,elapsed_seconds=0.506352,predicted_seconds=0.000000,time_percent_error=100.000000,nthreads=52,end_time=224241.688425,avg_power_W=170.181818,max_power_W=171.000000,avg_time_s=0.003925,released_listeners=1,
start_task=,name=xapyprofile,tick=102,start_time=224241.688485,nthreads=52,
message=tick stats,tick=102,estimated_current_power=0.000000,
end_task=,name=xapyprofile,elapsed_seconds=0.507128,predicted_seconds=0.000000,time_percent_error=100.000000,nthreads=52,end_time=224242.196225,avg_power_W=169.500000,max_power_W=171.000000,avg_time_s=0.003962,released_listeners=1,
start_task=,name=xapyprofile,tick=103,start_time=224242.196281,nthreads=52,
message=tick stats,tick=103,estimated_current_power=0.000000,
end_task=,name=xapyprofile,elapsed_seconds=0.507391,predicted_seconds=0.000000,time_percent_error=100.000000,nthreads=52,end_time=224242.704311,avg_power_W=170.300000,max_power_W=171.000000,avg_time_s=0.003933,released_listeners=1,
start_task=,name=xapy,tick=104,start_time=224242.704367,nthreads=52,
message=tick stats,tick=104,estimated_current_power=58.975000,
end_task=,name=xapy,elapsed_seconds=0.006180,predicted_seconds=0.004315,time_percent_error=30.167236,nthreads=52,end_time=224242.711156,avg_power_W=-nan,max_power_W=0.000000,avg_time_s=0.006180,released_listeners=0,
start_task=,name=xapy,tick=105,start_time=224242.711176,nthreads=52,
message=tick stats,tick=105,estimated_current_power=58.975000,
end_task=,name=xapy,elapsed_seconds=0.008039,predicted_seconds=0.004315,time_percent_error=46.319071,nthreads=52,end_time=224242.719794,avg_power_W=-nan,max_power_W=0.000000,avg_time_s=0.008039,released_listeners=0,
start_task=,name=xapy,tick=106,start_time=224242.719814,nthreads=52,
message=tick stats,tick=106,estimated_current_power=58.975000,
end_task=,name=xapy,elapsed_seconds=0.007718,predicted_seconds=0.004315,time_percent_error=44.090142,nthreads=52,end_time=224242.738173,avg_power_W=170.000000,max_power_W=170.000000,avg_time_s=0.007718,released_listeners=0,
start_task=,name=xapy,tick=107,start_time=224242.738233,nthreads=52,
message=tick stats,tick=107,estimated_current_power=58.975000,
end_task=,name=xapy,elapsed_seconds=0.006934,predicted_seconds=0.004315,time_percent_error=37.761426,nthreads=52,end_time=224242.745756,avg_power_W=-nan,max_power_W=0.000000,avg_time_s=0.006934,released_listeners=0,
start_task=,name=xapy,tick=108,start_time=224242.745777,nthreads=52,
message=tick stats,tick=108,estimated_current_power=58.975000,
end_task=,name=xapy,elapsed_seconds=0.006028,predicted_seconds=0.004315,time_percent_error=28.413267,nthreads=52,end_time=224242.752354,avg_power_W=-nan,max_power_W=0.000000,avg_time_s=0.006028,released_listeners=0,
start_task=,name=xapy,tick=109,start_time=224242.752373,nthreads=52,
message=tick stats,tick=109,estimated_current_power=58.975000,
end_task=,name=xapy,elapsed_seconds=0.015494,predicted_seconds=0.004315,time_percent_error=72.147584,nthreads=52,end_time=224242.768448,avg_power_W=-nan,max_power_W=0.000000,avg_time_s=0.015494,released_listeners=0,
start_task=,name=xapy,tick=110,start_time=224242.768492,nthreads=52,
message=tick stats,tick=110,estimated_current_power=58.975000,
end_task=,name=xapy,elapsed_seconds=0.006747,predicted_seconds=0.004315,time_percent_error=36.041637,nthreads=52,end_time=224242.788073,avg_power_W=159.000000,max_power_W=159.000000,avg_time_s=0.006747,released_listeners=0,
start_task=,name=xapy,tick=111,start_time=224242.788143,nthreads=52,
message=tick stats,tick=111,estimated_current_power=58.975000,
end_task=,name=xapy,elapsed_seconds=0.011415,predicted_seconds=0.004315,time_percent_error=62.194622,nthreads=52,end_time=224242.800150,avg_power_W=-nan,max_power_W=0.000000,avg_time_s=0.011415,released_listeners=0,
est_max_power=60.600000,
average_power_W=-nan,
max_power_W=0.000000,
time_s=44.375851,
message=ALL DONE,
