message=cataloging configuration,max_threads=65,power_limit=inf,
start_task=,name=start,tick=1,start_time=162286.170164,nthreads=65,
message=tick stats,tick=1,estimated_current_power=0.000000,
end_task=,name=start,elapsed_seconds=0.511314,predicted_seconds=0.000000,time_percent_error=100.000000,nthreads=65,end_time=162286.687648,avg_power_W=103.200000,max_power_W=104.000000,avg_time_s=0.000000,released_listeners=8,
start_task=,name=spmv,tick=2,start_time=162286.687723,nthreads=65,
message=tick stats,tick=2,estimated_current_power=68.350000,
end_task=,name=spmv,elapsed_seconds=0.515464,predicted_seconds=0.006231,time_percent_error=98.791234,nthreads=65,end_time=162287.203787,avg_power_W=123.400000,max_power_W=143.000000,avg_time_s=0.013217,released_listeners=1,
start_task=,name=spmv,tick=3,start_time=162287.203847,nthreads=65,
message=tick stats,tick=3,estimated_current_power=68.350000,
end_task=,name=spmv,elapsed_seconds=0.530991,predicted_seconds=0.006231,time_percent_error=98.826580,nthreads=65,end_time=162287.737762,avg_power_W=142.545455,max_power_W=144.000000,avg_time_s=0.009000,released_listeners=1,
start_task=,name=spmv,tick=4,start_time=162287.737826,nthreads=65,
message=tick stats,tick=4,estimated_current_power=68.350000,
end_task=,name=spmv,elapsed_seconds=0.521648,predicted_seconds=0.006231,time_percent_error=98.805565,nthreads=65,end_time=162288.260114,avg_power_W=142.700000,max_power_W=144.000000,avg_time_s=0.008841,released_listeners=1,
start_task=,name=spmv,tick=5,start_time=162288.260181,nthreads=65,
message=tick stats,tick=5,estimated_current_power=68.350000,
end_task=,name=spmv,elapsed_seconds=0.526978,predicted_seconds=0.006231,time_percent_error=98.817645,nthreads=65,end_time=162288.787752,avg_power_W=142.909091,max_power_W=144.000000,avg_time_s=0.008932,released_listeners=1,
start_task=,name=spmv,tick=6,start_time=162288.787817,nthreads=65,
message=tick stats,tick=6,estimated_current_power=68.350000,
end_task=,name=spmv,elapsed_seconds=0.518685,predicted_seconds=0.006231,time_percent_error=98.798741,nthreads=65,end_time=162289.307092,avg_power_W=143.700000,max_power_W=146.000000,avg_time_s=0.008791,released_listeners=1,
start_task=,name=spmv,tick=7,start_time=162289.307155,nthreads=65,
message=tick stats,tick=7,estimated_current_power=68.350000,
end_task=,name=spmv,elapsed_seconds=0.553404,predicted_seconds=0.006231,time_percent_error=98.874105,nthreads=65,end_time=162289.862446,avg_power_W=144.000000,max_power_W=148.000000,avg_time_s=0.009380,released_listeners=1,
start_task=,name=spmv,tick=8,start_time=162289.862506,nthreads=65,
message=tick stats,tick=8,estimated_current_power=68.350000,
end_task=,name=spmv,elapsed_seconds=0.523506,predicted_seconds=0.006231,time_percent_error=98.809804,nthreads=65,end_time=162290.387876,avg_power_W=145.000000,max_power_W=147.000000,avg_time_s=0.008725,released_listeners=1,
start_task=,name=spmv,tick=9,start_time=162290.387939,nthreads=65,
message=tick stats,tick=9,estimated_current_power=68.350000,
end_task=,name=spmv,elapsed_seconds=0.521605,predicted_seconds=0.006231,time_percent_error=98.805466,nthreads=65,end_time=162290.911544,avg_power_W=145.300000,max_power_W=147.000000,avg_time_s=0.008693,released_listeners=1,
start_task=,name=subtract,tick=10,start_time=162290.911604,nthreads=65,
message=tick stats,tick=10,estimated_current_power=58.100000,
end_task=,name=subtract,elapsed_seconds=0.524346,predicted_seconds=0.000361,time_percent_error=99.931081,nthreads=65,end_time=162291.437894,avg_power_W=139.363636,max_power_W=145.000000,avg_time_s=0.000516,released_listeners=2,
start_task=,name=subtract,tick=11,start_time=162291.437958,nthreads=65,
message=tick stats,tick=11,estimated_current_power=58.100000,
end_task=,name=subtract,elapsed_seconds=0.525211,predicted_seconds=0.000361,time_percent_error=99.931194,nthreads=65,end_time=162291.963978,avg_power_W=139.000000,max_power_W=140.000000,avg_time_s=0.000461,released_listeners=2,
start_task=,name=subtract,tick=12,start_time=162291.964010,nthreads=65,
message=tick stats,tick=12,estimated_current_power=58.100000,
end_task=,name=subtract,elapsed_seconds=0.521869,predicted_seconds=0.000361,time_percent_error=99.930754,nthreads=65,end_time=162292.488723,avg_power_W=139.181818,max_power_W=140.000000,avg_time_s=0.000464,released_listeners=2,
start_task=,name=subtract,tick=13,start_time=162292.488780,nthreads=65,
message=tick stats,tick=13,estimated_current_power=58.100000,
end_task=,name=subtract,elapsed_seconds=0.527774,predicted_seconds=0.000361,time_percent_error=99.931528,nthreads=65,end_time=162293.017539,avg_power_W=139.700000,max_power_W=140.000000,avg_time_s=0.000470,released_listeners=2,
start_task=,name=subtract,tick=14,start_time=162293.017570,nthreads=65,
message=tick stats,tick=14,estimated_current_power=58.100000,
end_task=,name=subtract,elapsed_seconds=0.521182,predicted_seconds=0.000361,time_percent_error=99.930662,nthreads=65,end_time=162293.539609,avg_power_W=139.636364,max_power_W=140.000000,avg_time_s=0.000467,released_listeners=2,
start_task=,name=subtract,tick=15,start_time=162293.539639,nthreads=65,
message=tick stats,tick=15,estimated_current_power=58.100000,
end_task=,name=subtract,elapsed_seconds=0.525588,predicted_seconds=0.000361,time_percent_error=99.931244,nthreads=65,end_time=162294.065972,avg_power_W=139.800000,max_power_W=141.000000,avg_time_s=0.000484,released_listeners=2,
start_task=,name=subtract,tick=16,start_time=162294.066003,nthreads=65,
message=tick stats,tick=16,estimated_current_power=58.100000,
end_task=,name=subtract,elapsed_seconds=0.549687,predicted_seconds=0.000361,time_percent_error=99.934258,nthreads=65,end_time=162294.616508,avg_power_W=139.909091,max_power_W=141.000000,avg_time_s=0.000490,released_listeners=2,
start_task=,name=subtract,tick=17,start_time=162294.616539,nthreads=65,
message=tick stats,tick=17,estimated_current_power=58.100000,
end_task=,name=subtract,elapsed_seconds=0.519380,predicted_seconds=0.000361,time_percent_error=99.930422,nthreads=65,end_time=162295.138692,avg_power_W=140.727273,max_power_W=143.000000,avg_time_s=0.000462,released_listeners=2,
start_task=,name=copy,tick=18,start_time=162295.138749,nthreads=65,
message=tick stats,tick=18,estimated_current_power=58.350000,
end_task=,name=copy,elapsed_seconds=0.517057,predicted_seconds=0.000161,time_percent_error=99.968911,nthreads=65,end_time=162295.656753,avg_power_W=139.900000,max_power_W=142.000000,avg_time_s=0.000222,released_listeners=1,
start_task=,name=dot,tick=19,start_time=162295.656785,nthreads=65,
message=tick stats,tick=19,estimated_current_power=60.350000,
end_task=,name=dot,elapsed_seconds=0.527934,predicted_seconds=0.000136,time_percent_error=99.974302,nthreads=65,end_time=162296.187721,avg_power_W=140.545455,max_power_W=143.000000,avg_time_s=0.000165,released_listeners=1,
start_task=,name=copy,tick=20,start_time=162296.187790,nthreads=65,
message=tick stats,tick=20,estimated_current_power=58.350000,
end_task=,name=copy,elapsed_seconds=0.521597,predicted_seconds=0.000161,time_percent_error=99.969181,nthreads=65,end_time=162296.710149,avg_power_W=142.100000,max_power_W=143.000000,avg_time_s=0.000218,released_listeners=1,
start_task=,name=dot,tick=21,start_time=162296.710181,nthreads=65,
message=tick stats,tick=21,estimated_current_power=60.350000,
end_task=,name=dot,elapsed_seconds=0.525580,predicted_seconds=0.000136,time_percent_error=99.974187,nthreads=65,end_time=162297.238818,avg_power_W=142.454545,max_power_W=143.000000,avg_time_s=0.000162,released_listeners=1,
start_task=,name=copy,tick=22,start_time=162297.238886,nthreads=65,
message=tick stats,tick=22,estimated_current_power=58.350000,
end_task=,name=copy,elapsed_seconds=0.526999,predicted_seconds=0.000161,time_percent_error=99.969497,nthreads=65,end_time=162297.766717,avg_power_W=142.600000,max_power_W=143.000000,avg_time_s=0.000248,released_listeners=1,
start_task=,name=dot,tick=23,start_time=162297.766749,nthreads=65,
message=tick stats,tick=23,estimated_current_power=60.350000,
end_task=,name=dot,elapsed_seconds=0.519060,predicted_seconds=0.000136,time_percent_error=99.973863,nthreads=65,end_time=162298.288865,avg_power_W=143.000000,max_power_W=143.000000,avg_time_s=0.000157,released_listeners=1,
start_task=,name=copy,tick=24,start_time=162298.288952,nthreads=65,
message=tick stats,tick=24,estimated_current_power=58.350000,
end_task=,name=copy,elapsed_seconds=0.523302,predicted_seconds=0.000161,time_percent_error=99.969282,nthreads=65,end_time=162298.812937,avg_power_W=142.800000,max_power_W=143.000000,avg_time_s=0.000225,released_listeners=1,
start_task=,name=dot,tick=25,start_time=162298.812968,nthreads=65,
message=tick stats,tick=25,estimated_current_power=60.350000,
end_task=,name=dot,elapsed_seconds=0.523000,predicted_seconds=0.000136,time_percent_error=99.974060,nthreads=65,end_time=162299.339986,avg_power_W=144.181818,max_power_W=146.000000,avg_time_s=0.000158,released_listeners=1,
start_task=,name=copy,tick=26,start_time=162299.340056,nthreads=65,
message=tick stats,tick=26,estimated_current_power=58.350000,
end_task=,name=copy,elapsed_seconds=0.515767,predicted_seconds=0.000161,time_percent_error=99.968833,nthreads=65,end_time=162299.856649,avg_power_W=145.800000,max_power_W=148.000000,avg_time_s=0.000225,released_listeners=1,
start_task=,name=dot,tick=27,start_time=162299.856681,nthreads=65,
message=tick stats,tick=27,estimated_current_power=60.350000,
end_task=,name=dot,elapsed_seconds=0.519153,predicted_seconds=0.000136,time_percent_error=99.973868,nthreads=65,end_time=162300.388712,avg_power_W=145.818182,max_power_W=147.000000,avg_time_s=0.000156,released_listeners=1,
start_task=,name=copy,tick=28,start_time=162300.388784,nthreads=65,
message=tick stats,tick=28,estimated_current_power=58.350000,
end_task=,name=copy,elapsed_seconds=0.515818,predicted_seconds=0.000161,time_percent_error=99.968836,nthreads=65,end_time=162300.905535,avg_power_W=146.500000,max_power_W=149.000000,avg_time_s=0.000219,released_listeners=1,
start_task=,name=dot,tick=29,start_time=162300.905568,nthreads=65,
message=tick stats,tick=29,estimated_current_power=60.350000,
end_task=,name=dot,elapsed_seconds=0.520273,predicted_seconds=0.000136,time_percent_error=99.973924,nthreads=65,end_time=162301.438074,avg_power_W=146.363636,max_power_W=148.000000,avg_time_s=0.000155,released_listeners=1,
start_task=,name=copy,tick=30,start_time=162301.438160,nthreads=65,
message=tick stats,tick=30,estimated_current_power=58.350000,
end_task=,name=copy,elapsed_seconds=0.539229,predicted_seconds=0.000161,time_percent_error=99.970189,nthreads=65,end_time=162301.989084,avg_power_W=147.909091,max_power_W=149.000000,avg_time_s=0.000241,released_listeners=1,
start_task=,name=dot,tick=31,start_time=162301.989166,nthreads=65,
message=tick stats,tick=31,estimated_current_power=60.350000,
end_task=,name=dot,elapsed_seconds=0.516660,predicted_seconds=0.000136,time_percent_error=99.973742,nthreads=65,end_time=162302.506486,avg_power_W=147.600000,max_power_W=148.000000,avg_time_s=0.000159,released_listeners=1,
start_task=,name=copy,tick=32,start_time=162302.506556,nthreads=65,
message=tick stats,tick=32,estimated_current_power=58.350000,
end_task=,name=copy,elapsed_seconds=0.519355,predicted_seconds=0.000161,time_percent_error=99.969048,nthreads=65,end_time=162303.037728,avg_power_W=147.818182,max_power_W=148.000000,avg_time_s=0.000212,released_listeners=1,
start_task=,name=dot,tick=33,start_time=162303.037788,nthreads=65,
message=tick stats,tick=33,estimated_current_power=60.350000,
end_task=,name=dot,elapsed_seconds=0.517008,predicted_seconds=0.000136,time_percent_error=99.973759,nthreads=65,end_time=162303.555550,avg_power_W=147.400000,max_power_W=148.000000,avg_time_s=0.000154,released_listeners=1,
start_task=,name=spmv,tick=34,start_time=162303.555591,nthreads=65,
message=tick stats,tick=34,estimated_current_power=68.350000,
end_task=,name=spmv,elapsed_seconds=0.539969,predicted_seconds=0.006231,time_percent_error=98.846091,nthreads=65,end_time=162304.096767,avg_power_W=156.454545,max_power_W=160.000000,avg_time_s=0.008307,released_listeners=1,
start_task=,name=spmv,tick=35,start_time=162304.096828,nthreads=65,
message=tick stats,tick=35,estimated_current_power=68.350000,
end_task=,name=spmv,elapsed_seconds=0.526027,predicted_seconds=0.006231,time_percent_error=98.815508,nthreads=65,end_time=162304.637871,avg_power_W=158.545455,max_power_W=160.000000,avg_time_s=0.008093,released_listeners=1,
start_task=,name=spmv,tick=36,start_time=162304.637945,nthreads=65,
message=tick stats,tick=36,estimated_current_power=68.350000,
end_task=,name=spmv,elapsed_seconds=0.526867,predicted_seconds=0.006231,time_percent_error=98.817395,nthreads=65,end_time=162305.166077,avg_power_W=157.900000,max_power_W=160.000000,avg_time_s=0.008106,released_listeners=1,
start_task=,name=spmv,tick=37,start_time=162305.166143,nthreads=65,
message=tick stats,tick=37,estimated_current_power=68.350000,
end_task=,name=spmv,elapsed_seconds=0.527582,predicted_seconds=0.006231,time_percent_error=98.818999,nthreads=65,end_time=162305.694525,avg_power_W=158.000000,max_power_W=160.000000,avg_time_s=0.008117,released_listeners=1,
start_task=,name=spmv,tick=38,start_time=162305.694587,nthreads=65,
message=tick stats,tick=38,estimated_current_power=68.350000,
end_task=,name=spmv,elapsed_seconds=0.531736,predicted_seconds=0.006231,time_percent_error=98.828224,nthreads=65,end_time=162306.238053,avg_power_W=158.727273,max_power_W=161.000000,avg_time_s=0.008181,released_listeners=1,
start_task=,name=spmv,tick=39,start_time=162306.238119,nthreads=65,
message=tick stats,tick=39,estimated_current_power=68.350000,
end_task=,name=spmv,elapsed_seconds=0.550155,predicted_seconds=0.006231,time_percent_error=98.867455,nthreads=65,end_time=162306.789623,avg_power_W=158.272727,max_power_W=161.000000,avg_time_s=0.008596,released_listeners=1,
start_task=,name=spmv,tick=40,start_time=162306.789684,nthreads=65,
message=tick stats,tick=40,estimated_current_power=68.350000,
end_task=,name=spmv,elapsed_seconds=0.528437,predicted_seconds=0.006231,time_percent_error=98.820909,nthreads=65,end_time=162307.319339,avg_power_W=159.500000,max_power_W=161.000000,avg_time_s=0.008257,released_listeners=1,
start_task=,name=spmv,tick=41,start_time=162307.319402,nthreads=65,
message=tick stats,tick=41,estimated_current_power=68.350000,
end_task=,name=spmv,elapsed_seconds=0.537690,predicted_seconds=0.006231,time_percent_error=98.841201,nthreads=65,end_time=162307.857956,avg_power_W=160.090909,max_power_W=161.000000,avg_time_s=0.008401,released_listeners=1,
start_task=,name=sum_contribs,tick=42,start_time=162307.857988,nthreads=65,
message=tick stats,tick=42,estimated_current_power=0.000000,
end_task=,name=sum_contribs,elapsed_seconds=0.524415,predicted_seconds=0.000000,time_percent_error=100.000000,nthreads=65,end_time=162308.387393,avg_power_W=149.727273,max_power_W=160.000000,avg_time_s=0.000129,released_listeners=1,
start_task=,name=dot,tick=43,start_time=162308.387467,nthreads=65,
message=tick stats,tick=43,estimated_current_power=60.350000,
end_task=,name=dot,elapsed_seconds=0.520992,predicted_seconds=0.000136,time_percent_error=99.973960,nthreads=65,end_time=162308.909196,avg_power_W=150.400000,max_power_W=151.000000,avg_time_s=0.000211,released_listeners=1,
start_task=,name=dot,tick=44,start_time=162308.909233,nthreads=65,
message=tick stats,tick=44,estimated_current_power=60.350000,
end_task=,name=dot,elapsed_seconds=0.525894,predicted_seconds=0.000136,time_percent_error=99.974203,nthreads=65,end_time=162309.437564,avg_power_W=151.090909,max_power_W=152.000000,avg_time_s=0.000219,released_listeners=1,
start_task=,name=dot,tick=45,start_time=162309.437624,nthreads=65,
message=tick stats,tick=45,estimated_current_power=60.350000,
end_task=,name=dot,elapsed_seconds=0.518639,predicted_seconds=0.000136,time_percent_error=99.973842,nthreads=65,end_time=162309.957091,avg_power_W=150.800000,max_power_W=151.000000,avg_time_s=0.000225,released_listeners=1,
start_task=,name=dot,tick=46,start_time=162309.957131,nthreads=65,
message=tick stats,tick=46,estimated_current_power=60.350000,
end_task=,name=dot,elapsed_seconds=0.518677,predicted_seconds=0.000136,time_percent_error=99.973844,nthreads=65,end_time=162310.488591,avg_power_W=151.272727,max_power_W=152.000000,avg_time_s=0.000217,released_listeners=1,
start_task=,name=dot,tick=47,start_time=162310.488673,nthreads=65,
message=tick stats,tick=47,estimated_current_power=60.350000,
end_task=,name=dot,elapsed_seconds=0.524628,predicted_seconds=0.000136,time_percent_error=99.974140,nthreads=65,end_time=162311.014122,avg_power_W=150.800000,max_power_W=152.000000,avg_time_s=0.000212,released_listeners=1,
start_task=,name=dot,tick=48,start_time=162311.014160,nthreads=65,
message=tick stats,tick=48,estimated_current_power=60.350000,
end_task=,name=dot,elapsed_seconds=0.541695,predicted_seconds=0.000136,time_percent_error=99.974955,nthreads=65,end_time=162311.557137,avg_power_W=150.818182,max_power_W=152.000000,avg_time_s=0.000226,released_listeners=1,
start_task=,name=dot,tick=49,start_time=162311.557175,nthreads=65,
message=tick stats,tick=49,estimated_current_power=60.350000,
end_task=,name=dot,elapsed_seconds=0.518691,predicted_seconds=0.000136,time_percent_error=99.973844,nthreads=65,end_time=162312.087571,avg_power_W=151.090909,max_power_W=152.000000,avg_time_s=0.000218,released_listeners=1,
start_task=,name=dot,tick=50,start_time=162312.087647,nthreads=65,
message=tick stats,tick=50,estimated_current_power=60.350000,
end_task=,name=dot,elapsed_seconds=0.518245,predicted_seconds=0.000136,time_percent_error=99.973822,nthreads=65,end_time=162312.606634,avg_power_W=151.000000,max_power_W=151.000000,avg_time_s=0.000222,released_listeners=1,
start_task=,name=sum_contribs,tick=51,start_time=162312.606676,nthreads=65,
message=tick stats,tick=51,estimated_current_power=0.000000,
end_task=,name=sum_contribs,elapsed_seconds=0.519275,predicted_seconds=0.000000,time_percent_error=100.000000,nthreads=65,end_time=162313.138552,avg_power_W=148.272727,max_power_W=151.000000,avg_time_s=0.000136,released_listeners=1,
start_task=,name=comp_alpha,tick=52,start_time=162313.138627,nthreads=65,
message=tick stats,tick=52,estimated_current_power=0.000000,
end_task=,name=comp_alpha,elapsed_seconds=0.517155,predicted_seconds=0.000000,time_percent_error=100.000000,nthreads=65,end_time=162313.656616,avg_power_W=144.000000,max_power_W=149.000000,avg_time_s=0.000056,released_listeners=16,
start_task=,name=axpyprofile,tick=53,start_time=162313.656674,nthreads=65,
message=tick stats,tick=53,estimated_current_power=0.000000,
end_task=,name=axpyprofile,elapsed_seconds=0.509963,predicted_seconds=0.000000,time_percent_error=100.000000,nthreads=65,end_time=162314.167380,avg_power_W=151.400000,max_power_W=158.000000,avg_time_s=0.006219,released_listeners=1,
start_task=,name=axpyprofile,tick=54,start_time=162314.167441,nthreads=65,
message=tick stats,tick=54,estimated_current_power=0.000000,
end_task=,name=axpyprofile,elapsed_seconds=0.524813,predicted_seconds=0.000000,time_percent_error=100.000000,nthreads=65,end_time=162314.693008,avg_power_W=156.727273,max_power_W=158.000000,avg_time_s=0.006560,released_listeners=1,
start_task=,name=axpyprofile,tick=55,start_time=162314.693068,nthreads=65,
message=tick stats,tick=55,estimated_current_power=0.000000,
end_task=,name=axpyprofile,elapsed_seconds=0.522867,predicted_seconds=0.000000,time_percent_error=100.000000,nthreads=65,end_time=162315.216651,avg_power_W=156.600000,max_power_W=158.000000,avg_time_s=0.006703,released_listeners=1,
start_task=,name=axpyprofile,tick=56,start_time=162315.216712,nthreads=65,
message=tick stats,tick=56,estimated_current_power=0.000000,
end_task=,name=axpyprofile,elapsed_seconds=0.519701,predicted_seconds=0.000000,time_percent_error=100.000000,nthreads=65,end_time=162315.737944,avg_power_W=155.909091,max_power_W=157.000000,avg_time_s=0.006663,released_listeners=1,
start_task=,name=axpyprofile,tick=57,start_time=162315.738009,nthreads=65,
message=tick stats,tick=57,estimated_current_power=0.000000,
end_task=,name=axpyprofile,elapsed_seconds=0.551139,predicted_seconds=0.000000,time_percent_error=100.000000,nthreads=65,end_time=162316.289901,avg_power_W=156.181818,max_power_W=157.000000,avg_time_s=0.006976,released_listeners=1,
start_task=,name=axpyprofile,tick=58,start_time=162316.289962,nthreads=65,
message=tick stats,tick=58,estimated_current_power=0.000000,
end_task=,name=axpyprofile,elapsed_seconds=0.521752,predicted_seconds=0.000000,time_percent_error=100.000000,nthreads=65,end_time=162316.812473,avg_power_W=156.100000,max_power_W=157.000000,avg_time_s=0.006604,released_listeners=1,
start_task=,name=axpyprofile,tick=59,start_time=162316.812534,nthreads=65,
message=tick stats,tick=59,estimated_current_power=0.000000,
end_task=,name=axpyprofile,elapsed_seconds=0.528608,predicted_seconds=0.000000,time_percent_error=100.000000,nthreads=65,end_time=162317.342281,avg_power_W=156.636364,max_power_W=158.000000,avg_time_s=0.006691,released_listeners=1,
start_task=,name=axpyprofile,tick=60,start_time=162317.342343,nthreads=65,
message=tick stats,tick=60,estimated_current_power=0.000000,
end_task=,name=axpyprofile,elapsed_seconds=0.527756,predicted_seconds=0.000000,time_percent_error=100.000000,nthreads=65,end_time=162317.887980,avg_power_W=156.000000,max_power_W=157.000000,avg_time_s=0.006680,released_listeners=1,
start_task=,name=axpyprofile,tick=61,start_time=162317.888048,nthreads=65,
message=tick stats,tick=61,estimated_current_power=0.000000,
end_task=,name=axpyprofile,elapsed_seconds=0.519590,predicted_seconds=0.000000,time_percent_error=100.000000,nthreads=65,end_time=162318.408901,avg_power_W=155.600000,max_power_W=158.000000,avg_time_s=0.006748,released_listeners=1,
start_task=,name=axpyprofile,tick=62,start_time=162318.408963,nthreads=65,
message=tick stats,tick=62,estimated_current_power=0.000000,
end_task=,name=axpyprofile,elapsed_seconds=0.522840,predicted_seconds=0.000000,time_percent_error=100.000000,nthreads=65,end_time=162318.937965,avg_power_W=156.363636,max_power_W=158.000000,avg_time_s=0.006618,released_listeners=1,
start_task=,name=axpyprofile,tick=63,start_time=162318.938031,nthreads=65,
message=tick stats,tick=63,estimated_current_power=0.000000,
end_task=,name=axpyprofile,elapsed_seconds=0.528175,predicted_seconds=0.000000,time_percent_error=100.000000,nthreads=65,end_time=162319.468096,avg_power_W=156.200000,max_power_W=157.000000,avg_time_s=0.006686,released_listeners=1,
start_task=,name=axpyprofile,tick=64,start_time=162319.468158,nthreads=65,
message=tick stats,tick=64,estimated_current_power=0.000000,
end_task=,name=axpyprofile,elapsed_seconds=0.520737,predicted_seconds=0.000000,time_percent_error=100.000000,nthreads=65,end_time=162319.989626,avg_power_W=156.181818,max_power_W=157.000000,avg_time_s=0.006592,released_listeners=1,
start_task=,name=axpyprofile,tick=65,start_time=162319.989687,nthreads=65,
message=tick stats,tick=65,estimated_current_power=0.000000,
end_task=,name=axpyprofile,elapsed_seconds=0.518315,predicted_seconds=0.000000,time_percent_error=100.000000,nthreads=65,end_time=162320.509246,avg_power_W=156.700000,max_power_W=157.000000,avg_time_s=0.006561,released_listeners=1,
start_task=,name=axpyprofile,tick=66,start_time=162320.509308,nthreads=65,
message=tick stats,tick=66,estimated_current_power=0.000000,
end_task=,name=axpyprofile,elapsed_seconds=0.552001,predicted_seconds=0.000000,time_percent_error=100.000000,nthreads=65,end_time=162321.062060,avg_power_W=156.090909,max_power_W=157.000000,avg_time_s=0.006987,released_listeners=1,
start_task=,name=axpyprofile,tick=67,start_time=162321.062125,nthreads=65,
message=tick stats,tick=67,estimated_current_power=0.000000,
end_task=,name=axpyprofile,elapsed_seconds=0.529862,predicted_seconds=0.000000,time_percent_error=100.000000,nthreads=65,end_time=162321.593297,avg_power_W=156.090909,max_power_W=157.000000,avg_time_s=0.006707,released_listeners=1,
start_task=,name=axpyprofile,tick=68,start_time=162321.593359,nthreads=65,
message=tick stats,tick=68,estimated_current_power=0.000000,
end_task=,name=axpyprofile,elapsed_seconds=0.525451,predicted_seconds=0.000000,time_percent_error=100.000000,nthreads=65,end_time=162322.119551,avg_power_W=156.000000,max_power_W=157.000000,avg_time_s=0.006651,released_listeners=1,
start_task=,name=axpy,tick=69,start_time=162322.119612,nthreads=65,
message=tick stats,tick=69,estimated_current_power=61.975000,
end_task=,name=axpy,elapsed_seconds=0.030699,predicted_seconds=0.005206,time_percent_error=83.040511,nthreads=65,end_time=162322.151030,avg_power_W=156.000000,max_power_W=156.000000,avg_time_s=0.030699,released_listeners=0,
start_task=,name=axpy,tick=70,start_time=162322.151103,nthreads=65,
message=tick stats,tick=70,estimated_current_power=61.975000,
end_task=,name=axpy,elapsed_seconds=0.031203,predicted_seconds=0.005206,time_percent_error=83.314371,nthreads=65,end_time=162322.187902,avg_power_W=156.000000,max_power_W=156.000000,avg_time_s=0.031203,released_listeners=0,
start_task=,name=axpy,tick=71,start_time=162322.187966,nthreads=65,
message=tick stats,tick=71,estimated_current_power=61.975000,
end_task=,name=axpy,elapsed_seconds=0.032350,predicted_seconds=0.005206,time_percent_error=83.906015,nthreads=65,end_time=162322.238119,avg_power_W=148.000000,max_power_W=148.000000,avg_time_s=0.032350,released_listeners=1,
start_task=,name=axpy,tick=72,start_time=162322.238184,nthreads=65,
message=tick stats,tick=72,estimated_current_power=61.975000,
end_task=,name=axpy,elapsed_seconds=0.023745,predicted_seconds=0.005206,time_percent_error=78.074023,nthreads=65,end_time=162322.262695,avg_power_W=-nan,max_power_W=0.000000,avg_time_s=0.023745,released_listeners=1,
start_task=,name=axpy,tick=73,start_time=162322.262742,nthreads=65,
message=tick stats,tick=73,estimated_current_power=61.975000,
end_task=,name=axpy,elapsed_seconds=0.032039,predicted_seconds=0.005206,time_percent_error=83.749724,nthreads=65,end_time=162322.295906,avg_power_W=148.000000,max_power_W=148.000000,avg_time_s=0.032039,released_listeners=0,
start_task=,name=axpy,tick=74,start_time=162322.295967,nthreads=65,
message=tick stats,tick=74,estimated_current_power=61.975000,
end_task=,name=axpy,elapsed_seconds=0.027138,predicted_seconds=0.005206,time_percent_error=80.814874,nthreads=65,end_time=162322.338142,avg_power_W=147.000000,max_power_W=147.000000,avg_time_s=0.027138,released_listeners=1,
start_task=,name=axpy,tick=75,start_time=162322.338207,nthreads=65,
message=tick stats,tick=75,estimated_current_power=61.975000,
end_task=,name=axpy,elapsed_seconds=0.035329,predicted_seconds=0.005206,time_percent_error=85.263280,nthreads=65,end_time=162322.387984,avg_power_W=147.000000,max_power_W=147.000000,avg_time_s=0.035329,released_listeners=0,
start_task=,name=axpy,tick=76,start_time=162322.388048,nthreads=65,
message=tick stats,tick=76,estimated_current_power=61.975000,
end_task=,name=axpy,elapsed_seconds=0.032285,predicted_seconds=0.005206,time_percent_error=83.873723,nthreads=65,end_time=162322.438041,avg_power_W=146.000000,max_power_W=146.000000,avg_time_s=0.032285,released_listeners=1,
start_task=,name=axpy,tick=77,start_time=162322.438119,nthreads=65,
message=tick stats,tick=77,estimated_current_power=61.975000,
end_task=,name=axpy,elapsed_seconds=0.020573,predicted_seconds=0.005206,time_percent_error=74.693210,nthreads=65,end_time=162322.459479,avg_power_W=-nan,max_power_W=0.000000,avg_time_s=0.020573,released_listeners=0,
start_task=,name=axpy,tick=78,start_time=162322.459522,nthreads=65,
message=tick stats,tick=78,estimated_current_power=61.975000,
end_task=,name=axpy,elapsed_seconds=0.029835,predicted_seconds=0.005206,time_percent_error=82.549650,nthreads=65,end_time=162322.490020,avg_power_W=147.000000,max_power_W=147.000000,avg_time_s=0.029835,released_listeners=1,
start_task=,name=axpy,tick=79,start_time=162322.490051,nthreads=65,
message=tick stats,tick=79,estimated_current_power=61.975000,
end_task=,name=axpy,elapsed_seconds=0.029325,predicted_seconds=0.005206,time_percent_error=82.246175,nthreads=65,end_time=162322.520038,avg_power_W=-nan,max_power_W=0.000000,avg_time_s=0.029325,released_listeners=0,
start_task=,name=axpy,tick=80,start_time=162322.538313,nthreads=65,
message=tick stats,tick=80,estimated_current_power=61.975000,
end_task=,name=axpy,elapsed_seconds=0.032498,predicted_seconds=0.005206,time_percent_error=83.979621,nthreads=65,end_time=162322.588303,avg_power_W=148.000000,max_power_W=148.000000,avg_time_s=0.032498,released_listeners=1,
start_task=,name=axpy,tick=81,start_time=162322.588369,nthreads=65,
message=tick stats,tick=81,estimated_current_power=61.975000,
end_task=,name=axpy,elapsed_seconds=0.022898,predicted_seconds=0.005206,time_percent_error=77.262266,nthreads=65,end_time=162322.612512,avg_power_W=-nan,max_power_W=0.000000,avg_time_s=0.022898,released_listeners=0,
start_task=,name=axpy,tick=82,start_time=162322.612538,nthreads=65,
message=tick stats,tick=82,estimated_current_power=61.975000,
end_task=,name=axpy,elapsed_seconds=0.029771,predicted_seconds=0.005206,time_percent_error=82.511766,nthreads=65,end_time=162322.643468,avg_power_W=145.000000,max_power_W=145.000000,avg_time_s=0.029771,released_listeners=1,
start_task=,name=axpy,tick=83,start_time=162322.643499,nthreads=65,
message=tick stats,tick=83,estimated_current_power=61.975000,
end_task=,name=axpy,elapsed_seconds=0.042663,predicted_seconds=0.005206,time_percent_error=87.796568,nthreads=65,end_time=162322.688421,avg_power_W=146.000000,max_power_W=146.000000,avg_time_s=0.042663,released_listeners=0,
start_task=,name=axpy,tick=84,start_time=162322.688480,nthreads=65,
message=tick stats,tick=84,estimated_current_power=61.975000,
end_task=,name=axpy,elapsed_seconds=0.021718,predicted_seconds=0.005206,time_percent_error=76.027551,nthreads=65,end_time=162322.711370,avg_power_W=-nan,max_power_W=0.000000,avg_time_s=0.021718,released_listeners=1,
start_task=,name=dot,tick=85,start_time=162322.711394,nthreads=65,
message=tick stats,tick=85,estimated_current_power=60.350000,
end_task=,name=dot,elapsed_seconds=0.524001,predicted_seconds=0.000136,time_percent_error=99.974109,nthreads=65,end_time=162323.238765,avg_power_W=148.727273,max_power_W=150.000000,avg_time_s=0.000164,released_listeners=1,
start_task=,name=dot,tick=86,start_time=162323.238848,nthreads=65,
message=tick stats,tick=86,estimated_current_power=60.350000,
end_task=,name=dot,elapsed_seconds=0.527235,predicted_seconds=0.000136,time_percent_error=99.974268,nthreads=65,end_time=162323.767037,avg_power_W=150.100000,max_power_W=151.000000,avg_time_s=0.000166,released_listeners=1,
start_task=,name=dot,tick=87,start_time=162323.767116,nthreads=65,
message=tick stats,tick=87,estimated_current_power=60.350000,
end_task=,name=dot,elapsed_seconds=0.522819,predicted_seconds=0.000136,time_percent_error=99.974051,nthreads=65,end_time=162324.290720,avg_power_W=150.000000,max_power_W=151.000000,avg_time_s=0.000164,released_listeners=1,
start_task=,name=dot,tick=88,start_time=162324.290765,nthreads=65,
message=tick stats,tick=88,estimated_current_power=60.350000,
end_task=,name=dot,elapsed_seconds=0.522371,predicted_seconds=0.000136,time_percent_error=99.974029,nthreads=65,end_time=162324.814299,avg_power_W=149.800000,max_power_W=151.000000,avg_time_s=0.000168,released_listeners=1,
start_task=,name=dot,tick=89,start_time=162324.814343,nthreads=65,
message=tick stats,tick=89,estimated_current_power=60.350000,
end_task=,name=dot,elapsed_seconds=0.524300,predicted_seconds=0.000136,time_percent_error=99.974124,nthreads=65,end_time=162325.339496,avg_power_W=149.636364,max_power_W=150.000000,avg_time_s=0.000165,released_listeners=1,
start_task=,name=dot,tick=90,start_time=162325.339558,nthreads=65,
message=tick stats,tick=90,estimated_current_power=60.350000,
end_task=,name=dot,elapsed_seconds=0.546314,predicted_seconds=0.000136,time_percent_error=99.975167,nthreads=65,end_time=162325.889147,avg_power_W=149.545455,max_power_W=151.000000,avg_time_s=0.000175,released_listeners=1,
start_task=,name=dot,tick=91,start_time=162325.889197,nthreads=65,
message=tick stats,tick=91,estimated_current_power=60.350000,
end_task=,name=dot,elapsed_seconds=0.525276,predicted_seconds=0.000136,time_percent_error=99.974172,nthreads=65,end_time=162326.415374,avg_power_W=149.700000,max_power_W=151.000000,avg_time_s=0.000165,released_listeners=1,
start_task=,name=dot,tick=92,start_time=162326.415416,nthreads=65,
message=tick stats,tick=92,estimated_current_power=60.350000,
end_task=,name=dot,elapsed_seconds=0.520701,predicted_seconds=0.000136,time_percent_error=99.973945,nthreads=65,end_time=162326.938807,avg_power_W=149.272727,max_power_W=151.000000,avg_time_s=0.000165,released_listeners=1,
start_task=,name=sum_contribs,tick=93,start_time=162326.938869,nthreads=65,
message=tick stats,tick=93,estimated_current_power=0.000000,
end_task=,name=sum_contribs,elapsed_seconds=0.516994,predicted_seconds=0.000000,time_percent_error=100.000000,nthreads=65,end_time=162327.456678,avg_power_W=147.500000,max_power_W=149.000000,avg_time_s=0.000137,released_listeners=2,
start_task=,name=comp_beta,tick=94,start_time=162327.456720,nthreads=65,
message=tick stats,tick=94,estimated_current_power=0.000000,
end_task=,name=comp_beta,elapsed_seconds=0.521053,predicted_seconds=0.000000,time_percent_error=100.000000,nthreads=65,end_time=162327.989641,avg_power_W=134.818182,max_power_W=148.000000,avg_time_s=0.000055,released_listeners=8,
start_task=,name=assign,tick=95,start_time=162327.989732,nthreads=65,
message=tick stats,tick=95,estimated_current_power=0.000000,
end_task=,name=assign,elapsed_seconds=0.506330,predicted_seconds=0.000000,time_percent_error=100.000000,nthreads=65,end_time=162328.497168,avg_power_W=117.100000,max_power_W=119.000000,avg_time_s=0.000053,released_listeners=0,
start_task=,name=xapyprofile,tick=96,start_time=162328.497255,nthreads=65,
message=tick stats,tick=96,estimated_current_power=0.000000,
end_task=,name=xapyprofile,elapsed_seconds=0.511390,predicted_seconds=0.000000,time_percent_error=100.000000,nthreads=65,end_time=162329.009692,avg_power_W=149.300000,max_power_W=156.000000,avg_time_s=0.006556,released_listeners=1,
start_task=,name=xapyprofile,tick=97,start_time=162329.009753,nthreads=65,
message=tick stats,tick=97,estimated_current_power=0.000000,
end_task=,name=xapyprofile,elapsed_seconds=0.521907,predicted_seconds=0.000000,time_percent_error=100.000000,nthreads=65,end_time=162329.537747,avg_power_W=154.545455,max_power_W=156.000000,avg_time_s=0.006606,released_listeners=1,
start_task=,name=xapyprofile,tick=98,start_time=162329.537813,nthreads=65,
message=tick stats,tick=98,estimated_current_power=0.000000,
end_task=,name=xapyprofile,elapsed_seconds=0.519175,predicted_seconds=0.000000,time_percent_error=100.000000,nthreads=65,end_time=162330.058209,avg_power_W=155.800000,max_power_W=157.000000,avg_time_s=0.006572,released_listeners=1,
start_task=,name=xapyprofile,tick=99,start_time=162330.058270,nthreads=65,
message=tick stats,tick=99,estimated_current_power=0.000000,
end_task=,name=xapyprofile,elapsed_seconds=0.520668,predicted_seconds=0.000000,time_percent_error=100.000000,nthreads=65,end_time=162330.587767,avg_power_W=155.272727,max_power_W=156.000000,avg_time_s=0.006591,released_listeners=1,
start_task=,name=xapyprofile,tick=100,start_time=162330.587832,nthreads=65,
message=tick stats,tick=100,estimated_current_power=0.000000,
end_task=,name=xapyprofile,elapsed_seconds=0.519799,predicted_seconds=0.000000,time_percent_error=100.000000,nthreads=65,end_time=162331.108874,avg_power_W=155.400000,max_power_W=157.000000,avg_time_s=0.006580,released_listeners=1,
start_task=,name=xapyprofile,tick=101,start_time=162331.108935,nthreads=65,
message=tick stats,tick=101,estimated_current_power=0.000000,
end_task=,name=xapyprofile,elapsed_seconds=0.522174,predicted_seconds=0.000000,time_percent_error=100.000000,nthreads=65,end_time=162331.637796,avg_power_W=155.545455,max_power_W=157.000000,avg_time_s=0.006610,released_listeners=1,
start_task=,name=xapyprofile,tick=102,start_time=162331.637861,nthreads=65,
message=tick stats,tick=102,estimated_current_power=0.000000,
end_task=,name=xapyprofile,elapsed_seconds=0.524939,predicted_seconds=0.000000,time_percent_error=100.000000,nthreads=65,end_time=162332.164034,avg_power_W=155.400000,max_power_W=157.000000,avg_time_s=0.006645,released_listeners=1,
start_task=,name=xapyprofile,tick=103,start_time=162332.164099,nthreads=65,
message=tick stats,tick=103,estimated_current_power=0.000000,
end_task=,name=xapyprofile,elapsed_seconds=0.529700,predicted_seconds=0.000000,time_percent_error=100.000000,nthreads=65,end_time=162332.694576,avg_power_W=155.272727,max_power_W=157.000000,avg_time_s=0.006705,released_listeners=1,
start_task=,name=xapy,tick=104,start_time=162332.694645,nthreads=65,
message=tick stats,tick=104,estimated_current_power=64.225000,
end_task=,name=xapy,elapsed_seconds=0.054406,predicted_seconds=0.005175,time_percent_error=90.488453,nthreads=65,end_time=162332.749806,avg_power_W=156.000000,max_power_W=156.000000,avg_time_s=0.054406,released_listeners=0,
start_task=,name=xapy,tick=105,start_time=162332.749867,nthreads=65,
message=tick stats,tick=105,estimated_current_power=64.225000,
end_task=,name=xapy,elapsed_seconds=0.028543,predicted_seconds=0.005175,time_percent_error=81.869852,nthreads=65,end_time=162332.787856,avg_power_W=146.000000,max_power_W=146.000000,avg_time_s=0.028543,released_listeners=0,
start_task=,name=xapy,tick=106,start_time=162332.787920,nthreads=65,
message=tick stats,tick=106,estimated_current_power=64.225000,
end_task=,name=xapy,elapsed_seconds=0.029811,predicted_seconds=0.005175,time_percent_error=82.641160,nthreads=65,end_time=162332.818484,avg_power_W=-nan,max_power_W=0.000000,avg_time_s=0.029811,released_listeners=0,
start_task=,name=xapy,tick=107,start_time=162332.818511,nthreads=65,
message=tick stats,tick=107,estimated_current_power=64.225000,
end_task=,name=xapy,elapsed_seconds=0.022391,predicted_seconds=0.005175,time_percent_error=76.888217,nthreads=65,end_time=162332.841606,avg_power_W=146.000000,max_power_W=146.000000,avg_time_s=0.022391,released_listeners=0,
start_task=,name=xapy,tick=108,start_time=162332.841637,nthreads=65,
message=tick stats,tick=108,estimated_current_power=64.225000,
end_task=,name=xapy,elapsed_seconds=0.019120,predicted_seconds=0.005175,time_percent_error=72.934688,nthreads=65,end_time=162332.861459,avg_power_W=-nan,max_power_W=0.000000,avg_time_s=0.019120,released_listeners=0,
start_task=,name=xapy,tick=109,start_time=162332.861484,nthreads=65,
message=tick stats,tick=109,estimated_current_power=64.225000,
end_task=,name=xapy,elapsed_seconds=0.028556,predicted_seconds=0.005175,time_percent_error=81.878216,nthreads=65,end_time=162332.890740,avg_power_W=146.000000,max_power_W=146.000000,avg_time_s=0.028556,released_listeners=0,
start_task=,name=xapy,tick=110,start_time=162332.890772,nthreads=65,
message=tick stats,tick=110,estimated_current_power=64.225000,
end_task=,name=xapy,elapsed_seconds=0.027728,predicted_seconds=0.005175,time_percent_error=81.337287,nthreads=65,end_time=162332.919214,avg_power_W=-nan,max_power_W=0.000000,avg_time_s=0.027728,released_listeners=0,
start_task=,name=xapy,tick=111,start_time=162332.919238,nthreads=65,
message=tick stats,tick=111,estimated_current_power=64.225000,
end_task=,name=xapy,elapsed_seconds=0.020446,predicted_seconds=0.005175,time_percent_error=74.690482,nthreads=65,end_time=162332.940378,avg_power_W=147.000000,max_power_W=147.000000,avg_time_s=0.020446,released_listeners=0,
est_max_power=68.350000,
average_power_W=147.000000,
max_power_W=147.000000,
time_s=46.770355,
message=ALL DONE,
