message=cataloging configuration,max_threads=37,power_limit=inf,
start_task=,name=start,tick=1,start_time=115536.444815,nthreads=37,
message=tick stats,tick=1,estimated_current_power=0.000000,
end_task=,name=start,elapsed_seconds=0.515713,predicted_seconds=0.000000,time_percent_error=100.000000,nthreads=37,end_time=115536.963445,avg_power_W=98.700000,max_power_W=105.000000,avg_time_s=0.000000,released_listeners=8,
start_task=,name=spmv,tick=2,start_time=115536.963505,nthreads=37,
message=tick stats,tick=2,estimated_current_power=44.850000,
end_task=,name=spmv,elapsed_seconds=0.518638,predicted_seconds=0.009887,time_percent_error=98.093732,nthreads=37,end_time=115537.482939,avg_power_W=112.100000,max_power_W=124.000000,avg_time_s=0.025932,released_listeners=1,
start_task=,name=spmv,tick=3,start_time=115537.482988,nthreads=37,
message=tick stats,tick=3,estimated_current_power=44.850000,
end_task=,name=spmv,elapsed_seconds=0.514229,predicted_seconds=0.009887,time_percent_error=98.077389,nthreads=37,end_time=115538.010004,avg_power_W=123.090909,max_power_W=124.000000,avg_time_s=0.015583,released_listeners=1,
start_task=,name=spmv,tick=4,start_time=115538.010056,nthreads=37,
message=tick stats,tick=4,estimated_current_power=44.850000,
end_task=,name=spmv,elapsed_seconds=0.515304,predicted_seconds=0.009887,time_percent_error=98.081398,nthreads=37,end_time=115538.526382,avg_power_W=123.000000,max_power_W=124.000000,avg_time_s=0.015615,released_listeners=1,
start_task=,name=spmv,tick=5,start_time=115538.526432,nthreads=37,
message=tick stats,tick=5,estimated_current_power=44.850000,
end_task=,name=spmv,elapsed_seconds=0.525676,predicted_seconds=0.009887,time_percent_error=98.119256,nthreads=37,end_time=115539.059577,avg_power_W=122.000000,max_power_W=124.000000,avg_time_s=0.017523,released_listeners=1,
start_task=,name=spmv,tick=6,start_time=115539.059629,nthreads=37,
message=tick stats,tick=6,estimated_current_power=44.850000,
end_task=,name=spmv,elapsed_seconds=0.518929,predicted_seconds=0.009887,time_percent_error=98.094801,nthreads=37,end_time=115539.579273,avg_power_W=122.400000,max_power_W=124.000000,avg_time_s=0.017894,released_listeners=1,
start_task=,name=spmv,tick=7,start_time=115539.579322,nthreads=37,
message=tick stats,tick=7,estimated_current_power=44.850000,
end_task=,name=spmv,elapsed_seconds=0.520785,predicted_seconds=0.009887,time_percent_error=98.101593,nthreads=37,end_time=115540.109100,avg_power_W=122.000000,max_power_W=123.000000,avg_time_s=0.017958,released_listeners=1,
start_task=,name=spmv,tick=8,start_time=115540.109159,nthreads=37,
message=tick stats,tick=8,estimated_current_power=44.850000,
end_task=,name=spmv,elapsed_seconds=0.504927,predicted_seconds=0.009887,time_percent_error=98.041968,nthreads=37,end_time=115540.614791,avg_power_W=122.300000,max_power_W=123.000000,avg_time_s=0.018033,released_listeners=1,
start_task=,name=spmv,tick=9,start_time=115540.614840,nthreads=37,
message=tick stats,tick=9,estimated_current_power=44.850000,
end_task=,name=spmv,elapsed_seconds=0.518342,predicted_seconds=0.009887,time_percent_error=98.092644,nthreads=37,end_time=115541.133863,avg_power_W=121.900000,max_power_W=123.000000,avg_time_s=0.017874,released_listeners=1,
start_task=,name=subtract,tick=10,start_time=115541.133912,nthreads=37,
message=tick stats,tick=10,estimated_current_power=38.475000,
end_task=,name=subtract,elapsed_seconds=0.506007,predicted_seconds=0.000272,time_percent_error=99.946320,nthreads=37,end_time=115541.641208,avg_power_W=119.600000,max_power_W=122.000000,avg_time_s=0.000512,released_listeners=2,
start_task=,name=subtract,tick=11,start_time=115541.641262,nthreads=37,
message=tick stats,tick=11,estimated_current_power=38.475000,
end_task=,name=subtract,elapsed_seconds=0.509187,predicted_seconds=0.000272,time_percent_error=99.946655,nthreads=37,end_time=115542.159342,avg_power_W=120.181818,max_power_W=121.000000,avg_time_s=0.000452,released_listeners=2,
start_task=,name=subtract,tick=12,start_time=115542.159399,nthreads=37,
message=tick stats,tick=12,estimated_current_power=38.475000,
end_task=,name=subtract,elapsed_seconds=0.505602,predicted_seconds=0.000272,time_percent_error=99.946277,nthreads=37,end_time=115542.665938,avg_power_W=120.500000,max_power_W=121.000000,avg_time_s=0.000473,released_listeners=2,
start_task=,name=subtract,tick=13,start_time=115542.665971,nthreads=37,
message=tick stats,tick=13,estimated_current_power=38.475000,
end_task=,name=subtract,elapsed_seconds=0.508342,predicted_seconds=0.000272,time_percent_error=99.946567,nthreads=37,end_time=115543.174951,avg_power_W=120.300000,max_power_W=121.000000,avg_time_s=0.000444,released_listeners=2,
start_task=,name=subtract,tick=14,start_time=115543.174978,nthreads=37,
message=tick stats,tick=14,estimated_current_power=38.475000,
end_task=,name=subtract,elapsed_seconds=0.506885,predicted_seconds=0.000272,time_percent_error=99.946413,nthreads=37,end_time=115543.682299,avg_power_W=120.500000,max_power_W=121.000000,avg_time_s=0.000462,released_listeners=2,
start_task=,name=subtract,tick=15,start_time=115543.682326,nthreads=37,
message=tick stats,tick=15,estimated_current_power=38.475000,
end_task=,name=subtract,elapsed_seconds=0.507753,predicted_seconds=0.000272,time_percent_error=99.946504,nthreads=37,end_time=115544.190731,avg_power_W=120.400000,max_power_W=122.000000,avg_time_s=0.000440,released_listeners=2,
start_task=,name=subtract,tick=16,start_time=115544.190758,nthreads=37,
message=tick stats,tick=16,estimated_current_power=38.475000,
end_task=,name=subtract,elapsed_seconds=0.506921,predicted_seconds=0.000272,time_percent_error=99.946417,nthreads=37,end_time=115544.709290,avg_power_W=120.454545,max_power_W=121.000000,avg_time_s=0.000453,released_listeners=2,
start_task=,name=subtract,tick=17,start_time=115544.709341,nthreads=37,
message=tick stats,tick=17,estimated_current_power=38.475000,
end_task=,name=subtract,elapsed_seconds=0.505876,predicted_seconds=0.000272,time_percent_error=99.946306,nthreads=37,end_time=115545.215784,avg_power_W=120.200000,max_power_W=121.000000,avg_time_s=0.000441,released_listeners=2,
start_task=,name=copy,tick=18,start_time=115545.215811,nthreads=37,
message=tick stats,tick=18,estimated_current_power=39.475000,
end_task=,name=copy,elapsed_seconds=0.507608,predicted_seconds=0.000158,time_percent_error=99.968947,nthreads=37,end_time=115545.723915,avg_power_W=120.000000,max_power_W=122.000000,avg_time_s=0.000238,released_listeners=1,
start_task=,name=dot,tick=19,start_time=115545.723943,nthreads=37,
message=tick stats,tick=19,estimated_current_power=40.266667,
end_task=,name=dot,elapsed_seconds=0.509482,predicted_seconds=0.000129,time_percent_error=99.974590,nthreads=37,end_time=115546.233987,avg_power_W=118.900000,max_power_W=121.000000,avg_time_s=0.000187,released_listeners=1,
start_task=,name=copy,tick=20,start_time=115546.234024,nthreads=37,
message=tick stats,tick=20,estimated_current_power=39.475000,
end_task=,name=copy,elapsed_seconds=0.507617,predicted_seconds=0.000158,time_percent_error=99.968948,nthreads=37,end_time=115546.742779,avg_power_W=119.900000,max_power_W=121.000000,avg_time_s=0.000236,released_listeners=1,
start_task=,name=dot,tick=21,start_time=115546.742806,nthreads=37,
message=tick stats,tick=21,estimated_current_power=40.266667,
end_task=,name=dot,elapsed_seconds=0.507592,predicted_seconds=0.000129,time_percent_error=99.974496,nthreads=37,end_time=115547.259131,avg_power_W=118.636364,max_power_W=120.000000,avg_time_s=0.000191,released_listeners=1,
start_task=,name=copy,tick=22,start_time=115547.259192,nthreads=37,
message=tick stats,tick=22,estimated_current_power=39.475000,
end_task=,name=copy,elapsed_seconds=0.508048,predicted_seconds=0.000158,time_percent_error=99.968974,nthreads=37,end_time=115547.767710,avg_power_W=120.300000,max_power_W=121.000000,avg_time_s=0.000238,released_listeners=1,
start_task=,name=dot,tick=23,start_time=115547.767739,nthreads=37,
message=tick stats,tick=23,estimated_current_power=40.266667,
end_task=,name=dot,elapsed_seconds=0.507234,predicted_seconds=0.000129,time_percent_error=99.974478,nthreads=37,end_time=115548.275485,avg_power_W=119.100000,max_power_W=120.000000,avg_time_s=0.000191,released_listeners=1,
start_task=,name=copy,tick=24,start_time=115548.275524,nthreads=37,
message=tick stats,tick=24,estimated_current_power=39.475000,
end_task=,name=copy,elapsed_seconds=0.505857,predicted_seconds=0.000158,time_percent_error=99.968840,nthreads=37,end_time=115548.781910,avg_power_W=120.400000,max_power_W=121.000000,avg_time_s=0.000237,released_listeners=1,
start_task=,name=dot,tick=25,start_time=115548.781937,nthreads=37,
message=tick stats,tick=25,estimated_current_power=40.266667,
end_task=,name=dot,elapsed_seconds=0.508295,predicted_seconds=0.000129,time_percent_error=99.974531,nthreads=37,end_time=115549.290836,avg_power_W=118.900000,max_power_W=121.000000,avg_time_s=0.000187,released_listeners=1,
start_task=,name=copy,tick=26,start_time=115549.290868,nthreads=37,
message=tick stats,tick=26,estimated_current_power=39.475000,
end_task=,name=copy,elapsed_seconds=0.505444,predicted_seconds=0.000158,time_percent_error=99.968815,nthreads=37,end_time=115549.809041,avg_power_W=120.272727,max_power_W=122.000000,avg_time_s=0.000243,released_listeners=1,
start_task=,name=dot,tick=27,start_time=115549.809096,nthreads=37,
message=tick stats,tick=27,estimated_current_power=40.266667,
end_task=,name=dot,elapsed_seconds=0.507108,predicted_seconds=0.000129,time_percent_error=99.974471,nthreads=37,end_time=115550.316801,avg_power_W=118.700000,max_power_W=120.000000,avg_time_s=0.000190,released_listeners=1,
start_task=,name=copy,tick=28,start_time=115550.316832,nthreads=37,
message=tick stats,tick=28,estimated_current_power=39.475000,
end_task=,name=copy,elapsed_seconds=0.505488,predicted_seconds=0.000158,time_percent_error=99.968817,nthreads=37,end_time=115550.822830,avg_power_W=120.100000,max_power_W=121.000000,avg_time_s=0.000236,released_listeners=1,
start_task=,name=dot,tick=29,start_time=115550.822858,nthreads=37,
message=tick stats,tick=29,estimated_current_power=40.266667,
end_task=,name=dot,elapsed_seconds=0.505492,predicted_seconds=0.000129,time_percent_error=99.974390,nthreads=37,end_time=115551.328840,avg_power_W=119.400000,max_power_W=121.000000,avg_time_s=0.000182,released_listeners=1,
start_task=,name=copy,tick=30,start_time=115551.328872,nthreads=37,
message=tick stats,tick=30,estimated_current_power=39.475000,
end_task=,name=copy,elapsed_seconds=0.508314,predicted_seconds=0.000158,time_percent_error=99.968991,nthreads=37,end_time=115551.837693,avg_power_W=120.700000,max_power_W=122.000000,avg_time_s=0.000238,released_listeners=1,
start_task=,name=dot,tick=31,start_time=115551.837724,nthreads=37,
message=tick stats,tick=31,estimated_current_power=40.266667,
end_task=,name=dot,elapsed_seconds=0.506966,predicted_seconds=0.000129,time_percent_error=99.974464,nthreads=37,end_time=115552.359440,avg_power_W=119.727273,max_power_W=121.000000,avg_time_s=0.000182,released_listeners=1,
start_task=,name=copy,tick=32,start_time=115552.359503,nthreads=37,
message=tick stats,tick=32,estimated_current_power=39.475000,
end_task=,name=copy,elapsed_seconds=0.504956,predicted_seconds=0.000158,time_percent_error=99.968784,nthreads=37,end_time=115552.865022,avg_power_W=120.700000,max_power_W=121.000000,avg_time_s=0.000241,released_listeners=1,
start_task=,name=dot,tick=33,start_time=115552.865053,nthreads=37,
message=tick stats,tick=33,estimated_current_power=40.266667,
end_task=,name=dot,elapsed_seconds=0.507745,predicted_seconds=0.000129,time_percent_error=99.974503,nthreads=37,end_time=115553.373493,avg_power_W=119.700000,max_power_W=121.000000,avg_time_s=0.000185,released_listeners=1,
start_task=,name=spmv,tick=34,start_time=115553.373526,nthreads=37,
message=tick stats,tick=34,estimated_current_power=44.850000,
end_task=,name=spmv,elapsed_seconds=0.512364,predicted_seconds=0.009887,time_percent_error=98.070389,nthreads=37,end_time=115553.886589,avg_power_W=123.500000,max_power_W=125.000000,avg_time_s=0.017079,released_listeners=1,
start_task=,name=spmv,tick=35,start_time=115553.886638,nthreads=37,
message=tick stats,tick=35,estimated_current_power=44.850000,
end_task=,name=spmv,elapsed_seconds=0.523346,predicted_seconds=0.009887,time_percent_error=98.110880,nthreads=37,end_time=115554.410766,avg_power_W=123.909091,max_power_W=125.000000,avg_time_s=0.016882,released_listeners=1,
start_task=,name=spmv,tick=36,start_time=115554.410825,nthreads=37,
message=tick stats,tick=36,estimated_current_power=44.850000,
end_task=,name=spmv,elapsed_seconds=0.516667,predicted_seconds=0.009887,time_percent_error=98.086460,nthreads=37,end_time=115554.928198,avg_power_W=124.400000,max_power_W=126.000000,avg_time_s=0.017222,released_listeners=1,
start_task=,name=spmv,tick=37,start_time=115554.928247,nthreads=37,
message=tick stats,tick=37,estimated_current_power=44.850000,
end_task=,name=spmv,elapsed_seconds=0.513013,predicted_seconds=0.009887,time_percent_error=98.072833,nthreads=37,end_time=115555.441966,avg_power_W=124.200000,max_power_W=126.000000,avg_time_s=0.017100,released_listeners=1,
start_task=,name=spmv,tick=38,start_time=115555.442016,nthreads=37,
message=tick stats,tick=38,estimated_current_power=44.850000,
end_task=,name=spmv,elapsed_seconds=0.515240,predicted_seconds=0.009887,time_percent_error=98.081161,nthreads=37,end_time=115555.959907,avg_power_W=124.636364,max_power_W=126.000000,avg_time_s=0.017175,released_listeners=1,
start_task=,name=spmv,tick=39,start_time=115555.959962,nthreads=37,
message=tick stats,tick=39,estimated_current_power=44.850000,
end_task=,name=spmv,elapsed_seconds=0.515318,predicted_seconds=0.009887,time_percent_error=98.081451,nthreads=37,end_time=115556.476084,avg_power_W=124.000000,max_power_W=124.000000,avg_time_s=0.016623,released_listeners=1,
start_task=,name=spmv,tick=40,start_time=115556.476132,nthreads=37,
message=tick stats,tick=40,estimated_current_power=44.850000,
end_task=,name=spmv,elapsed_seconds=0.519428,predicted_seconds=0.009887,time_percent_error=98.096631,nthreads=37,end_time=115557.009479,avg_power_W=124.272727,max_power_W=125.000000,avg_time_s=0.017314,released_listeners=1,
start_task=,name=spmv,tick=41,start_time=115557.009533,nthreads=37,
message=tick stats,tick=41,estimated_current_power=44.850000,
end_task=,name=spmv,elapsed_seconds=0.511246,predicted_seconds=0.009887,time_percent_error=98.066170,nthreads=37,end_time=115557.521520,avg_power_W=123.800000,max_power_W=125.000000,avg_time_s=0.017629,released_listeners=1,
start_task=,name=sum_contribs,tick=42,start_time=115557.521570,nthreads=37,
message=tick stats,tick=42,estimated_current_power=0.000000,
end_task=,name=sum_contribs,elapsed_seconds=0.507325,predicted_seconds=0.000000,time_percent_error=100.000000,nthreads=37,end_time=115558.029407,avg_power_W=119.500000,max_power_W=124.000000,avg_time_s=0.000165,released_listeners=1,
start_task=,name=dot,tick=43,start_time=115558.029443,nthreads=37,
message=tick stats,tick=43,estimated_current_power=40.266667,
end_task=,name=dot,elapsed_seconds=0.507037,predicted_seconds=0.000129,time_percent_error=99.974468,nthreads=37,end_time=115558.537654,avg_power_W=120.700000,max_power_W=121.000000,avg_time_s=0.000222,released_listeners=1,
start_task=,name=dot,tick=44,start_time=115558.537685,nthreads=37,
message=tick stats,tick=44,estimated_current_power=40.266667,
end_task=,name=dot,elapsed_seconds=0.508588,predicted_seconds=0.000129,time_percent_error=99.974546,nthreads=37,end_time=115559.060114,avg_power_W=120.363636,max_power_W=121.000000,avg_time_s=0.000242,released_listeners=1,
start_task=,name=dot,tick=45,start_time=115559.060172,nthreads=37,
message=tick stats,tick=45,estimated_current_power=40.266667,
end_task=,name=dot,elapsed_seconds=0.508996,predicted_seconds=0.000129,time_percent_error=99.974566,nthreads=37,end_time=115559.570002,avg_power_W=120.600000,max_power_W=121.000000,avg_time_s=0.000224,released_listeners=1,
start_task=,name=dot,tick=46,start_time=115559.570033,nthreads=37,
message=tick stats,tick=46,estimated_current_power=40.266667,
end_task=,name=dot,elapsed_seconds=0.508448,predicted_seconds=0.000129,time_percent_error=99.974539,nthreads=37,end_time=115560.079414,avg_power_W=121.000000,max_power_W=123.000000,avg_time_s=0.000249,released_listeners=1,
start_task=,name=dot,tick=47,start_time=115560.079449,nthreads=37,
message=tick stats,tick=47,estimated_current_power=40.266667,
end_task=,name=dot,elapsed_seconds=0.507322,predicted_seconds=0.000129,time_percent_error=99.974482,nthreads=37,end_time=115560.588008,avg_power_W=120.500000,max_power_W=123.000000,avg_time_s=0.000227,released_listeners=1,
start_task=,name=dot,tick=48,start_time=115560.588038,nthreads=37,
message=tick stats,tick=48,estimated_current_power=40.266667,
end_task=,name=dot,elapsed_seconds=0.509030,predicted_seconds=0.000129,time_percent_error=99.974568,nthreads=37,end_time=115561.109935,avg_power_W=120.545455,max_power_W=121.000000,avg_time_s=0.000231,released_listeners=1,
start_task=,name=dot,tick=49,start_time=115561.109993,nthreads=37,
message=tick stats,tick=49,estimated_current_power=40.266667,
end_task=,name=dot,elapsed_seconds=0.505942,predicted_seconds=0.000129,time_percent_error=99.974412,nthreads=37,end_time=115561.617246,avg_power_W=120.300000,max_power_W=122.000000,avg_time_s=0.000223,released_listeners=1,
start_task=,name=dot,tick=50,start_time=115561.617275,nthreads=37,
message=tick stats,tick=50,estimated_current_power=40.266667,
end_task=,name=dot,elapsed_seconds=0.507392,predicted_seconds=0.000129,time_percent_error=99.974486,nthreads=37,end_time=115562.125462,avg_power_W=122.300000,max_power_W=123.000000,avg_time_s=0.000211,released_listeners=1,
start_task=,name=sum_contribs,tick=51,start_time=115562.125493,nthreads=37,
message=tick stats,tick=51,estimated_current_power=0.000000,
end_task=,name=sum_contribs,elapsed_seconds=0.507266,predicted_seconds=0.000000,time_percent_error=100.000000,nthreads=37,end_time=115562.634015,avg_power_W=119.100000,max_power_W=120.000000,avg_time_s=0.000137,released_listeners=1,
start_task=,name=comp_alpha,tick=52,start_time=115562.634049,nthreads=37,
message=tick stats,tick=52,estimated_current_power=0.000000,
end_task=,name=comp_alpha,elapsed_seconds=0.509886,predicted_seconds=0.000000,time_percent_error=100.000000,nthreads=37,end_time=115563.160360,avg_power_W=114.727273,max_power_W=119.000000,avg_time_s=0.000060,released_listeners=16,
start_task=,name=axpyprofile,tick=53,start_time=115563.160447,nthreads=37,
message=tick stats,tick=53,estimated_current_power=0.000000,
end_task=,name=axpyprofile,elapsed_seconds=0.508072,predicted_seconds=0.000000,time_percent_error=100.000000,nthreads=37,end_time=115563.669680,avg_power_W=122.800000,max_power_W=125.000000,avg_time_s=0.005977,released_listeners=1,
start_task=,name=axpyprofile,tick=54,start_time=115563.669729,nthreads=37,
message=tick stats,tick=54,estimated_current_power=0.000000,
end_task=,name=axpyprofile,elapsed_seconds=0.512526,predicted_seconds=0.000000,time_percent_error=100.000000,nthreads=37,end_time=115564.183173,avg_power_W=124.300000,max_power_W=125.000000,avg_time_s=0.006656,released_listeners=1,
start_task=,name=axpyprofile,tick=55,start_time=115564.183222,nthreads=37,
message=tick stats,tick=55,estimated_current_power=0.000000,
end_task=,name=axpyprofile,elapsed_seconds=0.507903,predicted_seconds=0.000000,time_percent_error=100.000000,nthreads=37,end_time=115564.692066,avg_power_W=124.200000,max_power_W=125.000000,avg_time_s=0.006683,released_listeners=1,
start_task=,name=axpyprofile,tick=56,start_time=115564.692116,nthreads=37,
message=tick stats,tick=56,estimated_current_power=0.000000,
end_task=,name=axpyprofile,elapsed_seconds=0.512459,predicted_seconds=0.000000,time_percent_error=100.000000,nthreads=37,end_time=115565.210029,avg_power_W=124.454545,max_power_W=126.000000,avg_time_s=0.006655,released_listeners=1,
start_task=,name=axpyprofile,tick=57,start_time=115565.210089,nthreads=37,
message=tick stats,tick=57,estimated_current_power=0.000000,
end_task=,name=axpyprofile,elapsed_seconds=0.512008,predicted_seconds=0.000000,time_percent_error=100.000000,nthreads=37,end_time=115565.723003,avg_power_W=124.300000,max_power_W=126.000000,avg_time_s=0.006564,released_listeners=1,
start_task=,name=axpyprofile,tick=58,start_time=115565.723053,nthreads=37,
message=tick stats,tick=58,estimated_current_power=0.000000,
end_task=,name=axpyprofile,elapsed_seconds=0.509874,predicted_seconds=0.000000,time_percent_error=100.000000,nthreads=37,end_time=115566.233901,avg_power_W=124.000000,max_power_W=124.000000,avg_time_s=0.006709,released_listeners=1,
start_task=,name=axpyprofile,tick=59,start_time=115566.233951,nthreads=37,
message=tick stats,tick=59,estimated_current_power=0.000000,
end_task=,name=axpyprofile,elapsed_seconds=0.511042,predicted_seconds=0.000000,time_percent_error=100.000000,nthreads=37,end_time=115566.759593,avg_power_W=124.090909,max_power_W=125.000000,avg_time_s=0.006724,released_listeners=1,
start_task=,name=axpyprofile,tick=60,start_time=115566.759647,nthreads=37,
message=tick stats,tick=60,estimated_current_power=0.000000,
end_task=,name=axpyprofile,elapsed_seconds=0.511441,predicted_seconds=0.000000,time_percent_error=100.000000,nthreads=37,end_time=115567.272074,avg_power_W=124.200000,max_power_W=126.000000,avg_time_s=0.006642,released_listeners=1,
start_task=,name=axpyprofile,tick=61,start_time=115567.272125,nthreads=37,
message=tick stats,tick=61,estimated_current_power=0.000000,
end_task=,name=axpyprofile,elapsed_seconds=0.511179,predicted_seconds=0.000000,time_percent_error=100.000000,nthreads=37,end_time=115567.784248,avg_power_W=124.300000,max_power_W=127.000000,avg_time_s=0.006726,released_listeners=1,
start_task=,name=axpyprofile,tick=62,start_time=115567.784299,nthreads=37,
message=tick stats,tick=62,estimated_current_power=0.000000,
end_task=,name=axpyprofile,elapsed_seconds=0.507535,predicted_seconds=0.000000,time_percent_error=100.000000,nthreads=37,end_time=115568.293070,avg_power_W=124.200000,max_power_W=126.000000,avg_time_s=0.006767,released_listeners=1,
start_task=,name=axpyprofile,tick=63,start_time=115568.293123,nthreads=37,
message=tick stats,tick=63,estimated_current_power=0.000000,
end_task=,name=axpyprofile,elapsed_seconds=0.509522,predicted_seconds=0.000000,time_percent_error=100.000000,nthreads=37,end_time=115568.809542,avg_power_W=124.090909,max_power_W=126.000000,avg_time_s=0.006704,released_listeners=1,
start_task=,name=axpyprofile,tick=64,start_time=115568.809597,nthreads=37,
message=tick stats,tick=64,estimated_current_power=0.000000,
end_task=,name=axpyprofile,elapsed_seconds=0.508698,predicted_seconds=0.000000,time_percent_error=100.000000,nthreads=37,end_time=115569.319551,avg_power_W=124.200000,max_power_W=126.000000,avg_time_s=0.006693,released_listeners=1,
start_task=,name=axpyprofile,tick=65,start_time=115569.319601,nthreads=37,
message=tick stats,tick=65,estimated_current_power=0.000000,
end_task=,name=axpyprofile,elapsed_seconds=0.507668,predicted_seconds=0.000000,time_percent_error=100.000000,nthreads=37,end_time=115569.828180,avg_power_W=124.100000,max_power_W=126.000000,avg_time_s=0.006680,released_listeners=1,
start_task=,name=axpyprofile,tick=66,start_time=115569.828231,nthreads=37,
message=tick stats,tick=66,estimated_current_power=0.000000,
end_task=,name=axpyprofile,elapsed_seconds=0.507623,predicted_seconds=0.000000,time_percent_error=100.000000,nthreads=37,end_time=115570.337113,avg_power_W=124.600000,max_power_W=126.000000,avg_time_s=0.006593,released_listeners=1,
start_task=,name=axpyprofile,tick=67,start_time=115570.337164,nthreads=37,
message=tick stats,tick=67,estimated_current_power=0.000000,
end_task=,name=axpyprofile,elapsed_seconds=0.509796,predicted_seconds=0.000000,time_percent_error=100.000000,nthreads=37,end_time=115570.859536,avg_power_W=124.000000,max_power_W=124.000000,avg_time_s=0.006797,released_listeners=1,
start_task=,name=axpyprofile,tick=68,start_time=115570.859590,nthreads=37,
message=tick stats,tick=68,estimated_current_power=0.000000,
end_task=,name=axpyprofile,elapsed_seconds=0.513127,predicted_seconds=0.000000,time_percent_error=100.000000,nthreads=37,end_time=115571.373550,avg_power_W=123.600000,max_power_W=124.000000,avg_time_s=0.006664,released_listeners=1,
start_task=,name=axpy,tick=69,start_time=115571.373600,nthreads=37,
message=tick stats,tick=69,estimated_current_power=42.037500,
end_task=,name=axpy,elapsed_seconds=0.007801,predicted_seconds=0.004200,time_percent_error=46.159390,nthreads=37,end_time=115571.383079,avg_power_W=-nan,max_power_W=0.000000,avg_time_s=0.007801,released_listeners=0,
start_task=,name=axpy,tick=70,start_time=115571.383122,nthreads=37,
message=tick stats,tick=70,estimated_current_power=42.037500,
end_task=,name=axpy,elapsed_seconds=0.005514,predicted_seconds=0.004200,time_percent_error=23.833249,nthreads=37,end_time=115571.390134,avg_power_W=-nan,max_power_W=0.000000,avg_time_s=0.005514,released_listeners=0,
start_task=,name=axpy,tick=71,start_time=115571.390166,nthreads=37,
message=tick stats,tick=71,estimated_current_power=42.037500,
end_task=,name=axpy,elapsed_seconds=0.007360,predicted_seconds=0.004200,time_percent_error=42.936322,nthreads=37,end_time=115571.409991,avg_power_W=124.000000,max_power_W=124.000000,avg_time_s=0.007360,released_listeners=1,
start_task=,name=axpy,tick=72,start_time=115571.410044,nthreads=37,
message=tick stats,tick=72,estimated_current_power=42.037500,
end_task=,name=axpy,elapsed_seconds=0.006629,predicted_seconds=0.004200,time_percent_error=36.642798,nthreads=37,end_time=115571.418434,avg_power_W=-nan,max_power_W=0.000000,avg_time_s=0.006629,released_listeners=1,
start_task=,name=axpy,tick=73,start_time=115571.418467,nthreads=37,
message=tick stats,tick=73,estimated_current_power=42.037500,
end_task=,name=axpy,elapsed_seconds=0.007657,predicted_seconds=0.004200,time_percent_error=45.148416,nthreads=37,end_time=115571.427920,avg_power_W=-nan,max_power_W=0.000000,avg_time_s=0.007657,released_listeners=0,
start_task=,name=axpy,tick=74,start_time=115571.427954,nthreads=37,
message=tick stats,tick=74,estimated_current_power=42.037500,
end_task=,name=axpy,elapsed_seconds=0.007378,predicted_seconds=0.004200,time_percent_error=43.076749,nthreads=37,end_time=115571.436598,avg_power_W=-nan,max_power_W=0.000000,avg_time_s=0.007378,released_listeners=1,
start_task=,name=axpy,tick=75,start_time=115571.436630,nthreads=37,
message=tick stats,tick=75,estimated_current_power=42.037500,
end_task=,name=axpy,elapsed_seconds=0.006336,predicted_seconds=0.004200,time_percent_error=33.708713,nthreads=37,end_time=115571.444589,avg_power_W=-nan,max_power_W=0.000000,avg_time_s=0.006336,released_listeners=0,
start_task=,name=axpy,tick=76,start_time=115571.444623,nthreads=37,
message=tick stats,tick=76,estimated_current_power=42.037500,
end_task=,name=axpy,elapsed_seconds=0.006292,predicted_seconds=0.004200,time_percent_error=33.245086,nthreads=37,end_time=115571.460288,avg_power_W=119.000000,max_power_W=119.000000,avg_time_s=0.006292,released_listeners=1,
start_task=,name=axpy,tick=77,start_time=115571.460342,nthreads=37,
message=tick stats,tick=77,estimated_current_power=42.037500,
end_task=,name=axpy,elapsed_seconds=0.006084,predicted_seconds=0.004200,time_percent_error=30.972239,nthreads=37,end_time=115571.467874,avg_power_W=-nan,max_power_W=0.000000,avg_time_s=0.006084,released_listeners=0,
start_task=,name=axpy,tick=78,start_time=115571.467907,nthreads=37,
message=tick stats,tick=78,estimated_current_power=42.037500,
end_task=,name=axpy,elapsed_seconds=0.005033,predicted_seconds=0.004200,time_percent_error=16.549155,nthreads=37,end_time=115571.475101,avg_power_W=-nan,max_power_W=0.000000,avg_time_s=0.005033,released_listeners=1,
start_task=,name=axpy,tick=79,start_time=115571.475136,nthreads=37,
message=tick stats,tick=79,estimated_current_power=42.037500,
end_task=,name=axpy,elapsed_seconds=0.006768,predicted_seconds=0.004200,time_percent_error=37.941490,nthreads=37,end_time=115571.483538,avg_power_W=-nan,max_power_W=0.000000,avg_time_s=0.006768,released_listeners=0,
start_task=,name=axpy,tick=80,start_time=115571.483569,nthreads=37,
message=tick stats,tick=80,estimated_current_power=42.037500,
end_task=,name=axpy,elapsed_seconds=0.007616,predicted_seconds=0.004200,time_percent_error=44.857208,nthreads=37,end_time=115571.492681,avg_power_W=-nan,max_power_W=0.000000,avg_time_s=0.007616,released_listeners=1,
start_task=,name=axpy,tick=81,start_time=115571.492715,nthreads=37,
message=tick stats,tick=81,estimated_current_power=42.037500,
end_task=,name=axpy,elapsed_seconds=0.006146,predicted_seconds=0.004200,time_percent_error=31.661074,nthreads=37,end_time=115571.509789,avg_power_W=121.000000,max_power_W=121.000000,avg_time_s=0.006146,released_listeners=0,
start_task=,name=axpy,tick=82,start_time=115571.509843,nthreads=37,
message=tick stats,tick=82,estimated_current_power=42.037500,
end_task=,name=axpy,elapsed_seconds=0.005293,predicted_seconds=0.004200,time_percent_error=20.657856,nthreads=37,end_time=115571.516078,avg_power_W=-nan,max_power_W=0.000000,avg_time_s=0.005293,released_listeners=1,
start_task=,name=axpy,tick=83,start_time=115571.516115,nthreads=37,
message=tick stats,tick=83,estimated_current_power=42.037500,
end_task=,name=axpy,elapsed_seconds=0.006047,predicted_seconds=0.004200,time_percent_error=30.550216,nthreads=37,end_time=115571.523519,avg_power_W=-nan,max_power_W=0.000000,avg_time_s=0.006047,released_listeners=0,
start_task=,name=axpy,tick=84,start_time=115571.523551,nthreads=37,
message=tick stats,tick=84,estimated_current_power=42.037500,
end_task=,name=axpy,elapsed_seconds=0.005059,predicted_seconds=0.004200,time_percent_error=16.977495,nthreads=37,end_time=115571.529639,avg_power_W=-nan,max_power_W=0.000000,avg_time_s=0.005059,released_listeners=1,
start_task=,name=dot,tick=85,start_time=115571.529675,nthreads=37,
message=tick stats,tick=85,estimated_current_power=40.266667,
end_task=,name=dot,elapsed_seconds=0.506248,predicted_seconds=0.000129,time_percent_error=99.974428,nthreads=37,end_time=115572.036310,avg_power_W=119.900000,max_power_W=121.000000,avg_time_s=0.000183,released_listeners=1,
start_task=,name=dot,tick=86,start_time=115572.036349,nthreads=37,
message=tick stats,tick=86,estimated_current_power=40.266667,
end_task=,name=dot,elapsed_seconds=0.506153,predicted_seconds=0.000129,time_percent_error=99.974423,nthreads=37,end_time=115572.543033,avg_power_W=119.800000,max_power_W=121.000000,avg_time_s=0.000186,released_listeners=1,
start_task=,name=dot,tick=87,start_time=115572.543069,nthreads=37,
message=tick stats,tick=87,estimated_current_power=40.266667,
end_task=,name=dot,elapsed_seconds=0.505846,predicted_seconds=0.000129,time_percent_error=99.974408,nthreads=37,end_time=115573.059763,avg_power_W=119.818182,max_power_W=121.000000,avg_time_s=0.000186,released_listeners=1,
start_task=,name=dot,tick=88,start_time=115573.059828,nthreads=37,
message=tick stats,tick=88,estimated_current_power=40.266667,
end_task=,name=dot,elapsed_seconds=0.505160,predicted_seconds=0.000129,time_percent_error=99.974373,nthreads=37,end_time=115573.565556,avg_power_W=119.700000,max_power_W=121.000000,avg_time_s=0.000185,released_listeners=1,
start_task=,name=dot,tick=89,start_time=115573.565595,nthreads=37,
message=tick stats,tick=89,estimated_current_power=40.266667,
end_task=,name=dot,elapsed_seconds=0.506852,predicted_seconds=0.000129,time_percent_error=99.974458,nthreads=37,end_time=115574.073028,avg_power_W=120.000000,max_power_W=121.000000,avg_time_s=0.000187,released_listeners=1,
start_task=,name=dot,tick=90,start_time=115574.073062,nthreads=37,
message=tick stats,tick=90,estimated_current_power=40.266667,
end_task=,name=dot,elapsed_seconds=0.505902,predicted_seconds=0.000129,time_percent_error=99.974410,nthreads=37,end_time=115574.579529,avg_power_W=119.900000,max_power_W=121.000000,avg_time_s=0.000186,released_listeners=1,
start_task=,name=dot,tick=91,start_time=115574.579563,nthreads=37,
message=tick stats,tick=91,estimated_current_power=40.266667,
end_task=,name=dot,elapsed_seconds=0.506334,predicted_seconds=0.000129,time_percent_error=99.974432,nthreads=37,end_time=115575.086799,avg_power_W=119.500000,max_power_W=120.000000,avg_time_s=0.000187,released_listeners=1,
start_task=,name=dot,tick=92,start_time=115575.086833,nthreads=37,
message=tick stats,tick=92,estimated_current_power=40.266667,
end_task=,name=dot,elapsed_seconds=0.505947,predicted_seconds=0.000129,time_percent_error=99.974413,nthreads=37,end_time=115575.593361,avg_power_W=119.800000,max_power_W=121.000000,avg_time_s=0.000185,released_listeners=1,
start_task=,name=sum_contribs,tick=93,start_time=115575.593401,nthreads=37,
message=tick stats,tick=93,estimated_current_power=0.000000,
end_task=,name=sum_contribs,elapsed_seconds=0.506216,predicted_seconds=0.000000,time_percent_error=100.000000,nthreads=37,end_time=115576.109880,avg_power_W=118.272727,max_power_W=120.000000,avg_time_s=0.000140,released_listeners=2,
start_task=,name=comp_beta,tick=94,start_time=115576.109945,nthreads=37,
message=tick stats,tick=94,estimated_current_power=0.000000,
end_task=,name=comp_beta,elapsed_seconds=0.505089,predicted_seconds=0.000000,time_percent_error=100.000000,nthreads=37,end_time=115576.616010,avg_power_W=112.100000,max_power_W=118.000000,avg_time_s=0.000058,released_listeners=8,
start_task=,name=assign,tick=95,start_time=115576.616060,nthreads=37,
message=tick stats,tick=95,estimated_current_power=0.000000,
end_task=,name=assign,elapsed_seconds=0.508339,predicted_seconds=0.000000,time_percent_error=100.000000,nthreads=37,end_time=115577.125482,avg_power_W=103.200000,max_power_W=106.000000,avg_time_s=0.000058,released_listeners=0,
start_task=,name=xapyprofile,tick=96,start_time=115577.125530,nthreads=37,
message=tick stats,tick=96,estimated_current_power=0.000000,
end_task=,name=xapyprofile,elapsed_seconds=0.512075,predicted_seconds=0.000000,time_percent_error=100.000000,nthreads=37,end_time=115577.638242,avg_power_W=122.200000,max_power_W=125.000000,avg_time_s=0.007212,released_listeners=1,
start_task=,name=xapyprofile,tick=97,start_time=115577.638292,nthreads=37,
message=tick stats,tick=97,estimated_current_power=0.000000,
end_task=,name=xapyprofile,elapsed_seconds=0.510320,predicted_seconds=0.000000,time_percent_error=100.000000,nthreads=37,end_time=115578.159511,avg_power_W=124.090909,max_power_W=125.000000,avg_time_s=0.007188,released_listeners=1,
start_task=,name=xapyprofile,tick=98,start_time=115578.159565,nthreads=37,
message=tick stats,tick=98,estimated_current_power=0.000000,
end_task=,name=xapyprofile,elapsed_seconds=0.511521,predicted_seconds=0.000000,time_percent_error=100.000000,nthreads=37,end_time=115578.671865,avg_power_W=124.300000,max_power_W=125.000000,avg_time_s=0.006912,released_listeners=1,
start_task=,name=xapyprofile,tick=99,start_time=115578.671918,nthreads=37,
message=tick stats,tick=99,estimated_current_power=0.000000,
end_task=,name=xapyprofile,elapsed_seconds=0.508577,predicted_seconds=0.000000,time_percent_error=100.000000,nthreads=37,end_time=115579.181288,avg_power_W=124.600000,max_power_W=125.000000,avg_time_s=0.007064,released_listeners=1,
start_task=,name=xapyprofile,tick=100,start_time=115579.181338,nthreads=37,
message=tick stats,tick=100,estimated_current_power=0.000000,
end_task=,name=xapyprofile,elapsed_seconds=0.513565,predicted_seconds=0.000000,time_percent_error=100.000000,nthreads=37,end_time=115579.709796,avg_power_W=124.181818,max_power_W=125.000000,avg_time_s=0.007133,released_listeners=1,
start_task=,name=xapyprofile,tick=101,start_time=115579.709849,nthreads=37,
message=tick stats,tick=101,estimated_current_power=0.000000,
end_task=,name=xapyprofile,elapsed_seconds=0.512469,predicted_seconds=0.000000,time_percent_error=100.000000,nthreads=37,end_time=115580.223217,avg_power_W=124.100000,max_power_W=125.000000,avg_time_s=0.007020,released_listeners=1,
start_task=,name=xapyprofile,tick=102,start_time=115580.223266,nthreads=37,
message=tick stats,tick=102,estimated_current_power=0.000000,
end_task=,name=xapyprofile,elapsed_seconds=0.506330,predicted_seconds=0.000000,time_percent_error=100.000000,nthreads=37,end_time=115580.731506,avg_power_W=124.500000,max_power_W=125.000000,avg_time_s=0.007131,released_listeners=1,
start_task=,name=xapyprofile,tick=103,start_time=115580.731555,nthreads=37,
message=tick stats,tick=103,estimated_current_power=0.000000,
end_task=,name=xapyprofile,elapsed_seconds=0.509317,predicted_seconds=0.000000,time_percent_error=100.000000,nthreads=37,end_time=115581.241564,avg_power_W=124.600000,max_power_W=125.000000,avg_time_s=0.007074,released_listeners=1,
start_task=,name=xapy,tick=104,start_time=115581.241615,nthreads=37,
message=tick stats,tick=104,estimated_current_power=44.225000,
end_task=,name=xapy,elapsed_seconds=0.010395,predicted_seconds=0.004431,time_percent_error=57.375562,nthreads=37,end_time=115581.259906,avg_power_W=125.000000,max_power_W=125.000000,avg_time_s=0.010395,released_listeners=0,
start_task=,name=xapy,tick=105,start_time=115581.259959,nthreads=37,
message=tick stats,tick=105,estimated_current_power=44.225000,
end_task=,name=xapy,elapsed_seconds=0.007522,predicted_seconds=0.004431,time_percent_error=41.093836,nthreads=37,end_time=115581.267936,avg_power_W=-nan,max_power_W=0.000000,avg_time_s=0.007522,released_listeners=0,
start_task=,name=xapy,tick=106,start_time=115581.267972,nthreads=37,
message=tick stats,tick=106,estimated_current_power=44.225000,
end_task=,name=xapy,elapsed_seconds=0.012040,predicted_seconds=0.004431,time_percent_error=63.196565,nthreads=37,end_time=115581.280625,avg_power_W=-nan,max_power_W=0.000000,avg_time_s=0.012040,released_listeners=0,
start_task=,name=xapy,tick=107,start_time=115581.280657,nthreads=37,
message=tick stats,tick=107,estimated_current_power=44.225000,
end_task=,name=xapy,elapsed_seconds=0.019240,predicted_seconds=0.004431,time_percent_error=76.969888,nthreads=37,end_time=115581.310076,avg_power_W=122.000000,max_power_W=122.000000,avg_time_s=0.019240,released_listeners=0,
start_task=,name=xapy,tick=108,start_time=115581.310130,nthreads=37,
message=tick stats,tick=108,estimated_current_power=44.225000,
end_task=,name=xapy,elapsed_seconds=0.013203,predicted_seconds=0.004431,time_percent_error=66.439532,nthreads=37,end_time=115581.324074,avg_power_W=-nan,max_power_W=0.000000,avg_time_s=0.013203,released_listeners=0,
start_task=,name=xapy,tick=109,start_time=115581.324110,nthreads=37,
message=tick stats,tick=109,estimated_current_power=44.225000,
end_task=,name=xapy,elapsed_seconds=0.009948,predicted_seconds=0.004431,time_percent_error=55.457887,nthreads=37,end_time=115581.334772,avg_power_W=-nan,max_power_W=0.000000,avg_time_s=0.009948,released_listeners=0,
start_task=,name=xapy,tick=110,start_time=115581.334804,nthreads=37,
message=tick stats,tick=110,estimated_current_power=44.225000,
end_task=,name=xapy,elapsed_seconds=0.010170,predicted_seconds=0.004431,time_percent_error=56.432418,nthreads=37,end_time=115581.359653,avg_power_W=118.000000,max_power_W=118.000000,avg_time_s=0.010170,released_listeners=0,
start_task=,name=xapy,tick=111,start_time=115581.359707,nthreads=37,
message=tick stats,tick=111,estimated_current_power=44.225000,
end_task=,name=xapy,elapsed_seconds=0.008383,predicted_seconds=0.004431,time_percent_error=47.143753,nthreads=37,end_time=115581.368733,avg_power_W=-nan,max_power_W=0.000000,avg_time_s=0.008383,released_listeners=0,
est_max_power=44.850000,
average_power_W=-nan,
max_power_W=0.000000,
time_s=44.923960,
message=ALL DONE,
