message=cataloging configuration,max_threads=15,power_limit=inf,
start_task=,name=start,tick=1,start_time=114186.950029,nthreads=15,
message=tick stats,tick=1,estimated_current_power=0.000000,
end_task=,name=start,elapsed_seconds=0.514083,predicted_seconds=0.000000,time_percent_error=100.000000,nthreads=15,end_time=114187.466723,avg_power_W=98.000000,max_power_W=104.000000,avg_time_s=0.000000,released_listeners=8,
start_task=,name=spmv,tick=2,start_time=114187.466780,nthreads=15,
message=tick stats,tick=2,estimated_current_power=23.787500,
end_task=,name=spmv,elapsed_seconds=0.535846,predicted_seconds=0.022867,time_percent_error=95.732453,nthreads=15,end_time=114188.015747,avg_power_W=104.727273,max_power_W=112.000000,avg_time_s=0.059538,released_listeners=1,
start_task=,name=spmv,tick=3,start_time=114188.015793,nthreads=15,
message=tick stats,tick=3,estimated_current_power=23.787500,
end_task=,name=spmv,elapsed_seconds=0.514159,predicted_seconds=0.022867,time_percent_error=95.552442,nthreads=15,end_time=114188.531089,avg_power_W=108.300000,max_power_W=110.000000,avg_time_s=0.039551,released_listeners=1,
start_task=,name=spmv,tick=4,start_time=114188.531135,nthreads=15,
message=tick stats,tick=4,estimated_current_power=23.787500,
end_task=,name=spmv,elapsed_seconds=0.515496,predicted_seconds=0.022867,time_percent_error=95.563981,nthreads=15,end_time=114189.048228,avg_power_W=109.100000,max_power_W=110.000000,avg_time_s=0.039654,released_listeners=1,
start_task=,name=spmv,tick=5,start_time=114189.048304,nthreads=15,
message=tick stats,tick=5,estimated_current_power=23.787500,
end_task=,name=spmv,elapsed_seconds=0.520281,predicted_seconds=0.022867,time_percent_error=95.604780,nthreads=15,end_time=114189.570149,avg_power_W=108.545455,max_power_W=109.000000,avg_time_s=0.040022,released_listeners=1,
start_task=,name=spmv,tick=6,start_time=114189.570219,nthreads=15,
message=tick stats,tick=6,estimated_current_power=23.787500,
end_task=,name=spmv,elapsed_seconds=0.515766,predicted_seconds=0.022867,time_percent_error=95.566301,nthreads=15,end_time=114190.087609,avg_power_W=108.900000,max_power_W=109.000000,avg_time_s=0.042980,released_listeners=1,
start_task=,name=spmv,tick=7,start_time=114190.087651,nthreads=15,
message=tick stats,tick=7,estimated_current_power=23.787500,
end_task=,name=spmv,elapsed_seconds=0.521978,predicted_seconds=0.022867,time_percent_error=95.619070,nthreads=15,end_time=114190.616378,avg_power_W=108.636364,max_power_W=110.000000,avg_time_s=0.043498,released_listeners=1,
start_task=,name=spmv,tick=8,start_time=114190.616423,nthreads=15,
message=tick stats,tick=8,estimated_current_power=23.787500,
end_task=,name=spmv,elapsed_seconds=0.543326,predicted_seconds=0.022867,time_percent_error=95.791199,nthreads=15,end_time=114191.165951,avg_power_W=108.818182,max_power_W=109.000000,avg_time_s=0.045277,released_listeners=1,
start_task=,name=spmv,tick=9,start_time=114191.165997,nthreads=15,
message=tick stats,tick=9,estimated_current_power=23.787500,
end_task=,name=spmv,elapsed_seconds=0.535496,predicted_seconds=0.022867,time_percent_error=95.729657,nthreads=15,end_time=114191.716117,avg_power_W=108.909091,max_power_W=110.000000,avg_time_s=0.044625,released_listeners=1,
start_task=,name=subtract,tick=10,start_time=114191.716175,nthreads=15,
message=tick stats,tick=10,estimated_current_power=32.225000,
end_task=,name=subtract,elapsed_seconds=0.509059,predicted_seconds=0.000649,time_percent_error=99.872510,nthreads=15,end_time=114192.227874,avg_power_W=113.000000,max_power_W=116.000000,avg_time_s=0.001201,released_listeners=2,
start_task=,name=subtract,tick=11,start_time=114192.227919,nthreads=15,
message=tick stats,tick=11,estimated_current_power=32.225000,
end_task=,name=subtract,elapsed_seconds=0.507027,predicted_seconds=0.000649,time_percent_error=99.871999,nthreads=15,end_time=114192.735878,avg_power_W=115.300000,max_power_W=117.000000,avg_time_s=0.001006,released_listeners=2,
start_task=,name=subtract,tick=12,start_time=114192.735900,nthreads=15,
message=tick stats,tick=12,estimated_current_power=32.225000,
end_task=,name=subtract,elapsed_seconds=0.508291,predicted_seconds=0.000649,time_percent_error=99.872317,nthreads=15,end_time=114193.245112,avg_power_W=116.300000,max_power_W=118.000000,avg_time_s=0.001017,released_listeners=2,
start_task=,name=subtract,tick=13,start_time=114193.245143,nthreads=15,
message=tick stats,tick=13,estimated_current_power=32.225000,
end_task=,name=subtract,elapsed_seconds=0.508631,predicted_seconds=0.000649,time_percent_error=99.872403,nthreads=15,end_time=114193.766767,avg_power_W=116.000000,max_power_W=117.000000,avg_time_s=0.001017,released_listeners=2,
start_task=,name=subtract,tick=14,start_time=114193.766815,nthreads=15,
message=tick stats,tick=14,estimated_current_power=32.225000,
end_task=,name=subtract,elapsed_seconds=0.505854,predicted_seconds=0.000649,time_percent_error=99.871702,nthreads=15,end_time=114194.274350,avg_power_W=115.500000,max_power_W=119.000000,avg_time_s=0.001020,released_listeners=2,
start_task=,name=subtract,tick=15,start_time=114194.274394,nthreads=15,
message=tick stats,tick=15,estimated_current_power=32.225000,
end_task=,name=subtract,elapsed_seconds=0.508059,predicted_seconds=0.000649,time_percent_error=99.872259,nthreads=15,end_time=114194.783088,avg_power_W=115.700000,max_power_W=117.000000,avg_time_s=0.001012,released_listeners=2,
start_task=,name=subtract,tick=16,start_time=114194.783117,nthreads=15,
message=tick stats,tick=16,estimated_current_power=32.225000,
end_task=,name=subtract,elapsed_seconds=0.507754,predicted_seconds=0.000649,time_percent_error=99.872182,nthreads=15,end_time=114195.291974,avg_power_W=116.200000,max_power_W=118.000000,avg_time_s=0.001009,released_listeners=2,
start_task=,name=subtract,tick=17,start_time=114195.291997,nthreads=15,
message=tick stats,tick=17,estimated_current_power=32.225000,
end_task=,name=subtract,elapsed_seconds=0.507488,predicted_seconds=0.000649,time_percent_error=99.872115,nthreads=15,end_time=114195.815977,avg_power_W=116.545455,max_power_W=118.000000,avg_time_s=0.001017,released_listeners=2,
start_task=,name=copy,tick=18,start_time=114195.816025,nthreads=15,
message=tick stats,tick=18,estimated_current_power=30.600000,
end_task=,name=copy,elapsed_seconds=0.506853,predicted_seconds=0.000485,time_percent_error=99.904287,nthreads=15,end_time=114196.323742,avg_power_W=116.000000,max_power_W=118.000000,avg_time_s=0.000749,released_listeners=1,
start_task=,name=dot,tick=19,start_time=114196.323763,nthreads=15,
message=tick stats,tick=19,estimated_current_power=27.391667,
end_task=,name=dot,elapsed_seconds=0.507166,predicted_seconds=0.000279,time_percent_error=99.944980,nthreads=15,end_time=114196.831931,avg_power_W=109.800000,max_power_W=116.000000,avg_time_s=0.000316,released_listeners=1,
start_task=,name=copy,tick=20,start_time=114196.831959,nthreads=15,
message=tick stats,tick=20,estimated_current_power=30.600000,
end_task=,name=copy,elapsed_seconds=0.507592,predicted_seconds=0.000485,time_percent_error=99.904426,nthreads=15,end_time=114197.340396,avg_power_W=115.000000,max_power_W=117.000000,avg_time_s=0.000741,released_listeners=1,
start_task=,name=dot,tick=21,start_time=114197.340435,nthreads=15,
message=tick stats,tick=21,estimated_current_power=27.391667,
end_task=,name=dot,elapsed_seconds=0.507463,predicted_seconds=0.000279,time_percent_error=99.945012,nthreads=15,end_time=114197.848422,avg_power_W=110.300000,max_power_W=117.000000,avg_time_s=0.000316,released_listeners=1,
start_task=,name=copy,tick=22,start_time=114197.848448,nthreads=15,
message=tick stats,tick=22,estimated_current_power=30.600000,
end_task=,name=copy,elapsed_seconds=0.507821,predicted_seconds=0.000485,time_percent_error=99.904469,nthreads=15,end_time=114198.366818,avg_power_W=114.545455,max_power_W=117.000000,avg_time_s=0.000741,released_listeners=1,
start_task=,name=dot,tick=23,start_time=114198.366863,nthreads=15,
message=tick stats,tick=23,estimated_current_power=27.391667,
end_task=,name=dot,elapsed_seconds=0.507162,predicted_seconds=0.000279,time_percent_error=99.944980,nthreads=15,end_time=114198.874586,avg_power_W=109.600000,max_power_W=117.000000,avg_time_s=0.000306,released_listeners=1,
start_task=,name=copy,tick=24,start_time=114198.874615,nthreads=15,
message=tick stats,tick=24,estimated_current_power=30.600000,
end_task=,name=copy,elapsed_seconds=0.506690,predicted_seconds=0.000485,time_percent_error=99.904256,nthreads=15,end_time=114199.382099,avg_power_W=116.100000,max_power_W=118.000000,avg_time_s=0.000720,released_listeners=1,
start_task=,name=dot,tick=25,start_time=114199.382119,nthreads=15,
message=tick stats,tick=25,estimated_current_power=27.391667,
end_task=,name=dot,elapsed_seconds=0.507296,predicted_seconds=0.000279,time_percent_error=99.944994,nthreads=15,end_time=114199.889843,avg_power_W=109.900000,max_power_W=117.000000,avg_time_s=0.000308,released_listeners=1,
start_task=,name=copy,tick=26,start_time=114199.889867,nthreads=15,
message=tick stats,tick=26,estimated_current_power=30.600000,
end_task=,name=copy,elapsed_seconds=0.509386,predicted_seconds=0.000485,time_percent_error=99.904763,nthreads=15,end_time=114200.416301,avg_power_W=115.090909,max_power_W=117.000000,avg_time_s=0.000748,released_listeners=1,
start_task=,name=dot,tick=27,start_time=114200.416344,nthreads=15,
message=tick stats,tick=27,estimated_current_power=27.391667,
end_task=,name=dot,elapsed_seconds=0.504930,predicted_seconds=0.000279,time_percent_error=99.944737,nthreads=15,end_time=114200.921787,avg_power_W=108.900000,max_power_W=115.000000,avg_time_s=0.000312,released_listeners=1,
start_task=,name=copy,tick=28,start_time=114200.921809,nthreads=15,
message=tick stats,tick=28,estimated_current_power=30.600000,
end_task=,name=copy,elapsed_seconds=0.508251,predicted_seconds=0.000485,time_percent_error=99.904550,nthreads=15,end_time=114201.430805,avg_power_W=115.000000,max_power_W=117.000000,avg_time_s=0.000747,released_listeners=1,
start_task=,name=dot,tick=29,start_time=114201.430828,nthreads=15,
message=tick stats,tick=29,estimated_current_power=27.391667,
end_task=,name=dot,elapsed_seconds=0.506969,predicted_seconds=0.000279,time_percent_error=99.944959,nthreads=15,end_time=114201.938334,avg_power_W=110.100000,max_power_W=117.000000,avg_time_s=0.000309,released_listeners=1,
start_task=,name=copy,tick=30,start_time=114201.938358,nthreads=15,
message=tick stats,tick=30,estimated_current_power=30.600000,
end_task=,name=copy,elapsed_seconds=0.507848,predicted_seconds=0.000485,time_percent_error=99.904474,nthreads=15,end_time=114202.447004,avg_power_W=114.200000,max_power_W=118.000000,avg_time_s=0.000751,released_listeners=1,
start_task=,name=dot,tick=31,start_time=114202.447044,nthreads=15,
message=tick stats,tick=31,estimated_current_power=27.391667,
end_task=,name=dot,elapsed_seconds=0.507363,predicted_seconds=0.000279,time_percent_error=99.945002,nthreads=15,end_time=114202.965270,avg_power_W=109.818182,max_power_W=115.000000,avg_time_s=0.000318,released_listeners=1,
start_task=,name=copy,tick=32,start_time=114202.965310,nthreads=15,
message=tick stats,tick=32,estimated_current_power=30.600000,
end_task=,name=copy,elapsed_seconds=0.506247,predicted_seconds=0.000485,time_percent_error=99.904172,nthreads=15,end_time=114203.472338,avg_power_W=115.800000,max_power_W=118.000000,avg_time_s=0.000743,released_listeners=1,
start_task=,name=dot,tick=33,start_time=114203.472361,nthreads=15,
message=tick stats,tick=33,estimated_current_power=27.391667,
end_task=,name=dot,elapsed_seconds=0.506619,predicted_seconds=0.000279,time_percent_error=99.944921,nthreads=15,end_time=114203.979580,avg_power_W=110.000000,max_power_W=118.000000,avg_time_s=0.000301,released_listeners=1,
start_task=,name=spmv,tick=34,start_time=114203.979605,nthreads=15,
message=tick stats,tick=34,estimated_current_power=23.787500,
end_task=,name=spmv,elapsed_seconds=0.526225,predicted_seconds=0.022867,time_percent_error=95.654425,nthreads=15,end_time=114204.516359,avg_power_W=109.090909,max_power_W=110.000000,avg_time_s=0.043852,released_listeners=1,
start_task=,name=spmv,tick=35,start_time=114204.516405,nthreads=15,
message=tick stats,tick=35,estimated_current_power=23.787500,
end_task=,name=spmv,elapsed_seconds=0.521689,predicted_seconds=0.022867,time_percent_error=95.616642,nthreads=15,end_time=114205.038815,avg_power_W=109.000000,max_power_W=109.000000,avg_time_s=0.043474,released_listeners=1,
start_task=,name=spmv,tick=36,start_time=114205.038866,nthreads=15,
message=tick stats,tick=36,estimated_current_power=23.787500,
end_task=,name=spmv,elapsed_seconds=0.514500,predicted_seconds=0.022867,time_percent_error=95.555390,nthreads=15,end_time=114205.565478,avg_power_W=109.090909,max_power_W=110.000000,avg_time_s=0.042875,released_listeners=1,
start_task=,name=spmv,tick=37,start_time=114205.565524,nthreads=15,
message=tick stats,tick=37,estimated_current_power=23.787500,
end_task=,name=spmv,elapsed_seconds=0.515137,predicted_seconds=0.022867,time_percent_error=95.560890,nthreads=15,end_time=114206.081958,avg_power_W=109.000000,max_power_W=109.000000,avg_time_s=0.042928,released_listeners=1,
start_task=,name=spmv,tick=38,start_time=114206.082000,nthreads=15,
message=tick stats,tick=38,estimated_current_power=23.787500,
end_task=,name=spmv,elapsed_seconds=0.520393,predicted_seconds=0.022867,time_percent_error=95.605725,nthreads=15,end_time=114206.616467,avg_power_W=109.090909,max_power_W=110.000000,avg_time_s=0.043366,released_listeners=1,
start_task=,name=spmv,tick=39,start_time=114206.616513,nthreads=15,
message=tick stats,tick=39,estimated_current_power=23.787500,
end_task=,name=spmv,elapsed_seconds=0.521007,predicted_seconds=0.022867,time_percent_error=95.610900,nthreads=15,end_time=114207.138143,avg_power_W=109.100000,max_power_W=110.000000,avg_time_s=0.043417,released_listeners=1,
start_task=,name=spmv,tick=40,start_time=114207.138195,nthreads=15,
message=tick stats,tick=40,estimated_current_power=23.787500,
end_task=,name=spmv,elapsed_seconds=0.528475,predicted_seconds=0.022867,time_percent_error=95.672925,nthreads=15,end_time=114207.667410,avg_power_W=109.181818,max_power_W=110.000000,avg_time_s=0.044040,released_listeners=1,
start_task=,name=spmv,tick=41,start_time=114207.667452,nthreads=15,
message=tick stats,tick=41,estimated_current_power=23.787500,
end_task=,name=spmv,elapsed_seconds=0.520737,predicted_seconds=0.022867,time_percent_error=95.608630,nthreads=15,end_time=114208.188867,avg_power_W=109.100000,max_power_W=110.000000,avg_time_s=0.043395,released_listeners=1,
start_task=,name=sum_contribs,tick=42,start_time=114208.188910,nthreads=15,
message=tick stats,tick=42,estimated_current_power=0.000000,
end_task=,name=sum_contribs,elapsed_seconds=0.506124,predicted_seconds=0.000000,time_percent_error=100.000000,nthreads=15,end_time=114208.695554,avg_power_W=106.500000,max_power_W=110.000000,avg_time_s=0.000120,released_listeners=1,
start_task=,name=dot,tick=43,start_time=114208.695587,nthreads=15,
message=tick stats,tick=43,estimated_current_power=27.391667,
end_task=,name=dot,elapsed_seconds=0.507018,predicted_seconds=0.000279,time_percent_error=99.944964,nthreads=15,end_time=114209.215756,avg_power_W=111.636364,max_power_W=114.000000,avg_time_s=0.000733,released_listeners=1,
start_task=,name=dot,tick=44,start_time=114209.215803,nthreads=15,
message=tick stats,tick=44,estimated_current_power=27.391667,
end_task=,name=dot,elapsed_seconds=0.505444,predicted_seconds=0.000279,time_percent_error=99.944793,nthreads=15,end_time=114209.722326,avg_power_W=113.200000,max_power_W=114.000000,avg_time_s=0.000743,released_listeners=1,
start_task=,name=dot,tick=45,start_time=114209.722372,nthreads=15,
message=tick stats,tick=45,estimated_current_power=27.391667,
end_task=,name=dot,elapsed_seconds=0.508130,predicted_seconds=0.000279,time_percent_error=99.945085,nthreads=15,end_time=114210.231137,avg_power_W=113.000000,max_power_W=114.000000,avg_time_s=0.000754,released_listeners=1,
start_task=,name=dot,tick=46,start_time=114210.231159,nthreads=15,
message=tick stats,tick=46,estimated_current_power=27.391667,
end_task=,name=dot,elapsed_seconds=0.507314,predicted_seconds=0.000279,time_percent_error=99.944996,nthreads=15,end_time=114210.739190,avg_power_W=112.800000,max_power_W=114.000000,avg_time_s=0.000752,released_listeners=1,
start_task=,name=dot,tick=47,start_time=114210.739222,nthreads=15,
message=tick stats,tick=47,estimated_current_power=27.391667,
end_task=,name=dot,elapsed_seconds=0.507206,predicted_seconds=0.000279,time_percent_error=99.944985,nthreads=15,end_time=114211.246982,avg_power_W=113.100000,max_power_W=114.000000,avg_time_s=0.000733,released_listeners=1,
start_task=,name=dot,tick=48,start_time=114211.247004,nthreads=15,
message=tick stats,tick=48,estimated_current_power=27.391667,
end_task=,name=dot,elapsed_seconds=0.506918,predicted_seconds=0.000279,time_percent_error=99.944953,nthreads=15,end_time=114211.766061,avg_power_W=112.272727,max_power_W=113.000000,avg_time_s=0.000758,released_listeners=1,
start_task=,name=dot,tick=49,start_time=114211.766108,nthreads=15,
message=tick stats,tick=49,estimated_current_power=27.391667,
end_task=,name=dot,elapsed_seconds=0.506554,predicted_seconds=0.000279,time_percent_error=99.944914,nthreads=15,end_time=114212.273574,avg_power_W=113.300000,max_power_W=115.000000,avg_time_s=0.000741,released_listeners=1,
start_task=,name=dot,tick=50,start_time=114212.273615,nthreads=15,
message=tick stats,tick=50,estimated_current_power=27.391667,
end_task=,name=dot,elapsed_seconds=0.506854,predicted_seconds=0.000279,time_percent_error=99.944946,nthreads=15,end_time=114212.781396,avg_power_W=113.300000,max_power_W=114.000000,avg_time_s=0.000741,released_listeners=1,
start_task=,name=sum_contribs,tick=51,start_time=114212.781418,nthreads=15,
message=tick stats,tick=51,estimated_current_power=0.000000,
end_task=,name=sum_contribs,elapsed_seconds=0.507300,predicted_seconds=0.000000,time_percent_error=100.000000,nthreads=15,end_time=114213.290509,avg_power_W=107.600000,max_power_W=114.000000,avg_time_s=0.000117,released_listeners=1,
start_task=,name=comp_alpha,tick=52,start_time=114213.290542,nthreads=15,
message=tick stats,tick=52,estimated_current_power=0.000000,
end_task=,name=comp_alpha,elapsed_seconds=0.507975,predicted_seconds=0.000000,time_percent_error=100.000000,nthreads=15,end_time=114213.818417,avg_power_W=106.090909,max_power_W=109.000000,avg_time_s=0.000058,released_listeners=16,
start_task=,name=axpyprofile,tick=53,start_time=114213.818490,nthreads=15,
message=tick stats,tick=53,estimated_current_power=0.000000,
end_task=,name=axpyprofile,elapsed_seconds=0.513518,predicted_seconds=0.000000,time_percent_error=100.000000,nthreads=15,end_time=114214.332880,avg_power_W=110.100000,max_power_W=115.000000,avg_time_s=0.005835,released_listeners=1,
start_task=,name=axpyprofile,tick=54,start_time=114214.332902,nthreads=15,
message=tick stats,tick=54,estimated_current_power=0.000000,
end_task=,name=axpyprofile,elapsed_seconds=0.508830,predicted_seconds=0.000000,time_percent_error=100.000000,nthreads=15,end_time=114214.842636,avg_power_W=110.400000,max_power_W=112.000000,avg_time_s=0.006876,released_listeners=1,
start_task=,name=axpyprofile,tick=55,start_time=114214.842685,nthreads=15,
message=tick stats,tick=55,estimated_current_power=0.000000,
end_task=,name=axpyprofile,elapsed_seconds=0.509129,predicted_seconds=0.000000,time_percent_error=100.000000,nthreads=15,end_time=114215.366010,avg_power_W=109.909091,max_power_W=112.000000,avg_time_s=0.006880,released_listeners=1,
start_task=,name=axpyprofile,tick=56,start_time=114215.366056,nthreads=15,
message=tick stats,tick=56,estimated_current_power=0.000000,
end_task=,name=axpyprofile,elapsed_seconds=0.508956,predicted_seconds=0.000000,time_percent_error=100.000000,nthreads=15,end_time=114215.875953,avg_power_W=110.300000,max_power_W=112.000000,avg_time_s=0.006878,released_listeners=1,
start_task=,name=axpyprofile,tick=57,start_time=114215.875995,nthreads=15,
message=tick stats,tick=57,estimated_current_power=0.000000,
end_task=,name=axpyprofile,elapsed_seconds=0.514920,predicted_seconds=0.000000,time_percent_error=100.000000,nthreads=15,end_time=114216.391754,avg_power_W=111.000000,max_power_W=112.000000,avg_time_s=0.006866,released_listeners=1,
start_task=,name=axpyprofile,tick=58,start_time=114216.391796,nthreads=15,
message=tick stats,tick=58,estimated_current_power=0.000000,
end_task=,name=axpyprofile,elapsed_seconds=0.511358,predicted_seconds=0.000000,time_percent_error=100.000000,nthreads=15,end_time=114216.916010,avg_power_W=111.272727,max_power_W=112.000000,avg_time_s=0.006910,released_listeners=1,
start_task=,name=axpyprofile,tick=59,start_time=114216.916056,nthreads=15,
message=tick stats,tick=59,estimated_current_power=0.000000,
end_task=,name=axpyprofile,elapsed_seconds=0.510237,predicted_seconds=0.000000,time_percent_error=100.000000,nthreads=15,end_time=114217.427160,avg_power_W=110.900000,max_power_W=112.000000,avg_time_s=0.006895,released_listeners=1,
start_task=,name=axpyprofile,tick=60,start_time=114217.427202,nthreads=15,
message=tick stats,tick=60,estimated_current_power=0.000000,
end_task=,name=axpyprofile,elapsed_seconds=0.507797,predicted_seconds=0.000000,time_percent_error=100.000000,nthreads=15,end_time=114217.935950,avg_power_W=111.100000,max_power_W=113.000000,avg_time_s=0.006862,released_listeners=1,
start_task=,name=axpyprofile,tick=61,start_time=114217.935992,nthreads=15,
message=tick stats,tick=61,estimated_current_power=0.000000,
end_task=,name=axpyprofile,elapsed_seconds=0.511605,predicted_seconds=0.000000,time_percent_error=100.000000,nthreads=15,end_time=114218.448991,avg_power_W=110.500000,max_power_W=112.000000,avg_time_s=0.006821,released_listeners=1,
start_task=,name=axpyprofile,tick=62,start_time=114218.449033,nthreads=15,
message=tick stats,tick=62,estimated_current_power=0.000000,
end_task=,name=axpyprofile,elapsed_seconds=0.515626,predicted_seconds=0.000000,time_percent_error=100.000000,nthreads=15,end_time=114218.965529,avg_power_W=111.000000,max_power_W=112.000000,avg_time_s=0.006875,released_listeners=1,
start_task=,name=axpyprofile,tick=63,start_time=114218.965575,nthreads=15,
message=tick stats,tick=63,estimated_current_power=0.000000,
end_task=,name=axpyprofile,elapsed_seconds=0.509693,predicted_seconds=0.000000,time_percent_error=100.000000,nthreads=15,end_time=114219.476148,avg_power_W=110.800000,max_power_W=112.000000,avg_time_s=0.006888,released_listeners=1,
start_task=,name=axpyprofile,tick=64,start_time=114219.476191,nthreads=15,
message=tick stats,tick=64,estimated_current_power=0.000000,
end_task=,name=axpyprofile,elapsed_seconds=0.508526,predicted_seconds=0.000000,time_percent_error=100.000000,nthreads=15,end_time=114219.985654,avg_power_W=111.700000,max_power_W=113.000000,avg_time_s=0.006780,released_listeners=1,
start_task=,name=axpyprofile,tick=65,start_time=114219.985679,nthreads=15,
message=tick stats,tick=65,estimated_current_power=0.000000,
end_task=,name=axpyprofile,elapsed_seconds=0.510663,predicted_seconds=0.000000,time_percent_error=100.000000,nthreads=15,end_time=114220.497121,avg_power_W=111.100000,max_power_W=112.000000,avg_time_s=0.006901,released_listeners=1,
start_task=,name=axpyprofile,tick=66,start_time=114220.497163,nthreads=15,
message=tick stats,tick=66,estimated_current_power=0.000000,
end_task=,name=axpyprofile,elapsed_seconds=0.510387,predicted_seconds=0.000000,time_percent_error=100.000000,nthreads=15,end_time=114221.016560,avg_power_W=111.545455,max_power_W=112.000000,avg_time_s=0.005735,released_listeners=1,
start_task=,name=axpyprofile,tick=67,start_time=114221.016606,nthreads=15,
message=tick stats,tick=67,estimated_current_power=0.000000,
end_task=,name=axpyprofile,elapsed_seconds=0.511469,predicted_seconds=0.000000,time_percent_error=100.000000,nthreads=15,end_time=114221.528723,avg_power_W=110.900000,max_power_W=112.000000,avg_time_s=0.005812,released_listeners=1,
start_task=,name=axpyprofile,tick=68,start_time=114221.528745,nthreads=15,
message=tick stats,tick=68,estimated_current_power=0.000000,
end_task=,name=axpyprofile,elapsed_seconds=0.509212,predicted_seconds=0.000000,time_percent_error=100.000000,nthreads=15,end_time=114222.038692,avg_power_W=111.800000,max_power_W=112.000000,avg_time_s=0.005721,released_listeners=1,
start_task=,name=axpy,tick=69,start_time=114222.038715,nthreads=15,
message=tick stats,tick=69,estimated_current_power=24.475000,
end_task=,name=axpy,elapsed_seconds=0.007228,predicted_seconds=0.004068,time_percent_error=43.722967,nthreads=15,end_time=114222.047424,avg_power_W=-nan,max_power_W=0.000000,avg_time_s=0.007228,released_listeners=0,
start_task=,name=axpy,tick=70,start_time=114222.047460,nthreads=15,
message=tick stats,tick=70,estimated_current_power=24.475000,
end_task=,name=axpy,elapsed_seconds=0.006085,predicted_seconds=0.004068,time_percent_error=33.152966,nthreads=15,end_time=114222.066565,avg_power_W=111.000000,max_power_W=111.000000,avg_time_s=0.006085,released_listeners=0,
start_task=,name=axpy,tick=71,start_time=114222.066613,nthreads=15,
message=tick stats,tick=71,estimated_current_power=24.475000,
end_task=,name=axpy,elapsed_seconds=0.005194,predicted_seconds=0.004068,time_percent_error=21.682371,nthreads=15,end_time=114222.072687,avg_power_W=-nan,max_power_W=0.000000,avg_time_s=0.005194,released_listeners=1,
start_task=,name=axpy,tick=72,start_time=114222.072702,nthreads=15,
message=tick stats,tick=72,estimated_current_power=24.475000,
end_task=,name=axpy,elapsed_seconds=0.007170,predicted_seconds=0.004068,time_percent_error=43.262919,nthreads=15,end_time=114222.080389,avg_power_W=-nan,max_power_W=0.000000,avg_time_s=0.007170,released_listeners=1,
start_task=,name=axpy,tick=73,start_time=114222.080404,nthreads=15,
message=tick stats,tick=73,estimated_current_power=24.475000,
end_task=,name=axpy,elapsed_seconds=0.007195,predicted_seconds=0.004068,time_percent_error=43.464073,nthreads=15,end_time=114222.089305,avg_power_W=-nan,max_power_W=0.000000,avg_time_s=0.007195,released_listeners=0,
start_task=,name=axpy,tick=74,start_time=114222.089332,nthreads=15,
message=tick stats,tick=74,estimated_current_power=24.475000,
end_task=,name=axpy,elapsed_seconds=0.007302,predicted_seconds=0.004068,time_percent_error=44.288070,nthreads=15,end_time=114222.098089,avg_power_W=-nan,max_power_W=0.000000,avg_time_s=0.007302,released_listeners=1,
start_task=,name=axpy,tick=75,start_time=114222.098119,nthreads=15,
message=tick stats,tick=75,estimated_current_power=24.475000,
end_task=,name=axpy,elapsed_seconds=0.006682,predicted_seconds=0.004068,time_percent_error=39.124403,nthreads=15,end_time=114222.116624,avg_power_W=111.000000,max_power_W=111.000000,avg_time_s=0.006682,released_listeners=0,
start_task=,name=axpy,tick=76,start_time=114222.116669,nthreads=15,
message=tick stats,tick=76,estimated_current_power=24.475000,
end_task=,name=axpy,elapsed_seconds=0.006882,predicted_seconds=0.004068,time_percent_error=40.892212,nthreads=15,end_time=114222.125726,avg_power_W=-nan,max_power_W=0.000000,avg_time_s=0.006882,released_listeners=1,
start_task=,name=axpy,tick=77,start_time=114222.125758,nthreads=15,
message=tick stats,tick=77,estimated_current_power=24.475000,
end_task=,name=axpy,elapsed_seconds=0.007442,predicted_seconds=0.004068,time_percent_error=45.336484,nthreads=15,end_time=114222.134734,avg_power_W=-nan,max_power_W=0.000000,avg_time_s=0.007442,released_listeners=0,
start_task=,name=axpy,tick=78,start_time=114222.134747,nthreads=15,
message=tick stats,tick=78,estimated_current_power=24.475000,
end_task=,name=axpy,elapsed_seconds=0.008336,predicted_seconds=0.004068,time_percent_error=51.201068,nthreads=15,end_time=114222.144540,avg_power_W=-nan,max_power_W=0.000000,avg_time_s=0.008336,released_listeners=1,
start_task=,name=axpy,tick=79,start_time=114222.144553,nthreads=15,
message=tick stats,tick=79,estimated_current_power=24.475000,
end_task=,name=axpy,elapsed_seconds=0.007503,predicted_seconds=0.004068,time_percent_error=45.783619,nthreads=15,end_time=114222.166238,avg_power_W=111.000000,max_power_W=111.000000,avg_time_s=0.007503,released_listeners=0,
start_task=,name=axpy,tick=80,start_time=114222.166284,nthreads=15,
message=tick stats,tick=80,estimated_current_power=24.475000,
end_task=,name=axpy,elapsed_seconds=0.006128,predicted_seconds=0.004068,time_percent_error=33.613969,nthreads=15,end_time=114222.174062,avg_power_W=-nan,max_power_W=0.000000,avg_time_s=0.006128,released_listeners=1,
start_task=,name=axpy,tick=81,start_time=114222.174095,nthreads=15,
message=tick stats,tick=81,estimated_current_power=24.475000,
end_task=,name=axpy,elapsed_seconds=0.006467,predicted_seconds=0.004068,time_percent_error=37.097245,nthreads=15,end_time=114222.182698,avg_power_W=-nan,max_power_W=0.000000,avg_time_s=0.006467,released_listeners=0,
start_task=,name=axpy,tick=82,start_time=114222.182729,nthreads=15,
message=tick stats,tick=82,estimated_current_power=24.475000,
end_task=,name=axpy,elapsed_seconds=0.007384,predicted_seconds=0.004068,time_percent_error=44.909024,nthreads=15,end_time=114222.191926,avg_power_W=-nan,max_power_W=0.000000,avg_time_s=0.007384,released_listeners=1,
start_task=,name=axpy,tick=83,start_time=114222.191958,nthreads=15,
message=tick stats,tick=83,estimated_current_power=24.475000,
end_task=,name=axpy,elapsed_seconds=0.005940,predicted_seconds=0.004068,time_percent_error=31.516999,nthreads=15,end_time=114222.199337,avg_power_W=-nan,max_power_W=0.000000,avg_time_s=0.005940,released_listeners=0,
start_task=,name=axpy,tick=84,start_time=114222.199367,nthreads=15,
message=tick stats,tick=84,estimated_current_power=24.475000,
end_task=,name=axpy,elapsed_seconds=0.006806,predicted_seconds=0.004068,time_percent_error=40.232569,nthreads=15,end_time=114222.217884,avg_power_W=114.000000,max_power_W=114.000000,avg_time_s=0.006806,released_listeners=1,
start_task=,name=dot,tick=85,start_time=114222.217930,nthreads=15,
message=tick stats,tick=85,estimated_current_power=27.391667,
end_task=,name=dot,elapsed_seconds=0.506278,predicted_seconds=0.000279,time_percent_error=99.944884,nthreads=15,end_time=114222.724737,avg_power_W=108.800000,max_power_W=111.000000,avg_time_s=0.000326,released_listeners=1,
start_task=,name=dot,tick=86,start_time=114222.724765,nthreads=15,
message=tick stats,tick=86,estimated_current_power=27.391667,
end_task=,name=dot,elapsed_seconds=0.507652,predicted_seconds=0.000279,time_percent_error=99.945033,nthreads=15,end_time=114223.233576,avg_power_W=108.200000,max_power_W=109.000000,avg_time_s=0.000317,released_listeners=1,
start_task=,name=dot,tick=87,start_time=114223.233621,nthreads=15,
message=tick stats,tick=87,estimated_current_power=27.391667,
end_task=,name=dot,elapsed_seconds=0.506779,predicted_seconds=0.000279,time_percent_error=99.944938,nthreads=15,end_time=114223.741365,avg_power_W=108.700000,max_power_W=109.000000,avg_time_s=0.000308,released_listeners=1,
start_task=,name=dot,tick=88,start_time=114223.741413,nthreads=15,
message=tick stats,tick=88,estimated_current_power=27.391667,
end_task=,name=dot,elapsed_seconds=0.507711,predicted_seconds=0.000279,time_percent_error=99.945039,nthreads=15,end_time=114224.265249,avg_power_W=108.727273,max_power_W=109.000000,avg_time_s=0.000306,released_listeners=1,
start_task=,name=dot,tick=89,start_time=114224.265298,nthreads=15,
message=tick stats,tick=89,estimated_current_power=27.391667,
end_task=,name=dot,elapsed_seconds=0.505094,predicted_seconds=0.000279,time_percent_error=99.944755,nthreads=15,end_time=114224.770969,avg_power_W=108.800000,max_power_W=109.000000,avg_time_s=0.000295,released_listeners=1,
start_task=,name=dot,tick=90,start_time=114224.770995,nthreads=15,
message=tick stats,tick=90,estimated_current_power=27.391667,
end_task=,name=dot,elapsed_seconds=0.506780,predicted_seconds=0.000279,time_percent_error=99.944938,nthreads=15,end_time=114225.278163,avg_power_W=108.700000,max_power_W=109.000000,avg_time_s=0.000295,released_listeners=1,
start_task=,name=dot,tick=91,start_time=114225.278191,nthreads=15,
message=tick stats,tick=91,estimated_current_power=27.391667,
end_task=,name=dot,elapsed_seconds=0.506844,predicted_seconds=0.000279,time_percent_error=99.944945,nthreads=15,end_time=114225.785407,avg_power_W=108.900000,max_power_W=109.000000,avg_time_s=0.000299,released_listeners=1,
start_task=,name=dot,tick=92,start_time=114225.785433,nthreads=15,
message=tick stats,tick=92,estimated_current_power=27.391667,
end_task=,name=dot,elapsed_seconds=0.508933,predicted_seconds=0.000279,time_percent_error=99.945171,nthreads=15,end_time=114226.294922,avg_power_W=109.000000,max_power_W=110.000000,avg_time_s=0.000294,released_listeners=1,
start_task=,name=sum_contribs,tick=93,start_time=114226.294952,nthreads=15,
message=tick stats,tick=93,estimated_current_power=0.000000,
end_task=,name=sum_contribs,elapsed_seconds=0.506484,predicted_seconds=0.000000,time_percent_error=100.000000,nthreads=15,end_time=114226.815818,avg_power_W=107.181818,max_power_W=109.000000,avg_time_s=0.000121,released_listeners=2,
start_task=,name=comp_beta,tick=94,start_time=114226.815877,nthreads=15,
message=tick stats,tick=94,estimated_current_power=0.000000,
end_task=,name=comp_beta,elapsed_seconds=0.507998,predicted_seconds=0.000000,time_percent_error=100.000000,nthreads=15,end_time=114227.325121,avg_power_W=104.500000,max_power_W=108.000000,avg_time_s=0.000066,released_listeners=8,
start_task=,name=assign,tick=95,start_time=114227.325165,nthreads=15,
message=tick stats,tick=95,estimated_current_power=0.000000,
end_task=,name=assign,elapsed_seconds=0.508179,predicted_seconds=0.000000,time_percent_error=100.000000,nthreads=15,end_time=114227.834535,avg_power_W=100.600000,max_power_W=102.000000,avg_time_s=0.000059,released_listeners=0,
start_task=,name=xapyprofile,tick=96,start_time=114227.834579,nthreads=15,
message=tick stats,tick=96,estimated_current_power=0.000000,
end_task=,name=xapyprofile,elapsed_seconds=0.510892,predicted_seconds=0.000000,time_percent_error=100.000000,nthreads=15,end_time=114228.345912,avg_power_W=109.100000,max_power_W=112.000000,avg_time_s=0.006904,released_listeners=1,
start_task=,name=xapyprofile,tick=97,start_time=114228.345935,nthreads=15,
message=tick stats,tick=97,estimated_current_power=0.000000,
end_task=,name=xapyprofile,elapsed_seconds=0.510144,predicted_seconds=0.000000,time_percent_error=100.000000,nthreads=15,end_time=114228.865550,avg_power_W=111.636364,max_power_W=113.000000,avg_time_s=0.006894,released_listeners=1,
start_task=,name=xapyprofile,tick=98,start_time=114228.865597,nthreads=15,
message=tick stats,tick=98,estimated_current_power=0.000000,
end_task=,name=xapyprofile,elapsed_seconds=0.511297,predicted_seconds=0.000000,time_percent_error=100.000000,nthreads=15,end_time=114229.377711,avg_power_W=112.000000,max_power_W=113.000000,avg_time_s=0.006909,released_listeners=1,
start_task=,name=xapyprofile,tick=99,start_time=114229.377753,nthreads=15,
message=tick stats,tick=99,estimated_current_power=0.000000,
end_task=,name=xapyprofile,elapsed_seconds=0.511748,predicted_seconds=0.000000,time_percent_error=100.000000,nthreads=15,end_time=114229.890093,avg_power_W=112.300000,max_power_W=113.000000,avg_time_s=0.006823,released_listeners=1,
start_task=,name=xapyprofile,tick=100,start_time=114229.890136,nthreads=15,
message=tick stats,tick=100,estimated_current_power=0.000000,
end_task=,name=xapyprofile,elapsed_seconds=0.507045,predicted_seconds=0.000000,time_percent_error=100.000000,nthreads=15,end_time=114230.397780,avg_power_W=111.700000,max_power_W=113.000000,avg_time_s=0.006852,released_listeners=1,
start_task=,name=xapyprofile,tick=101,start_time=114230.397829,nthreads=15,
message=tick stats,tick=101,estimated_current_power=0.000000,
end_task=,name=xapyprofile,elapsed_seconds=0.508705,predicted_seconds=0.000000,time_percent_error=100.000000,nthreads=15,end_time=114230.915611,avg_power_W=112.181818,max_power_W=114.000000,avg_time_s=0.006874,released_listeners=1,
start_task=,name=xapyprofile,tick=102,start_time=114230.915658,nthreads=15,
message=tick stats,tick=102,estimated_current_power=0.000000,
end_task=,name=xapyprofile,elapsed_seconds=0.508101,predicted_seconds=0.000000,time_percent_error=100.000000,nthreads=15,end_time=114231.424373,avg_power_W=112.000000,max_power_W=112.000000,avg_time_s=0.006866,released_listeners=1,
start_task=,name=xapyprofile,tick=103,start_time=114231.424395,nthreads=15,
message=tick stats,tick=103,estimated_current_power=0.000000,
end_task=,name=xapyprofile,elapsed_seconds=0.509199,predicted_seconds=0.000000,time_percent_error=100.000000,nthreads=15,end_time=114231.934177,avg_power_W=112.100000,max_power_W=113.000000,avg_time_s=0.006881,released_listeners=1,
start_task=,name=xapy,tick=104,start_time=114231.934221,nthreads=15,
message=tick stats,tick=104,estimated_current_power=27.475000,
end_task=,name=xapy,elapsed_seconds=0.010221,predicted_seconds=0.004486,time_percent_error=56.108043,nthreads=15,end_time=114231.945001,avg_power_W=-nan,max_power_W=0.000000,avg_time_s=0.010221,released_listeners=0,
start_task=,name=xapy,tick=105,start_time=114231.945015,nthreads=15,
message=tick stats,tick=105,estimated_current_power=27.475000,
end_task=,name=xapy,elapsed_seconds=0.009590,predicted_seconds=0.004486,time_percent_error=53.220714,nthreads=15,end_time=114231.964892,avg_power_W=112.000000,max_power_W=112.000000,avg_time_s=0.009590,released_listeners=0,
start_task=,name=xapy,tick=106,start_time=114231.964938,nthreads=15,
message=tick stats,tick=106,estimated_current_power=27.475000,
end_task=,name=xapy,elapsed_seconds=0.009396,predicted_seconds=0.004486,time_percent_error=52.252374,nthreads=15,end_time=114231.975009,avg_power_W=-nan,max_power_W=0.000000,avg_time_s=0.009396,released_listeners=0,
start_task=,name=xapy,tick=107,start_time=114231.975022,nthreads=15,
message=tick stats,tick=107,estimated_current_power=27.475000,
end_task=,name=xapy,elapsed_seconds=0.009745,predicted_seconds=0.004486,time_percent_error=53.961719,nthreads=15,end_time=114231.985246,avg_power_W=-nan,max_power_W=0.000000,avg_time_s=0.009745,released_listeners=0,
start_task=,name=xapy,tick=108,start_time=114231.985262,nthreads=15,
message=tick stats,tick=108,estimated_current_power=27.475000,
end_task=,name=xapy,elapsed_seconds=0.010512,predicted_seconds=0.004486,time_percent_error=57.323753,nthreads=15,end_time=114231.996304,avg_power_W=-nan,max_power_W=0.000000,avg_time_s=0.010512,released_listeners=0,
start_task=,name=xapy,tick=109,start_time=114231.996317,nthreads=15,
message=tick stats,tick=109,estimated_current_power=27.475000,
end_task=,name=xapy,elapsed_seconds=0.010639,predicted_seconds=0.004486,time_percent_error=57.832267,nthreads=15,end_time=114232.015257,avg_power_W=113.000000,max_power_W=113.000000,avg_time_s=0.010639,released_listeners=0,
start_task=,name=xapy,tick=110,start_time=114232.015303,nthreads=15,
message=tick stats,tick=110,estimated_current_power=27.475000,
end_task=,name=xapy,elapsed_seconds=0.012309,predicted_seconds=0.004486,time_percent_error=63.551694,nthreads=15,end_time=114232.028350,avg_power_W=-nan,max_power_W=0.000000,avg_time_s=0.012309,released_listeners=0,
start_task=,name=xapy,tick=111,start_time=114232.028380,nthreads=15,
message=tick stats,tick=111,estimated_current_power=27.475000,
end_task=,name=xapy,elapsed_seconds=0.010313,predicted_seconds=0.004486,time_percent_error=56.497054,nthreads=15,end_time=114232.039375,avg_power_W=-nan,max_power_W=0.000000,avg_time_s=0.010313,released_listeners=0,
est_max_power=32.225000,
average_power_W=-nan,
max_power_W=0.000000,
time_s=45.089474,
message=ALL DONE,
