message=cataloging configuration,max_threads=11,power_limit=inf,
start_task=,name=potrfprofile,tick=1,start_time=174442.685072,nthreads=11,
message=tick stats,tick=1,estimated_current_power=0.000000,
end_task=,name=potrfprofile,elapsed_seconds=0.554945,predicted_seconds=0.000000,time_percent_error=100.000000,nthreads=11,end_time=174443.253107,avg_power_W=143.181818,max_power_W=159.000000,avg_time_s=0.184982,released_listeners=1,
start_task=,name=dopotrf,tick=2,start_time=174443.253160,nthreads=11,
message=tick stats,tick=2,estimated_current_power=0.000000,
end_task=,name=dopotrf,elapsed_seconds=0.137075,predicted_seconds=0.000000,time_percent_error=100.000000,nthreads=11,end_time=174443.402793,avg_power_W=122.666667,max_power_W=126.000000,avg_time_s=0.137075,released_listeners=5,
start_task=,name=trsmprofile,tick=3,start_time=174443.402838,nthreads=11,
message=tick stats,tick=3,estimated_current_power=0.000000,
end_task=,name=trsmprofile,elapsed_seconds=0.569693,predicted_seconds=0.000000,time_percent_error=100.000000,nthreads=11,end_time=174443.973447,avg_power_W=129.454545,max_power_W=131.000000,avg_time_s=0.094949,released_listeners=1,
start_task=,name=trsmprofile,tick=4,start_time=174443.973487,nthreads=11,
message=tick stats,tick=4,estimated_current_power=0.000000,
end_task=,name=trsmprofile,elapsed_seconds=0.566612,predicted_seconds=0.000000,time_percent_error=100.000000,nthreads=11,end_time=174444.552671,avg_power_W=129.000000,max_power_W=131.000000,avg_time_s=0.094435,released_listeners=1,
start_task=,name=trsmprofile,tick=5,start_time=174444.552714,nthreads=11,
message=tick stats,tick=5,estimated_current_power=0.000000,
end_task=,name=trsmprofile,elapsed_seconds=0.569021,predicted_seconds=0.000000,time_percent_error=100.000000,nthreads=11,end_time=174445.122462,avg_power_W=128.454545,max_power_W=131.000000,avg_time_s=0.094837,released_listeners=1,
start_task=,name=trsmprofile,tick=6,start_time=174445.122503,nthreads=11,
message=tick stats,tick=6,estimated_current_power=0.000000,
end_task=,name=trsmprofile,elapsed_seconds=0.563844,predicted_seconds=0.000000,time_percent_error=100.000000,nthreads=11,end_time=174445.702888,avg_power_W=128.000000,max_power_W=131.000000,avg_time_s=0.093974,released_listeners=1,
start_task=,name=trsmprofile,tick=7,start_time=174445.702932,nthreads=11,
message=tick stats,tick=7,estimated_current_power=0.000000,
end_task=,name=trsmprofile,elapsed_seconds=0.558470,predicted_seconds=0.000000,time_percent_error=100.000000,nthreads=11,end_time=174446.262200,avg_power_W=127.272727,max_power_W=129.000000,avg_time_s=0.093078,released_listeners=1,
start_task=,name=dotrsm,tick=8,start_time=174446.262245,nthreads=11,
message=tick stats,tick=8,estimated_current_power=0.000000,
end_task=,name=dotrsm,elapsed_seconds=0.088423,predicted_seconds=0.000000,time_percent_error=100.000000,nthreads=11,end_time=174446.353785,avg_power_W=127.500000,max_power_W=129.000000,avg_time_s=0.088423,released_listeners=5,
start_task=,name=dotrsm,tick=9,start_time=174446.353834,nthreads=11,
message=tick stats,tick=9,estimated_current_power=0.000000,
end_task=,name=dotrsm,elapsed_seconds=0.087384,predicted_seconds=0.000000,time_percent_error=100.000000,nthreads=11,end_time=174446.452965,avg_power_W=128.000000,max_power_W=129.000000,avg_time_s=0.087384,released_listeners=5,
start_task=,name=dotrsm,tick=10,start_time=174446.453010,nthreads=11,
message=tick stats,tick=10,estimated_current_power=0.000000,
end_task=,name=dotrsm,elapsed_seconds=0.087478,predicted_seconds=0.000000,time_percent_error=100.000000,nthreads=11,end_time=174446.553239,avg_power_W=128.000000,max_power_W=129.000000,avg_time_s=0.087478,released_listeners=5,
start_task=,name=dotrsm,tick=11,start_time=174446.553284,nthreads=11,
message=tick stats,tick=11,estimated_current_power=0.000000,
end_task=,name=dotrsm,elapsed_seconds=0.086433,predicted_seconds=0.000000,time_percent_error=100.000000,nthreads=11,end_time=174446.652884,avg_power_W=125.500000,max_power_W=128.000000,avg_time_s=0.086433,released_listeners=5,
start_task=,name=dotrsm,tick=12,start_time=174446.652929,nthreads=11,
message=tick stats,tick=12,estimated_current_power=0.000000,
end_task=,name=dotrsm,elapsed_seconds=0.086236,predicted_seconds=0.000000,time_percent_error=100.000000,nthreads=11,end_time=174446.753141,avg_power_W=125.500000,max_power_W=127.000000,avg_time_s=0.086236,released_listeners=5,
start_task=,name=syrkprofile,tick=13,start_time=174446.753186,nthreads=11,
message=tick stats,tick=13,estimated_current_power=0.000000,
end_task=,name=syrkprofile,elapsed_seconds=0.583973,predicted_seconds=0.000000,time_percent_error=100.000000,nthreads=11,end_time=174447.352882,avg_power_W=122.166667,max_power_W=127.000000,avg_time_s=0.194658,released_listeners=1,
start_task=,name=syrkprofile,tick=14,start_time=174447.352926,nthreads=11,
message=tick stats,tick=14,estimated_current_power=0.000000,
end_task=,name=syrkprofile,elapsed_seconds=0.580948,predicted_seconds=0.000000,time_percent_error=100.000000,nthreads=11,end_time=174447.934643,avg_power_W=122.454545,max_power_W=125.000000,avg_time_s=0.193649,released_listeners=1,
start_task=,name=gemmprofile,tick=15,start_time=174447.934687,nthreads=11,
message=tick stats,tick=15,estimated_current_power=0.000000,
end_task=,name=gemmprofile,elapsed_seconds=0.537605,predicted_seconds=0.000000,time_percent_error=100.000000,nthreads=11,end_time=174448.472972,avg_power_W=125.181818,max_power_W=128.000000,avg_time_s=0.179202,released_listeners=1,
start_task=,name=gemmprofile,tick=16,start_time=174448.473014,nthreads=11,
message=tick stats,tick=16,estimated_current_power=0.000000,
end_task=,name=gemmprofile,elapsed_seconds=0.540997,predicted_seconds=0.000000,time_percent_error=100.000000,nthreads=11,end_time=174449.014887,avg_power_W=126.636364,max_power_W=129.000000,avg_time_s=0.180332,released_listeners=1,
start_task=,name=gemmprofile,tick=17,start_time=174449.014928,nthreads=11,
message=tick stats,tick=17,estimated_current_power=0.000000,
end_task=,name=gemmprofile,elapsed_seconds=0.530452,predicted_seconds=0.000000,time_percent_error=100.000000,nthreads=11,end_time=174449.553029,avg_power_W=126.181818,max_power_W=128.000000,avg_time_s=0.176817,released_listeners=1,
start_task=,name=syrkprofile,tick=18,start_time=174449.553073,nthreads=11,
message=tick stats,tick=18,estimated_current_power=0.000000,
end_task=,name=syrkprofile,elapsed_seconds=0.582032,predicted_seconds=0.000000,time_percent_error=100.000000,nthreads=11,end_time=174450.153428,avg_power_W=122.833333,max_power_W=129.000000,avg_time_s=0.194011,released_listeners=1,
start_task=,name=gemmprofile,tick=19,start_time=174450.153472,nthreads=11,
message=tick stats,tick=19,estimated_current_power=0.000000,
end_task=,name=gemmprofile,elapsed_seconds=0.541527,predicted_seconds=0.000000,time_percent_error=100.000000,nthreads=11,end_time=174450.703308,avg_power_W=125.090909,max_power_W=127.000000,avg_time_s=0.180509,released_listeners=1,
start_task=,name=gemmprofile,tick=20,start_time=174450.703353,nthreads=11,
message=tick stats,tick=20,estimated_current_power=0.000000,
end_task=,name=gemmprofile,elapsed_seconds=0.539701,predicted_seconds=0.000000,time_percent_error=100.000000,nthreads=11,end_time=174451.253478,avg_power_W=125.727273,max_power_W=127.000000,avg_time_s=0.179900,released_listeners=1,
start_task=,name=gemmprofile,tick=21,start_time=174451.253522,nthreads=11,
message=tick stats,tick=21,estimated_current_power=0.000000,
end_task=,name=gemmprofile,elapsed_seconds=0.536126,predicted_seconds=0.000000,time_percent_error=100.000000,nthreads=11,end_time=174451.802959,avg_power_W=126.090909,max_power_W=127.000000,avg_time_s=0.178709,released_listeners=1,
start_task=,name=syrkprofile,tick=22,start_time=174451.803003,nthreads=11,
message=tick stats,tick=22,estimated_current_power=0.000000,
end_task=,name=syrkprofile,elapsed_seconds=0.586466,predicted_seconds=0.000000,time_percent_error=100.000000,nthreads=11,end_time=174452.403208,avg_power_W=121.583333,max_power_W=124.000000,avg_time_s=0.195489,released_listeners=1,
start_task=,name=gemmprofile,tick=23,start_time=174452.403265,nthreads=11,
message=tick stats,tick=23,estimated_current_power=0.000000,
end_task=,name=gemmprofile,elapsed_seconds=0.541520,predicted_seconds=0.000000,time_percent_error=100.000000,nthreads=11,end_time=174452.952906,avg_power_W=125.000000,max_power_W=128.000000,avg_time_s=0.180507,released_listeners=1,
start_task=,name=gemmprofile,tick=24,start_time=174452.952950,nthreads=11,
message=tick stats,tick=24,estimated_current_power=0.000000,
end_task=,name=gemmprofile,elapsed_seconds=0.535385,predicted_seconds=0.000000,time_percent_error=100.000000,nthreads=11,end_time=174453.502660,avg_power_W=125.636364,max_power_W=127.000000,avg_time_s=0.178462,released_listeners=1,
start_task=,name=gemmprofile,tick=25,start_time=174453.502707,nthreads=11,
message=tick stats,tick=25,estimated_current_power=0.000000,
end_task=,name=gemmprofile,elapsed_seconds=0.531528,predicted_seconds=0.000000,time_percent_error=100.000000,nthreads=11,end_time=174454.034961,avg_power_W=125.800000,max_power_W=128.000000,avg_time_s=0.177176,released_listeners=1,
start_task=,name=gemmprofile,tick=26,start_time=174454.035004,nthreads=11,
message=tick stats,tick=26,estimated_current_power=0.000000,
end_task=,name=gemmprofile,elapsed_seconds=0.532313,predicted_seconds=0.000000,time_percent_error=100.000000,nthreads=11,end_time=174454.602711,avg_power_W=125.833333,max_power_W=127.000000,avg_time_s=0.177438,released_listeners=1,
start_task=,name=syrkprofile,tick=27,start_time=174454.602756,nthreads=11,
message=tick stats,tick=27,estimated_current_power=0.000000,
end_task=,name=syrkprofile,elapsed_seconds=0.583639,predicted_seconds=0.000000,time_percent_error=100.000000,nthreads=11,end_time=174455.203235,avg_power_W=121.833333,max_power_W=123.000000,avg_time_s=0.194546,released_listeners=1,
start_task=,name=dosyrk,tick=28,start_time=174455.203279,nthreads=11,
message=tick stats,tick=28,estimated_current_power=0.000000,
end_task=,name=dosyrk,elapsed_seconds=0.207418,predicted_seconds=0.000000,time_percent_error=100.000000,nthreads=11,end_time=174455.411547,avg_power_W=120.000000,max_power_W=121.000000,avg_time_s=0.207418,released_listeners=1,
start_task=,name=dosyrk,tick=29,start_time=174455.411588,nthreads=11,
message=tick stats,tick=29,estimated_current_power=0.000000,
end_task=,name=dosyrk,elapsed_seconds=0.209119,predicted_seconds=0.000000,time_percent_error=100.000000,nthreads=11,end_time=174455.621421,avg_power_W=120.500000,max_power_W=122.000000,avg_time_s=0.209119,released_listeners=1,
start_task=,name=dogemm,tick=30,start_time=174455.621462,nthreads=11,
message=tick stats,tick=30,estimated_current_power=0.000000,
end_task=,name=dogemm,elapsed_seconds=0.195040,predicted_seconds=0.000000,time_percent_error=100.000000,nthreads=11,end_time=174455.817270,avg_power_W=122.500000,max_power_W=127.000000,avg_time_s=0.195040,released_listeners=1,
start_task=,name=dogemm,tick=31,start_time=174455.817311,nthreads=11,
message=tick stats,tick=31,estimated_current_power=0.000000,
end_task=,name=dogemm,elapsed_seconds=0.195470,predicted_seconds=0.000000,time_percent_error=100.000000,nthreads=11,end_time=174456.013540,avg_power_W=124.250000,max_power_W=126.000000,avg_time_s=0.195470,released_listeners=1,
start_task=,name=dogemm,tick=32,start_time=174456.013581,nthreads=11,
message=tick stats,tick=32,estimated_current_power=0.000000,
end_task=,name=dogemm,elapsed_seconds=0.194066,predicted_seconds=0.000000,time_percent_error=100.000000,nthreads=11,end_time=174456.208455,avg_power_W=125.250000,max_power_W=127.000000,avg_time_s=0.194066,released_listeners=0,
start_task=,name=dosyrk,tick=33,start_time=174456.208495,nthreads=11,
message=tick stats,tick=33,estimated_current_power=0.000000,
end_task=,name=dosyrk,elapsed_seconds=0.205763,predicted_seconds=0.000000,time_percent_error=100.000000,nthreads=11,end_time=174456.415080,avg_power_W=122.250000,max_power_W=125.000000,avg_time_s=0.205763,released_listeners=1,
start_task=,name=dogemm,tick=34,start_time=174456.415121,nthreads=11,
message=tick stats,tick=34,estimated_current_power=0.000000,
end_task=,name=dogemm,elapsed_seconds=0.197416,predicted_seconds=0.000000,time_percent_error=100.000000,nthreads=11,end_time=174456.613337,avg_power_W=123.000000,max_power_W=126.000000,avg_time_s=0.197416,released_listeners=1,
start_task=,name=dogemm,tick=35,start_time=174456.613384,nthreads=11,
message=tick stats,tick=35,estimated_current_power=0.000000,
end_task=,name=dogemm,elapsed_seconds=0.194415,predicted_seconds=0.000000,time_percent_error=100.000000,nthreads=11,end_time=174456.808601,avg_power_W=125.250000,max_power_W=127.000000,avg_time_s=0.194415,released_listeners=0,
start_task=,name=dogemm,tick=36,start_time=174456.808641,nthreads=11,
message=tick stats,tick=36,estimated_current_power=0.000000,
end_task=,name=dogemm,elapsed_seconds=0.193781,predicted_seconds=0.000000,time_percent_error=100.000000,nthreads=11,end_time=174457.003587,avg_power_W=124.500000,max_power_W=126.000000,avg_time_s=0.193781,released_listeners=0,
start_task=,name=dosyrk,tick=37,start_time=174457.003628,nthreads=11,
message=tick stats,tick=37,estimated_current_power=0.000000,
end_task=,name=dosyrk,elapsed_seconds=0.205618,predicted_seconds=0.000000,time_percent_error=100.000000,nthreads=11,end_time=174457.210090,avg_power_W=122.500000,max_power_W=126.000000,avg_time_s=0.205618,released_listeners=1,
start_task=,name=dogemm,tick=38,start_time=174457.210131,nthreads=11,
message=tick stats,tick=38,estimated_current_power=0.000000,
end_task=,name=dogemm,elapsed_seconds=0.195930,predicted_seconds=0.000000,time_percent_error=100.000000,nthreads=11,end_time=174457.406886,avg_power_W=123.250000,max_power_W=127.000000,avg_time_s=0.195930,released_listeners=1,
start_task=,name=dogemm,tick=39,start_time=174457.406927,nthreads=11,
message=tick stats,tick=39,estimated_current_power=0.000000,
end_task=,name=dogemm,elapsed_seconds=0.192822,predicted_seconds=0.000000,time_percent_error=100.000000,nthreads=11,end_time=174457.603049,avg_power_W=124.000000,max_power_W=126.000000,avg_time_s=0.192822,released_listeners=0,
start_task=,name=dogemm,tick=40,start_time=174457.603092,nthreads=11,
message=tick stats,tick=40,estimated_current_power=0.000000,
end_task=,name=dogemm,elapsed_seconds=0.192739,predicted_seconds=0.000000,time_percent_error=100.000000,nthreads=11,end_time=174457.802906,avg_power_W=124.250000,max_power_W=126.000000,avg_time_s=0.192739,released_listeners=0,
start_task=,name=dogemm,tick=41,start_time=174457.802949,nthreads=11,
message=tick stats,tick=41,estimated_current_power=0.000000,
end_task=,name=dogemm,elapsed_seconds=0.194209,predicted_seconds=0.000000,time_percent_error=100.000000,nthreads=11,end_time=174458.002970,avg_power_W=125.000000,max_power_W=127.000000,avg_time_s=0.194209,released_listeners=0,
start_task=,name=dosyrk,tick=42,start_time=174458.003014,nthreads=11,
message=tick stats,tick=42,estimated_current_power=0.000000,
end_task=,name=dosyrk,elapsed_seconds=0.207663,predicted_seconds=0.000000,time_percent_error=100.000000,nthreads=11,end_time=174458.211475,avg_power_W=122.500000,max_power_W=126.000000,avg_time_s=0.207663,released_listeners=1,
start_task=,name=potrfprofile,tick=43,start_time=174458.211516,nthreads=11,
message=tick stats,tick=43,estimated_current_power=0.000000,
end_task=,name=potrfprofile,elapsed_seconds=0.537827,predicted_seconds=0.000000,time_percent_error=100.000000,nthreads=11,end_time=174458.752837,avg_power_W=121.181818,max_power_W=122.000000,avg_time_s=0.134457,released_listeners=1,
start_task=,name=dopotrf,tick=44,start_time=174458.752881,nthreads=11,
message=tick stats,tick=44,estimated_current_power=0.000000,
end_task=,name=dopotrf,elapsed_seconds=0.138376,predicted_seconds=0.000000,time_percent_error=100.000000,nthreads=11,end_time=174458.902526,avg_power_W=122.333333,max_power_W=125.000000,avg_time_s=0.138376,released_listeners=4,
start_task=,name=trsmprofile,tick=45,start_time=174458.902571,nthreads=11,
message=tick stats,tick=45,estimated_current_power=0.000000,
end_task=,name=trsmprofile,elapsed_seconds=0.563116,predicted_seconds=0.000000,time_percent_error=100.000000,nthreads=11,end_time=174459.466550,avg_power_W=126.000000,max_power_W=128.000000,avg_time_s=0.093853,released_listeners=1,
start_task=,name=trsmprofile,tick=46,start_time=174459.466600,nthreads=11,
message=tick stats,tick=46,estimated_current_power=0.000000,
end_task=,name=trsmprofile,elapsed_seconds=0.566819,predicted_seconds=0.000000,time_percent_error=100.000000,nthreads=11,end_time=174460.034149,avg_power_W=126.636364,max_power_W=128.000000,avg_time_s=0.094470,released_listeners=1,
start_task=,name=trsmprofile,tick=47,start_time=174460.034191,nthreads=11,
message=tick stats,tick=47,estimated_current_power=0.000000,
end_task=,name=trsmprofile,elapsed_seconds=0.566238,predicted_seconds=0.000000,time_percent_error=100.000000,nthreads=11,end_time=174460.603353,avg_power_W=126.083333,max_power_W=127.000000,avg_time_s=0.094373,released_listeners=1,
start_task=,name=trsmprofile,tick=48,start_time=174460.603397,nthreads=11,
message=tick stats,tick=48,estimated_current_power=0.000000,
end_task=,name=trsmprofile,elapsed_seconds=0.564889,predicted_seconds=0.000000,time_percent_error=100.000000,nthreads=11,end_time=174461.168991,avg_power_W=126.545455,max_power_W=128.000000,avg_time_s=0.094148,released_listeners=1,
start_task=,name=dotrsm,tick=49,start_time=174461.169032,nthreads=11,
message=tick stats,tick=49,estimated_current_power=0.000000,
end_task=,name=dotrsm,elapsed_seconds=0.087129,predicted_seconds=0.000000,time_percent_error=100.000000,nthreads=11,end_time=174461.256925,avg_power_W=126.500000,max_power_W=128.000000,avg_time_s=0.087129,released_listeners=4,
start_task=,name=dotrsm,tick=50,start_time=174461.256967,nthreads=11,
message=tick stats,tick=50,estimated_current_power=0.000000,
end_task=,name=dotrsm,elapsed_seconds=0.089267,predicted_seconds=0.000000,time_percent_error=100.000000,nthreads=11,end_time=174461.353085,avg_power_W=126.500000,max_power_W=127.000000,avg_time_s=0.089267,released_listeners=4,
start_task=,name=dotrsm,tick=51,start_time=174461.353131,nthreads=11,
message=tick stats,tick=51,estimated_current_power=0.000000,
end_task=,name=dotrsm,elapsed_seconds=0.087842,predicted_seconds=0.000000,time_percent_error=100.000000,nthreads=11,end_time=174461.453155,avg_power_W=126.500000,max_power_W=127.000000,avg_time_s=0.087842,released_listeners=4,
start_task=,name=dotrsm,tick=52,start_time=174461.453200,nthreads=11,
message=tick stats,tick=52,estimated_current_power=0.000000,
end_task=,name=dotrsm,elapsed_seconds=0.087491,predicted_seconds=0.000000,time_percent_error=100.000000,nthreads=11,end_time=174461.553110,avg_power_W=125.000000,max_power_W=126.000000,avg_time_s=0.087491,released_listeners=4,
start_task=,name=syrkprofile,tick=53,start_time=174461.553155,nthreads=11,
message=tick stats,tick=53,estimated_current_power=0.000000,
end_task=,name=syrkprofile,elapsed_seconds=0.589011,predicted_seconds=0.000000,time_percent_error=100.000000,nthreads=11,end_time=174462.153235,avg_power_W=121.416667,max_power_W=124.000000,avg_time_s=0.196337,released_listeners=1,
start_task=,name=gemmprofile,tick=54,start_time=174462.153279,nthreads=11,
message=tick stats,tick=54,estimated_current_power=0.000000,
end_task=,name=gemmprofile,elapsed_seconds=0.538429,predicted_seconds=0.000000,time_percent_error=100.000000,nthreads=11,end_time=174462.703163,avg_power_W=124.727273,max_power_W=127.000000,avg_time_s=0.179476,released_listeners=1,
start_task=,name=syrkprofile,tick=55,start_time=174462.703207,nthreads=11,
message=tick stats,tick=55,estimated_current_power=0.000000,
end_task=,name=syrkprofile,elapsed_seconds=0.587172,predicted_seconds=0.000000,time_percent_error=100.000000,nthreads=11,end_time=174463.302695,avg_power_W=121.416667,max_power_W=127.000000,avg_time_s=0.195724,released_listeners=1,
start_task=,name=gemmprofile,tick=56,start_time=174463.302739,nthreads=11,
message=tick stats,tick=56,estimated_current_power=0.000000,
end_task=,name=gemmprofile,elapsed_seconds=0.542136,predicted_seconds=0.000000,time_percent_error=100.000000,nthreads=11,end_time=174463.852918,avg_power_W=125.000000,max_power_W=127.000000,avg_time_s=0.180712,released_listeners=1,
start_task=,name=gemmprofile,tick=57,start_time=174463.852961,nthreads=11,
message=tick stats,tick=57,estimated_current_power=0.000000,
end_task=,name=gemmprofile,elapsed_seconds=0.534417,predicted_seconds=0.000000,time_percent_error=100.000000,nthreads=11,end_time=174464.403370,avg_power_W=125.363636,max_power_W=127.000000,avg_time_s=0.178139,released_listeners=1,
start_task=,name=syrkprofile,tick=58,start_time=174464.403414,nthreads=11,
message=tick stats,tick=58,estimated_current_power=0.000000,
end_task=,name=syrkprofile,elapsed_seconds=0.578955,predicted_seconds=0.000000,time_percent_error=100.000000,nthreads=11,end_time=174464.983070,avg_power_W=121.545455,max_power_W=124.000000,avg_time_s=0.192985,released_listeners=1,
start_task=,name=gemmprofile,tick=59,start_time=174464.983112,nthreads=11,
message=tick stats,tick=59,estimated_current_power=0.000000,
end_task=,name=gemmprofile,elapsed_seconds=0.540631,predicted_seconds=0.000000,time_percent_error=100.000000,nthreads=11,end_time=174465.524581,avg_power_W=124.363636,max_power_W=127.000000,avg_time_s=0.180210,released_listeners=1,
start_task=,name=gemmprofile,tick=60,start_time=174465.524622,nthreads=11,
message=tick stats,tick=60,estimated_current_power=0.000000,
end_task=,name=gemmprofile,elapsed_seconds=0.535299,predicted_seconds=0.000000,time_percent_error=100.000000,nthreads=11,end_time=174466.060724,avg_power_W=125.818182,max_power_W=128.000000,avg_time_s=0.178433,released_listeners=1,
start_task=,name=gemmprofile,tick=61,start_time=174466.060765,nthreads=11,
message=tick stats,tick=61,estimated_current_power=0.000000,
end_task=,name=gemmprofile,elapsed_seconds=0.531823,predicted_seconds=0.000000,time_percent_error=100.000000,nthreads=11,end_time=174466.602933,avg_power_W=125.818182,max_power_W=127.000000,avg_time_s=0.177274,released_listeners=1,
start_task=,name=syrkprofile,tick=62,start_time=174466.602977,nthreads=11,
message=tick stats,tick=62,estimated_current_power=0.000000,
end_task=,name=syrkprofile,elapsed_seconds=0.579939,predicted_seconds=0.000000,time_percent_error=100.000000,nthreads=11,end_time=174467.184190,avg_power_W=121.636364,max_power_W=124.000000,avg_time_s=0.193313,released_listeners=1,
start_task=,name=dosyrk,tick=63,start_time=174467.184235,nthreads=11,
message=tick stats,tick=63,estimated_current_power=0.000000,
end_task=,name=dosyrk,elapsed_seconds=0.210543,predicted_seconds=0.000000,time_percent_error=100.000000,nthreads=11,end_time=174467.403666,avg_power_W=120.800000,max_power_W=122.000000,avg_time_s=0.210543,released_listeners=1,
start_task=,name=dogemm,tick=64,start_time=174467.403710,nthreads=11,
message=tick stats,tick=64,estimated_current_power=0.000000,
end_task=,name=dogemm,elapsed_seconds=0.195239,predicted_seconds=0.000000,time_percent_error=100.000000,nthreads=11,end_time=174467.603297,avg_power_W=121.750000,max_power_W=126.000000,avg_time_s=0.195239,released_listeners=1,
start_task=,name=dosyrk,tick=65,start_time=174467.603341,nthreads=11,
message=tick stats,tick=65,estimated_current_power=0.000000,
end_task=,name=dosyrk,elapsed_seconds=0.205040,predicted_seconds=0.000000,time_percent_error=100.000000,nthreads=11,end_time=174467.809150,avg_power_W=121.500000,max_power_W=125.000000,avg_time_s=0.205040,released_listeners=1,
start_task=,name=dogemm,tick=66,start_time=174467.809191,nthreads=11,
message=tick stats,tick=66,estimated_current_power=0.000000,
end_task=,name=dogemm,elapsed_seconds=0.197581,predicted_seconds=0.000000,time_percent_error=100.000000,nthreads=11,end_time=174468.007577,avg_power_W=123.000000,max_power_W=126.000000,avg_time_s=0.197581,released_listeners=1,
start_task=,name=dogemm,tick=67,start_time=174468.007617,nthreads=11,
message=tick stats,tick=67,estimated_current_power=0.000000,
end_task=,name=dogemm,elapsed_seconds=0.197060,predicted_seconds=0.000000,time_percent_error=100.000000,nthreads=11,end_time=174468.205485,avg_power_W=125.000000,max_power_W=127.000000,avg_time_s=0.197060,released_listeners=0,
start_task=,name=dosyrk,tick=68,start_time=174468.205525,nthreads=11,
message=tick stats,tick=68,estimated_current_power=0.000000,
end_task=,name=dosyrk,elapsed_seconds=0.209413,predicted_seconds=0.000000,time_percent_error=100.000000,nthreads=11,end_time=174468.415788,avg_power_W=121.750000,max_power_W=125.000000,avg_time_s=0.209413,released_listeners=1,
start_task=,name=dogemm,tick=69,start_time=174468.415836,nthreads=11,
message=tick stats,tick=69,estimated_current_power=0.000000,
end_task=,name=dogemm,elapsed_seconds=0.204160,predicted_seconds=0.000000,time_percent_error=100.000000,nthreads=11,end_time=174468.620800,avg_power_W=122.500000,max_power_W=126.000000,avg_time_s=0.204160,released_listeners=1,
start_task=,name=dogemm,tick=70,start_time=174468.620841,nthreads=11,
message=tick stats,tick=70,estimated_current_power=0.000000,
end_task=,name=dogemm,elapsed_seconds=0.202330,predicted_seconds=0.000000,time_percent_error=100.000000,nthreads=11,end_time=174468.823921,avg_power_W=123.750000,max_power_W=126.000000,avg_time_s=0.202330,released_listeners=0,
start_task=,name=dogemm,tick=71,start_time=174468.823962,nthreads=11,
message=tick stats,tick=71,estimated_current_power=0.000000,
end_task=,name=dogemm,elapsed_seconds=0.206878,predicted_seconds=0.000000,time_percent_error=100.000000,nthreads=11,end_time=174469.031644,avg_power_W=124.000000,max_power_W=126.000000,avg_time_s=0.206878,released_listeners=0,
start_task=,name=dosyrk,tick=72,start_time=174469.031684,nthreads=11,
message=tick stats,tick=72,estimated_current_power=0.000000,
end_task=,name=dosyrk,elapsed_seconds=0.217330,predicted_seconds=0.000000,time_percent_error=100.000000,nthreads=11,end_time=174469.252811,avg_power_W=122.000000,max_power_W=127.000000,avg_time_s=0.217330,released_listeners=1,
start_task=,name=potrfprofile,tick=73,start_time=174469.252855,nthreads=11,
message=tick stats,tick=73,estimated_current_power=0.000000,
end_task=,name=potrfprofile,elapsed_seconds=0.548435,predicted_seconds=0.000000,time_percent_error=100.000000,nthreads=11,end_time=174469.804052,avg_power_W=120.636364,max_power_W=122.000000,avg_time_s=0.137109,released_listeners=1,
start_task=,name=dopotrf,tick=74,start_time=174469.804096,nthreads=11,
message=tick stats,tick=74,estimated_current_power=0.000000,
end_task=,name=dopotrf,elapsed_seconds=0.143899,predicted_seconds=0.000000,time_percent_error=100.000000,nthreads=11,end_time=174469.953289,avg_power_W=121.333333,max_power_W=122.000000,avg_time_s=0.143899,released_listeners=3,
start_task=,name=trsmprofile,tick=75,start_time=174469.953334,nthreads=11,
message=tick stats,tick=75,estimated_current_power=0.000000,
end_task=,name=trsmprofile,elapsed_seconds=0.569335,predicted_seconds=0.000000,time_percent_error=100.000000,nthreads=11,end_time=174470.523793,avg_power_W=125.454545,max_power_W=127.000000,avg_time_s=0.094889,released_listeners=1,
start_task=,name=trsmprofile,tick=76,start_time=174470.523837,nthreads=11,
message=tick stats,tick=76,estimated_current_power=0.000000,
end_task=,name=trsmprofile,elapsed_seconds=0.566916,predicted_seconds=0.000000,time_percent_error=100.000000,nthreads=11,end_time=174471.102688,avg_power_W=125.750000,max_power_W=127.000000,avg_time_s=0.094486,released_listeners=1,
start_task=,name=trsmprofile,tick=77,start_time=174471.102732,nthreads=11,
message=tick stats,tick=77,estimated_current_power=0.000000,
end_task=,name=trsmprofile,elapsed_seconds=0.571049,predicted_seconds=0.000000,time_percent_error=100.000000,nthreads=11,end_time=174471.675154,avg_power_W=125.181818,max_power_W=127.000000,avg_time_s=0.095175,released_listeners=1,
start_task=,name=dotrsm,tick=78,start_time=174471.675195,nthreads=11,
message=tick stats,tick=78,estimated_current_power=0.000000,
end_task=,name=dotrsm,elapsed_seconds=0.089197,predicted_seconds=0.000000,time_percent_error=100.000000,nthreads=11,end_time=174471.765247,avg_power_W=124.000000,max_power_W=126.000000,avg_time_s=0.089197,released_listeners=3,
start_task=,name=dotrsm,tick=79,start_time=174471.765289,nthreads=11,
message=tick stats,tick=79,estimated_current_power=0.000000,
end_task=,name=dotrsm,elapsed_seconds=0.088610,predicted_seconds=0.000000,time_percent_error=100.000000,nthreads=11,end_time=174471.854745,avg_power_W=124.500000,max_power_W=127.000000,avg_time_s=0.088610,released_listeners=3,
start_task=,name=dotrsm,tick=80,start_time=174471.854793,nthreads=11,
message=tick stats,tick=80,estimated_current_power=0.000000,
end_task=,name=dotrsm,elapsed_seconds=0.091334,predicted_seconds=0.000000,time_percent_error=100.000000,nthreads=11,end_time=174471.952675,avg_power_W=125.000000,max_power_W=126.000000,avg_time_s=0.091334,released_listeners=3,
start_task=,name=syrkprofile,tick=81,start_time=174471.952719,nthreads=11,
message=tick stats,tick=81,estimated_current_power=0.000000,
end_task=,name=syrkprofile,elapsed_seconds=0.597100,predicted_seconds=0.000000,time_percent_error=100.000000,nthreads=11,end_time=174472.553536,avg_power_W=121.083333,max_power_W=126.000000,avg_time_s=0.199033,released_listeners=1,
start_task=,name=gemmprofile,tick=82,start_time=174472.553580,nthreads=11,
message=tick stats,tick=82,estimated_current_power=0.000000,
end_task=,name=gemmprofile,elapsed_seconds=0.561333,predicted_seconds=0.000000,time_percent_error=100.000000,nthreads=11,end_time=174473.115717,avg_power_W=124.090909,max_power_W=127.000000,avg_time_s=0.187111,released_listeners=1,
start_task=,name=syrkprofile,tick=83,start_time=174473.115758,nthreads=11,
message=tick stats,tick=83,estimated_current_power=0.000000,
end_task=,name=syrkprofile,elapsed_seconds=0.600282,predicted_seconds=0.000000,time_percent_error=100.000000,nthreads=11,end_time=174473.717047,avg_power_W=121.833333,max_power_W=126.000000,avg_time_s=0.200094,released_listeners=1,
start_task=,name=gemmprofile,tick=84,start_time=174473.717099,nthreads=11,
message=tick stats,tick=84,estimated_current_power=0.000000,
end_task=,name=gemmprofile,elapsed_seconds=0.546366,predicted_seconds=0.000000,time_percent_error=100.000000,nthreads=11,end_time=174474.264757,avg_power_W=124.636364,max_power_W=127.000000,avg_time_s=0.182122,released_listeners=1,
start_task=,name=gemmprofile,tick=85,start_time=174474.264798,nthreads=11,
message=tick stats,tick=85,estimated_current_power=0.000000,
end_task=,name=gemmprofile,elapsed_seconds=0.539078,predicted_seconds=0.000000,time_percent_error=100.000000,nthreads=11,end_time=174474.804732,avg_power_W=125.363636,max_power_W=127.000000,avg_time_s=0.179693,released_listeners=1,
start_task=,name=syrkprofile,tick=86,start_time=174474.804773,nthreads=11,
message=tick stats,tick=86,estimated_current_power=0.000000,
end_task=,name=syrkprofile,elapsed_seconds=0.589041,predicted_seconds=0.000000,time_percent_error=100.000000,nthreads=11,end_time=174475.402883,avg_power_W=121.833333,max_power_W=125.000000,avg_time_s=0.196347,released_listeners=1,
start_task=,name=dosyrk,tick=87,start_time=174475.402927,nthreads=11,
message=tick stats,tick=87,estimated_current_power=0.000000,
end_task=,name=dosyrk,elapsed_seconds=0.207938,predicted_seconds=0.000000,time_percent_error=100.000000,nthreads=11,end_time=174475.611697,avg_power_W=119.500000,max_power_W=121.000000,avg_time_s=0.207938,released_listeners=1,
start_task=,name=dogemm,tick=88,start_time=174475.611740,nthreads=11,
message=tick stats,tick=88,estimated_current_power=0.000000,
end_task=,name=dogemm,elapsed_seconds=0.196985,predicted_seconds=0.000000,time_percent_error=100.000000,nthreads=11,end_time=174475.809549,avg_power_W=122.000000,max_power_W=126.000000,avg_time_s=0.196985,released_listeners=1,
start_task=,name=dosyrk,tick=89,start_time=174475.809591,nthreads=11,
message=tick stats,tick=89,estimated_current_power=0.000000,
end_task=,name=dosyrk,elapsed_seconds=0.212176,predicted_seconds=0.000000,time_percent_error=100.000000,nthreads=11,end_time=174476.022937,avg_power_W=121.250000,max_power_W=126.000000,avg_time_s=0.212176,released_listeners=1,
start_task=,name=dogemm,tick=90,start_time=174476.022978,nthreads=11,
message=tick stats,tick=90,estimated_current_power=0.000000,
end_task=,name=dogemm,elapsed_seconds=0.196021,predicted_seconds=0.000000,time_percent_error=100.000000,nthreads=11,end_time=174476.219784,avg_power_W=122.750000,max_power_W=127.000000,avg_time_s=0.196021,released_listeners=1,
start_task=,name=dogemm,tick=91,start_time=174476.219824,nthreads=11,
message=tick stats,tick=91,estimated_current_power=0.000000,
end_task=,name=dogemm,elapsed_seconds=0.195459,predicted_seconds=0.000000,time_percent_error=100.000000,nthreads=11,end_time=174476.416342,avg_power_W=124.250000,max_power_W=127.000000,avg_time_s=0.195459,released_listeners=0,
start_task=,name=dosyrk,tick=92,start_time=174476.416382,nthreads=11,
message=tick stats,tick=92,estimated_current_power=0.000000,
end_task=,name=dosyrk,elapsed_seconds=0.212440,predicted_seconds=0.000000,time_percent_error=100.000000,nthreads=11,end_time=174476.629711,avg_power_W=122.500000,max_power_W=127.000000,avg_time_s=0.212440,released_listeners=1,
start_task=,name=potrfprofile,tick=93,start_time=174476.629752,nthreads=11,
message=tick stats,tick=93,estimated_current_power=0.000000,
end_task=,name=potrfprofile,elapsed_seconds=0.544401,predicted_seconds=0.000000,time_percent_error=100.000000,nthreads=11,end_time=174477.174982,avg_power_W=120.545455,max_power_W=122.000000,avg_time_s=0.136100,released_listeners=1,
start_task=,name=dopotrf,tick=94,start_time=174477.175024,nthreads=11,
message=tick stats,tick=94,estimated_current_power=0.000000,
end_task=,name=dopotrf,elapsed_seconds=0.139349,predicted_seconds=0.000000,time_percent_error=100.000000,nthreads=11,end_time=174477.315113,avg_power_W=120.000000,max_power_W=122.000000,avg_time_s=0.139349,released_listeners=2,
start_task=,name=trsmprofile,tick=95,start_time=174477.315154,nthreads=11,
message=tick stats,tick=95,estimated_current_power=0.000000,
end_task=,name=trsmprofile,elapsed_seconds=0.572306,predicted_seconds=0.000000,time_percent_error=100.000000,nthreads=11,end_time=174477.902500,avg_power_W=125.416667,max_power_W=128.000000,avg_time_s=0.095384,released_listeners=1,
start_task=,name=trsmprofile,tick=96,start_time=174477.902545,nthreads=11,
message=tick stats,tick=96,estimated_current_power=0.000000,
end_task=,name=trsmprofile,elapsed_seconds=0.566543,predicted_seconds=0.000000,time_percent_error=100.000000,nthreads=11,end_time=174478.469954,avg_power_W=125.727273,max_power_W=127.000000,avg_time_s=0.094424,released_listeners=1,
start_task=,name=dotrsm,tick=97,start_time=174478.469996,nthreads=11,
message=tick stats,tick=97,estimated_current_power=0.000000,
end_task=,name=dotrsm,elapsed_seconds=0.090580,predicted_seconds=0.000000,time_percent_error=100.000000,nthreads=11,end_time=174478.561365,avg_power_W=124.500000,max_power_W=127.000000,avg_time_s=0.090580,released_listeners=2,
start_task=,name=dotrsm,tick=98,start_time=174478.561408,nthreads=11,
message=tick stats,tick=98,estimated_current_power=0.000000,
end_task=,name=dotrsm,elapsed_seconds=0.092650,predicted_seconds=0.000000,time_percent_error=100.000000,nthreads=11,end_time=174478.654893,avg_power_W=125.500000,max_power_W=126.000000,avg_time_s=0.092650,released_listeners=2,
start_task=,name=syrkprofile,tick=99,start_time=174478.654935,nthreads=11,
message=tick stats,tick=99,estimated_current_power=0.000000,
end_task=,name=syrkprofile,elapsed_seconds=0.585975,predicted_seconds=0.000000,time_percent_error=100.000000,nthreads=11,end_time=174479.252616,avg_power_W=121.083333,max_power_W=126.000000,avg_time_s=0.195325,released_listeners=1,
start_task=,name=gemmprofile,tick=100,start_time=174479.252661,nthreads=11,
message=tick stats,tick=100,estimated_current_power=0.000000,
end_task=,name=gemmprofile,elapsed_seconds=0.541820,predicted_seconds=0.000000,time_percent_error=100.000000,nthreads=11,end_time=174479.803746,avg_power_W=125.000000,max_power_W=127.000000,avg_time_s=0.180607,released_listeners=1,
start_task=,name=syrkprofile,tick=101,start_time=174479.803790,nthreads=11,
message=tick stats,tick=101,estimated_current_power=0.000000,
end_task=,name=syrkprofile,elapsed_seconds=0.586613,predicted_seconds=0.000000,time_percent_error=100.000000,nthreads=11,end_time=174480.402694,avg_power_W=121.166667,max_power_W=124.000000,avg_time_s=0.195538,released_listeners=1,
start_task=,name=dosyrk,tick=102,start_time=174480.402740,nthreads=11,
message=tick stats,tick=102,estimated_current_power=0.000000,
end_task=,name=dosyrk,elapsed_seconds=0.208893,predicted_seconds=0.000000,time_percent_error=100.000000,nthreads=11,end_time=174480.612443,avg_power_W=119.500000,max_power_W=121.000000,avg_time_s=0.208893,released_listeners=1,
start_task=,name=dogemm,tick=103,start_time=174480.612483,nthreads=11,
message=tick stats,tick=103,estimated_current_power=0.000000,
end_task=,name=dogemm,elapsed_seconds=0.200625,predicted_seconds=0.000000,time_percent_error=100.000000,nthreads=11,end_time=174480.813938,avg_power_W=122.750000,max_power_W=126.000000,avg_time_s=0.200625,released_listeners=1,
start_task=,name=dosyrk,tick=104,start_time=174480.813981,nthreads=11,
message=tick stats,tick=104,estimated_current_power=0.000000,
end_task=,name=dosyrk,elapsed_seconds=0.208851,predicted_seconds=0.000000,time_percent_error=100.000000,nthreads=11,end_time=174481.023720,avg_power_W=121.750000,max_power_W=126.000000,avg_time_s=0.208851,released_listeners=1,
start_task=,name=potrfprofile,tick=105,start_time=174481.023763,nthreads=11,
message=tick stats,tick=105,estimated_current_power=0.000000,
end_task=,name=potrfprofile,elapsed_seconds=0.539960,predicted_seconds=0.000000,time_percent_error=100.000000,nthreads=11,end_time=174481.564741,avg_power_W=120.727273,max_power_W=123.000000,avg_time_s=0.134990,released_listeners=1,
start_task=,name=dopotrf,tick=106,start_time=174481.564782,nthreads=11,
message=tick stats,tick=106,estimated_current_power=0.000000,
end_task=,name=dopotrf,elapsed_seconds=0.139623,predicted_seconds=0.000000,time_percent_error=100.000000,nthreads=11,end_time=174481.705327,avg_power_W=120.333333,max_power_W=122.000000,avg_time_s=0.139623,released_listeners=1,
start_task=,name=trsmprofile,tick=107,start_time=174481.705367,nthreads=11,
message=tick stats,tick=107,estimated_current_power=0.000000,
end_task=,name=trsmprofile,elapsed_seconds=0.568020,predicted_seconds=0.000000,time_percent_error=100.000000,nthreads=11,end_time=174482.274095,avg_power_W=124.545455,max_power_W=126.000000,avg_time_s=0.094670,released_listeners=1,
start_task=,name=dotrsm,tick=108,start_time=174482.274136,nthreads=11,
message=tick stats,tick=108,estimated_current_power=0.000000,
end_task=,name=dotrsm,elapsed_seconds=0.088335,predicted_seconds=0.000000,time_percent_error=100.000000,nthreads=11,end_time=174482.363156,avg_power_W=125.000000,max_power_W=126.000000,avg_time_s=0.088335,released_listeners=1,
start_task=,name=syrkprofile,tick=109,start_time=174482.363196,nthreads=11,
message=tick stats,tick=109,estimated_current_power=0.000000,
end_task=,name=syrkprofile,elapsed_seconds=0.585448,predicted_seconds=0.000000,time_percent_error=100.000000,nthreads=11,end_time=174482.952755,avg_power_W=121.416667,max_power_W=126.000000,avg_time_s=0.195149,released_listeners=1,
start_task=,name=dosyrk,tick=110,start_time=174482.952799,nthreads=11,
message=tick stats,tick=110,estimated_current_power=0.000000,
end_task=,name=dosyrk,elapsed_seconds=0.208167,predicted_seconds=0.000000,time_percent_error=100.000000,nthreads=11,end_time=174483.161769,avg_power_W=119.250000,max_power_W=121.000000,avg_time_s=0.208167,released_listeners=1,
start_task=,name=potrfprofile,tick=111,start_time=174483.161810,nthreads=11,
message=tick stats,tick=111,estimated_current_power=0.000000,
end_task=,name=potrfprofile,elapsed_seconds=0.545324,predicted_seconds=0.000000,time_percent_error=100.000000,nthreads=11,end_time=174483.707906,avg_power_W=120.454545,max_power_W=122.000000,avg_time_s=0.136331,released_listeners=1,
start_task=,name=dopotrf,tick=112,start_time=174483.707947,nthreads=11,
message=tick stats,tick=112,estimated_current_power=0.000000,
end_task=,name=dopotrf,elapsed_seconds=0.141150,predicted_seconds=0.000000,time_percent_error=100.000000,nthreads=11,end_time=174483.852570,avg_power_W=120.333333,max_power_W=121.000000,avg_time_s=0.141150,released_listeners=0,
est_max_power=0.000000,
average_power_W=120.333333,
max_power_W=121.000000,
time_s=41.167597,
message=ALL DONE,
