message=cataloging configuration,max_threads=51,power_limit=inf,
start_task=,name=potrfprofile,tick=1,start_time=197365.369831,nthreads=51,
message=tick stats,tick=1,estimated_current_power=0.000000,
end_task=,name=potrfprofile,elapsed_seconds=0.571521,predicted_seconds=0.000000,time_percent_error=100.000000,nthreads=51,end_time=197365.942188,avg_power_W=164.272727,max_power_W=170.000000,avg_time_s=0.095253,released_listeners=1,
start_task=,name=dopotrf,tick=2,start_time=197365.942253,nthreads=51,
message=tick stats,tick=2,estimated_current_power=0.000000,
end_task=,name=dopotrf,elapsed_seconds=0.083195,predicted_seconds=0.000000,time_percent_error=100.000000,nthreads=51,end_time=197366.035672,avg_power_W=155.000000,max_power_W=160.000000,avg_time_s=0.083195,released_listeners=5,
start_task=,name=trsmprofile,tick=3,start_time=197366.035730,nthreads=51,
message=tick stats,tick=3,estimated_current_power=0.000000,
end_task=,name=trsmprofile,elapsed_seconds=0.537280,predicted_seconds=0.000000,time_percent_error=100.000000,nthreads=51,end_time=197366.585999,avg_power_W=167.363636,max_power_W=174.000000,avg_time_s=0.035819,released_listeners=1,
start_task=,name=trsmprofile,tick=4,start_time=197366.586057,nthreads=51,
message=tick stats,tick=4,estimated_current_power=0.000000,
end_task=,name=trsmprofile,elapsed_seconds=0.534582,predicted_seconds=0.000000,time_percent_error=100.000000,nthreads=51,end_time=197367.135828,avg_power_W=168.545455,max_power_W=172.000000,avg_time_s=0.035639,released_listeners=1,
start_task=,name=trsmprofile,tick=5,start_time=197367.135886,nthreads=51,
message=tick stats,tick=5,estimated_current_power=0.000000,
end_task=,name=trsmprofile,elapsed_seconds=0.507865,predicted_seconds=0.000000,time_percent_error=100.000000,nthreads=51,end_time=197367.644267,avg_power_W=167.700000,max_power_W=171.000000,avg_time_s=0.036276,released_listeners=1,
start_task=,name=trsmprofile,tick=6,start_time=197367.644321,nthreads=51,
message=tick stats,tick=6,estimated_current_power=0.000000,
end_task=,name=trsmprofile,elapsed_seconds=0.531892,predicted_seconds=0.000000,time_percent_error=100.000000,nthreads=51,end_time=197368.185703,avg_power_W=168.000000,max_power_W=171.000000,avg_time_s=0.035459,released_listeners=1,
start_task=,name=trsmprofile,tick=7,start_time=197368.185760,nthreads=51,
message=tick stats,tick=7,estimated_current_power=0.000000,
end_task=,name=trsmprofile,elapsed_seconds=0.510160,predicted_seconds=0.000000,time_percent_error=100.000000,nthreads=51,end_time=197368.696461,avg_power_W=168.100000,max_power_W=171.000000,avg_time_s=0.036440,released_listeners=1,
start_task=,name=dotrsm,tick=8,start_time=197368.696515,nthreads=51,
message=tick stats,tick=8,estimated_current_power=0.000000,
end_task=,name=dotrsm,elapsed_seconds=0.037326,predicted_seconds=0.000000,time_percent_error=100.000000,nthreads=51,end_time=197368.736022,avg_power_W=167.000000,max_power_W=167.000000,avg_time_s=0.037326,released_listeners=5,
start_task=,name=dotrsm,tick=9,start_time=197368.736085,nthreads=51,
message=tick stats,tick=9,estimated_current_power=0.000000,
end_task=,name=dotrsm,elapsed_seconds=0.037168,predicted_seconds=0.000000,time_percent_error=100.000000,nthreads=51,end_time=197368.785989,avg_power_W=166.000000,max_power_W=166.000000,avg_time_s=0.037168,released_listeners=5,
start_task=,name=dotrsm,tick=10,start_time=197368.786048,nthreads=51,
message=tick stats,tick=10,estimated_current_power=0.000000,
end_task=,name=dotrsm,elapsed_seconds=0.038588,predicted_seconds=0.000000,time_percent_error=100.000000,nthreads=51,end_time=197368.835770,avg_power_W=162.000000,max_power_W=162.000000,avg_time_s=0.038588,released_listeners=5,
start_task=,name=dotrsm,tick=11,start_time=197368.835829,nthreads=51,
message=tick stats,tick=11,estimated_current_power=0.000000,
end_task=,name=dotrsm,elapsed_seconds=0.036823,predicted_seconds=0.000000,time_percent_error=100.000000,nthreads=51,end_time=197368.885772,avg_power_W=148.000000,max_power_W=148.000000,avg_time_s=0.036823,released_listeners=5,
start_task=,name=dotrsm,tick=12,start_time=197368.885831,nthreads=51,
message=tick stats,tick=12,estimated_current_power=0.000000,
end_task=,name=dotrsm,elapsed_seconds=0.037502,predicted_seconds=0.000000,time_percent_error=100.000000,nthreads=51,end_time=197368.935598,avg_power_W=154.000000,max_power_W=154.000000,avg_time_s=0.037502,released_listeners=5,
start_task=,name=syrkprofile,tick=13,start_time=197368.935657,nthreads=51,
message=tick stats,tick=13,estimated_current_power=0.000000,
end_task=,name=syrkprofile,elapsed_seconds=0.557789,predicted_seconds=0.000000,time_percent_error=100.000000,nthreads=51,end_time=197369.494821,avg_power_W=158.090909,max_power_W=163.000000,avg_time_s=0.061977,released_listeners=1,
start_task=,name=gemmprofile,tick=14,start_time=197369.494876,nthreads=51,
message=tick stats,tick=14,estimated_current_power=0.000000,
end_task=,name=gemmprofile,elapsed_seconds=0.545201,predicted_seconds=0.000000,time_percent_error=100.000000,nthreads=51,end_time=197370.040653,avg_power_W=164.090909,max_power_W=173.000000,avg_time_s=0.054520,released_listeners=1,
start_task=,name=syrkprofile,tick=15,start_time=197370.040708,nthreads=51,
message=tick stats,tick=15,estimated_current_power=0.000000,
end_task=,name=syrkprofile,elapsed_seconds=0.550896,predicted_seconds=0.000000,time_percent_error=100.000000,nthreads=51,end_time=197370.592313,avg_power_W=160.090909,max_power_W=176.000000,avg_time_s=0.061211,released_listeners=1,
start_task=,name=gemmprofile,tick=16,start_time=197370.592378,nthreads=51,
message=tick stats,tick=16,estimated_current_power=0.000000,
end_task=,name=gemmprofile,elapsed_seconds=0.535863,predicted_seconds=0.000000,time_percent_error=100.000000,nthreads=51,end_time=197371.135791,avg_power_W=163.545455,max_power_W=171.000000,avg_time_s=0.053586,released_listeners=1,
start_task=,name=gemmprofile,tick=17,start_time=197371.135849,nthreads=51,
message=tick stats,tick=17,estimated_current_power=0.000000,
end_task=,name=gemmprofile,elapsed_seconds=0.527572,predicted_seconds=0.000000,time_percent_error=100.000000,nthreads=51,end_time=197371.664111,avg_power_W=166.100000,max_power_W=175.000000,avg_time_s=0.052757,released_listeners=1,
start_task=,name=syrkprofile,tick=18,start_time=197371.664166,nthreads=51,
message=tick stats,tick=18,estimated_current_power=0.000000,
end_task=,name=syrkprofile,elapsed_seconds=0.547090,predicted_seconds=0.000000,time_percent_error=100.000000,nthreads=51,end_time=197372.211923,avg_power_W=160.272727,max_power_W=173.000000,avg_time_s=0.060788,released_listeners=1,
start_task=,name=gemmprofile,tick=19,start_time=197372.211978,nthreads=51,
message=tick stats,tick=19,estimated_current_power=0.000000,
end_task=,name=gemmprofile,elapsed_seconds=0.534833,predicted_seconds=0.000000,time_percent_error=100.000000,nthreads=51,end_time=197372.747344,avg_power_W=167.727273,max_power_W=176.000000,avg_time_s=0.053483,released_listeners=1,
start_task=,name=gemmprofile,tick=20,start_time=197372.747400,nthreads=51,
message=tick stats,tick=20,estimated_current_power=0.000000,
end_task=,name=gemmprofile,elapsed_seconds=0.530242,predicted_seconds=0.000000,time_percent_error=100.000000,nthreads=51,end_time=197373.285859,avg_power_W=165.909091,max_power_W=172.000000,avg_time_s=0.053024,released_listeners=1,
start_task=,name=gemmprofile,tick=21,start_time=197373.285917,nthreads=51,
message=tick stats,tick=21,estimated_current_power=0.000000,
end_task=,name=gemmprofile,elapsed_seconds=0.531531,predicted_seconds=0.000000,time_percent_error=100.000000,nthreads=51,end_time=197373.817943,avg_power_W=169.200000,max_power_W=177.000000,avg_time_s=0.053153,released_listeners=1,
start_task=,name=syrkprofile,tick=22,start_time=197373.817998,nthreads=51,
message=tick stats,tick=22,estimated_current_power=0.000000,
end_task=,name=syrkprofile,elapsed_seconds=0.553833,predicted_seconds=0.000000,time_percent_error=100.000000,nthreads=51,end_time=197374.386506,avg_power_W=159.666667,max_power_W=176.000000,avg_time_s=0.061537,released_listeners=1,
start_task=,name=gemmprofile,tick=23,start_time=197374.386565,nthreads=51,
message=tick stats,tick=23,estimated_current_power=0.000000,
end_task=,name=gemmprofile,elapsed_seconds=0.551097,predicted_seconds=0.000000,time_percent_error=100.000000,nthreads=51,end_time=197374.938281,avg_power_W=161.727273,max_power_W=168.000000,avg_time_s=0.055110,released_listeners=1,
start_task=,name=gemmprofile,tick=24,start_time=197374.938336,nthreads=51,
message=tick stats,tick=24,estimated_current_power=0.000000,
end_task=,name=gemmprofile,elapsed_seconds=0.529825,predicted_seconds=0.000000,time_percent_error=100.000000,nthreads=51,end_time=197375.468905,avg_power_W=166.600000,max_power_W=178.000000,avg_time_s=0.052982,released_listeners=1,
start_task=,name=gemmprofile,tick=25,start_time=197375.468961,nthreads=51,
message=tick stats,tick=25,estimated_current_power=0.000000,
end_task=,name=gemmprofile,elapsed_seconds=0.531291,predicted_seconds=0.000000,time_percent_error=100.000000,nthreads=51,end_time=197376.000823,avg_power_W=170.272727,max_power_W=177.000000,avg_time_s=0.053129,released_listeners=1,
start_task=,name=gemmprofile,tick=26,start_time=197376.000880,nthreads=51,
message=tick stats,tick=26,estimated_current_power=0.000000,
end_task=,name=gemmprofile,elapsed_seconds=0.530726,predicted_seconds=0.000000,time_percent_error=100.000000,nthreads=51,end_time=197376.535721,avg_power_W=166.363636,max_power_W=174.000000,avg_time_s=0.053073,released_listeners=1,
start_task=,name=syrkprofile,tick=27,start_time=197376.535780,nthreads=51,
message=tick stats,tick=27,estimated_current_power=0.000000,
end_task=,name=syrkprofile,elapsed_seconds=0.545416,predicted_seconds=0.000000,time_percent_error=100.000000,nthreads=51,end_time=197377.086235,avg_power_W=159.636364,max_power_W=166.000000,avg_time_s=0.060602,released_listeners=1,
start_task=,name=dosyrk,tick=28,start_time=197377.086294,nthreads=51,
message=tick stats,tick=28,estimated_current_power=0.000000,
end_task=,name=dosyrk,elapsed_seconds=0.089918,predicted_seconds=0.000000,time_percent_error=100.000000,nthreads=51,end_time=197377.186100,avg_power_W=152.000000,max_power_W=159.000000,avg_time_s=0.089918,released_listeners=1,
start_task=,name=dogemm,tick=29,start_time=197377.186158,nthreads=51,
message=tick stats,tick=29,estimated_current_power=0.000000,
end_task=,name=dogemm,elapsed_seconds=0.081183,predicted_seconds=0.000000,time_percent_error=100.000000,nthreads=51,end_time=197377.268039,avg_power_W=153.000000,max_power_W=153.000000,avg_time_s=0.081183,released_listeners=1,
start_task=,name=dosyrk,tick=30,start_time=197377.268094,nthreads=51,
message=tick stats,tick=30,estimated_current_power=0.000000,
end_task=,name=dosyrk,elapsed_seconds=0.088700,predicted_seconds=0.000000,time_percent_error=100.000000,nthreads=51,end_time=197377.357519,avg_power_W=150.500000,max_power_W=160.000000,avg_time_s=0.088700,released_listeners=1,
start_task=,name=dogemm,tick=31,start_time=197377.357575,nthreads=51,
message=tick stats,tick=31,estimated_current_power=0.000000,
end_task=,name=dogemm,elapsed_seconds=0.080626,predicted_seconds=0.000000,time_percent_error=100.000000,nthreads=51,end_time=197377.438953,avg_power_W=153.000000,max_power_W=154.000000,avg_time_s=0.080626,released_listeners=1,
start_task=,name=dogemm,tick=32,start_time=197377.439008,nthreads=51,
message=tick stats,tick=32,estimated_current_power=0.000000,
end_task=,name=dogemm,elapsed_seconds=0.076518,predicted_seconds=0.000000,time_percent_error=100.000000,nthreads=51,end_time=197377.516270,avg_power_W=143.000000,max_power_W=143.000000,avg_time_s=0.076518,released_listeners=0,
start_task=,name=dosyrk,tick=33,start_time=197377.516324,nthreads=51,
message=tick stats,tick=33,estimated_current_power=0.000000,
end_task=,name=dosyrk,elapsed_seconds=0.091429,predicted_seconds=0.000000,time_percent_error=100.000000,nthreads=51,end_time=197377.608506,avg_power_W=165.000000,max_power_W=167.000000,avg_time_s=0.091429,released_listeners=1,
start_task=,name=dogemm,tick=34,start_time=197377.608561,nthreads=51,
message=tick stats,tick=34,estimated_current_power=0.000000,
end_task=,name=dogemm,elapsed_seconds=0.078587,predicted_seconds=0.000000,time_percent_error=100.000000,nthreads=51,end_time=197377.687884,avg_power_W=151.500000,max_power_W=152.000000,avg_time_s=0.078587,released_listeners=1,
start_task=,name=dogemm,tick=35,start_time=197377.687945,nthreads=51,
message=tick stats,tick=35,estimated_current_power=0.000000,
end_task=,name=dogemm,elapsed_seconds=0.079551,predicted_seconds=0.000000,time_percent_error=100.000000,nthreads=51,end_time=197377.768229,avg_power_W=141.000000,max_power_W=141.000000,avg_time_s=0.079551,released_listeners=0,
start_task=,name=dogemm,tick=36,start_time=197377.768283,nthreads=51,
message=tick stats,tick=36,estimated_current_power=0.000000,
end_task=,name=dogemm,elapsed_seconds=0.076324,predicted_seconds=0.000000,time_percent_error=100.000000,nthreads=51,end_time=197377.845251,avg_power_W=160.000000,max_power_W=161.000000,avg_time_s=0.076324,released_listeners=0,
start_task=,name=dosyrk,tick=37,start_time=197377.845305,nthreads=51,
message=tick stats,tick=37,estimated_current_power=0.000000,
end_task=,name=dosyrk,elapsed_seconds=0.089371,predicted_seconds=0.000000,time_percent_error=100.000000,nthreads=51,end_time=197377.936217,avg_power_W=154.000000,max_power_W=161.000000,avg_time_s=0.089371,released_listeners=1,
start_task=,name=dogemm,tick=38,start_time=197377.936282,nthreads=51,
message=tick stats,tick=38,estimated_current_power=0.000000,
end_task=,name=dogemm,elapsed_seconds=0.082146,predicted_seconds=0.000000,time_percent_error=100.000000,nthreads=51,end_time=197378.019017,avg_power_W=157.000000,max_power_W=157.000000,avg_time_s=0.082146,released_listeners=1,
start_task=,name=dogemm,tick=39,start_time=197378.019072,nthreads=51,
message=tick stats,tick=39,estimated_current_power=0.000000,
end_task=,name=dogemm,elapsed_seconds=0.078742,predicted_seconds=0.000000,time_percent_error=100.000000,nthreads=51,end_time=197378.098401,avg_power_W=155.500000,max_power_W=164.000000,avg_time_s=0.078742,released_listeners=0,
start_task=,name=dogemm,tick=40,start_time=197378.098455,nthreads=51,
message=tick stats,tick=40,estimated_current_power=0.000000,
end_task=,name=dogemm,elapsed_seconds=0.080544,predicted_seconds=0.000000,time_percent_error=100.000000,nthreads=51,end_time=197378.186114,avg_power_W=160.500000,max_power_W=175.000000,avg_time_s=0.080544,released_listeners=0,
start_task=,name=dogemm,tick=41,start_time=197378.186172,nthreads=51,
message=tick stats,tick=41,estimated_current_power=0.000000,
end_task=,name=dogemm,elapsed_seconds=0.078458,predicted_seconds=0.000000,time_percent_error=100.000000,nthreads=51,end_time=197378.265326,avg_power_W=158.000000,max_power_W=158.000000,avg_time_s=0.078458,released_listeners=0,
start_task=,name=dosyrk,tick=42,start_time=197378.265380,nthreads=51,
message=tick stats,tick=42,estimated_current_power=0.000000,
end_task=,name=dosyrk,elapsed_seconds=0.098697,predicted_seconds=0.000000,time_percent_error=100.000000,nthreads=51,end_time=197378.364809,avg_power_W=165.500000,max_power_W=172.000000,avg_time_s=0.098697,released_listeners=1,
start_task=,name=potrfprofile,tick=43,start_time=197378.364864,nthreads=51,
message=tick stats,tick=43,estimated_current_power=0.000000,
end_task=,name=potrfprofile,elapsed_seconds=0.524974,predicted_seconds=0.000000,time_percent_error=100.000000,nthreads=51,end_time=197378.890455,avg_power_W=153.727273,max_power_W=159.000000,avg_time_s=0.052497,released_listeners=1,
start_task=,name=dopotrf,tick=44,start_time=197378.890510,nthreads=51,
message=tick stats,tick=44,estimated_current_power=0.000000,
end_task=,name=dopotrf,elapsed_seconds=0.072522,predicted_seconds=0.000000,time_percent_error=100.000000,nthreads=51,end_time=197378.964658,avg_power_W=154.000000,max_power_W=154.000000,avg_time_s=0.072522,released_listeners=4,
start_task=,name=trsmprofile,tick=45,start_time=197378.964714,nthreads=51,
message=tick stats,tick=45,estimated_current_power=0.000000,
end_task=,name=trsmprofile,elapsed_seconds=0.509677,predicted_seconds=0.000000,time_percent_error=100.000000,nthreads=51,end_time=197379.486103,avg_power_W=163.636364,max_power_W=170.000000,avg_time_s=0.036406,released_listeners=1,
start_task=,name=trsmprofile,tick=46,start_time=197379.486170,nthreads=51,
message=tick stats,tick=46,estimated_current_power=0.000000,
end_task=,name=trsmprofile,elapsed_seconds=0.509756,predicted_seconds=0.000000,time_percent_error=100.000000,nthreads=51,end_time=197379.996641,avg_power_W=165.200000,max_power_W=170.000000,avg_time_s=0.036411,released_listeners=1,
start_task=,name=trsmprofile,tick=47,start_time=197379.996696,nthreads=51,
message=tick stats,tick=47,estimated_current_power=0.000000,
end_task=,name=trsmprofile,elapsed_seconds=0.527027,predicted_seconds=0.000000,time_percent_error=100.000000,nthreads=51,end_time=197380.536593,avg_power_W=167.272727,max_power_W=171.000000,avg_time_s=0.035135,released_listeners=1,
start_task=,name=trsmprofile,tick=48,start_time=197380.536652,nthreads=51,
message=tick stats,tick=48,estimated_current_power=0.000000,
end_task=,name=trsmprofile,elapsed_seconds=0.511838,predicted_seconds=0.000000,time_percent_error=100.000000,nthreads=51,end_time=197381.049109,avg_power_W=164.500000,max_power_W=169.000000,avg_time_s=0.036560,released_listeners=1,
start_task=,name=dotrsm,tick=49,start_time=197381.049175,nthreads=51,
message=tick stats,tick=49,estimated_current_power=0.000000,
end_task=,name=dotrsm,elapsed_seconds=0.037244,predicted_seconds=0.000000,time_percent_error=100.000000,nthreads=51,end_time=197381.087327,avg_power_W=170.000000,max_power_W=170.000000,avg_time_s=0.037244,released_listeners=4,
start_task=,name=dotrsm,tick=50,start_time=197381.087383,nthreads=51,
message=tick stats,tick=50,estimated_current_power=0.000000,
end_task=,name=dotrsm,elapsed_seconds=0.037515,predicted_seconds=0.000000,time_percent_error=100.000000,nthreads=51,end_time=197381.136548,avg_power_W=167.000000,max_power_W=167.000000,avg_time_s=0.037515,released_listeners=4,
start_task=,name=dotrsm,tick=51,start_time=197381.136609,nthreads=51,
message=tick stats,tick=51,estimated_current_power=0.000000,
end_task=,name=dotrsm,elapsed_seconds=0.037451,predicted_seconds=0.000000,time_percent_error=100.000000,nthreads=51,end_time=197381.186671,avg_power_W=161.000000,max_power_W=161.000000,avg_time_s=0.037451,released_listeners=4,
start_task=,name=dotrsm,tick=52,start_time=197381.186731,nthreads=51,
message=tick stats,tick=52,estimated_current_power=0.000000,
end_task=,name=dotrsm,elapsed_seconds=0.035975,predicted_seconds=0.000000,time_percent_error=100.000000,nthreads=51,end_time=197381.236071,avg_power_W=157.000000,max_power_W=157.000000,avg_time_s=0.035975,released_listeners=4,
start_task=,name=syrkprofile,tick=53,start_time=197381.236131,nthreads=51,
message=tick stats,tick=53,estimated_current_power=0.000000,
end_task=,name=syrkprofile,elapsed_seconds=0.555088,predicted_seconds=0.000000,time_percent_error=100.000000,nthreads=51,end_time=197381.792051,avg_power_W=156.000000,max_power_W=163.000000,avg_time_s=0.061676,released_listeners=1,
start_task=,name=gemmprofile,tick=54,start_time=197381.792106,nthreads=51,
message=tick stats,tick=54,estimated_current_power=0.000000,
end_task=,name=gemmprofile,elapsed_seconds=0.523076,predicted_seconds=0.000000,time_percent_error=100.000000,nthreads=51,end_time=197382.315791,avg_power_W=164.400000,max_power_W=174.000000,avg_time_s=0.052308,released_listeners=1,
start_task=,name=syrkprofile,tick=55,start_time=197382.315846,nthreads=51,
message=tick stats,tick=55,estimated_current_power=0.000000,
end_task=,name=syrkprofile,elapsed_seconds=0.558903,predicted_seconds=0.000000,time_percent_error=100.000000,nthreads=51,end_time=197382.886324,avg_power_W=159.333333,max_power_W=173.000000,avg_time_s=0.062100,released_listeners=1,
start_task=,name=gemmprofile,tick=56,start_time=197382.886384,nthreads=51,
message=tick stats,tick=56,estimated_current_power=0.000000,
end_task=,name=gemmprofile,elapsed_seconds=0.544417,predicted_seconds=0.000000,time_percent_error=100.000000,nthreads=51,end_time=197383.436329,avg_power_W=161.454545,max_power_W=171.000000,avg_time_s=0.054442,released_listeners=1,
start_task=,name=gemmprofile,tick=57,start_time=197383.436388,nthreads=51,
message=tick stats,tick=57,estimated_current_power=0.000000,
end_task=,name=gemmprofile,elapsed_seconds=0.528698,predicted_seconds=0.000000,time_percent_error=100.000000,nthreads=51,end_time=197383.965710,avg_power_W=164.800000,max_power_W=174.000000,avg_time_s=0.052870,released_listeners=1,
start_task=,name=syrkprofile,tick=58,start_time=197383.965766,nthreads=51,
message=tick stats,tick=58,estimated_current_power=0.000000,
end_task=,name=syrkprofile,elapsed_seconds=0.546537,predicted_seconds=0.000000,time_percent_error=100.000000,nthreads=51,end_time=197384.513019,avg_power_W=159.909091,max_power_W=175.000000,avg_time_s=0.060726,released_listeners=1,
start_task=,name=gemmprofile,tick=59,start_time=197384.513075,nthreads=51,
message=tick stats,tick=59,estimated_current_power=0.000000,
end_task=,name=gemmprofile,elapsed_seconds=0.535217,predicted_seconds=0.000000,time_percent_error=100.000000,nthreads=51,end_time=197385.048862,avg_power_W=167.454545,max_power_W=177.000000,avg_time_s=0.053522,released_listeners=1,
start_task=,name=gemmprofile,tick=60,start_time=197385.048917,nthreads=51,
message=tick stats,tick=60,estimated_current_power=0.000000,
end_task=,name=gemmprofile,elapsed_seconds=0.535662,predicted_seconds=0.000000,time_percent_error=100.000000,nthreads=51,end_time=197385.586356,avg_power_W=166.909091,max_power_W=176.000000,avg_time_s=0.053566,released_listeners=1,
start_task=,name=gemmprofile,tick=61,start_time=197385.586415,nthreads=51,
message=tick stats,tick=61,estimated_current_power=0.000000,
end_task=,name=gemmprofile,elapsed_seconds=0.540636,predicted_seconds=0.000000,time_percent_error=100.000000,nthreads=51,end_time=197386.136235,avg_power_W=166.727273,max_power_W=176.000000,avg_time_s=0.054064,released_listeners=1,
start_task=,name=syrkprofile,tick=62,start_time=197386.136307,nthreads=51,
message=tick stats,tick=62,estimated_current_power=0.000000,
end_task=,name=syrkprofile,elapsed_seconds=0.561719,predicted_seconds=0.000000,time_percent_error=100.000000,nthreads=51,end_time=197386.698908,avg_power_W=158.000000,max_power_W=165.000000,avg_time_s=0.062413,released_listeners=1,
start_task=,name=dosyrk,tick=63,start_time=197386.698963,nthreads=51,
message=tick stats,tick=63,estimated_current_power=0.000000,
end_task=,name=dosyrk,elapsed_seconds=0.094669,predicted_seconds=0.000000,time_percent_error=100.000000,nthreads=51,end_time=197386.794672,avg_power_W=154.500000,max_power_W=156.000000,avg_time_s=0.094669,released_listeners=1,
start_task=,name=dogemm,tick=64,start_time=197386.794727,nthreads=51,
message=tick stats,tick=64,estimated_current_power=0.000000,
end_task=,name=dogemm,elapsed_seconds=0.080668,predicted_seconds=0.000000,time_percent_error=100.000000,nthreads=51,end_time=197386.886351,avg_power_W=151.500000,max_power_W=152.000000,avg_time_s=0.080668,released_listeners=1,
start_task=,name=dosyrk,tick=65,start_time=197386.886410,nthreads=51,
message=tick stats,tick=65,estimated_current_power=0.000000,
end_task=,name=dosyrk,elapsed_seconds=0.096925,predicted_seconds=0.000000,time_percent_error=100.000000,nthreads=51,end_time=197386.985853,avg_power_W=155.500000,max_power_W=162.000000,avg_time_s=0.096925,released_listeners=1,
start_task=,name=dogemm,tick=66,start_time=197386.985912,nthreads=51,
message=tick stats,tick=66,estimated_current_power=0.000000,
end_task=,name=dogemm,elapsed_seconds=0.081294,predicted_seconds=0.000000,time_percent_error=100.000000,nthreads=51,end_time=197387.067821,avg_power_W=150.000000,max_power_W=150.000000,avg_time_s=0.081294,released_listeners=1,
start_task=,name=dogemm,tick=67,start_time=197387.067876,nthreads=51,
message=tick stats,tick=67,estimated_current_power=0.000000,
end_task=,name=dogemm,elapsed_seconds=0.082176,predicted_seconds=0.000000,time_percent_error=100.000000,nthreads=51,end_time=197387.150666,avg_power_W=153.500000,max_power_W=160.000000,avg_time_s=0.082176,released_listeners=0,
start_task=,name=dosyrk,tick=68,start_time=197387.150721,nthreads=51,
message=tick stats,tick=68,estimated_current_power=0.000000,
end_task=,name=dosyrk,elapsed_seconds=0.095562,predicted_seconds=0.000000,time_percent_error=100.000000,nthreads=51,end_time=197387.246967,avg_power_W=156.500000,max_power_W=167.000000,avg_time_s=0.095562,released_listeners=1,
start_task=,name=dogemm,tick=69,start_time=197387.247029,nthreads=51,
message=tick stats,tick=69,estimated_current_power=0.000000,
end_task=,name=dogemm,elapsed_seconds=0.085842,predicted_seconds=0.000000,time_percent_error=100.000000,nthreads=51,end_time=197387.336648,avg_power_W=152.000000,max_power_W=153.000000,avg_time_s=0.085842,released_listeners=1,
start_task=,name=dogemm,tick=70,start_time=197387.336707,nthreads=51,
message=tick stats,tick=70,estimated_current_power=0.000000,
end_task=,name=dogemm,elapsed_seconds=0.081169,predicted_seconds=0.000000,time_percent_error=100.000000,nthreads=51,end_time=197387.418487,avg_power_W=149.000000,max_power_W=149.000000,avg_time_s=0.081169,released_listeners=0,
start_task=,name=dogemm,tick=71,start_time=197387.418542,nthreads=51,
message=tick stats,tick=71,estimated_current_power=0.000000,
end_task=,name=dogemm,elapsed_seconds=0.085339,predicted_seconds=0.000000,time_percent_error=100.000000,nthreads=51,end_time=197387.505251,avg_power_W=166.000000,max_power_W=176.000000,avg_time_s=0.085339,released_listeners=0,
start_task=,name=dosyrk,tick=72,start_time=197387.505305,nthreads=51,
message=tick stats,tick=72,estimated_current_power=0.000000,
end_task=,name=dosyrk,elapsed_seconds=0.095724,predicted_seconds=0.000000,time_percent_error=100.000000,nthreads=51,end_time=197387.601805,avg_power_W=158.000000,max_power_W=168.000000,avg_time_s=0.095724,released_listeners=1,
start_task=,name=potrfprofile,tick=73,start_time=197387.601861,nthreads=51,
message=tick stats,tick=73,estimated_current_power=0.000000,
end_task=,name=potrfprofile,elapsed_seconds=0.522892,predicted_seconds=0.000000,time_percent_error=100.000000,nthreads=51,end_time=197388.136286,avg_power_W=153.636364,max_power_W=158.000000,avg_time_s=0.052289,released_listeners=1,
start_task=,name=dopotrf,tick=74,start_time=197388.136346,nthreads=51,
message=tick stats,tick=74,estimated_current_power=0.000000,
end_task=,name=dopotrf,elapsed_seconds=0.072262,predicted_seconds=0.000000,time_percent_error=100.000000,nthreads=51,end_time=197388.209313,avg_power_W=155.000000,max_power_W=155.000000,avg_time_s=0.072262,released_listeners=3,
start_task=,name=trsmprofile,tick=75,start_time=197388.209369,nthreads=51,
message=tick stats,tick=75,estimated_current_power=0.000000,
end_task=,name=trsmprofile,elapsed_seconds=0.528899,predicted_seconds=0.000000,time_percent_error=100.000000,nthreads=51,end_time=197388.739016,avg_power_W=164.636364,max_power_W=170.000000,avg_time_s=0.035260,released_listeners=1,
start_task=,name=trsmprofile,tick=76,start_time=197388.739072,nthreads=51,
message=tick stats,tick=76,estimated_current_power=0.000000,
end_task=,name=trsmprofile,elapsed_seconds=0.537441,predicted_seconds=0.000000,time_percent_error=100.000000,nthreads=51,end_time=197389.286971,avg_power_W=167.181818,max_power_W=170.000000,avg_time_s=0.035829,released_listeners=1,
start_task=,name=trsmprofile,tick=77,start_time=197389.287031,nthreads=51,
message=tick stats,tick=77,estimated_current_power=0.000000,
end_task=,name=trsmprofile,elapsed_seconds=0.530426,predicted_seconds=0.000000,time_percent_error=100.000000,nthreads=51,end_time=197389.818218,avg_power_W=165.800000,max_power_W=171.000000,avg_time_s=0.035362,released_listeners=1,
start_task=,name=dotrsm,tick=78,start_time=197389.818275,nthreads=51,
message=tick stats,tick=78,estimated_current_power=0.000000,
end_task=,name=dotrsm,elapsed_seconds=0.037664,predicted_seconds=0.000000,time_percent_error=100.000000,nthreads=51,end_time=197389.856728,avg_power_W=168.000000,max_power_W=168.000000,avg_time_s=0.037664,released_listeners=3,
start_task=,name=dotrsm,tick=79,start_time=197389.856785,nthreads=51,
message=tick stats,tick=79,estimated_current_power=0.000000,
end_task=,name=dotrsm,elapsed_seconds=0.039303,predicted_seconds=0.000000,time_percent_error=100.000000,nthreads=51,end_time=197389.896810,avg_power_W=168.000000,max_power_W=168.000000,avg_time_s=0.039303,released_listeners=3,
start_task=,name=dotrsm,tick=80,start_time=197389.896872,nthreads=51,
message=tick stats,tick=80,estimated_current_power=0.000000,
end_task=,name=dotrsm,elapsed_seconds=0.037260,predicted_seconds=0.000000,time_percent_error=100.000000,nthreads=51,end_time=197389.936569,avg_power_W=160.000000,max_power_W=160.000000,avg_time_s=0.037260,released_listeners=3,
start_task=,name=syrkprofile,tick=81,start_time=197389.936628,nthreads=51,
message=tick stats,tick=81,estimated_current_power=0.000000,
end_task=,name=syrkprofile,elapsed_seconds=0.508026,predicted_seconds=0.000000,time_percent_error=100.000000,nthreads=51,end_time=197390.445323,avg_power_W=157.700000,max_power_W=163.000000,avg_time_s=0.063503,released_listeners=1,
start_task=,name=gemmprofile,tick=82,start_time=197390.445379,nthreads=51,
message=tick stats,tick=82,estimated_current_power=0.000000,
end_task=,name=gemmprofile,elapsed_seconds=0.542516,predicted_seconds=0.000000,time_percent_error=100.000000,nthreads=51,end_time=197390.988505,avg_power_W=161.454545,max_power_W=170.000000,avg_time_s=0.054252,released_listeners=1,
start_task=,name=syrkprofile,tick=83,start_time=197390.988560,nthreads=51,
message=tick stats,tick=83,estimated_current_power=0.000000,
end_task=,name=syrkprofile,elapsed_seconds=0.508907,predicted_seconds=0.000000,time_percent_error=100.000000,nthreads=51,end_time=197391.498095,avg_power_W=158.800000,max_power_W=161.000000,avg_time_s=0.063613,released_listeners=1,
start_task=,name=gemmprofile,tick=84,start_time=197391.498162,nthreads=51,
message=tick stats,tick=84,estimated_current_power=0.000000,
end_task=,name=gemmprofile,elapsed_seconds=0.547487,predicted_seconds=0.000000,time_percent_error=100.000000,nthreads=51,end_time=197392.046448,avg_power_W=161.545455,max_power_W=170.000000,avg_time_s=0.054749,released_listeners=1,
start_task=,name=gemmprofile,tick=85,start_time=197392.046503,nthreads=51,
message=tick stats,tick=85,estimated_current_power=0.000000,
end_task=,name=gemmprofile,elapsed_seconds=0.547787,predicted_seconds=0.000000,time_percent_error=100.000000,nthreads=51,end_time=197392.594996,avg_power_W=165.000000,max_power_W=175.000000,avg_time_s=0.054779,released_listeners=1,
start_task=,name=syrkprofile,tick=86,start_time=197392.595052,nthreads=51,
message=tick stats,tick=86,estimated_current_power=0.000000,
end_task=,name=syrkprofile,elapsed_seconds=0.506454,predicted_seconds=0.000000,time_percent_error=100.000000,nthreads=51,end_time=197393.102188,avg_power_W=158.800000,max_power_W=171.000000,avg_time_s=0.063307,released_listeners=1,
start_task=,name=dosyrk,tick=87,start_time=197393.102247,nthreads=51,
message=tick stats,tick=87,estimated_current_power=0.000000,
end_task=,name=dosyrk,elapsed_seconds=0.092569,predicted_seconds=0.000000,time_percent_error=100.000000,nthreads=51,end_time=197393.195511,avg_power_W=157.000000,max_power_W=158.000000,avg_time_s=0.092569,released_listeners=1,
start_task=,name=dogemm,tick=88,start_time=197393.195566,nthreads=51,
message=tick stats,tick=88,estimated_current_power=0.000000,
end_task=,name=dogemm,elapsed_seconds=0.082878,predicted_seconds=0.000000,time_percent_error=100.000000,nthreads=51,end_time=197393.286826,avg_power_W=151.500000,max_power_W=152.000000,avg_time_s=0.082878,released_listeners=1,
start_task=,name=dosyrk,tick=89,start_time=197393.286886,nthreads=51,
message=tick stats,tick=89,estimated_current_power=0.000000,
end_task=,name=dosyrk,elapsed_seconds=0.092070,predicted_seconds=0.000000,time_percent_error=100.000000,nthreads=51,end_time=197393.387023,avg_power_W=149.000000,max_power_W=149.000000,avg_time_s=0.092070,released_listeners=1,
start_task=,name=dogemm,tick=90,start_time=197393.387083,nthreads=51,
message=tick stats,tick=90,estimated_current_power=0.000000,
end_task=,name=dogemm,elapsed_seconds=0.081754,predicted_seconds=0.000000,time_percent_error=100.000000,nthreads=51,end_time=197393.469527,avg_power_W=151.000000,max_power_W=151.000000,avg_time_s=0.081754,released_listeners=1,
start_task=,name=dogemm,tick=91,start_time=197393.469583,nthreads=51,
message=tick stats,tick=91,estimated_current_power=0.000000,
end_task=,name=dogemm,elapsed_seconds=0.079829,predicted_seconds=0.000000,time_percent_error=100.000000,nthreads=51,end_time=197393.550133,avg_power_W=150.500000,max_power_W=160.000000,avg_time_s=0.079829,released_listeners=0,
start_task=,name=dosyrk,tick=92,start_time=197393.550187,nthreads=51,
message=tick stats,tick=92,estimated_current_power=0.000000,
end_task=,name=dosyrk,elapsed_seconds=0.094396,predicted_seconds=0.000000,time_percent_error=100.000000,nthreads=51,end_time=197393.645361,avg_power_W=151.500000,max_power_W=159.000000,avg_time_s=0.094396,released_listeners=1,
start_task=,name=potrfprofile,tick=93,start_time=197393.645417,nthreads=51,
message=tick stats,tick=93,estimated_current_power=0.000000,
end_task=,name=potrfprofile,elapsed_seconds=0.521115,predicted_seconds=0.000000,time_percent_error=100.000000,nthreads=51,end_time=197394.167069,avg_power_W=153.200000,max_power_W=156.000000,avg_time_s=0.052112,released_listeners=1,
start_task=,name=dopotrf,tick=94,start_time=197394.167124,nthreads=51,
message=tick stats,tick=94,estimated_current_power=0.000000,
end_task=,name=dopotrf,elapsed_seconds=0.071607,predicted_seconds=0.000000,time_percent_error=100.000000,nthreads=51,end_time=197394.239365,avg_power_W=155.000000,max_power_W=156.000000,avg_time_s=0.071607,released_listeners=2,
start_task=,name=trsmprofile,tick=95,start_time=197394.239420,nthreads=51,
message=tick stats,tick=95,estimated_current_power=0.000000,
end_task=,name=trsmprofile,elapsed_seconds=0.538219,predicted_seconds=0.000000,time_percent_error=100.000000,nthreads=51,end_time=197394.786337,avg_power_W=163.181818,max_power_W=169.000000,avg_time_s=0.035881,released_listeners=1,
start_task=,name=trsmprofile,tick=96,start_time=197394.786396,nthreads=51,
message=tick stats,tick=96,estimated_current_power=0.000000,
end_task=,name=trsmprofile,elapsed_seconds=0.514631,predicted_seconds=0.000000,time_percent_error=100.000000,nthreads=51,end_time=197395.301654,avg_power_W=164.900000,max_power_W=169.000000,avg_time_s=0.036759,released_listeners=1,
start_task=,name=dotrsm,tick=97,start_time=197395.301712,nthreads=51,
message=tick stats,tick=97,estimated_current_power=0.000000,
end_task=,name=dotrsm,elapsed_seconds=0.038438,predicted_seconds=0.000000,time_percent_error=100.000000,nthreads=51,end_time=197395.340835,avg_power_W=166.000000,max_power_W=166.000000,avg_time_s=0.038438,released_listeners=2,
start_task=,name=dotrsm,tick=98,start_time=197395.340891,nthreads=51,
message=tick stats,tick=98,estimated_current_power=0.000000,
end_task=,name=dotrsm,elapsed_seconds=0.037979,predicted_seconds=0.000000,time_percent_error=100.000000,nthreads=51,end_time=197395.388084,avg_power_W=166.000000,max_power_W=166.000000,avg_time_s=0.037979,released_listeners=2,
start_task=,name=syrkprofile,tick=99,start_time=197395.388144,nthreads=51,
message=tick stats,tick=99,estimated_current_power=0.000000,
end_task=,name=syrkprofile,elapsed_seconds=0.513598,predicted_seconds=0.000000,time_percent_error=100.000000,nthreads=51,end_time=197395.902485,avg_power_W=156.000000,max_power_W=162.000000,avg_time_s=0.064200,released_listeners=1,
start_task=,name=gemmprofile,tick=100,start_time=197395.902541,nthreads=51,
message=tick stats,tick=100,estimated_current_power=0.000000,
end_task=,name=gemmprofile,elapsed_seconds=0.554739,predicted_seconds=0.000000,time_percent_error=100.000000,nthreads=51,end_time=197396.457881,avg_power_W=164.818182,max_power_W=175.000000,avg_time_s=0.055474,released_listeners=1,
start_task=,name=syrkprofile,tick=101,start_time=197396.457936,nthreads=51,
message=tick stats,tick=101,estimated_current_power=0.000000,
end_task=,name=syrkprofile,elapsed_seconds=0.508669,predicted_seconds=0.000000,time_percent_error=100.000000,nthreads=51,end_time=197396.967341,avg_power_W=158.700000,max_power_W=172.000000,avg_time_s=0.063584,released_listeners=1,
start_task=,name=dosyrk,tick=102,start_time=197396.967399,nthreads=51,
message=tick stats,tick=102,estimated_current_power=0.000000,
end_task=,name=dosyrk,elapsed_seconds=0.093547,predicted_seconds=0.000000,time_percent_error=100.000000,nthreads=51,end_time=197397.061719,avg_power_W=160.500000,max_power_W=161.000000,avg_time_s=0.093547,released_listeners=1,
start_task=,name=dogemm,tick=103,start_time=197397.061778,nthreads=51,
message=tick stats,tick=103,estimated_current_power=0.000000,
end_task=,name=dogemm,elapsed_seconds=0.082579,predicted_seconds=0.000000,time_percent_error=100.000000,nthreads=51,end_time=197397.145011,avg_power_W=148.000000,max_power_W=153.000000,avg_time_s=0.082579,released_listeners=1,
start_task=,name=dosyrk,tick=104,start_time=197397.145068,nthreads=51,
message=tick stats,tick=104,estimated_current_power=0.000000,
end_task=,name=dosyrk,elapsed_seconds=0.092482,predicted_seconds=0.000000,time_percent_error=100.000000,nthreads=51,end_time=197397.238226,avg_power_W=153.000000,max_power_W=163.000000,avg_time_s=0.092482,released_listeners=1,
start_task=,name=potrfprofile,tick=105,start_time=197397.238283,nthreads=51,
message=tick stats,tick=105,estimated_current_power=0.000000,
end_task=,name=potrfprofile,elapsed_seconds=0.524663,predicted_seconds=0.000000,time_percent_error=100.000000,nthreads=51,end_time=197397.764429,avg_power_W=154.000000,max_power_W=157.000000,avg_time_s=0.052466,released_listeners=1,
start_task=,name=dopotrf,tick=106,start_time=197397.764486,nthreads=51,
message=tick stats,tick=106,estimated_current_power=0.000000,
end_task=,name=dopotrf,elapsed_seconds=0.073122,predicted_seconds=0.000000,time_percent_error=100.000000,nthreads=51,end_time=197397.838370,avg_power_W=157.000000,max_power_W=158.000000,avg_time_s=0.073122,released_listeners=1,
start_task=,name=trsmprofile,tick=107,start_time=197397.838426,nthreads=51,
message=tick stats,tick=107,estimated_current_power=0.000000,
end_task=,name=trsmprofile,elapsed_seconds=0.537518,predicted_seconds=0.000000,time_percent_error=100.000000,nthreads=51,end_time=197398.386668,avg_power_W=164.454545,max_power_W=168.000000,avg_time_s=0.035835,released_listeners=1,
start_task=,name=dotrsm,tick=108,start_time=197398.386729,nthreads=51,
message=tick stats,tick=108,estimated_current_power=0.000000,
end_task=,name=dotrsm,elapsed_seconds=0.037809,predicted_seconds=0.000000,time_percent_error=100.000000,nthreads=51,end_time=197398.436658,avg_power_W=166.000000,max_power_W=166.000000,avg_time_s=0.037809,released_listeners=1,
start_task=,name=syrkprofile,tick=109,start_time=197398.436718,nthreads=51,
message=tick stats,tick=109,estimated_current_power=0.000000,
end_task=,name=syrkprofile,elapsed_seconds=0.507279,predicted_seconds=0.000000,time_percent_error=100.000000,nthreads=51,end_time=197398.944771,avg_power_W=155.200000,max_power_W=161.000000,avg_time_s=0.063410,released_listeners=1,
start_task=,name=dosyrk,tick=110,start_time=197398.944828,nthreads=51,
message=tick stats,tick=110,estimated_current_power=0.000000,
end_task=,name=dosyrk,elapsed_seconds=0.093012,predicted_seconds=0.000000,time_percent_error=100.000000,nthreads=51,end_time=197399.038578,avg_power_W=152.500000,max_power_W=155.000000,avg_time_s=0.093012,released_listeners=1,
start_task=,name=potrfprofile,tick=111,start_time=197399.038635,nthreads=51,
message=tick stats,tick=111,estimated_current_power=0.000000,
end_task=,name=potrfprofile,elapsed_seconds=0.531865,predicted_seconds=0.000000,time_percent_error=100.000000,nthreads=51,end_time=197399.587168,avg_power_W=154.454545,max_power_W=158.000000,avg_time_s=0.053186,released_listeners=1,
start_task=,name=dopotrf,tick=112,start_time=197399.587241,nthreads=51,
message=tick stats,tick=112,estimated_current_power=0.000000,
end_task=,name=dopotrf,elapsed_seconds=0.079240,predicted_seconds=0.000000,time_percent_error=100.000000,nthreads=51,end_time=197399.667255,avg_power_W=156.000000,max_power_W=156.000000,avg_time_s=0.079240,released_listeners=0,
est_max_power=0.000000,
average_power_W=156.000000,
max_power_W=156.000000,
time_s=34.297485,
message=ALL DONE,
