message=cataloging configuration,max_threads=72,power_limit=inf,
start_task=,name=potrfprofile,tick=1,start_time=177643.694636,nthreads=72,
message=tick stats,tick=1,estimated_current_power=0.000000,
end_task=,name=potrfprofile,elapsed_seconds=0.590261,predicted_seconds=0.000000,time_percent_error=100.000000,nthreads=72,end_time=177644.286186,avg_power_W=155.727273,max_power_W=159.000000,avg_time_s=0.147565,released_listeners=1,
start_task=,name=dopotrf,tick=2,start_time=177644.286255,nthreads=72,
message=tick stats,tick=2,estimated_current_power=0.000000,
end_task=,name=dopotrf,elapsed_seconds=0.089940,predicted_seconds=0.000000,time_percent_error=100.000000,nthreads=72,end_time=177644.376860,avg_power_W=146.500000,max_power_W=157.000000,avg_time_s=0.089940,released_listeners=5,
start_task=,name=trsmprofile,tick=3,start_time=177644.376922,nthreads=72,
message=tick stats,tick=3,estimated_current_power=0.000000,
end_task=,name=trsmprofile,elapsed_seconds=0.541366,predicted_seconds=0.000000,time_percent_error=100.000000,nthreads=72,end_time=177644.919937,avg_power_W=164.090909,max_power_W=170.000000,avg_time_s=0.038669,released_listeners=1,
start_task=,name=trsmprofile,tick=4,start_time=177644.919997,nthreads=72,
message=tick stats,tick=4,estimated_current_power=0.000000,
end_task=,name=trsmprofile,elapsed_seconds=0.520237,predicted_seconds=0.000000,time_percent_error=100.000000,nthreads=72,end_time=177645.440826,avg_power_W=165.800000,max_power_W=169.000000,avg_time_s=0.037160,released_listeners=1,
start_task=,name=trsmprofile,tick=5,start_time=177645.440887,nthreads=72,
message=tick stats,tick=5,estimated_current_power=0.000000,
end_task=,name=trsmprofile,elapsed_seconds=0.516098,predicted_seconds=0.000000,time_percent_error=100.000000,nthreads=72,end_time=177645.961858,avg_power_W=164.454545,max_power_W=168.000000,avg_time_s=0.039700,released_listeners=1,
start_task=,name=trsmprofile,tick=6,start_time=177645.961923,nthreads=72,
message=tick stats,tick=6,estimated_current_power=0.000000,
end_task=,name=trsmprofile,elapsed_seconds=0.508295,predicted_seconds=0.000000,time_percent_error=100.000000,nthreads=72,end_time=177646.470802,avg_power_W=165.100000,max_power_W=169.000000,avg_time_s=0.036307,released_listeners=1,
start_task=,name=trsmprofile,tick=7,start_time=177646.470863,nthreads=72,
message=tick stats,tick=7,estimated_current_power=0.000000,
end_task=,name=trsmprofile,elapsed_seconds=0.516214,predicted_seconds=0.000000,time_percent_error=100.000000,nthreads=72,end_time=177646.987748,avg_power_W=165.800000,max_power_W=170.000000,avg_time_s=0.036872,released_listeners=1,
start_task=,name=dotrsm,tick=8,start_time=177646.987809,nthreads=72,
message=tick stats,tick=8,estimated_current_power=0.000000,
end_task=,name=dotrsm,elapsed_seconds=0.049358,predicted_seconds=0.000000,time_percent_error=100.000000,nthreads=72,end_time=177647.037826,avg_power_W=167.000000,max_power_W=167.000000,avg_time_s=0.049358,released_listeners=5,
start_task=,name=dotrsm,tick=9,start_time=177647.037893,nthreads=72,
message=tick stats,tick=9,estimated_current_power=0.000000,
end_task=,name=dotrsm,elapsed_seconds=0.047838,predicted_seconds=0.000000,time_percent_error=100.000000,nthreads=72,end_time=177647.087252,avg_power_W=147.000000,max_power_W=147.000000,avg_time_s=0.047838,released_listeners=5,
start_task=,name=dotrsm,tick=10,start_time=177647.087314,nthreads=72,
message=tick stats,tick=10,estimated_current_power=0.000000,
end_task=,name=dotrsm,elapsed_seconds=0.047818,predicted_seconds=0.000000,time_percent_error=100.000000,nthreads=72,end_time=177647.136696,avg_power_W=156.000000,max_power_W=156.000000,avg_time_s=0.047818,released_listeners=5,
start_task=,name=dotrsm,tick=11,start_time=177647.136758,nthreads=72,
message=tick stats,tick=11,estimated_current_power=0.000000,
end_task=,name=dotrsm,elapsed_seconds=0.049500,predicted_seconds=0.000000,time_percent_error=100.000000,nthreads=72,end_time=177647.187819,avg_power_W=146.000000,max_power_W=146.000000,avg_time_s=0.049500,released_listeners=5,
start_task=,name=dotrsm,tick=12,start_time=177647.187882,nthreads=72,
message=tick stats,tick=12,estimated_current_power=0.000000,
end_task=,name=dotrsm,elapsed_seconds=0.046565,predicted_seconds=0.000000,time_percent_error=100.000000,nthreads=72,end_time=177647.235999,avg_power_W=151.000000,max_power_W=151.000000,avg_time_s=0.046565,released_listeners=5,
start_task=,name=syrkprofile,tick=13,start_time=177647.236062,nthreads=72,
message=tick stats,tick=13,estimated_current_power=0.000000,
end_task=,name=syrkprofile,elapsed_seconds=0.524552,predicted_seconds=0.000000,time_percent_error=100.000000,nthreads=72,end_time=177647.761528,avg_power_W=159.363636,max_power_W=173.000000,avg_time_s=0.058284,released_listeners=1,
start_task=,name=gemmprofile,tick=14,start_time=177647.761594,nthreads=72,
message=tick stats,tick=14,estimated_current_power=0.000000,
end_task=,name=gemmprofile,elapsed_seconds=0.526563,predicted_seconds=0.000000,time_percent_error=100.000000,nthreads=72,end_time=177648.288829,avg_power_W=167.500000,max_power_W=175.000000,avg_time_s=0.043880,released_listeners=1,
start_task=,name=syrkprofile,tick=15,start_time=177648.288890,nthreads=72,
message=tick stats,tick=15,estimated_current_power=0.000000,
end_task=,name=syrkprofile,elapsed_seconds=0.532798,predicted_seconds=0.000000,time_percent_error=100.000000,nthreads=72,end_time=177648.822268,avg_power_W=167.727273,max_power_W=176.000000,avg_time_s=0.053280,released_listeners=1,
start_task=,name=gemmprofile,tick=16,start_time=177648.822332,nthreads=72,
message=tick stats,tick=16,estimated_current_power=0.000000,
end_task=,name=gemmprofile,elapsed_seconds=0.530258,predicted_seconds=0.000000,time_percent_error=100.000000,nthreads=72,end_time=177649.361648,avg_power_W=169.272727,max_power_W=176.000000,avg_time_s=0.044188,released_listeners=1,
start_task=,name=gemmprofile,tick=17,start_time=177649.361713,nthreads=72,
message=tick stats,tick=17,estimated_current_power=0.000000,
end_task=,name=gemmprofile,elapsed_seconds=0.533854,predicted_seconds=0.000000,time_percent_error=100.000000,nthreads=72,end_time=177649.911608,avg_power_W=166.909091,max_power_W=176.000000,avg_time_s=0.044488,released_listeners=1,
start_task=,name=syrkprofile,tick=18,start_time=177649.911674,nthreads=72,
message=tick stats,tick=18,estimated_current_power=0.000000,
end_task=,name=syrkprofile,elapsed_seconds=0.550351,predicted_seconds=0.000000,time_percent_error=100.000000,nthreads=72,end_time=177650.462636,avg_power_W=165.000000,max_power_W=174.000000,avg_time_s=0.050032,released_listeners=1,
start_task=,name=gemmprofile,tick=19,start_time=177650.462698,nthreads=72,
message=tick stats,tick=19,estimated_current_power=0.000000,
end_task=,name=gemmprofile,elapsed_seconds=0.534233,predicted_seconds=0.000000,time_percent_error=100.000000,nthreads=72,end_time=177651.011797,avg_power_W=165.181818,max_power_W=175.000000,avg_time_s=0.048567,released_listeners=1,
start_task=,name=gemmprofile,tick=20,start_time=177651.011862,nthreads=72,
message=tick stats,tick=20,estimated_current_power=0.000000,
end_task=,name=gemmprofile,elapsed_seconds=0.533901,predicted_seconds=0.000000,time_percent_error=100.000000,nthreads=72,end_time=177651.561659,avg_power_W=166.090909,max_power_W=174.000000,avg_time_s=0.044492,released_listeners=1,
start_task=,name=gemmprofile,tick=21,start_time=177651.561725,nthreads=72,
message=tick stats,tick=21,estimated_current_power=0.000000,
end_task=,name=gemmprofile,elapsed_seconds=0.532332,predicted_seconds=0.000000,time_percent_error=100.000000,nthreads=72,end_time=177652.111678,avg_power_W=164.181818,max_power_W=175.000000,avg_time_s=0.048394,released_listeners=1,
start_task=,name=syrkprofile,tick=22,start_time=177652.111744,nthreads=72,
message=tick stats,tick=22,estimated_current_power=0.000000,
end_task=,name=syrkprofile,elapsed_seconds=0.532253,predicted_seconds=0.000000,time_percent_error=100.000000,nthreads=72,end_time=177652.661944,avg_power_W=165.090909,max_power_W=176.000000,avg_time_s=0.048387,released_listeners=1,
start_task=,name=gemmprofile,tick=23,start_time=177652.662010,nthreads=72,
message=tick stats,tick=23,estimated_current_power=0.000000,
end_task=,name=gemmprofile,elapsed_seconds=0.521014,predicted_seconds=0.000000,time_percent_error=100.000000,nthreads=72,end_time=177653.183772,avg_power_W=166.800000,max_power_W=176.000000,avg_time_s=0.043418,released_listeners=1,
start_task=,name=gemmprofile,tick=24,start_time=177653.183834,nthreads=72,
message=tick stats,tick=24,estimated_current_power=0.000000,
end_task=,name=gemmprofile,elapsed_seconds=0.526808,predicted_seconds=0.000000,time_percent_error=100.000000,nthreads=72,end_time=177653.711787,avg_power_W=172.272727,max_power_W=177.000000,avg_time_s=0.040524,released_listeners=1,
start_task=,name=gemmprofile,tick=25,start_time=177653.711853,nthreads=72,
message=tick stats,tick=25,estimated_current_power=0.000000,
end_task=,name=gemmprofile,elapsed_seconds=0.529101,predicted_seconds=0.000000,time_percent_error=100.000000,nthreads=72,end_time=177654.241981,avg_power_W=169.800000,max_power_W=179.000000,avg_time_s=0.040700,released_listeners=1,
start_task=,name=gemmprofile,tick=26,start_time=177654.242057,nthreads=72,
message=tick stats,tick=26,estimated_current_power=0.000000,
end_task=,name=gemmprofile,elapsed_seconds=0.518730,predicted_seconds=0.000000,time_percent_error=100.000000,nthreads=72,end_time=177654.761681,avg_power_W=169.363636,max_power_W=177.000000,avg_time_s=0.043227,released_listeners=1,
start_task=,name=syrkprofile,tick=27,start_time=177654.761747,nthreads=72,
message=tick stats,tick=27,estimated_current_power=0.000000,
end_task=,name=syrkprofile,elapsed_seconds=0.508622,predicted_seconds=0.000000,time_percent_error=100.000000,nthreads=72,end_time=177655.271078,avg_power_W=168.200000,max_power_W=177.000000,avg_time_s=0.050862,released_listeners=1,
start_task=,name=dosyrk,tick=28,start_time=177655.271141,nthreads=72,
message=tick stats,tick=28,estimated_current_power=0.000000,
end_task=,name=dosyrk,elapsed_seconds=0.101450,predicted_seconds=0.000000,time_percent_error=100.000000,nthreads=72,end_time=177655.373275,avg_power_W=156.500000,max_power_W=170.000000,avg_time_s=0.101450,released_listeners=1,
start_task=,name=dogemm,tick=29,start_time=177655.373337,nthreads=72,
message=tick stats,tick=29,estimated_current_power=0.000000,
end_task=,name=dogemm,elapsed_seconds=0.072501,predicted_seconds=0.000000,time_percent_error=100.000000,nthreads=72,end_time=177655.461768,avg_power_W=152.500000,max_power_W=164.000000,avg_time_s=0.072501,released_listeners=1,
start_task=,name=dosyrk,tick=30,start_time=177655.461834,nthreads=72,
message=tick stats,tick=30,estimated_current_power=0.000000,
end_task=,name=dosyrk,elapsed_seconds=0.106756,predicted_seconds=0.000000,time_percent_error=100.000000,nthreads=72,end_time=177655.569143,avg_power_W=149.000000,max_power_W=156.000000,avg_time_s=0.106756,released_listeners=1,
start_task=,name=dogemm,tick=31,start_time=177655.569206,nthreads=72,
message=tick stats,tick=31,estimated_current_power=0.000000,
end_task=,name=dogemm,elapsed_seconds=0.081926,predicted_seconds=0.000000,time_percent_error=100.000000,nthreads=72,end_time=177655.661690,avg_power_W=157.500000,max_power_W=171.000000,avg_time_s=0.081926,released_listeners=1,
start_task=,name=dogemm,tick=32,start_time=177655.661756,nthreads=72,
message=tick stats,tick=32,estimated_current_power=0.000000,
end_task=,name=dogemm,elapsed_seconds=0.081627,predicted_seconds=0.000000,time_percent_error=100.000000,nthreads=72,end_time=177655.743946,avg_power_W=172.000000,max_power_W=172.000000,avg_time_s=0.081627,released_listeners=0,
start_task=,name=dosyrk,tick=33,start_time=177655.744007,nthreads=72,
message=tick stats,tick=33,estimated_current_power=0.000000,
end_task=,name=dosyrk,elapsed_seconds=0.103419,predicted_seconds=0.000000,time_percent_error=100.000000,nthreads=72,end_time=177655.861587,avg_power_W=150.333333,max_power_W=162.000000,avg_time_s=0.103419,released_listeners=1,
start_task=,name=dogemm,tick=34,start_time=177655.861654,nthreads=72,
message=tick stats,tick=34,estimated_current_power=0.000000,
end_task=,name=dogemm,elapsed_seconds=0.079891,predicted_seconds=0.000000,time_percent_error=100.000000,nthreads=72,end_time=177655.942329,avg_power_W=154.000000,max_power_W=154.000000,avg_time_s=0.079891,released_listeners=1,
start_task=,name=dogemm,tick=35,start_time=177655.942398,nthreads=72,
message=tick stats,tick=35,estimated_current_power=0.000000,
end_task=,name=dogemm,elapsed_seconds=0.074943,predicted_seconds=0.000000,time_percent_error=100.000000,nthreads=72,end_time=177656.018941,avg_power_W=154.500000,max_power_W=164.000000,avg_time_s=0.074943,released_listeners=0,
start_task=,name=dogemm,tick=36,start_time=177656.019003,nthreads=72,
message=tick stats,tick=36,estimated_current_power=0.000000,
end_task=,name=dogemm,elapsed_seconds=0.074960,predicted_seconds=0.000000,time_percent_error=100.000000,nthreads=72,end_time=177656.111724,avg_power_W=159.000000,max_power_W=169.000000,avg_time_s=0.074960,released_listeners=0,
start_task=,name=dosyrk,tick=37,start_time=177656.111789,nthreads=72,
message=tick stats,tick=37,estimated_current_power=0.000000,
end_task=,name=dosyrk,elapsed_seconds=0.097883,predicted_seconds=0.000000,time_percent_error=100.000000,nthreads=72,end_time=177656.212024,avg_power_W=148.500000,max_power_W=153.000000,avg_time_s=0.097883,released_listeners=1,
start_task=,name=dogemm,tick=38,start_time=177656.212090,nthreads=72,
message=tick stats,tick=38,estimated_current_power=0.000000,
end_task=,name=dogemm,elapsed_seconds=0.074250,predicted_seconds=0.000000,time_percent_error=100.000000,nthreads=72,end_time=177656.287020,avg_power_W=170.000000,max_power_W=170.000000,avg_time_s=0.074250,released_listeners=1,
start_task=,name=dogemm,tick=39,start_time=177656.287082,nthreads=72,
message=tick stats,tick=39,estimated_current_power=0.000000,
end_task=,name=dogemm,elapsed_seconds=0.074155,predicted_seconds=0.000000,time_percent_error=100.000000,nthreads=72,end_time=177656.361886,avg_power_W=151.000000,max_power_W=151.000000,avg_time_s=0.074155,released_listeners=0,
start_task=,name=dogemm,tick=40,start_time=177656.361952,nthreads=72,
message=tick stats,tick=40,estimated_current_power=0.000000,
end_task=,name=dogemm,elapsed_seconds=0.074814,predicted_seconds=0.000000,time_percent_error=100.000000,nthreads=72,end_time=177656.437533,avg_power_W=168.000000,max_power_W=168.000000,avg_time_s=0.074814,released_listeners=0,
start_task=,name=dogemm,tick=41,start_time=177656.437595,nthreads=72,
message=tick stats,tick=41,estimated_current_power=0.000000,
end_task=,name=dogemm,elapsed_seconds=0.073815,predicted_seconds=0.000000,time_percent_error=100.000000,nthreads=72,end_time=177656.512318,avg_power_W=144.000000,max_power_W=145.000000,avg_time_s=0.073815,released_listeners=0,
start_task=,name=dosyrk,tick=42,start_time=177656.512383,nthreads=72,
message=tick stats,tick=42,estimated_current_power=0.000000,
end_task=,name=dosyrk,elapsed_seconds=0.105024,predicted_seconds=0.000000,time_percent_error=100.000000,nthreads=72,end_time=177656.617924,avg_power_W=154.500000,max_power_W=167.000000,avg_time_s=0.105024,released_listeners=1,
start_task=,name=potrfprofile,tick=43,start_time=177656.617987,nthreads=72,
message=tick stats,tick=43,estimated_current_power=0.000000,
end_task=,name=potrfprofile,elapsed_seconds=0.516641,predicted_seconds=0.000000,time_percent_error=100.000000,nthreads=72,end_time=177657.136216,avg_power_W=155.200000,max_power_W=166.000000,avg_time_s=0.064580,released_listeners=1,
start_task=,name=dopotrf,tick=44,start_time=177657.136281,nthreads=72,
message=tick stats,tick=44,estimated_current_power=0.000000,
end_task=,name=dopotrf,elapsed_seconds=0.085969,predicted_seconds=0.000000,time_percent_error=100.000000,nthreads=72,end_time=177657.223884,avg_power_W=148.000000,max_power_W=157.000000,avg_time_s=0.085969,released_listeners=4,
start_task=,name=trsmprofile,tick=45,start_time=177657.223946,nthreads=72,
message=tick stats,tick=45,estimated_current_power=0.000000,
end_task=,name=trsmprofile,elapsed_seconds=0.520035,predicted_seconds=0.000000,time_percent_error=100.000000,nthreads=72,end_time=177657.761646,avg_power_W=163.727273,max_power_W=168.000000,avg_time_s=0.037145,released_listeners=1,
start_task=,name=trsmprofile,tick=46,start_time=177657.761720,nthreads=72,
message=tick stats,tick=46,estimated_current_power=0.000000,
end_task=,name=trsmprofile,elapsed_seconds=0.531072,predicted_seconds=0.000000,time_percent_error=100.000000,nthreads=72,end_time=177658.293633,avg_power_W=163.500000,max_power_W=169.000000,avg_time_s=0.037934,released_listeners=1,
start_task=,name=trsmprofile,tick=47,start_time=177658.293695,nthreads=72,
message=tick stats,tick=47,estimated_current_power=0.000000,
end_task=,name=trsmprofile,elapsed_seconds=0.538575,predicted_seconds=0.000000,time_percent_error=100.000000,nthreads=72,end_time=177658.833087,avg_power_W=166.363636,max_power_W=168.000000,avg_time_s=0.035905,released_listeners=1,
start_task=,name=trsmprofile,tick=48,start_time=177658.833149,nthreads=72,
message=tick stats,tick=48,estimated_current_power=0.000000,
end_task=,name=trsmprofile,elapsed_seconds=0.512405,predicted_seconds=0.000000,time_percent_error=100.000000,nthreads=72,end_time=177659.362448,avg_power_W=164.727273,max_power_W=169.000000,avg_time_s=0.036600,released_listeners=1,
start_task=,name=dotrsm,tick=49,start_time=177659.362529,nthreads=72,
message=tick stats,tick=49,estimated_current_power=0.000000,
end_task=,name=dotrsm,elapsed_seconds=0.044980,predicted_seconds=0.000000,time_percent_error=100.000000,nthreads=72,end_time=177659.412577,avg_power_W=157.000000,max_power_W=157.000000,avg_time_s=0.044980,released_listeners=4,
start_task=,name=dotrsm,tick=50,start_time=177659.412645,nthreads=72,
message=tick stats,tick=50,estimated_current_power=0.000000,
end_task=,name=dotrsm,elapsed_seconds=0.048181,predicted_seconds=0.000000,time_percent_error=100.000000,nthreads=72,end_time=177659.463504,avg_power_W=162.000000,max_power_W=162.000000,avg_time_s=0.048181,released_listeners=4,
start_task=,name=dotrsm,tick=51,start_time=177659.463572,nthreads=72,
message=tick stats,tick=51,estimated_current_power=0.000000,
end_task=,name=dotrsm,elapsed_seconds=0.049699,predicted_seconds=0.000000,time_percent_error=100.000000,nthreads=72,end_time=177659.513912,avg_power_W=154.000000,max_power_W=154.000000,avg_time_s=0.049699,released_listeners=4,
start_task=,name=dotrsm,tick=52,start_time=177659.513984,nthreads=72,
message=tick stats,tick=52,estimated_current_power=0.000000,
end_task=,name=dotrsm,elapsed_seconds=0.048917,predicted_seconds=0.000000,time_percent_error=100.000000,nthreads=72,end_time=177659.563526,avg_power_W=160.000000,max_power_W=160.000000,avg_time_s=0.048917,released_listeners=4,
start_task=,name=syrkprofile,tick=53,start_time=177659.563590,nthreads=72,
message=tick stats,tick=53,estimated_current_power=0.000000,
end_task=,name=syrkprofile,elapsed_seconds=0.524919,predicted_seconds=0.000000,time_percent_error=100.000000,nthreads=72,end_time=177660.090133,avg_power_W=167.000000,max_power_W=177.000000,avg_time_s=0.047720,released_listeners=1,
start_task=,name=gemmprofile,tick=54,start_time=177660.090195,nthreads=72,
message=tick stats,tick=54,estimated_current_power=0.000000,
end_task=,name=gemmprofile,elapsed_seconds=0.532710,predicted_seconds=0.000000,time_percent_error=100.000000,nthreads=72,end_time=177660.623589,avg_power_W=171.000000,max_power_W=177.000000,avg_time_s=0.040978,released_listeners=1,
start_task=,name=syrkprofile,tick=55,start_time=177660.623651,nthreads=72,
message=tick stats,tick=55,estimated_current_power=0.000000,
end_task=,name=syrkprofile,elapsed_seconds=0.517730,predicted_seconds=0.000000,time_percent_error=100.000000,nthreads=72,end_time=177661.142157,avg_power_W=167.900000,max_power_W=176.000000,avg_time_s=0.047066,released_listeners=1,
start_task=,name=gemmprofile,tick=56,start_time=177661.142224,nthreads=72,
message=tick stats,tick=56,estimated_current_power=0.000000,
end_task=,name=gemmprofile,elapsed_seconds=0.529645,predicted_seconds=0.000000,time_percent_error=100.000000,nthreads=72,end_time=177661.672542,avg_power_W=170.818182,max_power_W=176.000000,avg_time_s=0.040742,released_listeners=1,
start_task=,name=gemmprofile,tick=57,start_time=177661.672605,nthreads=72,
message=tick stats,tick=57,estimated_current_power=0.000000,
end_task=,name=gemmprofile,elapsed_seconds=0.527004,predicted_seconds=0.000000,time_percent_error=100.000000,nthreads=72,end_time=177662.211830,avg_power_W=172.000000,max_power_W=176.000000,avg_time_s=0.040539,released_listeners=1,
start_task=,name=syrkprofile,tick=58,start_time=177662.211896,nthreads=72,
message=tick stats,tick=58,estimated_current_power=0.000000,
end_task=,name=syrkprofile,elapsed_seconds=0.518594,predicted_seconds=0.000000,time_percent_error=100.000000,nthreads=72,end_time=177662.731092,avg_power_W=168.000000,max_power_W=177.000000,avg_time_s=0.047145,released_listeners=1,
start_task=,name=gemmprofile,tick=59,start_time=177662.731155,nthreads=72,
message=tick stats,tick=59,estimated_current_power=0.000000,
end_task=,name=gemmprofile,elapsed_seconds=0.539356,predicted_seconds=0.000000,time_percent_error=100.000000,nthreads=72,end_time=177663.271270,avg_power_W=171.181818,max_power_W=176.000000,avg_time_s=0.041489,released_listeners=1,
start_task=,name=gemmprofile,tick=60,start_time=177663.271333,nthreads=72,
message=tick stats,tick=60,estimated_current_power=0.000000,
end_task=,name=gemmprofile,elapsed_seconds=0.535965,predicted_seconds=0.000000,time_percent_error=100.000000,nthreads=72,end_time=177663.811934,avg_power_W=169.727273,max_power_W=176.000000,avg_time_s=0.044664,released_listeners=1,
start_task=,name=gemmprofile,tick=61,start_time=177663.812000,nthreads=72,
message=tick stats,tick=61,estimated_current_power=0.000000,
end_task=,name=gemmprofile,elapsed_seconds=0.529948,predicted_seconds=0.000000,time_percent_error=100.000000,nthreads=72,end_time=177664.342784,avg_power_W=167.200000,max_power_W=177.000000,avg_time_s=0.044162,released_listeners=1,
start_task=,name=syrkprofile,tick=62,start_time=177664.342847,nthreads=72,
message=tick stats,tick=62,estimated_current_power=0.000000,
end_task=,name=syrkprofile,elapsed_seconds=0.508902,predicted_seconds=0.000000,time_percent_error=100.000000,nthreads=72,end_time=177664.861676,avg_power_W=167.181818,max_power_W=175.000000,avg_time_s=0.050890,released_listeners=1,
start_task=,name=dosyrk,tick=63,start_time=177664.861745,nthreads=72,
message=tick stats,tick=63,estimated_current_power=0.000000,
end_task=,name=dosyrk,elapsed_seconds=0.099070,predicted_seconds=0.000000,time_percent_error=100.000000,nthreads=72,end_time=177664.961812,avg_power_W=147.500000,max_power_W=154.000000,avg_time_s=0.099070,released_listeners=1,
start_task=,name=dogemm,tick=64,start_time=177664.961880,nthreads=72,
message=tick stats,tick=64,estimated_current_power=0.000000,
end_task=,name=dogemm,elapsed_seconds=0.080333,predicted_seconds=0.000000,time_percent_error=100.000000,nthreads=72,end_time=177665.042936,avg_power_W=164.000000,max_power_W=164.000000,avg_time_s=0.080333,released_listeners=1,
start_task=,name=dosyrk,tick=65,start_time=177665.042999,nthreads=72,
message=tick stats,tick=65,estimated_current_power=0.000000,
end_task=,name=dosyrk,elapsed_seconds=0.099997,predicted_seconds=0.000000,time_percent_error=100.000000,nthreads=72,end_time=177665.143660,avg_power_W=143.000000,max_power_W=144.000000,avg_time_s=0.099997,released_listeners=1,
start_task=,name=dogemm,tick=66,start_time=177665.143724,nthreads=72,
message=tick stats,tick=66,estimated_current_power=0.000000,
end_task=,name=dogemm,elapsed_seconds=0.082591,predicted_seconds=0.000000,time_percent_error=100.000000,nthreads=72,end_time=177665.227151,avg_power_W=147.500000,max_power_W=149.000000,avg_time_s=0.082591,released_listeners=1,
start_task=,name=dogemm,tick=67,start_time=177665.227215,nthreads=72,
message=tick stats,tick=67,estimated_current_power=0.000000,
end_task=,name=dogemm,elapsed_seconds=0.078008,predicted_seconds=0.000000,time_percent_error=100.000000,nthreads=72,end_time=177665.312336,avg_power_W=145.000000,max_power_W=147.000000,avg_time_s=0.078008,released_listeners=0,
start_task=,name=dosyrk,tick=68,start_time=177665.312403,nthreads=72,
message=tick stats,tick=68,estimated_current_power=0.000000,
end_task=,name=dosyrk,elapsed_seconds=0.100217,predicted_seconds=0.000000,time_percent_error=100.000000,nthreads=72,end_time=177665.414074,avg_power_W=151.500000,max_power_W=162.000000,avg_time_s=0.100217,released_listeners=1,
start_task=,name=dogemm,tick=69,start_time=177665.414144,nthreads=72,
message=tick stats,tick=69,estimated_current_power=0.000000,
end_task=,name=dogemm,elapsed_seconds=0.079382,predicted_seconds=0.000000,time_percent_error=100.000000,nthreads=72,end_time=177665.494383,avg_power_W=160.000000,max_power_W=160.000000,avg_time_s=0.079382,released_listeners=1,
start_task=,name=dogemm,tick=70,start_time=177665.494445,nthreads=72,
message=tick stats,tick=70,estimated_current_power=0.000000,
end_task=,name=dogemm,elapsed_seconds=0.081156,predicted_seconds=0.000000,time_percent_error=100.000000,nthreads=72,end_time=177665.576346,avg_power_W=147.000000,max_power_W=147.000000,avg_time_s=0.081156,released_listeners=0,
start_task=,name=dogemm,tick=71,start_time=177665.576410,nthreads=72,
message=tick stats,tick=71,estimated_current_power=0.000000,
end_task=,name=dogemm,elapsed_seconds=0.078276,predicted_seconds=0.000000,time_percent_error=100.000000,nthreads=72,end_time=177665.661734,avg_power_W=152.000000,max_power_W=162.000000,avg_time_s=0.078276,released_listeners=0,
start_task=,name=dosyrk,tick=72,start_time=177665.661800,nthreads=72,
message=tick stats,tick=72,estimated_current_power=0.000000,
end_task=,name=dosyrk,elapsed_seconds=0.104231,predicted_seconds=0.000000,time_percent_error=100.000000,nthreads=72,end_time=177665.766607,avg_power_W=155.500000,max_power_W=170.000000,avg_time_s=0.104231,released_listeners=1,
start_task=,name=potrfprofile,tick=73,start_time=177665.766670,nthreads=72,
message=tick stats,tick=73,estimated_current_power=0.000000,
end_task=,name=potrfprofile,elapsed_seconds=0.523951,predicted_seconds=0.000000,time_percent_error=100.000000,nthreads=72,end_time=177666.291631,avg_power_W=156.700000,max_power_W=168.000000,avg_time_s=0.058217,released_listeners=1,
start_task=,name=dopotrf,tick=74,start_time=177666.291694,nthreads=72,
message=tick stats,tick=74,estimated_current_power=0.000000,
end_task=,name=dopotrf,elapsed_seconds=0.088585,predicted_seconds=0.000000,time_percent_error=100.000000,nthreads=72,end_time=177666.381936,avg_power_W=149.500000,max_power_W=155.000000,avg_time_s=0.088585,released_listeners=3,
start_task=,name=trsmprofile,tick=75,start_time=177666.381999,nthreads=72,
message=tick stats,tick=75,estimated_current_power=0.000000,
end_task=,name=trsmprofile,elapsed_seconds=0.530725,predicted_seconds=0.000000,time_percent_error=100.000000,nthreads=72,end_time=177666.913295,avg_power_W=165.181818,max_power_W=169.000000,avg_time_s=0.035382,released_listeners=1,
start_task=,name=trsmprofile,tick=76,start_time=177666.913358,nthreads=72,
message=tick stats,tick=76,estimated_current_power=0.000000,
end_task=,name=trsmprofile,elapsed_seconds=0.532309,predicted_seconds=0.000000,time_percent_error=100.000000,nthreads=72,end_time=177667.462022,avg_power_W=167.363636,max_power_W=169.000000,avg_time_s=0.035487,released_listeners=1,
start_task=,name=trsmprofile,tick=77,start_time=177667.462088,nthreads=72,
message=tick stats,tick=77,estimated_current_power=0.000000,
end_task=,name=trsmprofile,elapsed_seconds=0.508410,predicted_seconds=0.000000,time_percent_error=100.000000,nthreads=72,end_time=177667.970993,avg_power_W=165.300000,max_power_W=170.000000,avg_time_s=0.036315,released_listeners=1,
start_task=,name=dotrsm,tick=78,start_time=177667.971056,nthreads=72,
message=tick stats,tick=78,estimated_current_power=0.000000,
end_task=,name=dotrsm,elapsed_seconds=0.048623,predicted_seconds=0.000000,time_percent_error=100.000000,nthreads=72,end_time=177668.020407,avg_power_W=166.000000,max_power_W=166.000000,avg_time_s=0.048623,released_listeners=3,
start_task=,name=dotrsm,tick=79,start_time=177668.020471,nthreads=72,
message=tick stats,tick=79,estimated_current_power=0.000000,
end_task=,name=dotrsm,elapsed_seconds=0.050750,predicted_seconds=0.000000,time_percent_error=100.000000,nthreads=72,end_time=177668.072012,avg_power_W=161.000000,max_power_W=161.000000,avg_time_s=0.050750,released_listeners=3,
start_task=,name=dotrsm,tick=80,start_time=177668.072082,nthreads=72,
message=tick stats,tick=80,estimated_current_power=0.000000,
end_task=,name=dotrsm,elapsed_seconds=0.047088,predicted_seconds=0.000000,time_percent_error=100.000000,nthreads=72,end_time=177668.119873,avg_power_W=160.000000,max_power_W=160.000000,avg_time_s=0.047088,released_listeners=3,
start_task=,name=syrkprofile,tick=81,start_time=177668.119937,nthreads=72,
message=tick stats,tick=81,estimated_current_power=0.000000,
end_task=,name=syrkprofile,elapsed_seconds=0.524135,predicted_seconds=0.000000,time_percent_error=100.000000,nthreads=72,end_time=177668.662252,avg_power_W=165.181818,max_power_W=176.000000,avg_time_s=0.052413,released_listeners=1,
start_task=,name=gemmprofile,tick=82,start_time=177668.662319,nthreads=72,
message=tick stats,tick=82,estimated_current_power=0.000000,
end_task=,name=gemmprofile,elapsed_seconds=0.512253,predicted_seconds=0.000000,time_percent_error=100.000000,nthreads=72,end_time=177669.175328,avg_power_W=166.500000,max_power_W=177.000000,avg_time_s=0.042688,released_listeners=1,
start_task=,name=syrkprofile,tick=83,start_time=177669.175391,nthreads=72,
message=tick stats,tick=83,estimated_current_power=0.000000,
end_task=,name=syrkprofile,elapsed_seconds=0.547395,predicted_seconds=0.000000,time_percent_error=100.000000,nthreads=72,end_time=177669.723549,avg_power_W=166.363636,max_power_W=175.000000,avg_time_s=0.049763,released_listeners=1,
start_task=,name=gemmprofile,tick=84,start_time=177669.723612,nthreads=72,
message=tick stats,tick=84,estimated_current_power=0.000000,
end_task=,name=gemmprofile,elapsed_seconds=0.513124,predicted_seconds=0.000000,time_percent_error=100.000000,nthreads=72,end_time=177670.237477,avg_power_W=169.800000,max_power_W=176.000000,avg_time_s=0.042760,released_listeners=1,
start_task=,name=gemmprofile,tick=85,start_time=177670.237554,nthreads=72,
message=tick stats,tick=85,estimated_current_power=0.000000,
end_task=,name=gemmprofile,elapsed_seconds=0.524960,predicted_seconds=0.000000,time_percent_error=100.000000,nthreads=72,end_time=177670.763463,avg_power_W=169.363636,max_power_W=177.000000,avg_time_s=0.043747,released_listeners=1,
start_task=,name=syrkprofile,tick=86,start_time=177670.763527,nthreads=72,
message=tick stats,tick=86,estimated_current_power=0.000000,
end_task=,name=syrkprofile,elapsed_seconds=0.539062,predicted_seconds=0.000000,time_percent_error=100.000000,nthreads=72,end_time=177671.312159,avg_power_W=168.909091,max_power_W=175.000000,avg_time_s=0.049006,released_listeners=1,
start_task=,name=dosyrk,tick=87,start_time=177671.312233,nthreads=72,
message=tick stats,tick=87,estimated_current_power=0.000000,
end_task=,name=dosyrk,elapsed_seconds=0.099071,predicted_seconds=0.000000,time_percent_error=100.000000,nthreads=72,end_time=177671.412013,avg_power_W=146.500000,max_power_W=152.000000,avg_time_s=0.099071,released_listeners=1,
start_task=,name=dogemm,tick=88,start_time=177671.412080,nthreads=72,
message=tick stats,tick=88,estimated_current_power=0.000000,
end_task=,name=dogemm,elapsed_seconds=0.076910,predicted_seconds=0.000000,time_percent_error=100.000000,nthreads=72,end_time=177671.489871,avg_power_W=171.000000,max_power_W=171.000000,avg_time_s=0.076910,released_listeners=1,
start_task=,name=dosyrk,tick=89,start_time=177671.489934,nthreads=72,
message=tick stats,tick=89,estimated_current_power=0.000000,
end_task=,name=dosyrk,elapsed_seconds=0.098938,predicted_seconds=0.000000,time_percent_error=100.000000,nthreads=72,end_time=177671.590456,avg_power_W=154.500000,max_power_W=156.000000,avg_time_s=0.098938,released_listeners=1,
start_task=,name=dogemm,tick=90,start_time=177671.590520,nthreads=72,
message=tick stats,tick=90,estimated_current_power=0.000000,
end_task=,name=dogemm,elapsed_seconds=0.076077,predicted_seconds=0.000000,time_percent_error=100.000000,nthreads=72,end_time=177671.667446,avg_power_W=152.000000,max_power_W=158.000000,avg_time_s=0.076077,released_listeners=1,
start_task=,name=dogemm,tick=91,start_time=177671.667511,nthreads=72,
message=tick stats,tick=91,estimated_current_power=0.000000,
end_task=,name=dogemm,elapsed_seconds=0.075116,predicted_seconds=0.000000,time_percent_error=100.000000,nthreads=72,end_time=177671.743372,avg_power_W=168.000000,max_power_W=168.000000,avg_time_s=0.075116,released_listeners=0,
start_task=,name=dosyrk,tick=92,start_time=177671.743434,nthreads=72,
message=tick stats,tick=92,estimated_current_power=0.000000,
end_task=,name=dosyrk,elapsed_seconds=0.101781,predicted_seconds=0.000000,time_percent_error=100.000000,nthreads=72,end_time=177671.862919,avg_power_W=145.333333,max_power_W=152.000000,avg_time_s=0.101781,released_listeners=1,
start_task=,name=potrfprofile,tick=93,start_time=177671.862986,nthreads=72,
message=tick stats,tick=93,estimated_current_power=0.000000,
end_task=,name=potrfprofile,elapsed_seconds=0.521453,predicted_seconds=0.000000,time_percent_error=100.000000,nthreads=72,end_time=177672.385278,avg_power_W=153.300000,max_power_W=159.000000,avg_time_s=0.057939,released_listeners=1,
start_task=,name=dopotrf,tick=94,start_time=177672.385341,nthreads=72,
message=tick stats,tick=94,estimated_current_power=0.000000,
end_task=,name=dopotrf,elapsed_seconds=0.079919,predicted_seconds=0.000000,time_percent_error=100.000000,nthreads=72,end_time=177672.466088,avg_power_W=148.500000,max_power_W=153.000000,avg_time_s=0.079919,released_listeners=2,
start_task=,name=trsmprofile,tick=95,start_time=177672.466151,nthreads=72,
message=tick stats,tick=95,estimated_current_power=0.000000,
end_task=,name=trsmprofile,elapsed_seconds=0.536273,predicted_seconds=0.000000,time_percent_error=100.000000,nthreads=72,end_time=177673.012028,avg_power_W=165.909091,max_power_W=169.000000,avg_time_s=0.035752,released_listeners=1,
start_task=,name=trsmprofile,tick=96,start_time=177673.012096,nthreads=72,
message=tick stats,tick=96,estimated_current_power=0.000000,
end_task=,name=trsmprofile,elapsed_seconds=0.532634,predicted_seconds=0.000000,time_percent_error=100.000000,nthreads=72,end_time=177673.562492,avg_power_W=167.000000,max_power_W=171.000000,avg_time_s=0.035509,released_listeners=1,
start_task=,name=dotrsm,tick=97,start_time=177673.562561,nthreads=72,
message=tick stats,tick=97,estimated_current_power=0.000000,
end_task=,name=dotrsm,elapsed_seconds=0.045232,predicted_seconds=0.000000,time_percent_error=100.000000,nthreads=72,end_time=177673.612664,avg_power_W=149.000000,max_power_W=149.000000,avg_time_s=0.045232,released_listeners=2,
start_task=,name=dotrsm,tick=98,start_time=177673.612731,nthreads=72,
message=tick stats,tick=98,estimated_current_power=0.000000,
end_task=,name=dotrsm,elapsed_seconds=0.048992,predicted_seconds=0.000000,time_percent_error=100.000000,nthreads=72,end_time=177673.662536,avg_power_W=161.000000,max_power_W=161.000000,avg_time_s=0.048992,released_listeners=2,
start_task=,name=syrkprofile,tick=99,start_time=177673.662603,nthreads=72,
message=tick stats,tick=99,estimated_current_power=0.000000,
end_task=,name=syrkprofile,elapsed_seconds=0.518138,predicted_seconds=0.000000,time_percent_error=100.000000,nthreads=72,end_time=177674.181508,avg_power_W=168.100000,max_power_W=177.000000,avg_time_s=0.047103,released_listeners=1,
start_task=,name=gemmprofile,tick=100,start_time=177674.181572,nthreads=72,
message=tick stats,tick=100,estimated_current_power=0.000000,
end_task=,name=gemmprofile,elapsed_seconds=0.529920,predicted_seconds=0.000000,time_percent_error=100.000000,nthreads=72,end_time=177674.712181,avg_power_W=170.363636,max_power_W=177.000000,avg_time_s=0.040763,released_listeners=1,
start_task=,name=syrkprofile,tick=101,start_time=177674.712254,nthreads=72,
message=tick stats,tick=101,estimated_current_power=0.000000,
end_task=,name=syrkprofile,elapsed_seconds=0.519103,predicted_seconds=0.000000,time_percent_error=100.000000,nthreads=72,end_time=177675.232119,avg_power_W=169.600000,max_power_W=175.000000,avg_time_s=0.047191,released_listeners=1,
start_task=,name=dosyrk,tick=102,start_time=177675.232185,nthreads=72,
message=tick stats,tick=102,estimated_current_power=0.000000,
end_task=,name=dosyrk,elapsed_seconds=0.098244,predicted_seconds=0.000000,time_percent_error=100.000000,nthreads=72,end_time=177675.331131,avg_power_W=154.500000,max_power_W=166.000000,avg_time_s=0.098244,released_listeners=1,
start_task=,name=dogemm,tick=103,start_time=177675.331211,nthreads=72,
message=tick stats,tick=103,estimated_current_power=0.000000,
end_task=,name=dogemm,elapsed_seconds=0.075606,predicted_seconds=0.000000,time_percent_error=100.000000,nthreads=72,end_time=177675.412133,avg_power_W=145.000000,max_power_W=150.000000,avg_time_s=0.075606,released_listeners=1,
start_task=,name=dosyrk,tick=104,start_time=177675.412200,nthreads=72,
message=tick stats,tick=104,estimated_current_power=0.000000,
end_task=,name=dosyrk,elapsed_seconds=0.097153,predicted_seconds=0.000000,time_percent_error=100.000000,nthreads=72,end_time=177675.512161,avg_power_W=153.000000,max_power_W=163.000000,avg_time_s=0.097153,released_listeners=1,
start_task=,name=potrfprofile,tick=105,start_time=177675.512235,nthreads=72,
message=tick stats,tick=105,estimated_current_power=0.000000,
end_task=,name=potrfprofile,elapsed_seconds=0.510147,predicted_seconds=0.000000,time_percent_error=100.000000,nthreads=72,end_time=177676.023103,avg_power_W=157.100000,max_power_W=164.000000,avg_time_s=0.056683,released_listeners=1,
start_task=,name=dopotrf,tick=106,start_time=177676.023168,nthreads=72,
message=tick stats,tick=106,estimated_current_power=0.000000,
end_task=,name=dopotrf,elapsed_seconds=0.080101,predicted_seconds=0.000000,time_percent_error=100.000000,nthreads=72,end_time=177676.111804,avg_power_W=152.000000,max_power_W=157.000000,avg_time_s=0.080101,released_listeners=1,
start_task=,name=trsmprofile,tick=107,start_time=177676.111872,nthreads=72,
message=tick stats,tick=107,estimated_current_power=0.000000,
end_task=,name=trsmprofile,elapsed_seconds=0.507557,predicted_seconds=0.000000,time_percent_error=100.000000,nthreads=72,end_time=177676.620267,avg_power_W=164.400000,max_power_W=170.000000,avg_time_s=0.036254,released_listeners=1,
start_task=,name=dotrsm,tick=108,start_time=177676.620330,nthreads=72,
message=tick stats,tick=108,estimated_current_power=0.000000,
end_task=,name=dotrsm,elapsed_seconds=0.047389,predicted_seconds=0.000000,time_percent_error=100.000000,nthreads=72,end_time=177676.668561,avg_power_W=165.000000,max_power_W=165.000000,avg_time_s=0.047389,released_listeners=1,
start_task=,name=syrkprofile,tick=109,start_time=177676.668624,nthreads=72,
message=tick stats,tick=109,estimated_current_power=0.000000,
end_task=,name=syrkprofile,elapsed_seconds=0.532317,predicted_seconds=0.000000,time_percent_error=100.000000,nthreads=72,end_time=177677.212034,avg_power_W=167.636364,max_power_W=177.000000,avg_time_s=0.048392,released_listeners=1,
start_task=,name=dosyrk,tick=110,start_time=177677.212105,nthreads=72,
message=tick stats,tick=110,estimated_current_power=0.000000,
end_task=,name=dosyrk,elapsed_seconds=0.100025,predicted_seconds=0.000000,time_percent_error=100.000000,nthreads=72,end_time=177677.312826,avg_power_W=147.500000,max_power_W=154.000000,avg_time_s=0.100025,released_listeners=1,
start_task=,name=potrfprofile,tick=111,start_time=177677.312894,nthreads=72,
message=tick stats,tick=111,estimated_current_power=0.000000,
end_task=,name=potrfprofile,elapsed_seconds=0.554560,predicted_seconds=0.000000,time_percent_error=100.000000,nthreads=72,end_time=177677.868147,avg_power_W=155.545455,max_power_W=166.000000,avg_time_s=0.055456,released_listeners=1,
start_task=,name=dopotrf,tick=112,start_time=177677.868211,nthreads=72,
message=tick stats,tick=112,estimated_current_power=0.000000,
end_task=,name=dopotrf,elapsed_seconds=0.082823,predicted_seconds=0.000000,time_percent_error=100.000000,nthreads=72,end_time=177677.962082,avg_power_W=154.000000,max_power_W=155.000000,avg_time_s=0.082823,released_listeners=0,
est_max_power=0.000000,
average_power_W=154.000000,
max_power_W=155.000000,
time_s=34.267564,
message=ALL DONE,
