message=cataloging configuration,max_threads=78,power_limit=inf,
start_task=,name=potrfprofile,tick=1,start_time=133640.417074,nthreads=78,
message=tick stats,tick=1,estimated_current_power=0.000000,
end_task=,name=potrfprofile,elapsed_seconds=0.591996,predicted_seconds=0.000000,time_percent_error=100.000000,nthreads=78,end_time=133641.011145,avg_power_W=147.818182,max_power_W=153.000000,avg_time_s=0.197332,released_listeners=1,
start_task=,name=dopotrf,tick=2,start_time=133641.011217,nthreads=78,
message=tick stats,tick=2,estimated_current_power=0.000000,
end_task=,name=dopotrf,elapsed_seconds=0.112707,predicted_seconds=0.000000,time_percent_error=100.000000,nthreads=78,end_time=133641.131981,avg_power_W=144.000000,max_power_W=146.000000,avg_time_s=0.112707,released_listeners=5,
start_task=,name=trsmprofile,tick=3,start_time=133641.132049,nthreads=78,
message=tick stats,tick=3,estimated_current_power=0.000000,
end_task=,name=trsmprofile,elapsed_seconds=0.508052,predicted_seconds=0.000000,time_percent_error=100.000000,nthreads=78,end_time=133641.640987,avg_power_W=157.300000,max_power_W=162.000000,avg_time_s=0.039081,released_listeners=1,
start_task=,name=trsmprofile,tick=4,start_time=133641.641050,nthreads=78,
message=tick stats,tick=4,estimated_current_power=0.000000,
end_task=,name=trsmprofile,elapsed_seconds=0.539071,predicted_seconds=0.000000,time_percent_error=100.000000,nthreads=78,end_time=133642.181528,avg_power_W=159.909091,max_power_W=163.000000,avg_time_s=0.038505,released_listeners=1,
start_task=,name=trsmprofile,tick=5,start_time=133642.181596,nthreads=78,
message=tick stats,tick=5,estimated_current_power=0.000000,
end_task=,name=trsmprofile,elapsed_seconds=0.515024,predicted_seconds=0.000000,time_percent_error=100.000000,nthreads=78,end_time=133642.697757,avg_power_W=158.700000,max_power_W=161.000000,avg_time_s=0.039617,released_listeners=1,
start_task=,name=trsmprofile,tick=6,start_time=133642.697820,nthreads=78,
message=tick stats,tick=6,estimated_current_power=0.000000,
end_task=,name=trsmprofile,elapsed_seconds=0.525649,predicted_seconds=0.000000,time_percent_error=100.000000,nthreads=78,end_time=133643.231730,avg_power_W=158.272727,max_power_W=164.000000,avg_time_s=0.040435,released_listeners=1,
start_task=,name=trsmprofile,tick=7,start_time=133643.231798,nthreads=78,
message=tick stats,tick=7,estimated_current_power=0.000000,
end_task=,name=trsmprofile,elapsed_seconds=0.520927,predicted_seconds=0.000000,time_percent_error=100.000000,nthreads=78,end_time=133643.753579,avg_power_W=158.800000,max_power_W=162.000000,avg_time_s=0.040071,released_listeners=1,
start_task=,name=dotrsm,tick=8,start_time=133643.753643,nthreads=78,
message=tick stats,tick=8,estimated_current_power=0.000000,
end_task=,name=dotrsm,elapsed_seconds=0.053688,predicted_seconds=0.000000,time_percent_error=100.000000,nthreads=78,end_time=133643.808223,avg_power_W=158.000000,max_power_W=158.000000,avg_time_s=0.053688,released_listeners=5,
start_task=,name=dotrsm,tick=9,start_time=133643.808292,nthreads=78,
message=tick stats,tick=9,estimated_current_power=0.000000,
end_task=,name=dotrsm,elapsed_seconds=0.054273,predicted_seconds=0.000000,time_percent_error=100.000000,nthreads=78,end_time=133643.863429,avg_power_W=142.000000,max_power_W=142.000000,avg_time_s=0.054273,released_listeners=5,
start_task=,name=dotrsm,tick=10,start_time=133643.863493,nthreads=78,
message=tick stats,tick=10,estimated_current_power=0.000000,
end_task=,name=dotrsm,elapsed_seconds=0.054220,predicted_seconds=0.000000,time_percent_error=100.000000,nthreads=78,end_time=133643.931889,avg_power_W=150.500000,max_power_W=158.000000,avg_time_s=0.054220,released_listeners=5,
start_task=,name=dotrsm,tick=11,start_time=133643.931957,nthreads=78,
message=tick stats,tick=11,estimated_current_power=0.000000,
end_task=,name=dotrsm,elapsed_seconds=0.052226,predicted_seconds=0.000000,time_percent_error=100.000000,nthreads=78,end_time=133643.985017,avg_power_W=153.000000,max_power_W=153.000000,avg_time_s=0.052226,released_listeners=5,
start_task=,name=dotrsm,tick=12,start_time=133643.985081,nthreads=78,
message=tick stats,tick=12,estimated_current_power=0.000000,
end_task=,name=dotrsm,elapsed_seconds=0.051064,predicted_seconds=0.000000,time_percent_error=100.000000,nthreads=78,end_time=133644.037070,avg_power_W=136.000000,max_power_W=136.000000,avg_time_s=0.051064,released_listeners=5,
start_task=,name=syrkprofile,tick=13,start_time=133644.037135,nthreads=78,
message=tick stats,tick=13,estimated_current_power=0.000000,
end_task=,name=syrkprofile,elapsed_seconds=0.534504,predicted_seconds=0.000000,time_percent_error=100.000000,nthreads=78,end_time=133644.581981,avg_power_W=151.454545,max_power_W=165.000000,avg_time_s=0.076358,released_listeners=1,
start_task=,name=gemmprofile,tick=14,start_time=133644.582049,nthreads=78,
message=tick stats,tick=14,estimated_current_power=0.000000,
end_task=,name=gemmprofile,elapsed_seconds=0.522169,predicted_seconds=0.000000,time_percent_error=100.000000,nthreads=78,end_time=133645.105234,avg_power_W=149.400000,max_power_W=167.000000,avg_time_s=0.074596,released_listeners=1,
start_task=,name=syrkprofile,tick=15,start_time=133645.105298,nthreads=78,
message=tick stats,tick=15,estimated_current_power=0.000000,
end_task=,name=syrkprofile,elapsed_seconds=0.572533,predicted_seconds=0.000000,time_percent_error=100.000000,nthreads=78,end_time=133645.681951,avg_power_W=149.500000,max_power_W=161.000000,avg_time_s=0.081790,released_listeners=1,
start_task=,name=gemmprofile,tick=16,start_time=133645.682032,nthreads=78,
message=tick stats,tick=16,estimated_current_power=0.000000,
end_task=,name=gemmprofile,elapsed_seconds=0.527817,predicted_seconds=0.000000,time_percent_error=100.000000,nthreads=78,end_time=133646.212012,avg_power_W=150.700000,max_power_W=163.000000,avg_time_s=0.075402,released_listeners=1,
start_task=,name=gemmprofile,tick=17,start_time=133646.212077,nthreads=78,
message=tick stats,tick=17,estimated_current_power=0.000000,
end_task=,name=gemmprofile,elapsed_seconds=0.506869,predicted_seconds=0.000000,time_percent_error=100.000000,nthreads=78,end_time=133646.732168,avg_power_W=151.363636,max_power_W=164.000000,avg_time_s=0.072410,released_listeners=1,
start_task=,name=syrkprofile,tick=18,start_time=133646.732247,nthreads=78,
message=tick stats,tick=18,estimated_current_power=0.000000,
end_task=,name=syrkprofile,elapsed_seconds=0.524692,predicted_seconds=0.000000,time_percent_error=100.000000,nthreads=78,end_time=133647.257871,avg_power_W=148.900000,max_power_W=163.000000,avg_time_s=0.087449,released_listeners=1,
start_task=,name=gemmprofile,tick=19,start_time=133647.257935,nthreads=78,
message=tick stats,tick=19,estimated_current_power=0.000000,
end_task=,name=gemmprofile,elapsed_seconds=0.556051,predicted_seconds=0.000000,time_percent_error=100.000000,nthreads=78,end_time=133647.814671,avg_power_W=151.181818,max_power_W=165.000000,avg_time_s=0.069506,released_listeners=1,
start_task=,name=gemmprofile,tick=20,start_time=133647.814735,nthreads=78,
message=tick stats,tick=20,estimated_current_power=0.000000,
end_task=,name=gemmprofile,elapsed_seconds=0.551237,predicted_seconds=0.000000,time_percent_error=100.000000,nthreads=78,end_time=133648.366900,avg_power_W=149.545455,max_power_W=167.000000,avg_time_s=0.068905,released_listeners=1,
start_task=,name=gemmprofile,tick=21,start_time=133648.366964,nthreads=78,
message=tick stats,tick=21,estimated_current_power=0.000000,
end_task=,name=gemmprofile,elapsed_seconds=0.524014,predicted_seconds=0.000000,time_percent_error=100.000000,nthreads=78,end_time=133648.891728,avg_power_W=151.545455,max_power_W=164.000000,avg_time_s=0.074859,released_listeners=1,
start_task=,name=syrkprofile,tick=22,start_time=133648.891798,nthreads=78,
message=tick stats,tick=22,estimated_current_power=0.000000,
end_task=,name=syrkprofile,elapsed_seconds=0.546880,predicted_seconds=0.000000,time_percent_error=100.000000,nthreads=78,end_time=133649.439405,avg_power_W=149.181818,max_power_W=166.000000,avg_time_s=0.078126,released_listeners=1,
start_task=,name=gemmprofile,tick=23,start_time=133649.439470,nthreads=78,
message=tick stats,tick=23,estimated_current_power=0.000000,
end_task=,name=gemmprofile,elapsed_seconds=0.533471,predicted_seconds=0.000000,time_percent_error=100.000000,nthreads=78,end_time=133649.981964,avg_power_W=152.000000,max_power_W=167.000000,avg_time_s=0.066684,released_listeners=1,
start_task=,name=gemmprofile,tick=24,start_time=133649.982032,nthreads=78,
message=tick stats,tick=24,estimated_current_power=0.000000,
end_task=,name=gemmprofile,elapsed_seconds=0.547183,predicted_seconds=0.000000,time_percent_error=100.000000,nthreads=78,end_time=133650.532109,avg_power_W=152.545455,max_power_W=164.000000,avg_time_s=0.068398,released_listeners=1,
start_task=,name=gemmprofile,tick=25,start_time=133650.532179,nthreads=78,
message=tick stats,tick=25,estimated_current_power=0.000000,
end_task=,name=gemmprofile,elapsed_seconds=0.571606,predicted_seconds=0.000000,time_percent_error=100.000000,nthreads=78,end_time=133651.104793,avg_power_W=152.000000,max_power_W=162.000000,avg_time_s=0.063512,released_listeners=1,
start_task=,name=gemmprofile,tick=26,start_time=133651.104858,nthreads=78,
message=tick stats,tick=26,estimated_current_power=0.000000,
end_task=,name=gemmprofile,elapsed_seconds=0.557803,predicted_seconds=0.000000,time_percent_error=100.000000,nthreads=78,end_time=133651.663535,avg_power_W=149.454545,max_power_W=163.000000,avg_time_s=0.069725,released_listeners=1,
start_task=,name=syrkprofile,tick=27,start_time=133651.663600,nthreads=78,
message=tick stats,tick=27,estimated_current_power=0.000000,
end_task=,name=syrkprofile,elapsed_seconds=0.521793,predicted_seconds=0.000000,time_percent_error=100.000000,nthreads=78,end_time=133652.186394,avg_power_W=150.909091,max_power_W=163.000000,avg_time_s=0.074542,released_listeners=1,
start_task=,name=dosyrk,tick=28,start_time=133652.186459,nthreads=78,
message=tick stats,tick=28,estimated_current_power=0.000000,
end_task=,name=dosyrk,elapsed_seconds=0.117507,predicted_seconds=0.000000,time_percent_error=100.000000,nthreads=78,end_time=133652.305011,avg_power_W=147.000000,max_power_W=158.000000,avg_time_s=0.117507,released_listeners=1,
start_task=,name=dogemm,tick=29,start_time=133652.305076,nthreads=78,
message=tick stats,tick=29,estimated_current_power=0.000000,
end_task=,name=dogemm,elapsed_seconds=0.094871,predicted_seconds=0.000000,time_percent_error=100.000000,nthreads=78,end_time=133652.400986,avg_power_W=148.000000,max_power_W=153.000000,avg_time_s=0.094871,released_listeners=1,
start_task=,name=dosyrk,tick=30,start_time=133652.401051,nthreads=78,
message=tick stats,tick=30,estimated_current_power=0.000000,
end_task=,name=dosyrk,elapsed_seconds=0.117952,predicted_seconds=0.000000,time_percent_error=100.000000,nthreads=78,end_time=133652.532207,avg_power_W=138.000000,max_power_W=143.000000,avg_time_s=0.117952,released_listeners=1,
start_task=,name=dogemm,tick=31,start_time=133652.532289,nthreads=78,
message=tick stats,tick=31,estimated_current_power=0.000000,
end_task=,name=dogemm,elapsed_seconds=0.090622,predicted_seconds=0.000000,time_percent_error=100.000000,nthreads=78,end_time=133652.631710,avg_power_W=142.500000,max_power_W=151.000000,avg_time_s=0.090622,released_listeners=1,
start_task=,name=dogemm,tick=32,start_time=133652.631769,nthreads=78,
message=tick stats,tick=32,estimated_current_power=0.000000,
end_task=,name=dogemm,elapsed_seconds=0.097354,predicted_seconds=0.000000,time_percent_error=100.000000,nthreads=78,end_time=133652.731614,avg_power_W=146.500000,max_power_W=160.000000,avg_time_s=0.097354,released_listeners=0,
start_task=,name=dosyrk,tick=33,start_time=133652.731681,nthreads=78,
message=tick stats,tick=33,estimated_current_power=0.000000,
end_task=,name=dosyrk,elapsed_seconds=0.119937,predicted_seconds=0.000000,time_percent_error=100.000000,nthreads=78,end_time=133652.852460,avg_power_W=147.500000,max_power_W=161.000000,avg_time_s=0.119937,released_listeners=1,
start_task=,name=dogemm,tick=34,start_time=133652.852525,nthreads=78,
message=tick stats,tick=34,estimated_current_power=0.000000,
end_task=,name=dogemm,elapsed_seconds=0.093086,predicted_seconds=0.000000,time_percent_error=100.000000,nthreads=78,end_time=133652.946523,avg_power_W=147.500000,max_power_W=148.000000,avg_time_s=0.093086,released_listeners=1,
start_task=,name=dogemm,tick=35,start_time=133652.946594,nthreads=78,
message=tick stats,tick=35,estimated_current_power=0.000000,
end_task=,name=dogemm,elapsed_seconds=0.092893,predicted_seconds=0.000000,time_percent_error=100.000000,nthreads=78,end_time=133653.040379,avg_power_W=146.000000,max_power_W=152.000000,avg_time_s=0.092893,released_listeners=0,
start_task=,name=dogemm,tick=36,start_time=133653.040443,nthreads=78,
message=tick stats,tick=36,estimated_current_power=0.000000,
end_task=,name=dogemm,elapsed_seconds=0.086665,predicted_seconds=0.000000,time_percent_error=100.000000,nthreads=78,end_time=133653.131953,avg_power_W=146.500000,max_power_W=147.000000,avg_time_s=0.086665,released_listeners=0,
start_task=,name=dosyrk,tick=37,start_time=133653.132021,nthreads=78,
message=tick stats,tick=37,estimated_current_power=0.000000,
end_task=,name=dosyrk,elapsed_seconds=0.121046,predicted_seconds=0.000000,time_percent_error=100.000000,nthreads=78,end_time=133653.254097,avg_power_W=147.000000,max_power_W=157.000000,avg_time_s=0.121046,released_listeners=1,
start_task=,name=dogemm,tick=38,start_time=133653.254162,nthreads=78,
message=tick stats,tick=38,estimated_current_power=0.000000,
end_task=,name=dogemm,elapsed_seconds=0.092081,predicted_seconds=0.000000,time_percent_error=100.000000,nthreads=78,end_time=133653.347455,avg_power_W=140.000000,max_power_W=144.000000,avg_time_s=0.092081,released_listeners=1,
start_task=,name=dogemm,tick=39,start_time=133653.347520,nthreads=78,
message=tick stats,tick=39,estimated_current_power=0.000000,
end_task=,name=dogemm,elapsed_seconds=0.096086,predicted_seconds=0.000000,time_percent_error=100.000000,nthreads=78,end_time=133653.444847,avg_power_W=135.500000,max_power_W=136.000000,avg_time_s=0.096086,released_listeners=0,
start_task=,name=dogemm,tick=40,start_time=133653.444913,nthreads=78,
message=tick stats,tick=40,estimated_current_power=0.000000,
end_task=,name=dogemm,elapsed_seconds=0.098674,predicted_seconds=0.000000,time_percent_error=100.000000,nthreads=78,end_time=133653.544255,avg_power_W=137.000000,max_power_W=139.000000,avg_time_s=0.098674,released_listeners=0,
start_task=,name=dogemm,tick=41,start_time=133653.544319,nthreads=78,
message=tick stats,tick=41,estimated_current_power=0.000000,
end_task=,name=dogemm,elapsed_seconds=0.101292,predicted_seconds=0.000000,time_percent_error=100.000000,nthreads=78,end_time=133653.646252,avg_power_W=137.000000,max_power_W=137.000000,avg_time_s=0.101292,released_listeners=0,
start_task=,name=dosyrk,tick=42,start_time=133653.646315,nthreads=78,
message=tick stats,tick=42,estimated_current_power=0.000000,
end_task=,name=dosyrk,elapsed_seconds=0.132986,predicted_seconds=0.000000,time_percent_error=100.000000,nthreads=78,end_time=133653.781397,avg_power_W=135.333333,max_power_W=137.000000,avg_time_s=0.132986,released_listeners=1,
start_task=,name=potrfprofile,tick=43,start_time=133653.781466,nthreads=78,
message=tick stats,tick=43,estimated_current_power=0.000000,
end_task=,name=potrfprofile,elapsed_seconds=0.569943,predicted_seconds=0.000000,time_percent_error=100.000000,nthreads=78,end_time=133654.352979,avg_power_W=145.000000,max_power_W=160.000000,avg_time_s=0.081420,released_listeners=1,
start_task=,name=dopotrf,tick=44,start_time=133654.353044,nthreads=78,
message=tick stats,tick=44,estimated_current_power=0.000000,
end_task=,name=dopotrf,elapsed_seconds=0.095947,predicted_seconds=0.000000,time_percent_error=100.000000,nthreads=78,end_time=133654.449886,avg_power_W=143.000000,max_power_W=147.000000,avg_time_s=0.095947,released_listeners=4,
start_task=,name=trsmprofile,tick=45,start_time=133654.449952,nthreads=78,
message=tick stats,tick=45,estimated_current_power=0.000000,
end_task=,name=trsmprofile,elapsed_seconds=0.532645,predicted_seconds=0.000000,time_percent_error=100.000000,nthreads=78,end_time=133654.983120,avg_power_W=156.272727,max_power_W=161.000000,avg_time_s=0.038046,released_listeners=1,
start_task=,name=trsmprofile,tick=46,start_time=133654.983192,nthreads=78,
message=tick stats,tick=46,estimated_current_power=0.000000,
end_task=,name=trsmprofile,elapsed_seconds=0.509663,predicted_seconds=0.000000,time_percent_error=100.000000,nthreads=78,end_time=133655.493723,avg_power_W=156.700000,max_power_W=160.000000,avg_time_s=0.039205,released_listeners=1,
start_task=,name=trsmprofile,tick=47,start_time=133655.493788,nthreads=78,
message=tick stats,tick=47,estimated_current_power=0.000000,
end_task=,name=trsmprofile,elapsed_seconds=0.508950,predicted_seconds=0.000000,time_percent_error=100.000000,nthreads=78,end_time=133656.003444,avg_power_W=153.300000,max_power_W=160.000000,avg_time_s=0.046268,released_listeners=1,
start_task=,name=trsmprofile,tick=48,start_time=133656.003509,nthreads=78,
message=tick stats,tick=48,estimated_current_power=0.000000,
end_task=,name=trsmprofile,elapsed_seconds=0.514057,predicted_seconds=0.000000,time_percent_error=100.000000,nthreads=78,end_time=133656.531611,avg_power_W=155.727273,max_power_W=161.000000,avg_time_s=0.042838,released_listeners=1,
start_task=,name=dotrsm,tick=49,start_time=133656.531696,nthreads=78,
message=tick stats,tick=49,estimated_current_power=0.000000,
end_task=,name=dotrsm,elapsed_seconds=0.054001,predicted_seconds=0.000000,time_percent_error=100.000000,nthreads=78,end_time=133656.586574,avg_power_W=159.000000,max_power_W=159.000000,avg_time_s=0.054001,released_listeners=4,
start_task=,name=dotrsm,tick=50,start_time=133656.586641,nthreads=78,
message=tick stats,tick=50,estimated_current_power=0.000000,
end_task=,name=dotrsm,elapsed_seconds=0.055775,predicted_seconds=0.000000,time_percent_error=100.000000,nthreads=78,end_time=133656.643259,avg_power_W=140.000000,max_power_W=140.000000,avg_time_s=0.055775,released_listeners=4,
start_task=,name=dotrsm,tick=51,start_time=133656.643325,nthreads=78,
message=tick stats,tick=51,estimated_current_power=0.000000,
end_task=,name=dotrsm,elapsed_seconds=0.056215,predicted_seconds=0.000000,time_percent_error=100.000000,nthreads=78,end_time=133656.700207,avg_power_W=146.000000,max_power_W=146.000000,avg_time_s=0.056215,released_listeners=4,
start_task=,name=dotrsm,tick=52,start_time=133656.700275,nthreads=78,
message=tick stats,tick=52,estimated_current_power=0.000000,
end_task=,name=dotrsm,elapsed_seconds=0.057542,predicted_seconds=0.000000,time_percent_error=100.000000,nthreads=78,end_time=133656.758485,avg_power_W=147.000000,max_power_W=147.000000,avg_time_s=0.057542,released_listeners=4,
start_task=,name=syrkprofile,tick=53,start_time=133656.758551,nthreads=78,
message=tick stats,tick=53,estimated_current_power=0.000000,
end_task=,name=syrkprofile,elapsed_seconds=0.528186,predicted_seconds=0.000000,time_percent_error=100.000000,nthreads=78,end_time=133657.287611,avg_power_W=148.909091,max_power_W=162.000000,avg_time_s=0.075455,released_listeners=1,
start_task=,name=gemmprofile,tick=54,start_time=133657.287676,nthreads=78,
message=tick stats,tick=54,estimated_current_power=0.000000,
end_task=,name=gemmprofile,elapsed_seconds=0.562260,predicted_seconds=0.000000,time_percent_error=100.000000,nthreads=78,end_time=133657.850693,avg_power_W=150.727273,max_power_W=165.000000,avg_time_s=0.070283,released_listeners=1,
start_task=,name=syrkprofile,tick=55,start_time=133657.850758,nthreads=78,
message=tick stats,tick=55,estimated_current_power=0.000000,
end_task=,name=syrkprofile,elapsed_seconds=0.562781,predicted_seconds=0.000000,time_percent_error=100.000000,nthreads=78,end_time=133658.414473,avg_power_W=147.727273,max_power_W=162.000000,avg_time_s=0.080397,released_listeners=1,
start_task=,name=gemmprofile,tick=56,start_time=133658.414539,nthreads=78,
message=tick stats,tick=56,estimated_current_power=0.000000,
end_task=,name=gemmprofile,elapsed_seconds=0.544197,predicted_seconds=0.000000,time_percent_error=100.000000,nthreads=78,end_time=133658.959458,avg_power_W=150.727273,max_power_W=165.000000,avg_time_s=0.068025,released_listeners=1,
start_task=,name=gemmprofile,tick=57,start_time=133658.959524,nthreads=78,
message=tick stats,tick=57,estimated_current_power=0.000000,
end_task=,name=gemmprofile,elapsed_seconds=0.535328,predicted_seconds=0.000000,time_percent_error=100.000000,nthreads=78,end_time=133659.495795,avg_power_W=151.909091,max_power_W=164.000000,avg_time_s=0.066916,released_listeners=1,
start_task=,name=syrkprofile,tick=58,start_time=133659.495861,nthreads=78,
message=tick stats,tick=58,estimated_current_power=0.000000,
end_task=,name=syrkprofile,elapsed_seconds=0.561960,predicted_seconds=0.000000,time_percent_error=100.000000,nthreads=78,end_time=133660.058549,avg_power_W=148.636364,max_power_W=162.000000,avg_time_s=0.080280,released_listeners=1,
start_task=,name=gemmprofile,tick=59,start_time=133660.058615,nthreads=78,
message=tick stats,tick=59,estimated_current_power=0.000000,
end_task=,name=gemmprofile,elapsed_seconds=0.525409,predicted_seconds=0.000000,time_percent_error=100.000000,nthreads=78,end_time=133660.584942,avg_power_W=151.181818,max_power_W=165.000000,avg_time_s=0.065676,released_listeners=1,
start_task=,name=gemmprofile,tick=60,start_time=133660.585008,nthreads=78,
message=tick stats,tick=60,estimated_current_power=0.000000,
end_task=,name=gemmprofile,elapsed_seconds=0.564875,predicted_seconds=0.000000,time_percent_error=100.000000,nthreads=78,end_time=133661.150545,avg_power_W=152.181818,max_power_W=163.000000,avg_time_s=0.062764,released_listeners=1,
start_task=,name=gemmprofile,tick=61,start_time=133661.150610,nthreads=78,
message=tick stats,tick=61,estimated_current_power=0.000000,
end_task=,name=gemmprofile,elapsed_seconds=0.534715,predicted_seconds=0.000000,time_percent_error=100.000000,nthreads=78,end_time=133661.686004,avg_power_W=151.181818,max_power_W=163.000000,avg_time_s=0.066839,released_listeners=1,
start_task=,name=syrkprofile,tick=62,start_time=133661.686071,nthreads=78,
message=tick stats,tick=62,estimated_current_power=0.000000,
end_task=,name=syrkprofile,elapsed_seconds=0.528792,predicted_seconds=0.000000,time_percent_error=100.000000,nthreads=78,end_time=133662.215646,avg_power_W=149.000000,max_power_W=167.000000,avg_time_s=0.075542,released_listeners=1,
start_task=,name=dosyrk,tick=63,start_time=133662.215711,nthreads=78,
message=tick stats,tick=63,estimated_current_power=0.000000,
end_task=,name=dosyrk,elapsed_seconds=0.123965,predicted_seconds=0.000000,time_percent_error=100.000000,nthreads=78,end_time=133662.340576,avg_power_W=143.000000,max_power_W=153.000000,avg_time_s=0.123965,released_listeners=1,
start_task=,name=dogemm,tick=64,start_time=133662.340642,nthreads=78,
message=tick stats,tick=64,estimated_current_power=0.000000,
end_task=,name=dogemm,elapsed_seconds=0.093574,predicted_seconds=0.000000,time_percent_error=100.000000,nthreads=78,end_time=133662.435163,avg_power_W=140.500000,max_power_W=148.000000,avg_time_s=0.093574,released_listeners=1,
start_task=,name=dosyrk,tick=65,start_time=133662.435233,nthreads=78,
message=tick stats,tick=65,estimated_current_power=0.000000,
end_task=,name=dosyrk,elapsed_seconds=0.125502,predicted_seconds=0.000000,time_percent_error=100.000000,nthreads=78,end_time=133662.561585,avg_power_W=136.500000,max_power_W=137.000000,avg_time_s=0.125502,released_listeners=1,
start_task=,name=dogemm,tick=66,start_time=133662.561651,nthreads=78,
message=tick stats,tick=66,estimated_current_power=0.000000,
end_task=,name=dogemm,elapsed_seconds=0.099116,predicted_seconds=0.000000,time_percent_error=100.000000,nthreads=78,end_time=133662.661690,avg_power_W=140.500000,max_power_W=147.000000,avg_time_s=0.099116,released_listeners=1,
start_task=,name=dogemm,tick=67,start_time=133662.661756,nthreads=78,
message=tick stats,tick=67,estimated_current_power=0.000000,
end_task=,name=dogemm,elapsed_seconds=0.097312,predicted_seconds=0.000000,time_percent_error=100.000000,nthreads=78,end_time=133662.759729,avg_power_W=147.000000,max_power_W=162.000000,avg_time_s=0.097312,released_listeners=0,
start_task=,name=dosyrk,tick=68,start_time=133662.759794,nthreads=78,
message=tick stats,tick=68,estimated_current_power=0.000000,
end_task=,name=dosyrk,elapsed_seconds=0.132088,predicted_seconds=0.000000,time_percent_error=100.000000,nthreads=78,end_time=133662.892909,avg_power_W=139.000000,max_power_W=151.000000,avg_time_s=0.132088,released_listeners=1,
start_task=,name=dogemm,tick=69,start_time=133662.892982,nthreads=78,
message=tick stats,tick=69,estimated_current_power=0.000000,
end_task=,name=dogemm,elapsed_seconds=0.095934,predicted_seconds=0.000000,time_percent_error=100.000000,nthreads=78,end_time=133662.989679,avg_power_W=144.000000,max_power_W=149.000000,avg_time_s=0.095934,released_listeners=1,
start_task=,name=dogemm,tick=70,start_time=133662.989745,nthreads=78,
message=tick stats,tick=70,estimated_current_power=0.000000,
end_task=,name=dogemm,elapsed_seconds=0.091821,predicted_seconds=0.000000,time_percent_error=100.000000,nthreads=78,end_time=133663.082285,avg_power_W=135.000000,max_power_W=137.000000,avg_time_s=0.091821,released_listeners=0,
start_task=,name=dogemm,tick=71,start_time=133663.082350,nthreads=78,
message=tick stats,tick=71,estimated_current_power=0.000000,
end_task=,name=dogemm,elapsed_seconds=0.089346,predicted_seconds=0.000000,time_percent_error=100.000000,nthreads=78,end_time=133663.181397,avg_power_W=137.000000,max_power_W=142.000000,avg_time_s=0.089346,released_listeners=0,
start_task=,name=dosyrk,tick=72,start_time=133663.181465,nthreads=78,
message=tick stats,tick=72,estimated_current_power=0.000000,
end_task=,name=dosyrk,elapsed_seconds=0.118134,predicted_seconds=0.000000,time_percent_error=100.000000,nthreads=78,end_time=133663.300304,avg_power_W=143.000000,max_power_W=153.000000,avg_time_s=0.118134,released_listeners=1,
start_task=,name=potrfprofile,tick=73,start_time=133663.300370,nthreads=78,
message=tick stats,tick=73,estimated_current_power=0.000000,
end_task=,name=potrfprofile,elapsed_seconds=0.571365,predicted_seconds=0.000000,time_percent_error=100.000000,nthreads=78,end_time=133663.881625,avg_power_W=142.000000,max_power_W=147.000000,avg_time_s=0.071421,released_listeners=1,
start_task=,name=dopotrf,tick=74,start_time=133663.881694,nthreads=78,
message=tick stats,tick=74,estimated_current_power=0.000000,
end_task=,name=dopotrf,elapsed_seconds=0.103573,predicted_seconds=0.000000,time_percent_error=100.000000,nthreads=78,end_time=133663.985981,avg_power_W=136.000000,max_power_W=140.000000,avg_time_s=0.103573,released_listeners=3,
start_task=,name=trsmprofile,tick=75,start_time=133663.986047,nthreads=78,
message=tick stats,tick=75,estimated_current_power=0.000000,
end_task=,name=trsmprofile,elapsed_seconds=0.513130,predicted_seconds=0.000000,time_percent_error=100.000000,nthreads=78,end_time=133664.500044,avg_power_W=154.100000,max_power_W=159.000000,avg_time_s=0.039472,released_listeners=1,
start_task=,name=trsmprofile,tick=76,start_time=133664.500114,nthreads=78,
message=tick stats,tick=76,estimated_current_power=0.000000,
end_task=,name=trsmprofile,elapsed_seconds=0.543144,predicted_seconds=0.000000,time_percent_error=100.000000,nthreads=78,end_time=133665.043900,avg_power_W=155.363636,max_power_W=159.000000,avg_time_s=0.038796,released_listeners=1,
start_task=,name=trsmprofile,tick=77,start_time=133665.043965,nthreads=78,
message=tick stats,tick=77,estimated_current_power=0.000000,
end_task=,name=trsmprofile,elapsed_seconds=0.532417,predicted_seconds=0.000000,time_percent_error=100.000000,nthreads=78,end_time=133665.581898,avg_power_W=154.727273,max_power_W=159.000000,avg_time_s=0.040955,released_listeners=1,
start_task=,name=dotrsm,tick=78,start_time=133665.581968,nthreads=78,
message=tick stats,tick=78,estimated_current_power=0.000000,
end_task=,name=dotrsm,elapsed_seconds=0.057610,predicted_seconds=0.000000,time_percent_error=100.000000,nthreads=78,end_time=133665.640521,avg_power_W=156.000000,max_power_W=156.000000,avg_time_s=0.057610,released_listeners=3,
start_task=,name=dotrsm,tick=79,start_time=133665.640588,nthreads=78,
message=tick stats,tick=79,estimated_current_power=0.000000,
end_task=,name=dotrsm,elapsed_seconds=0.058745,predicted_seconds=0.000000,time_percent_error=100.000000,nthreads=78,end_time=133665.700255,avg_power_W=138.000000,max_power_W=138.000000,avg_time_s=0.058745,released_listeners=3,
start_task=,name=dotrsm,tick=80,start_time=133665.700324,nthreads=78,
message=tick stats,tick=80,estimated_current_power=0.000000,
end_task=,name=dotrsm,elapsed_seconds=0.056155,predicted_seconds=0.000000,time_percent_error=100.000000,nthreads=78,end_time=133665.757445,avg_power_W=137.000000,max_power_W=137.000000,avg_time_s=0.056155,released_listeners=3,
start_task=,name=syrkprofile,tick=81,start_time=133665.757512,nthreads=78,
message=tick stats,tick=81,estimated_current_power=0.000000,
end_task=,name=syrkprofile,elapsed_seconds=0.524231,predicted_seconds=0.000000,time_percent_error=100.000000,nthreads=78,end_time=133666.283355,avg_power_W=147.545455,max_power_W=162.000000,avg_time_s=0.074890,released_listeners=1,
start_task=,name=gemmprofile,tick=82,start_time=133666.283424,nthreads=78,
message=tick stats,tick=82,estimated_current_power=0.000000,
end_task=,name=gemmprofile,elapsed_seconds=0.538815,predicted_seconds=0.000000,time_percent_error=100.000000,nthreads=78,end_time=133666.831941,avg_power_W=146.909091,max_power_W=158.000000,avg_time_s=0.067352,released_listeners=1,
start_task=,name=syrkprofile,tick=83,start_time=133666.832025,nthreads=78,
message=tick stats,tick=83,estimated_current_power=0.000000,
end_task=,name=syrkprofile,elapsed_seconds=0.540640,predicted_seconds=0.000000,time_percent_error=100.000000,nthreads=78,end_time=133667.381652,avg_power_W=146.363636,max_power_W=160.000000,avg_time_s=0.077234,released_listeners=1,
start_task=,name=gemmprofile,tick=84,start_time=133667.381722,nthreads=78,
message=tick stats,tick=84,estimated_current_power=0.000000,
end_task=,name=gemmprofile,elapsed_seconds=0.544055,predicted_seconds=0.000000,time_percent_error=100.000000,nthreads=78,end_time=133667.931689,avg_power_W=148.454545,max_power_W=162.000000,avg_time_s=0.068007,released_listeners=1,
start_task=,name=gemmprofile,tick=85,start_time=133667.931758,nthreads=78,
message=tick stats,tick=85,estimated_current_power=0.000000,
end_task=,name=gemmprofile,elapsed_seconds=0.517129,predicted_seconds=0.000000,time_percent_error=100.000000,nthreads=78,end_time=133668.449760,avg_power_W=150.100000,max_power_W=164.000000,avg_time_s=0.064641,released_listeners=1,
start_task=,name=syrkprofile,tick=86,start_time=133668.449826,nthreads=78,
message=tick stats,tick=86,estimated_current_power=0.000000,
end_task=,name=syrkprofile,elapsed_seconds=0.532218,predicted_seconds=0.000000,time_percent_error=100.000000,nthreads=78,end_time=133668.982767,avg_power_W=146.727273,max_power_W=164.000000,avg_time_s=0.076031,released_listeners=1,
start_task=,name=dosyrk,tick=87,start_time=133668.982834,nthreads=78,
message=tick stats,tick=87,estimated_current_power=0.000000,
end_task=,name=dosyrk,elapsed_seconds=0.116052,predicted_seconds=0.000000,time_percent_error=100.000000,nthreads=78,end_time=133669.099453,avg_power_W=145.500000,max_power_W=159.000000,avg_time_s=0.116052,released_listeners=1,
start_task=,name=dogemm,tick=88,start_time=133669.099519,nthreads=78,
message=tick stats,tick=88,estimated_current_power=0.000000,
end_task=,name=dogemm,elapsed_seconds=0.091988,predicted_seconds=0.000000,time_percent_error=100.000000,nthreads=78,end_time=133669.192362,avg_power_W=142.000000,max_power_W=145.000000,avg_time_s=0.091988,released_listeners=1,
start_task=,name=dosyrk,tick=89,start_time=133669.192428,nthreads=78,
message=tick stats,tick=89,estimated_current_power=0.000000,
end_task=,name=dosyrk,elapsed_seconds=0.125411,predicted_seconds=0.000000,time_percent_error=100.000000,nthreads=78,end_time=133669.331954,avg_power_W=143.000000,max_power_W=151.000000,avg_time_s=0.125411,released_listeners=1,
start_task=,name=dogemm,tick=90,start_time=133669.332025,nthreads=78,
message=tick stats,tick=90,estimated_current_power=0.000000,
end_task=,name=dogemm,elapsed_seconds=0.098218,predicted_seconds=0.000000,time_percent_error=100.000000,nthreads=78,end_time=133669.432395,avg_power_W=139.000000,max_power_W=147.000000,avg_time_s=0.098218,released_listeners=1,
start_task=,name=dogemm,tick=91,start_time=133669.432467,nthreads=78,
message=tick stats,tick=91,estimated_current_power=0.000000,
end_task=,name=dogemm,elapsed_seconds=0.098053,predicted_seconds=0.000000,time_percent_error=100.000000,nthreads=78,end_time=133669.532200,avg_power_W=139.000000,max_power_W=145.000000,avg_time_s=0.098053,released_listeners=0,
start_task=,name=dosyrk,tick=92,start_time=133669.532278,nthreads=78,
message=tick stats,tick=92,estimated_current_power=0.000000,
end_task=,name=dosyrk,elapsed_seconds=0.123599,predicted_seconds=0.000000,time_percent_error=100.000000,nthreads=78,end_time=133669.657545,avg_power_W=142.500000,max_power_W=152.000000,avg_time_s=0.123599,released_listeners=1,
start_task=,name=potrfprofile,tick=93,start_time=133669.657611,nthreads=78,
message=tick stats,tick=93,estimated_current_power=0.000000,
end_task=,name=potrfprofile,elapsed_seconds=0.522266,predicted_seconds=0.000000,time_percent_error=100.000000,nthreads=78,end_time=133670.181716,avg_power_W=140.272727,max_power_W=145.000000,avg_time_s=0.074609,released_listeners=1,
start_task=,name=dopotrf,tick=94,start_time=133670.181786,nthreads=78,
message=tick stats,tick=94,estimated_current_power=0.000000,
end_task=,name=dopotrf,elapsed_seconds=0.098396,predicted_seconds=0.000000,time_percent_error=100.000000,nthreads=78,end_time=133670.281650,avg_power_W=140.000000,max_power_W=144.000000,avg_time_s=0.098396,released_listeners=2,
start_task=,name=trsmprofile,tick=95,start_time=133670.281720,nthreads=78,
message=tick stats,tick=95,estimated_current_power=0.000000,
end_task=,name=trsmprofile,elapsed_seconds=0.518035,predicted_seconds=0.000000,time_percent_error=100.000000,nthreads=78,end_time=133670.800771,avg_power_W=148.900000,max_power_W=156.000000,avg_time_s=0.043170,released_listeners=1,
start_task=,name=trsmprofile,tick=96,start_time=133670.800837,nthreads=78,
message=tick stats,tick=96,estimated_current_power=0.000000,
end_task=,name=trsmprofile,elapsed_seconds=0.510685,predicted_seconds=0.000000,time_percent_error=100.000000,nthreads=78,end_time=133671.312336,avg_power_W=149.700000,max_power_W=153.000000,avg_time_s=0.042557,released_listeners=1,
start_task=,name=dotrsm,tick=97,start_time=133671.312404,nthreads=78,
message=tick stats,tick=97,estimated_current_power=0.000000,
end_task=,name=dotrsm,elapsed_seconds=0.056389,predicted_seconds=0.000000,time_percent_error=100.000000,nthreads=78,end_time=133671.381700,avg_power_W=148.500000,max_power_W=155.000000,avg_time_s=0.056389,released_listeners=2,
start_task=,name=dotrsm,tick=98,start_time=133671.381769,nthreads=78,
message=tick stats,tick=98,estimated_current_power=0.000000,
end_task=,name=dotrsm,elapsed_seconds=0.055430,predicted_seconds=0.000000,time_percent_error=100.000000,nthreads=78,end_time=133671.437993,avg_power_W=146.000000,max_power_W=146.000000,avg_time_s=0.055430,released_listeners=2,
start_task=,name=syrkprofile,tick=99,start_time=133671.438059,nthreads=78,
message=tick stats,tick=99,estimated_current_power=0.000000,
end_task=,name=syrkprofile,elapsed_seconds=0.562711,predicted_seconds=0.000000,time_percent_error=100.000000,nthreads=78,end_time=133672.001666,avg_power_W=145.181818,max_power_W=159.000000,avg_time_s=0.080387,released_listeners=1,
start_task=,name=gemmprofile,tick=100,start_time=133672.001736,nthreads=78,
message=tick stats,tick=100,estimated_current_power=0.000000,
end_task=,name=gemmprofile,elapsed_seconds=0.537112,predicted_seconds=0.000000,time_percent_error=100.000000,nthreads=78,end_time=133672.539782,avg_power_W=145.545455,max_power_W=159.000000,avg_time_s=0.067139,released_listeners=1,
start_task=,name=syrkprofile,tick=101,start_time=133672.539849,nthreads=78,
message=tick stats,tick=101,estimated_current_power=0.000000,
end_task=,name=syrkprofile,elapsed_seconds=0.534536,predicted_seconds=0.000000,time_percent_error=100.000000,nthreads=78,end_time=133673.081539,avg_power_W=143.454545,max_power_W=159.000000,avg_time_s=0.076362,released_listeners=1,
start_task=,name=dosyrk,tick=102,start_time=133673.081612,nthreads=78,
message=tick stats,tick=102,estimated_current_power=0.000000,
end_task=,name=dosyrk,elapsed_seconds=0.120178,predicted_seconds=0.000000,time_percent_error=100.000000,nthreads=78,end_time=133673.202567,avg_power_W=143.500000,max_power_W=159.000000,avg_time_s=0.120178,released_listeners=1,
start_task=,name=dogemm,tick=103,start_time=133673.202636,nthreads=78,
message=tick stats,tick=103,estimated_current_power=0.000000,
end_task=,name=dogemm,elapsed_seconds=0.095767,predicted_seconds=0.000000,time_percent_error=100.000000,nthreads=78,end_time=133673.299138,avg_power_W=135.500000,max_power_W=137.000000,avg_time_s=0.095767,released_listeners=1,
start_task=,name=dosyrk,tick=104,start_time=133673.299204,nthreads=78,
message=tick stats,tick=104,estimated_current_power=0.000000,
end_task=,name=dosyrk,elapsed_seconds=0.124907,predicted_seconds=0.000000,time_percent_error=100.000000,nthreads=78,end_time=133673.432974,avg_power_W=130.333333,max_power_W=132.000000,avg_time_s=0.124907,released_listeners=1,
start_task=,name=potrfprofile,tick=105,start_time=133673.433044,nthreads=78,
message=tick stats,tick=105,estimated_current_power=0.000000,
end_task=,name=potrfprofile,elapsed_seconds=0.546537,predicted_seconds=0.000000,time_percent_error=100.000000,nthreads=78,end_time=133673.981679,avg_power_W=139.727273,max_power_W=145.000000,avg_time_s=0.078077,released_listeners=1,
start_task=,name=dopotrf,tick=106,start_time=133673.981749,nthreads=78,
message=tick stats,tick=106,estimated_current_power=0.000000,
end_task=,name=dopotrf,elapsed_seconds=0.114686,predicted_seconds=0.000000,time_percent_error=100.000000,nthreads=78,end_time=133674.097375,avg_power_W=132.000000,max_power_W=138.000000,avg_time_s=0.114686,released_listeners=1,
start_task=,name=trsmprofile,tick=107,start_time=133674.097441,nthreads=78,
message=tick stats,tick=107,estimated_current_power=0.000000,
end_task=,name=trsmprofile,elapsed_seconds=0.525336,predicted_seconds=0.000000,time_percent_error=100.000000,nthreads=78,end_time=133674.631670,avg_power_W=148.818182,max_power_W=154.000000,avg_time_s=0.040410,released_listeners=1,
start_task=,name=dotrsm,tick=108,start_time=133674.631740,nthreads=78,
message=tick stats,tick=108,estimated_current_power=0.000000,
end_task=,name=dotrsm,elapsed_seconds=0.057910,predicted_seconds=0.000000,time_percent_error=100.000000,nthreads=78,end_time=133674.690600,avg_power_W=147.000000,max_power_W=147.000000,avg_time_s=0.057910,released_listeners=1,
start_task=,name=syrkprofile,tick=109,start_time=133674.690666,nthreads=78,
message=tick stats,tick=109,estimated_current_power=0.000000,
end_task=,name=syrkprofile,elapsed_seconds=0.511454,predicted_seconds=0.000000,time_percent_error=100.000000,nthreads=78,end_time=133675.202948,avg_power_W=143.800000,max_power_W=154.000000,avg_time_s=0.073065,released_listeners=1,
start_task=,name=dosyrk,tick=110,start_time=133675.203015,nthreads=78,
message=tick stats,tick=110,estimated_current_power=0.000000,
end_task=,name=dosyrk,elapsed_seconds=0.122718,predicted_seconds=0.000000,time_percent_error=100.000000,nthreads=78,end_time=133675.331391,avg_power_W=134.333333,max_power_W=139.000000,avg_time_s=0.122718,released_listeners=1,
start_task=,name=potrfprofile,tick=111,start_time=133675.331462,nthreads=78,
message=tick stats,tick=111,estimated_current_power=0.000000,
end_task=,name=potrfprofile,elapsed_seconds=0.545528,predicted_seconds=0.000000,time_percent_error=100.000000,nthreads=78,end_time=133675.882107,avg_power_W=139.545455,max_power_W=149.000000,avg_time_s=0.077933,released_listeners=1,
start_task=,name=dopotrf,tick=112,start_time=133675.882178,nthreads=78,
message=tick stats,tick=112,estimated_current_power=0.000000,
end_task=,name=dopotrf,elapsed_seconds=0.101535,predicted_seconds=0.000000,time_percent_error=100.000000,nthreads=78,end_time=133675.984731,avg_power_W=129.000000,max_power_W=135.000000,avg_time_s=0.101535,released_listeners=0,
est_max_power=0.000000,
average_power_W=129.000000,
max_power_W=135.000000,
time_s=35.567767,
message=ALL DONE,
