message=cataloging configuration,max_threads=76,power_limit=inf,
start_task=,name=potrfprofile,tick=1,start_time=219635.962536,nthreads=76,
message=tick stats,tick=1,estimated_current_power=0.000000,
end_task=,name=potrfprofile,elapsed_seconds=0.554391,predicted_seconds=0.000000,time_percent_error=100.000000,nthreads=76,end_time=219636.526271,avg_power_W=172.727273,max_power_W=182.000000,avg_time_s=0.092399,released_listeners=1,
start_task=,name=dopotrf,tick=2,start_time=219636.526346,nthreads=76,
message=tick stats,tick=2,estimated_current_power=0.000000,
end_task=,name=dopotrf,elapsed_seconds=0.073681,predicted_seconds=0.000000,time_percent_error=100.000000,nthreads=76,end_time=219636.600788,avg_power_W=154.000000,max_power_W=154.000000,avg_time_s=0.073681,released_listeners=5,
start_task=,name=trsmprofile,tick=3,start_time=219636.600852,nthreads=76,
message=tick stats,tick=3,estimated_current_power=0.000000,
end_task=,name=trsmprofile,elapsed_seconds=0.531716,predicted_seconds=0.000000,time_percent_error=100.000000,nthreads=76,end_time=219637.133364,avg_power_W=185.545455,max_power_W=193.000000,avg_time_s=0.026586,released_listeners=1,
start_task=,name=trsmprofile,tick=4,start_time=219637.133427,nthreads=76,
message=tick stats,tick=4,estimated_current_power=0.000000,
end_task=,name=trsmprofile,elapsed_seconds=0.524935,predicted_seconds=0.000000,time_percent_error=100.000000,nthreads=76,end_time=219637.658916,avg_power_W=186.900000,max_power_W=194.000000,avg_time_s=0.026247,released_listeners=1,
start_task=,name=trsmprofile,tick=5,start_time=219637.658978,nthreads=76,
message=tick stats,tick=5,estimated_current_power=0.000000,
end_task=,name=trsmprofile,elapsed_seconds=0.506465,predicted_seconds=0.000000,time_percent_error=100.000000,nthreads=76,end_time=219638.176507,avg_power_W=187.636364,max_power_W=192.000000,avg_time_s=0.026656,released_listeners=1,
start_task=,name=trsmprofile,tick=6,start_time=219638.176573,nthreads=76,
message=tick stats,tick=6,estimated_current_power=0.000000,
end_task=,name=trsmprofile,elapsed_seconds=0.514942,predicted_seconds=0.000000,time_percent_error=100.000000,nthreads=76,end_time=219638.692175,avg_power_W=185.900000,max_power_W=189.000000,avg_time_s=0.027102,released_listeners=1,
start_task=,name=trsmprofile,tick=7,start_time=219638.692271,nthreads=76,
message=tick stats,tick=7,estimated_current_power=0.000000,
end_task=,name=trsmprofile,elapsed_seconds=0.512427,predicted_seconds=0.000000,time_percent_error=100.000000,nthreads=76,end_time=219639.205487,avg_power_W=186.700000,max_power_W=193.000000,avg_time_s=0.026970,released_listeners=1,
start_task=,name=dotrsm,tick=8,start_time=219639.205550,nthreads=76,
message=tick stats,tick=8,estimated_current_power=0.000000,
end_task=,name=dotrsm,elapsed_seconds=0.036202,predicted_seconds=0.000000,time_percent_error=100.000000,nthreads=76,end_time=219639.242457,avg_power_W=192.000000,max_power_W=192.000000,avg_time_s=0.036202,released_listeners=5,
start_task=,name=dotrsm,tick=9,start_time=219639.242521,nthreads=76,
message=tick stats,tick=9,estimated_current_power=0.000000,
end_task=,name=dotrsm,elapsed_seconds=0.035270,predicted_seconds=0.000000,time_percent_error=100.000000,nthreads=76,end_time=219639.278285,avg_power_W=170.000000,max_power_W=170.000000,avg_time_s=0.035270,released_listeners=5,
start_task=,name=dotrsm,tick=10,start_time=219639.278349,nthreads=76,
message=tick stats,tick=10,estimated_current_power=0.000000,
end_task=,name=dotrsm,elapsed_seconds=0.036647,predicted_seconds=0.000000,time_percent_error=100.000000,nthreads=76,end_time=219639.326763,avg_power_W=177.000000,max_power_W=177.000000,avg_time_s=0.036647,released_listeners=5,
start_task=,name=dotrsm,tick=11,start_time=219639.326830,nthreads=76,
message=tick stats,tick=11,estimated_current_power=0.000000,
end_task=,name=dotrsm,elapsed_seconds=0.035556,predicted_seconds=0.000000,time_percent_error=100.000000,nthreads=76,end_time=219639.376578,avg_power_W=157.000000,max_power_W=157.000000,avg_time_s=0.035556,released_listeners=5,
start_task=,name=dotrsm,tick=12,start_time=219639.376645,nthreads=76,
message=tick stats,tick=12,estimated_current_power=0.000000,
end_task=,name=dotrsm,elapsed_seconds=0.034868,predicted_seconds=0.000000,time_percent_error=100.000000,nthreads=76,end_time=219639.412371,avg_power_W=-nan,max_power_W=0.000000,avg_time_s=0.034868,released_listeners=5,
start_task=,name=syrkprofile,tick=13,start_time=219639.426744,nthreads=76,
message=tick stats,tick=13,estimated_current_power=0.000000,
end_task=,name=syrkprofile,elapsed_seconds=0.506596,predicted_seconds=0.000000,time_percent_error=100.000000,nthreads=76,end_time=219639.934039,avg_power_W=185.600000,max_power_W=193.000000,avg_time_s=0.036185,released_listeners=1,
start_task=,name=gemmprofile,tick=14,start_time=219639.934103,nthreads=76,
message=tick stats,tick=14,estimated_current_power=0.000000,
end_task=,name=gemmprofile,elapsed_seconds=0.532909,predicted_seconds=0.000000,time_percent_error=100.000000,nthreads=76,end_time=219640.476784,avg_power_W=190.818182,max_power_W=196.000000,avg_time_s=0.031348,released_listeners=1,
start_task=,name=syrkprofile,tick=15,start_time=219640.476851,nthreads=76,
message=tick stats,tick=15,estimated_current_power=0.000000,
end_task=,name=syrkprofile,elapsed_seconds=0.507664,predicted_seconds=0.000000,time_percent_error=100.000000,nthreads=76,end_time=219640.985207,avg_power_W=187.200000,max_power_W=194.000000,avg_time_s=0.036262,released_listeners=1,
start_task=,name=gemmprofile,tick=16,start_time=219640.985284,nthreads=76,
message=tick stats,tick=16,estimated_current_power=0.000000,
end_task=,name=gemmprofile,elapsed_seconds=0.529748,predicted_seconds=0.000000,time_percent_error=100.000000,nthreads=76,end_time=219641.526738,avg_power_W=190.272727,max_power_W=198.000000,avg_time_s=0.031162,released_listeners=1,
start_task=,name=gemmprofile,tick=17,start_time=219641.526805,nthreads=76,
message=tick stats,tick=17,estimated_current_power=0.000000,
end_task=,name=gemmprofile,elapsed_seconds=0.508959,predicted_seconds=0.000000,time_percent_error=100.000000,nthreads=76,end_time=219642.036457,avg_power_W=189.300000,max_power_W=197.000000,avg_time_s=0.031810,released_listeners=1,
start_task=,name=syrkprofile,tick=18,start_time=219642.036520,nthreads=76,
message=tick stats,tick=18,estimated_current_power=0.000000,
end_task=,name=syrkprofile,elapsed_seconds=0.511301,predicted_seconds=0.000000,time_percent_error=100.000000,nthreads=76,end_time=219642.548486,avg_power_W=188.000000,max_power_W=194.000000,avg_time_s=0.036521,released_listeners=1,
start_task=,name=gemmprofile,tick=19,start_time=219642.548549,nthreads=76,
message=tick stats,tick=19,estimated_current_power=0.000000,
end_task=,name=gemmprofile,elapsed_seconds=0.515673,predicted_seconds=0.000000,time_percent_error=100.000000,nthreads=76,end_time=219643.076682,avg_power_W=189.909091,max_power_W=195.000000,avg_time_s=0.032230,released_listeners=1,
start_task=,name=gemmprofile,tick=20,start_time=219643.076749,nthreads=76,
message=tick stats,tick=20,estimated_current_power=0.000000,
end_task=,name=gemmprofile,elapsed_seconds=0.512025,predicted_seconds=0.000000,time_percent_error=100.000000,nthreads=76,end_time=219643.589510,avg_power_W=189.400000,max_power_W=197.000000,avg_time_s=0.032002,released_listeners=1,
start_task=,name=gemmprofile,tick=21,start_time=219643.589573,nthreads=76,
message=tick stats,tick=21,estimated_current_power=0.000000,
end_task=,name=gemmprofile,elapsed_seconds=0.530135,predicted_seconds=0.000000,time_percent_error=100.000000,nthreads=76,end_time=219644.126884,avg_power_W=191.818182,max_power_W=199.000000,avg_time_s=0.031184,released_listeners=1,
start_task=,name=syrkprofile,tick=22,start_time=219644.126952,nthreads=76,
message=tick stats,tick=22,estimated_current_power=0.000000,
end_task=,name=syrkprofile,elapsed_seconds=0.508026,predicted_seconds=0.000000,time_percent_error=100.000000,nthreads=76,end_time=219644.635691,avg_power_W=188.500000,max_power_W=195.000000,avg_time_s=0.036288,released_listeners=1,
start_task=,name=gemmprofile,tick=23,start_time=219644.635754,nthreads=76,
message=tick stats,tick=23,estimated_current_power=0.000000,
end_task=,name=gemmprofile,elapsed_seconds=0.507612,predicted_seconds=0.000000,time_percent_error=100.000000,nthreads=76,end_time=219645.143995,avg_power_W=192.200000,max_power_W=198.000000,avg_time_s=0.031726,released_listeners=1,
start_task=,name=gemmprofile,tick=24,start_time=219645.144059,nthreads=76,
message=tick stats,tick=24,estimated_current_power=0.000000,
end_task=,name=gemmprofile,elapsed_seconds=0.511820,predicted_seconds=0.000000,time_percent_error=100.000000,nthreads=76,end_time=219645.656510,avg_power_W=190.800000,max_power_W=198.000000,avg_time_s=0.031989,released_listeners=1,
start_task=,name=gemmprofile,tick=25,start_time=219645.656575,nthreads=76,
message=tick stats,tick=25,estimated_current_power=0.000000,
end_task=,name=gemmprofile,elapsed_seconds=0.507650,predicted_seconds=0.000000,time_percent_error=100.000000,nthreads=76,end_time=219646.176665,avg_power_W=193.363636,max_power_W=199.000000,avg_time_s=0.031728,released_listeners=1,
start_task=,name=gemmprofile,tick=26,start_time=219646.176747,nthreads=76,
message=tick stats,tick=26,estimated_current_power=0.000000,
end_task=,name=gemmprofile,elapsed_seconds=0.509483,predicted_seconds=0.000000,time_percent_error=100.000000,nthreads=76,end_time=219646.687062,avg_power_W=190.700000,max_power_W=197.000000,avg_time_s=0.031843,released_listeners=1,
start_task=,name=syrkprofile,tick=27,start_time=219646.687131,nthreads=76,
message=tick stats,tick=27,estimated_current_power=0.000000,
end_task=,name=syrkprofile,elapsed_seconds=0.511714,predicted_seconds=0.000000,time_percent_error=100.000000,nthreads=76,end_time=219647.199550,avg_power_W=188.600000,max_power_W=195.000000,avg_time_s=0.036551,released_listeners=1,
start_task=,name=dosyrk,tick=28,start_time=219647.199615,nthreads=76,
message=tick stats,tick=28,estimated_current_power=0.000000,
end_task=,name=dosyrk,elapsed_seconds=0.079917,predicted_seconds=0.000000,time_percent_error=100.000000,nthreads=76,end_time=219647.280139,avg_power_W=174.000000,max_power_W=191.000000,avg_time_s=0.079917,released_listeners=1,
start_task=,name=dogemm,tick=29,start_time=219647.280225,nthreads=76,
message=tick stats,tick=29,estimated_current_power=0.000000,
end_task=,name=dogemm,elapsed_seconds=0.061474,predicted_seconds=0.000000,time_percent_error=100.000000,nthreads=76,end_time=219647.342358,avg_power_W=187.000000,max_power_W=187.000000,avg_time_s=0.061474,released_listeners=1,
start_task=,name=dosyrk,tick=30,start_time=219647.342422,nthreads=76,
message=tick stats,tick=30,estimated_current_power=0.000000,
end_task=,name=dosyrk,elapsed_seconds=0.081540,predicted_seconds=0.000000,time_percent_error=100.000000,nthreads=76,end_time=219647.427668,avg_power_W=167.500000,max_power_W=179.000000,avg_time_s=0.081540,released_listeners=1,
start_task=,name=dogemm,tick=31,start_time=219647.427736,nthreads=76,
message=tick stats,tick=31,estimated_current_power=0.000000,
end_task=,name=dogemm,elapsed_seconds=0.061437,predicted_seconds=0.000000,time_percent_error=100.000000,nthreads=76,end_time=219647.489802,avg_power_W=180.000000,max_power_W=180.000000,avg_time_s=0.061437,released_listeners=1,
start_task=,name=dogemm,tick=32,start_time=219647.489861,nthreads=76,
message=tick stats,tick=32,estimated_current_power=0.000000,
end_task=,name=dogemm,elapsed_seconds=0.065435,predicted_seconds=0.000000,time_percent_error=100.000000,nthreads=76,end_time=219647.556065,avg_power_W=173.000000,max_power_W=173.000000,avg_time_s=0.065435,released_listeners=0,
start_task=,name=dosyrk,tick=33,start_time=219647.556133,nthreads=76,
message=tick stats,tick=33,estimated_current_power=0.000000,
end_task=,name=dosyrk,elapsed_seconds=0.084362,predicted_seconds=0.000000,time_percent_error=100.000000,nthreads=76,end_time=219647.641183,avg_power_W=169.500000,max_power_W=172.000000,avg_time_s=0.084362,released_listeners=1,
start_task=,name=dogemm,tick=34,start_time=219647.641282,nthreads=76,
message=tick stats,tick=34,estimated_current_power=0.000000,
end_task=,name=dogemm,elapsed_seconds=0.060940,predicted_seconds=0.000000,time_percent_error=100.000000,nthreads=76,end_time=219647.702885,avg_power_W=185.000000,max_power_W=185.000000,avg_time_s=0.060940,released_listeners=1,
start_task=,name=dogemm,tick=35,start_time=219647.702955,nthreads=76,
message=tick stats,tick=35,estimated_current_power=0.000000,
end_task=,name=dogemm,elapsed_seconds=0.059691,predicted_seconds=0.000000,time_percent_error=100.000000,nthreads=76,end_time=219647.776715,avg_power_W=158.500000,max_power_W=161.000000,avg_time_s=0.059691,released_listeners=0,
start_task=,name=dogemm,tick=36,start_time=219647.776782,nthreads=76,
message=tick stats,tick=36,estimated_current_power=0.000000,
end_task=,name=dogemm,elapsed_seconds=0.059615,predicted_seconds=0.000000,time_percent_error=100.000000,nthreads=76,end_time=219647.837065,avg_power_W=148.000000,max_power_W=148.000000,avg_time_s=0.059615,released_listeners=0,
start_task=,name=dosyrk,tick=37,start_time=219647.837133,nthreads=76,
message=tick stats,tick=37,estimated_current_power=0.000000,
end_task=,name=dosyrk,elapsed_seconds=0.078142,predicted_seconds=0.000000,time_percent_error=100.000000,nthreads=76,end_time=219647.926694,avg_power_W=162.500000,max_power_W=168.000000,avg_time_s=0.078142,released_listeners=1,
start_task=,name=dogemm,tick=38,start_time=219647.926762,nthreads=76,
message=tick stats,tick=38,estimated_current_power=0.000000,
end_task=,name=dogemm,elapsed_seconds=0.060537,predicted_seconds=0.000000,time_percent_error=100.000000,nthreads=76,end_time=219647.987982,avg_power_W=158.000000,max_power_W=158.000000,avg_time_s=0.060537,released_listeners=1,
start_task=,name=dogemm,tick=39,start_time=219647.988046,nthreads=76,
message=tick stats,tick=39,estimated_current_power=0.000000,
end_task=,name=dogemm,elapsed_seconds=0.061133,predicted_seconds=0.000000,time_percent_error=100.000000,nthreads=76,end_time=219648.049831,avg_power_W=176.000000,max_power_W=176.000000,avg_time_s=0.061133,released_listeners=0,
start_task=,name=dogemm,tick=40,start_time=219648.049891,nthreads=76,
message=tick stats,tick=40,estimated_current_power=0.000000,
end_task=,name=dogemm,elapsed_seconds=0.059648,predicted_seconds=0.000000,time_percent_error=100.000000,nthreads=76,end_time=219648.110228,avg_power_W=165.000000,max_power_W=165.000000,avg_time_s=0.059648,released_listeners=0,
start_task=,name=dogemm,tick=41,start_time=219648.110293,nthreads=76,
message=tick stats,tick=41,estimated_current_power=0.000000,
end_task=,name=dogemm,elapsed_seconds=0.060884,predicted_seconds=0.000000,time_percent_error=100.000000,nthreads=76,end_time=219648.176682,avg_power_W=167.000000,max_power_W=171.000000,avg_time_s=0.060884,released_listeners=0,
start_task=,name=dosyrk,tick=42,start_time=219648.176749,nthreads=76,
message=tick stats,tick=42,estimated_current_power=0.000000,
end_task=,name=dosyrk,elapsed_seconds=0.078324,predicted_seconds=0.000000,time_percent_error=100.000000,nthreads=76,end_time=219648.255839,avg_power_W=168.000000,max_power_W=168.000000,avg_time_s=0.078324,released_listeners=1,
start_task=,name=potrfprofile,tick=43,start_time=219648.255899,nthreads=76,
message=tick stats,tick=43,estimated_current_power=0.000000,
end_task=,name=potrfprofile,elapsed_seconds=0.515207,predicted_seconds=0.000000,time_percent_error=100.000000,nthreads=76,end_time=219648.777114,avg_power_W=168.909091,max_power_W=175.000000,avg_time_s=0.046837,released_listeners=1,
start_task=,name=dopotrf,tick=44,start_time=219648.777333,nthreads=76,
message=tick stats,tick=44,estimated_current_power=0.000000,
end_task=,name=dopotrf,elapsed_seconds=0.064242,predicted_seconds=0.000000,time_percent_error=100.000000,nthreads=76,end_time=219648.842316,avg_power_W=169.000000,max_power_W=169.000000,avg_time_s=0.064242,released_listeners=4,
start_task=,name=trsmprofile,tick=45,start_time=219648.842376,nthreads=76,
message=tick stats,tick=45,estimated_current_power=0.000000,
end_task=,name=trsmprofile,elapsed_seconds=0.525291,predicted_seconds=0.000000,time_percent_error=100.000000,nthreads=76,end_time=219649.376631,avg_power_W=187.000000,max_power_W=193.000000,avg_time_s=0.026265,released_listeners=1,
start_task=,name=trsmprofile,tick=46,start_time=219649.376706,nthreads=76,
message=tick stats,tick=46,estimated_current_power=0.000000,
end_task=,name=trsmprofile,elapsed_seconds=0.513594,predicted_seconds=0.000000,time_percent_error=100.000000,nthreads=76,end_time=219649.890987,avg_power_W=185.300000,max_power_W=190.000000,avg_time_s=0.027031,released_listeners=1,
start_task=,name=trsmprofile,tick=47,start_time=219649.891051,nthreads=76,
message=tick stats,tick=47,estimated_current_power=0.000000,
end_task=,name=trsmprofile,elapsed_seconds=0.529395,predicted_seconds=0.000000,time_percent_error=100.000000,nthreads=76,end_time=219650.426590,avg_power_W=188.545455,max_power_W=195.000000,avg_time_s=0.026470,released_listeners=1,
start_task=,name=trsmprofile,tick=48,start_time=219650.426657,nthreads=76,
message=tick stats,tick=48,estimated_current_power=0.000000,
end_task=,name=trsmprofile,elapsed_seconds=0.524345,predicted_seconds=0.000000,time_percent_error=100.000000,nthreads=76,end_time=219650.951744,avg_power_W=186.300000,max_power_W=192.000000,avg_time_s=0.027597,released_listeners=1,
start_task=,name=dotrsm,tick=49,start_time=219650.951809,nthreads=76,
message=tick stats,tick=49,estimated_current_power=0.000000,
end_task=,name=dotrsm,elapsed_seconds=0.037701,predicted_seconds=0.000000,time_percent_error=100.000000,nthreads=76,end_time=219650.990224,avg_power_W=189.000000,max_power_W=189.000000,avg_time_s=0.037701,released_listeners=4,
start_task=,name=dotrsm,tick=50,start_time=219650.990286,nthreads=76,
message=tick stats,tick=50,estimated_current_power=0.000000,
end_task=,name=dotrsm,elapsed_seconds=0.037019,predicted_seconds=0.000000,time_percent_error=100.000000,nthreads=76,end_time=219651.027973,avg_power_W=168.000000,max_power_W=168.000000,avg_time_s=0.037019,released_listeners=4,
start_task=,name=dotrsm,tick=51,start_time=219651.028039,nthreads=76,
message=tick stats,tick=51,estimated_current_power=0.000000,
end_task=,name=dotrsm,elapsed_seconds=0.037854,predicted_seconds=0.000000,time_percent_error=100.000000,nthreads=76,end_time=219651.076634,avg_power_W=176.000000,max_power_W=176.000000,avg_time_s=0.037854,released_listeners=4,
start_task=,name=dotrsm,tick=52,start_time=219651.076703,nthreads=76,
message=tick stats,tick=52,estimated_current_power=0.000000,
end_task=,name=dotrsm,elapsed_seconds=0.037972,predicted_seconds=0.000000,time_percent_error=100.000000,nthreads=76,end_time=219651.126834,avg_power_W=164.000000,max_power_W=164.000000,avg_time_s=0.037972,released_listeners=4,
start_task=,name=syrkprofile,tick=53,start_time=219651.126902,nthreads=76,
message=tick stats,tick=53,estimated_current_power=0.000000,
end_task=,name=syrkprofile,elapsed_seconds=0.540666,predicted_seconds=0.000000,time_percent_error=100.000000,nthreads=76,end_time=219651.676743,avg_power_W=186.272727,max_power_W=193.000000,avg_time_s=0.038619,released_listeners=1,
start_task=,name=gemmprofile,tick=54,start_time=219651.676827,nthreads=76,
message=tick stats,tick=54,estimated_current_power=0.000000,
end_task=,name=gemmprofile,elapsed_seconds=0.533649,predicted_seconds=0.000000,time_percent_error=100.000000,nthreads=76,end_time=219652.211265,avg_power_W=188.400000,max_power_W=196.000000,avg_time_s=0.033353,released_listeners=1,
start_task=,name=syrkprofile,tick=55,start_time=219652.211330,nthreads=76,
message=tick stats,tick=55,estimated_current_power=0.000000,
end_task=,name=syrkprofile,elapsed_seconds=0.515375,predicted_seconds=0.000000,time_percent_error=100.000000,nthreads=76,end_time=219652.727557,avg_power_W=187.090909,max_power_W=193.000000,avg_time_s=0.039644,released_listeners=1,
start_task=,name=gemmprofile,tick=56,start_time=219652.727622,nthreads=76,
message=tick stats,tick=56,estimated_current_power=0.000000,
end_task=,name=gemmprofile,elapsed_seconds=0.518395,predicted_seconds=0.000000,time_percent_error=100.000000,nthreads=76,end_time=219653.246725,avg_power_W=191.400000,max_power_W=199.000000,avg_time_s=0.032400,released_listeners=1,
start_task=,name=gemmprofile,tick=57,start_time=219653.246789,nthreads=76,
message=tick stats,tick=57,estimated_current_power=0.000000,
end_task=,name=gemmprofile,elapsed_seconds=0.525677,predicted_seconds=0.000000,time_percent_error=100.000000,nthreads=76,end_time=219653.776859,avg_power_W=191.181818,max_power_W=199.000000,avg_time_s=0.032855,released_listeners=1,
start_task=,name=syrkprofile,tick=58,start_time=219653.776927,nthreads=76,
message=tick stats,tick=58,estimated_current_power=0.000000,
end_task=,name=syrkprofile,elapsed_seconds=0.505237,predicted_seconds=0.000000,time_percent_error=100.000000,nthreads=76,end_time=219654.282876,avg_power_W=187.600000,max_power_W=195.000000,avg_time_s=0.036088,released_listeners=1,
start_task=,name=gemmprofile,tick=59,start_time=219654.282941,nthreads=76,
message=tick stats,tick=59,estimated_current_power=0.000000,
end_task=,name=gemmprofile,elapsed_seconds=0.530593,predicted_seconds=0.000000,time_percent_error=100.000000,nthreads=76,end_time=219654.826598,avg_power_W=192.545455,max_power_W=198.000000,avg_time_s=0.033162,released_listeners=1,
start_task=,name=gemmprofile,tick=60,start_time=219654.826666,nthreads=76,
message=tick stats,tick=60,estimated_current_power=0.000000,
end_task=,name=gemmprofile,elapsed_seconds=0.519618,predicted_seconds=0.000000,time_percent_error=100.000000,nthreads=76,end_time=219655.346862,avg_power_W=190.400000,max_power_W=195.000000,avg_time_s=0.032476,released_listeners=1,
start_task=,name=gemmprofile,tick=61,start_time=219655.346926,nthreads=76,
message=tick stats,tick=61,estimated_current_power=0.000000,
end_task=,name=gemmprofile,elapsed_seconds=0.529795,predicted_seconds=0.000000,time_percent_error=100.000000,nthreads=76,end_time=219655.877570,avg_power_W=191.545455,max_power_W=197.000000,avg_time_s=0.033112,released_listeners=1,
start_task=,name=syrkprofile,tick=62,start_time=219655.877635,nthreads=76,
message=tick stats,tick=62,estimated_current_power=0.000000,
end_task=,name=syrkprofile,elapsed_seconds=0.507996,predicted_seconds=0.000000,time_percent_error=100.000000,nthreads=76,end_time=219656.386266,avg_power_W=190.400000,max_power_W=195.000000,avg_time_s=0.036285,released_listeners=1,
start_task=,name=dosyrk,tick=63,start_time=219656.386331,nthreads=76,
message=tick stats,tick=63,estimated_current_power=0.000000,
end_task=,name=dosyrk,elapsed_seconds=0.080284,predicted_seconds=0.000000,time_percent_error=100.000000,nthreads=76,end_time=219656.476317,avg_power_W=170.500000,max_power_W=184.000000,avg_time_s=0.080284,released_listeners=1,
start_task=,name=dogemm,tick=64,start_time=219656.476385,nthreads=76,
message=tick stats,tick=64,estimated_current_power=0.000000,
end_task=,name=dogemm,elapsed_seconds=0.060161,predicted_seconds=0.000000,time_percent_error=100.000000,nthreads=76,end_time=219656.537232,avg_power_W=155.000000,max_power_W=155.000000,avg_time_s=0.060161,released_listeners=1,
start_task=,name=dosyrk,tick=65,start_time=219656.537298,nthreads=76,
message=tick stats,tick=65,estimated_current_power=0.000000,
end_task=,name=dosyrk,elapsed_seconds=0.077721,predicted_seconds=0.000000,time_percent_error=100.000000,nthreads=76,end_time=219656.626361,avg_power_W=167.000000,max_power_W=177.000000,avg_time_s=0.077721,released_listeners=1,
start_task=,name=dogemm,tick=66,start_time=219656.626430,nthreads=76,
message=tick stats,tick=66,estimated_current_power=0.000000,
end_task=,name=dogemm,elapsed_seconds=0.060108,predicted_seconds=0.000000,time_percent_error=100.000000,nthreads=76,end_time=219656.687184,avg_power_W=163.000000,max_power_W=163.000000,avg_time_s=0.060108,released_listeners=1,
start_task=,name=dogemm,tick=67,start_time=219656.687292,nthreads=76,
message=tick stats,tick=67,estimated_current_power=0.000000,
end_task=,name=dogemm,elapsed_seconds=0.058785,predicted_seconds=0.000000,time_percent_error=100.000000,nthreads=76,end_time=219656.746922,avg_power_W=171.000000,max_power_W=171.000000,avg_time_s=0.058785,released_listeners=0,
start_task=,name=dosyrk,tick=68,start_time=219656.746986,nthreads=76,
message=tick stats,tick=68,estimated_current_power=0.000000,
end_task=,name=dosyrk,elapsed_seconds=0.079130,predicted_seconds=0.000000,time_percent_error=100.000000,nthreads=76,end_time=219656.826984,avg_power_W=161.000000,max_power_W=165.000000,avg_time_s=0.079130,released_listeners=1,
start_task=,name=dogemm,tick=69,start_time=219656.827055,nthreads=76,
message=tick stats,tick=69,estimated_current_power=0.000000,
end_task=,name=dogemm,elapsed_seconds=0.059618,predicted_seconds=0.000000,time_percent_error=100.000000,nthreads=76,end_time=219656.887331,avg_power_W=185.000000,max_power_W=185.000000,avg_time_s=0.059618,released_listeners=1,
start_task=,name=dogemm,tick=70,start_time=219656.887396,nthreads=76,
message=tick stats,tick=70,estimated_current_power=0.000000,
end_task=,name=dogemm,elapsed_seconds=0.060705,predicted_seconds=0.000000,time_percent_error=100.000000,nthreads=76,end_time=219656.948789,avg_power_W=185.000000,max_power_W=185.000000,avg_time_s=0.060705,released_listeners=0,
start_task=,name=dogemm,tick=71,start_time=219656.948853,nthreads=76,
message=tick stats,tick=71,estimated_current_power=0.000000,
end_task=,name=dogemm,elapsed_seconds=0.062093,predicted_seconds=0.000000,time_percent_error=100.000000,nthreads=76,end_time=219657.011621,avg_power_W=171.000000,max_power_W=171.000000,avg_time_s=0.062093,released_listeners=0,
start_task=,name=dosyrk,tick=72,start_time=219657.011681,nthreads=76,
message=tick stats,tick=72,estimated_current_power=0.000000,
end_task=,name=dosyrk,elapsed_seconds=0.079414,predicted_seconds=0.000000,time_percent_error=100.000000,nthreads=76,end_time=219657.091801,avg_power_W=158.500000,max_power_W=166.000000,avg_time_s=0.079414,released_listeners=1,
start_task=,name=potrfprofile,tick=73,start_time=219657.091862,nthreads=76,
message=tick stats,tick=73,estimated_current_power=0.000000,
end_task=,name=potrfprofile,elapsed_seconds=0.524823,predicted_seconds=0.000000,time_percent_error=100.000000,nthreads=76,end_time=219657.626203,avg_power_W=170.909091,max_power_W=175.000000,avg_time_s=0.047711,released_listeners=1,
start_task=,name=dopotrf,tick=74,start_time=219657.626271,nthreads=76,
message=tick stats,tick=74,estimated_current_power=0.000000,
end_task=,name=dopotrf,elapsed_seconds=0.066828,predicted_seconds=0.000000,time_percent_error=100.000000,nthreads=76,end_time=219657.693760,avg_power_W=160.000000,max_power_W=160.000000,avg_time_s=0.066828,released_listeners=3,
start_task=,name=trsmprofile,tick=75,start_time=219657.693821,nthreads=76,
message=tick stats,tick=75,estimated_current_power=0.000000,
end_task=,name=trsmprofile,elapsed_seconds=0.528835,predicted_seconds=0.000000,time_percent_error=100.000000,nthreads=76,end_time=219658.226429,avg_power_W=187.181818,max_power_W=193.000000,avg_time_s=0.026442,released_listeners=1,
start_task=,name=trsmprofile,tick=76,start_time=219658.226497,nthreads=76,
message=tick stats,tick=76,estimated_current_power=0.000000,
end_task=,name=trsmprofile,elapsed_seconds=0.523058,predicted_seconds=0.000000,time_percent_error=100.000000,nthreads=76,end_time=219658.750274,avg_power_W=188.500000,max_power_W=194.000000,avg_time_s=0.027529,released_listeners=1,
start_task=,name=trsmprofile,tick=77,start_time=219658.750338,nthreads=76,
message=tick stats,tick=77,estimated_current_power=0.000000,
end_task=,name=trsmprofile,elapsed_seconds=0.516135,predicted_seconds=0.000000,time_percent_error=100.000000,nthreads=76,end_time=219659.276515,avg_power_W=186.636364,max_power_W=191.000000,avg_time_s=0.027165,released_listeners=1,
start_task=,name=dotrsm,tick=78,start_time=219659.276584,nthreads=76,
message=tick stats,tick=78,estimated_current_power=0.000000,
end_task=,name=dotrsm,elapsed_seconds=0.035828,predicted_seconds=0.000000,time_percent_error=100.000000,nthreads=76,end_time=219659.326634,avg_power_W=174.000000,max_power_W=174.000000,avg_time_s=0.035828,released_listeners=3,
start_task=,name=dotrsm,tick=79,start_time=219659.326703,nthreads=76,
message=tick stats,tick=79,estimated_current_power=0.000000,
end_task=,name=dotrsm,elapsed_seconds=0.037106,predicted_seconds=0.000000,time_percent_error=100.000000,nthreads=76,end_time=219659.376473,avg_power_W=156.000000,max_power_W=156.000000,avg_time_s=0.037106,released_listeners=3,
start_task=,name=dotrsm,tick=80,start_time=219659.376549,nthreads=76,
message=tick stats,tick=80,estimated_current_power=0.000000,
end_task=,name=dotrsm,elapsed_seconds=0.037488,predicted_seconds=0.000000,time_percent_error=100.000000,nthreads=76,end_time=219659.426485,avg_power_W=159.000000,max_power_W=159.000000,avg_time_s=0.037488,released_listeners=3,
start_task=,name=syrkprofile,tick=81,start_time=219659.426553,nthreads=76,
message=tick stats,tick=81,estimated_current_power=0.000000,
end_task=,name=syrkprofile,elapsed_seconds=0.505483,predicted_seconds=0.000000,time_percent_error=100.000000,nthreads=76,end_time=219659.932680,avg_power_W=184.100000,max_power_W=194.000000,avg_time_s=0.038883,released_listeners=1,
start_task=,name=gemmprofile,tick=82,start_time=219659.932745,nthreads=76,
message=tick stats,tick=82,estimated_current_power=0.000000,
end_task=,name=gemmprofile,elapsed_seconds=0.533725,predicted_seconds=0.000000,time_percent_error=100.000000,nthreads=76,end_time=219660.476487,avg_power_W=191.454545,max_power_W=197.000000,avg_time_s=0.031396,released_listeners=1,
start_task=,name=syrkprofile,tick=83,start_time=219660.476556,nthreads=76,
message=tick stats,tick=83,estimated_current_power=0.000000,
end_task=,name=syrkprofile,elapsed_seconds=0.534749,predicted_seconds=0.000000,time_percent_error=100.000000,nthreads=76,end_time=219661.011989,avg_power_W=185.000000,max_power_W=195.000000,avg_time_s=0.038196,released_listeners=1,
start_task=,name=gemmprofile,tick=84,start_time=219661.012053,nthreads=76,
message=tick stats,tick=84,estimated_current_power=0.000000,
end_task=,name=gemmprofile,elapsed_seconds=0.505652,predicted_seconds=0.000000,time_percent_error=100.000000,nthreads=76,end_time=219661.526444,avg_power_W=191.727273,max_power_W=198.000000,avg_time_s=0.031603,released_listeners=1,
start_task=,name=gemmprofile,tick=85,start_time=219661.526512,nthreads=76,
message=tick stats,tick=85,estimated_current_power=0.000000,
end_task=,name=gemmprofile,elapsed_seconds=0.528223,predicted_seconds=0.000000,time_percent_error=100.000000,nthreads=76,end_time=219662.055523,avg_power_W=189.800000,max_power_W=198.000000,avg_time_s=0.033014,released_listeners=1,
start_task=,name=syrkprofile,tick=86,start_time=219662.055589,nthreads=76,
message=tick stats,tick=86,estimated_current_power=0.000000,
end_task=,name=syrkprofile,elapsed_seconds=0.515533,predicted_seconds=0.000000,time_percent_error=100.000000,nthreads=76,end_time=219662.576479,avg_power_W=188.000000,max_power_W=195.000000,avg_time_s=0.036824,released_listeners=1,
start_task=,name=dosyrk,tick=87,start_time=219662.576547,nthreads=76,
message=tick stats,tick=87,estimated_current_power=0.000000,
end_task=,name=dosyrk,elapsed_seconds=0.084001,predicted_seconds=0.000000,time_percent_error=100.000000,nthreads=76,end_time=219662.661380,avg_power_W=179.000000,max_power_W=179.000000,avg_time_s=0.084001,released_listeners=1,
start_task=,name=dogemm,tick=88,start_time=219662.661445,nthreads=76,
message=tick stats,tick=88,estimated_current_power=0.000000,
end_task=,name=dogemm,elapsed_seconds=0.064201,predicted_seconds=0.000000,time_percent_error=100.000000,nthreads=76,end_time=219662.726541,avg_power_W=173.500000,max_power_W=176.000000,avg_time_s=0.064201,released_listeners=1,
start_task=,name=dosyrk,tick=89,start_time=219662.726607,nthreads=76,
message=tick stats,tick=89,estimated_current_power=0.000000,
end_task=,name=dosyrk,elapsed_seconds=0.081409,predicted_seconds=0.000000,time_percent_error=100.000000,nthreads=76,end_time=219662.808725,avg_power_W=185.000000,max_power_W=185.000000,avg_time_s=0.081409,released_listeners=1,
start_task=,name=dogemm,tick=90,start_time=219662.808786,nthreads=76,
message=tick stats,tick=90,estimated_current_power=0.000000,
end_task=,name=dogemm,elapsed_seconds=0.061192,predicted_seconds=0.000000,time_percent_error=100.000000,nthreads=76,end_time=219662.876942,avg_power_W=165.500000,max_power_W=170.000000,avg_time_s=0.061192,released_listeners=1,
start_task=,name=dogemm,tick=91,start_time=219662.877012,nthreads=76,
message=tick stats,tick=91,estimated_current_power=0.000000,
end_task=,name=dogemm,elapsed_seconds=0.060407,predicted_seconds=0.000000,time_percent_error=100.000000,nthreads=76,end_time=219662.938053,avg_power_W=176.000000,max_power_W=176.000000,avg_time_s=0.060407,released_listeners=0,
start_task=,name=dosyrk,tick=92,start_time=219662.938118,nthreads=76,
message=tick stats,tick=92,estimated_current_power=0.000000,
end_task=,name=dosyrk,elapsed_seconds=0.078501,predicted_seconds=0.000000,time_percent_error=100.000000,nthreads=76,end_time=219663.026761,avg_power_W=169.000000,max_power_W=184.000000,avg_time_s=0.078501,released_listeners=1,
start_task=,name=potrfprofile,tick=93,start_time=219663.026829,nthreads=76,
message=tick stats,tick=93,estimated_current_power=0.000000,
end_task=,name=potrfprofile,elapsed_seconds=0.523339,predicted_seconds=0.000000,time_percent_error=100.000000,nthreads=76,end_time=219663.550938,avg_power_W=170.200000,max_power_W=176.000000,avg_time_s=0.047576,released_listeners=1,
start_task=,name=dopotrf,tick=94,start_time=219663.551003,nthreads=76,
message=tick stats,tick=94,estimated_current_power=0.000000,
end_task=,name=dopotrf,elapsed_seconds=0.064731,predicted_seconds=0.000000,time_percent_error=100.000000,nthreads=76,end_time=219663.626416,avg_power_W=170.000000,max_power_W=170.000000,avg_time_s=0.064731,released_listeners=2,
start_task=,name=trsmprofile,tick=95,start_time=219663.626484,nthreads=76,
message=tick stats,tick=95,estimated_current_power=0.000000,
end_task=,name=trsmprofile,elapsed_seconds=0.524018,predicted_seconds=0.000000,time_percent_error=100.000000,nthreads=76,end_time=219664.151149,avg_power_W=185.500000,max_power_W=190.000000,avg_time_s=0.027580,released_listeners=1,
start_task=,name=trsmprofile,tick=96,start_time=219664.151246,nthreads=76,
message=tick stats,tick=96,estimated_current_power=0.000000,
end_task=,name=trsmprofile,elapsed_seconds=0.509642,predicted_seconds=0.000000,time_percent_error=100.000000,nthreads=76,end_time=219664.661728,avg_power_W=187.300000,max_power_W=194.000000,avg_time_s=0.028313,released_listeners=1,
start_task=,name=dotrsm,tick=97,start_time=219664.661795,nthreads=76,
message=tick stats,tick=97,estimated_current_power=0.000000,
end_task=,name=dotrsm,elapsed_seconds=0.038628,predicted_seconds=0.000000,time_percent_error=100.000000,nthreads=76,end_time=219664.701222,avg_power_W=186.000000,max_power_W=186.000000,avg_time_s=0.038628,released_listeners=2,
start_task=,name=dotrsm,tick=98,start_time=219664.701290,nthreads=76,
message=tick stats,tick=98,estimated_current_power=0.000000,
end_task=,name=dotrsm,elapsed_seconds=0.036777,predicted_seconds=0.000000,time_percent_error=100.000000,nthreads=76,end_time=219664.739442,avg_power_W=175.000000,max_power_W=175.000000,avg_time_s=0.036777,released_listeners=2,
start_task=,name=syrkprofile,tick=99,start_time=219664.739502,nthreads=76,
message=tick stats,tick=99,estimated_current_power=0.000000,
end_task=,name=syrkprofile,elapsed_seconds=0.507198,predicted_seconds=0.000000,time_percent_error=100.000000,nthreads=76,end_time=219665.247357,avg_power_W=186.600000,max_power_W=196.000000,avg_time_s=0.036228,released_listeners=1,
start_task=,name=gemmprofile,tick=100,start_time=219665.247423,nthreads=76,
message=tick stats,tick=100,estimated_current_power=0.000000,
end_task=,name=gemmprofile,elapsed_seconds=0.527393,predicted_seconds=0.000000,time_percent_error=100.000000,nthreads=76,end_time=219665.776565,avg_power_W=191.818182,max_power_W=198.000000,avg_time_s=0.032962,released_listeners=1,
start_task=,name=syrkprofile,tick=101,start_time=219665.776633,nthreads=76,
message=tick stats,tick=101,estimated_current_power=0.000000,
end_task=,name=syrkprofile,elapsed_seconds=0.516416,predicted_seconds=0.000000,time_percent_error=100.000000,nthreads=76,end_time=219666.293695,avg_power_W=187.800000,max_power_W=194.000000,avg_time_s=0.036887,released_listeners=1,
start_task=,name=dosyrk,tick=102,start_time=219666.293762,nthreads=76,
message=tick stats,tick=102,estimated_current_power=0.000000,
end_task=,name=dosyrk,elapsed_seconds=0.079999,predicted_seconds=0.000000,time_percent_error=100.000000,nthreads=76,end_time=219666.376491,avg_power_W=174.500000,max_power_W=194.000000,avg_time_s=0.079999,released_listeners=1,
start_task=,name=dogemm,tick=103,start_time=219666.376562,nthreads=76,
message=tick stats,tick=103,estimated_current_power=0.000000,
end_task=,name=dogemm,elapsed_seconds=0.058413,predicted_seconds=0.000000,time_percent_error=100.000000,nthreads=76,end_time=219666.435897,avg_power_W=186.000000,max_power_W=186.000000,avg_time_s=0.058413,released_listeners=1,
start_task=,name=dosyrk,tick=104,start_time=219666.435958,nthreads=76,
message=tick stats,tick=104,estimated_current_power=0.000000,
end_task=,name=dosyrk,elapsed_seconds=0.079741,predicted_seconds=0.000000,time_percent_error=100.000000,nthreads=76,end_time=219666.526500,avg_power_W=174.500000,max_power_W=185.000000,avg_time_s=0.079741,released_listeners=1,
start_task=,name=potrfprofile,tick=105,start_time=219666.526569,nthreads=76,
message=tick stats,tick=105,estimated_current_power=0.000000,
end_task=,name=potrfprofile,elapsed_seconds=0.512403,predicted_seconds=0.000000,time_percent_error=100.000000,nthreads=76,end_time=219667.039615,avg_power_W=171.400000,max_power_W=176.000000,avg_time_s=0.046582,released_listeners=1,
start_task=,name=dopotrf,tick=106,start_time=219667.039680,nthreads=76,
message=tick stats,tick=106,estimated_current_power=0.000000,
end_task=,name=dopotrf,elapsed_seconds=0.067437,predicted_seconds=0.000000,time_percent_error=100.000000,nthreads=76,end_time=219667.107761,avg_power_W=165.000000,max_power_W=165.000000,avg_time_s=0.067437,released_listeners=1,
start_task=,name=trsmprofile,tick=107,start_time=219667.107827,nthreads=76,
message=tick stats,tick=107,estimated_current_power=0.000000,
end_task=,name=trsmprofile,elapsed_seconds=0.519860,predicted_seconds=0.000000,time_percent_error=100.000000,nthreads=76,end_time=219667.628184,avg_power_W=186.181818,max_power_W=194.000000,avg_time_s=0.027361,released_listeners=1,
start_task=,name=dotrsm,tick=108,start_time=219667.628250,nthreads=76,
message=tick stats,tick=108,estimated_current_power=0.000000,
end_task=,name=dotrsm,elapsed_seconds=0.043641,predicted_seconds=0.000000,time_percent_error=100.000000,nthreads=76,end_time=219667.676436,avg_power_W=178.000000,max_power_W=178.000000,avg_time_s=0.043641,released_listeners=1,
start_task=,name=syrkprofile,tick=109,start_time=219667.676505,nthreads=76,
message=tick stats,tick=109,estimated_current_power=0.000000,
end_task=,name=syrkprofile,elapsed_seconds=0.528811,predicted_seconds=0.000000,time_percent_error=100.000000,nthreads=76,end_time=219668.205964,avg_power_W=185.100000,max_power_W=194.000000,avg_time_s=0.037772,released_listeners=1,
start_task=,name=dosyrk,tick=110,start_time=219668.206030,nthreads=76,
message=tick stats,tick=110,estimated_current_power=0.000000,
end_task=,name=dosyrk,elapsed_seconds=0.078887,predicted_seconds=0.000000,time_percent_error=100.000000,nthreads=76,end_time=219668.285562,avg_power_W=174.000000,max_power_W=193.000000,avg_time_s=0.078887,released_listeners=1,
start_task=,name=potrfprofile,tick=111,start_time=219668.285627,nthreads=76,
message=tick stats,tick=111,estimated_current_power=0.000000,
end_task=,name=potrfprofile,elapsed_seconds=0.511435,predicted_seconds=0.000000,time_percent_error=100.000000,nthreads=76,end_time=219668.797826,avg_power_W=172.100000,max_power_W=179.000000,avg_time_s=0.046494,released_listeners=1,
start_task=,name=dopotrf,tick=112,start_time=219668.797892,nthreads=76,
message=tick stats,tick=112,estimated_current_power=0.000000,
end_task=,name=dopotrf,elapsed_seconds=0.067919,predicted_seconds=0.000000,time_percent_error=100.000000,nthreads=76,end_time=219668.876638,avg_power_W=165.500000,max_power_W=174.000000,avg_time_s=0.067919,released_listeners=0,
est_max_power=0.000000,
average_power_W=165.500000,
max_power_W=174.000000,
time_s=32.914281,
message=ALL DONE,
