message=cataloging configuration,max_threads=102,power_limit=inf,
start_task=,name=potrfprofile,tick=1,start_time=157916.441974,nthreads=102,
message=tick stats,tick=1,estimated_current_power=0.000000,
end_task=,name=potrfprofile,elapsed_seconds=0.542745,predicted_seconds=0.000000,time_percent_error=100.000000,nthreads=102,end_time=157916.986048,avg_power_W=147.400000,max_power_W=154.000000,avg_time_s=0.271373,released_listeners=1,
start_task=,name=dopotrf,tick=2,start_time=157916.986133,nthreads=102,
message=tick stats,tick=2,estimated_current_power=0.000000,
end_task=,name=dopotrf,elapsed_seconds=0.119990,predicted_seconds=0.000000,time_percent_error=100.000000,nthreads=102,end_time=157917.107509,avg_power_W=143.666667,max_power_W=151.000000,avg_time_s=0.119990,released_listeners=5,
start_task=,name=trsmprofile,tick=3,start_time=157917.107591,nthreads=102,
message=tick stats,tick=3,estimated_current_power=0.000000,
end_task=,name=trsmprofile,elapsed_seconds=0.523518,predicted_seconds=0.000000,time_percent_error=100.000000,nthreads=102,end_time=157917.631832,avg_power_W=162.400000,max_power_W=169.000000,avg_time_s=0.034901,released_listeners=1,
start_task=,name=trsmprofile,tick=4,start_time=157917.631909,nthreads=102,
message=tick stats,tick=4,estimated_current_power=0.000000,
end_task=,name=trsmprofile,elapsed_seconds=0.520431,predicted_seconds=0.000000,time_percent_error=100.000000,nthreads=102,end_time=157918.156643,avg_power_W=164.545455,max_power_W=169.000000,avg_time_s=0.034695,released_listeners=1,
start_task=,name=trsmprofile,tick=5,start_time=157918.156724,nthreads=102,
message=tick stats,tick=5,estimated_current_power=0.000000,
end_task=,name=trsmprofile,elapsed_seconds=0.514633,predicted_seconds=0.000000,time_percent_error=100.000000,nthreads=102,end_time=157918.672108,avg_power_W=164.600000,max_power_W=168.000000,avg_time_s=0.036759,released_listeners=1,
start_task=,name=trsmprofile,tick=6,start_time=157918.672187,nthreads=102,
message=tick stats,tick=6,estimated_current_power=0.000000,
end_task=,name=trsmprofile,elapsed_seconds=0.518961,predicted_seconds=0.000000,time_percent_error=100.000000,nthreads=102,end_time=157919.206856,avg_power_W=162.545455,max_power_W=167.000000,avg_time_s=0.039920,released_listeners=1,
start_task=,name=trsmprofile,tick=7,start_time=157919.206938,nthreads=102,
message=tick stats,tick=7,estimated_current_power=0.000000,
end_task=,name=trsmprofile,elapsed_seconds=0.538329,predicted_seconds=0.000000,time_percent_error=100.000000,nthreads=102,end_time=157919.757560,avg_power_W=162.727273,max_power_W=167.000000,avg_time_s=0.038452,released_listeners=1,
start_task=,name=dotrsm,tick=8,start_time=157919.757641,nthreads=102,
message=tick stats,tick=8,estimated_current_power=0.000000,
end_task=,name=dotrsm,elapsed_seconds=0.056436,predicted_seconds=0.000000,time_percent_error=100.000000,nthreads=102,end_time=157919.814670,avg_power_W=166.000000,max_power_W=166.000000,avg_time_s=0.056436,released_listeners=5,
start_task=,name=dotrsm,tick=9,start_time=157919.814753,nthreads=102,
message=tick stats,tick=9,estimated_current_power=0.000000,
end_task=,name=dotrsm,elapsed_seconds=0.059360,predicted_seconds=0.000000,time_percent_error=100.000000,nthreads=102,end_time=157919.874751,avg_power_W=139.000000,max_power_W=139.000000,avg_time_s=0.059360,released_listeners=5,
start_task=,name=dotrsm,tick=10,start_time=157919.874829,nthreads=102,
message=tick stats,tick=10,estimated_current_power=0.000000,
end_task=,name=dotrsm,elapsed_seconds=0.061350,predicted_seconds=0.000000,time_percent_error=100.000000,nthreads=102,end_time=157919.936727,avg_power_W=151.000000,max_power_W=151.000000,avg_time_s=0.061350,released_listeners=5,
start_task=,name=dotrsm,tick=11,start_time=157919.936805,nthreads=102,
message=tick stats,tick=11,estimated_current_power=0.000000,
end_task=,name=dotrsm,elapsed_seconds=0.058221,predicted_seconds=0.000000,time_percent_error=100.000000,nthreads=102,end_time=157920.006687,avg_power_W=157.500000,max_power_W=158.000000,avg_time_s=0.058221,released_listeners=5,
start_task=,name=dotrsm,tick=12,start_time=157920.006769,nthreads=102,
message=tick stats,tick=12,estimated_current_power=0.000000,
end_task=,name=dotrsm,elapsed_seconds=0.055588,predicted_seconds=0.000000,time_percent_error=100.000000,nthreads=102,end_time=157920.063310,avg_power_W=145.000000,max_power_W=145.000000,avg_time_s=0.055588,released_listeners=5,
start_task=,name=syrkprofile,tick=13,start_time=157920.063389,nthreads=102,
message=tick stats,tick=13,estimated_current_power=0.000000,
end_task=,name=syrkprofile,elapsed_seconds=0.538744,predicted_seconds=0.000000,time_percent_error=100.000000,nthreads=102,end_time=157920.606703,avg_power_W=156.272727,max_power_W=167.000000,avg_time_s=0.059860,released_listeners=1,
start_task=,name=gemmprofile,tick=14,start_time=157920.606785,nthreads=102,
message=tick stats,tick=14,estimated_current_power=0.000000,
end_task=,name=gemmprofile,elapsed_seconds=0.510235,predicted_seconds=0.000000,time_percent_error=100.000000,nthreads=102,end_time=157921.117833,avg_power_W=155.900000,max_power_W=169.000000,avg_time_s=0.063779,released_listeners=1,
start_task=,name=syrkprofile,tick=15,start_time=157921.117910,nthreads=102,
message=tick stats,tick=15,estimated_current_power=0.000000,
end_task=,name=syrkprofile,elapsed_seconds=0.551545,predicted_seconds=0.000000,time_percent_error=100.000000,nthreads=102,end_time=157921.670110,avg_power_W=158.636364,max_power_W=168.000000,avg_time_s=0.061283,released_listeners=1,
start_task=,name=gemmprofile,tick=16,start_time=157921.670195,nthreads=102,
message=tick stats,tick=16,estimated_current_power=0.000000,
end_task=,name=gemmprofile,elapsed_seconds=0.531073,predicted_seconds=0.000000,time_percent_error=100.000000,nthreads=102,end_time=157922.206744,avg_power_W=157.636364,max_power_W=167.000000,avg_time_s=0.059008,released_listeners=1,
start_task=,name=gemmprofile,tick=17,start_time=157922.206826,nthreads=102,
message=tick stats,tick=17,estimated_current_power=0.000000,
end_task=,name=gemmprofile,elapsed_seconds=0.525466,predicted_seconds=0.000000,time_percent_error=100.000000,nthreads=102,end_time=157922.732899,avg_power_W=158.100000,max_power_W=169.000000,avg_time_s=0.058385,released_listeners=1,
start_task=,name=syrkprofile,tick=18,start_time=157922.732978,nthreads=102,
message=tick stats,tick=18,estimated_current_power=0.000000,
end_task=,name=syrkprofile,elapsed_seconds=0.525046,predicted_seconds=0.000000,time_percent_error=100.000000,nthreads=102,end_time=157923.258975,avg_power_W=157.000000,max_power_W=171.000000,avg_time_s=0.065631,released_listeners=1,
start_task=,name=gemmprofile,tick=19,start_time=157923.259054,nthreads=102,
message=tick stats,tick=19,estimated_current_power=0.000000,
end_task=,name=gemmprofile,elapsed_seconds=0.548434,predicted_seconds=0.000000,time_percent_error=100.000000,nthreads=102,end_time=157923.808081,avg_power_W=159.909091,max_power_W=171.000000,avg_time_s=0.054843,released_listeners=1,
start_task=,name=gemmprofile,tick=20,start_time=157923.808160,nthreads=102,
message=tick stats,tick=20,estimated_current_power=0.000000,
end_task=,name=gemmprofile,elapsed_seconds=0.518617,predicted_seconds=0.000000,time_percent_error=100.000000,nthreads=102,end_time=157924.327729,avg_power_W=159.700000,max_power_W=168.000000,avg_time_s=0.051862,released_listeners=1,
start_task=,name=gemmprofile,tick=21,start_time=157924.327807,nthreads=102,
message=tick stats,tick=21,estimated_current_power=0.000000,
end_task=,name=gemmprofile,elapsed_seconds=0.526763,predicted_seconds=0.000000,time_percent_error=100.000000,nthreads=102,end_time=157924.856676,avg_power_W=162.545455,max_power_W=174.000000,avg_time_s=0.052676,released_listeners=1,
start_task=,name=syrkprofile,tick=22,start_time=157924.856759,nthreads=102,
message=tick stats,tick=22,estimated_current_power=0.000000,
end_task=,name=syrkprofile,elapsed_seconds=0.544444,predicted_seconds=0.000000,time_percent_error=100.000000,nthreads=102,end_time=157925.406745,avg_power_W=156.363636,max_power_W=166.000000,avg_time_s=0.060494,released_listeners=1,
start_task=,name=gemmprofile,tick=23,start_time=157925.406827,nthreads=102,
message=tick stats,tick=23,estimated_current_power=0.000000,
end_task=,name=gemmprofile,elapsed_seconds=0.523057,predicted_seconds=0.000000,time_percent_error=100.000000,nthreads=102,end_time=157925.930478,avg_power_W=157.300000,max_power_W=168.000000,avg_time_s=0.058117,released_listeners=1,
start_task=,name=gemmprofile,tick=24,start_time=157925.930557,nthreads=102,
message=tick stats,tick=24,estimated_current_power=0.000000,
end_task=,name=gemmprofile,elapsed_seconds=0.529604,predicted_seconds=0.000000,time_percent_error=100.000000,nthreads=102,end_time=157926.461049,avg_power_W=156.000000,max_power_W=165.000000,avg_time_s=0.058845,released_listeners=1,
start_task=,name=gemmprofile,tick=25,start_time=157926.461128,nthreads=102,
message=tick stats,tick=25,estimated_current_power=0.000000,
end_task=,name=gemmprofile,elapsed_seconds=0.512722,predicted_seconds=0.000000,time_percent_error=100.000000,nthreads=102,end_time=157926.974765,avg_power_W=160.100000,max_power_W=168.000000,avg_time_s=0.056969,released_listeners=1,
start_task=,name=gemmprofile,tick=26,start_time=157926.974845,nthreads=102,
message=tick stats,tick=26,estimated_current_power=0.000000,
end_task=,name=gemmprofile,elapsed_seconds=0.510728,predicted_seconds=0.000000,time_percent_error=100.000000,nthreads=102,end_time=157927.486469,avg_power_W=162.000000,max_power_W=170.000000,avg_time_s=0.056748,released_listeners=1,
start_task=,name=syrkprofile,tick=27,start_time=157927.486547,nthreads=102,
message=tick stats,tick=27,estimated_current_power=0.000000,
end_task=,name=syrkprofile,elapsed_seconds=0.506596,predicted_seconds=0.000000,time_percent_error=100.000000,nthreads=102,end_time=157928.006611,avg_power_W=158.909091,max_power_W=169.000000,avg_time_s=0.063325,released_listeners=1,
start_task=,name=dosyrk,tick=28,start_time=157928.006694,nthreads=102,
message=tick stats,tick=28,estimated_current_power=0.000000,
end_task=,name=dosyrk,elapsed_seconds=0.107012,predicted_seconds=0.000000,time_percent_error=100.000000,nthreads=102,end_time=157928.114445,avg_power_W=149.000000,max_power_W=157.000000,avg_time_s=0.107012,released_listeners=1,
start_task=,name=dogemm,tick=29,start_time=157928.114523,nthreads=102,
message=tick stats,tick=29,estimated_current_power=0.000000,
end_task=,name=dogemm,elapsed_seconds=0.089708,predicted_seconds=0.000000,time_percent_error=100.000000,nthreads=102,end_time=157928.206657,avg_power_W=145.500000,max_power_W=151.000000,avg_time_s=0.089708,released_listeners=1,
start_task=,name=dosyrk,tick=30,start_time=157928.206740,nthreads=102,
message=tick stats,tick=30,estimated_current_power=0.000000,
end_task=,name=dosyrk,elapsed_seconds=0.109847,predicted_seconds=0.000000,time_percent_error=100.000000,nthreads=102,end_time=157928.317483,avg_power_W=141.500000,max_power_W=144.000000,avg_time_s=0.109847,released_listeners=1,
start_task=,name=dogemm,tick=31,start_time=157928.317563,nthreads=102,
message=tick stats,tick=31,estimated_current_power=0.000000,
end_task=,name=dogemm,elapsed_seconds=0.092267,predicted_seconds=0.000000,time_percent_error=100.000000,nthreads=102,end_time=157928.410799,avg_power_W=140.500000,max_power_W=146.000000,avg_time_s=0.092267,released_listeners=1,
start_task=,name=dogemm,tick=32,start_time=157928.410878,nthreads=102,
message=tick stats,tick=32,estimated_current_power=0.000000,
end_task=,name=dogemm,elapsed_seconds=0.092319,predicted_seconds=0.000000,time_percent_error=100.000000,nthreads=102,end_time=157928.506575,avg_power_W=144.500000,max_power_W=150.000000,avg_time_s=0.092319,released_listeners=0,
start_task=,name=dosyrk,tick=33,start_time=157928.506657,nthreads=102,
message=tick stats,tick=33,estimated_current_power=0.000000,
end_task=,name=dosyrk,elapsed_seconds=0.110337,predicted_seconds=0.000000,time_percent_error=100.000000,nthreads=102,end_time=157928.617864,avg_power_W=142.000000,max_power_W=147.000000,avg_time_s=0.110337,released_listeners=1,
start_task=,name=dogemm,tick=34,start_time=157928.617943,nthreads=102,
message=tick stats,tick=34,estimated_current_power=0.000000,
end_task=,name=dogemm,elapsed_seconds=0.090979,predicted_seconds=0.000000,time_percent_error=100.000000,nthreads=102,end_time=157928.709484,avg_power_W=146.500000,max_power_W=156.000000,avg_time_s=0.090979,released_listeners=1,
start_task=,name=dogemm,tick=35,start_time=157928.709569,nthreads=102,
message=tick stats,tick=35,estimated_current_power=0.000000,
end_task=,name=dogemm,elapsed_seconds=0.085672,predicted_seconds=0.000000,time_percent_error=100.000000,nthreads=102,end_time=157928.806538,avg_power_W=142.000000,max_power_W=148.000000,avg_time_s=0.085672,released_listeners=0,
start_task=,name=dogemm,tick=36,start_time=157928.806619,nthreads=102,
message=tick stats,tick=36,estimated_current_power=0.000000,
end_task=,name=dogemm,elapsed_seconds=0.087894,predicted_seconds=0.000000,time_percent_error=100.000000,nthreads=102,end_time=157928.906563,avg_power_W=139.000000,max_power_W=143.000000,avg_time_s=0.087894,released_listeners=0,
start_task=,name=dosyrk,tick=37,start_time=157928.906645,nthreads=102,
message=tick stats,tick=37,estimated_current_power=0.000000,
end_task=,name=dosyrk,elapsed_seconds=0.110935,predicted_seconds=0.000000,time_percent_error=100.000000,nthreads=102,end_time=157929.018263,avg_power_W=143.000000,max_power_W=149.000000,avg_time_s=0.110935,released_listeners=1,
start_task=,name=dogemm,tick=38,start_time=157929.018342,nthreads=102,
message=tick stats,tick=38,estimated_current_power=0.000000,
end_task=,name=dogemm,elapsed_seconds=0.096416,predicted_seconds=0.000000,time_percent_error=100.000000,nthreads=102,end_time=157929.115342,avg_power_W=149.000000,max_power_W=159.000000,avg_time_s=0.096416,released_listeners=1,
start_task=,name=dogemm,tick=39,start_time=157929.115421,nthreads=102,
message=tick stats,tick=39,estimated_current_power=0.000000,
end_task=,name=dogemm,elapsed_seconds=0.090588,predicted_seconds=0.000000,time_percent_error=100.000000,nthreads=102,end_time=157929.207447,avg_power_W=147.500000,max_power_W=158.000000,avg_time_s=0.090588,released_listeners=0,
start_task=,name=dogemm,tick=40,start_time=157929.207526,nthreads=102,
message=tick stats,tick=40,estimated_current_power=0.000000,
end_task=,name=dogemm,elapsed_seconds=0.087116,predicted_seconds=0.000000,time_percent_error=100.000000,nthreads=102,end_time=157929.306753,avg_power_W=149.000000,max_power_W=156.000000,avg_time_s=0.087116,released_listeners=0,
start_task=,name=dogemm,tick=41,start_time=157929.306835,nthreads=102,
message=tick stats,tick=41,estimated_current_power=0.000000,
end_task=,name=dogemm,elapsed_seconds=0.090984,predicted_seconds=0.000000,time_percent_error=100.000000,nthreads=102,end_time=157929.406779,avg_power_W=151.000000,max_power_W=157.000000,avg_time_s=0.090984,released_listeners=0,
start_task=,name=dosyrk,tick=42,start_time=157929.406861,nthreads=102,
message=tick stats,tick=42,estimated_current_power=0.000000,
end_task=,name=dosyrk,elapsed_seconds=0.114226,predicted_seconds=0.000000,time_percent_error=100.000000,nthreads=102,end_time=157929.522047,avg_power_W=144.500000,max_power_W=147.000000,avg_time_s=0.114226,released_listeners=1,
start_task=,name=potrfprofile,tick=43,start_time=157929.522126,nthreads=102,
message=tick stats,tick=43,estimated_current_power=0.000000,
end_task=,name=potrfprofile,elapsed_seconds=0.547452,predicted_seconds=0.000000,time_percent_error=100.000000,nthreads=102,end_time=157930.070220,avg_power_W=149.363636,max_power_W=160.000000,avg_time_s=0.078207,released_listeners=1,
start_task=,name=dopotrf,tick=44,start_time=157930.070299,nthreads=102,
message=tick stats,tick=44,estimated_current_power=0.000000,
end_task=,name=dopotrf,elapsed_seconds=0.104324,predicted_seconds=0.000000,time_percent_error=100.000000,nthreads=102,end_time=157930.175200,avg_power_W=146.500000,max_power_W=148.000000,avg_time_s=0.104324,released_listeners=4,
start_task=,name=trsmprofile,tick=45,start_time=157930.175280,nthreads=102,
message=tick stats,tick=45,estimated_current_power=0.000000,
end_task=,name=trsmprofile,elapsed_seconds=0.526385,predicted_seconds=0.000000,time_percent_error=100.000000,nthreads=102,end_time=157930.706859,avg_power_W=161.454545,max_power_W=167.000000,avg_time_s=0.035092,released_listeners=1,
start_task=,name=trsmprofile,tick=46,start_time=157930.706951,nthreads=102,
message=tick stats,tick=46,estimated_current_power=0.000000,
end_task=,name=trsmprofile,elapsed_seconds=0.519543,predicted_seconds=0.000000,time_percent_error=100.000000,nthreads=102,end_time=157931.227050,avg_power_W=164.000000,max_power_W=168.000000,avg_time_s=0.034636,released_listeners=1,
start_task=,name=trsmprofile,tick=47,start_time=157931.227129,nthreads=102,
message=tick stats,tick=47,estimated_current_power=0.000000,
end_task=,name=trsmprofile,elapsed_seconds=0.518203,predicted_seconds=0.000000,time_percent_error=100.000000,nthreads=102,end_time=157931.756863,avg_power_W=165.454545,max_power_W=169.000000,avg_time_s=0.034547,released_listeners=1,
start_task=,name=trsmprofile,tick=48,start_time=157931.756947,nthreads=102,
message=tick stats,tick=48,estimated_current_power=0.000000,
end_task=,name=trsmprofile,elapsed_seconds=0.529778,predicted_seconds=0.000000,time_percent_error=100.000000,nthreads=102,end_time=157932.287402,avg_power_W=163.300000,max_power_W=167.000000,avg_time_s=0.035319,released_listeners=1,
start_task=,name=dotrsm,tick=49,start_time=157932.287484,nthreads=102,
message=tick stats,tick=49,estimated_current_power=0.000000,
end_task=,name=dotrsm,elapsed_seconds=0.052446,predicted_seconds=0.000000,time_percent_error=100.000000,nthreads=102,end_time=157932.340942,avg_power_W=168.000000,max_power_W=168.000000,avg_time_s=0.052446,released_listeners=4,
start_task=,name=dotrsm,tick=50,start_time=157932.341022,nthreads=102,
message=tick stats,tick=50,estimated_current_power=0.000000,
end_task=,name=dotrsm,elapsed_seconds=0.054209,predicted_seconds=0.000000,time_percent_error=100.000000,nthreads=102,end_time=157932.406930,avg_power_W=154.500000,max_power_W=167.000000,avg_time_s=0.054209,released_listeners=4,
start_task=,name=dotrsm,tick=51,start_time=157932.407014,nthreads=102,
message=tick stats,tick=51,estimated_current_power=0.000000,
end_task=,name=dotrsm,elapsed_seconds=0.055769,predicted_seconds=0.000000,time_percent_error=100.000000,nthreads=102,end_time=157932.463770,avg_power_W=151.000000,max_power_W=151.000000,avg_time_s=0.055769,released_listeners=4,
start_task=,name=dotrsm,tick=52,start_time=157932.463850,nthreads=102,
message=tick stats,tick=52,estimated_current_power=0.000000,
end_task=,name=dotrsm,elapsed_seconds=0.052316,predicted_seconds=0.000000,time_percent_error=100.000000,nthreads=102,end_time=157932.517131,avg_power_W=137.000000,max_power_W=137.000000,avg_time_s=0.052316,released_listeners=4,
start_task=,name=syrkprofile,tick=53,start_time=157932.517215,nthreads=102,
message=tick stats,tick=53,estimated_current_power=0.000000,
end_task=,name=syrkprofile,elapsed_seconds=0.543873,predicted_seconds=0.000000,time_percent_error=100.000000,nthreads=102,end_time=157933.061664,avg_power_W=153.818182,max_power_W=164.000000,avg_time_s=0.060430,released_listeners=1,
start_task=,name=gemmprofile,tick=54,start_time=157933.061743,nthreads=102,
message=tick stats,tick=54,estimated_current_power=0.000000,
end_task=,name=gemmprofile,elapsed_seconds=0.541820,predicted_seconds=0.000000,time_percent_error=100.000000,nthreads=102,end_time=157933.606810,avg_power_W=160.000000,max_power_W=169.000000,avg_time_s=0.054182,released_listeners=1,
start_task=,name=syrkprofile,tick=55,start_time=157933.606893,nthreads=102,
message=tick stats,tick=55,estimated_current_power=0.000000,
end_task=,name=syrkprofile,elapsed_seconds=0.560168,predicted_seconds=0.000000,time_percent_error=100.000000,nthreads=102,end_time=157934.167864,avg_power_W=153.454545,max_power_W=164.000000,avg_time_s=0.062241,released_listeners=1,
start_task=,name=gemmprofile,tick=56,start_time=157934.167944,nthreads=102,
message=tick stats,tick=56,estimated_current_power=0.000000,
end_task=,name=gemmprofile,elapsed_seconds=0.543320,predicted_seconds=0.000000,time_percent_error=100.000000,nthreads=102,end_time=157934.712137,avg_power_W=160.636364,max_power_W=168.000000,avg_time_s=0.054332,released_listeners=1,
start_task=,name=gemmprofile,tick=57,start_time=157934.712227,nthreads=102,
message=tick stats,tick=57,estimated_current_power=0.000000,
end_task=,name=gemmprofile,elapsed_seconds=0.530229,predicted_seconds=0.000000,time_percent_error=100.000000,nthreads=102,end_time=157935.257032,avg_power_W=161.272727,max_power_W=170.000000,avg_time_s=0.053023,released_listeners=1,
start_task=,name=syrkprofile,tick=58,start_time=157935.257115,nthreads=102,
message=tick stats,tick=58,estimated_current_power=0.000000,
end_task=,name=syrkprofile,elapsed_seconds=0.556578,predicted_seconds=0.000000,time_percent_error=100.000000,nthreads=102,end_time=157935.814621,avg_power_W=154.090909,max_power_W=168.000000,avg_time_s=0.061842,released_listeners=1,
start_task=,name=gemmprofile,tick=59,start_time=157935.814701,nthreads=102,
message=tick stats,tick=59,estimated_current_power=0.000000,
end_task=,name=gemmprofile,elapsed_seconds=0.530708,predicted_seconds=0.000000,time_percent_error=100.000000,nthreads=102,end_time=157936.356926,avg_power_W=158.272727,max_power_W=172.000000,avg_time_s=0.053071,released_listeners=1,
start_task=,name=gemmprofile,tick=60,start_time=157936.357009,nthreads=102,
message=tick stats,tick=60,estimated_current_power=0.000000,
end_task=,name=gemmprofile,elapsed_seconds=0.517956,predicted_seconds=0.000000,time_percent_error=100.000000,nthreads=102,end_time=157936.876247,avg_power_W=158.100000,max_power_W=167.000000,avg_time_s=0.057551,released_listeners=1,
start_task=,name=gemmprofile,tick=61,start_time=157936.876326,nthreads=102,
message=tick stats,tick=61,estimated_current_power=0.000000,
end_task=,name=gemmprofile,elapsed_seconds=0.532451,predicted_seconds=0.000000,time_percent_error=100.000000,nthreads=102,end_time=157937.409319,avg_power_W=164.000000,max_power_W=170.000000,avg_time_s=0.053245,released_listeners=1,
start_task=,name=syrkprofile,tick=62,start_time=157937.409400,nthreads=102,
message=tick stats,tick=62,estimated_current_power=0.000000,
end_task=,name=syrkprofile,elapsed_seconds=0.543414,predicted_seconds=0.000000,time_percent_error=100.000000,nthreads=102,end_time=157937.956962,avg_power_W=156.272727,max_power_W=171.000000,avg_time_s=0.060379,released_listeners=1,
start_task=,name=dosyrk,tick=63,start_time=157937.957045,nthreads=102,
message=tick stats,tick=63,estimated_current_power=0.000000,
end_task=,name=dosyrk,elapsed_seconds=0.112095,predicted_seconds=0.000000,time_percent_error=100.000000,nthreads=102,end_time=157938.070007,avg_power_W=141.500000,max_power_W=147.000000,avg_time_s=0.112095,released_listeners=1,
start_task=,name=dogemm,tick=64,start_time=157938.070087,nthreads=102,
message=tick stats,tick=64,estimated_current_power=0.000000,
end_task=,name=dogemm,elapsed_seconds=0.095485,predicted_seconds=0.000000,time_percent_error=100.000000,nthreads=102,end_time=157938.166198,avg_power_W=147.000000,max_power_W=158.000000,avg_time_s=0.095485,released_listeners=1,
start_task=,name=dosyrk,tick=65,start_time=157938.166277,nthreads=102,
message=tick stats,tick=65,estimated_current_power=0.000000,
end_task=,name=dosyrk,elapsed_seconds=0.111968,predicted_seconds=0.000000,time_percent_error=100.000000,nthreads=102,end_time=157938.278890,avg_power_W=151.500000,max_power_W=163.000000,avg_time_s=0.111968,released_listeners=1,
start_task=,name=dogemm,tick=66,start_time=157938.278970,nthreads=102,
message=tick stats,tick=66,estimated_current_power=0.000000,
end_task=,name=dogemm,elapsed_seconds=0.094335,predicted_seconds=0.000000,time_percent_error=100.000000,nthreads=102,end_time=157938.373874,avg_power_W=148.000000,max_power_W=160.000000,avg_time_s=0.094335,released_listeners=1,
start_task=,name=dogemm,tick=67,start_time=157938.373954,nthreads=102,
message=tick stats,tick=67,estimated_current_power=0.000000,
end_task=,name=dogemm,elapsed_seconds=0.088717,predicted_seconds=0.000000,time_percent_error=100.000000,nthreads=102,end_time=157938.463671,avg_power_W=153.000000,max_power_W=167.000000,avg_time_s=0.088717,released_listeners=0,
start_task=,name=dosyrk,tick=68,start_time=157938.463750,nthreads=102,
message=tick stats,tick=68,estimated_current_power=0.000000,
end_task=,name=dosyrk,elapsed_seconds=0.111044,predicted_seconds=0.000000,time_percent_error=100.000000,nthreads=102,end_time=157938.575734,avg_power_W=149.500000,max_power_W=161.000000,avg_time_s=0.111044,released_listeners=1,
start_task=,name=dogemm,tick=69,start_time=157938.575814,nthreads=102,
message=tick stats,tick=69,estimated_current_power=0.000000,
end_task=,name=dogemm,elapsed_seconds=0.091312,predicted_seconds=0.000000,time_percent_error=100.000000,nthreads=102,end_time=157938.667993,avg_power_W=151.500000,max_power_W=163.000000,avg_time_s=0.091312,released_listeners=1,
start_task=,name=dogemm,tick=70,start_time=157938.668073,nthreads=102,
message=tick stats,tick=70,estimated_current_power=0.000000,
end_task=,name=dogemm,elapsed_seconds=0.091692,predicted_seconds=0.000000,time_percent_error=100.000000,nthreads=102,end_time=157938.760671,avg_power_W=147.500000,max_power_W=160.000000,avg_time_s=0.091692,released_listeners=0,
start_task=,name=dogemm,tick=71,start_time=157938.760751,nthreads=102,
message=tick stats,tick=71,estimated_current_power=0.000000,
end_task=,name=dogemm,elapsed_seconds=0.087037,predicted_seconds=0.000000,time_percent_error=100.000000,nthreads=102,end_time=157938.857055,avg_power_W=147.500000,max_power_W=157.000000,avg_time_s=0.087037,released_listeners=0,
start_task=,name=dosyrk,tick=72,start_time=157938.857137,nthreads=102,
message=tick stats,tick=72,estimated_current_power=0.000000,
end_task=,name=dosyrk,elapsed_seconds=0.115431,predicted_seconds=0.000000,time_percent_error=100.000000,nthreads=102,end_time=157938.973099,avg_power_W=146.500000,max_power_W=148.000000,avg_time_s=0.115431,released_listeners=1,
start_task=,name=potrfprofile,tick=73,start_time=157938.973179,nthreads=102,
message=tick stats,tick=73,estimated_current_power=0.000000,
end_task=,name=potrfprofile,elapsed_seconds=0.527956,predicted_seconds=0.000000,time_percent_error=100.000000,nthreads=102,end_time=157939.507568,avg_power_W=149.545455,max_power_W=162.000000,avg_time_s=0.075422,released_listeners=1,
start_task=,name=dopotrf,tick=74,start_time=157939.507652,nthreads=102,
message=tick stats,tick=74,estimated_current_power=0.000000,
end_task=,name=dopotrf,elapsed_seconds=0.108373,predicted_seconds=0.000000,time_percent_error=100.000000,nthreads=102,end_time=157939.617072,avg_power_W=144.500000,max_power_W=151.000000,avg_time_s=0.108373,released_listeners=3,
start_task=,name=trsmprofile,tick=75,start_time=157939.617153,nthreads=102,
message=tick stats,tick=75,estimated_current_power=0.000000,
end_task=,name=trsmprofile,elapsed_seconds=0.508762,predicted_seconds=0.000000,time_percent_error=100.000000,nthreads=102,end_time=157940.127495,avg_power_W=161.100000,max_power_W=166.000000,avg_time_s=0.036340,released_listeners=1,
start_task=,name=trsmprofile,tick=76,start_time=157940.127575,nthreads=102,
message=tick stats,tick=76,estimated_current_power=0.000000,
end_task=,name=trsmprofile,elapsed_seconds=0.533543,predicted_seconds=0.000000,time_percent_error=100.000000,nthreads=102,end_time=157940.662114,avg_power_W=164.090909,max_power_W=168.000000,avg_time_s=0.035570,released_listeners=1,
start_task=,name=trsmprofile,tick=77,start_time=157940.662198,nthreads=102,
message=tick stats,tick=77,estimated_current_power=0.000000,
end_task=,name=trsmprofile,elapsed_seconds=0.511174,predicted_seconds=0.000000,time_percent_error=100.000000,nthreads=102,end_time=157941.174540,avg_power_W=164.300000,max_power_W=168.000000,avg_time_s=0.036512,released_listeners=1,
start_task=,name=dotrsm,tick=78,start_time=157941.174622,nthreads=102,
message=tick stats,tick=78,estimated_current_power=0.000000,
end_task=,name=dotrsm,elapsed_seconds=0.053672,predicted_seconds=0.000000,time_percent_error=100.000000,nthreads=102,end_time=157941.229191,avg_power_W=164.000000,max_power_W=164.000000,avg_time_s=0.053672,released_listeners=3,
start_task=,name=dotrsm,tick=79,start_time=157941.229273,nthreads=102,
message=tick stats,tick=79,estimated_current_power=0.000000,
end_task=,name=dotrsm,elapsed_seconds=0.055372,predicted_seconds=0.000000,time_percent_error=100.000000,nthreads=102,end_time=157941.285545,avg_power_W=161.000000,max_power_W=161.000000,avg_time_s=0.055372,released_listeners=3,
start_task=,name=dotrsm,tick=80,start_time=157941.285631,nthreads=102,
message=tick stats,tick=80,estimated_current_power=0.000000,
end_task=,name=dotrsm,elapsed_seconds=0.053926,predicted_seconds=0.000000,time_percent_error=100.000000,nthreads=102,end_time=157941.340420,avg_power_W=156.000000,max_power_W=156.000000,avg_time_s=0.053926,released_listeners=3,
start_task=,name=syrkprofile,tick=81,start_time=157941.340500,nthreads=102,
message=tick stats,tick=81,estimated_current_power=0.000000,
end_task=,name=syrkprofile,elapsed_seconds=0.548800,predicted_seconds=0.000000,time_percent_error=100.000000,nthreads=102,end_time=157941.890196,avg_power_W=156.818182,max_power_W=168.000000,avg_time_s=0.060978,released_listeners=1,
start_task=,name=gemmprofile,tick=82,start_time=157941.890276,nthreads=102,
message=tick stats,tick=82,estimated_current_power=0.000000,
end_task=,name=gemmprofile,elapsed_seconds=0.559925,predicted_seconds=0.000000,time_percent_error=100.000000,nthreads=102,end_time=157942.457498,avg_power_W=156.666667,max_power_W=163.000000,avg_time_s=0.055993,released_listeners=1,
start_task=,name=syrkprofile,tick=83,start_time=157942.457585,nthreads=102,
message=tick stats,tick=83,estimated_current_power=0.000000,
end_task=,name=syrkprofile,elapsed_seconds=0.518240,predicted_seconds=0.000000,time_percent_error=100.000000,nthreads=102,end_time=157942.976958,avg_power_W=156.300000,max_power_W=167.000000,avg_time_s=0.057582,released_listeners=1,
start_task=,name=gemmprofile,tick=84,start_time=157942.977038,nthreads=102,
message=tick stats,tick=84,estimated_current_power=0.000000,
end_task=,name=gemmprofile,elapsed_seconds=0.532623,predicted_seconds=0.000000,time_percent_error=100.000000,nthreads=102,end_time=157943.510762,avg_power_W=163.545455,max_power_W=172.000000,avg_time_s=0.053262,released_listeners=1,
start_task=,name=gemmprofile,tick=85,start_time=157943.510842,nthreads=102,
message=tick stats,tick=85,estimated_current_power=0.000000,
end_task=,name=gemmprofile,elapsed_seconds=0.536349,predicted_seconds=0.000000,time_percent_error=100.000000,nthreads=102,end_time=157944.057457,avg_power_W=159.272727,max_power_W=166.000000,avg_time_s=0.053635,released_listeners=1,
start_task=,name=syrkprofile,tick=86,start_time=157944.057541,nthreads=102,
message=tick stats,tick=86,estimated_current_power=0.000000,
end_task=,name=syrkprofile,elapsed_seconds=0.521142,predicted_seconds=0.000000,time_percent_error=100.000000,nthreads=102,end_time=157944.579739,avg_power_W=158.800000,max_power_W=169.000000,avg_time_s=0.057905,released_listeners=1,
start_task=,name=dosyrk,tick=87,start_time=157944.579819,nthreads=102,
message=tick stats,tick=87,estimated_current_power=0.000000,
end_task=,name=dosyrk,elapsed_seconds=0.113970,predicted_seconds=0.000000,time_percent_error=100.000000,nthreads=102,end_time=157944.707653,avg_power_W=151.666667,max_power_W=160.000000,avg_time_s=0.113970,released_listeners=1,
start_task=,name=dogemm,tick=88,start_time=157944.707737,nthreads=102,
message=tick stats,tick=88,estimated_current_power=0.000000,
end_task=,name=dogemm,elapsed_seconds=0.085207,predicted_seconds=0.000000,time_percent_error=100.000000,nthreads=102,end_time=157944.807547,avg_power_W=149.500000,max_power_W=164.000000,avg_time_s=0.085207,released_listeners=1,
start_task=,name=dosyrk,tick=89,start_time=157944.807632,nthreads=102,
message=tick stats,tick=89,estimated_current_power=0.000000,
end_task=,name=dosyrk,elapsed_seconds=0.117489,predicted_seconds=0.000000,time_percent_error=100.000000,nthreads=102,end_time=157944.926111,avg_power_W=147.500000,max_power_W=157.000000,avg_time_s=0.117489,released_listeners=1,
start_task=,name=dogemm,tick=90,start_time=157944.926196,nthreads=102,
message=tick stats,tick=90,estimated_current_power=0.000000,
end_task=,name=dogemm,elapsed_seconds=0.096664,predicted_seconds=0.000000,time_percent_error=100.000000,nthreads=102,end_time=157945.024269,avg_power_W=150.000000,max_power_W=162.000000,avg_time_s=0.096664,released_listeners=1,
start_task=,name=dogemm,tick=91,start_time=157945.024358,nthreads=102,
message=tick stats,tick=91,estimated_current_power=0.000000,
end_task=,name=dogemm,elapsed_seconds=0.095175,predicted_seconds=0.000000,time_percent_error=100.000000,nthreads=102,end_time=157945.120430,avg_power_W=150.000000,max_power_W=163.000000,avg_time_s=0.095175,released_listeners=0,
start_task=,name=dosyrk,tick=92,start_time=157945.120509,nthreads=102,
message=tick stats,tick=92,estimated_current_power=0.000000,
end_task=,name=dosyrk,elapsed_seconds=0.118032,predicted_seconds=0.000000,time_percent_error=100.000000,nthreads=102,end_time=157945.239432,avg_power_W=150.500000,max_power_W=164.000000,avg_time_s=0.118032,released_listeners=1,
start_task=,name=potrfprofile,tick=93,start_time=157945.239513,nthreads=102,
message=tick stats,tick=93,estimated_current_power=0.000000,
end_task=,name=potrfprofile,elapsed_seconds=0.546895,predicted_seconds=0.000000,time_percent_error=100.000000,nthreads=102,end_time=157945.787213,avg_power_W=148.000000,max_power_W=155.000000,avg_time_s=0.078128,released_listeners=1,
start_task=,name=dopotrf,tick=94,start_time=157945.787293,nthreads=102,
message=tick stats,tick=94,estimated_current_power=0.000000,
end_task=,name=dopotrf,elapsed_seconds=0.111501,predicted_seconds=0.000000,time_percent_error=100.000000,nthreads=102,end_time=157945.907551,avg_power_W=144.333333,max_power_W=148.000000,avg_time_s=0.111501,released_listeners=2,
start_task=,name=trsmprofile,tick=95,start_time=157945.907635,nthreads=102,
message=tick stats,tick=95,estimated_current_power=0.000000,
end_task=,name=trsmprofile,elapsed_seconds=0.540185,predicted_seconds=0.000000,time_percent_error=100.000000,nthreads=102,end_time=157946.457395,avg_power_W=161.454545,max_power_W=168.000000,avg_time_s=0.036012,released_listeners=1,
start_task=,name=trsmprofile,tick=96,start_time=157946.457479,nthreads=102,
message=tick stats,tick=96,estimated_current_power=0.000000,
end_task=,name=trsmprofile,elapsed_seconds=0.515281,predicted_seconds=0.000000,time_percent_error=100.000000,nthreads=102,end_time=157946.973733,avg_power_W=162.100000,max_power_W=166.000000,avg_time_s=0.036806,released_listeners=1,
start_task=,name=dotrsm,tick=97,start_time=157946.973816,nthreads=102,
message=tick stats,tick=97,estimated_current_power=0.000000,
end_task=,name=dotrsm,elapsed_seconds=0.053929,predicted_seconds=0.000000,time_percent_error=100.000000,nthreads=102,end_time=157947.028615,avg_power_W=164.000000,max_power_W=164.000000,avg_time_s=0.053929,released_listeners=2,
start_task=,name=dotrsm,tick=98,start_time=157947.028696,nthreads=102,
message=tick stats,tick=98,estimated_current_power=0.000000,
end_task=,name=dotrsm,elapsed_seconds=0.056193,predicted_seconds=0.000000,time_percent_error=100.000000,nthreads=102,end_time=157947.086262,avg_power_W=161.000000,max_power_W=161.000000,avg_time_s=0.056193,released_listeners=2,
start_task=,name=syrkprofile,tick=99,start_time=157947.086343,nthreads=102,
message=tick stats,tick=99,estimated_current_power=0.000000,
end_task=,name=syrkprofile,elapsed_seconds=0.541333,predicted_seconds=0.000000,time_percent_error=100.000000,nthreads=102,end_time=157947.628580,avg_power_W=152.727273,max_power_W=166.000000,avg_time_s=0.060148,released_listeners=1,
start_task=,name=gemmprofile,tick=100,start_time=157947.628663,nthreads=102,
message=tick stats,tick=100,estimated_current_power=0.000000,
end_task=,name=gemmprofile,elapsed_seconds=0.552800,predicted_seconds=0.000000,time_percent_error=100.000000,nthreads=102,end_time=157948.182468,avg_power_W=162.090909,max_power_W=169.000000,avg_time_s=0.055280,released_listeners=1,
start_task=,name=syrkprofile,tick=101,start_time=157948.182549,nthreads=102,
message=tick stats,tick=101,estimated_current_power=0.000000,
end_task=,name=syrkprofile,elapsed_seconds=0.509761,predicted_seconds=0.000000,time_percent_error=100.000000,nthreads=102,end_time=157948.707755,avg_power_W=157.363636,max_power_W=167.000000,avg_time_s=0.063720,released_listeners=1,
start_task=,name=dosyrk,tick=102,start_time=157948.707851,nthreads=102,
message=tick stats,tick=102,estimated_current_power=0.000000,
end_task=,name=dosyrk,elapsed_seconds=0.110489,predicted_seconds=0.000000,time_percent_error=100.000000,nthreads=102,end_time=157948.819361,avg_power_W=145.500000,max_power_W=154.000000,avg_time_s=0.110489,released_listeners=1,
start_task=,name=dogemm,tick=103,start_time=157948.819445,nthreads=102,
message=tick stats,tick=103,estimated_current_power=0.000000,
end_task=,name=dogemm,elapsed_seconds=0.088637,predicted_seconds=0.000000,time_percent_error=100.000000,nthreads=102,end_time=157948.909136,avg_power_W=149.500000,max_power_W=159.000000,avg_time_s=0.088637,released_listeners=1,
start_task=,name=dosyrk,tick=104,start_time=157948.909223,nthreads=102,
message=tick stats,tick=104,estimated_current_power=0.000000,
end_task=,name=dosyrk,elapsed_seconds=0.113826,predicted_seconds=0.000000,time_percent_error=100.000000,nthreads=102,end_time=157949.024042,avg_power_W=140.500000,max_power_W=146.000000,avg_time_s=0.113826,released_listeners=1,
start_task=,name=potrfprofile,tick=105,start_time=157949.024123,nthreads=102,
message=tick stats,tick=105,estimated_current_power=0.000000,
end_task=,name=potrfprofile,elapsed_seconds=0.526174,predicted_seconds=0.000000,time_percent_error=100.000000,nthreads=102,end_time=157949.557154,avg_power_W=148.090909,max_power_W=155.000000,avg_time_s=0.075168,released_listeners=1,
start_task=,name=dopotrf,tick=106,start_time=157949.557244,nthreads=102,
message=tick stats,tick=106,estimated_current_power=0.000000,
end_task=,name=dopotrf,elapsed_seconds=0.106653,predicted_seconds=0.000000,time_percent_error=100.000000,nthreads=102,end_time=157949.665235,avg_power_W=141.500000,max_power_W=148.000000,avg_time_s=0.106653,released_listeners=1,
start_task=,name=trsmprofile,tick=107,start_time=157949.665315,nthreads=102,
message=tick stats,tick=107,estimated_current_power=0.000000,
end_task=,name=trsmprofile,elapsed_seconds=0.542074,predicted_seconds=0.000000,time_percent_error=100.000000,nthreads=102,end_time=157950.208245,avg_power_W=161.272727,max_power_W=166.000000,avg_time_s=0.036138,released_listeners=1,
start_task=,name=dotrsm,tick=108,start_time=157950.208326,nthreads=102,
message=tick stats,tick=108,estimated_current_power=0.000000,
end_task=,name=dotrsm,elapsed_seconds=0.055917,predicted_seconds=0.000000,time_percent_error=100.000000,nthreads=102,end_time=157950.265126,avg_power_W=166.000000,max_power_W=166.000000,avg_time_s=0.055917,released_listeners=1,
start_task=,name=syrkprofile,tick=109,start_time=157950.265212,nthreads=102,
message=tick stats,tick=109,estimated_current_power=0.000000,
end_task=,name=syrkprofile,elapsed_seconds=0.515499,predicted_seconds=0.000000,time_percent_error=100.000000,nthreads=102,end_time=157950.782235,avg_power_W=153.100000,max_power_W=161.000000,avg_time_s=0.064437,released_listeners=1,
start_task=,name=dosyrk,tick=110,start_time=157950.782315,nthreads=102,
message=tick stats,tick=110,estimated_current_power=0.000000,
end_task=,name=dosyrk,elapsed_seconds=0.110319,predicted_seconds=0.000000,time_percent_error=100.000000,nthreads=102,end_time=157950.907011,avg_power_W=156.333333,max_power_W=167.000000,avg_time_s=0.110319,released_listeners=1,
start_task=,name=potrfprofile,tick=111,start_time=157950.907095,nthreads=102,
message=tick stats,tick=111,estimated_current_power=0.000000,
end_task=,name=potrfprofile,elapsed_seconds=0.567062,predicted_seconds=0.000000,time_percent_error=100.000000,nthreads=102,end_time=157951.475073,avg_power_W=147.545455,max_power_W=153.000000,avg_time_s=0.070883,released_listeners=1,
start_task=,name=dopotrf,tick=112,start_time=157951.475153,nthreads=102,
message=tick stats,tick=112,estimated_current_power=0.000000,
end_task=,name=dopotrf,elapsed_seconds=0.112829,predicted_seconds=0.000000,time_percent_error=100.000000,nthreads=102,end_time=157951.588823,avg_power_W=143.500000,max_power_W=147.000000,avg_time_s=0.112829,released_listeners=0,
est_max_power=0.000000,
average_power_W=143.500000,
max_power_W=147.000000,
time_s=35.146980,
message=ALL DONE,
