message=cataloging configuration,max_threads=33,power_limit=inf,
start_task=,name=potrfprofile,tick=1,start_time=175629.890516,nthreads=33,
message=tick stats,tick=1,estimated_current_power=0.000000,
end_task=,name=potrfprofile,elapsed_seconds=0.544865,predicted_seconds=0.000000,time_percent_error=100.000000,nthreads=33,end_time=175630.436684,avg_power_W=153.200000,max_power_W=161.000000,avg_time_s=0.136216,released_listeners=1,
start_task=,name=dopotrf,tick=2,start_time=175630.436739,nthreads=33,
message=tick stats,tick=2,estimated_current_power=0.000000,
end_task=,name=dopotrf,elapsed_seconds=0.104123,predicted_seconds=0.000000,time_percent_error=100.000000,nthreads=33,end_time=175630.558037,avg_power_W=134.333333,max_power_W=137.000000,avg_time_s=0.104123,released_listeners=5,
start_task=,name=trsmprofile,tick=3,start_time=175630.558089,nthreads=33,
message=tick stats,tick=3,estimated_current_power=0.000000,
end_task=,name=trsmprofile,elapsed_seconds=0.516031,predicted_seconds=0.000000,time_percent_error=100.000000,nthreads=33,end_time=175631.074906,avg_power_W=145.000000,max_power_W=149.000000,avg_time_s=0.046912,released_listeners=1,
start_task=,name=trsmprofile,tick=4,start_time=175631.074952,nthreads=33,
message=tick stats,tick=4,estimated_current_power=0.000000,
end_task=,name=trsmprofile,elapsed_seconds=0.526253,predicted_seconds=0.000000,time_percent_error=100.000000,nthreads=33,end_time=175631.608309,avg_power_W=145.727273,max_power_W=149.000000,avg_time_s=0.047841,released_listeners=1,
start_task=,name=trsmprofile,tick=5,start_time=175631.608360,nthreads=33,
message=tick stats,tick=5,estimated_current_power=0.000000,
end_task=,name=trsmprofile,elapsed_seconds=0.525751,predicted_seconds=0.000000,time_percent_error=100.000000,nthreads=33,end_time=175632.134880,avg_power_W=146.500000,max_power_W=151.000000,avg_time_s=0.047796,released_listeners=1,
start_task=,name=trsmprofile,tick=6,start_time=175632.134928,nthreads=33,
message=tick stats,tick=6,estimated_current_power=0.000000,
end_task=,name=trsmprofile,elapsed_seconds=0.520318,predicted_seconds=0.000000,time_percent_error=100.000000,nthreads=33,end_time=175632.657634,avg_power_W=145.909091,max_power_W=150.000000,avg_time_s=0.047302,released_listeners=1,
start_task=,name=trsmprofile,tick=7,start_time=175632.657685,nthreads=33,
message=tick stats,tick=7,estimated_current_power=0.000000,
end_task=,name=trsmprofile,elapsed_seconds=0.513929,predicted_seconds=0.000000,time_percent_error=100.000000,nthreads=33,end_time=175633.172384,avg_power_W=146.400000,max_power_W=150.000000,avg_time_s=0.046721,released_listeners=1,
start_task=,name=dotrsm,tick=8,start_time=175633.172431,nthreads=33,
message=tick stats,tick=8,estimated_current_power=0.000000,
end_task=,name=dotrsm,elapsed_seconds=0.051086,predicted_seconds=0.000000,time_percent_error=100.000000,nthreads=33,end_time=175633.224163,avg_power_W=144.000000,max_power_W=144.000000,avg_time_s=0.051086,released_listeners=5,
start_task=,name=dotrsm,tick=9,start_time=175633.224215,nthreads=33,
message=tick stats,tick=9,estimated_current_power=0.000000,
end_task=,name=dotrsm,elapsed_seconds=0.050266,predicted_seconds=0.000000,time_percent_error=100.000000,nthreads=33,end_time=175633.275323,avg_power_W=140.000000,max_power_W=140.000000,avg_time_s=0.050266,released_listeners=5,
start_task=,name=dotrsm,tick=10,start_time=175633.275371,nthreads=33,
message=tick stats,tick=10,estimated_current_power=0.000000,
end_task=,name=dotrsm,elapsed_seconds=0.051096,predicted_seconds=0.000000,time_percent_error=100.000000,nthreads=33,end_time=175633.327530,avg_power_W=139.000000,max_power_W=139.000000,avg_time_s=0.051096,released_listeners=5,
start_task=,name=dotrsm,tick=11,start_time=175633.327578,nthreads=33,
message=tick stats,tick=11,estimated_current_power=0.000000,
end_task=,name=dotrsm,elapsed_seconds=0.050459,predicted_seconds=0.000000,time_percent_error=100.000000,nthreads=33,end_time=175633.378834,avg_power_W=140.000000,max_power_W=140.000000,avg_time_s=0.050459,released_listeners=5,
start_task=,name=dotrsm,tick=12,start_time=175633.378883,nthreads=33,
message=tick stats,tick=12,estimated_current_power=0.000000,
end_task=,name=dotrsm,elapsed_seconds=0.051341,predicted_seconds=0.000000,time_percent_error=100.000000,nthreads=33,end_time=175633.430876,avg_power_W=141.000000,max_power_W=141.000000,avg_time_s=0.051341,released_listeners=5,
start_task=,name=syrkprofile,tick=13,start_time=175633.430925,nthreads=33,
message=tick stats,tick=13,estimated_current_power=0.000000,
end_task=,name=syrkprofile,elapsed_seconds=0.541128,predicted_seconds=0.000000,time_percent_error=100.000000,nthreads=33,end_time=175633.972869,avg_power_W=139.181818,max_power_W=143.000000,avg_time_s=0.077304,released_listeners=1,
start_task=,name=gemmprofile,tick=14,start_time=175633.972917,nthreads=33,
message=tick stats,tick=14,estimated_current_power=0.000000,
end_task=,name=gemmprofile,elapsed_seconds=0.517642,predicted_seconds=0.000000,time_percent_error=100.000000,nthreads=33,end_time=175634.507983,avg_power_W=146.363636,max_power_W=153.000000,avg_time_s=0.073949,released_listeners=1,
start_task=,name=syrkprofile,tick=15,start_time=175634.508034,nthreads=33,
message=tick stats,tick=15,estimated_current_power=0.000000,
end_task=,name=syrkprofile,elapsed_seconds=0.527025,predicted_seconds=0.000000,time_percent_error=100.000000,nthreads=33,end_time=175635.035687,avg_power_W=138.000000,max_power_W=144.000000,avg_time_s=0.075289,released_listeners=1,
start_task=,name=gemmprofile,tick=16,start_time=175635.035737,nthreads=33,
message=tick stats,tick=16,estimated_current_power=0.000000,
end_task=,name=gemmprofile,elapsed_seconds=0.534449,predicted_seconds=0.000000,time_percent_error=100.000000,nthreads=33,end_time=175635.570909,avg_power_W=144.818182,max_power_W=153.000000,avg_time_s=0.076350,released_listeners=1,
start_task=,name=gemmprofile,tick=17,start_time=175635.570956,nthreads=33,
message=tick stats,tick=17,estimated_current_power=0.000000,
end_task=,name=gemmprofile,elapsed_seconds=0.559509,predicted_seconds=0.000000,time_percent_error=100.000000,nthreads=33,end_time=175636.131261,avg_power_W=148.272727,max_power_W=154.000000,avg_time_s=0.069939,released_listeners=1,
start_task=,name=syrkprofile,tick=18,start_time=175636.131309,nthreads=33,
message=tick stats,tick=18,estimated_current_power=0.000000,
end_task=,name=syrkprofile,elapsed_seconds=0.518134,predicted_seconds=0.000000,time_percent_error=100.000000,nthreads=33,end_time=175636.658172,avg_power_W=141.454545,max_power_W=154.000000,avg_time_s=0.074019,released_listeners=1,
start_task=,name=gemmprofile,tick=19,start_time=175636.658230,nthreads=33,
message=tick stats,tick=19,estimated_current_power=0.000000,
end_task=,name=gemmprofile,elapsed_seconds=0.560660,predicted_seconds=0.000000,time_percent_error=100.000000,nthreads=33,end_time=175637.219561,avg_power_W=146.090909,max_power_W=152.000000,avg_time_s=0.070083,released_listeners=1,
start_task=,name=gemmprofile,tick=20,start_time=175637.219608,nthreads=33,
message=tick stats,tick=20,estimated_current_power=0.000000,
end_task=,name=gemmprofile,elapsed_seconds=0.531089,predicted_seconds=0.000000,time_percent_error=100.000000,nthreads=33,end_time=175637.758035,avg_power_W=146.181818,max_power_W=153.000000,avg_time_s=0.075870,released_listeners=1,
start_task=,name=gemmprofile,tick=21,start_time=175637.758086,nthreads=33,
message=tick stats,tick=21,estimated_current_power=0.000000,
end_task=,name=gemmprofile,elapsed_seconds=0.527159,predicted_seconds=0.000000,time_percent_error=100.000000,nthreads=33,end_time=175638.285990,avg_power_W=146.600000,max_power_W=153.000000,avg_time_s=0.075308,released_listeners=1,
start_task=,name=syrkprofile,tick=22,start_time=175638.286038,nthreads=33,
message=tick stats,tick=22,estimated_current_power=0.000000,
end_task=,name=syrkprofile,elapsed_seconds=0.515828,predicted_seconds=0.000000,time_percent_error=100.000000,nthreads=33,end_time=175638.807818,avg_power_W=140.545455,max_power_W=147.000000,avg_time_s=0.073690,released_listeners=1,
start_task=,name=gemmprofile,tick=23,start_time=175638.807870,nthreads=33,
message=tick stats,tick=23,estimated_current_power=0.000000,
end_task=,name=gemmprofile,elapsed_seconds=0.561630,predicted_seconds=0.000000,time_percent_error=100.000000,nthreads=33,end_time=175639.370138,avg_power_W=146.545455,max_power_W=153.000000,avg_time_s=0.070204,released_listeners=1,
start_task=,name=gemmprofile,tick=24,start_time=175639.370185,nthreads=33,
message=tick stats,tick=24,estimated_current_power=0.000000,
end_task=,name=gemmprofile,elapsed_seconds=0.563135,predicted_seconds=0.000000,time_percent_error=100.000000,nthreads=33,end_time=175639.934260,avg_power_W=148.181818,max_power_W=154.000000,avg_time_s=0.070392,released_listeners=1,
start_task=,name=gemmprofile,tick=25,start_time=175639.934308,nthreads=33,
message=tick stats,tick=25,estimated_current_power=0.000000,
end_task=,name=gemmprofile,elapsed_seconds=0.558037,predicted_seconds=0.000000,time_percent_error=100.000000,nthreads=33,end_time=175640.507970,avg_power_W=148.833333,max_power_W=153.000000,avg_time_s=0.069755,released_listeners=1,
start_task=,name=gemmprofile,tick=26,start_time=175640.508025,nthreads=33,
message=tick stats,tick=26,estimated_current_power=0.000000,
end_task=,name=gemmprofile,elapsed_seconds=0.561348,predicted_seconds=0.000000,time_percent_error=100.000000,nthreads=33,end_time=175641.070264,avg_power_W=146.636364,max_power_W=153.000000,avg_time_s=0.070169,released_listeners=1,
start_task=,name=syrkprofile,tick=27,start_time=175641.070312,nthreads=33,
message=tick stats,tick=27,estimated_current_power=0.000000,
end_task=,name=syrkprofile,elapsed_seconds=0.520011,predicted_seconds=0.000000,time_percent_error=100.000000,nthreads=33,end_time=175641.607838,avg_power_W=141.181818,max_power_W=154.000000,avg_time_s=0.074287,released_listeners=1,
start_task=,name=dosyrk,tick=28,start_time=175641.607890,nthreads=33,
message=tick stats,tick=28,estimated_current_power=0.000000,
end_task=,name=dosyrk,elapsed_seconds=0.101298,predicted_seconds=0.000000,time_percent_error=100.000000,nthreads=33,end_time=175641.710000,avg_power_W=129.500000,max_power_W=134.000000,avg_time_s=0.101298,released_listeners=1,
start_task=,name=dogemm,tick=29,start_time=175641.710048,nthreads=33,
message=tick stats,tick=29,estimated_current_power=0.000000,
end_task=,name=dogemm,elapsed_seconds=0.100321,predicted_seconds=0.000000,time_percent_error=100.000000,nthreads=33,end_time=175641.811178,avg_power_W=135.000000,max_power_W=138.000000,avg_time_s=0.100321,released_listeners=1,
start_task=,name=dosyrk,tick=30,start_time=175641.811231,nthreads=33,
message=tick stats,tick=30,estimated_current_power=0.000000,
end_task=,name=dosyrk,elapsed_seconds=0.103000,predicted_seconds=0.000000,time_percent_error=100.000000,nthreads=33,end_time=175641.915035,avg_power_W=146.000000,max_power_W=153.000000,avg_time_s=0.103000,released_listeners=1,
start_task=,name=dogemm,tick=31,start_time=175641.915084,nthreads=33,
message=tick stats,tick=31,estimated_current_power=0.000000,
end_task=,name=dogemm,elapsed_seconds=0.100985,predicted_seconds=0.000000,time_percent_error=100.000000,nthreads=33,end_time=175642.016902,avg_power_W=133.000000,max_power_W=136.000000,avg_time_s=0.100985,released_listeners=1,
start_task=,name=dogemm,tick=32,start_time=175642.016950,nthreads=33,
message=tick stats,tick=32,estimated_current_power=0.000000,
end_task=,name=dogemm,elapsed_seconds=0.101032,predicted_seconds=0.000000,time_percent_error=100.000000,nthreads=33,end_time=175642.118681,avg_power_W=141.500000,max_power_W=153.000000,avg_time_s=0.101032,released_listeners=0,
start_task=,name=dosyrk,tick=33,start_time=175642.118729,nthreads=33,
message=tick stats,tick=33,estimated_current_power=0.000000,
end_task=,name=dosyrk,elapsed_seconds=0.102241,predicted_seconds=0.000000,time_percent_error=100.000000,nthreads=33,end_time=175642.221702,avg_power_W=145.000000,max_power_W=153.000000,avg_time_s=0.102241,released_listeners=1,
start_task=,name=dogemm,tick=34,start_time=175642.221750,nthreads=33,
message=tick stats,tick=34,estimated_current_power=0.000000,
end_task=,name=dogemm,elapsed_seconds=0.102798,predicted_seconds=0.000000,time_percent_error=100.000000,nthreads=33,end_time=175642.325248,avg_power_W=133.000000,max_power_W=136.000000,avg_time_s=0.102798,released_listeners=1,
start_task=,name=dogemm,tick=35,start_time=175642.325302,nthreads=33,
message=tick stats,tick=35,estimated_current_power=0.000000,
end_task=,name=dogemm,elapsed_seconds=0.106193,predicted_seconds=0.000000,time_percent_error=100.000000,nthreads=33,end_time=175642.432728,avg_power_W=141.000000,max_power_W=150.000000,avg_time_s=0.106193,released_listeners=0,
start_task=,name=dogemm,tick=36,start_time=175642.432775,nthreads=33,
message=tick stats,tick=36,estimated_current_power=0.000000,
end_task=,name=dogemm,elapsed_seconds=0.105534,predicted_seconds=0.000000,time_percent_error=100.000000,nthreads=33,end_time=175642.539530,avg_power_W=140.500000,max_power_W=147.000000,avg_time_s=0.105534,released_listeners=0,
start_task=,name=dosyrk,tick=37,start_time=175642.539578,nthreads=33,
message=tick stats,tick=37,estimated_current_power=0.000000,
end_task=,name=dosyrk,elapsed_seconds=0.111288,predicted_seconds=0.000000,time_percent_error=100.000000,nthreads=33,end_time=175642.658086,avg_power_W=137.333333,max_power_W=140.000000,avg_time_s=0.111288,released_listeners=1,
start_task=,name=dogemm,tick=38,start_time=175642.658138,nthreads=33,
message=tick stats,tick=38,estimated_current_power=0.000000,
end_task=,name=dogemm,elapsed_seconds=0.105430,predicted_seconds=0.000000,time_percent_error=100.000000,nthreads=33,end_time=175642.764426,avg_power_W=136.000000,max_power_W=136.000000,avg_time_s=0.105430,released_listeners=1,
start_task=,name=dogemm,tick=39,start_time=175642.764474,nthreads=33,
message=tick stats,tick=39,estimated_current_power=0.000000,
end_task=,name=dogemm,elapsed_seconds=0.101858,predicted_seconds=0.000000,time_percent_error=100.000000,nthreads=33,end_time=175642.867464,avg_power_W=140.500000,max_power_W=151.000000,avg_time_s=0.101858,released_listeners=0,
start_task=,name=dogemm,tick=40,start_time=175642.867512,nthreads=33,
message=tick stats,tick=40,estimated_current_power=0.000000,
end_task=,name=dogemm,elapsed_seconds=0.098143,predicted_seconds=0.000000,time_percent_error=100.000000,nthreads=33,end_time=175642.966500,avg_power_W=141.500000,max_power_W=153.000000,avg_time_s=0.098143,released_listeners=0,
start_task=,name=dogemm,tick=41,start_time=175642.966547,nthreads=33,
message=tick stats,tick=41,estimated_current_power=0.000000,
end_task=,name=dogemm,elapsed_seconds=0.096733,predicted_seconds=0.000000,time_percent_error=100.000000,nthreads=33,end_time=175643.064119,avg_power_W=141.500000,max_power_W=153.000000,avg_time_s=0.096733,released_listeners=0,
start_task=,name=dosyrk,tick=42,start_time=175643.064170,nthreads=33,
message=tick stats,tick=42,estimated_current_power=0.000000,
end_task=,name=dosyrk,elapsed_seconds=0.104125,predicted_seconds=0.000000,time_percent_error=100.000000,nthreads=33,end_time=175643.169006,avg_power_W=146.500000,max_power_W=153.000000,avg_time_s=0.104125,released_listeners=1,
start_task=,name=potrfprofile,tick=43,start_time=175643.169054,nthreads=33,
message=tick stats,tick=43,estimated_current_power=0.000000,
end_task=,name=potrfprofile,elapsed_seconds=0.536028,predicted_seconds=0.000000,time_percent_error=100.000000,nthreads=33,end_time=175643.708156,avg_power_W=136.636364,max_power_W=139.000000,avg_time_s=0.076575,released_listeners=1,
start_task=,name=dopotrf,tick=44,start_time=175643.708207,nthreads=33,
message=tick stats,tick=44,estimated_current_power=0.000000,
end_task=,name=dopotrf,elapsed_seconds=0.085551,predicted_seconds=0.000000,time_percent_error=100.000000,nthreads=33,end_time=175643.807913,avg_power_W=136.500000,max_power_W=137.000000,avg_time_s=0.085551,released_listeners=4,
start_task=,name=trsmprofile,tick=45,start_time=175643.807966,nthreads=33,
message=tick stats,tick=45,estimated_current_power=0.000000,
end_task=,name=trsmprofile,elapsed_seconds=0.520527,predicted_seconds=0.000000,time_percent_error=100.000000,nthreads=33,end_time=175644.329253,avg_power_W=144.300000,max_power_W=148.000000,avg_time_s=0.047321,released_listeners=1,
start_task=,name=trsmprofile,tick=46,start_time=175644.329308,nthreads=33,
message=tick stats,tick=46,estimated_current_power=0.000000,
end_task=,name=trsmprofile,elapsed_seconds=0.526412,predicted_seconds=0.000000,time_percent_error=100.000000,nthreads=33,end_time=175644.858329,avg_power_W=145.909091,max_power_W=149.000000,avg_time_s=0.047856,released_listeners=1,
start_task=,name=trsmprofile,tick=47,start_time=175644.858380,nthreads=33,
message=tick stats,tick=47,estimated_current_power=0.000000,
end_task=,name=trsmprofile,elapsed_seconds=0.511164,predicted_seconds=0.000000,time_percent_error=100.000000,nthreads=33,end_time=175645.370247,avg_power_W=146.300000,max_power_W=148.000000,avg_time_s=0.046469,released_listeners=1,
start_task=,name=trsmprofile,tick=48,start_time=175645.370294,nthreads=33,
message=tick stats,tick=48,estimated_current_power=0.000000,
end_task=,name=trsmprofile,elapsed_seconds=0.534070,predicted_seconds=0.000000,time_percent_error=100.000000,nthreads=33,end_time=175645.907910,avg_power_W=145.454545,max_power_W=149.000000,avg_time_s=0.048552,released_listeners=1,
start_task=,name=dotrsm,tick=49,start_time=175645.907965,nthreads=33,
message=tick stats,tick=49,estimated_current_power=0.000000,
end_task=,name=dotrsm,elapsed_seconds=0.048607,predicted_seconds=0.000000,time_percent_error=100.000000,nthreads=33,end_time=175645.958141,avg_power_W=144.000000,max_power_W=144.000000,avg_time_s=0.048607,released_listeners=4,
start_task=,name=dotrsm,tick=50,start_time=175645.958193,nthreads=33,
message=tick stats,tick=50,estimated_current_power=0.000000,
end_task=,name=dotrsm,elapsed_seconds=0.048267,predicted_seconds=0.000000,time_percent_error=100.000000,nthreads=33,end_time=175646.008593,avg_power_W=148.000000,max_power_W=148.000000,avg_time_s=0.048267,released_listeners=4,
start_task=,name=dotrsm,tick=51,start_time=175646.008646,nthreads=33,
message=tick stats,tick=51,estimated_current_power=0.000000,
end_task=,name=dotrsm,elapsed_seconds=0.049224,predicted_seconds=0.000000,time_percent_error=100.000000,nthreads=33,end_time=175646.058710,avg_power_W=143.000000,max_power_W=143.000000,avg_time_s=0.049224,released_listeners=4,
start_task=,name=dotrsm,tick=52,start_time=175646.058759,nthreads=33,
message=tick stats,tick=52,estimated_current_power=0.000000,
end_task=,name=dotrsm,elapsed_seconds=0.049745,predicted_seconds=0.000000,time_percent_error=100.000000,nthreads=33,end_time=175646.109257,avg_power_W=143.000000,max_power_W=143.000000,avg_time_s=0.049745,released_listeners=4,
start_task=,name=syrkprofile,tick=53,start_time=175646.109305,nthreads=33,
message=tick stats,tick=53,estimated_current_power=0.000000,
end_task=,name=syrkprofile,elapsed_seconds=0.521673,predicted_seconds=0.000000,time_percent_error=100.000000,nthreads=33,end_time=175646.631731,avg_power_W=139.900000,max_power_W=145.000000,avg_time_s=0.074525,released_listeners=1,
start_task=,name=gemmprofile,tick=54,start_time=175646.631778,nthreads=33,
message=tick stats,tick=54,estimated_current_power=0.000000,
end_task=,name=gemmprofile,elapsed_seconds=0.509784,predicted_seconds=0.000000,time_percent_error=100.000000,nthreads=33,end_time=175647.158196,avg_power_W=146.090909,max_power_W=153.000000,avg_time_s=0.072826,released_listeners=1,
start_task=,name=syrkprofile,tick=55,start_time=175647.158261,nthreads=33,
message=tick stats,tick=55,estimated_current_power=0.000000,
end_task=,name=syrkprofile,elapsed_seconds=0.533801,predicted_seconds=0.000000,time_percent_error=100.000000,nthreads=33,end_time=175647.707781,avg_power_W=139.818182,max_power_W=144.000000,avg_time_s=0.076257,released_listeners=1,
start_task=,name=gemmprofile,tick=56,start_time=175647.707833,nthreads=33,
message=tick stats,tick=56,estimated_current_power=0.000000,
end_task=,name=gemmprofile,elapsed_seconds=0.534747,predicted_seconds=0.000000,time_percent_error=100.000000,nthreads=33,end_time=175648.257740,avg_power_W=144.727273,max_power_W=153.000000,avg_time_s=0.076392,released_listeners=1,
start_task=,name=gemmprofile,tick=57,start_time=175648.257792,nthreads=33,
message=tick stats,tick=57,estimated_current_power=0.000000,
end_task=,name=gemmprofile,elapsed_seconds=0.527540,predicted_seconds=0.000000,time_percent_error=100.000000,nthreads=33,end_time=175648.786153,avg_power_W=146.200000,max_power_W=153.000000,avg_time_s=0.075363,released_listeners=1,
start_task=,name=syrkprofile,tick=58,start_time=175648.786201,nthreads=33,
message=tick stats,tick=58,estimated_current_power=0.000000,
end_task=,name=syrkprofile,elapsed_seconds=0.538625,predicted_seconds=0.000000,time_percent_error=100.000000,nthreads=33,end_time=175649.325613,avg_power_W=139.000000,max_power_W=151.000000,avg_time_s=0.076946,released_listeners=1,
start_task=,name=gemmprofile,tick=59,start_time=175649.325662,nthreads=33,
message=tick stats,tick=59,estimated_current_power=0.000000,
end_task=,name=gemmprofile,elapsed_seconds=0.549505,predicted_seconds=0.000000,time_percent_error=100.000000,nthreads=33,end_time=175649.875908,avg_power_W=143.272727,max_power_W=153.000000,avg_time_s=0.078501,released_listeners=1,
start_task=,name=gemmprofile,tick=60,start_time=175649.875956,nthreads=33,
message=tick stats,tick=60,estimated_current_power=0.000000,
end_task=,name=gemmprofile,elapsed_seconds=0.526270,predicted_seconds=0.000000,time_percent_error=100.000000,nthreads=33,end_time=175650.408509,avg_power_W=146.272727,max_power_W=154.000000,avg_time_s=0.075181,released_listeners=1,
start_task=,name=gemmprofile,tick=61,start_time=175650.408563,nthreads=33,
message=tick stats,tick=61,estimated_current_power=0.000000,
end_task=,name=gemmprofile,elapsed_seconds=0.536171,predicted_seconds=0.000000,time_percent_error=100.000000,nthreads=33,end_time=175650.958332,avg_power_W=146.818182,max_power_W=153.000000,avg_time_s=0.076596,released_listeners=1,
start_task=,name=syrkprofile,tick=62,start_time=175650.958387,nthreads=33,
message=tick stats,tick=62,estimated_current_power=0.000000,
end_task=,name=syrkprofile,elapsed_seconds=0.538871,predicted_seconds=0.000000,time_percent_error=100.000000,nthreads=33,end_time=175651.507997,avg_power_W=138.090909,max_power_W=142.000000,avg_time_s=0.076982,released_listeners=1,
start_task=,name=dosyrk,tick=63,start_time=175651.508049,nthreads=33,
message=tick stats,tick=63,estimated_current_power=0.000000,
end_task=,name=dosyrk,elapsed_seconds=0.105620,predicted_seconds=0.000000,time_percent_error=100.000000,nthreads=33,end_time=175651.614496,avg_power_W=133.500000,max_power_W=137.000000,avg_time_s=0.105620,released_listeners=1,
start_task=,name=dogemm,tick=64,start_time=175651.614544,nthreads=33,
message=tick stats,tick=64,estimated_current_power=0.000000,
end_task=,name=dogemm,elapsed_seconds=0.107860,predicted_seconds=0.000000,time_percent_error=100.000000,nthreads=33,end_time=175651.723148,avg_power_W=134.000000,max_power_W=137.000000,avg_time_s=0.107860,released_listeners=1,
start_task=,name=dosyrk,tick=65,start_time=175651.723196,nthreads=33,
message=tick stats,tick=65,estimated_current_power=0.000000,
end_task=,name=dosyrk,elapsed_seconds=0.108098,predicted_seconds=0.000000,time_percent_error=100.000000,nthreads=33,end_time=175651.832063,avg_power_W=142.000000,max_power_W=151.000000,avg_time_s=0.108098,released_listeners=1,
start_task=,name=dogemm,tick=66,start_time=175651.832112,nthreads=33,
message=tick stats,tick=66,estimated_current_power=0.000000,
end_task=,name=dogemm,elapsed_seconds=0.107495,predicted_seconds=0.000000,time_percent_error=100.000000,nthreads=33,end_time=175651.957861,avg_power_W=137.666667,max_power_W=146.000000,avg_time_s=0.107495,released_listeners=1,
start_task=,name=dogemm,tick=67,start_time=175651.957914,nthreads=33,
message=tick stats,tick=67,estimated_current_power=0.000000,
end_task=,name=dogemm,elapsed_seconds=0.107509,predicted_seconds=0.000000,time_percent_error=100.000000,nthreads=33,end_time=175652.066280,avg_power_W=136.000000,max_power_W=143.000000,avg_time_s=0.107509,released_listeners=0,
start_task=,name=dosyrk,tick=68,start_time=175652.066327,nthreads=33,
message=tick stats,tick=68,estimated_current_power=0.000000,
end_task=,name=dosyrk,elapsed_seconds=0.104011,predicted_seconds=0.000000,time_percent_error=100.000000,nthreads=33,end_time=175652.171250,avg_power_W=142.500000,max_power_W=151.000000,avg_time_s=0.104011,released_listeners=1,
start_task=,name=dogemm,tick=69,start_time=175652.171305,nthreads=33,
message=tick stats,tick=69,estimated_current_power=0.000000,
end_task=,name=dogemm,elapsed_seconds=0.105477,predicted_seconds=0.000000,time_percent_error=100.000000,nthreads=33,end_time=175652.278584,avg_power_W=133.500000,max_power_W=137.000000,avg_time_s=0.105477,released_listeners=1,
start_task=,name=dogemm,tick=70,start_time=175652.278632,nthreads=33,
message=tick stats,tick=70,estimated_current_power=0.000000,
end_task=,name=dogemm,elapsed_seconds=0.101020,predicted_seconds=0.000000,time_percent_error=100.000000,nthreads=33,end_time=175652.380450,avg_power_W=141.500000,max_power_W=151.000000,avg_time_s=0.101020,released_listeners=0,
start_task=,name=dogemm,tick=71,start_time=175652.380498,nthreads=33,
message=tick stats,tick=71,estimated_current_power=0.000000,
end_task=,name=dogemm,elapsed_seconds=0.100259,predicted_seconds=0.000000,time_percent_error=100.000000,nthreads=33,end_time=175652.481545,avg_power_W=141.000000,max_power_W=148.000000,avg_time_s=0.100259,released_listeners=0,
start_task=,name=dosyrk,tick=72,start_time=175652.481592,nthreads=33,
message=tick stats,tick=72,estimated_current_power=0.000000,
end_task=,name=dosyrk,elapsed_seconds=0.109863,predicted_seconds=0.000000,time_percent_error=100.000000,nthreads=33,end_time=175652.607720,avg_power_W=140.333333,max_power_W=149.000000,avg_time_s=0.109863,released_listeners=1,
start_task=,name=potrfprofile,tick=73,start_time=175652.607773,nthreads=33,
message=tick stats,tick=73,estimated_current_power=0.000000,
end_task=,name=potrfprofile,elapsed_seconds=0.532641,predicted_seconds=0.000000,time_percent_error=100.000000,nthreads=33,end_time=175653.157965,avg_power_W=135.181818,max_power_W=139.000000,avg_time_s=0.076092,released_listeners=1,
start_task=,name=dopotrf,tick=74,start_time=175653.158017,nthreads=33,
message=tick stats,tick=74,estimated_current_power=0.000000,
end_task=,name=dopotrf,elapsed_seconds=0.089339,predicted_seconds=0.000000,time_percent_error=100.000000,nthreads=33,end_time=175653.257978,avg_power_W=134.500000,max_power_W=135.000000,avg_time_s=0.089339,released_listeners=3,
start_task=,name=trsmprofile,tick=75,start_time=175653.258030,nthreads=33,
message=tick stats,tick=75,estimated_current_power=0.000000,
end_task=,name=trsmprofile,elapsed_seconds=0.556691,predicted_seconds=0.000000,time_percent_error=100.000000,nthreads=33,end_time=175653.815531,avg_power_W=144.363636,max_power_W=148.000000,avg_time_s=0.050608,released_listeners=1,
start_task=,name=trsmprofile,tick=76,start_time=175653.815579,nthreads=33,
message=tick stats,tick=76,estimated_current_power=0.000000,
end_task=,name=trsmprofile,elapsed_seconds=0.544960,predicted_seconds=0.000000,time_percent_error=100.000000,nthreads=33,end_time=175654.361248,avg_power_W=144.000000,max_power_W=147.000000,avg_time_s=0.049542,released_listeners=1,
start_task=,name=trsmprofile,tick=77,start_time=175654.361297,nthreads=33,
message=tick stats,tick=77,estimated_current_power=0.000000,
end_task=,name=trsmprofile,elapsed_seconds=0.535957,predicted_seconds=0.000000,time_percent_error=100.000000,nthreads=33,end_time=175654.908035,avg_power_W=145.636364,max_power_W=148.000000,avg_time_s=0.048723,released_listeners=1,
start_task=,name=dotrsm,tick=78,start_time=175654.908087,nthreads=33,
message=tick stats,tick=78,estimated_current_power=0.000000,
end_task=,name=dotrsm,elapsed_seconds=0.050174,predicted_seconds=0.000000,time_percent_error=100.000000,nthreads=33,end_time=175654.959681,avg_power_W=144.000000,max_power_W=144.000000,avg_time_s=0.050174,released_listeners=3,
start_task=,name=dotrsm,tick=79,start_time=175654.959730,nthreads=33,
message=tick stats,tick=79,estimated_current_power=0.000000,
end_task=,name=dotrsm,elapsed_seconds=0.052540,predicted_seconds=0.000000,time_percent_error=100.000000,nthreads=33,end_time=175655.013065,avg_power_W=147.000000,max_power_W=147.000000,avg_time_s=0.052540,released_listeners=3,
start_task=,name=dotrsm,tick=80,start_time=175655.013120,nthreads=33,
message=tick stats,tick=80,estimated_current_power=0.000000,
end_task=,name=dotrsm,elapsed_seconds=0.050957,predicted_seconds=0.000000,time_percent_error=100.000000,nthreads=33,end_time=175655.064891,avg_power_W=146.000000,max_power_W=146.000000,avg_time_s=0.050957,released_listeners=3,
start_task=,name=syrkprofile,tick=81,start_time=175655.064939,nthreads=33,
message=tick stats,tick=81,estimated_current_power=0.000000,
end_task=,name=syrkprofile,elapsed_seconds=0.529371,predicted_seconds=0.000000,time_percent_error=100.000000,nthreads=33,end_time=175655.607874,avg_power_W=139.545455,max_power_W=144.000000,avg_time_s=0.075624,released_listeners=1,
start_task=,name=gemmprofile,tick=82,start_time=175655.607926,nthreads=33,
message=tick stats,tick=82,estimated_current_power=0.000000,
end_task=,name=gemmprofile,elapsed_seconds=0.540911,predicted_seconds=0.000000,time_percent_error=100.000000,nthreads=33,end_time=175656.157690,avg_power_W=144.272727,max_power_W=153.000000,avg_time_s=0.077273,released_listeners=1,
start_task=,name=syrkprofile,tick=83,start_time=175656.157745,nthreads=33,
message=tick stats,tick=83,estimated_current_power=0.000000,
end_task=,name=syrkprofile,elapsed_seconds=0.534174,predicted_seconds=0.000000,time_percent_error=100.000000,nthreads=33,end_time=175656.707599,avg_power_W=138.454545,max_power_W=144.000000,avg_time_s=0.076311,released_listeners=1,
start_task=,name=gemmprofile,tick=84,start_time=175656.707652,nthreads=33,
message=tick stats,tick=84,estimated_current_power=0.000000,
end_task=,name=gemmprofile,elapsed_seconds=0.527063,predicted_seconds=0.000000,time_percent_error=100.000000,nthreads=33,end_time=175657.235573,avg_power_W=143.900000,max_power_W=152.000000,avg_time_s=0.075295,released_listeners=1,
start_task=,name=gemmprofile,tick=85,start_time=175657.235621,nthreads=33,
message=tick stats,tick=85,estimated_current_power=0.000000,
end_task=,name=gemmprofile,elapsed_seconds=0.521802,predicted_seconds=0.000000,time_percent_error=100.000000,nthreads=33,end_time=175657.758045,avg_power_W=145.909091,max_power_W=153.000000,avg_time_s=0.074543,released_listeners=1,
start_task=,name=syrkprofile,tick=86,start_time=175657.758093,nthreads=33,
message=tick stats,tick=86,estimated_current_power=0.000000,
end_task=,name=syrkprofile,elapsed_seconds=0.543401,predicted_seconds=0.000000,time_percent_error=100.000000,nthreads=33,end_time=175658.307585,avg_power_W=139.181818,max_power_W=147.000000,avg_time_s=0.077629,released_listeners=1,
start_task=,name=dosyrk,tick=87,start_time=175658.307637,nthreads=33,
message=tick stats,tick=87,estimated_current_power=0.000000,
end_task=,name=dosyrk,elapsed_seconds=0.104257,predicted_seconds=0.000000,time_percent_error=100.000000,nthreads=33,end_time=175658.412746,avg_power_W=134.500000,max_power_W=136.000000,avg_time_s=0.104257,released_listeners=1,
start_task=,name=dogemm,tick=88,start_time=175658.412795,nthreads=33,
message=tick stats,tick=88,estimated_current_power=0.000000,
end_task=,name=dogemm,elapsed_seconds=0.101327,predicted_seconds=0.000000,time_percent_error=100.000000,nthreads=33,end_time=175658.514867,avg_power_W=134.000000,max_power_W=136.000000,avg_time_s=0.101327,released_listeners=1,
start_task=,name=dosyrk,tick=89,start_time=175658.514916,nthreads=33,
message=tick stats,tick=89,estimated_current_power=0.000000,
end_task=,name=dosyrk,elapsed_seconds=0.106977,predicted_seconds=0.000000,time_percent_error=100.000000,nthreads=33,end_time=175658.622629,avg_power_W=142.000000,max_power_W=151.000000,avg_time_s=0.106977,released_listeners=1,
start_task=,name=dogemm,tick=90,start_time=175658.622677,nthreads=33,
message=tick stats,tick=90,estimated_current_power=0.000000,
end_task=,name=dogemm,elapsed_seconds=0.103343,predicted_seconds=0.000000,time_percent_error=100.000000,nthreads=33,end_time=175658.726687,avg_power_W=133.000000,max_power_W=136.000000,avg_time_s=0.103343,released_listeners=1,
start_task=,name=dogemm,tick=91,start_time=175658.726735,nthreads=33,
message=tick stats,tick=91,estimated_current_power=0.000000,
end_task=,name=dogemm,elapsed_seconds=0.104264,predicted_seconds=0.000000,time_percent_error=100.000000,nthreads=33,end_time=175658.831738,avg_power_W=144.000000,max_power_W=153.000000,avg_time_s=0.104264,released_listeners=0,
start_task=,name=dosyrk,tick=92,start_time=175658.831786,nthreads=33,
message=tick stats,tick=92,estimated_current_power=0.000000,
end_task=,name=dosyrk,elapsed_seconds=0.106657,predicted_seconds=0.000000,time_percent_error=100.000000,nthreads=33,end_time=175658.939160,avg_power_W=143.500000,max_power_W=150.000000,avg_time_s=0.106657,released_listeners=1,
start_task=,name=potrfprofile,tick=93,start_time=175658.939209,nthreads=33,
message=tick stats,tick=93,estimated_current_power=0.000000,
end_task=,name=potrfprofile,elapsed_seconds=0.570519,predicted_seconds=0.000000,time_percent_error=100.000000,nthreads=33,end_time=175659.510475,avg_power_W=135.000000,max_power_W=138.000000,avg_time_s=0.071315,released_listeners=1,
start_task=,name=dopotrf,tick=94,start_time=175659.510523,nthreads=33,
message=tick stats,tick=94,estimated_current_power=0.000000,
end_task=,name=dopotrf,elapsed_seconds=0.093711,predicted_seconds=0.000000,time_percent_error=100.000000,nthreads=33,end_time=175659.609163,avg_power_W=136.000000,max_power_W=138.000000,avg_time_s=0.093711,released_listeners=2,
start_task=,name=trsmprofile,tick=95,start_time=175659.609215,nthreads=33,
message=tick stats,tick=95,estimated_current_power=0.000000,
end_task=,name=trsmprofile,elapsed_seconds=0.547450,predicted_seconds=0.000000,time_percent_error=100.000000,nthreads=33,end_time=175660.157730,avg_power_W=144.818182,max_power_W=148.000000,avg_time_s=0.049768,released_listeners=1,
start_task=,name=trsmprofile,tick=96,start_time=175660.157783,nthreads=33,
message=tick stats,tick=96,estimated_current_power=0.000000,
end_task=,name=trsmprofile,elapsed_seconds=0.536841,predicted_seconds=0.000000,time_percent_error=100.000000,nthreads=33,end_time=175660.708489,avg_power_W=145.636364,max_power_W=147.000000,avg_time_s=0.048804,released_listeners=1,
start_task=,name=dotrsm,tick=97,start_time=175660.708542,nthreads=33,
message=tick stats,tick=97,estimated_current_power=0.000000,
end_task=,name=dotrsm,elapsed_seconds=0.053263,predicted_seconds=0.000000,time_percent_error=100.000000,nthreads=33,end_time=175660.762525,avg_power_W=139.000000,max_power_W=139.000000,avg_time_s=0.053263,released_listeners=2,
start_task=,name=dotrsm,tick=98,start_time=175660.762573,nthreads=33,
message=tick stats,tick=98,estimated_current_power=0.000000,
end_task=,name=dotrsm,elapsed_seconds=0.051913,predicted_seconds=0.000000,time_percent_error=100.000000,nthreads=33,end_time=175660.815452,avg_power_W=146.000000,max_power_W=146.000000,avg_time_s=0.051913,released_listeners=2,
start_task=,name=syrkprofile,tick=99,start_time=175660.815500,nthreads=33,
message=tick stats,tick=99,estimated_current_power=0.000000,
end_task=,name=syrkprofile,elapsed_seconds=0.544180,predicted_seconds=0.000000,time_percent_error=100.000000,nthreads=33,end_time=175661.360531,avg_power_W=138.000000,max_power_W=143.000000,avg_time_s=0.077740,released_listeners=1,
start_task=,name=gemmprofile,tick=100,start_time=175661.360582,nthreads=33,
message=tick stats,tick=100,estimated_current_power=0.000000,
end_task=,name=gemmprofile,elapsed_seconds=0.538386,predicted_seconds=0.000000,time_percent_error=100.000000,nthreads=33,end_time=175661.907371,avg_power_W=145.272727,max_power_W=153.000000,avg_time_s=0.076912,released_listeners=1,
start_task=,name=syrkprofile,tick=101,start_time=175661.907426,nthreads=33,
message=tick stats,tick=101,estimated_current_power=0.000000,
end_task=,name=syrkprofile,elapsed_seconds=0.533132,predicted_seconds=0.000000,time_percent_error=100.000000,nthreads=33,end_time=175662.457559,avg_power_W=138.454545,max_power_W=143.000000,avg_time_s=0.076162,released_listeners=1,
start_task=,name=dosyrk,tick=102,start_time=175662.457614,nthreads=33,
message=tick stats,tick=102,estimated_current_power=0.000000,
end_task=,name=dosyrk,elapsed_seconds=0.106709,predicted_seconds=0.000000,time_percent_error=100.000000,nthreads=33,end_time=175662.565090,avg_power_W=130.000000,max_power_W=136.000000,avg_time_s=0.106709,released_listeners=1,
start_task=,name=dogemm,tick=103,start_time=175662.565140,nthreads=33,
message=tick stats,tick=103,estimated_current_power=0.000000,
end_task=,name=dogemm,elapsed_seconds=0.103794,predicted_seconds=0.000000,time_percent_error=100.000000,nthreads=33,end_time=175662.669653,avg_power_W=133.000000,max_power_W=138.000000,avg_time_s=0.103794,released_listeners=1,
start_task=,name=dosyrk,tick=104,start_time=175662.669701,nthreads=33,
message=tick stats,tick=104,estimated_current_power=0.000000,
end_task=,name=dosyrk,elapsed_seconds=0.110326,predicted_seconds=0.000000,time_percent_error=100.000000,nthreads=33,end_time=175662.780761,avg_power_W=140.500000,max_power_W=150.000000,avg_time_s=0.110326,released_listeners=1,
start_task=,name=potrfprofile,tick=105,start_time=175662.780810,nthreads=33,
message=tick stats,tick=105,estimated_current_power=0.000000,
end_task=,name=potrfprofile,elapsed_seconds=0.529894,predicted_seconds=0.000000,time_percent_error=100.000000,nthreads=33,end_time=175663.311531,avg_power_W=135.727273,max_power_W=138.000000,avg_time_s=0.075699,released_listeners=1,
start_task=,name=dopotrf,tick=106,start_time=175663.311580,nthreads=33,
message=tick stats,tick=106,estimated_current_power=0.000000,
end_task=,name=dopotrf,elapsed_seconds=0.086510,predicted_seconds=0.000000,time_percent_error=100.000000,nthreads=33,end_time=175663.407713,avg_power_W=132.500000,max_power_W=136.000000,avg_time_s=0.086510,released_listeners=1,
start_task=,name=trsmprofile,tick=107,start_time=175663.407766,nthreads=33,
message=tick stats,tick=107,estimated_current_power=0.000000,
end_task=,name=trsmprofile,elapsed_seconds=0.547261,predicted_seconds=0.000000,time_percent_error=100.000000,nthreads=33,end_time=175663.957508,avg_power_W=145.000000,max_power_W=148.000000,avg_time_s=0.049751,released_listeners=1,
start_task=,name=dotrsm,tick=108,start_time=175663.957560,nthreads=33,
message=tick stats,tick=108,estimated_current_power=0.000000,
end_task=,name=dotrsm,elapsed_seconds=0.052519,predicted_seconds=0.000000,time_percent_error=100.000000,nthreads=33,end_time=175664.010873,avg_power_W=143.000000,max_power_W=143.000000,avg_time_s=0.052519,released_listeners=1,
start_task=,name=syrkprofile,tick=109,start_time=175664.010921,nthreads=33,
message=tick stats,tick=109,estimated_current_power=0.000000,
end_task=,name=syrkprofile,elapsed_seconds=0.532394,predicted_seconds=0.000000,time_percent_error=100.000000,nthreads=33,end_time=175664.557669,avg_power_W=139.000000,max_power_W=145.000000,avg_time_s=0.076056,released_listeners=1,
start_task=,name=dosyrk,tick=110,start_time=175664.557721,nthreads=33,
message=tick stats,tick=110,estimated_current_power=0.000000,
end_task=,name=dosyrk,elapsed_seconds=0.100507,predicted_seconds=0.000000,time_percent_error=100.000000,nthreads=33,end_time=175664.659016,avg_power_W=132.000000,max_power_W=136.000000,avg_time_s=0.100507,released_listeners=1,
start_task=,name=potrfprofile,tick=111,start_time=175664.659065,nthreads=33,
message=tick stats,tick=111,estimated_current_power=0.000000,
end_task=,name=potrfprofile,elapsed_seconds=0.528792,predicted_seconds=0.000000,time_percent_error=100.000000,nthreads=33,end_time=175665.188653,avg_power_W=135.500000,max_power_W=139.000000,avg_time_s=0.075542,released_listeners=1,
start_task=,name=dopotrf,tick=112,start_time=175665.188701,nthreads=33,
message=tick stats,tick=112,estimated_current_power=0.000000,
end_task=,name=dopotrf,elapsed_seconds=0.096224,predicted_seconds=0.000000,time_percent_error=100.000000,nthreads=33,end_time=175665.285705,avg_power_W=132.000000,max_power_W=136.000000,avg_time_s=0.096224,released_listeners=0,
est_max_power=0.000000,
average_power_W=132.000000,
max_power_W=136.000000,
time_s=35.395289,
message=ALL DONE,
