message=cataloging configuration,max_threads=24,power_limit=inf,
start_task=,name=potrfprofile,tick=1,start_time=175158.136762,nthreads=24,
message=tick stats,tick=1,estimated_current_power=0.000000,
end_task=,name=potrfprofile,elapsed_seconds=0.576747,predicted_seconds=0.000000,time_percent_error=100.000000,nthreads=24,end_time=175158.714889,avg_power_W=148.272727,max_power_W=159.000000,avg_time_s=0.115349,released_listeners=1,
start_task=,name=dopotrf,tick=2,start_time=175158.714942,nthreads=24,
message=tick stats,tick=2,estimated_current_power=0.000000,
end_task=,name=dopotrf,elapsed_seconds=0.096820,predicted_seconds=0.000000,time_percent_error=100.000000,nthreads=24,end_time=175158.812617,avg_power_W=129.500000,max_power_W=133.000000,avg_time_s=0.096820,released_listeners=5,
start_task=,name=trsmprofile,tick=3,start_time=175158.812663,nthreads=24,
message=tick stats,tick=3,estimated_current_power=0.000000,
end_task=,name=trsmprofile,elapsed_seconds=0.548217,predicted_seconds=0.000000,time_percent_error=100.000000,nthreads=24,end_time=175159.361645,avg_power_W=140.545455,max_power_W=146.000000,avg_time_s=0.049838,released_listeners=1,
start_task=,name=trsmprofile,tick=4,start_time=175159.361690,nthreads=24,
message=tick stats,tick=4,estimated_current_power=0.000000,
end_task=,name=trsmprofile,elapsed_seconds=0.518194,predicted_seconds=0.000000,time_percent_error=100.000000,nthreads=24,end_time=175159.881547,avg_power_W=141.700000,max_power_W=146.000000,avg_time_s=0.051819,released_listeners=1,
start_task=,name=trsmprofile,tick=5,start_time=175159.881592,nthreads=24,
message=tick stats,tick=5,estimated_current_power=0.000000,
end_task=,name=trsmprofile,elapsed_seconds=0.557686,predicted_seconds=0.000000,time_percent_error=100.000000,nthreads=24,end_time=175160.455156,avg_power_W=140.833333,max_power_W=142.000000,avg_time_s=0.050699,released_listeners=1,
start_task=,name=trsmprofile,tick=6,start_time=175160.455204,nthreads=24,
message=tick stats,tick=6,estimated_current_power=0.000000,
end_task=,name=trsmprofile,elapsed_seconds=0.533866,predicted_seconds=0.000000,time_percent_error=100.000000,nthreads=24,end_time=175161.005235,avg_power_W=140.727273,max_power_W=145.000000,avg_time_s=0.053387,released_listeners=1,
start_task=,name=trsmprofile,tick=7,start_time=175161.005284,nthreads=24,
message=tick stats,tick=7,estimated_current_power=0.000000,
end_task=,name=trsmprofile,elapsed_seconds=0.530770,predicted_seconds=0.000000,time_percent_error=100.000000,nthreads=24,end_time=175161.555129,avg_power_W=139.727273,max_power_W=143.000000,avg_time_s=0.053077,released_listeners=1,
start_task=,name=dotrsm,tick=8,start_time=175161.555178,nthreads=24,
message=tick stats,tick=8,estimated_current_power=0.000000,
end_task=,name=dotrsm,elapsed_seconds=0.058810,predicted_seconds=0.000000,time_percent_error=100.000000,nthreads=24,end_time=175161.614738,avg_power_W=141.000000,max_power_W=141.000000,avg_time_s=0.058810,released_listeners=5,
start_task=,name=dotrsm,tick=9,start_time=175161.614788,nthreads=24,
message=tick stats,tick=9,estimated_current_power=0.000000,
end_task=,name=dotrsm,elapsed_seconds=0.057989,predicted_seconds=0.000000,time_percent_error=100.000000,nthreads=24,end_time=175161.673533,avg_power_W=129.000000,max_power_W=129.000000,avg_time_s=0.057989,released_listeners=5,
start_task=,name=dotrsm,tick=10,start_time=175161.673579,nthreads=24,
message=tick stats,tick=10,estimated_current_power=0.000000,
end_task=,name=dotrsm,elapsed_seconds=0.060403,predicted_seconds=0.000000,time_percent_error=100.000000,nthreads=24,end_time=175161.734979,avg_power_W=139.000000,max_power_W=139.000000,avg_time_s=0.060403,released_listeners=5,
start_task=,name=dotrsm,tick=11,start_time=175161.735025,nthreads=24,
message=tick stats,tick=11,estimated_current_power=0.000000,
end_task=,name=dotrsm,elapsed_seconds=0.059554,predicted_seconds=0.000000,time_percent_error=100.000000,nthreads=24,end_time=175161.806050,avg_power_W=139.000000,max_power_W=140.000000,avg_time_s=0.059554,released_listeners=5,
start_task=,name=dotrsm,tick=12,start_time=175161.806102,nthreads=24,
message=tick stats,tick=12,estimated_current_power=0.000000,
end_task=,name=dotrsm,elapsed_seconds=0.054721,predicted_seconds=0.000000,time_percent_error=100.000000,nthreads=24,end_time=175161.861664,avg_power_W=136.000000,max_power_W=136.000000,avg_time_s=0.054721,released_listeners=5,
start_task=,name=syrkprofile,tick=13,start_time=175161.861711,nthreads=24,
message=tick stats,tick=13,estimated_current_power=0.000000,
end_task=,name=syrkprofile,elapsed_seconds=0.526963,predicted_seconds=0.000000,time_percent_error=100.000000,nthreads=24,end_time=175162.405503,avg_power_W=134.363636,max_power_W=139.000000,avg_time_s=0.087827,released_listeners=1,
start_task=,name=gemmprofile,tick=14,start_time=175162.405552,nthreads=24,
message=tick stats,tick=14,estimated_current_power=0.000000,
end_task=,name=gemmprofile,elapsed_seconds=0.562474,predicted_seconds=0.000000,time_percent_error=100.000000,nthreads=24,end_time=175162.968887,avg_power_W=137.818182,max_power_W=142.000000,avg_time_s=0.093746,released_listeners=1,
start_task=,name=syrkprofile,tick=15,start_time=175162.968933,nthreads=24,
message=tick stats,tick=15,estimated_current_power=0.000000,
end_task=,name=syrkprofile,elapsed_seconds=0.527403,predicted_seconds=0.000000,time_percent_error=100.000000,nthreads=24,end_time=175163.505470,avg_power_W=134.454545,max_power_W=140.000000,avg_time_s=0.087901,released_listeners=1,
start_task=,name=gemmprofile,tick=16,start_time=175163.505523,nthreads=24,
message=tick stats,tick=16,estimated_current_power=0.000000,
end_task=,name=gemmprofile,elapsed_seconds=0.583707,predicted_seconds=0.000000,time_percent_error=100.000000,nthreads=24,end_time=175164.105324,avg_power_W=137.166667,max_power_W=142.000000,avg_time_s=0.097284,released_listeners=1,
start_task=,name=gemmprofile,tick=17,start_time=175164.105374,nthreads=24,
message=tick stats,tick=17,estimated_current_power=0.000000,
end_task=,name=gemmprofile,elapsed_seconds=0.589398,predicted_seconds=0.000000,time_percent_error=100.000000,nthreads=24,end_time=175164.705093,avg_power_W=137.833333,max_power_W=142.000000,avg_time_s=0.098233,released_listeners=1,
start_task=,name=syrkprofile,tick=18,start_time=175164.705142,nthreads=24,
message=tick stats,tick=18,estimated_current_power=0.000000,
end_task=,name=syrkprofile,elapsed_seconds=0.530466,predicted_seconds=0.000000,time_percent_error=100.000000,nthreads=24,end_time=175165.236264,avg_power_W=132.700000,max_power_W=141.000000,avg_time_s=0.088411,released_listeners=1,
start_task=,name=gemmprofile,tick=19,start_time=175165.236309,nthreads=24,
message=tick stats,tick=19,estimated_current_power=0.000000,
end_task=,name=gemmprofile,elapsed_seconds=0.568243,predicted_seconds=0.000000,time_percent_error=100.000000,nthreads=24,end_time=175165.805275,avg_power_W=136.750000,max_power_W=142.000000,avg_time_s=0.094707,released_listeners=1,
start_task=,name=gemmprofile,tick=20,start_time=175165.805320,nthreads=24,
message=tick stats,tick=20,estimated_current_power=0.000000,
end_task=,name=gemmprofile,elapsed_seconds=0.556640,predicted_seconds=0.000000,time_percent_error=100.000000,nthreads=24,end_time=175166.362664,avg_power_W=137.454545,max_power_W=142.000000,avg_time_s=0.092773,released_listeners=1,
start_task=,name=gemmprofile,tick=21,start_time=175166.362709,nthreads=24,
message=tick stats,tick=21,estimated_current_power=0.000000,
end_task=,name=gemmprofile,elapsed_seconds=0.553077,predicted_seconds=0.000000,time_percent_error=100.000000,nthreads=24,end_time=175166.916616,avg_power_W=138.000000,max_power_W=143.000000,avg_time_s=0.092179,released_listeners=1,
start_task=,name=syrkprofile,tick=22,start_time=175166.916661,nthreads=24,
message=tick stats,tick=22,estimated_current_power=0.000000,
end_task=,name=syrkprofile,elapsed_seconds=0.519393,predicted_seconds=0.000000,time_percent_error=100.000000,nthreads=24,end_time=175167.454478,avg_power_W=134.909091,max_power_W=139.000000,avg_time_s=0.086566,released_listeners=1,
start_task=,name=gemmprofile,tick=23,start_time=175167.454527,nthreads=24,
message=tick stats,tick=23,estimated_current_power=0.000000,
end_task=,name=gemmprofile,elapsed_seconds=0.560190,predicted_seconds=0.000000,time_percent_error=100.000000,nthreads=24,end_time=175168.015555,avg_power_W=137.454545,max_power_W=142.000000,avg_time_s=0.093365,released_listeners=1,
start_task=,name=gemmprofile,tick=24,start_time=175168.015601,nthreads=24,
message=tick stats,tick=24,estimated_current_power=0.000000,
end_task=,name=gemmprofile,elapsed_seconds=0.568571,predicted_seconds=0.000000,time_percent_error=100.000000,nthreads=24,end_time=175168.584898,avg_power_W=138.818182,max_power_W=142.000000,avg_time_s=0.094762,released_listeners=1,
start_task=,name=gemmprofile,tick=25,start_time=175168.584943,nthreads=24,
message=tick stats,tick=25,estimated_current_power=0.000000,
end_task=,name=gemmprofile,elapsed_seconds=0.559886,predicted_seconds=0.000000,time_percent_error=100.000000,nthreads=24,end_time=175169.154705,avg_power_W=138.166667,max_power_W=142.000000,avg_time_s=0.093314,released_listeners=1,
start_task=,name=gemmprofile,tick=26,start_time=175169.154757,nthreads=24,
message=tick stats,tick=26,estimated_current_power=0.000000,
end_task=,name=gemmprofile,elapsed_seconds=0.559512,predicted_seconds=0.000000,time_percent_error=100.000000,nthreads=24,end_time=175169.715091,avg_power_W=138.545455,max_power_W=142.000000,avg_time_s=0.093252,released_listeners=1,
start_task=,name=syrkprofile,tick=27,start_time=175169.715136,nthreads=24,
message=tick stats,tick=27,estimated_current_power=0.000000,
end_task=,name=syrkprofile,elapsed_seconds=0.527036,predicted_seconds=0.000000,time_percent_error=100.000000,nthreads=24,end_time=175170.255244,avg_power_W=134.818182,max_power_W=140.000000,avg_time_s=0.087839,released_listeners=1,
start_task=,name=dosyrk,tick=28,start_time=175170.255277,nthreads=24,
message=tick stats,tick=28,estimated_current_power=0.000000,
end_task=,name=dosyrk,elapsed_seconds=0.113264,predicted_seconds=0.000000,time_percent_error=100.000000,nthreads=24,end_time=175170.369256,avg_power_W=129.500000,max_power_W=135.000000,avg_time_s=0.113264,released_listeners=1,
start_task=,name=dogemm,tick=29,start_time=175170.369301,nthreads=24,
message=tick stats,tick=29,estimated_current_power=0.000000,
end_task=,name=dogemm,elapsed_seconds=0.120143,predicted_seconds=0.000000,time_percent_error=100.000000,nthreads=24,end_time=175170.505480,avg_power_W=132.000000,max_power_W=136.000000,avg_time_s=0.120143,released_listeners=1,
start_task=,name=dosyrk,tick=30,start_time=175170.505544,nthreads=24,
message=tick stats,tick=30,estimated_current_power=0.000000,
end_task=,name=dosyrk,elapsed_seconds=0.115921,predicted_seconds=0.000000,time_percent_error=100.000000,nthreads=24,end_time=175170.622253,avg_power_W=133.000000,max_power_W=141.000000,avg_time_s=0.115921,released_listeners=1,
start_task=,name=dogemm,tick=31,start_time=175170.622298,nthreads=24,
message=tick stats,tick=31,estimated_current_power=0.000000,
end_task=,name=dogemm,elapsed_seconds=0.121227,predicted_seconds=0.000000,time_percent_error=100.000000,nthreads=24,end_time=175170.754510,avg_power_W=129.666667,max_power_W=131.000000,avg_time_s=0.121227,released_listeners=1,
start_task=,name=dogemm,tick=32,start_time=175170.754560,nthreads=24,
message=tick stats,tick=32,estimated_current_power=0.000000,
end_task=,name=dogemm,elapsed_seconds=0.120376,predicted_seconds=0.000000,time_percent_error=100.000000,nthreads=24,end_time=175170.875744,avg_power_W=131.500000,max_power_W=139.000000,avg_time_s=0.120376,released_listeners=0,
start_task=,name=dosyrk,tick=33,start_time=175170.875788,nthreads=24,
message=tick stats,tick=33,estimated_current_power=0.000000,
end_task=,name=dosyrk,elapsed_seconds=0.116709,predicted_seconds=0.000000,time_percent_error=100.000000,nthreads=24,end_time=175171.005727,avg_power_W=138.333333,max_power_W=141.000000,avg_time_s=0.116709,released_listeners=1,
start_task=,name=dogemm,tick=34,start_time=175171.005777,nthreads=24,
message=tick stats,tick=34,estimated_current_power=0.000000,
end_task=,name=dogemm,elapsed_seconds=0.116964,predicted_seconds=0.000000,time_percent_error=100.000000,nthreads=24,end_time=175171.123630,avg_power_W=126.000000,max_power_W=130.000000,avg_time_s=0.116964,released_listeners=1,
start_task=,name=dogemm,tick=35,start_time=175171.123682,nthreads=24,
message=tick stats,tick=35,estimated_current_power=0.000000,
end_task=,name=dogemm,elapsed_seconds=0.119228,predicted_seconds=0.000000,time_percent_error=100.000000,nthreads=24,end_time=175171.255800,avg_power_W=134.000000,max_power_W=138.000000,avg_time_s=0.119228,released_listeners=0,
start_task=,name=dogemm,tick=36,start_time=175171.255850,nthreads=24,
message=tick stats,tick=36,estimated_current_power=0.000000,
end_task=,name=dogemm,elapsed_seconds=0.115880,predicted_seconds=0.000000,time_percent_error=100.000000,nthreads=24,end_time=175171.372503,avg_power_W=132.000000,max_power_W=141.000000,avg_time_s=0.115880,released_listeners=0,
start_task=,name=dosyrk,tick=37,start_time=175171.372548,nthreads=24,
message=tick stats,tick=37,estimated_current_power=0.000000,
end_task=,name=dosyrk,elapsed_seconds=0.113797,predicted_seconds=0.000000,time_percent_error=100.000000,nthreads=24,end_time=175171.505557,avg_power_W=133.666667,max_power_W=137.000000,avg_time_s=0.113797,released_listeners=1,
start_task=,name=dogemm,tick=38,start_time=175171.505606,nthreads=24,
message=tick stats,tick=38,estimated_current_power=0.000000,
end_task=,name=dogemm,elapsed_seconds=0.120717,predicted_seconds=0.000000,time_percent_error=100.000000,nthreads=24,end_time=175171.627338,avg_power_W=128.500000,max_power_W=133.000000,avg_time_s=0.120717,released_listeners=1,
start_task=,name=dogemm,tick=39,start_time=175171.627384,nthreads=24,
message=tick stats,tick=39,estimated_current_power=0.000000,
end_task=,name=dogemm,elapsed_seconds=0.121565,predicted_seconds=0.000000,time_percent_error=100.000000,nthreads=24,end_time=175171.754588,avg_power_W=134.666667,max_power_W=138.000000,avg_time_s=0.121565,released_listeners=0,
start_task=,name=dogemm,tick=40,start_time=175171.754637,nthreads=24,
message=tick stats,tick=40,estimated_current_power=0.000000,
end_task=,name=dogemm,elapsed_seconds=0.119678,predicted_seconds=0.000000,time_percent_error=100.000000,nthreads=24,end_time=175171.875204,avg_power_W=133.500000,max_power_W=141.000000,avg_time_s=0.119678,released_listeners=0,
start_task=,name=dogemm,tick=41,start_time=175171.875253,nthreads=24,
message=tick stats,tick=41,estimated_current_power=0.000000,
end_task=,name=dogemm,elapsed_seconds=0.120788,predicted_seconds=0.000000,time_percent_error=100.000000,nthreads=24,end_time=175172.005585,avg_power_W=134.666667,max_power_W=137.000000,avg_time_s=0.120788,released_listeners=0,
start_task=,name=dosyrk,tick=42,start_time=175172.005634,nthreads=24,
message=tick stats,tick=42,estimated_current_power=0.000000,
end_task=,name=dosyrk,elapsed_seconds=0.113824,predicted_seconds=0.000000,time_percent_error=100.000000,nthreads=24,end_time=175172.120256,avg_power_W=133.500000,max_power_W=140.000000,avg_time_s=0.113824,released_listeners=1,
start_task=,name=potrfprofile,tick=43,start_time=175172.120301,nthreads=24,
message=tick stats,tick=43,estimated_current_power=0.000000,
end_task=,name=potrfprofile,elapsed_seconds=0.530007,predicted_seconds=0.000000,time_percent_error=100.000000,nthreads=24,end_time=175172.654783,avg_power_W=130.454545,max_power_W=133.000000,avg_time_s=0.075715,released_listeners=1,
start_task=,name=dopotrf,tick=44,start_time=175172.654832,nthreads=24,
message=tick stats,tick=44,estimated_current_power=0.000000,
end_task=,name=dopotrf,elapsed_seconds=0.092761,predicted_seconds=0.000000,time_percent_error=100.000000,nthreads=24,end_time=175172.755058,avg_power_W=127.500000,max_power_W=132.000000,avg_time_s=0.092761,released_listeners=4,
start_task=,name=trsmprofile,tick=45,start_time=175172.755108,nthreads=24,
message=tick stats,tick=45,estimated_current_power=0.000000,
end_task=,name=trsmprofile,elapsed_seconds=0.508284,predicted_seconds=0.000000,time_percent_error=100.000000,nthreads=24,end_time=175173.264145,avg_power_W=138.200000,max_power_W=141.000000,avg_time_s=0.050828,released_listeners=1,
start_task=,name=trsmprofile,tick=46,start_time=175173.264198,nthreads=24,
message=tick stats,tick=46,estimated_current_power=0.000000,
end_task=,name=trsmprofile,elapsed_seconds=0.554758,predicted_seconds=0.000000,time_percent_error=100.000000,nthreads=24,end_time=175173.819714,avg_power_W=139.818182,max_power_W=142.000000,avg_time_s=0.050433,released_listeners=1,
start_task=,name=trsmprofile,tick=47,start_time=175173.819760,nthreads=24,
message=tick stats,tick=47,estimated_current_power=0.000000,
end_task=,name=trsmprofile,elapsed_seconds=0.553860,predicted_seconds=0.000000,time_percent_error=100.000000,nthreads=24,end_time=175174.374452,avg_power_W=140.000000,max_power_W=141.000000,avg_time_s=0.050351,released_listeners=1,
start_task=,name=trsmprofile,tick=48,start_time=175174.374499,nthreads=24,
message=tick stats,tick=48,estimated_current_power=0.000000,
end_task=,name=trsmprofile,elapsed_seconds=0.532164,predicted_seconds=0.000000,time_percent_error=100.000000,nthreads=24,end_time=175174.907793,avg_power_W=140.181818,max_power_W=143.000000,avg_time_s=0.053216,released_listeners=1,
start_task=,name=dotrsm,tick=49,start_time=175174.907842,nthreads=24,
message=tick stats,tick=49,estimated_current_power=0.000000,
end_task=,name=dotrsm,elapsed_seconds=0.058648,predicted_seconds=0.000000,time_percent_error=100.000000,nthreads=24,end_time=175174.968012,avg_power_W=140.000000,max_power_W=140.000000,avg_time_s=0.058648,released_listeners=4,
start_task=,name=dotrsm,tick=50,start_time=175174.968058,nthreads=24,
message=tick stats,tick=50,estimated_current_power=0.000000,
end_task=,name=dotrsm,elapsed_seconds=0.054659,predicted_seconds=0.000000,time_percent_error=100.000000,nthreads=24,end_time=175175.023511,avg_power_W=131.000000,max_power_W=131.000000,avg_time_s=0.054659,released_listeners=4,
start_task=,name=dotrsm,tick=51,start_time=175175.023558,nthreads=24,
message=tick stats,tick=51,estimated_current_power=0.000000,
end_task=,name=dotrsm,elapsed_seconds=0.054509,predicted_seconds=0.000000,time_percent_error=100.000000,nthreads=24,end_time=175175.078893,avg_power_W=135.000000,max_power_W=135.000000,avg_time_s=0.054509,released_listeners=4,
start_task=,name=dotrsm,tick=52,start_time=175175.078940,nthreads=24,
message=tick stats,tick=52,estimated_current_power=0.000000,
end_task=,name=dotrsm,elapsed_seconds=0.056547,predicted_seconds=0.000000,time_percent_error=100.000000,nthreads=24,end_time=175175.136314,avg_power_W=141.000000,max_power_W=141.000000,avg_time_s=0.056547,released_listeners=4,
start_task=,name=syrkprofile,tick=53,start_time=175175.136360,nthreads=24,
message=tick stats,tick=53,estimated_current_power=0.000000,
end_task=,name=syrkprofile,elapsed_seconds=0.528004,predicted_seconds=0.000000,time_percent_error=100.000000,nthreads=24,end_time=175175.665107,avg_power_W=134.090909,max_power_W=140.000000,avg_time_s=0.088001,released_listeners=1,
start_task=,name=gemmprofile,tick=54,start_time=175175.665153,nthreads=24,
message=tick stats,tick=54,estimated_current_power=0.000000,
end_task=,name=gemmprofile,elapsed_seconds=0.556367,predicted_seconds=0.000000,time_percent_error=100.000000,nthreads=24,end_time=175176.222250,avg_power_W=137.727273,max_power_W=142.000000,avg_time_s=0.092728,released_listeners=1,
start_task=,name=syrkprofile,tick=55,start_time=175176.222295,nthreads=24,
message=tick stats,tick=55,estimated_current_power=0.000000,
end_task=,name=syrkprofile,elapsed_seconds=0.545845,predicted_seconds=0.000000,time_percent_error=100.000000,nthreads=24,end_time=175176.768928,avg_power_W=134.090909,max_power_W=140.000000,avg_time_s=0.090974,released_listeners=1,
start_task=,name=gemmprofile,tick=56,start_time=175176.768974,nthreads=24,
message=tick stats,tick=56,estimated_current_power=0.000000,
end_task=,name=gemmprofile,elapsed_seconds=0.571578,predicted_seconds=0.000000,time_percent_error=100.000000,nthreads=24,end_time=175177.354985,avg_power_W=137.000000,max_power_W=142.000000,avg_time_s=0.095263,released_listeners=1,
start_task=,name=gemmprofile,tick=57,start_time=175177.355034,nthreads=24,
message=tick stats,tick=57,estimated_current_power=0.000000,
end_task=,name=gemmprofile,elapsed_seconds=0.569746,predicted_seconds=0.000000,time_percent_error=100.000000,nthreads=24,end_time=175177.925425,avg_power_W=137.636364,max_power_W=142.000000,avg_time_s=0.094958,released_listeners=1,
start_task=,name=syrkprofile,tick=58,start_time=175177.925471,nthreads=24,
message=tick stats,tick=58,estimated_current_power=0.000000,
end_task=,name=syrkprofile,elapsed_seconds=0.533212,predicted_seconds=0.000000,time_percent_error=100.000000,nthreads=24,end_time=175178.459526,avg_power_W=134.363636,max_power_W=140.000000,avg_time_s=0.088869,released_listeners=1,
start_task=,name=gemmprofile,tick=59,start_time=175178.459572,nthreads=24,
message=tick stats,tick=59,estimated_current_power=0.000000,
end_task=,name=gemmprofile,elapsed_seconds=0.566443,predicted_seconds=0.000000,time_percent_error=100.000000,nthreads=24,end_time=175179.026728,avg_power_W=136.090909,max_power_W=142.000000,avg_time_s=0.094407,released_listeners=1,
start_task=,name=gemmprofile,tick=60,start_time=175179.026773,nthreads=24,
message=tick stats,tick=60,estimated_current_power=0.000000,
end_task=,name=gemmprofile,elapsed_seconds=0.557503,predicted_seconds=0.000000,time_percent_error=100.000000,nthreads=24,end_time=175179.585038,avg_power_W=137.363636,max_power_W=142.000000,avg_time_s=0.092917,released_listeners=1,
start_task=,name=gemmprofile,tick=61,start_time=175179.585084,nthreads=24,
message=tick stats,tick=61,estimated_current_power=0.000000,
end_task=,name=gemmprofile,elapsed_seconds=0.578030,predicted_seconds=0.000000,time_percent_error=100.000000,nthreads=24,end_time=175180.163939,avg_power_W=137.500000,max_power_W=141.000000,avg_time_s=0.096338,released_listeners=1,
start_task=,name=syrkprofile,tick=62,start_time=175180.163987,nthreads=24,
message=tick stats,tick=62,estimated_current_power=0.000000,
end_task=,name=syrkprofile,elapsed_seconds=0.528741,predicted_seconds=0.000000,time_percent_error=100.000000,nthreads=24,end_time=175180.704707,avg_power_W=133.909091,max_power_W=139.000000,avg_time_s=0.088124,released_listeners=1,
start_task=,name=dosyrk,tick=63,start_time=175180.704758,nthreads=24,
message=tick stats,tick=63,estimated_current_power=0.000000,
end_task=,name=dosyrk,elapsed_seconds=0.112421,predicted_seconds=0.000000,time_percent_error=100.000000,nthreads=24,end_time=175180.817896,avg_power_W=130.500000,max_power_W=134.000000,avg_time_s=0.112421,released_listeners=1,
start_task=,name=dogemm,tick=64,start_time=175180.817942,nthreads=24,
message=tick stats,tick=64,estimated_current_power=0.000000,
end_task=,name=dogemm,elapsed_seconds=0.120364,predicted_seconds=0.000000,time_percent_error=100.000000,nthreads=24,end_time=175180.954954,avg_power_W=130.000000,max_power_W=132.000000,avg_time_s=0.120364,released_listeners=1,
start_task=,name=dosyrk,tick=65,start_time=175180.955004,nthreads=24,
message=tick stats,tick=65,estimated_current_power=0.000000,
end_task=,name=dosyrk,elapsed_seconds=0.114814,predicted_seconds=0.000000,time_percent_error=100.000000,nthreads=24,end_time=175181.070591,avg_power_W=131.500000,max_power_W=139.000000,avg_time_s=0.114814,released_listeners=1,
start_task=,name=dogemm,tick=66,start_time=175181.070637,nthreads=24,
message=tick stats,tick=66,estimated_current_power=0.000000,
end_task=,name=dogemm,elapsed_seconds=0.119393,predicted_seconds=0.000000,time_percent_error=100.000000,nthreads=24,end_time=175181.204907,avg_power_W=130.333333,max_power_W=133.000000,avg_time_s=0.119393,released_listeners=1,
start_task=,name=dogemm,tick=67,start_time=175181.204957,nthreads=24,
message=tick stats,tick=67,estimated_current_power=0.000000,
end_task=,name=dogemm,elapsed_seconds=0.116831,predicted_seconds=0.000000,time_percent_error=100.000000,nthreads=24,end_time=175181.322624,avg_power_W=132.000000,max_power_W=141.000000,avg_time_s=0.116831,released_listeners=0,
start_task=,name=dosyrk,tick=68,start_time=175181.322669,nthreads=24,
message=tick stats,tick=68,estimated_current_power=0.000000,
end_task=,name=dosyrk,elapsed_seconds=0.115850,predicted_seconds=0.000000,time_percent_error=100.000000,nthreads=24,end_time=175181.455256,avg_power_W=135.333333,max_power_W=138.000000,avg_time_s=0.115850,released_listeners=1,
start_task=,name=dogemm,tick=69,start_time=175181.455314,nthreads=24,
message=tick stats,tick=69,estimated_current_power=0.000000,
end_task=,name=dogemm,elapsed_seconds=0.120045,predicted_seconds=0.000000,time_percent_error=100.000000,nthreads=24,end_time=175181.576166,avg_power_W=127.000000,max_power_W=130.000000,avg_time_s=0.120045,released_listeners=1,
start_task=,name=dogemm,tick=70,start_time=175181.576212,nthreads=24,
message=tick stats,tick=70,estimated_current_power=0.000000,
end_task=,name=dogemm,elapsed_seconds=0.124432,predicted_seconds=0.000000,time_percent_error=100.000000,nthreads=24,end_time=175181.706069,avg_power_W=133.666667,max_power_W=138.000000,avg_time_s=0.124432,released_listeners=0,
start_task=,name=dogemm,tick=71,start_time=175181.706118,nthreads=24,
message=tick stats,tick=71,estimated_current_power=0.000000,
end_task=,name=dogemm,elapsed_seconds=0.119901,predicted_seconds=0.000000,time_percent_error=100.000000,nthreads=24,end_time=175181.827005,avg_power_W=133.500000,max_power_W=140.000000,avg_time_s=0.119901,released_listeners=0,
start_task=,name=dosyrk,tick=72,start_time=175181.827050,nthreads=24,
message=tick stats,tick=72,estimated_current_power=0.000000,
end_task=,name=dosyrk,elapsed_seconds=0.118775,predicted_seconds=0.000000,time_percent_error=100.000000,nthreads=24,end_time=175181.954930,avg_power_W=136.333333,max_power_W=138.000000,avg_time_s=0.118775,released_listeners=1,
start_task=,name=potrfprofile,tick=73,start_time=175181.954980,nthreads=24,
message=tick stats,tick=73,estimated_current_power=0.000000,
end_task=,name=potrfprofile,elapsed_seconds=0.531233,predicted_seconds=0.000000,time_percent_error=100.000000,nthreads=24,end_time=175182.504642,avg_power_W=129.636364,max_power_W=132.000000,avg_time_s=0.075890,released_listeners=1,
start_task=,name=dopotrf,tick=74,start_time=175182.504691,nthreads=24,
message=tick stats,tick=74,estimated_current_power=0.000000,
end_task=,name=dopotrf,elapsed_seconds=0.092739,predicted_seconds=0.000000,time_percent_error=100.000000,nthreads=24,end_time=175182.604916,avg_power_W=125.500000,max_power_W=131.000000,avg_time_s=0.092739,released_listeners=3,
start_task=,name=trsmprofile,tick=75,start_time=175182.604966,nthreads=24,
message=tick stats,tick=75,estimated_current_power=0.000000,
end_task=,name=trsmprofile,elapsed_seconds=0.535039,predicted_seconds=0.000000,time_percent_error=100.000000,nthreads=24,end_time=175183.154646,avg_power_W=138.272727,max_power_W=142.000000,avg_time_s=0.053504,released_listeners=1,
start_task=,name=trsmprofile,tick=76,start_time=175183.154696,nthreads=24,
message=tick stats,tick=76,estimated_current_power=0.000000,
end_task=,name=trsmprofile,elapsed_seconds=0.528247,predicted_seconds=0.000000,time_percent_error=100.000000,nthreads=24,end_time=175183.683644,avg_power_W=138.100000,max_power_W=142.000000,avg_time_s=0.052825,released_listeners=1,
start_task=,name=trsmprofile,tick=77,start_time=175183.683690,nthreads=24,
message=tick stats,tick=77,estimated_current_power=0.000000,
end_task=,name=trsmprofile,elapsed_seconds=0.531036,predicted_seconds=0.000000,time_percent_error=100.000000,nthreads=24,end_time=175184.216288,avg_power_W=138.818182,max_power_W=146.000000,avg_time_s=0.053104,released_listeners=1,
start_task=,name=dotrsm,tick=78,start_time=175184.216335,nthreads=24,
message=tick stats,tick=78,estimated_current_power=0.000000,
end_task=,name=dotrsm,elapsed_seconds=0.057191,predicted_seconds=0.000000,time_percent_error=100.000000,nthreads=24,end_time=175184.274156,avg_power_W=138.000000,max_power_W=138.000000,avg_time_s=0.057191,released_listeners=3,
start_task=,name=dotrsm,tick=79,start_time=175184.274203,nthreads=24,
message=tick stats,tick=79,estimated_current_power=0.000000,
end_task=,name=dotrsm,elapsed_seconds=0.057329,predicted_seconds=0.000000,time_percent_error=100.000000,nthreads=24,end_time=175184.332249,avg_power_W=130.000000,max_power_W=130.000000,avg_time_s=0.057329,released_listeners=3,
start_task=,name=dotrsm,tick=80,start_time=175184.332302,nthreads=24,
message=tick stats,tick=80,estimated_current_power=0.000000,
end_task=,name=dotrsm,elapsed_seconds=0.058684,predicted_seconds=0.000000,time_percent_error=100.000000,nthreads=24,end_time=175184.404530,avg_power_W=139.000000,max_power_W=140.000000,avg_time_s=0.058684,released_listeners=3,
start_task=,name=syrkprofile,tick=81,start_time=175184.404580,nthreads=24,
message=tick stats,tick=81,estimated_current_power=0.000000,
end_task=,name=syrkprofile,elapsed_seconds=0.539996,predicted_seconds=0.000000,time_percent_error=100.000000,nthreads=24,end_time=175184.955210,avg_power_W=132.454545,max_power_W=136.000000,avg_time_s=0.089999,released_listeners=1,
start_task=,name=gemmprofile,tick=82,start_time=175184.955268,nthreads=24,
message=tick stats,tick=82,estimated_current_power=0.000000,
end_task=,name=gemmprofile,elapsed_seconds=0.557106,predicted_seconds=0.000000,time_percent_error=100.000000,nthreads=24,end_time=175185.513907,avg_power_W=136.545455,max_power_W=141.000000,avg_time_s=0.092851,released_listeners=1,
start_task=,name=syrkprofile,tick=83,start_time=175185.513956,nthreads=24,
message=tick stats,tick=83,estimated_current_power=0.000000,
end_task=,name=syrkprofile,elapsed_seconds=0.539383,predicted_seconds=0.000000,time_percent_error=100.000000,nthreads=24,end_time=175186.054625,avg_power_W=133.818182,max_power_W=140.000000,avg_time_s=0.089897,released_listeners=1,
start_task=,name=gemmprofile,tick=84,start_time=175186.054674,nthreads=24,
message=tick stats,tick=84,estimated_current_power=0.000000,
end_task=,name=gemmprofile,elapsed_seconds=0.566077,predicted_seconds=0.000000,time_percent_error=100.000000,nthreads=24,end_time=175186.621392,avg_power_W=137.454545,max_power_W=141.000000,avg_time_s=0.094346,released_listeners=1,
start_task=,name=gemmprofile,tick=85,start_time=175186.621438,nthreads=24,
message=tick stats,tick=85,estimated_current_power=0.000000,
end_task=,name=gemmprofile,elapsed_seconds=0.565309,predicted_seconds=0.000000,time_percent_error=100.000000,nthreads=24,end_time=175187.204405,avg_power_W=137.833333,max_power_W=141.000000,avg_time_s=0.094218,released_listeners=1,
start_task=,name=syrkprofile,tick=86,start_time=175187.204454,nthreads=24,
message=tick stats,tick=86,estimated_current_power=0.000000,
end_task=,name=syrkprofile,elapsed_seconds=0.532509,predicted_seconds=0.000000,time_percent_error=100.000000,nthreads=24,end_time=175187.755081,avg_power_W=133.090909,max_power_W=138.000000,avg_time_s=0.088751,released_listeners=1,
start_task=,name=dosyrk,tick=87,start_time=175187.755130,nthreads=24,
message=tick stats,tick=87,estimated_current_power=0.000000,
end_task=,name=dosyrk,elapsed_seconds=0.114048,predicted_seconds=0.000000,time_percent_error=100.000000,nthreads=24,end_time=175187.870141,avg_power_W=129.500000,max_power_W=134.000000,avg_time_s=0.114048,released_listeners=1,
start_task=,name=dogemm,tick=88,start_time=175187.870187,nthreads=24,
message=tick stats,tick=88,estimated_current_power=0.000000,
end_task=,name=dogemm,elapsed_seconds=0.119503,predicted_seconds=0.000000,time_percent_error=100.000000,nthreads=24,end_time=175188.005101,avg_power_W=130.000000,max_power_W=132.000000,avg_time_s=0.119503,released_listeners=1,
start_task=,name=dosyrk,tick=89,start_time=175188.005151,nthreads=24,
message=tick stats,tick=89,estimated_current_power=0.000000,
end_task=,name=dosyrk,elapsed_seconds=0.112806,predicted_seconds=0.000000,time_percent_error=100.000000,nthreads=24,end_time=175188.118696,avg_power_W=132.500000,max_power_W=140.000000,avg_time_s=0.112806,released_listeners=1,
start_task=,name=dogemm,tick=90,start_time=175188.118742,nthreads=24,
message=tick stats,tick=90,estimated_current_power=0.000000,
end_task=,name=dogemm,elapsed_seconds=0.118229,predicted_seconds=0.000000,time_percent_error=100.000000,nthreads=24,end_time=175188.255180,avg_power_W=131.666667,max_power_W=136.000000,avg_time_s=0.118229,released_listeners=1,
start_task=,name=dogemm,tick=91,start_time=175188.255240,nthreads=24,
message=tick stats,tick=91,estimated_current_power=0.000000,
end_task=,name=dogemm,elapsed_seconds=0.117899,predicted_seconds=0.000000,time_percent_error=100.000000,nthreads=24,end_time=175188.373831,avg_power_W=131.000000,max_power_W=139.000000,avg_time_s=0.117899,released_listeners=0,
start_task=,name=dosyrk,tick=92,start_time=175188.373876,nthreads=24,
message=tick stats,tick=92,estimated_current_power=0.000000,
end_task=,name=dosyrk,elapsed_seconds=0.115629,predicted_seconds=0.000000,time_percent_error=100.000000,nthreads=24,end_time=175188.504777,avg_power_W=133.666667,max_power_W=138.000000,avg_time_s=0.115629,released_listeners=1,
start_task=,name=potrfprofile,tick=93,start_time=175188.504827,nthreads=24,
message=tick stats,tick=93,estimated_current_power=0.000000,
end_task=,name=potrfprofile,elapsed_seconds=0.521234,predicted_seconds=0.000000,time_percent_error=100.000000,nthreads=24,end_time=175189.026827,avg_power_W=130.900000,max_power_W=132.000000,avg_time_s=0.074462,released_listeners=1,
start_task=,name=dopotrf,tick=94,start_time=175189.026873,nthreads=24,
message=tick stats,tick=94,estimated_current_power=0.000000,
end_task=,name=dopotrf,elapsed_seconds=0.091029,predicted_seconds=0.000000,time_percent_error=100.000000,nthreads=24,end_time=175189.118560,avg_power_W=128.500000,max_power_W=129.000000,avg_time_s=0.091029,released_listeners=2,
start_task=,name=trsmprofile,tick=95,start_time=175189.118605,nthreads=24,
message=tick stats,tick=95,estimated_current_power=0.000000,
end_task=,name=trsmprofile,elapsed_seconds=0.507159,predicted_seconds=0.000000,time_percent_error=100.000000,nthreads=24,end_time=175189.626603,avg_power_W=138.500000,max_power_W=142.000000,avg_time_s=0.050716,released_listeners=1,
start_task=,name=trsmprofile,tick=96,start_time=175189.626649,nthreads=24,
message=tick stats,tick=96,estimated_current_power=0.000000,
end_task=,name=trsmprofile,elapsed_seconds=0.553744,predicted_seconds=0.000000,time_percent_error=100.000000,nthreads=24,end_time=175190.181004,avg_power_W=139.818182,max_power_W=141.000000,avg_time_s=0.050340,released_listeners=1,
start_task=,name=dotrsm,tick=97,start_time=175190.181050,nthreads=24,
message=tick stats,tick=97,estimated_current_power=0.000000,
end_task=,name=dotrsm,elapsed_seconds=0.052027,predicted_seconds=0.000000,time_percent_error=100.000000,nthreads=24,end_time=175190.233660,avg_power_W=141.000000,max_power_W=141.000000,avg_time_s=0.052027,released_listeners=2,
start_task=,name=dotrsm,tick=98,start_time=175190.233706,nthreads=24,
message=tick stats,tick=98,estimated_current_power=0.000000,
end_task=,name=dotrsm,elapsed_seconds=0.054573,predicted_seconds=0.000000,time_percent_error=100.000000,nthreads=24,end_time=175190.304664,avg_power_W=139.000000,max_power_W=141.000000,avg_time_s=0.054573,released_listeners=2,
start_task=,name=syrkprofile,tick=99,start_time=175190.304713,nthreads=24,
message=tick stats,tick=99,estimated_current_power=0.000000,
end_task=,name=syrkprofile,elapsed_seconds=0.525915,predicted_seconds=0.000000,time_percent_error=100.000000,nthreads=24,end_time=175190.831250,avg_power_W=132.600000,max_power_W=139.000000,avg_time_s=0.087652,released_listeners=1,
start_task=,name=gemmprofile,tick=100,start_time=175190.831296,nthreads=24,
message=tick stats,tick=100,estimated_current_power=0.000000,
end_task=,name=gemmprofile,elapsed_seconds=0.560907,predicted_seconds=0.000000,time_percent_error=100.000000,nthreads=24,end_time=175191.404959,avg_power_W=136.250000,max_power_W=141.000000,avg_time_s=0.093485,released_listeners=1,
start_task=,name=syrkprofile,tick=101,start_time=175191.405011,nthreads=24,
message=tick stats,tick=101,estimated_current_power=0.000000,
end_task=,name=syrkprofile,elapsed_seconds=0.532990,predicted_seconds=0.000000,time_percent_error=100.000000,nthreads=24,end_time=175191.954475,avg_power_W=132.363636,max_power_W=141.000000,avg_time_s=0.088832,released_listeners=1,
start_task=,name=dosyrk,tick=102,start_time=175191.954525,nthreads=24,
message=tick stats,tick=102,estimated_current_power=0.000000,
end_task=,name=dosyrk,elapsed_seconds=0.113433,predicted_seconds=0.000000,time_percent_error=100.000000,nthreads=24,end_time=175192.068671,avg_power_W=132.000000,max_power_W=135.000000,avg_time_s=0.113433,released_listeners=1,
start_task=,name=dogemm,tick=103,start_time=175192.068720,nthreads=24,
message=tick stats,tick=103,estimated_current_power=0.000000,
end_task=,name=dogemm,elapsed_seconds=0.120640,predicted_seconds=0.000000,time_percent_error=100.000000,nthreads=24,end_time=175192.204824,avg_power_W=130.000000,max_power_W=132.000000,avg_time_s=0.120640,released_listeners=1,
start_task=,name=dosyrk,tick=104,start_time=175192.204874,nthreads=24,
message=tick stats,tick=104,estimated_current_power=0.000000,
end_task=,name=dosyrk,elapsed_seconds=0.112062,predicted_seconds=0.000000,time_percent_error=100.000000,nthreads=24,end_time=175192.318670,avg_power_W=133.000000,max_power_W=140.000000,avg_time_s=0.112062,released_listeners=1,
start_task=,name=potrfprofile,tick=105,start_time=175192.318717,nthreads=24,
message=tick stats,tick=105,estimated_current_power=0.000000,
end_task=,name=potrfprofile,elapsed_seconds=0.519898,predicted_seconds=0.000000,time_percent_error=100.000000,nthreads=24,end_time=175192.854555,avg_power_W=130.363636,max_power_W=132.000000,avg_time_s=0.074271,released_listeners=1,
start_task=,name=dopotrf,tick=106,start_time=175192.854606,nthreads=24,
message=tick stats,tick=106,estimated_current_power=0.000000,
end_task=,name=dopotrf,elapsed_seconds=0.089660,predicted_seconds=0.000000,time_percent_error=100.000000,nthreads=24,end_time=175192.955764,avg_power_W=126.000000,max_power_W=131.000000,avg_time_s=0.089660,released_listeners=1,
start_task=,name=trsmprofile,tick=107,start_time=175192.955814,nthreads=24,
message=tick stats,tick=107,estimated_current_power=0.000000,
end_task=,name=trsmprofile,elapsed_seconds=0.545332,predicted_seconds=0.000000,time_percent_error=100.000000,nthreads=24,end_time=175193.504852,avg_power_W=137.545455,max_power_W=143.000000,avg_time_s=0.049576,released_listeners=1,
start_task=,name=dotrsm,tick=108,start_time=175193.504903,nthreads=24,
message=tick stats,tick=108,estimated_current_power=0.000000,
end_task=,name=dotrsm,elapsed_seconds=0.052666,predicted_seconds=0.000000,time_percent_error=100.000000,nthreads=24,end_time=175193.558420,avg_power_W=140.000000,max_power_W=140.000000,avg_time_s=0.052666,released_listeners=1,
start_task=,name=syrkprofile,tick=109,start_time=175193.558466,nthreads=24,
message=tick stats,tick=109,estimated_current_power=0.000000,
end_task=,name=syrkprofile,elapsed_seconds=0.528394,predicted_seconds=0.000000,time_percent_error=100.000000,nthreads=24,end_time=175194.104568,avg_power_W=132.545455,max_power_W=136.000000,avg_time_s=0.088066,released_listeners=1,
start_task=,name=dosyrk,tick=110,start_time=175194.104619,nthreads=24,
message=tick stats,tick=110,estimated_current_power=0.000000,
end_task=,name=dosyrk,elapsed_seconds=0.113835,predicted_seconds=0.000000,time_percent_error=100.000000,nthreads=24,end_time=175194.219105,avg_power_W=132.500000,max_power_W=134.000000,avg_time_s=0.113835,released_listeners=1,
start_task=,name=potrfprofile,tick=111,start_time=175194.219152,nthreads=24,
message=tick stats,tick=111,estimated_current_power=0.000000,
end_task=,name=potrfprofile,elapsed_seconds=0.526157,predicted_seconds=0.000000,time_percent_error=100.000000,nthreads=24,end_time=175194.755517,avg_power_W=130.000000,max_power_W=132.000000,avg_time_s=0.075165,released_listeners=1,
start_task=,name=dopotrf,tick=112,start_time=175194.755567,nthreads=24,
message=tick stats,tick=112,estimated_current_power=0.000000,
end_task=,name=dopotrf,elapsed_seconds=0.090776,predicted_seconds=0.000000,time_percent_error=100.000000,nthreads=24,end_time=175194.855196,avg_power_W=127.500000,max_power_W=132.000000,avg_time_s=0.090776,released_listeners=0,
est_max_power=0.000000,
average_power_W=127.500000,
max_power_W=132.000000,
time_s=36.718497,
message=ALL DONE,
