message=cataloging configuration,max_threads=100,power_limit=inf,
start_task=,name=potrfprofile,tick=1,start_time=199769.277023,nthreads=100,
message=tick stats,tick=1,estimated_current_power=0.000000,
end_task=,name=potrfprofile,elapsed_seconds=0.539611,predicted_seconds=0.000000,time_percent_error=100.000000,nthreads=100,end_time=199769.817919,avg_power_W=166.800000,max_power_W=176.000000,avg_time_s=0.179870,released_listeners=1,
start_task=,name=dopotrf,tick=2,start_time=199769.818004,nthreads=100,
message=tick stats,tick=2,estimated_current_power=0.000000,
end_task=,name=dopotrf,elapsed_seconds=0.096175,predicted_seconds=0.000000,time_percent_error=100.000000,nthreads=100,end_time=199769.914992,avg_power_W=158.500000,max_power_W=165.000000,avg_time_s=0.096175,released_listeners=5,
start_task=,name=trsmprofile,tick=3,start_time=199769.915070,nthreads=100,
message=tick stats,tick=3,estimated_current_power=0.000000,
end_task=,name=trsmprofile,elapsed_seconds=0.510614,predicted_seconds=0.000000,time_percent_error=100.000000,nthreads=100,end_time=199770.426333,avg_power_W=178.900000,max_power_W=186.000000,avg_time_s=0.028367,released_listeners=1,
start_task=,name=trsmprofile,tick=4,start_time=199770.426411,nthreads=100,
message=tick stats,tick=4,estimated_current_power=0.000000,
end_task=,name=trsmprofile,elapsed_seconds=0.531732,predicted_seconds=0.000000,time_percent_error=100.000000,nthreads=100,end_time=199770.958821,avg_power_W=182.545455,max_power_W=187.000000,avg_time_s=0.027986,released_listeners=1,
start_task=,name=trsmprofile,tick=5,start_time=199770.958897,nthreads=100,
message=tick stats,tick=5,estimated_current_power=0.000000,
end_task=,name=trsmprofile,elapsed_seconds=0.509959,predicted_seconds=0.000000,time_percent_error=100.000000,nthreads=100,end_time=199771.469536,avg_power_W=181.800000,max_power_W=187.000000,avg_time_s=0.028331,released_listeners=1,
start_task=,name=trsmprofile,tick=6,start_time=199771.469612,nthreads=100,
message=tick stats,tick=6,estimated_current_power=0.000000,
end_task=,name=trsmprofile,elapsed_seconds=0.514494,predicted_seconds=0.000000,time_percent_error=100.000000,nthreads=100,end_time=199771.992150,avg_power_W=180.727273,max_power_W=185.000000,avg_time_s=0.028583,released_listeners=1,
start_task=,name=trsmprofile,tick=7,start_time=199771.992231,nthreads=100,
message=tick stats,tick=7,estimated_current_power=0.000000,
end_task=,name=trsmprofile,elapsed_seconds=0.509920,predicted_seconds=0.000000,time_percent_error=100.000000,nthreads=100,end_time=199772.502680,avg_power_W=181.700000,max_power_W=186.000000,avg_time_s=0.028329,released_listeners=1,
start_task=,name=dotrsm,tick=8,start_time=199772.502757,nthreads=100,
message=tick stats,tick=8,estimated_current_power=0.000000,
end_task=,name=dotrsm,elapsed_seconds=0.041929,predicted_seconds=0.000000,time_percent_error=100.000000,nthreads=100,end_time=199772.545258,avg_power_W=183.000000,max_power_W=183.000000,avg_time_s=0.041929,released_listeners=5,
start_task=,name=dotrsm,tick=9,start_time=199772.545341,nthreads=100,
message=tick stats,tick=9,estimated_current_power=0.000000,
end_task=,name=dotrsm,elapsed_seconds=0.045131,predicted_seconds=0.000000,time_percent_error=100.000000,nthreads=100,end_time=199772.592183,avg_power_W=164.000000,max_power_W=164.000000,avg_time_s=0.045131,released_listeners=5,
start_task=,name=dotrsm,tick=10,start_time=199772.592265,nthreads=100,
message=tick stats,tick=10,estimated_current_power=0.000000,
end_task=,name=dotrsm,elapsed_seconds=0.042296,predicted_seconds=0.000000,time_percent_error=100.000000,nthreads=100,end_time=199772.642178,avg_power_W=162.000000,max_power_W=162.000000,avg_time_s=0.042296,released_listeners=5,
start_task=,name=dotrsm,tick=11,start_time=199772.642259,nthreads=100,
message=tick stats,tick=11,estimated_current_power=0.000000,
end_task=,name=dotrsm,elapsed_seconds=0.047134,predicted_seconds=0.000000,time_percent_error=100.000000,nthreads=100,end_time=199772.692284,avg_power_W=170.000000,max_power_W=170.000000,avg_time_s=0.047134,released_listeners=5,
start_task=,name=dotrsm,tick=12,start_time=199772.692366,nthreads=100,
message=tick stats,tick=12,estimated_current_power=0.000000,
end_task=,name=dotrsm,elapsed_seconds=0.043356,predicted_seconds=0.000000,time_percent_error=100.000000,nthreads=100,end_time=199772.742416,avg_power_W=170.000000,max_power_W=170.000000,avg_time_s=0.043356,released_listeners=5,
start_task=,name=syrkprofile,tick=13,start_time=199772.742497,nthreads=100,
message=tick stats,tick=13,estimated_current_power=0.000000,
end_task=,name=syrkprofile,elapsed_seconds=0.523638,predicted_seconds=0.000000,time_percent_error=100.000000,nthreads=100,end_time=199773.266815,avg_power_W=178.800000,max_power_W=188.000000,avg_time_s=0.040280,released_listeners=1,
start_task=,name=gemmprofile,tick=14,start_time=199773.266892,nthreads=100,
message=tick stats,tick=14,estimated_current_power=0.000000,
end_task=,name=gemmprofile,elapsed_seconds=0.520782,predicted_seconds=0.000000,time_percent_error=100.000000,nthreads=100,end_time=199773.792417,avg_power_W=184.545455,max_power_W=191.000000,avg_time_s=0.032549,released_listeners=1,
start_task=,name=syrkprofile,tick=15,start_time=199773.792498,nthreads=100,
message=tick stats,tick=15,estimated_current_power=0.000000,
end_task=,name=syrkprofile,elapsed_seconds=0.520364,predicted_seconds=0.000000,time_percent_error=100.000000,nthreads=100,end_time=199774.313636,avg_power_W=181.800000,max_power_W=188.000000,avg_time_s=0.037169,released_listeners=1,
start_task=,name=gemmprofile,tick=16,start_time=199774.313715,nthreads=100,
message=tick stats,tick=16,estimated_current_power=0.000000,
end_task=,name=gemmprofile,elapsed_seconds=0.531533,predicted_seconds=0.000000,time_percent_error=100.000000,nthreads=100,end_time=199774.847007,avg_power_W=185.727273,max_power_W=192.000000,avg_time_s=0.031267,released_listeners=1,
start_task=,name=gemmprofile,tick=17,start_time=199774.847085,nthreads=100,
message=tick stats,tick=17,estimated_current_power=0.000000,
end_task=,name=gemmprofile,elapsed_seconds=0.530422,predicted_seconds=0.000000,time_percent_error=100.000000,nthreads=100,end_time=199775.392115,avg_power_W=187.181818,max_power_W=195.000000,avg_time_s=0.031201,released_listeners=1,
start_task=,name=syrkprofile,tick=18,start_time=199775.392196,nthreads=100,
message=tick stats,tick=18,estimated_current_power=0.000000,
end_task=,name=syrkprofile,elapsed_seconds=0.513658,predicted_seconds=0.000000,time_percent_error=100.000000,nthreads=100,end_time=199775.906522,avg_power_W=182.800000,max_power_W=190.000000,avg_time_s=0.036690,released_listeners=1,
start_task=,name=gemmprofile,tick=19,start_time=199775.906599,nthreads=100,
message=tick stats,tick=19,estimated_current_power=0.000000,
end_task=,name=gemmprofile,elapsed_seconds=0.518759,predicted_seconds=0.000000,time_percent_error=100.000000,nthreads=100,end_time=199776.426107,avg_power_W=185.400000,max_power_W=192.000000,avg_time_s=0.032422,released_listeners=1,
start_task=,name=gemmprofile,tick=20,start_time=199776.426185,nthreads=100,
message=tick stats,tick=20,estimated_current_power=0.000000,
end_task=,name=gemmprofile,elapsed_seconds=0.508583,predicted_seconds=0.000000,time_percent_error=100.000000,nthreads=100,end_time=199776.942518,avg_power_W=188.363636,max_power_W=193.000000,avg_time_s=0.031786,released_listeners=1,
start_task=,name=gemmprofile,tick=21,start_time=199776.942599,nthreads=100,
message=tick stats,tick=21,estimated_current_power=0.000000,
end_task=,name=gemmprofile,elapsed_seconds=0.519559,predicted_seconds=0.000000,time_percent_error=100.000000,nthreads=100,end_time=199777.462858,avg_power_W=185.200000,max_power_W=191.000000,avg_time_s=0.032472,released_listeners=1,
start_task=,name=syrkprofile,tick=22,start_time=199777.462936,nthreads=100,
message=tick stats,tick=22,estimated_current_power=0.000000,
end_task=,name=syrkprofile,elapsed_seconds=0.518149,predicted_seconds=0.000000,time_percent_error=100.000000,nthreads=100,end_time=199777.992247,avg_power_W=180.454545,max_power_W=188.000000,avg_time_s=0.043179,released_listeners=1,
start_task=,name=gemmprofile,tick=23,start_time=199777.992328,nthreads=100,
message=tick stats,tick=23,estimated_current_power=0.000000,
end_task=,name=gemmprofile,elapsed_seconds=0.524900,predicted_seconds=0.000000,time_percent_error=100.000000,nthreads=100,end_time=199778.517848,avg_power_W=184.700000,max_power_W=196.000000,avg_time_s=0.032806,released_listeners=1,
start_task=,name=gemmprofile,tick=24,start_time=199778.517926,nthreads=100,
message=tick stats,tick=24,estimated_current_power=0.000000,
end_task=,name=gemmprofile,elapsed_seconds=0.525341,predicted_seconds=0.000000,time_percent_error=100.000000,nthreads=100,end_time=199779.043873,avg_power_W=185.545455,max_power_W=193.000000,avg_time_s=0.032834,released_listeners=1,
start_task=,name=gemmprofile,tick=25,start_time=199779.043951,nthreads=100,
message=tick stats,tick=25,estimated_current_power=0.000000,
end_task=,name=gemmprofile,elapsed_seconds=0.515692,predicted_seconds=0.000000,time_percent_error=100.000000,nthreads=100,end_time=199779.560313,avg_power_W=186.200000,max_power_W=196.000000,avg_time_s=0.032231,released_listeners=1,
start_task=,name=gemmprofile,tick=26,start_time=199779.560392,nthreads=100,
message=tick stats,tick=26,estimated_current_power=0.000000,
end_task=,name=gemmprofile,elapsed_seconds=0.523114,predicted_seconds=0.000000,time_percent_error=100.000000,nthreads=100,end_time=199780.092315,avg_power_W=188.909091,max_power_W=198.000000,avg_time_s=0.030771,released_listeners=1,
start_task=,name=syrkprofile,tick=27,start_time=199780.092396,nthreads=100,
message=tick stats,tick=27,estimated_current_power=0.000000,
end_task=,name=syrkprofile,elapsed_seconds=0.513559,predicted_seconds=0.000000,time_percent_error=100.000000,nthreads=100,end_time=199780.606645,avg_power_W=184.900000,max_power_W=191.000000,avg_time_s=0.036683,released_listeners=1,
start_task=,name=dosyrk,tick=28,start_time=199780.606723,nthreads=100,
message=tick stats,tick=28,estimated_current_power=0.000000,
end_task=,name=dosyrk,elapsed_seconds=0.085253,predicted_seconds=0.000000,time_percent_error=100.000000,nthreads=100,end_time=199780.693009,avg_power_W=176.000000,max_power_W=187.000000,avg_time_s=0.085253,released_listeners=1,
start_task=,name=dogemm,tick=29,start_time=199780.693086,nthreads=100,
message=tick stats,tick=29,estimated_current_power=0.000000,
end_task=,name=dogemm,elapsed_seconds=0.063628,predicted_seconds=0.000000,time_percent_error=100.000000,nthreads=100,end_time=199780.757409,avg_power_W=169.000000,max_power_W=169.000000,avg_time_s=0.063628,released_listeners=1,
start_task=,name=dosyrk,tick=30,start_time=199780.757486,nthreads=100,
message=tick stats,tick=30,estimated_current_power=0.000000,
end_task=,name=dosyrk,elapsed_seconds=0.085657,predicted_seconds=0.000000,time_percent_error=100.000000,nthreads=100,end_time=199780.844043,avg_power_W=163.000000,max_power_W=172.000000,avg_time_s=0.085657,released_listeners=1,
start_task=,name=dogemm,tick=31,start_time=199780.844127,nthreads=100,
message=tick stats,tick=31,estimated_current_power=0.000000,
end_task=,name=dogemm,elapsed_seconds=0.063120,predicted_seconds=0.000000,time_percent_error=100.000000,nthreads=100,end_time=199780.907922,avg_power_W=177.000000,max_power_W=177.000000,avg_time_s=0.063120,released_listeners=1,
start_task=,name=dogemm,tick=32,start_time=199780.907999,nthreads=100,
message=tick stats,tick=32,estimated_current_power=0.000000,
end_task=,name=dogemm,elapsed_seconds=0.067318,predicted_seconds=0.000000,time_percent_error=100.000000,nthreads=100,end_time=199780.975958,avg_power_W=156.000000,max_power_W=156.000000,avg_time_s=0.067318,released_listeners=0,
start_task=,name=dosyrk,tick=33,start_time=199780.976031,nthreads=100,
message=tick stats,tick=33,estimated_current_power=0.000000,
end_task=,name=dosyrk,elapsed_seconds=0.085406,predicted_seconds=0.000000,time_percent_error=100.000000,nthreads=100,end_time=199781.062055,avg_power_W=169.500000,max_power_W=175.000000,avg_time_s=0.085406,released_listeners=1,
start_task=,name=dogemm,tick=34,start_time=199781.062138,nthreads=100,
message=tick stats,tick=34,estimated_current_power=0.000000,
end_task=,name=dogemm,elapsed_seconds=0.064849,predicted_seconds=0.000000,time_percent_error=100.000000,nthreads=100,end_time=199781.142119,avg_power_W=166.000000,max_power_W=167.000000,avg_time_s=0.064849,released_listeners=1,
start_task=,name=dogemm,tick=35,start_time=199781.142212,nthreads=100,
message=tick stats,tick=35,estimated_current_power=0.000000,
end_task=,name=dogemm,elapsed_seconds=0.064775,predicted_seconds=0.000000,time_percent_error=100.000000,nthreads=100,end_time=199781.207741,avg_power_W=176.000000,max_power_W=176.000000,avg_time_s=0.064775,released_listeners=0,
start_task=,name=dogemm,tick=36,start_time=199781.207817,nthreads=100,
message=tick stats,tick=36,estimated_current_power=0.000000,
end_task=,name=dogemm,elapsed_seconds=0.064575,predicted_seconds=0.000000,time_percent_error=100.000000,nthreads=100,end_time=199781.273084,avg_power_W=147.000000,max_power_W=147.000000,avg_time_s=0.064575,released_listeners=0,
start_task=,name=dosyrk,tick=37,start_time=199781.273165,nthreads=100,
message=tick stats,tick=37,estimated_current_power=0.000000,
end_task=,name=dosyrk,elapsed_seconds=0.083948,predicted_seconds=0.000000,time_percent_error=100.000000,nthreads=100,end_time=199781.357778,avg_power_W=162.000000,max_power_W=164.000000,avg_time_s=0.083948,released_listeners=1,
start_task=,name=dogemm,tick=38,start_time=199781.357855,nthreads=100,
message=tick stats,tick=38,estimated_current_power=0.000000,
end_task=,name=dogemm,elapsed_seconds=0.066619,predicted_seconds=0.000000,time_percent_error=100.000000,nthreads=100,end_time=199781.425093,avg_power_W=152.000000,max_power_W=152.000000,avg_time_s=0.066619,released_listeners=1,
start_task=,name=dogemm,tick=39,start_time=199781.425174,nthreads=100,
message=tick stats,tick=39,estimated_current_power=0.000000,
end_task=,name=dogemm,elapsed_seconds=0.063085,predicted_seconds=0.000000,time_percent_error=100.000000,nthreads=100,end_time=199781.491992,avg_power_W=159.500000,max_power_W=168.000000,avg_time_s=0.063085,released_listeners=0,
start_task=,name=dogemm,tick=40,start_time=199781.492074,nthreads=100,
message=tick stats,tick=40,estimated_current_power=0.000000,
end_task=,name=dogemm,elapsed_seconds=0.065977,predicted_seconds=0.000000,time_percent_error=100.000000,nthreads=100,end_time=199781.558775,avg_power_W=166.000000,max_power_W=166.000000,avg_time_s=0.065977,released_listeners=0,
start_task=,name=dogemm,tick=41,start_time=199781.558853,nthreads=100,
message=tick stats,tick=41,estimated_current_power=0.000000,
end_task=,name=dogemm,elapsed_seconds=0.062333,predicted_seconds=0.000000,time_percent_error=100.000000,nthreads=100,end_time=199781.621865,avg_power_W=147.000000,max_power_W=147.000000,avg_time_s=0.062333,released_listeners=0,
start_task=,name=dosyrk,tick=42,start_time=199781.621942,nthreads=100,
message=tick stats,tick=42,estimated_current_power=0.000000,
end_task=,name=dosyrk,elapsed_seconds=0.087279,predicted_seconds=0.000000,time_percent_error=100.000000,nthreads=100,end_time=199781.709857,avg_power_W=170.000000,max_power_W=177.000000,avg_time_s=0.087279,released_listeners=1,
start_task=,name=potrfprofile,tick=43,start_time=199781.709935,nthreads=100,
message=tick stats,tick=43,estimated_current_power=0.000000,
end_task=,name=potrfprofile,elapsed_seconds=0.549636,predicted_seconds=0.000000,time_percent_error=100.000000,nthreads=100,end_time=199782.260323,avg_power_W=166.363636,max_power_W=175.000000,avg_time_s=0.061071,released_listeners=1,
start_task=,name=dopotrf,tick=44,start_time=199782.260402,nthreads=100,
message=tick stats,tick=44,estimated_current_power=0.000000,
end_task=,name=dopotrf,elapsed_seconds=0.083389,predicted_seconds=0.000000,time_percent_error=100.000000,nthreads=100,end_time=199782.344567,avg_power_W=156.500000,max_power_W=163.000000,avg_time_s=0.083389,released_listeners=4,
start_task=,name=trsmprofile,tick=45,start_time=199782.344646,nthreads=100,
message=tick stats,tick=45,estimated_current_power=0.000000,
end_task=,name=trsmprofile,elapsed_seconds=0.506415,predicted_seconds=0.000000,time_percent_error=100.000000,nthreads=100,end_time=199782.851637,avg_power_W=180.000000,max_power_W=187.000000,avg_time_s=0.028134,released_listeners=1,
start_task=,name=trsmprofile,tick=46,start_time=199782.851721,nthreads=100,
message=tick stats,tick=46,estimated_current_power=0.000000,
end_task=,name=trsmprofile,elapsed_seconds=0.509712,predicted_seconds=0.000000,time_percent_error=100.000000,nthreads=100,end_time=199783.362146,avg_power_W=181.000000,max_power_W=186.000000,avg_time_s=0.028317,released_listeners=1,
start_task=,name=trsmprofile,tick=47,start_time=199783.362224,nthreads=100,
message=tick stats,tick=47,estimated_current_power=0.000000,
end_task=,name=trsmprofile,elapsed_seconds=0.521173,predicted_seconds=0.000000,time_percent_error=100.000000,nthreads=100,end_time=199783.892569,avg_power_W=182.272727,max_power_W=186.000000,avg_time_s=0.028954,released_listeners=1,
start_task=,name=trsmprofile,tick=48,start_time=199783.892651,nthreads=100,
message=tick stats,tick=48,estimated_current_power=0.000000,
end_task=,name=trsmprofile,elapsed_seconds=0.515500,predicted_seconds=0.000000,time_percent_error=100.000000,nthreads=100,end_time=199784.408934,avg_power_W=181.000000,max_power_W=185.000000,avg_time_s=0.028639,released_listeners=1,
start_task=,name=dotrsm,tick=49,start_time=199784.409012,nthreads=100,
message=tick stats,tick=49,estimated_current_power=0.000000,
end_task=,name=dotrsm,elapsed_seconds=0.040566,predicted_seconds=0.000000,time_percent_error=100.000000,nthreads=100,end_time=199784.450278,avg_power_W=183.000000,max_power_W=183.000000,avg_time_s=0.040566,released_listeners=4,
start_task=,name=dotrsm,tick=50,start_time=199784.450358,nthreads=100,
message=tick stats,tick=50,estimated_current_power=0.000000,
end_task=,name=dotrsm,elapsed_seconds=0.040555,predicted_seconds=0.000000,time_percent_error=100.000000,nthreads=100,end_time=199784.491968,avg_power_W=164.000000,max_power_W=164.000000,avg_time_s=0.040555,released_listeners=4,
start_task=,name=dotrsm,tick=51,start_time=199784.492052,nthreads=100,
message=tick stats,tick=51,estimated_current_power=0.000000,
end_task=,name=dotrsm,elapsed_seconds=0.041937,predicted_seconds=0.000000,time_percent_error=100.000000,nthreads=100,end_time=199784.542216,avg_power_W=160.000000,max_power_W=160.000000,avg_time_s=0.041937,released_listeners=4,
start_task=,name=dotrsm,tick=52,start_time=199784.542299,nthreads=100,
message=tick stats,tick=52,estimated_current_power=0.000000,
end_task=,name=dotrsm,elapsed_seconds=0.043499,predicted_seconds=0.000000,time_percent_error=100.000000,nthreads=100,end_time=199784.592856,avg_power_W=169.000000,max_power_W=169.000000,avg_time_s=0.043499,released_listeners=4,
start_task=,name=syrkprofile,tick=53,start_time=199784.592942,nthreads=100,
message=tick stats,tick=53,estimated_current_power=0.000000,
end_task=,name=syrkprofile,elapsed_seconds=0.524719,predicted_seconds=0.000000,time_percent_error=100.000000,nthreads=100,end_time=199785.118476,avg_power_W=179.200000,max_power_W=189.000000,avg_time_s=0.037480,released_listeners=1,
start_task=,name=gemmprofile,tick=54,start_time=199785.118555,nthreads=100,
message=tick stats,tick=54,estimated_current_power=0.000000,
end_task=,name=gemmprofile,elapsed_seconds=0.520940,predicted_seconds=0.000000,time_percent_error=100.000000,nthreads=100,end_time=199785.642569,avg_power_W=186.818182,max_power_W=190.000000,avg_time_s=0.032559,released_listeners=1,
start_task=,name=syrkprofile,tick=55,start_time=199785.642651,nthreads=100,
message=tick stats,tick=55,estimated_current_power=0.000000,
end_task=,name=syrkprofile,elapsed_seconds=0.526215,predicted_seconds=0.000000,time_percent_error=100.000000,nthreads=100,end_time=199786.169626,avg_power_W=183.100000,max_power_W=189.000000,avg_time_s=0.037587,released_listeners=1,
start_task=,name=gemmprofile,tick=56,start_time=199786.169705,nthreads=100,
message=tick stats,tick=56,estimated_current_power=0.000000,
end_task=,name=gemmprofile,elapsed_seconds=0.513404,predicted_seconds=0.000000,time_percent_error=100.000000,nthreads=100,end_time=199786.692330,avg_power_W=184.363636,max_power_W=192.000000,avg_time_s=0.034227,released_listeners=1,
start_task=,name=gemmprofile,tick=57,start_time=199786.692423,nthreads=100,
message=tick stats,tick=57,estimated_current_power=0.000000,
end_task=,name=gemmprofile,elapsed_seconds=0.518625,predicted_seconds=0.000000,time_percent_error=100.000000,nthreads=100,end_time=199787.211837,avg_power_W=182.200000,max_power_W=189.000000,avg_time_s=0.037045,released_listeners=1,
start_task=,name=syrkprofile,tick=58,start_time=199787.211916,nthreads=100,
message=tick stats,tick=58,estimated_current_power=0.000000,
end_task=,name=syrkprofile,elapsed_seconds=0.534905,predicted_seconds=0.000000,time_percent_error=100.000000,nthreads=100,end_time=199787.747372,avg_power_W=183.727273,max_power_W=190.000000,avg_time_s=0.038207,released_listeners=1,
start_task=,name=gemmprofile,tick=59,start_time=199787.747451,nthreads=100,
message=tick stats,tick=59,estimated_current_power=0.000000,
end_task=,name=gemmprofile,elapsed_seconds=0.520000,predicted_seconds=0.000000,time_percent_error=100.000000,nthreads=100,end_time=199788.268219,avg_power_W=186.900000,max_power_W=192.000000,avg_time_s=0.032500,released_listeners=1,
start_task=,name=gemmprofile,tick=60,start_time=199788.268297,nthreads=100,
message=tick stats,tick=60,estimated_current_power=0.000000,
end_task=,name=gemmprofile,elapsed_seconds=0.519959,predicted_seconds=0.000000,time_percent_error=100.000000,nthreads=100,end_time=199788.792072,avg_power_W=187.000000,max_power_W=194.000000,avg_time_s=0.032497,released_listeners=1,
start_task=,name=gemmprofile,tick=61,start_time=199788.792164,nthreads=100,
message=tick stats,tick=61,estimated_current_power=0.000000,
end_task=,name=gemmprofile,elapsed_seconds=0.522110,predicted_seconds=0.000000,time_percent_error=100.000000,nthreads=100,end_time=199789.314949,avg_power_W=186.300000,max_power_W=192.000000,avg_time_s=0.032632,released_listeners=1,
start_task=,name=syrkprofile,tick=62,start_time=199789.315027,nthreads=100,
message=tick stats,tick=62,estimated_current_power=0.000000,
end_task=,name=syrkprofile,elapsed_seconds=0.525240,predicted_seconds=0.000000,time_percent_error=100.000000,nthreads=100,end_time=199789.842113,avg_power_W=182.000000,max_power_W=192.000000,avg_time_s=0.037517,released_listeners=1,
start_task=,name=dosyrk,tick=63,start_time=199789.842197,nthreads=100,
message=tick stats,tick=63,estimated_current_power=0.000000,
end_task=,name=dosyrk,elapsed_seconds=0.088768,predicted_seconds=0.000000,time_percent_error=100.000000,nthreads=100,end_time=199789.942156,avg_power_W=170.500000,max_power_W=189.000000,avg_time_s=0.088768,released_listeners=1,
start_task=,name=dogemm,tick=64,start_time=199789.942238,nthreads=100,
message=tick stats,tick=64,estimated_current_power=0.000000,
end_task=,name=dogemm,elapsed_seconds=0.067105,predicted_seconds=0.000000,time_percent_error=100.000000,nthreads=100,end_time=199790.010081,avg_power_W=182.000000,max_power_W=182.000000,avg_time_s=0.067105,released_listeners=1,
start_task=,name=dosyrk,tick=65,start_time=199790.010163,nthreads=100,
message=tick stats,tick=65,estimated_current_power=0.000000,
end_task=,name=dosyrk,elapsed_seconds=0.084454,predicted_seconds=0.000000,time_percent_error=100.000000,nthreads=100,end_time=199790.095213,avg_power_W=163.500000,max_power_W=175.000000,avg_time_s=0.084454,released_listeners=1,
start_task=,name=dogemm,tick=66,start_time=199790.095293,nthreads=100,
message=tick stats,tick=66,estimated_current_power=0.000000,
end_task=,name=dogemm,elapsed_seconds=0.069791,predicted_seconds=0.000000,time_percent_error=100.000000,nthreads=100,end_time=199790.165769,avg_power_W=174.000000,max_power_W=174.000000,avg_time_s=0.069791,released_listeners=1,
start_task=,name=dogemm,tick=67,start_time=199790.165848,nthreads=100,
message=tick stats,tick=67,estimated_current_power=0.000000,
end_task=,name=dogemm,elapsed_seconds=0.064321,predicted_seconds=0.000000,time_percent_error=100.000000,nthreads=100,end_time=199790.242172,avg_power_W=161.000000,max_power_W=172.000000,avg_time_s=0.064321,released_listeners=0,
start_task=,name=dosyrk,tick=68,start_time=199790.242253,nthreads=100,
message=tick stats,tick=68,estimated_current_power=0.000000,
end_task=,name=dosyrk,elapsed_seconds=0.086051,predicted_seconds=0.000000,time_percent_error=100.000000,nthreads=100,end_time=199790.342161,avg_power_W=164.000000,max_power_W=176.000000,avg_time_s=0.086051,released_listeners=1,
start_task=,name=dogemm,tick=69,start_time=199790.342245,nthreads=100,
message=tick stats,tick=69,estimated_current_power=0.000000,
end_task=,name=dogemm,elapsed_seconds=0.066249,predicted_seconds=0.000000,time_percent_error=100.000000,nthreads=100,end_time=199790.409258,avg_power_W=179.000000,max_power_W=179.000000,avg_time_s=0.066249,released_listeners=1,
start_task=,name=dogemm,tick=70,start_time=199790.409346,nthreads=100,
message=tick stats,tick=70,estimated_current_power=0.000000,
end_task=,name=dogemm,elapsed_seconds=0.068427,predicted_seconds=0.000000,time_percent_error=100.000000,nthreads=100,end_time=199790.492135,avg_power_W=155.000000,max_power_W=159.000000,avg_time_s=0.068427,released_listeners=0,
start_task=,name=dogemm,tick=71,start_time=199790.492218,nthreads=100,
message=tick stats,tick=71,estimated_current_power=0.000000,
end_task=,name=dogemm,elapsed_seconds=0.070520,predicted_seconds=0.000000,time_percent_error=100.000000,nthreads=100,end_time=199790.564361,avg_power_W=179.000000,max_power_W=179.000000,avg_time_s=0.070520,released_listeners=0,
start_task=,name=dosyrk,tick=72,start_time=199790.564439,nthreads=100,
message=tick stats,tick=72,estimated_current_power=0.000000,
end_task=,name=dosyrk,elapsed_seconds=0.085640,predicted_seconds=0.000000,time_percent_error=100.000000,nthreads=100,end_time=199790.650835,avg_power_W=159.500000,max_power_W=171.000000,avg_time_s=0.085640,released_listeners=1,
start_task=,name=potrfprofile,tick=73,start_time=199790.650914,nthreads=100,
message=tick stats,tick=73,estimated_current_power=0.000000,
end_task=,name=potrfprofile,elapsed_seconds=0.564533,predicted_seconds=0.000000,time_percent_error=100.000000,nthreads=100,end_time=199791.216206,avg_power_W=164.909091,max_power_W=172.000000,avg_time_s=0.056453,released_listeners=1,
start_task=,name=dopotrf,tick=74,start_time=199791.216285,nthreads=100,
message=tick stats,tick=74,estimated_current_power=0.000000,
end_task=,name=dopotrf,elapsed_seconds=0.082183,predicted_seconds=0.000000,time_percent_error=100.000000,nthreads=100,end_time=199791.299249,avg_power_W=157.000000,max_power_W=163.000000,avg_time_s=0.082183,released_listeners=3,
start_task=,name=trsmprofile,tick=75,start_time=199791.299329,nthreads=100,
message=tick stats,tick=75,estimated_current_power=0.000000,
end_task=,name=trsmprofile,elapsed_seconds=0.518942,predicted_seconds=0.000000,time_percent_error=100.000000,nthreads=100,end_time=199791.818751,avg_power_W=180.400000,max_power_W=185.000000,avg_time_s=0.028830,released_listeners=1,
start_task=,name=trsmprofile,tick=76,start_time=199791.818829,nthreads=100,
message=tick stats,tick=76,estimated_current_power=0.000000,
end_task=,name=trsmprofile,elapsed_seconds=0.510117,predicted_seconds=0.000000,time_percent_error=100.000000,nthreads=100,end_time=199792.342242,avg_power_W=182.000000,max_power_W=185.000000,avg_time_s=0.028340,released_listeners=1,
start_task=,name=trsmprofile,tick=77,start_time=199792.342324,nthreads=100,
message=tick stats,tick=77,estimated_current_power=0.000000,
end_task=,name=trsmprofile,elapsed_seconds=0.516673,predicted_seconds=0.000000,time_percent_error=100.000000,nthreads=100,end_time=199792.859494,avg_power_W=180.100000,max_power_W=186.000000,avg_time_s=0.028704,released_listeners=1,
start_task=,name=dotrsm,tick=78,start_time=199792.859577,nthreads=100,
message=tick stats,tick=78,estimated_current_power=0.000000,
end_task=,name=dotrsm,elapsed_seconds=0.039267,predicted_seconds=0.000000,time_percent_error=100.000000,nthreads=100,end_time=199792.899468,avg_power_W=180.000000,max_power_W=180.000000,avg_time_s=0.039267,released_listeners=3,
start_task=,name=dotrsm,tick=79,start_time=199792.899549,nthreads=100,
message=tick stats,tick=79,estimated_current_power=0.000000,
end_task=,name=dotrsm,elapsed_seconds=0.041229,predicted_seconds=0.000000,time_percent_error=100.000000,nthreads=100,end_time=199792.941940,avg_power_W=169.000000,max_power_W=169.000000,avg_time_s=0.041229,released_listeners=3,
start_task=,name=dotrsm,tick=80,start_time=199792.942028,nthreads=100,
message=tick stats,tick=80,estimated_current_power=0.000000,
end_task=,name=dotrsm,elapsed_seconds=0.042752,predicted_seconds=0.000000,time_percent_error=100.000000,nthreads=100,end_time=199792.992383,avg_power_W=164.000000,max_power_W=164.000000,avg_time_s=0.042752,released_listeners=3,
start_task=,name=syrkprofile,tick=81,start_time=199792.992466,nthreads=100,
message=tick stats,tick=81,estimated_current_power=0.000000,
end_task=,name=syrkprofile,elapsed_seconds=0.530364,predicted_seconds=0.000000,time_percent_error=100.000000,nthreads=100,end_time=199793.523580,avg_power_W=179.700000,max_power_W=188.000000,avg_time_s=0.037883,released_listeners=1,
start_task=,name=gemmprofile,tick=82,start_time=199793.523659,nthreads=100,
message=tick stats,tick=82,estimated_current_power=0.000000,
end_task=,name=gemmprofile,elapsed_seconds=0.522949,predicted_seconds=0.000000,time_percent_error=100.000000,nthreads=100,end_time=199794.047248,avg_power_W=185.181818,max_power_W=191.000000,avg_time_s=0.032684,released_listeners=1,
start_task=,name=syrkprofile,tick=83,start_time=199794.047327,nthreads=100,
message=tick stats,tick=83,estimated_current_power=0.000000,
end_task=,name=syrkprofile,elapsed_seconds=0.522895,predicted_seconds=0.000000,time_percent_error=100.000000,nthreads=100,end_time=199794.571610,avg_power_W=182.300000,max_power_W=189.000000,avg_time_s=0.037350,released_listeners=1,
start_task=,name=gemmprofile,tick=84,start_time=199794.571689,nthreads=100,
message=tick stats,tick=84,estimated_current_power=0.000000,
end_task=,name=gemmprofile,elapsed_seconds=0.530960,predicted_seconds=0.000000,time_percent_error=100.000000,nthreads=100,end_time=199795.103282,avg_power_W=186.545455,max_power_W=190.000000,avg_time_s=0.033185,released_listeners=1,
start_task=,name=gemmprofile,tick=85,start_time=199795.103363,nthreads=100,
message=tick stats,tick=85,estimated_current_power=0.000000,
end_task=,name=gemmprofile,elapsed_seconds=0.525749,predicted_seconds=0.000000,time_percent_error=100.000000,nthreads=100,end_time=199795.641924,avg_power_W=187.727273,max_power_W=194.000000,avg_time_s=0.032859,released_listeners=1,
start_task=,name=syrkprofile,tick=86,start_time=199795.642006,nthreads=100,
message=tick stats,tick=86,estimated_current_power=0.000000,
end_task=,name=syrkprofile,elapsed_seconds=0.532571,predicted_seconds=0.000000,time_percent_error=100.000000,nthreads=100,end_time=199796.175086,avg_power_W=183.700000,max_power_W=190.000000,avg_time_s=0.038041,released_listeners=1,
start_task=,name=dosyrk,tick=87,start_time=199796.175166,nthreads=100,
message=tick stats,tick=87,estimated_current_power=0.000000,
end_task=,name=dosyrk,elapsed_seconds=0.091013,predicted_seconds=0.000000,time_percent_error=100.000000,nthreads=100,end_time=199796.266751,avg_power_W=187.000000,max_power_W=189.000000,avg_time_s=0.091013,released_listeners=1,
start_task=,name=dogemm,tick=88,start_time=199796.266829,nthreads=100,
message=tick stats,tick=88,estimated_current_power=0.000000,
end_task=,name=dogemm,elapsed_seconds=0.069123,predicted_seconds=0.000000,time_percent_error=100.000000,nthreads=100,end_time=199796.341993,avg_power_W=156.500000,max_power_W=157.000000,avg_time_s=0.069123,released_listeners=1,
start_task=,name=dosyrk,tick=89,start_time=199796.342076,nthreads=100,
message=tick stats,tick=89,estimated_current_power=0.000000,
end_task=,name=dosyrk,elapsed_seconds=0.087498,predicted_seconds=0.000000,time_percent_error=100.000000,nthreads=100,end_time=199796.442273,avg_power_W=159.500000,max_power_W=171.000000,avg_time_s=0.087498,released_listeners=1,
start_task=,name=dogemm,tick=90,start_time=199796.442357,nthreads=100,
message=tick stats,tick=90,estimated_current_power=0.000000,
end_task=,name=dogemm,elapsed_seconds=0.067659,predicted_seconds=0.000000,time_percent_error=100.000000,nthreads=100,end_time=199796.510750,avg_power_W=159.000000,max_power_W=159.000000,avg_time_s=0.067659,released_listeners=1,
start_task=,name=dogemm,tick=91,start_time=199796.510795,nthreads=100,
message=tick stats,tick=91,estimated_current_power=0.000000,
end_task=,name=dogemm,elapsed_seconds=0.065019,predicted_seconds=0.000000,time_percent_error=100.000000,nthreads=100,end_time=199796.576503,avg_power_W=149.000000,max_power_W=149.000000,avg_time_s=0.065019,released_listeners=0,
start_task=,name=dosyrk,tick=92,start_time=199796.576581,nthreads=100,
message=tick stats,tick=92,estimated_current_power=0.000000,
end_task=,name=dosyrk,elapsed_seconds=0.087247,predicted_seconds=0.000000,time_percent_error=100.000000,nthreads=100,end_time=199796.664526,avg_power_W=161.000000,max_power_W=172.000000,avg_time_s=0.087247,released_listeners=1,
start_task=,name=potrfprofile,tick=93,start_time=199796.664605,nthreads=100,
message=tick stats,tick=93,estimated_current_power=0.000000,
end_task=,name=potrfprofile,elapsed_seconds=0.551569,predicted_seconds=0.000000,time_percent_error=100.000000,nthreads=100,end_time=199797.216655,avg_power_W=163.909091,max_power_W=170.000000,avg_time_s=0.055157,released_listeners=1,
start_task=,name=dopotrf,tick=94,start_time=199797.216734,nthreads=100,
message=tick stats,tick=94,estimated_current_power=0.000000,
end_task=,name=dopotrf,elapsed_seconds=0.083912,predicted_seconds=0.000000,time_percent_error=100.000000,nthreads=100,end_time=199797.301324,avg_power_W=157.000000,max_power_W=163.000000,avg_time_s=0.083912,released_listeners=2,
start_task=,name=trsmprofile,tick=95,start_time=199797.301403,nthreads=100,
message=tick stats,tick=95,estimated_current_power=0.000000,
end_task=,name=trsmprofile,elapsed_seconds=0.527323,predicted_seconds=0.000000,time_percent_error=100.000000,nthreads=100,end_time=199797.842057,avg_power_W=179.636364,max_power_W=187.000000,avg_time_s=0.029296,released_listeners=1,
start_task=,name=trsmprofile,tick=96,start_time=199797.842140,nthreads=100,
message=tick stats,tick=96,estimated_current_power=0.000000,
end_task=,name=trsmprofile,elapsed_seconds=0.512065,predicted_seconds=0.000000,time_percent_error=100.000000,nthreads=100,end_time=199798.354987,avg_power_W=181.400000,max_power_W=187.000000,avg_time_s=0.028448,released_listeners=1,
start_task=,name=dotrsm,tick=97,start_time=199798.355069,nthreads=100,
message=tick stats,tick=97,estimated_current_power=0.000000,
end_task=,name=dotrsm,elapsed_seconds=0.044416,predicted_seconds=0.000000,time_percent_error=100.000000,nthreads=100,end_time=199798.400125,avg_power_W=186.000000,max_power_W=186.000000,avg_time_s=0.044416,released_listeners=2,
start_task=,name=dotrsm,tick=98,start_time=199798.400204,nthreads=100,
message=tick stats,tick=98,estimated_current_power=0.000000,
end_task=,name=dotrsm,elapsed_seconds=0.043025,predicted_seconds=0.000000,time_percent_error=100.000000,nthreads=100,end_time=199798.443934,avg_power_W=158.000000,max_power_W=158.000000,avg_time_s=0.043025,released_listeners=2,
start_task=,name=syrkprofile,tick=99,start_time=199798.444014,nthreads=100,
message=tick stats,tick=99,estimated_current_power=0.000000,
end_task=,name=syrkprofile,elapsed_seconds=0.533985,predicted_seconds=0.000000,time_percent_error=100.000000,nthreads=100,end_time=199798.992292,avg_power_W=179.909091,max_power_W=188.000000,avg_time_s=0.038142,released_listeners=1,
start_task=,name=gemmprofile,tick=100,start_time=199798.992375,nthreads=100,
message=tick stats,tick=100,estimated_current_power=0.000000,
end_task=,name=gemmprofile,elapsed_seconds=0.521109,predicted_seconds=0.000000,time_percent_error=100.000000,nthreads=100,end_time=199799.514270,avg_power_W=185.900000,max_power_W=194.000000,avg_time_s=0.032569,released_listeners=1,
start_task=,name=syrkprofile,tick=101,start_time=199799.514350,nthreads=100,
message=tick stats,tick=101,estimated_current_power=0.000000,
end_task=,name=syrkprofile,elapsed_seconds=0.513063,predicted_seconds=0.000000,time_percent_error=100.000000,nthreads=100,end_time=199800.042240,avg_power_W=179.818182,max_power_W=189.000000,avg_time_s=0.039466,released_listeners=1,
start_task=,name=dosyrk,tick=102,start_time=199800.042333,nthreads=100,
message=tick stats,tick=102,estimated_current_power=0.000000,
end_task=,name=dosyrk,elapsed_seconds=0.090201,predicted_seconds=0.000000,time_percent_error=100.000000,nthreads=100,end_time=199800.142482,avg_power_W=164.500000,max_power_W=177.000000,avg_time_s=0.090201,released_listeners=1,
start_task=,name=dogemm,tick=103,start_time=199800.142586,nthreads=100,
message=tick stats,tick=103,estimated_current_power=0.000000,
end_task=,name=dogemm,elapsed_seconds=0.066538,predicted_seconds=0.000000,time_percent_error=100.000000,nthreads=100,end_time=199800.209882,avg_power_W=180.000000,max_power_W=180.000000,avg_time_s=0.066538,released_listeners=1,
start_task=,name=dosyrk,tick=104,start_time=199800.209961,nthreads=100,
message=tick stats,tick=104,estimated_current_power=0.000000,
end_task=,name=dosyrk,elapsed_seconds=0.088505,predicted_seconds=0.000000,time_percent_error=100.000000,nthreads=100,end_time=199800.299116,avg_power_W=151.000000,max_power_W=156.000000,avg_time_s=0.088505,released_listeners=1,
start_task=,name=potrfprofile,tick=105,start_time=199800.299195,nthreads=100,
message=tick stats,tick=105,estimated_current_power=0.000000,
end_task=,name=potrfprofile,elapsed_seconds=0.512672,predicted_seconds=0.000000,time_percent_error=100.000000,nthreads=100,end_time=199800.812473,avg_power_W=164.500000,max_power_W=167.000000,avg_time_s=0.056964,released_listeners=1,
start_task=,name=dopotrf,tick=106,start_time=199800.812513,nthreads=100,
message=tick stats,tick=106,estimated_current_power=0.000000,
end_task=,name=dopotrf,elapsed_seconds=0.085061,predicted_seconds=0.000000,time_percent_error=100.000000,nthreads=100,end_time=199800.897937,avg_power_W=157.500000,max_power_W=163.000000,avg_time_s=0.085061,released_listeners=1,
start_task=,name=trsmprofile,tick=107,start_time=199800.898014,nthreads=100,
message=tick stats,tick=107,estimated_current_power=0.000000,
end_task=,name=trsmprofile,elapsed_seconds=0.517194,predicted_seconds=0.000000,time_percent_error=100.000000,nthreads=100,end_time=199801.415936,avg_power_W=180.800000,max_power_W=187.000000,avg_time_s=0.028733,released_listeners=1,
start_task=,name=dotrsm,tick=108,start_time=199801.416016,nthreads=100,
message=tick stats,tick=108,estimated_current_power=0.000000,
end_task=,name=dotrsm,elapsed_seconds=0.040373,predicted_seconds=0.000000,time_percent_error=100.000000,nthreads=100,end_time=199801.457145,avg_power_W=183.000000,max_power_W=183.000000,avg_time_s=0.040373,released_listeners=1,
start_task=,name=syrkprofile,tick=109,start_time=199801.457228,nthreads=100,
message=tick stats,tick=109,estimated_current_power=0.000000,
end_task=,name=syrkprofile,elapsed_seconds=0.526277,predicted_seconds=0.000000,time_percent_error=100.000000,nthreads=100,end_time=199801.992732,avg_power_W=178.909091,max_power_W=189.000000,avg_time_s=0.037591,released_listeners=1,
start_task=,name=dosyrk,tick=110,start_time=199801.992815,nthreads=100,
message=tick stats,tick=110,estimated_current_power=0.000000,
end_task=,name=dosyrk,elapsed_seconds=0.089037,predicted_seconds=0.000000,time_percent_error=100.000000,nthreads=100,end_time=199802.092650,avg_power_W=168.000000,max_power_W=187.000000,avg_time_s=0.089037,released_listeners=1,
start_task=,name=potrfprofile,tick=111,start_time=199802.092734,nthreads=100,
message=tick stats,tick=111,estimated_current_power=0.000000,
end_task=,name=potrfprofile,elapsed_seconds=0.552113,predicted_seconds=0.000000,time_percent_error=100.000000,nthreads=100,end_time=199802.645673,avg_power_W=166.181818,max_power_W=171.000000,avg_time_s=0.055211,released_listeners=1,
start_task=,name=dopotrf,tick=112,start_time=199802.645753,nthreads=100,
message=tick stats,tick=112,estimated_current_power=0.000000,
end_task=,name=dopotrf,elapsed_seconds=0.081484,predicted_seconds=0.000000,time_percent_error=100.000000,nthreads=100,end_time=199802.742473,avg_power_W=165.000000,max_power_W=165.000000,avg_time_s=0.081484,released_listeners=0,
est_max_power=0.000000,
average_power_W=165.000000,
max_power_W=165.000000,
time_s=33.465536,
message=ALL DONE,
