message=cataloging configuration,max_threads=95,power_limit=inf,
start_task=,name=potrfprofile,tick=1,start_time=241029.358500,nthreads=95,
message=tick stats,tick=1,estimated_current_power=0.000000,
end_task=,name=potrfprofile,elapsed_seconds=0.572911,predicted_seconds=0.000000,time_percent_error=100.000000,nthreads=95,end_time=241029.932087,avg_power_W=177.181818,max_power_W=183.000000,avg_time_s=0.095485,released_listeners=1,
start_task=,name=dopotrf,tick=2,start_time=241029.932167,nthreads=95,
message=tick stats,tick=2,estimated_current_power=0.000000,
end_task=,name=dopotrf,elapsed_seconds=0.075254,predicted_seconds=0.000000,time_percent_error=100.000000,nthreads=95,end_time=241030.007992,avg_power_W=172.000000,max_power_W=172.000000,avg_time_s=0.075254,released_listeners=5,
start_task=,name=trsmprofile,tick=3,start_time=241030.008063,nthreads=95,
message=tick stats,tick=3,estimated_current_power=0.000000,
end_task=,name=trsmprofile,elapsed_seconds=0.529103,predicted_seconds=0.000000,time_percent_error=100.000000,nthreads=95,end_time=241030.537634,avg_power_W=187.545455,max_power_W=200.000000,avg_time_s=0.031124,released_listeners=1,
start_task=,name=trsmprofile,tick=4,start_time=241030.537704,nthreads=95,
message=tick stats,tick=4,estimated_current_power=0.000000,
end_task=,name=trsmprofile,elapsed_seconds=0.520610,predicted_seconds=0.000000,time_percent_error=100.000000,nthreads=95,end_time=241031.072580,avg_power_W=189.727273,max_power_W=195.000000,avg_time_s=0.032538,released_listeners=1,
start_task=,name=trsmprofile,tick=5,start_time=241031.072655,nthreads=95,
message=tick stats,tick=5,estimated_current_power=0.000000,
end_task=,name=trsmprofile,elapsed_seconds=0.518799,predicted_seconds=0.000000,time_percent_error=100.000000,nthreads=95,end_time=241031.591964,avg_power_W=190.100000,max_power_W=199.000000,avg_time_s=0.030518,released_listeners=1,
start_task=,name=trsmprofile,tick=6,start_time=241031.592035,nthreads=95,
message=tick stats,tick=6,estimated_current_power=0.000000,
end_task=,name=trsmprofile,elapsed_seconds=0.514492,predicted_seconds=0.000000,time_percent_error=100.000000,nthreads=95,end_time=241032.107056,avg_power_W=190.000000,max_power_W=198.000000,avg_time_s=0.030264,released_listeners=1,
start_task=,name=trsmprofile,tick=7,start_time=241032.107127,nthreads=95,
message=tick stats,tick=7,estimated_current_power=0.000000,
end_task=,name=trsmprofile,elapsed_seconds=0.504796,predicted_seconds=0.000000,time_percent_error=100.000000,nthreads=95,end_time=241032.622423,avg_power_W=191.818182,max_power_W=199.000000,avg_time_s=0.029694,released_listeners=1,
start_task=,name=dotrsm,tick=8,start_time=241032.622498,nthreads=95,
message=tick stats,tick=8,estimated_current_power=0.000000,
end_task=,name=dotrsm,elapsed_seconds=0.034270,predicted_seconds=0.000000,time_percent_error=100.000000,nthreads=95,end_time=241032.657347,avg_power_W=-nan,max_power_W=0.000000,avg_time_s=0.034270,released_listeners=5,
start_task=,name=dotrsm,tick=9,start_time=241032.657415,nthreads=95,
message=tick stats,tick=9,estimated_current_power=0.000000,
end_task=,name=dotrsm,elapsed_seconds=0.034503,predicted_seconds=0.000000,time_percent_error=100.000000,nthreads=95,end_time=241032.692443,avg_power_W=167.000000,max_power_W=167.000000,avg_time_s=0.034503,released_listeners=5,
start_task=,name=dotrsm,tick=10,start_time=241032.692515,nthreads=95,
message=tick stats,tick=10,estimated_current_power=0.000000,
end_task=,name=dotrsm,elapsed_seconds=0.045985,predicted_seconds=0.000000,time_percent_error=100.000000,nthreads=95,end_time=241032.739004,avg_power_W=185.000000,max_power_W=185.000000,avg_time_s=0.045985,released_listeners=5,
start_task=,name=dotrsm,tick=11,start_time=241032.739076,nthreads=95,
message=tick stats,tick=11,estimated_current_power=0.000000,
end_task=,name=dotrsm,elapsed_seconds=0.034833,predicted_seconds=0.000000,time_percent_error=100.000000,nthreads=95,end_time=241032.774503,avg_power_W=177.000000,max_power_W=177.000000,avg_time_s=0.034833,released_listeners=5,
start_task=,name=dotrsm,tick=12,start_time=241032.774575,nthreads=95,
message=tick stats,tick=12,estimated_current_power=0.000000,
end_task=,name=dotrsm,elapsed_seconds=0.037363,predicted_seconds=0.000000,time_percent_error=100.000000,nthreads=95,end_time=241032.821874,avg_power_W=181.000000,max_power_W=181.000000,avg_time_s=0.037363,released_listeners=5,
start_task=,name=syrkprofile,tick=13,start_time=241032.821950,nthreads=95,
message=tick stats,tick=13,estimated_current_power=0.000000,
end_task=,name=syrkprofile,elapsed_seconds=0.535059,predicted_seconds=0.000000,time_percent_error=100.000000,nthreads=95,end_time=241033.357521,avg_power_W=190.500000,max_power_W=199.000000,avg_time_s=0.038219,released_listeners=1,
start_task=,name=gemmprofile,tick=14,start_time=241033.357593,nthreads=95,
message=tick stats,tick=14,estimated_current_power=0.000000,
end_task=,name=gemmprofile,elapsed_seconds=0.521251,predicted_seconds=0.000000,time_percent_error=100.000000,nthreads=95,end_time=241033.879447,avg_power_W=194.272727,max_power_W=200.000000,avg_time_s=0.032578,released_listeners=1,
start_task=,name=syrkprofile,tick=15,start_time=241033.879519,nthreads=95,
message=tick stats,tick=15,estimated_current_power=0.000000,
end_task=,name=syrkprofile,elapsed_seconds=0.509709,predicted_seconds=0.000000,time_percent_error=100.000000,nthreads=95,end_time=241034.389673,avg_power_W=190.900000,max_power_W=201.000000,avg_time_s=0.039208,released_listeners=1,
start_task=,name=gemmprofile,tick=16,start_time=241034.389760,nthreads=95,
message=tick stats,tick=16,estimated_current_power=0.000000,
end_task=,name=gemmprofile,elapsed_seconds=0.523781,predicted_seconds=0.000000,time_percent_error=100.000000,nthreads=95,end_time=241034.922537,avg_power_W=194.000000,max_power_W=202.000000,avg_time_s=0.034919,released_listeners=1,
start_task=,name=gemmprofile,tick=17,start_time=241034.922612,nthreads=95,
message=tick stats,tick=17,estimated_current_power=0.000000,
end_task=,name=gemmprofile,elapsed_seconds=0.508983,predicted_seconds=0.000000,time_percent_error=100.000000,nthreads=95,end_time=241035.432125,avg_power_W=192.900000,max_power_W=201.000000,avg_time_s=0.033932,released_listeners=1,
start_task=,name=syrkprofile,tick=18,start_time=241035.432197,nthreads=95,
message=tick stats,tick=18,estimated_current_power=0.000000,
end_task=,name=syrkprofile,elapsed_seconds=0.536831,predicted_seconds=0.000000,time_percent_error=100.000000,nthreads=95,end_time=241035.972326,avg_power_W=193.000000,max_power_W=203.000000,avg_time_s=0.038345,released_listeners=1,
start_task=,name=gemmprofile,tick=19,start_time=241035.972401,nthreads=95,
message=tick stats,tick=19,estimated_current_power=0.000000,
end_task=,name=gemmprofile,elapsed_seconds=0.534977,predicted_seconds=0.000000,time_percent_error=100.000000,nthreads=95,end_time=241036.507886,avg_power_W=193.100000,max_power_W=199.000000,avg_time_s=0.033436,released_listeners=1,
start_task=,name=gemmprofile,tick=20,start_time=241036.507959,nthreads=95,
message=tick stats,tick=20,estimated_current_power=0.000000,
end_task=,name=gemmprofile,elapsed_seconds=0.530876,predicted_seconds=0.000000,time_percent_error=100.000000,nthreads=95,end_time=241037.039458,avg_power_W=196.545455,max_power_W=201.000000,avg_time_s=0.033180,released_listeners=1,
start_task=,name=gemmprofile,tick=21,start_time=241037.039530,nthreads=95,
message=tick stats,tick=21,estimated_current_power=0.000000,
end_task=,name=gemmprofile,elapsed_seconds=0.531872,predicted_seconds=0.000000,time_percent_error=100.000000,nthreads=95,end_time=241037.572598,avg_power_W=194.000000,max_power_W=202.000000,avg_time_s=0.033242,released_listeners=1,
start_task=,name=syrkprofile,tick=22,start_time=241037.572670,nthreads=95,
message=tick stats,tick=22,estimated_current_power=0.000000,
end_task=,name=syrkprofile,elapsed_seconds=0.511278,predicted_seconds=0.000000,time_percent_error=100.000000,nthreads=95,end_time=241038.084596,avg_power_W=192.300000,max_power_W=203.000000,avg_time_s=0.039329,released_listeners=1,
start_task=,name=gemmprofile,tick=23,start_time=241038.084668,nthreads=95,
message=tick stats,tick=23,estimated_current_power=0.000000,
end_task=,name=gemmprofile,elapsed_seconds=0.534630,predicted_seconds=0.000000,time_percent_error=100.000000,nthreads=95,end_time=241038.622270,avg_power_W=193.181818,max_power_W=205.000000,avg_time_s=0.033414,released_listeners=1,
start_task=,name=gemmprofile,tick=24,start_time=241038.622345,nthreads=95,
message=tick stats,tick=24,estimated_current_power=0.000000,
end_task=,name=gemmprofile,elapsed_seconds=0.532396,predicted_seconds=0.000000,time_percent_error=100.000000,nthreads=95,end_time=241039.155394,avg_power_W=193.100000,max_power_W=200.000000,avg_time_s=0.033275,released_listeners=1,
start_task=,name=gemmprofile,tick=25,start_time=241039.155467,nthreads=95,
message=tick stats,tick=25,estimated_current_power=0.000000,
end_task=,name=gemmprofile,elapsed_seconds=0.518553,predicted_seconds=0.000000,time_percent_error=100.000000,nthreads=95,end_time=241039.674597,avg_power_W=194.272727,max_power_W=205.000000,avg_time_s=0.032410,released_listeners=1,
start_task=,name=gemmprofile,tick=26,start_time=241039.674684,nthreads=95,
message=tick stats,tick=26,estimated_current_power=0.000000,
end_task=,name=gemmprofile,elapsed_seconds=0.516703,predicted_seconds=0.000000,time_percent_error=100.000000,nthreads=95,end_time=241040.192112,avg_power_W=197.400000,max_power_W=206.000000,avg_time_s=0.032294,released_listeners=1,
start_task=,name=syrkprofile,tick=27,start_time=241040.192184,nthreads=95,
message=tick stats,tick=27,estimated_current_power=0.000000,
end_task=,name=syrkprofile,elapsed_seconds=0.529841,predicted_seconds=0.000000,time_percent_error=100.000000,nthreads=95,end_time=241040.722657,avg_power_W=192.818182,max_power_W=202.000000,avg_time_s=0.037846,released_listeners=1,
start_task=,name=dosyrk,tick=28,start_time=241040.722730,nthreads=95,
message=tick stats,tick=28,estimated_current_power=0.000000,
end_task=,name=dosyrk,elapsed_seconds=0.074888,predicted_seconds=0.000000,time_percent_error=100.000000,nthreads=95,end_time=241040.798212,avg_power_W=191.000000,max_power_W=191.000000,avg_time_s=0.074888,released_listeners=1,
start_task=,name=dogemm,tick=29,start_time=241040.798287,nthreads=95,
message=tick stats,tick=29,estimated_current_power=0.000000,
end_task=,name=dogemm,elapsed_seconds=0.053634,predicted_seconds=0.000000,time_percent_error=100.000000,nthreads=95,end_time=241040.852529,avg_power_W=171.000000,max_power_W=171.000000,avg_time_s=0.053634,released_listeners=1,
start_task=,name=dosyrk,tick=30,start_time=241040.852601,nthreads=95,
message=tick stats,tick=30,estimated_current_power=0.000000,
end_task=,name=dosyrk,elapsed_seconds=0.071776,predicted_seconds=0.000000,time_percent_error=100.000000,nthreads=95,end_time=241040.925001,avg_power_W=177.500000,max_power_W=183.000000,avg_time_s=0.071776,released_listeners=1,
start_task=,name=dogemm,tick=31,start_time=241040.925074,nthreads=95,
message=tick stats,tick=31,estimated_current_power=0.000000,
end_task=,name=dogemm,elapsed_seconds=0.053355,predicted_seconds=0.000000,time_percent_error=100.000000,nthreads=95,end_time=241040.979040,avg_power_W=185.000000,max_power_W=185.000000,avg_time_s=0.053355,released_listeners=1,
start_task=,name=dogemm,tick=32,start_time=241040.979113,nthreads=95,
message=tick stats,tick=32,estimated_current_power=0.000000,
end_task=,name=dogemm,elapsed_seconds=0.054385,predicted_seconds=0.000000,time_percent_error=100.000000,nthreads=95,end_time=241041.034116,avg_power_W=168.000000,max_power_W=168.000000,avg_time_s=0.054385,released_listeners=0,
start_task=,name=dosyrk,tick=33,start_time=241041.034188,nthreads=95,
message=tick stats,tick=33,estimated_current_power=0.000000,
end_task=,name=dosyrk,elapsed_seconds=0.069279,predicted_seconds=0.000000,time_percent_error=100.000000,nthreads=95,end_time=241041.104069,avg_power_W=179.000000,max_power_W=179.000000,avg_time_s=0.069279,released_listeners=1,
start_task=,name=dogemm,tick=34,start_time=241041.104142,nthreads=95,
message=tick stats,tick=34,estimated_current_power=0.000000,
end_task=,name=dogemm,elapsed_seconds=0.054330,predicted_seconds=0.000000,time_percent_error=100.000000,nthreads=95,end_time=241041.172206,avg_power_W=170.500000,max_power_W=177.000000,avg_time_s=0.054330,released_listeners=1,
start_task=,name=dogemm,tick=35,start_time=241041.172300,nthreads=95,
message=tick stats,tick=35,estimated_current_power=0.000000,
end_task=,name=dogemm,elapsed_seconds=0.055801,predicted_seconds=0.000000,time_percent_error=100.000000,nthreads=95,end_time=241041.228730,avg_power_W=177.000000,max_power_W=177.000000,avg_time_s=0.055801,released_listeners=0,
start_task=,name=dogemm,tick=36,start_time=241041.228801,nthreads=95,
message=tick stats,tick=36,estimated_current_power=0.000000,
end_task=,name=dogemm,elapsed_seconds=0.053527,predicted_seconds=0.000000,time_percent_error=100.000000,nthreads=95,end_time=241041.282943,avg_power_W=188.000000,max_power_W=188.000000,avg_time_s=0.053527,released_listeners=0,
start_task=,name=dosyrk,tick=37,start_time=241041.283016,nthreads=95,
message=tick stats,tick=37,estimated_current_power=0.000000,
end_task=,name=dosyrk,elapsed_seconds=0.072962,predicted_seconds=0.000000,time_percent_error=100.000000,nthreads=95,end_time=241041.356613,avg_power_W=171.000000,max_power_W=171.000000,avg_time_s=0.072962,released_listeners=1,
start_task=,name=dogemm,tick=38,start_time=241041.356686,nthreads=95,
message=tick stats,tick=38,estimated_current_power=0.000000,
end_task=,name=dogemm,elapsed_seconds=0.055093,predicted_seconds=0.000000,time_percent_error=100.000000,nthreads=95,end_time=241041.422359,avg_power_W=168.500000,max_power_W=169.000000,avg_time_s=0.055093,released_listeners=1,
start_task=,name=dogemm,tick=39,start_time=241041.422436,nthreads=95,
message=tick stats,tick=39,estimated_current_power=0.000000,
end_task=,name=dogemm,elapsed_seconds=0.054366,predicted_seconds=0.000000,time_percent_error=100.000000,nthreads=95,end_time=241041.477517,avg_power_W=185.000000,max_power_W=185.000000,avg_time_s=0.054366,released_listeners=0,
start_task=,name=dogemm,tick=40,start_time=241041.477589,nthreads=95,
message=tick stats,tick=40,estimated_current_power=0.000000,
end_task=,name=dogemm,elapsed_seconds=0.054860,predicted_seconds=0.000000,time_percent_error=100.000000,nthreads=95,end_time=241041.532967,avg_power_W=180.000000,max_power_W=180.000000,avg_time_s=0.054860,released_listeners=0,
start_task=,name=dogemm,tick=41,start_time=241041.533039,nthreads=95,
message=tick stats,tick=41,estimated_current_power=0.000000,
end_task=,name=dogemm,elapsed_seconds=0.054296,predicted_seconds=0.000000,time_percent_error=100.000000,nthreads=95,end_time=241041.587891,avg_power_W=171.000000,max_power_W=171.000000,avg_time_s=0.054296,released_listeners=0,
start_task=,name=dosyrk,tick=42,start_time=241041.587963,nthreads=95,
message=tick stats,tick=42,estimated_current_power=0.000000,
end_task=,name=dosyrk,elapsed_seconds=0.074825,predicted_seconds=0.000000,time_percent_error=100.000000,nthreads=95,end_time=241041.672098,avg_power_W=167.500000,max_power_W=169.000000,avg_time_s=0.074825,released_listeners=1,
start_task=,name=potrfprofile,tick=43,start_time=241041.672175,nthreads=95,
message=tick stats,tick=43,estimated_current_power=0.000000,
end_task=,name=potrfprofile,elapsed_seconds=0.546483,predicted_seconds=0.000000,time_percent_error=100.000000,nthreads=95,end_time=241042.222362,avg_power_W=180.272727,max_power_W=190.000000,avg_time_s=0.049680,released_listeners=1,
start_task=,name=dopotrf,tick=44,start_time=241042.222439,nthreads=95,
message=tick stats,tick=44,estimated_current_power=0.000000,
end_task=,name=dopotrf,elapsed_seconds=0.073702,predicted_seconds=0.000000,time_percent_error=100.000000,nthreads=95,end_time=241042.297059,avg_power_W=177.000000,max_power_W=177.000000,avg_time_s=0.073702,released_listeners=4,
start_task=,name=trsmprofile,tick=45,start_time=241042.297132,nthreads=95,
message=tick stats,tick=45,estimated_current_power=0.000000,
end_task=,name=trsmprofile,elapsed_seconds=0.516481,predicted_seconds=0.000000,time_percent_error=100.000000,nthreads=95,end_time=241042.822323,avg_power_W=190.545455,max_power_W=197.000000,avg_time_s=0.030381,released_listeners=1,
start_task=,name=trsmprofile,tick=46,start_time=241042.822406,nthreads=95,
message=tick stats,tick=46,estimated_current_power=0.000000,
end_task=,name=trsmprofile,elapsed_seconds=0.529141,predicted_seconds=0.000000,time_percent_error=100.000000,nthreads=95,end_time=241043.352224,avg_power_W=189.700000,max_power_W=196.000000,avg_time_s=0.031126,released_listeners=1,
start_task=,name=trsmprofile,tick=47,start_time=241043.352297,nthreads=95,
message=tick stats,tick=47,estimated_current_power=0.000000,
end_task=,name=trsmprofile,elapsed_seconds=0.505368,predicted_seconds=0.000000,time_percent_error=100.000000,nthreads=95,end_time=241043.858164,avg_power_W=191.300000,max_power_W=198.000000,avg_time_s=0.029728,released_listeners=1,
start_task=,name=trsmprofile,tick=48,start_time=241043.858241,nthreads=95,
message=tick stats,tick=48,estimated_current_power=0.000000,
end_task=,name=trsmprofile,elapsed_seconds=0.520909,predicted_seconds=0.000000,time_percent_error=100.000000,nthreads=95,end_time=241044.379778,avg_power_W=191.636364,max_power_W=201.000000,avg_time_s=0.030642,released_listeners=1,
start_task=,name=dotrsm,tick=49,start_time=241044.379851,nthreads=95,
message=tick stats,tick=49,estimated_current_power=0.000000,
end_task=,name=dotrsm,elapsed_seconds=0.036521,predicted_seconds=0.000000,time_percent_error=100.000000,nthreads=95,end_time=241044.422459,avg_power_W=186.000000,max_power_W=186.000000,avg_time_s=0.036521,released_listeners=4,
start_task=,name=dotrsm,tick=50,start_time=241044.422537,nthreads=95,
message=tick stats,tick=50,estimated_current_power=0.000000,
end_task=,name=dotrsm,elapsed_seconds=0.035917,predicted_seconds=0.000000,time_percent_error=100.000000,nthreads=95,end_time=241044.472120,avg_power_W=182.000000,max_power_W=182.000000,avg_time_s=0.035917,released_listeners=4,
start_task=,name=dotrsm,tick=51,start_time=241044.472198,nthreads=95,
message=tick stats,tick=51,estimated_current_power=0.000000,
end_task=,name=dotrsm,elapsed_seconds=0.036318,predicted_seconds=0.000000,time_percent_error=100.000000,nthreads=95,end_time=241044.522050,avg_power_W=163.000000,max_power_W=163.000000,avg_time_s=0.036318,released_listeners=4,
start_task=,name=dotrsm,tick=52,start_time=241044.522127,nthreads=95,
message=tick stats,tick=52,estimated_current_power=0.000000,
end_task=,name=dotrsm,elapsed_seconds=0.036376,predicted_seconds=0.000000,time_percent_error=100.000000,nthreads=95,end_time=241044.572088,avg_power_W=174.000000,max_power_W=174.000000,avg_time_s=0.036376,released_listeners=4,
start_task=,name=syrkprofile,tick=53,start_time=241044.572165,nthreads=95,
message=tick stats,tick=53,estimated_current_power=0.000000,
end_task=,name=syrkprofile,elapsed_seconds=0.511337,predicted_seconds=0.000000,time_percent_error=100.000000,nthreads=95,end_time=241045.084125,avg_power_W=191.900000,max_power_W=199.000000,avg_time_s=0.036524,released_listeners=1,
start_task=,name=gemmprofile,tick=54,start_time=241045.084201,nthreads=95,
message=tick stats,tick=54,estimated_current_power=0.000000,
end_task=,name=gemmprofile,elapsed_seconds=0.517204,predicted_seconds=0.000000,time_percent_error=100.000000,nthreads=95,end_time=241045.601988,avg_power_W=191.300000,max_power_W=198.000000,avg_time_s=0.034480,released_listeners=1,
start_task=,name=syrkprofile,tick=55,start_time=241045.602061,nthreads=95,
message=tick stats,tick=55,estimated_current_power=0.000000,
end_task=,name=syrkprofile,elapsed_seconds=0.512147,predicted_seconds=0.000000,time_percent_error=100.000000,nthreads=95,end_time=241046.122323,avg_power_W=194.272727,max_power_W=199.000000,avg_time_s=0.039396,released_listeners=1,
start_task=,name=gemmprofile,tick=56,start_time=241046.122400,nthreads=95,
message=tick stats,tick=56,estimated_current_power=0.000000,
end_task=,name=gemmprofile,elapsed_seconds=0.512017,predicted_seconds=0.000000,time_percent_error=100.000000,nthreads=95,end_time=241046.635021,avg_power_W=191.000000,max_power_W=206.000000,avg_time_s=0.034134,released_listeners=1,
start_task=,name=gemmprofile,tick=57,start_time=241046.635093,nthreads=95,
message=tick stats,tick=57,estimated_current_power=0.000000,
end_task=,name=gemmprofile,elapsed_seconds=0.533042,predicted_seconds=0.000000,time_percent_error=100.000000,nthreads=95,end_time=241047.172357,avg_power_W=194.000000,max_power_W=200.000000,avg_time_s=0.033315,released_listeners=1,
start_task=,name=syrkprofile,tick=58,start_time=241047.172434,nthreads=95,
message=tick stats,tick=58,estimated_current_power=0.000000,
end_task=,name=syrkprofile,elapsed_seconds=0.529175,predicted_seconds=0.000000,time_percent_error=100.000000,nthreads=95,end_time=241047.702109,avg_power_W=191.700000,max_power_W=198.000000,avg_time_s=0.037798,released_listeners=1,
start_task=,name=gemmprofile,tick=59,start_time=241047.702183,nthreads=95,
message=tick stats,tick=59,estimated_current_power=0.000000,
end_task=,name=gemmprofile,elapsed_seconds=0.535138,predicted_seconds=0.000000,time_percent_error=100.000000,nthreads=95,end_time=241048.237952,avg_power_W=193.545455,max_power_W=201.000000,avg_time_s=0.033446,released_listeners=1,
start_task=,name=gemmprofile,tick=60,start_time=241048.238026,nthreads=95,
message=tick stats,tick=60,estimated_current_power=0.000000,
end_task=,name=gemmprofile,elapsed_seconds=0.518492,predicted_seconds=0.000000,time_percent_error=100.000000,nthreads=95,end_time=241048.757093,avg_power_W=193.900000,max_power_W=205.000000,avg_time_s=0.032406,released_listeners=1,
start_task=,name=gemmprofile,tick=61,start_time=241048.757166,nthreads=95,
message=tick stats,tick=61,estimated_current_power=0.000000,
end_task=,name=gemmprofile,elapsed_seconds=0.516627,predicted_seconds=0.000000,time_percent_error=100.000000,nthreads=95,end_time=241049.274446,avg_power_W=195.636364,max_power_W=201.000000,avg_time_s=0.032289,released_listeners=1,
start_task=,name=syrkprofile,tick=62,start_time=241049.274519,nthreads=95,
message=tick stats,tick=62,estimated_current_power=0.000000,
end_task=,name=syrkprofile,elapsed_seconds=0.532431,predicted_seconds=0.000000,time_percent_error=100.000000,nthreads=95,end_time=241049.807513,avg_power_W=192.000000,max_power_W=200.000000,avg_time_s=0.038031,released_listeners=1,
start_task=,name=dosyrk,tick=63,start_time=241049.807586,nthreads=95,
message=tick stats,tick=63,estimated_current_power=0.000000,
end_task=,name=dosyrk,elapsed_seconds=0.074182,predicted_seconds=0.000000,time_percent_error=100.000000,nthreads=95,end_time=241049.882342,avg_power_W=182.500000,max_power_W=200.000000,avg_time_s=0.074182,released_listeners=1,
start_task=,name=dogemm,tick=64,start_time=241049.882415,nthreads=95,
message=tick stats,tick=64,estimated_current_power=0.000000,
end_task=,name=dogemm,elapsed_seconds=0.056657,predicted_seconds=0.000000,time_percent_error=100.000000,nthreads=95,end_time=241049.939582,avg_power_W=182.000000,max_power_W=182.000000,avg_time_s=0.056657,released_listeners=1,
start_task=,name=dosyrk,tick=65,start_time=241049.939656,nthreads=95,
message=tick stats,tick=65,estimated_current_power=0.000000,
end_task=,name=dosyrk,elapsed_seconds=0.070847,predicted_seconds=0.000000,time_percent_error=100.000000,nthreads=95,end_time=241050.022244,avg_power_W=175.500000,max_power_W=185.000000,avg_time_s=0.070847,released_listeners=1,
start_task=,name=dogemm,tick=66,start_time=241050.022323,nthreads=95,
message=tick stats,tick=66,estimated_current_power=0.000000,
end_task=,name=dogemm,elapsed_seconds=0.057043,predicted_seconds=0.000000,time_percent_error=100.000000,nthreads=95,end_time=241050.080009,avg_power_W=174.000000,max_power_W=174.000000,avg_time_s=0.057043,released_listeners=1,
start_task=,name=dogemm,tick=67,start_time=241050.080083,nthreads=95,
message=tick stats,tick=67,estimated_current_power=0.000000,
end_task=,name=dogemm,elapsed_seconds=0.052485,predicted_seconds=0.000000,time_percent_error=100.000000,nthreads=95,end_time=241050.133252,avg_power_W=183.000000,max_power_W=183.000000,avg_time_s=0.052485,released_listeners=0,
start_task=,name=dosyrk,tick=68,start_time=241050.133339,nthreads=95,
message=tick stats,tick=68,estimated_current_power=0.000000,
end_task=,name=dosyrk,elapsed_seconds=0.073833,predicted_seconds=0.000000,time_percent_error=100.000000,nthreads=95,end_time=241050.207955,avg_power_W=172.000000,max_power_W=172.000000,avg_time_s=0.073833,released_listeners=1,
start_task=,name=dogemm,tick=69,start_time=241050.208032,nthreads=95,
message=tick stats,tick=69,estimated_current_power=0.000000,
end_task=,name=dogemm,elapsed_seconds=0.053105,predicted_seconds=0.000000,time_percent_error=100.000000,nthreads=95,end_time=241050.272432,avg_power_W=165.000000,max_power_W=165.000000,avg_time_s=0.053105,released_listeners=1,
start_task=,name=dogemm,tick=70,start_time=241050.272511,nthreads=95,
message=tick stats,tick=70,estimated_current_power=0.000000,
end_task=,name=dogemm,elapsed_seconds=0.054223,predicted_seconds=0.000000,time_percent_error=100.000000,nthreads=95,end_time=241050.328676,avg_power_W=188.000000,max_power_W=188.000000,avg_time_s=0.054223,released_listeners=0,
start_task=,name=dogemm,tick=71,start_time=241050.328749,nthreads=95,
message=tick stats,tick=71,estimated_current_power=0.000000,
end_task=,name=dogemm,elapsed_seconds=0.054522,predicted_seconds=0.000000,time_percent_error=100.000000,nthreads=95,end_time=241050.383885,avg_power_W=186.000000,max_power_W=186.000000,avg_time_s=0.054522,released_listeners=0,
start_task=,name=dosyrk,tick=72,start_time=241050.383958,nthreads=95,
message=tick stats,tick=72,estimated_current_power=0.000000,
end_task=,name=dosyrk,elapsed_seconds=0.073658,predicted_seconds=0.000000,time_percent_error=100.000000,nthreads=95,end_time=241050.458252,avg_power_W=163.000000,max_power_W=163.000000,avg_time_s=0.073658,released_listeners=1,
start_task=,name=potrfprofile,tick=73,start_time=241050.458326,nthreads=95,
message=tick stats,tick=73,estimated_current_power=0.000000,
end_task=,name=potrfprofile,elapsed_seconds=0.524818,predicted_seconds=0.000000,time_percent_error=100.000000,nthreads=95,end_time=241050.983762,avg_power_W=177.090909,max_power_W=189.000000,avg_time_s=0.047711,released_listeners=1,
start_task=,name=dopotrf,tick=74,start_time=241050.983835,nthreads=95,
message=tick stats,tick=74,estimated_current_power=0.000000,
end_task=,name=dopotrf,elapsed_seconds=0.069480,predicted_seconds=0.000000,time_percent_error=100.000000,nthreads=95,end_time=241051.053921,avg_power_W=181.000000,max_power_W=181.000000,avg_time_s=0.069480,released_listeners=3,
start_task=,name=trsmprofile,tick=75,start_time=241051.053994,nthreads=95,
message=tick stats,tick=75,estimated_current_power=0.000000,
end_task=,name=trsmprofile,elapsed_seconds=0.519548,predicted_seconds=0.000000,time_percent_error=100.000000,nthreads=95,end_time=241051.574027,avg_power_W=188.181818,max_power_W=198.000000,avg_time_s=0.032472,released_listeners=1,
start_task=,name=trsmprofile,tick=76,start_time=241051.574100,nthreads=95,
message=tick stats,tick=76,estimated_current_power=0.000000,
end_task=,name=trsmprofile,elapsed_seconds=0.525206,predicted_seconds=0.000000,time_percent_error=100.000000,nthreads=95,end_time=241052.099924,avg_power_W=192.600000,max_power_W=197.000000,avg_time_s=0.030894,released_listeners=1,
start_task=,name=trsmprofile,tick=77,start_time=241052.099998,nthreads=95,
message=tick stats,tick=77,estimated_current_power=0.000000,
end_task=,name=trsmprofile,elapsed_seconds=0.509410,predicted_seconds=0.000000,time_percent_error=100.000000,nthreads=95,end_time=241052.622190,avg_power_W=189.636364,max_power_W=199.000000,avg_time_s=0.031838,released_listeners=1,
start_task=,name=dotrsm,tick=78,start_time=241052.622280,nthreads=95,
message=tick stats,tick=78,estimated_current_power=0.000000,
end_task=,name=dotrsm,elapsed_seconds=0.036391,predicted_seconds=0.000000,time_percent_error=100.000000,nthreads=95,end_time=241052.672488,avg_power_W=174.000000,max_power_W=174.000000,avg_time_s=0.036391,released_listeners=3,
start_task=,name=dotrsm,tick=79,start_time=241052.672566,nthreads=95,
message=tick stats,tick=79,estimated_current_power=0.000000,
end_task=,name=dotrsm,elapsed_seconds=0.037464,predicted_seconds=0.000000,time_percent_error=100.000000,nthreads=95,end_time=241052.722175,avg_power_W=157.000000,max_power_W=157.000000,avg_time_s=0.037464,released_listeners=3,
start_task=,name=dotrsm,tick=80,start_time=241052.722271,nthreads=95,
message=tick stats,tick=80,estimated_current_power=0.000000,
end_task=,name=dotrsm,elapsed_seconds=0.034983,predicted_seconds=0.000000,time_percent_error=100.000000,nthreads=95,end_time=241052.757878,avg_power_W=-nan,max_power_W=0.000000,avg_time_s=0.034983,released_listeners=3,
start_task=,name=syrkprofile,tick=81,start_time=241052.757942,nthreads=95,
message=tick stats,tick=81,estimated_current_power=0.000000,
end_task=,name=syrkprofile,elapsed_seconds=0.511120,predicted_seconds=0.000000,time_percent_error=100.000000,nthreads=95,end_time=241053.272559,avg_power_W=190.181818,max_power_W=202.000000,avg_time_s=0.039317,released_listeners=1,
start_task=,name=gemmprofile,tick=82,start_time=241053.272636,nthreads=95,
message=tick stats,tick=82,estimated_current_power=0.000000,
end_task=,name=gemmprofile,elapsed_seconds=0.522771,predicted_seconds=0.000000,time_percent_error=100.000000,nthreads=95,end_time=241053.795980,avg_power_W=198.000000,max_power_W=205.000000,avg_time_s=0.032673,released_listeners=1,
start_task=,name=syrkprofile,tick=83,start_time=241053.796054,nthreads=95,
message=tick stats,tick=83,estimated_current_power=0.000000,
end_task=,name=syrkprofile,elapsed_seconds=0.507821,predicted_seconds=0.000000,time_percent_error=100.000000,nthreads=95,end_time=241054.304511,avg_power_W=193.200000,max_power_W=201.000000,avg_time_s=0.039063,released_listeners=1,
start_task=,name=gemmprofile,tick=84,start_time=241054.304585,nthreads=95,
message=tick stats,tick=84,estimated_current_power=0.000000,
end_task=,name=gemmprofile,elapsed_seconds=0.512461,predicted_seconds=0.000000,time_percent_error=100.000000,nthreads=95,end_time=241054.822123,avg_power_W=194.545455,max_power_W=205.000000,avg_time_s=0.034164,released_listeners=1,
start_task=,name=gemmprofile,tick=85,start_time=241054.822201,nthreads=95,
message=tick stats,tick=85,estimated_current_power=0.000000,
end_task=,name=gemmprofile,elapsed_seconds=0.509390,predicted_seconds=0.000000,time_percent_error=100.000000,nthreads=95,end_time=241055.332253,avg_power_W=191.900000,max_power_W=201.000000,avg_time_s=0.033959,released_listeners=1,
start_task=,name=syrkprofile,tick=86,start_time=241055.332343,nthreads=95,
message=tick stats,tick=86,estimated_current_power=0.000000,
end_task=,name=syrkprofile,elapsed_seconds=0.514124,predicted_seconds=0.000000,time_percent_error=100.000000,nthreads=95,end_time=241055.847734,avg_power_W=195.800000,max_power_W=203.000000,avg_time_s=0.036723,released_listeners=1,
start_task=,name=dosyrk,tick=87,start_time=241055.847807,nthreads=95,
message=tick stats,tick=87,estimated_current_power=0.000000,
end_task=,name=dosyrk,elapsed_seconds=0.072355,predicted_seconds=0.000000,time_percent_error=100.000000,nthreads=95,end_time=241055.922306,avg_power_W=180.000000,max_power_W=198.000000,avg_time_s=0.072355,released_listeners=1,
start_task=,name=dogemm,tick=88,start_time=241055.922383,nthreads=95,
message=tick stats,tick=88,estimated_current_power=0.000000,
end_task=,name=dogemm,elapsed_seconds=0.054846,predicted_seconds=0.000000,time_percent_error=100.000000,nthreads=95,end_time=241055.977787,avg_power_W=190.000000,max_power_W=190.000000,avg_time_s=0.054846,released_listeners=1,
start_task=,name=dosyrk,tick=89,start_time=241055.977861,nthreads=95,
message=tick stats,tick=89,estimated_current_power=0.000000,
end_task=,name=dosyrk,elapsed_seconds=0.070611,predicted_seconds=0.000000,time_percent_error=100.000000,nthreads=95,end_time=241056.049065,avg_power_W=175.000000,max_power_W=175.000000,avg_time_s=0.070611,released_listeners=1,
start_task=,name=dogemm,tick=90,start_time=241056.049141,nthreads=95,
message=tick stats,tick=90,estimated_current_power=0.000000,
end_task=,name=dogemm,elapsed_seconds=0.056337,predicted_seconds=0.000000,time_percent_error=100.000000,nthreads=95,end_time=241056.106085,avg_power_W=165.000000,max_power_W=165.000000,avg_time_s=0.056337,released_listeners=1,
start_task=,name=dogemm,tick=91,start_time=241056.106162,nthreads=95,
message=tick stats,tick=91,estimated_current_power=0.000000,
end_task=,name=dogemm,elapsed_seconds=0.055164,predicted_seconds=0.000000,time_percent_error=100.000000,nthreads=95,end_time=241056.172198,avg_power_W=174.000000,max_power_W=186.000000,avg_time_s=0.055164,released_listeners=0,
start_task=,name=dosyrk,tick=92,start_time=241056.172284,nthreads=95,
message=tick stats,tick=92,estimated_current_power=0.000000,
end_task=,name=dosyrk,elapsed_seconds=0.075611,predicted_seconds=0.000000,time_percent_error=100.000000,nthreads=95,end_time=241056.248530,avg_power_W=180.000000,max_power_W=180.000000,avg_time_s=0.075611,released_listeners=1,
start_task=,name=potrfprofile,tick=93,start_time=241056.248605,nthreads=95,
message=tick stats,tick=93,estimated_current_power=0.000000,
end_task=,name=potrfprofile,elapsed_seconds=0.537084,predicted_seconds=0.000000,time_percent_error=100.000000,nthreads=95,end_time=241056.786250,avg_power_W=179.000000,max_power_W=183.000000,avg_time_s=0.048826,released_listeners=1,
start_task=,name=dopotrf,tick=94,start_time=241056.786323,nthreads=95,
message=tick stats,tick=94,estimated_current_power=0.000000,
end_task=,name=dopotrf,elapsed_seconds=0.070406,predicted_seconds=0.000000,time_percent_error=100.000000,nthreads=95,end_time=241056.857350,avg_power_W=176.000000,max_power_W=176.000000,avg_time_s=0.070406,released_listeners=2,
start_task=,name=trsmprofile,tick=95,start_time=241056.857424,nthreads=95,
message=tick stats,tick=95,estimated_current_power=0.000000,
end_task=,name=trsmprofile,elapsed_seconds=0.535939,predicted_seconds=0.000000,time_percent_error=100.000000,nthreads=95,end_time=241057.393999,avg_power_W=187.181818,max_power_W=197.000000,avg_time_s=0.031526,released_listeners=1,
start_task=,name=trsmprofile,tick=96,start_time=241057.394073,nthreads=95,
message=tick stats,tick=96,estimated_current_power=0.000000,
end_task=,name=trsmprofile,elapsed_seconds=0.517790,predicted_seconds=0.000000,time_percent_error=100.000000,nthreads=95,end_time=241057.922258,avg_power_W=189.545455,max_power_W=193.000000,avg_time_s=0.032362,released_listeners=1,
start_task=,name=dotrsm,tick=97,start_time=241057.922340,nthreads=95,
message=tick stats,tick=97,estimated_current_power=0.000000,
end_task=,name=dotrsm,elapsed_seconds=0.035971,predicted_seconds=0.000000,time_percent_error=100.000000,nthreads=95,end_time=241057.972435,avg_power_W=184.000000,max_power_W=184.000000,avg_time_s=0.035971,released_listeners=2,
start_task=,name=dotrsm,tick=98,start_time=241057.972512,nthreads=95,
message=tick stats,tick=98,estimated_current_power=0.000000,
end_task=,name=dotrsm,elapsed_seconds=0.037069,predicted_seconds=0.000000,time_percent_error=100.000000,nthreads=95,end_time=241058.022421,avg_power_W=160.000000,max_power_W=160.000000,avg_time_s=0.037069,released_listeners=2,
start_task=,name=syrkprofile,tick=99,start_time=241058.022499,nthreads=95,
message=tick stats,tick=99,estimated_current_power=0.000000,
end_task=,name=syrkprofile,elapsed_seconds=0.523520,predicted_seconds=0.000000,time_percent_error=100.000000,nthreads=95,end_time=241058.546712,avg_power_W=188.400000,max_power_W=199.000000,avg_time_s=0.040271,released_listeners=1,
start_task=,name=gemmprofile,tick=100,start_time=241058.546786,nthreads=95,
message=tick stats,tick=100,estimated_current_power=0.000000,
end_task=,name=gemmprofile,elapsed_seconds=0.527526,predicted_seconds=0.000000,time_percent_error=100.000000,nthreads=95,end_time=241059.074949,avg_power_W=195.272727,max_power_W=205.000000,avg_time_s=0.032970,released_listeners=1,
start_task=,name=syrkprofile,tick=101,start_time=241059.075023,nthreads=95,
message=tick stats,tick=101,estimated_current_power=0.000000,
end_task=,name=syrkprofile,elapsed_seconds=0.512947,predicted_seconds=0.000000,time_percent_error=100.000000,nthreads=95,end_time=241059.588579,avg_power_W=192.600000,max_power_W=200.000000,avg_time_s=0.036639,released_listeners=1,
start_task=,name=dosyrk,tick=102,start_time=241059.588655,nthreads=95,
message=tick stats,tick=102,estimated_current_power=0.000000,
end_task=,name=dosyrk,elapsed_seconds=0.072740,predicted_seconds=0.000000,time_percent_error=100.000000,nthreads=95,end_time=241059.672309,avg_power_W=184.500000,max_power_W=203.000000,avg_time_s=0.072740,released_listeners=1,
start_task=,name=dogemm,tick=103,start_time=241059.672397,nthreads=95,
message=tick stats,tick=103,estimated_current_power=0.000000,
end_task=,name=dogemm,elapsed_seconds=0.053286,predicted_seconds=0.000000,time_percent_error=100.000000,nthreads=95,end_time=241059.726187,avg_power_W=184.000000,max_power_W=184.000000,avg_time_s=0.053286,released_listeners=1,
start_task=,name=dosyrk,tick=104,start_time=241059.726265,nthreads=95,
message=tick stats,tick=104,estimated_current_power=0.000000,
end_task=,name=dosyrk,elapsed_seconds=0.073214,predicted_seconds=0.000000,time_percent_error=100.000000,nthreads=95,end_time=241059.800039,avg_power_W=184.000000,max_power_W=184.000000,avg_time_s=0.073214,released_listeners=1,
start_task=,name=potrfprofile,tick=105,start_time=241059.800112,nthreads=95,
message=tick stats,tick=105,estimated_current_power=0.000000,
end_task=,name=potrfprofile,elapsed_seconds=0.522241,predicted_seconds=0.000000,time_percent_error=100.000000,nthreads=95,end_time=241060.323673,avg_power_W=179.090909,max_power_W=182.000000,avg_time_s=0.047476,released_listeners=1,
start_task=,name=dopotrf,tick=106,start_time=241060.323753,nthreads=95,
message=tick stats,tick=106,estimated_current_power=0.000000,
end_task=,name=dopotrf,elapsed_seconds=0.069050,predicted_seconds=0.000000,time_percent_error=100.000000,nthreads=95,end_time=241060.393450,avg_power_W=173.000000,max_power_W=173.000000,avg_time_s=0.069050,released_listeners=1,
start_task=,name=trsmprofile,tick=107,start_time=241060.393538,nthreads=95,
message=tick stats,tick=107,estimated_current_power=0.000000,
end_task=,name=trsmprofile,elapsed_seconds=0.517926,predicted_seconds=0.000000,time_percent_error=100.000000,nthreads=95,end_time=241060.922483,avg_power_W=189.727273,max_power_W=196.000000,avg_time_s=0.030466,released_listeners=1,
start_task=,name=dotrsm,tick=108,start_time=241060.922561,nthreads=95,
message=tick stats,tick=108,estimated_current_power=0.000000,
end_task=,name=dotrsm,elapsed_seconds=0.035650,predicted_seconds=0.000000,time_percent_error=100.000000,nthreads=95,end_time=241060.972093,avg_power_W=179.000000,max_power_W=179.000000,avg_time_s=0.035650,released_listeners=1,
start_task=,name=syrkprofile,tick=109,start_time=241060.972170,nthreads=95,
message=tick stats,tick=109,estimated_current_power=0.000000,
end_task=,name=syrkprofile,elapsed_seconds=0.525175,predicted_seconds=0.000000,time_percent_error=100.000000,nthreads=95,end_time=241061.497981,avg_power_W=188.700000,max_power_W=199.000000,avg_time_s=0.037512,released_listeners=1,
start_task=,name=dosyrk,tick=110,start_time=241061.498055,nthreads=95,
message=tick stats,tick=110,estimated_current_power=0.000000,
end_task=,name=dosyrk,elapsed_seconds=0.071475,predicted_seconds=0.000000,time_percent_error=100.000000,nthreads=95,end_time=241061.572341,avg_power_W=176.500000,max_power_W=183.000000,avg_time_s=0.071475,released_listeners=1,
start_task=,name=potrfprofile,tick=111,start_time=241061.572418,nthreads=95,
message=tick stats,tick=111,estimated_current_power=0.000000,
end_task=,name=potrfprofile,elapsed_seconds=0.521358,predicted_seconds=0.000000,time_percent_error=100.000000,nthreads=95,end_time=241062.094444,avg_power_W=181.400000,max_power_W=192.000000,avg_time_s=0.047396,released_listeners=1,
start_task=,name=dopotrf,tick=112,start_time=241062.094519,nthreads=95,
message=tick stats,tick=112,estimated_current_power=0.000000,
end_task=,name=dopotrf,elapsed_seconds=0.068693,predicted_seconds=0.000000,time_percent_error=100.000000,nthreads=95,end_time=241062.172334,avg_power_W=173.000000,max_power_W=178.000000,avg_time_s=0.068693,released_listeners=0,
est_max_power=0.000000,
average_power_W=173.000000,
max_power_W=178.000000,
time_s=32.813909,
message=ALL DONE,
