message=cataloging configuration,max_threads=87,power_limit=inf,
start_task=,name=potrfprofile,tick=1,start_time=178457.649200,nthreads=87,
message=tick stats,tick=1,estimated_current_power=0.000000,
end_task=,name=potrfprofile,elapsed_seconds=0.559004,predicted_seconds=0.000000,time_percent_error=100.000000,nthreads=87,end_time=178458.216227,avg_power_W=158.545455,max_power_W=162.000000,avg_time_s=0.186335,released_listeners=1,
start_task=,name=dopotrf,tick=2,start_time=178458.216305,nthreads=87,
message=tick stats,tick=2,estimated_current_power=0.000000,
end_task=,name=dopotrf,elapsed_seconds=0.110252,predicted_seconds=0.000000,time_percent_error=100.000000,nthreads=87,end_time=178458.327374,avg_power_W=148.000000,max_power_W=156.000000,avg_time_s=0.110252,released_listeners=5,
start_task=,name=trsmprofile,tick=3,start_time=178458.327442,nthreads=87,
message=tick stats,tick=3,estimated_current_power=0.000000,
end_task=,name=trsmprofile,elapsed_seconds=0.514115,predicted_seconds=0.000000,time_percent_error=100.000000,nthreads=87,end_time=178458.842329,avg_power_W=163.100000,max_power_W=170.000000,avg_time_s=0.042843,released_listeners=1,
start_task=,name=trsmprofile,tick=4,start_time=178458.842395,nthreads=87,
message=tick stats,tick=4,estimated_current_power=0.000000,
end_task=,name=trsmprofile,elapsed_seconds=0.546134,predicted_seconds=0.000000,time_percent_error=100.000000,nthreads=87,end_time=178459.389610,avg_power_W=165.272727,max_power_W=171.000000,avg_time_s=0.042010,released_listeners=1,
start_task=,name=trsmprofile,tick=5,start_time=178459.389677,nthreads=87,
message=tick stats,tick=5,estimated_current_power=0.000000,
end_task=,name=trsmprofile,elapsed_seconds=0.540267,predicted_seconds=0.000000,time_percent_error=100.000000,nthreads=87,end_time=178459.930663,avg_power_W=163.454545,max_power_W=168.000000,avg_time_s=0.045022,released_listeners=1,
start_task=,name=trsmprofile,tick=6,start_time=178459.930731,nthreads=87,
message=tick stats,tick=6,estimated_current_power=0.000000,
end_task=,name=trsmprofile,elapsed_seconds=0.537334,predicted_seconds=0.000000,time_percent_error=100.000000,nthreads=87,end_time=178460.469103,avg_power_W=162.818182,max_power_W=170.000000,avg_time_s=0.044778,released_listeners=1,
start_task=,name=trsmprofile,tick=7,start_time=178460.469171,nthreads=87,
message=tick stats,tick=7,estimated_current_power=0.000000,
end_task=,name=trsmprofile,elapsed_seconds=0.521111,predicted_seconds=0.000000,time_percent_error=100.000000,nthreads=87,end_time=178460.990924,avg_power_W=161.000000,max_power_W=169.000000,avg_time_s=0.047374,released_listeners=1,
start_task=,name=dotrsm,tick=8,start_time=178460.990991,nthreads=87,
message=tick stats,tick=8,estimated_current_power=0.000000,
end_task=,name=dotrsm,elapsed_seconds=0.046672,predicted_seconds=0.000000,time_percent_error=100.000000,nthreads=87,end_time=178461.038236,avg_power_W=160.000000,max_power_W=160.000000,avg_time_s=0.046672,released_listeners=5,
start_task=,name=dotrsm,tick=9,start_time=178461.038308,nthreads=87,
message=tick stats,tick=9,estimated_current_power=0.000000,
end_task=,name=dotrsm,elapsed_seconds=0.047067,predicted_seconds=0.000000,time_percent_error=100.000000,nthreads=87,end_time=178461.086059,avg_power_W=157.000000,max_power_W=157.000000,avg_time_s=0.047067,released_listeners=5,
start_task=,name=dotrsm,tick=10,start_time=178461.086127,nthreads=87,
message=tick stats,tick=10,estimated_current_power=0.000000,
end_task=,name=dotrsm,elapsed_seconds=0.050877,predicted_seconds=0.000000,time_percent_error=100.000000,nthreads=87,end_time=178461.137696,avg_power_W=150.000000,max_power_W=150.000000,avg_time_s=0.050877,released_listeners=5,
start_task=,name=dotrsm,tick=11,start_time=178461.137765,nthreads=87,
message=tick stats,tick=11,estimated_current_power=0.000000,
end_task=,name=dotrsm,elapsed_seconds=0.049904,predicted_seconds=0.000000,time_percent_error=100.000000,nthreads=87,end_time=178461.188235,avg_power_W=160.000000,max_power_W=160.000000,avg_time_s=0.049904,released_listeners=5,
start_task=,name=dotrsm,tick=12,start_time=178461.188304,nthreads=87,
message=tick stats,tick=12,estimated_current_power=0.000000,
end_task=,name=dotrsm,elapsed_seconds=0.050930,predicted_seconds=0.000000,time_percent_error=100.000000,nthreads=87,end_time=178461.240374,avg_power_W=151.000000,max_power_W=151.000000,avg_time_s=0.050930,released_listeners=5,
start_task=,name=syrkprofile,tick=13,start_time=178461.240443,nthreads=87,
message=tick stats,tick=13,estimated_current_power=0.000000,
end_task=,name=syrkprofile,elapsed_seconds=0.508408,predicted_seconds=0.000000,time_percent_error=100.000000,nthreads=87,end_time=178461.766711,avg_power_W=165.454545,max_power_W=176.000000,avg_time_s=0.056490,released_listeners=1,
start_task=,name=gemmprofile,tick=14,start_time=178461.766784,nthreads=87,
message=tick stats,tick=14,estimated_current_power=0.000000,
end_task=,name=gemmprofile,elapsed_seconds=0.544347,predicted_seconds=0.000000,time_percent_error=100.000000,nthreads=87,end_time=178462.316479,avg_power_W=165.909091,max_power_W=178.000000,avg_time_s=0.045362,released_listeners=1,
start_task=,name=syrkprofile,tick=15,start_time=178462.316551,nthreads=87,
message=tick stats,tick=15,estimated_current_power=0.000000,
end_task=,name=syrkprofile,elapsed_seconds=0.544662,predicted_seconds=0.000000,time_percent_error=100.000000,nthreads=87,end_time=178462.866219,avg_power_W=166.363636,max_power_W=177.000000,avg_time_s=0.054466,released_listeners=1,
start_task=,name=gemmprofile,tick=16,start_time=178462.866293,nthreads=87,
message=tick stats,tick=16,estimated_current_power=0.000000,
end_task=,name=gemmprofile,elapsed_seconds=0.534498,predicted_seconds=0.000000,time_percent_error=100.000000,nthreads=87,end_time=178463.416438,avg_power_W=166.000000,max_power_W=175.000000,avg_time_s=0.048591,released_listeners=1,
start_task=,name=gemmprofile,tick=17,start_time=178463.416509,nthreads=87,
message=tick stats,tick=17,estimated_current_power=0.000000,
end_task=,name=gemmprofile,elapsed_seconds=0.532707,predicted_seconds=0.000000,time_percent_error=100.000000,nthreads=87,end_time=178463.966379,avg_power_W=167.454545,max_power_W=176.000000,avg_time_s=0.048428,released_listeners=1,
start_task=,name=syrkprofile,tick=18,start_time=178463.966451,nthreads=87,
message=tick stats,tick=18,estimated_current_power=0.000000,
end_task=,name=syrkprofile,elapsed_seconds=0.518988,predicted_seconds=0.000000,time_percent_error=100.000000,nthreads=87,end_time=178464.486538,avg_power_W=159.300000,max_power_W=166.000000,avg_time_s=0.057665,released_listeners=1,
start_task=,name=gemmprofile,tick=19,start_time=178464.486606,nthreads=87,
message=tick stats,tick=19,estimated_current_power=0.000000,
end_task=,name=gemmprofile,elapsed_seconds=0.550645,predicted_seconds=0.000000,time_percent_error=100.000000,nthreads=87,end_time=178465.037950,avg_power_W=161.727273,max_power_W=176.000000,avg_time_s=0.050059,released_listeners=1,
start_task=,name=gemmprofile,tick=20,start_time=178465.038018,nthreads=87,
message=tick stats,tick=20,estimated_current_power=0.000000,
end_task=,name=gemmprofile,elapsed_seconds=0.518976,predicted_seconds=0.000000,time_percent_error=100.000000,nthreads=87,end_time=178465.566352,avg_power_W=164.818182,max_power_W=175.000000,avg_time_s=0.047180,released_listeners=1,
start_task=,name=gemmprofile,tick=21,start_time=178465.566423,nthreads=87,
message=tick stats,tick=21,estimated_current_power=0.000000,
end_task=,name=gemmprofile,elapsed_seconds=0.531419,predicted_seconds=0.000000,time_percent_error=100.000000,nthreads=87,end_time=178466.098493,avg_power_W=165.600000,max_power_W=174.000000,avg_time_s=0.048311,released_listeners=1,
start_task=,name=syrkprofile,tick=22,start_time=178466.098562,nthreads=87,
message=tick stats,tick=22,estimated_current_power=0.000000,
end_task=,name=syrkprofile,elapsed_seconds=0.555904,predicted_seconds=0.000000,time_percent_error=100.000000,nthreads=87,end_time=178466.666251,avg_power_W=167.916667,max_power_W=175.000000,avg_time_s=0.055590,released_listeners=1,
start_task=,name=gemmprofile,tick=23,start_time=178466.666324,nthreads=87,
message=tick stats,tick=23,estimated_current_power=0.000000,
end_task=,name=gemmprofile,elapsed_seconds=0.529803,predicted_seconds=0.000000,time_percent_error=100.000000,nthreads=87,end_time=178467.196749,avg_power_W=165.900000,max_power_W=175.000000,avg_time_s=0.048164,released_listeners=1,
start_task=,name=gemmprofile,tick=24,start_time=178467.196817,nthreads=87,
message=tick stats,tick=24,estimated_current_power=0.000000,
end_task=,name=gemmprofile,elapsed_seconds=0.517873,predicted_seconds=0.000000,time_percent_error=100.000000,nthreads=87,end_time=178467.716436,avg_power_W=165.909091,max_power_W=176.000000,avg_time_s=0.047079,released_listeners=1,
start_task=,name=gemmprofile,tick=25,start_time=178467.716508,nthreads=87,
message=tick stats,tick=25,estimated_current_power=0.000000,
end_task=,name=gemmprofile,elapsed_seconds=0.508999,predicted_seconds=0.000000,time_percent_error=100.000000,nthreads=87,end_time=178468.226214,avg_power_W=167.500000,max_power_W=175.000000,avg_time_s=0.046273,released_listeners=1,
start_task=,name=gemmprofile,tick=26,start_time=178468.226285,nthreads=87,
message=tick stats,tick=26,estimated_current_power=0.000000,
end_task=,name=gemmprofile,elapsed_seconds=0.515252,predicted_seconds=0.000000,time_percent_error=100.000000,nthreads=87,end_time=178468.742926,avg_power_W=170.100000,max_power_W=176.000000,avg_time_s=0.046841,released_listeners=1,
start_task=,name=syrkprofile,tick=27,start_time=178468.742994,nthreads=87,
message=tick stats,tick=27,estimated_current_power=0.000000,
end_task=,name=syrkprofile,elapsed_seconds=0.531743,predicted_seconds=0.000000,time_percent_error=100.000000,nthreads=87,end_time=178469.275368,avg_power_W=164.727273,max_power_W=177.000000,avg_time_s=0.053174,released_listeners=1,
start_task=,name=dosyrk,tick=28,start_time=178469.275436,nthreads=87,
message=tick stats,tick=28,estimated_current_power=0.000000,
end_task=,name=dosyrk,elapsed_seconds=0.098060,predicted_seconds=0.000000,time_percent_error=100.000000,nthreads=87,end_time=178469.374374,avg_power_W=159.000000,max_power_W=171.000000,avg_time_s=0.098060,released_listeners=1,
start_task=,name=dogemm,tick=29,start_time=178469.374442,nthreads=87,
message=tick stats,tick=29,estimated_current_power=0.000000,
end_task=,name=dogemm,elapsed_seconds=0.076197,predicted_seconds=0.000000,time_percent_error=100.000000,nthreads=87,end_time=178469.466630,avg_power_W=157.000000,max_power_W=167.000000,avg_time_s=0.076197,released_listeners=1,
start_task=,name=dosyrk,tick=30,start_time=178469.466702,nthreads=87,
message=tick stats,tick=30,estimated_current_power=0.000000,
end_task=,name=dosyrk,elapsed_seconds=0.105049,predicted_seconds=0.000000,time_percent_error=100.000000,nthreads=87,end_time=178469.573320,avg_power_W=154.500000,max_power_W=171.000000,avg_time_s=0.105049,released_listeners=1,
start_task=,name=dogemm,tick=31,start_time=178469.573389,nthreads=87,
message=tick stats,tick=31,estimated_current_power=0.000000,
end_task=,name=dogemm,elapsed_seconds=0.076527,predicted_seconds=0.000000,time_percent_error=100.000000,nthreads=87,end_time=178469.666308,avg_power_W=153.000000,max_power_W=164.000000,avg_time_s=0.076527,released_listeners=1,
start_task=,name=dogemm,tick=32,start_time=178469.666380,nthreads=87,
message=tick stats,tick=32,estimated_current_power=0.000000,
end_task=,name=dogemm,elapsed_seconds=0.082191,predicted_seconds=0.000000,time_percent_error=100.000000,nthreads=87,end_time=178469.766420,avg_power_W=153.000000,max_power_W=166.000000,avg_time_s=0.082191,released_listeners=0,
start_task=,name=dosyrk,tick=33,start_time=178469.766492,nthreads=87,
message=tick stats,tick=33,estimated_current_power=0.000000,
end_task=,name=dosyrk,elapsed_seconds=0.108767,predicted_seconds=0.000000,time_percent_error=100.000000,nthreads=87,end_time=178469.875977,avg_power_W=155.000000,max_power_W=168.000000,avg_time_s=0.108767,released_listeners=1,
start_task=,name=dogemm,tick=34,start_time=178469.876050,nthreads=87,
message=tick stats,tick=34,estimated_current_power=0.000000,
end_task=,name=dogemm,elapsed_seconds=0.079766,predicted_seconds=0.000000,time_percent_error=100.000000,nthreads=87,end_time=178469.966537,avg_power_W=147.000000,max_power_W=151.000000,avg_time_s=0.079766,released_listeners=1,
start_task=,name=dogemm,tick=35,start_time=178469.966618,nthreads=87,
message=tick stats,tick=35,estimated_current_power=0.000000,
end_task=,name=dogemm,elapsed_seconds=0.074721,predicted_seconds=0.000000,time_percent_error=100.000000,nthreads=87,end_time=178470.042157,avg_power_W=162.000000,max_power_W=162.000000,avg_time_s=0.074721,released_listeners=0,
start_task=,name=dogemm,tick=36,start_time=178470.042225,nthreads=87,
message=tick stats,tick=36,estimated_current_power=0.000000,
end_task=,name=dogemm,elapsed_seconds=0.078900,predicted_seconds=0.000000,time_percent_error=100.000000,nthreads=87,end_time=178470.121992,avg_power_W=153.000000,max_power_W=165.000000,avg_time_s=0.078900,released_listeners=0,
start_task=,name=dosyrk,tick=37,start_time=178470.122066,nthreads=87,
message=tick stats,tick=37,estimated_current_power=0.000000,
end_task=,name=dosyrk,elapsed_seconds=0.101487,predicted_seconds=0.000000,time_percent_error=100.000000,nthreads=87,end_time=178470.224368,avg_power_W=152.000000,max_power_W=159.000000,avg_time_s=0.101487,released_listeners=1,
start_task=,name=dogemm,tick=38,start_time=178470.224437,nthreads=87,
message=tick stats,tick=38,estimated_current_power=0.000000,
end_task=,name=dogemm,elapsed_seconds=0.076733,predicted_seconds=0.000000,time_percent_error=100.000000,nthreads=87,end_time=178470.316850,avg_power_W=155.500000,max_power_W=164.000000,avg_time_s=0.076733,released_listeners=1,
start_task=,name=dogemm,tick=39,start_time=178470.316923,nthreads=87,
message=tick stats,tick=39,estimated_current_power=0.000000,
end_task=,name=dogemm,elapsed_seconds=0.077062,predicted_seconds=0.000000,time_percent_error=100.000000,nthreads=87,end_time=178470.394863,avg_power_W=166.000000,max_power_W=166.000000,avg_time_s=0.077062,released_listeners=0,
start_task=,name=dogemm,tick=40,start_time=178470.394932,nthreads=87,
message=tick stats,tick=40,estimated_current_power=0.000000,
end_task=,name=dogemm,elapsed_seconds=0.074103,predicted_seconds=0.000000,time_percent_error=100.000000,nthreads=87,end_time=178470.470348,avg_power_W=156.000000,max_power_W=169.000000,avg_time_s=0.074103,released_listeners=0,
start_task=,name=dogemm,tick=41,start_time=178470.470417,nthreads=87,
message=tick stats,tick=41,estimated_current_power=0.000000,
end_task=,name=dogemm,elapsed_seconds=0.071188,predicted_seconds=0.000000,time_percent_error=100.000000,nthreads=87,end_time=178470.542514,avg_power_W=163.000000,max_power_W=163.000000,avg_time_s=0.071188,released_listeners=0,
start_task=,name=dosyrk,tick=42,start_time=178470.542583,nthreads=87,
message=tick stats,tick=42,estimated_current_power=0.000000,
end_task=,name=dosyrk,elapsed_seconds=0.097646,predicted_seconds=0.000000,time_percent_error=100.000000,nthreads=87,end_time=178470.641076,avg_power_W=148.000000,max_power_W=155.000000,avg_time_s=0.097646,released_listeners=1,
start_task=,name=potrfprofile,tick=43,start_time=178470.641145,nthreads=87,
message=tick stats,tick=43,estimated_current_power=0.000000,
end_task=,name=potrfprofile,elapsed_seconds=0.560967,predicted_seconds=0.000000,time_percent_error=100.000000,nthreads=87,end_time=178471.216764,avg_power_W=155.916667,max_power_W=160.000000,avg_time_s=0.062330,released_listeners=1,
start_task=,name=dopotrf,tick=44,start_time=178471.216836,nthreads=87,
message=tick stats,tick=44,estimated_current_power=0.000000,
end_task=,name=dopotrf,elapsed_seconds=0.085755,predicted_seconds=0.000000,time_percent_error=100.000000,nthreads=87,end_time=178471.317087,avg_power_W=152.500000,max_power_W=159.000000,avg_time_s=0.085755,released_listeners=4,
start_task=,name=trsmprofile,tick=45,start_time=178471.317160,nthreads=87,
message=tick stats,tick=45,estimated_current_power=0.000000,
end_task=,name=trsmprofile,elapsed_seconds=0.530146,predicted_seconds=0.000000,time_percent_error=100.000000,nthreads=87,end_time=178471.848086,avg_power_W=162.800000,max_power_W=169.000000,avg_time_s=0.040780,released_listeners=1,
start_task=,name=trsmprofile,tick=46,start_time=178471.848162,nthreads=87,
message=tick stats,tick=46,estimated_current_power=0.000000,
end_task=,name=trsmprofile,elapsed_seconds=0.511554,predicted_seconds=0.000000,time_percent_error=100.000000,nthreads=87,end_time=178472.366710,avg_power_W=164.727273,max_power_W=169.000000,avg_time_s=0.042630,released_listeners=1,
start_task=,name=trsmprofile,tick=47,start_time=178472.366784,nthreads=87,
message=tick stats,tick=47,estimated_current_power=0.000000,
end_task=,name=trsmprofile,elapsed_seconds=0.539429,predicted_seconds=0.000000,time_percent_error=100.000000,nthreads=87,end_time=178472.916878,avg_power_W=163.909091,max_power_W=168.000000,avg_time_s=0.041495,released_listeners=1,
start_task=,name=trsmprofile,tick=48,start_time=178472.916951,nthreads=87,
message=tick stats,tick=48,estimated_current_power=0.000000,
end_task=,name=trsmprofile,elapsed_seconds=0.517843,predicted_seconds=0.000000,time_percent_error=100.000000,nthreads=87,end_time=178473.435671,avg_power_W=164.000000,max_power_W=168.000000,avg_time_s=0.043154,released_listeners=1,
start_task=,name=dotrsm,tick=49,start_time=178473.435742,nthreads=87,
message=tick stats,tick=49,estimated_current_power=0.000000,
end_task=,name=dotrsm,elapsed_seconds=0.043355,predicted_seconds=0.000000,time_percent_error=100.000000,nthreads=87,end_time=178473.480188,avg_power_W=165.000000,max_power_W=165.000000,avg_time_s=0.043355,released_listeners=4,
start_task=,name=dotrsm,tick=50,start_time=178473.480259,nthreads=87,
message=tick stats,tick=50,estimated_current_power=0.000000,
end_task=,name=dotrsm,elapsed_seconds=0.047723,predicted_seconds=0.000000,time_percent_error=100.000000,nthreads=87,end_time=178473.528923,avg_power_W=154.000000,max_power_W=154.000000,avg_time_s=0.047723,released_listeners=4,
start_task=,name=dotrsm,tick=51,start_time=178473.528994,nthreads=87,
message=tick stats,tick=51,estimated_current_power=0.000000,
end_task=,name=dotrsm,elapsed_seconds=0.048585,predicted_seconds=0.000000,time_percent_error=100.000000,nthreads=87,end_time=178473.578432,avg_power_W=159.000000,max_power_W=159.000000,avg_time_s=0.048585,released_listeners=4,
start_task=,name=dotrsm,tick=52,start_time=178473.578502,nthreads=87,
message=tick stats,tick=52,estimated_current_power=0.000000,
end_task=,name=dotrsm,elapsed_seconds=0.048279,predicted_seconds=0.000000,time_percent_error=100.000000,nthreads=87,end_time=178473.627673,avg_power_W=149.000000,max_power_W=149.000000,avg_time_s=0.048279,released_listeners=4,
start_task=,name=syrkprofile,tick=53,start_time=178473.627743,nthreads=87,
message=tick stats,tick=53,estimated_current_power=0.000000,
end_task=,name=syrkprofile,elapsed_seconds=0.550035,predicted_seconds=0.000000,time_percent_error=100.000000,nthreads=87,end_time=178474.179002,avg_power_W=159.909091,max_power_W=172.000000,avg_time_s=0.055004,released_listeners=1,
start_task=,name=gemmprofile,tick=54,start_time=178474.179076,nthreads=87,
message=tick stats,tick=54,estimated_current_power=0.000000,
end_task=,name=gemmprofile,elapsed_seconds=0.517686,predicted_seconds=0.000000,time_percent_error=100.000000,nthreads=87,end_time=178474.698231,avg_power_W=164.600000,max_power_W=175.000000,avg_time_s=0.047062,released_listeners=1,
start_task=,name=syrkprofile,tick=55,start_time=178474.698300,nthreads=87,
message=tick stats,tick=55,estimated_current_power=0.000000,
end_task=,name=syrkprofile,elapsed_seconds=0.551609,predicted_seconds=0.000000,time_percent_error=100.000000,nthreads=87,end_time=178475.266648,avg_power_W=164.000000,max_power_W=178.000000,avg_time_s=0.055161,released_listeners=1,
start_task=,name=gemmprofile,tick=56,start_time=178475.266721,nthreads=87,
message=tick stats,tick=56,estimated_current_power=0.000000,
end_task=,name=gemmprofile,elapsed_seconds=0.516962,predicted_seconds=0.000000,time_percent_error=100.000000,nthreads=87,end_time=178475.785159,avg_power_W=166.600000,max_power_W=177.000000,avg_time_s=0.046997,released_listeners=1,
start_task=,name=gemmprofile,tick=57,start_time=178475.785228,nthreads=87,
message=tick stats,tick=57,estimated_current_power=0.000000,
end_task=,name=gemmprofile,elapsed_seconds=0.506988,predicted_seconds=0.000000,time_percent_error=100.000000,nthreads=87,end_time=178476.293484,avg_power_W=165.300000,max_power_W=176.000000,avg_time_s=0.046090,released_listeners=1,
start_task=,name=syrkprofile,tick=58,start_time=178476.293553,nthreads=87,
message=tick stats,tick=58,estimated_current_power=0.000000,
end_task=,name=syrkprofile,elapsed_seconds=0.539963,predicted_seconds=0.000000,time_percent_error=100.000000,nthreads=87,end_time=178476.834426,avg_power_W=164.272727,max_power_W=176.000000,avg_time_s=0.053996,released_listeners=1,
start_task=,name=gemmprofile,tick=59,start_time=178476.834496,nthreads=87,
message=tick stats,tick=59,estimated_current_power=0.000000,
end_task=,name=gemmprofile,elapsed_seconds=0.549982,predicted_seconds=0.000000,time_percent_error=100.000000,nthreads=87,end_time=178477.385721,avg_power_W=166.636364,max_power_W=177.000000,avg_time_s=0.045832,released_listeners=1,
start_task=,name=gemmprofile,tick=60,start_time=178477.385791,nthreads=87,
message=tick stats,tick=60,estimated_current_power=0.000000,
end_task=,name=gemmprofile,elapsed_seconds=0.513634,predicted_seconds=0.000000,time_percent_error=100.000000,nthreads=87,end_time=178477.916759,avg_power_W=167.181818,max_power_W=176.000000,avg_time_s=0.046694,released_listeners=1,
start_task=,name=gemmprofile,tick=61,start_time=178477.916832,nthreads=87,
message=tick stats,tick=61,estimated_current_power=0.000000,
end_task=,name=gemmprofile,elapsed_seconds=0.538901,predicted_seconds=0.000000,time_percent_error=100.000000,nthreads=87,end_time=178478.467226,avg_power_W=165.454545,max_power_W=175.000000,avg_time_s=0.048991,released_listeners=1,
start_task=,name=syrkprofile,tick=62,start_time=178478.467301,nthreads=87,
message=tick stats,tick=62,estimated_current_power=0.000000,
end_task=,name=syrkprofile,elapsed_seconds=0.519310,predicted_seconds=0.000000,time_percent_error=100.000000,nthreads=87,end_time=178478.987680,avg_power_W=159.900000,max_power_W=170.000000,avg_time_s=0.057701,released_listeners=1,
start_task=,name=dosyrk,tick=63,start_time=178478.987750,nthreads=87,
message=tick stats,tick=63,estimated_current_power=0.000000,
end_task=,name=dosyrk,elapsed_seconds=0.099574,predicted_seconds=0.000000,time_percent_error=100.000000,nthreads=87,end_time=178479.088108,avg_power_W=155.500000,max_power_W=160.000000,avg_time_s=0.099574,released_listeners=1,
start_task=,name=dogemm,tick=64,start_time=178479.088178,nthreads=87,
message=tick stats,tick=64,estimated_current_power=0.000000,
end_task=,name=dogemm,elapsed_seconds=0.074274,predicted_seconds=0.000000,time_percent_error=100.000000,nthreads=87,end_time=178479.166589,avg_power_W=152.500000,max_power_W=158.000000,avg_time_s=0.074274,released_listeners=1,
start_task=,name=dosyrk,tick=65,start_time=178479.166662,nthreads=87,
message=tick stats,tick=65,estimated_current_power=0.000000,
end_task=,name=dosyrk,elapsed_seconds=0.096676,predicted_seconds=0.000000,time_percent_error=100.000000,nthreads=87,end_time=178479.266876,avg_power_W=154.000000,max_power_W=165.000000,avg_time_s=0.096676,released_listeners=1,
start_task=,name=dogemm,tick=66,start_time=178479.266949,nthreads=87,
message=tick stats,tick=66,estimated_current_power=0.000000,
end_task=,name=dogemm,elapsed_seconds=0.075993,predicted_seconds=0.000000,time_percent_error=100.000000,nthreads=87,end_time=178479.343755,avg_power_W=166.000000,max_power_W=166.000000,avg_time_s=0.075993,released_listeners=1,
start_task=,name=dogemm,tick=67,start_time=178479.343829,nthreads=87,
message=tick stats,tick=67,estimated_current_power=0.000000,
end_task=,name=dogemm,elapsed_seconds=0.076601,predicted_seconds=0.000000,time_percent_error=100.000000,nthreads=87,end_time=178479.421214,avg_power_W=146.000000,max_power_W=149.000000,avg_time_s=0.076601,released_listeners=0,
start_task=,name=dosyrk,tick=68,start_time=178479.421282,nthreads=87,
message=tick stats,tick=68,estimated_current_power=0.000000,
end_task=,name=dosyrk,elapsed_seconds=0.097634,predicted_seconds=0.000000,time_percent_error=100.000000,nthreads=87,end_time=178479.520199,avg_power_W=146.000000,max_power_W=150.000000,avg_time_s=0.097634,released_listeners=1,
start_task=,name=dogemm,tick=69,start_time=178479.520275,nthreads=87,
message=tick stats,tick=69,estimated_current_power=0.000000,
end_task=,name=dogemm,elapsed_seconds=0.074653,predicted_seconds=0.000000,time_percent_error=100.000000,nthreads=87,end_time=178479.595831,avg_power_W=166.000000,max_power_W=166.000000,avg_time_s=0.074653,released_listeners=1,
start_task=,name=dogemm,tick=70,start_time=178479.595901,nthreads=87,
message=tick stats,tick=70,estimated_current_power=0.000000,
end_task=,name=dogemm,elapsed_seconds=0.074894,predicted_seconds=0.000000,time_percent_error=100.000000,nthreads=87,end_time=178479.671664,avg_power_W=152.000000,max_power_W=162.000000,avg_time_s=0.074894,released_listeners=0,
start_task=,name=dogemm,tick=71,start_time=178479.671734,nthreads=87,
message=tick stats,tick=71,estimated_current_power=0.000000,
end_task=,name=dogemm,elapsed_seconds=0.076014,predicted_seconds=0.000000,time_percent_error=100.000000,nthreads=87,end_time=178479.748640,avg_power_W=167.000000,max_power_W=167.000000,avg_time_s=0.076014,released_listeners=0,
start_task=,name=dosyrk,tick=72,start_time=178479.748709,nthreads=87,
message=tick stats,tick=72,estimated_current_power=0.000000,
end_task=,name=dosyrk,elapsed_seconds=0.098131,predicted_seconds=0.000000,time_percent_error=100.000000,nthreads=87,end_time=178479.847741,avg_power_W=154.500000,max_power_W=162.000000,avg_time_s=0.098131,released_listeners=1,
start_task=,name=potrfprofile,tick=73,start_time=178479.847811,nthreads=87,
message=tick stats,tick=73,estimated_current_power=0.000000,
end_task=,name=potrfprofile,elapsed_seconds=0.523900,predicted_seconds=0.000000,time_percent_error=100.000000,nthreads=87,end_time=178480.372923,avg_power_W=157.727273,max_power_W=163.000000,avg_time_s=0.058211,released_listeners=1,
start_task=,name=dopotrf,tick=74,start_time=178480.372993,nthreads=87,
message=tick stats,tick=74,estimated_current_power=0.000000,
end_task=,name=dopotrf,elapsed_seconds=0.083089,predicted_seconds=0.000000,time_percent_error=100.000000,nthreads=87,end_time=178480.466243,avg_power_W=150.500000,max_power_W=155.000000,avg_time_s=0.083089,released_listeners=3,
start_task=,name=trsmprofile,tick=75,start_time=178480.466317,nthreads=87,
message=tick stats,tick=75,estimated_current_power=0.000000,
end_task=,name=trsmprofile,elapsed_seconds=0.530459,predicted_seconds=0.000000,time_percent_error=100.000000,nthreads=87,end_time=178480.998187,avg_power_W=163.000000,max_power_W=170.000000,avg_time_s=0.044205,released_listeners=1,
start_task=,name=trsmprofile,tick=76,start_time=178480.998258,nthreads=87,
message=tick stats,tick=76,estimated_current_power=0.000000,
end_task=,name=trsmprofile,elapsed_seconds=0.524213,predicted_seconds=0.000000,time_percent_error=100.000000,nthreads=87,end_time=178481.523364,avg_power_W=162.000000,max_power_W=168.000000,avg_time_s=0.047656,released_listeners=1,
start_task=,name=trsmprofile,tick=77,start_time=178481.523435,nthreads=87,
message=tick stats,tick=77,estimated_current_power=0.000000,
end_task=,name=trsmprofile,elapsed_seconds=0.515247,predicted_seconds=0.000000,time_percent_error=100.000000,nthreads=87,end_time=178482.040366,avg_power_W=161.200000,max_power_W=169.000000,avg_time_s=0.046841,released_listeners=1,
start_task=,name=dotrsm,tick=78,start_time=178482.040436,nthreads=87,
message=tick stats,tick=78,estimated_current_power=0.000000,
end_task=,name=dotrsm,elapsed_seconds=0.047047,predicted_seconds=0.000000,time_percent_error=100.000000,nthreads=87,end_time=178482.088493,avg_power_W=167.000000,max_power_W=167.000000,avg_time_s=0.047047,released_listeners=3,
start_task=,name=dotrsm,tick=79,start_time=178482.088564,nthreads=87,
message=tick stats,tick=79,estimated_current_power=0.000000,
end_task=,name=dotrsm,elapsed_seconds=0.047468,predicted_seconds=0.000000,time_percent_error=100.000000,nthreads=87,end_time=178482.136996,avg_power_W=152.000000,max_power_W=152.000000,avg_time_s=0.047468,released_listeners=3,
start_task=,name=dotrsm,tick=80,start_time=178482.137078,nthreads=87,
message=tick stats,tick=80,estimated_current_power=0.000000,
end_task=,name=dotrsm,elapsed_seconds=0.049546,predicted_seconds=0.000000,time_percent_error=100.000000,nthreads=87,end_time=178482.187602,avg_power_W=158.000000,max_power_W=158.000000,avg_time_s=0.049546,released_listeners=3,
start_task=,name=syrkprofile,tick=81,start_time=178482.187667,nthreads=87,
message=tick stats,tick=81,estimated_current_power=0.000000,
end_task=,name=syrkprofile,elapsed_seconds=0.544808,predicted_seconds=0.000000,time_percent_error=100.000000,nthreads=87,end_time=178482.734040,avg_power_W=161.727273,max_power_W=175.000000,avg_time_s=0.060534,released_listeners=1,
start_task=,name=gemmprofile,tick=82,start_time=178482.734110,nthreads=87,
message=tick stats,tick=82,estimated_current_power=0.000000,
end_task=,name=gemmprofile,elapsed_seconds=0.509407,predicted_seconds=0.000000,time_percent_error=100.000000,nthreads=87,end_time=178483.244371,avg_power_W=160.500000,max_power_W=171.000000,avg_time_s=0.050941,released_listeners=1,
start_task=,name=syrkprofile,tick=83,start_time=178483.244440,nthreads=87,
message=tick stats,tick=83,estimated_current_power=0.000000,
end_task=,name=syrkprofile,elapsed_seconds=0.530598,predicted_seconds=0.000000,time_percent_error=100.000000,nthreads=87,end_time=178483.776685,avg_power_W=166.636364,max_power_W=175.000000,avg_time_s=0.058955,released_listeners=1,
start_task=,name=gemmprofile,tick=84,start_time=178483.776758,nthreads=87,
message=tick stats,tick=84,estimated_current_power=0.000000,
end_task=,name=gemmprofile,elapsed_seconds=0.527516,predicted_seconds=0.000000,time_percent_error=100.000000,nthreads=87,end_time=178484.316171,avg_power_W=166.000000,max_power_W=177.000000,avg_time_s=0.047956,released_listeners=1,
start_task=,name=gemmprofile,tick=85,start_time=178484.316243,nthreads=87,
message=tick stats,tick=85,estimated_current_power=0.000000,
end_task=,name=gemmprofile,elapsed_seconds=0.546963,predicted_seconds=0.000000,time_percent_error=100.000000,nthreads=87,end_time=178484.866198,avg_power_W=162.818182,max_power_W=177.000000,avg_time_s=0.049724,released_listeners=1,
start_task=,name=syrkprofile,tick=86,start_time=178484.866271,nthreads=87,
message=tick stats,tick=86,estimated_current_power=0.000000,
end_task=,name=syrkprofile,elapsed_seconds=0.565271,predicted_seconds=0.000000,time_percent_error=100.000000,nthreads=87,end_time=178485.432337,avg_power_W=162.272727,max_power_W=175.000000,avg_time_s=0.056527,released_listeners=1,
start_task=,name=dosyrk,tick=87,start_time=178485.432406,nthreads=87,
message=tick stats,tick=87,estimated_current_power=0.000000,
end_task=,name=dosyrk,elapsed_seconds=0.096626,predicted_seconds=0.000000,time_percent_error=100.000000,nthreads=87,end_time=178485.529569,avg_power_W=152.000000,max_power_W=158.000000,avg_time_s=0.096626,released_listeners=1,
start_task=,name=dogemm,tick=88,start_time=178485.529639,nthreads=87,
message=tick stats,tick=88,estimated_current_power=0.000000,
end_task=,name=dogemm,elapsed_seconds=0.077842,predicted_seconds=0.000000,time_percent_error=100.000000,nthreads=87,end_time=178485.616341,avg_power_W=157.500000,max_power_W=166.000000,avg_time_s=0.077842,released_listeners=1,
start_task=,name=dosyrk,tick=89,start_time=178485.616415,nthreads=87,
message=tick stats,tick=89,estimated_current_power=0.000000,
end_task=,name=dosyrk,elapsed_seconds=0.102436,predicted_seconds=0.000000,time_percent_error=100.000000,nthreads=87,end_time=178485.719554,avg_power_W=156.500000,max_power_W=172.000000,avg_time_s=0.102436,released_listeners=1,
start_task=,name=dogemm,tick=90,start_time=178485.719624,nthreads=87,
message=tick stats,tick=90,estimated_current_power=0.000000,
end_task=,name=dogemm,elapsed_seconds=0.073954,predicted_seconds=0.000000,time_percent_error=100.000000,nthreads=87,end_time=178485.794370,avg_power_W=168.000000,max_power_W=168.000000,avg_time_s=0.073954,released_listeners=1,
start_task=,name=dogemm,tick=91,start_time=178485.794442,nthreads=87,
message=tick stats,tick=91,estimated_current_power=0.000000,
end_task=,name=dogemm,elapsed_seconds=0.071122,predicted_seconds=0.000000,time_percent_error=100.000000,nthreads=87,end_time=178485.866473,avg_power_W=154.500000,max_power_W=167.000000,avg_time_s=0.071122,released_listeners=0,
start_task=,name=dosyrk,tick=92,start_time=178485.866541,nthreads=87,
message=tick stats,tick=92,estimated_current_power=0.000000,
end_task=,name=dosyrk,elapsed_seconds=0.100978,predicted_seconds=0.000000,time_percent_error=100.000000,nthreads=87,end_time=178485.968376,avg_power_W=145.000000,max_power_W=151.000000,avg_time_s=0.100978,released_listeners=1,
start_task=,name=potrfprofile,tick=93,start_time=178485.968446,nthreads=87,
message=tick stats,tick=93,estimated_current_power=0.000000,
end_task=,name=potrfprofile,elapsed_seconds=0.523471,predicted_seconds=0.000000,time_percent_error=100.000000,nthreads=87,end_time=178486.492737,avg_power_W=155.300000,max_power_W=165.000000,avg_time_s=0.058163,released_listeners=1,
start_task=,name=dopotrf,tick=94,start_time=178486.492807,nthreads=87,
message=tick stats,tick=94,estimated_current_power=0.000000,
end_task=,name=dopotrf,elapsed_seconds=0.079407,predicted_seconds=0.000000,time_percent_error=100.000000,nthreads=87,end_time=178486.573738,avg_power_W=153.500000,max_power_W=154.000000,avg_time_s=0.079407,released_listeners=2,
start_task=,name=trsmprofile,tick=95,start_time=178486.573808,nthreads=87,
message=tick stats,tick=95,estimated_current_power=0.000000,
end_task=,name=trsmprofile,elapsed_seconds=0.514871,predicted_seconds=0.000000,time_percent_error=100.000000,nthreads=87,end_time=178487.089512,avg_power_W=160.200000,max_power_W=168.000000,avg_time_s=0.046806,released_listeners=1,
start_task=,name=trsmprofile,tick=96,start_time=178487.089582,nthreads=87,
message=tick stats,tick=96,estimated_current_power=0.000000,
end_task=,name=trsmprofile,elapsed_seconds=0.538723,predicted_seconds=0.000000,time_percent_error=100.000000,nthreads=87,end_time=178487.628960,avg_power_W=158.727273,max_power_W=169.000000,avg_time_s=0.048975,released_listeners=1,
start_task=,name=dotrsm,tick=97,start_time=178487.629038,nthreads=87,
message=tick stats,tick=97,estimated_current_power=0.000000,
end_task=,name=dotrsm,elapsed_seconds=0.050393,predicted_seconds=0.000000,time_percent_error=100.000000,nthreads=87,end_time=178487.679954,avg_power_W=152.000000,max_power_W=152.000000,avg_time_s=0.050393,released_listeners=2,
start_task=,name=dotrsm,tick=98,start_time=178487.680025,nthreads=87,
message=tick stats,tick=98,estimated_current_power=0.000000,
end_task=,name=dotrsm,elapsed_seconds=0.050995,predicted_seconds=0.000000,time_percent_error=100.000000,nthreads=87,end_time=178487.731647,avg_power_W=161.000000,max_power_W=161.000000,avg_time_s=0.050995,released_listeners=2,
start_task=,name=syrkprofile,tick=99,start_time=178487.731717,nthreads=87,
message=tick stats,tick=99,estimated_current_power=0.000000,
end_task=,name=syrkprofile,elapsed_seconds=0.532105,predicted_seconds=0.000000,time_percent_error=100.000000,nthreads=87,end_time=178488.266349,avg_power_W=161.454545,max_power_W=176.000000,avg_time_s=0.053210,released_listeners=1,
start_task=,name=gemmprofile,tick=100,start_time=178488.266423,nthreads=87,
message=tick stats,tick=100,estimated_current_power=0.000000,
end_task=,name=gemmprofile,elapsed_seconds=0.543583,predicted_seconds=0.000000,time_percent_error=100.000000,nthreads=87,end_time=178488.816218,avg_power_W=166.090909,max_power_W=176.000000,avg_time_s=0.049417,released_listeners=1,
start_task=,name=syrkprofile,tick=101,start_time=178488.816295,nthreads=87,
message=tick stats,tick=101,estimated_current_power=0.000000,
end_task=,name=syrkprofile,elapsed_seconds=0.539724,predicted_seconds=0.000000,time_percent_error=100.000000,nthreads=87,end_time=178489.366421,avg_power_W=164.090909,max_power_W=175.000000,avg_time_s=0.053972,released_listeners=1,
start_task=,name=dosyrk,tick=102,start_time=178489.366497,nthreads=87,
message=tick stats,tick=102,estimated_current_power=0.000000,
end_task=,name=dosyrk,elapsed_seconds=0.095021,predicted_seconds=0.000000,time_percent_error=100.000000,nthreads=87,end_time=178489.466200,avg_power_W=154.500000,max_power_W=167.000000,avg_time_s=0.095021,released_listeners=1,
start_task=,name=dogemm,tick=103,start_time=178489.466277,nthreads=87,
message=tick stats,tick=103,estimated_current_power=0.000000,
end_task=,name=dogemm,elapsed_seconds=0.073305,predicted_seconds=0.000000,time_percent_error=100.000000,nthreads=87,end_time=178489.540533,avg_power_W=161.000000,max_power_W=161.000000,avg_time_s=0.073305,released_listeners=1,
start_task=,name=dosyrk,tick=104,start_time=178489.540603,nthreads=87,
message=tick stats,tick=104,estimated_current_power=0.000000,
end_task=,name=dosyrk,elapsed_seconds=0.101213,predicted_seconds=0.000000,time_percent_error=100.000000,nthreads=87,end_time=178489.642516,avg_power_W=143.000000,max_power_W=145.000000,avg_time_s=0.101213,released_listeners=1,
start_task=,name=potrfprofile,tick=105,start_time=178489.642587,nthreads=87,
message=tick stats,tick=105,estimated_current_power=0.000000,
end_task=,name=potrfprofile,elapsed_seconds=0.547533,predicted_seconds=0.000000,time_percent_error=100.000000,nthreads=87,end_time=178490.191504,avg_power_W=155.363636,max_power_W=161.000000,avg_time_s=0.060837,released_listeners=1,
start_task=,name=dopotrf,tick=106,start_time=178490.191571,nthreads=87,
message=tick stats,tick=106,estimated_current_power=0.000000,
end_task=,name=dopotrf,elapsed_seconds=0.078551,predicted_seconds=0.000000,time_percent_error=100.000000,nthreads=87,end_time=178490.270935,avg_power_W=148.000000,max_power_W=153.000000,avg_time_s=0.078551,released_listeners=1,
start_task=,name=trsmprofile,tick=107,start_time=178490.271005,nthreads=87,
message=tick stats,tick=107,estimated_current_power=0.000000,
end_task=,name=trsmprofile,elapsed_seconds=0.543542,predicted_seconds=0.000000,time_percent_error=100.000000,nthreads=87,end_time=178490.816804,avg_power_W=160.363636,max_power_W=170.000000,avg_time_s=0.045295,released_listeners=1,
start_task=,name=dotrsm,tick=108,start_time=178490.816877,nthreads=87,
message=tick stats,tick=108,estimated_current_power=0.000000,
end_task=,name=dotrsm,elapsed_seconds=0.048044,predicted_seconds=0.000000,time_percent_error=100.000000,nthreads=87,end_time=178490.866304,avg_power_W=167.000000,max_power_W=167.000000,avg_time_s=0.048044,released_listeners=1,
start_task=,name=syrkprofile,tick=109,start_time=178490.866377,nthreads=87,
message=tick stats,tick=109,estimated_current_power=0.000000,
end_task=,name=syrkprofile,elapsed_seconds=0.513478,predicted_seconds=0.000000,time_percent_error=100.000000,nthreads=87,end_time=178491.380553,avg_power_W=157.100000,max_power_W=167.000000,avg_time_s=0.057053,released_listeners=1,
start_task=,name=dosyrk,tick=110,start_time=178491.380623,nthreads=87,
message=tick stats,tick=110,estimated_current_power=0.000000,
end_task=,name=dosyrk,elapsed_seconds=0.099673,predicted_seconds=0.000000,time_percent_error=100.000000,nthreads=87,end_time=178491.480956,avg_power_W=159.000000,max_power_W=170.000000,avg_time_s=0.099673,released_listeners=1,
start_task=,name=potrfprofile,tick=111,start_time=178491.481026,nthreads=87,
message=tick stats,tick=111,estimated_current_power=0.000000,
end_task=,name=potrfprofile,elapsed_seconds=0.549110,predicted_seconds=0.000000,time_percent_error=100.000000,nthreads=87,end_time=178492.031236,avg_power_W=155.818182,max_power_W=161.000000,avg_time_s=0.061012,released_listeners=1,
start_task=,name=dopotrf,tick=112,start_time=178492.031308,nthreads=87,
message=tick stats,tick=112,estimated_current_power=0.000000,
end_task=,name=dopotrf,elapsed_seconds=0.082752,predicted_seconds=0.000000,time_percent_error=100.000000,nthreads=87,end_time=178492.116497,avg_power_W=147.500000,max_power_W=155.000000,avg_time_s=0.082752,released_listeners=0,
est_max_power=0.000000,
average_power_W=147.500000,
max_power_W=155.000000,
time_s=34.467402,
message=ALL DONE,
