message=cataloging configuration,max_threads=3,power_limit=inf,
start_task=,name=getrfprofile,tick=1,start_time=165827.032173,nthreads=3,
message=tick stats,tick=1,estimated_current_power=0.000000,
end_task=,name=getrfprofile,elapsed_seconds=0.712745,predicted_seconds=0.000000,time_percent_error=100.000000,nthreads=3,end_time=165827.750548,avg_power_W=114.785714,max_power_W=116.000000,avg_time_s=0.712745,released_listeners=1,
start_task=,name=getrf,tick=2,start_time=165827.750595,nthreads=3,
message=tick stats,tick=2,estimated_current_power=16.100000,
end_task=,name=getrf,elapsed_seconds=0.525163,predicted_seconds=0.414062,time_percent_error=21.155541,nthreads=3,end_time=165828.276497,avg_power_W=115.700000,max_power_W=117.000000,avg_time_s=0.525163,released_listeners=10,
start_task=,name=trsm_leftprofile,tick=3,start_time=165828.276520,nthreads=3,
message=tick stats,tick=3,estimated_current_power=0.000000,
end_task=,name=trsm_leftprofile,elapsed_seconds=0.766141,predicted_seconds=0.000000,time_percent_error=100.000000,nthreads=3,end_time=165829.051089,avg_power_W=115.062500,max_power_W=119.000000,avg_time_s=0.383071,released_listeners=1,
start_task=,name=trsm_rightprofile,tick=4,start_time=165829.051136,nthreads=3,
message=tick stats,tick=4,estimated_current_power=0.000000,
end_task=,name=trsm_rightprofile,elapsed_seconds=0.544134,predicted_seconds=0.000000,time_percent_error=100.000000,nthreads=3,end_time=165829.600897,avg_power_W=116.090909,max_power_W=117.000000,avg_time_s=0.272067,released_listeners=1,
start_task=,name=trsm_leftprofile,tick=5,start_time=165829.600945,nthreads=3,
message=tick stats,tick=5,estimated_current_power=0.000000,
end_task=,name=trsm_leftprofile,elapsed_seconds=0.765613,predicted_seconds=0.000000,time_percent_error=100.000000,nthreads=3,end_time=165830.367311,avg_power_W=114.933333,max_power_W=117.000000,avg_time_s=0.382807,released_listeners=1,
start_task=,name=trsm_rightprofile,tick=6,start_time=165830.367349,nthreads=3,
message=tick stats,tick=6,estimated_current_power=0.000000,
end_task=,name=trsm_rightprofile,elapsed_seconds=0.544336,predicted_seconds=0.000000,time_percent_error=100.000000,nthreads=3,end_time=165830.912491,avg_power_W=115.818182,max_power_W=118.000000,avg_time_s=0.272168,released_listeners=1,
start_task=,name=trsm_rightprofile,tick=7,start_time=165830.912529,nthreads=3,
message=tick stats,tick=7,estimated_current_power=0.000000,
end_task=,name=trsm_rightprofile,elapsed_seconds=0.547133,predicted_seconds=0.000000,time_percent_error=100.000000,nthreads=3,end_time=165831.460322,avg_power_W=116.363636,max_power_W=117.000000,avg_time_s=0.273567,released_listeners=1,
start_task=,name=trsm_leftprofile,tick=8,start_time=165831.460360,nthreads=3,
message=tick stats,tick=8,estimated_current_power=0.000000,
end_task=,name=trsm_leftprofile,elapsed_seconds=0.764202,predicted_seconds=0.000000,time_percent_error=100.000000,nthreads=3,end_time=165832.225251,avg_power_W=115.133333,max_power_W=118.000000,avg_time_s=0.382101,released_listeners=1,
start_task=,name=trsm_rightprofile,tick=9,start_time=165832.225293,nthreads=3,
message=tick stats,tick=9,estimated_current_power=0.000000,
end_task=,name=trsm_rightprofile,elapsed_seconds=0.545076,predicted_seconds=0.000000,time_percent_error=100.000000,nthreads=3,end_time=165832.771247,avg_power_W=115.909091,max_power_W=117.000000,avg_time_s=0.272538,released_listeners=1,
start_task=,name=trsm_leftprofile,tick=10,start_time=165832.771285,nthreads=3,
message=tick stats,tick=10,estimated_current_power=0.000000,
end_task=,name=trsm_leftprofile,elapsed_seconds=0.763072,predicted_seconds=0.000000,time_percent_error=100.000000,nthreads=3,end_time=165833.551231,avg_power_W=115.625000,max_power_W=117.000000,avg_time_s=0.381536,released_listeners=1,
start_task=,name=trsm_leftprofile,tick=11,start_time=165833.551272,nthreads=3,
message=tick stats,tick=11,estimated_current_power=0.000000,
end_task=,name=trsm_leftprofile,elapsed_seconds=0.761245,predicted_seconds=0.000000,time_percent_error=100.000000,nthreads=3,end_time=165834.313200,avg_power_W=114.933333,max_power_W=116.000000,avg_time_s=0.380623,released_listeners=1,
start_task=,name=trsm_rightprofile,tick=12,start_time=165834.313272,nthreads=3,
message=tick stats,tick=12,estimated_current_power=0.000000,
end_task=,name=trsm_rightprofile,elapsed_seconds=0.546278,predicted_seconds=0.000000,time_percent_error=100.000000,nthreads=3,end_time=165834.860363,avg_power_W=116.090909,max_power_W=117.000000,avg_time_s=0.273139,released_listeners=1,
start_task=,name=trsm_left,tick=13,start_time=165834.860401,nthreads=3,
message=tick stats,tick=13,estimated_current_power=15.033333,
end_task=,name=trsm_left,elapsed_seconds=0.343493,predicted_seconds=0.277695,time_percent_error=19.155763,nthreads=3,end_time=165835.204553,avg_power_W=115.142857,max_power_W=116.000000,avg_time_s=0.343493,released_listeners=5,
start_task=,name=trsm_right,tick=14,start_time=165835.204600,nthreads=3,
message=tick stats,tick=14,estimated_current_power=15.833333,
end_task=,name=trsm_right,elapsed_seconds=0.223257,predicted_seconds=0.193795,time_percent_error=13.196396,nthreads=3,end_time=165835.428747,avg_power_W=115.750000,max_power_W=117.000000,avg_time_s=0.223257,released_listeners=5,
start_task=,name=trsm_left,tick=15,start_time=165835.428787,nthreads=3,
message=tick stats,tick=15,estimated_current_power=15.033333,
end_task=,name=trsm_left,elapsed_seconds=0.343340,predicted_seconds=0.277695,time_percent_error=19.119596,nthreads=3,end_time=165835.772940,avg_power_W=116.000000,max_power_W=118.000000,avg_time_s=0.343340,released_listeners=5,
start_task=,name=trsm_right,tick=16,start_time=165835.772980,nthreads=3,
message=tick stats,tick=16,estimated_current_power=15.833333,
end_task=,name=trsm_right,elapsed_seconds=0.224597,predicted_seconds=0.193795,time_percent_error=13.714233,nthreads=3,end_time=165836.001594,avg_power_W=115.800000,max_power_W=117.000000,avg_time_s=0.224597,released_listeners=5,
start_task=,name=trsm_right,tick=17,start_time=165836.001638,nthreads=3,
message=tick stats,tick=17,estimated_current_power=15.833333,
end_task=,name=trsm_right,elapsed_seconds=0.222614,predicted_seconds=0.193795,time_percent_error=12.945668,nthreads=3,end_time=165836.224990,avg_power_W=116.250000,max_power_W=117.000000,avg_time_s=0.222614,released_listeners=5,
start_task=,name=trsm_left,tick=18,start_time=165836.225030,nthreads=3,
message=tick stats,tick=18,estimated_current_power=15.033333,
end_task=,name=trsm_left,elapsed_seconds=0.342549,predicted_seconds=0.277695,time_percent_error=18.932870,nthreads=3,end_time=165836.568368,avg_power_W=115.857143,max_power_W=117.000000,avg_time_s=0.342549,released_listeners=5,
start_task=,name=trsm_right,tick=19,start_time=165836.568408,nthreads=3,
message=tick stats,tick=19,estimated_current_power=15.833333,
end_task=,name=trsm_right,elapsed_seconds=0.224224,predicted_seconds=0.193795,time_percent_error=13.570589,nthreads=3,end_time=165836.800741,avg_power_W=115.800000,max_power_W=116.000000,avg_time_s=0.224224,released_listeners=5,
start_task=,name=trsm_left,tick=20,start_time=165836.800785,nthreads=3,
message=tick stats,tick=20,estimated_current_power=15.033333,
end_task=,name=trsm_left,elapsed_seconds=0.341785,predicted_seconds=0.277695,time_percent_error=18.751795,nthreads=3,end_time=165837.150734,avg_power_W=114.714286,max_power_W=117.000000,avg_time_s=0.341785,released_listeners=5,
start_task=,name=trsm_left,tick=21,start_time=165837.150778,nthreads=3,
message=tick stats,tick=21,estimated_current_power=15.033333,
end_task=,name=trsm_left,elapsed_seconds=0.340899,predicted_seconds=0.277695,time_percent_error=18.540530,nthreads=3,end_time=165837.501029,avg_power_W=115.571429,max_power_W=117.000000,avg_time_s=0.340899,released_listeners=5,
start_task=,name=trsm_right,tick=22,start_time=165837.501075,nthreads=3,
message=tick stats,tick=22,estimated_current_power=15.833333,
end_task=,name=trsm_right,elapsed_seconds=0.222878,predicted_seconds=0.193795,time_percent_error=13.048483,nthreads=3,end_time=165837.724829,avg_power_W=116.000000,max_power_W=116.000000,avg_time_s=0.222878,released_listeners=5,
start_task=,name=lu_gemmprofile,tick=23,start_time=165837.724869,nthreads=3,
message=tick stats,tick=23,estimated_current_power=0.000000,
end_task=,name=lu_gemmprofile,elapsed_seconds=0.511599,predicted_seconds=0.000000,time_percent_error=100.000000,nthreads=3,end_time=165838.250914,avg_power_W=116.272727,max_power_W=117.000000,avg_time_s=0.511599,released_listeners=1,
start_task=,name=lu_gemmprofile,tick=24,start_time=165838.250955,nthreads=3,
message=tick stats,tick=24,estimated_current_power=0.000000,
end_task=,name=lu_gemmprofile,elapsed_seconds=0.963334,predicted_seconds=0.000000,time_percent_error=100.000000,nthreads=3,end_time=165839.214982,avg_power_W=116.000000,max_power_W=118.000000,avg_time_s=0.481667,released_listeners=1,
start_task=,name=lu_gemmprofile,tick=25,start_time=165839.215020,nthreads=3,
message=tick stats,tick=25,estimated_current_power=0.000000,
end_task=,name=lu_gemmprofile,elapsed_seconds=0.963891,predicted_seconds=0.000000,time_percent_error=100.000000,nthreads=3,end_time=165840.179580,avg_power_W=116.000000,max_power_W=117.000000,avg_time_s=0.481946,released_listeners=1,
start_task=,name=lu_gemmprofile,tick=26,start_time=165840.179618,nthreads=3,
message=tick stats,tick=26,estimated_current_power=0.000000,
end_task=,name=lu_gemmprofile,elapsed_seconds=0.966860,predicted_seconds=0.000000,time_percent_error=100.000000,nthreads=3,end_time=165841.151305,avg_power_W=116.200000,max_power_W=118.000000,avg_time_s=0.483430,released_listeners=1,
start_task=,name=lu_gemmprofile,tick=27,start_time=165841.151346,nthreads=3,
message=tick stats,tick=27,estimated_current_power=0.000000,
end_task=,name=lu_gemmprofile,elapsed_seconds=0.963716,predicted_seconds=0.000000,time_percent_error=100.000000,nthreads=3,end_time=165842.115889,avg_power_W=116.000000,max_power_W=118.000000,avg_time_s=0.481858,released_listeners=1,
start_task=,name=lu_gemmprofile,tick=28,start_time=165842.115927,nthreads=3,
message=tick stats,tick=28,estimated_current_power=0.000000,
end_task=,name=lu_gemmprofile,elapsed_seconds=0.966130,predicted_seconds=0.000000,time_percent_error=100.000000,nthreads=3,end_time=165843.100653,avg_power_W=115.800000,max_power_W=117.000000,avg_time_s=0.483065,released_listeners=1,
start_task=,name=lu_gemmprofile,tick=29,start_time=165843.100697,nthreads=3,
message=tick stats,tick=29,estimated_current_power=0.000000,
end_task=,name=lu_gemmprofile,elapsed_seconds=0.963033,predicted_seconds=0.000000,time_percent_error=100.000000,nthreads=3,end_time=165844.064595,avg_power_W=115.631579,max_power_W=117.000000,avg_time_s=0.481516,released_listeners=1,
start_task=,name=lu_gemmprofile,tick=30,start_time=165844.064634,nthreads=3,
message=tick stats,tick=30,estimated_current_power=0.000000,
end_task=,name=lu_gemmprofile,elapsed_seconds=0.964800,predicted_seconds=0.000000,time_percent_error=100.000000,nthreads=3,end_time=165845.030320,avg_power_W=116.105263,max_power_W=117.000000,avg_time_s=0.482400,released_listeners=1,
start_task=,name=lu_gemmprofile,tick=31,start_time=165845.030359,nthreads=3,
message=tick stats,tick=31,estimated_current_power=0.000000,
end_task=,name=lu_gemmprofile,elapsed_seconds=0.964663,predicted_seconds=0.000000,time_percent_error=100.000000,nthreads=3,end_time=165846.000318,avg_power_W=116.150000,max_power_W=117.000000,avg_time_s=0.482332,released_listeners=1,
start_task=,name=lu_gemmprofile,tick=32,start_time=165846.000355,nthreads=3,
message=tick stats,tick=32,estimated_current_power=0.000000,
end_task=,name=lu_gemmprofile,elapsed_seconds=0.965171,predicted_seconds=0.000000,time_percent_error=100.000000,nthreads=3,end_time=165846.966355,avg_power_W=116.052632,max_power_W=117.000000,avg_time_s=0.482585,released_listeners=1,
start_task=,name=lu_gemmprofile,tick=33,start_time=165846.966394,nthreads=3,
message=tick stats,tick=33,estimated_current_power=0.000000,
end_task=,name=lu_gemmprofile,elapsed_seconds=0.965654,predicted_seconds=0.000000,time_percent_error=100.000000,nthreads=3,end_time=165847.951174,avg_power_W=116.150000,max_power_W=118.000000,avg_time_s=0.482827,released_listeners=1,
start_task=,name=lu_gemmprofile,tick=34,start_time=165847.951216,nthreads=3,
message=tick stats,tick=34,estimated_current_power=0.000000,
end_task=,name=lu_gemmprofile,elapsed_seconds=0.967197,predicted_seconds=0.000000,time_percent_error=100.000000,nthreads=3,end_time=165848.919934,avg_power_W=116.052632,max_power_W=117.000000,avg_time_s=0.483599,released_listeners=1,
start_task=,name=lu_gemmprofile,tick=35,start_time=165848.919975,nthreads=3,
message=tick stats,tick=35,estimated_current_power=0.000000,
end_task=,name=lu_gemmprofile,elapsed_seconds=0.963537,predicted_seconds=0.000000,time_percent_error=100.000000,nthreads=3,end_time=165849.900099,avg_power_W=116.250000,max_power_W=117.000000,avg_time_s=0.481769,released_listeners=1,
start_task=,name=lu_gemmprofile,tick=36,start_time=165849.900151,nthreads=3,
message=tick stats,tick=36,estimated_current_power=0.000000,
end_task=,name=lu_gemmprofile,elapsed_seconds=0.960496,predicted_seconds=0.000000,time_percent_error=100.000000,nthreads=3,end_time=165850.861310,avg_power_W=116.421053,max_power_W=117.000000,avg_time_s=0.480248,released_listeners=1,
start_task=,name=lu_gemmprofile,tick=37,start_time=165850.861348,nthreads=3,
message=tick stats,tick=37,estimated_current_power=0.000000,
end_task=,name=lu_gemmprofile,elapsed_seconds=0.961734,predicted_seconds=0.000000,time_percent_error=100.000000,nthreads=3,end_time=165851.823708,avg_power_W=115.894737,max_power_W=117.000000,avg_time_s=0.480867,released_listeners=1,
start_task=,name=lu_gemmprofile,tick=38,start_time=165851.823747,nthreads=3,
message=tick stats,tick=38,estimated_current_power=0.000000,
end_task=,name=lu_gemmprofile,elapsed_seconds=0.962956,predicted_seconds=0.000000,time_percent_error=100.000000,nthreads=3,end_time=165852.800498,avg_power_W=116.300000,max_power_W=118.000000,avg_time_s=0.481478,released_listeners=1,
start_task=,name=lu_gemmprofile,tick=39,start_time=165852.800540,nthreads=3,
message=tick stats,tick=39,estimated_current_power=0.000000,
end_task=,name=lu_gemmprofile,elapsed_seconds=0.961490,predicted_seconds=0.000000,time_percent_error=100.000000,nthreads=3,end_time=165853.762619,avg_power_W=115.947368,max_power_W=117.000000,avg_time_s=0.480745,released_listeners=1,
start_task=,name=lu_gemmprofile,tick=40,start_time=165853.762657,nthreads=3,
message=tick stats,tick=40,estimated_current_power=0.000000,
end_task=,name=lu_gemmprofile,elapsed_seconds=0.962398,predicted_seconds=0.000000,time_percent_error=100.000000,nthreads=3,end_time=165854.725645,avg_power_W=115.789474,max_power_W=117.000000,avg_time_s=0.481199,released_listeners=1,
start_task=,name=lu_gemmprofile,tick=41,start_time=165854.725684,nthreads=3,
message=tick stats,tick=41,estimated_current_power=0.000000,
end_task=,name=lu_gemmprofile,elapsed_seconds=0.960852,predicted_seconds=0.000000,time_percent_error=100.000000,nthreads=3,end_time=165855.700602,avg_power_W=115.900000,max_power_W=117.000000,avg_time_s=0.480426,released_listeners=1,
start_task=,name=lu_gemmprofile,tick=42,start_time=165855.700643,nthreads=3,
message=tick stats,tick=42,estimated_current_power=0.000000,
end_task=,name=lu_gemmprofile,elapsed_seconds=0.961966,predicted_seconds=0.000000,time_percent_error=100.000000,nthreads=3,end_time=165856.663202,avg_power_W=116.315789,max_power_W=119.000000,avg_time_s=0.480983,released_listeners=1,
start_task=,name=lu_gemmprofile,tick=43,start_time=165856.663241,nthreads=3,
message=tick stats,tick=43,estimated_current_power=0.000000,
end_task=,name=lu_gemmprofile,elapsed_seconds=0.965577,predicted_seconds=0.000000,time_percent_error=100.000000,nthreads=3,end_time=165857.629494,avg_power_W=116.157895,max_power_W=121.000000,avg_time_s=0.482788,released_listeners=1,
start_task=,name=lu_gemmprofile,tick=44,start_time=165857.629533,nthreads=3,
message=tick stats,tick=44,estimated_current_power=0.000000,
end_task=,name=lu_gemmprofile,elapsed_seconds=0.963659,predicted_seconds=0.000000,time_percent_error=100.000000,nthreads=3,end_time=165858.600798,avg_power_W=116.350000,max_power_W=118.000000,avg_time_s=0.481830,released_listeners=1,
start_task=,name=lu_gemmprofile,tick=45,start_time=165858.600840,nthreads=3,
message=tick stats,tick=45,estimated_current_power=0.000000,
end_task=,name=lu_gemmprofile,elapsed_seconds=0.964557,predicted_seconds=0.000000,time_percent_error=100.000000,nthreads=3,end_time=165859.566922,avg_power_W=115.894737,max_power_W=117.000000,avg_time_s=0.482279,released_listeners=1,
start_task=,name=lu_gemmprofile,tick=46,start_time=165859.566960,nthreads=3,
message=tick stats,tick=46,estimated_current_power=0.000000,
end_task=,name=lu_gemmprofile,elapsed_seconds=0.965276,predicted_seconds=0.000000,time_percent_error=100.000000,nthreads=3,end_time=165860.550869,avg_power_W=115.900000,max_power_W=117.000000,avg_time_s=0.482638,released_listeners=1,
start_task=,name=lu_gemmprofile,tick=47,start_time=165860.550916,nthreads=3,
message=tick stats,tick=47,estimated_current_power=0.000000,
end_task=,name=lu_gemmprofile,elapsed_seconds=0.960070,predicted_seconds=0.000000,time_percent_error=100.000000,nthreads=3,end_time=165861.512752,avg_power_W=115.894737,max_power_W=117.000000,avg_time_s=0.480035,released_listeners=1,
start_task=,name=lu_gemm,tick=48,start_time=165861.512791,nthreads=3,
message=tick stats,tick=48,estimated_current_power=16.136364,
end_task=,name=lu_gemm,elapsed_seconds=0.473172,predicted_seconds=0.354475,time_percent_error=25.085269,nthreads=3,end_time=165862.000321,avg_power_W=116.200000,max_power_W=117.000000,avg_time_s=0.473172,released_listeners=1,
start_task=,name=lu_gemm,tick=49,start_time=165862.000365,nthreads=3,
message=tick stats,tick=49,estimated_current_power=16.136364,
end_task=,name=lu_gemm,elapsed_seconds=0.470440,predicted_seconds=0.354475,time_percent_error=24.650276,nthreads=3,end_time=165862.472381,avg_power_W=116.000000,max_power_W=117.000000,avg_time_s=0.470440,released_listeners=0,
start_task=,name=lu_gemm,tick=50,start_time=165862.472420,nthreads=3,
message=tick stats,tick=50,estimated_current_power=16.136364,
end_task=,name=lu_gemm,elapsed_seconds=0.473507,predicted_seconds=0.354475,time_percent_error=25.138283,nthreads=3,end_time=165862.950382,avg_power_W=115.800000,max_power_W=116.000000,avg_time_s=0.473507,released_listeners=1,
start_task=,name=lu_gemm,tick=51,start_time=165862.950425,nthreads=3,
message=tick stats,tick=51,estimated_current_power=16.136364,
end_task=,name=lu_gemm,elapsed_seconds=0.472075,predicted_seconds=0.354475,time_percent_error=24.911183,nthreads=3,end_time=165863.423164,avg_power_W=116.000000,max_power_W=117.000000,avg_time_s=0.472075,released_listeners=0,
start_task=,name=lu_gemm,tick=52,start_time=165863.423203,nthreads=3,
message=tick stats,tick=52,estimated_current_power=16.136364,
end_task=,name=lu_gemm,elapsed_seconds=0.472911,predicted_seconds=0.354475,time_percent_error=25.043980,nthreads=3,end_time=165863.900514,avg_power_W=115.900000,max_power_W=117.000000,avg_time_s=0.472911,released_listeners=1,
start_task=,name=lu_gemm,tick=53,start_time=165863.900556,nthreads=3,
message=tick stats,tick=53,estimated_current_power=16.136364,
end_task=,name=lu_gemm,elapsed_seconds=0.472238,predicted_seconds=0.354475,time_percent_error=24.937230,nthreads=3,end_time=165864.374066,avg_power_W=116.111111,max_power_W=117.000000,avg_time_s=0.472238,released_listeners=1,
start_task=,name=lu_gemm,tick=54,start_time=165864.374106,nthreads=3,
message=tick stats,tick=54,estimated_current_power=16.136364,
end_task=,name=lu_gemm,elapsed_seconds=0.473825,predicted_seconds=0.354475,time_percent_error=25.188648,nthreads=3,end_time=165864.852265,avg_power_W=115.400000,max_power_W=116.000000,avg_time_s=0.473825,released_listeners=1,
start_task=,name=lu_gemm,tick=55,start_time=165864.852308,nthreads=3,
message=tick stats,tick=55,estimated_current_power=16.136364,
end_task=,name=lu_gemm,elapsed_seconds=0.470713,predicted_seconds=0.354475,time_percent_error=24.693926,nthreads=3,end_time=165865.323838,avg_power_W=116.111111,max_power_W=117.000000,avg_time_s=0.470713,released_listeners=0,
start_task=,name=lu_gemm,tick=56,start_time=165865.323876,nthreads=3,
message=tick stats,tick=56,estimated_current_power=16.136364,
end_task=,name=lu_gemm,elapsed_seconds=0.473951,predicted_seconds=0.354475,time_percent_error=25.208404,nthreads=3,end_time=165865.801915,avg_power_W=115.700000,max_power_W=116.000000,avg_time_s=0.473951,released_listeners=0,
start_task=,name=lu_gemm,tick=57,start_time=165865.801969,nthreads=3,
message=tick stats,tick=57,estimated_current_power=16.136364,
end_task=,name=lu_gemm,elapsed_seconds=0.473323,predicted_seconds=0.354475,time_percent_error=25.109227,nthreads=3,end_time=165866.276615,avg_power_W=116.222222,max_power_W=119.000000,avg_time_s=0.473323,released_listeners=1,
start_task=,name=lu_gemm,tick=58,start_time=165866.276654,nthreads=3,
message=tick stats,tick=58,estimated_current_power=16.136364,
end_task=,name=lu_gemm,elapsed_seconds=0.473508,predicted_seconds=0.354475,time_percent_error=25.138553,nthreads=3,end_time=165866.750869,avg_power_W=116.100000,max_power_W=119.000000,avg_time_s=0.473508,released_listeners=0,
start_task=,name=lu_gemm,tick=59,start_time=165866.750907,nthreads=3,
message=tick stats,tick=59,estimated_current_power=16.136364,
end_task=,name=lu_gemm,elapsed_seconds=0.473964,predicted_seconds=0.354475,time_percent_error=25.210477,nthreads=3,end_time=165867.225519,avg_power_W=116.000000,max_power_W=117.000000,avg_time_s=0.473964,released_listeners=0,
start_task=,name=lu_gemm,tick=60,start_time=165867.225558,nthreads=3,
message=tick stats,tick=60,estimated_current_power=16.136364,
end_task=,name=lu_gemm,elapsed_seconds=0.473370,predicted_seconds=0.354475,time_percent_error=25.116703,nthreads=3,end_time=165867.700348,avg_power_W=115.700000,max_power_W=118.000000,avg_time_s=0.473370,released_listeners=1,
start_task=,name=lu_gemm,tick=61,start_time=165867.700390,nthreads=3,
message=tick stats,tick=61,estimated_current_power=16.136364,
end_task=,name=lu_gemm,elapsed_seconds=0.473894,predicted_seconds=0.354475,time_percent_error=25.199531,nthreads=3,end_time=165868.174983,avg_power_W=115.666667,max_power_W=116.000000,avg_time_s=0.473894,released_listeners=0,
start_task=,name=lu_gemm,tick=62,start_time=165868.175021,nthreads=3,
message=tick stats,tick=62,estimated_current_power=16.136364,
end_task=,name=lu_gemm,elapsed_seconds=0.474050,predicted_seconds=0.354475,time_percent_error=25.224138,nthreads=3,end_time=165868.651387,avg_power_W=116.200000,max_power_W=118.000000,avg_time_s=0.474050,released_listeners=0,
start_task=,name=lu_gemm,tick=63,start_time=165868.651428,nthreads=3,
message=tick stats,tick=63,estimated_current_power=16.136364,
end_task=,name=lu_gemm,elapsed_seconds=0.473101,predicted_seconds=0.354475,time_percent_error=25.074076,nthreads=3,end_time=165869.125254,avg_power_W=116.000000,max_power_W=116.000000,avg_time_s=0.473101,released_listeners=0,
start_task=,name=lu_gemm,tick=64,start_time=165869.125292,nthreads=3,
message=tick stats,tick=64,estimated_current_power=16.136364,
end_task=,name=lu_gemm,elapsed_seconds=0.474935,predicted_seconds=0.354475,time_percent_error=25.363467,nthreads=3,end_time=165869.601544,avg_power_W=116.000000,max_power_W=117.000000,avg_time_s=0.474935,released_listeners=1,
start_task=,name=lu_gemm,tick=65,start_time=165869.601583,nthreads=3,
message=tick stats,tick=65,estimated_current_power=16.136364,
end_task=,name=lu_gemm,elapsed_seconds=0.473846,predicted_seconds=0.354475,time_percent_error=25.191937,nthreads=3,end_time=165870.076296,avg_power_W=115.888889,max_power_W=116.000000,avg_time_s=0.473846,released_listeners=0,
start_task=,name=lu_gemm,tick=66,start_time=165870.076334,nthreads=3,
message=tick stats,tick=66,estimated_current_power=16.136364,
end_task=,name=lu_gemm,elapsed_seconds=0.471964,predicted_seconds=0.354475,time_percent_error=24.893548,nthreads=3,end_time=165870.552726,avg_power_W=116.000000,max_power_W=116.000000,avg_time_s=0.471964,released_listeners=0,
start_task=,name=lu_gemm,tick=67,start_time=165870.552767,nthreads=3,
message=tick stats,tick=67,estimated_current_power=16.136364,
end_task=,name=lu_gemm,elapsed_seconds=0.471741,predicted_seconds=0.354475,time_percent_error=24.858070,nthreads=3,end_time=165871.025713,avg_power_W=116.000000,max_power_W=116.000000,avg_time_s=0.471741,released_listeners=0,
start_task=,name=lu_gemm,tick=68,start_time=165871.025761,nthreads=3,
message=tick stats,tick=68,estimated_current_power=16.136364,
end_task=,name=lu_gemm,elapsed_seconds=0.473270,predicted_seconds=0.354475,time_percent_error=25.100784,nthreads=3,end_time=165871.501645,avg_power_W=116.100000,max_power_W=117.000000,avg_time_s=0.473270,released_listeners=1,
start_task=,name=lu_gemm,tick=69,start_time=165871.501688,nthreads=3,
message=tick stats,tick=69,estimated_current_power=16.136364,
end_task=,name=lu_gemm,elapsed_seconds=0.474522,predicted_seconds=0.354475,time_percent_error=25.298470,nthreads=3,end_time=165871.977319,avg_power_W=116.111111,max_power_W=117.000000,avg_time_s=0.474522,released_listeners=0,
start_task=,name=lu_gemm,tick=70,start_time=165871.977357,nthreads=3,
message=tick stats,tick=70,estimated_current_power=16.136364,
end_task=,name=lu_gemm,elapsed_seconds=0.474466,predicted_seconds=0.354475,time_percent_error=25.289693,nthreads=3,end_time=165872.452511,avg_power_W=116.200000,max_power_W=117.000000,avg_time_s=0.474466,released_listeners=0,
start_task=,name=lu_gemm,tick=71,start_time=165872.452548,nthreads=3,
message=tick stats,tick=71,estimated_current_power=16.136364,
end_task=,name=lu_gemm,elapsed_seconds=0.472957,predicted_seconds=0.354475,time_percent_error=25.051318,nthreads=3,end_time=165872.926686,avg_power_W=115.333333,max_power_W=116.000000,avg_time_s=0.472957,released_listeners=0,
start_task=,name=lu_gemm,tick=72,start_time=165872.926724,nthreads=3,
message=tick stats,tick=72,estimated_current_power=16.136364,
end_task=,name=lu_gemm,elapsed_seconds=0.473781,predicted_seconds=0.354475,time_percent_error=25.181572,nthreads=3,end_time=165873.401713,avg_power_W=115.800000,max_power_W=117.000000,avg_time_s=0.473781,released_listeners=0,
start_task=,name=getrfprofile,tick=73,start_time=165873.401751,nthreads=3,
message=tick stats,tick=73,estimated_current_power=0.000000,
end_task=,name=getrfprofile,elapsed_seconds=0.529210,predicted_seconds=0.000000,time_percent_error=100.000000,nthreads=3,end_time=165873.931768,avg_power_W=116.100000,max_power_W=117.000000,avg_time_s=0.529210,released_listeners=1,
start_task=,name=getrf,tick=74,start_time=165873.931806,nthreads=3,
message=tick stats,tick=74,estimated_current_power=16.100000,
end_task=,name=getrf,elapsed_seconds=0.524046,predicted_seconds=0.414062,time_percent_error=20.987556,nthreads=3,end_time=165874.456512,avg_power_W=115.636364,max_power_W=116.000000,avg_time_s=0.524046,released_listeners=8,
start_task=,name=trsm_leftprofile,tick=75,start_time=165874.456553,nthreads=3,
message=tick stats,tick=75,estimated_current_power=0.000000,
end_task=,name=trsm_leftprofile,elapsed_seconds=0.757016,predicted_seconds=0.000000,time_percent_error=100.000000,nthreads=3,end_time=165875.214254,avg_power_W=115.400000,max_power_W=116.000000,avg_time_s=0.378508,released_listeners=1,
start_task=,name=trsm_rightprofile,tick=76,start_time=165875.214292,nthreads=3,
message=tick stats,tick=76,estimated_current_power=0.000000,
end_task=,name=trsm_rightprofile,elapsed_seconds=0.521413,predicted_seconds=0.000000,time_percent_error=100.000000,nthreads=3,end_time=165875.750505,avg_power_W=116.000000,max_power_W=117.000000,avg_time_s=0.260706,released_listeners=1,
start_task=,name=trsm_leftprofile,tick=77,start_time=165875.750547,nthreads=3,
message=tick stats,tick=77,estimated_current_power=0.000000,
end_task=,name=trsm_leftprofile,elapsed_seconds=0.756371,predicted_seconds=0.000000,time_percent_error=100.000000,nthreads=3,end_time=165876.507628,avg_power_W=115.266667,max_power_W=117.000000,avg_time_s=0.378186,released_listeners=1,
start_task=,name=trsm_rightprofile,tick=78,start_time=165876.507669,nthreads=3,
message=tick stats,tick=78,estimated_current_power=0.000000,
end_task=,name=trsm_rightprofile,elapsed_seconds=0.522056,predicted_seconds=0.000000,time_percent_error=100.000000,nthreads=3,end_time=165877.030661,avg_power_W=116.200000,max_power_W=117.000000,avg_time_s=0.261028,released_listeners=1,
start_task=,name=trsm_leftprofile,tick=79,start_time=165877.030700,nthreads=3,
message=tick stats,tick=79,estimated_current_power=0.000000,
end_task=,name=trsm_leftprofile,elapsed_seconds=0.756408,predicted_seconds=0.000000,time_percent_error=100.000000,nthreads=3,end_time=165877.800967,avg_power_W=115.500000,max_power_W=117.000000,avg_time_s=0.378204,released_listeners=1,
start_task=,name=trsm_rightprofile,tick=80,start_time=165877.801008,nthreads=3,
message=tick stats,tick=80,estimated_current_power=0.000000,
end_task=,name=trsm_rightprofile,elapsed_seconds=0.521098,predicted_seconds=0.000000,time_percent_error=100.000000,nthreads=3,end_time=165878.322808,avg_power_W=116.000000,max_power_W=118.000000,avg_time_s=0.260549,released_listeners=1,
start_task=,name=trsm_leftprofile,tick=81,start_time=165878.322846,nthreads=3,
message=tick stats,tick=81,estimated_current_power=0.000000,
end_task=,name=trsm_leftprofile,elapsed_seconds=0.756944,predicted_seconds=0.000000,time_percent_error=100.000000,nthreads=3,end_time=165879.080606,avg_power_W=115.133333,max_power_W=118.000000,avg_time_s=0.378472,released_listeners=1,
start_task=,name=trsm_rightprofile,tick=82,start_time=165879.080644,nthreads=3,
message=tick stats,tick=82,estimated_current_power=0.000000,
end_task=,name=trsm_rightprofile,elapsed_seconds=0.523041,predicted_seconds=0.000000,time_percent_error=100.000000,nthreads=3,end_time=165879.604393,avg_power_W=116.363636,max_power_W=118.000000,avg_time_s=0.261521,released_listeners=1,
start_task=,name=trsm_left,tick=83,start_time=165879.604431,nthreads=3,
message=tick stats,tick=83,estimated_current_power=15.033333,
end_task=,name=trsm_left,elapsed_seconds=0.342939,predicted_seconds=0.277695,time_percent_error=19.025131,nthreads=3,end_time=165879.952056,avg_power_W=116.000000,max_power_W=118.000000,avg_time_s=0.342939,released_listeners=4,
start_task=,name=trsm_right,tick=84,start_time=165879.952102,nthreads=3,
message=tick stats,tick=84,estimated_current_power=15.833333,
end_task=,name=trsm_right,elapsed_seconds=0.222646,predicted_seconds=0.193795,time_percent_error=12.958004,nthreads=3,end_time=165880.175994,avg_power_W=114.750000,max_power_W=116.000000,avg_time_s=0.222646,released_listeners=4,
start_task=,name=trsm_left,tick=85,start_time=165880.176035,nthreads=3,
message=tick stats,tick=85,estimated_current_power=15.033333,
end_task=,name=trsm_left,elapsed_seconds=0.344307,predicted_seconds=0.277695,time_percent_error=19.346783,nthreads=3,end_time=165880.521254,avg_power_W=116.000000,max_power_W=117.000000,avg_time_s=0.344307,released_listeners=4,
start_task=,name=trsm_right,tick=86,start_time=165880.521297,nthreads=3,
message=tick stats,tick=86,estimated_current_power=15.833333,
end_task=,name=trsm_right,elapsed_seconds=0.226507,predicted_seconds=0.193795,time_percent_error=14.441591,nthreads=3,end_time=165880.751733,avg_power_W=116.000000,max_power_W=117.000000,avg_time_s=0.226507,released_listeners=4,
start_task=,name=trsm_left,tick=87,start_time=165880.751776,nthreads=3,
message=tick stats,tick=87,estimated_current_power=15.033333,
end_task=,name=trsm_left,elapsed_seconds=0.342472,predicted_seconds=0.277695,time_percent_error=18.914697,nthreads=3,end_time=165881.101074,avg_power_W=115.428571,max_power_W=118.000000,avg_time_s=0.342472,released_listeners=4,
start_task=,name=trsm_right,tick=88,start_time=165881.101117,nthreads=3,
message=tick stats,tick=88,estimated_current_power=15.833333,
end_task=,name=trsm_right,elapsed_seconds=0.223072,predicted_seconds=0.193795,time_percent_error=13.124230,nthreads=3,end_time=165881.324942,avg_power_W=115.250000,max_power_W=116.000000,avg_time_s=0.223072,released_listeners=4,
start_task=,name=trsm_left,tick=89,start_time=165881.324982,nthreads=3,
message=tick stats,tick=89,estimated_current_power=15.033333,
end_task=,name=trsm_left,elapsed_seconds=0.342273,predicted_seconds=0.277695,time_percent_error=18.867425,nthreads=3,end_time=165881.668026,avg_power_W=116.142857,max_power_W=117.000000,avg_time_s=0.342273,released_listeners=4,
start_task=,name=trsm_right,tick=90,start_time=165881.668074,nthreads=3,
message=tick stats,tick=90,estimated_current_power=15.833333,
end_task=,name=trsm_right,elapsed_seconds=0.225475,predicted_seconds=0.193795,time_percent_error=14.050095,nthreads=3,end_time=165881.900903,avg_power_W=115.400000,max_power_W=117.000000,avg_time_s=0.225475,released_listeners=4,
start_task=,name=lu_gemmprofile,tick=91,start_time=165881.900945,nthreads=3,
message=tick stats,tick=91,estimated_current_power=0.000000,
end_task=,name=lu_gemmprofile,elapsed_seconds=0.957182,predicted_seconds=0.000000,time_percent_error=100.000000,nthreads=3,end_time=165882.859253,avg_power_W=116.631579,max_power_W=120.000000,avg_time_s=0.478591,released_listeners=1,
start_task=,name=lu_gemmprofile,tick=92,start_time=165882.859292,nthreads=3,
message=tick stats,tick=92,estimated_current_power=0.000000,
end_task=,name=lu_gemmprofile,elapsed_seconds=0.959366,predicted_seconds=0.000000,time_percent_error=100.000000,nthreads=3,end_time=165883.819457,avg_power_W=116.315789,max_power_W=117.000000,avg_time_s=0.479683,released_listeners=1,
start_task=,name=lu_gemmprofile,tick=93,start_time=165883.819495,nthreads=3,
message=tick stats,tick=93,estimated_current_power=0.000000,
end_task=,name=lu_gemmprofile,elapsed_seconds=0.956880,predicted_seconds=0.000000,time_percent_error=100.000000,nthreads=3,end_time=165884.777654,avg_power_W=116.105263,max_power_W=117.000000,avg_time_s=0.478440,released_listeners=1,
start_task=,name=lu_gemmprofile,tick=94,start_time=165884.777693,nthreads=3,
message=tick stats,tick=94,estimated_current_power=0.000000,
end_task=,name=lu_gemmprofile,elapsed_seconds=0.960010,predicted_seconds=0.000000,time_percent_error=100.000000,nthreads=3,end_time=165885.751017,avg_power_W=116.100000,max_power_W=117.000000,avg_time_s=0.480005,released_listeners=1,
start_task=,name=lu_gemmprofile,tick=95,start_time=165885.751062,nthreads=3,
message=tick stats,tick=95,estimated_current_power=0.000000,
end_task=,name=lu_gemmprofile,elapsed_seconds=0.960121,predicted_seconds=0.000000,time_percent_error=100.000000,nthreads=3,end_time=165886.712040,avg_power_W=116.157895,max_power_W=117.000000,avg_time_s=0.480060,released_listeners=1,
start_task=,name=lu_gemmprofile,tick=96,start_time=165886.712081,nthreads=3,
message=tick stats,tick=96,estimated_current_power=0.000000,
end_task=,name=lu_gemmprofile,elapsed_seconds=0.959812,predicted_seconds=0.000000,time_percent_error=100.000000,nthreads=3,end_time=165887.672634,avg_power_W=116.157895,max_power_W=117.000000,avg_time_s=0.479906,released_listeners=1,
start_task=,name=lu_gemmprofile,tick=97,start_time=165887.672673,nthreads=3,
message=tick stats,tick=97,estimated_current_power=0.000000,
end_task=,name=lu_gemmprofile,elapsed_seconds=0.959647,predicted_seconds=0.000000,time_percent_error=100.000000,nthreads=3,end_time=165888.651222,avg_power_W=116.200000,max_power_W=119.000000,avg_time_s=0.479823,released_listeners=1,
start_task=,name=lu_gemmprofile,tick=98,start_time=165888.651264,nthreads=3,
message=tick stats,tick=98,estimated_current_power=0.000000,
end_task=,name=lu_gemmprofile,elapsed_seconds=0.960756,predicted_seconds=0.000000,time_percent_error=100.000000,nthreads=3,end_time=165889.612845,avg_power_W=115.578947,max_power_W=117.000000,avg_time_s=0.480378,released_listeners=1,
start_task=,name=lu_gemmprofile,tick=99,start_time=165889.612883,nthreads=3,
message=tick stats,tick=99,estimated_current_power=0.000000,
end_task=,name=lu_gemmprofile,elapsed_seconds=0.961791,predicted_seconds=0.000000,time_percent_error=100.000000,nthreads=3,end_time=165890.575483,avg_power_W=116.052632,max_power_W=117.000000,avg_time_s=0.480895,released_listeners=1,
start_task=,name=lu_gemmprofile,tick=100,start_time=165890.575522,nthreads=3,
message=tick stats,tick=100,estimated_current_power=0.000000,
end_task=,name=lu_gemmprofile,elapsed_seconds=0.959862,predicted_seconds=0.000000,time_percent_error=100.000000,nthreads=3,end_time=165891.550588,avg_power_W=116.000000,max_power_W=117.000000,avg_time_s=0.479931,released_listeners=1,
start_task=,name=lu_gemmprofile,tick=101,start_time=165891.550630,nthreads=3,
message=tick stats,tick=101,estimated_current_power=0.000000,
end_task=,name=lu_gemmprofile,elapsed_seconds=0.962072,predicted_seconds=0.000000,time_percent_error=100.000000,nthreads=3,end_time=165892.513443,avg_power_W=115.842105,max_power_W=116.000000,avg_time_s=0.481036,released_listeners=1,
start_task=,name=lu_gemmprofile,tick=102,start_time=165892.513485,nthreads=3,
message=tick stats,tick=102,estimated_current_power=0.000000,
end_task=,name=lu_gemmprofile,elapsed_seconds=0.960156,predicted_seconds=0.000000,time_percent_error=100.000000,nthreads=3,end_time=165893.474328,avg_power_W=115.894737,max_power_W=118.000000,avg_time_s=0.480078,released_listeners=1,
start_task=,name=lu_gemmprofile,tick=103,start_time=165893.474368,nthreads=3,
message=tick stats,tick=103,estimated_current_power=0.000000,
end_task=,name=lu_gemmprofile,elapsed_seconds=0.961632,predicted_seconds=0.000000,time_percent_error=100.000000,nthreads=3,end_time=165894.450877,avg_power_W=115.750000,max_power_W=116.000000,avg_time_s=0.480816,released_listeners=1,
start_task=,name=lu_gemmprofile,tick=104,start_time=165894.450919,nthreads=3,
message=tick stats,tick=104,estimated_current_power=0.000000,
end_task=,name=lu_gemmprofile,elapsed_seconds=0.960107,predicted_seconds=0.000000,time_percent_error=100.000000,nthreads=3,end_time=165895.411867,avg_power_W=115.578947,max_power_W=117.000000,avg_time_s=0.480053,released_listeners=1,
start_task=,name=lu_gemmprofile,tick=105,start_time=165895.411914,nthreads=3,
message=tick stats,tick=105,estimated_current_power=0.000000,
end_task=,name=lu_gemmprofile,elapsed_seconds=0.965629,predicted_seconds=0.000000,time_percent_error=100.000000,nthreads=3,end_time=165896.378379,avg_power_W=115.842105,max_power_W=117.000000,avg_time_s=0.482814,released_listeners=1,
start_task=,name=lu_gemmprofile,tick=106,start_time=165896.378419,nthreads=3,
message=tick stats,tick=106,estimated_current_power=0.000000,
end_task=,name=lu_gemmprofile,elapsed_seconds=0.965835,predicted_seconds=0.000000,time_percent_error=100.000000,nthreads=3,end_time=165897.351106,avg_power_W=115.950000,max_power_W=117.000000,avg_time_s=0.482917,released_listeners=1,
start_task=,name=lu_gemm,tick=107,start_time=165897.351165,nthreads=3,
message=tick stats,tick=107,estimated_current_power=16.136364,
end_task=,name=lu_gemm,elapsed_seconds=0.479328,predicted_seconds=0.354475,time_percent_error=26.047507,nthreads=3,end_time=165897.831203,avg_power_W=116.222222,max_power_W=117.000000,avg_time_s=0.479328,released_listeners=1,
start_task=,name=lu_gemm,tick=108,start_time=165897.831298,nthreads=3,
message=tick stats,tick=108,estimated_current_power=16.136364,
end_task=,name=lu_gemm,elapsed_seconds=0.485435,predicted_seconds=0.354475,time_percent_error=26.977878,nthreads=3,end_time=165898.317555,avg_power_W=115.800000,max_power_W=116.000000,avg_time_s=0.485435,released_listeners=1,
start_task=,name=lu_gemm,tick=109,start_time=165898.317595,nthreads=3,
message=tick stats,tick=109,estimated_current_power=16.136364,
end_task=,name=lu_gemm,elapsed_seconds=0.479176,predicted_seconds=0.354475,time_percent_error=26.023957,nthreads=3,end_time=165898.800883,avg_power_W=115.700000,max_power_W=116.000000,avg_time_s=0.479176,released_listeners=1,
start_task=,name=lu_gemm,tick=110,start_time=165898.800926,nthreads=3,
message=tick stats,tick=110,estimated_current_power=16.136364,
end_task=,name=lu_gemm,elapsed_seconds=0.483605,predicted_seconds=0.354475,time_percent_error=26.701469,nthreads=3,end_time=165899.301882,avg_power_W=115.800000,max_power_W=116.000000,avg_time_s=0.483605,released_listeners=0,
start_task=,name=lu_gemm,tick=111,start_time=165899.301924,nthreads=3,
message=tick stats,tick=111,estimated_current_power=16.136364,
end_task=,name=lu_gemm,elapsed_seconds=0.479050,predicted_seconds=0.354475,time_percent_error=26.004626,nthreads=3,end_time=165899.781681,avg_power_W=115.666667,max_power_W=117.000000,avg_time_s=0.479050,released_listeners=1,
start_task=,name=lu_gemm,tick=112,start_time=165899.781721,nthreads=3,
message=tick stats,tick=112,estimated_current_power=16.136364,
end_task=,name=lu_gemm,elapsed_seconds=0.487462,predicted_seconds=0.354475,time_percent_error=27.281448,nthreads=3,end_time=165900.270012,avg_power_W=116.200000,max_power_W=117.000000,avg_time_s=0.487462,released_listeners=0,
start_task=,name=lu_gemm,tick=113,start_time=165900.270055,nthreads=3,
message=tick stats,tick=113,estimated_current_power=16.136364,
end_task=,name=lu_gemm,elapsed_seconds=0.480023,predicted_seconds=0.354475,time_percent_error=26.154566,nthreads=3,end_time=165900.751096,avg_power_W=115.600000,max_power_W=116.000000,avg_time_s=0.480023,released_listeners=1,
start_task=,name=lu_gemm,tick=114,start_time=165900.751145,nthreads=3,
message=tick stats,tick=114,estimated_current_power=16.136364,
end_task=,name=lu_gemm,elapsed_seconds=0.488577,predicted_seconds=0.354475,time_percent_error=27.447372,nthreads=3,end_time=165901.250864,avg_power_W=116.100000,max_power_W=117.000000,avg_time_s=0.488577,released_listeners=0,
start_task=,name=lu_gemm,tick=115,start_time=165901.250906,nthreads=3,
message=tick stats,tick=115,estimated_current_power=16.136364,
end_task=,name=lu_gemm,elapsed_seconds=0.481033,predicted_seconds=0.354475,time_percent_error=26.309530,nthreads=3,end_time=165901.750919,avg_power_W=115.800000,max_power_W=116.000000,avg_time_s=0.481033,released_listeners=0,
start_task=,name=lu_gemm,tick=116,start_time=165901.750960,nthreads=3,
message=tick stats,tick=116,estimated_current_power=16.136364,
end_task=,name=lu_gemm,elapsed_seconds=0.488246,predicted_seconds=0.354475,time_percent_error=27.398281,nthreads=3,end_time=165902.250654,avg_power_W=116.300000,max_power_W=117.000000,avg_time_s=0.488246,released_listeners=1,
start_task=,name=lu_gemm,tick=117,start_time=165902.250696,nthreads=3,
message=tick stats,tick=117,estimated_current_power=16.136364,
end_task=,name=lu_gemm,elapsed_seconds=0.479307,predicted_seconds=0.354475,time_percent_error=26.044269,nthreads=3,end_time=165902.730723,avg_power_W=115.666667,max_power_W=116.000000,avg_time_s=0.479307,released_listeners=0,
start_task=,name=lu_gemm,tick=118,start_time=165902.730761,nthreads=3,
message=tick stats,tick=118,estimated_current_power=16.136364,
end_task=,name=lu_gemm,elapsed_seconds=0.475164,predicted_seconds=0.354475,time_percent_error=25.399345,nthreads=3,end_time=165903.206659,avg_power_W=115.800000,max_power_W=116.000000,avg_time_s=0.475164,released_listeners=0,
start_task=,name=lu_gemm,tick=119,start_time=165903.206702,nthreads=3,
message=tick stats,tick=119,estimated_current_power=16.136364,
end_task=,name=lu_gemm,elapsed_seconds=0.474963,predicted_seconds=0.354475,time_percent_error=25.367865,nthreads=3,end_time=165903.700949,avg_power_W=115.900000,max_power_W=117.000000,avg_time_s=0.474963,released_listeners=1,
start_task=,name=lu_gemm,tick=120,start_time=165903.700991,nthreads=3,
message=tick stats,tick=120,estimated_current_power=16.136364,
end_task=,name=lu_gemm,elapsed_seconds=0.472523,predicted_seconds=0.354475,time_percent_error=24.982372,nthreads=3,end_time=165904.174320,avg_power_W=115.888889,max_power_W=116.000000,avg_time_s=0.472523,released_listeners=0,
start_task=,name=lu_gemm,tick=121,start_time=165904.174358,nthreads=3,
message=tick stats,tick=121,estimated_current_power=16.136364,
end_task=,name=lu_gemm,elapsed_seconds=0.475749,predicted_seconds=0.354475,time_percent_error=25.491143,nthreads=3,end_time=165904.651588,avg_power_W=116.100000,max_power_W=117.000000,avg_time_s=0.475749,released_listeners=0,
start_task=,name=lu_gemm,tick=122,start_time=165904.651626,nthreads=3,
message=tick stats,tick=122,estimated_current_power=16.136364,
end_task=,name=lu_gemm,elapsed_seconds=0.476603,predicted_seconds=0.354475,time_percent_error=25.624592,nthreads=3,end_time=165905.129788,avg_power_W=116.333333,max_power_W=117.000000,avg_time_s=0.476603,released_listeners=0,
start_task=,name=getrfprofile,tick=123,start_time=165905.129826,nthreads=3,
message=tick stats,tick=123,estimated_current_power=0.000000,
end_task=,name=getrfprofile,elapsed_seconds=0.532589,predicted_seconds=0.000000,time_percent_error=100.000000,nthreads=3,end_time=165905.663296,avg_power_W=116.363636,max_power_W=119.000000,avg_time_s=0.532589,released_listeners=1,
start_task=,name=getrf,tick=124,start_time=165905.663340,nthreads=3,
message=tick stats,tick=124,estimated_current_power=16.100000,
end_task=,name=getrf,elapsed_seconds=0.528492,predicted_seconds=0.414062,time_percent_error=21.652273,nthreads=3,end_time=165906.200584,avg_power_W=115.636364,max_power_W=117.000000,avg_time_s=0.528492,released_listeners=6,
start_task=,name=trsm_leftprofile,tick=125,start_time=165906.200626,nthreads=3,
message=tick stats,tick=125,estimated_current_power=0.000000,
end_task=,name=trsm_leftprofile,elapsed_seconds=0.758097,predicted_seconds=0.000000,time_percent_error=100.000000,nthreads=3,end_time=165906.959399,avg_power_W=115.333333,max_power_W=117.000000,avg_time_s=0.379049,released_listeners=1,
start_task=,name=trsm_rightprofile,tick=126,start_time=165906.959438,nthreads=3,
message=tick stats,tick=126,estimated_current_power=0.000000,
end_task=,name=trsm_rightprofile,elapsed_seconds=0.523951,predicted_seconds=0.000000,time_percent_error=100.000000,nthreads=3,end_time=165907.501041,avg_power_W=116.090909,max_power_W=117.000000,avg_time_s=0.261976,released_listeners=1,
start_task=,name=trsm_leftprofile,tick=127,start_time=165907.501083,nthreads=3,
message=tick stats,tick=127,estimated_current_power=0.000000,
end_task=,name=trsm_leftprofile,elapsed_seconds=0.760652,predicted_seconds=0.000000,time_percent_error=100.000000,nthreads=3,end_time=165908.262533,avg_power_W=115.933333,max_power_W=116.000000,avg_time_s=0.380326,released_listeners=1,
start_task=,name=trsm_rightprofile,tick=128,start_time=165908.262574,nthreads=3,
message=tick stats,tick=128,estimated_current_power=0.000000,
end_task=,name=trsm_rightprofile,elapsed_seconds=0.523439,predicted_seconds=0.000000,time_percent_error=100.000000,nthreads=3,end_time=165908.801333,avg_power_W=116.272727,max_power_W=117.000000,avg_time_s=0.261720,released_listeners=1,
start_task=,name=trsm_leftprofile,tick=129,start_time=165908.801375,nthreads=3,
message=tick stats,tick=129,estimated_current_power=0.000000,
end_task=,name=trsm_leftprofile,elapsed_seconds=0.760432,predicted_seconds=0.000000,time_percent_error=100.000000,nthreads=3,end_time=165909.562656,avg_power_W=115.933333,max_power_W=117.000000,avg_time_s=0.380216,released_listeners=1,
start_task=,name=trsm_rightprofile,tick=130,start_time=165909.562695,nthreads=3,
message=tick stats,tick=130,estimated_current_power=0.000000,
end_task=,name=trsm_rightprofile,elapsed_seconds=0.523538,predicted_seconds=0.000000,time_percent_error=100.000000,nthreads=3,end_time=165910.101379,avg_power_W=116.181818,max_power_W=117.000000,avg_time_s=0.261769,released_listeners=1,
start_task=,name=trsm_left,tick=131,start_time=165910.101421,nthreads=3,
message=tick stats,tick=131,estimated_current_power=15.033333,
end_task=,name=trsm_left,elapsed_seconds=0.342561,predicted_seconds=0.277695,time_percent_error=18.935832,nthreads=3,end_time=165910.451188,avg_power_W=115.857143,max_power_W=117.000000,avg_time_s=0.342561,released_listeners=3,
start_task=,name=trsm_right,tick=132,start_time=165910.451249,nthreads=3,
message=tick stats,tick=132,estimated_current_power=15.833333,
end_task=,name=trsm_right,elapsed_seconds=0.222659,predicted_seconds=0.193795,time_percent_error=12.963030,nthreads=3,end_time=165910.674783,avg_power_W=115.500000,max_power_W=116.000000,avg_time_s=0.222659,released_listeners=3,
start_task=,name=trsm_left,tick=133,start_time=165910.674823,nthreads=3,
message=tick stats,tick=133,estimated_current_power=15.033333,
end_task=,name=trsm_left,elapsed_seconds=0.343164,predicted_seconds=0.277695,time_percent_error=19.078169,nthreads=3,end_time=165911.018748,avg_power_W=115.428571,max_power_W=116.000000,avg_time_s=0.343164,released_listeners=3,
start_task=,name=trsm_right,tick=134,start_time=165911.018789,nthreads=3,
message=tick stats,tick=134,estimated_current_power=15.833333,
end_task=,name=trsm_right,elapsed_seconds=0.226103,predicted_seconds=0.193795,time_percent_error=14.288700,nthreads=3,end_time=165911.250855,avg_power_W=115.600000,max_power_W=118.000000,avg_time_s=0.226103,released_listeners=3,
start_task=,name=trsm_left,tick=135,start_time=165911.250906,nthreads=3,
message=tick stats,tick=135,estimated_current_power=15.033333,
end_task=,name=trsm_left,elapsed_seconds=0.341619,predicted_seconds=0.277695,time_percent_error=18.712328,nthreads=3,end_time=165911.601003,avg_power_W=116.000000,max_power_W=118.000000,avg_time_s=0.341619,released_listeners=3,
start_task=,name=trsm_right,tick=136,start_time=165911.601058,nthreads=3,
message=tick stats,tick=136,estimated_current_power=15.833333,
end_task=,name=trsm_right,elapsed_seconds=0.223877,predicted_seconds=0.193795,time_percent_error=13.436757,nthreads=3,end_time=165911.825853,avg_power_W=115.750000,max_power_W=117.000000,avg_time_s=0.223877,released_listeners=3,
start_task=,name=lu_gemmprofile,tick=137,start_time=165911.825892,nthreads=3,
message=tick stats,tick=137,estimated_current_power=0.000000,
end_task=,name=lu_gemmprofile,elapsed_seconds=0.958827,predicted_seconds=0.000000,time_percent_error=100.000000,nthreads=3,end_time=165912.801240,avg_power_W=116.150000,max_power_W=117.000000,avg_time_s=0.479414,released_listeners=1,
start_task=,name=lu_gemmprofile,tick=138,start_time=165912.801281,nthreads=3,
message=tick stats,tick=138,estimated_current_power=0.000000,
end_task=,name=lu_gemmprofile,elapsed_seconds=0.959649,predicted_seconds=0.000000,time_percent_error=100.000000,nthreads=3,end_time=165913.761721,avg_power_W=115.947368,max_power_W=117.000000,avg_time_s=0.479825,released_listeners=1,
start_task=,name=lu_gemmprofile,tick=139,start_time=165913.761763,nthreads=3,
message=tick stats,tick=139,estimated_current_power=0.000000,
end_task=,name=lu_gemmprofile,elapsed_seconds=0.960628,predicted_seconds=0.000000,time_percent_error=100.000000,nthreads=3,end_time=165914.723210,avg_power_W=116.210526,max_power_W=117.000000,avg_time_s=0.480314,released_listeners=1,
start_task=,name=lu_gemmprofile,tick=140,start_time=165914.723303,nthreads=3,
message=tick stats,tick=140,estimated_current_power=0.000000,
end_task=,name=lu_gemmprofile,elapsed_seconds=0.960330,predicted_seconds=0.000000,time_percent_error=100.000000,nthreads=3,end_time=165915.701256,avg_power_W=115.900000,max_power_W=117.000000,avg_time_s=0.480165,released_listeners=1,
start_task=,name=lu_gemmprofile,tick=141,start_time=165915.701297,nthreads=3,
message=tick stats,tick=141,estimated_current_power=0.000000,
end_task=,name=lu_gemmprofile,elapsed_seconds=0.959908,predicted_seconds=0.000000,time_percent_error=100.000000,nthreads=3,end_time=165916.662053,avg_power_W=116.105263,max_power_W=117.000000,avg_time_s=0.479954,released_listeners=1,
start_task=,name=lu_gemmprofile,tick=142,start_time=165916.662092,nthreads=3,
message=tick stats,tick=142,estimated_current_power=0.000000,
end_task=,name=lu_gemmprofile,elapsed_seconds=0.960882,predicted_seconds=0.000000,time_percent_error=100.000000,nthreads=3,end_time=165917.623754,avg_power_W=115.947368,max_power_W=117.000000,avg_time_s=0.480441,released_listeners=1,
start_task=,name=lu_gemmprofile,tick=143,start_time=165917.623793,nthreads=3,
message=tick stats,tick=143,estimated_current_power=0.000000,
end_task=,name=lu_gemmprofile,elapsed_seconds=0.961263,predicted_seconds=0.000000,time_percent_error=100.000000,nthreads=3,end_time=165918.601758,avg_power_W=116.050000,max_power_W=117.000000,avg_time_s=0.480632,released_listeners=1,
start_task=,name=lu_gemmprofile,tick=144,start_time=165918.601800,nthreads=3,
message=tick stats,tick=144,estimated_current_power=0.000000,
end_task=,name=lu_gemmprofile,elapsed_seconds=0.960620,predicted_seconds=0.000000,time_percent_error=100.000000,nthreads=3,end_time=165919.563304,avg_power_W=116.157895,max_power_W=118.000000,avg_time_s=0.480310,released_listeners=1,
start_task=,name=lu_gemmprofile,tick=145,start_time=165919.563345,nthreads=3,
message=tick stats,tick=145,estimated_current_power=0.000000,
end_task=,name=lu_gemmprofile,elapsed_seconds=0.961220,predicted_seconds=0.000000,time_percent_error=100.000000,nthreads=3,end_time=165920.525462,avg_power_W=116.105263,max_power_W=117.000000,avg_time_s=0.480610,released_listeners=1,
start_task=,name=lu_gemm,tick=146,start_time=165920.525507,nthreads=3,
message=tick stats,tick=146,estimated_current_power=16.136364,
end_task=,name=lu_gemm,elapsed_seconds=0.473898,predicted_seconds=0.354475,time_percent_error=25.200136,nthreads=3,end_time=165921.000852,avg_power_W=116.200000,max_power_W=117.000000,avg_time_s=0.473898,released_listeners=1,
start_task=,name=lu_gemm,tick=147,start_time=165921.000894,nthreads=3,
message=tick stats,tick=147,estimated_current_power=16.136364,
end_task=,name=lu_gemm,elapsed_seconds=0.476156,predicted_seconds=0.354475,time_percent_error=25.554819,nthreads=3,end_time=165921.477765,avg_power_W=116.000000,max_power_W=116.000000,avg_time_s=0.476156,released_listeners=1,
start_task=,name=lu_gemm,tick=148,start_time=165921.477804,nthreads=3,
message=tick stats,tick=148,estimated_current_power=16.136364,
end_task=,name=lu_gemm,elapsed_seconds=0.474998,predicted_seconds=0.354475,time_percent_error=25.373284,nthreads=3,end_time=165921.953633,avg_power_W=116.000000,max_power_W=116.000000,avg_time_s=0.474998,released_listeners=1,
start_task=,name=lu_gemm,tick=149,start_time=165921.953672,nthreads=3,
message=tick stats,tick=149,estimated_current_power=16.136364,
end_task=,name=lu_gemm,elapsed_seconds=0.474565,predicted_seconds=0.354475,time_percent_error=25.305313,nthreads=3,end_time=165922.429471,avg_power_W=115.888889,max_power_W=116.000000,avg_time_s=0.474565,released_listeners=0,
start_task=,name=lu_gemm,tick=150,start_time=165922.429511,nthreads=3,
message=tick stats,tick=150,estimated_current_power=16.136364,
end_task=,name=lu_gemm,elapsed_seconds=0.482062,predicted_seconds=0.354475,time_percent_error=26.466827,nthreads=3,end_time=165922.912427,avg_power_W=116.000000,max_power_W=116.000000,avg_time_s=0.482062,released_listeners=1,
start_task=,name=lu_gemm,tick=151,start_time=165922.912466,nthreads=3,
message=tick stats,tick=151,estimated_current_power=16.136364,
end_task=,name=lu_gemm,elapsed_seconds=0.482217,predicted_seconds=0.354475,time_percent_error=26.490576,nthreads=3,end_time=165923.400601,avg_power_W=116.000000,max_power_W=116.000000,avg_time_s=0.482217,released_listeners=0,
start_task=,name=lu_gemm,tick=152,start_time=165923.400643,nthreads=3,
message=tick stats,tick=152,estimated_current_power=16.136364,
end_task=,name=lu_gemm,elapsed_seconds=0.486018,predicted_seconds=0.354475,time_percent_error=27.065391,nthreads=3,end_time=165923.900950,avg_power_W=115.800000,max_power_W=116.000000,avg_time_s=0.486018,released_listeners=1,
start_task=,name=lu_gemm,tick=153,start_time=165923.900994,nthreads=3,
message=tick stats,tick=153,estimated_current_power=16.136364,
end_task=,name=lu_gemm,elapsed_seconds=0.481316,predicted_seconds=0.354475,time_percent_error=26.352845,nthreads=3,end_time=165924.400594,avg_power_W=115.900000,max_power_W=117.000000,avg_time_s=0.481316,released_listeners=0,
start_task=,name=lu_gemm,tick=154,start_time=165924.400636,nthreads=3,
message=tick stats,tick=154,estimated_current_power=16.136364,
end_task=,name=lu_gemm,elapsed_seconds=0.491952,predicted_seconds=0.354475,time_percent_error=27.945159,nthreads=3,end_time=165924.900499,avg_power_W=115.700000,max_power_W=117.000000,avg_time_s=0.491952,released_listeners=0,
start_task=,name=getrfprofile,tick=155,start_time=165924.900545,nthreads=3,
message=tick stats,tick=155,estimated_current_power=0.000000,
end_task=,name=getrfprofile,elapsed_seconds=0.511567,predicted_seconds=0.000000,time_percent_error=100.000000,nthreads=3,end_time=165925.412802,avg_power_W=115.500000,max_power_W=117.000000,avg_time_s=0.511567,released_listeners=1,
start_task=,name=getrf,tick=156,start_time=165925.412841,nthreads=3,
message=tick stats,tick=156,estimated_current_power=16.100000,
end_task=,name=getrf,elapsed_seconds=0.509943,predicted_seconds=0.414062,time_percent_error=18.802342,nthreads=3,end_time=165925.923492,avg_power_W=115.700000,max_power_W=117.000000,avg_time_s=0.509943,released_listeners=4,
start_task=,name=trsm_leftprofile,tick=157,start_time=165925.923532,nthreads=3,
message=tick stats,tick=157,estimated_current_power=0.000000,
end_task=,name=trsm_leftprofile,elapsed_seconds=0.766177,predicted_seconds=0.000000,time_percent_error=100.000000,nthreads=3,end_time=165926.700621,avg_power_W=114.875000,max_power_W=117.000000,avg_time_s=0.383088,released_listeners=1,
start_task=,name=trsm_rightprofile,tick=158,start_time=165926.700662,nthreads=3,
message=tick stats,tick=158,estimated_current_power=0.000000,
end_task=,name=trsm_rightprofile,elapsed_seconds=0.527344,predicted_seconds=0.000000,time_percent_error=100.000000,nthreads=3,end_time=165927.228723,avg_power_W=116.100000,max_power_W=117.000000,avg_time_s=0.263672,released_listeners=1,
start_task=,name=trsm_leftprofile,tick=159,start_time=165927.228763,nthreads=3,
message=tick stats,tick=159,estimated_current_power=0.000000,
end_task=,name=trsm_leftprofile,elapsed_seconds=0.761035,predicted_seconds=0.000000,time_percent_error=100.000000,nthreads=3,end_time=165928.001270,avg_power_W=115.875000,max_power_W=117.000000,avg_time_s=0.380518,released_listeners=1,
start_task=,name=trsm_rightprofile,tick=160,start_time=165928.001313,nthreads=3,
message=tick stats,tick=160,estimated_current_power=0.000000,
end_task=,name=trsm_rightprofile,elapsed_seconds=0.524580,predicted_seconds=0.000000,time_percent_error=100.000000,nthreads=3,end_time=165928.526602,avg_power_W=116.000000,max_power_W=117.000000,avg_time_s=0.262290,released_listeners=1,
start_task=,name=trsm_left,tick=161,start_time=165928.526641,nthreads=3,
message=tick stats,tick=161,estimated_current_power=15.033333,
end_task=,name=trsm_left,elapsed_seconds=0.351693,predicted_seconds=0.277695,time_percent_error=21.040547,nthreads=3,end_time=165928.880150,avg_power_W=116.428571,max_power_W=117.000000,avg_time_s=0.351693,released_listeners=2,
start_task=,name=trsm_right,tick=162,start_time=165928.880198,nthreads=3,
message=tick stats,tick=162,estimated_current_power=15.833333,
end_task=,name=trsm_right,elapsed_seconds=0.229533,predicted_seconds=0.193795,time_percent_error=15.569514,nthreads=3,end_time=165929.110621,avg_power_W=116.800000,max_power_W=118.000000,avg_time_s=0.229533,released_listeners=2,
start_task=,name=trsm_left,tick=163,start_time=165929.110661,nthreads=3,
message=tick stats,tick=163,estimated_current_power=15.033333,
end_task=,name=trsm_left,elapsed_seconds=0.348173,predicted_seconds=0.277695,time_percent_error=20.242299,nthreads=3,end_time=165929.459488,avg_power_W=115.142857,max_power_W=116.000000,avg_time_s=0.348173,released_listeners=2,
start_task=,name=trsm_right,tick=164,start_time=165929.459529,nthreads=3,
message=tick stats,tick=164,estimated_current_power=15.833333,
end_task=,name=trsm_right,elapsed_seconds=0.226558,predicted_seconds=0.193795,time_percent_error=14.460949,nthreads=3,end_time=165929.700991,avg_power_W=116.400000,max_power_W=118.000000,avg_time_s=0.226558,released_listeners=2,
start_task=,name=lu_gemmprofile,tick=165,start_time=165929.701045,nthreads=3,
message=tick stats,tick=165,estimated_current_power=0.000000,
end_task=,name=lu_gemmprofile,elapsed_seconds=0.958230,predicted_seconds=0.000000,time_percent_error=100.000000,nthreads=3,end_time=165930.660064,avg_power_W=116.157895,max_power_W=117.000000,avg_time_s=0.479115,released_listeners=1,
start_task=,name=lu_gemmprofile,tick=166,start_time=165930.660106,nthreads=3,
message=tick stats,tick=166,estimated_current_power=0.000000,
end_task=,name=lu_gemmprofile,elapsed_seconds=0.960832,predicted_seconds=0.000000,time_percent_error=100.000000,nthreads=3,end_time=165931.622296,avg_power_W=115.894737,max_power_W=118.000000,avg_time_s=0.480416,released_listeners=1,
start_task=,name=lu_gemmprofile,tick=167,start_time=165931.622335,nthreads=3,
message=tick stats,tick=167,estimated_current_power=0.000000,
end_task=,name=lu_gemmprofile,elapsed_seconds=0.962870,predicted_seconds=0.000000,time_percent_error=100.000000,nthreads=3,end_time=165932.601196,avg_power_W=115.800000,max_power_W=117.000000,avg_time_s=0.481435,released_listeners=1,
start_task=,name=lu_gemmprofile,tick=168,start_time=165932.601238,nthreads=3,
message=tick stats,tick=168,estimated_current_power=0.000000,
end_task=,name=lu_gemmprofile,elapsed_seconds=0.959222,predicted_seconds=0.000000,time_percent_error=100.000000,nthreads=3,end_time=165933.561139,avg_power_W=115.842105,max_power_W=117.000000,avg_time_s=0.479611,released_listeners=1,
start_task=,name=lu_gemm,tick=169,start_time=165933.561177,nthreads=3,
message=tick stats,tick=169,estimated_current_power=16.136364,
end_task=,name=lu_gemm,elapsed_seconds=0.475147,predicted_seconds=0.354475,time_percent_error=25.396717,nthreads=3,end_time=165934.051152,avg_power_W=116.400000,max_power_W=118.000000,avg_time_s=0.475147,released_listeners=1,
start_task=,name=lu_gemm,tick=170,start_time=165934.051194,nthreads=3,
message=tick stats,tick=170,estimated_current_power=16.136364,
end_task=,name=lu_gemm,elapsed_seconds=0.473550,predicted_seconds=0.354475,time_percent_error=25.145181,nthreads=3,end_time=165934.525621,avg_power_W=115.888889,max_power_W=117.000000,avg_time_s=0.473550,released_listeners=1,
start_task=,name=lu_gemm,tick=171,start_time=165934.525660,nthreads=3,
message=tick stats,tick=171,estimated_current_power=16.136364,
end_task=,name=lu_gemm,elapsed_seconds=0.474403,predicted_seconds=0.354475,time_percent_error=25.279776,nthreads=3,end_time=165935.000896,avg_power_W=116.200000,max_power_W=117.000000,avg_time_s=0.474403,released_listeners=1,
start_task=,name=lu_gemm,tick=172,start_time=165935.000935,nthreads=3,
message=tick stats,tick=172,estimated_current_power=16.136364,
end_task=,name=lu_gemm,elapsed_seconds=0.475341,predicted_seconds=0.354475,time_percent_error=25.427105,nthreads=3,end_time=165935.477102,avg_power_W=116.111111,max_power_W=118.000000,avg_time_s=0.475341,released_listeners=0,
start_task=,name=getrfprofile,tick=173,start_time=165935.477144,nthreads=3,
message=tick stats,tick=173,estimated_current_power=0.000000,
end_task=,name=getrfprofile,elapsed_seconds=0.519350,predicted_seconds=0.000000,time_percent_error=100.000000,nthreads=3,end_time=165936.001265,avg_power_W=115.909091,max_power_W=117.000000,avg_time_s=0.519350,released_listeners=1,
start_task=,name=getrf,tick=174,start_time=165936.001310,nthreads=3,
message=tick stats,tick=174,estimated_current_power=16.100000,
end_task=,name=getrf,elapsed_seconds=0.512175,predicted_seconds=0.414062,time_percent_error=19.156247,nthreads=3,end_time=165936.514335,avg_power_W=115.600000,max_power_W=116.000000,avg_time_s=0.512175,released_listeners=2,
start_task=,name=trsm_leftprofile,tick=175,start_time=165936.514374,nthreads=3,
message=tick stats,tick=175,estimated_current_power=0.000000,
end_task=,name=trsm_leftprofile,elapsed_seconds=0.760573,predicted_seconds=0.000000,time_percent_error=100.000000,nthreads=3,end_time=165937.275821,avg_power_W=115.333333,max_power_W=116.000000,avg_time_s=0.380287,released_listeners=1,
start_task=,name=trsm_rightprofile,tick=176,start_time=165937.275860,nthreads=3,
message=tick stats,tick=176,estimated_current_power=0.000000,
end_task=,name=trsm_rightprofile,elapsed_seconds=0.523296,predicted_seconds=0.000000,time_percent_error=100.000000,nthreads=3,end_time=165937.803108,avg_power_W=116.272727,max_power_W=117.000000,avg_time_s=0.261648,released_listeners=1,
start_task=,name=trsm_left,tick=177,start_time=165937.803159,nthreads=3,
message=tick stats,tick=177,estimated_current_power=15.033333,
end_task=,name=trsm_left,elapsed_seconds=0.342636,predicted_seconds=0.277695,time_percent_error=18.953476,nthreads=3,end_time=165938.151103,avg_power_W=116.142857,max_power_W=118.000000,avg_time_s=0.342636,released_listeners=1,
start_task=,name=trsm_right,tick=178,start_time=165938.151154,nthreads=3,
message=tick stats,tick=178,estimated_current_power=15.833333,
end_task=,name=trsm_right,elapsed_seconds=0.223334,predicted_seconds=0.193795,time_percent_error=13.226039,nthreads=3,end_time=165938.375198,avg_power_W=116.250000,max_power_W=117.000000,avg_time_s=0.223334,released_listeners=1,
start_task=,name=lu_gemmprofile,tick=179,start_time=165938.375237,nthreads=3,
message=tick stats,tick=179,estimated_current_power=0.000000,
end_task=,name=lu_gemmprofile,elapsed_seconds=0.959724,predicted_seconds=0.000000,time_percent_error=100.000000,nthreads=3,end_time=165939.351886,avg_power_W=116.150000,max_power_W=118.000000,avg_time_s=0.479862,released_listeners=1,
start_task=,name=lu_gemm,tick=180,start_time=165939.351928,nthreads=3,
message=tick stats,tick=180,estimated_current_power=16.136364,
end_task=,name=lu_gemm,elapsed_seconds=0.474613,predicted_seconds=0.354475,time_percent_error=25.312858,nthreads=3,end_time=165939.827371,avg_power_W=115.666667,max_power_W=116.000000,avg_time_s=0.474613,released_listeners=1,
start_task=,name=getrfprofile,tick=181,start_time=165939.827410,nthreads=3,
message=tick stats,tick=181,estimated_current_power=0.000000,
end_task=,name=getrfprofile,elapsed_seconds=0.986168,predicted_seconds=0.000000,time_percent_error=100.000000,nthreads=3,end_time=165940.814297,avg_power_W=115.650000,max_power_W=117.000000,avg_time_s=0.493084,released_listeners=1,
start_task=,name=getrf,tick=182,start_time=165940.814336,nthreads=3,
message=tick stats,tick=182,estimated_current_power=16.100000,
end_task=,name=getrf,elapsed_seconds=0.495460,predicted_seconds=0.414062,time_percent_error=16.428810,nthreads=3,end_time=165941.310661,avg_power_W=115.700000,max_power_W=116.000000,avg_time_s=0.495460,released_listeners=0,
est_max_power=16.136364,
average_power_W=115.700000,
max_power_W=116.000000,
time_s=114.278583,
message=ALL DONE,
