message=cataloging configuration,max_threads=35,power_limit=inf,
start_task=,name=getrfprofile,tick=1,start_time=189203.006304,nthreads=35,
message=tick stats,tick=1,estimated_current_power=0.000000,
end_task=,name=getrfprofile,elapsed_seconds=0.611106,predicted_seconds=0.000000,time_percent_error=100.000000,nthreads=35,end_time=189203.623144,avg_power_W=128.833333,max_power_W=138.000000,avg_time_s=0.611106,released_listeners=1,
start_task=,name=getrf,tick=2,start_time=189203.623253,nthreads=35,
message=tick stats,tick=2,estimated_current_power=56.100000,
end_task=,name=getrf,elapsed_seconds=0.296912,predicted_seconds=0.248467,time_percent_error=16.316284,nthreads=35,end_time=189203.922885,avg_power_W=135.166667,max_power_W=136.000000,avg_time_s=0.296912,released_listeners=10,
start_task=,name=trsm_leftprofile,tick=3,start_time=189203.922940,nthreads=35,
message=tick stats,tick=3,estimated_current_power=0.000000,
end_task=,name=trsm_leftprofile,elapsed_seconds=0.511063,predicted_seconds=0.000000,time_percent_error=100.000000,nthreads=35,end_time=189204.434746,avg_power_W=149.300000,max_power_W=156.000000,avg_time_s=0.036505,released_listeners=1,
start_task=,name=trsm_rightprofile,tick=4,start_time=189204.434796,nthreads=35,
message=tick stats,tick=4,estimated_current_power=0.000000,
end_task=,name=trsm_rightprofile,elapsed_seconds=0.510498,predicted_seconds=0.000000,time_percent_error=100.000000,nthreads=35,end_time=189204.946299,avg_power_W=151.800000,max_power_W=153.000000,avg_time_s=0.039269,released_listeners=1,
start_task=,name=trsm_leftprofile,tick=5,start_time=189204.946349,nthreads=35,
message=tick stats,tick=5,estimated_current_power=0.000000,
end_task=,name=trsm_leftprofile,elapsed_seconds=0.508885,predicted_seconds=0.000000,time_percent_error=100.000000,nthreads=35,end_time=189205.455929,avg_power_W=153.300000,max_power_W=156.000000,avg_time_s=0.036349,released_listeners=1,
start_task=,name=trsm_rightprofile,tick=6,start_time=189205.455977,nthreads=35,
message=tick stats,tick=6,estimated_current_power=0.000000,
end_task=,name=trsm_rightprofile,elapsed_seconds=0.512159,predicted_seconds=0.000000,time_percent_error=100.000000,nthreads=35,end_time=189205.972818,avg_power_W=153.000000,max_power_W=156.000000,avg_time_s=0.039397,released_listeners=1,
start_task=,name=trsm_leftprofile,tick=7,start_time=189205.972869,nthreads=35,
message=tick stats,tick=7,estimated_current_power=0.000000,
end_task=,name=trsm_leftprofile,elapsed_seconds=0.530398,predicted_seconds=0.000000,time_percent_error=100.000000,nthreads=35,end_time=189206.503987,avg_power_W=153.100000,max_power_W=156.000000,avg_time_s=0.035360,released_listeners=1,
start_task=,name=trsm_rightprofile,tick=8,start_time=189206.504035,nthreads=35,
message=tick stats,tick=8,estimated_current_power=0.000000,
end_task=,name=trsm_rightprofile,elapsed_seconds=0.506445,predicted_seconds=0.000000,time_percent_error=100.000000,nthreads=35,end_time=189207.022899,avg_power_W=153.272727,max_power_W=156.000000,avg_time_s=0.038957,released_listeners=1,
start_task=,name=trsm_leftprofile,tick=9,start_time=189207.022950,nthreads=35,
message=tick stats,tick=9,estimated_current_power=0.000000,
end_task=,name=trsm_leftprofile,elapsed_seconds=0.527594,predicted_seconds=0.000000,time_percent_error=100.000000,nthreads=35,end_time=189207.551286,avg_power_W=153.700000,max_power_W=156.000000,avg_time_s=0.035173,released_listeners=1,
start_task=,name=trsm_rightprofile,tick=10,start_time=189207.551334,nthreads=35,
message=tick stats,tick=10,estimated_current_power=0.000000,
end_task=,name=trsm_rightprofile,elapsed_seconds=0.508469,predicted_seconds=0.000000,time_percent_error=100.000000,nthreads=35,end_time=189208.072565,avg_power_W=153.000000,max_power_W=156.000000,avg_time_s=0.039113,released_listeners=1,
start_task=,name=trsm_leftprofile,tick=11,start_time=189208.072616,nthreads=35,
message=tick stats,tick=11,estimated_current_power=0.000000,
end_task=,name=trsm_leftprofile,elapsed_seconds=0.528724,predicted_seconds=0.000000,time_percent_error=100.000000,nthreads=35,end_time=189208.602458,avg_power_W=154.100000,max_power_W=156.000000,avg_time_s=0.035248,released_listeners=1,
start_task=,name=trsm_rightprofile,tick=12,start_time=189208.602514,nthreads=35,
message=tick stats,tick=12,estimated_current_power=0.000000,
end_task=,name=trsm_rightprofile,elapsed_seconds=0.541441,predicted_seconds=0.000000,time_percent_error=100.000000,nthreads=35,end_time=189209.144674,avg_power_W=153.909091,max_power_W=156.000000,avg_time_s=0.038674,released_listeners=1,
start_task=,name=trsm_left,tick=13,start_time=189209.144723,nthreads=35,
message=tick stats,tick=13,estimated_current_power=63.900000,
end_task=,name=trsm_left,elapsed_seconds=0.040424,predicted_seconds=0.029037,time_percent_error=28.170288,nthreads=35,end_time=189209.185877,avg_power_W=154.000000,max_power_W=154.000000,avg_time_s=0.040424,released_listeners=5,
start_task=,name=trsm_right,tick=14,start_time=189209.185928,nthreads=35,
message=tick stats,tick=14,estimated_current_power=62.233333,
end_task=,name=trsm_right,elapsed_seconds=0.042583,predicted_seconds=0.031837,time_percent_error=25.234123,nthreads=35,end_time=189209.229057,avg_power_W=151.000000,max_power_W=151.000000,avg_time_s=0.042583,released_listeners=5,
start_task=,name=trsm_left,tick=15,start_time=189209.229103,nthreads=35,
message=tick stats,tick=15,estimated_current_power=63.900000,
end_task=,name=trsm_left,elapsed_seconds=0.039908,predicted_seconds=0.029037,time_percent_error=27.240347,nthreads=35,end_time=189209.272610,avg_power_W=150.000000,max_power_W=150.000000,avg_time_s=0.039908,released_listeners=5,
start_task=,name=trsm_right,tick=16,start_time=189209.272664,nthreads=35,
message=tick stats,tick=16,estimated_current_power=62.233333,
end_task=,name=trsm_right,elapsed_seconds=0.041598,predicted_seconds=0.031837,time_percent_error=23.464670,nthreads=35,end_time=189209.322595,avg_power_W=147.000000,max_power_W=147.000000,avg_time_s=0.041598,released_listeners=5,
start_task=,name=trsm_left,tick=17,start_time=189209.322648,nthreads=35,
message=tick stats,tick=17,estimated_current_power=63.900000,
end_task=,name=trsm_left,elapsed_seconds=0.040176,predicted_seconds=0.029037,time_percent_error=27.726662,nthreads=35,end_time=189209.372600,avg_power_W=146.000000,max_power_W=146.000000,avg_time_s=0.040176,released_listeners=5,
start_task=,name=trsm_right,tick=18,start_time=189209.372653,nthreads=35,
message=tick stats,tick=18,estimated_current_power=62.233333,
end_task=,name=trsm_right,elapsed_seconds=0.041452,predicted_seconds=0.031837,time_percent_error=23.195318,nthreads=35,end_time=189209.422604,avg_power_W=151.000000,max_power_W=151.000000,avg_time_s=0.041452,released_listeners=5,
start_task=,name=trsm_left,tick=19,start_time=189209.422658,nthreads=35,
message=tick stats,tick=19,estimated_current_power=63.900000,
end_task=,name=trsm_left,elapsed_seconds=0.039845,predicted_seconds=0.029037,time_percent_error=27.126192,nthreads=35,end_time=189209.472676,avg_power_W=143.000000,max_power_W=143.000000,avg_time_s=0.039845,released_listeners=5,
start_task=,name=trsm_right,tick=20,start_time=189209.472730,nthreads=35,
message=tick stats,tick=20,estimated_current_power=62.233333,
end_task=,name=trsm_right,elapsed_seconds=0.043509,predicted_seconds=0.031837,time_percent_error=26.826382,nthreads=35,end_time=189209.522747,avg_power_W=146.000000,max_power_W=146.000000,avg_time_s=0.043509,released_listeners=5,
start_task=,name=trsm_left,tick=21,start_time=189209.522801,nthreads=35,
message=tick stats,tick=21,estimated_current_power=63.900000,
end_task=,name=trsm_left,elapsed_seconds=0.041448,predicted_seconds=0.029037,time_percent_error=29.944022,nthreads=35,end_time=189209.572607,avg_power_W=150.000000,max_power_W=150.000000,avg_time_s=0.041448,released_listeners=5,
start_task=,name=trsm_right,tick=22,start_time=189209.572657,nthreads=35,
message=tick stats,tick=22,estimated_current_power=62.233333,
end_task=,name=trsm_right,elapsed_seconds=0.043218,predicted_seconds=0.031837,time_percent_error=26.333667,nthreads=35,end_time=189209.622976,avg_power_W=144.000000,max_power_W=144.000000,avg_time_s=0.043218,released_listeners=5,
start_task=,name=lu_gemmprofile,tick=23,start_time=189209.623037,nthreads=35,
message=tick stats,tick=23,estimated_current_power=0.000000,
end_task=,name=lu_gemmprofile,elapsed_seconds=0.532735,predicted_seconds=0.000000,time_percent_error=100.000000,nthreads=35,end_time=189210.172707,avg_power_W=151.000000,max_power_W=158.000000,avg_time_s=0.066592,released_listeners=1,
start_task=,name=lu_gemmprofile,tick=24,start_time=189210.172762,nthreads=35,
message=tick stats,tick=24,estimated_current_power=0.000000,
end_task=,name=lu_gemmprofile,elapsed_seconds=0.532884,predicted_seconds=0.000000,time_percent_error=100.000000,nthreads=35,end_time=189210.722654,avg_power_W=151.090909,max_power_W=157.000000,avg_time_s=0.066611,released_listeners=1,
start_task=,name=lu_gemmprofile,tick=25,start_time=189210.722708,nthreads=35,
message=tick stats,tick=25,estimated_current_power=0.000000,
end_task=,name=lu_gemmprofile,elapsed_seconds=0.559808,predicted_seconds=0.000000,time_percent_error=100.000000,nthreads=35,end_time=189211.283124,avg_power_W=153.909091,max_power_W=160.000000,avg_time_s=0.062201,released_listeners=1,
start_task=,name=lu_gemmprofile,tick=26,start_time=189211.283176,nthreads=35,
message=tick stats,tick=26,estimated_current_power=0.000000,
end_task=,name=lu_gemmprofile,elapsed_seconds=0.555247,predicted_seconds=0.000000,time_percent_error=100.000000,nthreads=35,end_time=189211.839089,avg_power_W=154.181818,max_power_W=157.000000,avg_time_s=0.061694,released_listeners=1,
start_task=,name=lu_gemmprofile,tick=27,start_time=189211.839142,nthreads=35,
message=tick stats,tick=27,estimated_current_power=0.000000,
end_task=,name=lu_gemmprofile,elapsed_seconds=0.551205,predicted_seconds=0.000000,time_percent_error=100.000000,nthreads=35,end_time=189212.390940,avg_power_W=154.818182,max_power_W=158.000000,avg_time_s=0.061245,released_listeners=1,
start_task=,name=lu_gemmprofile,tick=28,start_time=189212.390989,nthreads=35,
message=tick stats,tick=28,estimated_current_power=0.000000,
end_task=,name=lu_gemmprofile,elapsed_seconds=0.559027,predicted_seconds=0.000000,time_percent_error=100.000000,nthreads=35,end_time=189212.950709,avg_power_W=154.000000,max_power_W=159.000000,avg_time_s=0.062114,released_listeners=1,
start_task=,name=lu_gemmprofile,tick=29,start_time=189212.950757,nthreads=35,
message=tick stats,tick=29,estimated_current_power=0.000000,
end_task=,name=lu_gemmprofile,elapsed_seconds=0.556562,predicted_seconds=0.000000,time_percent_error=100.000000,nthreads=35,end_time=189213.522872,avg_power_W=154.166667,max_power_W=159.000000,avg_time_s=0.061840,released_listeners=1,
start_task=,name=lu_gemmprofile,tick=30,start_time=189213.522923,nthreads=35,
message=tick stats,tick=30,estimated_current_power=0.000000,
end_task=,name=lu_gemmprofile,elapsed_seconds=0.508172,predicted_seconds=0.000000,time_percent_error=100.000000,nthreads=35,end_time=189214.032105,avg_power_W=153.600000,max_power_W=159.000000,avg_time_s=0.063521,released_listeners=1,
start_task=,name=lu_gemmprofile,tick=31,start_time=189214.032197,nthreads=35,
message=tick stats,tick=31,estimated_current_power=0.000000,
end_task=,name=lu_gemmprofile,elapsed_seconds=0.521366,predicted_seconds=0.000000,time_percent_error=100.000000,nthreads=35,end_time=189214.554313,avg_power_W=150.800000,max_power_W=157.000000,avg_time_s=0.065171,released_listeners=1,
start_task=,name=lu_gemmprofile,tick=32,start_time=189214.554361,nthreads=35,
message=tick stats,tick=32,estimated_current_power=0.000000,
end_task=,name=lu_gemmprofile,elapsed_seconds=0.511228,predicted_seconds=0.000000,time_percent_error=100.000000,nthreads=35,end_time=189215.072774,avg_power_W=154.545455,max_power_W=159.000000,avg_time_s=0.063904,released_listeners=1,
start_task=,name=lu_gemmprofile,tick=33,start_time=189215.072827,nthreads=35,
message=tick stats,tick=33,estimated_current_power=0.000000,
end_task=,name=lu_gemmprofile,elapsed_seconds=0.508208,predicted_seconds=0.000000,time_percent_error=100.000000,nthreads=35,end_time=189215.581827,avg_power_W=153.200000,max_power_W=158.000000,avg_time_s=0.063526,released_listeners=1,
start_task=,name=lu_gemmprofile,tick=34,start_time=189215.581882,nthreads=35,
message=tick stats,tick=34,estimated_current_power=0.000000,
end_task=,name=lu_gemmprofile,elapsed_seconds=0.553462,predicted_seconds=0.000000,time_percent_error=100.000000,nthreads=35,end_time=189216.136045,avg_power_W=154.727273,max_power_W=158.000000,avg_time_s=0.061496,released_listeners=1,
start_task=,name=lu_gemmprofile,tick=35,start_time=189216.136096,nthreads=35,
message=tick stats,tick=35,estimated_current_power=0.000000,
end_task=,name=lu_gemmprofile,elapsed_seconds=0.558252,predicted_seconds=0.000000,time_percent_error=100.000000,nthreads=35,end_time=189216.695052,avg_power_W=152.727273,max_power_W=157.000000,avg_time_s=0.062028,released_listeners=1,
start_task=,name=lu_gemmprofile,tick=36,start_time=189216.695103,nthreads=35,
message=tick stats,tick=36,estimated_current_power=0.000000,
end_task=,name=lu_gemmprofile,elapsed_seconds=0.557798,predicted_seconds=0.000000,time_percent_error=100.000000,nthreads=35,end_time=189217.253638,avg_power_W=152.727273,max_power_W=158.000000,avg_time_s=0.061978,released_listeners=1,
start_task=,name=lu_gemmprofile,tick=37,start_time=189217.253687,nthreads=35,
message=tick stats,tick=37,estimated_current_power=0.000000,
end_task=,name=lu_gemmprofile,elapsed_seconds=0.564998,predicted_seconds=0.000000,time_percent_error=100.000000,nthreads=35,end_time=189217.822732,avg_power_W=153.250000,max_power_W=160.000000,avg_time_s=0.062778,released_listeners=1,
start_task=,name=lu_gemmprofile,tick=38,start_time=189217.822784,nthreads=35,
message=tick stats,tick=38,estimated_current_power=0.000000,
end_task=,name=lu_gemmprofile,elapsed_seconds=0.553680,predicted_seconds=0.000000,time_percent_error=100.000000,nthreads=35,end_time=189218.377174,avg_power_W=154.000000,max_power_W=160.000000,avg_time_s=0.061520,released_listeners=1,
start_task=,name=lu_gemmprofile,tick=39,start_time=189218.377222,nthreads=35,
message=tick stats,tick=39,estimated_current_power=0.000000,
end_task=,name=lu_gemmprofile,elapsed_seconds=0.509811,predicted_seconds=0.000000,time_percent_error=100.000000,nthreads=35,end_time=189218.887775,avg_power_W=153.500000,max_power_W=161.000000,avg_time_s=0.063726,released_listeners=1,
start_task=,name=lu_gemmprofile,tick=40,start_time=189218.887824,nthreads=35,
message=tick stats,tick=40,estimated_current_power=0.000000,
end_task=,name=lu_gemmprofile,elapsed_seconds=0.551101,predicted_seconds=0.000000,time_percent_error=100.000000,nthreads=35,end_time=189219.439628,avg_power_W=154.636364,max_power_W=160.000000,avg_time_s=0.061233,released_listeners=1,
start_task=,name=lu_gemmprofile,tick=41,start_time=189219.439677,nthreads=35,
message=tick stats,tick=41,estimated_current_power=0.000000,
end_task=,name=lu_gemmprofile,elapsed_seconds=0.507654,predicted_seconds=0.000000,time_percent_error=100.000000,nthreads=35,end_time=189219.948060,avg_power_W=153.700000,max_power_W=160.000000,avg_time_s=0.063457,released_listeners=1,
start_task=,name=lu_gemmprofile,tick=42,start_time=189219.948109,nthreads=35,
message=tick stats,tick=42,estimated_current_power=0.000000,
end_task=,name=lu_gemmprofile,elapsed_seconds=0.564807,predicted_seconds=0.000000,time_percent_error=100.000000,nthreads=35,end_time=189220.522322,avg_power_W=154.083333,max_power_W=159.000000,avg_time_s=0.062756,released_listeners=1,
start_task=,name=lu_gemmprofile,tick=43,start_time=189220.522374,nthreads=35,
message=tick stats,tick=43,estimated_current_power=0.000000,
end_task=,name=lu_gemmprofile,elapsed_seconds=0.549910,predicted_seconds=0.000000,time_percent_error=100.000000,nthreads=35,end_time=189221.072869,avg_power_W=154.909091,max_power_W=159.000000,avg_time_s=0.061101,released_listeners=1,
start_task=,name=lu_gemmprofile,tick=44,start_time=189221.072938,nthreads=35,
message=tick stats,tick=44,estimated_current_power=0.000000,
end_task=,name=lu_gemmprofile,elapsed_seconds=0.556563,predicted_seconds=0.000000,time_percent_error=100.000000,nthreads=35,end_time=189221.630070,avg_power_W=154.818182,max_power_W=159.000000,avg_time_s=0.061840,released_listeners=1,
start_task=,name=lu_gemmprofile,tick=45,start_time=189221.630132,nthreads=35,
message=tick stats,tick=45,estimated_current_power=0.000000,
end_task=,name=lu_gemmprofile,elapsed_seconds=0.562927,predicted_seconds=0.000000,time_percent_error=100.000000,nthreads=35,end_time=189222.193787,avg_power_W=154.363636,max_power_W=159.000000,avg_time_s=0.062547,released_listeners=1,
start_task=,name=lu_gemmprofile,tick=46,start_time=189222.193839,nthreads=35,
message=tick stats,tick=46,estimated_current_power=0.000000,
end_task=,name=lu_gemmprofile,elapsed_seconds=0.507961,predicted_seconds=0.000000,time_percent_error=100.000000,nthreads=35,end_time=189222.702488,avg_power_W=152.300000,max_power_W=159.000000,avg_time_s=0.063495,released_listeners=1,
start_task=,name=lu_gemmprofile,tick=47,start_time=189222.702537,nthreads=35,
message=tick stats,tick=47,estimated_current_power=0.000000,
end_task=,name=lu_gemmprofile,elapsed_seconds=0.530444,predicted_seconds=0.000000,time_percent_error=100.000000,nthreads=35,end_time=189223.233728,avg_power_W=153.818182,max_power_W=160.000000,avg_time_s=0.066305,released_listeners=1,
start_task=,name=lu_gemm,tick=48,start_time=189223.233777,nthreads=35,
message=tick stats,tick=48,estimated_current_power=64.863636,
end_task=,name=lu_gemm,elapsed_seconds=0.090687,predicted_seconds=0.051684,time_percent_error=43.008330,nthreads=35,end_time=189223.325169,avg_power_W=147.500000,max_power_W=155.000000,avg_time_s=0.090687,released_listeners=1,
start_task=,name=lu_gemm,tick=49,start_time=189223.325242,nthreads=35,
message=tick stats,tick=49,estimated_current_power=64.863636,
end_task=,name=lu_gemm,elapsed_seconds=0.089189,predicted_seconds=0.051684,time_percent_error=42.050707,nthreads=35,end_time=189223.422757,avg_power_W=145.000000,max_power_W=152.000000,avg_time_s=0.089189,released_listeners=0,
start_task=,name=lu_gemm,tick=50,start_time=189223.422815,nthreads=35,
message=tick stats,tick=50,estimated_current_power=64.863636,
end_task=,name=lu_gemm,elapsed_seconds=0.088528,predicted_seconds=0.051684,time_percent_error=41.618225,nthreads=35,end_time=189223.522759,avg_power_W=146.000000,max_power_W=156.000000,avg_time_s=0.088528,released_listeners=1,
start_task=,name=lu_gemm,tick=51,start_time=189223.522812,nthreads=35,
message=tick stats,tick=51,estimated_current_power=64.863636,
end_task=,name=lu_gemm,elapsed_seconds=0.089644,predicted_seconds=0.051684,time_percent_error=42.345066,nthreads=35,end_time=189223.622922,avg_power_W=147.000000,max_power_W=157.000000,avg_time_s=0.089644,released_listeners=0,
start_task=,name=lu_gemm,tick=52,start_time=189223.622974,nthreads=35,
message=tick stats,tick=52,estimated_current_power=64.863636,
end_task=,name=lu_gemm,elapsed_seconds=0.087413,predicted_seconds=0.051684,time_percent_error=40.873836,nthreads=35,end_time=189223.722775,avg_power_W=147.000000,max_power_W=157.000000,avg_time_s=0.087413,released_listeners=0,
start_task=,name=lu_gemm,tick=53,start_time=189223.722827,nthreads=35,
message=tick stats,tick=53,estimated_current_power=64.863636,
end_task=,name=lu_gemm,elapsed_seconds=0.090492,predicted_seconds=0.051684,time_percent_error=42.885362,nthreads=35,end_time=189223.822623,avg_power_W=146.000000,max_power_W=157.000000,avg_time_s=0.090492,released_listeners=0,
start_task=,name=lu_gemm,tick=54,start_time=189223.822675,nthreads=35,
message=tick stats,tick=54,estimated_current_power=64.863636,
end_task=,name=lu_gemm,elapsed_seconds=0.087404,predicted_seconds=0.051684,time_percent_error=40.867656,nthreads=35,end_time=189223.923379,avg_power_W=147.000000,max_power_W=158.000000,avg_time_s=0.087404,released_listeners=1,
start_task=,name=lu_gemm,tick=55,start_time=189223.923432,nthreads=35,
message=tick stats,tick=55,estimated_current_power=64.863636,
end_task=,name=lu_gemm,elapsed_seconds=0.087417,predicted_seconds=0.051684,time_percent_error=40.876116,nthreads=35,end_time=189224.022965,avg_power_W=147.000000,max_power_W=158.000000,avg_time_s=0.087417,released_listeners=1,
start_task=,name=lu_gemm,tick=56,start_time=189224.023019,nthreads=35,
message=tick stats,tick=56,estimated_current_power=64.863636,
end_task=,name=lu_gemm,elapsed_seconds=0.087391,predicted_seconds=0.051684,time_percent_error=40.859003,nthreads=35,end_time=189224.123347,avg_power_W=147.000000,max_power_W=158.000000,avg_time_s=0.087391,released_listeners=1,
start_task=,name=lu_gemm,tick=57,start_time=189224.123400,nthreads=35,
message=tick stats,tick=57,estimated_current_power=64.863636,
end_task=,name=lu_gemm,elapsed_seconds=0.087436,predicted_seconds=0.051684,time_percent_error=40.889322,nthreads=35,end_time=189224.222969,avg_power_W=146.000000,max_power_W=157.000000,avg_time_s=0.087436,released_listeners=1,
start_task=,name=lu_gemm,tick=58,start_time=189224.223022,nthreads=35,
message=tick stats,tick=58,estimated_current_power=64.863636,
end_task=,name=lu_gemm,elapsed_seconds=0.086392,predicted_seconds=0.051684,time_percent_error=40.174677,nthreads=35,end_time=189224.326059,avg_power_W=146.000000,max_power_W=157.000000,avg_time_s=0.086392,released_listeners=0,
start_task=,name=lu_gemm,tick=59,start_time=189224.326111,nthreads=35,
message=tick stats,tick=59,estimated_current_power=64.863636,
end_task=,name=lu_gemm,elapsed_seconds=0.088732,predicted_seconds=0.051684,time_percent_error=41.752585,nthreads=35,end_time=189224.422634,avg_power_W=146.500000,max_power_W=159.000000,avg_time_s=0.088732,released_listeners=0,
start_task=,name=lu_gemm,tick=60,start_time=189224.422685,nthreads=35,
message=tick stats,tick=60,estimated_current_power=64.863636,
end_task=,name=lu_gemm,elapsed_seconds=0.087868,predicted_seconds=0.051684,time_percent_error=41.180127,nthreads=35,end_time=189224.522379,avg_power_W=146.000000,max_power_W=158.000000,avg_time_s=0.087868,released_listeners=1,
start_task=,name=lu_gemm,tick=61,start_time=189224.522433,nthreads=35,
message=tick stats,tick=61,estimated_current_power=64.863636,
end_task=,name=lu_gemm,elapsed_seconds=0.088595,predicted_seconds=0.051684,time_percent_error=41.662766,nthreads=35,end_time=189224.622905,avg_power_W=146.500000,max_power_W=157.000000,avg_time_s=0.088595,released_listeners=0,
start_task=,name=lu_gemm,tick=62,start_time=189224.622957,nthreads=35,
message=tick stats,tick=62,estimated_current_power=64.863636,
end_task=,name=lu_gemm,elapsed_seconds=0.087682,predicted_seconds=0.051684,time_percent_error=41.054760,nthreads=35,end_time=189224.722747,avg_power_W=147.000000,max_power_W=157.000000,avg_time_s=0.087682,released_listeners=0,
start_task=,name=lu_gemm,tick=63,start_time=189224.722800,nthreads=35,
message=tick stats,tick=63,estimated_current_power=64.863636,
end_task=,name=lu_gemm,elapsed_seconds=0.089885,predicted_seconds=0.051684,time_percent_error=42.499571,nthreads=35,end_time=189224.822845,avg_power_W=146.000000,max_power_W=158.000000,avg_time_s=0.089885,released_listeners=0,
start_task=,name=lu_gemm,tick=64,start_time=189224.822897,nthreads=35,
message=tick stats,tick=64,estimated_current_power=64.863636,
end_task=,name=lu_gemm,elapsed_seconds=0.086553,predicted_seconds=0.051684,time_percent_error=40.286362,nthreads=35,end_time=189224.922901,avg_power_W=146.000000,max_power_W=157.000000,avg_time_s=0.086553,released_listeners=1,
start_task=,name=lu_gemm,tick=65,start_time=189224.922955,nthreads=35,
message=tick stats,tick=65,estimated_current_power=64.863636,
end_task=,name=lu_gemm,elapsed_seconds=0.086790,predicted_seconds=0.051684,time_percent_error=40.449120,nthreads=35,end_time=189225.022953,avg_power_W=143.500000,max_power_W=152.000000,avg_time_s=0.086790,released_listeners=0,
start_task=,name=lu_gemm,tick=66,start_time=189225.023006,nthreads=35,
message=tick stats,tick=66,estimated_current_power=64.863636,
end_task=,name=lu_gemm,elapsed_seconds=0.085248,predicted_seconds=0.051684,time_percent_error=39.371786,nthreads=35,end_time=189225.122972,avg_power_W=146.000000,max_power_W=156.000000,avg_time_s=0.085248,released_listeners=0,
start_task=,name=lu_gemm,tick=67,start_time=189225.123024,nthreads=35,
message=tick stats,tick=67,estimated_current_power=64.863636,
end_task=,name=lu_gemm,elapsed_seconds=0.083393,predicted_seconds=0.051684,time_percent_error=38.023170,nthreads=35,end_time=189225.223226,avg_power_W=145.500000,max_power_W=156.000000,avg_time_s=0.083393,released_listeners=0,
start_task=,name=lu_gemm,tick=68,start_time=189225.223285,nthreads=35,
message=tick stats,tick=68,estimated_current_power=64.863636,
end_task=,name=lu_gemm,elapsed_seconds=0.086503,predicted_seconds=0.051684,time_percent_error=40.251977,nthreads=35,end_time=189225.323180,avg_power_W=145.500000,max_power_W=156.000000,avg_time_s=0.086503,released_listeners=1,
start_task=,name=lu_gemm,tick=69,start_time=189225.323233,nthreads=35,
message=tick stats,tick=69,estimated_current_power=64.863636,
end_task=,name=lu_gemm,elapsed_seconds=0.085772,predicted_seconds=0.051684,time_percent_error=39.742287,nthreads=35,end_time=189225.422300,avg_power_W=144.500000,max_power_W=154.000000,avg_time_s=0.085772,released_listeners=0,
start_task=,name=lu_gemm,tick=70,start_time=189225.422352,nthreads=35,
message=tick stats,tick=70,estimated_current_power=64.863636,
end_task=,name=lu_gemm,elapsed_seconds=0.084932,predicted_seconds=0.051684,time_percent_error=39.146547,nthreads=35,end_time=189225.523029,avg_power_W=148.000000,max_power_W=158.000000,avg_time_s=0.084932,released_listeners=0,
start_task=,name=lu_gemm,tick=71,start_time=189225.523081,nthreads=35,
message=tick stats,tick=71,estimated_current_power=64.863636,
end_task=,name=lu_gemm,elapsed_seconds=0.085955,predicted_seconds=0.051684,time_percent_error=39.870774,nthreads=35,end_time=189225.623343,avg_power_W=147.500000,max_power_W=159.000000,avg_time_s=0.085955,released_listeners=0,
start_task=,name=lu_gemm,tick=72,start_time=189225.623395,nthreads=35,
message=tick stats,tick=72,estimated_current_power=64.863636,
end_task=,name=lu_gemm,elapsed_seconds=0.084285,predicted_seconds=0.051684,time_percent_error=38.679389,nthreads=35,end_time=189225.723053,avg_power_W=147.000000,max_power_W=158.000000,avg_time_s=0.084285,released_listeners=0,
start_task=,name=getrfprofile,tick=73,start_time=189225.723106,nthreads=35,
message=tick stats,tick=73,estimated_current_power=0.000000,
end_task=,name=getrfprofile,elapsed_seconds=0.539656,predicted_seconds=0.000000,time_percent_error=100.000000,nthreads=35,end_time=189226.272749,avg_power_W=141.272727,max_power_W=158.000000,avg_time_s=0.269828,released_listeners=1,
start_task=,name=getrf,tick=74,start_time=189226.272801,nthreads=35,
message=tick stats,tick=74,estimated_current_power=56.100000,
end_task=,name=getrf,elapsed_seconds=0.290302,predicted_seconds=0.248467,time_percent_error=14.410902,nthreads=35,end_time=189226.572261,avg_power_W=137.833333,max_power_W=139.000000,avg_time_s=0.290302,released_listeners=8,
start_task=,name=trsm_leftprofile,tick=75,start_time=189226.572315,nthreads=35,
message=tick stats,tick=75,estimated_current_power=0.000000,
end_task=,name=trsm_leftprofile,elapsed_seconds=0.527881,predicted_seconds=0.000000,time_percent_error=100.000000,nthreads=35,end_time=189227.100944,avg_power_W=153.700000,max_power_W=158.000000,avg_time_s=0.035192,released_listeners=1,
start_task=,name=trsm_rightprofile,tick=76,start_time=189227.100993,nthreads=35,
message=tick stats,tick=76,estimated_current_power=0.000000,
end_task=,name=trsm_rightprofile,elapsed_seconds=0.523979,predicted_seconds=0.000000,time_percent_error=100.000000,nthreads=35,end_time=189227.625715,avg_power_W=155.636364,max_power_W=157.000000,avg_time_s=0.037427,released_listeners=1,
start_task=,name=trsm_leftprofile,tick=77,start_time=189227.625766,nthreads=35,
message=tick stats,tick=77,estimated_current_power=0.000000,
end_task=,name=trsm_leftprofile,elapsed_seconds=0.533336,predicted_seconds=0.000000,time_percent_error=100.000000,nthreads=35,end_time=189228.173187,avg_power_W=156.909091,max_power_W=159.000000,avg_time_s=0.033334,released_listeners=1,
start_task=,name=trsm_rightprofile,tick=78,start_time=189228.173242,nthreads=35,
message=tick stats,tick=78,estimated_current_power=0.000000,
end_task=,name=trsm_rightprofile,elapsed_seconds=0.519982,predicted_seconds=0.000000,time_percent_error=100.000000,nthreads=35,end_time=189228.693951,avg_power_W=154.400000,max_power_W=157.000000,avg_time_s=0.037142,released_listeners=1,
start_task=,name=trsm_leftprofile,tick=79,start_time=189228.694006,nthreads=35,
message=tick stats,tick=79,estimated_current_power=0.000000,
end_task=,name=trsm_leftprofile,elapsed_seconds=0.532750,predicted_seconds=0.000000,time_percent_error=100.000000,nthreads=35,end_time=189229.227526,avg_power_W=156.000000,max_power_W=158.000000,avg_time_s=0.033297,released_listeners=1,
start_task=,name=trsm_rightprofile,tick=80,start_time=189229.227575,nthreads=35,
message=tick stats,tick=80,estimated_current_power=0.000000,
end_task=,name=trsm_rightprofile,elapsed_seconds=0.523049,predicted_seconds=0.000000,time_percent_error=100.000000,nthreads=35,end_time=189229.751372,avg_power_W=155.100000,max_power_W=157.000000,avg_time_s=0.037361,released_listeners=1,
start_task=,name=trsm_leftprofile,tick=81,start_time=189229.751421,nthreads=35,
message=tick stats,tick=81,estimated_current_power=0.000000,
end_task=,name=trsm_leftprofile,elapsed_seconds=0.527333,predicted_seconds=0.000000,time_percent_error=100.000000,nthreads=35,end_time=189230.279531,avg_power_W=155.818182,max_power_W=157.000000,avg_time_s=0.035156,released_listeners=1,
start_task=,name=trsm_rightprofile,tick=82,start_time=189230.279580,nthreads=35,
message=tick stats,tick=82,estimated_current_power=0.000000,
end_task=,name=trsm_rightprofile,elapsed_seconds=0.530980,predicted_seconds=0.000000,time_percent_error=100.000000,nthreads=35,end_time=189230.823013,avg_power_W=154.545455,max_power_W=156.000000,avg_time_s=0.037927,released_listeners=1,
start_task=,name=trsm_left,tick=83,start_time=189230.823066,nthreads=35,
message=tick stats,tick=83,estimated_current_power=63.900000,
end_task=,name=trsm_left,elapsed_seconds=0.039176,predicted_seconds=0.029037,time_percent_error=25.881810,nthreads=35,end_time=189230.872560,avg_power_W=154.000000,max_power_W=154.000000,avg_time_s=0.039176,released_listeners=4,
start_task=,name=trsm_right,tick=84,start_time=189230.872614,nthreads=35,
message=tick stats,tick=84,estimated_current_power=62.233333,
end_task=,name=trsm_right,elapsed_seconds=0.045842,predicted_seconds=0.031837,time_percent_error=30.549258,nthreads=35,end_time=189230.923372,avg_power_W=145.000000,max_power_W=145.000000,avg_time_s=0.045842,released_listeners=4,
start_task=,name=trsm_left,tick=85,start_time=189230.923426,nthreads=35,
message=tick stats,tick=85,estimated_current_power=63.900000,
end_task=,name=trsm_left,elapsed_seconds=0.037932,predicted_seconds=0.029037,time_percent_error=23.451011,nthreads=35,end_time=189230.972679,avg_power_W=151.000000,max_power_W=151.000000,avg_time_s=0.037932,released_listeners=4,
start_task=,name=trsm_right,tick=86,start_time=189230.972729,nthreads=35,
message=tick stats,tick=86,estimated_current_power=62.233333,
end_task=,name=trsm_right,elapsed_seconds=0.043884,predicted_seconds=0.031837,time_percent_error=27.451111,nthreads=35,end_time=189231.023624,avg_power_W=149.000000,max_power_W=149.000000,avg_time_s=0.043884,released_listeners=4,
start_task=,name=trsm_left,tick=87,start_time=189231.023679,nthreads=35,
message=tick stats,tick=87,estimated_current_power=63.900000,
end_task=,name=trsm_left,elapsed_seconds=0.038170,predicted_seconds=0.029037,time_percent_error=23.929109,nthreads=35,end_time=189231.072654,avg_power_W=147.000000,max_power_W=147.000000,avg_time_s=0.038170,released_listeners=4,
start_task=,name=trsm_right,tick=88,start_time=189231.072708,nthreads=35,
message=tick stats,tick=88,estimated_current_power=62.233333,
end_task=,name=trsm_right,elapsed_seconds=0.044019,predicted_seconds=0.031837,time_percent_error=27.674260,nthreads=35,end_time=189231.123329,avg_power_W=151.000000,max_power_W=151.000000,avg_time_s=0.044019,released_listeners=4,
start_task=,name=trsm_left,tick=89,start_time=189231.123383,nthreads=35,
message=tick stats,tick=89,estimated_current_power=63.900000,
end_task=,name=trsm_left,elapsed_seconds=0.039377,predicted_seconds=0.029037,time_percent_error=26.260803,nthreads=35,end_time=189231.172714,avg_power_W=143.000000,max_power_W=143.000000,avg_time_s=0.039377,released_listeners=4,
start_task=,name=trsm_right,tick=90,start_time=189231.172776,nthreads=35,
message=tick stats,tick=90,estimated_current_power=62.233333,
end_task=,name=trsm_right,elapsed_seconds=0.042458,predicted_seconds=0.031837,time_percent_error=25.014069,nthreads=35,end_time=189231.223345,avg_power_W=152.000000,max_power_W=152.000000,avg_time_s=0.042458,released_listeners=4,
start_task=,name=lu_gemmprofile,tick=91,start_time=189231.223399,nthreads=35,
message=tick stats,tick=91,estimated_current_power=0.000000,
end_task=,name=lu_gemmprofile,elapsed_seconds=0.561639,predicted_seconds=0.000000,time_percent_error=100.000000,nthreads=35,end_time=189231.785793,avg_power_W=152.181818,max_power_W=158.000000,avg_time_s=0.062404,released_listeners=1,
start_task=,name=lu_gemmprofile,tick=92,start_time=189231.785842,nthreads=35,
message=tick stats,tick=92,estimated_current_power=0.000000,
end_task=,name=lu_gemmprofile,elapsed_seconds=0.511510,predicted_seconds=0.000000,time_percent_error=100.000000,nthreads=35,end_time=189232.298074,avg_power_W=152.700000,max_power_W=161.000000,avg_time_s=0.063939,released_listeners=1,
start_task=,name=lu_gemmprofile,tick=93,start_time=189232.298124,nthreads=35,
message=tick stats,tick=93,estimated_current_power=0.000000,
end_task=,name=lu_gemmprofile,elapsed_seconds=0.558951,predicted_seconds=0.000000,time_percent_error=100.000000,nthreads=35,end_time=189232.872743,avg_power_W=153.500000,max_power_W=159.000000,avg_time_s=0.062106,released_listeners=1,
start_task=,name=lu_gemmprofile,tick=94,start_time=189232.872795,nthreads=35,
message=tick stats,tick=94,estimated_current_power=0.000000,
end_task=,name=lu_gemmprofile,elapsed_seconds=0.550675,predicted_seconds=0.000000,time_percent_error=100.000000,nthreads=35,end_time=189233.424223,avg_power_W=154.636364,max_power_W=160.000000,avg_time_s=0.061186,released_listeners=1,
start_task=,name=lu_gemmprofile,tick=95,start_time=189233.424276,nthreads=35,
message=tick stats,tick=95,estimated_current_power=0.000000,
end_task=,name=lu_gemmprofile,elapsed_seconds=0.553168,predicted_seconds=0.000000,time_percent_error=100.000000,nthreads=35,end_time=189233.978226,avg_power_W=154.363636,max_power_W=159.000000,avg_time_s=0.061463,released_listeners=1,
start_task=,name=lu_gemmprofile,tick=96,start_time=189233.978277,nthreads=35,
message=tick stats,tick=96,estimated_current_power=0.000000,
end_task=,name=lu_gemmprofile,elapsed_seconds=0.542897,predicted_seconds=0.000000,time_percent_error=100.000000,nthreads=35,end_time=189234.523398,avg_power_W=154.727273,max_power_W=160.000000,avg_time_s=0.060322,released_listeners=1,
start_task=,name=lu_gemmprofile,tick=97,start_time=189234.523452,nthreads=35,
message=tick stats,tick=97,estimated_current_power=0.000000,
end_task=,name=lu_gemmprofile,elapsed_seconds=0.558728,predicted_seconds=0.000000,time_percent_error=100.000000,nthreads=35,end_time=189235.082906,avg_power_W=154.727273,max_power_W=160.000000,avg_time_s=0.062081,released_listeners=1,
start_task=,name=lu_gemmprofile,tick=98,start_time=189235.082956,nthreads=35,
message=tick stats,tick=98,estimated_current_power=0.000000,
end_task=,name=lu_gemmprofile,elapsed_seconds=0.559311,predicted_seconds=0.000000,time_percent_error=100.000000,nthreads=35,end_time=189235.642956,avg_power_W=154.181818,max_power_W=158.000000,avg_time_s=0.062146,released_listeners=1,
start_task=,name=lu_gemmprofile,tick=99,start_time=189235.643006,nthreads=35,
message=tick stats,tick=99,estimated_current_power=0.000000,
end_task=,name=lu_gemmprofile,elapsed_seconds=0.513871,predicted_seconds=0.000000,time_percent_error=100.000000,nthreads=35,end_time=189236.172921,avg_power_W=153.636364,max_power_W=157.000000,avg_time_s=0.064234,released_listeners=1,
start_task=,name=lu_gemmprofile,tick=100,start_time=189236.172974,nthreads=35,
message=tick stats,tick=100,estimated_current_power=0.000000,
end_task=,name=lu_gemmprofile,elapsed_seconds=0.514711,predicted_seconds=0.000000,time_percent_error=100.000000,nthreads=35,end_time=189236.688304,avg_power_W=153.000000,max_power_W=158.000000,avg_time_s=0.064339,released_listeners=1,
start_task=,name=lu_gemmprofile,tick=101,start_time=189236.688360,nthreads=35,
message=tick stats,tick=101,estimated_current_power=0.000000,
end_task=,name=lu_gemmprofile,elapsed_seconds=0.564175,predicted_seconds=0.000000,time_percent_error=100.000000,nthreads=35,end_time=189237.253270,avg_power_W=154.545455,max_power_W=161.000000,avg_time_s=0.062686,released_listeners=1,
start_task=,name=lu_gemmprofile,tick=102,start_time=189237.253321,nthreads=35,
message=tick stats,tick=102,estimated_current_power=0.000000,
end_task=,name=lu_gemmprofile,elapsed_seconds=0.509511,predicted_seconds=0.000000,time_percent_error=100.000000,nthreads=35,end_time=189237.772485,avg_power_W=154.181818,max_power_W=158.000000,avg_time_s=0.063689,released_listeners=1,
start_task=,name=lu_gemmprofile,tick=103,start_time=189237.772539,nthreads=35,
message=tick stats,tick=103,estimated_current_power=0.000000,
end_task=,name=lu_gemmprofile,elapsed_seconds=0.560846,predicted_seconds=0.000000,time_percent_error=100.000000,nthreads=35,end_time=189238.334108,avg_power_W=154.909091,max_power_W=160.000000,avg_time_s=0.062316,released_listeners=1,
start_task=,name=lu_gemmprofile,tick=104,start_time=189238.334164,nthreads=35,
message=tick stats,tick=104,estimated_current_power=0.000000,
end_task=,name=lu_gemmprofile,elapsed_seconds=0.506572,predicted_seconds=0.000000,time_percent_error=100.000000,nthreads=35,end_time=189238.841494,avg_power_W=153.400000,max_power_W=160.000000,avg_time_s=0.063322,released_listeners=1,
start_task=,name=lu_gemmprofile,tick=105,start_time=189238.841545,nthreads=35,
message=tick stats,tick=105,estimated_current_power=0.000000,
end_task=,name=lu_gemmprofile,elapsed_seconds=0.565073,predicted_seconds=0.000000,time_percent_error=100.000000,nthreads=35,end_time=189239.422933,avg_power_W=154.916667,max_power_W=159.000000,avg_time_s=0.062786,released_listeners=1,
start_task=,name=lu_gemmprofile,tick=106,start_time=189239.422989,nthreads=35,
message=tick stats,tick=106,estimated_current_power=0.000000,
end_task=,name=lu_gemmprofile,elapsed_seconds=0.519536,predicted_seconds=0.000000,time_percent_error=100.000000,nthreads=35,end_time=189239.943108,avg_power_W=153.500000,max_power_W=157.000000,avg_time_s=0.064942,released_listeners=1,
start_task=,name=lu_gemm,tick=107,start_time=189239.943165,nthreads=35,
message=tick stats,tick=107,estimated_current_power=64.863636,
end_task=,name=lu_gemm,elapsed_seconds=0.090502,predicted_seconds=0.051684,time_percent_error=42.891545,nthreads=35,end_time=189240.034378,avg_power_W=150.500000,max_power_W=152.000000,avg_time_s=0.090502,released_listeners=1,
start_task=,name=lu_gemm,tick=108,start_time=189240.034429,nthreads=35,
message=tick stats,tick=108,estimated_current_power=64.863636,
end_task=,name=lu_gemm,elapsed_seconds=0.091601,predicted_seconds=0.051684,time_percent_error=43.576781,nthreads=35,end_time=189240.126682,avg_power_W=143.500000,max_power_W=147.000000,avg_time_s=0.091601,released_listeners=1,
start_task=,name=lu_gemm,tick=109,start_time=189240.126733,nthreads=35,
message=tick stats,tick=109,estimated_current_power=64.863636,
end_task=,name=lu_gemm,elapsed_seconds=0.091465,predicted_seconds=0.051684,time_percent_error=43.492856,nthreads=35,end_time=189240.222760,avg_power_W=145.500000,max_power_W=150.000000,avg_time_s=0.091465,released_listeners=1,
start_task=,name=lu_gemm,tick=110,start_time=189240.222815,nthreads=35,
message=tick stats,tick=110,estimated_current_power=64.863636,
end_task=,name=lu_gemm,elapsed_seconds=0.090808,predicted_seconds=0.051684,time_percent_error=43.083921,nthreads=35,end_time=189240.323464,avg_power_W=142.500000,max_power_W=152.000000,avg_time_s=0.090808,released_listeners=0,
start_task=,name=lu_gemm,tick=111,start_time=189240.323518,nthreads=35,
message=tick stats,tick=111,estimated_current_power=64.863636,
end_task=,name=lu_gemm,elapsed_seconds=0.093121,predicted_seconds=0.051684,time_percent_error=44.497995,nthreads=35,end_time=189240.423334,avg_power_W=144.000000,max_power_W=156.000000,avg_time_s=0.093121,released_listeners=1,
start_task=,name=lu_gemm,tick=112,start_time=189240.423396,nthreads=35,
message=tick stats,tick=112,estimated_current_power=64.863636,
end_task=,name=lu_gemm,elapsed_seconds=0.091220,predicted_seconds=0.051684,time_percent_error=43.341501,nthreads=35,end_time=189240.523472,avg_power_W=145.500000,max_power_W=155.000000,avg_time_s=0.091220,released_listeners=0,
start_task=,name=lu_gemm,tick=113,start_time=189240.523524,nthreads=35,
message=tick stats,tick=113,estimated_current_power=64.863636,
end_task=,name=lu_gemm,elapsed_seconds=0.092886,predicted_seconds=0.051684,time_percent_error=44.357251,nthreads=35,end_time=189240.622794,avg_power_W=146.000000,max_power_W=156.000000,avg_time_s=0.092886,released_listeners=1,
start_task=,name=lu_gemm,tick=114,start_time=189240.622847,nthreads=35,
message=tick stats,tick=114,estimated_current_power=64.863636,
end_task=,name=lu_gemm,elapsed_seconds=0.089051,predicted_seconds=0.051684,time_percent_error=41.960979,nthreads=35,end_time=189240.722683,avg_power_W=145.500000,max_power_W=156.000000,avg_time_s=0.089051,released_listeners=0,
start_task=,name=lu_gemm,tick=115,start_time=189240.722737,nthreads=35,
message=tick stats,tick=115,estimated_current_power=64.863636,
end_task=,name=lu_gemm,elapsed_seconds=0.089172,predicted_seconds=0.051684,time_percent_error=42.039860,nthreads=35,end_time=189240.822799,avg_power_W=144.500000,max_power_W=155.000000,avg_time_s=0.089172,released_listeners=0,
start_task=,name=lu_gemm,tick=116,start_time=189240.822852,nthreads=35,
message=tick stats,tick=116,estimated_current_power=64.863636,
end_task=,name=lu_gemm,elapsed_seconds=0.089794,predicted_seconds=0.051684,time_percent_error=42.441774,nthreads=35,end_time=189240.922670,avg_power_W=146.500000,max_power_W=157.000000,avg_time_s=0.089794,released_listeners=1,
start_task=,name=lu_gemm,tick=117,start_time=189240.922723,nthreads=35,
message=tick stats,tick=117,estimated_current_power=64.863636,
end_task=,name=lu_gemm,elapsed_seconds=0.086969,predicted_seconds=0.051684,time_percent_error=40.571528,nthreads=35,end_time=189241.022796,avg_power_W=147.000000,max_power_W=158.000000,avg_time_s=0.086969,released_listeners=0,
start_task=,name=lu_gemm,tick=118,start_time=189241.022850,nthreads=35,
message=tick stats,tick=118,estimated_current_power=64.863636,
end_task=,name=lu_gemm,elapsed_seconds=0.088832,predicted_seconds=0.051684,time_percent_error=41.817851,nthreads=35,end_time=189241.122800,avg_power_W=145.500000,max_power_W=155.000000,avg_time_s=0.088832,released_listeners=0,
start_task=,name=lu_gemm,tick=119,start_time=189241.122853,nthreads=35,
message=tick stats,tick=119,estimated_current_power=64.863636,
end_task=,name=lu_gemm,elapsed_seconds=0.088595,predicted_seconds=0.051684,time_percent_error=41.662332,nthreads=35,end_time=189241.222751,avg_power_W=147.000000,max_power_W=158.000000,avg_time_s=0.088595,released_listeners=1,
start_task=,name=lu_gemm,tick=120,start_time=189241.222805,nthreads=35,
message=tick stats,tick=120,estimated_current_power=64.863636,
end_task=,name=lu_gemm,elapsed_seconds=0.087962,predicted_seconds=0.051684,time_percent_error=41.242805,nthreads=35,end_time=189241.322637,avg_power_W=147.000000,max_power_W=158.000000,avg_time_s=0.087962,released_listeners=0,
start_task=,name=lu_gemm,tick=121,start_time=189241.322690,nthreads=35,
message=tick stats,tick=121,estimated_current_power=64.863636,
end_task=,name=lu_gemm,elapsed_seconds=0.089045,predicted_seconds=0.051684,time_percent_error=41.956999,nthreads=35,end_time=189241.423226,avg_power_W=146.500000,max_power_W=157.000000,avg_time_s=0.089045,released_listeners=0,
start_task=,name=lu_gemm,tick=122,start_time=189241.423278,nthreads=35,
message=tick stats,tick=122,estimated_current_power=64.863636,
end_task=,name=lu_gemm,elapsed_seconds=0.089077,predicted_seconds=0.051684,time_percent_error=41.978253,nthreads=35,end_time=189241.522634,avg_power_W=146.000000,max_power_W=158.000000,avg_time_s=0.089077,released_listeners=0,
start_task=,name=getrfprofile,tick=123,start_time=189241.522686,nthreads=35,
message=tick stats,tick=123,estimated_current_power=0.000000,
end_task=,name=getrfprofile,elapsed_seconds=0.562693,predicted_seconds=0.000000,time_percent_error=100.000000,nthreads=35,end_time=189242.086084,avg_power_W=141.454545,max_power_W=158.000000,avg_time_s=0.281346,released_listeners=1,
start_task=,name=getrf,tick=124,start_time=189242.086138,nthreads=35,
message=tick stats,tick=124,estimated_current_power=56.100000,
end_task=,name=getrf,elapsed_seconds=0.301056,predicted_seconds=0.248467,time_percent_error=17.468334,nthreads=35,end_time=189242.387960,avg_power_W=138.500000,max_power_W=139.000000,avg_time_s=0.301056,released_listeners=6,
start_task=,name=trsm_leftprofile,tick=125,start_time=189242.388010,nthreads=35,
message=tick stats,tick=125,estimated_current_power=0.000000,
end_task=,name=trsm_leftprofile,elapsed_seconds=0.529114,predicted_seconds=0.000000,time_percent_error=100.000000,nthreads=35,end_time=189242.922861,avg_power_W=151.909091,max_power_W=157.000000,avg_time_s=0.035274,released_listeners=1,
start_task=,name=trsm_rightprofile,tick=126,start_time=189242.922914,nthreads=35,
message=tick stats,tick=126,estimated_current_power=0.000000,
end_task=,name=trsm_rightprofile,elapsed_seconds=0.542779,predicted_seconds=0.000000,time_percent_error=100.000000,nthreads=35,end_time=189243.472735,avg_power_W=154.545455,max_power_W=156.000000,avg_time_s=0.038770,released_listeners=1,
start_task=,name=trsm_leftprofile,tick=127,start_time=189243.472788,nthreads=35,
message=tick stats,tick=127,estimated_current_power=0.000000,
end_task=,name=trsm_leftprofile,elapsed_seconds=0.536273,predicted_seconds=0.000000,time_percent_error=100.000000,nthreads=35,end_time=189244.022463,avg_power_W=154.181818,max_power_W=156.000000,avg_time_s=0.035752,released_listeners=1,
start_task=,name=trsm_rightprofile,tick=128,start_time=189244.022516,nthreads=35,
message=tick stats,tick=128,estimated_current_power=0.000000,
end_task=,name=trsm_rightprofile,elapsed_seconds=0.543635,predicted_seconds=0.000000,time_percent_error=100.000000,nthreads=35,end_time=189244.572635,avg_power_W=153.181818,max_power_W=157.000000,avg_time_s=0.038831,released_listeners=1,
start_task=,name=trsm_leftprofile,tick=129,start_time=189244.572687,nthreads=35,
message=tick stats,tick=129,estimated_current_power=0.000000,
end_task=,name=trsm_leftprofile,elapsed_seconds=0.530181,predicted_seconds=0.000000,time_percent_error=100.000000,nthreads=35,end_time=189245.103825,avg_power_W=154.400000,max_power_W=156.000000,avg_time_s=0.035345,released_listeners=1,
start_task=,name=trsm_rightprofile,tick=130,start_time=189245.103877,nthreads=35,
message=tick stats,tick=130,estimated_current_power=0.000000,
end_task=,name=trsm_rightprofile,elapsed_seconds=0.541106,predicted_seconds=0.000000,time_percent_error=100.000000,nthreads=35,end_time=189245.645701,avg_power_W=154.818182,max_power_W=157.000000,avg_time_s=0.038650,released_listeners=1,
start_task=,name=trsm_left,tick=131,start_time=189245.645753,nthreads=35,
message=tick stats,tick=131,estimated_current_power=63.900000,
end_task=,name=trsm_left,elapsed_seconds=0.041021,predicted_seconds=0.029037,time_percent_error=29.215139,nthreads=35,end_time=189245.687454,avg_power_W=155.000000,max_power_W=155.000000,avg_time_s=0.041021,released_listeners=3,
start_task=,name=trsm_right,tick=132,start_time=189245.687505,nthreads=35,
message=tick stats,tick=132,estimated_current_power=62.233333,
end_task=,name=trsm_right,elapsed_seconds=0.043176,predicted_seconds=0.031837,time_percent_error=26.261397,nthreads=35,end_time=189245.731371,avg_power_W=156.000000,max_power_W=156.000000,avg_time_s=0.043176,released_listeners=3,
start_task=,name=trsm_left,tick=133,start_time=189245.731422,nthreads=35,
message=tick stats,tick=133,estimated_current_power=63.900000,
end_task=,name=trsm_left,elapsed_seconds=0.039628,predicted_seconds=0.029037,time_percent_error=26.726762,nthreads=35,end_time=189245.773044,avg_power_W=148.000000,max_power_W=148.000000,avg_time_s=0.039628,released_listeners=3,
start_task=,name=trsm_right,tick=134,start_time=189245.773098,nthreads=35,
message=tick stats,tick=134,estimated_current_power=62.233333,
end_task=,name=trsm_right,elapsed_seconds=0.043416,predicted_seconds=0.031837,time_percent_error=26.669575,nthreads=35,end_time=189245.822662,avg_power_W=149.000000,max_power_W=149.000000,avg_time_s=0.043416,released_listeners=3,
start_task=,name=trsm_left,tick=135,start_time=189245.822717,nthreads=35,
message=tick stats,tick=135,estimated_current_power=63.900000,
end_task=,name=trsm_left,elapsed_seconds=0.039989,predicted_seconds=0.029037,time_percent_error=27.389276,nthreads=35,end_time=189245.872800,avg_power_W=150.000000,max_power_W=150.000000,avg_time_s=0.039989,released_listeners=3,
start_task=,name=trsm_right,tick=136,start_time=189245.872854,nthreads=35,
message=tick stats,tick=136,estimated_current_power=62.233333,
end_task=,name=trsm_right,elapsed_seconds=0.043523,predicted_seconds=0.031837,time_percent_error=26.849771,nthreads=35,end_time=189245.922657,avg_power_W=146.000000,max_power_W=146.000000,avg_time_s=0.043523,released_listeners=3,
start_task=,name=lu_gemmprofile,tick=137,start_time=189245.922710,nthreads=35,
message=tick stats,tick=137,estimated_current_power=0.000000,
end_task=,name=lu_gemmprofile,elapsed_seconds=0.559250,predicted_seconds=0.000000,time_percent_error=100.000000,nthreads=35,end_time=189246.482731,avg_power_W=154.000000,max_power_W=159.000000,avg_time_s=0.062139,released_listeners=1,
start_task=,name=lu_gemmprofile,tick=138,start_time=189246.482780,nthreads=35,
message=tick stats,tick=138,estimated_current_power=0.000000,
end_task=,name=lu_gemmprofile,elapsed_seconds=0.508994,predicted_seconds=0.000000,time_percent_error=100.000000,nthreads=35,end_time=189246.992460,avg_power_W=154.700000,max_power_W=159.000000,avg_time_s=0.063624,released_listeners=1,
start_task=,name=lu_gemmprofile,tick=139,start_time=189246.992510,nthreads=35,
message=tick stats,tick=139,estimated_current_power=0.000000,
end_task=,name=lu_gemmprofile,elapsed_seconds=0.552136,predicted_seconds=0.000000,time_percent_error=100.000000,nthreads=35,end_time=189247.545343,avg_power_W=154.090909,max_power_W=158.000000,avg_time_s=0.061348,released_listeners=1,
start_task=,name=lu_gemmprofile,tick=140,start_time=189247.545392,nthreads=35,
message=tick stats,tick=140,estimated_current_power=0.000000,
end_task=,name=lu_gemmprofile,elapsed_seconds=0.560056,predicted_seconds=0.000000,time_percent_error=100.000000,nthreads=35,end_time=189248.106046,avg_power_W=153.636364,max_power_W=158.000000,avg_time_s=0.062228,released_listeners=1,
start_task=,name=lu_gemmprofile,tick=141,start_time=189248.106095,nthreads=35,
message=tick stats,tick=141,estimated_current_power=0.000000,
end_task=,name=lu_gemmprofile,elapsed_seconds=0.565244,predicted_seconds=0.000000,time_percent_error=100.000000,nthreads=35,end_time=189248.673149,avg_power_W=154.583333,max_power_W=160.000000,avg_time_s=0.062805,released_listeners=1,
start_task=,name=lu_gemmprofile,tick=142,start_time=189248.673276,nthreads=35,
message=tick stats,tick=142,estimated_current_power=0.000000,
end_task=,name=lu_gemmprofile,elapsed_seconds=0.519575,predicted_seconds=0.000000,time_percent_error=100.000000,nthreads=35,end_time=189249.193585,avg_power_W=154.300000,max_power_W=158.000000,avg_time_s=0.064947,released_listeners=1,
start_task=,name=lu_gemmprofile,tick=143,start_time=189249.193634,nthreads=35,
message=tick stats,tick=143,estimated_current_power=0.000000,
end_task=,name=lu_gemmprofile,elapsed_seconds=0.510667,predicted_seconds=0.000000,time_percent_error=100.000000,nthreads=35,end_time=189249.705003,avg_power_W=151.800000,max_power_W=157.000000,avg_time_s=0.063833,released_listeners=1,
start_task=,name=lu_gemmprofile,tick=144,start_time=189249.705053,nthreads=35,
message=tick stats,tick=144,estimated_current_power=0.000000,
end_task=,name=lu_gemmprofile,elapsed_seconds=0.546436,predicted_seconds=0.000000,time_percent_error=100.000000,nthreads=35,end_time=189250.252065,avg_power_W=155.272727,max_power_W=159.000000,avg_time_s=0.060715,released_listeners=1,
start_task=,name=lu_gemmprofile,tick=145,start_time=189250.252121,nthreads=35,
message=tick stats,tick=145,estimated_current_power=0.000000,
end_task=,name=lu_gemmprofile,elapsed_seconds=0.536213,predicted_seconds=0.000000,time_percent_error=100.000000,nthreads=35,end_time=189250.788966,avg_power_W=155.454545,max_power_W=160.000000,avg_time_s=0.059579,released_listeners=1,
start_task=,name=lu_gemm,tick=146,start_time=189250.789017,nthreads=35,
message=tick stats,tick=146,estimated_current_power=64.863636,
end_task=,name=lu_gemm,elapsed_seconds=0.085069,predicted_seconds=0.051684,time_percent_error=39.244315,nthreads=35,end_time=189250.874671,avg_power_W=148.000000,max_power_W=156.000000,avg_time_s=0.085069,released_listeners=1,
start_task=,name=lu_gemm,tick=147,start_time=189250.874721,nthreads=35,
message=tick stats,tick=147,estimated_current_power=64.863636,
end_task=,name=lu_gemm,elapsed_seconds=0.084345,predicted_seconds=0.051684,time_percent_error=38.722675,nthreads=35,end_time=189250.972703,avg_power_W=142.500000,max_power_W=148.000000,avg_time_s=0.084345,released_listeners=1,
start_task=,name=lu_gemm,tick=148,start_time=189250.972757,nthreads=35,
message=tick stats,tick=148,estimated_current_power=64.863636,
end_task=,name=lu_gemm,elapsed_seconds=0.083258,predicted_seconds=0.051684,time_percent_error=37.923135,nthreads=35,end_time=189251.072635,avg_power_W=146.500000,max_power_W=156.000000,avg_time_s=0.083258,released_listeners=1,
start_task=,name=lu_gemm,tick=149,start_time=189251.072689,nthreads=35,
message=tick stats,tick=149,estimated_current_power=64.863636,
end_task=,name=lu_gemm,elapsed_seconds=0.084878,predicted_seconds=0.051684,time_percent_error=39.107696,nthreads=35,end_time=189251.173097,avg_power_W=147.500000,max_power_W=158.000000,avg_time_s=0.084878,released_listeners=0,
start_task=,name=lu_gemm,tick=150,start_time=189251.173160,nthreads=35,
message=tick stats,tick=150,estimated_current_power=64.863636,
end_task=,name=lu_gemm,elapsed_seconds=0.084730,predicted_seconds=0.051684,time_percent_error=39.001273,nthreads=35,end_time=189251.272906,avg_power_W=147.500000,max_power_W=160.000000,avg_time_s=0.084730,released_listeners=1,
start_task=,name=lu_gemm,tick=151,start_time=189251.272961,nthreads=35,
message=tick stats,tick=151,estimated_current_power=64.863636,
end_task=,name=lu_gemm,elapsed_seconds=0.084737,predicted_seconds=0.051684,time_percent_error=39.006102,nthreads=35,end_time=189251.373162,avg_power_W=147.000000,max_power_W=158.000000,avg_time_s=0.084737,released_listeners=0,
start_task=,name=lu_gemm,tick=152,start_time=189251.373214,nthreads=35,
message=tick stats,tick=152,estimated_current_power=64.863636,
end_task=,name=lu_gemm,elapsed_seconds=0.085918,predicted_seconds=0.051684,time_percent_error=39.844569,nthreads=35,end_time=189251.472888,avg_power_W=145.000000,max_power_W=154.000000,avg_time_s=0.085918,released_listeners=1,
start_task=,name=lu_gemm,tick=153,start_time=189251.472942,nthreads=35,
message=tick stats,tick=153,estimated_current_power=64.863636,
end_task=,name=lu_gemm,elapsed_seconds=0.083682,predicted_seconds=0.051684,time_percent_error=38.237695,nthreads=35,end_time=189251.572787,avg_power_W=145.500000,max_power_W=154.000000,avg_time_s=0.083682,released_listeners=0,
start_task=,name=lu_gemm,tick=154,start_time=189251.572839,nthreads=35,
message=tick stats,tick=154,estimated_current_power=64.863636,
end_task=,name=lu_gemm,elapsed_seconds=0.083691,predicted_seconds=0.051684,time_percent_error=38.244432,nthreads=35,end_time=189251.672803,avg_power_W=145.000000,max_power_W=154.000000,avg_time_s=0.083691,released_listeners=0,
start_task=,name=getrfprofile,tick=155,start_time=189251.672855,nthreads=35,
message=tick stats,tick=155,estimated_current_power=0.000000,
end_task=,name=getrfprofile,elapsed_seconds=0.538306,predicted_seconds=0.000000,time_percent_error=100.000000,nthreads=35,end_time=189252.223137,avg_power_W=141.545455,max_power_W=153.000000,avg_time_s=0.269153,released_listeners=1,
start_task=,name=getrf,tick=156,start_time=189252.223188,nthreads=35,
message=tick stats,tick=156,estimated_current_power=56.100000,
end_task=,name=getrf,elapsed_seconds=0.288484,predicted_seconds=0.248467,time_percent_error=13.871593,nthreads=35,end_time=189252.522877,avg_power_W=138.666667,max_power_W=139.000000,avg_time_s=0.288484,released_listeners=4,
start_task=,name=trsm_leftprofile,tick=157,start_time=189252.522932,nthreads=35,
message=tick stats,tick=157,estimated_current_power=0.000000,
end_task=,name=trsm_leftprofile,elapsed_seconds=0.517930,predicted_seconds=0.000000,time_percent_error=100.000000,nthreads=35,end_time=189253.041658,avg_power_W=151.200000,max_power_W=156.000000,avg_time_s=0.036995,released_listeners=1,
start_task=,name=trsm_rightprofile,tick=158,start_time=189253.041707,nthreads=35,
message=tick stats,tick=158,estimated_current_power=0.000000,
end_task=,name=trsm_rightprofile,elapsed_seconds=0.506802,predicted_seconds=0.000000,time_percent_error=100.000000,nthreads=35,end_time=189253.549262,avg_power_W=155.100000,max_power_W=157.000000,avg_time_s=0.038985,released_listeners=1,
start_task=,name=trsm_leftprofile,tick=159,start_time=189253.549311,nthreads=35,
message=tick stats,tick=159,estimated_current_power=0.000000,
end_task=,name=trsm_leftprofile,elapsed_seconds=0.522583,predicted_seconds=0.000000,time_percent_error=100.000000,nthreads=35,end_time=189254.072565,avg_power_W=154.636364,max_power_W=156.000000,avg_time_s=0.034839,released_listeners=1,
start_task=,name=trsm_rightprofile,tick=160,start_time=189254.072618,nthreads=35,
message=tick stats,tick=160,estimated_current_power=0.000000,
end_task=,name=trsm_rightprofile,elapsed_seconds=0.540557,predicted_seconds=0.000000,time_percent_error=100.000000,nthreads=35,end_time=189254.622880,avg_power_W=155.000000,max_power_W=157.000000,avg_time_s=0.038611,released_listeners=1,
start_task=,name=trsm_left,tick=161,start_time=189254.622934,nthreads=35,
message=tick stats,tick=161,estimated_current_power=63.900000,
end_task=,name=trsm_left,elapsed_seconds=0.039375,predicted_seconds=0.029037,time_percent_error=26.255866,nthreads=35,end_time=189254.674369,avg_power_W=155.000000,max_power_W=155.000000,avg_time_s=0.039375,released_listeners=2,
start_task=,name=trsm_right,tick=162,start_time=189254.674423,nthreads=35,
message=tick stats,tick=162,estimated_current_power=62.233333,
end_task=,name=trsm_right,elapsed_seconds=0.043270,predicted_seconds=0.031837,time_percent_error=26.420890,nthreads=35,end_time=189254.722770,avg_power_W=141.000000,max_power_W=141.000000,avg_time_s=0.043270,released_listeners=2,
start_task=,name=trsm_left,tick=163,start_time=189254.722824,nthreads=35,
message=tick stats,tick=163,estimated_current_power=63.900000,
end_task=,name=trsm_left,elapsed_seconds=0.040606,predicted_seconds=0.029037,time_percent_error=28.492077,nthreads=35,end_time=189254.773100,avg_power_W=152.000000,max_power_W=152.000000,avg_time_s=0.040606,released_listeners=2,
start_task=,name=trsm_right,tick=164,start_time=189254.773156,nthreads=35,
message=tick stats,tick=164,estimated_current_power=62.233333,
end_task=,name=trsm_right,elapsed_seconds=0.044015,predicted_seconds=0.031837,time_percent_error=27.667469,nthreads=35,end_time=189254.822742,avg_power_W=145.000000,max_power_W=145.000000,avg_time_s=0.044015,released_listeners=2,
start_task=,name=lu_gemmprofile,tick=165,start_time=189254.822796,nthreads=35,
message=tick stats,tick=165,estimated_current_power=0.000000,
end_task=,name=lu_gemmprofile,elapsed_seconds=0.557200,predicted_seconds=0.000000,time_percent_error=100.000000,nthreads=35,end_time=189255.380756,avg_power_W=154.181818,max_power_W=160.000000,avg_time_s=0.061911,released_listeners=1,
start_task=,name=lu_gemmprofile,tick=166,start_time=189255.380805,nthreads=35,
message=tick stats,tick=166,estimated_current_power=0.000000,
end_task=,name=lu_gemmprofile,elapsed_seconds=0.548628,predicted_seconds=0.000000,time_percent_error=100.000000,nthreads=35,end_time=189255.930158,avg_power_W=155.181818,max_power_W=160.000000,avg_time_s=0.060959,released_listeners=1,
start_task=,name=lu_gemmprofile,tick=167,start_time=189255.930251,nthreads=35,
message=tick stats,tick=167,estimated_current_power=0.000000,
end_task=,name=lu_gemmprofile,elapsed_seconds=0.543750,predicted_seconds=0.000000,time_percent_error=100.000000,nthreads=35,end_time=189256.474912,avg_power_W=155.818182,max_power_W=162.000000,avg_time_s=0.060417,released_listeners=1,
start_task=,name=lu_gemmprofile,tick=168,start_time=189256.474961,nthreads=35,
message=tick stats,tick=168,estimated_current_power=0.000000,
end_task=,name=lu_gemmprofile,elapsed_seconds=0.512138,predicted_seconds=0.000000,time_percent_error=100.000000,nthreads=35,end_time=189256.987813,avg_power_W=153.100000,max_power_W=157.000000,avg_time_s=0.064017,released_listeners=1,
start_task=,name=lu_gemm,tick=169,start_time=189256.987864,nthreads=35,
message=tick stats,tick=169,estimated_current_power=64.863636,
end_task=,name=lu_gemm,elapsed_seconds=0.091645,predicted_seconds=0.051684,time_percent_error=43.603884,nthreads=35,end_time=189257.080169,avg_power_W=153.500000,max_power_W=156.000000,avg_time_s=0.091645,released_listeners=1,
start_task=,name=lu_gemm,tick=170,start_time=189257.080244,nthreads=35,
message=tick stats,tick=170,estimated_current_power=64.863636,
end_task=,name=lu_gemm,elapsed_seconds=0.091460,predicted_seconds=0.051684,time_percent_error=43.490108,nthreads=35,end_time=189257.172392,avg_power_W=147.000000,max_power_W=156.000000,avg_time_s=0.091460,released_listeners=1,
start_task=,name=lu_gemm,tick=171,start_time=189257.172446,nthreads=35,
message=tick stats,tick=171,estimated_current_power=64.863636,
end_task=,name=lu_gemm,elapsed_seconds=0.090498,predicted_seconds=0.051684,time_percent_error=42.889480,nthreads=35,end_time=189257.272766,avg_power_W=146.500000,max_power_W=156.000000,avg_time_s=0.090498,released_listeners=1,
start_task=,name=lu_gemm,tick=172,start_time=189257.272819,nthreads=35,
message=tick stats,tick=172,estimated_current_power=64.863636,
end_task=,name=lu_gemm,elapsed_seconds=0.092439,predicted_seconds=0.051684,time_percent_error=44.088143,nthreads=35,end_time=189257.372819,avg_power_W=145.500000,max_power_W=155.000000,avg_time_s=0.092439,released_listeners=0,
start_task=,name=getrfprofile,tick=173,start_time=189257.372872,nthreads=35,
message=tick stats,tick=173,estimated_current_power=0.000000,
end_task=,name=getrfprofile,elapsed_seconds=0.552737,predicted_seconds=0.000000,time_percent_error=100.000000,nthreads=35,end_time=189257.926299,avg_power_W=141.454545,max_power_W=159.000000,avg_time_s=0.276368,released_listeners=1,
start_task=,name=getrf,tick=174,start_time=189257.926348,nthreads=35,
message=tick stats,tick=174,estimated_current_power=56.100000,
end_task=,name=getrf,elapsed_seconds=0.293033,predicted_seconds=0.248467,time_percent_error=15.208582,nthreads=35,end_time=189258.222617,avg_power_W=139.000000,max_power_W=140.000000,avg_time_s=0.293033,released_listeners=2,
start_task=,name=trsm_leftprofile,tick=175,start_time=189258.222670,nthreads=35,
message=tick stats,tick=175,estimated_current_power=0.000000,
end_task=,name=trsm_leftprofile,elapsed_seconds=0.526589,predicted_seconds=0.000000,time_percent_error=100.000000,nthreads=35,end_time=189258.750039,avg_power_W=152.100000,max_power_W=157.000000,avg_time_s=0.035106,released_listeners=1,
start_task=,name=trsm_rightprofile,tick=176,start_time=189258.750089,nthreads=35,
message=tick stats,tick=176,estimated_current_power=0.000000,
end_task=,name=trsm_rightprofile,elapsed_seconds=0.536879,predicted_seconds=0.000000,time_percent_error=100.000000,nthreads=35,end_time=189259.287671,avg_power_W=155.272727,max_power_W=157.000000,avg_time_s=0.038348,released_listeners=1,
start_task=,name=trsm_left,tick=177,start_time=189259.287721,nthreads=35,
message=tick stats,tick=177,estimated_current_power=63.900000,
end_task=,name=trsm_left,elapsed_seconds=0.039864,predicted_seconds=0.029037,time_percent_error=27.161523,nthreads=35,end_time=189259.328283,avg_power_W=156.000000,max_power_W=156.000000,avg_time_s=0.039864,released_listeners=1,
start_task=,name=trsm_right,tick=178,start_time=189259.328333,nthreads=35,
message=tick stats,tick=178,estimated_current_power=62.233333,
end_task=,name=trsm_right,elapsed_seconds=0.043805,predicted_seconds=0.031837,time_percent_error=27.320361,nthreads=35,end_time=189259.372783,avg_power_W=150.000000,max_power_W=150.000000,avg_time_s=0.043805,released_listeners=1,
start_task=,name=lu_gemmprofile,tick=179,start_time=189259.372833,nthreads=35,
message=tick stats,tick=179,estimated_current_power=0.000000,
end_task=,name=lu_gemmprofile,elapsed_seconds=0.555606,predicted_seconds=0.000000,time_percent_error=100.000000,nthreads=35,end_time=189259.929018,avg_power_W=153.727273,max_power_W=159.000000,avg_time_s=0.061734,released_listeners=1,
start_task=,name=lu_gemm,tick=180,start_time=189259.929067,nthreads=35,
message=tick stats,tick=180,estimated_current_power=64.863636,
end_task=,name=lu_gemm,elapsed_seconds=0.086704,predicted_seconds=0.051684,time_percent_error=40.389942,nthreads=35,end_time=189260.022893,avg_power_W=150.000000,max_power_W=157.000000,avg_time_s=0.086704,released_listeners=1,
start_task=,name=getrfprofile,tick=181,start_time=189260.022947,nthreads=35,
message=tick stats,tick=181,estimated_current_power=0.000000,
end_task=,name=getrfprofile,elapsed_seconds=0.517980,predicted_seconds=0.000000,time_percent_error=100.000000,nthreads=35,end_time=189260.541663,avg_power_W=142.400000,max_power_W=158.000000,avg_time_s=0.258990,released_listeners=1,
start_task=,name=getrf,tick=182,start_time=189260.541712,nthreads=35,
message=tick stats,tick=182,estimated_current_power=56.100000,
end_task=,name=getrf,elapsed_seconds=0.277402,predicted_seconds=0.248467,time_percent_error=10.430895,nthreads=35,end_time=189260.822766,avg_power_W=138.000000,max_power_W=138.000000,avg_time_s=0.277402,released_listeners=0,
est_max_power=64.863636,
average_power_W=138.000000,
max_power_W=138.000000,
time_s=57.816546,
message=ALL DONE,
