message=cataloging configuration,max_threads=104,power_limit=inf,
start_task=,name=getrfprofile,tick=1,start_time=235261.450503,nthreads=104,
message=tick stats,tick=1,estimated_current_power=0.000000,
end_task=,name=getrfprofile,elapsed_seconds=0.546639,predicted_seconds=0.000000,time_percent_error=100.000000,nthreads=104,end_time=235261.998112,avg_power_W=149.400000,max_power_W=168.000000,avg_time_s=0.546639,released_listeners=1,
start_task=,name=getrf,tick=2,start_time=235261.998210,nthreads=104,
message=tick stats,tick=2,estimated_current_power=43.266667,
end_task=,name=getrf,elapsed_seconds=0.103475,predicted_seconds=0.291669,time_percent_error=181.872853,nthreads=104,end_time=235262.114263,avg_power_W=170.333333,max_power_W=171.000000,avg_time_s=0.103475,released_listeners=10,
start_task=,name=trsm_leftprofile,tick=3,start_time=235262.114348,nthreads=104,
message=tick stats,tick=3,estimated_current_power=0.000000,
end_task=,name=trsm_leftprofile,elapsed_seconds=0.539987,predicted_seconds=0.000000,time_percent_error=100.000000,nthreads=104,end_time=235262.664181,avg_power_W=172.818182,max_power_W=188.000000,avg_time_s=0.059999,released_listeners=1,
start_task=,name=trsm_rightprofile,tick=4,start_time=235262.664263,nthreads=104,
message=tick stats,tick=4,estimated_current_power=0.000000,
end_task=,name=trsm_rightprofile,elapsed_seconds=0.533086,predicted_seconds=0.000000,time_percent_error=100.000000,nthreads=104,end_time=235263.197982,avg_power_W=199.400000,max_power_W=208.000000,avg_time_s=0.020503,released_listeners=1,
start_task=,name=trsm_leftprofile,tick=5,start_time=235263.198060,nthreads=104,
message=tick stats,tick=5,estimated_current_power=0.000000,
end_task=,name=trsm_leftprofile,elapsed_seconds=0.542098,predicted_seconds=0.000000,time_percent_error=100.000000,nthreads=104,end_time=235263.741048,avg_power_W=170.636364,max_power_W=201.000000,avg_time_s=0.135524,released_listeners=1,
start_task=,name=trsm_leftprofile,tick=6,start_time=235263.741131,nthreads=104,
message=tick stats,tick=6,estimated_current_power=0.000000,
end_task=,name=trsm_leftprofile,elapsed_seconds=0.556064,predicted_seconds=0.000000,time_percent_error=100.000000,nthreads=104,end_time=235264.297714,avg_power_W=167.181818,max_power_W=180.000000,avg_time_s=0.185355,released_listeners=1,
start_task=,name=trsm_rightprofile,tick=7,start_time=235264.297792,nthreads=104,
message=tick stats,tick=7,estimated_current_power=0.000000,
end_task=,name=trsm_rightprofile,elapsed_seconds=0.522275,predicted_seconds=0.000000,time_percent_error=100.000000,nthreads=104,end_time=235264.821028,avg_power_W=196.363636,max_power_W=209.000000,avg_time_s=0.020891,released_listeners=1,
start_task=,name=trsm_leftprofile,tick=8,start_time=235264.821106,nthreads=104,
message=tick stats,tick=8,estimated_current_power=0.000000,
end_task=,name=trsm_leftprofile,elapsed_seconds=0.522010,predicted_seconds=0.000000,time_percent_error=100.000000,nthreads=104,end_time=235265.343701,avg_power_W=176.000000,max_power_W=208.000000,avg_time_s=0.074573,released_listeners=1,
start_task=,name=trsm_rightprofile,tick=9,start_time=235265.343779,nthreads=104,
message=tick stats,tick=9,estimated_current_power=0.000000,
end_task=,name=trsm_rightprofile,elapsed_seconds=0.534529,predicted_seconds=0.000000,time_percent_error=100.000000,nthreads=104,end_time=235265.879232,avg_power_W=201.090909,max_power_W=208.000000,avg_time_s=0.020559,released_listeners=1,
start_task=,name=trsm_leftprofile,tick=10,start_time=235265.879312,nthreads=104,
message=tick stats,tick=10,estimated_current_power=0.000000,
end_task=,name=trsm_leftprofile,elapsed_seconds=0.688161,predicted_seconds=0.000000,time_percent_error=100.000000,nthreads=104,end_time=235266.568009,avg_power_W=169.928571,max_power_W=212.000000,avg_time_s=0.344080,released_listeners=1,
start_task=,name=trsm_rightprofile,tick=11,start_time=235266.568091,nthreads=104,
message=tick stats,tick=11,estimated_current_power=0.000000,
end_task=,name=trsm_rightprofile,elapsed_seconds=0.539026,predicted_seconds=0.000000,time_percent_error=100.000000,nthreads=104,end_time=235267.114300,avg_power_W=200.636364,max_power_W=213.000000,avg_time_s=0.021561,released_listeners=1,
start_task=,name=trsm_rightprofile,tick=12,start_time=235267.114384,nthreads=104,
message=tick stats,tick=12,estimated_current_power=0.000000,
end_task=,name=trsm_rightprofile,elapsed_seconds=0.538131,predicted_seconds=0.000000,time_percent_error=100.000000,nthreads=104,end_time=235267.664061,avg_power_W=205.363636,max_power_W=211.000000,avg_time_s=0.020697,released_listeners=1,
start_task=,name=trsm_left,tick=13,start_time=235267.664155,nthreads=104,
message=tick stats,tick=13,estimated_current_power=43.300000,
end_task=,name=trsm_left,elapsed_seconds=0.096235,predicted_seconds=0.346404,time_percent_error=259.957547,nthreads=104,end_time=235267.764398,avg_power_W=189.500000,max_power_W=210.000000,avg_time_s=0.096235,released_listeners=5,
start_task=,name=trsm_right,tick=14,start_time=235267.764488,nthreads=104,
message=tick stats,tick=14,estimated_current_power=56.100000,
end_task=,name=trsm_right,elapsed_seconds=0.051256,predicted_seconds=0.037221,time_percent_error=27.382417,nthreads=104,end_time=235267.816397,avg_power_W=175.000000,max_power_W=175.000000,avg_time_s=0.051256,released_listeners=5,
start_task=,name=trsm_left,tick=15,start_time=235267.816474,nthreads=104,
message=tick stats,tick=15,estimated_current_power=43.300000,
end_task=,name=trsm_left,elapsed_seconds=0.202769,predicted_seconds=0.346404,time_percent_error=70.837009,nthreads=104,end_time=235268.020163,avg_power_W=169.750000,max_power_W=175.000000,avg_time_s=0.202769,released_listeners=5,
start_task=,name=trsm_left,tick=16,start_time=235268.020280,nthreads=104,
message=tick stats,tick=16,estimated_current_power=43.300000,
end_task=,name=trsm_left,elapsed_seconds=0.051776,predicted_seconds=0.346404,time_percent_error=569.048998,nthreads=104,end_time=235268.072991,avg_power_W=162.000000,max_power_W=162.000000,avg_time_s=0.051776,released_listeners=5,
start_task=,name=trsm_right,tick=17,start_time=235268.073076,nthreads=104,
message=tick stats,tick=17,estimated_current_power=56.100000,
end_task=,name=trsm_right,elapsed_seconds=0.058804,predicted_seconds=0.037221,time_percent_error=36.703330,nthreads=104,end_time=235268.132835,avg_power_W=169.000000,max_power_W=169.000000,avg_time_s=0.058804,released_listeners=5,
start_task=,name=trsm_left,tick=18,start_time=235268.132915,nthreads=104,
message=tick stats,tick=18,estimated_current_power=43.300000,
end_task=,name=trsm_left,elapsed_seconds=0.083175,predicted_seconds=0.346404,time_percent_error=316.475664,nthreads=104,end_time=235268.216603,avg_power_W=174.000000,max_power_W=174.000000,avg_time_s=0.083175,released_listeners=5,
start_task=,name=trsm_right,tick=19,start_time=235268.216684,nthreads=104,
message=tick stats,tick=19,estimated_current_power=56.100000,
end_task=,name=trsm_right,elapsed_seconds=0.050746,predicted_seconds=0.037221,time_percent_error=26.653169,nthreads=104,end_time=235268.267975,avg_power_W=173.000000,max_power_W=173.000000,avg_time_s=0.050746,released_listeners=5,
start_task=,name=trsm_left,tick=20,start_time=235268.268059,nthreads=104,
message=tick stats,tick=20,estimated_current_power=43.300000,
end_task=,name=trsm_left,elapsed_seconds=0.405472,predicted_seconds=0.346404,time_percent_error=14.567548,nthreads=104,end_time=235268.677076,avg_power_W=168.250000,max_power_W=177.000000,avg_time_s=0.405472,released_listeners=5,
start_task=,name=trsm_right,tick=21,start_time=235268.677162,nthreads=104,
message=tick stats,tick=21,estimated_current_power=56.100000,
end_task=,name=trsm_right,elapsed_seconds=0.062769,predicted_seconds=0.037221,time_percent_error=40.702513,nthreads=104,end_time=235268.741341,avg_power_W=162.000000,max_power_W=162.000000,avg_time_s=0.062769,released_listeners=5,
start_task=,name=trsm_right,tick=22,start_time=235268.741419,nthreads=104,
message=tick stats,tick=22,estimated_current_power=56.100000,
end_task=,name=trsm_right,elapsed_seconds=0.051190,predicted_seconds=0.037221,time_percent_error=27.289176,nthreads=104,end_time=235268.793548,avg_power_W=168.000000,max_power_W=168.000000,avg_time_s=0.051190,released_listeners=5,
start_task=,name=lu_gemmprofile,tick=23,start_time=235268.793636,nthreads=104,
message=tick stats,tick=23,estimated_current_power=0.000000,
end_task=,name=lu_gemmprofile,elapsed_seconds=0.543426,predicted_seconds=0.000000,time_percent_error=100.000000,nthreads=104,end_time=235269.337611,avg_power_W=201.181818,max_power_W=215.000000,avg_time_s=0.028601,released_listeners=1,
start_task=,name=lu_gemmprofile,tick=24,start_time=235269.337690,nthreads=104,
message=tick stats,tick=24,estimated_current_power=0.000000,
end_task=,name=lu_gemmprofile,elapsed_seconds=0.548963,predicted_seconds=0.000000,time_percent_error=100.000000,nthreads=104,end_time=235269.887577,avg_power_W=203.636364,max_power_W=214.000000,avg_time_s=0.028893,released_listeners=1,
start_task=,name=lu_gemmprofile,tick=25,start_time=235269.887657,nthreads=104,
message=tick stats,tick=25,estimated_current_power=0.000000,
end_task=,name=lu_gemmprofile,elapsed_seconds=0.546932,predicted_seconds=0.000000,time_percent_error=100.000000,nthreads=104,end_time=235270.435096,avg_power_W=203.636364,max_power_W=216.000000,avg_time_s=0.028786,released_listeners=1,
start_task=,name=lu_gemmprofile,tick=26,start_time=235270.435181,nthreads=104,
message=tick stats,tick=26,estimated_current_power=0.000000,
end_task=,name=lu_gemmprofile,elapsed_seconds=0.527680,predicted_seconds=0.000000,time_percent_error=100.000000,nthreads=104,end_time=235270.964886,avg_power_W=203.545455,max_power_W=216.000000,avg_time_s=0.029316,released_listeners=1,
start_task=,name=lu_gemmprofile,tick=27,start_time=235270.964970,nthreads=104,
message=tick stats,tick=27,estimated_current_power=0.000000,
end_task=,name=lu_gemmprofile,elapsed_seconds=0.546138,predicted_seconds=0.000000,time_percent_error=100.000000,nthreads=104,end_time=235271.514088,avg_power_W=206.727273,max_power_W=215.000000,avg_time_s=0.028744,released_listeners=1,
start_task=,name=lu_gemmprofile,tick=28,start_time=235271.514178,nthreads=104,
message=tick stats,tick=28,estimated_current_power=0.000000,
end_task=,name=lu_gemmprofile,elapsed_seconds=0.520351,predicted_seconds=0.000000,time_percent_error=100.000000,nthreads=104,end_time=235272.035524,avg_power_W=205.900000,max_power_W=215.000000,avg_time_s=0.028908,released_listeners=1,
start_task=,name=lu_gemmprofile,tick=29,start_time=235272.035605,nthreads=104,
message=tick stats,tick=29,estimated_current_power=0.000000,
end_task=,name=lu_gemmprofile,elapsed_seconds=0.538740,predicted_seconds=0.000000,time_percent_error=100.000000,nthreads=104,end_time=235272.574921,avg_power_W=208.000000,max_power_W=214.000000,avg_time_s=0.028355,released_listeners=1,
start_task=,name=lu_gemmprofile,tick=30,start_time=235272.575001,nthreads=104,
message=tick stats,tick=30,estimated_current_power=0.000000,
end_task=,name=lu_gemmprofile,elapsed_seconds=0.534911,predicted_seconds=0.000000,time_percent_error=100.000000,nthreads=104,end_time=235273.114598,avg_power_W=209.272727,max_power_W=215.000000,avg_time_s=0.028153,released_listeners=1,
start_task=,name=lu_gemmprofile,tick=31,start_time=235273.114682,nthreads=104,
message=tick stats,tick=31,estimated_current_power=0.000000,
end_task=,name=lu_gemmprofile,elapsed_seconds=0.562681,predicted_seconds=0.000000,time_percent_error=100.000000,nthreads=104,end_time=235273.677914,avg_power_W=207.818182,max_power_W=216.000000,avg_time_s=0.029615,released_listeners=1,
start_task=,name=lu_gemmprofile,tick=32,start_time=235273.677994,nthreads=104,
message=tick stats,tick=32,estimated_current_power=0.000000,
end_task=,name=lu_gemmprofile,elapsed_seconds=0.545137,predicted_seconds=0.000000,time_percent_error=100.000000,nthreads=104,end_time=235274.224003,avg_power_W=205.454545,max_power_W=216.000000,avg_time_s=0.028691,released_listeners=1,
start_task=,name=lu_gemmprofile,tick=33,start_time=235274.224086,nthreads=104,
message=tick stats,tick=33,estimated_current_power=0.000000,
end_task=,name=lu_gemmprofile,elapsed_seconds=0.527984,predicted_seconds=0.000000,time_percent_error=100.000000,nthreads=104,end_time=235274.764472,avg_power_W=206.272727,max_power_W=217.000000,avg_time_s=0.029332,released_listeners=1,
start_task=,name=lu_gemmprofile,tick=34,start_time=235274.764563,nthreads=104,
message=tick stats,tick=34,estimated_current_power=0.000000,
end_task=,name=lu_gemmprofile,elapsed_seconds=0.524779,predicted_seconds=0.000000,time_percent_error=100.000000,nthreads=104,end_time=235275.289906,avg_power_W=206.700000,max_power_W=216.000000,avg_time_s=0.029154,released_listeners=1,
start_task=,name=lu_gemmprofile,tick=35,start_time=235275.289986,nthreads=104,
message=tick stats,tick=35,estimated_current_power=0.000000,
end_task=,name=lu_gemmprofile,elapsed_seconds=0.524853,predicted_seconds=0.000000,time_percent_error=100.000000,nthreads=104,end_time=235275.815748,avg_power_W=207.636364,max_power_W=216.000000,avg_time_s=0.029159,released_listeners=1,
start_task=,name=lu_gemmprofile,tick=36,start_time=235275.815828,nthreads=104,
message=tick stats,tick=36,estimated_current_power=0.000000,
end_task=,name=lu_gemmprofile,elapsed_seconds=0.543392,predicted_seconds=0.000000,time_percent_error=100.000000,nthreads=104,end_time=235276.364289,avg_power_W=209.545455,max_power_W=216.000000,avg_time_s=0.028600,released_listeners=1,
start_task=,name=lu_gemmprofile,tick=37,start_time=235276.364369,nthreads=104,
message=tick stats,tick=37,estimated_current_power=0.000000,
end_task=,name=lu_gemmprofile,elapsed_seconds=0.540524,predicted_seconds=0.000000,time_percent_error=100.000000,nthreads=104,end_time=235276.914263,avg_power_W=211.545455,max_power_W=218.000000,avg_time_s=0.028449,released_listeners=1,
start_task=,name=lu_gemmprofile,tick=38,start_time=235276.914347,nthreads=104,
message=tick stats,tick=38,estimated_current_power=0.000000,
end_task=,name=lu_gemmprofile,elapsed_seconds=0.537153,predicted_seconds=0.000000,time_percent_error=100.000000,nthreads=104,end_time=235277.464214,avg_power_W=210.727273,max_power_W=218.000000,avg_time_s=0.028271,released_listeners=1,
start_task=,name=lu_gemmprofile,tick=39,start_time=235277.464301,nthreads=104,
message=tick stats,tick=39,estimated_current_power=0.000000,
end_task=,name=lu_gemmprofile,elapsed_seconds=0.524866,predicted_seconds=0.000000,time_percent_error=100.000000,nthreads=104,end_time=235277.990567,avg_power_W=210.700000,max_power_W=218.000000,avg_time_s=0.029159,released_listeners=1,
start_task=,name=lu_gemmprofile,tick=40,start_time=235277.990647,nthreads=104,
message=tick stats,tick=40,estimated_current_power=0.000000,
end_task=,name=lu_gemmprofile,elapsed_seconds=0.545628,predicted_seconds=0.000000,time_percent_error=100.000000,nthreads=104,end_time=235278.536771,avg_power_W=208.818182,max_power_W=220.000000,avg_time_s=0.028717,released_listeners=1,
start_task=,name=lu_gemmprofile,tick=41,start_time=235278.536855,nthreads=104,
message=tick stats,tick=41,estimated_current_power=0.000000,
end_task=,name=lu_gemmprofile,elapsed_seconds=0.532418,predicted_seconds=0.000000,time_percent_error=100.000000,nthreads=104,end_time=235279.070203,avg_power_W=207.909091,max_power_W=219.000000,avg_time_s=0.029579,released_listeners=1,
start_task=,name=lu_gemmprofile,tick=42,start_time=235279.070326,nthreads=104,
message=tick stats,tick=42,estimated_current_power=0.000000,
end_task=,name=lu_gemmprofile,elapsed_seconds=0.533885,predicted_seconds=0.000000,time_percent_error=100.000000,nthreads=104,end_time=235279.613969,avg_power_W=209.272727,max_power_W=216.000000,avg_time_s=0.029660,released_listeners=1,
start_task=,name=lu_gemmprofile,tick=43,start_time=235279.614053,nthreads=104,
message=tick stats,tick=43,estimated_current_power=0.000000,
end_task=,name=lu_gemmprofile,elapsed_seconds=0.544831,predicted_seconds=0.000000,time_percent_error=100.000000,nthreads=104,end_time=235280.164360,avg_power_W=211.545455,max_power_W=221.000000,avg_time_s=0.028675,released_listeners=1,
start_task=,name=lu_gemmprofile,tick=44,start_time=235280.164444,nthreads=104,
message=tick stats,tick=44,estimated_current_power=0.000000,
end_task=,name=lu_gemmprofile,elapsed_seconds=0.566157,predicted_seconds=0.000000,time_percent_error=100.000000,nthreads=104,end_time=235280.731179,avg_power_W=208.363636,max_power_W=219.000000,avg_time_s=0.029798,released_listeners=1,
start_task=,name=lu_gemmprofile,tick=45,start_time=235280.731266,nthreads=104,
message=tick stats,tick=45,estimated_current_power=0.000000,
end_task=,name=lu_gemmprofile,elapsed_seconds=0.525282,predicted_seconds=0.000000,time_percent_error=100.000000,nthreads=104,end_time=235281.264286,avg_power_W=210.000000,max_power_W=217.000000,avg_time_s=0.029182,released_listeners=1,
start_task=,name=lu_gemmprofile,tick=46,start_time=235281.264365,nthreads=104,
message=tick stats,tick=46,estimated_current_power=0.000000,
end_task=,name=lu_gemmprofile,elapsed_seconds=0.541935,predicted_seconds=0.000000,time_percent_error=100.000000,nthreads=104,end_time=235281.814229,avg_power_W=213.000000,max_power_W=219.000000,avg_time_s=0.028523,released_listeners=1,
start_task=,name=lu_gemmprofile,tick=47,start_time=235281.814358,nthreads=104,
message=tick stats,tick=47,estimated_current_power=0.000000,
end_task=,name=lu_gemmprofile,elapsed_seconds=0.544813,predicted_seconds=0.000000,time_percent_error=100.000000,nthreads=104,end_time=235282.364109,avg_power_W=212.363636,max_power_W=217.000000,avg_time_s=0.028674,released_listeners=1,
start_task=,name=lu_gemm,tick=48,start_time=235282.364212,nthreads=104,
message=tick stats,tick=48,estimated_current_power=61.245455,
end_task=,name=lu_gemm,elapsed_seconds=0.105948,predicted_seconds=0.052277,time_percent_error=50.658268,nthreads=104,end_time=235282.470784,avg_power_W=195.500000,max_power_W=214.000000,avg_time_s=0.105948,released_listeners=1,
start_task=,name=lu_gemm,tick=49,start_time=235282.470867,nthreads=104,
message=tick stats,tick=49,estimated_current_power=61.245455,
end_task=,name=lu_gemm,elapsed_seconds=0.107180,predicted_seconds=0.052277,time_percent_error=51.225634,nthreads=104,end_time=235282.578680,avg_power_W=180.000000,max_power_W=183.000000,avg_time_s=0.107180,released_listeners=0,
start_task=,name=lu_gemm,tick=50,start_time=235282.578760,nthreads=104,
message=tick stats,tick=50,estimated_current_power=61.245455,
end_task=,name=lu_gemm,elapsed_seconds=0.081029,predicted_seconds=0.052277,time_percent_error=35.483805,nthreads=104,end_time=235282.664371,avg_power_W=171.500000,max_power_W=177.000000,avg_time_s=0.081029,released_listeners=0,
start_task=,name=lu_gemm,tick=51,start_time=235282.664454,nthreads=104,
message=tick stats,tick=51,estimated_current_power=61.245455,
end_task=,name=lu_gemm,elapsed_seconds=0.078977,predicted_seconds=0.052277,time_percent_error=33.808061,nthreads=104,end_time=235282.743952,avg_power_W=191.000000,max_power_W=191.000000,avg_time_s=0.078977,released_listeners=1,
start_task=,name=lu_gemm,tick=52,start_time=235282.744029,nthreads=104,
message=tick stats,tick=52,estimated_current_power=61.245455,
end_task=,name=lu_gemm,elapsed_seconds=0.080015,predicted_seconds=0.052277,time_percent_error=34.666844,nthreads=104,end_time=235282.824975,avg_power_W=181.500000,max_power_W=192.000000,avg_time_s=0.080015,released_listeners=0,
start_task=,name=lu_gemm,tick=53,start_time=235282.825059,nthreads=104,
message=tick stats,tick=53,estimated_current_power=61.245455,
end_task=,name=lu_gemm,elapsed_seconds=0.074656,predicted_seconds=0.052277,time_percent_error=29.976516,nthreads=104,end_time=235282.914065,avg_power_W=169.500000,max_power_W=172.000000,avg_time_s=0.074656,released_listeners=0,
start_task=,name=lu_gemm,tick=54,start_time=235282.914159,nthreads=104,
message=tick stats,tick=54,estimated_current_power=61.245455,
end_task=,name=lu_gemm,elapsed_seconds=0.079581,predicted_seconds=0.052277,time_percent_error=34.310641,nthreads=104,end_time=235282.994684,avg_power_W=194.000000,max_power_W=194.000000,avg_time_s=0.079581,released_listeners=0,
start_task=,name=lu_gemm,tick=55,start_time=235282.994763,nthreads=104,
message=tick stats,tick=55,estimated_current_power=61.245455,
end_task=,name=lu_gemm,elapsed_seconds=0.072858,predicted_seconds=0.052277,time_percent_error=28.248649,nthreads=104,end_time=235283.068287,avg_power_W=178.500000,max_power_W=186.000000,avg_time_s=0.072858,released_listeners=0,
start_task=,name=lu_gemm,tick=56,start_time=235283.068373,nthreads=104,
message=tick stats,tick=56,estimated_current_power=61.245455,
end_task=,name=lu_gemm,elapsed_seconds=0.076371,predicted_seconds=0.052277,time_percent_error=31.549340,nthreads=104,end_time=235283.145681,avg_power_W=173.000000,max_power_W=173.000000,avg_time_s=0.076371,released_listeners=1,
start_task=,name=lu_gemm,tick=57,start_time=235283.145762,nthreads=104,
message=tick stats,tick=57,estimated_current_power=61.245455,
end_task=,name=lu_gemm,elapsed_seconds=0.065468,predicted_seconds=0.052277,time_percent_error=20.149150,nthreads=104,end_time=235283.214529,avg_power_W=179.000000,max_power_W=183.000000,avg_time_s=0.065468,released_listeners=1,
start_task=,name=lu_gemm,tick=58,start_time=235283.214614,nthreads=104,
message=tick stats,tick=58,estimated_current_power=61.245455,
end_task=,name=lu_gemm,elapsed_seconds=0.079590,predicted_seconds=0.052277,time_percent_error=34.317681,nthreads=104,end_time=235283.294826,avg_power_W=174.000000,max_power_W=174.000000,avg_time_s=0.079590,released_listeners=1,
start_task=,name=lu_gemm,tick=59,start_time=235283.294902,nthreads=104,
message=tick stats,tick=59,estimated_current_power=61.245455,
end_task=,name=lu_gemm,elapsed_seconds=0.069038,predicted_seconds=0.052277,time_percent_error=24.278689,nthreads=104,end_time=235283.364591,avg_power_W=181.500000,max_power_W=192.000000,avg_time_s=0.069038,released_listeners=1,
start_task=,name=lu_gemm,tick=60,start_time=235283.364671,nthreads=104,
message=tick stats,tick=60,estimated_current_power=61.245455,
end_task=,name=lu_gemm,elapsed_seconds=0.077796,predicted_seconds=0.052277,time_percent_error=32.803080,nthreads=104,end_time=235283.442980,avg_power_W=183.000000,max_power_W=183.000000,avg_time_s=0.077796,released_listeners=1,
start_task=,name=lu_gemm,tick=61,start_time=235283.443065,nthreads=104,
message=tick stats,tick=61,estimated_current_power=61.245455,
end_task=,name=lu_gemm,elapsed_seconds=0.075237,predicted_seconds=0.052277,time_percent_error=30.517924,nthreads=104,end_time=235283.518897,avg_power_W=183.500000,max_power_W=196.000000,avg_time_s=0.075237,released_listeners=0,
start_task=,name=lu_gemm,tick=62,start_time=235283.518978,nthreads=104,
message=tick stats,tick=62,estimated_current_power=61.245455,
end_task=,name=lu_gemm,elapsed_seconds=0.076090,predicted_seconds=0.052277,time_percent_error=31.296178,nthreads=104,end_time=235283.595603,avg_power_W=178.000000,max_power_W=178.000000,avg_time_s=0.076090,released_listeners=0,
start_task=,name=lu_gemm,tick=63,start_time=235283.595679,nthreads=104,
message=tick stats,tick=63,estimated_current_power=61.245455,
end_task=,name=lu_gemm,elapsed_seconds=0.076805,predicted_seconds=0.052277,time_percent_error=31.935627,nthreads=104,end_time=235283.673014,avg_power_W=180.500000,max_power_W=193.000000,avg_time_s=0.076805,released_listeners=1,
start_task=,name=lu_gemm,tick=64,start_time=235283.673098,nthreads=104,
message=tick stats,tick=64,estimated_current_power=61.245455,
end_task=,name=lu_gemm,elapsed_seconds=0.078264,predicted_seconds=0.052277,time_percent_error=33.204854,nthreads=104,end_time=235283.764285,avg_power_W=178.500000,max_power_W=182.000000,avg_time_s=0.078264,released_listeners=0,
start_task=,name=lu_gemm,tick=65,start_time=235283.764368,nthreads=104,
message=tick stats,tick=65,estimated_current_power=61.245455,
end_task=,name=lu_gemm,elapsed_seconds=0.069032,predicted_seconds=0.052277,time_percent_error=24.272158,nthreads=104,end_time=235283.833942,avg_power_W=195.000000,max_power_W=195.000000,avg_time_s=0.069032,released_listeners=0,
start_task=,name=lu_gemm,tick=66,start_time=235283.834021,nthreads=104,
message=tick stats,tick=66,estimated_current_power=61.245455,
end_task=,name=lu_gemm,elapsed_seconds=0.084239,predicted_seconds=0.052277,time_percent_error=37.942510,nthreads=104,end_time=235283.919265,avg_power_W=182.000000,max_power_W=198.000000,avg_time_s=0.084239,released_listeners=0,
start_task=,name=lu_gemm,tick=67,start_time=235283.919347,nthreads=104,
message=tick stats,tick=67,estimated_current_power=61.245455,
end_task=,name=lu_gemm,elapsed_seconds=0.074455,predicted_seconds=0.052277,time_percent_error=29.787439,nthreads=104,end_time=235283.994735,avg_power_W=180.000000,max_power_W=180.000000,avg_time_s=0.074455,released_listeners=0,
start_task=,name=lu_gemm,tick=68,start_time=235283.994814,nthreads=104,
message=tick stats,tick=68,estimated_current_power=61.245455,
end_task=,name=lu_gemm,elapsed_seconds=0.076284,predicted_seconds=0.052277,time_percent_error=31.470800,nthreads=104,end_time=235284.073206,avg_power_W=183.500000,max_power_W=196.000000,avg_time_s=0.076284,released_listeners=1,
start_task=,name=lu_gemm,tick=69,start_time=235284.073341,nthreads=104,
message=tick stats,tick=69,estimated_current_power=61.245455,
end_task=,name=lu_gemm,elapsed_seconds=0.077402,predicted_seconds=0.052277,time_percent_error=32.460961,nthreads=104,end_time=235284.164107,avg_power_W=170.000000,max_power_W=171.000000,avg_time_s=0.077402,released_listeners=0,
start_task=,name=lu_gemm,tick=70,start_time=235284.164204,nthreads=104,
message=tick stats,tick=70,estimated_current_power=61.245455,
end_task=,name=lu_gemm,elapsed_seconds=0.080686,predicted_seconds=0.052277,time_percent_error=35.210078,nthreads=104,end_time=235284.245848,avg_power_W=190.000000,max_power_W=190.000000,avg_time_s=0.080686,released_listeners=0,
start_task=,name=lu_gemm,tick=71,start_time=235284.245927,nthreads=104,
message=tick stats,tick=71,estimated_current_power=61.245455,
end_task=,name=lu_gemm,elapsed_seconds=0.066732,predicted_seconds=0.052277,time_percent_error=21.662451,nthreads=104,end_time=235284.314628,avg_power_W=179.500000,max_power_W=189.000000,avg_time_s=0.066732,released_listeners=0,
start_task=,name=lu_gemm,tick=72,start_time=235284.314710,nthreads=104,
message=tick stats,tick=72,estimated_current_power=61.245455,
end_task=,name=lu_gemm,elapsed_seconds=0.080011,predicted_seconds=0.052277,time_percent_error=34.662953,nthreads=104,end_time=235284.395306,avg_power_W=184.000000,max_power_W=184.000000,avg_time_s=0.080011,released_listeners=0,
start_task=,name=getrfprofile,tick=73,start_time=235284.395381,nthreads=104,
message=tick stats,tick=73,estimated_current_power=0.000000,
end_task=,name=getrfprofile,elapsed_seconds=0.532160,predicted_seconds=0.000000,time_percent_error=100.000000,nthreads=104,end_time=235284.928488,avg_power_W=187.636364,max_power_W=197.000000,avg_time_s=0.076023,released_listeners=1,
start_task=,name=getrf,tick=74,start_time=235284.928568,nthreads=104,
message=tick stats,tick=74,estimated_current_power=43.266667,
end_task=,name=getrf,elapsed_seconds=0.093432,predicted_seconds=0.291669,time_percent_error=212.171849,nthreads=104,end_time=235285.022972,avg_power_W=183.500000,max_power_W=189.000000,avg_time_s=0.093432,released_listeners=8,
start_task=,name=trsm_leftprofile,tick=75,start_time=235285.023054,nthreads=104,
message=tick stats,tick=75,estimated_current_power=0.000000,
end_task=,name=trsm_leftprofile,elapsed_seconds=0.542334,predicted_seconds=0.000000,time_percent_error=100.000000,nthreads=104,end_time=235285.565889,avg_power_W=186.545455,max_power_W=196.000000,avg_time_s=0.049303,released_listeners=1,
start_task=,name=trsm_rightprofile,tick=76,start_time=235285.565969,nthreads=104,
message=tick stats,tick=76,estimated_current_power=0.000000,
end_task=,name=trsm_rightprofile,elapsed_seconds=0.544258,predicted_seconds=0.000000,time_percent_error=100.000000,nthreads=104,end_time=235286.114313,avg_power_W=207.454545,max_power_W=215.000000,avg_time_s=0.020933,released_listeners=1,
start_task=,name=trsm_leftprofile,tick=77,start_time=235286.114392,nthreads=104,
message=tick stats,tick=77,estimated_current_power=0.000000,
end_task=,name=trsm_leftprofile,elapsed_seconds=0.519435,predicted_seconds=0.000000,time_percent_error=100.000000,nthreads=104,end_time=235286.634353,avg_power_W=189.200000,max_power_W=208.000000,avg_time_s=0.043286,released_listeners=1,
start_task=,name=trsm_rightprofile,tick=78,start_time=235286.634433,nthreads=104,
message=tick stats,tick=78,estimated_current_power=0.000000,
end_task=,name=trsm_rightprofile,elapsed_seconds=0.528361,predicted_seconds=0.000000,time_percent_error=100.000000,nthreads=104,end_time=235287.164525,avg_power_W=206.636364,max_power_W=217.000000,avg_time_s=0.021134,released_listeners=1,
start_task=,name=trsm_leftprofile,tick=79,start_time=235287.164609,nthreads=104,
message=tick stats,tick=79,estimated_current_power=0.000000,
end_task=,name=trsm_leftprofile,elapsed_seconds=0.520222,predicted_seconds=0.000000,time_percent_error=100.000000,nthreads=104,end_time=235287.685413,avg_power_W=191.400000,max_power_W=211.000000,avg_time_s=0.043352,released_listeners=1,
start_task=,name=trsm_rightprofile,tick=80,start_time=235287.685495,nthreads=104,
message=tick stats,tick=80,estimated_current_power=0.000000,
end_task=,name=trsm_rightprofile,elapsed_seconds=0.528014,predicted_seconds=0.000000,time_percent_error=100.000000,nthreads=104,end_time=235288.214143,avg_power_W=207.272727,max_power_W=215.000000,avg_time_s=0.021121,released_listeners=1,
start_task=,name=trsm_leftprofile,tick=81,start_time=235288.214227,nthreads=104,
message=tick stats,tick=81,estimated_current_power=0.000000,
end_task=,name=trsm_leftprofile,elapsed_seconds=0.534808,predicted_seconds=0.000000,time_percent_error=100.000000,nthreads=104,end_time=235288.749545,avg_power_W=177.100000,max_power_W=214.000000,avg_time_s=0.133702,released_listeners=1,
start_task=,name=trsm_rightprofile,tick=82,start_time=235288.749625,nthreads=104,
message=tick stats,tick=82,estimated_current_power=0.000000,
end_task=,name=trsm_rightprofile,elapsed_seconds=0.524498,predicted_seconds=0.000000,time_percent_error=100.000000,nthreads=104,end_time=235289.275091,avg_power_W=207.818182,max_power_W=217.000000,avg_time_s=0.020980,released_listeners=1,
start_task=,name=trsm_left,tick=83,start_time=235289.275178,nthreads=104,
message=tick stats,tick=83,estimated_current_power=43.300000,
end_task=,name=trsm_left,elapsed_seconds=0.409064,predicted_seconds=0.346404,time_percent_error=15.317921,nthreads=104,end_time=235289.684806,avg_power_W=176.375000,max_power_W=210.000000,avg_time_s=0.409064,released_listeners=4,
start_task=,name=trsm_right,tick=84,start_time=235289.684887,nthreads=104,
message=tick stats,tick=84,estimated_current_power=56.100000,
end_task=,name=trsm_right,elapsed_seconds=0.064234,predicted_seconds=0.037221,time_percent_error=42.054333,nthreads=104,end_time=235289.749676,avg_power_W=169.000000,max_power_W=169.000000,avg_time_s=0.064234,released_listeners=4,
start_task=,name=trsm_left,tick=85,start_time=235289.749757,nthreads=104,
message=tick stats,tick=85,estimated_current_power=43.300000,
end_task=,name=trsm_left,elapsed_seconds=0.219682,predicted_seconds=0.346404,time_percent_error=57.684535,nthreads=104,end_time=235289.970383,avg_power_W=176.200000,max_power_W=189.000000,avg_time_s=0.219682,released_listeners=4,
start_task=,name=trsm_right,tick=86,start_time=235289.970465,nthreads=104,
message=tick stats,tick=86,estimated_current_power=56.100000,
end_task=,name=trsm_right,elapsed_seconds=0.049867,predicted_seconds=0.037221,time_percent_error=25.359762,nthreads=104,end_time=235290.021538,avg_power_W=169.000000,max_power_W=169.000000,avg_time_s=0.049867,released_listeners=4,
start_task=,name=trsm_left,tick=87,start_time=235290.021622,nthreads=104,
message=tick stats,tick=87,estimated_current_power=43.300000,
end_task=,name=trsm_left,elapsed_seconds=0.085307,predicted_seconds=0.346404,time_percent_error=306.068653,nthreads=104,end_time=235290.114364,avg_power_W=172.500000,max_power_W=174.000000,avg_time_s=0.085307,released_listeners=4,
start_task=,name=trsm_right,tick=88,start_time=235290.114450,nthreads=104,
message=tick stats,tick=88,estimated_current_power=56.100000,
end_task=,name=trsm_right,elapsed_seconds=0.058487,predicted_seconds=0.037221,time_percent_error=36.360999,nthreads=104,end_time=235290.173868,avg_power_W=179.000000,max_power_W=179.000000,avg_time_s=0.058487,released_listeners=4,
start_task=,name=trsm_left,tick=89,start_time=235290.173947,nthreads=104,
message=tick stats,tick=89,estimated_current_power=43.300000,
end_task=,name=trsm_left,elapsed_seconds=0.349293,predicted_seconds=0.346404,time_percent_error=0.827122,nthreads=104,end_time=235290.523796,avg_power_W=170.428571,max_power_W=176.000000,avg_time_s=0.349293,released_listeners=4,
start_task=,name=trsm_right,tick=90,start_time=235290.523879,nthreads=104,
message=tick stats,tick=90,estimated_current_power=56.100000,
end_task=,name=trsm_right,elapsed_seconds=0.065664,predicted_seconds=0.037221,time_percent_error=43.316272,nthreads=104,end_time=235290.590104,avg_power_W=170.000000,max_power_W=170.000000,avg_time_s=0.065664,released_listeners=4,
start_task=,name=lu_gemmprofile,tick=91,start_time=235290.590186,nthreads=104,
message=tick stats,tick=91,estimated_current_power=0.000000,
end_task=,name=lu_gemmprofile,elapsed_seconds=0.540397,predicted_seconds=0.000000,time_percent_error=100.000000,nthreads=104,end_time=235291.131513,avg_power_W=203.636364,max_power_W=218.000000,avg_time_s=0.028442,released_listeners=1,
start_task=,name=lu_gemmprofile,tick=92,start_time=235291.131594,nthreads=104,
message=tick stats,tick=92,estimated_current_power=0.000000,
end_task=,name=lu_gemmprofile,elapsed_seconds=0.540981,predicted_seconds=0.000000,time_percent_error=100.000000,nthreads=104,end_time=235291.673164,avg_power_W=206.636364,max_power_W=218.000000,avg_time_s=0.028473,released_listeners=1,
start_task=,name=lu_gemmprofile,tick=93,start_time=235291.673245,nthreads=104,
message=tick stats,tick=93,estimated_current_power=0.000000,
end_task=,name=lu_gemmprofile,elapsed_seconds=0.547528,predicted_seconds=0.000000,time_percent_error=100.000000,nthreads=104,end_time=235292.221669,avg_power_W=207.363636,max_power_W=219.000000,avg_time_s=0.030418,released_listeners=1,
start_task=,name=lu_gemmprofile,tick=94,start_time=235292.221756,nthreads=104,
message=tick stats,tick=94,estimated_current_power=0.000000,
end_task=,name=lu_gemmprofile,elapsed_seconds=0.519470,predicted_seconds=0.000000,time_percent_error=100.000000,nthreads=104,end_time=235292.741731,avg_power_W=209.300000,max_power_W=219.000000,avg_time_s=0.028859,released_listeners=1,
start_task=,name=lu_gemmprofile,tick=95,start_time=235292.741814,nthreads=104,
message=tick stats,tick=95,estimated_current_power=0.000000,
end_task=,name=lu_gemmprofile,elapsed_seconds=0.521900,predicted_seconds=0.000000,time_percent_error=100.000000,nthreads=104,end_time=235293.264247,avg_power_W=210.181818,max_power_W=219.000000,avg_time_s=0.028994,released_listeners=1,
start_task=,name=lu_gemmprofile,tick=96,start_time=235293.264329,nthreads=104,
message=tick stats,tick=96,estimated_current_power=0.000000,
end_task=,name=lu_gemmprofile,elapsed_seconds=0.544244,predicted_seconds=0.000000,time_percent_error=100.000000,nthreads=104,end_time=235293.814104,avg_power_W=211.636364,max_power_W=220.000000,avg_time_s=0.028644,released_listeners=1,
start_task=,name=lu_gemmprofile,tick=97,start_time=235293.814234,nthreads=104,
message=tick stats,tick=97,estimated_current_power=0.000000,
end_task=,name=lu_gemmprofile,elapsed_seconds=0.540839,predicted_seconds=0.000000,time_percent_error=100.000000,nthreads=104,end_time=235294.364200,avg_power_W=210.545455,max_power_W=217.000000,avg_time_s=0.028465,released_listeners=1,
start_task=,name=lu_gemmprofile,tick=98,start_time=235294.364285,nthreads=104,
message=tick stats,tick=98,estimated_current_power=0.000000,
end_task=,name=lu_gemmprofile,elapsed_seconds=0.543639,predicted_seconds=0.000000,time_percent_error=100.000000,nthreads=104,end_time=235294.914108,avg_power_W=212.636364,max_power_W=219.000000,avg_time_s=0.028613,released_listeners=1,
start_task=,name=lu_gemmprofile,tick=99,start_time=235294.914277,nthreads=104,
message=tick stats,tick=99,estimated_current_power=0.000000,
end_task=,name=lu_gemmprofile,elapsed_seconds=0.518114,predicted_seconds=0.000000,time_percent_error=100.000000,nthreads=104,end_time=235295.433338,avg_power_W=211.700000,max_power_W=219.000000,avg_time_s=0.028784,released_listeners=1,
start_task=,name=lu_gemmprofile,tick=100,start_time=235295.433419,nthreads=104,
message=tick stats,tick=100,estimated_current_power=0.000000,
end_task=,name=lu_gemmprofile,elapsed_seconds=0.540354,predicted_seconds=0.000000,time_percent_error=100.000000,nthreads=104,end_time=235295.974704,avg_power_W=210.272727,max_power_W=220.000000,avg_time_s=0.028440,released_listeners=1,
start_task=,name=lu_gemmprofile,tick=101,start_time=235295.974785,nthreads=104,
message=tick stats,tick=101,estimated_current_power=0.000000,
end_task=,name=lu_gemmprofile,elapsed_seconds=0.522542,predicted_seconds=0.000000,time_percent_error=100.000000,nthreads=104,end_time=235296.497825,avg_power_W=209.300000,max_power_W=219.000000,avg_time_s=0.029030,released_listeners=1,
start_task=,name=lu_gemmprofile,tick=102,start_time=235296.497905,nthreads=104,
message=tick stats,tick=102,estimated_current_power=0.000000,
end_task=,name=lu_gemmprofile,elapsed_seconds=0.526522,predicted_seconds=0.000000,time_percent_error=100.000000,nthreads=104,end_time=235297.025364,avg_power_W=197.181818,max_power_W=220.000000,avg_time_s=0.035101,released_listeners=1,
start_task=,name=lu_gemmprofile,tick=103,start_time=235297.025446,nthreads=104,
message=tick stats,tick=103,estimated_current_power=0.000000,
end_task=,name=lu_gemmprofile,elapsed_seconds=0.534305,predicted_seconds=0.000000,time_percent_error=100.000000,nthreads=104,end_time=235297.564099,avg_power_W=207.636364,max_power_W=220.000000,avg_time_s=0.029684,released_listeners=1,
start_task=,name=lu_gemmprofile,tick=104,start_time=235297.564201,nthreads=104,
message=tick stats,tick=104,estimated_current_power=0.000000,
end_task=,name=lu_gemmprofile,elapsed_seconds=0.531880,predicted_seconds=0.000000,time_percent_error=100.000000,nthreads=104,end_time=235298.097675,avg_power_W=212.400000,max_power_W=221.000000,avg_time_s=0.029549,released_listeners=1,
start_task=,name=lu_gemmprofile,tick=105,start_time=235298.097758,nthreads=104,
message=tick stats,tick=105,estimated_current_power=0.000000,
end_task=,name=lu_gemmprofile,elapsed_seconds=0.556617,predicted_seconds=0.000000,time_percent_error=100.000000,nthreads=104,end_time=235298.666655,avg_power_W=209.166667,max_power_W=224.000000,avg_time_s=0.029296,released_listeners=1,
start_task=,name=lu_gemmprofile,tick=106,start_time=235298.666740,nthreads=104,
message=tick stats,tick=106,estimated_current_power=0.000000,
end_task=,name=lu_gemmprofile,elapsed_seconds=0.860363,predicted_seconds=0.000000,time_percent_error=100.000000,nthreads=104,end_time=235299.528081,avg_power_W=190.647059,max_power_W=220.000000,avg_time_s=0.043018,released_listeners=1,
start_task=,name=lu_gemm,tick=107,start_time=235299.528170,nthreads=104,
message=tick stats,tick=107,estimated_current_power=61.245455,
end_task=,name=lu_gemm,elapsed_seconds=0.067513,predicted_seconds=0.052277,time_percent_error=22.567781,nthreads=104,end_time=235299.596675,avg_power_W=220.000000,max_power_W=220.000000,avg_time_s=0.067513,released_listeners=1,
start_task=,name=lu_gemm,tick=108,start_time=235299.596756,nthreads=104,
message=tick stats,tick=108,estimated_current_power=61.245455,
end_task=,name=lu_gemm,elapsed_seconds=0.076845,predicted_seconds=0.052277,time_percent_error=31.971536,nthreads=104,end_time=235299.674125,avg_power_W=190.500000,max_power_W=198.000000,avg_time_s=0.076845,released_listeners=1,
start_task=,name=lu_gemm,tick=109,start_time=235299.674210,nthreads=104,
message=tick stats,tick=109,estimated_current_power=61.245455,
end_task=,name=lu_gemm,elapsed_seconds=0.075787,predicted_seconds=0.052277,time_percent_error=31.022133,nthreads=104,end_time=235299.764084,avg_power_W=170.500000,max_power_W=176.000000,avg_time_s=0.075787,released_listeners=1,
start_task=,name=lu_gemm,tick=110,start_time=235299.764180,nthreads=104,
message=tick stats,tick=110,estimated_current_power=61.245455,
end_task=,name=lu_gemm,elapsed_seconds=0.076301,predicted_seconds=0.052277,time_percent_error=31.486068,nthreads=104,end_time=235299.841023,avg_power_W=192.000000,max_power_W=192.000000,avg_time_s=0.076301,released_listeners=0,
start_task=,name=lu_gemm,tick=111,start_time=235299.841110,nthreads=104,
message=tick stats,tick=111,estimated_current_power=61.245455,
end_task=,name=lu_gemm,elapsed_seconds=0.077453,predicted_seconds=0.052277,time_percent_error=32.505804,nthreads=104,end_time=235299.919084,avg_power_W=184.500000,max_power_W=195.000000,avg_time_s=0.077453,released_listeners=1,
start_task=,name=lu_gemm,tick=112,start_time=235299.919170,nthreads=104,
message=tick stats,tick=112,estimated_current_power=61.245455,
end_task=,name=lu_gemm,elapsed_seconds=0.076030,predicted_seconds=0.052277,time_percent_error=31.242251,nthreads=104,end_time=235299.995825,avg_power_W=189.000000,max_power_W=189.000000,avg_time_s=0.076030,released_listeners=0,
start_task=,name=lu_gemm,tick=113,start_time=235299.995905,nthreads=104,
message=tick stats,tick=113,estimated_current_power=61.245455,
end_task=,name=lu_gemm,elapsed_seconds=0.074106,predicted_seconds=0.052277,time_percent_error=29.456981,nthreads=104,end_time=235300.070620,avg_power_W=189.000000,max_power_W=197.000000,avg_time_s=0.074106,released_listeners=1,
start_task=,name=lu_gemm,tick=114,start_time=235300.070702,nthreads=104,
message=tick stats,tick=114,estimated_current_power=61.245455,
end_task=,name=lu_gemm,elapsed_seconds=0.081887,predicted_seconds=0.052277,time_percent_error=36.159813,nthreads=104,end_time=235300.164146,avg_power_W=185.000000,max_power_W=194.000000,avg_time_s=0.081887,released_listeners=0,
start_task=,name=lu_gemm,tick=115,start_time=235300.164230,nthreads=104,
message=tick stats,tick=115,estimated_current_power=61.245455,
end_task=,name=lu_gemm,elapsed_seconds=0.069025,predicted_seconds=0.052277,time_percent_error=24.264805,nthreads=104,end_time=235300.234173,avg_power_W=199.000000,max_power_W=199.000000,avg_time_s=0.069025,released_listeners=0,
start_task=,name=lu_gemm,tick=116,start_time=235300.234268,nthreads=104,
message=tick stats,tick=116,estimated_current_power=61.245455,
end_task=,name=lu_gemm,elapsed_seconds=0.069701,predicted_seconds=0.052277,time_percent_error=24.998729,nthreads=104,end_time=235300.314123,avg_power_W=177.000000,max_power_W=179.000000,avg_time_s=0.069701,released_listeners=1,
start_task=,name=lu_gemm,tick=117,start_time=235300.314216,nthreads=104,
message=tick stats,tick=117,estimated_current_power=61.245455,
end_task=,name=lu_gemm,elapsed_seconds=0.073719,predicted_seconds=0.052277,time_percent_error=29.087156,nthreads=104,end_time=235300.388872,avg_power_W=193.000000,max_power_W=193.000000,avg_time_s=0.073719,released_listeners=0,
start_task=,name=lu_gemm,tick=118,start_time=235300.388953,nthreads=104,
message=tick stats,tick=118,estimated_current_power=61.245455,
end_task=,name=lu_gemm,elapsed_seconds=0.072924,predicted_seconds=0.052277,time_percent_error=28.313700,nthreads=104,end_time=235300.464363,avg_power_W=179.000000,max_power_W=187.000000,avg_time_s=0.072924,released_listeners=0,
start_task=,name=lu_gemm,tick=119,start_time=235300.464447,nthreads=104,
message=tick stats,tick=119,estimated_current_power=61.245455,
end_task=,name=lu_gemm,elapsed_seconds=0.073554,predicted_seconds=0.052277,time_percent_error=28.927781,nthreads=104,end_time=235300.538894,avg_power_W=197.000000,max_power_W=197.000000,avg_time_s=0.073554,released_listeners=1,
start_task=,name=lu_gemm,tick=120,start_time=235300.538971,nthreads=104,
message=tick stats,tick=120,estimated_current_power=61.245455,
end_task=,name=lu_gemm,elapsed_seconds=0.073823,predicted_seconds=0.052277,time_percent_error=29.186654,nthreads=104,end_time=235300.614162,avg_power_W=180.000000,max_power_W=186.000000,avg_time_s=0.073823,released_listeners=0,
start_task=,name=lu_gemm,tick=121,start_time=235300.614259,nthreads=104,
message=tick stats,tick=121,estimated_current_power=61.245455,
end_task=,name=lu_gemm,elapsed_seconds=0.072934,predicted_seconds=0.052277,time_percent_error=28.323319,nthreads=104,end_time=235300.687961,avg_power_W=167.000000,max_power_W=167.000000,avg_time_s=0.072934,released_listeners=0,
start_task=,name=lu_gemm,tick=122,start_time=235300.688043,nthreads=104,
message=tick stats,tick=122,estimated_current_power=61.245455,
end_task=,name=lu_gemm,elapsed_seconds=0.085573,predicted_seconds=0.052277,time_percent_error=38.910101,nthreads=104,end_time=235300.774153,avg_power_W=179.000000,max_power_W=186.000000,avg_time_s=0.085573,released_listeners=0,
start_task=,name=getrfprofile,tick=123,start_time=235300.774240,nthreads=104,
message=tick stats,tick=123,estimated_current_power=0.000000,
end_task=,name=getrfprofile,elapsed_seconds=0.590040,predicted_seconds=0.000000,time_percent_error=100.000000,nthreads=104,end_time=235301.365683,avg_power_W=187.166667,max_power_W=193.000000,avg_time_s=0.073755,released_listeners=1,
start_task=,name=getrf,tick=124,start_time=235301.365764,nthreads=104,
message=tick stats,tick=124,estimated_current_power=43.266667,
end_task=,name=getrf,elapsed_seconds=0.107660,predicted_seconds=0.291669,time_percent_error=170.916779,nthreads=104,end_time=235301.474348,avg_power_W=183.500000,max_power_W=188.000000,avg_time_s=0.107660,released_listeners=6,
start_task=,name=trsm_leftprofile,tick=125,start_time=235301.474430,nthreads=104,
message=tick stats,tick=125,estimated_current_power=0.000000,
end_task=,name=trsm_leftprofile,elapsed_seconds=0.570178,predicted_seconds=0.000000,time_percent_error=100.000000,nthreads=104,end_time=235302.045203,avg_power_W=181.090909,max_power_W=198.000000,avg_time_s=0.081454,released_listeners=1,
start_task=,name=trsm_rightprofile,tick=126,start_time=235302.045284,nthreads=104,
message=tick stats,tick=126,estimated_current_power=0.000000,
end_task=,name=trsm_rightprofile,elapsed_seconds=0.534904,predicted_seconds=0.000000,time_percent_error=100.000000,nthreads=104,end_time=235302.581140,avg_power_W=204.545455,max_power_W=218.000000,avg_time_s=0.020573,released_listeners=1,
start_task=,name=trsm_leftprofile,tick=127,start_time=235302.581242,nthreads=104,
message=tick stats,tick=127,estimated_current_power=0.000000,
end_task=,name=trsm_leftprofile,elapsed_seconds=0.548089,predicted_seconds=0.000000,time_percent_error=100.000000,nthreads=104,end_time=235303.130310,avg_power_W=179.363636,max_power_W=215.000000,avg_time_s=0.137022,released_listeners=1,
start_task=,name=trsm_rightprofile,tick=128,start_time=235303.130394,nthreads=104,
message=tick stats,tick=128,estimated_current_power=0.000000,
end_task=,name=trsm_rightprofile,elapsed_seconds=0.529359,predicted_seconds=0.000000,time_percent_error=100.000000,nthreads=104,end_time=235303.664213,avg_power_W=209.000000,max_power_W=217.000000,avg_time_s=0.020360,released_listeners=1,
start_task=,name=trsm_leftprofile,tick=129,start_time=235303.664346,nthreads=104,
message=tick stats,tick=129,estimated_current_power=0.000000,
end_task=,name=trsm_leftprofile,elapsed_seconds=0.545197,predicted_seconds=0.000000,time_percent_error=100.000000,nthreads=104,end_time=235304.214303,avg_power_W=184.545455,max_power_W=212.000000,avg_time_s=0.068150,released_listeners=1,
start_task=,name=trsm_rightprofile,tick=130,start_time=235304.214384,nthreads=104,
message=tick stats,tick=130,estimated_current_power=0.000000,
end_task=,name=trsm_rightprofile,elapsed_seconds=0.530243,predicted_seconds=0.000000,time_percent_error=100.000000,nthreads=104,end_time=235304.745203,avg_power_W=208.300000,max_power_W=219.000000,avg_time_s=0.020394,released_listeners=1,
start_task=,name=trsm_left,tick=131,start_time=235304.745285,nthreads=104,
message=tick stats,tick=131,estimated_current_power=43.300000,
end_task=,name=trsm_left,elapsed_seconds=0.089032,predicted_seconds=0.346404,time_percent_error=289.079280,nthreads=104,end_time=235304.834905,avg_power_W=206.000000,max_power_W=210.000000,avg_time_s=0.089032,released_listeners=3,
start_task=,name=trsm_right,tick=132,start_time=235304.834988,nthreads=104,
message=tick stats,tick=132,estimated_current_power=56.100000,
end_task=,name=trsm_right,elapsed_seconds=0.055728,predicted_seconds=0.037221,time_percent_error=33.210650,nthreads=104,end_time=235304.891321,avg_power_W=174.000000,max_power_W=174.000000,avg_time_s=0.055728,released_listeners=3,
start_task=,name=trsm_left,tick=133,start_time=235304.891404,nthreads=104,
message=tick stats,tick=133,estimated_current_power=43.300000,
end_task=,name=trsm_left,elapsed_seconds=0.226232,predicted_seconds=0.346404,time_percent_error=53.119297,nthreads=104,end_time=235305.118595,avg_power_W=178.600000,max_power_W=193.000000,avg_time_s=0.226232,released_listeners=3,
start_task=,name=trsm_right,tick=134,start_time=235305.118677,nthreads=104,
message=tick stats,tick=134,estimated_current_power=56.100000,
end_task=,name=trsm_right,elapsed_seconds=0.059930,predicted_seconds=0.037221,time_percent_error=37.892706,nthreads=104,end_time=235305.179531,avg_power_W=169.000000,max_power_W=169.000000,avg_time_s=0.059930,released_listeners=3,
start_task=,name=trsm_left,tick=135,start_time=235305.179616,nthreads=104,
message=tick stats,tick=135,estimated_current_power=43.300000,
end_task=,name=trsm_left,elapsed_seconds=0.101736,predicted_seconds=0.346404,time_percent_error=240.493363,nthreads=104,end_time=235305.284401,avg_power_W=173.500000,max_power_W=174.000000,avg_time_s=0.101736,released_listeners=3,
start_task=,name=trsm_right,tick=136,start_time=235305.284484,nthreads=104,
message=tick stats,tick=136,estimated_current_power=56.100000,
end_task=,name=trsm_right,elapsed_seconds=0.044665,predicted_seconds=0.037221,time_percent_error=16.667391,nthreads=104,end_time=235305.330067,avg_power_W=185.000000,max_power_W=185.000000,avg_time_s=0.044665,released_listeners=3,
start_task=,name=lu_gemmprofile,tick=137,start_time=235305.330150,nthreads=104,
message=tick stats,tick=137,estimated_current_power=0.000000,
end_task=,name=lu_gemmprofile,elapsed_seconds=0.540950,predicted_seconds=0.000000,time_percent_error=100.000000,nthreads=104,end_time=235305.871640,avg_power_W=202.909091,max_power_W=214.000000,avg_time_s=0.028471,released_listeners=1,
start_task=,name=lu_gemmprofile,tick=138,start_time=235305.871721,nthreads=104,
message=tick stats,tick=138,estimated_current_power=0.000000,
end_task=,name=lu_gemmprofile,elapsed_seconds=0.562892,predicted_seconds=0.000000,time_percent_error=100.000000,nthreads=104,end_time=235306.435540,avg_power_W=209.272727,max_power_W=220.000000,avg_time_s=0.029626,released_listeners=1,
start_task=,name=lu_gemmprofile,tick=139,start_time=235306.435624,nthreads=104,
message=tick stats,tick=139,estimated_current_power=0.000000,
end_task=,name=lu_gemmprofile,elapsed_seconds=0.530063,predicted_seconds=0.000000,time_percent_error=100.000000,nthreads=104,end_time=235306.966201,avg_power_W=210.272727,max_power_W=219.000000,avg_time_s=0.027898,released_listeners=1,
start_task=,name=lu_gemmprofile,tick=140,start_time=235306.966282,nthreads=104,
message=tick stats,tick=140,estimated_current_power=0.000000,
end_task=,name=lu_gemmprofile,elapsed_seconds=0.535948,predicted_seconds=0.000000,time_percent_error=100.000000,nthreads=104,end_time=235307.514027,avg_power_W=210.545455,max_power_W=219.000000,avg_time_s=0.028208,released_listeners=1,
start_task=,name=lu_gemmprofile,tick=141,start_time=235307.514112,nthreads=104,
message=tick stats,tick=141,estimated_current_power=0.000000,
end_task=,name=lu_gemmprofile,elapsed_seconds=0.526375,predicted_seconds=0.000000,time_percent_error=100.000000,nthreads=104,end_time=235308.041076,avg_power_W=212.700000,max_power_W=219.000000,avg_time_s=0.027704,released_listeners=1,
start_task=,name=lu_gemmprofile,tick=142,start_time=235308.041162,nthreads=104,
message=tick stats,tick=142,estimated_current_power=0.000000,
end_task=,name=lu_gemmprofile,elapsed_seconds=0.550280,predicted_seconds=0.000000,time_percent_error=100.000000,nthreads=104,end_time=235308.592935,avg_power_W=210.727273,max_power_W=221.000000,avg_time_s=0.030571,released_listeners=1,
start_task=,name=lu_gemmprofile,tick=143,start_time=235308.593020,nthreads=104,
message=tick stats,tick=143,estimated_current_power=0.000000,
end_task=,name=lu_gemmprofile,elapsed_seconds=0.552331,predicted_seconds=0.000000,time_percent_error=100.000000,nthreads=104,end_time=235309.146023,avg_power_W=207.090909,max_power_W=217.000000,avg_time_s=0.029070,released_listeners=1,
start_task=,name=lu_gemmprofile,tick=144,start_time=235309.146107,nthreads=104,
message=tick stats,tick=144,estimated_current_power=0.000000,
end_task=,name=lu_gemmprofile,elapsed_seconds=0.534372,predicted_seconds=0.000000,time_percent_error=100.000000,nthreads=104,end_time=235309.681420,avg_power_W=209.545455,max_power_W=218.000000,avg_time_s=0.031434,released_listeners=1,
start_task=,name=lu_gemmprofile,tick=145,start_time=235309.681501,nthreads=104,
message=tick stats,tick=145,estimated_current_power=0.000000,
end_task=,name=lu_gemmprofile,elapsed_seconds=0.588457,predicted_seconds=0.000000,time_percent_error=100.000000,nthreads=104,end_time=235310.270454,avg_power_W=199.600000,max_power_W=219.000000,avg_time_s=0.036779,released_listeners=1,
start_task=,name=lu_gemm,tick=146,start_time=235310.270536,nthreads=104,
message=tick stats,tick=146,estimated_current_power=61.245455,
end_task=,name=lu_gemm,elapsed_seconds=0.075754,predicted_seconds=0.052277,time_percent_error=30.991481,nthreads=104,end_time=235310.346913,avg_power_W=175.333333,max_power_W=192.000000,avg_time_s=0.075754,released_listeners=1,
start_task=,name=lu_gemm,tick=147,start_time=235310.346995,nthreads=104,
message=tick stats,tick=147,estimated_current_power=61.245455,
end_task=,name=lu_gemm,elapsed_seconds=0.087247,predicted_seconds=0.052277,time_percent_error=40.082341,nthreads=104,end_time=235310.435288,avg_power_W=182.500000,max_power_W=194.000000,avg_time_s=0.087247,released_listeners=1,
start_task=,name=lu_gemm,tick=148,start_time=235310.435371,nthreads=104,
message=tick stats,tick=148,estimated_current_power=61.245455,
end_task=,name=lu_gemm,elapsed_seconds=0.077400,predicted_seconds=0.052277,time_percent_error=32.459568,nthreads=104,end_time=235310.514305,avg_power_W=183.000000,max_power_W=197.000000,avg_time_s=0.077400,released_listeners=1,
start_task=,name=lu_gemm,tick=149,start_time=235310.514386,nthreads=104,
message=tick stats,tick=149,estimated_current_power=61.245455,
end_task=,name=lu_gemm,elapsed_seconds=0.097366,predicted_seconds=0.052277,time_percent_error=46.309207,nthreads=104,end_time=235310.614310,avg_power_W=185.000000,max_power_W=194.000000,avg_time_s=0.097366,released_listeners=0,
start_task=,name=lu_gemm,tick=150,start_time=235310.614390,nthreads=104,
message=tick stats,tick=150,estimated_current_power=61.245455,
end_task=,name=lu_gemm,elapsed_seconds=0.097749,predicted_seconds=0.052277,time_percent_error=46.519701,nthreads=104,end_time=235310.714316,avg_power_W=180.000000,max_power_W=186.000000,avg_time_s=0.097749,released_listeners=1,
start_task=,name=lu_gemm,tick=151,start_time=235310.714405,nthreads=104,
message=tick stats,tick=151,estimated_current_power=61.245455,
end_task=,name=lu_gemm,elapsed_seconds=0.073817,predicted_seconds=0.052277,time_percent_error=29.181127,nthreads=104,end_time=235310.788835,avg_power_W=177.000000,max_power_W=177.000000,avg_time_s=0.073817,released_listeners=0,
start_task=,name=lu_gemm,tick=152,start_time=235310.788911,nthreads=104,
message=tick stats,tick=152,estimated_current_power=61.245455,
end_task=,name=lu_gemm,elapsed_seconds=0.071447,predicted_seconds=0.052277,time_percent_error=26.831422,nthreads=104,end_time=235310.863999,avg_power_W=176.000000,max_power_W=182.000000,avg_time_s=0.071447,released_listeners=1,
start_task=,name=lu_gemm,tick=153,start_time=235310.864099,nthreads=104,
message=tick stats,tick=153,estimated_current_power=61.245455,
end_task=,name=lu_gemm,elapsed_seconds=0.073273,predicted_seconds=0.052277,time_percent_error=28.655057,nthreads=104,end_time=235310.937923,avg_power_W=184.000000,max_power_W=184.000000,avg_time_s=0.073273,released_listeners=0,
start_task=,name=lu_gemm,tick=154,start_time=235310.937999,nthreads=104,
message=tick stats,tick=154,estimated_current_power=61.245455,
end_task=,name=lu_gemm,elapsed_seconds=0.079549,predicted_seconds=0.052277,time_percent_error=34.284226,nthreads=104,end_time=235311.018027,avg_power_W=174.000000,max_power_W=177.000000,avg_time_s=0.079549,released_listeners=0,
start_task=,name=getrfprofile,tick=155,start_time=235311.018112,nthreads=104,
message=tick stats,tick=155,estimated_current_power=0.000000,
end_task=,name=getrfprofile,elapsed_seconds=0.571613,predicted_seconds=0.000000,time_percent_error=100.000000,nthreads=104,end_time=235311.591299,avg_power_W=188.636364,max_power_W=196.000000,avg_time_s=0.071452,released_listeners=1,
start_task=,name=getrf,tick=156,start_time=235311.591381,nthreads=104,
message=tick stats,tick=156,estimated_current_power=43.266667,
end_task=,name=getrf,elapsed_seconds=0.095742,predicted_seconds=0.291669,time_percent_error=204.641082,nthreads=104,end_time=235311.688582,avg_power_W=183.500000,max_power_W=190.000000,avg_time_s=0.095742,released_listeners=4,
start_task=,name=trsm_leftprofile,tick=157,start_time=235311.688664,nthreads=104,
message=tick stats,tick=157,estimated_current_power=0.000000,
end_task=,name=trsm_leftprofile,elapsed_seconds=0.553436,predicted_seconds=0.000000,time_percent_error=100.000000,nthreads=104,end_time=235312.242493,avg_power_W=183.363636,max_power_W=196.000000,avg_time_s=0.061493,released_listeners=1,
start_task=,name=trsm_rightprofile,tick=158,start_time=235312.242574,nthreads=104,
message=tick stats,tick=158,estimated_current_power=0.000000,
end_task=,name=trsm_rightprofile,elapsed_seconds=0.534576,predicted_seconds=0.000000,time_percent_error=100.000000,nthreads=104,end_time=235312.778709,avg_power_W=212.090909,max_power_W=219.000000,avg_time_s=0.020561,released_listeners=1,
start_task=,name=trsm_leftprofile,tick=159,start_time=235312.778790,nthreads=104,
message=tick stats,tick=159,estimated_current_power=0.000000,
end_task=,name=trsm_leftprofile,elapsed_seconds=0.554387,predicted_seconds=0.000000,time_percent_error=100.000000,nthreads=104,end_time=235313.337606,avg_power_W=178.181818,max_power_W=216.000000,avg_time_s=0.138597,released_listeners=1,
start_task=,name=trsm_rightprofile,tick=160,start_time=235313.337687,nthreads=104,
message=tick stats,tick=160,estimated_current_power=0.000000,
end_task=,name=trsm_rightprofile,elapsed_seconds=0.526265,predicted_seconds=0.000000,time_percent_error=100.000000,nthreads=104,end_time=235313.864383,avg_power_W=209.363636,max_power_W=218.000000,avg_time_s=0.021051,released_listeners=1,
start_task=,name=trsm_left,tick=161,start_time=235313.864467,nthreads=104,
message=tick stats,tick=161,estimated_current_power=43.300000,
end_task=,name=trsm_left,elapsed_seconds=0.376259,predicted_seconds=0.346404,time_percent_error=7.934722,nthreads=104,end_time=235314.241208,avg_power_W=179.571429,max_power_W=213.000000,avg_time_s=0.376259,released_listeners=2,
start_task=,name=trsm_right,tick=162,start_time=235314.241347,nthreads=104,
message=tick stats,tick=162,estimated_current_power=56.100000,
end_task=,name=trsm_right,elapsed_seconds=0.066758,predicted_seconds=0.037221,time_percent_error=44.245228,nthreads=104,end_time=235314.314162,avg_power_W=170.500000,max_power_W=172.000000,avg_time_s=0.066758,released_listeners=2,
start_task=,name=trsm_left,tick=163,start_time=235314.314290,nthreads=104,
message=tick stats,tick=163,estimated_current_power=43.300000,
end_task=,name=trsm_left,elapsed_seconds=0.346508,predicted_seconds=0.346404,time_percent_error=0.029886,nthreads=104,end_time=235314.664202,avg_power_W=172.428571,max_power_W=185.000000,avg_time_s=0.346508,released_listeners=2,
start_task=,name=trsm_right,tick=164,start_time=235314.664332,nthreads=104,
message=tick stats,tick=164,estimated_current_power=56.100000,
end_task=,name=trsm_right,elapsed_seconds=0.061302,predicted_seconds=0.037221,time_percent_error=39.282767,nthreads=104,end_time=235314.727062,avg_power_W=167.000000,max_power_W=167.000000,avg_time_s=0.061302,released_listeners=2,
start_task=,name=lu_gemmprofile,tick=165,start_time=235314.727145,nthreads=104,
message=tick stats,tick=165,estimated_current_power=0.000000,
end_task=,name=lu_gemmprofile,elapsed_seconds=0.539136,predicted_seconds=0.000000,time_percent_error=100.000000,nthreads=104,end_time=235315.266799,avg_power_W=204.363636,max_power_W=219.000000,avg_time_s=0.028376,released_listeners=1,
start_task=,name=lu_gemmprofile,tick=166,start_time=235315.266880,nthreads=104,
message=tick stats,tick=166,estimated_current_power=0.000000,
end_task=,name=lu_gemmprofile,elapsed_seconds=0.544088,predicted_seconds=0.000000,time_percent_error=100.000000,nthreads=104,end_time=235315.814286,avg_power_W=210.272727,max_power_W=219.000000,avg_time_s=0.028636,released_listeners=1,
start_task=,name=lu_gemmprofile,tick=167,start_time=235315.814373,nthreads=104,
message=tick stats,tick=167,estimated_current_power=0.000000,
end_task=,name=lu_gemmprofile,elapsed_seconds=0.531621,predicted_seconds=0.000000,time_percent_error=100.000000,nthreads=104,end_time=235316.346499,avg_power_W=210.500000,max_power_W=218.000000,avg_time_s=0.027980,released_listeners=1,
start_task=,name=lu_gemmprofile,tick=168,start_time=235316.346580,nthreads=104,
message=tick stats,tick=168,estimated_current_power=0.000000,
end_task=,name=lu_gemmprofile,elapsed_seconds=0.545997,predicted_seconds=0.000000,time_percent_error=100.000000,nthreads=104,end_time=235316.893002,avg_power_W=211.000000,max_power_W=219.000000,avg_time_s=0.028737,released_listeners=1,
start_task=,name=lu_gemm,tick=169,start_time=235316.893086,nthreads=104,
message=tick stats,tick=169,estimated_current_power=61.245455,
end_task=,name=lu_gemm,elapsed_seconds=0.080399,predicted_seconds=0.052277,time_percent_error=34.978982,nthreads=104,end_time=235316.974019,avg_power_W=203.000000,max_power_W=214.000000,avg_time_s=0.080399,released_listeners=1,
start_task=,name=lu_gemm,tick=170,start_time=235316.974110,nthreads=104,
message=tick stats,tick=170,estimated_current_power=61.245455,
end_task=,name=lu_gemm,elapsed_seconds=0.089031,predicted_seconds=0.052277,time_percent_error=41.282447,nthreads=104,end_time=235317.064611,avg_power_W=181.000000,max_power_W=185.000000,avg_time_s=0.089031,released_listeners=1,
start_task=,name=lu_gemm,tick=171,start_time=235317.064700,nthreads=104,
message=tick stats,tick=171,estimated_current_power=61.245455,
end_task=,name=lu_gemm,elapsed_seconds=0.072642,predicted_seconds=0.052277,time_percent_error=28.035636,nthreads=104,end_time=235317.137882,avg_power_W=185.000000,max_power_W=185.000000,avg_time_s=0.072642,released_listeners=1,
start_task=,name=lu_gemm,tick=172,start_time=235317.137963,nthreads=104,
message=tick stats,tick=172,estimated_current_power=61.245455,
end_task=,name=lu_gemm,elapsed_seconds=0.076284,predicted_seconds=0.052277,time_percent_error=31.471182,nthreads=104,end_time=235317.214853,avg_power_W=181.000000,max_power_W=194.000000,avg_time_s=0.076284,released_listeners=0,
start_task=,name=getrfprofile,tick=173,start_time=235317.214935,nthreads=104,
message=tick stats,tick=173,estimated_current_power=0.000000,
end_task=,name=getrfprofile,elapsed_seconds=0.528642,predicted_seconds=0.000000,time_percent_error=100.000000,nthreads=104,end_time=235317.744522,avg_power_W=189.400000,max_power_W=195.000000,avg_time_s=0.075520,released_listeners=1,
start_task=,name=getrf,tick=174,start_time=235317.744604,nthreads=104,
message=tick stats,tick=174,estimated_current_power=43.266667,
end_task=,name=getrf,elapsed_seconds=0.107343,predicted_seconds=0.291669,time_percent_error=171.716307,nthreads=104,end_time=235317.864110,avg_power_W=182.000000,max_power_W=189.000000,avg_time_s=0.107343,released_listeners=2,
start_task=,name=trsm_leftprofile,tick=175,start_time=235317.864209,nthreads=104,
message=tick stats,tick=175,estimated_current_power=0.000000,
end_task=,name=trsm_leftprofile,elapsed_seconds=0.554125,predicted_seconds=0.000000,time_percent_error=100.000000,nthreads=104,end_time=235318.419374,avg_power_W=184.363636,max_power_W=198.000000,avg_time_s=0.061569,released_listeners=1,
start_task=,name=trsm_rightprofile,tick=176,start_time=235318.419456,nthreads=104,
message=tick stats,tick=176,estimated_current_power=0.000000,
end_task=,name=trsm_rightprofile,elapsed_seconds=0.525509,predicted_seconds=0.000000,time_percent_error=100.000000,nthreads=104,end_time=235318.945529,avg_power_W=207.600000,max_power_W=217.000000,avg_time_s=0.021020,released_listeners=1,
start_task=,name=trsm_left,tick=177,start_time=235318.945630,nthreads=104,
message=tick stats,tick=177,estimated_current_power=43.300000,
end_task=,name=trsm_left,elapsed_seconds=0.090104,predicted_seconds=0.346404,time_percent_error=284.449492,nthreads=104,end_time=235319.036394,avg_power_W=206.500000,max_power_W=216.000000,avg_time_s=0.090104,released_listeners=1,
start_task=,name=trsm_right,tick=178,start_time=235319.036476,nthreads=104,
message=tick stats,tick=178,estimated_current_power=56.100000,
end_task=,name=trsm_right,elapsed_seconds=0.055151,predicted_seconds=0.037221,time_percent_error=32.511264,nthreads=104,end_time=235319.092202,avg_power_W=176.000000,max_power_W=176.000000,avg_time_s=0.055151,released_listeners=1,
start_task=,name=lu_gemmprofile,tick=179,start_time=235319.092284,nthreads=104,
message=tick stats,tick=179,estimated_current_power=0.000000,
end_task=,name=lu_gemmprofile,elapsed_seconds=0.534847,predicted_seconds=0.000000,time_percent_error=100.000000,nthreads=104,end_time=235319.628583,avg_power_W=205.636364,max_power_W=217.000000,avg_time_s=0.028150,released_listeners=1,
start_task=,name=lu_gemm,tick=180,start_time=235319.628665,nthreads=104,
message=tick stats,tick=180,estimated_current_power=61.245455,
end_task=,name=lu_gemm,elapsed_seconds=0.072304,predicted_seconds=0.052277,time_percent_error=27.698939,nthreads=104,end_time=235319.714361,avg_power_W=193.500000,max_power_W=210.000000,avg_time_s=0.072304,released_listeners=1,
start_task=,name=getrfprofile,tick=181,start_time=235319.714446,nthreads=104,
message=tick stats,tick=181,estimated_current_power=0.000000,
end_task=,name=getrfprofile,elapsed_seconds=0.549918,predicted_seconds=0.000000,time_percent_error=100.000000,nthreads=104,end_time=235320.265367,avg_power_W=195.818182,max_power_W=199.000000,avg_time_s=0.009481,released_listeners=1,
start_task=,name=getrf,tick=182,start_time=235320.265449,nthreads=104,
message=tick stats,tick=182,estimated_current_power=43.266667,
end_task=,name=getrf,elapsed_seconds=0.015113,predicted_seconds=0.291669,time_percent_error=1829.953905,nthreads=104,end_time=235320.281279,avg_power_W=-nan,max_power_W=0.000000,avg_time_s=0.015113,released_listeners=0,
est_max_power=61.245455,
average_power_W=-nan,
max_power_W=0.000000,
time_s=58.830889,
message=ALL DONE,
