message=cataloging configuration,max_threads=38,power_limit=inf,
start_task=,name=getrfprofile,tick=1,start_time=189394.647229,nthreads=38,
message=tick stats,tick=1,estimated_current_power=0.000000,
end_task=,name=getrfprofile,elapsed_seconds=0.621922,predicted_seconds=0.000000,time_percent_error=100.000000,nthreads=38,end_time=189395.270209,avg_power_W=130.666667,max_power_W=139.000000,avg_time_s=0.621922,released_listeners=1,
start_task=,name=getrf,tick=2,start_time=189395.270264,nthreads=38,
message=tick stats,tick=2,estimated_current_power=58.933333,
end_task=,name=getrf,elapsed_seconds=0.295720,predicted_seconds=0.274717,time_percent_error=7.102252,nthreads=38,end_time=189395.566750,avg_power_W=137.666667,max_power_W=138.000000,avg_time_s=0.295720,released_listeners=10,
start_task=,name=trsm_leftprofile,tick=3,start_time=189395.566801,nthreads=38,
message=tick stats,tick=3,estimated_current_power=0.000000,
end_task=,name=trsm_leftprofile,elapsed_seconds=0.509507,predicted_seconds=0.000000,time_percent_error=100.000000,nthreads=38,end_time=189396.076968,avg_power_W=154.600000,max_power_W=161.000000,avg_time_s=0.031844,released_listeners=1,
start_task=,name=trsm_rightprofile,tick=4,start_time=189396.077017,nthreads=38,
message=tick stats,tick=4,estimated_current_power=0.000000,
end_task=,name=trsm_rightprofile,elapsed_seconds=0.510148,predicted_seconds=0.000000,time_percent_error=100.000000,nthreads=38,end_time=189396.587871,avg_power_W=157.400000,max_power_W=159.000000,avg_time_s=0.034010,released_listeners=1,
start_task=,name=trsm_leftprofile,tick=5,start_time=189396.587919,nthreads=38,
message=tick stats,tick=5,estimated_current_power=0.000000,
end_task=,name=trsm_leftprofile,elapsed_seconds=0.520598,predicted_seconds=0.000000,time_percent_error=100.000000,nthreads=38,end_time=189397.112495,avg_power_W=159.000000,max_power_W=163.000000,avg_time_s=0.030623,released_listeners=1,
start_task=,name=trsm_rightprofile,tick=6,start_time=189397.112550,nthreads=38,
message=tick stats,tick=6,estimated_current_power=0.000000,
end_task=,name=trsm_rightprofile,elapsed_seconds=0.507000,predicted_seconds=0.000000,time_percent_error=100.000000,nthreads=38,end_time=189397.620282,avg_power_W=158.100000,max_power_W=161.000000,avg_time_s=0.033800,released_listeners=1,
start_task=,name=trsm_leftprofile,tick=7,start_time=189397.620335,nthreads=38,
message=tick stats,tick=7,estimated_current_power=0.000000,
end_task=,name=trsm_leftprofile,elapsed_seconds=0.517672,predicted_seconds=0.000000,time_percent_error=100.000000,nthreads=38,end_time=189398.138723,avg_power_W=159.800000,max_power_W=164.000000,avg_time_s=0.030451,released_listeners=1,
start_task=,name=trsm_rightprofile,tick=8,start_time=189398.138772,nthreads=38,
message=tick stats,tick=8,estimated_current_power=0.000000,
end_task=,name=trsm_rightprofile,elapsed_seconds=0.517217,predicted_seconds=0.000000,time_percent_error=100.000000,nthreads=38,end_time=189398.662556,avg_power_W=158.636364,max_power_W=164.000000,avg_time_s=0.034481,released_listeners=1,
start_task=,name=trsm_leftprofile,tick=9,start_time=189398.662608,nthreads=38,
message=tick stats,tick=9,estimated_current_power=0.000000,
end_task=,name=trsm_leftprofile,elapsed_seconds=0.534132,predicted_seconds=0.000000,time_percent_error=100.000000,nthreads=38,end_time=189399.212670,avg_power_W=159.454545,max_power_W=164.000000,avg_time_s=0.031420,released_listeners=1,
start_task=,name=trsm_rightprofile,tick=10,start_time=189399.212723,nthreads=38,
message=tick stats,tick=10,estimated_current_power=0.000000,
end_task=,name=trsm_rightprofile,elapsed_seconds=0.533076,predicted_seconds=0.000000,time_percent_error=100.000000,nthreads=38,end_time=189399.746832,avg_power_W=155.800000,max_power_W=159.000000,avg_time_s=0.035538,released_listeners=1,
start_task=,name=trsm_leftprofile,tick=11,start_time=189399.746881,nthreads=38,
message=tick stats,tick=11,estimated_current_power=0.000000,
end_task=,name=trsm_leftprofile,elapsed_seconds=0.512017,predicted_seconds=0.000000,time_percent_error=100.000000,nthreads=38,end_time=189400.262518,avg_power_W=158.727273,max_power_W=161.000000,avg_time_s=0.032001,released_listeners=1,
start_task=,name=trsm_rightprofile,tick=12,start_time=189400.262588,nthreads=38,
message=tick stats,tick=12,estimated_current_power=0.000000,
end_task=,name=trsm_rightprofile,elapsed_seconds=0.539167,predicted_seconds=0.000000,time_percent_error=100.000000,nthreads=38,end_time=189400.812566,avg_power_W=157.454545,max_power_W=160.000000,avg_time_s=0.035944,released_listeners=1,
start_task=,name=trsm_left,tick=13,start_time=189400.812619,nthreads=38,
message=tick stats,tick=13,estimated_current_power=71.033333,
end_task=,name=trsm_left,elapsed_seconds=0.042779,predicted_seconds=0.025384,time_percent_error=40.662691,nthreads=38,end_time=189400.862727,avg_power_W=152.000000,max_power_W=152.000000,avg_time_s=0.042779,released_listeners=5,
start_task=,name=trsm_right,tick=14,start_time=189400.862788,nthreads=38,
message=tick stats,tick=14,estimated_current_power=69.700000,
end_task=,name=trsm_right,elapsed_seconds=0.043399,predicted_seconds=0.028011,time_percent_error=35.456691,nthreads=38,end_time=189400.912448,avg_power_W=152.000000,max_power_W=152.000000,avg_time_s=0.043399,released_listeners=5,
start_task=,name=trsm_left,tick=15,start_time=189400.912495,nthreads=38,
message=tick stats,tick=15,estimated_current_power=71.033333,
end_task=,name=trsm_left,elapsed_seconds=0.038291,predicted_seconds=0.025384,time_percent_error=33.708828,nthreads=38,end_time=189400.962344,avg_power_W=157.000000,max_power_W=157.000000,avg_time_s=0.038291,released_listeners=5,
start_task=,name=trsm_right,tick=16,start_time=189400.962398,nthreads=38,
message=tick stats,tick=16,estimated_current_power=69.700000,
end_task=,name=trsm_right,elapsed_seconds=0.043181,predicted_seconds=0.028011,time_percent_error=35.129847,nthreads=38,end_time=189401.012487,avg_power_W=152.000000,max_power_W=152.000000,avg_time_s=0.043181,released_listeners=5,
start_task=,name=trsm_left,tick=17,start_time=189401.012541,nthreads=38,
message=tick stats,tick=17,estimated_current_power=71.033333,
end_task=,name=trsm_left,elapsed_seconds=0.038982,predicted_seconds=0.025384,time_percent_error=34.883338,nthreads=38,end_time=189401.062508,avg_power_W=152.000000,max_power_W=152.000000,avg_time_s=0.038982,released_listeners=5,
start_task=,name=trsm_right,tick=18,start_time=189401.062563,nthreads=38,
message=tick stats,tick=18,estimated_current_power=69.700000,
end_task=,name=trsm_right,elapsed_seconds=0.041111,predicted_seconds=0.028011,time_percent_error=31.864645,nthreads=38,end_time=189401.112629,avg_power_W=155.000000,max_power_W=155.000000,avg_time_s=0.041111,released_listeners=5,
start_task=,name=trsm_left,tick=19,start_time=189401.112683,nthreads=38,
message=tick stats,tick=19,estimated_current_power=71.033333,
end_task=,name=trsm_left,elapsed_seconds=0.041216,predicted_seconds=0.025384,time_percent_error=38.412521,nthreads=38,end_time=189401.162592,avg_power_W=152.000000,max_power_W=152.000000,avg_time_s=0.041216,released_listeners=5,
start_task=,name=trsm_right,tick=20,start_time=189401.162647,nthreads=38,
message=tick stats,tick=20,estimated_current_power=69.700000,
end_task=,name=trsm_right,elapsed_seconds=0.041725,predicted_seconds=0.028011,time_percent_error=32.867406,nthreads=38,end_time=189401.212828,avg_power_W=153.000000,max_power_W=153.000000,avg_time_s=0.041725,released_listeners=5,
start_task=,name=trsm_left,tick=21,start_time=189401.212883,nthreads=38,
message=tick stats,tick=21,estimated_current_power=71.033333,
end_task=,name=trsm_left,elapsed_seconds=0.038989,predicted_seconds=0.025384,time_percent_error=34.895322,nthreads=38,end_time=189401.262520,avg_power_W=154.000000,max_power_W=154.000000,avg_time_s=0.038989,released_listeners=5,
start_task=,name=trsm_right,tick=22,start_time=189401.262575,nthreads=38,
message=tick stats,tick=22,estimated_current_power=69.700000,
end_task=,name=trsm_right,elapsed_seconds=0.045333,predicted_seconds=0.028011,time_percent_error=38.209525,nthreads=38,end_time=189401.312719,avg_power_W=153.000000,max_power_W=153.000000,avg_time_s=0.045333,released_listeners=5,
start_task=,name=lu_gemmprofile,tick=23,start_time=189401.312782,nthreads=38,
message=tick stats,tick=23,estimated_current_power=0.000000,
end_task=,name=lu_gemmprofile,elapsed_seconds=0.529317,predicted_seconds=0.000000,time_percent_error=100.000000,nthreads=38,end_time=189401.842851,avg_power_W=155.800000,max_power_W=161.000000,avg_time_s=0.058813,released_listeners=1,
start_task=,name=lu_gemmprofile,tick=24,start_time=189401.842900,nthreads=38,
message=tick stats,tick=24,estimated_current_power=0.000000,
end_task=,name=lu_gemmprofile,elapsed_seconds=0.535361,predicted_seconds=0.000000,time_percent_error=100.000000,nthreads=38,end_time=189402.378931,avg_power_W=157.727273,max_power_W=162.000000,avg_time_s=0.059485,released_listeners=1,
start_task=,name=lu_gemmprofile,tick=25,start_time=189402.378981,nthreads=38,
message=tick stats,tick=25,estimated_current_power=0.000000,
end_task=,name=lu_gemmprofile,elapsed_seconds=0.548011,predicted_seconds=0.000000,time_percent_error=100.000000,nthreads=38,end_time=189402.927679,avg_power_W=156.818182,max_power_W=163.000000,avg_time_s=0.060890,released_listeners=1,
start_task=,name=lu_gemmprofile,tick=26,start_time=189402.927730,nthreads=38,
message=tick stats,tick=26,estimated_current_power=0.000000,
end_task=,name=lu_gemmprofile,elapsed_seconds=0.532533,predicted_seconds=0.000000,time_percent_error=100.000000,nthreads=38,end_time=189403.462610,avg_power_W=156.454545,max_power_W=162.000000,avg_time_s=0.059170,released_listeners=1,
start_task=,name=lu_gemmprofile,tick=27,start_time=189403.462664,nthreads=38,
message=tick stats,tick=27,estimated_current_power=0.000000,
end_task=,name=lu_gemmprofile,elapsed_seconds=0.529756,predicted_seconds=0.000000,time_percent_error=100.000000,nthreads=38,end_time=189403.993110,avg_power_W=157.400000,max_power_W=163.000000,avg_time_s=0.058862,released_listeners=1,
start_task=,name=lu_gemmprofile,tick=28,start_time=189403.993165,nthreads=38,
message=tick stats,tick=28,estimated_current_power=0.000000,
end_task=,name=lu_gemmprofile,elapsed_seconds=0.531615,predicted_seconds=0.000000,time_percent_error=100.000000,nthreads=38,end_time=189404.525547,avg_power_W=156.727273,max_power_W=160.000000,avg_time_s=0.059068,released_listeners=1,
start_task=,name=lu_gemmprofile,tick=29,start_time=189404.525597,nthreads=38,
message=tick stats,tick=29,estimated_current_power=0.000000,
end_task=,name=lu_gemmprofile,elapsed_seconds=0.524985,predicted_seconds=0.000000,time_percent_error=100.000000,nthreads=38,end_time=189405.062470,avg_power_W=156.545455,max_power_W=161.000000,avg_time_s=0.058332,released_listeners=1,
start_task=,name=lu_gemmprofile,tick=30,start_time=189405.062524,nthreads=38,
message=tick stats,tick=30,estimated_current_power=0.000000,
end_task=,name=lu_gemmprofile,elapsed_seconds=0.527096,predicted_seconds=0.000000,time_percent_error=100.000000,nthreads=38,end_time=189405.590369,avg_power_W=157.800000,max_power_W=162.000000,avg_time_s=0.058566,released_listeners=1,
start_task=,name=lu_gemmprofile,tick=31,start_time=189405.590418,nthreads=38,
message=tick stats,tick=31,estimated_current_power=0.000000,
end_task=,name=lu_gemmprofile,elapsed_seconds=0.523559,predicted_seconds=0.000000,time_percent_error=100.000000,nthreads=38,end_time=189406.114736,avg_power_W=156.818182,max_power_W=163.000000,avg_time_s=0.058173,released_listeners=1,
start_task=,name=lu_gemmprofile,tick=32,start_time=189406.114786,nthreads=38,
message=tick stats,tick=32,estimated_current_power=0.000000,
end_task=,name=lu_gemmprofile,elapsed_seconds=0.536066,predicted_seconds=0.000000,time_percent_error=100.000000,nthreads=38,end_time=189406.662552,avg_power_W=157.545455,max_power_W=163.000000,avg_time_s=0.059563,released_listeners=1,
start_task=,name=lu_gemmprofile,tick=33,start_time=189406.662606,nthreads=38,
message=tick stats,tick=33,estimated_current_power=0.000000,
end_task=,name=lu_gemmprofile,elapsed_seconds=0.551208,predicted_seconds=0.000000,time_percent_error=100.000000,nthreads=38,end_time=189407.214530,avg_power_W=155.818182,max_power_W=163.000000,avg_time_s=0.061245,released_listeners=1,
start_task=,name=lu_gemmprofile,tick=34,start_time=189407.214586,nthreads=38,
message=tick stats,tick=34,estimated_current_power=0.000000,
end_task=,name=lu_gemmprofile,elapsed_seconds=0.529377,predicted_seconds=0.000000,time_percent_error=100.000000,nthreads=38,end_time=189407.744714,avg_power_W=158.800000,max_power_W=164.000000,avg_time_s=0.058820,released_listeners=1,
start_task=,name=lu_gemmprofile,tick=35,start_time=189407.744764,nthreads=38,
message=tick stats,tick=35,estimated_current_power=0.000000,
end_task=,name=lu_gemmprofile,elapsed_seconds=0.532388,predicted_seconds=0.000000,time_percent_error=100.000000,nthreads=38,end_time=189408.277716,avg_power_W=155.909091,max_power_W=164.000000,avg_time_s=0.059154,released_listeners=1,
start_task=,name=lu_gemmprofile,tick=36,start_time=189408.277768,nthreads=38,
message=tick stats,tick=36,estimated_current_power=0.000000,
end_task=,name=lu_gemmprofile,elapsed_seconds=0.527539,predicted_seconds=0.000000,time_percent_error=100.000000,nthreads=38,end_time=189408.812862,avg_power_W=157.272727,max_power_W=162.000000,avg_time_s=0.058615,released_listeners=1,
start_task=,name=lu_gemmprofile,tick=37,start_time=189408.812916,nthreads=38,
message=tick stats,tick=37,estimated_current_power=0.000000,
end_task=,name=lu_gemmprofile,elapsed_seconds=0.518468,predicted_seconds=0.000000,time_percent_error=100.000000,nthreads=38,end_time=189409.332094,avg_power_W=158.000000,max_power_W=162.000000,avg_time_s=0.057608,released_listeners=1,
start_task=,name=lu_gemmprofile,tick=38,start_time=189409.332148,nthreads=38,
message=tick stats,tick=38,estimated_current_power=0.000000,
end_task=,name=lu_gemmprofile,elapsed_seconds=0.525121,predicted_seconds=0.000000,time_percent_error=100.000000,nthreads=38,end_time=189409.862855,avg_power_W=157.727273,max_power_W=164.000000,avg_time_s=0.058347,released_listeners=1,
start_task=,name=lu_gemmprofile,tick=39,start_time=189409.862908,nthreads=38,
message=tick stats,tick=39,estimated_current_power=0.000000,
end_task=,name=lu_gemmprofile,elapsed_seconds=0.527445,predicted_seconds=0.000000,time_percent_error=100.000000,nthreads=38,end_time=189410.391756,avg_power_W=158.500000,max_power_W=162.000000,avg_time_s=0.058605,released_listeners=1,
start_task=,name=lu_gemmprofile,tick=40,start_time=189410.391806,nthreads=38,
message=tick stats,tick=40,estimated_current_power=0.000000,
end_task=,name=lu_gemmprofile,elapsed_seconds=0.529406,predicted_seconds=0.000000,time_percent_error=100.000000,nthreads=38,end_time=189410.921950,avg_power_W=155.636364,max_power_W=161.000000,avg_time_s=0.058823,released_listeners=1,
start_task=,name=lu_gemmprofile,tick=41,start_time=189410.922000,nthreads=38,
message=tick stats,tick=41,estimated_current_power=0.000000,
end_task=,name=lu_gemmprofile,elapsed_seconds=0.551389,predicted_seconds=0.000000,time_percent_error=100.000000,nthreads=38,end_time=189411.474057,avg_power_W=156.818182,max_power_W=163.000000,avg_time_s=0.061265,released_listeners=1,
start_task=,name=lu_gemmprofile,tick=42,start_time=189411.474107,nthreads=38,
message=tick stats,tick=42,estimated_current_power=0.000000,
end_task=,name=lu_gemmprofile,elapsed_seconds=0.535775,predicted_seconds=0.000000,time_percent_error=100.000000,nthreads=38,end_time=189412.012714,avg_power_W=156.909091,max_power_W=164.000000,avg_time_s=0.059531,released_listeners=1,
start_task=,name=lu_gemmprofile,tick=43,start_time=189412.012768,nthreads=38,
message=tick stats,tick=43,estimated_current_power=0.000000,
end_task=,name=lu_gemmprofile,elapsed_seconds=0.526892,predicted_seconds=0.000000,time_percent_error=100.000000,nthreads=38,end_time=189412.540377,avg_power_W=158.100000,max_power_W=163.000000,avg_time_s=0.058544,released_listeners=1,
start_task=,name=lu_gemmprofile,tick=44,start_time=189412.540426,nthreads=38,
message=tick stats,tick=44,estimated_current_power=0.000000,
end_task=,name=lu_gemmprofile,elapsed_seconds=0.530648,predicted_seconds=0.000000,time_percent_error=100.000000,nthreads=38,end_time=189413.071846,avg_power_W=157.000000,max_power_W=165.000000,avg_time_s=0.058961,released_listeners=1,
start_task=,name=lu_gemmprofile,tick=45,start_time=189413.071903,nthreads=38,
message=tick stats,tick=45,estimated_current_power=0.000000,
end_task=,name=lu_gemmprofile,elapsed_seconds=0.524618,predicted_seconds=0.000000,time_percent_error=100.000000,nthreads=38,end_time=189413.612360,avg_power_W=158.818182,max_power_W=165.000000,avg_time_s=0.058291,released_listeners=1,
start_task=,name=lu_gemmprofile,tick=46,start_time=189413.612417,nthreads=38,
message=tick stats,tick=46,estimated_current_power=0.000000,
end_task=,name=lu_gemmprofile,elapsed_seconds=0.531087,predicted_seconds=0.000000,time_percent_error=100.000000,nthreads=38,end_time=189414.144165,avg_power_W=156.300000,max_power_W=163.000000,avg_time_s=0.059010,released_listeners=1,
start_task=,name=lu_gemmprofile,tick=47,start_time=189414.144221,nthreads=38,
message=tick stats,tick=47,estimated_current_power=0.000000,
end_task=,name=lu_gemmprofile,elapsed_seconds=0.529551,predicted_seconds=0.000000,time_percent_error=100.000000,nthreads=38,end_time=189414.674495,avg_power_W=157.727273,max_power_W=162.000000,avg_time_s=0.058839,released_listeners=1,
start_task=,name=lu_gemm,tick=48,start_time=189414.674546,nthreads=38,
message=tick stats,tick=48,estimated_current_power=70.827273,
end_task=,name=lu_gemm,elapsed_seconds=0.086644,predicted_seconds=0.046790,time_percent_error=45.997162,nthreads=38,end_time=189414.763268,avg_power_W=150.000000,max_power_W=162.000000,avg_time_s=0.086644,released_listeners=1,
start_task=,name=lu_gemm,tick=49,start_time=189414.763317,nthreads=38,
message=tick stats,tick=49,estimated_current_power=70.827273,
end_task=,name=lu_gemm,elapsed_seconds=0.089011,predicted_seconds=0.046790,time_percent_error=47.433535,nthreads=38,end_time=189414.863560,avg_power_W=146.500000,max_power_W=158.000000,avg_time_s=0.089011,released_listeners=0,
start_task=,name=lu_gemm,tick=50,start_time=189414.863613,nthreads=38,
message=tick stats,tick=50,estimated_current_power=70.827273,
end_task=,name=lu_gemm,elapsed_seconds=0.090144,predicted_seconds=0.046790,time_percent_error=48.094194,nthreads=38,end_time=189414.963016,avg_power_W=144.500000,max_power_W=151.000000,avg_time_s=0.090144,released_listeners=1,
start_task=,name=lu_gemm,tick=51,start_time=189414.963077,nthreads=38,
message=tick stats,tick=51,estimated_current_power=70.827273,
end_task=,name=lu_gemm,elapsed_seconds=0.087702,predicted_seconds=0.046790,time_percent_error=46.648589,nthreads=38,end_time=189415.062787,avg_power_W=152.500000,max_power_W=156.000000,avg_time_s=0.087702,released_listeners=0,
start_task=,name=lu_gemm,tick=52,start_time=189415.062840,nthreads=38,
message=tick stats,tick=52,estimated_current_power=70.827273,
end_task=,name=lu_gemm,elapsed_seconds=0.088868,predicted_seconds=0.046790,time_percent_error=47.348486,nthreads=38,end_time=189415.162730,avg_power_W=147.000000,max_power_W=151.000000,avg_time_s=0.088868,released_listeners=0,
start_task=,name=lu_gemm,tick=53,start_time=189415.162783,nthreads=38,
message=tick stats,tick=53,estimated_current_power=70.827273,
end_task=,name=lu_gemm,elapsed_seconds=0.091492,predicted_seconds=0.046790,time_percent_error=48.858556,nthreads=38,end_time=189415.262705,avg_power_W=148.000000,max_power_W=151.000000,avg_time_s=0.091492,released_listeners=0,
start_task=,name=lu_gemm,tick=54,start_time=189415.262757,nthreads=38,
message=tick stats,tick=54,estimated_current_power=70.827273,
end_task=,name=lu_gemm,elapsed_seconds=0.090585,predicted_seconds=0.046790,time_percent_error=48.346875,nthreads=38,end_time=189415.362605,avg_power_W=149.500000,max_power_W=157.000000,avg_time_s=0.090585,released_listeners=1,
start_task=,name=lu_gemm,tick=55,start_time=189415.362658,nthreads=38,
message=tick stats,tick=55,estimated_current_power=70.827273,
end_task=,name=lu_gemm,elapsed_seconds=0.091886,predicted_seconds=0.046790,time_percent_error=49.078117,nthreads=38,end_time=189415.462778,avg_power_W=150.000000,max_power_W=157.000000,avg_time_s=0.091886,released_listeners=1,
start_task=,name=lu_gemm,tick=56,start_time=189415.462832,nthreads=38,
message=tick stats,tick=56,estimated_current_power=70.827273,
end_task=,name=lu_gemm,elapsed_seconds=0.090761,predicted_seconds=0.046790,time_percent_error=48.447014,nthreads=38,end_time=189415.562598,avg_power_W=149.500000,max_power_W=158.000000,avg_time_s=0.090761,released_listeners=1,
start_task=,name=lu_gemm,tick=57,start_time=189415.562652,nthreads=38,
message=tick stats,tick=57,estimated_current_power=70.827273,
end_task=,name=lu_gemm,elapsed_seconds=0.089354,predicted_seconds=0.046790,time_percent_error=47.635138,nthreads=38,end_time=189415.662759,avg_power_W=147.000000,max_power_W=156.000000,avg_time_s=0.089354,released_listeners=1,
start_task=,name=lu_gemm,tick=58,start_time=189415.662813,nthreads=38,
message=tick stats,tick=58,estimated_current_power=70.827273,
end_task=,name=lu_gemm,elapsed_seconds=0.088651,predicted_seconds=0.046790,time_percent_error=47.220166,nthreads=38,end_time=189415.762650,avg_power_W=148.000000,max_power_W=160.000000,avg_time_s=0.088651,released_listeners=0,
start_task=,name=lu_gemm,tick=59,start_time=189415.762702,nthreads=38,
message=tick stats,tick=59,estimated_current_power=70.827273,
end_task=,name=lu_gemm,elapsed_seconds=0.088791,predicted_seconds=0.046790,time_percent_error=47.303084,nthreads=38,end_time=189415.862644,avg_power_W=148.000000,max_power_W=160.000000,avg_time_s=0.088791,released_listeners=0,
start_task=,name=lu_gemm,tick=60,start_time=189415.862697,nthreads=38,
message=tick stats,tick=60,estimated_current_power=70.827273,
end_task=,name=lu_gemm,elapsed_seconds=0.089274,predicted_seconds=0.046790,time_percent_error=47.588030,nthreads=38,end_time=189415.962682,avg_power_W=142.500000,max_power_W=149.000000,avg_time_s=0.089274,released_listeners=1,
start_task=,name=lu_gemm,tick=61,start_time=189415.962737,nthreads=38,
message=tick stats,tick=61,estimated_current_power=70.827273,
end_task=,name=lu_gemm,elapsed_seconds=0.088732,predicted_seconds=0.046790,time_percent_error=47.268043,nthreads=38,end_time=189416.062910,avg_power_W=140.500000,max_power_W=145.000000,avg_time_s=0.088732,released_listeners=0,
start_task=,name=lu_gemm,tick=62,start_time=189416.062963,nthreads=38,
message=tick stats,tick=62,estimated_current_power=70.827273,
end_task=,name=lu_gemm,elapsed_seconds=0.088802,predicted_seconds=0.046790,time_percent_error=47.309522,nthreads=38,end_time=189416.162500,avg_power_W=143.500000,max_power_W=150.000000,avg_time_s=0.088802,released_listeners=0,
start_task=,name=lu_gemm,tick=63,start_time=189416.162554,nthreads=38,
message=tick stats,tick=63,estimated_current_power=70.827273,
end_task=,name=lu_gemm,elapsed_seconds=0.087360,predicted_seconds=0.046790,time_percent_error=46.439674,nthreads=38,end_time=189416.262735,avg_power_W=144.000000,max_power_W=147.000000,avg_time_s=0.087360,released_listeners=0,
start_task=,name=lu_gemm,tick=64,start_time=189416.262787,nthreads=38,
message=tick stats,tick=64,estimated_current_power=70.827273,
end_task=,name=lu_gemm,elapsed_seconds=0.082813,predicted_seconds=0.046790,time_percent_error=43.499374,nthreads=38,end_time=189416.346275,avg_power_W=147.000000,max_power_W=147.000000,avg_time_s=0.082813,released_listeners=1,
start_task=,name=lu_gemm,tick=65,start_time=189416.346325,nthreads=38,
message=tick stats,tick=65,estimated_current_power=70.827273,
end_task=,name=lu_gemm,elapsed_seconds=0.087189,predicted_seconds=0.046790,time_percent_error=46.334617,nthreads=38,end_time=189416.434258,avg_power_W=142.500000,max_power_W=146.000000,avg_time_s=0.087189,released_listeners=0,
start_task=,name=lu_gemm,tick=66,start_time=189416.434309,nthreads=38,
message=tick stats,tick=66,estimated_current_power=70.827273,
end_task=,name=lu_gemm,elapsed_seconds=0.086691,predicted_seconds=0.046790,time_percent_error=46.026870,nthreads=38,end_time=189416.521954,avg_power_W=145.000000,max_power_W=150.000000,avg_time_s=0.086691,released_listeners=0,
start_task=,name=lu_gemm,tick=67,start_time=189416.522003,nthreads=38,
message=tick stats,tick=67,estimated_current_power=70.827273,
end_task=,name=lu_gemm,elapsed_seconds=0.083771,predicted_seconds=0.046790,time_percent_error=44.144989,nthreads=38,end_time=189416.612595,avg_power_W=149.000000,max_power_W=158.000000,avg_time_s=0.083771,released_listeners=0,
start_task=,name=lu_gemm,tick=68,start_time=189416.612654,nthreads=38,
message=tick stats,tick=68,estimated_current_power=70.827273,
end_task=,name=lu_gemm,elapsed_seconds=0.082452,predicted_seconds=0.046790,time_percent_error=43.251434,nthreads=38,end_time=189416.695841,avg_power_W=161.000000,max_power_W=161.000000,avg_time_s=0.082452,released_listeners=1,
start_task=,name=lu_gemm,tick=69,start_time=189416.695891,nthreads=38,
message=tick stats,tick=69,estimated_current_power=70.827273,
end_task=,name=lu_gemm,elapsed_seconds=0.084858,predicted_seconds=0.046790,time_percent_error=44.860928,nthreads=38,end_time=189416.781500,avg_power_W=141.500000,max_power_W=142.000000,avg_time_s=0.084858,released_listeners=0,
start_task=,name=lu_gemm,tick=70,start_time=189416.781550,nthreads=38,
message=tick stats,tick=70,estimated_current_power=70.827273,
end_task=,name=lu_gemm,elapsed_seconds=0.083367,predicted_seconds=0.046790,time_percent_error=43.874434,nthreads=38,end_time=189416.865671,avg_power_W=147.500000,max_power_W=157.000000,avg_time_s=0.083367,released_listeners=0,
start_task=,name=lu_gemm,tick=71,start_time=189416.865721,nthreads=38,
message=tick stats,tick=71,estimated_current_power=70.827273,
end_task=,name=lu_gemm,elapsed_seconds=0.083854,predicted_seconds=0.046790,time_percent_error=44.200661,nthreads=38,end_time=189416.962887,avg_power_W=153.000000,max_power_W=162.000000,avg_time_s=0.083854,released_listeners=0,
start_task=,name=lu_gemm,tick=72,start_time=189416.962940,nthreads=38,
message=tick stats,tick=72,estimated_current_power=70.827273,
end_task=,name=lu_gemm,elapsed_seconds=0.082355,predicted_seconds=0.046790,time_percent_error=43.184590,nthreads=38,end_time=189417.046030,avg_power_W=152.000000,max_power_W=152.000000,avg_time_s=0.082355,released_listeners=0,
start_task=,name=getrfprofile,tick=73,start_time=189417.046080,nthreads=38,
message=tick stats,tick=73,estimated_current_power=0.000000,
end_task=,name=getrfprofile,elapsed_seconds=0.547756,predicted_seconds=0.000000,time_percent_error=100.000000,nthreads=38,end_time=189417.594678,avg_power_W=145.000000,max_power_W=155.000000,avg_time_s=0.273878,released_listeners=1,
start_task=,name=getrf,tick=74,start_time=189417.594727,nthreads=38,
message=tick stats,tick=74,estimated_current_power=58.933333,
end_task=,name=getrf,elapsed_seconds=0.301156,predicted_seconds=0.274717,time_percent_error=8.779079,nthreads=38,end_time=189417.896534,avg_power_W=141.000000,max_power_W=141.000000,avg_time_s=0.301156,released_listeners=8,
start_task=,name=trsm_leftprofile,tick=75,start_time=189417.896584,nthreads=38,
message=tick stats,tick=75,estimated_current_power=0.000000,
end_task=,name=trsm_leftprofile,elapsed_seconds=0.515315,predicted_seconds=0.000000,time_percent_error=100.000000,nthreads=38,end_time=189418.412514,avg_power_W=158.181818,max_power_W=164.000000,avg_time_s=0.030313,released_listeners=1,
start_task=,name=trsm_rightprofile,tick=76,start_time=189418.412568,nthreads=38,
message=tick stats,tick=76,estimated_current_power=0.000000,
end_task=,name=trsm_rightprofile,elapsed_seconds=0.536361,predicted_seconds=0.000000,time_percent_error=100.000000,nthreads=38,end_time=189418.962523,avg_power_W=160.181818,max_power_W=161.000000,avg_time_s=0.033523,released_listeners=1,
start_task=,name=trsm_leftprofile,tick=77,start_time=189418.962578,nthreads=38,
message=tick stats,tick=77,estimated_current_power=0.000000,
end_task=,name=trsm_leftprofile,elapsed_seconds=0.510316,predicted_seconds=0.000000,time_percent_error=100.000000,nthreads=38,end_time=189419.473588,avg_power_W=161.300000,max_power_W=164.000000,avg_time_s=0.030019,released_listeners=1,
start_task=,name=trsm_rightprofile,tick=78,start_time=189419.473638,nthreads=38,
message=tick stats,tick=78,estimated_current_power=0.000000,
end_task=,name=trsm_rightprofile,elapsed_seconds=0.507466,predicted_seconds=0.000000,time_percent_error=100.000000,nthreads=38,end_time=189419.981842,avg_power_W=159.800000,max_power_W=162.000000,avg_time_s=0.033831,released_listeners=1,
start_task=,name=trsm_leftprofile,tick=79,start_time=189419.981898,nthreads=38,
message=tick stats,tick=79,estimated_current_power=0.000000,
end_task=,name=trsm_leftprofile,elapsed_seconds=0.518202,predicted_seconds=0.000000,time_percent_error=100.000000,nthreads=38,end_time=189420.512352,avg_power_W=161.181818,max_power_W=165.000000,avg_time_s=0.030482,released_listeners=1,
start_task=,name=trsm_rightprofile,tick=80,start_time=189420.512405,nthreads=38,
message=tick stats,tick=80,estimated_current_power=0.000000,
end_task=,name=trsm_rightprofile,elapsed_seconds=0.535677,predicted_seconds=0.000000,time_percent_error=100.000000,nthreads=38,end_time=189421.062534,avg_power_W=159.363636,max_power_W=161.000000,avg_time_s=0.033480,released_listeners=1,
start_task=,name=trsm_leftprofile,tick=81,start_time=189421.062587,nthreads=38,
message=tick stats,tick=81,estimated_current_power=0.000000,
end_task=,name=trsm_leftprofile,elapsed_seconds=0.522380,predicted_seconds=0.000000,time_percent_error=100.000000,nthreads=38,end_time=189421.585701,avg_power_W=159.500000,max_power_W=162.000000,avg_time_s=0.030728,released_listeners=1,
start_task=,name=trsm_rightprofile,tick=82,start_time=189421.585751,nthreads=38,
message=tick stats,tick=82,estimated_current_power=0.000000,
end_task=,name=trsm_rightprofile,elapsed_seconds=0.534699,predicted_seconds=0.000000,time_percent_error=100.000000,nthreads=38,end_time=189422.121167,avg_power_W=158.454545,max_power_W=161.000000,avg_time_s=0.035647,released_listeners=1,
start_task=,name=trsm_left,tick=83,start_time=189422.121239,nthreads=38,
message=tick stats,tick=83,estimated_current_power=71.033333,
end_task=,name=trsm_left,elapsed_seconds=0.039420,predicted_seconds=0.025384,time_percent_error=35.607705,nthreads=38,end_time=189422.162757,avg_power_W=158.000000,max_power_W=158.000000,avg_time_s=0.039420,released_listeners=4,
start_task=,name=trsm_right,tick=84,start_time=189422.162811,nthreads=38,
message=tick stats,tick=84,estimated_current_power=69.700000,
end_task=,name=trsm_right,elapsed_seconds=0.044412,predicted_seconds=0.028011,time_percent_error=36.928855,nthreads=38,end_time=189422.212682,avg_power_W=153.000000,max_power_W=153.000000,avg_time_s=0.044412,released_listeners=4,
start_task=,name=trsm_left,tick=85,start_time=189422.212737,nthreads=38,
message=tick stats,tick=85,estimated_current_power=71.033333,
end_task=,name=trsm_left,elapsed_seconds=0.039466,predicted_seconds=0.025384,time_percent_error=35.682407,nthreads=38,end_time=189422.262523,avg_power_W=153.000000,max_power_W=153.000000,avg_time_s=0.039466,released_listeners=4,
start_task=,name=trsm_right,tick=86,start_time=189422.262578,nthreads=38,
message=tick stats,tick=86,estimated_current_power=69.700000,
end_task=,name=trsm_right,elapsed_seconds=0.041708,predicted_seconds=0.028011,time_percent_error=32.840005,nthreads=38,end_time=189422.312429,avg_power_W=152.000000,max_power_W=152.000000,avg_time_s=0.041708,released_listeners=4,
start_task=,name=trsm_left,tick=87,start_time=189422.312485,nthreads=38,
message=tick stats,tick=87,estimated_current_power=71.033333,
end_task=,name=trsm_left,elapsed_seconds=0.040368,predicted_seconds=0.025384,time_percent_error=37.119177,nthreads=38,end_time=189422.362602,avg_power_W=154.000000,max_power_W=154.000000,avg_time_s=0.040368,released_listeners=4,
start_task=,name=trsm_right,tick=88,start_time=189422.362653,nthreads=38,
message=tick stats,tick=88,estimated_current_power=69.700000,
end_task=,name=trsm_right,elapsed_seconds=0.046178,predicted_seconds=0.028011,time_percent_error=39.340214,nthreads=38,end_time=189422.412500,avg_power_W=154.000000,max_power_W=154.000000,avg_time_s=0.046178,released_listeners=4,
start_task=,name=trsm_left,tick=89,start_time=189422.412555,nthreads=38,
message=tick stats,tick=89,estimated_current_power=71.033333,
end_task=,name=trsm_left,elapsed_seconds=0.038793,predicted_seconds=0.025384,time_percent_error=34.565637,nthreads=38,end_time=189422.462513,avg_power_W=156.000000,max_power_W=156.000000,avg_time_s=0.038793,released_listeners=4,
start_task=,name=trsm_right,tick=90,start_time=189422.462575,nthreads=38,
message=tick stats,tick=90,estimated_current_power=69.700000,
end_task=,name=trsm_right,elapsed_seconds=0.045327,predicted_seconds=0.028011,time_percent_error=38.201264,nthreads=38,end_time=189422.512297,avg_power_W=156.000000,max_power_W=156.000000,avg_time_s=0.045327,released_listeners=4,
start_task=,name=lu_gemmprofile,tick=91,start_time=189422.512347,nthreads=38,
message=tick stats,tick=91,estimated_current_power=0.000000,
end_task=,name=lu_gemmprofile,elapsed_seconds=0.546882,predicted_seconds=0.000000,time_percent_error=100.000000,nthreads=38,end_time=189423.062300,avg_power_W=156.363636,max_power_W=162.000000,avg_time_s=0.060765,released_listeners=1,
start_task=,name=lu_gemmprofile,tick=92,start_time=189423.062350,nthreads=38,
message=tick stats,tick=92,estimated_current_power=0.000000,
end_task=,name=lu_gemmprofile,elapsed_seconds=0.544143,predicted_seconds=0.000000,time_percent_error=100.000000,nthreads=38,end_time=189423.612384,avg_power_W=155.909091,max_power_W=162.000000,avg_time_s=0.060460,released_listeners=1,
start_task=,name=lu_gemmprofile,tick=93,start_time=189423.612438,nthreads=38,
message=tick stats,tick=93,estimated_current_power=0.000000,
end_task=,name=lu_gemmprofile,elapsed_seconds=0.507186,predicted_seconds=0.000000,time_percent_error=100.000000,nthreads=38,end_time=189424.120376,avg_power_W=155.200000,max_power_W=163.000000,avg_time_s=0.063398,released_listeners=1,
start_task=,name=lu_gemmprofile,tick=94,start_time=189424.120429,nthreads=38,
message=tick stats,tick=94,estimated_current_power=0.000000,
end_task=,name=lu_gemmprofile,elapsed_seconds=0.559010,predicted_seconds=0.000000,time_percent_error=100.000000,nthreads=38,end_time=189424.680165,avg_power_W=156.909091,max_power_W=163.000000,avg_time_s=0.062112,released_listeners=1,
start_task=,name=lu_gemmprofile,tick=95,start_time=189424.680240,nthreads=38,
message=tick stats,tick=95,estimated_current_power=0.000000,
end_task=,name=lu_gemmprofile,elapsed_seconds=0.542115,predicted_seconds=0.000000,time_percent_error=100.000000,nthreads=38,end_time=189425.223004,avg_power_W=157.545455,max_power_W=162.000000,avg_time_s=0.060235,released_listeners=1,
start_task=,name=lu_gemmprofile,tick=96,start_time=189425.223054,nthreads=38,
message=tick stats,tick=96,estimated_current_power=0.000000,
end_task=,name=lu_gemmprofile,elapsed_seconds=0.546302,predicted_seconds=0.000000,time_percent_error=100.000000,nthreads=38,end_time=189425.770091,avg_power_W=157.090909,max_power_W=165.000000,avg_time_s=0.060700,released_listeners=1,
start_task=,name=lu_gemmprofile,tick=97,start_time=189425.770145,nthreads=38,
message=tick stats,tick=97,estimated_current_power=0.000000,
end_task=,name=lu_gemmprofile,elapsed_seconds=0.546922,predicted_seconds=0.000000,time_percent_error=100.000000,nthreads=38,end_time=189426.317826,avg_power_W=156.818182,max_power_W=163.000000,avg_time_s=0.060769,released_listeners=1,
start_task=,name=lu_gemmprofile,tick=98,start_time=189426.317876,nthreads=38,
message=tick stats,tick=98,estimated_current_power=0.000000,
end_task=,name=lu_gemmprofile,elapsed_seconds=0.534645,predicted_seconds=0.000000,time_percent_error=100.000000,nthreads=38,end_time=189426.862526,avg_power_W=158.090909,max_power_W=165.000000,avg_time_s=0.059405,released_listeners=1,
start_task=,name=lu_gemmprofile,tick=99,start_time=189426.862580,nthreads=38,
message=tick stats,tick=99,estimated_current_power=0.000000,
end_task=,name=lu_gemmprofile,elapsed_seconds=0.542599,predicted_seconds=0.000000,time_percent_error=100.000000,nthreads=38,end_time=189427.412481,avg_power_W=156.363636,max_power_W=162.000000,avg_time_s=0.060289,released_listeners=1,
start_task=,name=lu_gemmprofile,tick=100,start_time=189427.412536,nthreads=38,
message=tick stats,tick=100,estimated_current_power=0.000000,
end_task=,name=lu_gemmprofile,elapsed_seconds=0.517351,predicted_seconds=0.000000,time_percent_error=100.000000,nthreads=38,end_time=189427.930708,avg_power_W=158.600000,max_power_W=165.000000,avg_time_s=0.057483,released_listeners=1,
start_task=,name=lu_gemmprofile,tick=101,start_time=189427.930766,nthreads=38,
message=tick stats,tick=101,estimated_current_power=0.000000,
end_task=,name=lu_gemmprofile,elapsed_seconds=0.529492,predicted_seconds=0.000000,time_percent_error=100.000000,nthreads=38,end_time=189428.462413,avg_power_W=157.363636,max_power_W=162.000000,avg_time_s=0.058832,released_listeners=1,
start_task=,name=lu_gemmprofile,tick=102,start_time=189428.462466,nthreads=38,
message=tick stats,tick=102,estimated_current_power=0.000000,
end_task=,name=lu_gemmprofile,elapsed_seconds=0.529421,predicted_seconds=0.000000,time_percent_error=100.000000,nthreads=38,end_time=189428.992628,avg_power_W=158.900000,max_power_W=165.000000,avg_time_s=0.058825,released_listeners=1,
start_task=,name=lu_gemmprofile,tick=103,start_time=189428.992678,nthreads=38,
message=tick stats,tick=103,estimated_current_power=0.000000,
end_task=,name=lu_gemmprofile,elapsed_seconds=0.508914,predicted_seconds=0.000000,time_percent_error=100.000000,nthreads=38,end_time=189429.512708,avg_power_W=158.272727,max_power_W=161.000000,avg_time_s=0.056546,released_listeners=1,
start_task=,name=lu_gemmprofile,tick=104,start_time=189429.512762,nthreads=38,
message=tick stats,tick=104,estimated_current_power=0.000000,
end_task=,name=lu_gemmprofile,elapsed_seconds=0.512713,predicted_seconds=0.000000,time_percent_error=100.000000,nthreads=38,end_time=189430.026203,avg_power_W=159.200000,max_power_W=165.000000,avg_time_s=0.056968,released_listeners=1,
start_task=,name=lu_gemmprofile,tick=105,start_time=189430.026255,nthreads=38,
message=tick stats,tick=105,estimated_current_power=0.000000,
end_task=,name=lu_gemmprofile,elapsed_seconds=0.514618,predicted_seconds=0.000000,time_percent_error=100.000000,nthreads=38,end_time=189430.541618,avg_power_W=158.500000,max_power_W=162.000000,avg_time_s=0.057180,released_listeners=1,
start_task=,name=lu_gemmprofile,tick=106,start_time=189430.541668,nthreads=38,
message=tick stats,tick=106,estimated_current_power=0.000000,
end_task=,name=lu_gemmprofile,elapsed_seconds=0.556656,predicted_seconds=0.000000,time_percent_error=100.000000,nthreads=38,end_time=189431.112505,avg_power_W=159.916667,max_power_W=165.000000,avg_time_s=0.055666,released_listeners=1,
start_task=,name=lu_gemm,tick=107,start_time=189431.112559,nthreads=38,
message=tick stats,tick=107,estimated_current_power=70.827273,
end_task=,name=lu_gemm,elapsed_seconds=0.082314,predicted_seconds=0.046790,time_percent_error=43.156338,nthreads=38,end_time=189431.195622,avg_power_W=151.000000,max_power_W=151.000000,avg_time_s=0.082314,released_listeners=1,
start_task=,name=lu_gemm,tick=108,start_time=189431.195672,nthreads=38,
message=tick stats,tick=108,estimated_current_power=70.827273,
end_task=,name=lu_gemm,elapsed_seconds=0.083700,predicted_seconds=0.046790,time_percent_error=44.097932,nthreads=38,end_time=189431.280033,avg_power_W=149.000000,max_power_W=152.000000,avg_time_s=0.083700,released_listeners=1,
start_task=,name=lu_gemm,tick=109,start_time=189431.280084,nthreads=38,
message=tick stats,tick=109,estimated_current_power=70.827273,
end_task=,name=lu_gemm,elapsed_seconds=0.082133,predicted_seconds=0.046790,time_percent_error=43.031046,nthreads=38,end_time=189431.362852,avg_power_W=150.500000,max_power_W=160.000000,avg_time_s=0.082133,released_listeners=1,
start_task=,name=lu_gemm,tick=110,start_time=189431.362903,nthreads=38,
message=tick stats,tick=110,estimated_current_power=70.827273,
end_task=,name=lu_gemm,elapsed_seconds=0.083580,predicted_seconds=0.046790,time_percent_error=44.017395,nthreads=38,end_time=189431.447052,avg_power_W=158.000000,max_power_W=158.000000,avg_time_s=0.083580,released_listeners=0,
start_task=,name=lu_gemm,tick=111,start_time=189431.447102,nthreads=38,
message=tick stats,tick=111,estimated_current_power=70.827273,
end_task=,name=lu_gemm,elapsed_seconds=0.084867,predicted_seconds=0.046790,time_percent_error=44.866297,nthreads=38,end_time=189431.532626,avg_power_W=145.000000,max_power_W=146.000000,avg_time_s=0.084867,released_listeners=1,
start_task=,name=lu_gemm,tick=112,start_time=189431.532683,nthreads=38,
message=tick stats,tick=112,estimated_current_power=70.827273,
end_task=,name=lu_gemm,elapsed_seconds=0.083717,predicted_seconds=0.046790,time_percent_error=44.109276,nthreads=38,end_time=189431.617090,avg_power_W=145.000000,max_power_W=153.000000,avg_time_s=0.083717,released_listeners=0,
start_task=,name=lu_gemm,tick=113,start_time=189431.617144,nthreads=38,
message=tick stats,tick=113,estimated_current_power=70.827273,
end_task=,name=lu_gemm,elapsed_seconds=0.083926,predicted_seconds=0.046790,time_percent_error=44.248139,nthreads=38,end_time=189431.712479,avg_power_W=152.500000,max_power_W=161.000000,avg_time_s=0.083926,released_listeners=1,
start_task=,name=lu_gemm,tick=114,start_time=189431.712534,nthreads=38,
message=tick stats,tick=114,estimated_current_power=70.827273,
end_task=,name=lu_gemm,elapsed_seconds=0.084967,predicted_seconds=0.046790,time_percent_error=44.931547,nthreads=38,end_time=189431.812728,avg_power_W=147.000000,max_power_W=151.000000,avg_time_s=0.084967,released_listeners=0,
start_task=,name=lu_gemm,tick=115,start_time=189431.812782,nthreads=38,
message=tick stats,tick=115,estimated_current_power=70.827273,
end_task=,name=lu_gemm,elapsed_seconds=0.084332,predicted_seconds=0.046790,time_percent_error=44.516675,nthreads=38,end_time=189431.912724,avg_power_W=149.500000,max_power_W=152.000000,avg_time_s=0.084332,released_listeners=0,
start_task=,name=lu_gemm,tick=116,start_time=189431.912778,nthreads=38,
message=tick stats,tick=116,estimated_current_power=70.827273,
end_task=,name=lu_gemm,elapsed_seconds=0.084334,predicted_seconds=0.046790,time_percent_error=44.518436,nthreads=38,end_time=189432.012701,avg_power_W=151.500000,max_power_W=157.000000,avg_time_s=0.084334,released_listeners=1,
start_task=,name=lu_gemm,tick=117,start_time=189432.012756,nthreads=38,
message=tick stats,tick=117,estimated_current_power=70.827273,
end_task=,name=lu_gemm,elapsed_seconds=0.084668,predicted_seconds=0.046790,time_percent_error=44.737131,nthreads=38,end_time=189432.112554,avg_power_W=150.500000,max_power_W=160.000000,avg_time_s=0.084668,released_listeners=0,
start_task=,name=lu_gemm,tick=118,start_time=189432.112609,nthreads=38,
message=tick stats,tick=118,estimated_current_power=70.827273,
end_task=,name=lu_gemm,elapsed_seconds=0.088275,predicted_seconds=0.046790,time_percent_error=46.995346,nthreads=38,end_time=189432.212489,avg_power_W=136.500000,max_power_W=141.000000,avg_time_s=0.088275,released_listeners=0,
start_task=,name=lu_gemm,tick=119,start_time=189432.212543,nthreads=38,
message=tick stats,tick=119,estimated_current_power=70.827273,
end_task=,name=lu_gemm,elapsed_seconds=0.088009,predicted_seconds=0.046790,time_percent_error=46.834714,nthreads=38,end_time=189432.312508,avg_power_W=145.000000,max_power_W=147.000000,avg_time_s=0.088009,released_listeners=1,
start_task=,name=lu_gemm,tick=120,start_time=189432.312563,nthreads=38,
message=tick stats,tick=120,estimated_current_power=70.827273,
end_task=,name=lu_gemm,elapsed_seconds=0.092360,predicted_seconds=0.046790,time_percent_error=49.339629,nthreads=38,end_time=189432.412636,avg_power_W=144.500000,max_power_W=152.000000,avg_time_s=0.092360,released_listeners=0,
start_task=,name=lu_gemm,tick=121,start_time=189432.412690,nthreads=38,
message=tick stats,tick=121,estimated_current_power=70.827273,
end_task=,name=lu_gemm,elapsed_seconds=0.089720,predicted_seconds=0.046790,time_percent_error=47.848474,nthreads=38,end_time=189432.513217,avg_power_W=146.000000,max_power_W=155.000000,avg_time_s=0.089720,released_listeners=0,
start_task=,name=lu_gemm,tick=122,start_time=189432.513270,nthreads=38,
message=tick stats,tick=122,estimated_current_power=70.827273,
end_task=,name=lu_gemm,elapsed_seconds=0.089812,predicted_seconds=0.046790,time_percent_error=47.901996,nthreads=38,end_time=189432.612838,avg_power_W=141.000000,max_power_W=147.000000,avg_time_s=0.089812,released_listeners=0,
start_task=,name=getrfprofile,tick=123,start_time=189432.612891,nthreads=38,
message=tick stats,tick=123,estimated_current_power=0.000000,
end_task=,name=getrfprofile,elapsed_seconds=0.572250,predicted_seconds=0.000000,time_percent_error=100.000000,nthreads=38,end_time=189433.185908,avg_power_W=143.000000,max_power_W=151.000000,avg_time_s=0.286125,released_listeners=1,
start_task=,name=getrf,tick=124,start_time=189433.185958,nthreads=38,
message=tick stats,tick=124,estimated_current_power=58.933333,
end_task=,name=getrf,elapsed_seconds=0.300417,predicted_seconds=0.274717,time_percent_error=8.554520,nthreads=38,end_time=189433.487332,avg_power_W=140.666667,max_power_W=141.000000,avg_time_s=0.300417,released_listeners=6,
start_task=,name=trsm_leftprofile,tick=125,start_time=189433.487383,nthreads=38,
message=tick stats,tick=125,estimated_current_power=0.000000,
end_task=,name=trsm_leftprofile,elapsed_seconds=0.515112,predicted_seconds=0.000000,time_percent_error=100.000000,nthreads=38,end_time=189434.012501,avg_power_W=157.090909,max_power_W=163.000000,avg_time_s=0.032194,released_listeners=1,
start_task=,name=trsm_rightprofile,tick=126,start_time=189434.012555,nthreads=38,
message=tick stats,tick=126,estimated_current_power=0.000000,
end_task=,name=trsm_rightprofile,elapsed_seconds=0.510570,predicted_seconds=0.000000,time_percent_error=100.000000,nthreads=38,end_time=189434.523832,avg_power_W=158.400000,max_power_W=161.000000,avg_time_s=0.034038,released_listeners=1,
start_task=,name=trsm_leftprofile,tick=127,start_time=189434.523882,nthreads=38,
message=tick stats,tick=127,estimated_current_power=0.000000,
end_task=,name=trsm_leftprofile,elapsed_seconds=0.509683,predicted_seconds=0.000000,time_percent_error=100.000000,nthreads=38,end_time=189435.034280,avg_power_W=159.400000,max_power_W=162.000000,avg_time_s=0.031855,released_listeners=1,
start_task=,name=trsm_rightprofile,tick=128,start_time=189435.034332,nthreads=38,
message=tick stats,tick=128,estimated_current_power=0.000000,
end_task=,name=trsm_rightprofile,elapsed_seconds=0.512013,predicted_seconds=0.000000,time_percent_error=100.000000,nthreads=38,end_time=189435.547060,avg_power_W=159.600000,max_power_W=161.000000,avg_time_s=0.034134,released_listeners=1,
start_task=,name=trsm_leftprofile,tick=129,start_time=189435.547112,nthreads=38,
message=tick stats,tick=129,estimated_current_power=0.000000,
end_task=,name=trsm_leftprofile,elapsed_seconds=0.508974,predicted_seconds=0.000000,time_percent_error=100.000000,nthreads=38,end_time=189436.062560,avg_power_W=160.181818,max_power_W=162.000000,avg_time_s=0.031811,released_listeners=1,
start_task=,name=trsm_rightprofile,tick=130,start_time=189436.062613,nthreads=38,
message=tick stats,tick=130,estimated_current_power=0.000000,
end_task=,name=trsm_rightprofile,elapsed_seconds=0.536711,predicted_seconds=0.000000,time_percent_error=100.000000,nthreads=38,end_time=189436.612504,avg_power_W=160.000000,max_power_W=161.000000,avg_time_s=0.033544,released_listeners=1,
start_task=,name=trsm_left,tick=131,start_time=189436.612558,nthreads=38,
message=tick stats,tick=131,estimated_current_power=71.033333,
end_task=,name=trsm_left,elapsed_seconds=0.040832,predicted_seconds=0.025384,time_percent_error=37.833456,nthreads=38,end_time=189436.662937,avg_power_W=151.000000,max_power_W=151.000000,avg_time_s=0.040832,released_listeners=3,
start_task=,name=trsm_right,tick=132,start_time=189436.662992,nthreads=38,
message=tick stats,tick=132,estimated_current_power=69.700000,
end_task=,name=trsm_right,elapsed_seconds=0.044098,predicted_seconds=0.028011,time_percent_error=36.479130,nthreads=38,end_time=189436.712609,avg_power_W=153.000000,max_power_W=153.000000,avg_time_s=0.044098,released_listeners=3,
start_task=,name=trsm_left,tick=133,start_time=189436.712665,nthreads=38,
message=tick stats,tick=133,estimated_current_power=71.033333,
end_task=,name=trsm_left,elapsed_seconds=0.039925,predicted_seconds=0.025384,time_percent_error=36.421681,nthreads=38,end_time=189436.762525,avg_power_W=157.000000,max_power_W=157.000000,avg_time_s=0.039925,released_listeners=3,
start_task=,name=trsm_right,tick=134,start_time=189436.762580,nthreads=38,
message=tick stats,tick=134,estimated_current_power=69.700000,
end_task=,name=trsm_right,elapsed_seconds=0.043308,predicted_seconds=0.028011,time_percent_error=35.320377,nthreads=38,end_time=189436.812455,avg_power_W=147.000000,max_power_W=147.000000,avg_time_s=0.043308,released_listeners=3,
start_task=,name=trsm_left,tick=135,start_time=189436.812511,nthreads=38,
message=tick stats,tick=135,estimated_current_power=71.033333,
end_task=,name=trsm_left,elapsed_seconds=0.041097,predicted_seconds=0.025384,time_percent_error=38.235258,nthreads=38,end_time=189436.862456,avg_power_W=154.000000,max_power_W=154.000000,avg_time_s=0.041097,released_listeners=3,
start_task=,name=trsm_right,tick=136,start_time=189436.862510,nthreads=38,
message=tick stats,tick=136,estimated_current_power=69.700000,
end_task=,name=trsm_right,elapsed_seconds=0.041739,predicted_seconds=0.028011,time_percent_error=32.890247,nthreads=38,end_time=189436.912953,avg_power_W=150.000000,max_power_W=150.000000,avg_time_s=0.041739,released_listeners=3,
start_task=,name=lu_gemmprofile,tick=137,start_time=189436.913007,nthreads=38,
message=tick stats,tick=137,estimated_current_power=0.000000,
end_task=,name=lu_gemmprofile,elapsed_seconds=0.530265,predicted_seconds=0.000000,time_percent_error=100.000000,nthreads=38,end_time=189437.443960,avg_power_W=157.400000,max_power_W=164.000000,avg_time_s=0.058918,released_listeners=1,
start_task=,name=lu_gemmprofile,tick=138,start_time=189437.444010,nthreads=38,
message=tick stats,tick=138,estimated_current_power=0.000000,
end_task=,name=lu_gemmprofile,elapsed_seconds=0.520652,predicted_seconds=0.000000,time_percent_error=100.000000,nthreads=38,end_time=189437.965351,avg_power_W=158.363636,max_power_W=163.000000,avg_time_s=0.057850,released_listeners=1,
start_task=,name=lu_gemmprofile,tick=139,start_time=189437.965403,nthreads=38,
message=tick stats,tick=139,estimated_current_power=0.000000,
end_task=,name=lu_gemmprofile,elapsed_seconds=0.513065,predicted_seconds=0.000000,time_percent_error=100.000000,nthreads=38,end_time=189438.479040,avg_power_W=159.400000,max_power_W=163.000000,avg_time_s=0.057007,released_listeners=1,
start_task=,name=lu_gemmprofile,tick=140,start_time=189438.479090,nthreads=38,
message=tick stats,tick=140,estimated_current_power=0.000000,
end_task=,name=lu_gemmprofile,elapsed_seconds=0.514434,predicted_seconds=0.000000,time_percent_error=100.000000,nthreads=38,end_time=189438.994264,avg_power_W=159.000000,max_power_W=165.000000,avg_time_s=0.057159,released_listeners=1,
start_task=,name=lu_gemmprofile,tick=141,start_time=189438.994314,nthreads=38,
message=tick stats,tick=141,estimated_current_power=0.000000,
end_task=,name=lu_gemmprofile,elapsed_seconds=0.506139,predicted_seconds=0.000000,time_percent_error=100.000000,nthreads=38,end_time=189439.512973,avg_power_W=158.818182,max_power_W=163.000000,avg_time_s=0.056238,released_listeners=1,
start_task=,name=lu_gemmprofile,tick=142,start_time=189439.513026,nthreads=38,
message=tick stats,tick=142,estimated_current_power=0.000000,
end_task=,name=lu_gemmprofile,elapsed_seconds=0.509399,predicted_seconds=0.000000,time_percent_error=100.000000,nthreads=38,end_time=189440.023164,avg_power_W=158.400000,max_power_W=165.000000,avg_time_s=0.056600,released_listeners=1,
start_task=,name=lu_gemmprofile,tick=143,start_time=189440.023235,nthreads=38,
message=tick stats,tick=143,estimated_current_power=0.000000,
end_task=,name=lu_gemmprofile,elapsed_seconds=0.512585,predicted_seconds=0.000000,time_percent_error=100.000000,nthreads=38,end_time=189440.537286,avg_power_W=159.600000,max_power_W=165.000000,avg_time_s=0.056954,released_listeners=1,
start_task=,name=lu_gemmprofile,tick=144,start_time=189440.537337,nthreads=38,
message=tick stats,tick=144,estimated_current_power=0.000000,
end_task=,name=lu_gemmprofile,elapsed_seconds=0.515134,predicted_seconds=0.000000,time_percent_error=100.000000,nthreads=38,end_time=189441.062787,avg_power_W=158.000000,max_power_W=164.000000,avg_time_s=0.057237,released_listeners=1,
start_task=,name=lu_gemmprofile,tick=145,start_time=189441.062850,nthreads=38,
message=tick stats,tick=145,estimated_current_power=0.000000,
end_task=,name=lu_gemmprofile,elapsed_seconds=0.522336,predicted_seconds=0.000000,time_percent_error=100.000000,nthreads=38,end_time=189441.586302,avg_power_W=158.000000,max_power_W=165.000000,avg_time_s=0.058037,released_listeners=1,
start_task=,name=lu_gemm,tick=146,start_time=189441.586352,nthreads=38,
message=tick stats,tick=146,estimated_current_power=70.827273,
end_task=,name=lu_gemm,elapsed_seconds=0.088734,predicted_seconds=0.046790,time_percent_error=47.269410,nthreads=38,end_time=189441.675709,avg_power_W=151.500000,max_power_W=163.000000,avg_time_s=0.088734,released_listeners=1,
start_task=,name=lu_gemm,tick=147,start_time=189441.675759,nthreads=38,
message=tick stats,tick=147,estimated_current_power=70.827273,
end_task=,name=lu_gemm,elapsed_seconds=0.085832,predicted_seconds=0.046790,time_percent_error=45.486655,nthreads=38,end_time=189441.762914,avg_power_W=149.500000,max_power_W=160.000000,avg_time_s=0.085832,released_listeners=1,
start_task=,name=lu_gemm,tick=148,start_time=189441.762965,nthreads=38,
message=tick stats,tick=148,estimated_current_power=70.827273,
end_task=,name=lu_gemm,elapsed_seconds=0.089800,predicted_seconds=0.046790,time_percent_error=47.895453,nthreads=38,end_time=189441.862910,avg_power_W=147.000000,max_power_W=153.000000,avg_time_s=0.089800,released_listeners=1,
start_task=,name=lu_gemm,tick=149,start_time=189441.862965,nthreads=38,
message=tick stats,tick=149,estimated_current_power=70.827273,
end_task=,name=lu_gemm,elapsed_seconds=0.086808,predicted_seconds=0.046790,time_percent_error=46.099351,nthreads=38,end_time=189441.962636,avg_power_W=144.500000,max_power_W=150.000000,avg_time_s=0.086808,released_listeners=0,
start_task=,name=lu_gemm,tick=150,start_time=189441.962690,nthreads=38,
message=tick stats,tick=150,estimated_current_power=70.827273,
end_task=,name=lu_gemm,elapsed_seconds=0.084402,predicted_seconds=0.046790,time_percent_error=44.562539,nthreads=38,end_time=189442.062844,avg_power_W=145.500000,max_power_W=150.000000,avg_time_s=0.084402,released_listeners=1,
start_task=,name=lu_gemm,tick=151,start_time=189442.062899,nthreads=38,
message=tick stats,tick=151,estimated_current_power=70.827273,
end_task=,name=lu_gemm,elapsed_seconds=0.085944,predicted_seconds=0.046790,time_percent_error=45.557570,nthreads=38,end_time=189442.163187,avg_power_W=142.500000,max_power_W=147.000000,avg_time_s=0.085944,released_listeners=0,
start_task=,name=lu_gemm,tick=152,start_time=189442.163240,nthreads=38,
message=tick stats,tick=152,estimated_current_power=70.827273,
end_task=,name=lu_gemm,elapsed_seconds=0.084412,predicted_seconds=0.046790,time_percent_error=44.569699,nthreads=38,end_time=189442.262864,avg_power_W=144.000000,max_power_W=147.000000,avg_time_s=0.084412,released_listeners=1,
start_task=,name=lu_gemm,tick=153,start_time=189442.262920,nthreads=38,
message=tick stats,tick=153,estimated_current_power=70.827273,
end_task=,name=lu_gemm,elapsed_seconds=0.084720,predicted_seconds=0.046790,time_percent_error=44.771071,nthreads=38,end_time=189442.362788,avg_power_W=143.500000,max_power_W=150.000000,avg_time_s=0.084720,released_listeners=0,
start_task=,name=lu_gemm,tick=154,start_time=189442.362841,nthreads=38,
message=tick stats,tick=154,estimated_current_power=70.827273,
end_task=,name=lu_gemm,elapsed_seconds=0.086641,predicted_seconds=0.046790,time_percent_error=45.995168,nthreads=38,end_time=189442.462692,avg_power_W=149.000000,max_power_W=151.000000,avg_time_s=0.086641,released_listeners=0,
start_task=,name=getrfprofile,tick=155,start_time=189442.462745,nthreads=38,
message=tick stats,tick=155,estimated_current_power=0.000000,
end_task=,name=getrfprofile,elapsed_seconds=0.536334,predicted_seconds=0.000000,time_percent_error=100.000000,nthreads=38,end_time=189443.012562,avg_power_W=143.636364,max_power_W=152.000000,avg_time_s=0.268167,released_listeners=1,
start_task=,name=getrf,tick=156,start_time=189443.012616,nthreads=38,
message=tick stats,tick=156,estimated_current_power=58.933333,
end_task=,name=getrf,elapsed_seconds=0.292787,predicted_seconds=0.274717,time_percent_error=6.171517,nthreads=38,end_time=189443.312711,avg_power_W=140.833333,max_power_W=141.000000,avg_time_s=0.292787,released_listeners=4,
start_task=,name=trsm_leftprofile,tick=157,start_time=189443.312765,nthreads=38,
message=tick stats,tick=157,estimated_current_power=0.000000,
end_task=,name=trsm_leftprofile,elapsed_seconds=0.506561,predicted_seconds=0.000000,time_percent_error=100.000000,nthreads=38,end_time=189443.820103,avg_power_W=158.700000,max_power_W=163.000000,avg_time_s=0.031660,released_listeners=1,
start_task=,name=trsm_rightprofile,tick=158,start_time=189443.820157,nthreads=38,
message=tick stats,tick=158,estimated_current_power=0.000000,
end_task=,name=trsm_rightprofile,elapsed_seconds=0.508404,predicted_seconds=0.000000,time_percent_error=100.000000,nthreads=38,end_time=189444.329311,avg_power_W=160.200000,max_power_W=161.000000,avg_time_s=0.033894,released_listeners=1,
start_task=,name=trsm_leftprofile,tick=159,start_time=189444.329361,nthreads=38,
message=tick stats,tick=159,estimated_current_power=0.000000,
end_task=,name=trsm_leftprofile,elapsed_seconds=0.506440,predicted_seconds=0.000000,time_percent_error=100.000000,nthreads=38,end_time=189444.836582,avg_power_W=159.400000,max_power_W=162.000000,avg_time_s=0.031652,released_listeners=1,
start_task=,name=trsm_rightprofile,tick=160,start_time=189444.836632,nthreads=38,
message=tick stats,tick=160,estimated_current_power=0.000000,
end_task=,name=trsm_rightprofile,elapsed_seconds=0.508202,predicted_seconds=0.000000,time_percent_error=100.000000,nthreads=38,end_time=189445.345590,avg_power_W=159.900000,max_power_W=161.000000,avg_time_s=0.033880,released_listeners=1,
start_task=,name=trsm_left,tick=161,start_time=189445.345642,nthreads=38,
message=tick stats,tick=161,estimated_current_power=71.033333,
end_task=,name=trsm_left,elapsed_seconds=0.040119,predicted_seconds=0.025384,time_percent_error=36.729444,nthreads=38,end_time=189445.386490,avg_power_W=159.000000,max_power_W=159.000000,avg_time_s=0.040119,released_listeners=2,
start_task=,name=trsm_right,tick=162,start_time=189445.386542,nthreads=38,
message=tick stats,tick=162,estimated_current_power=69.700000,
end_task=,name=trsm_right,elapsed_seconds=0.043316,predicted_seconds=0.028011,time_percent_error=35.333332,nthreads=38,end_time=189445.430599,avg_power_W=150.000000,max_power_W=150.000000,avg_time_s=0.043316,released_listeners=2,
start_task=,name=trsm_left,tick=163,start_time=189445.430651,nthreads=38,
message=tick stats,tick=163,estimated_current_power=71.033333,
end_task=,name=trsm_left,elapsed_seconds=0.040821,predicted_seconds=0.025384,time_percent_error=37.817484,nthreads=38,end_time=189445.472080,avg_power_W=150.000000,max_power_W=150.000000,avg_time_s=0.040821,released_listeners=2,
start_task=,name=trsm_right,tick=164,start_time=189445.472135,nthreads=38,
message=tick stats,tick=164,estimated_current_power=69.700000,
end_task=,name=trsm_right,elapsed_seconds=0.042107,predicted_seconds=0.028011,time_percent_error=33.476645,nthreads=38,end_time=189445.514852,avg_power_W=155.000000,max_power_W=155.000000,avg_time_s=0.042107,released_listeners=2,
start_task=,name=lu_gemmprofile,tick=165,start_time=189445.514903,nthreads=38,
message=tick stats,tick=165,estimated_current_power=0.000000,
end_task=,name=lu_gemmprofile,elapsed_seconds=0.519490,predicted_seconds=0.000000,time_percent_error=100.000000,nthreads=38,end_time=189446.035114,avg_power_W=158.900000,max_power_W=164.000000,avg_time_s=0.057721,released_listeners=1,
start_task=,name=lu_gemmprofile,tick=166,start_time=189446.035172,nthreads=38,
message=tick stats,tick=166,estimated_current_power=0.000000,
end_task=,name=lu_gemmprofile,elapsed_seconds=0.516526,predicted_seconds=0.000000,time_percent_error=100.000000,nthreads=38,end_time=189446.562628,avg_power_W=159.454545,max_power_W=165.000000,avg_time_s=0.057392,released_listeners=1,
start_task=,name=lu_gemmprofile,tick=167,start_time=189446.562685,nthreads=38,
message=tick stats,tick=167,estimated_current_power=0.000000,
end_task=,name=lu_gemmprofile,elapsed_seconds=0.514499,predicted_seconds=0.000000,time_percent_error=100.000000,nthreads=38,end_time=189447.077922,avg_power_W=158.900000,max_power_W=165.000000,avg_time_s=0.057167,released_listeners=1,
start_task=,name=lu_gemmprofile,tick=168,start_time=189447.077974,nthreads=38,
message=tick stats,tick=168,estimated_current_power=0.000000,
end_task=,name=lu_gemmprofile,elapsed_seconds=0.508911,predicted_seconds=0.000000,time_percent_error=100.000000,nthreads=38,end_time=189447.587577,avg_power_W=159.100000,max_power_W=165.000000,avg_time_s=0.056546,released_listeners=1,
start_task=,name=lu_gemm,tick=169,start_time=189447.587629,nthreads=38,
message=tick stats,tick=169,estimated_current_power=70.827273,
end_task=,name=lu_gemm,elapsed_seconds=0.083445,predicted_seconds=0.046790,time_percent_error=43.926855,nthreads=38,end_time=189447.671725,avg_power_W=149.000000,max_power_W=160.000000,avg_time_s=0.083445,released_listeners=1,
start_task=,name=lu_gemm,tick=170,start_time=189447.671776,nthreads=38,
message=tick stats,tick=170,estimated_current_power=70.827273,
end_task=,name=lu_gemm,elapsed_seconds=0.082470,predicted_seconds=0.046790,time_percent_error=43.264290,nthreads=38,end_time=189447.762519,avg_power_W=153.000000,max_power_W=162.000000,avg_time_s=0.082470,released_listeners=1,
start_task=,name=lu_gemm,tick=171,start_time=189447.762575,nthreads=38,
message=tick stats,tick=171,estimated_current_power=70.827273,
end_task=,name=lu_gemm,elapsed_seconds=0.082789,predicted_seconds=0.046790,time_percent_error=43.482949,nthreads=38,end_time=189447.846039,avg_power_W=155.000000,max_power_W=155.000000,avg_time_s=0.082789,released_listeners=1,
start_task=,name=lu_gemm,tick=172,start_time=189447.846089,nthreads=38,
message=tick stats,tick=172,estimated_current_power=70.827273,
end_task=,name=lu_gemm,elapsed_seconds=0.081955,predicted_seconds=0.046790,time_percent_error=42.907422,nthreads=38,end_time=189447.928638,avg_power_W=152.000000,max_power_W=153.000000,avg_time_s=0.081955,released_listeners=0,
start_task=,name=getrfprofile,tick=173,start_time=189447.928688,nthreads=38,
message=tick stats,tick=173,estimated_current_power=0.000000,
end_task=,name=getrfprofile,elapsed_seconds=0.559501,predicted_seconds=0.000000,time_percent_error=100.000000,nthreads=38,end_time=189448.488930,avg_power_W=145.272727,max_power_W=163.000000,avg_time_s=0.279750,released_listeners=1,
start_task=,name=getrf,tick=174,start_time=189448.488980,nthreads=38,
message=tick stats,tick=174,estimated_current_power=58.933333,
end_task=,name=getrf,elapsed_seconds=0.308707,predicted_seconds=0.274717,time_percent_error=11.010196,nthreads=38,end_time=189448.812544,avg_power_W=141.571429,max_power_W=143.000000,avg_time_s=0.308707,released_listeners=2,
start_task=,name=trsm_leftprofile,tick=175,start_time=189448.812599,nthreads=38,
message=tick stats,tick=175,estimated_current_power=0.000000,
end_task=,name=trsm_leftprofile,elapsed_seconds=0.539507,predicted_seconds=0.000000,time_percent_error=100.000000,nthreads=38,end_time=189449.362497,avg_power_W=158.363636,max_power_W=162.000000,avg_time_s=0.031736,released_listeners=1,
start_task=,name=trsm_rightprofile,tick=176,start_time=189449.362552,nthreads=38,
message=tick stats,tick=176,estimated_current_power=0.000000,
end_task=,name=trsm_rightprofile,elapsed_seconds=0.510709,predicted_seconds=0.000000,time_percent_error=100.000000,nthreads=38,end_time=189449.873960,avg_power_W=159.400000,max_power_W=161.000000,avg_time_s=0.034047,released_listeners=1,
start_task=,name=trsm_left,tick=177,start_time=189449.874011,nthreads=38,
message=tick stats,tick=177,estimated_current_power=71.033333,
end_task=,name=trsm_left,elapsed_seconds=0.042646,predicted_seconds=0.025384,time_percent_error=40.477544,nthreads=38,end_time=189449.917365,avg_power_W=157.000000,max_power_W=157.000000,avg_time_s=0.042646,released_listeners=1,
start_task=,name=trsm_right,tick=178,start_time=189449.917419,nthreads=38,
message=tick stats,tick=178,estimated_current_power=69.700000,
end_task=,name=trsm_right,elapsed_seconds=0.046044,predicted_seconds=0.028011,time_percent_error=39.164389,nthreads=38,end_time=189449.964141,avg_power_W=158.000000,max_power_W=158.000000,avg_time_s=0.046044,released_listeners=1,
start_task=,name=lu_gemmprofile,tick=179,start_time=189449.964193,nthreads=38,
message=tick stats,tick=179,estimated_current_power=0.000000,
end_task=,name=lu_gemmprofile,elapsed_seconds=0.507108,predicted_seconds=0.000000,time_percent_error=100.000000,nthreads=38,end_time=189450.472076,avg_power_W=158.000000,max_power_W=164.000000,avg_time_s=0.056345,released_listeners=1,
start_task=,name=lu_gemm,tick=180,start_time=189450.472132,nthreads=38,
message=tick stats,tick=180,estimated_current_power=70.827273,
end_task=,name=lu_gemm,elapsed_seconds=0.084946,predicted_seconds=0.046790,time_percent_error=44.918088,nthreads=38,end_time=189450.562636,avg_power_W=150.500000,max_power_W=161.000000,avg_time_s=0.084946,released_listeners=1,
start_task=,name=getrfprofile,tick=181,start_time=189450.562690,nthreads=38,
message=tick stats,tick=181,estimated_current_power=0.000000,
end_task=,name=getrfprofile,elapsed_seconds=0.548326,predicted_seconds=0.000000,time_percent_error=100.000000,nthreads=38,end_time=189451.113073,avg_power_W=144.181818,max_power_W=154.000000,avg_time_s=0.274163,released_listeners=1,
start_task=,name=getrf,tick=182,start_time=189451.113147,nthreads=38,
message=tick stats,tick=182,estimated_current_power=58.933333,
end_task=,name=getrf,elapsed_seconds=0.299487,predicted_seconds=0.274717,time_percent_error=8.270840,nthreads=38,end_time=189451.413392,avg_power_W=140.833333,max_power_W=141.000000,avg_time_s=0.299487,released_listeners=0,
est_max_power=71.033333,
average_power_W=140.833333,
max_power_W=141.000000,
time_s=56.766247,
message=ALL DONE,
