message=cataloging configuration,max_threads=70,power_limit=inf,
start_task=,name=getrfprofile,tick=1,start_time=103078.802908,nthreads=70,
message=tick stats,tick=1,estimated_current_power=0.000000,
end_task=,name=getrfprofile,elapsed_seconds=0.869118,predicted_seconds=0.000000,time_percent_error=100.000000,nthreads=70,end_time=103079.674538,avg_power_W=113.000000,max_power_W=127.000000,avg_time_s=0.869118,released_listeners=1,
start_task=,name=getrf,tick=2,start_time=103079.674605,nthreads=70,
message=tick stats,tick=2,estimated_current_power=75.933333,
end_task=,name=getrf,elapsed_seconds=0.239815,predicted_seconds=0.161098,time_percent_error=32.824112,nthreads=70,end_time=103079.918322,avg_power_W=124.600000,max_power_W=127.000000,avg_time_s=0.239815,released_listeners=10,
start_task=,name=trsm_leftprofile,tick=3,start_time=103079.918384,nthreads=70,
message=tick stats,tick=3,estimated_current_power=0.000000,
end_task=,name=trsm_leftprofile,elapsed_seconds=0.541268,predicted_seconds=0.000000,time_percent_error=100.000000,nthreads=70,end_time=103080.468640,avg_power_W=136.909091,max_power_W=144.000000,avg_time_s=0.041636,released_listeners=1,
start_task=,name=trsm_rightprofile,tick=4,start_time=103080.468705,nthreads=70,
message=tick stats,tick=4,estimated_current_power=0.000000,
end_task=,name=trsm_rightprofile,elapsed_seconds=0.548718,predicted_seconds=0.000000,time_percent_error=100.000000,nthreads=70,end_time=103081.018385,avg_power_W=138.272727,max_power_W=144.000000,avg_time_s=0.042209,released_listeners=1,
start_task=,name=trsm_leftprofile,tick=5,start_time=103081.018449,nthreads=70,
message=tick stats,tick=5,estimated_current_power=0.000000,
end_task=,name=trsm_leftprofile,elapsed_seconds=0.562047,predicted_seconds=0.000000,time_percent_error=100.000000,nthreads=70,end_time=103081.581547,avg_power_W=139.727273,max_power_W=144.000000,avg_time_s=0.040146,released_listeners=1,
start_task=,name=trsm_leftprofile,tick=6,start_time=103081.581608,nthreads=70,
message=tick stats,tick=6,estimated_current_power=0.000000,
end_task=,name=trsm_leftprofile,elapsed_seconds=0.544442,predicted_seconds=0.000000,time_percent_error=100.000000,nthreads=70,end_time=103082.126857,avg_power_W=141.454545,max_power_W=147.000000,avg_time_s=0.038889,released_listeners=1,
start_task=,name=trsm_rightprofile,tick=7,start_time=103082.126918,nthreads=70,
message=tick stats,tick=7,estimated_current_power=0.000000,
end_task=,name=trsm_rightprofile,elapsed_seconds=0.542083,predicted_seconds=0.000000,time_percent_error=100.000000,nthreads=70,end_time=103082.670452,avg_power_W=141.727273,max_power_W=144.000000,avg_time_s=0.041699,released_listeners=1,
start_task=,name=trsm_leftprofile,tick=8,start_time=103082.670513,nthreads=70,
message=tick stats,tick=8,estimated_current_power=0.000000,
end_task=,name=trsm_leftprofile,elapsed_seconds=0.539458,predicted_seconds=0.000000,time_percent_error=100.000000,nthreads=70,end_time=103083.218680,avg_power_W=142.181818,max_power_W=146.000000,avg_time_s=0.038533,released_listeners=1,
start_task=,name=trsm_rightprofile,tick=9,start_time=103083.218745,nthreads=70,
message=tick stats,tick=9,estimated_current_power=0.000000,
end_task=,name=trsm_rightprofile,elapsed_seconds=0.544115,predicted_seconds=0.000000,time_percent_error=100.000000,nthreads=70,end_time=103083.769484,avg_power_W=140.727273,max_power_W=145.000000,avg_time_s=0.041855,released_listeners=1,
start_task=,name=trsm_leftprofile,tick=10,start_time=103083.769550,nthreads=70,
message=tick stats,tick=10,estimated_current_power=0.000000,
end_task=,name=trsm_leftprofile,elapsed_seconds=0.552330,predicted_seconds=0.000000,time_percent_error=100.000000,nthreads=70,end_time=103084.322646,avg_power_W=142.636364,max_power_W=146.000000,avg_time_s=0.039452,released_listeners=1,
start_task=,name=trsm_rightprofile,tick=11,start_time=103084.322710,nthreads=70,
message=tick stats,tick=11,estimated_current_power=0.000000,
end_task=,name=trsm_rightprofile,elapsed_seconds=0.549076,predicted_seconds=0.000000,time_percent_error=100.000000,nthreads=70,end_time=103084.873304,avg_power_W=141.727273,max_power_W=146.000000,avg_time_s=0.042237,released_listeners=1,
start_task=,name=trsm_rightprofile,tick=12,start_time=103084.873373,nthreads=70,
message=tick stats,tick=12,estimated_current_power=0.000000,
end_task=,name=trsm_rightprofile,elapsed_seconds=0.531557,predicted_seconds=0.000000,time_percent_error=100.000000,nthreads=70,end_time=103085.418392,avg_power_W=143.545455,max_power_W=148.000000,avg_time_s=0.040889,released_listeners=1,
start_task=,name=trsm_left,tick=13,start_time=103085.418458,nthreads=70,
message=tick stats,tick=13,estimated_current_power=97.233333,
end_task=,name=trsm_left,elapsed_seconds=0.072857,predicted_seconds=0.022252,time_percent_error=69.457381,nthreads=70,end_time=103085.492046,avg_power_W=129.000000,max_power_W=129.000000,avg_time_s=0.072857,released_listeners=5,
start_task=,name=trsm_right,tick=14,start_time=103085.492113,nthreads=70,
message=tick stats,tick=14,estimated_current_power=97.300000,
end_task=,name=trsm_right,elapsed_seconds=0.073402,predicted_seconds=0.023128,time_percent_error=68.491975,nthreads=70,end_time=103085.568431,avg_power_W=126.000000,max_power_W=127.000000,avg_time_s=0.073402,released_listeners=5,
start_task=,name=trsm_left,tick=15,start_time=103085.568499,nthreads=70,
message=tick stats,tick=15,estimated_current_power=97.233333,
end_task=,name=trsm_left,elapsed_seconds=0.075611,predicted_seconds=0.022252,time_percent_error=70.569850,nthreads=70,end_time=103085.645227,avg_power_W=138.000000,max_power_W=138.000000,avg_time_s=0.075611,released_listeners=5,
start_task=,name=trsm_left,tick=16,start_time=103085.645290,nthreads=70,
message=tick stats,tick=16,estimated_current_power=97.233333,
end_task=,name=trsm_left,elapsed_seconds=0.068214,predicted_seconds=0.022252,time_percent_error=67.378765,nthreads=70,end_time=103085.718508,avg_power_W=128.500000,max_power_W=129.000000,avg_time_s=0.068214,released_listeners=5,
start_task=,name=trsm_right,tick=17,start_time=103085.718575,nthreads=70,
message=tick stats,tick=17,estimated_current_power=97.300000,
end_task=,name=trsm_right,elapsed_seconds=0.073259,predicted_seconds=0.023128,time_percent_error=68.430276,nthreads=70,end_time=103085.793325,avg_power_W=136.000000,max_power_W=136.000000,avg_time_s=0.073259,released_listeners=5,
start_task=,name=trsm_left,tick=18,start_time=103085.793385,nthreads=70,
message=tick stats,tick=18,estimated_current_power=97.233333,
end_task=,name=trsm_left,elapsed_seconds=0.079698,predicted_seconds=0.022252,time_percent_error=72.078989,nthreads=70,end_time=103085.874385,avg_power_W=129.500000,max_power_W=135.000000,avg_time_s=0.079698,released_listeners=5,
start_task=,name=trsm_right,tick=19,start_time=103085.874448,nthreads=70,
message=tick stats,tick=19,estimated_current_power=97.300000,
end_task=,name=trsm_right,elapsed_seconds=0.072140,predicted_seconds=0.023128,time_percent_error=67.940860,nthreads=70,end_time=103085.948119,avg_power_W=137.000000,max_power_W=137.000000,avg_time_s=0.072140,released_listeners=5,
start_task=,name=trsm_left,tick=20,start_time=103085.948189,nthreads=70,
message=tick stats,tick=20,estimated_current_power=97.233333,
end_task=,name=trsm_left,elapsed_seconds=0.069176,predicted_seconds=0.022252,time_percent_error=67.832369,nthreads=70,end_time=103086.018363,avg_power_W=127.500000,max_power_W=129.000000,avg_time_s=0.069176,released_listeners=5,
start_task=,name=trsm_right,tick=21,start_time=103086.018430,nthreads=70,
message=tick stats,tick=21,estimated_current_power=97.300000,
end_task=,name=trsm_right,elapsed_seconds=0.072202,predicted_seconds=0.023128,time_percent_error=67.968333,nthreads=70,end_time=103086.091381,avg_power_W=139.000000,max_power_W=139.000000,avg_time_s=0.072202,released_listeners=5,
start_task=,name=trsm_right,tick=22,start_time=103086.091444,nthreads=70,
message=tick stats,tick=22,estimated_current_power=97.300000,
end_task=,name=trsm_right,elapsed_seconds=0.072141,predicted_seconds=0.023128,time_percent_error=67.941361,nthreads=70,end_time=103086.168918,avg_power_W=130.500000,max_power_W=134.000000,avg_time_s=0.072141,released_listeners=5,
start_task=,name=lu_gemmprofile,tick=23,start_time=103086.168994,nthreads=70,
message=tick stats,tick=23,estimated_current_power=0.000000,
end_task=,name=lu_gemmprofile,elapsed_seconds=0.557921,predicted_seconds=0.000000,time_percent_error=100.000000,nthreads=70,end_time=103086.727900,avg_power_W=136.727273,max_power_W=150.000000,avg_time_s=0.079703,released_listeners=1,
start_task=,name=lu_gemmprofile,tick=24,start_time=103086.727962,nthreads=70,
message=tick stats,tick=24,estimated_current_power=0.000000,
end_task=,name=lu_gemmprofile,elapsed_seconds=0.531136,predicted_seconds=0.000000,time_percent_error=100.000000,nthreads=70,end_time=103087.268163,avg_power_W=139.636364,max_power_W=151.000000,avg_time_s=0.066392,released_listeners=1,
start_task=,name=lu_gemmprofile,tick=25,start_time=103087.268229,nthreads=70,
message=tick stats,tick=25,estimated_current_power=0.000000,
end_task=,name=lu_gemmprofile,elapsed_seconds=0.572079,predicted_seconds=0.000000,time_percent_error=100.000000,nthreads=70,end_time=103087.842506,avg_power_W=142.909091,max_power_W=152.000000,avg_time_s=0.063564,released_listeners=1,
start_task=,name=lu_gemmprofile,tick=26,start_time=103087.842569,nthreads=70,
message=tick stats,tick=26,estimated_current_power=0.000000,
end_task=,name=lu_gemmprofile,elapsed_seconds=0.544759,predicted_seconds=0.000000,time_percent_error=100.000000,nthreads=70,end_time=103088.388224,avg_power_W=137.909091,max_power_W=151.000000,avg_time_s=0.068095,released_listeners=1,
start_task=,name=lu_gemmprofile,tick=27,start_time=103088.388288,nthreads=70,
message=tick stats,tick=27,estimated_current_power=0.000000,
end_task=,name=lu_gemmprofile,elapsed_seconds=0.571464,predicted_seconds=0.000000,time_percent_error=100.000000,nthreads=70,end_time=103088.968676,avg_power_W=135.833333,max_power_W=152.000000,avg_time_s=0.081638,released_listeners=1,
start_task=,name=lu_gemmprofile,tick=28,start_time=103088.968742,nthreads=70,
message=tick stats,tick=28,estimated_current_power=0.000000,
end_task=,name=lu_gemmprofile,elapsed_seconds=0.567768,predicted_seconds=0.000000,time_percent_error=100.000000,nthreads=70,end_time=103089.537507,avg_power_W=139.272727,max_power_W=150.000000,avg_time_s=0.070971,released_listeners=1,
start_task=,name=lu_gemmprofile,tick=29,start_time=103089.537572,nthreads=70,
message=tick stats,tick=29,estimated_current_power=0.000000,
end_task=,name=lu_gemmprofile,elapsed_seconds=0.577678,predicted_seconds=0.000000,time_percent_error=100.000000,nthreads=70,end_time=103090.118463,avg_power_W=139.000000,max_power_W=152.000000,avg_time_s=0.072210,released_listeners=1,
start_task=,name=lu_gemmprofile,tick=30,start_time=103090.118529,nthreads=70,
message=tick stats,tick=30,estimated_current_power=0.000000,
end_task=,name=lu_gemmprofile,elapsed_seconds=0.523883,predicted_seconds=0.000000,time_percent_error=100.000000,nthreads=70,end_time=103090.643218,avg_power_W=140.400000,max_power_W=147.000000,avg_time_s=0.065485,released_listeners=1,
start_task=,name=lu_gemmprofile,tick=31,start_time=103090.643316,nthreads=70,
message=tick stats,tick=31,estimated_current_power=0.000000,
end_task=,name=lu_gemmprofile,elapsed_seconds=0.578768,predicted_seconds=0.000000,time_percent_error=100.000000,nthreads=70,end_time=103091.222852,avg_power_W=140.666667,max_power_W=151.000000,avg_time_s=0.064308,released_listeners=1,
start_task=,name=lu_gemmprofile,tick=32,start_time=103091.222914,nthreads=70,
message=tick stats,tick=32,estimated_current_power=0.000000,
end_task=,name=lu_gemmprofile,elapsed_seconds=0.573363,predicted_seconds=0.000000,time_percent_error=100.000000,nthreads=70,end_time=103091.797136,avg_power_W=136.181818,max_power_W=150.000000,avg_time_s=0.095561,released_listeners=1,
start_task=,name=lu_gemmprofile,tick=33,start_time=103091.797225,nthreads=70,
message=tick stats,tick=33,estimated_current_power=0.000000,
end_task=,name=lu_gemmprofile,elapsed_seconds=0.550706,predicted_seconds=0.000000,time_percent_error=100.000000,nthreads=70,end_time=103092.348884,avg_power_W=139.181818,max_power_W=150.000000,avg_time_s=0.068838,released_listeners=1,
start_task=,name=lu_gemmprofile,tick=34,start_time=103092.348953,nthreads=70,
message=tick stats,tick=34,estimated_current_power=0.000000,
end_task=,name=lu_gemmprofile,elapsed_seconds=0.540682,predicted_seconds=0.000000,time_percent_error=100.000000,nthreads=70,end_time=103092.890885,avg_power_W=139.000000,max_power_W=148.000000,avg_time_s=0.067585,released_listeners=1,
start_task=,name=lu_gemmprofile,tick=35,start_time=103092.890947,nthreads=70,
message=tick stats,tick=35,estimated_current_power=0.000000,
end_task=,name=lu_gemmprofile,elapsed_seconds=0.567432,predicted_seconds=0.000000,time_percent_error=100.000000,nthreads=70,end_time=103093.468354,avg_power_W=137.833333,max_power_W=151.000000,avg_time_s=0.070929,released_listeners=1,
start_task=,name=lu_gemmprofile,tick=36,start_time=103093.468421,nthreads=70,
message=tick stats,tick=36,estimated_current_power=0.000000,
end_task=,name=lu_gemmprofile,elapsed_seconds=0.562380,predicted_seconds=0.000000,time_percent_error=100.000000,nthreads=70,end_time=103094.032313,avg_power_W=134.090909,max_power_W=151.000000,avg_time_s=0.093730,released_listeners=1,
start_task=,name=lu_gemmprofile,tick=37,start_time=103094.032376,nthreads=70,
message=tick stats,tick=37,estimated_current_power=0.000000,
end_task=,name=lu_gemmprofile,elapsed_seconds=0.546041,predicted_seconds=0.000000,time_percent_error=100.000000,nthreads=70,end_time=103094.579417,avg_power_W=142.090909,max_power_W=152.000000,avg_time_s=0.068255,released_listeners=1,
start_task=,name=lu_gemmprofile,tick=38,start_time=103094.579482,nthreads=70,
message=tick stats,tick=38,estimated_current_power=0.000000,
end_task=,name=lu_gemmprofile,elapsed_seconds=0.597323,predicted_seconds=0.000000,time_percent_error=100.000000,nthreads=70,end_time=103095.179089,avg_power_W=139.250000,max_power_W=150.000000,avg_time_s=0.074665,released_listeners=1,
start_task=,name=lu_gemmprofile,tick=39,start_time=103095.179156,nthreads=70,
message=tick stats,tick=39,estimated_current_power=0.000000,
end_task=,name=lu_gemmprofile,elapsed_seconds=0.538698,predicted_seconds=0.000000,time_percent_error=100.000000,nthreads=70,end_time=103095.718640,avg_power_W=141.090909,max_power_W=152.000000,avg_time_s=0.067337,released_listeners=1,
start_task=,name=lu_gemmprofile,tick=40,start_time=103095.718702,nthreads=70,
message=tick stats,tick=40,estimated_current_power=0.000000,
end_task=,name=lu_gemmprofile,elapsed_seconds=0.561887,predicted_seconds=0.000000,time_percent_error=100.000000,nthreads=70,end_time=103096.281964,avg_power_W=135.636364,max_power_W=148.000000,avg_time_s=0.080270,released_listeners=1,
start_task=,name=lu_gemmprofile,tick=41,start_time=103096.282026,nthreads=70,
message=tick stats,tick=41,estimated_current_power=0.000000,
end_task=,name=lu_gemmprofile,elapsed_seconds=0.564057,predicted_seconds=0.000000,time_percent_error=100.000000,nthreads=70,end_time=103096.846839,avg_power_W=140.454545,max_power_W=153.000000,avg_time_s=0.070507,released_listeners=1,
start_task=,name=lu_gemmprofile,tick=42,start_time=103096.846901,nthreads=70,
message=tick stats,tick=42,estimated_current_power=0.000000,
end_task=,name=lu_gemmprofile,elapsed_seconds=0.564113,predicted_seconds=0.000000,time_percent_error=100.000000,nthreads=70,end_time=103097.418320,avg_power_W=135.500000,max_power_W=151.000000,avg_time_s=0.080588,released_listeners=1,
start_task=,name=lu_gemmprofile,tick=43,start_time=103097.418381,nthreads=70,
message=tick stats,tick=43,estimated_current_power=0.000000,
end_task=,name=lu_gemmprofile,elapsed_seconds=0.551652,predicted_seconds=0.000000,time_percent_error=100.000000,nthreads=70,end_time=103097.970746,avg_power_W=138.090909,max_power_W=151.000000,avg_time_s=0.068957,released_listeners=1,
start_task=,name=lu_gemmprofile,tick=44,start_time=103097.970808,nthreads=70,
message=tick stats,tick=44,estimated_current_power=0.000000,
end_task=,name=lu_gemmprofile,elapsed_seconds=0.534564,predicted_seconds=0.000000,time_percent_error=100.000000,nthreads=70,end_time=103098.518237,avg_power_W=142.272727,max_power_W=152.000000,avg_time_s=0.066821,released_listeners=1,
start_task=,name=lu_gemmprofile,tick=45,start_time=103098.518311,nthreads=70,
message=tick stats,tick=45,estimated_current_power=0.000000,
end_task=,name=lu_gemmprofile,elapsed_seconds=0.563390,predicted_seconds=0.000000,time_percent_error=100.000000,nthreads=70,end_time=103099.083067,avg_power_W=137.636364,max_power_W=152.000000,avg_time_s=0.080484,released_listeners=1,
start_task=,name=lu_gemmprofile,tick=46,start_time=103099.083134,nthreads=70,
message=tick stats,tick=46,estimated_current_power=0.000000,
end_task=,name=lu_gemmprofile,elapsed_seconds=0.521216,predicted_seconds=0.000000,time_percent_error=100.000000,nthreads=70,end_time=103099.618210,avg_power_W=138.727273,max_power_W=151.000000,avg_time_s=0.074459,released_listeners=1,
start_task=,name=lu_gemmprofile,tick=47,start_time=103099.618279,nthreads=70,
message=tick stats,tick=47,estimated_current_power=0.000000,
end_task=,name=lu_gemmprofile,elapsed_seconds=0.554978,predicted_seconds=0.000000,time_percent_error=100.000000,nthreads=70,end_time=103100.174650,avg_power_W=141.636364,max_power_W=153.000000,avg_time_s=0.069372,released_listeners=1,
start_task=,name=lu_gemm,tick=48,start_time=103100.174713,nthreads=70,
message=tick stats,tick=48,estimated_current_power=95.318182,
end_task=,name=lu_gemm,elapsed_seconds=0.115008,predicted_seconds=0.041016,time_percent_error=64.336647,nthreads=70,end_time=103100.291947,avg_power_W=136.000000,max_power_W=146.000000,avg_time_s=0.115008,released_listeners=1,
start_task=,name=lu_gemm,tick=49,start_time=103100.292010,nthreads=70,
message=tick stats,tick=49,estimated_current_power=95.318182,
end_task=,name=lu_gemm,elapsed_seconds=0.112934,predicted_seconds=0.041016,time_percent_error=63.681728,nthreads=70,end_time=103100.418443,avg_power_W=131.666667,max_power_W=143.000000,avg_time_s=0.112934,released_listeners=0,
start_task=,name=lu_gemm,tick=50,start_time=103100.418509,nthreads=70,
message=tick stats,tick=50,estimated_current_power=95.318182,
end_task=,name=lu_gemm,elapsed_seconds=0.124682,predicted_seconds=0.041016,time_percent_error=67.103782,nthreads=70,end_time=103100.544412,avg_power_W=126.000000,max_power_W=129.000000,avg_time_s=0.124682,released_listeners=0,
start_task=,name=lu_gemm,tick=51,start_time=103100.544474,nthreads=70,
message=tick stats,tick=51,estimated_current_power=95.318182,
end_task=,name=lu_gemm,elapsed_seconds=0.132203,predicted_seconds=0.041016,time_percent_error=68.975167,nthreads=70,end_time=103100.677386,avg_power_W=130.666667,max_power_W=143.000000,avg_time_s=0.132203,released_listeners=1,
start_task=,name=lu_gemm,tick=52,start_time=103100.677448,nthreads=70,
message=tick stats,tick=52,estimated_current_power=95.318182,
end_task=,name=lu_gemm,elapsed_seconds=0.125251,predicted_seconds=0.041016,time_percent_error=67.253274,nthreads=70,end_time=103100.818093,avg_power_W=129.666667,max_power_W=151.000000,avg_time_s=0.125251,released_listeners=0,
start_task=,name=lu_gemm,tick=53,start_time=103100.818172,nthreads=70,
message=tick stats,tick=53,estimated_current_power=95.318182,
end_task=,name=lu_gemm,elapsed_seconds=0.131678,predicted_seconds=0.041016,time_percent_error=68.851638,nthreads=70,end_time=103100.951154,avg_power_W=124.500000,max_power_W=129.000000,avg_time_s=0.131678,released_listeners=0,
start_task=,name=lu_gemm,tick=54,start_time=103100.951244,nthreads=70,
message=tick stats,tick=54,estimated_current_power=95.318182,
end_task=,name=lu_gemm,elapsed_seconds=0.124073,predicted_seconds=0.041016,time_percent_error=66.942374,nthreads=70,end_time=103101.076956,avg_power_W=128.000000,max_power_W=135.000000,avg_time_s=0.124073,released_listeners=0,
start_task=,name=lu_gemm,tick=55,start_time=103101.077018,nthreads=70,
message=tick stats,tick=55,estimated_current_power=95.318182,
end_task=,name=lu_gemm,elapsed_seconds=0.131650,predicted_seconds=0.041016,time_percent_error=68.844968,nthreads=70,end_time=103101.218623,avg_power_W=128.666667,max_power_W=149.000000,avg_time_s=0.131650,released_listeners=0,
start_task=,name=lu_gemm,tick=56,start_time=103101.218689,nthreads=70,
message=tick stats,tick=56,estimated_current_power=95.318182,
end_task=,name=lu_gemm,elapsed_seconds=0.140584,predicted_seconds=0.041016,time_percent_error=70.824762,nthreads=70,end_time=103101.368642,avg_power_W=125.666667,max_power_W=138.000000,avg_time_s=0.140584,released_listeners=1,
start_task=,name=lu_gemm,tick=57,start_time=103101.368709,nthreads=70,
message=tick stats,tick=57,estimated_current_power=95.318182,
end_task=,name=lu_gemm,elapsed_seconds=0.135556,predicted_seconds=0.041016,time_percent_error=69.742715,nthreads=70,end_time=103101.518431,avg_power_W=126.333333,max_power_W=129.000000,avg_time_s=0.135556,released_listeners=1,
start_task=,name=lu_gemm,tick=58,start_time=103101.518498,nthreads=70,
message=tick stats,tick=58,estimated_current_power=95.318182,
end_task=,name=lu_gemm,elapsed_seconds=0.136006,predicted_seconds=0.041016,time_percent_error=69.842644,nthreads=70,end_time=103101.668284,avg_power_W=126.333333,max_power_W=135.000000,avg_time_s=0.136006,released_listeners=1,
start_task=,name=lu_gemm,tick=59,start_time=103101.668352,nthreads=70,
message=tick stats,tick=59,estimated_current_power=95.318182,
end_task=,name=lu_gemm,elapsed_seconds=0.128054,predicted_seconds=0.041016,time_percent_error=67.970083,nthreads=70,end_time=103101.797417,avg_power_W=128.000000,max_power_W=128.000000,avg_time_s=0.128054,released_listeners=1,
start_task=,name=lu_gemm,tick=60,start_time=103101.797480,nthreads=70,
message=tick stats,tick=60,estimated_current_power=95.318182,
end_task=,name=lu_gemm,elapsed_seconds=0.129779,predicted_seconds=0.041016,time_percent_error=68.395768,nthreads=70,end_time=103101.928178,avg_power_W=128.000000,max_power_W=141.000000,avg_time_s=0.129779,released_listeners=1,
start_task=,name=lu_gemm,tick=61,start_time=103101.928277,nthreads=70,
message=tick stats,tick=61,estimated_current_power=95.318182,
end_task=,name=lu_gemm,elapsed_seconds=0.134976,predicted_seconds=0.041016,time_percent_error=69.612667,nthreads=70,end_time=103102.068803,avg_power_W=128.666667,max_power_W=145.000000,avg_time_s=0.134976,released_listeners=0,
start_task=,name=lu_gemm,tick=62,start_time=103102.068869,nthreads=70,
message=tick stats,tick=62,estimated_current_power=95.318182,
end_task=,name=lu_gemm,elapsed_seconds=0.150845,predicted_seconds=0.041016,time_percent_error=72.809438,nthreads=70,end_time=103102.221125,avg_power_W=123.666667,max_power_W=135.000000,avg_time_s=0.150845,released_listeners=0,
start_task=,name=lu_gemm,tick=63,start_time=103102.221194,nthreads=70,
message=tick stats,tick=63,estimated_current_power=95.318182,
end_task=,name=lu_gemm,elapsed_seconds=0.137441,predicted_seconds=0.041016,time_percent_error=70.157618,nthreads=70,end_time=103102.368332,avg_power_W=130.333333,max_power_W=136.000000,avg_time_s=0.137441,released_listeners=1,
start_task=,name=lu_gemm,tick=64,start_time=103102.368400,nthreads=70,
message=tick stats,tick=64,estimated_current_power=95.318182,
end_task=,name=lu_gemm,elapsed_seconds=0.146472,predicted_seconds=0.041016,time_percent_error=71.997592,nthreads=70,end_time=103102.518605,avg_power_W=127.666667,max_power_W=141.000000,avg_time_s=0.146472,released_listeners=0,
start_task=,name=lu_gemm,tick=65,start_time=103102.518671,nthreads=70,
message=tick stats,tick=65,estimated_current_power=95.318182,
end_task=,name=lu_gemm,elapsed_seconds=0.148072,predicted_seconds=0.041016,time_percent_error=72.300130,nthreads=70,end_time=103102.668785,avg_power_W=127.333333,max_power_W=140.000000,avg_time_s=0.148072,released_listeners=0,
start_task=,name=lu_gemm,tick=66,start_time=103102.668852,nthreads=70,
message=tick stats,tick=66,estimated_current_power=95.318182,
end_task=,name=lu_gemm,elapsed_seconds=0.129796,predicted_seconds=0.041016,time_percent_error=68.399811,nthreads=70,end_time=103102.800098,avg_power_W=138.500000,max_power_W=152.000000,avg_time_s=0.129796,released_listeners=0,
start_task=,name=lu_gemm,tick=67,start_time=103102.800166,nthreads=70,
message=tick stats,tick=67,estimated_current_power=95.318182,
end_task=,name=lu_gemm,elapsed_seconds=0.132651,predicted_seconds=0.041016,time_percent_error=69.080054,nthreads=70,end_time=103102.933793,avg_power_W=125.666667,max_power_W=131.000000,avg_time_s=0.132651,released_listeners=0,
start_task=,name=lu_gemm,tick=68,start_time=103102.933862,nthreads=70,
message=tick stats,tick=68,estimated_current_power=95.318182,
end_task=,name=lu_gemm,elapsed_seconds=0.135093,predicted_seconds=0.041016,time_percent_error=69.638972,nthreads=70,end_time=103103.070183,avg_power_W=129.666667,max_power_W=143.000000,avg_time_s=0.135093,released_listeners=1,
start_task=,name=lu_gemm,tick=69,start_time=103103.070281,nthreads=70,
message=tick stats,tick=69,estimated_current_power=95.318182,
end_task=,name=lu_gemm,elapsed_seconds=0.122822,predicted_seconds=0.041016,time_percent_error=66.605627,nthreads=70,end_time=103103.194505,avg_power_W=132.000000,max_power_W=142.000000,avg_time_s=0.122822,released_listeners=0,
start_task=,name=lu_gemm,tick=70,start_time=103103.194567,nthreads=70,
message=tick stats,tick=70,estimated_current_power=95.318182,
end_task=,name=lu_gemm,elapsed_seconds=0.131675,predicted_seconds=0.041016,time_percent_error=68.850765,nthreads=70,end_time=103103.327590,avg_power_W=128.666667,max_power_W=145.000000,avg_time_s=0.131675,released_listeners=0,
start_task=,name=lu_gemm,tick=71,start_time=103103.327653,nthreads=70,
message=tick stats,tick=71,estimated_current_power=95.318182,
end_task=,name=lu_gemm,elapsed_seconds=0.134691,predicted_seconds=0.041016,time_percent_error=69.548206,nthreads=70,end_time=103103.468450,avg_power_W=131.333333,max_power_W=147.000000,avg_time_s=0.134691,released_listeners=0,
start_task=,name=lu_gemm,tick=72,start_time=103103.468516,nthreads=70,
message=tick stats,tick=72,estimated_current_power=95.318182,
end_task=,name=lu_gemm,elapsed_seconds=0.131590,predicted_seconds=0.041016,time_percent_error=68.830690,nthreads=70,end_time=103103.600944,avg_power_W=131.000000,max_power_W=139.000000,avg_time_s=0.131590,released_listeners=0,
start_task=,name=getrfprofile,tick=73,start_time=103103.601006,nthreads=70,
message=tick stats,tick=73,estimated_current_power=0.000000,
end_task=,name=getrfprofile,elapsed_seconds=0.572968,predicted_seconds=0.000000,time_percent_error=100.000000,nthreads=70,end_time=103104.175316,avg_power_W=132.750000,max_power_W=139.000000,avg_time_s=0.286484,released_listeners=1,
start_task=,name=getrf,tick=74,start_time=103104.175377,nthreads=70,
message=tick stats,tick=74,estimated_current_power=75.933333,
end_task=,name=getrf,elapsed_seconds=0.253161,predicted_seconds=0.161098,time_percent_error=36.365437,nthreads=70,end_time=103104.429836,avg_power_W=130.400000,max_power_W=133.000000,avg_time_s=0.253161,released_listeners=8,
start_task=,name=trsm_leftprofile,tick=75,start_time=103104.429900,nthreads=70,
message=tick stats,tick=75,estimated_current_power=0.000000,
end_task=,name=trsm_leftprofile,elapsed_seconds=0.545576,predicted_seconds=0.000000,time_percent_error=100.000000,nthreads=70,end_time=103104.976149,avg_power_W=144.272727,max_power_W=149.000000,avg_time_s=0.038970,released_listeners=1,
start_task=,name=trsm_rightprofile,tick=76,start_time=103104.976245,nthreads=70,
message=tick stats,tick=76,estimated_current_power=0.000000,
end_task=,name=trsm_rightprofile,elapsed_seconds=0.560411,predicted_seconds=0.000000,time_percent_error=100.000000,nthreads=70,end_time=103105.537339,avg_power_W=145.727273,max_power_W=149.000000,avg_time_s=0.040029,released_listeners=1,
start_task=,name=trsm_leftprofile,tick=77,start_time=103105.537401,nthreads=70,
message=tick stats,tick=77,estimated_current_power=0.000000,
end_task=,name=trsm_leftprofile,elapsed_seconds=0.561739,predicted_seconds=0.000000,time_percent_error=100.000000,nthreads=70,end_time=103106.099845,avg_power_W=144.545455,max_power_W=149.000000,avg_time_s=0.040124,released_listeners=1,
start_task=,name=trsm_rightprofile,tick=78,start_time=103106.099908,nthreads=70,
message=tick stats,tick=78,estimated_current_power=0.000000,
end_task=,name=trsm_rightprofile,elapsed_seconds=0.530622,predicted_seconds=0.000000,time_percent_error=100.000000,nthreads=70,end_time=103106.631277,avg_power_W=144.909091,max_power_W=149.000000,avg_time_s=0.040817,released_listeners=1,
start_task=,name=trsm_leftprofile,tick=79,start_time=103106.631353,nthreads=70,
message=tick stats,tick=79,estimated_current_power=0.000000,
end_task=,name=trsm_leftprofile,elapsed_seconds=0.557557,predicted_seconds=0.000000,time_percent_error=100.000000,nthreads=70,end_time=103107.189697,avg_power_W=147.090909,max_power_W=151.000000,avg_time_s=0.039825,released_listeners=1,
start_task=,name=trsm_rightprofile,tick=80,start_time=103107.189760,nthreads=70,
message=tick stats,tick=80,estimated_current_power=0.000000,
end_task=,name=trsm_rightprofile,elapsed_seconds=0.562917,predicted_seconds=0.000000,time_percent_error=100.000000,nthreads=70,end_time=103107.768352,avg_power_W=147.416667,max_power_W=150.000000,avg_time_s=0.040208,released_listeners=1,
start_task=,name=trsm_leftprofile,tick=81,start_time=103107.768418,nthreads=70,
message=tick stats,tick=81,estimated_current_power=0.000000,
end_task=,name=trsm_leftprofile,elapsed_seconds=0.558287,predicted_seconds=0.000000,time_percent_error=100.000000,nthreads=70,end_time=103108.328074,avg_power_W=146.818182,max_power_W=152.000000,avg_time_s=0.039878,released_listeners=1,
start_task=,name=trsm_rightprofile,tick=82,start_time=103108.328142,nthreads=70,
message=tick stats,tick=82,estimated_current_power=0.000000,
end_task=,name=trsm_rightprofile,elapsed_seconds=0.551500,predicted_seconds=0.000000,time_percent_error=100.000000,nthreads=70,end_time=103108.880364,avg_power_W=148.727273,max_power_W=152.000000,avg_time_s=0.039393,released_listeners=1,
start_task=,name=trsm_left,tick=83,start_time=103108.880426,nthreads=70,
message=tick stats,tick=83,estimated_current_power=97.233333,
end_task=,name=trsm_left,elapsed_seconds=0.079863,predicted_seconds=0.022252,time_percent_error=72.136898,nthreads=70,end_time=103108.968855,avg_power_W=139.000000,max_power_W=149.000000,avg_time_s=0.079863,released_listeners=4,
start_task=,name=trsm_right,tick=84,start_time=103108.968922,nthreads=70,
message=tick stats,tick=84,estimated_current_power=97.300000,
end_task=,name=trsm_right,elapsed_seconds=0.076954,predicted_seconds=0.023128,time_percent_error=69.946173,nthreads=70,end_time=103109.046657,avg_power_W=143.000000,max_power_W=143.000000,avg_time_s=0.076954,released_listeners=4,
start_task=,name=trsm_left,tick=85,start_time=103109.046720,nthreads=70,
message=tick stats,tick=85,estimated_current_power=97.233333,
end_task=,name=trsm_left,elapsed_seconds=0.081104,predicted_seconds=0.022252,time_percent_error=72.563201,nthreads=70,end_time=103109.128611,avg_power_W=135.000000,max_power_W=137.000000,avg_time_s=0.081104,released_listeners=4,
start_task=,name=trsm_right,tick=86,start_time=103109.128674,nthreads=70,
message=tick stats,tick=86,estimated_current_power=97.300000,
end_task=,name=trsm_right,elapsed_seconds=0.069354,predicted_seconds=0.023128,time_percent_error=66.652990,nthreads=70,end_time=103109.198784,avg_power_W=144.000000,max_power_W=144.000000,avg_time_s=0.069354,released_listeners=4,
start_task=,name=trsm_left,tick=87,start_time=103109.198845,nthreads=70,
message=tick stats,tick=87,estimated_current_power=97.233333,
end_task=,name=trsm_left,elapsed_seconds=0.069471,predicted_seconds=0.022252,time_percent_error=67.968637,nthreads=70,end_time=103109.269661,avg_power_W=135.000000,max_power_W=138.000000,avg_time_s=0.069471,released_listeners=4,
start_task=,name=trsm_right,tick=88,start_time=103109.269725,nthreads=70,
message=tick stats,tick=88,estimated_current_power=97.300000,
end_task=,name=trsm_right,elapsed_seconds=0.075789,predicted_seconds=0.023128,time_percent_error=69.484511,nthreads=70,end_time=103109.347638,avg_power_W=145.000000,max_power_W=145.000000,avg_time_s=0.075789,released_listeners=4,
start_task=,name=trsm_left,tick=89,start_time=103109.347702,nthreads=70,
message=tick stats,tick=89,estimated_current_power=97.233333,
end_task=,name=trsm_left,elapsed_seconds=0.075741,predicted_seconds=0.022252,time_percent_error=70.620402,nthreads=70,end_time=103109.424776,avg_power_W=136.000000,max_power_W=140.000000,avg_time_s=0.075741,released_listeners=4,
start_task=,name=trsm_right,tick=90,start_time=103109.424846,nthreads=70,
message=tick stats,tick=90,estimated_current_power=97.300000,
end_task=,name=trsm_right,elapsed_seconds=0.076952,predicted_seconds=0.023128,time_percent_error=69.945525,nthreads=70,end_time=103109.502595,avg_power_W=143.000000,max_power_W=143.000000,avg_time_s=0.076952,released_listeners=4,
start_task=,name=lu_gemmprofile,tick=91,start_time=103109.502656,nthreads=70,
message=tick stats,tick=91,estimated_current_power=0.000000,
end_task=,name=lu_gemmprofile,elapsed_seconds=0.520169,predicted_seconds=0.000000,time_percent_error=100.000000,nthreads=70,end_time=103110.023563,avg_power_W=140.000000,max_power_W=153.000000,avg_time_s=0.074310,released_listeners=1,
start_task=,name=lu_gemmprofile,tick=92,start_time=103110.023628,nthreads=70,
message=tick stats,tick=92,estimated_current_power=0.000000,
end_task=,name=lu_gemmprofile,elapsed_seconds=0.564413,predicted_seconds=0.000000,time_percent_error=100.000000,nthreads=70,end_time=103110.589577,avg_power_W=144.727273,max_power_W=158.000000,avg_time_s=0.070552,released_listeners=1,
start_task=,name=lu_gemmprofile,tick=93,start_time=103110.589641,nthreads=70,
message=tick stats,tick=93,estimated_current_power=0.000000,
end_task=,name=lu_gemmprofile,elapsed_seconds=0.552755,predicted_seconds=0.000000,time_percent_error=100.000000,nthreads=70,end_time=103111.143187,avg_power_W=146.090909,max_power_W=156.000000,avg_time_s=0.069094,released_listeners=1,
start_task=,name=lu_gemmprofile,tick=94,start_time=103111.143282,nthreads=70,
message=tick stats,tick=94,estimated_current_power=0.000000,
end_task=,name=lu_gemmprofile,elapsed_seconds=0.603350,predicted_seconds=0.000000,time_percent_error=100.000000,nthreads=70,end_time=103111.748053,avg_power_W=143.583333,max_power_W=155.000000,avg_time_s=0.075419,released_listeners=1,
start_task=,name=lu_gemmprofile,tick=95,start_time=103111.748116,nthreads=70,
message=tick stats,tick=95,estimated_current_power=0.000000,
end_task=,name=lu_gemmprofile,elapsed_seconds=0.570579,predicted_seconds=0.000000,time_percent_error=100.000000,nthreads=70,end_time=103112.319502,avg_power_W=144.000000,max_power_W=154.000000,avg_time_s=0.071322,released_listeners=1,
start_task=,name=lu_gemmprofile,tick=96,start_time=103112.319566,nthreads=70,
message=tick stats,tick=96,estimated_current_power=0.000000,
end_task=,name=lu_gemmprofile,elapsed_seconds=0.528615,predicted_seconds=0.000000,time_percent_error=100.000000,nthreads=70,end_time=103112.848916,avg_power_W=146.100000,max_power_W=156.000000,avg_time_s=0.066077,released_listeners=1,
start_task=,name=lu_gemmprofile,tick=97,start_time=103112.848980,nthreads=70,
message=tick stats,tick=97,estimated_current_power=0.000000,
end_task=,name=lu_gemmprofile,elapsed_seconds=0.555381,predicted_seconds=0.000000,time_percent_error=100.000000,nthreads=70,end_time=103113.418702,avg_power_W=148.416667,max_power_W=159.000000,avg_time_s=0.061709,released_listeners=1,
start_task=,name=lu_gemmprofile,tick=98,start_time=103113.418770,nthreads=70,
message=tick stats,tick=98,estimated_current_power=0.000000,
end_task=,name=lu_gemmprofile,elapsed_seconds=0.568548,predicted_seconds=0.000000,time_percent_error=100.000000,nthreads=70,end_time=103113.988292,avg_power_W=141.090909,max_power_W=155.000000,avg_time_s=0.081221,released_listeners=1,
start_task=,name=lu_gemmprofile,tick=99,start_time=103113.988356,nthreads=70,
message=tick stats,tick=99,estimated_current_power=0.000000,
end_task=,name=lu_gemmprofile,elapsed_seconds=0.535378,predicted_seconds=0.000000,time_percent_error=100.000000,nthreads=70,end_time=103114.524958,avg_power_W=145.272727,max_power_W=156.000000,avg_time_s=0.076483,released_listeners=1,
start_task=,name=lu_gemmprofile,tick=100,start_time=103114.525022,nthreads=70,
message=tick stats,tick=100,estimated_current_power=0.000000,
end_task=,name=lu_gemmprofile,elapsed_seconds=0.571939,predicted_seconds=0.000000,time_percent_error=100.000000,nthreads=70,end_time=103115.097887,avg_power_W=146.909091,max_power_W=157.000000,avg_time_s=0.071492,released_listeners=1,
start_task=,name=lu_gemmprofile,tick=101,start_time=103115.097962,nthreads=70,
message=tick stats,tick=101,estimated_current_power=0.000000,
end_task=,name=lu_gemmprofile,elapsed_seconds=0.568289,predicted_seconds=0.000000,time_percent_error=100.000000,nthreads=70,end_time=103115.669004,avg_power_W=147.333333,max_power_W=157.000000,avg_time_s=0.071036,released_listeners=1,
start_task=,name=lu_gemmprofile,tick=102,start_time=103115.669071,nthreads=70,
message=tick stats,tick=102,estimated_current_power=0.000000,
end_task=,name=lu_gemmprofile,elapsed_seconds=0.561306,predicted_seconds=0.000000,time_percent_error=100.000000,nthreads=70,end_time=103116.231335,avg_power_W=144.272727,max_power_W=159.000000,avg_time_s=0.080187,released_listeners=1,
start_task=,name=lu_gemmprofile,tick=103,start_time=103116.231398,nthreads=70,
message=tick stats,tick=103,estimated_current_power=0.000000,
end_task=,name=lu_gemmprofile,elapsed_seconds=0.532718,predicted_seconds=0.000000,time_percent_error=100.000000,nthreads=70,end_time=103116.769297,avg_power_W=147.909091,max_power_W=159.000000,avg_time_s=0.066590,released_listeners=1,
start_task=,name=lu_gemmprofile,tick=104,start_time=103116.769359,nthreads=70,
message=tick stats,tick=104,estimated_current_power=0.000000,
end_task=,name=lu_gemmprofile,elapsed_seconds=0.547650,predicted_seconds=0.000000,time_percent_error=100.000000,nthreads=70,end_time=103117.318501,avg_power_W=147.454545,max_power_W=160.000000,avg_time_s=0.068456,released_listeners=1,
start_task=,name=lu_gemmprofile,tick=105,start_time=103117.318570,nthreads=70,
message=tick stats,tick=105,estimated_current_power=0.000000,
end_task=,name=lu_gemmprofile,elapsed_seconds=0.583309,predicted_seconds=0.000000,time_percent_error=100.000000,nthreads=70,end_time=103117.918953,avg_power_W=149.416667,max_power_W=159.000000,avg_time_s=0.064812,released_listeners=1,
start_task=,name=lu_gemmprofile,tick=106,start_time=103117.919021,nthreads=70,
message=tick stats,tick=106,estimated_current_power=0.000000,
end_task=,name=lu_gemmprofile,elapsed_seconds=0.538887,predicted_seconds=0.000000,time_percent_error=100.000000,nthreads=70,end_time=103118.468670,avg_power_W=145.454545,max_power_W=157.000000,avg_time_s=0.076984,released_listeners=1,
start_task=,name=lu_gemm,tick=107,start_time=103118.468738,nthreads=70,
message=tick stats,tick=107,estimated_current_power=95.318182,
end_task=,name=lu_gemm,elapsed_seconds=0.137951,predicted_seconds=0.041016,time_percent_error=70.267857,nthreads=70,end_time=103118.619000,avg_power_W=136.666667,max_power_W=153.000000,avg_time_s=0.137951,released_listeners=1,
start_task=,name=lu_gemm,tick=108,start_time=103118.619069,nthreads=70,
message=tick stats,tick=108,estimated_current_power=95.318182,
end_task=,name=lu_gemm,elapsed_seconds=0.137209,predicted_seconds=0.041016,time_percent_error=70.107158,nthreads=70,end_time=103118.768608,avg_power_W=135.333333,max_power_W=142.000000,avg_time_s=0.137209,released_listeners=1,
start_task=,name=lu_gemm,tick=109,start_time=103118.768677,nthreads=70,
message=tick stats,tick=109,estimated_current_power=95.318182,
end_task=,name=lu_gemm,elapsed_seconds=0.127855,predicted_seconds=0.041016,time_percent_error=67.920139,nthreads=70,end_time=103118.898716,avg_power_W=131.500000,max_power_W=136.000000,avg_time_s=0.127855,released_listeners=1,
start_task=,name=lu_gemm,tick=110,start_time=103118.898781,nthreads=70,
message=tick stats,tick=110,estimated_current_power=95.318182,
end_task=,name=lu_gemm,elapsed_seconds=0.122749,predicted_seconds=0.041016,time_percent_error=66.585732,nthreads=70,end_time=103119.023013,avg_power_W=136.333333,max_power_W=154.000000,avg_time_s=0.122749,released_listeners=0,
start_task=,name=lu_gemm,tick=111,start_time=103119.023077,nthreads=70,
message=tick stats,tick=111,estimated_current_power=95.318182,
end_task=,name=lu_gemm,elapsed_seconds=0.140232,predicted_seconds=0.041016,time_percent_error=70.751511,nthreads=70,end_time=103119.168791,avg_power_W=137.666667,max_power_W=158.000000,avg_time_s=0.140232,released_listeners=1,
start_task=,name=lu_gemm,tick=112,start_time=103119.168868,nthreads=70,
message=tick stats,tick=112,estimated_current_power=95.318182,
end_task=,name=lu_gemm,elapsed_seconds=0.131950,predicted_seconds=0.041016,time_percent_error=68.915757,nthreads=70,end_time=103119.302344,avg_power_W=136.000000,max_power_W=145.000000,avg_time_s=0.131950,released_listeners=0,
start_task=,name=lu_gemm,tick=113,start_time=103119.302407,nthreads=70,
message=tick stats,tick=113,estimated_current_power=95.318182,
end_task=,name=lu_gemm,elapsed_seconds=0.133791,predicted_seconds=0.041016,time_percent_error=69.343447,nthreads=70,end_time=103119.437139,avg_power_W=133.333333,max_power_W=143.000000,avg_time_s=0.133791,released_listeners=1,
start_task=,name=lu_gemm,tick=114,start_time=103119.437225,nthreads=70,
message=tick stats,tick=114,estimated_current_power=95.318182,
end_task=,name=lu_gemm,elapsed_seconds=0.132940,predicted_seconds=0.041016,time_percent_error=69.147227,nthreads=70,end_time=103119.571397,avg_power_W=132.333333,max_power_W=142.000000,avg_time_s=0.132940,released_listeners=0,
start_task=,name=lu_gemm,tick=115,start_time=103119.571460,nthreads=70,
message=tick stats,tick=115,estimated_current_power=95.318182,
end_task=,name=lu_gemm,elapsed_seconds=0.130945,predicted_seconds=0.041016,time_percent_error=68.677272,nthreads=70,end_time=103119.719116,avg_power_W=139.333333,max_power_W=154.000000,avg_time_s=0.130945,released_listeners=0,
start_task=,name=lu_gemm,tick=116,start_time=103119.719197,nthreads=70,
message=tick stats,tick=116,estimated_current_power=95.318182,
end_task=,name=lu_gemm,elapsed_seconds=0.133092,predicted_seconds=0.041016,time_percent_error=69.182456,nthreads=70,end_time=103119.869278,avg_power_W=137.333333,max_power_W=148.000000,avg_time_s=0.133092,released_listeners=1,
start_task=,name=lu_gemm,tick=117,start_time=103119.869346,nthreads=70,
message=tick stats,tick=117,estimated_current_power=95.318182,
end_task=,name=lu_gemm,elapsed_seconds=0.121569,predicted_seconds=0.041016,time_percent_error=66.261394,nthreads=70,end_time=103119.993083,avg_power_W=129.500000,max_power_W=136.000000,avg_time_s=0.121569,released_listeners=0,
start_task=,name=lu_gemm,tick=118,start_time=103119.993151,nthreads=70,
message=tick stats,tick=118,estimated_current_power=95.318182,
end_task=,name=lu_gemm,elapsed_seconds=0.134596,predicted_seconds=0.041016,time_percent_error=69.526714,nthreads=70,end_time=103120.129194,avg_power_W=129.333333,max_power_W=139.000000,avg_time_s=0.134596,released_listeners=0,
start_task=,name=lu_gemm,tick=119,start_time=103120.129289,nthreads=70,
message=tick stats,tick=119,estimated_current_power=95.318182,
end_task=,name=lu_gemm,elapsed_seconds=0.141957,predicted_seconds=0.041016,time_percent_error=71.107024,nthreads=70,end_time=103120.272206,avg_power_W=136.333333,max_power_W=155.000000,avg_time_s=0.141957,released_listeners=1,
start_task=,name=lu_gemm,tick=120,start_time=103120.272322,nthreads=70,
message=tick stats,tick=120,estimated_current_power=95.318182,
end_task=,name=lu_gemm,elapsed_seconds=0.132961,predicted_seconds=0.041016,time_percent_error=69.152080,nthreads=70,end_time=103120.418838,avg_power_W=138.000000,max_power_W=153.000000,avg_time_s=0.132961,released_listeners=0,
start_task=,name=lu_gemm,tick=121,start_time=103120.418904,nthreads=70,
message=tick stats,tick=121,estimated_current_power=95.318182,
end_task=,name=lu_gemm,elapsed_seconds=0.130052,predicted_seconds=0.041016,time_percent_error=68.462179,nthreads=70,end_time=103120.549927,avg_power_W=133.000000,max_power_W=143.000000,avg_time_s=0.130052,released_listeners=0,
start_task=,name=lu_gemm,tick=122,start_time=103120.549989,nthreads=70,
message=tick stats,tick=122,estimated_current_power=95.318182,
end_task=,name=lu_gemm,elapsed_seconds=0.132148,predicted_seconds=0.041016,time_percent_error=68.962234,nthreads=70,end_time=103120.683320,avg_power_W=130.666667,max_power_W=138.000000,avg_time_s=0.132148,released_listeners=0,
start_task=,name=getrfprofile,tick=123,start_time=103120.683383,nthreads=70,
message=tick stats,tick=123,estimated_current_power=0.000000,
end_task=,name=getrfprofile,elapsed_seconds=0.700839,predicted_seconds=0.000000,time_percent_error=100.000000,nthreads=70,end_time=103121.385262,avg_power_W=138.571429,max_power_W=151.000000,avg_time_s=0.233613,released_listeners=1,
start_task=,name=getrf,tick=124,start_time=103121.385325,nthreads=70,
message=tick stats,tick=124,estimated_current_power=75.933333,
end_task=,name=getrf,elapsed_seconds=0.239146,predicted_seconds=0.161098,time_percent_error=32.636053,nthreads=70,end_time=103121.626111,avg_power_W=137.000000,max_power_W=139.000000,avg_time_s=0.239146,released_listeners=6,
start_task=,name=trsm_leftprofile,tick=125,start_time=103121.626184,nthreads=70,
message=tick stats,tick=125,estimated_current_power=0.000000,
end_task=,name=trsm_leftprofile,elapsed_seconds=0.551455,predicted_seconds=0.000000,time_percent_error=100.000000,nthreads=70,end_time=103122.178613,avg_power_W=149.545455,max_power_W=153.000000,avg_time_s=0.039390,released_listeners=1,
start_task=,name=trsm_rightprofile,tick=126,start_time=103122.178676,nthreads=70,
message=tick stats,tick=126,estimated_current_power=0.000000,
end_task=,name=trsm_rightprofile,elapsed_seconds=0.538888,predicted_seconds=0.000000,time_percent_error=100.000000,nthreads=70,end_time=103122.718564,avg_power_W=150.454545,max_power_W=153.000000,avg_time_s=0.041453,released_listeners=1,
start_task=,name=trsm_leftprofile,tick=127,start_time=103122.718631,nthreads=70,
message=tick stats,tick=127,estimated_current_power=0.000000,
end_task=,name=trsm_leftprofile,elapsed_seconds=0.529617,predicted_seconds=0.000000,time_percent_error=100.000000,nthreads=70,end_time=103123.249729,avg_power_W=149.500000,max_power_W=153.000000,avg_time_s=0.040740,released_listeners=1,
start_task=,name=trsm_rightprofile,tick=128,start_time=103123.249793,nthreads=70,
message=tick stats,tick=128,estimated_current_power=0.000000,
end_task=,name=trsm_rightprofile,elapsed_seconds=0.574215,predicted_seconds=0.000000,time_percent_error=100.000000,nthreads=70,end_time=103123.825024,avg_power_W=149.250000,max_power_W=153.000000,avg_time_s=0.044170,released_listeners=1,
start_task=,name=trsm_leftprofile,tick=129,start_time=103123.825087,nthreads=70,
message=tick stats,tick=129,estimated_current_power=0.000000,
end_task=,name=trsm_leftprofile,elapsed_seconds=0.532342,predicted_seconds=0.000000,time_percent_error=100.000000,nthreads=70,end_time=103124.369062,avg_power_W=150.272727,max_power_W=154.000000,avg_time_s=0.040949,released_listeners=1,
start_task=,name=trsm_rightprofile,tick=130,start_time=103124.369140,nthreads=70,
message=tick stats,tick=130,estimated_current_power=0.000000,
end_task=,name=trsm_rightprofile,elapsed_seconds=0.535086,predicted_seconds=0.000000,time_percent_error=100.000000,nthreads=70,end_time=103124.918790,avg_power_W=149.090909,max_power_W=154.000000,avg_time_s=0.041160,released_listeners=1,
start_task=,name=trsm_left,tick=131,start_time=103124.918858,nthreads=70,
message=tick stats,tick=131,estimated_current_power=97.233333,
end_task=,name=trsm_left,elapsed_seconds=0.069710,predicted_seconds=0.022252,time_percent_error=68.078800,nthreads=70,end_time=103124.990753,avg_power_W=133.000000,max_power_W=133.000000,avg_time_s=0.069710,released_listeners=3,
start_task=,name=trsm_right,tick=132,start_time=103124.990818,nthreads=70,
message=tick stats,tick=132,estimated_current_power=97.300000,
end_task=,name=trsm_right,elapsed_seconds=0.075016,predicted_seconds=0.023128,time_percent_error=69.169696,nthreads=70,end_time=103125.069258,avg_power_W=135.500000,max_power_W=140.000000,avg_time_s=0.075016,released_listeners=3,
start_task=,name=trsm_left,tick=133,start_time=103125.069322,nthreads=70,
message=tick stats,tick=133,estimated_current_power=97.233333,
end_task=,name=trsm_left,elapsed_seconds=0.070862,predicted_seconds=0.022252,time_percent_error=68.597374,nthreads=70,end_time=103125.141132,avg_power_W=144.000000,max_power_W=144.000000,avg_time_s=0.070862,released_listeners=3,
start_task=,name=trsm_right,tick=134,start_time=103125.141239,nthreads=70,
message=tick stats,tick=134,estimated_current_power=97.300000,
end_task=,name=trsm_right,elapsed_seconds=0.076115,predicted_seconds=0.023128,time_percent_error=69.614815,nthreads=70,end_time=103125.218489,avg_power_W=139.000000,max_power_W=144.000000,avg_time_s=0.076115,released_listeners=3,
start_task=,name=trsm_left,tick=135,start_time=103125.218559,nthreads=70,
message=tick stats,tick=135,estimated_current_power=97.233333,
end_task=,name=trsm_left,elapsed_seconds=0.063979,predicted_seconds=0.022252,time_percent_error=65.219287,nthreads=70,end_time=103125.283991,avg_power_W=143.000000,max_power_W=143.000000,avg_time_s=0.063979,released_listeners=3,
start_task=,name=trsm_right,tick=136,start_time=103125.284051,nthreads=70,
message=tick stats,tick=136,estimated_current_power=97.300000,
end_task=,name=trsm_right,elapsed_seconds=0.068739,predicted_seconds=0.023128,time_percent_error=66.354625,nthreads=70,end_time=103125.368534,avg_power_W=139.000000,max_power_W=142.000000,avg_time_s=0.068739,released_listeners=3,
start_task=,name=lu_gemmprofile,tick=137,start_time=103125.368602,nthreads=70,
message=tick stats,tick=137,estimated_current_power=0.000000,
end_task=,name=lu_gemmprofile,elapsed_seconds=0.567137,predicted_seconds=0.000000,time_percent_error=100.000000,nthreads=70,end_time=103125.937882,avg_power_W=142.909091,max_power_W=156.000000,avg_time_s=0.081020,released_listeners=1,
start_task=,name=lu_gemmprofile,tick=138,start_time=103125.937945,nthreads=70,
message=tick stats,tick=138,estimated_current_power=0.000000,
end_task=,name=lu_gemmprofile,elapsed_seconds=0.543902,predicted_seconds=0.000000,time_percent_error=100.000000,nthreads=70,end_time=103126.482739,avg_power_W=146.636364,max_power_W=156.000000,avg_time_s=0.067988,released_listeners=1,
start_task=,name=lu_gemmprofile,tick=139,start_time=103126.482804,nthreads=70,
message=tick stats,tick=139,estimated_current_power=0.000000,
end_task=,name=lu_gemmprofile,elapsed_seconds=0.565760,predicted_seconds=0.000000,time_percent_error=100.000000,nthreads=70,end_time=103127.050694,avg_power_W=144.636364,max_power_W=154.000000,avg_time_s=0.070720,released_listeners=1,
start_task=,name=lu_gemmprofile,tick=140,start_time=103127.050757,nthreads=70,
message=tick stats,tick=140,estimated_current_power=0.000000,
end_task=,name=lu_gemmprofile,elapsed_seconds=0.537653,predicted_seconds=0.000000,time_percent_error=100.000000,nthreads=70,end_time=103127.589392,avg_power_W=142.909091,max_power_W=154.000000,avg_time_s=0.076808,released_listeners=1,
start_task=,name=lu_gemmprofile,tick=141,start_time=103127.589456,nthreads=70,
message=tick stats,tick=141,estimated_current_power=0.000000,
end_task=,name=lu_gemmprofile,elapsed_seconds=0.538663,predicted_seconds=0.000000,time_percent_error=100.000000,nthreads=70,end_time=103128.129534,avg_power_W=145.636364,max_power_W=155.000000,avg_time_s=0.067333,released_listeners=1,
start_task=,name=lu_gemmprofile,tick=142,start_time=103128.129597,nthreads=70,
message=tick stats,tick=142,estimated_current_power=0.000000,
end_task=,name=lu_gemmprofile,elapsed_seconds=0.536335,predicted_seconds=0.000000,time_percent_error=100.000000,nthreads=70,end_time=103128.668755,avg_power_W=139.272727,max_power_W=155.000000,avg_time_s=0.089389,released_listeners=1,
start_task=,name=lu_gemmprofile,tick=143,start_time=103128.668823,nthreads=70,
message=tick stats,tick=143,estimated_current_power=0.000000,
end_task=,name=lu_gemmprofile,elapsed_seconds=0.579052,predicted_seconds=0.000000,time_percent_error=100.000000,nthreads=70,end_time=103129.249500,avg_power_W=146.636364,max_power_W=155.000000,avg_time_s=0.064339,released_listeners=1,
start_task=,name=lu_gemmprofile,tick=144,start_time=103129.249564,nthreads=70,
message=tick stats,tick=144,estimated_current_power=0.000000,
end_task=,name=lu_gemmprofile,elapsed_seconds=0.569496,predicted_seconds=0.000000,time_percent_error=100.000000,nthreads=70,end_time=103129.819886,avg_power_W=144.916667,max_power_W=157.000000,avg_time_s=0.063277,released_listeners=1,
start_task=,name=lu_gemmprofile,tick=145,start_time=103129.819957,nthreads=70,
message=tick stats,tick=145,estimated_current_power=0.000000,
end_task=,name=lu_gemmprofile,elapsed_seconds=0.546497,predicted_seconds=0.000000,time_percent_error=100.000000,nthreads=70,end_time=103130.368890,avg_power_W=144.545455,max_power_W=154.000000,avg_time_s=0.068312,released_listeners=1,
start_task=,name=lu_gemm,tick=146,start_time=103130.368961,nthreads=70,
message=tick stats,tick=146,estimated_current_power=95.318182,
end_task=,name=lu_gemm,elapsed_seconds=0.114402,predicted_seconds=0.041016,time_percent_error=64.147649,nthreads=70,end_time=103130.484467,avg_power_W=138.000000,max_power_W=149.000000,avg_time_s=0.114402,released_listeners=1,
start_task=,name=lu_gemm,tick=147,start_time=103130.484530,nthreads=70,
message=tick stats,tick=147,estimated_current_power=95.318182,
end_task=,name=lu_gemm,elapsed_seconds=0.108357,predicted_seconds=0.041016,time_percent_error=62.147462,nthreads=70,end_time=103130.594345,avg_power_W=136.000000,max_power_W=144.000000,avg_time_s=0.108357,released_listeners=1,
start_task=,name=lu_gemm,tick=148,start_time=103130.594410,nthreads=70,
message=tick stats,tick=148,estimated_current_power=95.318182,
end_task=,name=lu_gemm,elapsed_seconds=0.113604,predicted_seconds=0.041016,time_percent_error=63.896061,nthreads=70,end_time=103130.719069,avg_power_W=132.000000,max_power_W=136.000000,avg_time_s=0.113604,released_listeners=1,
start_task=,name=lu_gemm,tick=149,start_time=103130.719144,nthreads=70,
message=tick stats,tick=149,estimated_current_power=95.318182,
end_task=,name=lu_gemm,elapsed_seconds=0.136260,predicted_seconds=0.041016,time_percent_error=69.899050,nthreads=70,end_time=103130.869417,avg_power_W=133.333333,max_power_W=137.000000,avg_time_s=0.136260,released_listeners=0,
start_task=,name=lu_gemm,tick=150,start_time=103130.869484,nthreads=70,
message=tick stats,tick=150,estimated_current_power=95.318182,
end_task=,name=lu_gemm,elapsed_seconds=0.136867,predicted_seconds=0.041016,time_percent_error=70.032451,nthreads=70,end_time=103131.019142,avg_power_W=130.666667,max_power_W=133.000000,avg_time_s=0.136867,released_listeners=1,
start_task=,name=lu_gemm,tick=151,start_time=103131.019212,nthreads=70,
message=tick stats,tick=151,estimated_current_power=95.318182,
end_task=,name=lu_gemm,elapsed_seconds=0.119005,predicted_seconds=0.041016,time_percent_error=65.534516,nthreads=70,end_time=103131.139155,avg_power_W=131.500000,max_power_W=141.000000,avg_time_s=0.119005,released_listeners=0,
start_task=,name=lu_gemm,tick=152,start_time=103131.139239,nthreads=70,
message=tick stats,tick=152,estimated_current_power=95.318182,
end_task=,name=lu_gemm,elapsed_seconds=0.127247,predicted_seconds=0.041016,time_percent_error=67.766973,nthreads=70,end_time=103131.269132,avg_power_W=131.333333,max_power_W=143.000000,avg_time_s=0.127247,released_listeners=1,
start_task=,name=lu_gemm,tick=153,start_time=103131.269246,nthreads=70,
message=tick stats,tick=153,estimated_current_power=95.318182,
end_task=,name=lu_gemm,elapsed_seconds=0.130650,predicted_seconds=0.041016,time_percent_error=68.606480,nthreads=70,end_time=103131.401416,avg_power_W=132.500000,max_power_W=140.000000,avg_time_s=0.130650,released_listeners=0,
start_task=,name=lu_gemm,tick=154,start_time=103131.401479,nthreads=70,
message=tick stats,tick=154,estimated_current_power=95.318182,
end_task=,name=lu_gemm,elapsed_seconds=0.125627,predicted_seconds=0.041016,time_percent_error=67.351149,nthreads=70,end_time=103131.527971,avg_power_W=129.333333,max_power_W=139.000000,avg_time_s=0.125627,released_listeners=0,
start_task=,name=getrfprofile,tick=155,start_time=103131.528035,nthreads=70,
message=tick stats,tick=155,estimated_current_power=0.000000,
end_task=,name=getrfprofile,elapsed_seconds=0.678007,predicted_seconds=0.000000,time_percent_error=100.000000,nthreads=70,end_time=103132.218895,avg_power_W=134.000000,max_power_W=145.000000,avg_time_s=0.226002,released_listeners=1,
start_task=,name=getrf,tick=156,start_time=103132.218962,nthreads=70,
message=tick stats,tick=156,estimated_current_power=75.933333,
end_task=,name=getrf,elapsed_seconds=0.246632,predicted_seconds=0.161098,time_percent_error=34.680722,nthreads=70,end_time=103132.469395,avg_power_W=130.200000,max_power_W=134.000000,avg_time_s=0.246632,released_listeners=4,
start_task=,name=trsm_leftprofile,tick=157,start_time=103132.469464,nthreads=70,
message=tick stats,tick=157,estimated_current_power=0.000000,
end_task=,name=trsm_leftprofile,elapsed_seconds=0.527447,predicted_seconds=0.000000,time_percent_error=100.000000,nthreads=70,end_time=103132.997786,avg_power_W=142.800000,max_power_W=148.000000,avg_time_s=0.040573,released_listeners=1,
start_task=,name=trsm_rightprofile,tick=158,start_time=103132.997849,nthreads=70,
message=tick stats,tick=158,estimated_current_power=0.000000,
end_task=,name=trsm_rightprofile,elapsed_seconds=0.545147,predicted_seconds=0.000000,time_percent_error=100.000000,nthreads=70,end_time=103133.544465,avg_power_W=145.272727,max_power_W=149.000000,avg_time_s=0.041934,released_listeners=1,
start_task=,name=trsm_leftprofile,tick=159,start_time=103133.544529,nthreads=70,
message=tick stats,tick=159,estimated_current_power=0.000000,
end_task=,name=trsm_leftprofile,elapsed_seconds=0.568845,predicted_seconds=0.000000,time_percent_error=100.000000,nthreads=70,end_time=103134.118781,avg_power_W=144.583333,max_power_W=148.000000,avg_time_s=0.040632,released_listeners=1,
start_task=,name=trsm_rightprofile,tick=160,start_time=103134.118849,nthreads=70,
message=tick stats,tick=160,estimated_current_power=0.000000,
end_task=,name=trsm_rightprofile,elapsed_seconds=0.551842,predicted_seconds=0.000000,time_percent_error=100.000000,nthreads=70,end_time=103134.672602,avg_power_W=144.181818,max_power_W=148.000000,avg_time_s=0.042449,released_listeners=1,
start_task=,name=trsm_left,tick=161,start_time=103134.672666,nthreads=70,
message=tick stats,tick=161,estimated_current_power=97.233333,
end_task=,name=trsm_left,elapsed_seconds=0.074473,predicted_seconds=0.022252,time_percent_error=70.120364,nthreads=70,end_time=103134.748379,avg_power_W=133.000000,max_power_W=133.000000,avg_time_s=0.074473,released_listeners=2,
start_task=,name=trsm_right,tick=162,start_time=103134.748444,nthreads=70,
message=tick stats,tick=162,estimated_current_power=97.300000,
end_task=,name=trsm_right,elapsed_seconds=0.071960,predicted_seconds=0.023128,time_percent_error=67.860599,nthreads=70,end_time=103134.821409,avg_power_W=127.500000,max_power_W=128.000000,avg_time_s=0.071960,released_listeners=2,
start_task=,name=trsm_left,tick=163,start_time=103134.821476,nthreads=70,
message=tick stats,tick=163,estimated_current_power=97.233333,
end_task=,name=trsm_left,elapsed_seconds=0.081840,predicted_seconds=0.022252,time_percent_error=72.810017,nthreads=70,end_time=103134.918776,avg_power_W=132.000000,max_power_W=136.000000,avg_time_s=0.081840,released_listeners=2,
start_task=,name=trsm_right,tick=164,start_time=103134.918844,nthreads=70,
message=tick stats,tick=164,estimated_current_power=97.300000,
end_task=,name=trsm_right,elapsed_seconds=0.071496,predicted_seconds=0.023128,time_percent_error=67.652117,nthreads=70,end_time=103134.991689,avg_power_W=134.000000,max_power_W=134.000000,avg_time_s=0.071496,released_listeners=2,
start_task=,name=lu_gemmprofile,tick=165,start_time=103134.991753,nthreads=70,
message=tick stats,tick=165,estimated_current_power=0.000000,
end_task=,name=lu_gemmprofile,elapsed_seconds=0.529859,predicted_seconds=0.000000,time_percent_error=100.000000,nthreads=70,end_time=103135.523233,avg_power_W=140.272727,max_power_W=153.000000,avg_time_s=0.066232,released_listeners=1,
start_task=,name=lu_gemmprofile,tick=166,start_time=103135.523300,nthreads=70,
message=tick stats,tick=166,estimated_current_power=0.000000,
end_task=,name=lu_gemmprofile,elapsed_seconds=0.555514,predicted_seconds=0.000000,time_percent_error=100.000000,nthreads=70,end_time=103136.080512,avg_power_W=139.272727,max_power_W=153.000000,avg_time_s=0.079359,released_listeners=1,
start_task=,name=lu_gemmprofile,tick=167,start_time=103136.080578,nthreads=70,
message=tick stats,tick=167,estimated_current_power=0.000000,
end_task=,name=lu_gemmprofile,elapsed_seconds=0.550155,predicted_seconds=0.000000,time_percent_error=100.000000,nthreads=70,end_time=103136.631573,avg_power_W=142.000000,max_power_W=152.000000,avg_time_s=0.068769,released_listeners=1,
start_task=,name=lu_gemmprofile,tick=168,start_time=103136.631637,nthreads=70,
message=tick stats,tick=168,estimated_current_power=0.000000,
end_task=,name=lu_gemmprofile,elapsed_seconds=0.568598,predicted_seconds=0.000000,time_percent_error=100.000000,nthreads=70,end_time=103137.201488,avg_power_W=140.636364,max_power_W=152.000000,avg_time_s=0.071075,released_listeners=1,
start_task=,name=lu_gemm,tick=169,start_time=103137.201554,nthreads=70,
message=tick stats,tick=169,estimated_current_power=95.318182,
end_task=,name=lu_gemm,elapsed_seconds=0.107665,predicted_seconds=0.041016,time_percent_error=61.904455,nthreads=70,end_time=103137.318835,avg_power_W=129.333333,max_power_W=136.000000,avg_time_s=0.107665,released_listeners=1,
start_task=,name=lu_gemm,tick=170,start_time=103137.318904,nthreads=70,
message=tick stats,tick=170,estimated_current_power=95.318182,
end_task=,name=lu_gemm,elapsed_seconds=0.108364,predicted_seconds=0.041016,time_percent_error=62.149983,nthreads=70,end_time=103137.428817,avg_power_W=128.000000,max_power_W=133.000000,avg_time_s=0.108364,released_listeners=1,
start_task=,name=lu_gemm,tick=171,start_time=103137.428883,nthreads=70,
message=tick stats,tick=171,estimated_current_power=95.318182,
end_task=,name=lu_gemm,elapsed_seconds=0.114624,predicted_seconds=0.041016,time_percent_error=64.217091,nthreads=70,end_time=103137.544154,avg_power_W=137.000000,max_power_W=148.000000,avg_time_s=0.114624,released_listeners=1,
start_task=,name=lu_gemm,tick=172,start_time=103137.544218,nthreads=70,
message=tick stats,tick=172,estimated_current_power=95.318182,
end_task=,name=lu_gemm,elapsed_seconds=0.118353,predicted_seconds=0.041016,time_percent_error=65.344667,nthreads=70,end_time=103137.668563,avg_power_W=131.333333,max_power_W=140.000000,avg_time_s=0.118353,released_listeners=0,
start_task=,name=getrfprofile,tick=173,start_time=103137.668632,nthreads=70,
message=tick stats,tick=173,estimated_current_power=0.000000,
end_task=,name=getrfprofile,elapsed_seconds=0.682129,predicted_seconds=0.000000,time_percent_error=100.000000,nthreads=70,end_time=103138.352280,avg_power_W=133.692308,max_power_W=147.000000,avg_time_s=0.227376,released_listeners=1,
start_task=,name=getrf,tick=174,start_time=103138.352344,nthreads=70,
message=tick stats,tick=174,estimated_current_power=75.933333,
end_task=,name=getrf,elapsed_seconds=0.220986,predicted_seconds=0.161098,time_percent_error=27.100194,nthreads=70,end_time=103138.574022,avg_power_W=130.600000,max_power_W=133.000000,avg_time_s=0.220986,released_listeners=2,
start_task=,name=trsm_leftprofile,tick=175,start_time=103138.574087,nthreads=70,
message=tick stats,tick=175,estimated_current_power=0.000000,
end_task=,name=trsm_leftprofile,elapsed_seconds=0.538361,predicted_seconds=0.000000,time_percent_error=100.000000,nthreads=70,end_time=103139.118479,avg_power_W=144.272727,max_power_W=149.000000,avg_time_s=0.038454,released_listeners=1,
start_task=,name=trsm_rightprofile,tick=176,start_time=103139.118547,nthreads=70,
message=tick stats,tick=176,estimated_current_power=0.000000,
end_task=,name=trsm_rightprofile,elapsed_seconds=0.532909,predicted_seconds=0.000000,time_percent_error=100.000000,nthreads=70,end_time=103139.668353,avg_power_W=144.636364,max_power_W=148.000000,avg_time_s=0.040993,released_listeners=1,
start_task=,name=trsm_left,tick=177,start_time=103139.668422,nthreads=70,
message=tick stats,tick=177,estimated_current_power=97.233333,
end_task=,name=trsm_left,elapsed_seconds=0.079580,predicted_seconds=0.022252,time_percent_error=72.037718,nthreads=70,end_time=103139.749470,avg_power_W=129.000000,max_power_W=129.000000,avg_time_s=0.079580,released_listeners=1,
start_task=,name=trsm_right,tick=178,start_time=103139.749534,nthreads=70,
message=tick stats,tick=178,estimated_current_power=97.300000,
end_task=,name=trsm_right,elapsed_seconds=0.090010,predicted_seconds=0.023128,time_percent_error=74.305479,nthreads=70,end_time=103139.841023,avg_power_W=128.500000,max_power_W=129.000000,avg_time_s=0.090010,released_listeners=1,
start_task=,name=lu_gemmprofile,tick=179,start_time=103139.841087,nthreads=70,
message=tick stats,tick=179,estimated_current_power=0.000000,
end_task=,name=lu_gemmprofile,elapsed_seconds=0.559972,predicted_seconds=0.000000,time_percent_error=100.000000,nthreads=70,end_time=103140.402611,avg_power_W=139.181818,max_power_W=151.000000,avg_time_s=0.069996,released_listeners=1,
start_task=,name=lu_gemm,tick=180,start_time=103140.402675,nthreads=70,
message=tick stats,tick=180,estimated_current_power=95.318182,
end_task=,name=lu_gemm,elapsed_seconds=0.146210,predicted_seconds=0.041016,time_percent_error=71.947374,nthreads=70,end_time=103140.551039,avg_power_W=131.000000,max_power_W=138.000000,avg_time_s=0.146210,released_listeners=1,
start_task=,name=getrfprofile,tick=181,start_time=103140.551104,nthreads=70,
message=tick stats,tick=181,estimated_current_power=0.000000,
end_task=,name=getrfprofile,elapsed_seconds=0.675146,predicted_seconds=0.000000,time_percent_error=100.000000,nthreads=70,end_time=103141.227301,avg_power_W=132.857143,max_power_W=142.000000,avg_time_s=0.225049,released_listeners=1,
start_task=,name=getrf,tick=182,start_time=103141.227364,nthreads=70,
message=tick stats,tick=182,estimated_current_power=75.933333,
end_task=,name=getrf,elapsed_seconds=0.224750,predicted_seconds=0.161098,time_percent_error=28.321274,nthreads=70,end_time=103141.469361,avg_power_W=130.000000,max_power_W=133.000000,avg_time_s=0.224750,released_listeners=0,
est_max_power=97.300000,
average_power_W=130.000000,
max_power_W=133.000000,
time_s=62.666566,
message=ALL DONE,
