message=cataloging configuration,max_threads=2,power_limit=inf,
start_task=,name=getrfprofile,tick=1,start_time=228137.885053,nthreads=2,
message=tick stats,tick=1,estimated_current_power=0.000000,
end_task=,name=getrfprofile,elapsed_seconds=0.641575,predicted_seconds=0.000000,time_percent_error=100.000000,nthreads=2,end_time=228138.527594,avg_power_W=114.666667,max_power_W=118.000000,avg_time_s=0.641575,released_listeners=1,
start_task=,name=getrf,tick=2,start_time=228138.527637,nthreads=2,
message=tick stats,tick=2,estimated_current_power=15.433333,
end_task=,name=getrf,elapsed_seconds=0.491883,predicted_seconds=0.511179,time_percent_error=3.923003,nthreads=2,end_time=228139.020220,avg_power_W=116.000000,max_power_W=118.000000,avg_time_s=0.491883,released_listeners=10,
start_task=,name=trsm_leftprofile,tick=3,start_time=228139.020260,nthreads=2,
message=tick stats,tick=3,estimated_current_power=0.000000,
end_task=,name=trsm_leftprofile,elapsed_seconds=0.597823,predicted_seconds=0.000000,time_percent_error=100.000000,nthreads=2,end_time=228139.618588,avg_power_W=116.000000,max_power_W=119.000000,avg_time_s=0.298911,released_listeners=1,
start_task=,name=trsm_rightprofile,tick=4,start_time=228139.618625,nthreads=2,
message=tick stats,tick=4,estimated_current_power=0.000000,
end_task=,name=trsm_rightprofile,elapsed_seconds=0.564044,predicted_seconds=0.000000,time_percent_error=100.000000,nthreads=2,end_time=228140.183333,avg_power_W=115.818182,max_power_W=117.000000,avg_time_s=0.282022,released_listeners=1,
start_task=,name=trsm_leftprofile,tick=5,start_time=228140.183371,nthreads=2,
message=tick stats,tick=5,estimated_current_power=0.000000,
end_task=,name=trsm_leftprofile,elapsed_seconds=0.597920,predicted_seconds=0.000000,time_percent_error=100.000000,nthreads=2,end_time=228140.781805,avg_power_W=116.166667,max_power_W=121.000000,avg_time_s=0.298960,released_listeners=1,
start_task=,name=trsm_rightprofile,tick=6,start_time=228140.781842,nthreads=2,
message=tick stats,tick=6,estimated_current_power=0.000000,
end_task=,name=trsm_rightprofile,elapsed_seconds=0.564090,predicted_seconds=0.000000,time_percent_error=100.000000,nthreads=2,end_time=228141.349486,avg_power_W=116.166667,max_power_W=119.000000,avg_time_s=0.282045,released_listeners=1,
start_task=,name=trsm_rightprofile,tick=7,start_time=228141.349533,nthreads=2,
message=tick stats,tick=7,estimated_current_power=0.000000,
end_task=,name=trsm_rightprofile,elapsed_seconds=0.562596,predicted_seconds=0.000000,time_percent_error=100.000000,nthreads=2,end_time=228141.912692,avg_power_W=116.363636,max_power_W=118.000000,avg_time_s=0.281298,released_listeners=1,
start_task=,name=trsm_leftprofile,tick=8,start_time=228141.912730,nthreads=2,
message=tick stats,tick=8,estimated_current_power=0.000000,
end_task=,name=trsm_leftprofile,elapsed_seconds=0.596128,predicted_seconds=0.000000,time_percent_error=100.000000,nthreads=2,end_time=228142.509477,avg_power_W=115.750000,max_power_W=118.000000,avg_time_s=0.298064,released_listeners=1,
start_task=,name=trsm_rightprofile,tick=9,start_time=228142.509514,nthreads=2,
message=tick stats,tick=9,estimated_current_power=0.000000,
end_task=,name=trsm_rightprofile,elapsed_seconds=0.562521,predicted_seconds=0.000000,time_percent_error=100.000000,nthreads=2,end_time=228143.072664,avg_power_W=116.909091,max_power_W=120.000000,avg_time_s=0.281260,released_listeners=1,
start_task=,name=trsm_leftprofile,tick=10,start_time=228143.072706,nthreads=2,
message=tick stats,tick=10,estimated_current_power=0.000000,
end_task=,name=trsm_leftprofile,elapsed_seconds=0.594889,predicted_seconds=0.000000,time_percent_error=100.000000,nthreads=2,end_time=228143.668339,avg_power_W=116.166667,max_power_W=119.000000,avg_time_s=0.297445,released_listeners=1,
start_task=,name=trsm_leftprofile,tick=11,start_time=228143.668377,nthreads=2,
message=tick stats,tick=11,estimated_current_power=0.000000,
end_task=,name=trsm_leftprofile,elapsed_seconds=0.593213,predicted_seconds=0.000000,time_percent_error=100.000000,nthreads=2,end_time=228144.262279,avg_power_W=117.000000,max_power_W=118.000000,avg_time_s=0.296607,released_listeners=1,
start_task=,name=trsm_rightprofile,tick=12,start_time=228144.262325,nthreads=2,
message=tick stats,tick=12,estimated_current_power=0.000000,
end_task=,name=trsm_rightprofile,elapsed_seconds=0.565105,predicted_seconds=0.000000,time_percent_error=100.000000,nthreads=2,end_time=228144.827925,avg_power_W=116.181818,max_power_W=118.000000,avg_time_s=0.282552,released_listeners=1,
start_task=,name=trsm_left,tick=13,start_time=228144.827963,nthreads=2,
message=tick stats,tick=13,estimated_current_power=15.300000,
end_task=,name=trsm_left,elapsed_seconds=0.249119,predicted_seconds=0.296172,time_percent_error=18.887825,nthreads=2,end_time=228145.077720,avg_power_W=117.000000,max_power_W=118.000000,avg_time_s=0.249119,released_listeners=5,
start_task=,name=trsm_right,tick=14,start_time=228145.077766,nthreads=2,
message=tick stats,tick=14,estimated_current_power=14.233333,
end_task=,name=trsm_right,elapsed_seconds=0.231944,predicted_seconds=0.278595,time_percent_error=20.113328,nthreads=2,end_time=228145.310390,avg_power_W=116.600000,max_power_W=117.000000,avg_time_s=0.231944,released_listeners=5,
start_task=,name=trsm_left,tick=15,start_time=228145.310430,nthreads=2,
message=tick stats,tick=15,estimated_current_power=15.300000,
end_task=,name=trsm_left,elapsed_seconds=0.249838,predicted_seconds=0.296172,time_percent_error=18.545619,nthreads=2,end_time=228145.560970,avg_power_W=116.600000,max_power_W=118.000000,avg_time_s=0.249838,released_listeners=5,
start_task=,name=trsm_right,tick=16,start_time=228145.561010,nthreads=2,
message=tick stats,tick=16,estimated_current_power=14.233333,
end_task=,name=trsm_right,elapsed_seconds=0.232067,predicted_seconds=0.278595,time_percent_error=20.049236,nthreads=2,end_time=228145.799716,avg_power_W=116.800000,max_power_W=118.000000,avg_time_s=0.232067,released_listeners=5,
start_task=,name=trsm_right,tick=17,start_time=228145.799759,nthreads=2,
message=tick stats,tick=17,estimated_current_power=14.233333,
end_task=,name=trsm_right,elapsed_seconds=0.230108,predicted_seconds=0.278595,time_percent_error=21.071627,nthreads=2,end_time=228146.030500,avg_power_W=118.000000,max_power_W=120.000000,avg_time_s=0.230108,released_listeners=5,
start_task=,name=trsm_left,tick=18,start_time=228146.030539,nthreads=2,
message=tick stats,tick=18,estimated_current_power=15.300000,
end_task=,name=trsm_left,elapsed_seconds=0.248863,predicted_seconds=0.296172,time_percent_error=19.010062,nthreads=2,end_time=228146.280305,avg_power_W=116.800000,max_power_W=120.000000,avg_time_s=0.248863,released_listeners=5,
start_task=,name=trsm_right,tick=19,start_time=228146.280344,nthreads=2,
message=tick stats,tick=19,estimated_current_power=14.233333,
end_task=,name=trsm_right,elapsed_seconds=0.232982,predicted_seconds=0.278595,time_percent_error=19.578051,nthreads=2,end_time=228146.513965,avg_power_W=116.400000,max_power_W=120.000000,avg_time_s=0.232982,released_listeners=5,
start_task=,name=trsm_left,tick=20,start_time=228146.514004,nthreads=2,
message=tick stats,tick=20,estimated_current_power=15.300000,
end_task=,name=trsm_left,elapsed_seconds=0.249050,predicted_seconds=0.296172,time_percent_error=18.920429,nthreads=2,end_time=228146.763585,avg_power_W=116.800000,max_power_W=118.000000,avg_time_s=0.249050,released_listeners=5,
start_task=,name=trsm_left,tick=21,start_time=228146.763625,nthreads=2,
message=tick stats,tick=21,estimated_current_power=15.300000,
end_task=,name=trsm_left,elapsed_seconds=0.248470,predicted_seconds=0.296172,time_percent_error=19.198268,nthreads=2,end_time=228147.012635,avg_power_W=116.600000,max_power_W=119.000000,avg_time_s=0.248470,released_listeners=5,
start_task=,name=trsm_right,tick=22,start_time=228147.012674,nthreads=2,
message=tick stats,tick=22,estimated_current_power=14.233333,
end_task=,name=trsm_right,elapsed_seconds=0.231715,predicted_seconds=0.278595,time_percent_error=20.232024,nthreads=2,end_time=228147.249242,avg_power_W=117.000000,max_power_W=118.000000,avg_time_s=0.231715,released_listeners=5,
start_task=,name=lu_gemmprofile,tick=23,start_time=228147.249281,nthreads=2,
message=tick stats,tick=23,estimated_current_power=0.000000,
end_task=,name=lu_gemmprofile,elapsed_seconds=0.519714,predicted_seconds=0.000000,time_percent_error=100.000000,nthreads=2,end_time=228147.769521,avg_power_W=116.200000,max_power_W=119.000000,avg_time_s=0.519714,released_listeners=1,
start_task=,name=lu_gemmprofile,tick=24,start_time=228147.769559,nthreads=2,
message=tick stats,tick=24,estimated_current_power=0.000000,
end_task=,name=lu_gemmprofile,elapsed_seconds=0.515694,predicted_seconds=0.000000,time_percent_error=100.000000,nthreads=2,end_time=228148.299415,avg_power_W=116.727273,max_power_W=117.000000,avg_time_s=0.515694,released_listeners=1,
start_task=,name=lu_gemmprofile,tick=25,start_time=228148.299461,nthreads=2,
message=tick stats,tick=25,estimated_current_power=0.000000,
end_task=,name=lu_gemmprofile,elapsed_seconds=0.512640,predicted_seconds=0.000000,time_percent_error=100.000000,nthreads=2,end_time=228148.812843,avg_power_W=116.200000,max_power_W=118.000000,avg_time_s=0.512640,released_listeners=1,
start_task=,name=lu_gemmprofile,tick=26,start_time=228148.812880,nthreads=2,
message=tick stats,tick=26,estimated_current_power=0.000000,
end_task=,name=lu_gemmprofile,elapsed_seconds=0.515217,predicted_seconds=0.000000,time_percent_error=100.000000,nthreads=2,end_time=228149.328724,avg_power_W=116.500000,max_power_W=118.000000,avg_time_s=0.515217,released_listeners=1,
start_task=,name=lu_gemmprofile,tick=27,start_time=228149.328761,nthreads=2,
message=tick stats,tick=27,estimated_current_power=0.000000,
end_task=,name=lu_gemmprofile,elapsed_seconds=0.514138,predicted_seconds=0.000000,time_percent_error=100.000000,nthreads=2,end_time=228149.849322,avg_power_W=116.090909,max_power_W=117.000000,avg_time_s=0.514138,released_listeners=1,
start_task=,name=lu_gemmprofile,tick=28,start_time=228149.849363,nthreads=2,
message=tick stats,tick=28,estimated_current_power=0.000000,
end_task=,name=lu_gemmprofile,elapsed_seconds=0.514004,predicted_seconds=0.000000,time_percent_error=100.000000,nthreads=2,end_time=228150.364006,avg_power_W=116.100000,max_power_W=120.000000,avg_time_s=0.514004,released_listeners=1,
start_task=,name=lu_gemmprofile,tick=29,start_time=228150.364044,nthreads=2,
message=tick stats,tick=29,estimated_current_power=0.000000,
end_task=,name=lu_gemmprofile,elapsed_seconds=0.513247,predicted_seconds=0.000000,time_percent_error=100.000000,nthreads=2,end_time=228150.877785,avg_power_W=114.900000,max_power_W=117.000000,avg_time_s=0.513247,released_listeners=1,
start_task=,name=lu_gemmprofile,tick=30,start_time=228150.877823,nthreads=2,
message=tick stats,tick=30,estimated_current_power=0.000000,
end_task=,name=lu_gemmprofile,elapsed_seconds=0.513064,predicted_seconds=0.000000,time_percent_error=100.000000,nthreads=2,end_time=228151.399661,avg_power_W=116.454545,max_power_W=118.000000,avg_time_s=0.513064,released_listeners=1,
start_task=,name=lu_gemmprofile,tick=31,start_time=228151.399702,nthreads=2,
message=tick stats,tick=31,estimated_current_power=0.000000,
end_task=,name=lu_gemmprofile,elapsed_seconds=0.513001,predicted_seconds=0.000000,time_percent_error=100.000000,nthreads=2,end_time=228151.913254,avg_power_W=115.600000,max_power_W=117.000000,avg_time_s=0.513001,released_listeners=1,
start_task=,name=lu_gemmprofile,tick=32,start_time=228151.913293,nthreads=2,
message=tick stats,tick=32,estimated_current_power=0.000000,
end_task=,name=lu_gemmprofile,elapsed_seconds=0.515654,predicted_seconds=0.000000,time_percent_error=100.000000,nthreads=2,end_time=228152.429589,avg_power_W=116.100000,max_power_W=117.000000,avg_time_s=0.515654,released_listeners=1,
start_task=,name=lu_gemmprofile,tick=33,start_time=228152.429628,nthreads=2,
message=tick stats,tick=33,estimated_current_power=0.000000,
end_task=,name=lu_gemmprofile,elapsed_seconds=0.513474,predicted_seconds=0.000000,time_percent_error=100.000000,nthreads=2,end_time=228152.949258,avg_power_W=116.363636,max_power_W=118.000000,avg_time_s=0.513474,released_listeners=1,
start_task=,name=lu_gemmprofile,tick=34,start_time=228152.949300,nthreads=2,
message=tick stats,tick=34,estimated_current_power=0.000000,
end_task=,name=lu_gemmprofile,elapsed_seconds=0.515426,predicted_seconds=0.000000,time_percent_error=100.000000,nthreads=2,end_time=228153.465390,avg_power_W=115.900000,max_power_W=118.000000,avg_time_s=0.515426,released_listeners=1,
start_task=,name=lu_gemmprofile,tick=35,start_time=228153.465432,nthreads=2,
message=tick stats,tick=35,estimated_current_power=0.000000,
end_task=,name=lu_gemmprofile,elapsed_seconds=0.511217,predicted_seconds=0.000000,time_percent_error=100.000000,nthreads=2,end_time=228153.977468,avg_power_W=116.300000,max_power_W=119.000000,avg_time_s=0.511217,released_listeners=1,
start_task=,name=lu_gemmprofile,tick=36,start_time=228153.977506,nthreads=2,
message=tick stats,tick=36,estimated_current_power=0.000000,
end_task=,name=lu_gemmprofile,elapsed_seconds=0.511009,predicted_seconds=0.000000,time_percent_error=100.000000,nthreads=2,end_time=228154.499097,avg_power_W=116.636364,max_power_W=118.000000,avg_time_s=0.511009,released_listeners=1,
start_task=,name=lu_gemmprofile,tick=37,start_time=228154.499145,nthreads=2,
message=tick stats,tick=37,estimated_current_power=0.000000,
end_task=,name=lu_gemmprofile,elapsed_seconds=0.509968,predicted_seconds=0.000000,time_percent_error=100.000000,nthreads=2,end_time=228155.009730,avg_power_W=116.200000,max_power_W=118.000000,avg_time_s=0.509968,released_listeners=1,
start_task=,name=lu_gemmprofile,tick=38,start_time=228155.009768,nthreads=2,
message=tick stats,tick=38,estimated_current_power=0.000000,
end_task=,name=lu_gemmprofile,elapsed_seconds=0.511295,predicted_seconds=0.000000,time_percent_error=100.000000,nthreads=2,end_time=228155.521610,avg_power_W=116.500000,max_power_W=118.000000,avg_time_s=0.511295,released_listeners=1,
start_task=,name=lu_gemmprofile,tick=39,start_time=228155.521647,nthreads=2,
message=tick stats,tick=39,estimated_current_power=0.000000,
end_task=,name=lu_gemmprofile,elapsed_seconds=0.510635,predicted_seconds=0.000000,time_percent_error=100.000000,nthreads=2,end_time=228156.032852,avg_power_W=116.900000,max_power_W=118.000000,avg_time_s=0.510635,released_listeners=1,
start_task=,name=lu_gemmprofile,tick=40,start_time=228156.032890,nthreads=2,
message=tick stats,tick=40,estimated_current_power=0.000000,
end_task=,name=lu_gemmprofile,elapsed_seconds=0.511710,predicted_seconds=0.000000,time_percent_error=100.000000,nthreads=2,end_time=228156.549311,avg_power_W=116.181818,max_power_W=119.000000,avg_time_s=0.511710,released_listeners=1,
start_task=,name=lu_gemmprofile,tick=41,start_time=228156.549347,nthreads=2,
message=tick stats,tick=41,estimated_current_power=0.000000,
end_task=,name=lu_gemmprofile,elapsed_seconds=0.510083,predicted_seconds=0.000000,time_percent_error=100.000000,nthreads=2,end_time=228157.059960,avg_power_W=116.700000,max_power_W=118.000000,avg_time_s=0.510083,released_listeners=1,
start_task=,name=lu_gemmprofile,tick=42,start_time=228157.059998,nthreads=2,
message=tick stats,tick=42,estimated_current_power=0.000000,
end_task=,name=lu_gemmprofile,elapsed_seconds=0.510828,predicted_seconds=0.000000,time_percent_error=100.000000,nthreads=2,end_time=228157.571455,avg_power_W=116.200000,max_power_W=118.000000,avg_time_s=0.510828,released_listeners=1,
start_task=,name=lu_gemmprofile,tick=43,start_time=228157.571492,nthreads=2,
message=tick stats,tick=43,estimated_current_power=0.000000,
end_task=,name=lu_gemmprofile,elapsed_seconds=0.514720,predicted_seconds=0.000000,time_percent_error=100.000000,nthreads=2,end_time=228158.099509,avg_power_W=116.272727,max_power_W=118.000000,avg_time_s=0.514720,released_listeners=1,
start_task=,name=lu_gemmprofile,tick=44,start_time=228158.099550,nthreads=2,
message=tick stats,tick=44,estimated_current_power=0.000000,
end_task=,name=lu_gemmprofile,elapsed_seconds=0.512357,predicted_seconds=0.000000,time_percent_error=100.000000,nthreads=2,end_time=228158.612595,avg_power_W=116.200000,max_power_W=117.000000,avg_time_s=0.512357,released_listeners=1,
start_task=,name=lu_gemmprofile,tick=45,start_time=228158.612638,nthreads=2,
message=tick stats,tick=45,estimated_current_power=0.000000,
end_task=,name=lu_gemmprofile,elapsed_seconds=0.513410,predicted_seconds=0.000000,time_percent_error=100.000000,nthreads=2,end_time=228159.126767,avg_power_W=116.900000,max_power_W=118.000000,avg_time_s=0.513410,released_listeners=1,
start_task=,name=lu_gemmprofile,tick=46,start_time=228159.126805,nthreads=2,
message=tick stats,tick=46,estimated_current_power=0.000000,
end_task=,name=lu_gemmprofile,elapsed_seconds=0.513675,predicted_seconds=0.000000,time_percent_error=100.000000,nthreads=2,end_time=228159.649234,avg_power_W=116.454545,max_power_W=118.000000,avg_time_s=0.513675,released_listeners=1,
start_task=,name=lu_gemmprofile,tick=47,start_time=228159.649276,nthreads=2,
message=tick stats,tick=47,estimated_current_power=0.000000,
end_task=,name=lu_gemmprofile,elapsed_seconds=0.510127,predicted_seconds=0.000000,time_percent_error=100.000000,nthreads=2,end_time=228160.159957,avg_power_W=116.900000,max_power_W=118.000000,avg_time_s=0.510127,released_listeners=1,
start_task=,name=lu_gemm,tick=48,start_time=228160.159995,nthreads=2,
message=tick stats,tick=48,estimated_current_power=15.481818,
end_task=,name=lu_gemm,elapsed_seconds=0.481399,predicted_seconds=0.504473,time_percent_error=4.793082,nthreads=2,end_time=228160.649995,avg_power_W=115.700000,max_power_W=116.000000,avg_time_s=0.481399,released_listeners=1,
start_task=,name=lu_gemm,tick=49,start_time=228160.650035,nthreads=2,
message=tick stats,tick=49,estimated_current_power=15.481818,
end_task=,name=lu_gemm,elapsed_seconds=0.481095,predicted_seconds=0.504473,time_percent_error=4.859351,nthreads=2,end_time=228161.131722,avg_power_W=116.555556,max_power_W=118.000000,avg_time_s=0.481095,released_listeners=0,
start_task=,name=lu_gemm,tick=50,start_time=228161.131759,nthreads=2,
message=tick stats,tick=50,estimated_current_power=15.481818,
end_task=,name=lu_gemm,elapsed_seconds=0.480760,predicted_seconds=0.504473,time_percent_error=4.932274,nthreads=2,end_time=228161.613272,avg_power_W=116.200000,max_power_W=119.000000,avg_time_s=0.480760,released_listeners=1,
start_task=,name=lu_gemm,tick=51,start_time=228161.613311,nthreads=2,
message=tick stats,tick=51,estimated_current_power=15.481818,
end_task=,name=lu_gemm,elapsed_seconds=0.481197,predicted_seconds=0.504473,time_percent_error=4.837128,nthreads=2,end_time=228162.099749,avg_power_W=116.100000,max_power_W=118.000000,avg_time_s=0.481197,released_listeners=0,
start_task=,name=lu_gemm,tick=52,start_time=228162.099789,nthreads=2,
message=tick stats,tick=52,estimated_current_power=15.481818,
end_task=,name=lu_gemm,elapsed_seconds=0.479691,predicted_seconds=0.504473,time_percent_error=5.166108,nthreads=2,end_time=228162.580148,avg_power_W=116.333333,max_power_W=118.000000,avg_time_s=0.479691,released_listeners=1,
start_task=,name=lu_gemm,tick=53,start_time=228162.580186,nthreads=2,
message=tick stats,tick=53,estimated_current_power=15.481818,
end_task=,name=lu_gemm,elapsed_seconds=0.479944,predicted_seconds=0.504473,time_percent_error=5.110781,nthreads=2,end_time=228163.060791,avg_power_W=116.500000,max_power_W=119.000000,avg_time_s=0.479944,released_listeners=1,
start_task=,name=lu_gemm,tick=54,start_time=228163.060829,nthreads=2,
message=tick stats,tick=54,estimated_current_power=15.481818,
end_task=,name=lu_gemm,elapsed_seconds=0.480611,predicted_seconds=0.504473,time_percent_error=4.964821,nthreads=2,end_time=228163.550010,avg_power_W=116.400000,max_power_W=118.000000,avg_time_s=0.480611,released_listeners=1,
start_task=,name=lu_gemm,tick=55,start_time=228163.550051,nthreads=2,
message=tick stats,tick=55,estimated_current_power=15.481818,
end_task=,name=lu_gemm,elapsed_seconds=0.480711,predicted_seconds=0.504473,time_percent_error=4.943035,nthreads=2,end_time=228164.031390,avg_power_W=115.888889,max_power_W=120.000000,avg_time_s=0.480711,released_listeners=0,
start_task=,name=lu_gemm,tick=56,start_time=228164.031429,nthreads=2,
message=tick stats,tick=56,estimated_current_power=15.481818,
end_task=,name=lu_gemm,elapsed_seconds=0.481739,predicted_seconds=0.504473,time_percent_error=4.719106,nthreads=2,end_time=228164.513831,avg_power_W=116.100000,max_power_W=120.000000,avg_time_s=0.481739,released_listeners=0,
start_task=,name=lu_gemm,tick=57,start_time=228164.513874,nthreads=2,
message=tick stats,tick=57,estimated_current_power=15.481818,
end_task=,name=lu_gemm,elapsed_seconds=0.480288,predicted_seconds=0.504473,time_percent_error=5.035529,nthreads=2,end_time=228164.999705,avg_power_W=115.900000,max_power_W=118.000000,avg_time_s=0.480288,released_listeners=1,
start_task=,name=lu_gemm,tick=58,start_time=228164.999751,nthreads=2,
message=tick stats,tick=58,estimated_current_power=15.481818,
end_task=,name=lu_gemm,elapsed_seconds=0.480752,predicted_seconds=0.504473,time_percent_error=4.934107,nthreads=2,end_time=228165.481191,avg_power_W=115.777778,max_power_W=118.000000,avg_time_s=0.480752,released_listeners=0,
start_task=,name=lu_gemm,tick=59,start_time=228165.481261,nthreads=2,
message=tick stats,tick=59,estimated_current_power=15.481818,
end_task=,name=lu_gemm,elapsed_seconds=0.482813,predicted_seconds=0.504473,time_percent_error=4.486216,nthreads=2,end_time=228165.964632,avg_power_W=116.000000,max_power_W=118.000000,avg_time_s=0.482813,released_listeners=0,
start_task=,name=lu_gemm,tick=60,start_time=228165.964669,nthreads=2,
message=tick stats,tick=60,estimated_current_power=15.481818,
end_task=,name=lu_gemm,elapsed_seconds=0.480115,predicted_seconds=0.504473,time_percent_error=5.073266,nthreads=2,end_time=228166.449333,avg_power_W=116.100000,max_power_W=117.000000,avg_time_s=0.480115,released_listeners=1,
start_task=,name=lu_gemm,tick=61,start_time=228166.449370,nthreads=2,
message=tick stats,tick=61,estimated_current_power=15.481818,
end_task=,name=lu_gemm,elapsed_seconds=0.479534,predicted_seconds=0.504473,time_percent_error=5.200550,nthreads=2,end_time=228166.929421,avg_power_W=116.333333,max_power_W=118.000000,avg_time_s=0.479534,released_listeners=0,
start_task=,name=lu_gemm,tick=62,start_time=228166.929458,nthreads=2,
message=tick stats,tick=62,estimated_current_power=15.481818,
end_task=,name=lu_gemm,elapsed_seconds=0.481662,predicted_seconds=0.504473,time_percent_error=4.735939,nthreads=2,end_time=228167.411800,avg_power_W=116.700000,max_power_W=118.000000,avg_time_s=0.481662,released_listeners=0,
start_task=,name=lu_gemm,tick=63,start_time=228167.411837,nthreads=2,
message=tick stats,tick=63,estimated_current_power=15.481818,
end_task=,name=lu_gemm,elapsed_seconds=0.481174,predicted_seconds=0.504473,time_percent_error=4.842182,nthreads=2,end_time=228167.899673,avg_power_W=115.300000,max_power_W=117.000000,avg_time_s=0.481174,released_listeners=0,
start_task=,name=lu_gemm,tick=64,start_time=228167.899714,nthreads=2,
message=tick stats,tick=64,estimated_current_power=15.481818,
end_task=,name=lu_gemm,elapsed_seconds=0.479990,predicted_seconds=0.504473,time_percent_error=5.100741,nthreads=2,end_time=228168.380379,avg_power_W=116.555556,max_power_W=119.000000,avg_time_s=0.479990,released_listeners=1,
start_task=,name=lu_gemm,tick=65,start_time=228168.380416,nthreads=2,
message=tick stats,tick=65,estimated_current_power=15.481818,
end_task=,name=lu_gemm,elapsed_seconds=0.481006,predicted_seconds=0.504473,time_percent_error=4.878713,nthreads=2,end_time=228168.862053,avg_power_W=117.100000,max_power_W=118.000000,avg_time_s=0.481006,released_listeners=0,
start_task=,name=lu_gemm,tick=66,start_time=228168.862090,nthreads=2,
message=tick stats,tick=66,estimated_current_power=15.481818,
end_task=,name=lu_gemm,elapsed_seconds=0.481210,predicted_seconds=0.504473,time_percent_error=4.834143,nthreads=2,end_time=228169.349192,avg_power_W=116.500000,max_power_W=119.000000,avg_time_s=0.481210,released_listeners=0,
start_task=,name=lu_gemm,tick=67,start_time=228169.349276,nthreads=2,
message=tick stats,tick=67,estimated_current_power=15.481818,
end_task=,name=lu_gemm,elapsed_seconds=0.480775,predicted_seconds=0.504473,time_percent_error=4.929040,nthreads=2,end_time=228169.830885,avg_power_W=115.888889,max_power_W=117.000000,avg_time_s=0.480775,released_listeners=0,
start_task=,name=lu_gemm,tick=68,start_time=228169.830929,nthreads=2,
message=tick stats,tick=68,estimated_current_power=15.481818,
end_task=,name=lu_gemm,elapsed_seconds=0.481249,predicted_seconds=0.504473,time_percent_error=4.825692,nthreads=2,end_time=228170.312852,avg_power_W=115.800000,max_power_W=118.000000,avg_time_s=0.481249,released_listeners=1,
start_task=,name=lu_gemm,tick=69,start_time=228170.312890,nthreads=2,
message=tick stats,tick=69,estimated_current_power=15.481818,
end_task=,name=lu_gemm,elapsed_seconds=0.481845,predicted_seconds=0.504473,time_percent_error=4.696083,nthreads=2,end_time=228170.799533,avg_power_W=115.600000,max_power_W=117.000000,avg_time_s=0.481845,released_listeners=0,
start_task=,name=lu_gemm,tick=70,start_time=228170.799573,nthreads=2,
message=tick stats,tick=70,estimated_current_power=15.481818,
end_task=,name=lu_gemm,elapsed_seconds=0.480533,predicted_seconds=0.504473,time_percent_error=4.981882,nthreads=2,end_time=228171.280644,avg_power_W=117.111111,max_power_W=119.000000,avg_time_s=0.480533,released_listeners=0,
start_task=,name=lu_gemm,tick=71,start_time=228171.280681,nthreads=2,
message=tick stats,tick=71,estimated_current_power=15.481818,
end_task=,name=lu_gemm,elapsed_seconds=0.481223,predicted_seconds=0.504473,time_percent_error=4.831388,nthreads=2,end_time=228171.762587,avg_power_W=117.100000,max_power_W=119.000000,avg_time_s=0.481223,released_listeners=0,
start_task=,name=lu_gemm,tick=72,start_time=228171.762624,nthreads=2,
message=tick stats,tick=72,estimated_current_power=15.481818,
end_task=,name=lu_gemm,elapsed_seconds=0.481695,predicted_seconds=0.504473,time_percent_error=4.728626,nthreads=2,end_time=228172.249516,avg_power_W=116.200000,max_power_W=120.000000,avg_time_s=0.481695,released_listeners=0,
start_task=,name=getrfprofile,tick=73,start_time=228172.249557,nthreads=2,
message=tick stats,tick=73,estimated_current_power=0.000000,
end_task=,name=getrfprofile,elapsed_seconds=0.986920,predicted_seconds=0.000000,time_percent_error=100.000000,nthreads=2,end_time=228173.249361,avg_power_W=116.800000,max_power_W=121.000000,avg_time_s=0.493460,released_listeners=1,
start_task=,name=getrf,tick=74,start_time=228173.249403,nthreads=2,
message=tick stats,tick=74,estimated_current_power=15.433333,
end_task=,name=getrf,elapsed_seconds=0.488093,predicted_seconds=0.511179,time_percent_error=4.729800,nthreads=2,end_time=228173.749708,avg_power_W=116.100000,max_power_W=117.000000,avg_time_s=0.488093,released_listeners=8,
start_task=,name=trsm_leftprofile,tick=75,start_time=228173.749751,nthreads=2,
message=tick stats,tick=75,estimated_current_power=0.000000,
end_task=,name=trsm_leftprofile,elapsed_seconds=0.588107,predicted_seconds=0.000000,time_percent_error=100.000000,nthreads=2,end_time=228174.349604,avg_power_W=117.166667,max_power_W=118.000000,avg_time_s=0.294054,released_listeners=1,
start_task=,name=trsm_rightprofile,tick=76,start_time=228174.349651,nthreads=2,
message=tick stats,tick=76,estimated_current_power=0.000000,
end_task=,name=trsm_rightprofile,elapsed_seconds=0.551998,predicted_seconds=0.000000,time_percent_error=100.000000,nthreads=2,end_time=228174.902333,avg_power_W=116.272727,max_power_W=118.000000,avg_time_s=0.275999,released_listeners=1,
start_task=,name=trsm_leftprofile,tick=77,start_time=228174.902372,nthreads=2,
message=tick stats,tick=77,estimated_current_power=0.000000,
end_task=,name=trsm_leftprofile,elapsed_seconds=0.589881,predicted_seconds=0.000000,time_percent_error=100.000000,nthreads=2,end_time=228175.499317,avg_power_W=116.250000,max_power_W=118.000000,avg_time_s=0.294941,released_listeners=1,
start_task=,name=trsm_rightprofile,tick=78,start_time=228175.499354,nthreads=2,
message=tick stats,tick=78,estimated_current_power=0.000000,
end_task=,name=trsm_rightprofile,elapsed_seconds=0.551675,predicted_seconds=0.000000,time_percent_error=100.000000,nthreads=2,end_time=228176.051642,avg_power_W=117.090909,max_power_W=120.000000,avg_time_s=0.275838,released_listeners=1,
start_task=,name=trsm_leftprofile,tick=79,start_time=228176.051681,nthreads=2,
message=tick stats,tick=79,estimated_current_power=0.000000,
end_task=,name=trsm_leftprofile,elapsed_seconds=0.589028,predicted_seconds=0.000000,time_percent_error=100.000000,nthreads=2,end_time=228176.649011,avg_power_W=117.166667,max_power_W=118.000000,avg_time_s=0.294514,released_listeners=1,
start_task=,name=trsm_rightprofile,tick=80,start_time=228176.649052,nthreads=2,
message=tick stats,tick=80,estimated_current_power=0.000000,
end_task=,name=trsm_rightprofile,elapsed_seconds=0.552876,predicted_seconds=0.000000,time_percent_error=100.000000,nthreads=2,end_time=228177.202496,avg_power_W=116.818182,max_power_W=118.000000,avg_time_s=0.276438,released_listeners=1,
start_task=,name=trsm_leftprofile,tick=81,start_time=228177.202534,nthreads=2,
message=tick stats,tick=81,estimated_current_power=0.000000,
end_task=,name=trsm_leftprofile,elapsed_seconds=0.591377,predicted_seconds=0.000000,time_percent_error=100.000000,nthreads=2,end_time=228177.799527,avg_power_W=115.916667,max_power_W=118.000000,avg_time_s=0.295688,released_listeners=1,
start_task=,name=trsm_rightprofile,tick=82,start_time=228177.799568,nthreads=2,
message=tick stats,tick=82,estimated_current_power=0.000000,
end_task=,name=trsm_rightprofile,elapsed_seconds=0.551614,predicted_seconds=0.000000,time_percent_error=100.000000,nthreads=2,end_time=228178.351717,avg_power_W=116.909091,max_power_W=118.000000,avg_time_s=0.275807,released_listeners=1,
start_task=,name=trsm_left,tick=83,start_time=228178.351755,nthreads=2,
message=tick stats,tick=83,estimated_current_power=15.300000,
end_task=,name=trsm_left,elapsed_seconds=0.249573,predicted_seconds=0.296172,time_percent_error=18.671304,nthreads=2,end_time=228178.601956,avg_power_W=117.600000,max_power_W=119.000000,avg_time_s=0.249573,released_listeners=4,
start_task=,name=trsm_right,tick=84,start_time=228178.601996,nthreads=2,
message=tick stats,tick=84,estimated_current_power=14.233333,
end_task=,name=trsm_right,elapsed_seconds=0.232763,predicted_seconds=0.278595,time_percent_error=19.690394,nthreads=2,end_time=228178.849631,avg_power_W=116.200000,max_power_W=117.000000,avg_time_s=0.232763,released_listeners=4,
start_task=,name=trsm_left,tick=85,start_time=228178.849674,nthreads=2,
message=tick stats,tick=85,estimated_current_power=15.300000,
end_task=,name=trsm_left,elapsed_seconds=0.249009,predicted_seconds=0.296172,time_percent_error=18.939983,nthreads=2,end_time=228179.099272,avg_power_W=117.000000,max_power_W=117.000000,avg_time_s=0.249009,released_listeners=4,
start_task=,name=trsm_right,tick=86,start_time=228179.099312,nthreads=2,
message=tick stats,tick=86,estimated_current_power=14.233333,
end_task=,name=trsm_right,elapsed_seconds=0.232269,predicted_seconds=0.278595,time_percent_error=19.944921,nthreads=2,end_time=228179.332235,avg_power_W=118.500000,max_power_W=124.000000,avg_time_s=0.232269,released_listeners=4,
start_task=,name=trsm_left,tick=87,start_time=228179.332277,nthreads=2,
message=tick stats,tick=87,estimated_current_power=15.300000,
end_task=,name=trsm_left,elapsed_seconds=0.249985,predicted_seconds=0.296172,time_percent_error=18.475685,nthreads=2,end_time=228179.582996,avg_power_W=117.000000,max_power_W=118.000000,avg_time_s=0.249985,released_listeners=4,
start_task=,name=trsm_right,tick=88,start_time=228179.583040,nthreads=2,
message=tick stats,tick=88,estimated_current_power=14.233333,
end_task=,name=trsm_right,elapsed_seconds=0.232471,predicted_seconds=0.278595,time_percent_error=19.840762,nthreads=2,end_time=228179.816237,avg_power_W=116.800000,max_power_W=118.000000,avg_time_s=0.232471,released_listeners=4,
start_task=,name=trsm_left,tick=89,start_time=228179.816279,nthreads=2,
message=tick stats,tick=89,estimated_current_power=15.300000,
end_task=,name=trsm_left,elapsed_seconds=0.249620,predicted_seconds=0.296172,time_percent_error=18.649112,nthreads=2,end_time=228180.066452,avg_power_W=117.600000,max_power_W=119.000000,avg_time_s=0.249620,released_listeners=4,
start_task=,name=trsm_right,tick=90,start_time=228180.066491,nthreads=2,
message=tick stats,tick=90,estimated_current_power=14.233333,
end_task=,name=trsm_right,elapsed_seconds=0.232102,predicted_seconds=0.278595,time_percent_error=20.031270,nthreads=2,end_time=228180.299490,avg_power_W=116.800000,max_power_W=117.000000,avg_time_s=0.232102,released_listeners=4,
start_task=,name=lu_gemmprofile,tick=91,start_time=228180.299529,nthreads=2,
message=tick stats,tick=91,estimated_current_power=0.000000,
end_task=,name=lu_gemmprofile,elapsed_seconds=0.508045,predicted_seconds=0.000000,time_percent_error=100.000000,nthreads=2,end_time=228180.808283,avg_power_W=117.000000,max_power_W=119.000000,avg_time_s=0.508045,released_listeners=1,
start_task=,name=lu_gemmprofile,tick=92,start_time=228180.808320,nthreads=2,
message=tick stats,tick=92,estimated_current_power=0.000000,
end_task=,name=lu_gemmprofile,elapsed_seconds=0.506397,predicted_seconds=0.000000,time_percent_error=100.000000,nthreads=2,end_time=228181.315259,avg_power_W=117.100000,max_power_W=118.000000,avg_time_s=0.506397,released_listeners=1,
start_task=,name=lu_gemmprofile,tick=93,start_time=228181.315297,nthreads=2,
message=tick stats,tick=93,estimated_current_power=0.000000,
end_task=,name=lu_gemmprofile,elapsed_seconds=0.505465,predicted_seconds=0.000000,time_percent_error=100.000000,nthreads=2,end_time=228181.821415,avg_power_W=116.500000,max_power_W=118.000000,avg_time_s=0.505465,released_listeners=1,
start_task=,name=lu_gemmprofile,tick=94,start_time=228181.821453,nthreads=2,
message=tick stats,tick=94,estimated_current_power=0.000000,
end_task=,name=lu_gemmprofile,elapsed_seconds=0.506066,predicted_seconds=0.000000,time_percent_error=100.000000,nthreads=2,end_time=228182.328033,avg_power_W=116.100000,max_power_W=119.000000,avg_time_s=0.506066,released_listeners=1,
start_task=,name=lu_gemmprofile,tick=95,start_time=228182.328071,nthreads=2,
message=tick stats,tick=95,estimated_current_power=0.000000,
end_task=,name=lu_gemmprofile,elapsed_seconds=0.985746,predicted_seconds=0.000000,time_percent_error=100.000000,nthreads=2,end_time=228183.314389,avg_power_W=116.700000,max_power_W=118.000000,avg_time_s=0.492873,released_listeners=1,
start_task=,name=lu_gemmprofile,tick=96,start_time=228183.314427,nthreads=2,
message=tick stats,tick=96,estimated_current_power=0.000000,
end_task=,name=lu_gemmprofile,elapsed_seconds=0.986255,predicted_seconds=0.000000,time_percent_error=100.000000,nthreads=2,end_time=228184.301262,avg_power_W=116.800000,max_power_W=119.000000,avg_time_s=0.493127,released_listeners=1,
start_task=,name=lu_gemmprofile,tick=97,start_time=228184.301300,nthreads=2,
message=tick stats,tick=97,estimated_current_power=0.000000,
end_task=,name=lu_gemmprofile,elapsed_seconds=0.986787,predicted_seconds=0.000000,time_percent_error=100.000000,nthreads=2,end_time=228185.299803,avg_power_W=116.750000,max_power_W=118.000000,avg_time_s=0.493393,released_listeners=1,
start_task=,name=lu_gemmprofile,tick=98,start_time=228185.299846,nthreads=2,
message=tick stats,tick=98,estimated_current_power=0.000000,
end_task=,name=lu_gemmprofile,elapsed_seconds=0.504208,predicted_seconds=0.000000,time_percent_error=100.000000,nthreads=2,end_time=228185.804752,avg_power_W=116.700000,max_power_W=118.000000,avg_time_s=0.504208,released_listeners=1,
start_task=,name=lu_gemmprofile,tick=99,start_time=228185.804790,nthreads=2,
message=tick stats,tick=99,estimated_current_power=0.000000,
end_task=,name=lu_gemmprofile,elapsed_seconds=0.504859,predicted_seconds=0.000000,time_percent_error=100.000000,nthreads=2,end_time=228186.310146,avg_power_W=116.400000,max_power_W=118.000000,avg_time_s=0.504859,released_listeners=1,
start_task=,name=lu_gemmprofile,tick=100,start_time=228186.310184,nthreads=2,
message=tick stats,tick=100,estimated_current_power=0.000000,
end_task=,name=lu_gemmprofile,elapsed_seconds=0.986562,predicted_seconds=0.000000,time_percent_error=100.000000,nthreads=2,end_time=228187.300183,avg_power_W=117.150000,max_power_W=119.000000,avg_time_s=0.493281,released_listeners=1,
start_task=,name=lu_gemmprofile,tick=101,start_time=228187.300226,nthreads=2,
message=tick stats,tick=101,estimated_current_power=0.000000,
end_task=,name=lu_gemmprofile,elapsed_seconds=0.504271,predicted_seconds=0.000000,time_percent_error=100.000000,nthreads=2,end_time=228187.805318,avg_power_W=116.400000,max_power_W=119.000000,avg_time_s=0.504271,released_listeners=1,
start_task=,name=lu_gemmprofile,tick=102,start_time=228187.805356,nthreads=2,
message=tick stats,tick=102,estimated_current_power=0.000000,
end_task=,name=lu_gemmprofile,elapsed_seconds=0.987020,predicted_seconds=0.000000,time_percent_error=100.000000,nthreads=2,end_time=228188.799529,avg_power_W=116.400000,max_power_W=118.000000,avg_time_s=0.493510,released_listeners=1,
start_task=,name=lu_gemmprofile,tick=103,start_time=228188.799570,nthreads=2,
message=tick stats,tick=103,estimated_current_power=0.000000,
end_task=,name=lu_gemmprofile,elapsed_seconds=0.504427,predicted_seconds=0.000000,time_percent_error=100.000000,nthreads=2,end_time=228189.304565,avg_power_W=117.200000,max_power_W=118.000000,avg_time_s=0.504427,released_listeners=1,
start_task=,name=lu_gemmprofile,tick=104,start_time=228189.304603,nthreads=2,
message=tick stats,tick=104,estimated_current_power=0.000000,
end_task=,name=lu_gemmprofile,elapsed_seconds=0.985656,predicted_seconds=0.000000,time_percent_error=100.000000,nthreads=2,end_time=228190.299928,avg_power_W=116.550000,max_power_W=118.000000,avg_time_s=0.492828,released_listeners=1,
start_task=,name=lu_gemmprofile,tick=105,start_time=228190.299975,nthreads=2,
message=tick stats,tick=105,estimated_current_power=0.000000,
end_task=,name=lu_gemmprofile,elapsed_seconds=0.985445,predicted_seconds=0.000000,time_percent_error=100.000000,nthreads=2,end_time=228191.299462,avg_power_W=117.050000,max_power_W=119.000000,avg_time_s=0.492723,released_listeners=1,
start_task=,name=lu_gemmprofile,tick=106,start_time=228191.299503,nthreads=2,
message=tick stats,tick=106,estimated_current_power=0.000000,
end_task=,name=lu_gemmprofile,elapsed_seconds=0.985176,predicted_seconds=0.000000,time_percent_error=100.000000,nthreads=2,end_time=228192.299960,avg_power_W=117.000000,max_power_W=118.000000,avg_time_s=0.492588,released_listeners=1,
start_task=,name=lu_gemm,tick=107,start_time=228192.300001,nthreads=2,
message=tick stats,tick=107,estimated_current_power=15.481818,
end_task=,name=lu_gemm,elapsed_seconds=0.478516,predicted_seconds=0.504473,time_percent_error=5.424499,nthreads=2,end_time=228192.779258,avg_power_W=116.777778,max_power_W=118.000000,avg_time_s=0.478516,released_listeners=1,
start_task=,name=lu_gemm,tick=108,start_time=228192.779296,nthreads=2,
message=tick stats,tick=108,estimated_current_power=15.481818,
end_task=,name=lu_gemm,elapsed_seconds=0.481616,predicted_seconds=0.504473,time_percent_error=4.745758,nthreads=2,end_time=228193.261544,avg_power_W=117.100000,max_power_W=119.000000,avg_time_s=0.481616,released_listeners=1,
start_task=,name=lu_gemm,tick=109,start_time=228193.261581,nthreads=2,
message=tick stats,tick=109,estimated_current_power=15.481818,
end_task=,name=lu_gemm,elapsed_seconds=0.480087,predicted_seconds=0.504473,time_percent_error=5.079549,nthreads=2,end_time=228193.750124,avg_power_W=116.600000,max_power_W=118.000000,avg_time_s=0.480087,released_listeners=1,
start_task=,name=lu_gemm,tick=110,start_time=228193.750172,nthreads=2,
message=tick stats,tick=110,estimated_current_power=15.481818,
end_task=,name=lu_gemm,elapsed_seconds=0.479869,predicted_seconds=0.504473,time_percent_error=5.127245,nthreads=2,end_time=228194.230703,avg_power_W=116.666667,max_power_W=118.000000,avg_time_s=0.479869,released_listeners=0,
start_task=,name=lu_gemm,tick=111,start_time=228194.230740,nthreads=2,
message=tick stats,tick=111,estimated_current_power=15.481818,
end_task=,name=lu_gemm,elapsed_seconds=0.480946,predicted_seconds=0.504473,time_percent_error=4.891886,nthreads=2,end_time=228194.712367,avg_power_W=117.000000,max_power_W=118.000000,avg_time_s=0.480946,released_listeners=1,
start_task=,name=lu_gemm,tick=112,start_time=228194.712404,nthreads=2,
message=tick stats,tick=112,estimated_current_power=15.481818,
end_task=,name=lu_gemm,elapsed_seconds=0.480458,predicted_seconds=0.504473,time_percent_error=4.998355,nthreads=2,end_time=228195.199375,avg_power_W=115.900000,max_power_W=118.000000,avg_time_s=0.480458,released_listeners=0,
start_task=,name=lu_gemm,tick=113,start_time=228195.199423,nthreads=2,
message=tick stats,tick=113,estimated_current_power=15.481818,
end_task=,name=lu_gemm,elapsed_seconds=0.479549,predicted_seconds=0.504473,time_percent_error=5.197268,nthreads=2,end_time=228195.679605,avg_power_W=115.777778,max_power_W=118.000000,avg_time_s=0.479549,released_listeners=1,
start_task=,name=lu_gemm,tick=114,start_time=228195.679647,nthreads=2,
message=tick stats,tick=114,estimated_current_power=15.481818,
end_task=,name=lu_gemm,elapsed_seconds=0.481156,predicted_seconds=0.504473,time_percent_error=4.845908,nthreads=2,end_time=228196.161480,avg_power_W=115.700000,max_power_W=116.000000,avg_time_s=0.481156,released_listeners=0,
start_task=,name=lu_gemm,tick=115,start_time=228196.161517,nthreads=2,
message=tick stats,tick=115,estimated_current_power=15.481818,
end_task=,name=lu_gemm,elapsed_seconds=0.480048,predicted_seconds=0.504473,time_percent_error=5.087901,nthreads=2,end_time=228196.649106,avg_power_W=116.700000,max_power_W=117.000000,avg_time_s=0.480048,released_listeners=0,
start_task=,name=lu_gemm,tick=116,start_time=228196.649155,nthreads=2,
message=tick stats,tick=116,estimated_current_power=15.481818,
end_task=,name=lu_gemm,elapsed_seconds=0.479514,predicted_seconds=0.504473,time_percent_error=5.205114,nthreads=2,end_time=228197.129330,avg_power_W=117.111111,max_power_W=118.000000,avg_time_s=0.479514,released_listeners=1,
start_task=,name=lu_gemm,tick=117,start_time=228197.129367,nthreads=2,
message=tick stats,tick=117,estimated_current_power=15.481818,
end_task=,name=lu_gemm,elapsed_seconds=0.481236,predicted_seconds=0.504473,time_percent_error=4.828479,nthreads=2,end_time=228197.611287,avg_power_W=117.200000,max_power_W=118.000000,avg_time_s=0.481236,released_listeners=0,
start_task=,name=lu_gemm,tick=118,start_time=228197.611324,nthreads=2,
message=tick stats,tick=118,estimated_current_power=15.481818,
end_task=,name=lu_gemm,elapsed_seconds=0.481433,predicted_seconds=0.504473,time_percent_error=4.785644,nthreads=2,end_time=228198.099448,avg_power_W=115.900000,max_power_W=117.000000,avg_time_s=0.481433,released_listeners=0,
start_task=,name=lu_gemm,tick=119,start_time=228198.099488,nthreads=2,
message=tick stats,tick=119,estimated_current_power=15.481818,
end_task=,name=lu_gemm,elapsed_seconds=0.479970,predicted_seconds=0.504473,time_percent_error=5.105127,nthreads=2,end_time=228198.580050,avg_power_W=116.444444,max_power_W=118.000000,avg_time_s=0.479970,released_listeners=1,
start_task=,name=lu_gemm,tick=120,start_time=228198.580088,nthreads=2,
message=tick stats,tick=120,estimated_current_power=15.481818,
end_task=,name=lu_gemm,elapsed_seconds=0.480957,predicted_seconds=0.504473,time_percent_error=4.889347,nthreads=2,end_time=228199.061724,avg_power_W=116.300000,max_power_W=117.000000,avg_time_s=0.480957,released_listeners=0,
start_task=,name=lu_gemm,tick=121,start_time=228199.061760,nthreads=2,
message=tick stats,tick=121,estimated_current_power=15.481818,
end_task=,name=lu_gemm,elapsed_seconds=0.481345,predicted_seconds=0.504473,time_percent_error=4.804932,nthreads=2,end_time=228199.549408,avg_power_W=116.600000,max_power_W=118.000000,avg_time_s=0.481345,released_listeners=0,
start_task=,name=lu_gemm,tick=122,start_time=228199.549448,nthreads=2,
message=tick stats,tick=122,estimated_current_power=15.481818,
end_task=,name=lu_gemm,elapsed_seconds=0.479665,predicted_seconds=0.504473,time_percent_error=5.171987,nthreads=2,end_time=228200.029724,avg_power_W=117.111111,max_power_W=120.000000,avg_time_s=0.479665,released_listeners=0,
start_task=,name=getrfprofile,tick=123,start_time=228200.029760,nthreads=2,
message=tick stats,tick=123,estimated_current_power=0.000000,
end_task=,name=getrfprofile,elapsed_seconds=0.994289,predicted_seconds=0.000000,time_percent_error=100.000000,nthreads=2,end_time=228201.024685,avg_power_W=117.200000,max_power_W=118.000000,avg_time_s=0.497145,released_listeners=1,
start_task=,name=getrf,tick=124,start_time=228201.024730,nthreads=2,
message=tick stats,tick=124,estimated_current_power=15.433333,
end_task=,name=getrf,elapsed_seconds=0.495071,predicted_seconds=0.511179,time_percent_error=3.253622,nthreads=2,end_time=228201.520365,avg_power_W=116.700000,max_power_W=118.000000,avg_time_s=0.495071,released_listeners=6,
start_task=,name=trsm_leftprofile,tick=125,start_time=228201.520403,nthreads=2,
message=tick stats,tick=125,estimated_current_power=0.000000,
end_task=,name=trsm_leftprofile,elapsed_seconds=0.591678,predicted_seconds=0.000000,time_percent_error=100.000000,nthreads=2,end_time=228202.112739,avg_power_W=116.583333,max_power_W=117.000000,avg_time_s=0.295839,released_listeners=1,
start_task=,name=trsm_rightprofile,tick=126,start_time=228202.112779,nthreads=2,
message=tick stats,tick=126,estimated_current_power=0.000000,
end_task=,name=trsm_rightprofile,elapsed_seconds=0.555672,predicted_seconds=0.000000,time_percent_error=100.000000,nthreads=2,end_time=228202.669021,avg_power_W=117.363636,max_power_W=118.000000,avg_time_s=0.277836,released_listeners=1,
start_task=,name=trsm_leftprofile,tick=127,start_time=228202.669060,nthreads=2,
message=tick stats,tick=127,estimated_current_power=0.000000,
end_task=,name=trsm_leftprofile,elapsed_seconds=0.591704,predicted_seconds=0.000000,time_percent_error=100.000000,nthreads=2,end_time=228203.261275,avg_power_W=115.916667,max_power_W=118.000000,avg_time_s=0.295852,released_listeners=1,
start_task=,name=trsm_rightprofile,tick=128,start_time=228203.261314,nthreads=2,
message=tick stats,tick=128,estimated_current_power=0.000000,
end_task=,name=trsm_rightprofile,elapsed_seconds=0.555575,predicted_seconds=0.000000,time_percent_error=100.000000,nthreads=2,end_time=228203.817511,avg_power_W=117.272727,max_power_W=119.000000,avg_time_s=0.277788,released_listeners=1,
start_task=,name=trsm_leftprofile,tick=129,start_time=228203.817551,nthreads=2,
message=tick stats,tick=129,estimated_current_power=0.000000,
end_task=,name=trsm_leftprofile,elapsed_seconds=0.590925,predicted_seconds=0.000000,time_percent_error=100.000000,nthreads=2,end_time=228204.408998,avg_power_W=117.333333,max_power_W=119.000000,avg_time_s=0.295463,released_listeners=1,
start_task=,name=trsm_rightprofile,tick=130,start_time=228204.409037,nthreads=2,
message=tick stats,tick=130,estimated_current_power=0.000000,
end_task=,name=trsm_rightprofile,elapsed_seconds=0.554994,predicted_seconds=0.000000,time_percent_error=100.000000,nthreads=2,end_time=228204.964691,avg_power_W=116.909091,max_power_W=119.000000,avg_time_s=0.277497,released_listeners=1,
start_task=,name=trsm_left,tick=131,start_time=228204.964730,nthreads=2,
message=tick stats,tick=131,estimated_current_power=15.300000,
end_task=,name=trsm_left,elapsed_seconds=0.249999,predicted_seconds=0.296172,time_percent_error=18.469302,nthreads=2,end_time=228205.215360,avg_power_W=117.400000,max_power_W=119.000000,avg_time_s=0.249999,released_listeners=3,
start_task=,name=trsm_right,tick=132,start_time=228205.215400,nthreads=2,
message=tick stats,tick=132,estimated_current_power=14.233333,
end_task=,name=trsm_right,elapsed_seconds=0.233238,predicted_seconds=0.278595,time_percent_error=19.446958,nthreads=2,end_time=228205.449469,avg_power_W=116.800000,max_power_W=117.000000,avg_time_s=0.233238,released_listeners=3,
start_task=,name=trsm_left,tick=133,start_time=228205.449513,nthreads=2,
message=tick stats,tick=133,estimated_current_power=15.300000,
end_task=,name=trsm_left,elapsed_seconds=0.249995,predicted_seconds=0.296172,time_percent_error=18.470934,nthreads=2,end_time=228205.700215,avg_power_W=117.800000,max_power_W=119.000000,avg_time_s=0.249995,released_listeners=3,
start_task=,name=trsm_right,tick=134,start_time=228205.700320,nthreads=2,
message=tick stats,tick=134,estimated_current_power=14.233333,
end_task=,name=trsm_right,elapsed_seconds=0.233471,predicted_seconds=0.278595,time_percent_error=19.327515,nthreads=2,end_time=228205.934573,avg_power_W=117.000000,max_power_W=119.000000,avg_time_s=0.233471,released_listeners=3,
start_task=,name=trsm_left,tick=135,start_time=228205.934620,nthreads=2,
message=tick stats,tick=135,estimated_current_power=15.300000,
end_task=,name=trsm_left,elapsed_seconds=0.249772,predicted_seconds=0.296172,time_percent_error=18.576883,nthreads=2,end_time=228206.200119,avg_power_W=117.500000,max_power_W=119.000000,avg_time_s=0.249772,released_listeners=3,
start_task=,name=trsm_right,tick=136,start_time=228206.200178,nthreads=2,
message=tick stats,tick=136,estimated_current_power=14.233333,
end_task=,name=trsm_right,elapsed_seconds=0.263573,predicted_seconds=0.278595,time_percent_error=5.699369,nthreads=2,end_time=228206.464457,avg_power_W=116.200000,max_power_W=117.000000,avg_time_s=0.263573,released_listeners=3,
start_task=,name=lu_gemmprofile,tick=137,start_time=228206.464497,nthreads=2,
message=tick stats,tick=137,estimated_current_power=0.000000,
end_task=,name=lu_gemmprofile,elapsed_seconds=0.507662,predicted_seconds=0.000000,time_percent_error=100.000000,nthreads=2,end_time=228206.972837,avg_power_W=116.300000,max_power_W=120.000000,avg_time_s=0.507662,released_listeners=1,
start_task=,name=lu_gemmprofile,tick=138,start_time=228206.972875,nthreads=2,
message=tick stats,tick=138,estimated_current_power=0.000000,
end_task=,name=lu_gemmprofile,elapsed_seconds=0.507961,predicted_seconds=0.000000,time_percent_error=100.000000,nthreads=2,end_time=228207.481386,avg_power_W=115.700000,max_power_W=118.000000,avg_time_s=0.507961,released_listeners=1,
start_task=,name=lu_gemmprofile,tick=139,start_time=228207.481424,nthreads=2,
message=tick stats,tick=139,estimated_current_power=0.000000,
end_task=,name=lu_gemmprofile,elapsed_seconds=0.508478,predicted_seconds=0.000000,time_percent_error=100.000000,nthreads=2,end_time=228207.999363,avg_power_W=116.454545,max_power_W=118.000000,avg_time_s=0.508478,released_listeners=1,
start_task=,name=lu_gemmprofile,tick=140,start_time=228207.999404,nthreads=2,
message=tick stats,tick=140,estimated_current_power=0.000000,
end_task=,name=lu_gemmprofile,elapsed_seconds=0.509576,predicted_seconds=0.000000,time_percent_error=100.000000,nthreads=2,end_time=228208.509537,avg_power_W=116.800000,max_power_W=118.000000,avg_time_s=0.509576,released_listeners=1,
start_task=,name=lu_gemmprofile,tick=141,start_time=228208.509575,nthreads=2,
message=tick stats,tick=141,estimated_current_power=0.000000,
end_task=,name=lu_gemmprofile,elapsed_seconds=0.507260,predicted_seconds=0.000000,time_percent_error=100.000000,nthreads=2,end_time=228209.017419,avg_power_W=116.700000,max_power_W=117.000000,avg_time_s=0.507260,released_listeners=1,
start_task=,name=lu_gemmprofile,tick=142,start_time=228209.017457,nthreads=2,
message=tick stats,tick=142,estimated_current_power=0.000000,
end_task=,name=lu_gemmprofile,elapsed_seconds=0.507204,predicted_seconds=0.000000,time_percent_error=100.000000,nthreads=2,end_time=228209.525137,avg_power_W=116.400000,max_power_W=117.000000,avg_time_s=0.507204,released_listeners=1,
start_task=,name=lu_gemmprofile,tick=143,start_time=228209.525174,nthreads=2,
message=tick stats,tick=143,estimated_current_power=0.000000,
end_task=,name=lu_gemmprofile,elapsed_seconds=0.508496,predicted_seconds=0.000000,time_percent_error=100.000000,nthreads=2,end_time=228210.034325,avg_power_W=116.100000,max_power_W=117.000000,avg_time_s=0.508496,released_listeners=1,
start_task=,name=lu_gemmprofile,tick=144,start_time=228210.034363,nthreads=2,
message=tick stats,tick=144,estimated_current_power=0.000000,
end_task=,name=lu_gemmprofile,elapsed_seconds=0.507661,predicted_seconds=0.000000,time_percent_error=100.000000,nthreads=2,end_time=228210.549164,avg_power_W=116.363636,max_power_W=118.000000,avg_time_s=0.507661,released_listeners=1,
start_task=,name=lu_gemmprofile,tick=145,start_time=228210.549214,nthreads=2,
message=tick stats,tick=145,estimated_current_power=0.000000,
end_task=,name=lu_gemmprofile,elapsed_seconds=0.506315,predicted_seconds=0.000000,time_percent_error=100.000000,nthreads=2,end_time=228211.056262,avg_power_W=116.900000,max_power_W=118.000000,avg_time_s=0.506315,released_listeners=1,
start_task=,name=lu_gemm,tick=146,start_time=228211.056310,nthreads=2,
message=tick stats,tick=146,estimated_current_power=15.481818,
end_task=,name=lu_gemm,elapsed_seconds=0.483651,predicted_seconds=0.504473,time_percent_error=4.305117,nthreads=2,end_time=228211.549465,avg_power_W=116.900000,max_power_W=118.000000,avg_time_s=0.483651,released_listeners=1,
start_task=,name=lu_gemm,tick=147,start_time=228211.549509,nthreads=2,
message=tick stats,tick=147,estimated_current_power=15.481818,
end_task=,name=lu_gemm,elapsed_seconds=0.481295,predicted_seconds=0.504473,time_percent_error=4.815755,nthreads=2,end_time=228212.032052,avg_power_W=116.555556,max_power_W=117.000000,avg_time_s=0.481295,released_listeners=1,
start_task=,name=lu_gemm,tick=148,start_time=228212.032093,nthreads=2,
message=tick stats,tick=148,estimated_current_power=15.481818,
end_task=,name=lu_gemm,elapsed_seconds=0.482999,predicted_seconds=0.504473,time_percent_error=4.445866,nthreads=2,end_time=228212.515703,avg_power_W=116.000000,max_power_W=117.000000,avg_time_s=0.482999,released_listeners=1,
start_task=,name=lu_gemm,tick=149,start_time=228212.515740,nthreads=2,
message=tick stats,tick=149,estimated_current_power=15.481818,
end_task=,name=lu_gemm,elapsed_seconds=0.482845,predicted_seconds=0.504473,time_percent_error=4.479215,nthreads=2,end_time=228212.999473,avg_power_W=116.400000,max_power_W=117.000000,avg_time_s=0.482845,released_listeners=0,
start_task=,name=lu_gemm,tick=150,start_time=228212.999509,nthreads=2,
message=tick stats,tick=150,estimated_current_power=15.481818,
end_task=,name=lu_gemm,elapsed_seconds=0.482469,predicted_seconds=0.504473,time_percent_error=4.560637,nthreads=2,end_time=228213.482486,avg_power_W=117.000000,max_power_W=118.000000,avg_time_s=0.482469,released_listeners=1,
start_task=,name=lu_gemm,tick=151,start_time=228213.482523,nthreads=2,
message=tick stats,tick=151,estimated_current_power=15.481818,
end_task=,name=lu_gemm,elapsed_seconds=0.482871,predicted_seconds=0.504473,time_percent_error=4.473660,nthreads=2,end_time=228213.966642,avg_power_W=116.600000,max_power_W=119.000000,avg_time_s=0.482871,released_listeners=0,
start_task=,name=lu_gemm,tick=152,start_time=228213.966679,nthreads=2,
message=tick stats,tick=152,estimated_current_power=15.481818,
end_task=,name=lu_gemm,elapsed_seconds=0.483345,predicted_seconds=0.504473,time_percent_error=4.371263,nthreads=2,end_time=228214.450581,avg_power_W=116.500000,max_power_W=118.000000,avg_time_s=0.483345,released_listeners=1,
start_task=,name=lu_gemm,tick=153,start_time=228214.450619,nthreads=2,
message=tick stats,tick=153,estimated_current_power=15.481818,
end_task=,name=lu_gemm,elapsed_seconds=0.481654,predicted_seconds=0.504473,time_percent_error=4.737519,nthreads=2,end_time=228214.932995,avg_power_W=116.888889,max_power_W=118.000000,avg_time_s=0.481654,released_listeners=0,
start_task=,name=lu_gemm,tick=154,start_time=228214.933032,nthreads=2,
message=tick stats,tick=154,estimated_current_power=15.481818,
end_task=,name=lu_gemm,elapsed_seconds=0.482590,predicted_seconds=0.504473,time_percent_error=4.534529,nthreads=2,end_time=228215.416096,avg_power_W=116.100000,max_power_W=120.000000,avg_time_s=0.482590,released_listeners=0,
start_task=,name=getrfprofile,tick=155,start_time=228215.416138,nthreads=2,
message=tick stats,tick=155,estimated_current_power=0.000000,
end_task=,name=getrfprofile,elapsed_seconds=0.959845,predicted_seconds=0.000000,time_percent_error=100.000000,nthreads=2,end_time=228216.376642,avg_power_W=117.052632,max_power_W=119.000000,avg_time_s=0.479922,released_listeners=1,
start_task=,name=getrf,tick=156,start_time=228216.376680,nthreads=2,
message=tick stats,tick=156,estimated_current_power=15.433333,
end_task=,name=getrf,elapsed_seconds=0.475228,predicted_seconds=0.511179,time_percent_error=7.564940,nthreads=2,end_time=228216.853184,avg_power_W=116.900000,max_power_W=118.000000,avg_time_s=0.475228,released_listeners=4,
start_task=,name=trsm_leftprofile,tick=157,start_time=228216.853232,nthreads=2,
message=tick stats,tick=157,estimated_current_power=0.000000,
end_task=,name=trsm_leftprofile,elapsed_seconds=0.593286,predicted_seconds=0.000000,time_percent_error=100.000000,nthreads=2,end_time=228217.449428,avg_power_W=116.833333,max_power_W=118.000000,avg_time_s=0.296643,released_listeners=1,
start_task=,name=trsm_rightprofile,tick=158,start_time=228217.449472,nthreads=2,
message=tick stats,tick=158,estimated_current_power=0.000000,
end_task=,name=trsm_rightprofile,elapsed_seconds=0.553823,predicted_seconds=0.000000,time_percent_error=100.000000,nthreads=2,end_time=228218.004425,avg_power_W=117.090909,max_power_W=119.000000,avg_time_s=0.276912,released_listeners=1,
start_task=,name=trsm_leftprofile,tick=159,start_time=228218.004464,nthreads=2,
message=tick stats,tick=159,estimated_current_power=0.000000,
end_task=,name=trsm_leftprofile,elapsed_seconds=0.591591,predicted_seconds=0.000000,time_percent_error=100.000000,nthreads=2,end_time=228218.599630,avg_power_W=116.833333,max_power_W=120.000000,avg_time_s=0.295795,released_listeners=1,
start_task=,name=trsm_rightprofile,tick=160,start_time=228218.599671,nthreads=2,
message=tick stats,tick=160,estimated_current_power=0.000000,
end_task=,name=trsm_rightprofile,elapsed_seconds=0.554773,predicted_seconds=0.000000,time_percent_error=100.000000,nthreads=2,end_time=228219.155643,avg_power_W=117.454545,max_power_W=118.000000,avg_time_s=0.277386,released_listeners=1,
start_task=,name=trsm_left,tick=161,start_time=228219.155681,nthreads=2,
message=tick stats,tick=161,estimated_current_power=15.300000,
end_task=,name=trsm_left,elapsed_seconds=0.250750,predicted_seconds=0.296172,time_percent_error=18.114322,nthreads=2,end_time=228219.407088,avg_power_W=117.600000,max_power_W=119.000000,avg_time_s=0.250750,released_listeners=2,
start_task=,name=trsm_right,tick=162,start_time=228219.407131,nthreads=2,
message=tick stats,tick=162,estimated_current_power=14.233333,
end_task=,name=trsm_right,elapsed_seconds=0.233009,predicted_seconds=0.278595,time_percent_error=19.564192,nthreads=2,end_time=228219.649275,avg_power_W=119.000000,max_power_W=121.000000,avg_time_s=0.233009,released_listeners=2,
start_task=,name=trsm_left,tick=163,start_time=228219.649317,nthreads=2,
message=tick stats,tick=163,estimated_current_power=15.300000,
end_task=,name=trsm_left,elapsed_seconds=0.250050,predicted_seconds=0.296172,time_percent_error=18.444983,nthreads=2,end_time=228219.900596,avg_power_W=117.600000,max_power_W=119.000000,avg_time_s=0.250050,released_listeners=2,
start_task=,name=trsm_right,tick=164,start_time=228219.900635,nthreads=2,
message=tick stats,tick=164,estimated_current_power=14.233333,
end_task=,name=trsm_right,elapsed_seconds=0.233311,predicted_seconds=0.278595,time_percent_error=19.409362,nthreads=2,end_time=228220.134629,avg_power_W=117.000000,max_power_W=117.000000,avg_time_s=0.233311,released_listeners=2,
start_task=,name=lu_gemmprofile,tick=165,start_time=228220.134667,nthreads=2,
message=tick stats,tick=165,estimated_current_power=0.000000,
end_task=,name=lu_gemmprofile,elapsed_seconds=0.506268,predicted_seconds=0.000000,time_percent_error=100.000000,nthreads=2,end_time=228220.649697,avg_power_W=115.909091,max_power_W=118.000000,avg_time_s=0.506268,released_listeners=1,
start_task=,name=lu_gemmprofile,tick=166,start_time=228220.649738,nthreads=2,
message=tick stats,tick=166,estimated_current_power=0.000000,
end_task=,name=lu_gemmprofile,elapsed_seconds=0.505432,predicted_seconds=0.000000,time_percent_error=100.000000,nthreads=2,end_time=228221.155828,avg_power_W=117.100000,max_power_W=118.000000,avg_time_s=0.505432,released_listeners=1,
start_task=,name=lu_gemmprofile,tick=167,start_time=228221.155866,nthreads=2,
message=tick stats,tick=167,estimated_current_power=0.000000,
end_task=,name=lu_gemmprofile,elapsed_seconds=0.505974,predicted_seconds=0.000000,time_percent_error=100.000000,nthreads=2,end_time=228221.662405,avg_power_W=117.500000,max_power_W=119.000000,avg_time_s=0.505974,released_listeners=1,
start_task=,name=lu_gemmprofile,tick=168,start_time=228221.662442,nthreads=2,
message=tick stats,tick=168,estimated_current_power=0.000000,
end_task=,name=lu_gemmprofile,elapsed_seconds=0.505954,predicted_seconds=0.000000,time_percent_error=100.000000,nthreads=2,end_time=228222.169055,avg_power_W=117.700000,max_power_W=118.000000,avg_time_s=0.505954,released_listeners=1,
start_task=,name=lu_gemm,tick=169,start_time=228222.169093,nthreads=2,
message=tick stats,tick=169,estimated_current_power=15.481818,
end_task=,name=lu_gemm,elapsed_seconds=0.482147,predicted_seconds=0.504473,time_percent_error=4.630542,nthreads=2,end_time=228222.651783,avg_power_W=116.400000,max_power_W=118.000000,avg_time_s=0.482147,released_listeners=1,
start_task=,name=lu_gemm,tick=170,start_time=228222.651822,nthreads=2,
message=tick stats,tick=170,estimated_current_power=15.481818,
end_task=,name=lu_gemm,elapsed_seconds=0.482382,predicted_seconds=0.504473,time_percent_error=4.579449,nthreads=2,end_time=228223.149286,avg_power_W=116.800000,max_power_W=118.000000,avg_time_s=0.482382,released_listeners=1,
start_task=,name=lu_gemm,tick=171,start_time=228223.149327,nthreads=2,
message=tick stats,tick=171,estimated_current_power=15.481818,
end_task=,name=lu_gemm,elapsed_seconds=0.480942,predicted_seconds=0.504473,time_percent_error=4.892545,nthreads=2,end_time=228223.630845,avg_power_W=116.444444,max_power_W=118.000000,avg_time_s=0.480942,released_listeners=1,
start_task=,name=lu_gemm,tick=172,start_time=228223.630882,nthreads=2,
message=tick stats,tick=172,estimated_current_power=15.481818,
end_task=,name=lu_gemm,elapsed_seconds=0.482176,predicted_seconds=0.504473,time_percent_error=4.624282,nthreads=2,end_time=228224.113720,avg_power_W=116.000000,max_power_W=117.000000,avg_time_s=0.482176,released_listeners=0,
start_task=,name=getrfprofile,tick=173,start_time=228224.113757,nthreads=2,
message=tick stats,tick=173,estimated_current_power=0.000000,
end_task=,name=getrfprofile,elapsed_seconds=0.967332,predicted_seconds=0.000000,time_percent_error=100.000000,nthreads=2,end_time=228225.081745,avg_power_W=117.052632,max_power_W=118.000000,avg_time_s=0.483666,released_listeners=1,
start_task=,name=getrf,tick=174,start_time=228225.081783,nthreads=2,
message=tick stats,tick=174,estimated_current_power=15.433333,
end_task=,name=getrf,elapsed_seconds=0.480043,predicted_seconds=0.511179,time_percent_error=6.486075,nthreads=2,end_time=228225.562371,avg_power_W=115.500000,max_power_W=117.000000,avg_time_s=0.480043,released_listeners=2,
start_task=,name=trsm_leftprofile,tick=175,start_time=228225.562409,nthreads=2,
message=tick stats,tick=175,estimated_current_power=0.000000,
end_task=,name=trsm_leftprofile,elapsed_seconds=0.593817,predicted_seconds=0.000000,time_percent_error=100.000000,nthreads=2,end_time=228226.156858,avg_power_W=117.666667,max_power_W=120.000000,avg_time_s=0.296909,released_listeners=1,
start_task=,name=trsm_rightprofile,tick=176,start_time=228226.156896,nthreads=2,
message=tick stats,tick=176,estimated_current_power=0.000000,
end_task=,name=trsm_rightprofile,elapsed_seconds=0.555994,predicted_seconds=0.000000,time_percent_error=100.000000,nthreads=2,end_time=228226.713418,avg_power_W=116.363636,max_power_W=118.000000,avg_time_s=0.277997,released_listeners=1,
start_task=,name=trsm_left,tick=177,start_time=228226.713456,nthreads=2,
message=tick stats,tick=177,estimated_current_power=15.300000,
end_task=,name=trsm_left,elapsed_seconds=0.249573,predicted_seconds=0.296172,time_percent_error=18.671493,nthreads=2,end_time=228226.963621,avg_power_W=117.000000,max_power_W=118.000000,avg_time_s=0.249573,released_listeners=1,
start_task=,name=trsm_right,tick=178,start_time=228226.963659,nthreads=2,
message=tick stats,tick=178,estimated_current_power=14.233333,
end_task=,name=trsm_right,elapsed_seconds=0.233669,predicted_seconds=0.278595,time_percent_error=19.226642,nthreads=2,end_time=228227.200651,avg_power_W=116.800000,max_power_W=118.000000,avg_time_s=0.233669,released_listeners=1,
start_task=,name=lu_gemmprofile,tick=179,start_time=228227.200693,nthreads=2,
message=tick stats,tick=179,estimated_current_power=0.000000,
end_task=,name=lu_gemmprofile,elapsed_seconds=0.505929,predicted_seconds=0.000000,time_percent_error=100.000000,nthreads=2,end_time=228227.707156,avg_power_W=115.500000,max_power_W=117.000000,avg_time_s=0.505929,released_listeners=1,
start_task=,name=lu_gemm,tick=180,start_time=228227.707202,nthreads=2,
message=tick stats,tick=180,estimated_current_power=15.481818,
end_task=,name=lu_gemm,elapsed_seconds=0.481981,predicted_seconds=0.504473,time_percent_error=4.666533,nthreads=2,end_time=228228.199594,avg_power_W=116.500000,max_power_W=118.000000,avg_time_s=0.481981,released_listeners=1,
start_task=,name=getrfprofile,tick=181,start_time=228228.199635,nthreads=2,
message=tick stats,tick=181,estimated_current_power=0.000000,
end_task=,name=getrfprofile,elapsed_seconds=0.989421,predicted_seconds=0.000000,time_percent_error=100.000000,nthreads=2,end_time=228229.199674,avg_power_W=117.200000,max_power_W=118.000000,avg_time_s=0.494710,released_listeners=1,
start_task=,name=getrf,tick=182,start_time=228229.199715,nthreads=2,
message=tick stats,tick=182,estimated_current_power=15.433333,
end_task=,name=getrf,elapsed_seconds=0.491036,predicted_seconds=0.511179,time_percent_error=4.102127,nthreads=2,end_time=228229.699630,avg_power_W=116.800000,max_power_W=117.000000,avg_time_s=0.491036,released_listeners=0,
est_max_power=15.481818,
average_power_W=116.800000,
max_power_W=117.000000,
time_s=91.814682,
message=ALL DONE,
