message=cataloging configuration,max_threads=40,power_limit=inf,
start_task=,name=getrfprofile,tick=1,start_time=168472.622604,nthreads=40,
message=tick stats,tick=1,estimated_current_power=0.000000,
end_task=,name=getrfprofile,elapsed_seconds=0.808949,predicted_seconds=0.000000,time_percent_error=100.000000,nthreads=40,end_time=168473.440620,avg_power_W=126.750000,max_power_W=136.000000,avg_time_s=0.808949,released_listeners=1,
start_task=,name=getrf,tick=2,start_time=168473.440678,nthreads=40,
message=tick stats,tick=2,estimated_current_power=58.433333,
end_task=,name=getrf,elapsed_seconds=0.356451,predicted_seconds=0.278050,time_percent_error=21.994864,nthreads=40,end_time=168473.798282,avg_power_W=135.142857,max_power_W=137.000000,avg_time_s=0.356451,released_listeners=10,
start_task=,name=trsm_leftprofile,tick=3,start_time=168473.798334,nthreads=40,
message=tick stats,tick=3,estimated_current_power=0.000000,
end_task=,name=trsm_leftprofile,elapsed_seconds=0.531801,predicted_seconds=0.000000,time_percent_error=100.000000,nthreads=40,end_time=168474.340716,avg_power_W=148.818182,max_power_W=155.000000,avg_time_s=0.035453,released_listeners=1,
start_task=,name=trsm_rightprofile,tick=4,start_time=168474.340768,nthreads=40,
message=tick stats,tick=4,estimated_current_power=0.000000,
end_task=,name=trsm_rightprofile,elapsed_seconds=0.506770,predicted_seconds=0.000000,time_percent_error=100.000000,nthreads=40,end_time=168474.848277,avg_power_W=150.300000,max_power_W=153.000000,avg_time_s=0.038982,released_listeners=1,
start_task=,name=trsm_leftprofile,tick=5,start_time=168474.848326,nthreads=40,
message=tick stats,tick=5,estimated_current_power=0.000000,
end_task=,name=trsm_leftprofile,elapsed_seconds=0.519937,predicted_seconds=0.000000,time_percent_error=100.000000,nthreads=40,end_time=168475.368956,avg_power_W=152.700000,max_power_W=155.000000,avg_time_s=0.034662,released_listeners=1,
start_task=,name=trsm_rightprofile,tick=6,start_time=168475.369006,nthreads=40,
message=tick stats,tick=6,estimated_current_power=0.000000,
end_task=,name=trsm_rightprofile,elapsed_seconds=0.540600,predicted_seconds=0.000000,time_percent_error=100.000000,nthreads=40,end_time=168475.910206,avg_power_W=152.545455,max_power_W=155.000000,avg_time_s=0.038614,released_listeners=1,
start_task=,name=trsm_leftprofile,tick=7,start_time=168475.910256,nthreads=40,
message=tick stats,tick=7,estimated_current_power=0.000000,
end_task=,name=trsm_leftprofile,elapsed_seconds=0.532454,predicted_seconds=0.000000,time_percent_error=100.000000,nthreads=40,end_time=168476.443371,avg_power_W=153.454545,max_power_W=156.000000,avg_time_s=0.035497,released_listeners=1,
start_task=,name=trsm_rightprofile,tick=8,start_time=168476.443420,nthreads=40,
message=tick stats,tick=8,estimated_current_power=0.000000,
end_task=,name=trsm_rightprofile,elapsed_seconds=0.536447,predicted_seconds=0.000000,time_percent_error=100.000000,nthreads=40,end_time=168476.990512,avg_power_W=152.363636,max_power_W=156.000000,avg_time_s=0.038318,released_listeners=1,
start_task=,name=trsm_leftprofile,tick=9,start_time=168476.990566,nthreads=40,
message=tick stats,tick=9,estimated_current_power=0.000000,
end_task=,name=trsm_leftprofile,elapsed_seconds=0.526352,predicted_seconds=0.000000,time_percent_error=100.000000,nthreads=40,end_time=168477.517731,avg_power_W=152.300000,max_power_W=156.000000,avg_time_s=0.035090,released_listeners=1,
start_task=,name=trsm_rightprofile,tick=10,start_time=168477.517781,nthreads=40,
message=tick stats,tick=10,estimated_current_power=0.000000,
end_task=,name=trsm_rightprofile,elapsed_seconds=0.539991,predicted_seconds=0.000000,time_percent_error=100.000000,nthreads=40,end_time=168478.059305,avg_power_W=153.272727,max_power_W=156.000000,avg_time_s=0.038571,released_listeners=1,
start_task=,name=trsm_leftprofile,tick=11,start_time=168478.059357,nthreads=40,
message=tick stats,tick=11,estimated_current_power=0.000000,
end_task=,name=trsm_leftprofile,elapsed_seconds=0.526247,predicted_seconds=0.000000,time_percent_error=100.000000,nthreads=40,end_time=168478.590355,avg_power_W=154.454545,max_power_W=157.000000,avg_time_s=0.035083,released_listeners=1,
start_task=,name=trsm_rightprofile,tick=12,start_time=168478.590423,nthreads=40,
message=tick stats,tick=12,estimated_current_power=0.000000,
end_task=,name=trsm_rightprofile,elapsed_seconds=0.538748,predicted_seconds=0.000000,time_percent_error=100.000000,nthreads=40,end_time=168479.141115,avg_power_W=152.727273,max_power_W=155.000000,avg_time_s=0.038482,released_listeners=1,
start_task=,name=trsm_left,tick=13,start_time=168479.141182,nthreads=40,
message=tick stats,tick=13,estimated_current_power=71.500000,
end_task=,name=trsm_left,elapsed_seconds=0.043102,predicted_seconds=0.025572,time_percent_error=40.670380,nthreads=40,end_time=168479.190702,avg_power_W=150.000000,max_power_W=150.000000,avg_time_s=0.043102,released_listeners=5,
start_task=,name=trsm_right,tick=14,start_time=168479.190761,nthreads=40,
message=tick stats,tick=14,estimated_current_power=70.433333,
end_task=,name=trsm_right,elapsed_seconds=0.043414,predicted_seconds=0.028300,time_percent_error=34.814222,nthreads=40,end_time=168479.240592,avg_power_W=141.000000,max_power_W=141.000000,avg_time_s=0.043414,released_listeners=5,
start_task=,name=trsm_left,tick=15,start_time=168479.240646,nthreads=40,
message=tick stats,tick=15,estimated_current_power=71.500000,
end_task=,name=trsm_left,elapsed_seconds=0.043517,predicted_seconds=0.025572,time_percent_error=41.235814,nthreads=40,end_time=168479.290688,avg_power_W=142.000000,max_power_W=142.000000,avg_time_s=0.043517,released_listeners=5,
start_task=,name=trsm_right,tick=16,start_time=168479.290743,nthreads=40,
message=tick stats,tick=16,estimated_current_power=70.433333,
end_task=,name=trsm_right,elapsed_seconds=0.046513,predicted_seconds=0.028300,time_percent_error=39.157031,nthreads=40,end_time=168479.340964,avg_power_W=144.000000,max_power_W=144.000000,avg_time_s=0.046513,released_listeners=5,
start_task=,name=trsm_left,tick=17,start_time=168479.341019,nthreads=40,
message=tick stats,tick=17,estimated_current_power=71.500000,
end_task=,name=trsm_left,elapsed_seconds=0.043083,predicted_seconds=0.025572,time_percent_error=40.643887,nthreads=40,end_time=168479.390487,avg_power_W=141.000000,max_power_W=141.000000,avg_time_s=0.043083,released_listeners=5,
start_task=,name=trsm_right,tick=18,start_time=168479.390542,nthreads=40,
message=tick stats,tick=18,estimated_current_power=70.433333,
end_task=,name=trsm_right,elapsed_seconds=0.046152,predicted_seconds=0.028300,time_percent_error=38.681845,nthreads=40,end_time=168479.441322,avg_power_W=143.000000,max_power_W=143.000000,avg_time_s=0.046152,released_listeners=5,
start_task=,name=trsm_left,tick=19,start_time=168479.441373,nthreads=40,
message=tick stats,tick=19,estimated_current_power=71.500000,
end_task=,name=trsm_left,elapsed_seconds=0.046306,predicted_seconds=0.025572,time_percent_error=44.776012,nthreads=40,end_time=168479.490188,avg_power_W=145.000000,max_power_W=145.000000,avg_time_s=0.046306,released_listeners=5,
start_task=,name=trsm_right,tick=20,start_time=168479.490299,nthreads=40,
message=tick stats,tick=20,estimated_current_power=70.433333,
end_task=,name=trsm_right,elapsed_seconds=0.044526,predicted_seconds=0.028300,time_percent_error=36.442119,nthreads=40,end_time=168479.540738,avg_power_W=141.000000,max_power_W=141.000000,avg_time_s=0.044526,released_listeners=5,
start_task=,name=trsm_left,tick=21,start_time=168479.540794,nthreads=40,
message=tick stats,tick=21,estimated_current_power=71.500000,
end_task=,name=trsm_left,elapsed_seconds=0.042559,predicted_seconds=0.025572,time_percent_error=39.913588,nthreads=40,end_time=168479.590305,avg_power_W=148.000000,max_power_W=148.000000,avg_time_s=0.042559,released_listeners=5,
start_task=,name=trsm_right,tick=22,start_time=168479.590356,nthreads=40,
message=tick stats,tick=22,estimated_current_power=70.433333,
end_task=,name=trsm_right,elapsed_seconds=0.047855,predicted_seconds=0.028300,time_percent_error=40.863077,nthreads=40,end_time=168479.640860,avg_power_W=141.000000,max_power_W=141.000000,avg_time_s=0.047855,released_listeners=5,
start_task=,name=lu_gemmprofile,tick=23,start_time=168479.640926,nthreads=40,
message=tick stats,tick=23,estimated_current_power=0.000000,
end_task=,name=lu_gemmprofile,elapsed_seconds=0.531092,predicted_seconds=0.000000,time_percent_error=100.000000,nthreads=40,end_time=168480.191284,avg_power_W=149.363636,max_power_W=157.000000,avg_time_s=0.066387,released_listeners=1,
start_task=,name=lu_gemmprofile,tick=24,start_time=168480.191337,nthreads=40,
message=tick stats,tick=24,estimated_current_power=0.000000,
end_task=,name=lu_gemmprofile,elapsed_seconds=0.542381,predicted_seconds=0.000000,time_percent_error=100.000000,nthreads=40,end_time=168480.740486,avg_power_W=149.545455,max_power_W=155.000000,avg_time_s=0.067798,released_listeners=1,
start_task=,name=lu_gemmprofile,tick=25,start_time=168480.740540,nthreads=40,
message=tick stats,tick=25,estimated_current_power=0.000000,
end_task=,name=lu_gemmprofile,elapsed_seconds=0.522565,predicted_seconds=0.000000,time_percent_error=100.000000,nthreads=40,end_time=168481.263920,avg_power_W=150.000000,max_power_W=157.000000,avg_time_s=0.065321,released_listeners=1,
start_task=,name=lu_gemmprofile,tick=26,start_time=168481.263970,nthreads=40,
message=tick stats,tick=26,estimated_current_power=0.000000,
end_task=,name=lu_gemmprofile,elapsed_seconds=0.543502,predicted_seconds=0.000000,time_percent_error=100.000000,nthreads=40,end_time=168481.808101,avg_power_W=150.909091,max_power_W=155.000000,avg_time_s=0.067938,released_listeners=1,
start_task=,name=lu_gemmprofile,tick=27,start_time=168481.808156,nthreads=40,
message=tick stats,tick=27,estimated_current_power=0.000000,
end_task=,name=lu_gemmprofile,elapsed_seconds=0.529611,predicted_seconds=0.000000,time_percent_error=100.000000,nthreads=40,end_time=168482.340521,avg_power_W=150.818182,max_power_W=157.000000,avg_time_s=0.066201,released_listeners=1,
start_task=,name=lu_gemmprofile,tick=28,start_time=168482.340575,nthreads=40,
message=tick stats,tick=28,estimated_current_power=0.000000,
end_task=,name=lu_gemmprofile,elapsed_seconds=0.526627,predicted_seconds=0.000000,time_percent_error=100.000000,nthreads=40,end_time=168482.868169,avg_power_W=150.700000,max_power_W=157.000000,avg_time_s=0.065828,released_listeners=1,
start_task=,name=lu_gemmprofile,tick=29,start_time=168482.868243,nthreads=40,
message=tick stats,tick=29,estimated_current_power=0.000000,
end_task=,name=lu_gemmprofile,elapsed_seconds=0.536942,predicted_seconds=0.000000,time_percent_error=100.000000,nthreads=40,end_time=168483.406696,avg_power_W=151.000000,max_power_W=156.000000,avg_time_s=0.067118,released_listeners=1,
start_task=,name=lu_gemmprofile,tick=30,start_time=168483.406755,nthreads=40,
message=tick stats,tick=30,estimated_current_power=0.000000,
end_task=,name=lu_gemmprofile,elapsed_seconds=0.517516,predicted_seconds=0.000000,time_percent_error=100.000000,nthreads=40,end_time=168483.940482,avg_power_W=150.727273,max_power_W=157.000000,avg_time_s=0.064689,released_listeners=1,
start_task=,name=lu_gemmprofile,tick=31,start_time=168483.940536,nthreads=40,
message=tick stats,tick=31,estimated_current_power=0.000000,
end_task=,name=lu_gemmprofile,elapsed_seconds=0.539760,predicted_seconds=0.000000,time_percent_error=100.000000,nthreads=40,end_time=168484.490599,avg_power_W=150.727273,max_power_W=157.000000,avg_time_s=0.067470,released_listeners=1,
start_task=,name=lu_gemmprofile,tick=32,start_time=168484.490652,nthreads=40,
message=tick stats,tick=32,estimated_current_power=0.000000,
end_task=,name=lu_gemmprofile,elapsed_seconds=0.537216,predicted_seconds=0.000000,time_percent_error=100.000000,nthreads=40,end_time=168485.040606,avg_power_W=150.636364,max_power_W=158.000000,avg_time_s=0.067152,released_listeners=1,
start_task=,name=lu_gemmprofile,tick=33,start_time=168485.040660,nthreads=40,
message=tick stats,tick=33,estimated_current_power=0.000000,
end_task=,name=lu_gemmprofile,elapsed_seconds=0.549557,predicted_seconds=0.000000,time_percent_error=100.000000,nthreads=40,end_time=168485.591061,avg_power_W=150.454545,max_power_W=156.000000,avg_time_s=0.068695,released_listeners=1,
start_task=,name=lu_gemmprofile,tick=34,start_time=168485.591119,nthreads=40,
message=tick stats,tick=34,estimated_current_power=0.000000,
end_task=,name=lu_gemmprofile,elapsed_seconds=0.538088,predicted_seconds=0.000000,time_percent_error=100.000000,nthreads=40,end_time=168486.140804,avg_power_W=149.454545,max_power_W=157.000000,avg_time_s=0.067261,released_listeners=1,
start_task=,name=lu_gemmprofile,tick=35,start_time=168486.140858,nthreads=40,
message=tick stats,tick=35,estimated_current_power=0.000000,
end_task=,name=lu_gemmprofile,elapsed_seconds=0.532469,predicted_seconds=0.000000,time_percent_error=100.000000,nthreads=40,end_time=168486.690434,avg_power_W=150.272727,max_power_W=157.000000,avg_time_s=0.066559,released_listeners=1,
start_task=,name=lu_gemmprofile,tick=36,start_time=168486.690488,nthreads=40,
message=tick stats,tick=36,estimated_current_power=0.000000,
end_task=,name=lu_gemmprofile,elapsed_seconds=0.541038,predicted_seconds=0.000000,time_percent_error=100.000000,nthreads=40,end_time=168487.240511,avg_power_W=150.727273,max_power_W=157.000000,avg_time_s=0.067630,released_listeners=1,
start_task=,name=lu_gemmprofile,tick=37,start_time=168487.240565,nthreads=40,
message=tick stats,tick=37,estimated_current_power=0.000000,
end_task=,name=lu_gemmprofile,elapsed_seconds=0.516969,predicted_seconds=0.000000,time_percent_error=100.000000,nthreads=40,end_time=168487.758306,avg_power_W=151.300000,max_power_W=158.000000,avg_time_s=0.064621,released_listeners=1,
start_task=,name=lu_gemmprofile,tick=38,start_time=168487.758356,nthreads=40,
message=tick stats,tick=38,estimated_current_power=0.000000,
end_task=,name=lu_gemmprofile,elapsed_seconds=0.546826,predicted_seconds=0.000000,time_percent_error=100.000000,nthreads=40,end_time=168488.306715,avg_power_W=149.909091,max_power_W=157.000000,avg_time_s=0.068353,released_listeners=1,
start_task=,name=lu_gemmprofile,tick=39,start_time=168488.306766,nthreads=40,
message=tick stats,tick=39,estimated_current_power=0.000000,
end_task=,name=lu_gemmprofile,elapsed_seconds=0.524316,predicted_seconds=0.000000,time_percent_error=100.000000,nthreads=40,end_time=168488.840301,avg_power_W=150.000000,max_power_W=157.000000,avg_time_s=0.065539,released_listeners=1,
start_task=,name=lu_gemmprofile,tick=40,start_time=168488.840356,nthreads=40,
message=tick stats,tick=40,estimated_current_power=0.000000,
end_task=,name=lu_gemmprofile,elapsed_seconds=0.543646,predicted_seconds=0.000000,time_percent_error=100.000000,nthreads=40,end_time=168489.391320,avg_power_W=151.545455,max_power_W=158.000000,avg_time_s=0.067956,released_listeners=1,
start_task=,name=lu_gemmprofile,tick=41,start_time=168489.391370,nthreads=40,
message=tick stats,tick=41,estimated_current_power=0.000000,
end_task=,name=lu_gemmprofile,elapsed_seconds=0.546116,predicted_seconds=0.000000,time_percent_error=100.000000,nthreads=40,end_time=168489.941234,avg_power_W=151.272727,max_power_W=156.000000,avg_time_s=0.068264,released_listeners=1,
start_task=,name=lu_gemmprofile,tick=42,start_time=168489.941290,nthreads=40,
message=tick stats,tick=42,estimated_current_power=0.000000,
end_task=,name=lu_gemmprofile,elapsed_seconds=0.532841,predicted_seconds=0.000000,time_percent_error=100.000000,nthreads=40,end_time=168490.490883,avg_power_W=150.181818,max_power_W=157.000000,avg_time_s=0.066605,released_listeners=1,
start_task=,name=lu_gemmprofile,tick=43,start_time=168490.490938,nthreads=40,
message=tick stats,tick=43,estimated_current_power=0.000000,
end_task=,name=lu_gemmprofile,elapsed_seconds=0.542647,predicted_seconds=0.000000,time_percent_error=100.000000,nthreads=40,end_time=168491.040694,avg_power_W=150.818182,max_power_W=157.000000,avg_time_s=0.067831,released_listeners=1,
start_task=,name=lu_gemmprofile,tick=44,start_time=168491.040748,nthreads=40,
message=tick stats,tick=44,estimated_current_power=0.000000,
end_task=,name=lu_gemmprofile,elapsed_seconds=0.521763,predicted_seconds=0.000000,time_percent_error=100.000000,nthreads=40,end_time=168491.563335,avg_power_W=151.500000,max_power_W=158.000000,avg_time_s=0.065220,released_listeners=1,
start_task=,name=lu_gemmprofile,tick=45,start_time=168491.563392,nthreads=40,
message=tick stats,tick=45,estimated_current_power=0.000000,
end_task=,name=lu_gemmprofile,elapsed_seconds=0.538222,predicted_seconds=0.000000,time_percent_error=100.000000,nthreads=40,end_time=168492.102284,avg_power_W=150.636364,max_power_W=157.000000,avg_time_s=0.067278,released_listeners=1,
start_task=,name=lu_gemmprofile,tick=46,start_time=168492.102335,nthreads=40,
message=tick stats,tick=46,estimated_current_power=0.000000,
end_task=,name=lu_gemmprofile,elapsed_seconds=0.521549,predicted_seconds=0.000000,time_percent_error=100.000000,nthreads=40,end_time=168492.640786,avg_power_W=151.000000,max_power_W=157.000000,avg_time_s=0.065194,released_listeners=1,
start_task=,name=lu_gemmprofile,tick=47,start_time=168492.640840,nthreads=40,
message=tick stats,tick=47,estimated_current_power=0.000000,
end_task=,name=lu_gemmprofile,elapsed_seconds=0.548698,predicted_seconds=0.000000,time_percent_error=100.000000,nthreads=40,end_time=168493.190399,avg_power_W=150.272727,max_power_W=158.000000,avg_time_s=0.068587,released_listeners=1,
start_task=,name=lu_gemm,tick=48,start_time=168493.190453,nthreads=40,
message=tick stats,tick=48,estimated_current_power=71.227273,
end_task=,name=lu_gemm,elapsed_seconds=0.109162,predicted_seconds=0.046303,time_percent_error=57.582967,nthreads=40,end_time=168493.300335,avg_power_W=147.500000,max_power_W=155.000000,avg_time_s=0.109162,released_listeners=1,
start_task=,name=lu_gemm,tick=49,start_time=168493.300386,nthreads=40,
message=tick stats,tick=49,estimated_current_power=71.227273,
end_task=,name=lu_gemm,elapsed_seconds=0.107558,predicted_seconds=0.046303,time_percent_error=56.950689,nthreads=40,end_time=168493.408762,avg_power_W=150.500000,max_power_W=151.000000,avg_time_s=0.107558,released_listeners=0,
start_task=,name=lu_gemm,tick=50,start_time=168493.408812,nthreads=40,
message=tick stats,tick=50,estimated_current_power=71.227273,
end_task=,name=lu_gemm,elapsed_seconds=0.105969,predicted_seconds=0.046303,time_percent_error=56.304853,nthreads=40,end_time=168493.515597,avg_power_W=145.000000,max_power_W=154.000000,avg_time_s=0.105969,released_listeners=1,
start_task=,name=lu_gemm,tick=51,start_time=168493.515648,nthreads=40,
message=tick stats,tick=51,estimated_current_power=71.227273,
end_task=,name=lu_gemm,elapsed_seconds=0.103868,predicted_seconds=0.046303,time_percent_error=55.421084,nthreads=40,end_time=168493.620349,avg_power_W=142.000000,max_power_W=154.000000,avg_time_s=0.103868,released_listeners=0,
start_task=,name=lu_gemm,tick=52,start_time=168493.620399,nthreads=40,
message=tick stats,tick=52,estimated_current_power=71.227273,
end_task=,name=lu_gemm,elapsed_seconds=0.098768,predicted_seconds=0.046303,time_percent_error=53.119103,nthreads=40,end_time=168493.719968,avg_power_W=143.000000,max_power_W=151.000000,avg_time_s=0.098768,released_listeners=0,
start_task=,name=lu_gemm,tick=53,start_time=168493.720018,nthreads=40,
message=tick stats,tick=53,estimated_current_power=71.227273,
end_task=,name=lu_gemm,elapsed_seconds=0.101038,predicted_seconds=0.046303,time_percent_error=54.172481,nthreads=40,end_time=168493.821876,avg_power_W=142.500000,max_power_W=151.000000,avg_time_s=0.101038,released_listeners=0,
start_task=,name=lu_gemm,tick=54,start_time=168493.821926,nthreads=40,
message=tick stats,tick=54,estimated_current_power=71.227273,
end_task=,name=lu_gemm,elapsed_seconds=0.097625,predicted_seconds=0.046303,time_percent_error=52.570238,nthreads=40,end_time=168493.920336,avg_power_W=140.500000,max_power_W=150.000000,avg_time_s=0.097625,released_listeners=1,
start_task=,name=lu_gemm,tick=55,start_time=168493.920395,nthreads=40,
message=tick stats,tick=55,estimated_current_power=71.227273,
end_task=,name=lu_gemm,elapsed_seconds=0.097338,predicted_seconds=0.046303,time_percent_error=52.430371,nthreads=40,end_time=168494.018647,avg_power_W=143.000000,max_power_W=152.000000,avg_time_s=0.097338,released_listeners=1,
start_task=,name=lu_gemm,tick=56,start_time=168494.018698,nthreads=40,
message=tick stats,tick=56,estimated_current_power=71.227273,
end_task=,name=lu_gemm,elapsed_seconds=0.095212,predicted_seconds=0.046303,time_percent_error=51.368434,nthreads=40,end_time=168494.114690,avg_power_W=143.500000,max_power_W=152.000000,avg_time_s=0.095212,released_listeners=1,
start_task=,name=lu_gemm,tick=57,start_time=168494.114741,nthreads=40,
message=tick stats,tick=57,estimated_current_power=71.227273,
end_task=,name=lu_gemm,elapsed_seconds=0.098138,predicted_seconds=0.046303,time_percent_error=52.818237,nthreads=40,end_time=168494.213654,avg_power_W=144.000000,max_power_W=152.000000,avg_time_s=0.098138,released_listeners=1,
start_task=,name=lu_gemm,tick=58,start_time=168494.213704,nthreads=40,
message=tick stats,tick=58,estimated_current_power=71.227273,
end_task=,name=lu_gemm,elapsed_seconds=0.095853,predicted_seconds=0.046303,time_percent_error=51.693345,nthreads=40,end_time=168494.310644,avg_power_W=142.000000,max_power_W=150.000000,avg_time_s=0.095853,released_listeners=0,
start_task=,name=lu_gemm,tick=59,start_time=168494.310694,nthreads=40,
message=tick stats,tick=59,estimated_current_power=71.227273,
end_task=,name=lu_gemm,elapsed_seconds=0.099729,predicted_seconds=0.046303,time_percent_error=53.571044,nthreads=40,end_time=168494.411999,avg_power_W=143.000000,max_power_W=151.000000,avg_time_s=0.099729,released_listeners=0,
start_task=,name=lu_gemm,tick=60,start_time=168494.412049,nthreads=40,
message=tick stats,tick=60,estimated_current_power=71.227273,
end_task=,name=lu_gemm,elapsed_seconds=0.101659,predicted_seconds=0.046303,time_percent_error=54.452516,nthreads=40,end_time=168494.514543,avg_power_W=143.500000,max_power_W=152.000000,avg_time_s=0.101659,released_listeners=1,
start_task=,name=lu_gemm,tick=61,start_time=168494.514594,nthreads=40,
message=tick stats,tick=61,estimated_current_power=71.227273,
end_task=,name=lu_gemm,elapsed_seconds=0.098441,predicted_seconds=0.046303,time_percent_error=52.963408,nthreads=40,end_time=168494.613885,avg_power_W=145.500000,max_power_W=150.000000,avg_time_s=0.098441,released_listeners=0,
start_task=,name=lu_gemm,tick=62,start_time=168494.613935,nthreads=40,
message=tick stats,tick=62,estimated_current_power=71.227273,
end_task=,name=lu_gemm,elapsed_seconds=0.098573,predicted_seconds=0.046303,time_percent_error=53.026326,nthreads=40,end_time=168494.713297,avg_power_W=145.000000,max_power_W=153.000000,avg_time_s=0.098573,released_listeners=0,
start_task=,name=lu_gemm,tick=63,start_time=168494.713347,nthreads=40,
message=tick stats,tick=63,estimated_current_power=71.227273,
end_task=,name=lu_gemm,elapsed_seconds=0.098315,predicted_seconds=0.046303,time_percent_error=52.903454,nthreads=40,end_time=168494.812492,avg_power_W=145.000000,max_power_W=153.000000,avg_time_s=0.098315,released_listeners=0,
start_task=,name=lu_gemm,tick=64,start_time=168494.812542,nthreads=40,
message=tick stats,tick=64,estimated_current_power=71.227273,
end_task=,name=lu_gemm,elapsed_seconds=0.099371,predicted_seconds=0.046303,time_percent_error=53.403900,nthreads=40,end_time=168494.912997,avg_power_W=143.500000,max_power_W=151.000000,avg_time_s=0.099371,released_listeners=1,
start_task=,name=lu_gemm,tick=65,start_time=168494.913048,nthreads=40,
message=tick stats,tick=65,estimated_current_power=71.227273,
end_task=,name=lu_gemm,elapsed_seconds=0.098141,predicted_seconds=0.046303,time_percent_error=52.819889,nthreads=40,end_time=168495.011919,avg_power_W=146.000000,max_power_W=153.000000,avg_time_s=0.098141,released_listeners=0,
start_task=,name=lu_gemm,tick=66,start_time=168495.011969,nthreads=40,
message=tick stats,tick=66,estimated_current_power=71.227273,
end_task=,name=lu_gemm,elapsed_seconds=0.097832,predicted_seconds=0.046303,time_percent_error=52.670665,nthreads=40,end_time=168495.110565,avg_power_W=145.000000,max_power_W=154.000000,avg_time_s=0.097832,released_listeners=0,
start_task=,name=lu_gemm,tick=67,start_time=168495.110615,nthreads=40,
message=tick stats,tick=67,estimated_current_power=71.227273,
end_task=,name=lu_gemm,elapsed_seconds=0.097790,predicted_seconds=0.046303,time_percent_error=52.650463,nthreads=40,end_time=168495.209157,avg_power_W=144.500000,max_power_W=153.000000,avg_time_s=0.097790,released_listeners=0,
start_task=,name=lu_gemm,tick=68,start_time=168495.209235,nthreads=40,
message=tick stats,tick=68,estimated_current_power=71.227273,
end_task=,name=lu_gemm,elapsed_seconds=0.097006,predicted_seconds=0.046303,time_percent_error=52.267882,nthreads=40,end_time=168495.306988,avg_power_W=143.000000,max_power_W=152.000000,avg_time_s=0.097006,released_listeners=1,
start_task=,name=lu_gemm,tick=69,start_time=168495.307039,nthreads=40,
message=tick stats,tick=69,estimated_current_power=71.227273,
end_task=,name=lu_gemm,elapsed_seconds=0.101303,predicted_seconds=0.046303,time_percent_error=54.292186,nthreads=40,end_time=168495.409080,avg_power_W=141.500000,max_power_W=144.000000,avg_time_s=0.101303,released_listeners=0,
start_task=,name=lu_gemm,tick=70,start_time=168495.409135,nthreads=40,
message=tick stats,tick=70,estimated_current_power=71.227273,
end_task=,name=lu_gemm,elapsed_seconds=0.097131,predicted_seconds=0.046303,time_percent_error=52.329092,nthreads=40,end_time=168495.507045,avg_power_W=142.000000,max_power_W=150.000000,avg_time_s=0.097131,released_listeners=0,
start_task=,name=lu_gemm,tick=71,start_time=168495.507095,nthreads=40,
message=tick stats,tick=71,estimated_current_power=71.227273,
end_task=,name=lu_gemm,elapsed_seconds=0.098481,predicted_seconds=0.046303,time_percent_error=52.982633,nthreads=40,end_time=168495.606361,avg_power_W=140.000000,max_power_W=145.000000,avg_time_s=0.098481,released_listeners=0,
start_task=,name=lu_gemm,tick=72,start_time=168495.606411,nthreads=40,
message=tick stats,tick=72,estimated_current_power=71.227273,
end_task=,name=lu_gemm,elapsed_seconds=0.097346,predicted_seconds=0.046303,time_percent_error=52.434311,nthreads=40,end_time=168495.704572,avg_power_W=139.000000,max_power_W=144.000000,avg_time_s=0.097346,released_listeners=0,
start_task=,name=getrfprofile,tick=73,start_time=168495.704622,nthreads=40,
message=tick stats,tick=73,estimated_current_power=0.000000,
end_task=,name=getrfprofile,elapsed_seconds=0.627951,predicted_seconds=0.000000,time_percent_error=100.000000,nthreads=40,end_time=168496.340663,avg_power_W=139.076923,max_power_W=147.000000,avg_time_s=0.313975,released_listeners=1,
start_task=,name=getrf,tick=74,start_time=168496.340717,nthreads=40,
message=tick stats,tick=74,estimated_current_power=58.433333,
end_task=,name=getrf,elapsed_seconds=0.352655,predicted_seconds=0.278050,time_percent_error=21.155241,nthreads=40,end_time=168496.694701,avg_power_W=137.857143,max_power_W=139.000000,avg_time_s=0.352655,released_listeners=8,
start_task=,name=trsm_leftprofile,tick=75,start_time=168496.694754,nthreads=40,
message=tick stats,tick=75,estimated_current_power=0.000000,
end_task=,name=trsm_leftprofile,elapsed_seconds=0.529512,predicted_seconds=0.000000,time_percent_error=100.000000,nthreads=40,end_time=168497.240620,avg_power_W=152.181818,max_power_W=157.000000,avg_time_s=0.035301,released_listeners=1,
start_task=,name=trsm_rightprofile,tick=76,start_time=168497.240674,nthreads=40,
message=tick stats,tick=76,estimated_current_power=0.000000,
end_task=,name=trsm_rightprofile,elapsed_seconds=0.508920,predicted_seconds=0.000000,time_percent_error=100.000000,nthreads=40,end_time=168497.750404,avg_power_W=152.400000,max_power_W=156.000000,avg_time_s=0.039148,released_listeners=1,
start_task=,name=trsm_leftprofile,tick=77,start_time=168497.750455,nthreads=40,
message=tick stats,tick=77,estimated_current_power=0.000000,
end_task=,name=trsm_leftprofile,elapsed_seconds=0.533321,predicted_seconds=0.000000,time_percent_error=100.000000,nthreads=40,end_time=168498.291104,avg_power_W=154.727273,max_power_W=157.000000,avg_time_s=0.035555,released_listeners=1,
start_task=,name=trsm_rightprofile,tick=78,start_time=168498.291177,nthreads=40,
message=tick stats,tick=78,estimated_current_power=0.000000,
end_task=,name=trsm_rightprofile,elapsed_seconds=0.510492,predicted_seconds=0.000000,time_percent_error=100.000000,nthreads=40,end_time=168498.802622,avg_power_W=152.700000,max_power_W=155.000000,avg_time_s=0.039269,released_listeners=1,
start_task=,name=trsm_leftprofile,tick=79,start_time=168498.802680,nthreads=40,
message=tick stats,tick=79,estimated_current_power=0.000000,
end_task=,name=trsm_leftprofile,elapsed_seconds=0.526247,predicted_seconds=0.000000,time_percent_error=100.000000,nthreads=40,end_time=168499.340834,avg_power_W=153.727273,max_power_W=156.000000,avg_time_s=0.035083,released_listeners=1,
start_task=,name=trsm_rightprofile,tick=80,start_time=168499.340897,nthreads=40,
message=tick stats,tick=80,estimated_current_power=0.000000,
end_task=,name=trsm_rightprofile,elapsed_seconds=0.536433,predicted_seconds=0.000000,time_percent_error=100.000000,nthreads=40,end_time=168499.890923,avg_power_W=153.090909,max_power_W=156.000000,avg_time_s=0.038317,released_listeners=1,
start_task=,name=trsm_leftprofile,tick=81,start_time=168499.890978,nthreads=40,
message=tick stats,tick=81,estimated_current_power=0.000000,
end_task=,name=trsm_leftprofile,elapsed_seconds=0.520783,predicted_seconds=0.000000,time_percent_error=100.000000,nthreads=40,end_time=168500.412539,avg_power_W=154.200000,max_power_W=157.000000,avg_time_s=0.034719,released_listeners=1,
start_task=,name=trsm_rightprofile,tick=82,start_time=168500.412589,nthreads=40,
message=tick stats,tick=82,estimated_current_power=0.000000,
end_task=,name=trsm_rightprofile,elapsed_seconds=0.538983,predicted_seconds=0.000000,time_percent_error=100.000000,nthreads=40,end_time=168500.953175,avg_power_W=154.181818,max_power_W=157.000000,avg_time_s=0.038499,released_listeners=1,
start_task=,name=trsm_left,tick=83,start_time=168500.953261,nthreads=40,
message=tick stats,tick=83,estimated_current_power=71.500000,
end_task=,name=trsm_left,elapsed_seconds=0.044468,predicted_seconds=0.025572,time_percent_error=42.492550,nthreads=40,end_time=168500.999288,avg_power_W=154.000000,max_power_W=154.000000,avg_time_s=0.044468,released_listeners=4,
start_task=,name=trsm_right,tick=84,start_time=168500.999336,nthreads=40,
message=tick stats,tick=84,estimated_current_power=70.433333,
end_task=,name=trsm_right,elapsed_seconds=0.044974,predicted_seconds=0.028300,time_percent_error=37.075017,nthreads=40,end_time=168501.044902,avg_power_W=153.000000,max_power_W=153.000000,avg_time_s=0.044974,released_listeners=4,
start_task=,name=trsm_left,tick=85,start_time=168501.044955,nthreads=40,
message=tick stats,tick=85,estimated_current_power=71.500000,
end_task=,name=trsm_left,elapsed_seconds=0.043401,predicted_seconds=0.025572,time_percent_error=41.079210,nthreads=40,end_time=168501.090840,avg_power_W=147.000000,max_power_W=147.000000,avg_time_s=0.043401,released_listeners=4,
start_task=,name=trsm_right,tick=86,start_time=168501.090896,nthreads=40,
message=tick stats,tick=86,estimated_current_power=70.433333,
end_task=,name=trsm_right,elapsed_seconds=0.045871,predicted_seconds=0.028300,time_percent_error=38.305330,nthreads=40,end_time=168501.140633,avg_power_W=149.000000,max_power_W=149.000000,avg_time_s=0.045871,released_listeners=4,
start_task=,name=trsm_left,tick=87,start_time=168501.140689,nthreads=40,
message=tick stats,tick=87,estimated_current_power=71.500000,
end_task=,name=trsm_left,elapsed_seconds=0.043421,predicted_seconds=0.025572,time_percent_error=41.105612,nthreads=40,end_time=168501.190412,avg_power_W=143.000000,max_power_W=143.000000,avg_time_s=0.043421,released_listeners=4,
start_task=,name=trsm_right,tick=88,start_time=168501.190468,nthreads=40,
message=tick stats,tick=88,estimated_current_power=70.433333,
end_task=,name=trsm_right,elapsed_seconds=0.046320,predicted_seconds=0.028300,time_percent_error=38.904064,nthreads=40,end_time=168501.240666,avg_power_W=149.000000,max_power_W=149.000000,avg_time_s=0.046320,released_listeners=4,
start_task=,name=trsm_left,tick=89,start_time=168501.240722,nthreads=40,
message=tick stats,tick=89,estimated_current_power=71.500000,
end_task=,name=trsm_left,elapsed_seconds=0.043447,predicted_seconds=0.025572,time_percent_error=41.141990,nthreads=40,end_time=168501.290616,avg_power_W=141.000000,max_power_W=141.000000,avg_time_s=0.043447,released_listeners=4,
start_task=,name=trsm_right,tick=90,start_time=168501.290673,nthreads=40,
message=tick stats,tick=90,estimated_current_power=70.433333,
end_task=,name=trsm_right,elapsed_seconds=0.045601,predicted_seconds=0.028300,time_percent_error=37.940566,nthreads=40,end_time=168501.340566,avg_power_W=144.000000,max_power_W=144.000000,avg_time_s=0.045601,released_listeners=4,
start_task=,name=lu_gemmprofile,tick=91,start_time=168501.340621,nthreads=40,
message=tick stats,tick=91,estimated_current_power=0.000000,
end_task=,name=lu_gemmprofile,elapsed_seconds=0.538315,predicted_seconds=0.000000,time_percent_error=100.000000,nthreads=40,end_time=168501.890266,avg_power_W=149.909091,max_power_W=156.000000,avg_time_s=0.067289,released_listeners=1,
start_task=,name=lu_gemmprofile,tick=92,start_time=168501.890320,nthreads=40,
message=tick stats,tick=92,estimated_current_power=0.000000,
end_task=,name=lu_gemmprofile,elapsed_seconds=0.523345,predicted_seconds=0.000000,time_percent_error=100.000000,nthreads=40,end_time=168502.414622,avg_power_W=151.600000,max_power_W=157.000000,avg_time_s=0.065418,released_listeners=1,
start_task=,name=lu_gemmprofile,tick=93,start_time=168502.414673,nthreads=40,
message=tick stats,tick=93,estimated_current_power=0.000000,
end_task=,name=lu_gemmprofile,elapsed_seconds=0.542722,predicted_seconds=0.000000,time_percent_error=100.000000,nthreads=40,end_time=168502.959032,avg_power_W=150.545455,max_power_W=155.000000,avg_time_s=0.067840,released_listeners=1,
start_task=,name=lu_gemmprofile,tick=94,start_time=168502.959083,nthreads=40,
message=tick stats,tick=94,estimated_current_power=0.000000,
end_task=,name=lu_gemmprofile,elapsed_seconds=0.535415,predicted_seconds=0.000000,time_percent_error=100.000000,nthreads=40,end_time=168503.495149,avg_power_W=150.818182,max_power_W=157.000000,avg_time_s=0.066927,released_listeners=1,
start_task=,name=lu_gemmprofile,tick=95,start_time=168503.495200,nthreads=40,
message=tick stats,tick=95,estimated_current_power=0.000000,
end_task=,name=lu_gemmprofile,elapsed_seconds=0.536147,predicted_seconds=0.000000,time_percent_error=100.000000,nthreads=40,end_time=168504.040337,avg_power_W=151.636364,max_power_W=157.000000,avg_time_s=0.067018,released_listeners=1,
start_task=,name=lu_gemmprofile,tick=96,start_time=168504.040392,nthreads=40,
message=tick stats,tick=96,estimated_current_power=0.000000,
end_task=,name=lu_gemmprofile,elapsed_seconds=0.538266,predicted_seconds=0.000000,time_percent_error=100.000000,nthreads=40,end_time=168504.590724,avg_power_W=151.000000,max_power_W=157.000000,avg_time_s=0.067283,released_listeners=1,
start_task=,name=lu_gemmprofile,tick=97,start_time=168504.590788,nthreads=40,
message=tick stats,tick=97,estimated_current_power=0.000000,
end_task=,name=lu_gemmprofile,elapsed_seconds=0.517607,predicted_seconds=0.000000,time_percent_error=100.000000,nthreads=40,end_time=168505.109143,avg_power_W=151.400000,max_power_W=156.000000,avg_time_s=0.064701,released_listeners=1,
start_task=,name=lu_gemmprofile,tick=98,start_time=168505.109195,nthreads=40,
message=tick stats,tick=98,estimated_current_power=0.000000,
end_task=,name=lu_gemmprofile,elapsed_seconds=0.544098,predicted_seconds=0.000000,time_percent_error=100.000000,nthreads=40,end_time=168505.654006,avg_power_W=152.000000,max_power_W=158.000000,avg_time_s=0.068012,released_listeners=1,
start_task=,name=lu_gemmprofile,tick=99,start_time=168505.654056,nthreads=40,
message=tick stats,tick=99,estimated_current_power=0.000000,
end_task=,name=lu_gemmprofile,elapsed_seconds=0.533305,predicted_seconds=0.000000,time_percent_error=100.000000,nthreads=40,end_time=168506.190850,avg_power_W=150.909091,max_power_W=156.000000,avg_time_s=0.066663,released_listeners=1,
start_task=,name=lu_gemmprofile,tick=100,start_time=168506.190905,nthreads=40,
message=tick stats,tick=100,estimated_current_power=0.000000,
end_task=,name=lu_gemmprofile,elapsed_seconds=0.545979,predicted_seconds=0.000000,time_percent_error=100.000000,nthreads=40,end_time=168506.740923,avg_power_W=149.090909,max_power_W=156.000000,avg_time_s=0.068247,released_listeners=1,
start_task=,name=lu_gemmprofile,tick=101,start_time=168506.740984,nthreads=40,
message=tick stats,tick=101,estimated_current_power=0.000000,
end_task=,name=lu_gemmprofile,elapsed_seconds=0.539015,predicted_seconds=0.000000,time_percent_error=100.000000,nthreads=40,end_time=168507.290439,avg_power_W=149.727273,max_power_W=157.000000,avg_time_s=0.067377,released_listeners=1,
start_task=,name=lu_gemmprofile,tick=102,start_time=168507.290495,nthreads=40,
message=tick stats,tick=102,estimated_current_power=0.000000,
end_task=,name=lu_gemmprofile,elapsed_seconds=0.528554,predicted_seconds=0.000000,time_percent_error=100.000000,nthreads=40,end_time=168507.819747,avg_power_W=151.300000,max_power_W=157.000000,avg_time_s=0.066069,released_listeners=1,
start_task=,name=lu_gemmprofile,tick=103,start_time=168507.819799,nthreads=40,
message=tick stats,tick=103,estimated_current_power=0.000000,
end_task=,name=lu_gemmprofile,elapsed_seconds=0.543954,predicted_seconds=0.000000,time_percent_error=100.000000,nthreads=40,end_time=168508.364461,avg_power_W=151.363636,max_power_W=155.000000,avg_time_s=0.067994,released_listeners=1,
start_task=,name=lu_gemmprofile,tick=104,start_time=168508.364513,nthreads=40,
message=tick stats,tick=104,estimated_current_power=0.000000,
end_task=,name=lu_gemmprofile,elapsed_seconds=0.522083,predicted_seconds=0.000000,time_percent_error=100.000000,nthreads=40,end_time=168508.891389,avg_power_W=151.000000,max_power_W=157.000000,avg_time_s=0.065260,released_listeners=1,
start_task=,name=lu_gemmprofile,tick=105,start_time=168508.891444,nthreads=40,
message=tick stats,tick=105,estimated_current_power=0.000000,
end_task=,name=lu_gemmprofile,elapsed_seconds=0.539806,predicted_seconds=0.000000,time_percent_error=100.000000,nthreads=40,end_time=168509.440212,avg_power_W=150.545455,max_power_W=156.000000,avg_time_s=0.067476,released_listeners=1,
start_task=,name=lu_gemmprofile,tick=106,start_time=168509.440267,nthreads=40,
message=tick stats,tick=106,estimated_current_power=0.000000,
end_task=,name=lu_gemmprofile,elapsed_seconds=0.528628,predicted_seconds=0.000000,time_percent_error=100.000000,nthreads=40,end_time=168509.969627,avg_power_W=152.400000,max_power_W=158.000000,avg_time_s=0.066079,released_listeners=1,
start_task=,name=lu_gemm,tick=107,start_time=168509.969682,nthreads=40,
message=tick stats,tick=107,estimated_current_power=71.227273,
end_task=,name=lu_gemm,elapsed_seconds=0.109171,predicted_seconds=0.046303,time_percent_error=57.586535,nthreads=40,end_time=168510.090683,avg_power_W=143.666667,max_power_W=151.000000,avg_time_s=0.109171,released_listeners=1,
start_task=,name=lu_gemm,tick=108,start_time=168510.090739,nthreads=40,
message=tick stats,tick=108,estimated_current_power=71.227273,
end_task=,name=lu_gemm,elapsed_seconds=0.109482,predicted_seconds=0.046303,time_percent_error=57.706899,nthreads=40,end_time=168510.200903,avg_power_W=142.500000,max_power_W=154.000000,avg_time_s=0.109482,released_listeners=1,
start_task=,name=lu_gemm,tick=109,start_time=168510.200955,nthreads=40,
message=tick stats,tick=109,estimated_current_power=71.227273,
end_task=,name=lu_gemm,elapsed_seconds=0.107224,predicted_seconds=0.046303,time_percent_error=56.816446,nthreads=40,end_time=168510.308796,avg_power_W=144.000000,max_power_W=146.000000,avg_time_s=0.107224,released_listeners=1,
start_task=,name=lu_gemm,tick=110,start_time=168510.308849,nthreads=40,
message=tick stats,tick=110,estimated_current_power=71.227273,
end_task=,name=lu_gemm,elapsed_seconds=0.107009,predicted_seconds=0.046303,time_percent_error=56.729644,nthreads=40,end_time=168510.416483,avg_power_W=142.500000,max_power_W=152.000000,avg_time_s=0.107009,released_listeners=0,
start_task=,name=lu_gemm,tick=111,start_time=168510.416534,nthreads=40,
message=tick stats,tick=111,estimated_current_power=71.227273,
end_task=,name=lu_gemm,elapsed_seconds=0.103488,predicted_seconds=0.046303,time_percent_error=55.257237,nthreads=40,end_time=168510.520631,avg_power_W=144.500000,max_power_W=157.000000,avg_time_s=0.103488,released_listeners=1,
start_task=,name=lu_gemm,tick=112,start_time=168510.520692,nthreads=40,
message=tick stats,tick=112,estimated_current_power=71.227273,
end_task=,name=lu_gemm,elapsed_seconds=0.108058,predicted_seconds=0.046303,time_percent_error=57.149679,nthreads=40,end_time=168510.640046,avg_power_W=139.666667,max_power_W=154.000000,avg_time_s=0.108058,released_listeners=0,
start_task=,name=lu_gemm,tick=113,start_time=168510.640101,nthreads=40,
message=tick stats,tick=113,estimated_current_power=71.227273,
end_task=,name=lu_gemm,elapsed_seconds=0.098721,predicted_seconds=0.046303,time_percent_error=53.097112,nthreads=40,end_time=168510.740715,avg_power_W=144.000000,max_power_W=152.000000,avg_time_s=0.098721,released_listeners=1,
start_task=,name=lu_gemm,tick=114,start_time=168510.740771,nthreads=40,
message=tick stats,tick=114,estimated_current_power=71.227273,
end_task=,name=lu_gemm,elapsed_seconds=0.095590,predicted_seconds=0.046303,time_percent_error=51.560395,nthreads=40,end_time=168510.840661,avg_power_W=145.500000,max_power_W=155.000000,avg_time_s=0.095590,released_listeners=0,
start_task=,name=lu_gemm,tick=115,start_time=168510.840717,nthreads=40,
message=tick stats,tick=115,estimated_current_power=71.227273,
end_task=,name=lu_gemm,elapsed_seconds=0.096177,predicted_seconds=0.046303,time_percent_error=51.856421,nthreads=40,end_time=168510.940493,avg_power_W=143.500000,max_power_W=151.000000,avg_time_s=0.096177,released_listeners=0,
start_task=,name=lu_gemm,tick=116,start_time=168510.940549,nthreads=40,
message=tick stats,tick=116,estimated_current_power=71.227273,
end_task=,name=lu_gemm,elapsed_seconds=0.096600,predicted_seconds=0.046303,time_percent_error=52.067083,nthreads=40,end_time=168511.040626,avg_power_W=146.500000,max_power_W=154.000000,avg_time_s=0.096600,released_listeners=1,
start_task=,name=lu_gemm,tick=117,start_time=168511.040682,nthreads=40,
message=tick stats,tick=117,estimated_current_power=71.227273,
end_task=,name=lu_gemm,elapsed_seconds=0.097301,predicted_seconds=0.046303,time_percent_error=52.412510,nthreads=40,end_time=168511.140605,avg_power_W=149.000000,max_power_W=157.000000,avg_time_s=0.097301,released_listeners=0,
start_task=,name=lu_gemm,tick=118,start_time=168511.140660,nthreads=40,
message=tick stats,tick=118,estimated_current_power=71.227273,
end_task=,name=lu_gemm,elapsed_seconds=0.095751,predicted_seconds=0.046303,time_percent_error=51.641892,nthreads=40,end_time=168511.240552,avg_power_W=146.500000,max_power_W=154.000000,avg_time_s=0.095751,released_listeners=0,
start_task=,name=lu_gemm,tick=119,start_time=168511.240607,nthreads=40,
message=tick stats,tick=119,estimated_current_power=71.227273,
end_task=,name=lu_gemm,elapsed_seconds=0.097931,predicted_seconds=0.046303,time_percent_error=52.718461,nthreads=40,end_time=168511.340604,avg_power_W=146.500000,max_power_W=153.000000,avg_time_s=0.097931,released_listeners=1,
start_task=,name=lu_gemm,tick=120,start_time=168511.340659,nthreads=40,
message=tick stats,tick=120,estimated_current_power=71.227273,
end_task=,name=lu_gemm,elapsed_seconds=0.096804,predicted_seconds=0.046303,time_percent_error=52.168003,nthreads=40,end_time=168511.440304,avg_power_W=149.000000,max_power_W=156.000000,avg_time_s=0.096804,released_listeners=0,
start_task=,name=lu_gemm,tick=121,start_time=168511.440353,nthreads=40,
message=tick stats,tick=121,estimated_current_power=71.227273,
end_task=,name=lu_gemm,elapsed_seconds=0.096164,predicted_seconds=0.046303,time_percent_error=51.849836,nthreads=40,end_time=168511.540326,avg_power_W=147.500000,max_power_W=156.000000,avg_time_s=0.096164,released_listeners=0,
start_task=,name=lu_gemm,tick=122,start_time=168511.540376,nthreads=40,
message=tick stats,tick=122,estimated_current_power=71.227273,
end_task=,name=lu_gemm,elapsed_seconds=0.098109,predicted_seconds=0.046303,time_percent_error=52.804271,nthreads=40,end_time=168511.640581,avg_power_W=145.000000,max_power_W=155.000000,avg_time_s=0.098109,released_listeners=0,
start_task=,name=getrfprofile,tick=123,start_time=168511.640635,nthreads=40,
message=tick stats,tick=123,estimated_current_power=0.000000,
end_task=,name=getrfprofile,elapsed_seconds=0.660852,predicted_seconds=0.000000,time_percent_error=100.000000,nthreads=40,end_time=168512.302105,avg_power_W=139.384615,max_power_W=148.000000,avg_time_s=0.330426,released_listeners=1,
start_task=,name=getrf,tick=124,start_time=168512.302160,nthreads=40,
message=tick stats,tick=124,estimated_current_power=58.433333,
end_task=,name=getrf,elapsed_seconds=0.354156,predicted_seconds=0.278050,time_percent_error=21.489262,nthreads=40,end_time=168512.656994,avg_power_W=138.428571,max_power_W=139.000000,avg_time_s=0.354156,released_listeners=6,
start_task=,name=trsm_leftprofile,tick=125,start_time=168512.657046,nthreads=40,
message=tick stats,tick=125,estimated_current_power=0.000000,
end_task=,name=trsm_leftprofile,elapsed_seconds=0.511914,predicted_seconds=0.000000,time_percent_error=100.000000,nthreads=40,end_time=168513.169660,avg_power_W=152.500000,max_power_W=158.000000,avg_time_s=0.034128,released_listeners=1,
start_task=,name=trsm_rightprofile,tick=126,start_time=168513.169711,nthreads=40,
message=tick stats,tick=126,estimated_current_power=0.000000,
end_task=,name=trsm_rightprofile,elapsed_seconds=0.539565,predicted_seconds=0.000000,time_percent_error=100.000000,nthreads=40,end_time=168513.709916,avg_power_W=152.727273,max_power_W=155.000000,avg_time_s=0.038540,released_listeners=1,
start_task=,name=trsm_leftprofile,tick=127,start_time=168513.709967,nthreads=40,
message=tick stats,tick=127,estimated_current_power=0.000000,
end_task=,name=trsm_leftprofile,elapsed_seconds=0.527186,predicted_seconds=0.000000,time_percent_error=100.000000,nthreads=40,end_time=168514.240524,avg_power_W=154.727273,max_power_W=156.000000,avg_time_s=0.035146,released_listeners=1,
start_task=,name=trsm_rightprofile,tick=128,start_time=168514.240579,nthreads=40,
message=tick stats,tick=128,estimated_current_power=0.000000,
end_task=,name=trsm_rightprofile,elapsed_seconds=0.540063,predicted_seconds=0.000000,time_percent_error=100.000000,nthreads=40,end_time=168514.789999,avg_power_W=153.272727,max_power_W=156.000000,avg_time_s=0.038576,released_listeners=1,
start_task=,name=trsm_leftprofile,tick=129,start_time=168514.790054,nthreads=40,
message=tick stats,tick=129,estimated_current_power=0.000000,
end_task=,name=trsm_leftprofile,elapsed_seconds=0.528964,predicted_seconds=0.000000,time_percent_error=100.000000,nthreads=40,end_time=168515.319723,avg_power_W=153.700000,max_power_W=156.000000,avg_time_s=0.035264,released_listeners=1,
start_task=,name=trsm_rightprofile,tick=130,start_time=168515.319782,nthreads=40,
message=tick stats,tick=130,estimated_current_power=0.000000,
end_task=,name=trsm_rightprofile,elapsed_seconds=0.539577,predicted_seconds=0.000000,time_percent_error=100.000000,nthreads=40,end_time=168515.860141,avg_power_W=153.909091,max_power_W=156.000000,avg_time_s=0.038541,released_listeners=1,
start_task=,name=trsm_left,tick=131,start_time=168515.860193,nthreads=40,
message=tick stats,tick=131,estimated_current_power=71.500000,
end_task=,name=trsm_left,elapsed_seconds=0.044196,predicted_seconds=0.025572,time_percent_error=42.139271,nthreads=40,end_time=168515.905066,avg_power_W=155.000000,max_power_W=155.000000,avg_time_s=0.044196,released_listeners=3,
start_task=,name=trsm_right,tick=132,start_time=168515.905114,nthreads=40,
message=tick stats,tick=132,estimated_current_power=70.433333,
end_task=,name=trsm_right,elapsed_seconds=0.046159,predicted_seconds=0.028300,time_percent_error=38.690408,nthreads=40,end_time=168515.952755,avg_power_W=151.000000,max_power_W=151.000000,avg_time_s=0.046159,released_listeners=3,
start_task=,name=trsm_left,tick=133,start_time=168515.952808,nthreads=40,
message=tick stats,tick=133,estimated_current_power=71.500000,
end_task=,name=trsm_left,elapsed_seconds=0.042546,predicted_seconds=0.025572,time_percent_error=39.895220,nthreads=40,end_time=168515.996984,avg_power_W=147.000000,max_power_W=147.000000,avg_time_s=0.042546,released_listeners=3,
start_task=,name=trsm_right,tick=134,start_time=168515.997036,nthreads=40,
message=tick stats,tick=134,estimated_current_power=70.433333,
end_task=,name=trsm_right,elapsed_seconds=0.045271,predicted_seconds=0.028300,time_percent_error=37.487805,nthreads=40,end_time=168516.043795,avg_power_W=151.000000,max_power_W=151.000000,avg_time_s=0.045271,released_listeners=3,
start_task=,name=trsm_left,tick=135,start_time=168516.043849,nthreads=40,
message=tick stats,tick=135,estimated_current_power=71.500000,
end_task=,name=trsm_left,elapsed_seconds=0.043513,predicted_seconds=0.025572,time_percent_error=41.231011,nthreads=40,end_time=168516.090473,avg_power_W=146.000000,max_power_W=146.000000,avg_time_s=0.043513,released_listeners=3,
start_task=,name=trsm_right,tick=136,start_time=168516.090528,nthreads=40,
message=tick stats,tick=136,estimated_current_power=70.433333,
end_task=,name=trsm_right,elapsed_seconds=0.043319,predicted_seconds=0.028300,time_percent_error=34.671694,nthreads=40,end_time=168516.140401,avg_power_W=146.000000,max_power_W=146.000000,avg_time_s=0.043319,released_listeners=3,
start_task=,name=lu_gemmprofile,tick=137,start_time=168516.140456,nthreads=40,
message=tick stats,tick=137,estimated_current_power=0.000000,
end_task=,name=lu_gemmprofile,elapsed_seconds=0.524254,predicted_seconds=0.000000,time_percent_error=100.000000,nthreads=40,end_time=168516.665286,avg_power_W=150.800000,max_power_W=156.000000,avg_time_s=0.065532,released_listeners=1,
start_task=,name=lu_gemmprofile,tick=138,start_time=168516.665337,nthreads=40,
message=tick stats,tick=138,estimated_current_power=0.000000,
end_task=,name=lu_gemmprofile,elapsed_seconds=0.544933,predicted_seconds=0.000000,time_percent_error=100.000000,nthreads=40,end_time=168517.210911,avg_power_W=150.090909,max_power_W=156.000000,avg_time_s=0.068117,released_listeners=1,
start_task=,name=lu_gemmprofile,tick=139,start_time=168517.210963,nthreads=40,
message=tick stats,tick=139,estimated_current_power=0.000000,
end_task=,name=lu_gemmprofile,elapsed_seconds=0.528175,predicted_seconds=0.000000,time_percent_error=100.000000,nthreads=40,end_time=168517.740051,avg_power_W=152.181818,max_power_W=158.000000,avg_time_s=0.066022,released_listeners=1,
start_task=,name=lu_gemmprofile,tick=140,start_time=168517.740106,nthreads=40,
message=tick stats,tick=140,estimated_current_power=0.000000,
end_task=,name=lu_gemmprofile,elapsed_seconds=0.536491,predicted_seconds=0.000000,time_percent_error=100.000000,nthreads=40,end_time=168518.290615,avg_power_W=152.181818,max_power_W=158.000000,avg_time_s=0.067061,released_listeners=1,
start_task=,name=lu_gemmprofile,tick=141,start_time=168518.290669,nthreads=40,
message=tick stats,tick=141,estimated_current_power=0.000000,
end_task=,name=lu_gemmprofile,elapsed_seconds=0.542670,predicted_seconds=0.000000,time_percent_error=100.000000,nthreads=40,end_time=168518.840183,avg_power_W=150.818182,max_power_W=157.000000,avg_time_s=0.067834,released_listeners=1,
start_task=,name=lu_gemmprofile,tick=142,start_time=168518.840300,nthreads=40,
message=tick stats,tick=142,estimated_current_power=0.000000,
end_task=,name=lu_gemmprofile,elapsed_seconds=0.539110,predicted_seconds=0.000000,time_percent_error=100.000000,nthreads=40,end_time=168519.390668,avg_power_W=150.090909,max_power_W=156.000000,avg_time_s=0.067389,released_listeners=1,
start_task=,name=lu_gemmprofile,tick=143,start_time=168519.390723,nthreads=40,
message=tick stats,tick=143,estimated_current_power=0.000000,
end_task=,name=lu_gemmprofile,elapsed_seconds=0.548924,predicted_seconds=0.000000,time_percent_error=100.000000,nthreads=40,end_time=168519.940826,avg_power_W=150.727273,max_power_W=155.000000,avg_time_s=0.068616,released_listeners=1,
start_task=,name=lu_gemmprofile,tick=144,start_time=168519.940881,nthreads=40,
message=tick stats,tick=144,estimated_current_power=0.000000,
end_task=,name=lu_gemmprofile,elapsed_seconds=0.521727,predicted_seconds=0.000000,time_percent_error=100.000000,nthreads=40,end_time=168520.463266,avg_power_W=151.400000,max_power_W=157.000000,avg_time_s=0.065216,released_listeners=1,
start_task=,name=lu_gemmprofile,tick=145,start_time=168520.463338,nthreads=40,
message=tick stats,tick=145,estimated_current_power=0.000000,
end_task=,name=lu_gemmprofile,elapsed_seconds=0.539365,predicted_seconds=0.000000,time_percent_error=100.000000,nthreads=40,end_time=168521.004373,avg_power_W=151.545455,max_power_W=157.000000,avg_time_s=0.067421,released_listeners=1,
start_task=,name=lu_gemm,tick=146,start_time=168521.004425,nthreads=40,
message=tick stats,tick=146,estimated_current_power=71.227273,
end_task=,name=lu_gemm,elapsed_seconds=0.097660,predicted_seconds=0.046303,time_percent_error=52.587395,nthreads=40,end_time=168521.102723,avg_power_W=148.000000,max_power_W=151.000000,avg_time_s=0.097660,released_listeners=1,
start_task=,name=lu_gemm,tick=147,start_time=168521.102774,nthreads=40,
message=tick stats,tick=147,estimated_current_power=71.227273,
end_task=,name=lu_gemm,elapsed_seconds=0.097853,predicted_seconds=0.046303,time_percent_error=52.681089,nthreads=40,end_time=168521.201292,avg_power_W=141.500000,max_power_W=143.000000,avg_time_s=0.097853,released_listeners=1,
start_task=,name=lu_gemm,tick=148,start_time=168521.201361,nthreads=40,
message=tick stats,tick=148,estimated_current_power=71.227273,
end_task=,name=lu_gemm,elapsed_seconds=0.097339,predicted_seconds=0.046303,time_percent_error=52.431151,nthreads=40,end_time=168521.300147,avg_power_W=139.500000,max_power_W=140.000000,avg_time_s=0.097339,released_listeners=1,
start_task=,name=lu_gemm,tick=149,start_time=168521.300223,nthreads=40,
message=tick stats,tick=149,estimated_current_power=71.227273,
end_task=,name=lu_gemm,elapsed_seconds=0.098275,predicted_seconds=0.046303,time_percent_error=52.884149,nthreads=40,end_time=168521.399090,avg_power_W=141.500000,max_power_W=143.000000,avg_time_s=0.098275,released_listeners=0,
start_task=,name=lu_gemm,tick=150,start_time=168521.399145,nthreads=40,
message=tick stats,tick=150,estimated_current_power=71.227273,
end_task=,name=lu_gemm,elapsed_seconds=0.100127,predicted_seconds=0.046303,time_percent_error=53.755715,nthreads=40,end_time=168521.499881,avg_power_W=141.000000,max_power_W=143.000000,avg_time_s=0.100127,released_listeners=1,
start_task=,name=lu_gemm,tick=151,start_time=168521.499933,nthreads=40,
message=tick stats,tick=151,estimated_current_power=71.227273,
end_task=,name=lu_gemm,elapsed_seconds=0.099670,predicted_seconds=0.046303,time_percent_error=53.543518,nthreads=40,end_time=168521.600256,avg_power_W=143.000000,max_power_W=145.000000,avg_time_s=0.099670,released_listeners=0,
start_task=,name=lu_gemm,tick=152,start_time=168521.600307,nthreads=40,
message=tick stats,tick=152,estimated_current_power=71.227273,
end_task=,name=lu_gemm,elapsed_seconds=0.097094,predicted_seconds=0.046303,time_percent_error=52.311039,nthreads=40,end_time=168521.697996,avg_power_W=139.000000,max_power_W=141.000000,avg_time_s=0.097094,released_listeners=1,
start_task=,name=lu_gemm,tick=153,start_time=168521.698078,nthreads=40,
message=tick stats,tick=153,estimated_current_power=71.227273,
end_task=,name=lu_gemm,elapsed_seconds=0.099072,predicted_seconds=0.046303,time_percent_error=53.262865,nthreads=40,end_time=168521.797724,avg_power_W=148.000000,max_power_W=152.000000,avg_time_s=0.099072,released_listeners=0,
start_task=,name=lu_gemm,tick=154,start_time=168521.797774,nthreads=40,
message=tick stats,tick=154,estimated_current_power=71.227273,
end_task=,name=lu_gemm,elapsed_seconds=0.093491,predicted_seconds=0.046303,time_percent_error=50.472889,nthreads=40,end_time=168521.891854,avg_power_W=145.000000,max_power_W=148.000000,avg_time_s=0.093491,released_listeners=0,
start_task=,name=getrfprofile,tick=155,start_time=168521.891905,nthreads=40,
message=tick stats,tick=155,estimated_current_power=0.000000,
end_task=,name=getrfprofile,elapsed_seconds=0.615899,predicted_seconds=0.000000,time_percent_error=100.000000,nthreads=40,end_time=168522.508469,avg_power_W=140.333333,max_power_W=154.000000,avg_time_s=0.307950,released_listeners=1,
start_task=,name=getrf,tick=156,start_time=168522.508520,nthreads=40,
message=tick stats,tick=156,estimated_current_power=58.433333,
end_task=,name=getrf,elapsed_seconds=0.350245,predicted_seconds=0.278050,time_percent_error=20.612656,nthreads=40,end_time=168522.859690,avg_power_W=138.571429,max_power_W=139.000000,avg_time_s=0.350245,released_listeners=4,
start_task=,name=trsm_leftprofile,tick=157,start_time=168522.859743,nthreads=40,
message=tick stats,tick=157,estimated_current_power=0.000000,
end_task=,name=trsm_leftprofile,elapsed_seconds=0.532392,predicted_seconds=0.000000,time_percent_error=100.000000,nthreads=40,end_time=168523.393588,avg_power_W=151.818182,max_power_W=157.000000,avg_time_s=0.035493,released_listeners=1,
start_task=,name=trsm_rightprofile,tick=158,start_time=168523.393639,nthreads=40,
message=tick stats,tick=158,estimated_current_power=0.000000,
end_task=,name=trsm_rightprofile,elapsed_seconds=0.508780,predicted_seconds=0.000000,time_percent_error=100.000000,nthreads=40,end_time=168523.903017,avg_power_W=152.600000,max_power_W=155.000000,avg_time_s=0.039137,released_listeners=1,
start_task=,name=trsm_leftprofile,tick=159,start_time=168523.903069,nthreads=40,
message=tick stats,tick=159,estimated_current_power=0.000000,
end_task=,name=trsm_leftprofile,elapsed_seconds=0.529534,predicted_seconds=0.000000,time_percent_error=100.000000,nthreads=40,end_time=168524.440969,avg_power_W=154.909091,max_power_W=157.000000,avg_time_s=0.035302,released_listeners=1,
start_task=,name=trsm_rightprofile,tick=160,start_time=168524.441024,nthreads=40,
message=tick stats,tick=160,estimated_current_power=0.000000,
end_task=,name=trsm_rightprofile,elapsed_seconds=0.535458,predicted_seconds=0.000000,time_percent_error=100.000000,nthreads=40,end_time=168524.990370,avg_power_W=153.636364,max_power_W=156.000000,avg_time_s=0.038247,released_listeners=1,
start_task=,name=trsm_left,tick=161,start_time=168524.990426,nthreads=40,
message=tick stats,tick=161,estimated_current_power=71.500000,
end_task=,name=trsm_left,elapsed_seconds=0.044913,predicted_seconds=0.025572,time_percent_error=43.062342,nthreads=40,end_time=168525.040535,avg_power_W=154.000000,max_power_W=154.000000,avg_time_s=0.044913,released_listeners=2,
start_task=,name=trsm_right,tick=162,start_time=168525.040592,nthreads=40,
message=tick stats,tick=162,estimated_current_power=70.433333,
end_task=,name=trsm_right,elapsed_seconds=0.046087,predicted_seconds=0.028300,time_percent_error=38.595073,nthreads=40,end_time=168525.090539,avg_power_W=136.000000,max_power_W=136.000000,avg_time_s=0.046087,released_listeners=2,
start_task=,name=trsm_left,tick=163,start_time=168525.090595,nthreads=40,
message=tick stats,tick=163,estimated_current_power=71.500000,
end_task=,name=trsm_left,elapsed_seconds=0.041320,predicted_seconds=0.025572,time_percent_error=38.111513,nthreads=40,end_time=168525.140807,avg_power_W=147.000000,max_power_W=147.000000,avg_time_s=0.041320,released_listeners=2,
start_task=,name=trsm_right,tick=164,start_time=168525.140858,nthreads=40,
message=tick stats,tick=164,estimated_current_power=70.433333,
end_task=,name=trsm_right,elapsed_seconds=0.045505,predicted_seconds=0.028300,time_percent_error=37.809614,nthreads=40,end_time=168525.190801,avg_power_W=143.000000,max_power_W=143.000000,avg_time_s=0.045505,released_listeners=2,
start_task=,name=lu_gemmprofile,tick=165,start_time=168525.190856,nthreads=40,
message=tick stats,tick=165,estimated_current_power=0.000000,
end_task=,name=lu_gemmprofile,elapsed_seconds=0.527546,predicted_seconds=0.000000,time_percent_error=100.000000,nthreads=40,end_time=168525.719032,avg_power_W=150.200000,max_power_W=156.000000,avg_time_s=0.065943,released_listeners=1,
start_task=,name=lu_gemmprofile,tick=166,start_time=168525.719085,nthreads=40,
message=tick stats,tick=166,estimated_current_power=0.000000,
end_task=,name=lu_gemmprofile,elapsed_seconds=0.557027,predicted_seconds=0.000000,time_percent_error=100.000000,nthreads=40,end_time=168526.290527,avg_power_W=152.750000,max_power_W=158.000000,avg_time_s=0.061892,released_listeners=1,
start_task=,name=lu_gemmprofile,tick=167,start_time=168526.290582,nthreads=40,
message=tick stats,tick=167,estimated_current_power=0.000000,
end_task=,name=lu_gemmprofile,elapsed_seconds=0.556313,predicted_seconds=0.000000,time_percent_error=100.000000,nthreads=40,end_time=168526.847617,avg_power_W=152.454545,max_power_W=158.000000,avg_time_s=0.061813,released_listeners=1,
start_task=,name=lu_gemmprofile,tick=168,start_time=168526.847668,nthreads=40,
message=tick stats,tick=168,estimated_current_power=0.000000,
end_task=,name=lu_gemmprofile,elapsed_seconds=0.556554,predicted_seconds=0.000000,time_percent_error=100.000000,nthreads=40,end_time=168527.404912,avg_power_W=151.909091,max_power_W=157.000000,avg_time_s=0.061839,released_listeners=1,
start_task=,name=lu_gemm,tick=169,start_time=168527.404966,nthreads=40,
message=tick stats,tick=169,estimated_current_power=71.227273,
end_task=,name=lu_gemm,elapsed_seconds=0.103328,predicted_seconds=0.046303,time_percent_error=55.188332,nthreads=40,end_time=168527.508822,avg_power_W=150.500000,max_power_W=152.000000,avg_time_s=0.103328,released_listeners=1,
start_task=,name=lu_gemm,tick=170,start_time=168527.508875,nthreads=40,
message=tick stats,tick=170,estimated_current_power=71.227273,
end_task=,name=lu_gemm,elapsed_seconds=0.102498,predicted_seconds=0.046303,time_percent_error=54.825362,nthreads=40,end_time=168527.611945,avg_power_W=143.000000,max_power_W=155.000000,avg_time_s=0.102498,released_listeners=1,
start_task=,name=lu_gemm,tick=171,start_time=168527.611998,nthreads=40,
message=tick stats,tick=171,estimated_current_power=71.227273,
end_task=,name=lu_gemm,elapsed_seconds=0.102755,predicted_seconds=0.046303,time_percent_error=54.938136,nthreads=40,end_time=168527.715441,avg_power_W=140.500000,max_power_W=154.000000,avg_time_s=0.102755,released_listeners=1,
start_task=,name=lu_gemm,tick=172,start_time=168527.715492,nthreads=40,
message=tick stats,tick=172,estimated_current_power=71.227273,
end_task=,name=lu_gemm,elapsed_seconds=0.096116,predicted_seconds=0.046303,time_percent_error=51.825753,nthreads=40,end_time=168527.812182,avg_power_W=140.000000,max_power_W=151.000000,avg_time_s=0.096116,released_listeners=0,
start_task=,name=getrfprofile,tick=173,start_time=168527.812265,nthreads=40,
message=tick stats,tick=173,estimated_current_power=0.000000,
end_task=,name=getrfprofile,elapsed_seconds=0.643877,predicted_seconds=0.000000,time_percent_error=100.000000,nthreads=40,end_time=168528.457713,avg_power_W=139.307692,max_power_W=152.000000,avg_time_s=0.321939,released_listeners=1,
start_task=,name=getrf,tick=174,start_time=168528.457764,nthreads=40,
message=tick stats,tick=174,estimated_current_power=58.433333,
end_task=,name=getrf,elapsed_seconds=0.347583,predicted_seconds=0.278050,time_percent_error=20.004636,nthreads=40,end_time=168528.806074,avg_power_W=138.000000,max_power_W=139.000000,avg_time_s=0.347583,released_listeners=2,
start_task=,name=trsm_leftprofile,tick=175,start_time=168528.806130,nthreads=40,
message=tick stats,tick=175,estimated_current_power=0.000000,
end_task=,name=trsm_leftprofile,elapsed_seconds=0.515916,predicted_seconds=0.000000,time_percent_error=100.000000,nthreads=40,end_time=168529.340771,avg_power_W=151.545455,max_power_W=156.000000,avg_time_s=0.034394,released_listeners=1,
start_task=,name=trsm_rightprofile,tick=176,start_time=168529.340826,nthreads=40,
message=tick stats,tick=176,estimated_current_power=0.000000,
end_task=,name=trsm_rightprofile,elapsed_seconds=0.535954,predicted_seconds=0.000000,time_percent_error=100.000000,nthreads=40,end_time=168529.890596,avg_power_W=152.636364,max_power_W=156.000000,avg_time_s=0.038282,released_listeners=1,
start_task=,name=trsm_left,tick=177,start_time=168529.890652,nthreads=40,
message=tick stats,tick=177,estimated_current_power=71.500000,
end_task=,name=trsm_left,elapsed_seconds=0.040762,predicted_seconds=0.025572,time_percent_error=37.264853,nthreads=40,end_time=168529.940672,avg_power_W=153.000000,max_power_W=153.000000,avg_time_s=0.040762,released_listeners=1,
start_task=,name=trsm_right,tick=178,start_time=168529.940727,nthreads=40,
message=tick stats,tick=178,estimated_current_power=70.433333,
end_task=,name=trsm_right,elapsed_seconds=0.045842,predicted_seconds=0.028300,time_percent_error=38.266048,nthreads=40,end_time=168529.990729,avg_power_W=141.000000,max_power_W=141.000000,avg_time_s=0.045842,released_listeners=1,
start_task=,name=lu_gemmprofile,tick=179,start_time=168529.990780,nthreads=40,
message=tick stats,tick=179,estimated_current_power=0.000000,
end_task=,name=lu_gemmprofile,elapsed_seconds=0.543023,predicted_seconds=0.000000,time_percent_error=100.000000,nthreads=40,end_time=168530.540859,avg_power_W=150.909091,max_power_W=156.000000,avg_time_s=0.060336,released_listeners=1,
start_task=,name=lu_gemm,tick=180,start_time=168530.540914,nthreads=40,
message=tick stats,tick=180,estimated_current_power=71.227273,
end_task=,name=lu_gemm,elapsed_seconds=0.094025,predicted_seconds=0.046303,time_percent_error=50.754463,nthreads=40,end_time=168530.641029,avg_power_W=145.000000,max_power_W=154.000000,avg_time_s=0.094025,released_listeners=1,
start_task=,name=getrfprofile,tick=181,start_time=168530.641083,nthreads=40,
message=tick stats,tick=181,estimated_current_power=0.000000,
end_task=,name=getrfprofile,elapsed_seconds=0.628224,predicted_seconds=0.000000,time_percent_error=100.000000,nthreads=40,end_time=168531.270114,avg_power_W=139.583333,max_power_W=150.000000,avg_time_s=0.314112,released_listeners=1,
start_task=,name=getrf,tick=182,start_time=168531.270177,nthreads=40,
message=tick stats,tick=182,estimated_current_power=58.433333,
end_task=,name=getrf,elapsed_seconds=0.342313,predicted_seconds=0.278050,time_percent_error=18.772992,nthreads=40,end_time=168531.613575,avg_power_W=137.428571,max_power_W=138.000000,avg_time_s=0.342313,released_listeners=0,
est_max_power=71.500000,
average_power_W=137.428571,
max_power_W=138.000000,
time_s=58.991154,
message=ALL DONE,
