message=cataloging configuration,max_threads=60,power_limit=inf,
start_task=,name=getrfprofile,tick=1,start_time=124945.613572,nthreads=60,
message=tick stats,tick=1,estimated_current_power=0.000000,
end_task=,name=getrfprofile,elapsed_seconds=1.001487,predicted_seconds=0.000000,time_percent_error=100.000000,nthreads=60,end_time=124946.628374,avg_power_W=117.150000,max_power_W=127.000000,avg_time_s=1.001487,released_listeners=1,
start_task=,name=getrf,tick=2,start_time=124946.628440,nthreads=60,
message=tick stats,tick=2,estimated_current_power=74.100000,
end_task=,name=getrf,elapsed_seconds=0.446780,predicted_seconds=0.295288,time_percent_error=33.907563,nthreads=60,end_time=124947.078111,avg_power_W=127.333333,max_power_W=129.000000,avg_time_s=0.446780,released_listeners=10,
start_task=,name=trsm_leftprofile,tick=3,start_time=124947.078196,nthreads=60,
message=tick stats,tick=3,estimated_current_power=0.000000,
end_task=,name=trsm_leftprofile,elapsed_seconds=0.552885,predicted_seconds=0.000000,time_percent_error=100.000000,nthreads=60,end_time=124947.632889,avg_power_W=139.272727,max_power_W=149.000000,avg_time_s=0.039492,released_listeners=1,
start_task=,name=trsm_rightprofile,tick=4,start_time=124947.632946,nthreads=60,
message=tick stats,tick=4,estimated_current_power=0.000000,
end_task=,name=trsm_rightprofile,elapsed_seconds=0.533897,predicted_seconds=0.000000,time_percent_error=100.000000,nthreads=60,end_time=124948.178116,avg_power_W=141.909091,max_power_W=146.000000,avg_time_s=0.044491,released_listeners=1,
start_task=,name=trsm_leftprofile,tick=5,start_time=124948.178190,nthreads=60,
message=tick stats,tick=5,estimated_current_power=0.000000,
end_task=,name=trsm_leftprofile,elapsed_seconds=0.545647,predicted_seconds=0.000000,time_percent_error=100.000000,nthreads=60,end_time=124948.728070,avg_power_W=144.363636,max_power_W=150.000000,avg_time_s=0.036376,released_listeners=1,
start_task=,name=trsm_rightprofile,tick=6,start_time=124948.728146,nthreads=60,
message=tick stats,tick=6,estimated_current_power=0.000000,
end_task=,name=trsm_rightprofile,elapsed_seconds=0.529979,predicted_seconds=0.000000,time_percent_error=100.000000,nthreads=60,end_time=124949.258723,avg_power_W=142.600000,max_power_W=146.000000,avg_time_s=0.044165,released_listeners=1,
start_task=,name=trsm_leftprofile,tick=7,start_time=124949.258781,nthreads=60,
message=tick stats,tick=7,estimated_current_power=0.000000,
end_task=,name=trsm_leftprofile,elapsed_seconds=0.545191,predicted_seconds=0.000000,time_percent_error=100.000000,nthreads=60,end_time=124949.804588,avg_power_W=146.454545,max_power_W=149.000000,avg_time_s=0.034074,released_listeners=1,
start_task=,name=trsm_rightprofile,tick=8,start_time=124949.804646,nthreads=60,
message=tick stats,tick=8,estimated_current_power=0.000000,
end_task=,name=trsm_rightprofile,elapsed_seconds=0.535723,predicted_seconds=0.000000,time_percent_error=100.000000,nthreads=60,end_time=124950.340934,avg_power_W=144.000000,max_power_W=149.000000,avg_time_s=0.044644,released_listeners=1,
start_task=,name=trsm_leftprofile,tick=9,start_time=124950.340992,nthreads=60,
message=tick stats,tick=9,estimated_current_power=0.000000,
end_task=,name=trsm_leftprofile,elapsed_seconds=0.557882,predicted_seconds=0.000000,time_percent_error=100.000000,nthreads=60,end_time=124950.899465,avg_power_W=147.000000,max_power_W=152.000000,avg_time_s=0.034868,released_listeners=1,
start_task=,name=trsm_rightprofile,tick=10,start_time=124950.899529,nthreads=60,
message=tick stats,tick=10,estimated_current_power=0.000000,
end_task=,name=trsm_rightprofile,elapsed_seconds=0.565485,predicted_seconds=0.000000,time_percent_error=100.000000,nthreads=60,end_time=124951.478106,avg_power_W=145.000000,max_power_W=149.000000,avg_time_s=0.043499,released_listeners=1,
start_task=,name=trsm_leftprofile,tick=11,start_time=124951.478178,nthreads=60,
message=tick stats,tick=11,estimated_current_power=0.000000,
end_task=,name=trsm_leftprofile,elapsed_seconds=0.546208,predicted_seconds=0.000000,time_percent_error=100.000000,nthreads=60,end_time=124952.028161,avg_power_W=147.454545,max_power_W=152.000000,avg_time_s=0.034138,released_listeners=1,
start_task=,name=trsm_rightprofile,tick=12,start_time=124952.028305,nthreads=60,
message=tick stats,tick=12,estimated_current_power=0.000000,
end_task=,name=trsm_rightprofile,elapsed_seconds=0.559129,predicted_seconds=0.000000,time_percent_error=100.000000,nthreads=60,end_time=124952.588681,avg_power_W=145.727273,max_power_W=149.000000,avg_time_s=0.043010,released_listeners=1,
start_task=,name=trsm_left,tick=13,start_time=124952.588740,nthreads=60,
message=tick stats,tick=13,estimated_current_power=97.966667,
end_task=,name=trsm_left,elapsed_seconds=0.065039,predicted_seconds=0.021487,time_percent_error=66.962723,nthreads=60,end_time=124952.655539,avg_power_W=146.000000,max_power_W=146.000000,avg_time_s=0.065039,released_listeners=5,
start_task=,name=trsm_right,tick=14,start_time=124952.655602,nthreads=60,
message=tick stats,tick=14,estimated_current_power=95.033333,
end_task=,name=trsm_right,elapsed_seconds=0.070089,predicted_seconds=0.026496,time_percent_error=62.196174,nthreads=60,end_time=124952.729394,avg_power_W=131.000000,max_power_W=134.000000,avg_time_s=0.070089,released_listeners=5,
start_task=,name=trsm_left,tick=15,start_time=124952.729458,nthreads=60,
message=tick stats,tick=15,estimated_current_power=97.966667,
end_task=,name=trsm_left,elapsed_seconds=0.065760,predicted_seconds=0.021487,time_percent_error=67.325035,nthreads=60,end_time=124952.796690,avg_power_W=140.000000,max_power_W=140.000000,avg_time_s=0.065760,released_listeners=5,
start_task=,name=trsm_right,tick=16,start_time=124952.796746,nthreads=60,
message=tick stats,tick=16,estimated_current_power=95.033333,
end_task=,name=trsm_right,elapsed_seconds=0.072075,predicted_seconds=0.026496,time_percent_error=63.237882,nthreads=60,end_time=124952.878755,avg_power_W=134.000000,max_power_W=138.000000,avg_time_s=0.072075,released_listeners=5,
start_task=,name=trsm_left,tick=17,start_time=124952.878818,nthreads=60,
message=tick stats,tick=17,estimated_current_power=97.966667,
end_task=,name=trsm_left,elapsed_seconds=0.066763,predicted_seconds=0.021487,time_percent_error=67.815941,nthreads=60,end_time=124952.946396,avg_power_W=132.000000,max_power_W=132.000000,avg_time_s=0.066763,released_listeners=5,
start_task=,name=trsm_right,tick=18,start_time=124952.946452,nthreads=60,
message=tick stats,tick=18,estimated_current_power=95.033333,
end_task=,name=trsm_right,elapsed_seconds=0.077995,predicted_seconds=0.026496,time_percent_error=66.028105,nthreads=60,end_time=124953.029286,avg_power_W=134.500000,max_power_W=142.000000,avg_time_s=0.077995,released_listeners=5,
start_task=,name=trsm_left,tick=19,start_time=124953.029345,nthreads=60,
message=tick stats,tick=19,estimated_current_power=97.966667,
end_task=,name=trsm_left,elapsed_seconds=0.090720,predicted_seconds=0.021487,time_percent_error=76.315002,nthreads=60,end_time=124953.128437,avg_power_W=127.500000,max_power_W=129.000000,avg_time_s=0.090720,released_listeners=5,
start_task=,name=trsm_right,tick=20,start_time=124953.128501,nthreads=60,
message=tick stats,tick=20,estimated_current_power=95.033333,
end_task=,name=trsm_right,elapsed_seconds=0.099564,predicted_seconds=0.026496,time_percent_error=73.387752,nthreads=60,end_time=124953.229934,avg_power_W=130.000000,max_power_W=133.000000,avg_time_s=0.099564,released_listeners=5,
start_task=,name=trsm_left,tick=21,start_time=124953.229994,nthreads=60,
message=tick stats,tick=21,estimated_current_power=97.966667,
end_task=,name=trsm_left,elapsed_seconds=0.063551,predicted_seconds=0.021487,time_percent_error=66.189108,nthreads=60,end_time=124953.294430,avg_power_W=140.000000,max_power_W=140.000000,avg_time_s=0.063551,released_listeners=5,
start_task=,name=trsm_right,tick=22,start_time=124953.294489,nthreads=60,
message=tick stats,tick=22,estimated_current_power=95.033333,
end_task=,name=trsm_right,elapsed_seconds=0.078890,predicted_seconds=0.026496,time_percent_error=66.413658,nthreads=60,end_time=124953.378607,avg_power_W=133.500000,max_power_W=139.000000,avg_time_s=0.078890,released_listeners=5,
start_task=,name=lu_gemmprofile,tick=23,start_time=124953.378679,nthreads=60,
message=tick stats,tick=23,estimated_current_power=0.000000,
end_task=,name=lu_gemmprofile,elapsed_seconds=0.550693,predicted_seconds=0.000000,time_percent_error=100.000000,nthreads=60,end_time=124953.930292,avg_power_W=142.636364,max_power_W=149.000000,avg_time_s=0.061188,released_listeners=1,
start_task=,name=lu_gemmprofile,tick=24,start_time=124953.930351,nthreads=60,
message=tick stats,tick=24,estimated_current_power=0.000000,
end_task=,name=lu_gemmprofile,elapsed_seconds=0.544433,predicted_seconds=0.000000,time_percent_error=100.000000,nthreads=60,end_time=124954.478468,avg_power_W=143.727273,max_power_W=149.000000,avg_time_s=0.060493,released_listeners=1,
start_task=,name=lu_gemmprofile,tick=25,start_time=124954.478530,nthreads=60,
message=tick stats,tick=25,estimated_current_power=0.000000,
end_task=,name=lu_gemmprofile,elapsed_seconds=0.549395,predicted_seconds=0.000000,time_percent_error=100.000000,nthreads=60,end_time=124955.028815,avg_power_W=142.727273,max_power_W=151.000000,avg_time_s=0.061044,released_listeners=1,
start_task=,name=lu_gemmprofile,tick=26,start_time=124955.028873,nthreads=60,
message=tick stats,tick=26,estimated_current_power=0.000000,
end_task=,name=lu_gemmprofile,elapsed_seconds=0.562967,predicted_seconds=0.000000,time_percent_error=100.000000,nthreads=60,end_time=124955.592644,avg_power_W=143.636364,max_power_W=151.000000,avg_time_s=0.062552,released_listeners=1,
start_task=,name=lu_gemmprofile,tick=27,start_time=124955.592703,nthreads=60,
message=tick stats,tick=27,estimated_current_power=0.000000,
end_task=,name=lu_gemmprofile,elapsed_seconds=0.569859,predicted_seconds=0.000000,time_percent_error=100.000000,nthreads=60,end_time=124956.163354,avg_power_W=144.090909,max_power_W=154.000000,avg_time_s=0.063318,released_listeners=1,
start_task=,name=lu_gemmprofile,tick=28,start_time=124956.163415,nthreads=60,
message=tick stats,tick=28,estimated_current_power=0.000000,
end_task=,name=lu_gemmprofile,elapsed_seconds=0.543179,predicted_seconds=0.000000,time_percent_error=100.000000,nthreads=60,end_time=124956.728531,avg_power_W=143.833333,max_power_W=151.000000,avg_time_s=0.060353,released_listeners=1,
start_task=,name=lu_gemmprofile,tick=29,start_time=124956.728593,nthreads=60,
message=tick stats,tick=29,estimated_current_power=0.000000,
end_task=,name=lu_gemmprofile,elapsed_seconds=0.546926,predicted_seconds=0.000000,time_percent_error=100.000000,nthreads=60,end_time=124957.278071,avg_power_W=145.909091,max_power_W=153.000000,avg_time_s=0.060770,released_listeners=1,
start_task=,name=lu_gemmprofile,tick=30,start_time=124957.278140,nthreads=60,
message=tick stats,tick=30,estimated_current_power=0.000000,
end_task=,name=lu_gemmprofile,elapsed_seconds=0.529652,predicted_seconds=0.000000,time_percent_error=100.000000,nthreads=60,end_time=124957.808722,avg_power_W=147.900000,max_power_W=154.000000,avg_time_s=0.058850,released_listeners=1,
start_task=,name=lu_gemmprofile,tick=31,start_time=124957.808781,nthreads=60,
message=tick stats,tick=31,estimated_current_power=0.000000,
end_task=,name=lu_gemmprofile,elapsed_seconds=0.541407,predicted_seconds=0.000000,time_percent_error=100.000000,nthreads=60,end_time=124958.351032,avg_power_W=147.454545,max_power_W=153.000000,avg_time_s=0.060156,released_listeners=1,
start_task=,name=lu_gemmprofile,tick=32,start_time=124958.351095,nthreads=60,
message=tick stats,tick=32,estimated_current_power=0.000000,
end_task=,name=lu_gemmprofile,elapsed_seconds=0.559329,predicted_seconds=0.000000,time_percent_error=100.000000,nthreads=60,end_time=124958.911686,avg_power_W=146.909091,max_power_W=156.000000,avg_time_s=0.062148,released_listeners=1,
start_task=,name=lu_gemmprofile,tick=33,start_time=124958.911745,nthreads=60,
message=tick stats,tick=33,estimated_current_power=0.000000,
end_task=,name=lu_gemmprofile,elapsed_seconds=0.555405,predicted_seconds=0.000000,time_percent_error=100.000000,nthreads=60,end_time=124959.478013,avg_power_W=145.416667,max_power_W=154.000000,avg_time_s=0.061712,released_listeners=1,
start_task=,name=lu_gemmprofile,tick=34,start_time=124959.478083,nthreads=60,
message=tick stats,tick=34,estimated_current_power=0.000000,
end_task=,name=lu_gemmprofile,elapsed_seconds=0.559075,predicted_seconds=0.000000,time_percent_error=100.000000,nthreads=60,end_time=124960.038480,avg_power_W=145.090909,max_power_W=153.000000,avg_time_s=0.062119,released_listeners=1,
start_task=,name=lu_gemmprofile,tick=35,start_time=124960.038539,nthreads=60,
message=tick stats,tick=35,estimated_current_power=0.000000,
end_task=,name=lu_gemmprofile,elapsed_seconds=0.547315,predicted_seconds=0.000000,time_percent_error=100.000000,nthreads=60,end_time=124960.586504,avg_power_W=146.000000,max_power_W=154.000000,avg_time_s=0.060813,released_listeners=1,
start_task=,name=lu_gemmprofile,tick=36,start_time=124960.586563,nthreads=60,
message=tick stats,tick=36,estimated_current_power=0.000000,
end_task=,name=lu_gemmprofile,elapsed_seconds=0.547598,predicted_seconds=0.000000,time_percent_error=100.000000,nthreads=60,end_time=124961.135950,avg_power_W=147.090909,max_power_W=153.000000,avg_time_s=0.060844,released_listeners=1,
start_task=,name=lu_gemmprofile,tick=37,start_time=124961.136009,nthreads=60,
message=tick stats,tick=37,estimated_current_power=0.000000,
end_task=,name=lu_gemmprofile,elapsed_seconds=0.535376,predicted_seconds=0.000000,time_percent_error=100.000000,nthreads=60,end_time=124961.678256,avg_power_W=150.000000,max_power_W=155.000000,avg_time_s=0.059486,released_listeners=1,
start_task=,name=lu_gemmprofile,tick=38,start_time=124961.678315,nthreads=60,
message=tick stats,tick=38,estimated_current_power=0.000000,
end_task=,name=lu_gemmprofile,elapsed_seconds=0.530739,predicted_seconds=0.000000,time_percent_error=100.000000,nthreads=60,end_time=124962.210491,avg_power_W=152.300000,max_power_W=159.000000,avg_time_s=0.058971,released_listeners=1,
start_task=,name=lu_gemmprofile,tick=39,start_time=124962.210550,nthreads=60,
message=tick stats,tick=39,estimated_current_power=0.000000,
end_task=,name=lu_gemmprofile,elapsed_seconds=0.541389,predicted_seconds=0.000000,time_percent_error=100.000000,nthreads=60,end_time=124962.752553,avg_power_W=151.818182,max_power_W=159.000000,avg_time_s=0.060154,released_listeners=1,
start_task=,name=lu_gemmprofile,tick=40,start_time=124962.752611,nthreads=60,
message=tick stats,tick=40,estimated_current_power=0.000000,
end_task=,name=lu_gemmprofile,elapsed_seconds=0.591592,predicted_seconds=0.000000,time_percent_error=100.000000,nthreads=60,end_time=124963.344773,avg_power_W=150.333333,max_power_W=159.000000,avg_time_s=0.065732,released_listeners=1,
start_task=,name=lu_gemmprofile,tick=41,start_time=124963.344832,nthreads=60,
message=tick stats,tick=41,estimated_current_power=0.000000,
end_task=,name=lu_gemmprofile,elapsed_seconds=0.549696,predicted_seconds=0.000000,time_percent_error=100.000000,nthreads=60,end_time=124963.895136,avg_power_W=152.090909,max_power_W=160.000000,avg_time_s=0.061077,released_listeners=1,
start_task=,name=lu_gemmprofile,tick=42,start_time=124963.895196,nthreads=60,
message=tick stats,tick=42,estimated_current_power=0.000000,
end_task=,name=lu_gemmprofile,elapsed_seconds=0.563349,predicted_seconds=0.000000,time_percent_error=100.000000,nthreads=60,end_time=124964.459259,avg_power_W=153.181818,max_power_W=162.000000,avg_time_s=0.062594,released_listeners=1,
start_task=,name=lu_gemmprofile,tick=43,start_time=124964.459318,nthreads=60,
message=tick stats,tick=43,estimated_current_power=0.000000,
end_task=,name=lu_gemmprofile,elapsed_seconds=0.554947,predicted_seconds=0.000000,time_percent_error=100.000000,nthreads=60,end_time=124965.028434,avg_power_W=153.000000,max_power_W=162.000000,avg_time_s=0.061661,released_listeners=1,
start_task=,name=lu_gemmprofile,tick=44,start_time=124965.028496,nthreads=60,
message=tick stats,tick=44,estimated_current_power=0.000000,
end_task=,name=lu_gemmprofile,elapsed_seconds=0.532650,predicted_seconds=0.000000,time_percent_error=100.000000,nthreads=60,end_time=124965.561767,avg_power_W=153.500000,max_power_W=160.000000,avg_time_s=0.059183,released_listeners=1,
start_task=,name=lu_gemmprofile,tick=45,start_time=124965.561833,nthreads=60,
message=tick stats,tick=45,estimated_current_power=0.000000,
end_task=,name=lu_gemmprofile,elapsed_seconds=0.545325,predicted_seconds=0.000000,time_percent_error=100.000000,nthreads=60,end_time=124966.108416,avg_power_W=156.090909,max_power_W=162.000000,avg_time_s=0.060592,released_listeners=1,
start_task=,name=lu_gemmprofile,tick=46,start_time=124966.108475,nthreads=60,
message=tick stats,tick=46,estimated_current_power=0.000000,
end_task=,name=lu_gemmprofile,elapsed_seconds=0.558718,predicted_seconds=0.000000,time_percent_error=100.000000,nthreads=60,end_time=124966.678031,avg_power_W=155.416667,max_power_W=162.000000,avg_time_s=0.062080,released_listeners=1,
start_task=,name=lu_gemmprofile,tick=47,start_time=124966.678096,nthreads=60,
message=tick stats,tick=47,estimated_current_power=0.000000,
end_task=,name=lu_gemmprofile,elapsed_seconds=0.555117,predicted_seconds=0.000000,time_percent_error=100.000000,nthreads=60,end_time=124967.234534,avg_power_W=152.363636,max_power_W=159.000000,avg_time_s=0.061680,released_listeners=1,
start_task=,name=lu_gemm,tick=48,start_time=124967.234593,nthreads=60,
message=tick stats,tick=48,estimated_current_power=97.281818,
end_task=,name=lu_gemm,elapsed_seconds=0.132721,predicted_seconds=0.035656,time_percent_error=73.134553,nthreads=60,end_time=124967.378544,avg_power_W=142.666667,max_power_W=150.000000,avg_time_s=0.132721,released_listeners=1,
start_task=,name=lu_gemm,tick=49,start_time=124967.378607,nthreads=60,
message=tick stats,tick=49,estimated_current_power=97.281818,
end_task=,name=lu_gemm,elapsed_seconds=0.133400,predicted_seconds=0.035656,time_percent_error=73.271447,nthreads=60,end_time=124967.512675,avg_power_W=135.000000,max_power_W=145.000000,avg_time_s=0.133400,released_listeners=0,
start_task=,name=lu_gemm,tick=50,start_time=124967.512733,nthreads=60,
message=tick stats,tick=50,estimated_current_power=97.281818,
end_task=,name=lu_gemm,elapsed_seconds=0.140640,predicted_seconds=0.035656,time_percent_error=74.647348,nthreads=60,end_time=124967.654004,avg_power_W=133.333333,max_power_W=139.000000,avg_time_s=0.140640,released_listeners=1,
start_task=,name=lu_gemm,tick=51,start_time=124967.654066,nthreads=60,
message=tick stats,tick=51,estimated_current_power=97.281818,
end_task=,name=lu_gemm,elapsed_seconds=0.170275,predicted_seconds=0.035656,time_percent_error=79.059828,nthreads=60,end_time=124967.828180,avg_power_W=142.250000,max_power_W=158.000000,avg_time_s=0.170275,released_listeners=0,
start_task=,name=lu_gemm,tick=52,start_time=124967.828287,nthreads=60,
message=tick stats,tick=52,estimated_current_power=97.281818,
end_task=,name=lu_gemm,elapsed_seconds=0.146213,predicted_seconds=0.035656,time_percent_error=75.613697,nthreads=60,end_time=124967.978166,avg_power_W=139.000000,max_power_W=149.000000,avg_time_s=0.146213,released_listeners=0,
start_task=,name=lu_gemm,tick=53,start_time=124967.978268,nthreads=60,
message=tick stats,tick=53,estimated_current_power=97.281818,
end_task=,name=lu_gemm,elapsed_seconds=0.131323,predicted_seconds=0.035656,time_percent_error=72.848626,nthreads=60,end_time=124968.110875,avg_power_W=138.500000,max_power_W=143.000000,avg_time_s=0.131323,released_listeners=0,
start_task=,name=lu_gemm,tick=54,start_time=124968.110933,nthreads=60,
message=tick stats,tick=54,estimated_current_power=97.281818,
end_task=,name=lu_gemm,elapsed_seconds=0.125951,predicted_seconds=0.035656,time_percent_error=71.690491,nthreads=60,end_time=124968.238418,avg_power_W=139.000000,max_power_W=152.000000,avg_time_s=0.125951,released_listeners=1,
start_task=,name=lu_gemm,tick=55,start_time=124968.238477,nthreads=60,
message=tick stats,tick=55,estimated_current_power=97.281818,
end_task=,name=lu_gemm,elapsed_seconds=0.131514,predicted_seconds=0.035656,time_percent_error=72.888065,nthreads=60,end_time=124968.378667,avg_power_W=142.666667,max_power_W=158.000000,avg_time_s=0.131514,released_listeners=1,
start_task=,name=lu_gemm,tick=56,start_time=124968.378730,nthreads=60,
message=tick stats,tick=56,estimated_current_power=97.281818,
end_task=,name=lu_gemm,elapsed_seconds=0.136576,predicted_seconds=0.035656,time_percent_error=73.892868,nthreads=60,end_time=124968.528412,avg_power_W=141.333333,max_power_W=152.000000,avg_time_s=0.136576,released_listeners=1,
start_task=,name=lu_gemm,tick=57,start_time=124968.528475,nthreads=60,
message=tick stats,tick=57,estimated_current_power=97.281818,
end_task=,name=lu_gemm,elapsed_seconds=0.138311,predicted_seconds=0.035656,time_percent_error=74.220360,nthreads=60,end_time=124968.678252,avg_power_W=141.000000,max_power_W=150.000000,avg_time_s=0.138311,released_listeners=1,
start_task=,name=lu_gemm,tick=58,start_time=124968.678315,nthreads=60,
message=tick stats,tick=58,estimated_current_power=97.281818,
end_task=,name=lu_gemm,elapsed_seconds=0.126901,predicted_seconds=0.035656,time_percent_error=71.902606,nthreads=60,end_time=124968.805913,avg_power_W=137.000000,max_power_W=144.000000,avg_time_s=0.126901,released_listeners=0,
start_task=,name=lu_gemm,tick=59,start_time=124968.805971,nthreads=60,
message=tick stats,tick=59,estimated_current_power=97.281818,
end_task=,name=lu_gemm,elapsed_seconds=0.132285,predicted_seconds=0.035656,time_percent_error=73.046094,nthreads=60,end_time=124968.939473,avg_power_W=141.000000,max_power_W=153.000000,avg_time_s=0.132285,released_listeners=0,
start_task=,name=lu_gemm,tick=60,start_time=124968.939531,nthreads=60,
message=tick stats,tick=60,estimated_current_power=97.281818,
end_task=,name=lu_gemm,elapsed_seconds=0.121073,predicted_seconds=0.035656,time_percent_error=70.550088,nthreads=60,end_time=124969.061250,avg_power_W=144.000000,max_power_W=152.000000,avg_time_s=0.121073,released_listeners=1,
start_task=,name=lu_gemm,tick=61,start_time=124969.061309,nthreads=60,
message=tick stats,tick=61,estimated_current_power=97.281818,
end_task=,name=lu_gemm,elapsed_seconds=0.139441,predicted_seconds=0.035656,time_percent_error=74.429314,nthreads=60,end_time=124969.202260,avg_power_W=141.666667,max_power_W=158.000000,avg_time_s=0.139441,released_listeners=0,
start_task=,name=lu_gemm,tick=62,start_time=124969.202319,nthreads=60,
message=tick stats,tick=62,estimated_current_power=97.281818,
end_task=,name=lu_gemm,elapsed_seconds=0.135839,predicted_seconds=0.035656,time_percent_error=73.751217,nthreads=60,end_time=124969.339633,avg_power_W=139.333333,max_power_W=150.000000,avg_time_s=0.135839,released_listeners=0,
start_task=,name=lu_gemm,tick=63,start_time=124969.339693,nthreads=60,
message=tick stats,tick=63,estimated_current_power=97.281818,
end_task=,name=lu_gemm,elapsed_seconds=0.135959,predicted_seconds=0.035656,time_percent_error=73.774438,nthreads=60,end_time=124969.479136,avg_power_W=142.333333,max_power_W=155.000000,avg_time_s=0.135959,released_listeners=0,
start_task=,name=lu_gemm,tick=64,start_time=124969.479211,nthreads=60,
message=tick stats,tick=64,estimated_current_power=97.281818,
end_task=,name=lu_gemm,elapsed_seconds=0.134317,predicted_seconds=0.035656,time_percent_error=73.453850,nthreads=60,end_time=124969.628645,avg_power_W=143.333333,max_power_W=152.000000,avg_time_s=0.134317,released_listeners=1,
start_task=,name=lu_gemm,tick=65,start_time=124969.628708,nthreads=60,
message=tick stats,tick=65,estimated_current_power=97.281818,
end_task=,name=lu_gemm,elapsed_seconds=0.135262,predicted_seconds=0.035656,time_percent_error=73.639305,nthreads=60,end_time=124969.778868,avg_power_W=135.666667,max_power_W=143.000000,avg_time_s=0.135262,released_listeners=0,
start_task=,name=lu_gemm,tick=66,start_time=124969.778930,nthreads=60,
message=tick stats,tick=66,estimated_current_power=97.281818,
end_task=,name=lu_gemm,elapsed_seconds=0.140761,predicted_seconds=0.035656,time_percent_error=74.669124,nthreads=60,end_time=124969.928492,avg_power_W=135.000000,max_power_W=138.000000,avg_time_s=0.140761,released_listeners=0,
start_task=,name=lu_gemm,tick=67,start_time=124969.928554,nthreads=60,
message=tick stats,tick=67,estimated_current_power=97.281818,
end_task=,name=lu_gemm,elapsed_seconds=0.138135,predicted_seconds=0.035656,time_percent_error=74.187654,nthreads=60,end_time=124970.078388,avg_power_W=134.666667,max_power_W=147.000000,avg_time_s=0.138135,released_listeners=0,
start_task=,name=lu_gemm,tick=68,start_time=124970.078457,nthreads=60,
message=tick stats,tick=68,estimated_current_power=97.281818,
end_task=,name=lu_gemm,elapsed_seconds=0.150771,predicted_seconds=0.035656,time_percent_error=76.350952,nthreads=60,end_time=124970.231076,avg_power_W=132.000000,max_power_W=137.000000,avg_time_s=0.150771,released_listeners=1,
start_task=,name=lu_gemm,tick=69,start_time=124970.231140,nthreads=60,
message=tick stats,tick=69,estimated_current_power=97.281818,
end_task=,name=lu_gemm,elapsed_seconds=0.144709,predicted_seconds=0.035656,time_percent_error=75.360287,nthreads=60,end_time=124970.379099,avg_power_W=137.666667,max_power_W=140.000000,avg_time_s=0.144709,released_listeners=0,
start_task=,name=lu_gemm,tick=70,start_time=124970.379167,nthreads=60,
message=tick stats,tick=70,estimated_current_power=97.281818,
end_task=,name=lu_gemm,elapsed_seconds=0.150330,predicted_seconds=0.035656,time_percent_error=76.281591,nthreads=60,end_time=124970.530502,avg_power_W=136.666667,max_power_W=143.000000,avg_time_s=0.150330,released_listeners=0,
start_task=,name=lu_gemm,tick=71,start_time=124970.530561,nthreads=60,
message=tick stats,tick=71,estimated_current_power=97.281818,
end_task=,name=lu_gemm,elapsed_seconds=0.139279,predicted_seconds=0.035656,time_percent_error=74.399588,nthreads=60,end_time=124970.679346,avg_power_W=141.333333,max_power_W=149.000000,avg_time_s=0.139279,released_listeners=0,
start_task=,name=lu_gemm,tick=72,start_time=124970.679408,nthreads=60,
message=tick stats,tick=72,estimated_current_power=97.281818,
end_task=,name=lu_gemm,elapsed_seconds=0.131878,predicted_seconds=0.035656,time_percent_error=72.962831,nthreads=60,end_time=124970.812086,avg_power_W=141.000000,max_power_W=151.000000,avg_time_s=0.131878,released_listeners=0,
start_task=,name=getrfprofile,tick=73,start_time=124970.812149,nthreads=60,
message=tick stats,tick=73,estimated_current_power=0.000000,
end_task=,name=getrfprofile,elapsed_seconds=0.800944,predicted_seconds=0.000000,time_percent_error=100.000000,nthreads=60,end_time=124971.628445,avg_power_W=140.058824,max_power_W=147.000000,avg_time_s=0.400472,released_listeners=1,
start_task=,name=getrf,tick=74,start_time=124971.628507,nthreads=60,
message=tick stats,tick=74,estimated_current_power=74.100000,
end_task=,name=getrf,elapsed_seconds=0.453990,predicted_seconds=0.295288,time_percent_error=34.957147,nthreads=60,end_time=124972.083825,avg_power_W=140.111111,max_power_W=142.000000,avg_time_s=0.453990,released_listeners=8,
start_task=,name=trsm_leftprofile,tick=75,start_time=124972.083888,nthreads=60,
message=tick stats,tick=75,estimated_current_power=0.000000,
end_task=,name=trsm_leftprofile,elapsed_seconds=0.544915,predicted_seconds=0.000000,time_percent_error=100.000000,nthreads=60,end_time=124972.629538,avg_power_W=153.000000,max_power_W=159.000000,avg_time_s=0.036328,released_listeners=1,
start_task=,name=trsm_rightprofile,tick=76,start_time=124972.629596,nthreads=60,
message=tick stats,tick=76,estimated_current_power=0.000000,
end_task=,name=trsm_rightprofile,elapsed_seconds=0.532548,predicted_seconds=0.000000,time_percent_error=100.000000,nthreads=60,end_time=124973.162891,avg_power_W=154.200000,max_power_W=158.000000,avg_time_s=0.044379,released_listeners=1,
start_task=,name=trsm_leftprofile,tick=77,start_time=124973.162950,nthreads=60,
message=tick stats,tick=77,estimated_current_power=0.000000,
end_task=,name=trsm_leftprofile,elapsed_seconds=0.555166,predicted_seconds=0.000000,time_percent_error=100.000000,nthreads=60,end_time=124973.728497,avg_power_W=155.333333,max_power_W=161.000000,avg_time_s=0.037011,released_listeners=1,
start_task=,name=trsm_rightprofile,tick=78,start_time=124973.728559,nthreads=60,
message=tick stats,tick=78,estimated_current_power=0.000000,
end_task=,name=trsm_rightprofile,elapsed_seconds=0.531208,predicted_seconds=0.000000,time_percent_error=100.000000,nthreads=60,end_time=124974.261102,avg_power_W=152.900000,max_power_W=157.000000,avg_time_s=0.044267,released_listeners=1,
start_task=,name=trsm_leftprofile,tick=79,start_time=124974.261198,nthreads=60,
message=tick stats,tick=79,estimated_current_power=0.000000,
end_task=,name=trsm_leftprofile,elapsed_seconds=0.525211,predicted_seconds=0.000000,time_percent_error=100.000000,nthreads=60,end_time=124974.787362,avg_power_W=157.090909,max_power_W=161.000000,avg_time_s=0.035014,released_listeners=1,
start_task=,name=trsm_rightprofile,tick=80,start_time=124974.787421,nthreads=60,
message=tick stats,tick=80,estimated_current_power=0.000000,
end_task=,name=trsm_rightprofile,elapsed_seconds=0.557450,predicted_seconds=0.000000,time_percent_error=100.000000,nthreads=60,end_time=124975.346855,avg_power_W=155.363636,max_power_W=158.000000,avg_time_s=0.042881,released_listeners=1,
start_task=,name=trsm_leftprofile,tick=81,start_time=124975.346914,nthreads=60,
message=tick stats,tick=81,estimated_current_power=0.000000,
end_task=,name=trsm_leftprofile,elapsed_seconds=0.546721,predicted_seconds=0.000000,time_percent_error=100.000000,nthreads=60,end_time=124975.894515,avg_power_W=157.181818,max_power_W=162.000000,avg_time_s=0.036448,released_listeners=1,
start_task=,name=trsm_rightprofile,tick=82,start_time=124975.894576,nthreads=60,
message=tick stats,tick=82,estimated_current_power=0.000000,
end_task=,name=trsm_rightprofile,elapsed_seconds=0.532943,predicted_seconds=0.000000,time_percent_error=100.000000,nthreads=60,end_time=124976.428615,avg_power_W=155.818182,max_power_W=159.000000,avg_time_s=0.044412,released_listeners=1,
start_task=,name=trsm_left,tick=83,start_time=124976.428678,nthreads=60,
message=tick stats,tick=83,estimated_current_power=97.966667,
end_task=,name=trsm_left,elapsed_seconds=0.071624,predicted_seconds=0.021487,time_percent_error=70.000268,nthreads=60,end_time=124976.501837,avg_power_W=153.000000,max_power_W=153.000000,avg_time_s=0.071624,released_listeners=4,
start_task=,name=trsm_right,tick=84,start_time=124976.501894,nthreads=60,
message=tick stats,tick=84,estimated_current_power=95.033333,
end_task=,name=trsm_right,elapsed_seconds=0.078366,predicted_seconds=0.026496,time_percent_error=66.188940,nthreads=60,end_time=124976.581086,avg_power_W=143.000000,max_power_W=148.000000,avg_time_s=0.078366,released_listeners=4,
start_task=,name=trsm_left,tick=85,start_time=124976.581152,nthreads=60,
message=tick stats,tick=85,estimated_current_power=97.966667,
end_task=,name=trsm_left,elapsed_seconds=0.073605,predicted_seconds=0.021487,time_percent_error=70.807373,nthreads=60,end_time=124976.655564,avg_power_W=151.000000,max_power_W=151.000000,avg_time_s=0.073605,released_listeners=4,
start_task=,name=trsm_right,tick=86,start_time=124976.655624,nthreads=60,
message=tick stats,tick=86,estimated_current_power=95.033333,
end_task=,name=trsm_right,elapsed_seconds=0.075098,predicted_seconds=0.026496,time_percent_error=64.717575,nthreads=60,end_time=124976.731419,avg_power_W=141.500000,max_power_W=144.000000,avg_time_s=0.075098,released_listeners=4,
start_task=,name=trsm_left,tick=87,start_time=124976.731481,nthreads=60,
message=tick stats,tick=87,estimated_current_power=97.966667,
end_task=,name=trsm_left,elapsed_seconds=0.060518,predicted_seconds=0.021487,time_percent_error=64.494611,nthreads=60,end_time=124976.792790,avg_power_W=156.000000,max_power_W=156.000000,avg_time_s=0.060518,released_listeners=4,
start_task=,name=trsm_right,tick=88,start_time=124976.792851,nthreads=60,
message=tick stats,tick=88,estimated_current_power=95.033333,
end_task=,name=trsm_right,elapsed_seconds=0.075767,predicted_seconds=0.026496,time_percent_error=65.029202,nthreads=60,end_time=124976.878701,avg_power_W=147.500000,max_power_W=156.000000,avg_time_s=0.075767,released_listeners=4,
start_task=,name=trsm_left,tick=89,start_time=124976.878765,nthreads=60,
message=tick stats,tick=89,estimated_current_power=97.966667,
end_task=,name=trsm_left,elapsed_seconds=0.065121,predicted_seconds=0.021487,time_percent_error=67.004427,nthreads=60,end_time=124976.944559,avg_power_W=142.000000,max_power_W=142.000000,avg_time_s=0.065121,released_listeners=4,
start_task=,name=trsm_right,tick=90,start_time=124976.944628,nthreads=60,
message=tick stats,tick=90,estimated_current_power=95.033333,
end_task=,name=trsm_right,elapsed_seconds=0.073713,predicted_seconds=0.026496,time_percent_error=64.054830,nthreads=60,end_time=124977.029190,avg_power_W=144.500000,max_power_W=150.000000,avg_time_s=0.073713,released_listeners=4,
start_task=,name=lu_gemmprofile,tick=91,start_time=124977.029250,nthreads=60,
message=tick stats,tick=91,estimated_current_power=0.000000,
end_task=,name=lu_gemmprofile,elapsed_seconds=0.538380,predicted_seconds=0.000000,time_percent_error=100.000000,nthreads=60,end_time=124977.578323,avg_power_W=154.636364,max_power_W=162.000000,avg_time_s=0.059820,released_listeners=1,
start_task=,name=lu_gemmprofile,tick=92,start_time=124977.578388,nthreads=60,
message=tick stats,tick=92,estimated_current_power=0.000000,
end_task=,name=lu_gemmprofile,elapsed_seconds=0.533786,predicted_seconds=0.000000,time_percent_error=100.000000,nthreads=60,end_time=124978.113122,avg_power_W=156.600000,max_power_W=164.000000,avg_time_s=0.059310,released_listeners=1,
start_task=,name=lu_gemmprofile,tick=93,start_time=124978.113185,nthreads=60,
message=tick stats,tick=93,estimated_current_power=0.000000,
end_task=,name=lu_gemmprofile,elapsed_seconds=0.534964,predicted_seconds=0.000000,time_percent_error=100.000000,nthreads=60,end_time=124978.649288,avg_power_W=157.090909,max_power_W=166.000000,avg_time_s=0.059440,released_listeners=1,
start_task=,name=lu_gemmprofile,tick=94,start_time=124978.649347,nthreads=60,
message=tick stats,tick=94,estimated_current_power=0.000000,
end_task=,name=lu_gemmprofile,elapsed_seconds=0.540210,predicted_seconds=0.000000,time_percent_error=100.000000,nthreads=60,end_time=124979.190336,avg_power_W=155.181818,max_power_W=162.000000,avg_time_s=0.060023,released_listeners=1,
start_task=,name=lu_gemmprofile,tick=95,start_time=124979.190396,nthreads=60,
message=tick stats,tick=95,estimated_current_power=0.000000,
end_task=,name=lu_gemmprofile,elapsed_seconds=0.533726,predicted_seconds=0.000000,time_percent_error=100.000000,nthreads=60,end_time=124979.728844,avg_power_W=155.181818,max_power_W=162.000000,avg_time_s=0.059303,released_listeners=1,
start_task=,name=lu_gemmprofile,tick=96,start_time=124979.728907,nthreads=60,
message=tick stats,tick=96,estimated_current_power=0.000000,
end_task=,name=lu_gemmprofile,elapsed_seconds=0.556197,predicted_seconds=0.000000,time_percent_error=100.000000,nthreads=60,end_time=124980.286020,avg_power_W=154.000000,max_power_W=163.000000,avg_time_s=0.061800,released_listeners=1,
start_task=,name=lu_gemmprofile,tick=97,start_time=124980.286079,nthreads=60,
message=tick stats,tick=97,estimated_current_power=0.000000,
end_task=,name=lu_gemmprofile,elapsed_seconds=0.560011,predicted_seconds=0.000000,time_percent_error=100.000000,nthreads=60,end_time=124980.846714,avg_power_W=155.727273,max_power_W=165.000000,avg_time_s=0.062223,released_listeners=1,
start_task=,name=lu_gemmprofile,tick=98,start_time=124980.846774,nthreads=60,
message=tick stats,tick=98,estimated_current_power=0.000000,
end_task=,name=lu_gemmprofile,elapsed_seconds=0.554249,predicted_seconds=0.000000,time_percent_error=100.000000,nthreads=60,end_time=124981.401514,avg_power_W=156.272727,max_power_W=163.000000,avg_time_s=0.061583,released_listeners=1,
start_task=,name=lu_gemmprofile,tick=99,start_time=124981.401574,nthreads=60,
message=tick stats,tick=99,estimated_current_power=0.000000,
end_task=,name=lu_gemmprofile,elapsed_seconds=0.562008,predicted_seconds=0.000000,time_percent_error=100.000000,nthreads=60,end_time=124981.979249,avg_power_W=156.500000,max_power_W=165.000000,avg_time_s=0.062445,released_listeners=1,
start_task=,name=lu_gemmprofile,tick=100,start_time=124981.979313,nthreads=60,
message=tick stats,tick=100,estimated_current_power=0.000000,
end_task=,name=lu_gemmprofile,elapsed_seconds=0.557936,predicted_seconds=0.000000,time_percent_error=100.000000,nthreads=60,end_time=124982.538673,avg_power_W=153.545455,max_power_W=161.000000,avg_time_s=0.061993,released_listeners=1,
start_task=,name=lu_gemmprofile,tick=101,start_time=124982.538741,nthreads=60,
message=tick stats,tick=101,estimated_current_power=0.000000,
end_task=,name=lu_gemmprofile,elapsed_seconds=0.566250,predicted_seconds=0.000000,time_percent_error=100.000000,nthreads=60,end_time=124983.105668,avg_power_W=155.636364,max_power_W=164.000000,avg_time_s=0.062917,released_listeners=1,
start_task=,name=lu_gemmprofile,tick=102,start_time=124983.105729,nthreads=60,
message=tick stats,tick=102,estimated_current_power=0.000000,
end_task=,name=lu_gemmprofile,elapsed_seconds=0.557439,predicted_seconds=0.000000,time_percent_error=100.000000,nthreads=60,end_time=124983.678931,avg_power_W=156.666667,max_power_W=162.000000,avg_time_s=0.061938,released_listeners=1,
start_task=,name=lu_gemmprofile,tick=103,start_time=124983.678994,nthreads=60,
message=tick stats,tick=103,estimated_current_power=0.000000,
end_task=,name=lu_gemmprofile,elapsed_seconds=0.563203,predicted_seconds=0.000000,time_percent_error=100.000000,nthreads=60,end_time=124984.243069,avg_power_W=153.272727,max_power_W=162.000000,avg_time_s=0.062578,released_listeners=1,
start_task=,name=lu_gemmprofile,tick=104,start_time=124984.243133,nthreads=60,
message=tick stats,tick=104,estimated_current_power=0.000000,
end_task=,name=lu_gemmprofile,elapsed_seconds=0.577332,predicted_seconds=0.000000,time_percent_error=100.000000,nthreads=60,end_time=124984.829014,avg_power_W=155.416667,max_power_W=163.000000,avg_time_s=0.064148,released_listeners=1,
start_task=,name=lu_gemmprofile,tick=105,start_time=124984.829078,nthreads=60,
message=tick stats,tick=105,estimated_current_power=0.000000,
end_task=,name=lu_gemmprofile,elapsed_seconds=0.594491,predicted_seconds=0.000000,time_percent_error=100.000000,nthreads=60,end_time=124985.428686,avg_power_W=153.166667,max_power_W=165.000000,avg_time_s=0.066055,released_listeners=1,
start_task=,name=lu_gemmprofile,tick=106,start_time=124985.428749,nthreads=60,
message=tick stats,tick=106,estimated_current_power=0.000000,
end_task=,name=lu_gemmprofile,elapsed_seconds=0.557613,predicted_seconds=0.000000,time_percent_error=100.000000,nthreads=60,end_time=124985.987659,avg_power_W=152.272727,max_power_W=159.000000,avg_time_s=0.061957,released_listeners=1,
start_task=,name=lu_gemm,tick=107,start_time=124985.987719,nthreads=60,
message=tick stats,tick=107,estimated_current_power=97.281818,
end_task=,name=lu_gemm,elapsed_seconds=0.141126,predicted_seconds=0.035656,time_percent_error=74.734663,nthreads=60,end_time=124986.129633,avg_power_W=142.666667,max_power_W=161.000000,avg_time_s=0.141126,released_listeners=1,
start_task=,name=lu_gemm,tick=108,start_time=124986.129694,nthreads=60,
message=tick stats,tick=108,estimated_current_power=97.281818,
end_task=,name=lu_gemm,elapsed_seconds=0.141675,predicted_seconds=0.035656,time_percent_error=74.832529,nthreads=60,end_time=124986.278651,avg_power_W=142.000000,max_power_W=146.000000,avg_time_s=0.141675,released_listeners=1,
start_task=,name=lu_gemm,tick=109,start_time=124986.278715,nthreads=60,
message=tick stats,tick=109,estimated_current_power=97.281818,
end_task=,name=lu_gemm,elapsed_seconds=0.128875,predicted_seconds=0.035656,time_percent_error=72.332932,nthreads=60,end_time=124986.408205,avg_power_W=137.500000,max_power_W=147.000000,avg_time_s=0.128875,released_listeners=1,
start_task=,name=lu_gemm,tick=110,start_time=124986.408266,nthreads=60,
message=tick stats,tick=110,estimated_current_power=97.281818,
end_task=,name=lu_gemm,elapsed_seconds=0.135927,predicted_seconds=0.035656,time_percent_error=73.768210,nthreads=60,end_time=124986.544777,avg_power_W=141.666667,max_power_W=149.000000,avg_time_s=0.135927,released_listeners=0,
start_task=,name=lu_gemm,tick=111,start_time=124986.544836,nthreads=60,
message=tick stats,tick=111,estimated_current_power=97.281818,
end_task=,name=lu_gemm,elapsed_seconds=0.135969,predicted_seconds=0.035656,time_percent_error=73.776301,nthreads=60,end_time=124986.682164,avg_power_W=141.333333,max_power_W=162.000000,avg_time_s=0.135969,released_listeners=1,
start_task=,name=lu_gemm,tick=112,start_time=124986.682237,nthreads=60,
message=tick stats,tick=112,estimated_current_power=97.281818,
end_task=,name=lu_gemm,elapsed_seconds=0.134089,predicted_seconds=0.035656,time_percent_error=73.408813,nthreads=60,end_time=124986.828747,avg_power_W=141.000000,max_power_W=148.000000,avg_time_s=0.134089,released_listeners=0,
start_task=,name=lu_gemm,tick=113,start_time=124986.828810,nthreads=60,
message=tick stats,tick=113,estimated_current_power=97.281818,
end_task=,name=lu_gemm,elapsed_seconds=0.129994,predicted_seconds=0.035656,time_percent_error=72.570968,nthreads=60,end_time=124986.960173,avg_power_W=141.000000,max_power_W=141.000000,avg_time_s=0.129994,released_listeners=1,
start_task=,name=lu_gemm,tick=114,start_time=124986.960245,nthreads=60,
message=tick stats,tick=114,estimated_current_power=97.281818,
end_task=,name=lu_gemm,elapsed_seconds=0.133568,predicted_seconds=0.035656,time_percent_error=73.305037,nthreads=60,end_time=124987.094539,avg_power_W=138.666667,max_power_W=150.000000,avg_time_s=0.133568,released_listeners=0,
start_task=,name=lu_gemm,tick=115,start_time=124987.094599,nthreads=60,
message=tick stats,tick=115,estimated_current_power=97.281818,
end_task=,name=lu_gemm,elapsed_seconds=0.131029,predicted_seconds=0.035656,time_percent_error=72.787761,nthreads=60,end_time=124987.228664,avg_power_W=144.333333,max_power_W=158.000000,avg_time_s=0.131029,released_listeners=0,
start_task=,name=lu_gemm,tick=116,start_time=124987.228728,nthreads=60,
message=tick stats,tick=116,estimated_current_power=97.281818,
end_task=,name=lu_gemm,elapsed_seconds=0.148718,predicted_seconds=0.035656,time_percent_error=76.024469,nthreads=60,end_time=124987.379196,avg_power_W=139.666667,max_power_W=149.000000,avg_time_s=0.148718,released_listeners=1,
start_task=,name=lu_gemm,tick=117,start_time=124987.379298,nthreads=60,
message=tick stats,tick=117,estimated_current_power=97.281818,
end_task=,name=lu_gemm,elapsed_seconds=0.129168,predicted_seconds=0.035656,time_percent_error=72.395644,nthreads=60,end_time=124987.509703,avg_power_W=141.000000,max_power_W=151.000000,avg_time_s=0.129168,released_listeners=0,
start_task=,name=lu_gemm,tick=118,start_time=124987.509763,nthreads=60,
message=tick stats,tick=118,estimated_current_power=97.281818,
end_task=,name=lu_gemm,elapsed_seconds=0.126941,predicted_seconds=0.035656,time_percent_error=71.911289,nthreads=60,end_time=124987.637383,avg_power_W=144.333333,max_power_W=157.000000,avg_time_s=0.126941,released_listeners=0,
start_task=,name=lu_gemm,tick=119,start_time=124987.637442,nthreads=60,
message=tick stats,tick=119,estimated_current_power=97.281818,
end_task=,name=lu_gemm,elapsed_seconds=0.125624,predicted_seconds=0.035656,time_percent_error=71.616930,nthreads=60,end_time=124987.779357,avg_power_W=146.000000,max_power_W=154.000000,avg_time_s=0.125624,released_listeners=1,
start_task=,name=lu_gemm,tick=120,start_time=124987.779420,nthreads=60,
message=tick stats,tick=120,estimated_current_power=97.281818,
end_task=,name=lu_gemm,elapsed_seconds=0.122846,predicted_seconds=0.035656,time_percent_error=70.975045,nthreads=60,end_time=124987.903705,avg_power_W=132.000000,max_power_W=138.000000,avg_time_s=0.122846,released_listeners=0,
start_task=,name=lu_gemm,tick=121,start_time=124987.903765,nthreads=60,
message=tick stats,tick=121,estimated_current_power=97.281818,
end_task=,name=lu_gemm,elapsed_seconds=0.128311,predicted_seconds=0.035656,time_percent_error=72.211235,nthreads=60,end_time=124988.033307,avg_power_W=149.666667,max_power_W=156.000000,avg_time_s=0.128311,released_listeners=0,
start_task=,name=lu_gemm,tick=122,start_time=124988.033368,nthreads=60,
message=tick stats,tick=122,estimated_current_power=97.281818,
end_task=,name=lu_gemm,elapsed_seconds=0.141026,predicted_seconds=0.035656,time_percent_error=74.716812,nthreads=60,end_time=124988.178392,avg_power_W=140.666667,max_power_W=148.000000,avg_time_s=0.141026,released_listeners=0,
start_task=,name=getrfprofile,tick=123,start_time=124988.178458,nthreads=60,
message=tick stats,tick=123,estimated_current_power=0.000000,
end_task=,name=getrfprofile,elapsed_seconds=0.817933,predicted_seconds=0.000000,time_percent_error=100.000000,nthreads=60,end_time=124988.997742,avg_power_W=142.625000,max_power_W=152.000000,avg_time_s=0.408967,released_listeners=1,
start_task=,name=getrf,tick=124,start_time=124988.997801,nthreads=60,
message=tick stats,tick=124,estimated_current_power=74.100000,
end_task=,name=getrf,elapsed_seconds=0.454721,predicted_seconds=0.295288,time_percent_error=35.061688,nthreads=60,end_time=124989.453139,avg_power_W=141.666667,max_power_W=143.000000,avg_time_s=0.454721,released_listeners=6,
start_task=,name=trsm_leftprofile,tick=125,start_time=124989.453200,nthreads=60,
message=tick stats,tick=125,estimated_current_power=0.000000,
end_task=,name=trsm_leftprofile,elapsed_seconds=0.537017,predicted_seconds=0.000000,time_percent_error=100.000000,nthreads=60,end_time=124989.991052,avg_power_W=154.545455,max_power_W=160.000000,avg_time_s=0.035801,released_listeners=1,
start_task=,name=trsm_rightprofile,tick=126,start_time=124989.991111,nthreads=60,
message=tick stats,tick=126,estimated_current_power=0.000000,
end_task=,name=trsm_rightprofile,elapsed_seconds=0.532637,predicted_seconds=0.000000,time_percent_error=100.000000,nthreads=60,end_time=124990.528802,avg_power_W=156.454545,max_power_W=158.000000,avg_time_s=0.044386,released_listeners=1,
start_task=,name=trsm_leftprofile,tick=127,start_time=124990.528865,nthreads=60,
message=tick stats,tick=127,estimated_current_power=0.000000,
end_task=,name=trsm_leftprofile,elapsed_seconds=0.542934,predicted_seconds=0.000000,time_percent_error=100.000000,nthreads=60,end_time=124991.078881,avg_power_W=156.727273,max_power_W=161.000000,avg_time_s=0.036196,released_listeners=1,
start_task=,name=trsm_rightprofile,tick=128,start_time=124991.078944,nthreads=60,
message=tick stats,tick=128,estimated_current_power=0.000000,
end_task=,name=trsm_rightprofile,elapsed_seconds=0.519232,predicted_seconds=0.000000,time_percent_error=100.000000,nthreads=60,end_time=124991.599261,avg_power_W=155.300000,max_power_W=158.000000,avg_time_s=0.043269,released_listeners=1,
start_task=,name=trsm_leftprofile,tick=129,start_time=124991.599320,nthreads=60,
message=tick stats,tick=129,estimated_current_power=0.000000,
end_task=,name=trsm_leftprofile,elapsed_seconds=0.537623,predicted_seconds=0.000000,time_percent_error=100.000000,nthreads=60,end_time=124992.137450,avg_power_W=155.636364,max_power_W=160.000000,avg_time_s=0.035842,released_listeners=1,
start_task=,name=trsm_rightprofile,tick=130,start_time=124992.137509,nthreads=60,
message=tick stats,tick=130,estimated_current_power=0.000000,
end_task=,name=trsm_rightprofile,elapsed_seconds=0.591025,predicted_seconds=0.000000,time_percent_error=100.000000,nthreads=60,end_time=124992.729367,avg_power_W=155.333333,max_power_W=158.000000,avg_time_s=0.045463,released_listeners=1,
start_task=,name=trsm_left,tick=131,start_time=124992.729427,nthreads=60,
message=tick stats,tick=131,estimated_current_power=97.966667,
end_task=,name=trsm_left,elapsed_seconds=0.080290,predicted_seconds=0.021487,time_percent_error=73.238183,nthreads=60,end_time=124992.810454,avg_power_W=158.000000,max_power_W=158.000000,avg_time_s=0.080290,released_listeners=3,
start_task=,name=trsm_right,tick=132,start_time=124992.810515,nthreads=60,
message=tick stats,tick=132,estimated_current_power=95.033333,
end_task=,name=trsm_right,elapsed_seconds=0.082023,predicted_seconds=0.026496,time_percent_error=67.696263,nthreads=60,end_time=124992.894023,avg_power_W=135.000000,max_power_W=136.000000,avg_time_s=0.082023,released_listeners=3,
start_task=,name=trsm_left,tick=133,start_time=124992.894089,nthreads=60,
message=tick stats,tick=133,estimated_current_power=97.966667,
end_task=,name=trsm_left,elapsed_seconds=0.074900,predicted_seconds=0.021487,time_percent_error=71.312299,nthreads=60,end_time=124992.978689,avg_power_W=141.500000,max_power_W=148.000000,avg_time_s=0.074900,released_listeners=3,
start_task=,name=trsm_right,tick=134,start_time=124992.978754,nthreads=60,
message=tick stats,tick=134,estimated_current_power=95.033333,
end_task=,name=trsm_right,elapsed_seconds=0.079509,predicted_seconds=0.026496,time_percent_error=66.675221,nthreads=60,end_time=124993.060057,avg_power_W=145.000000,max_power_W=145.000000,avg_time_s=0.079509,released_listeners=3,
start_task=,name=trsm_left,tick=135,start_time=124993.060120,nthreads=60,
message=tick stats,tick=135,estimated_current_power=97.966667,
end_task=,name=trsm_left,elapsed_seconds=0.073249,predicted_seconds=0.021487,time_percent_error=70.665617,nthreads=60,end_time=124993.134072,avg_power_W=143.000000,max_power_W=147.000000,avg_time_s=0.073249,released_listeners=3,
start_task=,name=trsm_right,tick=136,start_time=124993.134139,nthreads=60,
message=tick stats,tick=136,estimated_current_power=95.033333,
end_task=,name=trsm_right,elapsed_seconds=0.077376,predicted_seconds=0.026496,time_percent_error=65.756296,nthreads=60,end_time=124993.212149,avg_power_W=139.000000,max_power_W=139.000000,avg_time_s=0.077376,released_listeners=3,
start_task=,name=lu_gemmprofile,tick=137,start_time=124993.212207,nthreads=60,
message=tick stats,tick=137,estimated_current_power=0.000000,
end_task=,name=lu_gemmprofile,elapsed_seconds=0.542655,predicted_seconds=0.000000,time_percent_error=100.000000,nthreads=60,end_time=124993.755618,avg_power_W=152.727273,max_power_W=161.000000,avg_time_s=0.060295,released_listeners=1,
start_task=,name=lu_gemmprofile,tick=138,start_time=124993.755677,nthreads=60,
message=tick stats,tick=138,estimated_current_power=0.000000,
end_task=,name=lu_gemmprofile,elapsed_seconds=0.552037,predicted_seconds=0.000000,time_percent_error=100.000000,nthreads=60,end_time=124994.308202,avg_power_W=154.727273,max_power_W=162.000000,avg_time_s=0.061337,released_listeners=1,
start_task=,name=lu_gemmprofile,tick=139,start_time=124994.308263,nthreads=60,
message=tick stats,tick=139,estimated_current_power=0.000000,
end_task=,name=lu_gemmprofile,elapsed_seconds=0.556804,predicted_seconds=0.000000,time_percent_error=100.000000,nthreads=60,end_time=124994.879062,avg_power_W=156.166667,max_power_W=163.000000,avg_time_s=0.061867,released_listeners=1,
start_task=,name=lu_gemmprofile,tick=140,start_time=124994.879124,nthreads=60,
message=tick stats,tick=140,estimated_current_power=0.000000,
end_task=,name=lu_gemmprofile,elapsed_seconds=0.547286,predicted_seconds=0.000000,time_percent_error=100.000000,nthreads=60,end_time=124995.428838,avg_power_W=154.000000,max_power_W=161.000000,avg_time_s=0.060810,released_listeners=1,
start_task=,name=lu_gemmprofile,tick=141,start_time=124995.428901,nthreads=60,
message=tick stats,tick=141,estimated_current_power=0.000000,
end_task=,name=lu_gemmprofile,elapsed_seconds=0.547301,predicted_seconds=0.000000,time_percent_error=100.000000,nthreads=60,end_time=124995.978894,avg_power_W=155.090909,max_power_W=161.000000,avg_time_s=0.060811,released_listeners=1,
start_task=,name=lu_gemmprofile,tick=142,start_time=124995.978957,nthreads=60,
message=tick stats,tick=142,estimated_current_power=0.000000,
end_task=,name=lu_gemmprofile,elapsed_seconds=0.543283,predicted_seconds=0.000000,time_percent_error=100.000000,nthreads=60,end_time=124996.528817,avg_power_W=155.272727,max_power_W=161.000000,avg_time_s=0.060365,released_listeners=1,
start_task=,name=lu_gemmprofile,tick=143,start_time=124996.528881,nthreads=60,
message=tick stats,tick=143,estimated_current_power=0.000000,
end_task=,name=lu_gemmprofile,elapsed_seconds=0.563211,predicted_seconds=0.000000,time_percent_error=100.000000,nthreads=60,end_time=124997.093369,avg_power_W=152.727273,max_power_W=162.000000,avg_time_s=0.062579,released_listeners=1,
start_task=,name=lu_gemmprofile,tick=144,start_time=124997.093429,nthreads=60,
message=tick stats,tick=144,estimated_current_power=0.000000,
end_task=,name=lu_gemmprofile,elapsed_seconds=0.567894,predicted_seconds=0.000000,time_percent_error=100.000000,nthreads=60,end_time=124997.662081,avg_power_W=154.818182,max_power_W=163.000000,avg_time_s=0.063099,released_listeners=1,
start_task=,name=lu_gemmprofile,tick=145,start_time=124997.662151,nthreads=60,
message=tick stats,tick=145,estimated_current_power=0.000000,
end_task=,name=lu_gemmprofile,elapsed_seconds=0.561280,predicted_seconds=0.000000,time_percent_error=100.000000,nthreads=60,end_time=124998.228658,avg_power_W=155.250000,max_power_W=164.000000,avg_time_s=0.062364,released_listeners=1,
start_task=,name=lu_gemm,tick=146,start_time=124998.228724,nthreads=60,
message=tick stats,tick=146,estimated_current_power=97.281818,
end_task=,name=lu_gemm,elapsed_seconds=0.123352,predicted_seconds=0.035656,time_percent_error=71.094010,nthreads=60,end_time=124998.352836,avg_power_W=152.500000,max_power_W=156.000000,avg_time_s=0.123352,released_listeners=1,
start_task=,name=lu_gemm,tick=147,start_time=124998.352896,nthreads=60,
message=tick stats,tick=147,estimated_current_power=97.281818,
end_task=,name=lu_gemm,elapsed_seconds=0.134462,predicted_seconds=0.035656,time_percent_error=73.482500,nthreads=60,end_time=124998.487990,avg_power_W=154.333333,max_power_W=162.000000,avg_time_s=0.134462,released_listeners=1,
start_task=,name=lu_gemm,tick=148,start_time=124998.488054,nthreads=60,
message=tick stats,tick=148,estimated_current_power=97.281818,
end_task=,name=lu_gemm,elapsed_seconds=0.149520,predicted_seconds=0.035656,time_percent_error=76.152976,nthreads=60,end_time=124998.638232,avg_power_W=140.333333,max_power_W=159.000000,avg_time_s=0.149520,released_listeners=1,
start_task=,name=lu_gemm,tick=149,start_time=124998.638293,nthreads=60,
message=tick stats,tick=149,estimated_current_power=97.281818,
end_task=,name=lu_gemm,elapsed_seconds=0.129478,predicted_seconds=0.035656,time_percent_error=72.461672,nthreads=60,end_time=124998.778440,avg_power_W=140.000000,max_power_W=158.000000,avg_time_s=0.129478,released_listeners=0,
start_task=,name=lu_gemm,tick=150,start_time=124998.778503,nthreads=60,
message=tick stats,tick=150,estimated_current_power=97.281818,
end_task=,name=lu_gemm,elapsed_seconds=0.128121,predicted_seconds=0.035656,time_percent_error=72.170116,nthreads=60,end_time=124998.907432,avg_power_W=147.500000,max_power_W=152.000000,avg_time_s=0.128121,released_listeners=1,
start_task=,name=lu_gemm,tick=151,start_time=124998.907494,nthreads=60,
message=tick stats,tick=151,estimated_current_power=97.281818,
end_task=,name=lu_gemm,elapsed_seconds=0.130521,predicted_seconds=0.035656,time_percent_error=72.681844,nthreads=60,end_time=124999.039727,avg_power_W=151.666667,max_power_W=158.000000,avg_time_s=0.130521,released_listeners=0,
start_task=,name=lu_gemm,tick=152,start_time=124999.039786,nthreads=60,
message=tick stats,tick=152,estimated_current_power=97.281818,
end_task=,name=lu_gemm,elapsed_seconds=0.130832,predicted_seconds=0.035656,time_percent_error=72.746691,nthreads=60,end_time=124999.178919,avg_power_W=144.333333,max_power_W=159.000000,avg_time_s=0.130832,released_listeners=1,
start_task=,name=lu_gemm,tick=153,start_time=124999.178985,nthreads=60,
message=tick stats,tick=153,estimated_current_power=97.281818,
end_task=,name=lu_gemm,elapsed_seconds=0.130395,predicted_seconds=0.035656,time_percent_error=72.655456,nthreads=60,end_time=124999.310690,avg_power_W=143.500000,max_power_W=144.000000,avg_time_s=0.130395,released_listeners=0,
start_task=,name=lu_gemm,tick=154,start_time=124999.310720,nthreads=60,
message=tick stats,tick=154,estimated_current_power=97.281818,
end_task=,name=lu_gemm,elapsed_seconds=0.155225,predicted_seconds=0.035656,time_percent_error=77.029494,nthreads=60,end_time=124999.478676,avg_power_W=145.250000,max_power_W=156.000000,avg_time_s=0.155225,released_listeners=0,
start_task=,name=getrfprofile,tick=155,start_time=124999.478738,nthreads=60,
message=tick stats,tick=155,estimated_current_power=0.000000,
end_task=,name=getrfprofile,elapsed_seconds=0.815817,predicted_seconds=0.000000,time_percent_error=100.000000,nthreads=60,end_time=125000.295902,avg_power_W=141.125000,max_power_W=144.000000,avg_time_s=0.407908,released_listeners=1,
start_task=,name=getrf,tick=156,start_time=125000.295961,nthreads=60,
message=tick stats,tick=156,estimated_current_power=74.100000,
end_task=,name=getrf,elapsed_seconds=0.414828,predicted_seconds=0.295288,time_percent_error=28.816699,nthreads=60,end_time=125000.711634,avg_power_W=140.625000,max_power_W=142.000000,avg_time_s=0.414828,released_listeners=4,
start_task=,name=trsm_leftprofile,tick=157,start_time=125000.711694,nthreads=60,
message=tick stats,tick=157,estimated_current_power=0.000000,
end_task=,name=trsm_leftprofile,elapsed_seconds=0.539242,predicted_seconds=0.000000,time_percent_error=100.000000,nthreads=60,end_time=125001.252377,avg_power_W=152.727273,max_power_W=160.000000,avg_time_s=0.035949,released_listeners=1,
start_task=,name=trsm_rightprofile,tick=158,start_time=125001.252437,nthreads=60,
message=tick stats,tick=158,estimated_current_power=0.000000,
end_task=,name=trsm_rightprofile,elapsed_seconds=0.525708,predicted_seconds=0.000000,time_percent_error=100.000000,nthreads=60,end_time=125001.779258,avg_power_W=154.545455,max_power_W=157.000000,avg_time_s=0.043809,released_listeners=1,
start_task=,name=trsm_leftprofile,tick=159,start_time=125001.779320,nthreads=60,
message=tick stats,tick=159,estimated_current_power=0.000000,
end_task=,name=trsm_leftprofile,elapsed_seconds=0.566089,predicted_seconds=0.000000,time_percent_error=100.000000,nthreads=60,end_time=125002.347223,avg_power_W=154.454545,max_power_W=159.000000,avg_time_s=0.037739,released_listeners=1,
start_task=,name=trsm_rightprofile,tick=160,start_time=125002.347347,nthreads=60,
message=tick stats,tick=160,estimated_current_power=0.000000,
end_task=,name=trsm_rightprofile,elapsed_seconds=0.528399,predicted_seconds=0.000000,time_percent_error=100.000000,nthreads=60,end_time=125002.879357,avg_power_W=155.363636,max_power_W=160.000000,avg_time_s=0.044033,released_listeners=1,
start_task=,name=trsm_left,tick=161,start_time=125002.879422,nthreads=60,
message=tick stats,tick=161,estimated_current_power=97.966667,
end_task=,name=trsm_left,elapsed_seconds=0.070570,predicted_seconds=0.021487,time_percent_error=69.552131,nthreads=60,end_time=125002.950938,avg_power_W=156.000000,max_power_W=156.000000,avg_time_s=0.070570,released_listeners=2,
start_task=,name=trsm_right,tick=162,start_time=125002.950997,nthreads=60,
message=tick stats,tick=162,estimated_current_power=95.033333,
end_task=,name=trsm_right,elapsed_seconds=0.075582,predicted_seconds=0.026496,time_percent_error=64.943622,nthreads=60,end_time=125003.029579,avg_power_W=142.000000,max_power_W=145.000000,avg_time_s=0.075582,released_listeners=2,
start_task=,name=trsm_left,tick=163,start_time=125003.029644,nthreads=60,
message=tick stats,tick=163,estimated_current_power=97.966667,
end_task=,name=trsm_left,elapsed_seconds=0.067481,predicted_seconds=0.021487,time_percent_error=68.158033,nthreads=60,end_time=125003.098024,avg_power_W=139.000000,max_power_W=139.000000,avg_time_s=0.067481,released_listeners=2,
start_task=,name=trsm_right,tick=164,start_time=125003.098086,nthreads=60,
message=tick stats,tick=164,estimated_current_power=95.033333,
end_task=,name=trsm_right,elapsed_seconds=0.074368,predicted_seconds=0.026496,time_percent_error=64.371212,nthreads=60,end_time=125003.179390,avg_power_W=143.500000,max_power_W=146.000000,avg_time_s=0.074368,released_listeners=2,
start_task=,name=lu_gemmprofile,tick=165,start_time=125003.179455,nthreads=60,
message=tick stats,tick=165,estimated_current_power=0.000000,
end_task=,name=lu_gemmprofile,elapsed_seconds=0.543647,predicted_seconds=0.000000,time_percent_error=100.000000,nthreads=60,end_time=125003.728891,avg_power_W=151.909091,max_power_W=161.000000,avg_time_s=0.060405,released_listeners=1,
start_task=,name=lu_gemmprofile,tick=166,start_time=125003.728956,nthreads=60,
message=tick stats,tick=166,estimated_current_power=0.000000,
end_task=,name=lu_gemmprofile,elapsed_seconds=0.546374,predicted_seconds=0.000000,time_percent_error=100.000000,nthreads=60,end_time=125004.279274,avg_power_W=154.363636,max_power_W=161.000000,avg_time_s=0.060708,released_listeners=1,
start_task=,name=lu_gemmprofile,tick=167,start_time=125004.279334,nthreads=60,
message=tick stats,tick=167,estimated_current_power=0.000000,
end_task=,name=lu_gemmprofile,elapsed_seconds=0.566894,predicted_seconds=0.000000,time_percent_error=100.000000,nthreads=60,end_time=125004.846877,avg_power_W=151.545455,max_power_W=161.000000,avg_time_s=0.062988,released_listeners=1,
start_task=,name=lu_gemmprofile,tick=168,start_time=125004.846937,nthreads=60,
message=tick stats,tick=168,estimated_current_power=0.000000,
end_task=,name=lu_gemmprofile,elapsed_seconds=0.552350,predicted_seconds=0.000000,time_percent_error=100.000000,nthreads=60,end_time=125005.400485,avg_power_W=153.727273,max_power_W=162.000000,avg_time_s=0.061372,released_listeners=1,
start_task=,name=lu_gemm,tick=169,start_time=125005.400547,nthreads=60,
message=tick stats,tick=169,estimated_current_power=97.281818,
end_task=,name=lu_gemm,elapsed_seconds=0.129352,predicted_seconds=0.035656,time_percent_error=72.435023,nthreads=60,end_time=125005.530601,avg_power_W=150.666667,max_power_W=159.000000,avg_time_s=0.129352,released_listeners=1,
start_task=,name=lu_gemm,tick=170,start_time=125005.530663,nthreads=60,
message=tick stats,tick=170,estimated_current_power=97.281818,
end_task=,name=lu_gemm,elapsed_seconds=0.130794,predicted_seconds=0.035656,time_percent_error=72.738801,nthreads=60,end_time=125005.662308,avg_power_W=135.000000,max_power_W=144.000000,avg_time_s=0.130794,released_listeners=1,
start_task=,name=lu_gemm,tick=171,start_time=125005.662371,nthreads=60,
message=tick stats,tick=171,estimated_current_power=97.281818,
end_task=,name=lu_gemm,elapsed_seconds=0.138975,predicted_seconds=0.035656,time_percent_error=74.343552,nthreads=60,end_time=125005.802170,avg_power_W=145.000000,max_power_W=150.000000,avg_time_s=0.138975,released_listeners=1,
start_task=,name=lu_gemm,tick=172,start_time=125005.802235,nthreads=60,
message=tick stats,tick=172,estimated_current_power=97.281818,
end_task=,name=lu_gemm,elapsed_seconds=0.132663,predicted_seconds=0.035656,time_percent_error=73.122954,nthreads=60,end_time=125005.935471,avg_power_W=137.666667,max_power_W=156.000000,avg_time_s=0.132663,released_listeners=0,
start_task=,name=getrfprofile,tick=173,start_time=125005.935531,nthreads=60,
message=tick stats,tick=173,estimated_current_power=0.000000,
end_task=,name=getrfprofile,elapsed_seconds=0.792090,predicted_seconds=0.000000,time_percent_error=100.000000,nthreads=60,end_time=125006.728962,avg_power_W=139.625000,max_power_W=153.000000,avg_time_s=0.396045,released_listeners=1,
start_task=,name=getrf,tick=174,start_time=125006.729022,nthreads=60,
message=tick stats,tick=174,estimated_current_power=74.100000,
end_task=,name=getrf,elapsed_seconds=0.475324,predicted_seconds=0.295288,time_percent_error=37.876526,nthreads=60,end_time=125007.206410,avg_power_W=138.222222,max_power_W=140.000000,avg_time_s=0.475324,released_listeners=2,
start_task=,name=trsm_leftprofile,tick=175,start_time=125007.206470,nthreads=60,
message=tick stats,tick=175,estimated_current_power=0.000000,
end_task=,name=trsm_leftprofile,elapsed_seconds=0.540407,predicted_seconds=0.000000,time_percent_error=100.000000,nthreads=60,end_time=125007.747514,avg_power_W=149.272727,max_power_W=159.000000,avg_time_s=0.036027,released_listeners=1,
start_task=,name=trsm_rightprofile,tick=176,start_time=125007.747574,nthreads=60,
message=tick stats,tick=176,estimated_current_power=0.000000,
end_task=,name=trsm_rightprofile,elapsed_seconds=0.528314,predicted_seconds=0.000000,time_percent_error=100.000000,nthreads=60,end_time=125008.278932,avg_power_W=152.090909,max_power_W=157.000000,avg_time_s=0.044026,released_listeners=1,
start_task=,name=trsm_left,tick=177,start_time=125008.278996,nthreads=60,
message=tick stats,tick=177,estimated_current_power=97.966667,
end_task=,name=trsm_left,elapsed_seconds=0.064275,predicted_seconds=0.021487,time_percent_error=66.570168,nthreads=60,end_time=125008.343938,avg_power_W=153.000000,max_power_W=153.000000,avg_time_s=0.064275,released_listeners=1,
start_task=,name=trsm_right,tick=178,start_time=125008.343994,nthreads=60,
message=tick stats,tick=178,estimated_current_power=95.033333,
end_task=,name=trsm_right,elapsed_seconds=0.076966,predicted_seconds=0.026496,time_percent_error=65.574068,nthreads=60,end_time=125008.429076,avg_power_W=145.000000,max_power_W=148.000000,avg_time_s=0.076966,released_listeners=1,
start_task=,name=lu_gemmprofile,tick=179,start_time=125008.429150,nthreads=60,
message=tick stats,tick=179,estimated_current_power=0.000000,
end_task=,name=lu_gemmprofile,elapsed_seconds=0.543129,predicted_seconds=0.000000,time_percent_error=100.000000,nthreads=60,end_time=125008.978627,avg_power_W=149.909091,max_power_W=158.000000,avg_time_s=0.060348,released_listeners=1,
start_task=,name=lu_gemm,tick=180,start_time=125008.978693,nthreads=60,
message=tick stats,tick=180,estimated_current_power=97.281818,
end_task=,name=lu_gemm,elapsed_seconds=0.141916,predicted_seconds=0.035656,time_percent_error=74.875254,nthreads=60,end_time=125009.128896,avg_power_W=142.666667,max_power_W=151.000000,avg_time_s=0.141916,released_listeners=1,
start_task=,name=getrfprofile,tick=181,start_time=125009.128959,nthreads=60,
message=tick stats,tick=181,estimated_current_power=0.000000,
end_task=,name=getrfprofile,elapsed_seconds=0.801946,predicted_seconds=0.000000,time_percent_error=100.000000,nthreads=60,end_time=125009.931827,avg_power_W=138.625000,max_power_W=148.000000,avg_time_s=0.400973,released_listeners=1,
start_task=,name=getrf,tick=182,start_time=125009.931886,nthreads=60,
message=tick stats,tick=182,estimated_current_power=74.100000,
end_task=,name=getrf,elapsed_seconds=0.420813,predicted_seconds=0.295288,time_percent_error=29.829089,nthreads=60,end_time=125010.353557,avg_power_W=137.000000,max_power_W=138.000000,avg_time_s=0.420813,released_listeners=0,
est_max_power=97.966667,
average_power_W=137.000000,
max_power_W=138.000000,
time_s=64.740117,
message=ALL DONE,
