message=cataloging configuration,max_threads=109,power_limit=inf,
start_task=,name=getrfprofile,tick=1,start_time=214571.505060,nthreads=109,
message=tick stats,tick=1,estimated_current_power=0.000000,
end_task=,name=getrfprofile,elapsed_seconds=0.592430,predicted_seconds=0.000000,time_percent_error=100.000000,nthreads=109,end_time=214572.098307,avg_power_W=144.272727,max_power_W=167.000000,avg_time_s=0.592430,released_listeners=1,
start_task=,name=getrf,tick=2,start_time=214572.098393,nthreads=109,
message=tick stats,tick=2,estimated_current_power=48.266667,
end_task=,name=getrf,elapsed_seconds=0.105967,predicted_seconds=0.368740,time_percent_error=247.978010,nthreads=109,end_time=214572.219274,avg_power_W=167.333333,max_power_W=170.000000,avg_time_s=0.105967,released_listeners=10,
start_task=,name=trsm_leftprofile,tick=3,start_time=214572.219361,nthreads=109,
message=tick stats,tick=3,estimated_current_power=0.000000,
end_task=,name=trsm_leftprofile,elapsed_seconds=0.541790,predicted_seconds=0.000000,time_percent_error=100.000000,nthreads=109,end_time=214572.769712,avg_power_W=158.545455,max_power_W=173.000000,avg_time_s=0.135448,released_listeners=1,
start_task=,name=trsm_rightprofile,tick=4,start_time=214572.769796,nthreads=109,
message=tick stats,tick=4,estimated_current_power=0.000000,
end_task=,name=trsm_rightprofile,elapsed_seconds=0.527097,predicted_seconds=0.000000,time_percent_error=100.000000,nthreads=109,end_time=214573.297629,avg_power_W=179.000000,max_power_W=187.000000,avg_time_s=0.031006,released_listeners=1,
start_task=,name=trsm_leftprofile,tick=5,start_time=214573.297709,nthreads=109,
message=tick stats,tick=5,estimated_current_power=0.000000,
end_task=,name=trsm_leftprofile,elapsed_seconds=0.549738,predicted_seconds=0.000000,time_percent_error=100.000000,nthreads=109,end_time=214573.848465,avg_power_W=164.181818,max_power_W=189.000000,avg_time_s=0.137434,released_listeners=1,
start_task=,name=trsm_leftprofile,tick=6,start_time=214573.848545,nthreads=109,
message=tick stats,tick=6,estimated_current_power=0.000000,
end_task=,name=trsm_leftprofile,elapsed_seconds=0.557939,predicted_seconds=0.000000,time_percent_error=100.000000,nthreads=109,end_time=214574.419847,avg_power_W=164.666667,max_power_W=177.000000,avg_time_s=0.111588,released_listeners=1,
start_task=,name=trsm_rightprofile,tick=7,start_time=214574.419931,nthreads=109,
message=tick stats,tick=7,estimated_current_power=0.000000,
end_task=,name=trsm_rightprofile,elapsed_seconds=0.541193,predicted_seconds=0.000000,time_percent_error=100.000000,nthreads=109,end_time=214574.969580,avg_power_W=182.181818,max_power_W=189.000000,avg_time_s=0.030066,released_listeners=1,
start_task=,name=trsm_leftprofile,tick=8,start_time=214574.969664,nthreads=109,
message=tick stats,tick=8,estimated_current_power=0.000000,
end_task=,name=trsm_leftprofile,elapsed_seconds=0.527010,predicted_seconds=0.000000,time_percent_error=100.000000,nthreads=109,end_time=214575.497733,avg_power_W=172.400000,max_power_W=186.000000,avg_time_s=0.052701,released_listeners=1,
start_task=,name=trsm_rightprofile,tick=9,start_time=214575.497814,nthreads=109,
message=tick stats,tick=9,estimated_current_power=0.000000,
end_task=,name=trsm_rightprofile,elapsed_seconds=0.549390,predicted_seconds=0.000000,time_percent_error=100.000000,nthreads=109,end_time=214576.047832,avg_power_W=183.000000,max_power_W=190.000000,avg_time_s=0.030522,released_listeners=1,
start_task=,name=trsm_leftprofile,tick=10,start_time=214576.047912,nthreads=109,
message=tick stats,tick=10,estimated_current_power=0.000000,
end_task=,name=trsm_leftprofile,elapsed_seconds=0.541482,predicted_seconds=0.000000,time_percent_error=100.000000,nthreads=109,end_time=214576.590360,avg_power_W=169.363636,max_power_W=189.000000,avg_time_s=0.090247,released_listeners=1,
start_task=,name=trsm_rightprofile,tick=11,start_time=214576.590443,nthreads=109,
message=tick stats,tick=11,estimated_current_power=0.000000,
end_task=,name=trsm_rightprofile,elapsed_seconds=0.545032,predicted_seconds=0.000000,time_percent_error=100.000000,nthreads=109,end_time=214577.136131,avg_power_W=183.545455,max_power_W=188.000000,avg_time_s=0.030280,released_listeners=1,
start_task=,name=trsm_rightprofile,tick=12,start_time=214577.136245,nthreads=109,
message=tick stats,tick=12,estimated_current_power=0.000000,
end_task=,name=trsm_rightprofile,elapsed_seconds=0.538552,predicted_seconds=0.000000,time_percent_error=100.000000,nthreads=109,end_time=214577.675805,avg_power_W=184.818182,max_power_W=189.000000,avg_time_s=0.031680,released_listeners=1,
start_task=,name=trsm_left,tick=13,start_time=214577.675886,nthreads=109,
message=tick stats,tick=13,estimated_current_power=42.700000,
end_task=,name=trsm_left,elapsed_seconds=0.317750,predicted_seconds=0.349183,time_percent_error=9.892256,nthreads=109,end_time=214577.994290,avg_power_W=162.166667,max_power_W=186.000000,avg_time_s=0.317750,released_listeners=5,
start_task=,name=trsm_right,tick=14,start_time=214577.994377,nthreads=109,
message=tick stats,tick=14,estimated_current_power=49.833333,
end_task=,name=trsm_right,elapsed_seconds=0.067601,predicted_seconds=0.062645,time_percent_error=7.331537,nthreads=109,end_time=214578.069591,avg_power_W=157.500000,max_power_W=159.000000,avg_time_s=0.067601,released_listeners=5,
start_task=,name=trsm_left,tick=15,start_time=214578.069677,nthreads=109,
message=tick stats,tick=15,estimated_current_power=42.700000,
end_task=,name=trsm_left,elapsed_seconds=0.090572,predicted_seconds=0.349183,time_percent_error=285.532771,nthreads=109,end_time=214578.169808,avg_power_W=167.500000,max_power_W=171.000000,avg_time_s=0.090572,released_listeners=5,
start_task=,name=trsm_left,tick=16,start_time=214578.169895,nthreads=109,
message=tick stats,tick=16,estimated_current_power=42.700000,
end_task=,name=trsm_left,elapsed_seconds=0.151511,predicted_seconds=0.349183,time_percent_error=130.466448,nthreads=109,end_time=214578.322379,avg_power_W=161.666667,max_power_W=165.000000,avg_time_s=0.151511,released_listeners=5,
start_task=,name=trsm_right,tick=17,start_time=214578.322462,nthreads=109,
message=tick stats,tick=17,estimated_current_power=49.833333,
end_task=,name=trsm_right,elapsed_seconds=0.066125,predicted_seconds=0.062645,time_percent_error=5.263666,nthreads=109,end_time=214578.389211,avg_power_W=159.000000,max_power_W=159.000000,avg_time_s=0.066125,released_listeners=5,
start_task=,name=trsm_left,tick=18,start_time=214578.389293,nthreads=109,
message=tick stats,tick=18,estimated_current_power=42.700000,
end_task=,name=trsm_left,elapsed_seconds=0.344549,predicted_seconds=0.349183,time_percent_error=1.344976,nthreads=109,end_time=214578.734899,avg_power_W=161.857143,max_power_W=176.000000,avg_time_s=0.344549,released_listeners=5,
start_task=,name=trsm_right,tick=19,start_time=214578.734981,nthreads=109,
message=tick stats,tick=19,estimated_current_power=49.833333,
end_task=,name=trsm_right,elapsed_seconds=0.058049,predicted_seconds=0.062645,time_percent_error=7.916327,nthreads=109,end_time=214578.794034,avg_power_W=157.000000,max_power_W=157.000000,avg_time_s=0.058049,released_listeners=5,
start_task=,name=trsm_left,tick=20,start_time=214578.794116,nthreads=109,
message=tick stats,tick=20,estimated_current_power=42.700000,
end_task=,name=trsm_left,elapsed_seconds=0.170478,predicted_seconds=0.349183,time_percent_error=104.825789,nthreads=109,end_time=214578.969505,avg_power_W=164.250000,max_power_W=174.000000,avg_time_s=0.170478,released_listeners=5,
start_task=,name=trsm_right,tick=21,start_time=214578.969592,nthreads=109,
message=tick stats,tick=21,estimated_current_power=49.833333,
end_task=,name=trsm_right,elapsed_seconds=0.053108,predicted_seconds=0.062645,time_percent_error=17.956694,nthreads=109,end_time=214579.023665,avg_power_W=156.000000,max_power_W=156.000000,avg_time_s=0.053108,released_listeners=5,
start_task=,name=trsm_right,tick=22,start_time=214579.023744,nthreads=109,
message=tick stats,tick=22,estimated_current_power=49.833333,
end_task=,name=trsm_right,elapsed_seconds=0.056491,predicted_seconds=0.062645,time_percent_error=10.893919,nthreads=109,end_time=214579.081093,avg_power_W=171.000000,max_power_W=171.000000,avg_time_s=0.056491,released_listeners=5,
start_task=,name=lu_gemmprofile,tick=23,start_time=214579.081189,nthreads=109,
message=tick stats,tick=23,estimated_current_power=0.000000,
end_task=,name=lu_gemmprofile,elapsed_seconds=0.535070,predicted_seconds=0.000000,time_percent_error=100.000000,nthreads=109,end_time=214579.619759,avg_power_W=186.909091,max_power_W=199.000000,avg_time_s=0.033442,released_listeners=1,
start_task=,name=lu_gemmprofile,tick=24,start_time=214579.619845,nthreads=109,
message=tick stats,tick=24,estimated_current_power=0.000000,
end_task=,name=lu_gemmprofile,elapsed_seconds=0.546830,predicted_seconds=0.000000,time_percent_error=100.000000,nthreads=109,end_time=214580.169325,avg_power_W=193.363636,max_power_W=201.000000,avg_time_s=0.032166,released_listeners=1,
start_task=,name=lu_gemmprofile,tick=25,start_time=214580.169410,nthreads=109,
message=tick stats,tick=25,estimated_current_power=0.000000,
end_task=,name=lu_gemmprofile,elapsed_seconds=0.552407,predicted_seconds=0.000000,time_percent_error=100.000000,nthreads=109,end_time=214580.722866,avg_power_W=191.272727,max_power_W=200.000000,avg_time_s=0.032495,released_listeners=1,
start_task=,name=lu_gemmprofile,tick=26,start_time=214580.722948,nthreads=109,
message=tick stats,tick=26,estimated_current_power=0.000000,
end_task=,name=lu_gemmprofile,elapsed_seconds=0.541861,predicted_seconds=0.000000,time_percent_error=100.000000,nthreads=109,end_time=214581.269719,avg_power_W=190.363636,max_power_W=203.000000,avg_time_s=0.036124,released_listeners=1,
start_task=,name=lu_gemmprofile,tick=27,start_time=214581.269805,nthreads=109,
message=tick stats,tick=27,estimated_current_power=0.000000,
end_task=,name=lu_gemmprofile,elapsed_seconds=0.522877,predicted_seconds=0.000000,time_percent_error=100.000000,nthreads=109,end_time=214581.793694,avg_power_W=191.100000,max_power_W=200.000000,avg_time_s=0.032680,released_listeners=1,
start_task=,name=lu_gemmprofile,tick=28,start_time=214581.793778,nthreads=109,
message=tick stats,tick=28,estimated_current_power=0.000000,
end_task=,name=lu_gemmprofile,elapsed_seconds=0.522134,predicted_seconds=0.000000,time_percent_error=100.000000,nthreads=109,end_time=214582.319595,avg_power_W=192.909091,max_power_W=203.000000,avg_time_s=0.032633,released_listeners=1,
start_task=,name=lu_gemmprofile,tick=29,start_time=214582.319681,nthreads=109,
message=tick stats,tick=29,estimated_current_power=0.000000,
end_task=,name=lu_gemmprofile,elapsed_seconds=0.548651,predicted_seconds=0.000000,time_percent_error=100.000000,nthreads=109,end_time=214582.869789,avg_power_W=194.363636,max_power_W=202.000000,avg_time_s=0.032274,released_listeners=1,
start_task=,name=lu_gemmprofile,tick=30,start_time=214582.869875,nthreads=109,
message=tick stats,tick=30,estimated_current_power=0.000000,
end_task=,name=lu_gemmprofile,elapsed_seconds=0.545803,predicted_seconds=0.000000,time_percent_error=100.000000,nthreads=109,end_time=214583.419508,avg_power_W=192.090909,max_power_W=202.000000,avg_time_s=0.036387,released_listeners=1,
start_task=,name=lu_gemmprofile,tick=31,start_time=214583.419593,nthreads=109,
message=tick stats,tick=31,estimated_current_power=0.000000,
end_task=,name=lu_gemmprofile,elapsed_seconds=0.544105,predicted_seconds=0.000000,time_percent_error=100.000000,nthreads=109,end_time=214583.969447,avg_power_W=193.727273,max_power_W=201.000000,avg_time_s=0.032006,released_listeners=1,
start_task=,name=lu_gemmprofile,tick=32,start_time=214583.969532,nthreads=109,
message=tick stats,tick=32,estimated_current_power=0.000000,
end_task=,name=lu_gemmprofile,elapsed_seconds=0.546615,predicted_seconds=0.000000,time_percent_error=100.000000,nthreads=109,end_time=214584.519631,avg_power_W=196.090909,max_power_W=208.000000,avg_time_s=0.032154,released_listeners=1,
start_task=,name=lu_gemmprofile,tick=33,start_time=214584.519716,nthreads=109,
message=tick stats,tick=33,estimated_current_power=0.000000,
end_task=,name=lu_gemmprofile,elapsed_seconds=0.540930,predicted_seconds=0.000000,time_percent_error=100.000000,nthreads=109,end_time=214585.069341,avg_power_W=196.909091,max_power_W=204.000000,avg_time_s=0.031819,released_listeners=1,
start_task=,name=lu_gemmprofile,tick=34,start_time=214585.069436,nthreads=109,
message=tick stats,tick=34,estimated_current_power=0.000000,
end_task=,name=lu_gemmprofile,elapsed_seconds=0.539108,predicted_seconds=0.000000,time_percent_error=100.000000,nthreads=109,end_time=214585.620059,avg_power_W=195.636364,max_power_W=207.000000,avg_time_s=0.035941,released_listeners=1,
start_task=,name=lu_gemmprofile,tick=35,start_time=214585.620156,nthreads=109,
message=tick stats,tick=35,estimated_current_power=0.000000,
end_task=,name=lu_gemmprofile,elapsed_seconds=0.566712,predicted_seconds=0.000000,time_percent_error=100.000000,nthreads=109,end_time=214586.187546,avg_power_W=191.818182,max_power_W=202.000000,avg_time_s=0.033336,released_listeners=1,
start_task=,name=lu_gemmprofile,tick=36,start_time=214586.187628,nthreads=109,
message=tick stats,tick=36,estimated_current_power=0.000000,
end_task=,name=lu_gemmprofile,elapsed_seconds=0.543188,predicted_seconds=0.000000,time_percent_error=100.000000,nthreads=109,end_time=214586.731906,avg_power_W=195.636364,max_power_W=205.000000,avg_time_s=0.031952,released_listeners=1,
start_task=,name=lu_gemmprofile,tick=37,start_time=214586.731989,nthreads=109,
message=tick stats,tick=37,estimated_current_power=0.000000,
end_task=,name=lu_gemmprofile,elapsed_seconds=0.549162,predicted_seconds=0.000000,time_percent_error=100.000000,nthreads=109,end_time=214587.281894,avg_power_W=194.363636,max_power_W=204.000000,avg_time_s=0.032304,released_listeners=1,
start_task=,name=lu_gemmprofile,tick=38,start_time=214587.281979,nthreads=109,
message=tick stats,tick=38,estimated_current_power=0.000000,
end_task=,name=lu_gemmprofile,elapsed_seconds=0.526596,predicted_seconds=0.000000,time_percent_error=100.000000,nthreads=109,end_time=214587.820159,avg_power_W=195.818182,max_power_W=205.000000,avg_time_s=0.032912,released_listeners=1,
start_task=,name=lu_gemmprofile,tick=39,start_time=214587.820245,nthreads=109,
message=tick stats,tick=39,estimated_current_power=0.000000,
end_task=,name=lu_gemmprofile,elapsed_seconds=0.568590,predicted_seconds=0.000000,time_percent_error=100.000000,nthreads=109,end_time=214588.389500,avg_power_W=193.181818,max_power_W=205.000000,avg_time_s=0.035537,released_listeners=1,
start_task=,name=lu_gemmprofile,tick=40,start_time=214588.389583,nthreads=109,
message=tick stats,tick=40,estimated_current_power=0.000000,
end_task=,name=lu_gemmprofile,elapsed_seconds=0.546670,predicted_seconds=0.000000,time_percent_error=100.000000,nthreads=109,end_time=214588.937288,avg_power_W=196.181818,max_power_W=205.000000,avg_time_s=0.032157,released_listeners=1,
start_task=,name=lu_gemmprofile,tick=41,start_time=214588.937371,nthreads=109,
message=tick stats,tick=41,estimated_current_power=0.000000,
end_task=,name=lu_gemmprofile,elapsed_seconds=0.549244,predicted_seconds=0.000000,time_percent_error=100.000000,nthreads=109,end_time=214589.487271,avg_power_W=194.545455,max_power_W=204.000000,avg_time_s=0.032308,released_listeners=1,
start_task=,name=lu_gemmprofile,tick=42,start_time=214589.487354,nthreads=109,
message=tick stats,tick=42,estimated_current_power=0.000000,
end_task=,name=lu_gemmprofile,elapsed_seconds=0.552184,predicted_seconds=0.000000,time_percent_error=100.000000,nthreads=109,end_time=214590.040570,avg_power_W=193.090909,max_power_W=202.000000,avg_time_s=0.032481,released_listeners=1,
start_task=,name=lu_gemmprofile,tick=43,start_time=214590.040652,nthreads=109,
message=tick stats,tick=43,estimated_current_power=0.000000,
end_task=,name=lu_gemmprofile,elapsed_seconds=0.541059,predicted_seconds=0.000000,time_percent_error=100.000000,nthreads=109,end_time=214590.582772,avg_power_W=190.363636,max_power_W=205.000000,avg_time_s=0.036071,released_listeners=1,
start_task=,name=lu_gemmprofile,tick=44,start_time=214590.582856,nthreads=109,
message=tick stats,tick=44,estimated_current_power=0.000000,
end_task=,name=lu_gemmprofile,elapsed_seconds=0.544719,predicted_seconds=0.000000,time_percent_error=100.000000,nthreads=109,end_time=214591.128207,avg_power_W=194.727273,max_power_W=202.000000,avg_time_s=0.032042,released_listeners=1,
start_task=,name=lu_gemmprofile,tick=45,start_time=214591.128296,nthreads=109,
message=tick stats,tick=45,estimated_current_power=0.000000,
end_task=,name=lu_gemmprofile,elapsed_seconds=0.548426,predicted_seconds=0.000000,time_percent_error=100.000000,nthreads=109,end_time=214591.677732,avg_power_W=196.272727,max_power_W=204.000000,avg_time_s=0.032260,released_listeners=1,
start_task=,name=lu_gemmprofile,tick=46,start_time=214591.677816,nthreads=109,
message=tick stats,tick=46,estimated_current_power=0.000000,
end_task=,name=lu_gemmprofile,elapsed_seconds=0.548091,predicted_seconds=0.000000,time_percent_error=100.000000,nthreads=109,end_time=214592.226592,avg_power_W=195.090909,max_power_W=207.000000,avg_time_s=0.032241,released_listeners=1,
start_task=,name=lu_gemmprofile,tick=47,start_time=214592.226674,nthreads=109,
message=tick stats,tick=47,estimated_current_power=0.000000,
end_task=,name=lu_gemmprofile,elapsed_seconds=0.549874,predicted_seconds=0.000000,time_percent_error=100.000000,nthreads=109,end_time=214592.777536,avg_power_W=195.818182,max_power_W=205.000000,avg_time_s=0.036658,released_listeners=1,
start_task=,name=lu_gemm,tick=48,start_time=214592.777621,nthreads=109,
message=tick stats,tick=48,estimated_current_power=59.045455,
end_task=,name=lu_gemm,elapsed_seconds=0.075296,predicted_seconds=0.055599,time_percent_error=26.159191,nthreads=109,end_time=214592.853920,avg_power_W=200.000000,max_power_W=200.000000,avg_time_s=0.075296,released_listeners=1,
start_task=,name=lu_gemm,tick=49,start_time=214592.854002,nthreads=109,
message=tick stats,tick=49,estimated_current_power=59.045455,
end_task=,name=lu_gemm,elapsed_seconds=0.084057,predicted_seconds=0.055599,time_percent_error=33.855219,nthreads=109,end_time=214592.939059,avg_power_W=185.500000,max_power_W=186.000000,avg_time_s=0.084057,released_listeners=0,
start_task=,name=lu_gemm,tick=50,start_time=214592.939145,nthreads=109,
message=tick stats,tick=50,estimated_current_power=59.045455,
end_task=,name=lu_gemm,elapsed_seconds=0.078390,predicted_seconds=0.055599,time_percent_error=29.073742,nthreads=109,end_time=214593.019733,avg_power_W=173.500000,max_power_W=189.000000,avg_time_s=0.078390,released_listeners=0,
start_task=,name=lu_gemm,tick=51,start_time=214593.019819,nthreads=109,
message=tick stats,tick=51,estimated_current_power=59.045455,
end_task=,name=lu_gemm,elapsed_seconds=0.076965,predicted_seconds=0.055599,time_percent_error=27.760766,nthreads=109,end_time=214593.097512,avg_power_W=176.000000,max_power_W=176.000000,avg_time_s=0.076965,released_listeners=1,
start_task=,name=lu_gemm,tick=52,start_time=214593.097590,nthreads=109,
message=tick stats,tick=52,estimated_current_power=59.045455,
end_task=,name=lu_gemm,elapsed_seconds=0.081197,predicted_seconds=0.055599,time_percent_error=31.525801,nthreads=109,end_time=214593.179687,avg_power_W=175.500000,max_power_W=188.000000,avg_time_s=0.081197,released_listeners=0,
start_task=,name=lu_gemm,tick=53,start_time=214593.179769,nthreads=109,
message=tick stats,tick=53,estimated_current_power=59.045455,
end_task=,name=lu_gemm,elapsed_seconds=0.077534,predicted_seconds=0.055599,time_percent_error=28.290978,nthreads=109,end_time=214593.269708,avg_power_W=163.000000,max_power_W=165.000000,avg_time_s=0.077534,released_listeners=0,
start_task=,name=lu_gemm,tick=54,start_time=214593.269793,nthreads=109,
message=tick stats,tick=54,estimated_current_power=59.045455,
end_task=,name=lu_gemm,elapsed_seconds=0.079566,predicted_seconds=0.055599,time_percent_error=30.122171,nthreads=109,end_time=214593.350107,avg_power_W=169.000000,max_power_W=169.000000,avg_time_s=0.079566,released_listeners=0,
start_task=,name=lu_gemm,tick=55,start_time=214593.350195,nthreads=109,
message=tick stats,tick=55,estimated_current_power=59.045455,
end_task=,name=lu_gemm,elapsed_seconds=0.075958,predicted_seconds=0.055599,time_percent_error=26.802669,nthreads=109,end_time=214593.426939,avg_power_W=173.500000,max_power_W=180.000000,avg_time_s=0.075958,released_listeners=0,
start_task=,name=lu_gemm,tick=56,start_time=214593.427028,nthreads=109,
message=tick stats,tick=56,estimated_current_power=59.045455,
end_task=,name=lu_gemm,elapsed_seconds=0.081257,predicted_seconds=0.055599,time_percent_error=31.576532,nthreads=109,end_time=214593.519691,avg_power_W=166.500000,max_power_W=175.000000,avg_time_s=0.081257,released_listeners=1,
start_task=,name=lu_gemm,tick=57,start_time=214593.519778,nthreads=109,
message=tick stats,tick=57,estimated_current_power=59.045455,
end_task=,name=lu_gemm,elapsed_seconds=0.082843,predicted_seconds=0.055599,time_percent_error=32.886121,nthreads=109,end_time=214593.603444,avg_power_W=173.000000,max_power_W=173.000000,avg_time_s=0.082843,released_listeners=1,
start_task=,name=lu_gemm,tick=58,start_time=214593.603528,nthreads=109,
message=tick stats,tick=58,estimated_current_power=59.045455,
end_task=,name=lu_gemm,elapsed_seconds=0.076453,predicted_seconds=0.055599,time_percent_error=27.277179,nthreads=109,end_time=214593.680760,avg_power_W=177.500000,max_power_W=189.000000,avg_time_s=0.076453,released_listeners=1,
start_task=,name=lu_gemm,tick=59,start_time=214593.680843,nthreads=109,
message=tick stats,tick=59,estimated_current_power=59.045455,
end_task=,name=lu_gemm,elapsed_seconds=0.076057,predicted_seconds=0.055599,time_percent_error=26.898027,nthreads=109,end_time=214593.769874,avg_power_W=168.500000,max_power_W=174.000000,avg_time_s=0.076057,released_listeners=1,
start_task=,name=lu_gemm,tick=60,start_time=214593.769960,nthreads=109,
message=tick stats,tick=60,estimated_current_power=59.045455,
end_task=,name=lu_gemm,elapsed_seconds=0.075328,predicted_seconds=0.055599,time_percent_error=26.191032,nthreads=109,end_time=214593.846355,avg_power_W=170.000000,max_power_W=170.000000,avg_time_s=0.075328,released_listeners=1,
start_task=,name=lu_gemm,tick=61,start_time=214593.846438,nthreads=109,
message=tick stats,tick=61,estimated_current_power=59.045455,
end_task=,name=lu_gemm,elapsed_seconds=0.073680,predicted_seconds=0.055599,time_percent_error=24.539851,nthreads=109,end_time=214593.920797,avg_power_W=175.500000,max_power_W=185.000000,avg_time_s=0.073680,released_listeners=0,
start_task=,name=lu_gemm,tick=62,start_time=214593.920879,nthreads=109,
message=tick stats,tick=62,estimated_current_power=59.045455,
end_task=,name=lu_gemm,elapsed_seconds=0.080089,predicted_seconds=0.055599,time_percent_error=30.578568,nthreads=109,end_time=214594.001686,avg_power_W=156.000000,max_power_W=156.000000,avg_time_s=0.080089,released_listeners=0,
start_task=,name=lu_gemm,tick=63,start_time=214594.001768,nthreads=109,
message=tick stats,tick=63,estimated_current_power=59.045455,
end_task=,name=lu_gemm,elapsed_seconds=0.080058,predicted_seconds=0.055599,time_percent_error=30.551188,nthreads=109,end_time=214594.083309,avg_power_W=175.000000,max_power_W=185.000000,avg_time_s=0.080058,released_listeners=1,
start_task=,name=lu_gemm,tick=64,start_time=214594.083392,nthreads=109,
message=tick stats,tick=64,estimated_current_power=59.045455,
end_task=,name=lu_gemm,elapsed_seconds=0.074675,predicted_seconds=0.055599,time_percent_error=25.544949,nthreads=109,end_time=214594.169708,avg_power_W=167.000000,max_power_W=176.000000,avg_time_s=0.074675,released_listeners=0,
start_task=,name=lu_gemm,tick=65,start_time=214594.169793,nthreads=109,
message=tick stats,tick=65,estimated_current_power=59.045455,
end_task=,name=lu_gemm,elapsed_seconds=0.078293,predicted_seconds=0.055599,time_percent_error=28.985620,nthreads=109,end_time=214594.248990,avg_power_W=189.000000,max_power_W=189.000000,avg_time_s=0.078293,released_listeners=0,
start_task=,name=lu_gemm,tick=66,start_time=214594.249072,nthreads=109,
message=tick stats,tick=66,estimated_current_power=59.045455,
end_task=,name=lu_gemm,elapsed_seconds=0.080019,predicted_seconds=0.055599,time_percent_error=30.517963,nthreads=109,end_time=214594.329803,avg_power_W=177.500000,max_power_W=189.000000,avg_time_s=0.080019,released_listeners=0,
start_task=,name=lu_gemm,tick=67,start_time=214594.329884,nthreads=109,
message=tick stats,tick=67,estimated_current_power=59.045455,
end_task=,name=lu_gemm,elapsed_seconds=0.076406,predicted_seconds=0.055599,time_percent_error=27.231852,nthreads=109,end_time=214594.419480,avg_power_W=167.000000,max_power_W=173.000000,avg_time_s=0.076406,released_listeners=0,
start_task=,name=lu_gemm,tick=68,start_time=214594.419565,nthreads=109,
message=tick stats,tick=68,estimated_current_power=59.045455,
end_task=,name=lu_gemm,elapsed_seconds=0.076464,predicted_seconds=0.055599,time_percent_error=27.286786,nthreads=109,end_time=214594.496805,avg_power_W=179.000000,max_power_W=179.000000,avg_time_s=0.076464,released_listeners=1,
start_task=,name=lu_gemm,tick=69,start_time=214594.496888,nthreads=109,
message=tick stats,tick=69,estimated_current_power=59.045455,
end_task=,name=lu_gemm,elapsed_seconds=0.076123,predicted_seconds=0.055599,time_percent_error=26.961285,nthreads=109,end_time=214594.573700,avg_power_W=174.500000,max_power_W=183.000000,avg_time_s=0.076123,released_listeners=0,
start_task=,name=lu_gemm,tick=70,start_time=214594.573782,nthreads=109,
message=tick stats,tick=70,estimated_current_power=59.045455,
end_task=,name=lu_gemm,elapsed_seconds=0.075117,predicted_seconds=0.055599,time_percent_error=25.983348,nthreads=109,end_time=214594.649595,avg_power_W=173.000000,max_power_W=173.000000,avg_time_s=0.075117,released_listeners=0,
start_task=,name=lu_gemm,tick=71,start_time=214594.649676,nthreads=109,
message=tick stats,tick=71,estimated_current_power=59.045455,
end_task=,name=lu_gemm,elapsed_seconds=0.078026,predicted_seconds=0.055599,time_percent_error=28.742817,nthreads=109,end_time=214594.728744,avg_power_W=177.500000,max_power_W=188.000000,avg_time_s=0.078026,released_listeners=0,
start_task=,name=lu_gemm,tick=72,start_time=214594.728825,nthreads=109,
message=tick stats,tick=72,estimated_current_power=59.045455,
end_task=,name=lu_gemm,elapsed_seconds=0.089201,predicted_seconds=0.055599,time_percent_error=37.669827,nthreads=109,end_time=214594.819738,avg_power_W=172.500000,max_power_W=175.000000,avg_time_s=0.089201,released_listeners=0,
start_task=,name=getrfprofile,tick=73,start_time=214594.819823,nthreads=109,
message=tick stats,tick=73,estimated_current_power=0.000000,
end_task=,name=getrfprofile,elapsed_seconds=0.629952,predicted_seconds=0.000000,time_percent_error=100.000000,nthreads=109,end_time=214595.450436,avg_power_W=177.083333,max_power_W=180.000000,avg_time_s=0.104992,released_listeners=1,
start_task=,name=getrf,tick=74,start_time=214595.450518,nthreads=109,
message=tick stats,tick=74,estimated_current_power=48.266667,
end_task=,name=getrf,elapsed_seconds=0.111646,predicted_seconds=0.368740,time_percent_error=230.275927,nthreads=109,end_time=214595.569681,avg_power_W=175.666667,max_power_W=178.000000,avg_time_s=0.111646,released_listeners=8,
start_task=,name=trsm_leftprofile,tick=75,start_time=214595.569769,nthreads=109,
message=tick stats,tick=75,estimated_current_power=0.000000,
end_task=,name=trsm_leftprofile,elapsed_seconds=0.547826,predicted_seconds=0.000000,time_percent_error=100.000000,nthreads=109,end_time=214596.119674,avg_power_W=173.272727,max_power_W=185.000000,avg_time_s=0.060870,released_listeners=1,
start_task=,name=trsm_rightprofile,tick=76,start_time=214596.119761,nthreads=109,
message=tick stats,tick=76,estimated_current_power=0.000000,
end_task=,name=trsm_rightprofile,elapsed_seconds=0.534243,predicted_seconds=0.000000,time_percent_error=100.000000,nthreads=109,end_time=214596.654734,avg_power_W=188.200000,max_power_W=195.000000,avg_time_s=0.029680,released_listeners=1,
start_task=,name=trsm_leftprofile,tick=77,start_time=214596.654816,nthreads=109,
message=tick stats,tick=77,estimated_current_power=0.000000,
end_task=,name=trsm_leftprofile,elapsed_seconds=0.603153,predicted_seconds=0.000000,time_percent_error=100.000000,nthreads=109,end_time=214597.269643,avg_power_W=171.230769,max_power_W=195.000000,avg_time_s=0.120631,released_listeners=1,
start_task=,name=trsm_rightprofile,tick=78,start_time=214597.269729,nthreads=109,
message=tick stats,tick=78,estimated_current_power=0.000000,
end_task=,name=trsm_rightprofile,elapsed_seconds=0.535557,predicted_seconds=0.000000,time_percent_error=100.000000,nthreads=109,end_time=214597.819942,avg_power_W=185.454545,max_power_W=192.000000,avg_time_s=0.031503,released_listeners=1,
start_task=,name=trsm_leftprofile,tick=79,start_time=214597.820030,nthreads=109,
message=tick stats,tick=79,estimated_current_power=0.000000,
end_task=,name=trsm_leftprofile,elapsed_seconds=0.540079,predicted_seconds=0.000000,time_percent_error=100.000000,nthreads=109,end_time=214598.369909,avg_power_W=169.636364,max_power_W=189.000000,avg_time_s=0.108016,released_listeners=1,
start_task=,name=trsm_rightprofile,tick=80,start_time=214598.369995,nthreads=109,
message=tick stats,tick=80,estimated_current_power=0.000000,
end_task=,name=trsm_rightprofile,elapsed_seconds=0.539238,predicted_seconds=0.000000,time_percent_error=100.000000,nthreads=109,end_time=214598.919693,avg_power_W=186.545455,max_power_W=193.000000,avg_time_s=0.029958,released_listeners=1,
start_task=,name=trsm_leftprofile,tick=81,start_time=214598.919779,nthreads=109,
message=tick stats,tick=81,estimated_current_power=0.000000,
end_task=,name=trsm_leftprofile,elapsed_seconds=0.656592,predicted_seconds=0.000000,time_percent_error=100.000000,nthreads=109,end_time=214599.577052,avg_power_W=171.769231,max_power_W=191.000000,avg_time_s=0.093799,released_listeners=1,
start_task=,name=trsm_rightprofile,tick=82,start_time=214599.577140,nthreads=109,
message=tick stats,tick=82,estimated_current_power=0.000000,
end_task=,name=trsm_rightprofile,elapsed_seconds=0.548280,predicted_seconds=0.000000,time_percent_error=100.000000,nthreads=109,end_time=214600.126433,avg_power_W=184.909091,max_power_W=195.000000,avg_time_s=0.030460,released_listeners=1,
start_task=,name=trsm_left,tick=83,start_time=214600.126515,nthreads=109,
message=tick stats,tick=83,estimated_current_power=42.700000,
end_task=,name=trsm_left,elapsed_seconds=0.277956,predicted_seconds=0.349183,time_percent_error=25.625377,nthreads=109,end_time=214600.419464,avg_power_W=168.333333,max_power_W=188.000000,avg_time_s=0.277956,released_listeners=4,
start_task=,name=trsm_right,tick=84,start_time=214600.419551,nthreads=109,
message=tick stats,tick=84,estimated_current_power=49.833333,
end_task=,name=trsm_right,elapsed_seconds=0.063857,predicted_seconds=0.062645,time_percent_error=1.897955,nthreads=109,end_time=214600.484303,avg_power_W=165.000000,max_power_W=165.000000,avg_time_s=0.063857,released_listeners=4,
start_task=,name=trsm_left,tick=85,start_time=214600.484385,nthreads=109,
message=tick stats,tick=85,estimated_current_power=42.700000,
end_task=,name=trsm_left,elapsed_seconds=0.307001,predicted_seconds=0.349183,time_percent_error=13.740130,nthreads=109,end_time=214600.792711,avg_power_W=164.666667,max_power_W=176.000000,avg_time_s=0.307001,released_listeners=4,
start_task=,name=trsm_right,tick=86,start_time=214600.792796,nthreads=109,
message=tick stats,tick=86,estimated_current_power=49.833333,
end_task=,name=trsm_right,elapsed_seconds=0.057742,predicted_seconds=0.062645,time_percent_error=8.490650,nthreads=109,end_time=214600.851467,avg_power_W=158.000000,max_power_W=158.000000,avg_time_s=0.057742,released_listeners=4,
start_task=,name=trsm_left,tick=87,start_time=214600.851550,nthreads=109,
message=tick stats,tick=87,estimated_current_power=42.700000,
end_task=,name=trsm_left,elapsed_seconds=0.402944,predicted_seconds=0.349183,time_percent_error=13.342110,nthreads=109,end_time=214601.269327,avg_power_W=162.111111,max_power_W=175.000000,avg_time_s=0.402944,released_listeners=4,
start_task=,name=trsm_right,tick=88,start_time=214601.269416,nthreads=109,
message=tick stats,tick=88,estimated_current_power=49.833333,
end_task=,name=trsm_right,elapsed_seconds=0.064962,predicted_seconds=0.062645,time_percent_error=3.567409,nthreads=109,end_time=214601.335465,avg_power_W=161.000000,max_power_W=161.000000,avg_time_s=0.064962,released_listeners=4,
start_task=,name=trsm_left,tick=89,start_time=214601.335549,nthreads=109,
message=tick stats,tick=89,estimated_current_power=42.700000,
end_task=,name=trsm_left,elapsed_seconds=0.095410,predicted_seconds=0.349183,time_percent_error=265.983607,nthreads=109,end_time=214601.431944,avg_power_W=167.000000,max_power_W=170.000000,avg_time_s=0.095410,released_listeners=4,
start_task=,name=trsm_right,tick=90,start_time=214601.432028,nthreads=109,
message=tick stats,tick=90,estimated_current_power=49.833333,
end_task=,name=trsm_right,elapsed_seconds=0.051444,predicted_seconds=0.062645,time_percent_error=21.772822,nthreads=109,end_time=214601.484173,avg_power_W=166.000000,max_power_W=166.000000,avg_time_s=0.051444,released_listeners=4,
start_task=,name=lu_gemmprofile,tick=91,start_time=214601.484292,nthreads=109,
message=tick stats,tick=91,estimated_current_power=0.000000,
end_task=,name=lu_gemmprofile,elapsed_seconds=0.545750,predicted_seconds=0.000000,time_percent_error=100.000000,nthreads=109,end_time=214602.031614,avg_power_W=187.636364,max_power_W=198.000000,avg_time_s=0.036383,released_listeners=1,
start_task=,name=lu_gemmprofile,tick=92,start_time=214602.031697,nthreads=109,
message=tick stats,tick=92,estimated_current_power=0.000000,
end_task=,name=lu_gemmprofile,elapsed_seconds=0.522726,predicted_seconds=0.000000,time_percent_error=100.000000,nthreads=109,end_time=214602.569263,avg_power_W=192.545455,max_power_W=206.000000,avg_time_s=0.032670,released_listeners=1,
start_task=,name=lu_gemmprofile,tick=93,start_time=214602.569352,nthreads=109,
message=tick stats,tick=93,estimated_current_power=0.000000,
end_task=,name=lu_gemmprofile,elapsed_seconds=0.529440,predicted_seconds=0.000000,time_percent_error=100.000000,nthreads=109,end_time=214603.099860,avg_power_W=193.400000,max_power_W=199.000000,avg_time_s=0.033090,released_listeners=1,
start_task=,name=lu_gemmprofile,tick=94,start_time=214603.099945,nthreads=109,
message=tick stats,tick=94,estimated_current_power=0.000000,
end_task=,name=lu_gemmprofile,elapsed_seconds=0.551222,predicted_seconds=0.000000,time_percent_error=100.000000,nthreads=109,end_time=214603.652076,avg_power_W=194.818182,max_power_W=202.000000,avg_time_s=0.032425,released_listeners=1,
start_task=,name=lu_gemmprofile,tick=95,start_time=214603.652166,nthreads=109,
message=tick stats,tick=95,estimated_current_power=0.000000,
end_task=,name=lu_gemmprofile,elapsed_seconds=0.535761,predicted_seconds=0.000000,time_percent_error=100.000000,nthreads=109,end_time=214604.188859,avg_power_W=194.727273,max_power_W=204.000000,avg_time_s=0.035717,released_listeners=1,
start_task=,name=lu_gemmprofile,tick=96,start_time=214604.188943,nthreads=109,
message=tick stats,tick=96,estimated_current_power=0.000000,
end_task=,name=lu_gemmprofile,elapsed_seconds=0.541958,predicted_seconds=0.000000,time_percent_error=100.000000,nthreads=109,end_time=214604.731969,avg_power_W=194.818182,max_power_W=207.000000,avg_time_s=0.031880,released_listeners=1,
start_task=,name=lu_gemmprofile,tick=97,start_time=214604.732058,nthreads=109,
message=tick stats,tick=97,estimated_current_power=0.000000,
end_task=,name=lu_gemmprofile,elapsed_seconds=0.521459,predicted_seconds=0.000000,time_percent_error=100.000000,nthreads=109,end_time=214605.254224,avg_power_W=193.600000,max_power_W=208.000000,avg_time_s=0.032591,released_listeners=1,
start_task=,name=lu_gemmprofile,tick=98,start_time=214605.254310,nthreads=109,
message=tick stats,tick=98,estimated_current_power=0.000000,
end_task=,name=lu_gemmprofile,elapsed_seconds=0.537627,predicted_seconds=0.000000,time_percent_error=100.000000,nthreads=109,end_time=214605.793630,avg_power_W=197.636364,max_power_W=206.000000,avg_time_s=0.031625,released_listeners=1,
start_task=,name=lu_gemmprofile,tick=99,start_time=214605.793714,nthreads=109,
message=tick stats,tick=99,estimated_current_power=0.000000,
end_task=,name=lu_gemmprofile,elapsed_seconds=0.563337,predicted_seconds=0.000000,time_percent_error=100.000000,nthreads=109,end_time=214606.369467,avg_power_W=196.916667,max_power_W=204.000000,avg_time_s=0.033137,released_listeners=1,
start_task=,name=lu_gemmprofile,tick=100,start_time=214606.369554,nthreads=109,
message=tick stats,tick=100,estimated_current_power=0.000000,
end_task=,name=lu_gemmprofile,elapsed_seconds=0.556765,predicted_seconds=0.000000,time_percent_error=100.000000,nthreads=109,end_time=214606.927489,avg_power_W=192.000000,max_power_W=203.000000,avg_time_s=0.037118,released_listeners=1,
start_task=,name=lu_gemmprofile,tick=101,start_time=214606.927575,nthreads=109,
message=tick stats,tick=101,estimated_current_power=0.000000,
end_task=,name=lu_gemmprofile,elapsed_seconds=0.525768,predicted_seconds=0.000000,time_percent_error=100.000000,nthreads=109,end_time=214607.454132,avg_power_W=195.000000,max_power_W=207.000000,avg_time_s=0.032861,released_listeners=1,
start_task=,name=lu_gemmprofile,tick=102,start_time=214607.454230,nthreads=109,
message=tick stats,tick=102,estimated_current_power=0.000000,
end_task=,name=lu_gemmprofile,elapsed_seconds=0.522900,predicted_seconds=0.000000,time_percent_error=100.000000,nthreads=109,end_time=214607.978712,avg_power_W=196.363636,max_power_W=204.000000,avg_time_s=0.032681,released_listeners=1,
start_task=,name=lu_gemmprofile,tick=103,start_time=214607.978795,nthreads=109,
message=tick stats,tick=103,estimated_current_power=0.000000,
end_task=,name=lu_gemmprofile,elapsed_seconds=0.519300,predicted_seconds=0.000000,time_percent_error=100.000000,nthreads=109,end_time=214608.498922,avg_power_W=197.500000,max_power_W=207.000000,avg_time_s=0.032456,released_listeners=1,
start_task=,name=lu_gemmprofile,tick=104,start_time=214608.499007,nthreads=109,
message=tick stats,tick=104,estimated_current_power=0.000000,
end_task=,name=lu_gemmprofile,elapsed_seconds=0.552621,predicted_seconds=0.000000,time_percent_error=100.000000,nthreads=109,end_time=214609.053194,avg_power_W=196.090909,max_power_W=203.000000,avg_time_s=0.034539,released_listeners=1,
start_task=,name=lu_gemmprofile,tick=105,start_time=214609.053305,nthreads=109,
message=tick stats,tick=105,estimated_current_power=0.000000,
end_task=,name=lu_gemmprofile,elapsed_seconds=0.545194,predicted_seconds=0.000000,time_percent_error=100.000000,nthreads=109,end_time=214609.599371,avg_power_W=198.272727,max_power_W=204.000000,avg_time_s=0.032070,released_listeners=1,
start_task=,name=lu_gemmprofile,tick=106,start_time=214609.599455,nthreads=109,
message=tick stats,tick=106,estimated_current_power=0.000000,
end_task=,name=lu_gemmprofile,elapsed_seconds=0.549691,predicted_seconds=0.000000,time_percent_error=100.000000,nthreads=109,end_time=214610.150080,avg_power_W=196.454545,max_power_W=203.000000,avg_time_s=0.032335,released_listeners=1,
start_task=,name=lu_gemm,tick=107,start_time=214610.150172,nthreads=109,
message=tick stats,tick=107,estimated_current_power=59.045455,
end_task=,name=lu_gemm,elapsed_seconds=0.075101,predicted_seconds=0.055599,time_percent_error=25.967946,nthreads=109,end_time=214610.226913,avg_power_W=200.000000,max_power_W=201.000000,avg_time_s=0.075101,released_listeners=1,
start_task=,name=lu_gemm,tick=108,start_time=214610.226997,nthreads=109,
message=tick stats,tick=108,estimated_current_power=59.045455,
end_task=,name=lu_gemm,elapsed_seconds=0.079851,predicted_seconds=0.055599,time_percent_error=30.371616,nthreads=109,end_time=214610.319210,avg_power_W=175.000000,max_power_W=182.000000,avg_time_s=0.079851,released_listeners=1,
start_task=,name=lu_gemm,tick=109,start_time=214610.319297,nthreads=109,
message=tick stats,tick=109,estimated_current_power=59.045455,
end_task=,name=lu_gemm,elapsed_seconds=0.072077,predicted_seconds=0.055599,time_percent_error=22.861349,nthreads=109,end_time=214610.391993,avg_power_W=188.000000,max_power_W=188.000000,avg_time_s=0.072077,released_listeners=1,
start_task=,name=lu_gemm,tick=110,start_time=214610.392078,nthreads=109,
message=tick stats,tick=110,estimated_current_power=59.045455,
end_task=,name=lu_gemm,elapsed_seconds=0.075821,predicted_seconds=0.055599,time_percent_error=26.670633,nthreads=109,end_time=214610.469337,avg_power_W=174.500000,max_power_W=187.000000,avg_time_s=0.075821,released_listeners=0,
start_task=,name=lu_gemm,tick=111,start_time=214610.469423,nthreads=109,
message=tick stats,tick=111,estimated_current_power=59.045455,
end_task=,name=lu_gemm,elapsed_seconds=0.087626,predicted_seconds=0.055599,time_percent_error=36.549502,nthreads=109,end_time=214610.569052,avg_power_W=166.000000,max_power_W=166.000000,avg_time_s=0.087626,released_listeners=1,
start_task=,name=lu_gemm,tick=112,start_time=214610.569150,nthreads=109,
message=tick stats,tick=112,estimated_current_power=59.045455,
end_task=,name=lu_gemm,elapsed_seconds=0.081013,predicted_seconds=0.055599,time_percent_error=31.370038,nthreads=109,end_time=214610.650717,avg_power_W=171.000000,max_power_W=171.000000,avg_time_s=0.081013,released_listeners=0,
start_task=,name=lu_gemm,tick=113,start_time=214610.650800,nthreads=109,
message=tick stats,tick=113,estimated_current_power=59.045455,
end_task=,name=lu_gemm,elapsed_seconds=0.078260,predicted_seconds=0.055599,time_percent_error=28.955895,nthreads=109,end_time=214610.730039,avg_power_W=172.500000,max_power_W=179.000000,avg_time_s=0.078260,released_listeners=1,
start_task=,name=lu_gemm,tick=114,start_time=214610.730122,nthreads=109,
message=tick stats,tick=114,estimated_current_power=59.045455,
end_task=,name=lu_gemm,elapsed_seconds=0.079637,predicted_seconds=0.055599,time_percent_error=30.184172,nthreads=109,end_time=214610.819381,avg_power_W=167.500000,max_power_W=174.000000,avg_time_s=0.079637,released_listeners=0,
start_task=,name=lu_gemm,tick=115,start_time=214610.819468,nthreads=109,
message=tick stats,tick=115,estimated_current_power=59.045455,
end_task=,name=lu_gemm,elapsed_seconds=0.078856,predicted_seconds=0.055599,time_percent_error=29.492471,nthreads=109,end_time=214610.899360,avg_power_W=164.000000,max_power_W=164.000000,avg_time_s=0.078856,released_listeners=0,
start_task=,name=lu_gemm,tick=116,start_time=214610.899443,nthreads=109,
message=tick stats,tick=116,estimated_current_power=59.045455,
end_task=,name=lu_gemm,elapsed_seconds=0.079028,predicted_seconds=0.055599,time_percent_error=29.646081,nthreads=109,end_time=214610.980079,avg_power_W=175.500000,max_power_W=185.000000,avg_time_s=0.079028,released_listeners=1,
start_task=,name=lu_gemm,tick=117,start_time=214610.980166,nthreads=109,
message=tick stats,tick=117,estimated_current_power=59.045455,
end_task=,name=lu_gemm,elapsed_seconds=0.107265,predicted_seconds=0.055599,time_percent_error=48.166428,nthreads=109,end_time=214611.089138,avg_power_W=164.500000,max_power_W=168.000000,avg_time_s=0.107265,released_listeners=0,
start_task=,name=lu_gemm,tick=118,start_time=214611.089243,nthreads=109,
message=tick stats,tick=118,estimated_current_power=59.045455,
end_task=,name=lu_gemm,elapsed_seconds=0.110126,predicted_seconds=0.055599,time_percent_error=49.513042,nthreads=109,end_time=214611.200223,avg_power_W=172.000000,max_power_W=189.000000,avg_time_s=0.110126,released_listeners=0,
start_task=,name=lu_gemm,tick=119,start_time=214611.200308,nthreads=109,
message=tick stats,tick=119,estimated_current_power=59.045455,
end_task=,name=lu_gemm,elapsed_seconds=0.080222,predicted_seconds=0.055599,time_percent_error=30.693003,nthreads=109,end_time=214611.281486,avg_power_W=170.000000,max_power_W=181.000000,avg_time_s=0.080222,released_listeners=1,
start_task=,name=lu_gemm,tick=120,start_time=214611.281570,nthreads=109,
message=tick stats,tick=120,estimated_current_power=59.045455,
end_task=,name=lu_gemm,elapsed_seconds=0.078355,predicted_seconds=0.055599,time_percent_error=29.041951,nthreads=109,end_time=214611.369446,avg_power_W=164.500000,max_power_W=177.000000,avg_time_s=0.078355,released_listeners=0,
start_task=,name=lu_gemm,tick=121,start_time=214611.369532,nthreads=109,
message=tick stats,tick=121,estimated_current_power=59.045455,
end_task=,name=lu_gemm,elapsed_seconds=0.078450,predicted_seconds=0.055599,time_percent_error=29.127696,nthreads=109,end_time=214611.448724,avg_power_W=168.000000,max_power_W=168.000000,avg_time_s=0.078450,released_listeners=0,
start_task=,name=lu_gemm,tick=122,start_time=214611.448803,nthreads=109,
message=tick stats,tick=122,estimated_current_power=59.045455,
end_task=,name=lu_gemm,elapsed_seconds=0.089037,predicted_seconds=0.055599,time_percent_error=37.555090,nthreads=109,end_time=214611.538581,avg_power_W=177.000000,max_power_W=188.000000,avg_time_s=0.089037,released_listeners=0,
start_task=,name=getrfprofile,tick=123,start_time=214611.538672,nthreads=109,
message=tick stats,tick=123,estimated_current_power=0.000000,
end_task=,name=getrfprofile,elapsed_seconds=0.606064,predicted_seconds=0.000000,time_percent_error=100.000000,nthreads=109,end_time=214612.145802,avg_power_W=178.416667,max_power_W=182.000000,avg_time_s=0.101011,released_listeners=1,
start_task=,name=getrf,tick=124,start_time=214612.145886,nthreads=109,
message=tick stats,tick=124,estimated_current_power=48.266667,
end_task=,name=getrf,elapsed_seconds=0.127945,predicted_seconds=0.368740,time_percent_error=188.202707,nthreads=109,end_time=214612.274731,avg_power_W=173.000000,max_power_W=181.000000,avg_time_s=0.127945,released_listeners=6,
start_task=,name=trsm_leftprofile,tick=125,start_time=214612.274816,nthreads=109,
message=tick stats,tick=125,estimated_current_power=0.000000,
end_task=,name=trsm_leftprofile,elapsed_seconds=0.542048,predicted_seconds=0.000000,time_percent_error=100.000000,nthreads=109,end_time=214612.820512,avg_power_W=170.090909,max_power_W=186.000000,avg_time_s=0.090341,released_listeners=1,
start_task=,name=trsm_rightprofile,tick=126,start_time=214612.820599,nthreads=109,
message=tick stats,tick=126,estimated_current_power=0.000000,
end_task=,name=trsm_rightprofile,elapsed_seconds=0.534552,predicted_seconds=0.000000,time_percent_error=100.000000,nthreads=109,end_time=214613.369047,avg_power_W=187.636364,max_power_W=196.000000,avg_time_s=0.033410,released_listeners=1,
start_task=,name=trsm_leftprofile,tick=127,start_time=214613.369145,nthreads=109,
message=tick stats,tick=127,estimated_current_power=0.000000,
end_task=,name=trsm_leftprofile,elapsed_seconds=0.567992,predicted_seconds=0.000000,time_percent_error=100.000000,nthreads=109,end_time=214613.946864,avg_power_W=171.454545,max_power_W=186.000000,avg_time_s=0.081142,released_listeners=1,
start_task=,name=trsm_rightprofile,tick=128,start_time=214613.946951,nthreads=109,
message=tick stats,tick=128,estimated_current_power=0.000000,
end_task=,name=trsm_rightprofile,elapsed_seconds=0.533825,predicted_seconds=0.000000,time_percent_error=100.000000,nthreads=109,end_time=214614.481404,avg_power_W=187.818182,max_power_W=196.000000,avg_time_s=0.031401,released_listeners=1,
start_task=,name=trsm_leftprofile,tick=129,start_time=214614.481488,nthreads=109,
message=tick stats,tick=129,estimated_current_power=0.000000,
end_task=,name=trsm_leftprofile,elapsed_seconds=0.536483,predicted_seconds=0.000000,time_percent_error=100.000000,nthreads=109,end_time=214615.019940,avg_power_W=173.000000,max_power_W=186.000000,avg_time_s=0.076640,released_listeners=1,
start_task=,name=trsm_rightprofile,tick=130,start_time=214615.020026,nthreads=109,
message=tick stats,tick=130,estimated_current_power=0.000000,
end_task=,name=trsm_rightprofile,elapsed_seconds=0.529504,predicted_seconds=0.000000,time_percent_error=100.000000,nthreads=109,end_time=214615.550176,avg_power_W=187.100000,max_power_W=196.000000,avg_time_s=0.031147,released_listeners=1,
start_task=,name=trsm_left,tick=131,start_time=214615.550293,nthreads=109,
message=tick stats,tick=131,estimated_current_power=42.700000,
end_task=,name=trsm_left,elapsed_seconds=0.151888,predicted_seconds=0.349183,time_percent_error=129.894801,nthreads=109,end_time=214615.702901,avg_power_W=177.000000,max_power_W=192.000000,avg_time_s=0.151888,released_listeners=3,
start_task=,name=trsm_right,tick=132,start_time=214615.702986,nthreads=109,
message=tick stats,tick=132,estimated_current_power=49.833333,
end_task=,name=trsm_right,elapsed_seconds=0.094109,predicted_seconds=0.062645,time_percent_error=33.433462,nthreads=109,end_time=214615.797823,avg_power_W=164.500000,max_power_W=166.000000,avg_time_s=0.094109,released_listeners=3,
start_task=,name=trsm_left,tick=133,start_time=214615.797909,nthreads=109,
message=tick stats,tick=133,estimated_current_power=42.700000,
end_task=,name=trsm_left,elapsed_seconds=0.178341,predicted_seconds=0.349183,time_percent_error=95.795205,nthreads=109,end_time=214615.977224,avg_power_W=167.750000,max_power_W=180.000000,avg_time_s=0.178341,released_listeners=3,
start_task=,name=trsm_right,tick=134,start_time=214615.977312,nthreads=109,
message=tick stats,tick=134,estimated_current_power=49.833333,
end_task=,name=trsm_right,elapsed_seconds=0.056621,predicted_seconds=0.062645,time_percent_error=10.638251,nthreads=109,end_time=214616.034951,avg_power_W=159.000000,max_power_W=159.000000,avg_time_s=0.056621,released_listeners=3,
start_task=,name=trsm_left,tick=135,start_time=214616.035039,nthreads=109,
message=tick stats,tick=135,estimated_current_power=42.700000,
end_task=,name=trsm_left,elapsed_seconds=0.180789,predicted_seconds=0.349183,time_percent_error=93.143713,nthreads=109,end_time=214616.221157,avg_power_W=166.500000,max_power_W=172.000000,avg_time_s=0.180789,released_listeners=3,
start_task=,name=trsm_right,tick=136,start_time=214616.221327,nthreads=109,
message=tick stats,tick=136,estimated_current_power=49.833333,
end_task=,name=trsm_right,elapsed_seconds=0.062120,predicted_seconds=0.062645,time_percent_error=0.844378,nthreads=109,end_time=214616.284491,avg_power_W=158.000000,max_power_W=158.000000,avg_time_s=0.062120,released_listeners=3,
start_task=,name=lu_gemmprofile,tick=137,start_time=214616.284571,nthreads=109,
message=tick stats,tick=137,estimated_current_power=0.000000,
end_task=,name=lu_gemmprofile,elapsed_seconds=0.525295,predicted_seconds=0.000000,time_percent_error=100.000000,nthreads=109,end_time=214616.819620,avg_power_W=191.727273,max_power_W=201.000000,avg_time_s=0.032831,released_listeners=1,
start_task=,name=lu_gemmprofile,tick=138,start_time=214616.819708,nthreads=109,
message=tick stats,tick=138,estimated_current_power=0.000000,
end_task=,name=lu_gemmprofile,elapsed_seconds=0.521681,predicted_seconds=0.000000,time_percent_error=100.000000,nthreads=109,end_time=214617.342524,avg_power_W=194.400000,max_power_W=201.000000,avg_time_s=0.032605,released_listeners=1,
start_task=,name=lu_gemmprofile,tick=139,start_time=214617.342610,nthreads=109,
message=tick stats,tick=139,estimated_current_power=0.000000,
end_task=,name=lu_gemmprofile,elapsed_seconds=0.523851,predicted_seconds=0.000000,time_percent_error=100.000000,nthreads=109,end_time=214617.869425,avg_power_W=197.363636,max_power_W=207.000000,avg_time_s=0.032741,released_listeners=1,
start_task=,name=lu_gemmprofile,tick=140,start_time=214617.869512,nthreads=109,
message=tick stats,tick=140,estimated_current_power=0.000000,
end_task=,name=lu_gemmprofile,elapsed_seconds=0.518449,predicted_seconds=0.000000,time_percent_error=100.000000,nthreads=109,end_time=214618.388679,avg_power_W=195.000000,max_power_W=204.000000,avg_time_s=0.034563,released_listeners=1,
start_task=,name=lu_gemmprofile,tick=141,start_time=214618.388762,nthreads=109,
message=tick stats,tick=141,estimated_current_power=0.000000,
end_task=,name=lu_gemmprofile,elapsed_seconds=0.527463,predicted_seconds=0.000000,time_percent_error=100.000000,nthreads=109,end_time=214618.919548,avg_power_W=195.818182,max_power_W=205.000000,avg_time_s=0.032966,released_listeners=1,
start_task=,name=lu_gemmprofile,tick=142,start_time=214618.919635,nthreads=109,
message=tick stats,tick=142,estimated_current_power=0.000000,
end_task=,name=lu_gemmprofile,elapsed_seconds=0.529710,predicted_seconds=0.000000,time_percent_error=100.000000,nthreads=109,end_time=214619.450063,avg_power_W=195.400000,max_power_W=204.000000,avg_time_s=0.033107,released_listeners=1,
start_task=,name=lu_gemmprofile,tick=143,start_time=214619.450154,nthreads=109,
message=tick stats,tick=143,estimated_current_power=0.000000,
end_task=,name=lu_gemmprofile,elapsed_seconds=0.545275,predicted_seconds=0.000000,time_percent_error=100.000000,nthreads=109,end_time=214619.996634,avg_power_W=198.000000,max_power_W=203.000000,avg_time_s=0.032075,released_listeners=1,
start_task=,name=lu_gemmprofile,tick=144,start_time=214619.996718,nthreads=109,
message=tick stats,tick=144,estimated_current_power=0.000000,
end_task=,name=lu_gemmprofile,elapsed_seconds=0.527128,predicted_seconds=0.000000,time_percent_error=100.000000,nthreads=109,end_time=214620.524523,avg_power_W=196.363636,max_power_W=203.000000,avg_time_s=0.035142,released_listeners=1,
start_task=,name=lu_gemmprofile,tick=145,start_time=214620.524607,nthreads=109,
message=tick stats,tick=145,estimated_current_power=0.000000,
end_task=,name=lu_gemmprofile,elapsed_seconds=0.544234,predicted_seconds=0.000000,time_percent_error=100.000000,nthreads=109,end_time=214621.069652,avg_power_W=199.363636,max_power_W=209.000000,avg_time_s=0.032014,released_listeners=1,
start_task=,name=lu_gemm,tick=146,start_time=214621.069735,nthreads=109,
message=tick stats,tick=146,estimated_current_power=59.045455,
end_task=,name=lu_gemm,elapsed_seconds=0.078980,predicted_seconds=0.055599,time_percent_error=29.603136,nthreads=109,end_time=214621.149802,avg_power_W=200.000000,max_power_W=200.000000,avg_time_s=0.078980,released_listeners=1,
start_task=,name=lu_gemm,tick=147,start_time=214621.149886,nthreads=109,
message=tick stats,tick=147,estimated_current_power=59.045455,
end_task=,name=lu_gemm,elapsed_seconds=0.077614,predicted_seconds=0.055599,time_percent_error=28.364452,nthreads=109,end_time=214621.228187,avg_power_W=171.000000,max_power_W=175.000000,avg_time_s=0.077614,released_listeners=1,
start_task=,name=lu_gemm,tick=148,start_time=214621.228297,nthreads=109,
message=tick stats,tick=148,estimated_current_power=59.045455,
end_task=,name=lu_gemm,elapsed_seconds=0.077434,predicted_seconds=0.055599,time_percent_error=28.198134,nthreads=109,end_time=214621.319813,avg_power_W=165.500000,max_power_W=175.000000,avg_time_s=0.077434,released_listeners=1,
start_task=,name=lu_gemm,tick=149,start_time=214621.319901,nthreads=109,
message=tick stats,tick=149,estimated_current_power=59.045455,
end_task=,name=lu_gemm,elapsed_seconds=0.076867,predicted_seconds=0.055599,time_percent_error=27.668449,nthreads=109,end_time=214621.397499,avg_power_W=172.000000,max_power_W=172.000000,avg_time_s=0.076867,released_listeners=0,
start_task=,name=lu_gemm,tick=150,start_time=214621.397582,nthreads=109,
message=tick stats,tick=150,estimated_current_power=59.045455,
end_task=,name=lu_gemm,elapsed_seconds=0.078583,predicted_seconds=0.055599,time_percent_error=29.248009,nthreads=109,end_time=214621.477071,avg_power_W=175.000000,max_power_W=186.000000,avg_time_s=0.078583,released_listeners=1,
start_task=,name=lu_gemm,tick=151,start_time=214621.477164,nthreads=109,
message=tick stats,tick=151,estimated_current_power=59.045455,
end_task=,name=lu_gemm,elapsed_seconds=0.078554,predicted_seconds=0.055599,time_percent_error=29.221379,nthreads=109,end_time=214621.569267,avg_power_W=168.500000,max_power_W=172.000000,avg_time_s=0.078554,released_listeners=0,
start_task=,name=lu_gemm,tick=152,start_time=214621.569354,nthreads=109,
message=tick stats,tick=152,estimated_current_power=59.045455,
end_task=,name=lu_gemm,elapsed_seconds=0.077973,predicted_seconds=0.055599,time_percent_error=28.694687,nthreads=109,end_time=214621.648401,avg_power_W=192.000000,max_power_W=192.000000,avg_time_s=0.077973,released_listeners=1,
start_task=,name=lu_gemm,tick=153,start_time=214621.648488,nthreads=109,
message=tick stats,tick=153,estimated_current_power=59.045455,
end_task=,name=lu_gemm,elapsed_seconds=0.088634,predicted_seconds=0.055599,time_percent_error=37.270763,nthreads=109,end_time=214621.738120,avg_power_W=180.000000,max_power_W=192.000000,avg_time_s=0.088634,released_listeners=0,
start_task=,name=lu_gemm,tick=154,start_time=214621.738221,nthreads=109,
message=tick stats,tick=154,estimated_current_power=59.045455,
end_task=,name=lu_gemm,elapsed_seconds=0.078960,predicted_seconds=0.055599,time_percent_error=29.585471,nthreads=109,end_time=214621.819326,avg_power_W=175.000000,max_power_W=184.000000,avg_time_s=0.078960,released_listeners=0,
start_task=,name=getrfprofile,tick=155,start_time=214621.819408,nthreads=109,
message=tick stats,tick=155,estimated_current_power=0.000000,
end_task=,name=getrfprofile,elapsed_seconds=0.597398,predicted_seconds=0.000000,time_percent_error=100.000000,nthreads=109,end_time=214622.419295,avg_power_W=178.666667,max_power_W=183.000000,avg_time_s=0.099566,released_listeners=1,
start_task=,name=getrf,tick=156,start_time=214622.419386,nthreads=109,
message=tick stats,tick=156,estimated_current_power=48.266667,
end_task=,name=getrf,elapsed_seconds=0.119225,predicted_seconds=0.368740,time_percent_error=209.281811,nthreads=109,end_time=214622.539340,avg_power_W=173.500000,max_power_W=180.000000,avg_time_s=0.119225,released_listeners=4,
start_task=,name=trsm_leftprofile,tick=157,start_time=214622.539424,nthreads=109,
message=tick stats,tick=157,estimated_current_power=0.000000,
end_task=,name=trsm_leftprofile,elapsed_seconds=0.592905,predicted_seconds=0.000000,time_percent_error=100.000000,nthreads=109,end_time=214623.133373,avg_power_W=166.583333,max_power_W=181.000000,avg_time_s=0.296453,released_listeners=1,
start_task=,name=trsm_rightprofile,tick=158,start_time=214623.133457,nthreads=109,
message=tick stats,tick=158,estimated_current_power=0.000000,
end_task=,name=trsm_rightprofile,elapsed_seconds=0.545842,predicted_seconds=0.000000,time_percent_error=100.000000,nthreads=109,end_time=214623.679948,avg_power_W=186.636364,max_power_W=198.000000,avg_time_s=0.030325,released_listeners=1,
start_task=,name=trsm_leftprofile,tick=159,start_time=214623.680032,nthreads=109,
message=tick stats,tick=159,estimated_current_power=0.000000,
end_task=,name=trsm_leftprofile,elapsed_seconds=0.542898,predicted_seconds=0.000000,time_percent_error=100.000000,nthreads=109,end_time=214624.223966,avg_power_W=175.636364,max_power_W=191.000000,avg_time_s=0.067862,released_listeners=1,
start_task=,name=trsm_rightprofile,tick=160,start_time=214624.224049,nthreads=109,
message=tick stats,tick=160,estimated_current_power=0.000000,
end_task=,name=trsm_rightprofile,elapsed_seconds=0.526552,predicted_seconds=0.000000,time_percent_error=100.000000,nthreads=109,end_time=214624.751210,avg_power_W=188.800000,max_power_W=196.000000,avg_time_s=0.029253,released_listeners=1,
start_task=,name=trsm_left,tick=161,start_time=214624.751296,nthreads=109,
message=tick stats,tick=161,estimated_current_power=42.700000,
end_task=,name=trsm_left,elapsed_seconds=0.305765,predicted_seconds=0.349183,time_percent_error=14.200010,nthreads=109,end_time=214625.069471,avg_power_W=170.714286,max_power_W=195.000000,avg_time_s=0.305765,released_listeners=2,
start_task=,name=trsm_right,tick=162,start_time=214625.069559,nthreads=109,
message=tick stats,tick=162,estimated_current_power=49.833333,
end_task=,name=trsm_right,elapsed_seconds=0.054651,predicted_seconds=0.062645,time_percent_error=14.627303,nthreads=109,end_time=214625.125279,avg_power_W=166.000000,max_power_W=166.000000,avg_time_s=0.054651,released_listeners=2,
start_task=,name=trsm_left,tick=163,start_time=214625.125367,nthreads=109,
message=tick stats,tick=163,estimated_current_power=42.700000,
end_task=,name=trsm_left,elapsed_seconds=0.347164,predicted_seconds=0.349183,time_percent_error=0.581653,nthreads=109,end_time=214625.473455,avg_power_W=163.714286,max_power_W=171.000000,avg_time_s=0.347164,released_listeners=2,
start_task=,name=trsm_right,tick=164,start_time=214625.473538,nthreads=109,
message=tick stats,tick=164,estimated_current_power=49.833333,
end_task=,name=trsm_right,elapsed_seconds=0.065870,predicted_seconds=0.062645,time_percent_error=4.896143,nthreads=109,end_time=214625.540130,avg_power_W=161.000000,max_power_W=161.000000,avg_time_s=0.065870,released_listeners=2,
start_task=,name=lu_gemmprofile,tick=165,start_time=214625.540231,nthreads=109,
message=tick stats,tick=165,estimated_current_power=0.000000,
end_task=,name=lu_gemmprofile,elapsed_seconds=0.527131,predicted_seconds=0.000000,time_percent_error=100.000000,nthreads=109,end_time=214626.069533,avg_power_W=191.454545,max_power_W=205.000000,avg_time_s=0.032946,released_listeners=1,
start_task=,name=lu_gemmprofile,tick=166,start_time=214626.069620,nthreads=109,
message=tick stats,tick=166,estimated_current_power=0.000000,
end_task=,name=lu_gemmprofile,elapsed_seconds=0.538699,predicted_seconds=0.000000,time_percent_error=100.000000,nthreads=109,end_time=214626.619429,avg_power_W=196.000000,max_power_W=203.000000,avg_time_s=0.031688,released_listeners=1,
start_task=,name=lu_gemmprofile,tick=167,start_time=214626.619519,nthreads=109,
message=tick stats,tick=167,estimated_current_power=0.000000,
end_task=,name=lu_gemmprofile,elapsed_seconds=0.568154,predicted_seconds=0.000000,time_percent_error=100.000000,nthreads=109,end_time=214627.188704,avg_power_W=197.000000,max_power_W=204.000000,avg_time_s=0.033421,released_listeners=1,
start_task=,name=lu_gemmprofile,tick=168,start_time=214627.188787,nthreads=109,
message=tick stats,tick=168,estimated_current_power=0.000000,
end_task=,name=lu_gemmprofile,elapsed_seconds=0.550421,predicted_seconds=0.000000,time_percent_error=100.000000,nthreads=109,end_time=214627.739936,avg_power_W=192.454545,max_power_W=203.000000,avg_time_s=0.034401,released_listeners=1,
start_task=,name=lu_gemm,tick=169,start_time=214627.740024,nthreads=109,
message=tick stats,tick=169,estimated_current_power=59.045455,
end_task=,name=lu_gemm,elapsed_seconds=0.075655,predicted_seconds=0.055599,time_percent_error=26.509476,nthreads=109,end_time=214627.819421,avg_power_W=196.500000,max_power_W=199.000000,avg_time_s=0.075655,released_listeners=1,
start_task=,name=lu_gemm,tick=170,start_time=214627.819511,nthreads=109,
message=tick stats,tick=170,estimated_current_power=59.045455,
end_task=,name=lu_gemm,elapsed_seconds=0.076281,predicted_seconds=0.055599,time_percent_error=27.112374,nthreads=109,end_time=214627.896526,avg_power_W=184.000000,max_power_W=184.000000,avg_time_s=0.076281,released_listeners=1,
start_task=,name=lu_gemm,tick=171,start_time=214627.896613,nthreads=109,
message=tick stats,tick=171,estimated_current_power=59.045455,
end_task=,name=lu_gemm,elapsed_seconds=0.080687,predicted_seconds=0.055599,time_percent_error=31.092925,nthreads=109,end_time=214627.978390,avg_power_W=179.000000,max_power_W=192.000000,avg_time_s=0.080687,released_listeners=1,
start_task=,name=lu_gemm,tick=172,start_time=214627.978474,nthreads=109,
message=tick stats,tick=172,estimated_current_power=59.045455,
end_task=,name=lu_gemm,elapsed_seconds=0.078206,predicted_seconds=0.055599,time_percent_error=28.906437,nthreads=109,end_time=214628.069572,avg_power_W=172.000000,max_power_W=175.000000,avg_time_s=0.078206,released_listeners=0,
start_task=,name=getrfprofile,tick=173,start_time=214628.069659,nthreads=109,
message=tick stats,tick=173,estimated_current_power=0.000000,
end_task=,name=getrfprofile,elapsed_seconds=0.540439,predicted_seconds=0.000000,time_percent_error=100.000000,nthreads=109,end_time=214628.619433,avg_power_W=177.909091,max_power_W=181.000000,avg_time_s=0.108088,released_listeners=1,
start_task=,name=getrf,tick=174,start_time=214628.619521,nthreads=109,
message=tick stats,tick=174,estimated_current_power=48.266667,
end_task=,name=getrf,elapsed_seconds=0.111414,predicted_seconds=0.368740,time_percent_error=230.965230,nthreads=109,end_time=214628.731845,avg_power_W=171.000000,max_power_W=175.000000,avg_time_s=0.111414,released_listeners=2,
start_task=,name=trsm_leftprofile,tick=175,start_time=214628.731929,nthreads=109,
message=tick stats,tick=175,estimated_current_power=0.000000,
end_task=,name=trsm_leftprofile,elapsed_seconds=0.537820,predicted_seconds=0.000000,time_percent_error=100.000000,nthreads=109,end_time=214629.277704,avg_power_W=169.454545,max_power_W=183.000000,avg_time_s=0.089637,released_listeners=1,
start_task=,name=trsm_rightprofile,tick=176,start_time=214629.277789,nthreads=109,
message=tick stats,tick=176,estimated_current_power=0.000000,
end_task=,name=trsm_rightprofile,elapsed_seconds=0.528195,predicted_seconds=0.000000,time_percent_error=100.000000,nthreads=109,end_time=214629.819554,avg_power_W=185.000000,max_power_W=195.000000,avg_time_s=0.035213,released_listeners=1,
start_task=,name=trsm_left,tick=177,start_time=214629.819646,nthreads=109,
message=tick stats,tick=177,estimated_current_power=42.700000,
end_task=,name=trsm_left,elapsed_seconds=0.288576,predicted_seconds=0.349183,time_percent_error=21.002093,nthreads=109,end_time=214630.119662,avg_power_W=165.666667,max_power_W=190.000000,avg_time_s=0.288576,released_listeners=1,
start_task=,name=trsm_right,tick=178,start_time=214630.119751,nthreads=109,
message=tick stats,tick=178,estimated_current_power=49.833333,
end_task=,name=trsm_right,elapsed_seconds=0.062603,predicted_seconds=0.062645,time_percent_error=0.066477,nthreads=109,end_time=214630.183392,avg_power_W=167.000000,max_power_W=167.000000,avg_time_s=0.062603,released_listeners=1,
start_task=,name=lu_gemmprofile,tick=179,start_time=214630.183475,nthreads=109,
message=tick stats,tick=179,estimated_current_power=0.000000,
end_task=,name=lu_gemmprofile,elapsed_seconds=0.525698,predicted_seconds=0.000000,time_percent_error=100.000000,nthreads=109,end_time=214630.719711,avg_power_W=191.545455,max_power_W=204.000000,avg_time_s=0.032856,released_listeners=1,
start_task=,name=lu_gemm,tick=180,start_time=214630.719799,nthreads=109,
message=tick stats,tick=180,estimated_current_power=59.045455,
end_task=,name=lu_gemm,elapsed_seconds=0.078693,predicted_seconds=0.055599,time_percent_error=29.346686,nthreads=109,end_time=214630.799287,avg_power_W=200.000000,max_power_W=200.000000,avg_time_s=0.078693,released_listeners=1,
start_task=,name=getrfprofile,tick=181,start_time=214630.799371,nthreads=109,
message=tick stats,tick=181,estimated_current_power=0.000000,
end_task=,name=getrfprofile,elapsed_seconds=0.598415,predicted_seconds=0.000000,time_percent_error=100.000000,nthreads=109,end_time=214631.398829,avg_power_W=177.916667,max_power_W=182.000000,avg_time_s=0.099736,released_listeners=1,
start_task=,name=getrf,tick=182,start_time=214631.398913,nthreads=109,
message=tick stats,tick=182,estimated_current_power=48.266667,
end_task=,name=getrf,elapsed_seconds=0.108936,predicted_seconds=0.368740,time_percent_error=238.491908,nthreads=109,end_time=214631.519551,avg_power_W=175.000000,max_power_W=180.000000,avg_time_s=0.108936,released_listeners=0,
est_max_power=59.045455,
average_power_W=175.000000,
max_power_W=180.000000,
time_s=60.014681,
message=ALL DONE,
