message=cataloging configuration,max_threads=81,power_limit=inf,
start_task=,name=getrfprofile,tick=1,start_time=103858.734979,nthreads=81,
message=tick stats,tick=1,estimated_current_power=0.000000,
end_task=,name=getrfprofile,elapsed_seconds=1.054135,predicted_seconds=0.000000,time_percent_error=100.000000,nthreads=81,end_time=103859.801328,avg_power_W=113.238095,max_power_W=129.000000,avg_time_s=1.054135,released_listeners=1,
start_task=,name=getrf,tick=2,start_time=103859.801402,nthreads=81,
message=tick stats,tick=2,estimated_current_power=80.100000,
end_task=,name=getrf,elapsed_seconds=0.236273,predicted_seconds=0.161657,time_percent_error=31.580623,nthreads=81,end_time=103860.051343,avg_power_W=125.000000,max_power_W=130.000000,avg_time_s=0.236273,released_listeners=10,
start_task=,name=trsm_leftprofile,tick=3,start_time=103860.051414,nthreads=81,
message=tick stats,tick=3,estimated_current_power=0.000000,
end_task=,name=trsm_leftprofile,elapsed_seconds=0.555795,predicted_seconds=0.000000,time_percent_error=100.000000,nthreads=81,end_time=103860.608082,avg_power_W=127.545455,max_power_W=138.000000,avg_time_s=0.069474,released_listeners=1,
start_task=,name=trsm_rightprofile,tick=4,start_time=103860.608152,nthreads=81,
message=tick stats,tick=4,estimated_current_power=0.000000,
end_task=,name=trsm_rightprofile,elapsed_seconds=0.582036,predicted_seconds=0.000000,time_percent_error=100.000000,nthreads=81,end_time=103861.200874,avg_power_W=130.333333,max_power_W=138.000000,avg_time_s=0.072754,released_listeners=1,
start_task=,name=trsm_leftprofile,tick=5,start_time=103861.200942,nthreads=81,
message=tick stats,tick=5,estimated_current_power=0.000000,
end_task=,name=trsm_leftprofile,elapsed_seconds=0.587325,predicted_seconds=0.000000,time_percent_error=100.000000,nthreads=81,end_time=103861.801386,avg_power_W=129.000000,max_power_W=138.000000,avg_time_s=0.073416,released_listeners=1,
start_task=,name=trsm_leftprofile,tick=6,start_time=103861.801455,nthreads=81,
message=tick stats,tick=6,estimated_current_power=0.000000,
end_task=,name=trsm_leftprofile,elapsed_seconds=0.562113,predicted_seconds=0.000000,time_percent_error=100.000000,nthreads=81,end_time=103862.367461,avg_power_W=131.727273,max_power_W=140.000000,avg_time_s=0.062457,released_listeners=1,
start_task=,name=trsm_rightprofile,tick=7,start_time=103862.367527,nthreads=81,
message=tick stats,tick=7,estimated_current_power=0.000000,
end_task=,name=trsm_rightprofile,elapsed_seconds=0.526640,predicted_seconds=0.000000,time_percent_error=100.000000,nthreads=81,end_time=103862.900987,avg_power_W=132.636364,max_power_W=138.000000,avg_time_s=0.065830,released_listeners=1,
start_task=,name=trsm_leftprofile,tick=8,start_time=103862.901057,nthreads=81,
message=tick stats,tick=8,estimated_current_power=0.000000,
end_task=,name=trsm_leftprofile,elapsed_seconds=0.543614,predicted_seconds=0.000000,time_percent_error=100.000000,nthreads=81,end_time=103863.452673,avg_power_W=133.000000,max_power_W=138.000000,avg_time_s=0.060402,released_listeners=1,
start_task=,name=trsm_rightprofile,tick=9,start_time=103863.452742,nthreads=81,
message=tick stats,tick=9,estimated_current_power=0.000000,
end_task=,name=trsm_rightprofile,elapsed_seconds=0.541437,predicted_seconds=0.000000,time_percent_error=100.000000,nthreads=81,end_time=103864.001143,avg_power_W=129.000000,max_power_W=138.000000,avg_time_s=0.090239,released_listeners=1,
start_task=,name=trsm_leftprofile,tick=10,start_time=103864.001271,nthreads=81,
message=tick stats,tick=10,estimated_current_power=0.000000,
end_task=,name=trsm_leftprofile,elapsed_seconds=0.554366,predicted_seconds=0.000000,time_percent_error=100.000000,nthreads=81,end_time=103864.557110,avg_power_W=132.727273,max_power_W=139.000000,avg_time_s=0.061596,released_listeners=1,
start_task=,name=trsm_rightprofile,tick=11,start_time=103864.557185,nthreads=81,
message=tick stats,tick=11,estimated_current_power=0.000000,
end_task=,name=trsm_rightprofile,elapsed_seconds=0.532088,predicted_seconds=0.000000,time_percent_error=100.000000,nthreads=81,end_time=103865.101268,avg_power_W=130.454545,max_power_W=137.000000,avg_time_s=0.076013,released_listeners=1,
start_task=,name=trsm_rightprofile,tick=12,start_time=103865.101346,nthreads=81,
message=tick stats,tick=12,estimated_current_power=0.000000,
end_task=,name=trsm_rightprofile,elapsed_seconds=0.541885,predicted_seconds=0.000000,time_percent_error=100.000000,nthreads=81,end_time=103865.651899,avg_power_W=132.909091,max_power_W=138.000000,avg_time_s=0.067736,released_listeners=1,
start_task=,name=trsm_left,tick=13,start_time=103865.651968,nthreads=81,
message=tick stats,tick=13,estimated_current_power=92.033333,
end_task=,name=trsm_left,elapsed_seconds=0.095706,predicted_seconds=0.031143,time_percent_error=67.459440,nthreads=81,end_time=103865.752299,avg_power_W=131.500000,max_power_W=140.000000,avg_time_s=0.095706,released_listeners=5,
start_task=,name=trsm_right,tick=14,start_time=103865.752374,nthreads=81,
message=tick stats,tick=14,estimated_current_power=87.833333,
end_task=,name=trsm_right,elapsed_seconds=0.097274,predicted_seconds=0.042551,time_percent_error=56.256446,nthreads=81,end_time=103865.851456,avg_power_W=129.000000,max_power_W=135.000000,avg_time_s=0.097274,released_listeners=5,
start_task=,name=trsm_left,tick=15,start_time=103865.851527,nthreads=81,
message=tick stats,tick=15,estimated_current_power=92.033333,
end_task=,name=trsm_left,elapsed_seconds=0.084690,predicted_seconds=0.031143,time_percent_error=63.226822,nthreads=81,end_time=103865.951183,avg_power_W=129.500000,max_power_W=136.000000,avg_time_s=0.084690,released_listeners=5,
start_task=,name=trsm_left,tick=16,start_time=103865.951254,nthreads=81,
message=tick stats,tick=16,estimated_current_power=92.033333,
end_task=,name=trsm_left,elapsed_seconds=0.065847,predicted_seconds=0.031143,time_percent_error=52.703404,nthreads=81,end_time=103866.018287,avg_power_W=132.000000,max_power_W=132.000000,avg_time_s=0.065847,released_listeners=5,
start_task=,name=trsm_right,tick=17,start_time=103866.018354,nthreads=81,
message=tick stats,tick=17,estimated_current_power=87.833333,
end_task=,name=trsm_right,elapsed_seconds=0.082858,predicted_seconds=0.042551,time_percent_error=48.645417,nthreads=81,end_time=103866.102622,avg_power_W=129.500000,max_power_W=136.000000,avg_time_s=0.082858,released_listeners=5,
start_task=,name=trsm_left,tick=18,start_time=103866.102689,nthreads=81,
message=tick stats,tick=18,estimated_current_power=92.033333,
end_task=,name=trsm_left,elapsed_seconds=0.095642,predicted_seconds=0.031143,time_percent_error=67.437830,nthreads=81,end_time=103866.201324,avg_power_W=125.500000,max_power_W=128.000000,avg_time_s=0.095642,released_listeners=5,
start_task=,name=trsm_right,tick=19,start_time=103866.201396,nthreads=81,
message=tick stats,tick=19,estimated_current_power=87.833333,
end_task=,name=trsm_right,elapsed_seconds=0.075774,predicted_seconds=0.042551,time_percent_error=43.844957,nthreads=81,end_time=103866.278288,avg_power_W=122.000000,max_power_W=122.000000,avg_time_s=0.075774,released_listeners=5,
start_task=,name=trsm_left,tick=20,start_time=103866.278356,nthreads=81,
message=tick stats,tick=20,estimated_current_power=92.033333,
end_task=,name=trsm_left,elapsed_seconds=0.068861,predicted_seconds=0.031143,time_percent_error=54.774036,nthreads=81,end_time=103866.351459,avg_power_W=135.000000,max_power_W=140.000000,avg_time_s=0.068861,released_listeners=5,
start_task=,name=trsm_right,tick=21,start_time=103866.351531,nthreads=81,
message=tick stats,tick=21,estimated_current_power=87.833333,
end_task=,name=trsm_right,elapsed_seconds=0.073501,predicted_seconds=0.042551,time_percent_error=42.108015,nthreads=81,end_time=103866.426831,avg_power_W=123.000000,max_power_W=123.000000,avg_time_s=0.073501,released_listeners=5,
start_task=,name=trsm_right,tick=22,start_time=103866.426894,nthreads=81,
message=tick stats,tick=22,estimated_current_power=87.833333,
end_task=,name=trsm_right,elapsed_seconds=0.076897,predicted_seconds=0.042551,time_percent_error=44.664828,nthreads=81,end_time=103866.505028,avg_power_W=129.500000,max_power_W=135.000000,avg_time_s=0.076897,released_listeners=5,
start_task=,name=lu_gemmprofile,tick=23,start_time=103866.505104,nthreads=81,
message=tick stats,tick=23,estimated_current_power=0.000000,
end_task=,name=lu_gemmprofile,elapsed_seconds=0.578500,predicted_seconds=0.000000,time_percent_error=100.000000,nthreads=81,end_time=103867.084451,avg_power_W=136.454545,max_power_W=148.000000,avg_time_s=0.064278,released_listeners=1,
start_task=,name=lu_gemmprofile,tick=24,start_time=103867.084518,nthreads=81,
message=tick stats,tick=24,estimated_current_power=0.000000,
end_task=,name=lu_gemmprofile,elapsed_seconds=0.567827,predicted_seconds=0.000000,time_percent_error=100.000000,nthreads=81,end_time=103867.653673,avg_power_W=139.250000,max_power_W=148.000000,avg_time_s=0.063092,released_listeners=1,
start_task=,name=lu_gemmprofile,tick=25,start_time=103867.653740,nthreads=81,
message=tick stats,tick=25,estimated_current_power=0.000000,
end_task=,name=lu_gemmprofile,elapsed_seconds=0.543294,predicted_seconds=0.000000,time_percent_error=100.000000,nthreads=81,end_time=103868.201647,avg_power_W=136.272727,max_power_W=148.000000,avg_time_s=0.067912,released_listeners=1,
start_task=,name=lu_gemmprofile,tick=26,start_time=103868.201717,nthreads=81,
message=tick stats,tick=26,estimated_current_power=0.000000,
end_task=,name=lu_gemmprofile,elapsed_seconds=0.544810,predicted_seconds=0.000000,time_percent_error=100.000000,nthreads=81,end_time=103868.752375,avg_power_W=132.818182,max_power_W=150.000000,avg_time_s=0.090802,released_listeners=1,
start_task=,name=lu_gemmprofile,tick=27,start_time=103868.752446,nthreads=81,
message=tick stats,tick=27,estimated_current_power=0.000000,
end_task=,name=lu_gemmprofile,elapsed_seconds=0.531880,predicted_seconds=0.000000,time_percent_error=100.000000,nthreads=81,end_time=103869.301894,avg_power_W=136.818182,max_power_W=150.000000,avg_time_s=0.066485,released_listeners=1,
start_task=,name=lu_gemmprofile,tick=28,start_time=103869.301968,nthreads=81,
message=tick stats,tick=28,estimated_current_power=0.000000,
end_task=,name=lu_gemmprofile,elapsed_seconds=0.524199,predicted_seconds=0.000000,time_percent_error=100.000000,nthreads=81,end_time=103869.828375,avg_power_W=136.600000,max_power_W=149.000000,avg_time_s=0.065525,released_listeners=1,
start_task=,name=lu_gemmprofile,tick=29,start_time=103869.828443,nthreads=81,
message=tick stats,tick=29,estimated_current_power=0.000000,
end_task=,name=lu_gemmprofile,elapsed_seconds=0.564328,predicted_seconds=0.000000,time_percent_error=100.000000,nthreads=81,end_time=103870.401867,avg_power_W=139.666667,max_power_W=148.000000,avg_time_s=0.062703,released_listeners=1,
start_task=,name=lu_gemmprofile,tick=30,start_time=103870.401938,nthreads=81,
message=tick stats,tick=30,estimated_current_power=0.000000,
end_task=,name=lu_gemmprofile,elapsed_seconds=0.524303,predicted_seconds=0.000000,time_percent_error=100.000000,nthreads=81,end_time=103870.928387,avg_power_W=136.700000,max_power_W=148.000000,avg_time_s=0.065538,released_listeners=1,
start_task=,name=lu_gemmprofile,tick=31,start_time=103870.928454,nthreads=81,
message=tick stats,tick=31,estimated_current_power=0.000000,
end_task=,name=lu_gemmprofile,elapsed_seconds=0.567047,predicted_seconds=0.000000,time_percent_error=100.000000,nthreads=81,end_time=103871.501691,avg_power_W=139.000000,max_power_W=150.000000,avg_time_s=0.070881,released_listeners=1,
start_task=,name=lu_gemmprofile,tick=32,start_time=103871.501761,nthreads=81,
message=tick stats,tick=32,estimated_current_power=0.000000,
end_task=,name=lu_gemmprofile,elapsed_seconds=0.571220,predicted_seconds=0.000000,time_percent_error=100.000000,nthreads=81,end_time=103872.075138,avg_power_W=138.636364,max_power_W=150.000000,avg_time_s=0.063469,released_listeners=1,
start_task=,name=lu_gemmprofile,tick=33,start_time=103872.075226,nthreads=81,
message=tick stats,tick=33,estimated_current_power=0.000000,
end_task=,name=lu_gemmprofile,elapsed_seconds=0.578382,predicted_seconds=0.000000,time_percent_error=100.000000,nthreads=81,end_time=103872.655084,avg_power_W=141.750000,max_power_W=151.000000,avg_time_s=0.064265,released_listeners=1,
start_task=,name=lu_gemmprofile,tick=34,start_time=103872.655165,nthreads=81,
message=tick stats,tick=34,estimated_current_power=0.000000,
end_task=,name=lu_gemmprofile,elapsed_seconds=0.559990,predicted_seconds=0.000000,time_percent_error=100.000000,nthreads=81,end_time=103873.216100,avg_power_W=137.545455,max_power_W=150.000000,avg_time_s=0.069999,released_listeners=1,
start_task=,name=lu_gemmprofile,tick=35,start_time=103873.216176,nthreads=81,
message=tick stats,tick=35,estimated_current_power=0.000000,
end_task=,name=lu_gemmprofile,elapsed_seconds=0.564467,predicted_seconds=0.000000,time_percent_error=100.000000,nthreads=81,end_time=103873.782059,avg_power_W=137.818182,max_power_W=150.000000,avg_time_s=0.080638,released_listeners=1,
start_task=,name=lu_gemmprofile,tick=36,start_time=103873.782130,nthreads=81,
message=tick stats,tick=36,estimated_current_power=0.000000,
end_task=,name=lu_gemmprofile,elapsed_seconds=0.560047,predicted_seconds=0.000000,time_percent_error=100.000000,nthreads=81,end_time=103874.352177,avg_power_W=140.916667,max_power_W=150.000000,avg_time_s=0.062227,released_listeners=1,
start_task=,name=lu_gemmprofile,tick=37,start_time=103874.352251,nthreads=81,
message=tick stats,tick=37,estimated_current_power=0.000000,
end_task=,name=lu_gemmprofile,elapsed_seconds=0.572266,predicted_seconds=0.000000,time_percent_error=100.000000,nthreads=81,end_time=103874.926697,avg_power_W=138.818182,max_power_W=150.000000,avg_time_s=0.063585,released_listeners=1,
start_task=,name=lu_gemmprofile,tick=38,start_time=103874.926764,nthreads=81,
message=tick stats,tick=38,estimated_current_power=0.000000,
end_task=,name=lu_gemmprofile,elapsed_seconds=0.565791,predicted_seconds=0.000000,time_percent_error=100.000000,nthreads=81,end_time=103875.502169,avg_power_W=142.000000,max_power_W=151.000000,avg_time_s=0.062866,released_listeners=1,
start_task=,name=lu_gemmprofile,tick=39,start_time=103875.502239,nthreads=81,
message=tick stats,tick=39,estimated_current_power=0.000000,
end_task=,name=lu_gemmprofile,elapsed_seconds=0.556138,predicted_seconds=0.000000,time_percent_error=100.000000,nthreads=81,end_time=103876.060554,avg_power_W=140.090909,max_power_W=153.000000,avg_time_s=0.061793,released_listeners=1,
start_task=,name=lu_gemmprofile,tick=40,start_time=103876.060621,nthreads=81,
message=tick stats,tick=40,estimated_current_power=0.000000,
end_task=,name=lu_gemmprofile,elapsed_seconds=0.548456,predicted_seconds=0.000000,time_percent_error=100.000000,nthreads=81,end_time=103876.610057,avg_power_W=136.181818,max_power_W=146.000000,avg_time_s=0.078351,released_listeners=1,
start_task=,name=lu_gemmprofile,tick=41,start_time=103876.610124,nthreads=81,
message=tick stats,tick=41,estimated_current_power=0.000000,
end_task=,name=lu_gemmprofile,elapsed_seconds=0.539782,predicted_seconds=0.000000,time_percent_error=100.000000,nthreads=81,end_time=103877.151955,avg_power_W=139.818182,max_power_W=150.000000,avg_time_s=0.059976,released_listeners=1,
start_task=,name=lu_gemmprofile,tick=42,start_time=103877.152026,nthreads=81,
message=tick stats,tick=42,estimated_current_power=0.000000,
end_task=,name=lu_gemmprofile,elapsed_seconds=0.558654,predicted_seconds=0.000000,time_percent_error=100.000000,nthreads=81,end_time=103877.711729,avg_power_W=140.181818,max_power_W=153.000000,avg_time_s=0.062073,released_listeners=1,
start_task=,name=lu_gemmprofile,tick=43,start_time=103877.711797,nthreads=81,
message=tick stats,tick=43,estimated_current_power=0.000000,
end_task=,name=lu_gemmprofile,elapsed_seconds=0.555333,predicted_seconds=0.000000,time_percent_error=100.000000,nthreads=81,end_time=103878.268665,avg_power_W=145.272727,max_power_W=154.000000,avg_time_s=0.061704,released_listeners=1,
start_task=,name=lu_gemmprofile,tick=44,start_time=103878.268733,nthreads=81,
message=tick stats,tick=44,estimated_current_power=0.000000,
end_task=,name=lu_gemmprofile,elapsed_seconds=0.579168,predicted_seconds=0.000000,time_percent_error=100.000000,nthreads=81,end_time=103878.852416,avg_power_W=143.416667,max_power_W=153.000000,avg_time_s=0.064352,released_listeners=1,
start_task=,name=lu_gemmprofile,tick=45,start_time=103878.852495,nthreads=81,
message=tick stats,tick=45,estimated_current_power=0.000000,
end_task=,name=lu_gemmprofile,elapsed_seconds=0.553741,predicted_seconds=0.000000,time_percent_error=100.000000,nthreads=81,end_time=103879.406999,avg_power_W=141.181818,max_power_W=152.000000,avg_time_s=0.061527,released_listeners=1,
start_task=,name=lu_gemmprofile,tick=46,start_time=103879.407069,nthreads=81,
message=tick stats,tick=46,estimated_current_power=0.000000,
end_task=,name=lu_gemmprofile,elapsed_seconds=0.574221,predicted_seconds=0.000000,time_percent_error=100.000000,nthreads=81,end_time=103879.982222,avg_power_W=143.727273,max_power_W=151.000000,avg_time_s=0.063802,released_listeners=1,
start_task=,name=lu_gemmprofile,tick=47,start_time=103879.982289,nthreads=81,
message=tick stats,tick=47,estimated_current_power=0.000000,
end_task=,name=lu_gemmprofile,elapsed_seconds=0.568652,predicted_seconds=0.000000,time_percent_error=100.000000,nthreads=81,end_time=103880.551875,avg_power_W=142.916667,max_power_W=151.000000,avg_time_s=0.056865,released_listeners=1,
start_task=,name=lu_gemm,tick=48,start_time=103880.551942,nthreads=81,
message=tick stats,tick=48,estimated_current_power=98.009091,
end_task=,name=lu_gemm,elapsed_seconds=0.122729,predicted_seconds=0.038133,time_percent_error=68.928964,nthreads=81,end_time=103880.675394,avg_power_W=140.000000,max_power_W=149.000000,avg_time_s=0.122729,released_listeners=1,
start_task=,name=lu_gemm,tick=49,start_time=103880.675461,nthreads=81,
message=tick stats,tick=49,estimated_current_power=98.009091,
end_task=,name=lu_gemm,elapsed_seconds=0.122690,predicted_seconds=0.038133,time_percent_error=68.919029,nthreads=81,end_time=103880.802280,avg_power_W=136.333333,max_power_W=155.000000,avg_time_s=0.122690,released_listeners=0,
start_task=,name=lu_gemm,tick=50,start_time=103880.802347,nthreads=81,
message=tick stats,tick=50,estimated_current_power=98.009091,
end_task=,name=lu_gemm,elapsed_seconds=0.119490,predicted_seconds=0.038133,time_percent_error=68.086553,nthreads=81,end_time=103880.923077,avg_power_W=132.000000,max_power_W=144.000000,avg_time_s=0.119490,released_listeners=0,
start_task=,name=lu_gemm,tick=51,start_time=103880.923148,nthreads=81,
message=tick stats,tick=51,estimated_current_power=98.009091,
end_task=,name=lu_gemm,elapsed_seconds=0.126968,predicted_seconds=0.038133,time_percent_error=69.966147,nthreads=81,end_time=103881.051258,avg_power_W=130.000000,max_power_W=140.000000,avg_time_s=0.126968,released_listeners=1,
start_task=,name=lu_gemm,tick=52,start_time=103881.051329,nthreads=81,
message=tick stats,tick=52,estimated_current_power=98.009091,
end_task=,name=lu_gemm,elapsed_seconds=0.130306,predicted_seconds=0.038133,time_percent_error=70.735614,nthreads=81,end_time=103881.183122,avg_power_W=132.500000,max_power_W=140.000000,avg_time_s=0.130306,released_listeners=0,
start_task=,name=lu_gemm,tick=53,start_time=103881.183269,nthreads=81,
message=tick stats,tick=53,estimated_current_power=98.009091,
end_task=,name=lu_gemm,elapsed_seconds=0.148611,predicted_seconds=0.038133,time_percent_error=74.340298,nthreads=81,end_time=103881.333307,avg_power_W=124.333333,max_power_W=135.000000,avg_time_s=0.148611,released_listeners=0,
start_task=,name=lu_gemm,tick=54,start_time=103881.333374,nthreads=81,
message=tick stats,tick=54,estimated_current_power=98.009091,
end_task=,name=lu_gemm,elapsed_seconds=0.156175,predicted_seconds=0.038133,time_percent_error=75.582996,nthreads=81,end_time=103881.501148,avg_power_W=129.750000,max_power_W=145.000000,avg_time_s=0.156175,released_listeners=0,
start_task=,name=lu_gemm,tick=55,start_time=103881.501219,nthreads=81,
message=tick stats,tick=55,estimated_current_power=98.009091,
end_task=,name=lu_gemm,elapsed_seconds=0.124300,predicted_seconds=0.038133,time_percent_error=69.321522,nthreads=81,end_time=103881.626706,avg_power_W=127.500000,max_power_W=128.000000,avg_time_s=0.124300,released_listeners=0,
start_task=,name=lu_gemm,tick=56,start_time=103881.626773,nthreads=81,
message=tick stats,tick=56,estimated_current_power=98.009091,
end_task=,name=lu_gemm,elapsed_seconds=0.128085,predicted_seconds=0.038133,time_percent_error=70.228120,nthreads=81,end_time=103881.755748,avg_power_W=133.666667,max_power_W=151.000000,avg_time_s=0.128085,released_listeners=1,
start_task=,name=lu_gemm,tick=57,start_time=103881.755816,nthreads=81,
message=tick stats,tick=57,estimated_current_power=98.009091,
end_task=,name=lu_gemm,elapsed_seconds=0.127113,predicted_seconds=0.038133,time_percent_error=70.000633,nthreads=81,end_time=103881.883826,avg_power_W=130.000000,max_power_W=146.000000,avg_time_s=0.127113,released_listeners=1,
start_task=,name=lu_gemm,tick=58,start_time=103881.883890,nthreads=81,
message=tick stats,tick=58,estimated_current_power=98.009091,
end_task=,name=lu_gemm,elapsed_seconds=0.139069,predicted_seconds=0.038133,time_percent_error=72.579598,nthreads=81,end_time=103882.023970,avg_power_W=132.666667,max_power_W=147.000000,avg_time_s=0.139069,released_listeners=1,
start_task=,name=lu_gemm,tick=59,start_time=103882.024038,nthreads=81,
message=tick stats,tick=59,estimated_current_power=98.009091,
end_task=,name=lu_gemm,elapsed_seconds=0.127547,predicted_seconds=0.038133,time_percent_error=70.102651,nthreads=81,end_time=103882.153948,avg_power_W=131.333333,max_power_W=149.000000,avg_time_s=0.127547,released_listeners=1,
start_task=,name=lu_gemm,tick=60,start_time=103882.154016,nthreads=81,
message=tick stats,tick=60,estimated_current_power=98.009091,
end_task=,name=lu_gemm,elapsed_seconds=0.127072,predicted_seconds=0.038133,time_percent_error=69.990748,nthreads=81,end_time=103882.282395,avg_power_W=122.500000,max_power_W=130.000000,avg_time_s=0.127072,released_listeners=1,
start_task=,name=lu_gemm,tick=61,start_time=103882.282463,nthreads=81,
message=tick stats,tick=61,estimated_current_power=98.009091,
end_task=,name=lu_gemm,elapsed_seconds=0.124275,predicted_seconds=0.038133,time_percent_error=69.315455,nthreads=81,end_time=103882.408053,avg_power_W=131.333333,max_power_W=147.000000,avg_time_s=0.124275,released_listeners=0,
start_task=,name=lu_gemm,tick=62,start_time=103882.408121,nthreads=81,
message=tick stats,tick=62,estimated_current_power=98.009091,
end_task=,name=lu_gemm,elapsed_seconds=0.122265,predicted_seconds=0.038133,time_percent_error=68.811044,nthreads=81,end_time=103882.531120,avg_power_W=132.000000,max_power_W=148.000000,avg_time_s=0.122265,released_listeners=0,
start_task=,name=lu_gemm,tick=63,start_time=103882.531191,nthreads=81,
message=tick stats,tick=63,estimated_current_power=98.009091,
end_task=,name=lu_gemm,elapsed_seconds=0.121185,predicted_seconds=0.038133,time_percent_error=68.532946,nthreads=81,end_time=103882.653200,avg_power_W=125.000000,max_power_W=129.000000,avg_time_s=0.121185,released_listeners=1,
start_task=,name=lu_gemm,tick=64,start_time=103882.653269,nthreads=81,
message=tick stats,tick=64,estimated_current_power=98.009091,
end_task=,name=lu_gemm,elapsed_seconds=0.130380,predicted_seconds=0.038133,time_percent_error=70.752342,nthreads=81,end_time=103882.784560,avg_power_W=130.000000,max_power_W=142.000000,avg_time_s=0.130380,released_listeners=0,
start_task=,name=lu_gemm,tick=65,start_time=103882.784626,nthreads=81,
message=tick stats,tick=65,estimated_current_power=98.009091,
end_task=,name=lu_gemm,elapsed_seconds=0.119053,predicted_seconds=0.038133,time_percent_error=67.969640,nthreads=81,end_time=103882.904518,avg_power_W=126.666667,max_power_W=138.000000,avg_time_s=0.119053,released_listeners=0,
start_task=,name=lu_gemm,tick=66,start_time=103882.904585,nthreads=81,
message=tick stats,tick=66,estimated_current_power=98.009091,
end_task=,name=lu_gemm,elapsed_seconds=0.129687,predicted_seconds=0.038133,time_percent_error=70.596007,nthreads=81,end_time=103883.051702,avg_power_W=126.000000,max_power_W=139.000000,avg_time_s=0.129687,released_listeners=0,
start_task=,name=lu_gemm,tick=67,start_time=103883.051772,nthreads=81,
message=tick stats,tick=67,estimated_current_power=98.009091,
end_task=,name=lu_gemm,elapsed_seconds=0.128157,predicted_seconds=0.038133,time_percent_error=70.244972,nthreads=81,end_time=103883.181314,avg_power_W=136.000000,max_power_W=142.000000,avg_time_s=0.128157,released_listeners=0,
start_task=,name=lu_gemm,tick=68,start_time=103883.181387,nthreads=81,
message=tick stats,tick=68,estimated_current_power=98.009091,
end_task=,name=lu_gemm,elapsed_seconds=0.129665,predicted_seconds=0.038133,time_percent_error=70.591018,nthreads=81,end_time=103883.312451,avg_power_W=126.333333,max_power_W=136.000000,avg_time_s=0.129665,released_listeners=1,
start_task=,name=lu_gemm,tick=69,start_time=103883.312519,nthreads=81,
message=tick stats,tick=69,estimated_current_power=98.009091,
end_task=,name=lu_gemm,elapsed_seconds=0.147745,predicted_seconds=0.038133,time_percent_error=74.189806,nthreads=81,end_time=103883.461662,avg_power_W=126.666667,max_power_W=145.000000,avg_time_s=0.147745,released_listeners=0,
start_task=,name=lu_gemm,tick=70,start_time=103883.461729,nthreads=81,
message=tick stats,tick=70,estimated_current_power=98.009091,
end_task=,name=lu_gemm,elapsed_seconds=0.130329,predicted_seconds=0.038133,time_percent_error=70.740832,nthreads=81,end_time=103883.601883,avg_power_W=128.666667,max_power_W=149.000000,avg_time_s=0.130329,released_listeners=0,
start_task=,name=lu_gemm,tick=71,start_time=103883.601954,nthreads=81,
message=tick stats,tick=71,estimated_current_power=98.009091,
end_task=,name=lu_gemm,elapsed_seconds=0.125664,predicted_seconds=0.038133,time_percent_error=69.654613,nthreads=81,end_time=103883.728474,avg_power_W=135.500000,max_power_W=139.000000,avg_time_s=0.125664,released_listeners=0,
start_task=,name=lu_gemm,tick=72,start_time=103883.728540,nthreads=81,
message=tick stats,tick=72,estimated_current_power=98.009091,
end_task=,name=lu_gemm,elapsed_seconds=0.130449,predicted_seconds=0.038133,time_percent_error=70.767768,nthreads=81,end_time=103883.859795,avg_power_W=130.666667,max_power_W=145.000000,avg_time_s=0.130449,released_listeners=0,
start_task=,name=getrfprofile,tick=73,start_time=103883.859861,nthreads=81,
message=tick stats,tick=73,estimated_current_power=0.000000,
end_task=,name=getrfprofile,elapsed_seconds=0.651574,predicted_seconds=0.000000,time_percent_error=100.000000,nthreads=81,end_time=103884.512171,avg_power_W=132.538462,max_power_W=136.000000,avg_time_s=0.217191,released_listeners=1,
start_task=,name=getrf,tick=74,start_time=103884.512270,nthreads=81,
message=tick stats,tick=74,estimated_current_power=80.100000,
end_task=,name=getrf,elapsed_seconds=0.210394,predicted_seconds=0.161657,time_percent_error=23.164761,nthreads=81,end_time=103884.723452,avg_power_W=132.250000,max_power_W=138.000000,avg_time_s=0.210394,released_listeners=8,
start_task=,name=trsm_leftprofile,tick=75,start_time=103884.723521,nthreads=81,
message=tick stats,tick=75,estimated_current_power=0.000000,
end_task=,name=trsm_leftprofile,elapsed_seconds=0.531515,predicted_seconds=0.000000,time_percent_error=100.000000,nthreads=81,end_time=103885.257301,avg_power_W=137.363636,max_power_W=143.000000,avg_time_s=0.059057,released_listeners=1,
start_task=,name=trsm_rightprofile,tick=76,start_time=103885.257369,nthreads=81,
message=tick stats,tick=76,estimated_current_power=0.000000,
end_task=,name=trsm_rightprofile,elapsed_seconds=0.574557,predicted_seconds=0.000000,time_percent_error=100.000000,nthreads=81,end_time=103885.832682,avg_power_W=134.636364,max_power_W=142.000000,avg_time_s=0.071820,released_listeners=1,
start_task=,name=trsm_leftprofile,tick=77,start_time=103885.832749,nthreads=81,
message=tick stats,tick=77,estimated_current_power=0.000000,
end_task=,name=trsm_leftprofile,elapsed_seconds=0.534847,predicted_seconds=0.000000,time_percent_error=100.000000,nthreads=81,end_time=103886.368947,avg_power_W=137.363636,max_power_W=144.000000,avg_time_s=0.059427,released_listeners=1,
start_task=,name=trsm_rightprofile,tick=78,start_time=103886.369014,nthreads=81,
message=tick stats,tick=78,estimated_current_power=0.000000,
end_task=,name=trsm_rightprofile,elapsed_seconds=0.591236,predicted_seconds=0.000000,time_percent_error=100.000000,nthreads=81,end_time=103886.960974,avg_power_W=136.583333,max_power_W=146.000000,avg_time_s=0.084462,released_listeners=1,
start_task=,name=trsm_leftprofile,tick=79,start_time=103886.961048,nthreads=81,
message=tick stats,tick=79,estimated_current_power=0.000000,
end_task=,name=trsm_leftprofile,elapsed_seconds=0.543682,predicted_seconds=0.000000,time_percent_error=100.000000,nthreads=81,end_time=103887.506077,avg_power_W=136.818182,max_power_W=144.000000,avg_time_s=0.060409,released_listeners=1,
start_task=,name=trsm_rightprofile,tick=80,start_time=103887.506149,nthreads=81,
message=tick stats,tick=80,estimated_current_power=0.000000,
end_task=,name=trsm_rightprofile,elapsed_seconds=0.541835,predicted_seconds=0.000000,time_percent_error=100.000000,nthreads=81,end_time=103888.051436,avg_power_W=137.000000,max_power_W=145.000000,avg_time_s=0.067729,released_listeners=1,
start_task=,name=trsm_leftprofile,tick=81,start_time=103888.051506,nthreads=81,
message=tick stats,tick=81,estimated_current_power=0.000000,
end_task=,name=trsm_leftprofile,elapsed_seconds=0.551927,predicted_seconds=0.000000,time_percent_error=100.000000,nthreads=81,end_time=103888.604302,avg_power_W=136.272727,max_power_W=142.000000,avg_time_s=0.061325,released_listeners=1,
start_task=,name=trsm_rightprofile,tick=82,start_time=103888.604369,nthreads=81,
message=tick stats,tick=82,estimated_current_power=0.000000,
end_task=,name=trsm_rightprofile,elapsed_seconds=0.571160,predicted_seconds=0.000000,time_percent_error=100.000000,nthreads=81,end_time=103889.176286,avg_power_W=137.909091,max_power_W=144.000000,avg_time_s=0.071395,released_listeners=1,
start_task=,name=trsm_left,tick=83,start_time=103889.176353,nthreads=81,
message=tick stats,tick=83,estimated_current_power=92.033333,
end_task=,name=trsm_left,elapsed_seconds=0.135861,predicted_seconds=0.031143,time_percent_error=77.077186,nthreads=81,end_time=103889.313048,avg_power_W=128.000000,max_power_W=134.000000,avg_time_s=0.135861,released_listeners=4,
start_task=,name=trsm_right,tick=84,start_time=103889.313117,nthreads=81,
message=tick stats,tick=84,estimated_current_power=87.833333,
end_task=,name=trsm_right,elapsed_seconds=0.091528,predicted_seconds=0.042551,time_percent_error=53.510382,nthreads=81,end_time=103889.405958,avg_power_W=129.500000,max_power_W=134.000000,avg_time_s=0.091528,released_listeners=4,
start_task=,name=trsm_left,tick=85,start_time=103889.406026,nthreads=81,
message=tick stats,tick=85,estimated_current_power=92.033333,
end_task=,name=trsm_left,elapsed_seconds=0.091719,predicted_seconds=0.031143,time_percent_error=66.044878,nthreads=81,end_time=103889.501639,avg_power_W=132.500000,max_power_W=134.000000,avg_time_s=0.091719,released_listeners=4,
start_task=,name=trsm_right,tick=86,start_time=103889.501712,nthreads=81,
message=tick stats,tick=86,estimated_current_power=87.833333,
end_task=,name=trsm_right,elapsed_seconds=0.076104,predicted_seconds=0.042551,time_percent_error=44.087927,nthreads=81,end_time=103889.579104,avg_power_W=131.000000,max_power_W=131.000000,avg_time_s=0.076104,released_listeners=4,
start_task=,name=trsm_left,tick=87,start_time=103889.579182,nthreads=81,
message=tick stats,tick=87,estimated_current_power=92.033333,
end_task=,name=trsm_left,elapsed_seconds=0.077920,predicted_seconds=0.031143,time_percent_error=60.031796,nthreads=81,end_time=103889.658059,avg_power_W=133.500000,max_power_W=139.000000,avg_time_s=0.077920,released_listeners=4,
start_task=,name=trsm_right,tick=88,start_time=103889.658134,nthreads=81,
message=tick stats,tick=88,estimated_current_power=87.833333,
end_task=,name=trsm_right,elapsed_seconds=0.082318,predicted_seconds=0.042551,time_percent_error=48.308956,nthreads=81,end_time=103889.751366,avg_power_W=132.500000,max_power_W=139.000000,avg_time_s=0.082318,released_listeners=4,
start_task=,name=trsm_left,tick=89,start_time=103889.751439,nthreads=81,
message=tick stats,tick=89,estimated_current_power=92.033333,
end_task=,name=trsm_left,elapsed_seconds=0.074873,predicted_seconds=0.031143,time_percent_error=58.405336,nthreads=81,end_time=103889.827147,avg_power_W=137.000000,max_power_W=137.000000,avg_time_s=0.074873,released_listeners=4,
start_task=,name=trsm_right,tick=90,start_time=103889.827253,nthreads=81,
message=tick stats,tick=90,estimated_current_power=87.833333,
end_task=,name=trsm_right,elapsed_seconds=0.081255,predicted_seconds=0.042551,time_percent_error=47.632361,nthreads=81,end_time=103889.909322,avg_power_W=132.500000,max_power_W=137.000000,avg_time_s=0.081255,released_listeners=4,
start_task=,name=lu_gemmprofile,tick=91,start_time=103889.909390,nthreads=81,
message=tick stats,tick=91,estimated_current_power=0.000000,
end_task=,name=lu_gemmprofile,elapsed_seconds=0.540015,predicted_seconds=0.000000,time_percent_error=100.000000,nthreads=81,end_time=103890.451603,avg_power_W=138.818182,max_power_W=149.000000,avg_time_s=0.067502,released_listeners=1,
start_task=,name=lu_gemmprofile,tick=92,start_time=103890.451675,nthreads=81,
message=tick stats,tick=92,estimated_current_power=0.000000,
end_task=,name=lu_gemmprofile,elapsed_seconds=0.555465,predicted_seconds=0.000000,time_percent_error=100.000000,nthreads=81,end_time=103891.008119,avg_power_W=141.181818,max_power_W=151.000000,avg_time_s=0.061718,released_listeners=1,
start_task=,name=lu_gemmprofile,tick=93,start_time=103891.008195,nthreads=81,
message=tick stats,tick=93,estimated_current_power=0.000000,
end_task=,name=lu_gemmprofile,elapsed_seconds=0.546565,predicted_seconds=0.000000,time_percent_error=100.000000,nthreads=81,end_time=103891.557303,avg_power_W=143.454545,max_power_W=152.000000,avg_time_s=0.060729,released_listeners=1,
start_task=,name=lu_gemmprofile,tick=94,start_time=103891.557375,nthreads=81,
message=tick stats,tick=94,estimated_current_power=0.000000,
end_task=,name=lu_gemmprofile,elapsed_seconds=0.552722,predicted_seconds=0.000000,time_percent_error=100.000000,nthreads=81,end_time=103892.110912,avg_power_W=137.818182,max_power_W=148.000000,avg_time_s=0.078960,released_listeners=1,
start_task=,name=lu_gemmprofile,tick=95,start_time=103892.110982,nthreads=81,
message=tick stats,tick=95,estimated_current_power=0.000000,
end_task=,name=lu_gemmprofile,elapsed_seconds=0.543442,predicted_seconds=0.000000,time_percent_error=100.000000,nthreads=81,end_time=103892.655686,avg_power_W=144.363636,max_power_W=152.000000,avg_time_s=0.060382,released_listeners=1,
start_task=,name=lu_gemmprofile,tick=96,start_time=103892.655755,nthreads=81,
message=tick stats,tick=96,estimated_current_power=0.000000,
end_task=,name=lu_gemmprofile,elapsed_seconds=0.573694,predicted_seconds=0.000000,time_percent_error=100.000000,nthreads=81,end_time=103893.230144,avg_power_W=141.727273,max_power_W=151.000000,avg_time_s=0.063744,released_listeners=1,
start_task=,name=lu_gemmprofile,tick=97,start_time=103893.230234,nthreads=81,
message=tick stats,tick=97,estimated_current_power=0.000000,
end_task=,name=lu_gemmprofile,elapsed_seconds=0.530203,predicted_seconds=0.000000,time_percent_error=100.000000,nthreads=81,end_time=103893.761801,avg_power_W=145.272727,max_power_W=154.000000,avg_time_s=0.066275,released_listeners=1,
start_task=,name=lu_gemmprofile,tick=98,start_time=103893.761870,nthreads=81,
message=tick stats,tick=98,estimated_current_power=0.000000,
end_task=,name=lu_gemmprofile,elapsed_seconds=0.599606,predicted_seconds=0.000000,time_percent_error=100.000000,nthreads=81,end_time=103894.362238,avg_power_W=140.500000,max_power_W=154.000000,avg_time_s=0.074951,released_listeners=1,
start_task=,name=lu_gemmprofile,tick=99,start_time=103894.362308,nthreads=81,
message=tick stats,tick=99,estimated_current_power=0.000000,
end_task=,name=lu_gemmprofile,elapsed_seconds=0.558320,predicted_seconds=0.000000,time_percent_error=100.000000,nthreads=81,end_time=103894.922001,avg_power_W=138.181818,max_power_W=150.000000,avg_time_s=0.079760,released_listeners=1,
start_task=,name=lu_gemmprofile,tick=100,start_time=103894.922073,nthreads=81,
message=tick stats,tick=100,estimated_current_power=0.000000,
end_task=,name=lu_gemmprofile,elapsed_seconds=0.543640,predicted_seconds=0.000000,time_percent_error=100.000000,nthreads=81,end_time=103895.466471,avg_power_W=144.545455,max_power_W=151.000000,avg_time_s=0.060404,released_listeners=1,
start_task=,name=lu_gemmprofile,tick=101,start_time=103895.466547,nthreads=81,
message=tick stats,tick=101,estimated_current_power=0.000000,
end_task=,name=lu_gemmprofile,elapsed_seconds=0.563678,predicted_seconds=0.000000,time_percent_error=100.000000,nthreads=81,end_time=103896.031598,avg_power_W=145.727273,max_power_W=153.000000,avg_time_s=0.062631,released_listeners=1,
start_task=,name=lu_gemmprofile,tick=102,start_time=103896.031667,nthreads=81,
message=tick stats,tick=102,estimated_current_power=0.000000,
end_task=,name=lu_gemmprofile,elapsed_seconds=0.536978,predicted_seconds=0.000000,time_percent_error=100.000000,nthreads=81,end_time=103896.569358,avg_power_W=147.363636,max_power_W=154.000000,avg_time_s=0.059664,released_listeners=1,
start_task=,name=lu_gemmprofile,tick=103,start_time=103896.569426,nthreads=81,
message=tick stats,tick=103,estimated_current_power=0.000000,
end_task=,name=lu_gemmprofile,elapsed_seconds=0.563594,predicted_seconds=0.000000,time_percent_error=100.000000,nthreads=81,end_time=103897.133768,avg_power_W=143.181818,max_power_W=154.000000,avg_time_s=0.080513,released_listeners=1,
start_task=,name=lu_gemmprofile,tick=104,start_time=103897.133837,nthreads=81,
message=tick stats,tick=104,estimated_current_power=0.000000,
end_task=,name=lu_gemmprofile,elapsed_seconds=0.561880,predicted_seconds=0.000000,time_percent_error=100.000000,nthreads=81,end_time=103897.701273,avg_power_W=146.833333,max_power_W=154.000000,avg_time_s=0.062431,released_listeners=1,
start_task=,name=lu_gemmprofile,tick=105,start_time=103897.701341,nthreads=81,
message=tick stats,tick=105,estimated_current_power=0.000000,
end_task=,name=lu_gemmprofile,elapsed_seconds=0.571826,predicted_seconds=0.000000,time_percent_error=100.000000,nthreads=81,end_time=103898.273961,avg_power_W=142.909091,max_power_W=152.000000,avg_time_s=0.063536,released_listeners=1,
start_task=,name=lu_gemmprofile,tick=106,start_time=103898.274030,nthreads=81,
message=tick stats,tick=106,estimated_current_power=0.000000,
end_task=,name=lu_gemmprofile,elapsed_seconds=0.551807,predicted_seconds=0.000000,time_percent_error=100.000000,nthreads=81,end_time=103898.827187,avg_power_W=145.545455,max_power_W=155.000000,avg_time_s=0.068976,released_listeners=1,
start_task=,name=lu_gemm,tick=107,start_time=103898.827286,nthreads=81,
message=tick stats,tick=107,estimated_current_power=98.009091,
end_task=,name=lu_gemm,elapsed_seconds=0.115770,predicted_seconds=0.038133,time_percent_error=67.061302,nthreads=81,end_time=103898.950780,avg_power_W=143.666667,max_power_W=156.000000,avg_time_s=0.115770,released_listeners=1,
start_task=,name=lu_gemm,tick=108,start_time=103898.950853,nthreads=81,
message=tick stats,tick=108,estimated_current_power=98.009091,
end_task=,name=lu_gemm,elapsed_seconds=0.121404,predicted_seconds=0.038133,time_percent_error=68.589804,nthreads=81,end_time=103899.073608,avg_power_W=137.000000,max_power_W=141.000000,avg_time_s=0.121404,released_listeners=1,
start_task=,name=lu_gemm,tick=109,start_time=103899.073678,nthreads=81,
message=tick stats,tick=109,estimated_current_power=98.009091,
end_task=,name=lu_gemm,elapsed_seconds=0.126302,predicted_seconds=0.038133,time_percent_error=69.807885,nthreads=81,end_time=103899.201116,avg_power_W=133.000000,max_power_W=147.000000,avg_time_s=0.126302,released_listeners=1,
start_task=,name=lu_gemm,tick=110,start_time=103899.201220,nthreads=81,
message=tick stats,tick=110,estimated_current_power=98.009091,
end_task=,name=lu_gemm,elapsed_seconds=0.128936,predicted_seconds=0.038133,time_percent_error=70.424756,nthreads=81,end_time=103899.331017,avg_power_W=137.000000,max_power_W=140.000000,avg_time_s=0.128936,released_listeners=0,
start_task=,name=lu_gemm,tick=111,start_time=103899.331085,nthreads=81,
message=tick stats,tick=111,estimated_current_power=98.009091,
end_task=,name=lu_gemm,elapsed_seconds=0.141458,predicted_seconds=0.038133,time_percent_error=73.042628,nthreads=81,end_time=103899.473293,avg_power_W=130.666667,max_power_W=144.000000,avg_time_s=0.141458,released_listeners=1,
start_task=,name=lu_gemm,tick=112,start_time=103899.473370,nthreads=81,
message=tick stats,tick=112,estimated_current_power=98.009091,
end_task=,name=lu_gemm,elapsed_seconds=0.160628,predicted_seconds=0.038133,time_percent_error=76.259837,nthreads=81,end_time=103899.652406,avg_power_W=132.500000,max_power_W=154.000000,avg_time_s=0.160628,released_listeners=0,
start_task=,name=lu_gemm,tick=113,start_time=103899.652477,nthreads=81,
message=tick stats,tick=113,estimated_current_power=98.009091,
end_task=,name=lu_gemm,elapsed_seconds=0.132252,predicted_seconds=0.038133,time_percent_error=71.166186,nthreads=81,end_time=103899.801810,avg_power_W=132.333333,max_power_W=139.000000,avg_time_s=0.132252,released_listeners=1,
start_task=,name=lu_gemm,tick=114,start_time=103899.801882,nthreads=81,
message=tick stats,tick=114,estimated_current_power=98.009091,
end_task=,name=lu_gemm,elapsed_seconds=0.124799,predicted_seconds=0.038133,time_percent_error=69.444352,nthreads=81,end_time=103899.928062,avg_power_W=141.500000,max_power_W=150.000000,avg_time_s=0.124799,released_listeners=0,
start_task=,name=lu_gemm,tick=115,start_time=103899.928136,nthreads=81,
message=tick stats,tick=115,estimated_current_power=98.009091,
end_task=,name=lu_gemm,elapsed_seconds=0.124848,predicted_seconds=0.038133,time_percent_error=69.456390,nthreads=81,end_time=103900.054540,avg_power_W=130.666667,max_power_W=144.000000,avg_time_s=0.124848,released_listeners=0,
start_task=,name=lu_gemm,tick=116,start_time=103900.054608,nthreads=81,
message=tick stats,tick=116,estimated_current_power=98.009091,
end_task=,name=lu_gemm,elapsed_seconds=0.129228,predicted_seconds=0.038133,time_percent_error=70.491586,nthreads=81,end_time=103900.184654,avg_power_W=133.000000,max_power_W=138.000000,avg_time_s=0.129228,released_listeners=1,
start_task=,name=lu_gemm,tick=117,start_time=103900.184723,nthreads=81,
message=tick stats,tick=117,estimated_current_power=98.009091,
end_task=,name=lu_gemm,elapsed_seconds=0.133327,predicted_seconds=0.038133,time_percent_error=71.398646,nthreads=81,end_time=103900.318759,avg_power_W=132.666667,max_power_W=142.000000,avg_time_s=0.133327,released_listeners=0,
start_task=,name=lu_gemm,tick=118,start_time=103900.318827,nthreads=81,
message=tick stats,tick=118,estimated_current_power=98.009091,
end_task=,name=lu_gemm,elapsed_seconds=0.139026,predicted_seconds=0.038133,time_percent_error=72.571124,nthreads=81,end_time=103900.458618,avg_power_W=130.333333,max_power_W=147.000000,avg_time_s=0.139026,released_listeners=0,
start_task=,name=lu_gemm,tick=119,start_time=103900.458685,nthreads=81,
message=tick stats,tick=119,estimated_current_power=98.009091,
end_task=,name=lu_gemm,elapsed_seconds=0.132802,predicted_seconds=0.038133,time_percent_error=71.285591,nthreads=81,end_time=103900.601185,avg_power_W=132.333333,max_power_W=146.000000,avg_time_s=0.132802,released_listeners=1,
start_task=,name=lu_gemm,tick=120,start_time=103900.601257,nthreads=81,
message=tick stats,tick=120,estimated_current_power=98.009091,
end_task=,name=lu_gemm,elapsed_seconds=0.132100,predicted_seconds=0.038133,time_percent_error=71.133030,nthreads=81,end_time=103900.734188,avg_power_W=128.500000,max_power_W=130.000000,avg_time_s=0.132100,released_listeners=0,
start_task=,name=lu_gemm,tick=121,start_time=103900.734287,nthreads=81,
message=tick stats,tick=121,estimated_current_power=98.009091,
end_task=,name=lu_gemm,elapsed_seconds=0.140482,predicted_seconds=0.038133,time_percent_error=72.855431,nthreads=81,end_time=103900.875710,avg_power_W=135.333333,max_power_W=148.000000,avg_time_s=0.140482,released_listeners=0,
start_task=,name=lu_gemm,tick=122,start_time=103900.875778,nthreads=81,
message=tick stats,tick=122,estimated_current_power=98.009091,
end_task=,name=lu_gemm,elapsed_seconds=0.139744,predicted_seconds=0.038133,time_percent_error=72.712162,nthreads=81,end_time=103901.016904,avg_power_W=132.333333,max_power_W=151.000000,avg_time_s=0.139744,released_listeners=0,
start_task=,name=getrfprofile,tick=123,start_time=103901.016971,nthreads=81,
message=tick stats,tick=123,estimated_current_power=0.000000,
end_task=,name=getrfprofile,elapsed_seconds=0.660591,predicted_seconds=0.000000,time_percent_error=100.000000,nthreads=81,end_time=103901.678270,avg_power_W=136.076923,max_power_W=149.000000,avg_time_s=0.220197,released_listeners=1,
start_task=,name=getrf,tick=124,start_time=103901.678338,nthreads=81,
message=tick stats,tick=124,estimated_current_power=80.100000,
end_task=,name=getrf,elapsed_seconds=0.216111,predicted_seconds=0.161657,time_percent_error=25.197621,nthreads=81,end_time=103901.901329,avg_power_W=136.000000,max_power_W=139.000000,avg_time_s=0.216111,released_listeners=6,
start_task=,name=trsm_leftprofile,tick=125,start_time=103901.901397,nthreads=81,
message=tick stats,tick=125,estimated_current_power=0.000000,
end_task=,name=trsm_leftprofile,elapsed_seconds=0.545905,predicted_seconds=0.000000,time_percent_error=100.000000,nthreads=81,end_time=103902.451797,avg_power_W=134.272727,max_power_W=140.000000,avg_time_s=0.090984,released_listeners=1,
start_task=,name=trsm_rightprofile,tick=126,start_time=103902.451868,nthreads=81,
message=tick stats,tick=126,estimated_current_power=0.000000,
end_task=,name=trsm_rightprofile,elapsed_seconds=0.551510,predicted_seconds=0.000000,time_percent_error=100.000000,nthreads=81,end_time=103903.004661,avg_power_W=139.909091,max_power_W=146.000000,avg_time_s=0.068939,released_listeners=1,
start_task=,name=trsm_leftprofile,tick=127,start_time=103903.004729,nthreads=81,
message=tick stats,tick=127,estimated_current_power=0.000000,
end_task=,name=trsm_leftprofile,elapsed_seconds=0.582751,predicted_seconds=0.000000,time_percent_error=100.000000,nthreads=81,end_time=103903.601290,avg_power_W=139.750000,max_power_W=146.000000,avg_time_s=0.064750,released_listeners=1,
start_task=,name=trsm_rightprofile,tick=128,start_time=103903.601361,nthreads=81,
message=tick stats,tick=128,estimated_current_power=0.000000,
end_task=,name=trsm_rightprofile,elapsed_seconds=0.531766,predicted_seconds=0.000000,time_percent_error=100.000000,nthreads=81,end_time=103904.134626,avg_power_W=140.100000,max_power_W=146.000000,avg_time_s=0.066471,released_listeners=1,
start_task=,name=trsm_leftprofile,tick=129,start_time=103904.134695,nthreads=81,
message=tick stats,tick=129,estimated_current_power=0.000000,
end_task=,name=trsm_leftprofile,elapsed_seconds=0.590975,predicted_seconds=0.000000,time_percent_error=100.000000,nthreads=81,end_time=103904.726541,avg_power_W=140.500000,max_power_W=148.000000,avg_time_s=0.073872,released_listeners=1,
start_task=,name=trsm_rightprofile,tick=130,start_time=103904.726609,nthreads=81,
message=tick stats,tick=130,estimated_current_power=0.000000,
end_task=,name=trsm_rightprofile,elapsed_seconds=0.595634,predicted_seconds=0.000000,time_percent_error=100.000000,nthreads=81,end_time=103905.325367,avg_power_W=138.916667,max_power_W=146.000000,avg_time_s=0.074454,released_listeners=1,
start_task=,name=trsm_left,tick=131,start_time=103905.325438,nthreads=81,
message=tick stats,tick=131,estimated_current_power=92.033333,
end_task=,name=trsm_left,elapsed_seconds=0.082758,predicted_seconds=0.031143,time_percent_error=62.368266,nthreads=81,end_time=103905.409788,avg_power_W=140.000000,max_power_W=140.000000,avg_time_s=0.082758,released_listeners=3,
start_task=,name=trsm_right,tick=132,start_time=103905.409858,nthreads=81,
message=tick stats,tick=132,estimated_current_power=87.833333,
end_task=,name=trsm_right,elapsed_seconds=0.093480,predicted_seconds=0.042551,time_percent_error=54.481205,nthreads=81,end_time=103905.504388,avg_power_W=133.000000,max_power_W=136.000000,avg_time_s=0.093480,released_listeners=3,
start_task=,name=trsm_left,tick=133,start_time=103905.504458,nthreads=81,
message=tick stats,tick=133,estimated_current_power=92.033333,
end_task=,name=trsm_left,elapsed_seconds=0.065458,predicted_seconds=0.031143,time_percent_error=52.422180,nthreads=81,end_time=103905.571222,avg_power_W=135.000000,max_power_W=135.000000,avg_time_s=0.065458,released_listeners=3,
start_task=,name=trsm_right,tick=134,start_time=103905.571292,nthreads=81,
message=tick stats,tick=134,estimated_current_power=87.833333,
end_task=,name=trsm_right,elapsed_seconds=0.077009,predicted_seconds=0.042551,time_percent_error=44.745319,nthreads=81,end_time=103905.651503,avg_power_W=136.500000,max_power_W=142.000000,avg_time_s=0.077009,released_listeners=3,
start_task=,name=trsm_left,tick=135,start_time=103905.651578,nthreads=81,
message=tick stats,tick=135,estimated_current_power=92.033333,
end_task=,name=trsm_left,elapsed_seconds=0.069620,predicted_seconds=0.031143,time_percent_error=55.266789,nthreads=81,end_time=103905.722521,avg_power_W=132.000000,max_power_W=132.000000,avg_time_s=0.069620,released_listeners=3,
start_task=,name=trsm_right,tick=136,start_time=103905.722590,nthreads=81,
message=tick stats,tick=136,estimated_current_power=87.833333,
end_task=,name=trsm_right,elapsed_seconds=0.073982,predicted_seconds=0.042551,time_percent_error=42.484634,nthreads=81,end_time=103905.801958,avg_power_W=138.000000,max_power_W=141.000000,avg_time_s=0.073982,released_listeners=3,
start_task=,name=lu_gemmprofile,tick=137,start_time=103905.802030,nthreads=81,
message=tick stats,tick=137,estimated_current_power=0.000000,
end_task=,name=lu_gemmprofile,elapsed_seconds=0.542946,predicted_seconds=0.000000,time_percent_error=100.000000,nthreads=81,end_time=103906.351689,avg_power_W=142.909091,max_power_W=154.000000,avg_time_s=0.067868,released_listeners=1,
start_task=,name=lu_gemmprofile,tick=138,start_time=103906.351761,nthreads=81,
message=tick stats,tick=138,estimated_current_power=0.000000,
end_task=,name=lu_gemmprofile,elapsed_seconds=0.571122,predicted_seconds=0.000000,time_percent_error=100.000000,nthreads=81,end_time=103906.924169,avg_power_W=144.000000,max_power_W=155.000000,avg_time_s=0.063458,released_listeners=1,
start_task=,name=lu_gemmprofile,tick=139,start_time=103906.924270,nthreads=81,
message=tick stats,tick=139,estimated_current_power=0.000000,
end_task=,name=lu_gemmprofile,elapsed_seconds=0.526982,predicted_seconds=0.000000,time_percent_error=100.000000,nthreads=81,end_time=103907.452626,avg_power_W=142.181818,max_power_W=155.000000,avg_time_s=0.087830,released_listeners=1,
start_task=,name=lu_gemmprofile,tick=140,start_time=103907.452694,nthreads=81,
message=tick stats,tick=140,estimated_current_power=0.000000,
end_task=,name=lu_gemmprofile,elapsed_seconds=0.574412,predicted_seconds=0.000000,time_percent_error=100.000000,nthreads=81,end_time=103908.028272,avg_power_W=142.909091,max_power_W=155.000000,avg_time_s=0.071802,released_listeners=1,
start_task=,name=lu_gemmprofile,tick=141,start_time=103908.028340,nthreads=81,
message=tick stats,tick=141,estimated_current_power=0.000000,
end_task=,name=lu_gemmprofile,elapsed_seconds=0.566908,predicted_seconds=0.000000,time_percent_error=100.000000,nthreads=81,end_time=103908.601274,avg_power_W=146.916667,max_power_W=153.000000,avg_time_s=0.062990,released_listeners=1,
start_task=,name=lu_gemmprofile,tick=142,start_time=103908.601341,nthreads=81,
message=tick stats,tick=142,estimated_current_power=0.000000,
end_task=,name=lu_gemmprofile,elapsed_seconds=0.562059,predicted_seconds=0.000000,time_percent_error=100.000000,nthreads=81,end_time=103909.164921,avg_power_W=144.454545,max_power_W=152.000000,avg_time_s=0.062451,released_listeners=1,
start_task=,name=lu_gemmprofile,tick=143,start_time=103909.164990,nthreads=81,
message=tick stats,tick=143,estimated_current_power=0.000000,
end_task=,name=lu_gemmprofile,elapsed_seconds=0.559881,predicted_seconds=0.000000,time_percent_error=100.000000,nthreads=81,end_time=103909.726170,avg_power_W=145.090909,max_power_W=155.000000,avg_time_s=0.062209,released_listeners=1,
start_task=,name=lu_gemmprofile,tick=144,start_time=103909.726267,nthreads=81,
message=tick stats,tick=144,estimated_current_power=0.000000,
end_task=,name=lu_gemmprofile,elapsed_seconds=0.528504,predicted_seconds=0.000000,time_percent_error=100.000000,nthreads=81,end_time=103910.256302,avg_power_W=143.454545,max_power_W=154.000000,avg_time_s=0.075501,released_listeners=1,
start_task=,name=lu_gemmprofile,tick=145,start_time=103910.256377,nthreads=81,
message=tick stats,tick=145,estimated_current_power=0.000000,
end_task=,name=lu_gemmprofile,elapsed_seconds=0.568388,predicted_seconds=0.000000,time_percent_error=100.000000,nthreads=81,end_time=103910.825651,avg_power_W=145.363636,max_power_W=157.000000,avg_time_s=0.063154,released_listeners=1,
start_task=,name=lu_gemm,tick=146,start_time=103910.825721,nthreads=81,
message=tick stats,tick=146,estimated_current_power=98.009091,
end_task=,name=lu_gemm,elapsed_seconds=0.129350,predicted_seconds=0.038133,time_percent_error=70.519367,nthreads=81,end_time=103910.956408,avg_power_W=147.333333,max_power_W=157.000000,avg_time_s=0.129350,released_listeners=1,
start_task=,name=lu_gemm,tick=147,start_time=103910.956478,nthreads=81,
message=tick stats,tick=147,estimated_current_power=98.009091,
end_task=,name=lu_gemm,elapsed_seconds=0.131955,predicted_seconds=0.038133,time_percent_error=71.101301,nthreads=81,end_time=103911.101640,avg_power_W=135.666667,max_power_W=148.000000,avg_time_s=0.131955,released_listeners=1,
start_task=,name=lu_gemm,tick=148,start_time=103911.101713,nthreads=81,
message=tick stats,tick=148,estimated_current_power=98.009091,
end_task=,name=lu_gemm,elapsed_seconds=0.125853,predicted_seconds=0.038133,time_percent_error=69.700210,nthreads=81,end_time=103911.228537,avg_power_W=130.000000,max_power_W=132.000000,avg_time_s=0.125853,released_listeners=1,
start_task=,name=lu_gemm,tick=149,start_time=103911.228606,nthreads=81,
message=tick stats,tick=149,estimated_current_power=98.009091,
end_task=,name=lu_gemm,elapsed_seconds=0.137080,predicted_seconds=0.038133,time_percent_error=72.181754,nthreads=81,end_time=103911.367232,avg_power_W=133.333333,max_power_W=151.000000,avg_time_s=0.137080,released_listeners=0,
start_task=,name=lu_gemm,tick=150,start_time=103911.367300,nthreads=81,
message=tick stats,tick=150,estimated_current_power=98.009091,
end_task=,name=lu_gemm,elapsed_seconds=0.128664,predicted_seconds=0.038133,time_percent_error=70.362143,nthreads=81,end_time=103911.508847,avg_power_W=129.000000,max_power_W=144.000000,avg_time_s=0.128664,released_listeners=1,
start_task=,name=lu_gemm,tick=151,start_time=103911.508922,nthreads=81,
message=tick stats,tick=151,estimated_current_power=98.009091,
end_task=,name=lu_gemm,elapsed_seconds=0.127022,predicted_seconds=0.038133,time_percent_error=69.978981,nthreads=81,end_time=103911.651788,avg_power_W=130.333333,max_power_W=136.000000,avg_time_s=0.127022,released_listeners=0,
start_task=,name=lu_gemm,tick=152,start_time=103911.651860,nthreads=81,
message=tick stats,tick=152,estimated_current_power=98.009091,
end_task=,name=lu_gemm,elapsed_seconds=0.135038,predicted_seconds=0.038133,time_percent_error=71.761206,nthreads=81,end_time=103911.802147,avg_power_W=129.000000,max_power_W=137.000000,avg_time_s=0.135038,released_listeners=1,
start_task=,name=lu_gemm,tick=153,start_time=103911.802221,nthreads=81,
message=tick stats,tick=153,estimated_current_power=98.009091,
end_task=,name=lu_gemm,elapsed_seconds=0.133052,predicted_seconds=0.038133,time_percent_error=71.339536,nthreads=81,end_time=103911.951677,avg_power_W=132.333333,max_power_W=146.000000,avg_time_s=0.133052,released_listeners=0,
start_task=,name=lu_gemm,tick=154,start_time=103911.951748,nthreads=81,
message=tick stats,tick=154,estimated_current_power=98.009091,
end_task=,name=lu_gemm,elapsed_seconds=0.137732,predicted_seconds=0.038133,time_percent_error=72.313545,nthreads=81,end_time=103912.102248,avg_power_W=132.000000,max_power_W=137.000000,avg_time_s=0.137732,released_listeners=0,
start_task=,name=getrfprofile,tick=155,start_time=103912.102319,nthreads=81,
message=tick stats,tick=155,estimated_current_power=0.000000,
end_task=,name=getrfprofile,elapsed_seconds=0.676493,predicted_seconds=0.000000,time_percent_error=100.000000,nthreads=81,end_time=103912.779714,avg_power_W=137.076923,max_power_W=143.000000,avg_time_s=0.225498,released_listeners=1,
start_task=,name=getrf,tick=156,start_time=103912.779782,nthreads=81,
message=tick stats,tick=156,estimated_current_power=80.100000,
end_task=,name=getrf,elapsed_seconds=0.210629,predicted_seconds=0.161657,time_percent_error=23.250600,nthreads=81,end_time=103913.001142,avg_power_W=135.800000,max_power_W=138.000000,avg_time_s=0.210629,released_listeners=4,
start_task=,name=trsm_leftprofile,tick=157,start_time=103913.001215,nthreads=81,
message=tick stats,tick=157,estimated_current_power=0.000000,
end_task=,name=trsm_leftprofile,elapsed_seconds=0.545885,predicted_seconds=0.000000,time_percent_error=100.000000,nthreads=81,end_time=103913.551924,avg_power_W=139.363636,max_power_W=145.000000,avg_time_s=0.068236,released_listeners=1,
start_task=,name=trsm_rightprofile,tick=158,start_time=103913.551995,nthreads=81,
message=tick stats,tick=158,estimated_current_power=0.000000,
end_task=,name=trsm_rightprofile,elapsed_seconds=0.579179,predicted_seconds=0.000000,time_percent_error=100.000000,nthreads=81,end_time=103914.131916,avg_power_W=139.636364,max_power_W=144.000000,avg_time_s=0.064353,released_listeners=1,
start_task=,name=trsm_leftprofile,tick=159,start_time=103914.131985,nthreads=81,
message=tick stats,tick=159,estimated_current_power=0.000000,
end_task=,name=trsm_leftprofile,elapsed_seconds=0.523736,predicted_seconds=0.000000,time_percent_error=100.000000,nthreads=81,end_time=103914.656402,avg_power_W=140.636364,max_power_W=147.000000,avg_time_s=0.058193,released_listeners=1,
start_task=,name=trsm_rightprofile,tick=160,start_time=103914.656470,nthreads=81,
message=tick stats,tick=160,estimated_current_power=0.000000,
end_task=,name=trsm_rightprofile,elapsed_seconds=0.575743,predicted_seconds=0.000000,time_percent_error=100.000000,nthreads=81,end_time=103915.232969,avg_power_W=137.545455,max_power_W=146.000000,avg_time_s=0.082249,released_listeners=1,
start_task=,name=trsm_left,tick=161,start_time=103915.233038,nthreads=81,
message=tick stats,tick=161,estimated_current_power=92.033333,
end_task=,name=trsm_left,elapsed_seconds=0.089079,predicted_seconds=0.031143,time_percent_error=65.038612,nthreads=81,end_time=103915.323606,avg_power_W=139.000000,max_power_W=143.000000,avg_time_s=0.089079,released_listeners=2,
start_task=,name=trsm_right,tick=162,start_time=103915.323675,nthreads=81,
message=tick stats,tick=162,estimated_current_power=87.833333,
end_task=,name=trsm_right,elapsed_seconds=0.111972,predicted_seconds=0.042551,time_percent_error=61.998424,nthreads=81,end_time=103915.451508,avg_power_W=131.666667,max_power_W=137.000000,avg_time_s=0.111972,released_listeners=2,
start_task=,name=trsm_left,tick=163,start_time=103915.451583,nthreads=81,
message=tick stats,tick=163,estimated_current_power=92.033333,
end_task=,name=trsm_left,elapsed_seconds=0.089976,predicted_seconds=0.031143,time_percent_error=65.387259,nthreads=81,end_time=103915.552481,avg_power_W=133.000000,max_power_W=139.000000,avg_time_s=0.089976,released_listeners=2,
start_task=,name=trsm_right,tick=164,start_time=103915.552553,nthreads=81,
message=tick stats,tick=164,estimated_current_power=87.833333,
end_task=,name=trsm_right,elapsed_seconds=0.077196,predicted_seconds=0.042551,time_percent_error=44.878816,nthreads=81,end_time=103915.630581,avg_power_W=129.000000,max_power_W=129.000000,avg_time_s=0.077196,released_listeners=2,
start_task=,name=lu_gemmprofile,tick=165,start_time=103915.630650,nthreads=81,
message=tick stats,tick=165,estimated_current_power=0.000000,
end_task=,name=lu_gemmprofile,elapsed_seconds=0.538186,predicted_seconds=0.000000,time_percent_error=100.000000,nthreads=81,end_time=103916.169630,avg_power_W=140.818182,max_power_W=154.000000,avg_time_s=0.067273,released_listeners=1,
start_task=,name=lu_gemmprofile,tick=166,start_time=103916.169701,nthreads=81,
message=tick stats,tick=166,estimated_current_power=0.000000,
end_task=,name=lu_gemmprofile,elapsed_seconds=0.577406,predicted_seconds=0.000000,time_percent_error=100.000000,nthreads=81,end_time=103916.751581,avg_power_W=145.250000,max_power_W=154.000000,avg_time_s=0.064156,released_listeners=1,
start_task=,name=lu_gemmprofile,tick=167,start_time=103916.751654,nthreads=81,
message=tick stats,tick=167,estimated_current_power=0.000000,
end_task=,name=lu_gemmprofile,elapsed_seconds=0.569514,predicted_seconds=0.000000,time_percent_error=100.000000,nthreads=81,end_time=103917.321984,avg_power_W=143.636364,max_power_W=152.000000,avg_time_s=0.063279,released_listeners=1,
start_task=,name=lu_gemmprofile,tick=168,start_time=103917.322053,nthreads=81,
message=tick stats,tick=168,estimated_current_power=0.000000,
end_task=,name=lu_gemmprofile,elapsed_seconds=0.582146,predicted_seconds=0.000000,time_percent_error=100.000000,nthreads=81,end_time=103917.904987,avg_power_W=140.750000,max_power_W=153.000000,avg_time_s=0.083164,released_listeners=1,
start_task=,name=lu_gemm,tick=169,start_time=103917.905059,nthreads=81,
message=tick stats,tick=169,estimated_current_power=98.009091,
end_task=,name=lu_gemm,elapsed_seconds=0.130630,predicted_seconds=0.038133,time_percent_error=70.808278,nthreads=81,end_time=103918.051626,avg_power_W=136.333333,max_power_W=149.000000,avg_time_s=0.130630,released_listeners=1,
start_task=,name=lu_gemm,tick=170,start_time=103918.051700,nthreads=81,
message=tick stats,tick=170,estimated_current_power=98.009091,
end_task=,name=lu_gemm,elapsed_seconds=0.117278,predicted_seconds=0.038133,time_percent_error=67.484839,nthreads=81,end_time=103918.170040,avg_power_W=135.500000,max_power_W=141.000000,avg_time_s=0.117278,released_listeners=1,
start_task=,name=lu_gemm,tick=171,start_time=103918.170112,nthreads=81,
message=tick stats,tick=171,estimated_current_power=98.009091,
end_task=,name=lu_gemm,elapsed_seconds=0.126976,predicted_seconds=0.038133,time_percent_error=69.968085,nthreads=81,end_time=103918.301944,avg_power_W=131.000000,max_power_W=144.000000,avg_time_s=0.126976,released_listeners=1,
start_task=,name=lu_gemm,tick=172,start_time=103918.302016,nthreads=81,
message=tick stats,tick=172,estimated_current_power=98.009091,
end_task=,name=lu_gemm,elapsed_seconds=0.128110,predicted_seconds=0.038133,time_percent_error=70.234084,nthreads=81,end_time=103918.431287,avg_power_W=137.500000,max_power_W=141.000000,avg_time_s=0.128110,released_listeners=0,
start_task=,name=getrfprofile,tick=173,start_time=103918.431355,nthreads=81,
message=tick stats,tick=173,estimated_current_power=0.000000,
end_task=,name=getrfprofile,elapsed_seconds=0.665785,predicted_seconds=0.000000,time_percent_error=100.000000,nthreads=81,end_time=103919.102036,avg_power_W=132.357143,max_power_W=137.000000,avg_time_s=0.221928,released_listeners=1,
start_task=,name=getrf,tick=174,start_time=103919.102108,nthreads=81,
message=tick stats,tick=174,estimated_current_power=80.100000,
end_task=,name=getrf,elapsed_seconds=0.199924,predicted_seconds=0.161657,time_percent_error=19.141094,nthreads=81,end_time=103919.302887,avg_power_W=132.000000,max_power_W=135.000000,avg_time_s=0.199924,released_listeners=2,
start_task=,name=trsm_leftprofile,tick=175,start_time=103919.302955,nthreads=81,
message=tick stats,tick=175,estimated_current_power=0.000000,
end_task=,name=trsm_leftprofile,elapsed_seconds=0.568286,predicted_seconds=0.000000,time_percent_error=100.000000,nthreads=81,end_time=103919.871967,avg_power_W=134.818182,max_power_W=146.000000,avg_time_s=0.063143,released_listeners=1,
start_task=,name=trsm_rightprofile,tick=176,start_time=103919.872036,nthreads=81,
message=tick stats,tick=176,estimated_current_power=0.000000,
end_task=,name=trsm_rightprofile,elapsed_seconds=0.558867,predicted_seconds=0.000000,time_percent_error=100.000000,nthreads=81,end_time=103920.431630,avg_power_W=133.909091,max_power_W=142.000000,avg_time_s=0.079838,released_listeners=1,
start_task=,name=trsm_left,tick=177,start_time=103920.431701,nthreads=81,
message=tick stats,tick=177,estimated_current_power=92.033333,
end_task=,name=trsm_left,elapsed_seconds=0.094058,predicted_seconds=0.031143,time_percent_error=66.889248,nthreads=81,end_time=103920.526530,avg_power_W=135.000000,max_power_W=138.000000,avg_time_s=0.094058,released_listeners=1,
start_task=,name=trsm_right,tick=178,start_time=103920.526599,nthreads=81,
message=tick stats,tick=178,estimated_current_power=87.833333,
end_task=,name=trsm_right,elapsed_seconds=0.096412,predicted_seconds=0.042551,time_percent_error=55.865116,nthreads=81,end_time=103920.624333,avg_power_W=129.500000,max_power_W=134.000000,avg_time_s=0.096412,released_listeners=1,
start_task=,name=lu_gemmprofile,tick=179,start_time=103920.624402,nthreads=81,
message=tick stats,tick=179,estimated_current_power=0.000000,
end_task=,name=lu_gemmprofile,elapsed_seconds=0.546890,predicted_seconds=0.000000,time_percent_error=100.000000,nthreads=81,end_time=103921.172011,avg_power_W=137.909091,max_power_W=151.000000,avg_time_s=0.068361,released_listeners=1,
start_task=,name=lu_gemm,tick=180,start_time=103921.172082,nthreads=81,
message=tick stats,tick=180,estimated_current_power=98.009091,
end_task=,name=lu_gemm,elapsed_seconds=0.110052,predicted_seconds=0.038133,time_percent_error=65.349674,nthreads=81,end_time=103921.283114,avg_power_W=149.000000,max_power_W=150.000000,avg_time_s=0.110052,released_listeners=1,
start_task=,name=getrfprofile,tick=181,start_time=103921.283187,nthreads=81,
message=tick stats,tick=181,estimated_current_power=0.000000,
end_task=,name=getrfprofile,elapsed_seconds=0.630785,predicted_seconds=0.000000,time_percent_error=100.000000,nthreads=81,end_time=103921.915291,avg_power_W=131.769231,max_power_W=135.000000,avg_time_s=0.210262,released_listeners=1,
start_task=,name=getrf,tick=182,start_time=103921.915360,nthreads=81,
message=tick stats,tick=182,estimated_current_power=80.100000,
end_task=,name=getrf,elapsed_seconds=0.224385,predicted_seconds=0.161657,time_percent_error=27.955706,nthreads=81,end_time=103922.152181,avg_power_W=130.800000,max_power_W=134.000000,avg_time_s=0.224385,released_listeners=0,
est_max_power=98.009091,
average_power_W=130.800000,
max_power_W=134.000000,
time_s=63.417398,
message=ALL DONE,
