message=cataloging configuration,max_threads=69,power_limit=inf,
start_task=,name=getrfprofile,tick=1,start_time=148218.428528,nthreads=69,
message=tick stats,tick=1,estimated_current_power=0.000000,
end_task=,name=getrfprofile,elapsed_seconds=0.774270,predicted_seconds=0.000000,time_percent_error=100.000000,nthreads=69,end_time=148219.204117,avg_power_W=117.133333,max_power_W=135.000000,avg_time_s=0.774270,released_listeners=1,
start_task=,name=getrf,tick=2,start_time=148219.204210,nthreads=69,
message=tick stats,tick=2,estimated_current_power=80.600000,
end_task=,name=getrf,elapsed_seconds=0.212323,predicted_seconds=0.200097,time_percent_error=5.758358,nthreads=69,end_time=148219.417910,avg_power_W=132.250000,max_power_W=134.000000,avg_time_s=0.212323,released_listeners=10,
start_task=,name=trsm_leftprofile,tick=3,start_time=148219.417972,nthreads=69,
message=tick stats,tick=3,estimated_current_power=0.000000,
end_task=,name=trsm_leftprofile,elapsed_seconds=0.529711,predicted_seconds=0.000000,time_percent_error=100.000000,nthreads=69,end_time=148219.948490,avg_power_W=136.181818,max_power_W=145.000000,avg_time_s=0.058857,released_listeners=1,
start_task=,name=trsm_rightprofile,tick=4,start_time=148219.948551,nthreads=69,
message=tick stats,tick=4,estimated_current_power=0.000000,
end_task=,name=trsm_rightprofile,elapsed_seconds=0.545956,predicted_seconds=0.000000,time_percent_error=100.000000,nthreads=69,end_time=148220.495893,avg_power_W=142.272727,max_power_W=149.000000,avg_time_s=0.054596,released_listeners=1,
start_task=,name=trsm_leftprofile,tick=5,start_time=148220.495953,nthreads=69,
message=tick stats,tick=5,estimated_current_power=0.000000,
end_task=,name=trsm_leftprofile,elapsed_seconds=0.516832,predicted_seconds=0.000000,time_percent_error=100.000000,nthreads=69,end_time=148221.013619,avg_power_W=141.700000,max_power_W=148.000000,avg_time_s=0.057426,released_listeners=1,
start_task=,name=trsm_leftprofile,tick=6,start_time=148221.013680,nthreads=69,
message=tick stats,tick=6,estimated_current_power=0.000000,
end_task=,name=trsm_leftprofile,elapsed_seconds=0.586366,predicted_seconds=0.000000,time_percent_error=100.000000,nthreads=69,end_time=148221.601423,avg_power_W=136.416667,max_power_W=145.000000,avg_time_s=0.073296,released_listeners=1,
start_task=,name=trsm_rightprofile,tick=7,start_time=148221.601484,nthreads=69,
message=tick stats,tick=7,estimated_current_power=0.000000,
end_task=,name=trsm_rightprofile,elapsed_seconds=0.549779,predicted_seconds=0.000000,time_percent_error=100.000000,nthreads=69,end_time=148222.152097,avg_power_W=142.000000,max_power_W=149.000000,avg_time_s=0.054978,released_listeners=1,
start_task=,name=trsm_leftprofile,tick=8,start_time=148222.152167,nthreads=69,
message=tick stats,tick=8,estimated_current_power=0.000000,
end_task=,name=trsm_leftprofile,elapsed_seconds=0.557705,predicted_seconds=0.000000,time_percent_error=100.000000,nthreads=69,end_time=148222.711302,avg_power_W=141.363636,max_power_W=149.000000,avg_time_s=0.055770,released_listeners=1,
start_task=,name=trsm_rightprofile,tick=9,start_time=148222.711363,nthreads=69,
message=tick stats,tick=9,estimated_current_power=0.000000,
end_task=,name=trsm_rightprofile,elapsed_seconds=0.554518,predicted_seconds=0.000000,time_percent_error=100.000000,nthreads=69,end_time=148223.266643,avg_power_W=142.818182,max_power_W=148.000000,avg_time_s=0.061613,released_listeners=1,
start_task=,name=trsm_leftprofile,tick=10,start_time=148223.266704,nthreads=69,
message=tick stats,tick=10,estimated_current_power=0.000000,
end_task=,name=trsm_leftprofile,elapsed_seconds=0.531558,predicted_seconds=0.000000,time_percent_error=100.000000,nthreads=69,end_time=148223.799093,avg_power_W=139.272727,max_power_W=149.000000,avg_time_s=0.059062,released_listeners=1,
start_task=,name=trsm_rightprofile,tick=11,start_time=148223.799158,nthreads=69,
message=tick stats,tick=11,estimated_current_power=0.000000,
end_task=,name=trsm_rightprofile,elapsed_seconds=0.551667,predicted_seconds=0.000000,time_percent_error=100.000000,nthreads=69,end_time=148224.351630,avg_power_W=146.909091,max_power_W=151.000000,avg_time_s=0.055167,released_listeners=1,
start_task=,name=trsm_rightprofile,tick=12,start_time=148224.351699,nthreads=69,
message=tick stats,tick=12,estimated_current_power=0.000000,
end_task=,name=trsm_rightprofile,elapsed_seconds=0.551705,predicted_seconds=0.000000,time_percent_error=100.000000,nthreads=69,end_time=148224.904151,avg_power_W=144.909091,max_power_W=151.000000,avg_time_s=0.055171,released_listeners=1,
start_task=,name=trsm_left,tick=13,start_time=148224.904229,nthreads=69,
message=tick stats,tick=13,estimated_current_power=87.366667,
end_task=,name=trsm_left,elapsed_seconds=0.075987,predicted_seconds=0.036653,time_percent_error=51.764801,nthreads=69,end_time=148224.992575,avg_power_W=136.500000,max_power_W=141.000000,avg_time_s=0.075987,released_listeners=5,
start_task=,name=trsm_right,tick=14,start_time=148224.992648,nthreads=69,
message=tick stats,tick=14,estimated_current_power=85.300000,
end_task=,name=trsm_right,elapsed_seconds=0.066189,predicted_seconds=0.042153,time_percent_error=36.314258,nthreads=69,end_time=148225.059705,avg_power_W=142.000000,max_power_W=142.000000,avg_time_s=0.066189,released_listeners=5,
start_task=,name=trsm_left,tick=15,start_time=148225.059768,nthreads=69,
message=tick stats,tick=15,estimated_current_power=87.366667,
end_task=,name=trsm_left,elapsed_seconds=0.080199,predicted_seconds=0.036653,time_percent_error=54.297899,nthreads=69,end_time=148225.142830,avg_power_W=131.500000,max_power_W=132.000000,avg_time_s=0.080199,released_listeners=5,
start_task=,name=trsm_left,tick=16,start_time=148225.142896,nthreads=69,
message=tick stats,tick=16,estimated_current_power=87.366667,
end_task=,name=trsm_left,elapsed_seconds=0.063038,predicted_seconds=0.036653,time_percent_error=41.856390,nthreads=69,end_time=148225.206783,avg_power_W=130.000000,max_power_W=130.000000,avg_time_s=0.063038,released_listeners=5,
start_task=,name=trsm_right,tick=17,start_time=148225.206842,nthreads=69,
message=tick stats,tick=17,estimated_current_power=85.300000,
end_task=,name=trsm_right,elapsed_seconds=0.069606,predicted_seconds=0.042153,time_percent_error=39.440875,nthreads=69,end_time=148225.277283,avg_power_W=130.000000,max_power_W=130.000000,avg_time_s=0.069606,released_listeners=5,
start_task=,name=trsm_left,tick=18,start_time=148225.277345,nthreads=69,
message=tick stats,tick=18,estimated_current_power=87.366667,
end_task=,name=trsm_left,elapsed_seconds=0.065015,predicted_seconds=0.036653,time_percent_error=43.624430,nthreads=69,end_time=148225.343625,avg_power_W=143.500000,max_power_W=150.000000,avg_time_s=0.065015,released_listeners=5,
start_task=,name=trsm_right,tick=19,start_time=148225.343689,nthreads=69,
message=tick stats,tick=19,estimated_current_power=85.300000,
end_task=,name=trsm_right,elapsed_seconds=0.061905,predicted_seconds=0.042153,time_percent_error=31.907416,nthreads=69,end_time=148225.406365,avg_power_W=144.000000,max_power_W=144.000000,avg_time_s=0.061905,released_listeners=5,
start_task=,name=trsm_left,tick=20,start_time=148225.406425,nthreads=69,
message=tick stats,tick=20,estimated_current_power=87.366667,
end_task=,name=trsm_left,elapsed_seconds=0.070609,predicted_seconds=0.036653,time_percent_error=48.090926,nthreads=69,end_time=148225.477900,avg_power_W=136.000000,max_power_W=136.000000,avg_time_s=0.070609,released_listeners=5,
start_task=,name=trsm_right,tick=21,start_time=148225.477959,nthreads=69,
message=tick stats,tick=21,estimated_current_power=85.300000,
end_task=,name=trsm_right,elapsed_seconds=0.069426,predicted_seconds=0.042153,time_percent_error=39.283463,nthreads=69,end_time=148225.548738,avg_power_W=137.500000,max_power_W=144.000000,avg_time_s=0.069426,released_listeners=5,
start_task=,name=trsm_right,tick=22,start_time=148225.548801,nthreads=69,
message=tick stats,tick=22,estimated_current_power=85.300000,
end_task=,name=trsm_right,elapsed_seconds=0.065115,predicted_seconds=0.042153,time_percent_error=35.264312,nthreads=69,end_time=148225.615283,avg_power_W=137.000000,max_power_W=137.000000,avg_time_s=0.065115,released_listeners=5,
start_task=,name=lu_gemmprofile,tick=23,start_time=148225.615350,nthreads=69,
message=tick stats,tick=23,estimated_current_power=0.000000,
end_task=,name=lu_gemmprofile,elapsed_seconds=0.517996,predicted_seconds=0.000000,time_percent_error=100.000000,nthreads=69,end_time=148226.142760,avg_power_W=136.090909,max_power_W=151.000000,avg_time_s=0.086333,released_listeners=1,
start_task=,name=lu_gemmprofile,tick=24,start_time=148226.142825,nthreads=69,
message=tick stats,tick=24,estimated_current_power=0.000000,
end_task=,name=lu_gemmprofile,elapsed_seconds=0.559624,predicted_seconds=0.000000,time_percent_error=100.000000,nthreads=69,end_time=148226.703838,avg_power_W=147.545455,max_power_W=159.000000,avg_time_s=0.062180,released_listeners=1,
start_task=,name=lu_gemmprofile,tick=25,start_time=148226.703899,nthreads=69,
message=tick stats,tick=25,estimated_current_power=0.000000,
end_task=,name=lu_gemmprofile,elapsed_seconds=0.528813,predicted_seconds=0.000000,time_percent_error=100.000000,nthreads=69,end_time=148227.242641,avg_power_W=149.454545,max_power_W=159.000000,avg_time_s=0.052881,released_listeners=1,
start_task=,name=lu_gemmprofile,tick=26,start_time=148227.242709,nthreads=69,
message=tick stats,tick=26,estimated_current_power=0.000000,
end_task=,name=lu_gemmprofile,elapsed_seconds=0.544469,predicted_seconds=0.000000,time_percent_error=100.000000,nthreads=69,end_time=148227.792929,avg_power_W=148.000000,max_power_W=155.000000,avg_time_s=0.054447,released_listeners=1,
start_task=,name=lu_gemmprofile,tick=27,start_time=148227.792995,nthreads=69,
message=tick stats,tick=27,estimated_current_power=0.000000,
end_task=,name=lu_gemmprofile,elapsed_seconds=0.525697,predicted_seconds=0.000000,time_percent_error=100.000000,nthreads=69,end_time=148228.319531,avg_power_W=150.000000,max_power_W=159.000000,avg_time_s=0.058411,released_listeners=1,
start_task=,name=lu_gemmprofile,tick=28,start_time=148228.319592,nthreads=69,
message=tick stats,tick=28,estimated_current_power=0.000000,
end_task=,name=lu_gemmprofile,elapsed_seconds=0.553446,predicted_seconds=0.000000,time_percent_error=100.000000,nthreads=69,end_time=148228.874393,avg_power_W=149.090909,max_power_W=159.000000,avg_time_s=0.061494,released_listeners=1,
start_task=,name=lu_gemmprofile,tick=29,start_time=148228.874455,nthreads=69,
message=tick stats,tick=29,estimated_current_power=0.000000,
end_task=,name=lu_gemmprofile,elapsed_seconds=0.526001,predicted_seconds=0.000000,time_percent_error=100.000000,nthreads=69,end_time=148229.401286,avg_power_W=152.363636,max_power_W=161.000000,avg_time_s=0.058445,released_listeners=1,
start_task=,name=lu_gemmprofile,tick=30,start_time=148229.401349,nthreads=69,
message=tick stats,tick=30,estimated_current_power=0.000000,
end_task=,name=lu_gemmprofile,elapsed_seconds=0.572601,predicted_seconds=0.000000,time_percent_error=100.000000,nthreads=69,end_time=148229.974778,avg_power_W=149.454545,max_power_W=160.000000,avg_time_s=0.063622,released_listeners=1,
start_task=,name=lu_gemmprofile,tick=31,start_time=148229.974840,nthreads=69,
message=tick stats,tick=31,estimated_current_power=0.000000,
end_task=,name=lu_gemmprofile,elapsed_seconds=0.525413,predicted_seconds=0.000000,time_percent_error=100.000000,nthreads=69,end_time=148230.501056,avg_power_W=150.181818,max_power_W=161.000000,avg_time_s=0.058379,released_listeners=1,
start_task=,name=lu_gemmprofile,tick=32,start_time=148230.501119,nthreads=69,
message=tick stats,tick=32,estimated_current_power=0.000000,
end_task=,name=lu_gemmprofile,elapsed_seconds=0.529380,predicted_seconds=0.000000,time_percent_error=100.000000,nthreads=69,end_time=148231.042741,avg_power_W=147.454545,max_power_W=163.000000,avg_time_s=0.075626,released_listeners=1,
start_task=,name=lu_gemmprofile,tick=33,start_time=148231.042807,nthreads=69,
message=tick stats,tick=33,estimated_current_power=0.000000,
end_task=,name=lu_gemmprofile,elapsed_seconds=0.533160,predicted_seconds=0.000000,time_percent_error=100.000000,nthreads=69,end_time=148231.576902,avg_power_W=154.400000,max_power_W=165.000000,avg_time_s=0.053316,released_listeners=1,
start_task=,name=lu_gemmprofile,tick=34,start_time=148231.576971,nthreads=69,
message=tick stats,tick=34,estimated_current_power=0.000000,
end_task=,name=lu_gemmprofile,elapsed_seconds=0.531034,predicted_seconds=0.000000,time_percent_error=100.000000,nthreads=69,end_time=148232.109113,avg_power_W=158.727273,max_power_W=167.000000,avg_time_s=0.053103,released_listeners=1,
start_task=,name=lu_gemmprofile,tick=35,start_time=148232.109184,nthreads=69,
message=tick stats,tick=35,estimated_current_power=0.000000,
end_task=,name=lu_gemmprofile,elapsed_seconds=0.558468,predicted_seconds=0.000000,time_percent_error=100.000000,nthreads=69,end_time=148232.668603,avg_power_W=156.909091,max_power_W=169.000000,avg_time_s=0.055847,released_listeners=1,
start_task=,name=lu_gemmprofile,tick=36,start_time=148232.668668,nthreads=69,
message=tick stats,tick=36,estimated_current_power=0.000000,
end_task=,name=lu_gemmprofile,elapsed_seconds=0.550239,predicted_seconds=0.000000,time_percent_error=100.000000,nthreads=69,end_time=148233.219751,avg_power_W=155.545455,max_power_W=169.000000,avg_time_s=0.078606,released_listeners=1,
start_task=,name=lu_gemmprofile,tick=37,start_time=148233.219813,nthreads=69,
message=tick stats,tick=37,estimated_current_power=0.000000,
end_task=,name=lu_gemmprofile,elapsed_seconds=0.553484,predicted_seconds=0.000000,time_percent_error=100.000000,nthreads=69,end_time=148233.774628,avg_power_W=158.818182,max_power_W=169.000000,avg_time_s=0.055348,released_listeners=1,
start_task=,name=lu_gemmprofile,tick=38,start_time=148233.774690,nthreads=69,
message=tick stats,tick=38,estimated_current_power=0.000000,
end_task=,name=lu_gemmprofile,elapsed_seconds=0.561490,predicted_seconds=0.000000,time_percent_error=100.000000,nthreads=69,end_time=148234.342590,avg_power_W=163.000000,max_power_W=169.000000,avg_time_s=0.056149,released_listeners=1,
start_task=,name=lu_gemmprofile,tick=39,start_time=148234.342655,nthreads=69,
message=tick stats,tick=39,estimated_current_power=0.000000,
end_task=,name=lu_gemmprofile,elapsed_seconds=0.567860,predicted_seconds=0.000000,time_percent_error=100.000000,nthreads=69,end_time=148234.911919,avg_power_W=157.818182,max_power_W=169.000000,avg_time_s=0.056786,released_listeners=1,
start_task=,name=lu_gemmprofile,tick=40,start_time=148234.911982,nthreads=69,
message=tick stats,tick=40,estimated_current_power=0.000000,
end_task=,name=lu_gemmprofile,elapsed_seconds=0.556577,predicted_seconds=0.000000,time_percent_error=100.000000,nthreads=69,end_time=148235.469440,avg_power_W=157.454545,max_power_W=167.000000,avg_time_s=0.061842,released_listeners=1,
start_task=,name=lu_gemmprofile,tick=41,start_time=148235.469502,nthreads=69,
message=tick stats,tick=41,estimated_current_power=0.000000,
end_task=,name=lu_gemmprofile,elapsed_seconds=0.571128,predicted_seconds=0.000000,time_percent_error=100.000000,nthreads=69,end_time=148236.043076,avg_power_W=154.916667,max_power_W=166.000000,avg_time_s=0.063459,released_listeners=1,
start_task=,name=lu_gemmprofile,tick=42,start_time=148236.043148,nthreads=69,
message=tick stats,tick=42,estimated_current_power=0.000000,
end_task=,name=lu_gemmprofile,elapsed_seconds=0.554487,predicted_seconds=0.000000,time_percent_error=100.000000,nthreads=69,end_time=148236.598545,avg_power_W=159.454545,max_power_W=168.000000,avg_time_s=0.055449,released_listeners=1,
start_task=,name=lu_gemmprofile,tick=43,start_time=148236.598607,nthreads=69,
message=tick stats,tick=43,estimated_current_power=0.000000,
end_task=,name=lu_gemmprofile,elapsed_seconds=0.553620,predicted_seconds=0.000000,time_percent_error=100.000000,nthreads=69,end_time=148237.153619,avg_power_W=159.818182,max_power_W=168.000000,avg_time_s=0.055362,released_listeners=1,
start_task=,name=lu_gemmprofile,tick=44,start_time=148237.153681,nthreads=69,
message=tick stats,tick=44,estimated_current_power=0.000000,
end_task=,name=lu_gemmprofile,elapsed_seconds=0.573653,predicted_seconds=0.000000,time_percent_error=100.000000,nthreads=69,end_time=148237.728210,avg_power_W=160.181818,max_power_W=171.000000,avg_time_s=0.052150,released_listeners=1,
start_task=,name=lu_gemmprofile,tick=45,start_time=148237.728280,nthreads=69,
message=tick stats,tick=45,estimated_current_power=0.000000,
end_task=,name=lu_gemmprofile,elapsed_seconds=0.548323,predicted_seconds=0.000000,time_percent_error=100.000000,nthreads=69,end_time=148238.277509,avg_power_W=154.272727,max_power_W=167.000000,avg_time_s=0.078332,released_listeners=1,
start_task=,name=lu_gemmprofile,tick=46,start_time=148238.277571,nthreads=69,
message=tick stats,tick=46,estimated_current_power=0.000000,
end_task=,name=lu_gemmprofile,elapsed_seconds=0.553421,predicted_seconds=0.000000,time_percent_error=100.000000,nthreads=69,end_time=148238.842632,avg_power_W=161.333333,max_power_W=171.000000,avg_time_s=0.055342,released_listeners=1,
start_task=,name=lu_gemmprofile,tick=47,start_time=148238.842697,nthreads=69,
message=tick stats,tick=47,estimated_current_power=0.000000,
end_task=,name=lu_gemmprofile,elapsed_seconds=0.542134,predicted_seconds=0.000000,time_percent_error=100.000000,nthreads=69,end_time=148239.392295,avg_power_W=153.090909,max_power_W=171.000000,avg_time_s=0.067767,released_listeners=1,
start_task=,name=lu_gemm,tick=48,start_time=148239.392355,nthreads=69,
message=tick stats,tick=48,estimated_current_power=95.718182,
end_task=,name=lu_gemm,elapsed_seconds=0.101546,predicted_seconds=0.040527,time_percent_error=60.090304,nthreads=69,end_time=148239.494614,avg_power_W=154.000000,max_power_W=166.000000,avg_time_s=0.101546,released_listeners=1,
start_task=,name=lu_gemm,tick=49,start_time=148239.494677,nthreads=69,
message=tick stats,tick=49,estimated_current_power=95.718182,
end_task=,name=lu_gemm,elapsed_seconds=0.108999,predicted_seconds=0.040527,time_percent_error=62.819109,nthreads=69,end_time=148239.604287,avg_power_W=146.500000,max_power_W=151.000000,avg_time_s=0.108999,released_listeners=0,
start_task=,name=lu_gemm,tick=50,start_time=148239.604349,nthreads=69,
message=tick stats,tick=50,estimated_current_power=95.718182,
end_task=,name=lu_gemm,elapsed_seconds=0.100474,predicted_seconds=0.040527,time_percent_error=59.664638,nthreads=69,end_time=148239.705423,avg_power_W=140.500000,max_power_W=143.000000,avg_time_s=0.100474,released_listeners=0,
start_task=,name=lu_gemm,tick=51,start_time=148239.705485,nthreads=69,
message=tick stats,tick=51,estimated_current_power=95.718182,
end_task=,name=lu_gemm,elapsed_seconds=0.105354,predicted_seconds=0.040527,time_percent_error=61.532955,nthreads=69,end_time=148239.811475,avg_power_W=144.000000,max_power_W=146.000000,avg_time_s=0.105354,released_listeners=1,
start_task=,name=lu_gemm,tick=52,start_time=148239.811537,nthreads=69,
message=tick stats,tick=52,estimated_current_power=95.718182,
end_task=,name=lu_gemm,elapsed_seconds=0.100556,predicted_seconds=0.040527,time_percent_error=59.697478,nthreads=69,end_time=148239.912984,avg_power_W=146.500000,max_power_W=150.000000,avg_time_s=0.100556,released_listeners=0,
start_task=,name=lu_gemm,tick=53,start_time=148239.913045,nthreads=69,
message=tick stats,tick=53,estimated_current_power=95.718182,
end_task=,name=lu_gemm,elapsed_seconds=0.110426,predicted_seconds=0.040527,time_percent_error=63.299778,nthreads=69,end_time=148240.024810,avg_power_W=142.500000,max_power_W=148.000000,avg_time_s=0.110426,released_listeners=0,
start_task=,name=lu_gemm,tick=54,start_time=148240.024872,nthreads=69,
message=tick stats,tick=54,estimated_current_power=95.718182,
end_task=,name=lu_gemm,elapsed_seconds=0.105781,predicted_seconds=0.040527,time_percent_error=61.687973,nthreads=69,end_time=148240.142950,avg_power_W=147.000000,max_power_W=165.000000,avg_time_s=0.105781,released_listeners=0,
start_task=,name=lu_gemm,tick=55,start_time=148240.143014,nthreads=69,
message=tick stats,tick=55,estimated_current_power=95.718182,
end_task=,name=lu_gemm,elapsed_seconds=0.102503,predicted_seconds=0.040527,time_percent_error=60.462992,nthreads=69,end_time=148240.246752,avg_power_W=153.500000,max_power_W=167.000000,avg_time_s=0.102503,released_listeners=0,
start_task=,name=lu_gemm,tick=56,start_time=148240.246814,nthreads=69,
message=tick stats,tick=56,estimated_current_power=95.718182,
end_task=,name=lu_gemm,elapsed_seconds=0.135956,predicted_seconds=0.040527,time_percent_error=70.191302,nthreads=69,end_time=148240.392543,avg_power_W=143.666667,max_power_W=152.000000,avg_time_s=0.135956,released_listeners=1,
start_task=,name=lu_gemm,tick=57,start_time=148240.392609,nthreads=69,
message=tick stats,tick=57,estimated_current_power=95.718182,
end_task=,name=lu_gemm,elapsed_seconds=0.127860,predicted_seconds=0.040527,time_percent_error=68.303926,nthreads=69,end_time=148240.521188,avg_power_W=152.500000,max_power_W=164.000000,avg_time_s=0.127860,released_listeners=1,
start_task=,name=lu_gemm,tick=58,start_time=148240.521279,nthreads=69,
message=tick stats,tick=58,estimated_current_power=95.718182,
end_task=,name=lu_gemm,elapsed_seconds=0.105919,predicted_seconds=0.040527,time_percent_error=61.737959,nthreads=69,end_time=148240.627867,avg_power_W=150.500000,max_power_W=167.000000,avg_time_s=0.105919,released_listeners=1,
start_task=,name=lu_gemm,tick=59,start_time=148240.627930,nthreads=69,
message=tick stats,tick=59,estimated_current_power=95.718182,
end_task=,name=lu_gemm,elapsed_seconds=0.109414,predicted_seconds=0.040527,time_percent_error=62.960278,nthreads=69,end_time=148240.742502,avg_power_W=143.666667,max_power_W=160.000000,avg_time_s=0.109414,released_listeners=1,
start_task=,name=lu_gemm,tick=60,start_time=148240.742569,nthreads=69,
message=tick stats,tick=60,estimated_current_power=95.718182,
end_task=,name=lu_gemm,elapsed_seconds=0.104728,predicted_seconds=0.040527,time_percent_error=61.302989,nthreads=69,end_time=148240.847985,avg_power_W=148.500000,max_power_W=155.000000,avg_time_s=0.104728,released_listeners=1,
start_task=,name=lu_gemm,tick=61,start_time=148240.848048,nthreads=69,
message=tick stats,tick=61,estimated_current_power=95.718182,
end_task=,name=lu_gemm,elapsed_seconds=0.111116,predicted_seconds=0.040527,time_percent_error=63.527480,nthreads=69,end_time=148240.960454,avg_power_W=152.000000,max_power_W=161.000000,avg_time_s=0.111116,released_listeners=0,
start_task=,name=lu_gemm,tick=62,start_time=148240.960517,nthreads=69,
message=tick stats,tick=62,estimated_current_power=95.718182,
end_task=,name=lu_gemm,elapsed_seconds=0.107101,predicted_seconds=0.040527,time_percent_error=62.160289,nthreads=69,end_time=148241.068484,avg_power_W=145.500000,max_power_W=149.000000,avg_time_s=0.107101,released_listeners=0,
start_task=,name=lu_gemm,tick=63,start_time=148241.068545,nthreads=69,
message=tick stats,tick=63,estimated_current_power=95.718182,
end_task=,name=lu_gemm,elapsed_seconds=0.109630,predicted_seconds=0.040527,time_percent_error=63.033314,nthreads=69,end_time=148241.193323,avg_power_W=142.333333,max_power_W=162.000000,avg_time_s=0.109630,released_listeners=1,
start_task=,name=lu_gemm,tick=64,start_time=148241.193390,nthreads=69,
message=tick stats,tick=64,estimated_current_power=95.718182,
end_task=,name=lu_gemm,elapsed_seconds=0.104681,predicted_seconds=0.040527,time_percent_error=61.285376,nthreads=69,end_time=148241.298829,avg_power_W=148.000000,max_power_W=163.000000,avg_time_s=0.104681,released_listeners=0,
start_task=,name=lu_gemm,tick=65,start_time=148241.298891,nthreads=69,
message=tick stats,tick=65,estimated_current_power=95.718182,
end_task=,name=lu_gemm,elapsed_seconds=0.114624,predicted_seconds=0.040527,time_percent_error=64.643816,nthreads=69,end_time=148241.414223,avg_power_W=140.000000,max_power_W=141.000000,avg_time_s=0.114624,released_listeners=0,
start_task=,name=lu_gemm,tick=66,start_time=148241.414282,nthreads=69,
message=tick stats,tick=66,estimated_current_power=95.718182,
end_task=,name=lu_gemm,elapsed_seconds=0.116215,predicted_seconds=0.040527,time_percent_error=65.127867,nthreads=69,end_time=148241.542330,avg_power_W=140.000000,max_power_W=150.000000,avg_time_s=0.116215,released_listeners=0,
start_task=,name=lu_gemm,tick=67,start_time=148241.542395,nthreads=69,
message=tick stats,tick=67,estimated_current_power=95.718182,
end_task=,name=lu_gemm,elapsed_seconds=0.111362,predicted_seconds=0.040527,time_percent_error=63.608114,nthreads=69,end_time=148241.654450,avg_power_W=153.000000,max_power_W=165.000000,avg_time_s=0.111362,released_listeners=0,
start_task=,name=lu_gemm,tick=68,start_time=148241.654518,nthreads=69,
message=tick stats,tick=68,estimated_current_power=95.718182,
end_task=,name=lu_gemm,elapsed_seconds=0.114169,predicted_seconds=0.040527,time_percent_error=64.502873,nthreads=69,end_time=148241.769561,avg_power_W=142.500000,max_power_W=145.000000,avg_time_s=0.114169,released_listeners=1,
start_task=,name=lu_gemm,tick=69,start_time=148241.769624,nthreads=69,
message=tick stats,tick=69,estimated_current_power=95.718182,
end_task=,name=lu_gemm,elapsed_seconds=0.109092,predicted_seconds=0.040527,time_percent_error=62.850789,nthreads=69,end_time=148241.892721,avg_power_W=141.333333,max_power_W=150.000000,avg_time_s=0.109092,released_listeners=0,
start_task=,name=lu_gemm,tick=70,start_time=148241.892786,nthreads=69,
message=tick stats,tick=70,estimated_current_power=95.718182,
end_task=,name=lu_gemm,elapsed_seconds=0.108180,predicted_seconds=0.040527,time_percent_error=62.537785,nthreads=69,end_time=148242.002328,avg_power_W=150.500000,max_power_W=161.000000,avg_time_s=0.108180,released_listeners=0,
start_task=,name=lu_gemm,tick=71,start_time=148242.002390,nthreads=69,
message=tick stats,tick=71,estimated_current_power=95.718182,
end_task=,name=lu_gemm,elapsed_seconds=0.099652,predicted_seconds=0.040527,time_percent_error=59.331834,nthreads=69,end_time=148242.103293,avg_power_W=151.000000,max_power_W=156.000000,avg_time_s=0.099652,released_listeners=0,
start_task=,name=lu_gemm,tick=72,start_time=148242.103354,nthreads=69,
message=tick stats,tick=72,estimated_current_power=95.718182,
end_task=,name=lu_gemm,elapsed_seconds=0.101712,predicted_seconds=0.040527,time_percent_error=60.155329,nthreads=69,end_time=148242.206302,avg_power_W=147.000000,max_power_W=147.000000,avg_time_s=0.101712,released_listeners=0,
start_task=,name=getrfprofile,tick=73,start_time=148242.206363,nthreads=69,
message=tick stats,tick=73,estimated_current_power=0.000000,
end_task=,name=getrfprofile,elapsed_seconds=0.620911,predicted_seconds=0.000000,time_percent_error=100.000000,nthreads=69,end_time=148242.827949,avg_power_W=149.000000,max_power_W=153.000000,avg_time_s=0.206970,released_listeners=1,
start_task=,name=getrf,tick=74,start_time=148242.828013,nthreads=69,
message=tick stats,tick=74,estimated_current_power=80.600000,
end_task=,name=getrf,elapsed_seconds=0.210504,predicted_seconds=0.200097,time_percent_error=4.943983,nthreads=69,end_time=148243.042676,avg_power_W=147.000000,max_power_W=151.000000,avg_time_s=0.210504,released_listeners=8,
start_task=,name=trsm_leftprofile,tick=75,start_time=148243.042742,nthreads=69,
message=tick stats,tick=75,estimated_current_power=0.000000,
end_task=,name=trsm_leftprofile,elapsed_seconds=0.556582,predicted_seconds=0.000000,time_percent_error=100.000000,nthreads=69,end_time=148243.599924,avg_power_W=150.636364,max_power_W=159.000000,avg_time_s=0.061842,released_listeners=1,
start_task=,name=trsm_rightprofile,tick=76,start_time=148243.599986,nthreads=69,
message=tick stats,tick=76,estimated_current_power=0.000000,
end_task=,name=trsm_rightprofile,elapsed_seconds=0.557074,predicted_seconds=0.000000,time_percent_error=100.000000,nthreads=69,end_time=148244.158168,avg_power_W=156.000000,max_power_W=161.000000,avg_time_s=0.055707,released_listeners=1,
start_task=,name=trsm_leftprofile,tick=77,start_time=148244.158258,nthreads=69,
message=tick stats,tick=77,estimated_current_power=0.000000,
end_task=,name=trsm_leftprofile,elapsed_seconds=0.560298,predicted_seconds=0.000000,time_percent_error=100.000000,nthreads=69,end_time=148244.719286,avg_power_W=153.545455,max_power_W=161.000000,avg_time_s=0.056030,released_listeners=1,
start_task=,name=trsm_rightprofile,tick=78,start_time=148244.719349,nthreads=69,
message=tick stats,tick=78,estimated_current_power=0.000000,
end_task=,name=trsm_rightprofile,elapsed_seconds=0.561905,predicted_seconds=0.000000,time_percent_error=100.000000,nthreads=69,end_time=148245.292724,avg_power_W=151.833333,max_power_W=162.000000,avg_time_s=0.062434,released_listeners=1,
start_task=,name=trsm_leftprofile,tick=79,start_time=148245.292796,nthreads=69,
message=tick stats,tick=79,estimated_current_power=0.000000,
end_task=,name=trsm_leftprofile,elapsed_seconds=0.585829,predicted_seconds=0.000000,time_percent_error=100.000000,nthreads=69,end_time=148245.892254,avg_power_W=151.583333,max_power_W=163.000000,avg_time_s=0.065092,released_listeners=1,
start_task=,name=trsm_rightprofile,tick=80,start_time=148245.892320,nthreads=69,
message=tick stats,tick=80,estimated_current_power=0.000000,
end_task=,name=trsm_rightprofile,elapsed_seconds=0.543564,predicted_seconds=0.000000,time_percent_error=100.000000,nthreads=69,end_time=148246.442299,avg_power_W=153.000000,max_power_W=161.000000,avg_time_s=0.060396,released_listeners=1,
start_task=,name=trsm_leftprofile,tick=81,start_time=148246.442359,nthreads=69,
message=tick stats,tick=81,estimated_current_power=0.000000,
end_task=,name=trsm_leftprofile,elapsed_seconds=0.546365,predicted_seconds=0.000000,time_percent_error=100.000000,nthreads=69,end_time=148246.992716,avg_power_W=153.636364,max_power_W=160.000000,avg_time_s=0.054637,released_listeners=1,
start_task=,name=trsm_rightprofile,tick=82,start_time=148246.992782,nthreads=69,
message=tick stats,tick=82,estimated_current_power=0.000000,
end_task=,name=trsm_rightprofile,elapsed_seconds=0.576293,predicted_seconds=0.000000,time_percent_error=100.000000,nthreads=69,end_time=148247.569760,avg_power_W=152.272727,max_power_W=161.000000,avg_time_s=0.064033,released_listeners=1,
start_task=,name=trsm_left,tick=83,start_time=148247.569821,nthreads=69,
message=tick stats,tick=83,estimated_current_power=87.366667,
end_task=,name=trsm_left,elapsed_seconds=0.096694,predicted_seconds=0.036653,time_percent_error=62.094194,nthreads=69,end_time=148247.667068,avg_power_W=148.000000,max_power_W=151.000000,avg_time_s=0.096694,released_listeners=4,
start_task=,name=trsm_right,tick=84,start_time=148247.667136,nthreads=69,
message=tick stats,tick=84,estimated_current_power=85.300000,
end_task=,name=trsm_right,elapsed_seconds=0.112858,predicted_seconds=0.042153,time_percent_error=62.649624,nthreads=69,end_time=148247.792299,avg_power_W=144.000000,max_power_W=151.000000,avg_time_s=0.112858,released_listeners=4,
start_task=,name=trsm_left,tick=85,start_time=148247.792366,nthreads=69,
message=tick stats,tick=85,estimated_current_power=87.366667,
end_task=,name=trsm_left,elapsed_seconds=0.096947,predicted_seconds=0.036653,time_percent_error=62.192957,nthreads=69,end_time=148247.892343,avg_power_W=150.000000,max_power_W=159.000000,avg_time_s=0.096947,released_listeners=4,
start_task=,name=trsm_right,tick=86,start_time=148247.892413,nthreads=69,
message=tick stats,tick=86,estimated_current_power=85.300000,
end_task=,name=trsm_right,elapsed_seconds=0.061260,predicted_seconds=0.042153,time_percent_error=31.190142,nthreads=69,end_time=148247.954724,avg_power_W=145.000000,max_power_W=145.000000,avg_time_s=0.061260,released_listeners=4,
start_task=,name=trsm_left,tick=87,start_time=148247.954785,nthreads=69,
message=tick stats,tick=87,estimated_current_power=87.366667,
end_task=,name=trsm_left,elapsed_seconds=0.061092,predicted_seconds=0.036653,time_percent_error=40.003726,nthreads=69,end_time=148248.016665,avg_power_W=149.000000,max_power_W=149.000000,avg_time_s=0.061092,released_listeners=4,
start_task=,name=trsm_right,tick=88,start_time=148248.016724,nthreads=69,
message=tick stats,tick=88,estimated_current_power=85.300000,
end_task=,name=trsm_right,elapsed_seconds=0.064514,predicted_seconds=0.042153,time_percent_error=34.660670,nthreads=69,end_time=148248.092966,avg_power_W=148.000000,max_power_W=151.000000,avg_time_s=0.064514,released_listeners=4,
start_task=,name=trsm_left,tick=89,start_time=148248.093034,nthreads=69,
message=tick stats,tick=89,estimated_current_power=87.366667,
end_task=,name=trsm_left,elapsed_seconds=0.059721,predicted_seconds=0.036653,time_percent_error=38.626391,nthreads=69,end_time=148248.154018,avg_power_W=157.000000,max_power_W=157.000000,avg_time_s=0.059721,released_listeners=4,
start_task=,name=trsm_right,tick=90,start_time=148248.154087,nthreads=69,
message=tick stats,tick=90,estimated_current_power=85.300000,
end_task=,name=trsm_right,elapsed_seconds=0.063615,predicted_seconds=0.042153,time_percent_error=33.737577,nthreads=69,end_time=148248.218898,avg_power_W=148.000000,max_power_W=148.000000,avg_time_s=0.063615,released_listeners=4,
start_task=,name=lu_gemmprofile,tick=91,start_time=148248.218957,nthreads=69,
message=tick stats,tick=91,estimated_current_power=0.000000,
end_task=,name=lu_gemmprofile,elapsed_seconds=0.549529,predicted_seconds=0.000000,time_percent_error=100.000000,nthreads=69,end_time=148248.769102,avg_power_W=159.454545,max_power_W=171.000000,avg_time_s=0.054953,released_listeners=1,
start_task=,name=lu_gemmprofile,tick=92,start_time=148248.769173,nthreads=69,
message=tick stats,tick=92,estimated_current_power=0.000000,
end_task=,name=lu_gemmprofile,elapsed_seconds=0.549805,predicted_seconds=0.000000,time_percent_error=100.000000,nthreads=69,end_time=148249.320303,avg_power_W=156.181818,max_power_W=168.000000,avg_time_s=0.061089,released_listeners=1,
start_task=,name=lu_gemmprofile,tick=93,start_time=148249.320366,nthreads=69,
message=tick stats,tick=93,estimated_current_power=0.000000,
end_task=,name=lu_gemmprofile,elapsed_seconds=0.537756,predicted_seconds=0.000000,time_percent_error=100.000000,nthreads=69,end_time=148249.858795,avg_power_W=160.454545,max_power_W=169.000000,avg_time_s=0.053776,released_listeners=1,
start_task=,name=lu_gemmprofile,tick=94,start_time=148249.858858,nthreads=69,
message=tick stats,tick=94,estimated_current_power=0.000000,
end_task=,name=lu_gemmprofile,elapsed_seconds=0.582653,predicted_seconds=0.000000,time_percent_error=100.000000,nthreads=69,end_time=148250.442803,avg_power_W=155.666667,max_power_W=170.000000,avg_time_s=0.072832,released_listeners=1,
start_task=,name=lu_gemmprofile,tick=95,start_time=148250.442869,nthreads=69,
message=tick stats,tick=95,estimated_current_power=0.000000,
end_task=,name=lu_gemmprofile,elapsed_seconds=0.547481,predicted_seconds=0.000000,time_percent_error=100.000000,nthreads=69,end_time=148250.992836,avg_power_W=157.000000,max_power_W=166.000000,avg_time_s=0.054748,released_listeners=1,
start_task=,name=lu_gemmprofile,tick=96,start_time=148250.992901,nthreads=69,
message=tick stats,tick=96,estimated_current_power=0.000000,
end_task=,name=lu_gemmprofile,elapsed_seconds=0.531735,predicted_seconds=0.000000,time_percent_error=100.000000,nthreads=69,end_time=148251.525244,avg_power_W=155.900000,max_power_W=168.000000,avg_time_s=0.059082,released_listeners=1,
start_task=,name=lu_gemmprofile,tick=97,start_time=148251.525307,nthreads=69,
message=tick stats,tick=97,estimated_current_power=0.000000,
end_task=,name=lu_gemmprofile,elapsed_seconds=0.568054,predicted_seconds=0.000000,time_percent_error=100.000000,nthreads=69,end_time=148252.093936,avg_power_W=160.750000,max_power_W=170.000000,avg_time_s=0.056805,released_listeners=1,
start_task=,name=lu_gemmprofile,tick=98,start_time=148252.094001,nthreads=69,
message=tick stats,tick=98,estimated_current_power=0.000000,
end_task=,name=lu_gemmprofile,elapsed_seconds=0.544030,predicted_seconds=0.000000,time_percent_error=100.000000,nthreads=69,end_time=148252.642444,avg_power_W=156.363636,max_power_W=170.000000,avg_time_s=0.068004,released_listeners=1,
start_task=,name=lu_gemmprofile,tick=99,start_time=148252.642511,nthreads=69,
message=tick stats,tick=99,estimated_current_power=0.000000,
end_task=,name=lu_gemmprofile,elapsed_seconds=0.549731,predicted_seconds=0.000000,time_percent_error=100.000000,nthreads=69,end_time=148253.193044,avg_power_W=157.545455,max_power_W=168.000000,avg_time_s=0.054973,released_listeners=1,
start_task=,name=lu_gemmprofile,tick=100,start_time=148253.193114,nthreads=69,
message=tick stats,tick=100,estimated_current_power=0.000000,
end_task=,name=lu_gemmprofile,elapsed_seconds=0.548872,predicted_seconds=0.000000,time_percent_error=100.000000,nthreads=69,end_time=148253.742779,avg_power_W=158.090909,max_power_W=168.000000,avg_time_s=0.054887,released_listeners=1,
start_task=,name=lu_gemmprofile,tick=101,start_time=148253.742855,nthreads=69,
message=tick stats,tick=101,estimated_current_power=0.000000,
end_task=,name=lu_gemmprofile,elapsed_seconds=0.545946,predicted_seconds=0.000000,time_percent_error=100.000000,nthreads=69,end_time=148254.292994,avg_power_W=159.818182,max_power_W=169.000000,avg_time_s=0.054595,released_listeners=1,
start_task=,name=lu_gemmprofile,tick=102,start_time=148254.293060,nthreads=69,
message=tick stats,tick=102,estimated_current_power=0.000000,
end_task=,name=lu_gemmprofile,elapsed_seconds=0.615829,predicted_seconds=0.000000,time_percent_error=100.000000,nthreads=69,end_time=148254.909753,avg_power_W=157.500000,max_power_W=167.000000,avg_time_s=0.061583,released_listeners=1,
start_task=,name=lu_gemmprofile,tick=103,start_time=148254.909816,nthreads=69,
message=tick stats,tick=103,estimated_current_power=0.000000,
end_task=,name=lu_gemmprofile,elapsed_seconds=0.557074,predicted_seconds=0.000000,time_percent_error=100.000000,nthreads=69,end_time=148255.468280,avg_power_W=151.454545,max_power_W=169.000000,avg_time_s=0.069634,released_listeners=1,
start_task=,name=lu_gemmprofile,tick=104,start_time=148255.468343,nthreads=69,
message=tick stats,tick=104,estimated_current_power=0.000000,
end_task=,name=lu_gemmprofile,elapsed_seconds=0.558017,predicted_seconds=0.000000,time_percent_error=100.000000,nthreads=69,end_time=148256.027187,avg_power_W=155.545455,max_power_W=169.000000,avg_time_s=0.062002,released_listeners=1,
start_task=,name=lu_gemmprofile,tick=105,start_time=148256.027278,nthreads=69,
message=tick stats,tick=105,estimated_current_power=0.000000,
end_task=,name=lu_gemmprofile,elapsed_seconds=0.562527,predicted_seconds=0.000000,time_percent_error=100.000000,nthreads=69,end_time=148256.592911,avg_power_W=159.500000,max_power_W=171.000000,avg_time_s=0.056253,released_listeners=1,
start_task=,name=lu_gemmprofile,tick=106,start_time=148256.592976,nthreads=69,
message=tick stats,tick=106,estimated_current_power=0.000000,
end_task=,name=lu_gemmprofile,elapsed_seconds=0.543856,predicted_seconds=0.000000,time_percent_error=100.000000,nthreads=69,end_time=148257.142899,avg_power_W=160.454545,max_power_W=171.000000,avg_time_s=0.054386,released_listeners=1,
start_task=,name=lu_gemm,tick=107,start_time=148257.142966,nthreads=69,
message=tick stats,tick=107,estimated_current_power=95.718182,
end_task=,name=lu_gemm,elapsed_seconds=0.102203,predicted_seconds=0.040527,time_percent_error=60.346924,nthreads=69,end_time=148257.246063,avg_power_W=154.000000,max_power_W=166.000000,avg_time_s=0.102203,released_listeners=1,
start_task=,name=lu_gemm,tick=108,start_time=148257.246131,nthreads=69,
message=tick stats,tick=108,estimated_current_power=95.718182,
end_task=,name=lu_gemm,elapsed_seconds=0.117683,predicted_seconds=0.040527,time_percent_error=65.562755,nthreads=69,end_time=148257.364673,avg_power_W=149.000000,max_power_W=157.000000,avg_time_s=0.117683,released_listeners=1,
start_task=,name=lu_gemm,tick=109,start_time=148257.364735,nthreads=69,
message=tick stats,tick=109,estimated_current_power=95.718182,
end_task=,name=lu_gemm,elapsed_seconds=0.129474,predicted_seconds=0.040527,time_percent_error=68.699034,nthreads=69,end_time=148257.495110,avg_power_W=142.000000,max_power_W=145.000000,avg_time_s=0.129474,released_listeners=1,
start_task=,name=lu_gemm,tick=110,start_time=148257.495177,nthreads=69,
message=tick stats,tick=110,estimated_current_power=95.718182,
end_task=,name=lu_gemm,elapsed_seconds=0.098645,predicted_seconds=0.040527,time_percent_error=58.916685,nthreads=69,end_time=148257.594784,avg_power_W=151.500000,max_power_W=162.000000,avg_time_s=0.098645,released_listeners=0,
start_task=,name=lu_gemm,tick=111,start_time=148257.594846,nthreads=69,
message=tick stats,tick=111,estimated_current_power=95.718182,
end_task=,name=lu_gemm,elapsed_seconds=0.098478,predicted_seconds=0.040527,time_percent_error=58.847064,nthreads=69,end_time=148257.695270,avg_power_W=148.000000,max_power_W=155.000000,avg_time_s=0.098478,released_listeners=1,
start_task=,name=lu_gemm,tick=112,start_time=148257.695338,nthreads=69,
message=tick stats,tick=112,estimated_current_power=95.718182,
end_task=,name=lu_gemm,elapsed_seconds=0.099096,predicted_seconds=0.040527,time_percent_error=59.103376,nthreads=69,end_time=148257.795285,avg_power_W=155.000000,max_power_W=168.000000,avg_time_s=0.099096,released_listeners=0,
start_task=,name=lu_gemm,tick=113,start_time=148257.795347,nthreads=69,
message=tick stats,tick=113,estimated_current_power=95.718182,
end_task=,name=lu_gemm,elapsed_seconds=0.105279,predicted_seconds=0.040527,time_percent_error=61.505305,nthreads=69,end_time=148257.901469,avg_power_W=153.500000,max_power_W=164.000000,avg_time_s=0.105279,released_listeners=1,
start_task=,name=lu_gemm,tick=114,start_time=148257.901533,nthreads=69,
message=tick stats,tick=114,estimated_current_power=95.718182,
end_task=,name=lu_gemm,elapsed_seconds=0.101715,predicted_seconds=0.040527,time_percent_error=60.156444,nthreads=69,end_time=148258.004072,avg_power_W=148.000000,max_power_W=148.000000,avg_time_s=0.101715,released_listeners=0,
start_task=,name=lu_gemm,tick=115,start_time=148258.004140,nthreads=69,
message=tick stats,tick=115,estimated_current_power=95.718182,
end_task=,name=lu_gemm,elapsed_seconds=0.105075,predicted_seconds=0.040527,time_percent_error=61.430840,nthreads=69,end_time=148258.109988,avg_power_W=140.500000,max_power_W=141.000000,avg_time_s=0.105075,released_listeners=0,
start_task=,name=lu_gemm,tick=116,start_time=148258.110050,nthreads=69,
message=tick stats,tick=116,estimated_current_power=95.718182,
end_task=,name=lu_gemm,elapsed_seconds=0.112373,predicted_seconds=0.040527,time_percent_error=63.935546,nthreads=69,end_time=148258.223289,avg_power_W=146.500000,max_power_W=149.000000,avg_time_s=0.112373,released_listeners=1,
start_task=,name=lu_gemm,tick=117,start_time=148258.223354,nthreads=69,
message=tick stats,tick=117,estimated_current_power=95.718182,
end_task=,name=lu_gemm,elapsed_seconds=0.113273,predicted_seconds=0.040527,time_percent_error=64.222004,nthreads=69,end_time=148258.342832,avg_power_W=139.000000,max_power_W=146.000000,avg_time_s=0.113273,released_listeners=0,
start_task=,name=lu_gemm,tick=118,start_time=148258.342898,nthreads=69,
message=tick stats,tick=118,estimated_current_power=95.718182,
end_task=,name=lu_gemm,elapsed_seconds=0.113173,predicted_seconds=0.040527,time_percent_error=64.190308,nthreads=69,end_time=148258.457472,avg_power_W=154.000000,max_power_W=167.000000,avg_time_s=0.113173,released_listeners=0,
start_task=,name=lu_gemm,tick=119,start_time=148258.457535,nthreads=69,
message=tick stats,tick=119,estimated_current_power=95.718182,
end_task=,name=lu_gemm,elapsed_seconds=0.113358,predicted_seconds=0.040527,time_percent_error=64.248919,nthreads=69,end_time=148258.572287,avg_power_W=146.000000,max_power_W=148.000000,avg_time_s=0.113358,released_listeners=1,
start_task=,name=lu_gemm,tick=120,start_time=148258.572350,nthreads=69,
message=tick stats,tick=120,estimated_current_power=95.718182,
end_task=,name=lu_gemm,elapsed_seconds=0.111717,predicted_seconds=0.040527,time_percent_error=63.723651,nthreads=69,end_time=148258.693169,avg_power_W=139.333333,max_power_W=162.000000,avg_time_s=0.111717,released_listeners=0,
start_task=,name=lu_gemm,tick=121,start_time=148258.693235,nthreads=69,
message=tick stats,tick=121,estimated_current_power=95.718182,
end_task=,name=lu_gemm,elapsed_seconds=0.110291,predicted_seconds=0.040527,time_percent_error=63.254860,nthreads=69,end_time=148258.804384,avg_power_W=148.500000,max_power_W=157.000000,avg_time_s=0.110291,released_listeners=0,
start_task=,name=lu_gemm,tick=122,start_time=148258.804447,nthreads=69,
message=tick stats,tick=122,estimated_current_power=95.718182,
end_task=,name=lu_gemm,elapsed_seconds=0.113695,predicted_seconds=0.040527,time_percent_error=64.354738,nthreads=69,end_time=148258.919014,avg_power_W=140.500000,max_power_W=142.000000,avg_time_s=0.113695,released_listeners=0,
start_task=,name=getrfprofile,tick=123,start_time=148258.919076,nthreads=69,
message=tick stats,tick=123,estimated_current_power=0.000000,
end_task=,name=getrfprofile,elapsed_seconds=0.628250,predicted_seconds=0.000000,time_percent_error=100.000000,nthreads=69,end_time=148259.548679,avg_power_W=148.923077,max_power_W=163.000000,avg_time_s=0.209417,released_listeners=1,
start_task=,name=getrf,tick=124,start_time=148259.548742,nthreads=69,
message=tick stats,tick=124,estimated_current_power=80.600000,
end_task=,name=getrf,elapsed_seconds=0.220677,predicted_seconds=0.200097,time_percent_error=9.326017,nthreads=69,end_time=148259.771297,avg_power_W=144.250000,max_power_W=150.000000,avg_time_s=0.220677,released_listeners=6,
start_task=,name=trsm_leftprofile,tick=125,start_time=148259.771360,nthreads=69,
message=tick stats,tick=125,estimated_current_power=0.000000,
end_task=,name=trsm_leftprofile,elapsed_seconds=0.567868,predicted_seconds=0.000000,time_percent_error=100.000000,nthreads=69,end_time=148260.342547,avg_power_W=149.916667,max_power_W=157.000000,avg_time_s=0.063096,released_listeners=1,
start_task=,name=trsm_rightprofile,tick=126,start_time=148260.342613,nthreads=69,
message=tick stats,tick=126,estimated_current_power=0.000000,
end_task=,name=trsm_rightprofile,elapsed_seconds=0.550354,predicted_seconds=0.000000,time_percent_error=100.000000,nthreads=69,end_time=148260.893635,avg_power_W=157.454545,max_power_W=162.000000,avg_time_s=0.055035,released_listeners=1,
start_task=,name=trsm_leftprofile,tick=127,start_time=148260.893698,nthreads=69,
message=tick stats,tick=127,estimated_current_power=0.000000,
end_task=,name=trsm_leftprofile,elapsed_seconds=0.553085,predicted_seconds=0.000000,time_percent_error=100.000000,nthreads=69,end_time=148261.447660,avg_power_W=152.636364,max_power_W=161.000000,avg_time_s=0.061454,released_listeners=1,
start_task=,name=trsm_rightprofile,tick=128,start_time=148261.447722,nthreads=69,
message=tick stats,tick=128,estimated_current_power=0.000000,
end_task=,name=trsm_rightprofile,elapsed_seconds=0.530158,predicted_seconds=0.000000,time_percent_error=100.000000,nthreads=69,end_time=148261.992623,avg_power_W=155.909091,max_power_W=161.000000,avg_time_s=0.053016,released_listeners=1,
start_task=,name=trsm_leftprofile,tick=129,start_time=148261.992689,nthreads=69,
message=tick stats,tick=129,estimated_current_power=0.000000,
end_task=,name=trsm_leftprofile,elapsed_seconds=0.556762,predicted_seconds=0.000000,time_percent_error=100.000000,nthreads=69,end_time=148262.550854,avg_power_W=149.909091,max_power_W=157.000000,avg_time_s=0.069595,released_listeners=1,
start_task=,name=trsm_rightprofile,tick=130,start_time=148262.550916,nthreads=69,
message=tick stats,tick=130,estimated_current_power=0.000000,
end_task=,name=trsm_rightprofile,elapsed_seconds=0.555634,predicted_seconds=0.000000,time_percent_error=100.000000,nthreads=69,end_time=148263.107381,avg_power_W=156.636364,max_power_W=161.000000,avg_time_s=0.055563,released_listeners=1,
start_task=,name=trsm_left,tick=131,start_time=148263.107444,nthreads=69,
message=tick stats,tick=131,estimated_current_power=87.366667,
end_task=,name=trsm_left,elapsed_seconds=0.091615,predicted_seconds=0.036653,time_percent_error=59.992798,nthreads=69,end_time=148263.199902,avg_power_W=150.500000,max_power_W=156.000000,avg_time_s=0.091615,released_listeners=3,
start_task=,name=trsm_right,tick=132,start_time=148263.199966,nthreads=69,
message=tick stats,tick=132,estimated_current_power=85.300000,
end_task=,name=trsm_right,elapsed_seconds=0.068802,predicted_seconds=0.042153,time_percent_error=38.733447,nthreads=69,end_time=148263.269593,avg_power_W=154.000000,max_power_W=154.000000,avg_time_s=0.068802,released_listeners=3,
start_task=,name=trsm_left,tick=133,start_time=148263.269656,nthreads=69,
message=tick stats,tick=133,estimated_current_power=87.366667,
end_task=,name=trsm_left,elapsed_seconds=0.067759,predicted_seconds=0.036653,time_percent_error=45.906957,nthreads=69,end_time=148263.342649,avg_power_W=146.000000,max_power_W=150.000000,avg_time_s=0.067759,released_listeners=3,
start_task=,name=trsm_right,tick=134,start_time=148263.342716,nthreads=69,
message=tick stats,tick=134,estimated_current_power=85.300000,
end_task=,name=trsm_right,elapsed_seconds=0.071903,predicted_seconds=0.042153,time_percent_error=41.375651,nthreads=69,end_time=148263.415454,avg_power_W=151.000000,max_power_W=151.000000,avg_time_s=0.071903,released_listeners=3,
start_task=,name=trsm_left,tick=135,start_time=148263.415516,nthreads=69,
message=tick stats,tick=135,estimated_current_power=87.366667,
end_task=,name=trsm_left,elapsed_seconds=0.070347,predicted_seconds=0.036653,time_percent_error=47.897039,nthreads=69,end_time=148263.492957,avg_power_W=145.500000,max_power_W=149.000000,avg_time_s=0.070347,released_listeners=3,
start_task=,name=trsm_right,tick=136,start_time=148263.493024,nthreads=69,
message=tick stats,tick=136,estimated_current_power=85.300000,
end_task=,name=trsm_right,elapsed_seconds=0.069448,predicted_seconds=0.042153,time_percent_error=39.303344,nthreads=69,end_time=148263.563375,avg_power_W=151.000000,max_power_W=151.000000,avg_time_s=0.069448,released_listeners=3,
start_task=,name=lu_gemmprofile,tick=137,start_time=148263.563439,nthreads=69,
message=tick stats,tick=137,estimated_current_power=0.000000,
end_task=,name=lu_gemmprofile,elapsed_seconds=0.577488,predicted_seconds=0.000000,time_percent_error=100.000000,nthreads=69,end_time=148264.143287,avg_power_W=156.000000,max_power_W=168.000000,avg_time_s=0.064165,released_listeners=1,
start_task=,name=lu_gemmprofile,tick=138,start_time=148264.143349,nthreads=69,
message=tick stats,tick=138,estimated_current_power=0.000000,
end_task=,name=lu_gemmprofile,elapsed_seconds=0.566262,predicted_seconds=0.000000,time_percent_error=100.000000,nthreads=69,end_time=148264.711861,avg_power_W=154.363636,max_power_W=168.000000,avg_time_s=0.080895,released_listeners=1,
start_task=,name=lu_gemmprofile,tick=139,start_time=148264.711926,nthreads=69,
message=tick stats,tick=139,estimated_current_power=0.000000,
end_task=,name=lu_gemmprofile,elapsed_seconds=0.536635,predicted_seconds=0.000000,time_percent_error=100.000000,nthreads=69,end_time=148265.249414,avg_power_W=155.090909,max_power_W=167.000000,avg_time_s=0.059626,released_listeners=1,
start_task=,name=lu_gemmprofile,tick=140,start_time=148265.249477,nthreads=69,
message=tick stats,tick=140,estimated_current_power=0.000000,
end_task=,name=lu_gemmprofile,elapsed_seconds=0.567774,predicted_seconds=0.000000,time_percent_error=100.000000,nthreads=69,end_time=148265.818644,avg_power_W=156.363636,max_power_W=169.000000,avg_time_s=0.063086,released_listeners=1,
start_task=,name=lu_gemmprofile,tick=141,start_time=148265.818707,nthreads=69,
message=tick stats,tick=141,estimated_current_power=0.000000,
end_task=,name=lu_gemmprofile,elapsed_seconds=0.571736,predicted_seconds=0.000000,time_percent_error=100.000000,nthreads=69,end_time=148266.392800,avg_power_W=161.333333,max_power_W=171.000000,avg_time_s=0.057174,released_listeners=1,
start_task=,name=lu_gemmprofile,tick=142,start_time=148266.392866,nthreads=69,
message=tick stats,tick=142,estimated_current_power=0.000000,
end_task=,name=lu_gemmprofile,elapsed_seconds=0.546082,predicted_seconds=0.000000,time_percent_error=100.000000,nthreads=69,end_time=148266.942801,avg_power_W=161.818182,max_power_W=173.000000,avg_time_s=0.054608,released_listeners=1,
start_task=,name=lu_gemmprofile,tick=143,start_time=148266.942867,nthreads=69,
message=tick stats,tick=143,estimated_current_power=0.000000,
end_task=,name=lu_gemmprofile,elapsed_seconds=0.584064,predicted_seconds=0.000000,time_percent_error=100.000000,nthreads=69,end_time=148267.527857,avg_power_W=155.090909,max_power_W=168.000000,avg_time_s=0.073008,released_listeners=1,
start_task=,name=lu_gemmprofile,tick=144,start_time=148267.527920,nthreads=69,
message=tick stats,tick=144,estimated_current_power=0.000000,
end_task=,name=lu_gemmprofile,elapsed_seconds=0.560559,predicted_seconds=0.000000,time_percent_error=100.000000,nthreads=69,end_time=148268.093162,avg_power_W=158.750000,max_power_W=170.000000,avg_time_s=0.056056,released_listeners=1,
start_task=,name=lu_gemmprofile,tick=145,start_time=148268.093314,nthreads=69,
message=tick stats,tick=145,estimated_current_power=0.000000,
end_task=,name=lu_gemmprofile,elapsed_seconds=0.546645,predicted_seconds=0.000000,time_percent_error=100.000000,nthreads=69,end_time=148268.643065,avg_power_W=161.090909,max_power_W=168.000000,avg_time_s=0.054664,released_listeners=1,
start_task=,name=lu_gemm,tick=146,start_time=148268.643212,nthreads=69,
message=tick stats,tick=146,estimated_current_power=95.718182,
end_task=,name=lu_gemm,elapsed_seconds=0.120562,predicted_seconds=0.040527,time_percent_error=66.385035,nthreads=69,end_time=148268.765317,avg_power_W=154.000000,max_power_W=166.000000,avg_time_s=0.120562,released_listeners=1,
start_task=,name=lu_gemm,tick=147,start_time=148268.765380,nthreads=69,
message=tick stats,tick=147,estimated_current_power=95.718182,
end_task=,name=lu_gemm,elapsed_seconds=0.109290,predicted_seconds=0.040527,time_percent_error=62.918229,nthreads=69,end_time=148268.876020,avg_power_W=149.000000,max_power_W=157.000000,avg_time_s=0.109290,released_listeners=1,
start_task=,name=lu_gemm,tick=148,start_time=148268.876114,nthreads=69,
message=tick stats,tick=148,estimated_current_power=95.718182,
end_task=,name=lu_gemm,elapsed_seconds=0.124107,predicted_seconds=0.040527,time_percent_error=67.345380,nthreads=69,end_time=148269.001576,avg_power_W=144.666667,max_power_W=166.000000,avg_time_s=0.124107,released_listeners=1,
start_task=,name=lu_gemm,tick=149,start_time=148269.001640,nthreads=69,
message=tick stats,tick=149,estimated_current_power=95.718182,
end_task=,name=lu_gemm,elapsed_seconds=0.102779,predicted_seconds=0.040527,time_percent_error=60.568915,nthreads=69,end_time=148269.105336,avg_power_W=142.500000,max_power_W=144.000000,avg_time_s=0.102779,released_listeners=0,
start_task=,name=lu_gemm,tick=150,start_time=148269.105399,nthreads=69,
message=tick stats,tick=150,estimated_current_power=95.718182,
end_task=,name=lu_gemm,elapsed_seconds=0.110536,predicted_seconds=0.040527,time_percent_error=63.336292,nthreads=69,end_time=148269.216796,avg_power_W=140.000000,max_power_W=142.000000,avg_time_s=0.110536,released_listeners=1,
start_task=,name=lu_gemm,tick=151,start_time=148269.216861,nthreads=69,
message=tick stats,tick=151,estimated_current_power=95.718182,
end_task=,name=lu_gemm,elapsed_seconds=0.111358,predicted_seconds=0.040527,time_percent_error=63.606760,nthreads=69,end_time=148269.342850,avg_power_W=140.333333,max_power_W=153.000000,avg_time_s=0.111358,released_listeners=0,
start_task=,name=lu_gemm,tick=152,start_time=148269.342917,nthreads=69,
message=tick stats,tick=152,estimated_current_power=95.718182,
end_task=,name=lu_gemm,elapsed_seconds=0.131947,predicted_seconds=0.040527,time_percent_error=69.285683,nthreads=69,end_time=148269.475671,avg_power_W=153.500000,max_power_W=166.000000,avg_time_s=0.131947,released_listeners=1,
start_task=,name=lu_gemm,tick=153,start_time=148269.475736,nthreads=69,
message=tick stats,tick=153,estimated_current_power=95.718182,
end_task=,name=lu_gemm,elapsed_seconds=0.142323,predicted_seconds=0.040527,time_percent_error=71.524878,nthreads=69,end_time=148269.618912,avg_power_W=144.666667,max_power_W=158.000000,avg_time_s=0.142323,released_listeners=0,
start_task=,name=lu_gemm,tick=154,start_time=148269.618974,nthreads=69,
message=tick stats,tick=154,estimated_current_power=95.718182,
end_task=,name=lu_gemm,elapsed_seconds=0.114363,predicted_seconds=0.040527,time_percent_error=64.563197,nthreads=69,end_time=148269.742816,avg_power_W=142.666667,max_power_W=162.000000,avg_time_s=0.114363,released_listeners=0,
start_task=,name=getrfprofile,tick=155,start_time=148269.742882,nthreads=69,
message=tick stats,tick=155,estimated_current_power=0.000000,
end_task=,name=getrfprofile,elapsed_seconds=0.591487,predicted_seconds=0.000000,time_percent_error=100.000000,nthreads=69,end_time=148270.342613,avg_power_W=149.250000,max_power_W=160.000000,avg_time_s=0.197162,released_listeners=1,
start_task=,name=getrf,tick=156,start_time=148270.342679,nthreads=69,
message=tick stats,tick=156,estimated_current_power=80.600000,
end_task=,name=getrf,elapsed_seconds=0.219122,predicted_seconds=0.200097,time_percent_error=8.682657,nthreads=69,end_time=148270.562710,avg_power_W=145.750000,max_power_W=149.000000,avg_time_s=0.219122,released_listeners=4,
start_task=,name=trsm_leftprofile,tick=157,start_time=148270.562774,nthreads=69,
message=tick stats,tick=157,estimated_current_power=0.000000,
end_task=,name=trsm_leftprofile,elapsed_seconds=0.556593,predicted_seconds=0.000000,time_percent_error=100.000000,nthreads=69,end_time=148271.120734,avg_power_W=153.000000,max_power_W=160.000000,avg_time_s=0.055659,released_listeners=1,
start_task=,name=trsm_rightprofile,tick=158,start_time=148271.120797,nthreads=69,
message=tick stats,tick=158,estimated_current_power=0.000000,
end_task=,name=trsm_rightprofile,elapsed_seconds=0.532172,predicted_seconds=0.000000,time_percent_error=100.000000,nthreads=69,end_time=148271.653795,avg_power_W=154.090909,max_power_W=161.000000,avg_time_s=0.053217,released_listeners=1,
start_task=,name=trsm_leftprofile,tick=159,start_time=148271.653858,nthreads=69,
message=tick stats,tick=159,estimated_current_power=0.000000,
end_task=,name=trsm_leftprofile,elapsed_seconds=0.565502,predicted_seconds=0.000000,time_percent_error=100.000000,nthreads=69,end_time=148272.220138,avg_power_W=148.818182,max_power_W=159.000000,avg_time_s=0.080786,released_listeners=1,
start_task=,name=trsm_rightprofile,tick=160,start_time=148272.220224,nthreads=69,
message=tick stats,tick=160,estimated_current_power=0.000000,
end_task=,name=trsm_rightprofile,elapsed_seconds=0.546570,predicted_seconds=0.000000,time_percent_error=100.000000,nthreads=69,end_time=148272.767679,avg_power_W=151.545455,max_power_W=159.000000,avg_time_s=0.060730,released_listeners=1,
start_task=,name=trsm_left,tick=161,start_time=148272.767743,nthreads=69,
message=tick stats,tick=161,estimated_current_power=87.366667,
end_task=,name=trsm_left,elapsed_seconds=0.087730,predicted_seconds=0.036653,time_percent_error=58.221022,nthreads=69,end_time=148272.856861,avg_power_W=144.000000,max_power_W=145.000000,avg_time_s=0.087730,released_listeners=2,
start_task=,name=trsm_right,tick=162,start_time=148272.856925,nthreads=69,
message=tick stats,tick=162,estimated_current_power=85.300000,
end_task=,name=trsm_right,elapsed_seconds=0.069278,predicted_seconds=0.042153,time_percent_error=39.154192,nthreads=69,end_time=148272.927556,avg_power_W=145.000000,max_power_W=145.000000,avg_time_s=0.069278,released_listeners=2,
start_task=,name=trsm_left,tick=163,start_time=148272.927618,nthreads=69,
message=tick stats,tick=163,estimated_current_power=87.366667,
end_task=,name=trsm_left,elapsed_seconds=0.080957,predicted_seconds=0.036653,time_percent_error=54.725696,nthreads=69,end_time=148273.010002,avg_power_W=147.000000,max_power_W=152.000000,avg_time_s=0.080957,released_listeners=2,
start_task=,name=trsm_right,tick=164,start_time=148273.010065,nthreads=69,
message=tick stats,tick=164,estimated_current_power=85.300000,
end_task=,name=trsm_right,elapsed_seconds=0.065608,predicted_seconds=0.042153,time_percent_error=35.750114,nthreads=69,end_time=148273.077036,avg_power_W=139.000000,max_power_W=139.000000,avg_time_s=0.065608,released_listeners=2,
start_task=,name=lu_gemmprofile,tick=165,start_time=148273.077095,nthreads=69,
message=tick stats,tick=165,estimated_current_power=0.000000,
end_task=,name=lu_gemmprofile,elapsed_seconds=0.571102,predicted_seconds=0.000000,time_percent_error=100.000000,nthreads=69,end_time=148273.649057,avg_power_W=156.583333,max_power_W=166.000000,avg_time_s=0.057110,released_listeners=1,
start_task=,name=lu_gemmprofile,tick=166,start_time=148273.649123,nthreads=69,
message=tick stats,tick=166,estimated_current_power=0.000000,
end_task=,name=lu_gemmprofile,elapsed_seconds=0.589243,predicted_seconds=0.000000,time_percent_error=100.000000,nthreads=69,end_time=148274.242719,avg_power_W=156.750000,max_power_W=167.000000,avg_time_s=0.058924,released_listeners=1,
start_task=,name=lu_gemmprofile,tick=167,start_time=148274.242786,nthreads=69,
message=tick stats,tick=167,estimated_current_power=0.000000,
end_task=,name=lu_gemmprofile,elapsed_seconds=0.566848,predicted_seconds=0.000000,time_percent_error=100.000000,nthreads=69,end_time=148274.811498,avg_power_W=160.000000,max_power_W=171.000000,avg_time_s=0.056685,released_listeners=1,
start_task=,name=lu_gemmprofile,tick=168,start_time=148274.811561,nthreads=69,
message=tick stats,tick=168,estimated_current_power=0.000000,
end_task=,name=lu_gemmprofile,elapsed_seconds=0.548610,predicted_seconds=0.000000,time_percent_error=100.000000,nthreads=69,end_time=148275.360992,avg_power_W=160.454545,max_power_W=167.000000,avg_time_s=0.054861,released_listeners=1,
start_task=,name=lu_gemm,tick=169,start_time=148275.361057,nthreads=69,
message=tick stats,tick=169,estimated_current_power=95.718182,
end_task=,name=lu_gemm,elapsed_seconds=0.103886,predicted_seconds=0.040527,time_percent_error=60.989152,nthreads=69,end_time=148275.465788,avg_power_W=154.500000,max_power_W=162.000000,avg_time_s=0.103886,released_listeners=1,
start_task=,name=lu_gemm,tick=170,start_time=148275.465852,nthreads=69,
message=tick stats,tick=170,estimated_current_power=95.718182,
end_task=,name=lu_gemm,elapsed_seconds=0.104625,predicted_seconds=0.040527,time_percent_error=61.264658,nthreads=69,end_time=148275.571364,avg_power_W=151.000000,max_power_W=159.000000,avg_time_s=0.104625,released_listeners=1,
start_task=,name=lu_gemm,tick=171,start_time=148275.571431,nthreads=69,
message=tick stats,tick=171,estimated_current_power=95.718182,
end_task=,name=lu_gemm,elapsed_seconds=0.101900,predicted_seconds=0.040527,time_percent_error=60.229095,nthreads=69,end_time=148275.674177,avg_power_W=151.500000,max_power_W=163.000000,avg_time_s=0.101900,released_listeners=1,
start_task=,name=lu_gemm,tick=172,start_time=148275.674271,nthreads=69,
message=tick stats,tick=172,estimated_current_power=95.718182,
end_task=,name=lu_gemm,elapsed_seconds=0.100433,predicted_seconds=0.040527,time_percent_error=59.648100,nthreads=69,end_time=148275.775569,avg_power_W=149.000000,max_power_W=160.000000,avg_time_s=0.100433,released_listeners=0,
start_task=,name=getrfprofile,tick=173,start_time=148275.775631,nthreads=69,
message=tick stats,tick=173,estimated_current_power=0.000000,
end_task=,name=getrfprofile,elapsed_seconds=0.645738,predicted_seconds=0.000000,time_percent_error=100.000000,nthreads=69,end_time=148276.422238,avg_power_W=148.076923,max_power_W=164.000000,avg_time_s=0.215246,released_listeners=1,
start_task=,name=getrf,tick=174,start_time=148276.422301,nthreads=69,
message=tick stats,tick=174,estimated_current_power=80.600000,
end_task=,name=getrf,elapsed_seconds=0.210408,predicted_seconds=0.200097,time_percent_error=4.900506,nthreads=69,end_time=148276.642872,avg_power_W=146.800000,max_power_W=150.000000,avg_time_s=0.210408,released_listeners=2,
start_task=,name=trsm_leftprofile,tick=175,start_time=148276.642938,nthreads=69,
message=tick stats,tick=175,estimated_current_power=0.000000,
end_task=,name=trsm_leftprofile,elapsed_seconds=0.557815,predicted_seconds=0.000000,time_percent_error=100.000000,nthreads=69,end_time=148277.201980,avg_power_W=146.909091,max_power_W=161.000000,avg_time_s=0.069727,released_listeners=1,
start_task=,name=trsm_rightprofile,tick=176,start_time=148277.202043,nthreads=69,
message=tick stats,tick=176,estimated_current_power=0.000000,
end_task=,name=trsm_rightprofile,elapsed_seconds=0.564051,predicted_seconds=0.000000,time_percent_error=100.000000,nthreads=69,end_time=148277.766776,avg_power_W=155.363636,max_power_W=161.000000,avg_time_s=0.056405,released_listeners=1,
start_task=,name=trsm_left,tick=177,start_time=148277.766840,nthreads=69,
message=tick stats,tick=177,estimated_current_power=87.366667,
end_task=,name=trsm_left,elapsed_seconds=0.072708,predicted_seconds=0.036653,time_percent_error=49.588958,nthreads=69,end_time=148277.842511,avg_power_W=152.000000,max_power_W=153.000000,avg_time_s=0.072708,released_listeners=1,
start_task=,name=trsm_right,tick=178,start_time=148277.842578,nthreads=69,
message=tick stats,tick=178,estimated_current_power=85.300000,
end_task=,name=trsm_right,elapsed_seconds=0.066629,predicted_seconds=0.042153,time_percent_error=36.735395,nthreads=69,end_time=148277.909875,avg_power_W=156.000000,max_power_W=156.000000,avg_time_s=0.066629,released_listeners=1,
start_task=,name=lu_gemmprofile,tick=179,start_time=148277.909938,nthreads=69,
message=tick stats,tick=179,estimated_current_power=0.000000,
end_task=,name=lu_gemmprofile,elapsed_seconds=0.536308,predicted_seconds=0.000000,time_percent_error=100.000000,nthreads=69,end_time=148278.446860,avg_power_W=159.090909,max_power_W=168.000000,avg_time_s=0.059590,released_listeners=1,
start_task=,name=lu_gemm,tick=180,start_time=148278.446923,nthreads=69,
message=tick stats,tick=180,estimated_current_power=95.718182,
end_task=,name=lu_gemm,elapsed_seconds=0.089191,predicted_seconds=0.040527,time_percent_error=54.561667,nthreads=69,end_time=148278.542485,avg_power_W=148.500000,max_power_W=157.000000,avg_time_s=0.089191,released_listeners=1,
start_task=,name=getrfprofile,tick=181,start_time=148278.542552,nthreads=69,
message=tick stats,tick=181,estimated_current_power=0.000000,
end_task=,name=getrfprofile,elapsed_seconds=0.589937,predicted_seconds=0.000000,time_percent_error=100.000000,nthreads=69,end_time=148279.142640,avg_power_W=148.500000,max_power_W=157.000000,avg_time_s=0.196646,released_listeners=1,
start_task=,name=getrf,tick=182,start_time=148279.142708,nthreads=69,
message=tick stats,tick=182,estimated_current_power=80.600000,
end_task=,name=getrf,elapsed_seconds=0.209635,predicted_seconds=0.200097,time_percent_error=4.549932,nthreads=69,end_time=148279.353106,avg_power_W=145.250000,max_power_W=148.000000,avg_time_s=0.209635,released_listeners=0,
est_max_power=95.718182,
average_power_W=145.250000,
max_power_W=148.000000,
time_s=60.924782,
message=ALL DONE,
