message=cataloging configuration,max_threads=75,power_limit=inf,
start_task=,name=getrfprofile,tick=1,start_time=192060.695375,nthreads=75,
message=tick stats,tick=1,estimated_current_power=0.000000,
end_task=,name=getrfprofile,elapsed_seconds=0.987962,predicted_seconds=0.000000,time_percent_error=100.000000,nthreads=75,end_time=192061.685177,avg_power_W=126.789474,max_power_W=149.000000,avg_time_s=0.987962,released_listeners=1,
start_task=,name=getrf,tick=2,start_time=192061.685249,nthreads=75,
message=tick stats,tick=2,estimated_current_power=76.433333,
end_task=,name=getrf,elapsed_seconds=0.158870,predicted_seconds=0.197358,time_percent_error=24.226244,nthreads=75,end_time=192061.844675,avg_power_W=145.666667,max_power_W=148.000000,avg_time_s=0.158870,released_listeners=10,
start_task=,name=trsm_leftprofile,tick=3,start_time=192061.844740,nthreads=75,
message=tick stats,tick=3,estimated_current_power=0.000000,
end_task=,name=trsm_leftprofile,elapsed_seconds=0.535688,predicted_seconds=0.000000,time_percent_error=100.000000,nthreads=75,end_time=192062.381408,avg_power_W=150.090909,max_power_W=160.000000,avg_time_s=0.053569,released_listeners=1,
start_task=,name=trsm_rightprofile,tick=4,start_time=192062.381470,nthreads=75,
message=tick stats,tick=4,estimated_current_power=0.000000,
end_task=,name=trsm_rightprofile,elapsed_seconds=0.564785,predicted_seconds=0.000000,time_percent_error=100.000000,nthreads=75,end_time=192062.960140,avg_power_W=155.833333,max_power_W=162.000000,avg_time_s=0.047065,released_listeners=1,
start_task=,name=trsm_leftprofile,tick=5,start_time=192062.960207,nthreads=75,
message=tick stats,tick=5,estimated_current_power=0.000000,
end_task=,name=trsm_leftprofile,elapsed_seconds=0.538435,predicted_seconds=0.000000,time_percent_error=100.000000,nthreads=75,end_time=192063.510360,avg_power_W=150.363636,max_power_W=162.000000,avg_time_s=0.067304,released_listeners=1,
start_task=,name=trsm_leftprofile,tick=6,start_time=192063.510427,nthreads=75,
message=tick stats,tick=6,estimated_current_power=0.000000,
end_task=,name=trsm_leftprofile,elapsed_seconds=0.521104,predicted_seconds=0.000000,time_percent_error=100.000000,nthreads=75,end_time=192064.032057,avg_power_W=151.400000,max_power_W=158.000000,avg_time_s=0.052110,released_listeners=1,
start_task=,name=trsm_rightprofile,tick=7,start_time=192064.032119,nthreads=75,
message=tick stats,tick=7,estimated_current_power=0.000000,
end_task=,name=trsm_rightprofile,elapsed_seconds=0.556093,predicted_seconds=0.000000,time_percent_error=100.000000,nthreads=75,end_time=192064.589915,avg_power_W=157.818182,max_power_W=167.000000,avg_time_s=0.046341,released_listeners=1,
start_task=,name=trsm_leftprofile,tick=8,start_time=192064.589978,nthreads=75,
message=tick stats,tick=8,estimated_current_power=0.000000,
end_task=,name=trsm_leftprofile,elapsed_seconds=0.530011,predicted_seconds=0.000000,time_percent_error=100.000000,nthreads=75,end_time=192065.120537,avg_power_W=160.909091,max_power_W=166.000000,avg_time_s=0.044168,released_listeners=1,
start_task=,name=trsm_rightprofile,tick=9,start_time=192065.120600,nthreads=75,
message=tick stats,tick=9,estimated_current_power=0.000000,
end_task=,name=trsm_rightprofile,elapsed_seconds=0.572276,predicted_seconds=0.000000,time_percent_error=100.000000,nthreads=75,end_time=192065.693846,avg_power_W=160.727273,max_power_W=171.000000,avg_time_s=0.057228,released_listeners=1,
start_task=,name=trsm_leftprofile,tick=10,start_time=192065.693909,nthreads=75,
message=tick stats,tick=10,estimated_current_power=0.000000,
end_task=,name=trsm_leftprofile,elapsed_seconds=0.535132,predicted_seconds=0.000000,time_percent_error=100.000000,nthreads=75,end_time=192066.229583,avg_power_W=159.818182,max_power_W=168.000000,avg_time_s=0.044594,released_listeners=1,
start_task=,name=trsm_rightprofile,tick=11,start_time=192066.229646,nthreads=75,
message=tick stats,tick=11,estimated_current_power=0.000000,
end_task=,name=trsm_rightprofile,elapsed_seconds=0.540841,predicted_seconds=0.000000,time_percent_error=100.000000,nthreads=75,end_time=192066.771909,avg_power_W=159.818182,max_power_W=168.000000,avg_time_s=0.049167,released_listeners=1,
start_task=,name=trsm_rightprofile,tick=12,start_time=192066.771982,nthreads=75,
message=tick stats,tick=12,estimated_current_power=0.000000,
end_task=,name=trsm_rightprofile,elapsed_seconds=0.527589,predicted_seconds=0.000000,time_percent_error=100.000000,nthreads=75,end_time=192067.310145,avg_power_W=163.818182,max_power_W=172.000000,avg_time_s=0.047963,released_listeners=1,
start_task=,name=trsm_left,tick=13,start_time=192067.310212,nthreads=75,
message=tick stats,tick=13,estimated_current_power=85.100000,
end_task=,name=trsm_left,elapsed_seconds=0.079799,predicted_seconds=0.040582,time_percent_error=49.145206,nthreads=75,end_time=192067.390592,avg_power_W=163.000000,max_power_W=163.000000,avg_time_s=0.079799,released_listeners=5,
start_task=,name=trsm_right,tick=14,start_time=192067.390661,nthreads=75,
message=tick stats,tick=14,estimated_current_power=86.966667,
end_task=,name=trsm_right,elapsed_seconds=0.057276,predicted_seconds=0.041023,time_percent_error=28.376053,nthreads=75,end_time=192067.460277,avg_power_W=155.500000,max_power_W=159.000000,avg_time_s=0.057276,released_listeners=5,
start_task=,name=trsm_left,tick=15,start_time=192067.460346,nthreads=75,
message=tick stats,tick=15,estimated_current_power=85.100000,
end_task=,name=trsm_left,elapsed_seconds=0.078932,predicted_seconds=0.040582,time_percent_error=48.586852,nthreads=75,end_time=192067.540308,avg_power_W=168.000000,max_power_W=168.000000,avg_time_s=0.078932,released_listeners=5,
start_task=,name=trsm_left,tick=16,start_time=192067.540373,nthreads=75,
message=tick stats,tick=16,estimated_current_power=85.100000,
end_task=,name=trsm_left,elapsed_seconds=0.080986,predicted_seconds=0.040582,time_percent_error=49.890483,nthreads=75,end_time=192067.623078,avg_power_W=153.500000,max_power_W=154.000000,avg_time_s=0.080986,released_listeners=5,
start_task=,name=trsm_right,tick=17,start_time=192067.623149,nthreads=75,
message=tick stats,tick=17,estimated_current_power=86.966667,
end_task=,name=trsm_right,elapsed_seconds=0.058173,predicted_seconds=0.041023,time_percent_error=29.481190,nthreads=75,end_time=192067.683102,avg_power_W=158.000000,max_power_W=158.000000,avg_time_s=0.058173,released_listeners=5,
start_task=,name=trsm_left,tick=18,start_time=192067.683167,nthreads=75,
message=tick stats,tick=18,estimated_current_power=85.100000,
end_task=,name=trsm_left,elapsed_seconds=0.057050,predicted_seconds=0.040582,time_percent_error=28.866672,nthreads=75,end_time=192067.741918,avg_power_W=156.000000,max_power_W=156.000000,avg_time_s=0.057050,released_listeners=5,
start_task=,name=trsm_right,tick=19,start_time=192067.741984,nthreads=75,
message=tick stats,tick=19,estimated_current_power=86.966667,
end_task=,name=trsm_right,elapsed_seconds=0.064413,predicted_seconds=0.041023,time_percent_error=36.311922,nthreads=75,end_time=192067.810287,avg_power_W=157.500000,max_power_W=160.000000,avg_time_s=0.064413,released_listeners=5,
start_task=,name=trsm_left,tick=20,start_time=192067.810352,nthreads=75,
message=tick stats,tick=20,estimated_current_power=85.100000,
end_task=,name=trsm_left,elapsed_seconds=0.059334,predicted_seconds=0.040582,time_percent_error=31.605016,nthreads=75,end_time=192067.871408,avg_power_W=167.000000,max_power_W=167.000000,avg_time_s=0.059334,released_listeners=5,
start_task=,name=trsm_right,tick=21,start_time=192067.871474,nthreads=75,
message=tick stats,tick=21,estimated_current_power=86.966667,
end_task=,name=trsm_right,elapsed_seconds=0.088044,predicted_seconds=0.041023,time_percent_error=53.406271,nthreads=75,end_time=192067.960285,avg_power_W=149.000000,max_power_W=150.000000,avg_time_s=0.088044,released_listeners=5,
start_task=,name=trsm_right,tick=22,start_time=192067.960354,nthreads=75,
message=tick stats,tick=22,estimated_current_power=86.966667,
end_task=,name=trsm_right,elapsed_seconds=0.082102,predicted_seconds=0.041023,time_percent_error=50.033768,nthreads=75,end_time=192068.043149,avg_power_W=158.000000,max_power_W=158.000000,avg_time_s=0.082102,released_listeners=5,
start_task=,name=lu_gemmprofile,tick=23,start_time=192068.043217,nthreads=75,
message=tick stats,tick=23,estimated_current_power=0.000000,
end_task=,name=lu_gemmprofile,elapsed_seconds=0.545115,predicted_seconds=0.000000,time_percent_error=100.000000,nthreads=75,end_time=192068.589366,avg_power_W=170.909091,max_power_W=181.000000,avg_time_s=0.041932,released_listeners=1,
start_task=,name=lu_gemmprofile,tick=24,start_time=192068.589430,nthreads=75,
message=tick stats,tick=24,estimated_current_power=0.000000,
end_task=,name=lu_gemmprofile,elapsed_seconds=0.550034,predicted_seconds=0.000000,time_percent_error=100.000000,nthreads=75,end_time=192069.139992,avg_power_W=175.454545,max_power_W=184.000000,avg_time_s=0.039288,released_listeners=1,
start_task=,name=lu_gemmprofile,tick=25,start_time=192069.140059,nthreads=75,
message=tick stats,tick=25,estimated_current_power=0.000000,
end_task=,name=lu_gemmprofile,elapsed_seconds=0.554894,predicted_seconds=0.000000,time_percent_error=100.000000,nthreads=75,end_time=192069.710698,avg_power_W=174.166667,max_power_W=183.000000,avg_time_s=0.042684,released_listeners=1,
start_task=,name=lu_gemmprofile,tick=26,start_time=192069.710765,nthreads=75,
message=tick stats,tick=26,estimated_current_power=0.000000,
end_task=,name=lu_gemmprofile,elapsed_seconds=0.523292,predicted_seconds=0.000000,time_percent_error=100.000000,nthreads=75,end_time=192070.234644,avg_power_W=176.500000,max_power_W=187.000000,avg_time_s=0.040253,released_listeners=1,
start_task=,name=lu_gemmprofile,tick=27,start_time=192070.234708,nthreads=75,
message=tick stats,tick=27,estimated_current_power=0.000000,
end_task=,name=lu_gemmprofile,elapsed_seconds=0.589555,predicted_seconds=0.000000,time_percent_error=100.000000,nthreads=75,end_time=192070.826014,avg_power_W=169.916667,max_power_W=186.000000,avg_time_s=0.049130,released_listeners=1,
start_task=,name=lu_gemmprofile,tick=28,start_time=192070.826084,nthreads=75,
message=tick stats,tick=28,estimated_current_power=0.000000,
end_task=,name=lu_gemmprofile,elapsed_seconds=0.526193,predicted_seconds=0.000000,time_percent_error=100.000000,nthreads=75,end_time=192071.360432,avg_power_W=177.909091,max_power_W=186.000000,avg_time_s=0.040476,released_listeners=1,
start_task=,name=lu_gemmprofile,tick=29,start_time=192071.360499,nthreads=75,
message=tick stats,tick=29,estimated_current_power=0.000000,
end_task=,name=lu_gemmprofile,elapsed_seconds=0.573086,predicted_seconds=0.000000,time_percent_error=100.000000,nthreads=75,end_time=192071.934588,avg_power_W=178.545455,max_power_W=186.000000,avg_time_s=0.040935,released_listeners=1,
start_task=,name=lu_gemmprofile,tick=30,start_time=192071.934668,nthreads=75,
message=tick stats,tick=30,estimated_current_power=0.000000,
end_task=,name=lu_gemmprofile,elapsed_seconds=0.539314,predicted_seconds=0.000000,time_percent_error=100.000000,nthreads=75,end_time=192072.474584,avg_power_W=174.272727,max_power_W=185.000000,avg_time_s=0.044943,released_listeners=1,
start_task=,name=lu_gemmprofile,tick=31,start_time=192072.474648,nthreads=75,
message=tick stats,tick=31,estimated_current_power=0.000000,
end_task=,name=lu_gemmprofile,elapsed_seconds=0.550123,predicted_seconds=0.000000,time_percent_error=100.000000,nthreads=75,end_time=192073.025364,avg_power_W=171.909091,max_power_W=185.000000,avg_time_s=0.055012,released_listeners=1,
start_task=,name=lu_gemmprofile,tick=32,start_time=192073.025428,nthreads=75,
message=tick stats,tick=32,estimated_current_power=0.000000,
end_task=,name=lu_gemmprofile,elapsed_seconds=0.558648,predicted_seconds=0.000000,time_percent_error=100.000000,nthreads=75,end_time=192073.585211,avg_power_W=177.363636,max_power_W=185.000000,avg_time_s=0.042973,released_listeners=1,
start_task=,name=lu_gemmprofile,tick=33,start_time=192073.585275,nthreads=75,
message=tick stats,tick=33,estimated_current_power=0.000000,
end_task=,name=lu_gemmprofile,elapsed_seconds=0.564964,predicted_seconds=0.000000,time_percent_error=100.000000,nthreads=75,end_time=192074.160399,avg_power_W=176.500000,max_power_W=187.000000,avg_time_s=0.043459,released_listeners=1,
start_task=,name=lu_gemmprofile,tick=34,start_time=192074.160474,nthreads=75,
message=tick stats,tick=34,estimated_current_power=0.000000,
end_task=,name=lu_gemmprofile,elapsed_seconds=0.528493,predicted_seconds=0.000000,time_percent_error=100.000000,nthreads=75,end_time=192074.690086,avg_power_W=179.900000,max_power_W=188.000000,avg_time_s=0.040653,released_listeners=1,
start_task=,name=lu_gemmprofile,tick=35,start_time=192074.690155,nthreads=75,
message=tick stats,tick=35,estimated_current_power=0.000000,
end_task=,name=lu_gemmprofile,elapsed_seconds=0.532692,predicted_seconds=0.000000,time_percent_error=100.000000,nthreads=75,end_time=192075.223367,avg_power_W=168.272727,max_power_W=185.000000,avg_time_s=0.053269,released_listeners=1,
start_task=,name=lu_gemmprofile,tick=36,start_time=192075.223431,nthreads=75,
message=tick stats,tick=36,estimated_current_power=0.000000,
end_task=,name=lu_gemmprofile,elapsed_seconds=0.543635,predicted_seconds=0.000000,time_percent_error=100.000000,nthreads=75,end_time=192075.768263,avg_power_W=181.545455,max_power_W=188.000000,avg_time_s=0.038831,released_listeners=1,
start_task=,name=lu_gemmprofile,tick=37,start_time=192075.768328,nthreads=75,
message=tick stats,tick=37,estimated_current_power=0.000000,
end_task=,name=lu_gemmprofile,elapsed_seconds=0.516518,predicted_seconds=0.000000,time_percent_error=100.000000,nthreads=75,end_time=192076.285556,avg_power_W=180.600000,max_power_W=187.000000,avg_time_s=0.039732,released_listeners=1,
start_task=,name=lu_gemmprofile,tick=38,start_time=192076.285620,nthreads=75,
message=tick stats,tick=38,estimated_current_power=0.000000,
end_task=,name=lu_gemmprofile,elapsed_seconds=0.538487,predicted_seconds=0.000000,time_percent_error=100.000000,nthreads=75,end_time=192076.825278,avg_power_W=175.272727,max_power_W=184.000000,avg_time_s=0.044874,released_listeners=1,
start_task=,name=lu_gemmprofile,tick=39,start_time=192076.825342,nthreads=75,
message=tick stats,tick=39,estimated_current_power=0.000000,
end_task=,name=lu_gemmprofile,elapsed_seconds=0.531464,predicted_seconds=0.000000,time_percent_error=100.000000,nthreads=75,end_time=192077.360651,avg_power_W=180.272727,max_power_W=189.000000,avg_time_s=0.040882,released_listeners=1,
start_task=,name=lu_gemmprofile,tick=40,start_time=192077.360735,nthreads=75,
message=tick stats,tick=40,estimated_current_power=0.000000,
end_task=,name=lu_gemmprofile,elapsed_seconds=0.568517,predicted_seconds=0.000000,time_percent_error=100.000000,nthreads=75,end_time=192077.930576,avg_power_W=175.727273,max_power_W=187.000000,avg_time_s=0.047376,released_listeners=1,
start_task=,name=lu_gemmprofile,tick=41,start_time=192077.930641,nthreads=75,
message=tick stats,tick=41,estimated_current_power=0.000000,
end_task=,name=lu_gemmprofile,elapsed_seconds=0.538039,predicted_seconds=0.000000,time_percent_error=100.000000,nthreads=75,end_time=192078.469375,avg_power_W=178.727273,max_power_W=187.000000,avg_time_s=0.041388,released_listeners=1,
start_task=,name=lu_gemmprofile,tick=42,start_time=192078.469440,nthreads=75,
message=tick stats,tick=42,estimated_current_power=0.000000,
end_task=,name=lu_gemmprofile,elapsed_seconds=0.547801,predicted_seconds=0.000000,time_percent_error=100.000000,nthreads=75,end_time=192079.018393,avg_power_W=179.272727,max_power_W=188.000000,avg_time_s=0.042139,released_listeners=1,
start_task=,name=lu_gemmprofile,tick=43,start_time=192079.018458,nthreads=75,
message=tick stats,tick=43,estimated_current_power=0.000000,
end_task=,name=lu_gemmprofile,elapsed_seconds=0.559992,predicted_seconds=0.000000,time_percent_error=100.000000,nthreads=75,end_time=192079.579131,avg_power_W=180.545455,max_power_W=189.000000,avg_time_s=0.039999,released_listeners=1,
start_task=,name=lu_gemmprofile,tick=44,start_time=192079.579198,nthreads=75,
message=tick stats,tick=44,estimated_current_power=0.000000,
end_task=,name=lu_gemmprofile,elapsed_seconds=0.536011,predicted_seconds=0.000000,time_percent_error=100.000000,nthreads=75,end_time=192080.115850,avg_power_W=171.090909,max_power_W=186.000000,avg_time_s=0.053601,released_listeners=1,
start_task=,name=lu_gemmprofile,tick=45,start_time=192080.115921,nthreads=75,
message=tick stats,tick=45,estimated_current_power=0.000000,
end_task=,name=lu_gemmprofile,elapsed_seconds=0.539366,predicted_seconds=0.000000,time_percent_error=100.000000,nthreads=75,end_time=192080.660773,avg_power_W=180.363636,max_power_W=188.000000,avg_time_s=0.041490,released_listeners=1,
start_task=,name=lu_gemmprofile,tick=46,start_time=192080.660841,nthreads=75,
message=tick stats,tick=46,estimated_current_power=0.000000,
end_task=,name=lu_gemmprofile,elapsed_seconds=0.528938,predicted_seconds=0.000000,time_percent_error=100.000000,nthreads=75,end_time=192081.190485,avg_power_W=177.600000,max_power_W=187.000000,avg_time_s=0.044078,released_listeners=1,
start_task=,name=lu_gemmprofile,tick=47,start_time=192081.190550,nthreads=75,
message=tick stats,tick=47,estimated_current_power=0.000000,
end_task=,name=lu_gemmprofile,elapsed_seconds=0.540146,predicted_seconds=0.000000,time_percent_error=100.000000,nthreads=75,end_time=192081.731817,avg_power_W=180.181818,max_power_W=188.000000,avg_time_s=0.041550,released_listeners=1,
start_task=,name=lu_gemm,tick=48,start_time=192081.731883,nthreads=75,
message=tick stats,tick=48,estimated_current_power=98.081818,
end_task=,name=lu_gemm,elapsed_seconds=0.081818,predicted_seconds=0.037602,time_percent_error=54.042333,nthreads=75,end_time=192081.814861,avg_power_W=173.000000,max_power_W=178.000000,avg_time_s=0.081818,released_listeners=1,
start_task=,name=lu_gemm,tick=49,start_time=192081.814925,nthreads=75,
message=tick stats,tick=49,estimated_current_power=98.081818,
end_task=,name=lu_gemm,elapsed_seconds=0.076488,predicted_seconds=0.037602,time_percent_error=50.839802,nthreads=75,end_time=192081.892625,avg_power_W=176.000000,max_power_W=176.000000,avg_time_s=0.076488,released_listeners=0,
start_task=,name=lu_gemm,tick=50,start_time=192081.892693,nthreads=75,
message=tick stats,tick=50,estimated_current_power=98.081818,
end_task=,name=lu_gemm,elapsed_seconds=0.078400,predicted_seconds=0.037602,time_percent_error=52.038780,nthreads=75,end_time=192081.971829,avg_power_W=165.000000,max_power_W=174.000000,avg_time_s=0.078400,released_listeners=0,
start_task=,name=lu_gemm,tick=51,start_time=192081.971893,nthreads=75,
message=tick stats,tick=51,estimated_current_power=98.081818,
end_task=,name=lu_gemm,elapsed_seconds=0.099676,predicted_seconds=0.037602,time_percent_error=62.276212,nthreads=75,end_time=192082.072755,avg_power_W=159.500000,max_power_W=160.000000,avg_time_s=0.099676,released_listeners=1,
start_task=,name=lu_gemm,tick=52,start_time=192082.072819,nthreads=75,
message=tick stats,tick=52,estimated_current_power=98.081818,
end_task=,name=lu_gemm,elapsed_seconds=0.098799,predicted_seconds=0.037602,time_percent_error=61.941339,nthreads=75,end_time=192082.172319,avg_power_W=156.500000,max_power_W=158.000000,avg_time_s=0.098799,released_listeners=0,
start_task=,name=lu_gemm,tick=53,start_time=192082.172384,nthreads=75,
message=tick stats,tick=53,estimated_current_power=98.081818,
end_task=,name=lu_gemm,elapsed_seconds=0.078700,predicted_seconds=0.037602,time_percent_error=52.221313,nthreads=75,end_time=192082.260590,avg_power_W=155.000000,max_power_W=157.000000,avg_time_s=0.078700,released_listeners=0,
start_task=,name=lu_gemm,tick=54,start_time=192082.260657,nthreads=75,
message=tick stats,tick=54,estimated_current_power=98.081818,
end_task=,name=lu_gemm,elapsed_seconds=0.084567,predicted_seconds=0.037602,time_percent_error=55.536242,nthreads=75,end_time=192082.360488,avg_power_W=161.000000,max_power_W=169.000000,avg_time_s=0.084567,released_listeners=0,
start_task=,name=lu_gemm,tick=55,start_time=192082.360570,nthreads=75,
message=tick stats,tick=55,estimated_current_power=98.081818,
end_task=,name=lu_gemm,elapsed_seconds=0.086714,predicted_seconds=0.037602,time_percent_error=56.637256,nthreads=75,end_time=192082.460492,avg_power_W=161.000000,max_power_W=169.000000,avg_time_s=0.086714,released_listeners=0,
start_task=,name=lu_gemm,tick=56,start_time=192082.460560,nthreads=75,
message=tick stats,tick=56,estimated_current_power=98.081818,
end_task=,name=lu_gemm,elapsed_seconds=0.083031,predicted_seconds=0.037602,time_percent_error=54.713953,nthreads=75,end_time=192082.544309,avg_power_W=175.000000,max_power_W=175.000000,avg_time_s=0.083031,released_listeners=1,
start_task=,name=lu_gemm,tick=57,start_time=192082.544374,nthreads=75,
message=tick stats,tick=57,estimated_current_power=98.081818,
end_task=,name=lu_gemm,elapsed_seconds=0.086419,predicted_seconds=0.037602,time_percent_error=56.489038,nthreads=75,end_time=192082.631504,avg_power_W=163.500000,max_power_W=175.000000,avg_time_s=0.086419,released_listeners=1,
start_task=,name=lu_gemm,tick=58,start_time=192082.631569,nthreads=75,
message=tick stats,tick=58,estimated_current_power=98.081818,
end_task=,name=lu_gemm,elapsed_seconds=0.083228,predicted_seconds=0.037602,time_percent_error=54.821128,nthreads=75,end_time=192082.715978,avg_power_W=153.000000,max_power_W=155.000000,avg_time_s=0.083228,released_listeners=1,
start_task=,name=lu_gemm,tick=59,start_time=192082.716047,nthreads=75,
message=tick stats,tick=59,estimated_current_power=98.081818,
end_task=,name=lu_gemm,elapsed_seconds=0.083396,predicted_seconds=0.037602,time_percent_error=54.912054,nthreads=75,end_time=192082.810564,avg_power_W=154.500000,max_power_W=158.000000,avg_time_s=0.083396,released_listeners=1,
start_task=,name=lu_gemm,tick=60,start_time=192082.810634,nthreads=75,
message=tick stats,tick=60,estimated_current_power=98.081818,
end_task=,name=lu_gemm,elapsed_seconds=0.084304,predicted_seconds=0.037602,time_percent_error=55.397698,nthreads=75,end_time=192082.910723,avg_power_W=160.000000,max_power_W=170.000000,avg_time_s=0.084304,released_listeners=1,
start_task=,name=lu_gemm,tick=61,start_time=192082.910792,nthreads=75,
message=tick stats,tick=61,estimated_current_power=98.081818,
end_task=,name=lu_gemm,elapsed_seconds=0.084441,predicted_seconds=0.037602,time_percent_error=55.469846,nthreads=75,end_time=192083.010582,avg_power_W=161.500000,max_power_W=172.000000,avg_time_s=0.084441,released_listeners=0,
start_task=,name=lu_gemm,tick=62,start_time=192083.010651,nthreads=75,
message=tick stats,tick=62,estimated_current_power=98.081818,
end_task=,name=lu_gemm,elapsed_seconds=0.080694,predicted_seconds=0.037602,time_percent_error=53.402055,nthreads=75,end_time=192083.092753,avg_power_W=179.000000,max_power_W=179.000000,avg_time_s=0.080694,released_listeners=0,
start_task=,name=lu_gemm,tick=63,start_time=192083.092816,nthreads=75,
message=tick stats,tick=63,estimated_current_power=98.081818,
end_task=,name=lu_gemm,elapsed_seconds=0.086288,predicted_seconds=0.037602,time_percent_error=56.423245,nthreads=75,end_time=192083.179813,avg_power_W=164.500000,max_power_W=178.000000,avg_time_s=0.086288,released_listeners=1,
start_task=,name=lu_gemm,tick=64,start_time=192083.179878,nthreads=75,
message=tick stats,tick=64,estimated_current_power=98.081818,
end_task=,name=lu_gemm,elapsed_seconds=0.091065,predicted_seconds=0.037602,time_percent_error=58.708937,nthreads=75,end_time=192083.271638,avg_power_W=153.500000,max_power_W=156.000000,avg_time_s=0.091065,released_listeners=0,
start_task=,name=lu_gemm,tick=65,start_time=192083.271702,nthreads=75,
message=tick stats,tick=65,estimated_current_power=98.081818,
end_task=,name=lu_gemm,elapsed_seconds=0.090775,predicted_seconds=0.037602,time_percent_error=58.577233,nthreads=75,end_time=192083.363219,avg_power_W=154.500000,max_power_W=155.000000,avg_time_s=0.090775,released_listeners=0,
start_task=,name=lu_gemm,tick=66,start_time=192083.363284,nthreads=75,
message=tick stats,tick=66,estimated_current_power=98.081818,
end_task=,name=lu_gemm,elapsed_seconds=0.090755,predicted_seconds=0.037602,time_percent_error=58.567862,nthreads=75,end_time=192083.460583,avg_power_W=164.000000,max_power_W=174.000000,avg_time_s=0.090755,released_listeners=0,
start_task=,name=lu_gemm,tick=67,start_time=192083.460650,nthreads=75,
message=tick stats,tick=67,estimated_current_power=98.081818,
end_task=,name=lu_gemm,elapsed_seconds=0.082090,predicted_seconds=0.037602,time_percent_error=54.194522,nthreads=75,end_time=192083.543422,avg_power_W=180.000000,max_power_W=180.000000,avg_time_s=0.082090,released_listeners=0,
start_task=,name=lu_gemm,tick=68,start_time=192083.543492,nthreads=75,
message=tick stats,tick=68,estimated_current_power=98.081818,
end_task=,name=lu_gemm,elapsed_seconds=0.097774,predicted_seconds=0.037602,time_percent_error=61.542428,nthreads=75,end_time=192083.641986,avg_power_W=164.000000,max_power_W=178.000000,avg_time_s=0.097774,released_listeners=1,
start_task=,name=lu_gemm,tick=69,start_time=192083.642055,nthreads=75,
message=tick stats,tick=69,estimated_current_power=98.081818,
end_task=,name=lu_gemm,elapsed_seconds=0.081335,predicted_seconds=0.037602,time_percent_error=53.769266,nthreads=75,end_time=192083.724152,avg_power_W=164.500000,max_power_W=178.000000,avg_time_s=0.081335,released_listeners=0,
start_task=,name=lu_gemm,tick=70,start_time=192083.724216,nthreads=75,
message=tick stats,tick=70,estimated_current_power=98.081818,
end_task=,name=lu_gemm,elapsed_seconds=0.082483,predicted_seconds=0.037602,time_percent_error=54.412846,nthreads=75,end_time=192083.810468,avg_power_W=159.000000,max_power_W=159.000000,avg_time_s=0.082483,released_listeners=0,
start_task=,name=lu_gemm,tick=71,start_time=192083.810536,nthreads=75,
message=tick stats,tick=71,estimated_current_power=98.081818,
end_task=,name=lu_gemm,elapsed_seconds=0.083179,predicted_seconds=0.037602,time_percent_error=54.794354,nthreads=75,end_time=192083.894478,avg_power_W=175.000000,max_power_W=175.000000,avg_time_s=0.083179,released_listeners=0,
start_task=,name=lu_gemm,tick=72,start_time=192083.894541,nthreads=75,
message=tick stats,tick=72,estimated_current_power=98.081818,
end_task=,name=lu_gemm,elapsed_seconds=0.086786,predicted_seconds=0.037602,time_percent_error=56.673028,nthreads=75,end_time=192083.982087,avg_power_W=157.500000,max_power_W=163.000000,avg_time_s=0.086786,released_listeners=0,
start_task=,name=getrfprofile,tick=73,start_time=192083.982155,nthreads=75,
message=tick stats,tick=73,estimated_current_power=0.000000,
end_task=,name=getrfprofile,elapsed_seconds=0.588871,predicted_seconds=0.000000,time_percent_error=100.000000,nthreads=75,end_time=192084.571699,avg_power_W=162.833333,max_power_W=167.000000,avg_time_s=0.147218,released_listeners=1,
start_task=,name=getrf,tick=74,start_time=192084.571763,nthreads=75,
message=tick stats,tick=74,estimated_current_power=76.433333,
end_task=,name=getrf,elapsed_seconds=0.178391,predicted_seconds=0.197358,time_percent_error=10.631915,nthreads=75,end_time=192084.760623,avg_power_W=162.250000,max_power_W=165.000000,avg_time_s=0.178391,released_listeners=8,
start_task=,name=trsm_leftprofile,tick=75,start_time=192084.760692,nthreads=75,
message=tick stats,tick=75,estimated_current_power=0.000000,
end_task=,name=trsm_leftprofile,elapsed_seconds=0.568359,predicted_seconds=0.000000,time_percent_error=100.000000,nthreads=75,end_time=192085.329737,avg_power_W=168.000000,max_power_W=174.000000,avg_time_s=0.047363,released_listeners=1,
start_task=,name=trsm_rightprofile,tick=76,start_time=192085.329809,nthreads=75,
message=tick stats,tick=76,estimated_current_power=0.000000,
end_task=,name=trsm_rightprofile,elapsed_seconds=0.539544,predicted_seconds=0.000000,time_percent_error=100.000000,nthreads=75,end_time=192085.870535,avg_power_W=171.181818,max_power_W=180.000000,avg_time_s=0.044962,released_listeners=1,
start_task=,name=trsm_leftprofile,tick=77,start_time=192085.870600,nthreads=75,
message=tick stats,tick=77,estimated_current_power=0.000000,
end_task=,name=trsm_leftprofile,elapsed_seconds=0.557203,predicted_seconds=0.000000,time_percent_error=100.000000,nthreads=75,end_time=192086.428524,avg_power_W=170.454545,max_power_W=178.000000,avg_time_s=0.042862,released_listeners=1,
start_task=,name=trsm_rightprofile,tick=78,start_time=192086.428590,nthreads=75,
message=tick stats,tick=78,estimated_current_power=0.000000,
end_task=,name=trsm_rightprofile,elapsed_seconds=0.548083,predicted_seconds=0.000000,time_percent_error=100.000000,nthreads=75,end_time=192086.977777,avg_power_W=164.454545,max_power_W=179.000000,avg_time_s=0.060898,released_listeners=1,
start_task=,name=trsm_leftprofile,tick=79,start_time=192086.977849,nthreads=75,
message=tick stats,tick=79,estimated_current_power=0.000000,
end_task=,name=trsm_leftprofile,elapsed_seconds=0.540948,predicted_seconds=0.000000,time_percent_error=100.000000,nthreads=75,end_time=192087.519336,avg_power_W=168.909091,max_power_W=174.000000,avg_time_s=0.049177,released_listeners=1,
start_task=,name=trsm_rightprofile,tick=80,start_time=192087.519414,nthreads=75,
message=tick stats,tick=80,estimated_current_power=0.000000,
end_task=,name=trsm_rightprofile,elapsed_seconds=0.527378,predicted_seconds=0.000000,time_percent_error=100.000000,nthreads=75,end_time=192088.060574,avg_power_W=174.000000,max_power_W=180.000000,avg_time_s=0.043948,released_listeners=1,
start_task=,name=trsm_leftprofile,tick=81,start_time=192088.060641,nthreads=75,
message=tick stats,tick=81,estimated_current_power=0.000000,
end_task=,name=trsm_leftprofile,elapsed_seconds=0.568701,predicted_seconds=0.000000,time_percent_error=100.000000,nthreads=75,end_time=192088.630047,avg_power_W=169.727273,max_power_W=178.000000,avg_time_s=0.043746,released_listeners=1,
start_task=,name=trsm_rightprofile,tick=82,start_time=192088.630112,nthreads=75,
message=tick stats,tick=82,estimated_current_power=0.000000,
end_task=,name=trsm_rightprofile,elapsed_seconds=0.532882,predicted_seconds=0.000000,time_percent_error=100.000000,nthreads=75,end_time=192089.164063,avg_power_W=170.272727,max_power_W=179.000000,avg_time_s=0.053288,released_listeners=1,
start_task=,name=trsm_left,tick=83,start_time=192089.164132,nthreads=75,
message=tick stats,tick=83,estimated_current_power=85.100000,
end_task=,name=trsm_left,elapsed_seconds=0.081416,predicted_seconds=0.040582,time_percent_error=50.155201,nthreads=75,end_time=192089.260723,avg_power_W=164.000000,max_power_W=170.000000,avg_time_s=0.081416,released_listeners=4,
start_task=,name=trsm_right,tick=84,start_time=192089.260793,nthreads=75,
message=tick stats,tick=84,estimated_current_power=86.966667,
end_task=,name=trsm_right,elapsed_seconds=0.059946,predicted_seconds=0.041023,time_percent_error=31.566121,nthreads=75,end_time=192089.321442,avg_power_W=160.000000,max_power_W=160.000000,avg_time_s=0.059946,released_listeners=4,
start_task=,name=trsm_left,tick=85,start_time=192089.321508,nthreads=75,
message=tick stats,tick=85,estimated_current_power=85.100000,
end_task=,name=trsm_left,elapsed_seconds=0.074760,predicted_seconds=0.040582,time_percent_error=45.717715,nthreads=75,end_time=192089.410554,avg_power_W=159.500000,max_power_W=164.000000,avg_time_s=0.074760,released_listeners=4,
start_task=,name=trsm_right,tick=86,start_time=192089.410625,nthreads=75,
message=tick stats,tick=86,estimated_current_power=86.966667,
end_task=,name=trsm_right,elapsed_seconds=0.065278,predicted_seconds=0.041023,time_percent_error=37.155981,nthreads=75,end_time=192089.476509,avg_power_W=169.000000,max_power_W=169.000000,avg_time_s=0.065278,released_listeners=4,
start_task=,name=trsm_left,tick=87,start_time=192089.476575,nthreads=75,
message=tick stats,tick=87,estimated_current_power=85.100000,
end_task=,name=trsm_left,elapsed_seconds=0.063464,predicted_seconds=0.040582,time_percent_error=36.055530,nthreads=75,end_time=192089.540746,avg_power_W=163.000000,max_power_W=163.000000,avg_time_s=0.063464,released_listeners=4,
start_task=,name=trsm_right,tick=88,start_time=192089.540812,nthreads=75,
message=tick stats,tick=88,estimated_current_power=86.966667,
end_task=,name=trsm_right,elapsed_seconds=0.058605,predicted_seconds=0.041023,time_percent_error=30.000470,nthreads=75,end_time=192089.610513,avg_power_W=163.500000,max_power_W=166.000000,avg_time_s=0.058605,released_listeners=4,
start_task=,name=trsm_left,tick=89,start_time=192089.610583,nthreads=75,
message=tick stats,tick=89,estimated_current_power=85.100000,
end_task=,name=trsm_left,elapsed_seconds=0.059730,predicted_seconds=0.040582,time_percent_error=32.058743,nthreads=75,end_time=192089.671048,avg_power_W=168.000000,max_power_W=168.000000,avg_time_s=0.059730,released_listeners=4,
start_task=,name=trsm_right,tick=90,start_time=192089.671121,nthreads=75,
message=tick stats,tick=90,estimated_current_power=86.966667,
end_task=,name=trsm_right,elapsed_seconds=0.058692,predicted_seconds=0.041023,time_percent_error=30.103808,nthreads=75,end_time=192089.730521,avg_power_W=160.000000,max_power_W=160.000000,avg_time_s=0.058692,released_listeners=4,
start_task=,name=lu_gemmprofile,tick=91,start_time=192089.730587,nthreads=75,
message=tick stats,tick=91,estimated_current_power=0.000000,
end_task=,name=lu_gemmprofile,elapsed_seconds=0.550531,predicted_seconds=0.000000,time_percent_error=100.000000,nthreads=75,end_time=192090.281812,avg_power_W=172.818182,max_power_W=185.000000,avg_time_s=0.045878,released_listeners=1,
start_task=,name=lu_gemmprofile,tick=92,start_time=192090.281877,nthreads=75,
message=tick stats,tick=92,estimated_current_power=0.000000,
end_task=,name=lu_gemmprofile,elapsed_seconds=0.531932,predicted_seconds=0.000000,time_percent_error=100.000000,nthreads=75,end_time=192090.814877,avg_power_W=176.818182,max_power_W=187.000000,avg_time_s=0.040918,released_listeners=1,
start_task=,name=lu_gemmprofile,tick=93,start_time=192090.814943,nthreads=75,
message=tick stats,tick=93,estimated_current_power=0.000000,
end_task=,name=lu_gemmprofile,elapsed_seconds=0.518586,predicted_seconds=0.000000,time_percent_error=100.000000,nthreads=75,end_time=192091.334118,avg_power_W=181.200000,max_power_W=189.000000,avg_time_s=0.039891,released_listeners=1,
start_task=,name=lu_gemmprofile,tick=94,start_time=192091.334187,nthreads=75,
message=tick stats,tick=94,estimated_current_power=0.000000,
end_task=,name=lu_gemmprofile,elapsed_seconds=0.571485,predicted_seconds=0.000000,time_percent_error=100.000000,nthreads=75,end_time=192091.910653,avg_power_W=174.166667,max_power_W=189.000000,avg_time_s=0.043960,released_listeners=1,
start_task=,name=lu_gemmprofile,tick=95,start_time=192091.910722,nthreads=75,
message=tick stats,tick=95,estimated_current_power=0.000000,
end_task=,name=lu_gemmprofile,elapsed_seconds=0.539459,predicted_seconds=0.000000,time_percent_error=100.000000,nthreads=75,end_time=192092.460446,avg_power_W=179.545455,max_power_W=187.000000,avg_time_s=0.041497,released_listeners=1,
start_task=,name=lu_gemmprofile,tick=96,start_time=192092.460519,nthreads=75,
message=tick stats,tick=96,estimated_current_power=0.000000,
end_task=,name=lu_gemmprofile,elapsed_seconds=0.556866,predicted_seconds=0.000000,time_percent_error=100.000000,nthreads=75,end_time=192093.018511,avg_power_W=179.909091,max_power_W=186.000000,avg_time_s=0.039776,released_listeners=1,
start_task=,name=lu_gemmprofile,tick=97,start_time=192093.018580,nthreads=75,
message=tick stats,tick=97,estimated_current_power=0.000000,
end_task=,name=lu_gemmprofile,elapsed_seconds=0.526108,predicted_seconds=0.000000,time_percent_error=100.000000,nthreads=75,end_time=192093.560341,avg_power_W=179.727273,max_power_W=185.000000,avg_time_s=0.040470,released_listeners=1,
start_task=,name=lu_gemmprofile,tick=98,start_time=192093.560412,nthreads=75,
message=tick stats,tick=98,estimated_current_power=0.000000,
end_task=,name=lu_gemmprofile,elapsed_seconds=0.551873,predicted_seconds=0.000000,time_percent_error=100.000000,nthreads=75,end_time=192094.113429,avg_power_W=175.545455,max_power_W=185.000000,avg_time_s=0.050170,released_listeners=1,
start_task=,name=lu_gemmprofile,tick=99,start_time=192094.113495,nthreads=75,
message=tick stats,tick=99,estimated_current_power=0.000000,
end_task=,name=lu_gemmprofile,elapsed_seconds=0.531219,predicted_seconds=0.000000,time_percent_error=100.000000,nthreads=75,end_time=192094.660677,avg_power_W=180.181818,max_power_W=188.000000,avg_time_s=0.040863,released_listeners=1,
start_task=,name=lu_gemmprofile,tick=100,start_time=192094.660746,nthreads=75,
message=tick stats,tick=100,estimated_current_power=0.000000,
end_task=,name=lu_gemmprofile,elapsed_seconds=0.548355,predicted_seconds=0.000000,time_percent_error=100.000000,nthreads=75,end_time=192095.210983,avg_power_W=180.000000,max_power_W=188.000000,avg_time_s=0.039168,released_listeners=1,
start_task=,name=lu_gemmprofile,tick=101,start_time=192095.211061,nthreads=75,
message=tick stats,tick=101,estimated_current_power=0.000000,
end_task=,name=lu_gemmprofile,elapsed_seconds=0.536253,predicted_seconds=0.000000,time_percent_error=100.000000,nthreads=75,end_time=192095.760500,avg_power_W=180.181818,max_power_W=188.000000,avg_time_s=0.041250,released_listeners=1,
start_task=,name=lu_gemmprofile,tick=102,start_time=192095.760569,nthreads=75,
message=tick stats,tick=102,estimated_current_power=0.000000,
end_task=,name=lu_gemmprofile,elapsed_seconds=0.536767,predicted_seconds=0.000000,time_percent_error=100.000000,nthreads=75,end_time=192096.310657,avg_power_W=173.090909,max_power_W=189.000000,avg_time_s=0.048797,released_listeners=1,
start_task=,name=lu_gemmprofile,tick=103,start_time=192096.310725,nthreads=75,
message=tick stats,tick=103,estimated_current_power=0.000000,
end_task=,name=lu_gemmprofile,elapsed_seconds=0.528354,predicted_seconds=0.000000,time_percent_error=100.000000,nthreads=75,end_time=192096.840260,avg_power_W=178.900000,max_power_W=188.000000,avg_time_s=0.040643,released_listeners=1,
start_task=,name=lu_gemmprofile,tick=104,start_time=192096.840327,nthreads=75,
message=tick stats,tick=104,estimated_current_power=0.000000,
end_task=,name=lu_gemmprofile,elapsed_seconds=0.548851,predicted_seconds=0.000000,time_percent_error=100.000000,nthreads=75,end_time=192097.389797,avg_power_W=180.000000,max_power_W=189.000000,avg_time_s=0.039204,released_listeners=1,
start_task=,name=lu_gemmprofile,tick=105,start_time=192097.389864,nthreads=75,
message=tick stats,tick=105,estimated_current_power=0.000000,
end_task=,name=lu_gemmprofile,elapsed_seconds=0.541547,predicted_seconds=0.000000,time_percent_error=100.000000,nthreads=75,end_time=192097.932557,avg_power_W=180.363636,max_power_W=187.000000,avg_time_s=0.041657,released_listeners=1,
start_task=,name=lu_gemmprofile,tick=106,start_time=192097.932623,nthreads=75,
message=tick stats,tick=106,estimated_current_power=0.000000,
end_task=,name=lu_gemmprofile,elapsed_seconds=0.569942,predicted_seconds=0.000000,time_percent_error=100.000000,nthreads=75,end_time=192098.510562,avg_power_W=174.916667,max_power_W=189.000000,avg_time_s=0.051813,released_listeners=1,
start_task=,name=lu_gemm,tick=107,start_time=192098.510649,nthreads=75,
message=tick stats,tick=107,estimated_current_power=98.081818,
end_task=,name=lu_gemm,elapsed_seconds=0.088945,predicted_seconds=0.037602,time_percent_error=57.724807,nthreads=75,end_time=192098.610220,avg_power_W=166.000000,max_power_W=180.000000,avg_time_s=0.088945,released_listeners=1,
start_task=,name=lu_gemm,tick=108,start_time=192098.610290,nthreads=75,
message=tick stats,tick=108,estimated_current_power=98.081818,
end_task=,name=lu_gemm,elapsed_seconds=0.087049,predicted_seconds=0.037602,time_percent_error=56.804174,nthreads=75,end_time=192098.710476,avg_power_W=160.500000,max_power_W=169.000000,avg_time_s=0.087049,released_listeners=1,
start_task=,name=lu_gemm,tick=109,start_time=192098.710546,nthreads=75,
message=tick stats,tick=109,estimated_current_power=98.081818,
end_task=,name=lu_gemm,elapsed_seconds=0.083070,predicted_seconds=0.037602,time_percent_error=54.735053,nthreads=75,end_time=192098.794227,avg_power_W=176.000000,max_power_W=176.000000,avg_time_s=0.083070,released_listeners=1,
start_task=,name=lu_gemm,tick=110,start_time=192098.794324,nthreads=75,
message=tick stats,tick=110,estimated_current_power=98.081818,
end_task=,name=lu_gemm,elapsed_seconds=0.089148,predicted_seconds=0.037602,time_percent_error=57.821307,nthreads=75,end_time=192098.884310,avg_power_W=161.000000,max_power_W=174.000000,avg_time_s=0.089148,released_listeners=0,
start_task=,name=lu_gemm,tick=111,start_time=192098.884376,nthreads=75,
message=tick stats,tick=111,estimated_current_power=98.081818,
end_task=,name=lu_gemm,elapsed_seconds=0.089312,predicted_seconds=0.037602,time_percent_error=57.898809,nthreads=75,end_time=192098.974481,avg_power_W=149.500000,max_power_W=154.000000,avg_time_s=0.089312,released_listeners=1,
start_task=,name=lu_gemm,tick=112,start_time=192098.974556,nthreads=75,
message=tick stats,tick=112,estimated_current_power=98.081818,
end_task=,name=lu_gemm,elapsed_seconds=0.082292,predicted_seconds=0.037602,time_percent_error=54.306855,nthreads=75,end_time=192099.060671,avg_power_W=149.000000,max_power_W=151.000000,avg_time_s=0.082292,released_listeners=0,
start_task=,name=lu_gemm,tick=113,start_time=192099.060741,nthreads=75,
message=tick stats,tick=113,estimated_current_power=98.081818,
end_task=,name=lu_gemm,elapsed_seconds=0.083507,predicted_seconds=0.037602,time_percent_error=54.971782,nthreads=75,end_time=192099.145014,avg_power_W=167.000000,max_power_W=167.000000,avg_time_s=0.083507,released_listeners=1,
start_task=,name=lu_gemm,tick=114,start_time=192099.145081,nthreads=75,
message=tick stats,tick=114,estimated_current_power=98.081818,
end_task=,name=lu_gemm,elapsed_seconds=0.090992,predicted_seconds=0.037602,time_percent_error=58.675969,nthreads=75,end_time=192099.237183,avg_power_W=159.000000,max_power_W=167.000000,avg_time_s=0.090992,released_listeners=0,
start_task=,name=lu_gemm,tick=115,start_time=192099.237273,nthreads=75,
message=tick stats,tick=115,estimated_current_power=98.081818,
end_task=,name=lu_gemm,elapsed_seconds=0.086915,predicted_seconds=0.037602,time_percent_error=56.737429,nthreads=75,end_time=192099.325342,avg_power_W=158.000000,max_power_W=166.000000,avg_time_s=0.086915,released_listeners=0,
start_task=,name=lu_gemm,tick=116,start_time=192099.325407,nthreads=75,
message=tick stats,tick=116,estimated_current_power=98.081818,
end_task=,name=lu_gemm,elapsed_seconds=0.091790,predicted_seconds=0.037602,time_percent_error=59.035023,nthreads=75,end_time=192099.418045,avg_power_W=167.000000,max_power_W=175.000000,avg_time_s=0.091790,released_listeners=1,
start_task=,name=lu_gemm,tick=117,start_time=192099.418110,nthreads=75,
message=tick stats,tick=117,estimated_current_power=98.081818,
end_task=,name=lu_gemm,elapsed_seconds=0.093017,predicted_seconds=0.037602,time_percent_error=59.575602,nthreads=75,end_time=192099.512341,avg_power_W=167.000000,max_power_W=175.000000,avg_time_s=0.093017,released_listeners=0,
start_task=,name=lu_gemm,tick=118,start_time=192099.512407,nthreads=75,
message=tick stats,tick=118,estimated_current_power=98.081818,
end_task=,name=lu_gemm,elapsed_seconds=0.092974,predicted_seconds=0.037602,time_percent_error=59.556654,nthreads=75,end_time=192099.610563,avg_power_W=165.500000,max_power_W=177.000000,avg_time_s=0.092974,released_listeners=0,
start_task=,name=lu_gemm,tick=119,start_time=192099.610631,nthreads=75,
message=tick stats,tick=119,estimated_current_power=98.081818,
end_task=,name=lu_gemm,elapsed_seconds=0.106706,predicted_seconds=0.037602,time_percent_error=64.761352,nthreads=75,end_time=192099.717955,avg_power_W=165.500000,max_power_W=175.000000,avg_time_s=0.106706,released_listeners=1,
start_task=,name=lu_gemm,tick=120,start_time=192099.718021,nthreads=75,
message=tick stats,tick=120,estimated_current_power=98.081818,
end_task=,name=lu_gemm,elapsed_seconds=0.079959,predicted_seconds=0.037602,time_percent_error=52.974131,nthreads=75,end_time=192099.810343,avg_power_W=163.000000,max_power_W=174.000000,avg_time_s=0.079959,released_listeners=0,
start_task=,name=lu_gemm,tick=121,start_time=192099.810412,nthreads=75,
message=tick stats,tick=121,estimated_current_power=98.081818,
end_task=,name=lu_gemm,elapsed_seconds=0.082130,predicted_seconds=0.037602,time_percent_error=54.216785,nthreads=75,end_time=192099.893701,avg_power_W=177.000000,max_power_W=177.000000,avg_time_s=0.082130,released_listeners=0,
start_task=,name=lu_gemm,tick=122,start_time=192099.893765,nthreads=75,
message=tick stats,tick=122,estimated_current_power=98.081818,
end_task=,name=lu_gemm,elapsed_seconds=0.080628,predicted_seconds=0.037602,time_percent_error=53.364028,nthreads=75,end_time=192099.975208,avg_power_W=165.500000,max_power_W=180.000000,avg_time_s=0.080628,released_listeners=0,
start_task=,name=getrfprofile,tick=123,start_time=192099.975330,nthreads=75,
message=tick stats,tick=123,estimated_current_power=0.000000,
end_task=,name=getrfprofile,elapsed_seconds=0.562180,predicted_seconds=0.000000,time_percent_error=100.000000,nthreads=75,end_time=192100.538177,avg_power_W=165.454545,max_power_W=169.000000,avg_time_s=0.140545,released_listeners=1,
start_task=,name=getrf,tick=124,start_time=192100.538270,nthreads=75,
message=tick stats,tick=124,estimated_current_power=76.433333,
end_task=,name=getrf,elapsed_seconds=0.179126,predicted_seconds=0.197358,time_percent_error=10.178261,nthreads=75,end_time=192100.718091,avg_power_W=161.250000,max_power_W=166.000000,avg_time_s=0.179126,released_listeners=6,
start_task=,name=trsm_leftprofile,tick=125,start_time=192100.718162,nthreads=75,
message=tick stats,tick=125,estimated_current_power=0.000000,
end_task=,name=trsm_leftprofile,elapsed_seconds=0.571801,predicted_seconds=0.000000,time_percent_error=100.000000,nthreads=75,end_time=192101.291138,avg_power_W=167.454545,max_power_W=176.000000,avg_time_s=0.047650,released_listeners=1,
start_task=,name=trsm_rightprofile,tick=126,start_time=192101.291203,nthreads=75,
message=tick stats,tick=126,estimated_current_power=0.000000,
end_task=,name=trsm_rightprofile,elapsed_seconds=0.534400,predicted_seconds=0.000000,time_percent_error=100.000000,nthreads=75,end_time=192101.826216,avg_power_W=175.000000,max_power_W=180.000000,avg_time_s=0.044533,released_listeners=1,
start_task=,name=trsm_leftprofile,tick=127,start_time=192101.826281,nthreads=75,
message=tick stats,tick=127,estimated_current_power=0.000000,
end_task=,name=trsm_leftprofile,elapsed_seconds=0.543296,predicted_seconds=0.000000,time_percent_error=100.000000,nthreads=75,end_time=192102.372378,avg_power_W=169.454545,max_power_W=174.000000,avg_time_s=0.045275,released_listeners=1,
start_task=,name=trsm_rightprofile,tick=128,start_time=192102.372444,nthreads=75,
message=tick stats,tick=128,estimated_current_power=0.000000,
end_task=,name=trsm_rightprofile,elapsed_seconds=0.553700,predicted_seconds=0.000000,time_percent_error=100.000000,nthreads=75,end_time=192102.929067,avg_power_W=173.909091,max_power_W=181.000000,avg_time_s=0.046142,released_listeners=1,
start_task=,name=trsm_leftprofile,tick=129,start_time=192102.929136,nthreads=75,
message=tick stats,tick=129,estimated_current_power=0.000000,
end_task=,name=trsm_leftprofile,elapsed_seconds=0.528809,predicted_seconds=0.000000,time_percent_error=100.000000,nthreads=75,end_time=192103.461061,avg_power_W=163.818182,max_power_W=174.000000,avg_time_s=0.058757,released_listeners=1,
start_task=,name=trsm_rightprofile,tick=130,start_time=192103.461144,nthreads=75,
message=tick stats,tick=130,estimated_current_power=0.000000,
end_task=,name=trsm_rightprofile,elapsed_seconds=0.545486,predicted_seconds=0.000000,time_percent_error=100.000000,nthreads=75,end_time=192104.010932,avg_power_W=172.272727,max_power_W=180.000000,avg_time_s=0.045457,released_listeners=1,
start_task=,name=trsm_left,tick=131,start_time=192104.011004,nthreads=75,
message=tick stats,tick=131,estimated_current_power=85.100000,
end_task=,name=trsm_left,elapsed_seconds=0.070717,predicted_seconds=0.040582,time_percent_error=42.614400,nthreads=75,end_time=192104.082817,avg_power_W=172.000000,max_power_W=172.000000,avg_time_s=0.070717,released_listeners=3,
start_task=,name=trsm_right,tick=132,start_time=192104.082879,nthreads=75,
message=tick stats,tick=132,estimated_current_power=86.966667,
end_task=,name=trsm_right,elapsed_seconds=0.053741,predicted_seconds=0.041023,time_percent_error=23.665648,nthreads=75,end_time=192104.139083,avg_power_W=156.000000,max_power_W=156.000000,avg_time_s=0.053741,released_listeners=3,
start_task=,name=trsm_left,tick=133,start_time=192104.139155,nthreads=75,
message=tick stats,tick=133,estimated_current_power=85.100000,
end_task=,name=trsm_left,elapsed_seconds=0.069716,predicted_seconds=0.040582,time_percent_error=41.790112,nthreads=75,end_time=192104.210820,avg_power_W=165.000000,max_power_W=165.000000,avg_time_s=0.069716,released_listeners=3,
start_task=,name=trsm_right,tick=134,start_time=192104.210891,nthreads=75,
message=tick stats,tick=134,estimated_current_power=86.966667,
end_task=,name=trsm_right,elapsed_seconds=0.060317,predicted_seconds=0.041023,time_percent_error=31.987806,nthreads=75,end_time=192104.272624,avg_power_W=166.000000,max_power_W=166.000000,avg_time_s=0.060317,released_listeners=3,
start_task=,name=trsm_left,tick=135,start_time=192104.272686,nthreads=75,
message=tick stats,tick=135,estimated_current_power=85.100000,
end_task=,name=trsm_left,elapsed_seconds=0.057158,predicted_seconds=0.040582,time_percent_error=29.001210,nthreads=75,end_time=192104.330955,avg_power_W=156.000000,max_power_W=156.000000,avg_time_s=0.057158,released_listeners=3,
start_task=,name=trsm_right,tick=136,start_time=192104.331021,nthreads=75,
message=tick stats,tick=136,estimated_current_power=86.966667,
end_task=,name=trsm_right,elapsed_seconds=0.055374,predicted_seconds=0.041023,time_percent_error=25.915861,nthreads=75,end_time=192104.387712,avg_power_W=155.000000,max_power_W=155.000000,avg_time_s=0.055374,released_listeners=3,
start_task=,name=lu_gemmprofile,tick=137,start_time=192104.387775,nthreads=75,
message=tick stats,tick=137,estimated_current_power=0.000000,
end_task=,name=lu_gemmprofile,elapsed_seconds=0.547740,predicted_seconds=0.000000,time_percent_error=100.000000,nthreads=75,end_time=192104.936804,avg_power_W=178.636364,max_power_W=188.000000,avg_time_s=0.039124,released_listeners=1,
start_task=,name=lu_gemmprofile,tick=138,start_time=192104.936870,nthreads=75,
message=tick stats,tick=138,estimated_current_power=0.000000,
end_task=,name=lu_gemmprofile,elapsed_seconds=0.557682,predicted_seconds=0.000000,time_percent_error=100.000000,nthreads=75,end_time=192105.495139,avg_power_W=172.909091,max_power_W=186.000000,avg_time_s=0.050698,released_listeners=1,
start_task=,name=lu_gemmprofile,tick=139,start_time=192105.510831,nthreads=75,
message=tick stats,tick=139,estimated_current_power=0.000000,
end_task=,name=lu_gemmprofile,elapsed_seconds=0.524206,predicted_seconds=0.000000,time_percent_error=100.000000,nthreads=75,end_time=192106.036833,avg_power_W=178.000000,max_power_W=186.000000,avg_time_s=0.040324,released_listeners=1,
start_task=,name=lu_gemmprofile,tick=140,start_time=192106.036898,nthreads=75,
message=tick stats,tick=140,estimated_current_power=0.000000,
end_task=,name=lu_gemmprofile,elapsed_seconds=0.546586,predicted_seconds=0.000000,time_percent_error=100.000000,nthreads=75,end_time=192106.584078,avg_power_W=178.363636,max_power_W=185.000000,avg_time_s=0.042045,released_listeners=1,
start_task=,name=lu_gemmprofile,tick=141,start_time=192106.584148,nthreads=75,
message=tick stats,tick=141,estimated_current_power=0.000000,
end_task=,name=lu_gemmprofile,elapsed_seconds=0.553434,predicted_seconds=0.000000,time_percent_error=100.000000,nthreads=75,end_time=192107.139026,avg_power_W=177.000000,max_power_W=187.000000,avg_time_s=0.042572,released_listeners=1,
start_task=,name=lu_gemmprofile,tick=142,start_time=192107.139098,nthreads=75,
message=tick stats,tick=142,estimated_current_power=0.000000,
end_task=,name=lu_gemmprofile,elapsed_seconds=0.554753,predicted_seconds=0.000000,time_percent_error=100.000000,nthreads=75,end_time=192107.694380,avg_power_W=178.363636,max_power_W=189.000000,avg_time_s=0.042673,released_listeners=1,
start_task=,name=lu_gemmprofile,tick=143,start_time=192107.694445,nthreads=75,
message=tick stats,tick=143,estimated_current_power=0.000000,
end_task=,name=lu_gemmprofile,elapsed_seconds=0.554433,predicted_seconds=0.000000,time_percent_error=100.000000,nthreads=75,end_time=192108.260489,avg_power_W=175.833333,max_power_W=188.000000,avg_time_s=0.046203,released_listeners=1,
start_task=,name=lu_gemmprofile,tick=144,start_time=192108.260559,nthreads=75,
message=tick stats,tick=144,estimated_current_power=0.000000,
end_task=,name=lu_gemmprofile,elapsed_seconds=0.532492,predicted_seconds=0.000000,time_percent_error=100.000000,nthreads=75,end_time=192108.793558,avg_power_W=181.800000,max_power_W=187.000000,avg_time_s=0.038035,released_listeners=1,
start_task=,name=lu_gemmprofile,tick=145,start_time=192108.793629,nthreads=75,
message=tick stats,tick=145,estimated_current_power=0.000000,
end_task=,name=lu_gemmprofile,elapsed_seconds=0.534795,predicted_seconds=0.000000,time_percent_error=100.000000,nthreads=75,end_time=192109.329683,avg_power_W=180.363636,max_power_W=187.000000,avg_time_s=0.041138,released_listeners=1,
start_task=,name=lu_gemm,tick=146,start_time=192109.329763,nthreads=75,
message=tick stats,tick=146,estimated_current_power=98.081818,
end_task=,name=lu_gemm,elapsed_seconds=0.081753,predicted_seconds=0.037602,time_percent_error=54.005709,nthreads=75,end_time=192109.413061,avg_power_W=173.500000,max_power_W=186.000000,avg_time_s=0.081753,released_listeners=1,
start_task=,name=lu_gemm,tick=147,start_time=192109.413131,nthreads=75,
message=tick stats,tick=147,estimated_current_power=98.081818,
end_task=,name=lu_gemm,elapsed_seconds=0.082879,predicted_seconds=0.037602,time_percent_error=54.630768,nthreads=75,end_time=192109.510727,avg_power_W=168.000000,max_power_W=180.000000,avg_time_s=0.082879,released_listeners=1,
start_task=,name=lu_gemm,tick=148,start_time=192109.510797,nthreads=75,
message=tick stats,tick=148,estimated_current_power=98.081818,
end_task=,name=lu_gemm,elapsed_seconds=0.081712,predicted_seconds=0.037602,time_percent_error=53.982559,nthreads=75,end_time=192109.593209,avg_power_W=169.000000,max_power_W=169.000000,avg_time_s=0.081712,released_listeners=1,
start_task=,name=lu_gemm,tick=149,start_time=192109.593335,nthreads=75,
message=tick stats,tick=149,estimated_current_power=98.081818,
end_task=,name=lu_gemm,elapsed_seconds=0.084210,predicted_seconds=0.037602,time_percent_error=55.348042,nthreads=75,end_time=192109.678405,avg_power_W=163.000000,max_power_W=172.000000,avg_time_s=0.084210,released_listeners=0,
start_task=,name=lu_gemm,tick=150,start_time=192109.678471,nthreads=75,
message=tick stats,tick=150,estimated_current_power=98.081818,
end_task=,name=lu_gemm,elapsed_seconds=0.092083,predicted_seconds=0.037602,time_percent_error=59.165642,nthreads=75,end_time=192109.771430,avg_power_W=161.500000,max_power_W=162.000000,avg_time_s=0.092083,released_listeners=1,
start_task=,name=lu_gemm,tick=151,start_time=192109.771497,nthreads=75,
message=tick stats,tick=151,estimated_current_power=98.081818,
end_task=,name=lu_gemm,elapsed_seconds=0.096870,predicted_seconds=0.037602,time_percent_error=61.183231,nthreads=75,end_time=192109.869273,avg_power_W=159.000000,max_power_W=161.000000,avg_time_s=0.096870,released_listeners=0,
start_task=,name=lu_gemm,tick=152,start_time=192109.869338,nthreads=75,
message=tick stats,tick=152,estimated_current_power=98.081818,
end_task=,name=lu_gemm,elapsed_seconds=0.093759,predicted_seconds=0.037602,time_percent_error=59.895246,nthreads=75,end_time=192109.963717,avg_power_W=157.500000,max_power_W=158.000000,avg_time_s=0.093759,released_listeners=1,
start_task=,name=lu_gemm,tick=153,start_time=192109.963785,nthreads=75,
message=tick stats,tick=153,estimated_current_power=98.081818,
end_task=,name=lu_gemm,elapsed_seconds=0.109278,predicted_seconds=0.037602,time_percent_error=65.590783,nthreads=75,end_time=192110.074265,avg_power_W=161.500000,max_power_W=167.000000,avg_time_s=0.109278,released_listeners=0,
start_task=,name=lu_gemm,tick=154,start_time=192110.074331,nthreads=75,
message=tick stats,tick=154,estimated_current_power=98.081818,
end_task=,name=lu_gemm,elapsed_seconds=0.109821,predicted_seconds=0.037602,time_percent_error=65.760895,nthreads=75,end_time=192110.184896,avg_power_W=165.000000,max_power_W=174.000000,avg_time_s=0.109821,released_listeners=0,
start_task=,name=getrfprofile,tick=155,start_time=192110.184960,nthreads=75,
message=tick stats,tick=155,estimated_current_power=0.000000,
end_task=,name=getrfprofile,elapsed_seconds=0.620383,predicted_seconds=0.000000,time_percent_error=100.000000,nthreads=75,end_time=192110.810781,avg_power_W=164.076923,max_power_W=168.000000,avg_time_s=0.155096,released_listeners=1,
start_task=,name=getrf,tick=156,start_time=192110.810849,nthreads=75,
message=tick stats,tick=156,estimated_current_power=76.433333,
end_task=,name=getrf,elapsed_seconds=0.159001,predicted_seconds=0.197358,time_percent_error=24.123810,nthreads=75,end_time=192110.970544,avg_power_W=162.000000,max_power_W=167.000000,avg_time_s=0.159001,released_listeners=4,
start_task=,name=trsm_leftprofile,tick=157,start_time=192110.970610,nthreads=75,
message=tick stats,tick=157,estimated_current_power=0.000000,
end_task=,name=trsm_leftprofile,elapsed_seconds=0.577844,predicted_seconds=0.000000,time_percent_error=100.000000,nthreads=75,end_time=192111.560622,avg_power_W=166.833333,max_power_W=172.000000,avg_time_s=0.052531,released_listeners=1,
start_task=,name=trsm_rightprofile,tick=158,start_time=192111.560691,nthreads=75,
message=tick stats,tick=158,estimated_current_power=0.000000,
end_task=,name=trsm_rightprofile,elapsed_seconds=0.546253,predicted_seconds=0.000000,time_percent_error=100.000000,nthreads=75,end_time=192112.110604,avg_power_W=173.454545,max_power_W=181.000000,avg_time_s=0.042019,released_listeners=1,
start_task=,name=trsm_leftprofile,tick=159,start_time=192112.110674,nthreads=75,
message=tick stats,tick=159,estimated_current_power=0.000000,
end_task=,name=trsm_leftprofile,elapsed_seconds=0.568426,predicted_seconds=0.000000,time_percent_error=100.000000,nthreads=75,end_time=192112.679596,avg_power_W=161.818182,max_power_W=177.000000,avg_time_s=0.063158,released_listeners=1,
start_task=,name=trsm_rightprofile,tick=160,start_time=192112.679661,nthreads=75,
message=tick stats,tick=160,estimated_current_power=0.000000,
end_task=,name=trsm_rightprofile,elapsed_seconds=0.551662,predicted_seconds=0.000000,time_percent_error=100.000000,nthreads=75,end_time=192113.232319,avg_power_W=173.636364,max_power_W=180.000000,avg_time_s=0.042436,released_listeners=1,
start_task=,name=trsm_left,tick=161,start_time=192113.232384,nthreads=75,
message=tick stats,tick=161,estimated_current_power=85.100000,
end_task=,name=trsm_left,elapsed_seconds=0.086590,predicted_seconds=0.040582,time_percent_error=53.133513,nthreads=75,end_time=192113.321412,avg_power_W=168.000000,max_power_W=170.000000,avg_time_s=0.086590,released_listeners=2,
start_task=,name=trsm_right,tick=162,start_time=192113.321478,nthreads=75,
message=tick stats,tick=162,estimated_current_power=86.966667,
end_task=,name=trsm_right,elapsed_seconds=0.057217,predicted_seconds=0.041023,time_percent_error=28.303007,nthreads=75,end_time=192113.380445,avg_power_W=169.000000,max_power_W=169.000000,avg_time_s=0.057217,released_listeners=2,
start_task=,name=trsm_left,tick=163,start_time=192113.380514,nthreads=75,
message=tick stats,tick=163,estimated_current_power=85.100000,
end_task=,name=trsm_left,elapsed_seconds=0.083231,predicted_seconds=0.040582,time_percent_error=51.242386,nthreads=75,end_time=192113.465544,avg_power_W=162.500000,max_power_W=167.000000,avg_time_s=0.083231,released_listeners=2,
start_task=,name=trsm_right,tick=164,start_time=192113.465610,nthreads=75,
message=tick stats,tick=164,estimated_current_power=86.966667,
end_task=,name=trsm_right,elapsed_seconds=0.056754,predicted_seconds=0.041023,time_percent_error=27.717457,nthreads=75,end_time=192113.522872,avg_power_W=158.000000,max_power_W=158.000000,avg_time_s=0.056754,released_listeners=2,
start_task=,name=lu_gemmprofile,tick=165,start_time=192113.522938,nthreads=75,
message=tick stats,tick=165,estimated_current_power=0.000000,
end_task=,name=lu_gemmprofile,elapsed_seconds=0.530825,predicted_seconds=0.000000,time_percent_error=100.000000,nthreads=75,end_time=192114.060521,avg_power_W=178.272727,max_power_W=186.000000,avg_time_s=0.040833,released_listeners=1,
start_task=,name=lu_gemmprofile,tick=166,start_time=192114.060591,nthreads=75,
message=tick stats,tick=166,estimated_current_power=0.000000,
end_task=,name=lu_gemmprofile,elapsed_seconds=0.562990,predicted_seconds=0.000000,time_percent_error=100.000000,nthreads=75,end_time=192114.624022,avg_power_W=182.545455,max_power_W=190.000000,avg_time_s=0.040214,released_listeners=1,
start_task=,name=lu_gemmprofile,tick=167,start_time=192114.624105,nthreads=75,
message=tick stats,tick=167,estimated_current_power=0.000000,
end_task=,name=lu_gemmprofile,elapsed_seconds=0.570187,predicted_seconds=0.000000,time_percent_error=100.000000,nthreads=75,end_time=192115.210536,avg_power_W=174.666667,max_power_W=189.000000,avg_time_s=0.047516,released_listeners=1,
start_task=,name=lu_gemmprofile,tick=168,start_time=192115.210606,nthreads=75,
message=tick stats,tick=168,estimated_current_power=0.000000,
end_task=,name=lu_gemmprofile,elapsed_seconds=0.528045,predicted_seconds=0.000000,time_percent_error=100.000000,nthreads=75,end_time=192115.739096,avg_power_W=179.200000,max_power_W=189.000000,avg_time_s=0.040619,released_listeners=1,
start_task=,name=lu_gemm,tick=169,start_time=192115.739169,nthreads=75,
message=tick stats,tick=169,estimated_current_power=98.081818,
end_task=,name=lu_gemm,elapsed_seconds=0.085819,predicted_seconds=0.037602,time_percent_error=56.185056,nthreads=75,end_time=192115.825602,avg_power_W=175.000000,max_power_W=183.000000,avg_time_s=0.085819,released_listeners=1,
start_task=,name=lu_gemm,tick=170,start_time=192115.825669,nthreads=75,
message=tick stats,tick=170,estimated_current_power=98.081818,
end_task=,name=lu_gemm,elapsed_seconds=0.084440,predicted_seconds=0.037602,time_percent_error=55.469377,nthreads=75,end_time=192115.910846,avg_power_W=160.500000,max_power_W=164.000000,avg_time_s=0.084440,released_listeners=1,
start_task=,name=lu_gemm,tick=171,start_time=192115.910914,nthreads=75,
message=tick stats,tick=171,estimated_current_power=98.081818,
end_task=,name=lu_gemm,elapsed_seconds=0.083437,predicted_seconds=0.037602,time_percent_error=54.934076,nthreads=75,end_time=192115.995018,avg_power_W=168.000000,max_power_W=168.000000,avg_time_s=0.083437,released_listeners=1,
start_task=,name=lu_gemm,tick=172,start_time=192115.995092,nthreads=75,
message=tick stats,tick=172,estimated_current_power=98.081818,
end_task=,name=lu_gemm,elapsed_seconds=0.084442,predicted_seconds=0.037602,time_percent_error=55.470542,nthreads=75,end_time=192116.080312,avg_power_W=166.000000,max_power_W=176.000000,avg_time_s=0.084442,released_listeners=0,
start_task=,name=getrfprofile,tick=173,start_time=192116.080377,nthreads=75,
message=tick stats,tick=173,estimated_current_power=0.000000,
end_task=,name=getrfprofile,elapsed_seconds=0.642897,predicted_seconds=0.000000,time_percent_error=100.000000,nthreads=75,end_time=192116.723961,avg_power_W=164.461538,max_power_W=167.000000,avg_time_s=0.160724,released_listeners=1,
start_task=,name=getrf,tick=174,start_time=192116.724026,nthreads=75,
message=tick stats,tick=174,estimated_current_power=76.433333,
end_task=,name=getrf,elapsed_seconds=0.162739,predicted_seconds=0.197358,time_percent_error=21.272586,nthreads=75,end_time=192116.887448,avg_power_W=161.666667,max_power_W=166.000000,avg_time_s=0.162739,released_listeners=2,
start_task=,name=trsm_leftprofile,tick=175,start_time=192116.887515,nthreads=75,
message=tick stats,tick=175,estimated_current_power=0.000000,
end_task=,name=trsm_leftprofile,elapsed_seconds=0.571834,predicted_seconds=0.000000,time_percent_error=100.000000,nthreads=75,end_time=192117.460408,avg_power_W=168.166667,max_power_W=176.000000,avg_time_s=0.051985,released_listeners=1,
start_task=,name=trsm_rightprofile,tick=176,start_time=192117.460477,nthreads=75,
message=tick stats,tick=176,estimated_current_power=0.000000,
end_task=,name=trsm_rightprofile,elapsed_seconds=0.551704,predicted_seconds=0.000000,time_percent_error=100.000000,nthreads=75,end_time=192118.012833,avg_power_W=171.727273,max_power_W=179.000000,avg_time_s=0.042439,released_listeners=1,
start_task=,name=trsm_left,tick=177,start_time=192118.012900,nthreads=75,
message=tick stats,tick=177,estimated_current_power=85.100000,
end_task=,name=trsm_left,elapsed_seconds=0.057474,predicted_seconds=0.040582,time_percent_error=29.391386,nthreads=75,end_time=192118.071083,avg_power_W=172.000000,max_power_W=172.000000,avg_time_s=0.057474,released_listeners=1,
start_task=,name=trsm_right,tick=178,start_time=192118.071154,nthreads=75,
message=tick stats,tick=178,estimated_current_power=86.966667,
end_task=,name=trsm_right,elapsed_seconds=0.056049,predicted_seconds=0.041023,time_percent_error=26.808955,nthreads=75,end_time=192118.128355,avg_power_W=157.000000,max_power_W=157.000000,avg_time_s=0.056049,released_listeners=1,
start_task=,name=lu_gemmprofile,tick=179,start_time=192118.128421,nthreads=75,
message=tick stats,tick=179,estimated_current_power=0.000000,
end_task=,name=lu_gemmprofile,elapsed_seconds=0.555873,predicted_seconds=0.000000,time_percent_error=100.000000,nthreads=75,end_time=192118.684932,avg_power_W=177.636364,max_power_W=188.000000,avg_time_s=0.039705,released_listeners=1,
start_task=,name=lu_gemm,tick=180,start_time=192118.684997,nthreads=75,
message=tick stats,tick=180,estimated_current_power=98.081818,
end_task=,name=lu_gemm,elapsed_seconds=0.089508,predicted_seconds=0.037602,time_percent_error=57.990612,nthreads=75,end_time=192118.775190,avg_power_W=176.000000,max_power_W=180.000000,avg_time_s=0.089508,released_listeners=1,
start_task=,name=getrfprofile,tick=181,start_time=192118.775263,nthreads=75,
message=tick stats,tick=181,estimated_current_power=0.000000,
end_task=,name=getrfprofile,elapsed_seconds=0.536945,predicted_seconds=0.000000,time_percent_error=100.000000,nthreads=75,end_time=192119.313867,avg_power_W=172.363636,max_power_W=176.000000,avg_time_s=0.009258,released_listeners=1,
start_task=,name=getrf,tick=182,start_time=192119.313933,nthreads=75,
message=tick stats,tick=182,estimated_current_power=76.433333,
end_task=,name=getrf,elapsed_seconds=0.048646,predicted_seconds=0.197358,time_percent_error=305.698209,nthreads=75,end_time=192119.364576,avg_power_W=172.000000,max_power_W=172.000000,avg_time_s=0.048646,released_listeners=0,
est_max_power=98.081818,
average_power_W=172.000000,
max_power_W=172.000000,
time_s=58.669427,
message=ALL DONE,
