message=cataloging configuration,max_threads=6,power_limit=inf,
start_task=,name=getrfprofile,tick=1,start_time=121014.377950,nthreads=6,
message=tick stats,tick=1,estimated_current_power=0.000000,
end_task=,name=getrfprofile,elapsed_seconds=0.924394,predicted_seconds=0.000000,time_percent_error=100.000000,nthreads=6,end_time=121015.304300,avg_power_W=102.333333,max_power_W=104.000000,avg_time_s=0.924394,released_listeners=1,
start_task=,name=getrf,tick=2,start_time=121015.304345,nthreads=6,
message=tick stats,tick=2,estimated_current_power=19.433333,
end_task=,name=getrf,elapsed_seconds=0.718554,predicted_seconds=0.420373,time_percent_error=41.497368,nthreads=6,end_time=121016.023638,avg_power_W=102.071429,max_power_W=104.000000,avg_time_s=0.718554,released_listeners=10,
start_task=,name=trsm_leftprofile,tick=3,start_time=121016.023680,nthreads=6,
message=tick stats,tick=3,estimated_current_power=0.000000,
end_task=,name=trsm_leftprofile,elapsed_seconds=0.542622,predicted_seconds=0.000000,time_percent_error=100.000000,nthreads=6,end_time=121016.566938,avg_power_W=106.181818,max_power_W=108.000000,avg_time_s=0.180874,released_listeners=1,
start_task=,name=trsm_rightprofile,tick=4,start_time=121016.566977,nthreads=6,
message=tick stats,tick=4,estimated_current_power=0.000000,
end_task=,name=trsm_rightprofile,elapsed_seconds=0.518966,predicted_seconds=0.000000,time_percent_error=100.000000,nthreads=6,end_time=121017.094359,avg_power_W=107.727273,max_power_W=109.000000,avg_time_s=0.172989,released_listeners=1,
start_task=,name=trsm_leftprofile,tick=5,start_time=121017.094401,nthreads=6,
message=tick stats,tick=5,estimated_current_power=0.000000,
end_task=,name=trsm_leftprofile,elapsed_seconds=0.537663,predicted_seconds=0.000000,time_percent_error=100.000000,nthreads=6,end_time=121017.644293,avg_power_W=106.909091,max_power_W=109.000000,avg_time_s=0.179221,released_listeners=1,
start_task=,name=trsm_leftprofile,tick=6,start_time=121017.644335,nthreads=6,
message=tick stats,tick=6,estimated_current_power=0.000000,
end_task=,name=trsm_leftprofile,elapsed_seconds=0.537897,predicted_seconds=0.000000,time_percent_error=100.000000,nthreads=6,end_time=121018.194194,avg_power_W=107.727273,max_power_W=108.000000,avg_time_s=0.179299,released_listeners=1,
start_task=,name=trsm_rightprofile,tick=7,start_time=121018.194236,nthreads=6,
message=tick stats,tick=7,estimated_current_power=0.000000,
end_task=,name=trsm_rightprofile,elapsed_seconds=0.514932,predicted_seconds=0.000000,time_percent_error=100.000000,nthreads=6,end_time=121018.709782,avg_power_W=107.400000,max_power_W=109.000000,avg_time_s=0.171644,released_listeners=1,
start_task=,name=trsm_leftprofile,tick=8,start_time=121018.709837,nthreads=6,
message=tick stats,tick=8,estimated_current_power=0.000000,
end_task=,name=trsm_leftprofile,elapsed_seconds=0.536547,predicted_seconds=0.000000,time_percent_error=100.000000,nthreads=6,end_time=121019.248190,avg_power_W=107.818182,max_power_W=109.000000,avg_time_s=0.178849,released_listeners=1,
start_task=,name=trsm_rightprofile,tick=9,start_time=121019.248256,nthreads=6,
message=tick stats,tick=9,estimated_current_power=0.000000,
end_task=,name=trsm_rightprofile,elapsed_seconds=0.518657,predicted_seconds=0.000000,time_percent_error=100.000000,nthreads=6,end_time=121019.767619,avg_power_W=107.700000,max_power_W=109.000000,avg_time_s=0.172886,released_listeners=1,
start_task=,name=trsm_leftprofile,tick=10,start_time=121019.767660,nthreads=6,
message=tick stats,tick=10,estimated_current_power=0.000000,
end_task=,name=trsm_leftprofile,elapsed_seconds=0.536345,predicted_seconds=0.000000,time_percent_error=100.000000,nthreads=6,end_time=121020.304794,avg_power_W=107.454545,max_power_W=108.000000,avg_time_s=0.178782,released_listeners=1,
start_task=,name=trsm_rightprofile,tick=11,start_time=121020.304833,nthreads=6,
message=tick stats,tick=11,estimated_current_power=0.000000,
end_task=,name=trsm_rightprofile,elapsed_seconds=0.517937,predicted_seconds=0.000000,time_percent_error=100.000000,nthreads=6,end_time=121020.823434,avg_power_W=107.400000,max_power_W=108.000000,avg_time_s=0.172646,released_listeners=1,
start_task=,name=trsm_rightprofile,tick=12,start_time=121020.823481,nthreads=6,
message=tick stats,tick=12,estimated_current_power=0.000000,
end_task=,name=trsm_rightprofile,elapsed_seconds=0.515743,predicted_seconds=0.000000,time_percent_error=100.000000,nthreads=6,end_time=121021.344053,avg_power_W=107.909091,max_power_W=109.000000,avg_time_s=0.171914,released_listeners=1,
start_task=,name=trsm_left,tick=13,start_time=121021.344096,nthreads=6,
message=tick stats,tick=13,estimated_current_power=21.833333,
end_task=,name=trsm_left,elapsed_seconds=0.157571,predicted_seconds=0.111642,time_percent_error=29.148243,nthreads=6,end_time=121021.503147,avg_power_W=107.000000,max_power_W=108.000000,avg_time_s=0.157571,released_listeners=5,
start_task=,name=trsm_right,tick=14,start_time=121021.503196,nthreads=6,
message=tick stats,tick=14,estimated_current_power=21.766667,
end_task=,name=trsm_right,elapsed_seconds=0.151163,predicted_seconds=0.106841,time_percent_error=29.320479,nthreads=6,end_time=121021.655060,avg_power_W=107.333333,max_power_W=108.000000,avg_time_s=0.151163,released_listeners=5,
start_task=,name=trsm_left,tick=15,start_time=121021.655102,nthreads=6,
message=tick stats,tick=15,estimated_current_power=21.833333,
end_task=,name=trsm_left,elapsed_seconds=0.158501,predicted_seconds=0.111642,time_percent_error=29.564002,nthreads=6,end_time=121021.814300,avg_power_W=107.666667,max_power_W=108.000000,avg_time_s=0.158501,released_listeners=5,
start_task=,name=trsm_left,tick=16,start_time=121021.814341,nthreads=6,
message=tick stats,tick=16,estimated_current_power=21.833333,
end_task=,name=trsm_left,elapsed_seconds=0.160711,predicted_seconds=0.111642,time_percent_error=30.532657,nthreads=6,end_time=121021.975779,avg_power_W=108.333333,max_power_W=109.000000,avg_time_s=0.160711,released_listeners=5,
start_task=,name=trsm_right,tick=17,start_time=121021.975821,nthreads=6,
message=tick stats,tick=17,estimated_current_power=21.766667,
end_task=,name=trsm_right,elapsed_seconds=0.149336,predicted_seconds=0.106841,time_percent_error=28.455973,nthreads=6,end_time=121022.125834,avg_power_W=107.666667,max_power_W=109.000000,avg_time_s=0.149336,released_listeners=5,
start_task=,name=trsm_left,tick=18,start_time=121022.125875,nthreads=6,
message=tick stats,tick=18,estimated_current_power=21.833333,
end_task=,name=trsm_left,elapsed_seconds=0.158828,predicted_seconds=0.111642,time_percent_error=29.708863,nthreads=6,end_time=121022.294466,avg_power_W=107.500000,max_power_W=108.000000,avg_time_s=0.158828,released_listeners=5,
start_task=,name=trsm_right,tick=19,start_time=121022.294510,nthreads=6,
message=tick stats,tick=19,estimated_current_power=21.766667,
end_task=,name=trsm_right,elapsed_seconds=0.148003,predicted_seconds=0.106841,time_percent_error=27.811488,nthreads=6,end_time=121022.445319,avg_power_W=106.666667,max_power_W=108.000000,avg_time_s=0.148003,released_listeners=5,
start_task=,name=trsm_left,tick=20,start_time=121022.445359,nthreads=6,
message=tick stats,tick=20,estimated_current_power=21.833333,
end_task=,name=trsm_left,elapsed_seconds=0.159057,predicted_seconds=0.111642,time_percent_error=29.810085,nthreads=6,end_time=121022.605292,avg_power_W=107.666667,max_power_W=108.000000,avg_time_s=0.159057,released_listeners=5,
start_task=,name=trsm_right,tick=21,start_time=121022.605333,nthreads=6,
message=tick stats,tick=21,estimated_current_power=21.766667,
end_task=,name=trsm_right,elapsed_seconds=0.149746,predicted_seconds=0.106841,time_percent_error=28.652019,nthreads=6,end_time=121022.756147,avg_power_W=107.333333,max_power_W=108.000000,avg_time_s=0.149746,released_listeners=5,
start_task=,name=trsm_right,tick=22,start_time=121022.756194,nthreads=6,
message=tick stats,tick=22,estimated_current_power=21.766667,
end_task=,name=trsm_right,elapsed_seconds=0.149776,predicted_seconds=0.106841,time_percent_error=28.665970,nthreads=6,end_time=121022.906649,avg_power_W=108.000000,max_power_W=108.000000,avg_time_s=0.149776,released_listeners=5,
start_task=,name=lu_gemmprofile,tick=23,start_time=121022.906689,nthreads=6,
message=tick stats,tick=23,estimated_current_power=0.000000,
end_task=,name=lu_gemmprofile,elapsed_seconds=0.652098,predicted_seconds=0.000000,time_percent_error=100.000000,nthreads=6,end_time=121023.559542,avg_power_W=107.461538,max_power_W=109.000000,avg_time_s=0.326049,released_listeners=1,
start_task=,name=lu_gemmprofile,tick=24,start_time=121023.559581,nthreads=6,
message=tick stats,tick=24,estimated_current_power=0.000000,
end_task=,name=lu_gemmprofile,elapsed_seconds=0.650450,predicted_seconds=0.000000,time_percent_error=100.000000,nthreads=6,end_time=121024.210771,avg_power_W=107.692308,max_power_W=108.000000,avg_time_s=0.325225,released_listeners=1,
start_task=,name=lu_gemmprofile,tick=25,start_time=121024.210810,nthreads=6,
message=tick stats,tick=25,estimated_current_power=0.000000,
end_task=,name=lu_gemmprofile,elapsed_seconds=0.650412,predicted_seconds=0.000000,time_percent_error=100.000000,nthreads=6,end_time=121024.861916,avg_power_W=107.384615,max_power_W=108.000000,avg_time_s=0.325206,released_listeners=1,
start_task=,name=lu_gemmprofile,tick=26,start_time=121024.861957,nthreads=6,
message=tick stats,tick=26,estimated_current_power=0.000000,
end_task=,name=lu_gemmprofile,elapsed_seconds=0.646881,predicted_seconds=0.000000,time_percent_error=100.000000,nthreads=6,end_time=121025.509682,avg_power_W=107.461538,max_power_W=108.000000,avg_time_s=0.323441,released_listeners=1,
start_task=,name=lu_gemmprofile,tick=27,start_time=121025.509723,nthreads=6,
message=tick stats,tick=27,estimated_current_power=0.000000,
end_task=,name=lu_gemmprofile,elapsed_seconds=0.646716,predicted_seconds=0.000000,time_percent_error=100.000000,nthreads=6,end_time=121026.157076,avg_power_W=107.538462,max_power_W=110.000000,avg_time_s=0.323358,released_listeners=1,
start_task=,name=lu_gemmprofile,tick=28,start_time=121026.157115,nthreads=6,
message=tick stats,tick=28,estimated_current_power=0.000000,
end_task=,name=lu_gemmprofile,elapsed_seconds=0.647173,predicted_seconds=0.000000,time_percent_error=100.000000,nthreads=6,end_time=121026.805222,avg_power_W=107.923077,max_power_W=110.000000,avg_time_s=0.323586,released_listeners=1,
start_task=,name=lu_gemmprofile,tick=29,start_time=121026.805262,nthreads=6,
message=tick stats,tick=29,estimated_current_power=0.000000,
end_task=,name=lu_gemmprofile,elapsed_seconds=0.645114,predicted_seconds=0.000000,time_percent_error=100.000000,nthreads=6,end_time=121027.452177,avg_power_W=107.692308,max_power_W=108.000000,avg_time_s=0.322557,released_listeners=1,
start_task=,name=lu_gemmprofile,tick=30,start_time=121027.452251,nthreads=6,
message=tick stats,tick=30,estimated_current_power=0.000000,
end_task=,name=lu_gemmprofile,elapsed_seconds=0.647872,predicted_seconds=0.000000,time_percent_error=100.000000,nthreads=6,end_time=121028.100845,avg_power_W=107.307692,max_power_W=108.000000,avg_time_s=0.323936,released_listeners=1,
start_task=,name=lu_gemmprofile,tick=31,start_time=121028.100884,nthreads=6,
message=tick stats,tick=31,estimated_current_power=0.000000,
end_task=,name=lu_gemmprofile,elapsed_seconds=0.652670,predicted_seconds=0.000000,time_percent_error=100.000000,nthreads=6,end_time=121028.754722,avg_power_W=107.692308,max_power_W=110.000000,avg_time_s=0.326335,released_listeners=1,
start_task=,name=lu_gemmprofile,tick=32,start_time=121028.754762,nthreads=6,
message=tick stats,tick=32,estimated_current_power=0.000000,
end_task=,name=lu_gemmprofile,elapsed_seconds=0.650123,predicted_seconds=0.000000,time_percent_error=100.000000,nthreads=6,end_time=121029.405932,avg_power_W=107.461538,max_power_W=108.000000,avg_time_s=0.325061,released_listeners=1,
start_task=,name=lu_gemmprofile,tick=33,start_time=121029.405971,nthreads=6,
message=tick stats,tick=33,estimated_current_power=0.000000,
end_task=,name=lu_gemmprofile,elapsed_seconds=0.652030,predicted_seconds=0.000000,time_percent_error=100.000000,nthreads=6,end_time=121030.058718,avg_power_W=107.461538,max_power_W=109.000000,avg_time_s=0.326015,released_listeners=1,
start_task=,name=lu_gemmprofile,tick=34,start_time=121030.058758,nthreads=6,
message=tick stats,tick=34,estimated_current_power=0.000000,
end_task=,name=lu_gemmprofile,elapsed_seconds=0.654387,predicted_seconds=0.000000,time_percent_error=100.000000,nthreads=6,end_time=121030.713935,avg_power_W=107.846154,max_power_W=109.000000,avg_time_s=0.327193,released_listeners=1,
start_task=,name=lu_gemmprofile,tick=35,start_time=121030.713976,nthreads=6,
message=tick stats,tick=35,estimated_current_power=0.000000,
end_task=,name=lu_gemmprofile,elapsed_seconds=0.644132,predicted_seconds=0.000000,time_percent_error=100.000000,nthreads=6,end_time=121031.358775,avg_power_W=107.769231,max_power_W=109.000000,avg_time_s=0.322066,released_listeners=1,
start_task=,name=lu_gemmprofile,tick=36,start_time=121031.358815,nthreads=6,
message=tick stats,tick=36,estimated_current_power=0.000000,
end_task=,name=lu_gemmprofile,elapsed_seconds=0.654129,predicted_seconds=0.000000,time_percent_error=100.000000,nthreads=6,end_time=121032.013756,avg_power_W=107.769231,max_power_W=109.000000,avg_time_s=0.327064,released_listeners=1,
start_task=,name=lu_gemmprofile,tick=37,start_time=121032.013795,nthreads=6,
message=tick stats,tick=37,estimated_current_power=0.000000,
end_task=,name=lu_gemmprofile,elapsed_seconds=0.649357,predicted_seconds=0.000000,time_percent_error=100.000000,nthreads=6,end_time=121032.663856,avg_power_W=107.769231,max_power_W=108.000000,avg_time_s=0.324678,released_listeners=1,
start_task=,name=lu_gemmprofile,tick=38,start_time=121032.663895,nthreads=6,
message=tick stats,tick=38,estimated_current_power=0.000000,
end_task=,name=lu_gemmprofile,elapsed_seconds=0.652501,predicted_seconds=0.000000,time_percent_error=100.000000,nthreads=6,end_time=121033.317036,avg_power_W=107.769231,max_power_W=108.000000,avg_time_s=0.326250,released_listeners=1,
start_task=,name=lu_gemmprofile,tick=39,start_time=121033.317075,nthreads=6,
message=tick stats,tick=39,estimated_current_power=0.000000,
end_task=,name=lu_gemmprofile,elapsed_seconds=0.657234,predicted_seconds=0.000000,time_percent_error=100.000000,nthreads=6,end_time=121033.975103,avg_power_W=107.923077,max_power_W=109.000000,avg_time_s=0.328617,released_listeners=1,
start_task=,name=lu_gemmprofile,tick=40,start_time=121033.975146,nthreads=6,
message=tick stats,tick=40,estimated_current_power=0.000000,
end_task=,name=lu_gemmprofile,elapsed_seconds=0.717902,predicted_seconds=0.000000,time_percent_error=100.000000,nthreads=6,end_time=121034.694832,avg_power_W=107.333333,max_power_W=110.000000,avg_time_s=0.358951,released_listeners=1,
start_task=,name=lu_gemmprofile,tick=41,start_time=121034.694871,nthreads=6,
message=tick stats,tick=41,estimated_current_power=0.000000,
end_task=,name=lu_gemmprofile,elapsed_seconds=0.653574,predicted_seconds=0.000000,time_percent_error=100.000000,nthreads=6,end_time=121035.349124,avg_power_W=107.384615,max_power_W=108.000000,avg_time_s=0.326787,released_listeners=1,
start_task=,name=lu_gemmprofile,tick=42,start_time=121035.349170,nthreads=6,
message=tick stats,tick=42,estimated_current_power=0.000000,
end_task=,name=lu_gemmprofile,elapsed_seconds=0.663316,predicted_seconds=0.000000,time_percent_error=100.000000,nthreads=6,end_time=121036.013319,avg_power_W=107.923077,max_power_W=109.000000,avg_time_s=0.331658,released_listeners=1,
start_task=,name=lu_gemmprofile,tick=43,start_time=121036.013361,nthreads=6,
message=tick stats,tick=43,estimated_current_power=0.000000,
end_task=,name=lu_gemmprofile,elapsed_seconds=0.652639,predicted_seconds=0.000000,time_percent_error=100.000000,nthreads=6,end_time=121036.666716,avg_power_W=107.538462,max_power_W=108.000000,avg_time_s=0.326320,released_listeners=1,
start_task=,name=lu_gemmprofile,tick=44,start_time=121036.666758,nthreads=6,
message=tick stats,tick=44,estimated_current_power=0.000000,
end_task=,name=lu_gemmprofile,elapsed_seconds=0.657157,predicted_seconds=0.000000,time_percent_error=100.000000,nthreads=6,end_time=121037.324894,avg_power_W=107.615385,max_power_W=108.000000,avg_time_s=0.328579,released_listeners=1,
start_task=,name=lu_gemmprofile,tick=45,start_time=121037.324933,nthreads=6,
message=tick stats,tick=45,estimated_current_power=0.000000,
end_task=,name=lu_gemmprofile,elapsed_seconds=0.669202,predicted_seconds=0.000000,time_percent_error=100.000000,nthreads=6,end_time=121037.995834,avg_power_W=107.785714,max_power_W=109.000000,avg_time_s=0.334601,released_listeners=1,
start_task=,name=lu_gemmprofile,tick=46,start_time=121037.995873,nthreads=6,
message=tick stats,tick=46,estimated_current_power=0.000000,
end_task=,name=lu_gemmprofile,elapsed_seconds=0.657012,predicted_seconds=0.000000,time_percent_error=100.000000,nthreads=6,end_time=121038.653661,avg_power_W=107.461538,max_power_W=108.000000,avg_time_s=0.328506,released_listeners=1,
start_task=,name=lu_gemmprofile,tick=47,start_time=121038.653700,nthreads=6,
message=tick stats,tick=47,estimated_current_power=0.000000,
end_task=,name=lu_gemmprofile,elapsed_seconds=0.657465,predicted_seconds=0.000000,time_percent_error=100.000000,nthreads=6,end_time=121039.311969,avg_power_W=107.692308,max_power_W=108.000000,avg_time_s=0.328733,released_listeners=1,
start_task=,name=lu_gemm,tick=48,start_time=121039.312008,nthreads=6,
message=tick stats,tick=48,estimated_current_power=22.609091,
end_task=,name=lu_gemm,elapsed_seconds=0.328579,predicted_seconds=0.191546,time_percent_error=41.704713,nthreads=6,end_time=121039.644264,avg_power_W=107.571429,max_power_W=108.000000,avg_time_s=0.328579,released_listeners=1,
start_task=,name=lu_gemm,tick=49,start_time=121039.644303,nthreads=6,
message=tick stats,tick=49,estimated_current_power=22.609091,
end_task=,name=lu_gemm,elapsed_seconds=0.335633,predicted_seconds=0.191546,time_percent_error=42.929996,nthreads=6,end_time=121039.994037,avg_power_W=107.857143,max_power_W=108.000000,avg_time_s=0.335633,released_listeners=0,
start_task=,name=lu_gemm,tick=50,start_time=121039.994079,nthreads=6,
message=tick stats,tick=50,estimated_current_power=22.609091,
end_task=,name=lu_gemm,elapsed_seconds=0.335314,predicted_seconds=0.191546,time_percent_error=42.875689,nthreads=6,end_time=121040.343975,avg_power_W=107.142857,max_power_W=108.000000,avg_time_s=0.335314,released_listeners=0,
start_task=,name=lu_gemm,tick=51,start_time=121040.344017,nthreads=6,
message=tick stats,tick=51,estimated_current_power=22.609091,
end_task=,name=lu_gemm,elapsed_seconds=0.333062,predicted_seconds=0.191546,time_percent_error=42.489439,nthreads=6,end_time=121040.693796,avg_power_W=107.000000,max_power_W=108.000000,avg_time_s=0.333062,released_listeners=1,
start_task=,name=lu_gemm,tick=52,start_time=121040.693838,nthreads=6,
message=tick stats,tick=52,estimated_current_power=22.609091,
end_task=,name=lu_gemm,elapsed_seconds=0.335613,predicted_seconds=0.191546,time_percent_error=42.926630,nthreads=6,end_time=121041.044526,avg_power_W=108.142857,max_power_W=109.000000,avg_time_s=0.335613,released_listeners=0,
start_task=,name=lu_gemm,tick=53,start_time=121041.044568,nthreads=6,
message=tick stats,tick=53,estimated_current_power=22.609091,
end_task=,name=lu_gemm,elapsed_seconds=0.335014,predicted_seconds=0.191546,time_percent_error=42.824522,nthreads=6,end_time=121041.394490,avg_power_W=106.714286,max_power_W=108.000000,avg_time_s=0.335014,released_listeners=0,
start_task=,name=lu_gemm,tick=54,start_time=121041.394532,nthreads=6,
message=tick stats,tick=54,estimated_current_power=22.609091,
end_task=,name=lu_gemm,elapsed_seconds=0.334352,predicted_seconds=0.191546,time_percent_error=42.711318,nthreads=6,end_time=121041.744243,avg_power_W=106.285714,max_power_W=107.000000,avg_time_s=0.334352,released_listeners=0,
start_task=,name=lu_gemm,tick=55,start_time=121041.744287,nthreads=6,
message=tick stats,tick=55,estimated_current_power=22.609091,
end_task=,name=lu_gemm,elapsed_seconds=0.334631,predicted_seconds=0.191546,time_percent_error=42.759069,nthreads=6,end_time=121042.094584,avg_power_W=107.000000,max_power_W=108.000000,avg_time_s=0.334631,released_listeners=0,
start_task=,name=lu_gemm,tick=56,start_time=121042.094626,nthreads=6,
message=tick stats,tick=56,estimated_current_power=22.609091,
end_task=,name=lu_gemm,elapsed_seconds=0.329013,predicted_seconds=0.191546,time_percent_error=41.781596,nthreads=6,end_time=121042.424524,avg_power_W=106.333333,max_power_W=107.000000,avg_time_s=0.329013,released_listeners=1,
start_task=,name=lu_gemm,tick=57,start_time=121042.424569,nthreads=6,
message=tick stats,tick=57,estimated_current_power=22.609091,
end_task=,name=lu_gemm,elapsed_seconds=0.330999,predicted_seconds=0.191546,time_percent_error=42.130966,nthreads=6,end_time=121042.756245,avg_power_W=107.428571,max_power_W=108.000000,avg_time_s=0.330999,released_listeners=1,
start_task=,name=lu_gemm,tick=58,start_time=121042.756286,nthreads=6,
message=tick stats,tick=58,estimated_current_power=22.609091,
end_task=,name=lu_gemm,elapsed_seconds=0.345557,predicted_seconds=0.191546,time_percent_error=44.568964,nthreads=6,end_time=121043.102677,avg_power_W=106.857143,max_power_W=108.000000,avg_time_s=0.345557,released_listeners=1,
start_task=,name=lu_gemm,tick=59,start_time=121043.102717,nthreads=6,
message=tick stats,tick=59,estimated_current_power=22.609091,
end_task=,name=lu_gemm,elapsed_seconds=0.338120,predicted_seconds=0.191546,time_percent_error=43.349765,nthreads=6,end_time=121043.443318,avg_power_W=106.714286,max_power_W=107.000000,avg_time_s=0.338120,released_listeners=1,
start_task=,name=lu_gemm,tick=60,start_time=121043.443357,nthreads=6,
message=tick stats,tick=60,estimated_current_power=22.609091,
end_task=,name=lu_gemm,elapsed_seconds=0.352562,predicted_seconds=0.191546,time_percent_error=45.670347,nthreads=6,end_time=121043.796835,avg_power_W=106.857143,max_power_W=107.000000,avg_time_s=0.352562,released_listeners=1,
start_task=,name=lu_gemm,tick=61,start_time=121043.796874,nthreads=6,
message=tick stats,tick=61,estimated_current_power=22.609091,
end_task=,name=lu_gemm,elapsed_seconds=0.353854,predicted_seconds=0.191546,time_percent_error=45.868661,nthreads=6,end_time=121044.151499,avg_power_W=107.285714,max_power_W=108.000000,avg_time_s=0.353854,released_listeners=0,
start_task=,name=lu_gemm,tick=62,start_time=121044.151538,nthreads=6,
message=tick stats,tick=62,estimated_current_power=22.609091,
end_task=,name=lu_gemm,elapsed_seconds=0.331669,predicted_seconds=0.191546,time_percent_error=42.247793,nthreads=6,end_time=121044.493398,avg_power_W=106.142857,max_power_W=107.000000,avg_time_s=0.331669,released_listeners=0,
start_task=,name=lu_gemm,tick=63,start_time=121044.493440,nthreads=6,
message=tick stats,tick=63,estimated_current_power=22.609091,
end_task=,name=lu_gemm,elapsed_seconds=0.318425,predicted_seconds=0.191546,time_percent_error=39.845744,nthreads=6,end_time=121044.812596,avg_power_W=107.166667,max_power_W=108.000000,avg_time_s=0.318425,released_listeners=1,
start_task=,name=lu_gemm,tick=64,start_time=121044.812635,nthreads=6,
message=tick stats,tick=64,estimated_current_power=22.609091,
end_task=,name=lu_gemm,elapsed_seconds=0.327296,predicted_seconds=0.191546,time_percent_error=41.476302,nthreads=6,end_time=121045.143273,avg_power_W=107.714286,max_power_W=108.000000,avg_time_s=0.327296,released_listeners=0,
start_task=,name=lu_gemm,tick=65,start_time=121045.143311,nthreads=6,
message=tick stats,tick=65,estimated_current_power=22.609091,
end_task=,name=lu_gemm,elapsed_seconds=0.323579,predicted_seconds=0.191546,time_percent_error=40.803966,nthreads=6,end_time=121045.467718,avg_power_W=107.333333,max_power_W=108.000000,avg_time_s=0.323579,released_listeners=0,
start_task=,name=lu_gemm,tick=66,start_time=121045.467757,nthreads=6,
message=tick stats,tick=66,estimated_current_power=22.609091,
end_task=,name=lu_gemm,elapsed_seconds=0.327353,predicted_seconds=0.191546,time_percent_error=41.486500,nthreads=6,end_time=121045.795767,avg_power_W=107.857143,max_power_W=108.000000,avg_time_s=0.327353,released_listeners=0,
start_task=,name=lu_gemm,tick=67,start_time=121045.795809,nthreads=6,
message=tick stats,tick=67,estimated_current_power=22.609091,
end_task=,name=lu_gemm,elapsed_seconds=0.329143,predicted_seconds=0.191546,time_percent_error=41.804735,nthreads=6,end_time=121046.125665,avg_power_W=107.333333,max_power_W=108.000000,avg_time_s=0.329143,released_listeners=0,
start_task=,name=lu_gemm,tick=68,start_time=121046.125710,nthreads=6,
message=tick stats,tick=68,estimated_current_power=22.609091,
end_task=,name=lu_gemm,elapsed_seconds=0.327919,predicted_seconds=0.191546,time_percent_error=41.587414,nthreads=6,end_time=121046.454506,avg_power_W=107.285714,max_power_W=108.000000,avg_time_s=0.327919,released_listeners=1,
start_task=,name=lu_gemm,tick=69,start_time=121046.454546,nthreads=6,
message=tick stats,tick=69,estimated_current_power=22.609091,
end_task=,name=lu_gemm,elapsed_seconds=0.328518,predicted_seconds=0.191546,time_percent_error=41.693991,nthreads=6,end_time=121046.793443,avg_power_W=107.571429,max_power_W=108.000000,avg_time_s=0.328518,released_listeners=0,
start_task=,name=lu_gemm,tick=70,start_time=121046.793488,nthreads=6,
message=tick stats,tick=70,estimated_current_power=22.609091,
end_task=,name=lu_gemm,elapsed_seconds=0.331667,predicted_seconds=0.191546,time_percent_error=42.247531,nthreads=6,end_time=121047.125868,avg_power_W=107.500000,max_power_W=108.000000,avg_time_s=0.331667,released_listeners=0,
start_task=,name=lu_gemm,tick=71,start_time=121047.125909,nthreads=6,
message=tick stats,tick=71,estimated_current_power=22.609091,
end_task=,name=lu_gemm,elapsed_seconds=0.325458,predicted_seconds=0.191546,time_percent_error=41.145761,nthreads=6,end_time=121047.452163,avg_power_W=107.571429,max_power_W=108.000000,avg_time_s=0.325458,released_listeners=0,
start_task=,name=lu_gemm,tick=72,start_time=121047.452225,nthreads=6,
message=tick stats,tick=72,estimated_current_power=22.609091,
end_task=,name=lu_gemm,elapsed_seconds=0.320546,predicted_seconds=0.191546,time_percent_error=40.243874,nthreads=6,end_time=121047.773503,avg_power_W=107.500000,max_power_W=108.000000,avg_time_s=0.320546,released_listeners=0,
start_task=,name=getrfprofile,tick=73,start_time=121047.773543,nthreads=6,
message=tick stats,tick=73,estimated_current_power=0.000000,
end_task=,name=getrfprofile,elapsed_seconds=0.669397,predicted_seconds=0.000000,time_percent_error=100.000000,nthreads=6,end_time=121048.443696,avg_power_W=104.785714,max_power_W=108.000000,avg_time_s=0.669397,released_listeners=1,
start_task=,name=getrf,tick=74,start_time=121048.443740,nthreads=6,
message=tick stats,tick=74,estimated_current_power=19.433333,
end_task=,name=getrf,elapsed_seconds=0.680475,predicted_seconds=0.420373,time_percent_error=38.223638,nthreads=6,end_time=121049.124855,avg_power_W=103.769231,max_power_W=104.000000,avg_time_s=0.680475,released_listeners=8,
start_task=,name=trsm_leftprofile,tick=75,start_time=121049.124897,nthreads=6,
message=tick stats,tick=75,estimated_current_power=0.000000,
end_task=,name=trsm_leftprofile,elapsed_seconds=0.538938,predicted_seconds=0.000000,time_percent_error=100.000000,nthreads=6,end_time=121049.664607,avg_power_W=106.818182,max_power_W=108.000000,avg_time_s=0.179646,released_listeners=1,
start_task=,name=trsm_rightprofile,tick=76,start_time=121049.664647,nthreads=6,
message=tick stats,tick=76,estimated_current_power=0.000000,
end_task=,name=trsm_rightprofile,elapsed_seconds=0.511586,predicted_seconds=0.000000,time_percent_error=100.000000,nthreads=6,end_time=121050.176866,avg_power_W=108.100000,max_power_W=110.000000,avg_time_s=0.170529,released_listeners=1,
start_task=,name=trsm_leftprofile,tick=77,start_time=121050.176906,nthreads=6,
message=tick stats,tick=77,estimated_current_power=0.000000,
end_task=,name=trsm_leftprofile,elapsed_seconds=0.539019,predicted_seconds=0.000000,time_percent_error=100.000000,nthreads=6,end_time=121050.716668,avg_power_W=107.909091,max_power_W=109.000000,avg_time_s=0.179673,released_listeners=1,
start_task=,name=trsm_rightprofile,tick=78,start_time=121050.716709,nthreads=6,
message=tick stats,tick=78,estimated_current_power=0.000000,
end_task=,name=trsm_rightprofile,elapsed_seconds=0.510813,predicted_seconds=0.000000,time_percent_error=100.000000,nthreads=6,end_time=121051.244421,avg_power_W=108.000000,max_power_W=110.000000,avg_time_s=0.170271,released_listeners=1,
start_task=,name=trsm_leftprofile,tick=79,start_time=121051.244464,nthreads=6,
message=tick stats,tick=79,estimated_current_power=0.000000,
end_task=,name=trsm_leftprofile,elapsed_seconds=0.540997,predicted_seconds=0.000000,time_percent_error=100.000000,nthreads=6,end_time=121051.794149,avg_power_W=107.545455,max_power_W=108.000000,avg_time_s=0.180332,released_listeners=1,
start_task=,name=trsm_rightprofile,tick=80,start_time=121051.794192,nthreads=6,
message=tick stats,tick=80,estimated_current_power=0.000000,
end_task=,name=trsm_rightprofile,elapsed_seconds=0.508085,predicted_seconds=0.000000,time_percent_error=100.000000,nthreads=6,end_time=121052.303706,avg_power_W=107.800000,max_power_W=109.000000,avg_time_s=0.169362,released_listeners=1,
start_task=,name=trsm_leftprofile,tick=81,start_time=121052.303747,nthreads=6,
message=tick stats,tick=81,estimated_current_power=0.000000,
end_task=,name=trsm_leftprofile,elapsed_seconds=0.541481,predicted_seconds=0.000000,time_percent_error=100.000000,nthreads=6,end_time=121052.846287,avg_power_W=107.636364,max_power_W=108.000000,avg_time_s=0.180494,released_listeners=1,
start_task=,name=trsm_rightprofile,tick=82,start_time=121052.846328,nthreads=6,
message=tick stats,tick=82,estimated_current_power=0.000000,
end_task=,name=trsm_rightprofile,elapsed_seconds=0.513683,predicted_seconds=0.000000,time_percent_error=100.000000,nthreads=6,end_time=121053.361409,avg_power_W=108.300000,max_power_W=109.000000,avg_time_s=0.171228,released_listeners=1,
start_task=,name=trsm_left,tick=83,start_time=121053.361449,nthreads=6,
message=tick stats,tick=83,estimated_current_power=21.833333,
end_task=,name=trsm_left,elapsed_seconds=0.161974,predicted_seconds=0.111642,time_percent_error=31.074172,nthreads=6,end_time=121053.524544,avg_power_W=107.666667,max_power_W=108.000000,avg_time_s=0.161974,released_listeners=4,
start_task=,name=trsm_right,tick=84,start_time=121053.524585,nthreads=6,
message=tick stats,tick=84,estimated_current_power=21.766667,
end_task=,name=trsm_right,elapsed_seconds=0.154653,predicted_seconds=0.106841,time_percent_error=30.915794,nthreads=6,end_time=121053.694237,avg_power_W=107.500000,max_power_W=108.000000,avg_time_s=0.154653,released_listeners=4,
start_task=,name=trsm_left,tick=85,start_time=121053.694281,nthreads=6,
message=tick stats,tick=85,estimated_current_power=21.833333,
end_task=,name=trsm_left,elapsed_seconds=0.161471,predicted_seconds=0.111642,time_percent_error=30.859298,nthreads=6,end_time=121053.857668,avg_power_W=106.666667,max_power_W=108.000000,avg_time_s=0.161471,released_listeners=4,
start_task=,name=trsm_right,tick=86,start_time=121053.857709,nthreads=6,
message=tick stats,tick=86,estimated_current_power=21.766667,
end_task=,name=trsm_right,elapsed_seconds=0.151749,predicted_seconds=0.106841,time_percent_error=29.593335,nthreads=6,end_time=121054.010868,avg_power_W=107.666667,max_power_W=108.000000,avg_time_s=0.151749,released_listeners=4,
start_task=,name=trsm_left,tick=87,start_time=121054.010909,nthreads=6,
message=tick stats,tick=87,estimated_current_power=21.833333,
end_task=,name=trsm_left,elapsed_seconds=0.162575,predicted_seconds=0.111642,time_percent_error=31.328831,nthreads=6,end_time=121054.174331,avg_power_W=108.000000,max_power_W=108.000000,avg_time_s=0.162575,released_listeners=4,
start_task=,name=trsm_right,tick=88,start_time=121054.174371,nthreads=6,
message=tick stats,tick=88,estimated_current_power=21.766667,
end_task=,name=trsm_right,elapsed_seconds=0.155512,predicted_seconds=0.106841,time_percent_error=31.297374,nthreads=6,end_time=121054.343694,avg_power_W=107.750000,max_power_W=109.000000,avg_time_s=0.155512,released_listeners=4,
start_task=,name=trsm_left,tick=89,start_time=121054.343738,nthreads=6,
message=tick stats,tick=89,estimated_current_power=21.833333,
end_task=,name=trsm_left,elapsed_seconds=0.160556,predicted_seconds=0.111642,time_percent_error=30.465543,nthreads=6,end_time=121054.505465,avg_power_W=107.333333,max_power_W=109.000000,avg_time_s=0.160556,released_listeners=4,
start_task=,name=trsm_right,tick=90,start_time=121054.505506,nthreads=6,
message=tick stats,tick=90,estimated_current_power=21.766667,
end_task=,name=trsm_right,elapsed_seconds=0.155674,predicted_seconds=0.106841,time_percent_error=31.368684,nthreads=6,end_time=121054.662087,avg_power_W=107.666667,max_power_W=108.000000,avg_time_s=0.155674,released_listeners=4,
start_task=,name=lu_gemmprofile,tick=91,start_time=121054.662133,nthreads=6,
message=tick stats,tick=91,estimated_current_power=0.000000,
end_task=,name=lu_gemmprofile,elapsed_seconds=0.652587,predicted_seconds=0.000000,time_percent_error=100.000000,nthreads=6,end_time=121055.316116,avg_power_W=107.384615,max_power_W=109.000000,avg_time_s=0.326293,released_listeners=1,
start_task=,name=lu_gemmprofile,tick=92,start_time=121055.316160,nthreads=6,
message=tick stats,tick=92,estimated_current_power=0.000000,
end_task=,name=lu_gemmprofile,elapsed_seconds=0.649553,predicted_seconds=0.000000,time_percent_error=100.000000,nthreads=6,end_time=121055.966578,avg_power_W=107.615385,max_power_W=109.000000,avg_time_s=0.324776,released_listeners=1,
start_task=,name=lu_gemmprofile,tick=93,start_time=121055.966617,nthreads=6,
message=tick stats,tick=93,estimated_current_power=0.000000,
end_task=,name=lu_gemmprofile,elapsed_seconds=0.647191,predicted_seconds=0.000000,time_percent_error=100.000000,nthreads=6,end_time=121056.614910,avg_power_W=107.923077,max_power_W=109.000000,avg_time_s=0.323595,released_listeners=1,
start_task=,name=lu_gemmprofile,tick=94,start_time=121056.614949,nthreads=6,
message=tick stats,tick=94,estimated_current_power=0.000000,
end_task=,name=lu_gemmprofile,elapsed_seconds=0.648944,predicted_seconds=0.000000,time_percent_error=100.000000,nthreads=6,end_time=121057.264658,avg_power_W=107.615385,max_power_W=109.000000,avg_time_s=0.324472,released_listeners=1,
start_task=,name=lu_gemmprofile,tick=95,start_time=121057.264697,nthreads=6,
message=tick stats,tick=95,estimated_current_power=0.000000,
end_task=,name=lu_gemmprofile,elapsed_seconds=0.648087,predicted_seconds=0.000000,time_percent_error=100.000000,nthreads=6,end_time=121057.913561,avg_power_W=107.692308,max_power_W=109.000000,avg_time_s=0.324044,released_listeners=1,
start_task=,name=lu_gemmprofile,tick=96,start_time=121057.913602,nthreads=6,
message=tick stats,tick=96,estimated_current_power=0.000000,
end_task=,name=lu_gemmprofile,elapsed_seconds=0.643552,predicted_seconds=0.000000,time_percent_error=100.000000,nthreads=6,end_time=121058.557852,avg_power_W=107.692308,max_power_W=109.000000,avg_time_s=0.321776,released_listeners=1,
start_task=,name=lu_gemmprofile,tick=97,start_time=121058.557893,nthreads=6,
message=tick stats,tick=97,estimated_current_power=0.000000,
end_task=,name=lu_gemmprofile,elapsed_seconds=0.646992,predicted_seconds=0.000000,time_percent_error=100.000000,nthreads=6,end_time=121059.205627,avg_power_W=107.692308,max_power_W=110.000000,avg_time_s=0.323496,released_listeners=1,
start_task=,name=lu_gemmprofile,tick=98,start_time=121059.205666,nthreads=6,
message=tick stats,tick=98,estimated_current_power=0.000000,
end_task=,name=lu_gemmprofile,elapsed_seconds=0.647531,predicted_seconds=0.000000,time_percent_error=100.000000,nthreads=6,end_time=121059.854409,avg_power_W=107.923077,max_power_W=109.000000,avg_time_s=0.323765,released_listeners=1,
start_task=,name=lu_gemmprofile,tick=99,start_time=121059.854447,nthreads=6,
message=tick stats,tick=99,estimated_current_power=0.000000,
end_task=,name=lu_gemmprofile,elapsed_seconds=0.647098,predicted_seconds=0.000000,time_percent_error=100.000000,nthreads=6,end_time=121060.502333,avg_power_W=107.692308,max_power_W=109.000000,avg_time_s=0.323549,released_listeners=1,
start_task=,name=lu_gemmprofile,tick=100,start_time=121060.502372,nthreads=6,
message=tick stats,tick=100,estimated_current_power=0.000000,
end_task=,name=lu_gemmprofile,elapsed_seconds=0.647038,predicted_seconds=0.000000,time_percent_error=100.000000,nthreads=6,end_time=121061.149993,avg_power_W=107.769231,max_power_W=108.000000,avg_time_s=0.323519,released_listeners=1,
start_task=,name=lu_gemmprofile,tick=101,start_time=121061.150032,nthreads=6,
message=tick stats,tick=101,estimated_current_power=0.000000,
end_task=,name=lu_gemmprofile,elapsed_seconds=0.647697,predicted_seconds=0.000000,time_percent_error=100.000000,nthreads=6,end_time=121061.799232,avg_power_W=108.076923,max_power_W=109.000000,avg_time_s=0.323848,released_listeners=1,
start_task=,name=lu_gemmprofile,tick=102,start_time=121061.799272,nthreads=6,
message=tick stats,tick=102,estimated_current_power=0.000000,
end_task=,name=lu_gemmprofile,elapsed_seconds=0.649634,predicted_seconds=0.000000,time_percent_error=100.000000,nthreads=6,end_time=121062.449604,avg_power_W=108.076923,max_power_W=109.000000,avg_time_s=0.324817,released_listeners=1,
start_task=,name=lu_gemmprofile,tick=103,start_time=121062.449643,nthreads=6,
message=tick stats,tick=103,estimated_current_power=0.000000,
end_task=,name=lu_gemmprofile,elapsed_seconds=0.649117,predicted_seconds=0.000000,time_percent_error=100.000000,nthreads=6,end_time=121063.099968,avg_power_W=107.923077,max_power_W=109.000000,avg_time_s=0.324558,released_listeners=1,
start_task=,name=lu_gemmprofile,tick=104,start_time=121063.100007,nthreads=6,
message=tick stats,tick=104,estimated_current_power=0.000000,
end_task=,name=lu_gemmprofile,elapsed_seconds=0.645909,predicted_seconds=0.000000,time_percent_error=100.000000,nthreads=6,end_time=121063.746604,avg_power_W=108.000000,max_power_W=109.000000,avg_time_s=0.322954,released_listeners=1,
start_task=,name=lu_gemmprofile,tick=105,start_time=121063.746645,nthreads=6,
message=tick stats,tick=105,estimated_current_power=0.000000,
end_task=,name=lu_gemmprofile,elapsed_seconds=0.646130,predicted_seconds=0.000000,time_percent_error=100.000000,nthreads=6,end_time=121064.393438,avg_power_W=107.769231,max_power_W=109.000000,avg_time_s=0.323065,released_listeners=1,
start_task=,name=lu_gemmprofile,tick=106,start_time=121064.393477,nthreads=6,
message=tick stats,tick=106,estimated_current_power=0.000000,
end_task=,name=lu_gemmprofile,elapsed_seconds=0.653089,predicted_seconds=0.000000,time_percent_error=100.000000,nthreads=6,end_time=121065.047432,avg_power_W=107.923077,max_power_W=110.000000,avg_time_s=0.326544,released_listeners=1,
start_task=,name=lu_gemm,tick=107,start_time=121065.047471,nthreads=6,
message=tick stats,tick=107,estimated_current_power=22.609091,
end_task=,name=lu_gemm,elapsed_seconds=0.325295,predicted_seconds=0.191546,time_percent_error=41.116255,nthreads=6,end_time=121065.373491,avg_power_W=107.666667,max_power_W=108.000000,avg_time_s=0.325295,released_listeners=1,
start_task=,name=lu_gemm,tick=108,start_time=121065.373531,nthreads=6,
message=tick stats,tick=108,estimated_current_power=22.609091,
end_task=,name=lu_gemm,elapsed_seconds=0.325597,predicted_seconds=0.191546,time_percent_error=41.170808,nthreads=6,end_time=121065.699769,avg_power_W=108.000000,max_power_W=108.000000,avg_time_s=0.325597,released_listeners=1,
start_task=,name=lu_gemm,tick=109,start_time=121065.699809,nthreads=6,
message=tick stats,tick=109,estimated_current_power=22.609091,
end_task=,name=lu_gemm,elapsed_seconds=0.325810,predicted_seconds=0.191546,time_percent_error=41.209348,nthreads=6,end_time=121066.026503,avg_power_W=107.833333,max_power_W=108.000000,avg_time_s=0.325810,released_listeners=1,
start_task=,name=lu_gemm,tick=110,start_time=121066.026543,nthreads=6,
message=tick stats,tick=110,estimated_current_power=22.609091,
end_task=,name=lu_gemm,elapsed_seconds=0.328262,predicted_seconds=0.191546,time_percent_error=41.648443,nthreads=6,end_time=121066.355470,avg_power_W=107.714286,max_power_W=108.000000,avg_time_s=0.328262,released_listeners=0,
start_task=,name=lu_gemm,tick=111,start_time=121066.355509,nthreads=6,
message=tick stats,tick=111,estimated_current_power=22.609091,
end_task=,name=lu_gemm,elapsed_seconds=0.328487,predicted_seconds=0.191546,time_percent_error=41.688358,nthreads=6,end_time=121066.693562,avg_power_W=107.714286,max_power_W=109.000000,avg_time_s=0.328487,released_listeners=1,
start_task=,name=lu_gemm,tick=112,start_time=121066.693605,nthreads=6,
message=tick stats,tick=112,estimated_current_power=22.609091,
end_task=,name=lu_gemm,elapsed_seconds=0.326113,predicted_seconds=0.191546,time_percent_error=41.264013,nthreads=6,end_time=121067.020493,avg_power_W=107.666667,max_power_W=108.000000,avg_time_s=0.326113,released_listeners=0,
start_task=,name=lu_gemm,tick=113,start_time=121067.020532,nthreads=6,
message=tick stats,tick=113,estimated_current_power=22.609091,
end_task=,name=lu_gemm,elapsed_seconds=0.332388,predicted_seconds=0.191546,time_percent_error=42.372836,nthreads=6,end_time=121067.353647,avg_power_W=107.428571,max_power_W=108.000000,avg_time_s=0.332388,released_listeners=1,
start_task=,name=lu_gemm,tick=114,start_time=121067.353687,nthreads=6,
message=tick stats,tick=114,estimated_current_power=22.609091,
end_task=,name=lu_gemm,elapsed_seconds=0.323705,predicted_seconds=0.191546,time_percent_error=40.827017,nthreads=6,end_time=121067.693677,avg_power_W=107.857143,max_power_W=109.000000,avg_time_s=0.323705,released_listeners=0,
start_task=,name=lu_gemm,tick=115,start_time=121067.693719,nthreads=6,
message=tick stats,tick=115,estimated_current_power=22.609091,
end_task=,name=lu_gemm,elapsed_seconds=0.334639,predicted_seconds=0.191546,time_percent_error=42.760438,nthreads=6,end_time=121068.043557,avg_power_W=107.285714,max_power_W=108.000000,avg_time_s=0.334639,released_listeners=0,
start_task=,name=lu_gemm,tick=116,start_time=121068.043599,nthreads=6,
message=tick stats,tick=116,estimated_current_power=22.609091,
end_task=,name=lu_gemm,elapsed_seconds=0.330822,predicted_seconds=0.191546,time_percent_error=42.099976,nthreads=6,end_time=121068.375277,avg_power_W=107.000000,max_power_W=108.000000,avg_time_s=0.330822,released_listeners=1,
start_task=,name=lu_gemm,tick=117,start_time=121068.375316,nthreads=6,
message=tick stats,tick=117,estimated_current_power=22.609091,
end_task=,name=lu_gemm,elapsed_seconds=0.327935,predicted_seconds=0.191546,time_percent_error=41.590203,nthreads=6,end_time=121068.703983,avg_power_W=107.857143,max_power_W=108.000000,avg_time_s=0.327935,released_listeners=0,
start_task=,name=lu_gemm,tick=118,start_time=121068.704021,nthreads=6,
message=tick stats,tick=118,estimated_current_power=22.609091,
end_task=,name=lu_gemm,elapsed_seconds=0.335422,predicted_seconds=0.191546,time_percent_error=42.894000,nthreads=6,end_time=121069.043457,avg_power_W=108.142857,max_power_W=109.000000,avg_time_s=0.335422,released_listeners=0,
start_task=,name=lu_gemm,tick=119,start_time=121069.043502,nthreads=6,
message=tick stats,tick=119,estimated_current_power=22.609091,
end_task=,name=lu_gemm,elapsed_seconds=0.325351,predicted_seconds=0.191546,time_percent_error=41.126306,nthreads=6,end_time=121069.369641,avg_power_W=107.666667,max_power_W=108.000000,avg_time_s=0.325351,released_listeners=1,
start_task=,name=lu_gemm,tick=120,start_time=121069.369683,nthreads=6,
message=tick stats,tick=120,estimated_current_power=22.609091,
end_task=,name=lu_gemm,elapsed_seconds=0.327343,predicted_seconds=0.191546,time_percent_error=41.484570,nthreads=6,end_time=121069.697649,avg_power_W=107.857143,max_power_W=108.000000,avg_time_s=0.327343,released_listeners=0,
start_task=,name=lu_gemm,tick=121,start_time=121069.697689,nthreads=6,
message=tick stats,tick=121,estimated_current_power=22.609091,
end_task=,name=lu_gemm,elapsed_seconds=0.330492,predicted_seconds=0.191546,time_percent_error=42.042250,nthreads=6,end_time=121070.044514,avg_power_W=107.714286,max_power_W=108.000000,avg_time_s=0.330492,released_listeners=0,
start_task=,name=lu_gemm,tick=122,start_time=121070.044556,nthreads=6,
message=tick stats,tick=122,estimated_current_power=22.609091,
end_task=,name=lu_gemm,elapsed_seconds=0.328874,predicted_seconds=0.191546,time_percent_error=41.757032,nthreads=6,end_time=121070.374187,avg_power_W=106.666667,max_power_W=108.000000,avg_time_s=0.328874,released_listeners=0,
start_task=,name=getrfprofile,tick=123,start_time=121070.374259,nthreads=6,
message=tick stats,tick=123,estimated_current_power=0.000000,
end_task=,name=getrfprofile,elapsed_seconds=0.687548,predicted_seconds=0.000000,time_percent_error=100.000000,nthreads=6,end_time=121071.063223,avg_power_W=105.000000,max_power_W=108.000000,avg_time_s=0.687548,released_listeners=1,
start_task=,name=getrf,tick=124,start_time=121071.063269,nthreads=6,
message=tick stats,tick=124,estimated_current_power=19.433333,
end_task=,name=getrf,elapsed_seconds=0.698311,predicted_seconds=0.420373,time_percent_error=39.801472,nthreads=6,end_time=121071.762968,avg_power_W=103.428571,max_power_W=104.000000,avg_time_s=0.698311,released_listeners=6,
start_task=,name=trsm_leftprofile,tick=125,start_time=121071.763008,nthreads=6,
message=tick stats,tick=125,estimated_current_power=0.000000,
end_task=,name=trsm_leftprofile,elapsed_seconds=0.537243,predicted_seconds=0.000000,time_percent_error=100.000000,nthreads=6,end_time=121072.301717,avg_power_W=106.909091,max_power_W=108.000000,avg_time_s=0.179081,released_listeners=1,
start_task=,name=trsm_rightprofile,tick=126,start_time=121072.301756,nthreads=6,
message=tick stats,tick=126,estimated_current_power=0.000000,
end_task=,name=trsm_rightprofile,elapsed_seconds=0.513362,predicted_seconds=0.000000,time_percent_error=100.000000,nthreads=6,end_time=121072.816497,avg_power_W=107.800000,max_power_W=109.000000,avg_time_s=0.171121,released_listeners=1,
start_task=,name=trsm_leftprofile,tick=127,start_time=121072.816536,nthreads=6,
message=tick stats,tick=127,estimated_current_power=0.000000,
end_task=,name=trsm_leftprofile,elapsed_seconds=0.537830,predicted_seconds=0.000000,time_percent_error=100.000000,nthreads=6,end_time=121073.356564,avg_power_W=107.818182,max_power_W=108.000000,avg_time_s=0.179277,released_listeners=1,
start_task=,name=trsm_rightprofile,tick=128,start_time=121073.356603,nthreads=6,
message=tick stats,tick=128,estimated_current_power=0.000000,
end_task=,name=trsm_rightprofile,elapsed_seconds=0.511774,predicted_seconds=0.000000,time_percent_error=100.000000,nthreads=6,end_time=121073.869765,avg_power_W=108.000000,max_power_W=108.000000,avg_time_s=0.170591,released_listeners=1,
start_task=,name=trsm_leftprofile,tick=129,start_time=121073.869804,nthreads=6,
message=tick stats,tick=129,estimated_current_power=0.000000,
end_task=,name=trsm_leftprofile,elapsed_seconds=0.537391,predicted_seconds=0.000000,time_percent_error=100.000000,nthreads=6,end_time=121074.408706,avg_power_W=107.636364,max_power_W=108.000000,avg_time_s=0.179130,released_listeners=1,
start_task=,name=trsm_rightprofile,tick=130,start_time=121074.408747,nthreads=6,
message=tick stats,tick=130,estimated_current_power=0.000000,
end_task=,name=trsm_rightprofile,elapsed_seconds=0.511527,predicted_seconds=0.000000,time_percent_error=100.000000,nthreads=6,end_time=121074.921731,avg_power_W=107.800000,max_power_W=109.000000,avg_time_s=0.170509,released_listeners=1,
start_task=,name=trsm_left,tick=131,start_time=121074.921772,nthreads=6,
message=tick stats,tick=131,estimated_current_power=21.833333,
end_task=,name=trsm_left,elapsed_seconds=0.160940,predicted_seconds=0.111642,time_percent_error=30.631253,nthreads=6,end_time=121075.094276,avg_power_W=108.750000,max_power_W=109.000000,avg_time_s=0.160940,released_listeners=3,
start_task=,name=trsm_right,tick=132,start_time=121075.094320,nthreads=6,
message=tick stats,tick=132,estimated_current_power=21.766667,
end_task=,name=trsm_right,elapsed_seconds=0.149266,predicted_seconds=0.106841,time_percent_error=28.422592,nthreads=6,end_time=121075.244979,avg_power_W=107.000000,max_power_W=108.000000,avg_time_s=0.149266,released_listeners=3,
start_task=,name=trsm_left,tick=133,start_time=121075.245019,nthreads=6,
message=tick stats,tick=133,estimated_current_power=21.833333,
end_task=,name=trsm_left,elapsed_seconds=0.160003,predicted_seconds=0.111642,time_percent_error=30.225165,nthreads=6,end_time=121075.406488,avg_power_W=107.666667,max_power_W=109.000000,avg_time_s=0.160003,released_listeners=3,
start_task=,name=trsm_right,tick=134,start_time=121075.406529,nthreads=6,
message=tick stats,tick=134,estimated_current_power=21.766667,
end_task=,name=trsm_right,elapsed_seconds=0.151986,predicted_seconds=0.106841,time_percent_error=29.703331,nthreads=6,end_time=121075.560007,avg_power_W=107.666667,max_power_W=108.000000,avg_time_s=0.151986,released_listeners=3,
start_task=,name=trsm_left,tick=135,start_time=121075.560054,nthreads=6,
message=tick stats,tick=135,estimated_current_power=21.833333,
end_task=,name=trsm_left,elapsed_seconds=0.160699,predicted_seconds=0.111642,time_percent_error=30.527262,nthreads=6,end_time=121075.721668,avg_power_W=107.666667,max_power_W=108.000000,avg_time_s=0.160699,released_listeners=3,
start_task=,name=trsm_right,tick=136,start_time=121075.721709,nthreads=6,
message=tick stats,tick=136,estimated_current_power=21.766667,
end_task=,name=trsm_right,elapsed_seconds=0.152347,predicted_seconds=0.106841,time_percent_error=29.869829,nthreads=6,end_time=121075.874979,avg_power_W=108.333333,max_power_W=109.000000,avg_time_s=0.152347,released_listeners=3,
start_task=,name=lu_gemmprofile,tick=137,start_time=121075.875019,nthreads=6,
message=tick stats,tick=137,estimated_current_power=0.000000,
end_task=,name=lu_gemmprofile,elapsed_seconds=0.647670,predicted_seconds=0.000000,time_percent_error=100.000000,nthreads=6,end_time=121076.523601,avg_power_W=107.923077,max_power_W=109.000000,avg_time_s=0.323835,released_listeners=1,
start_task=,name=lu_gemmprofile,tick=138,start_time=121076.523640,nthreads=6,
message=tick stats,tick=138,estimated_current_power=0.000000,
end_task=,name=lu_gemmprofile,elapsed_seconds=0.644103,predicted_seconds=0.000000,time_percent_error=100.000000,nthreads=6,end_time=121077.169223,avg_power_W=107.538462,max_power_W=109.000000,avg_time_s=0.322051,released_listeners=1,
start_task=,name=lu_gemmprofile,tick=139,start_time=121077.169264,nthreads=6,
message=tick stats,tick=139,estimated_current_power=0.000000,
end_task=,name=lu_gemmprofile,elapsed_seconds=0.645326,predicted_seconds=0.000000,time_percent_error=100.000000,nthreads=6,end_time=121077.816001,avg_power_W=107.692308,max_power_W=108.000000,avg_time_s=0.322663,released_listeners=1,
start_task=,name=lu_gemmprofile,tick=140,start_time=121077.816041,nthreads=6,
message=tick stats,tick=140,estimated_current_power=0.000000,
end_task=,name=lu_gemmprofile,elapsed_seconds=0.649172,predicted_seconds=0.000000,time_percent_error=100.000000,nthreads=6,end_time=121078.466814,avg_power_W=107.923077,max_power_W=108.000000,avg_time_s=0.324586,released_listeners=1,
start_task=,name=lu_gemmprofile,tick=141,start_time=121078.466854,nthreads=6,
message=tick stats,tick=141,estimated_current_power=0.000000,
end_task=,name=lu_gemmprofile,elapsed_seconds=0.648895,predicted_seconds=0.000000,time_percent_error=100.000000,nthreads=6,end_time=121079.117183,avg_power_W=107.769231,max_power_W=108.000000,avg_time_s=0.324448,released_listeners=1,
start_task=,name=lu_gemmprofile,tick=142,start_time=121079.117256,nthreads=6,
message=tick stats,tick=142,estimated_current_power=0.000000,
end_task=,name=lu_gemmprofile,elapsed_seconds=0.648005,predicted_seconds=0.000000,time_percent_error=100.000000,nthreads=6,end_time=121079.766794,avg_power_W=107.538462,max_power_W=108.000000,avg_time_s=0.324002,released_listeners=1,
start_task=,name=lu_gemmprofile,tick=143,start_time=121079.766834,nthreads=6,
message=tick stats,tick=143,estimated_current_power=0.000000,
end_task=,name=lu_gemmprofile,elapsed_seconds=0.646993,predicted_seconds=0.000000,time_percent_error=100.000000,nthreads=6,end_time=121080.415424,avg_power_W=108.000000,max_power_W=109.000000,avg_time_s=0.323496,released_listeners=1,
start_task=,name=lu_gemmprofile,tick=144,start_time=121080.415467,nthreads=6,
message=tick stats,tick=144,estimated_current_power=0.000000,
end_task=,name=lu_gemmprofile,elapsed_seconds=0.649111,predicted_seconds=0.000000,time_percent_error=100.000000,nthreads=6,end_time=121081.066040,avg_power_W=107.769231,max_power_W=108.000000,avg_time_s=0.324556,released_listeners=1,
start_task=,name=lu_gemmprofile,tick=145,start_time=121081.066083,nthreads=6,
message=tick stats,tick=145,estimated_current_power=0.000000,
end_task=,name=lu_gemmprofile,elapsed_seconds=0.645314,predicted_seconds=0.000000,time_percent_error=100.000000,nthreads=6,end_time=121081.712988,avg_power_W=107.923077,max_power_W=109.000000,avg_time_s=0.322657,released_listeners=1,
start_task=,name=lu_gemm,tick=146,start_time=121081.713042,nthreads=6,
message=tick stats,tick=146,estimated_current_power=22.609091,
end_task=,name=lu_gemm,elapsed_seconds=0.328049,predicted_seconds=0.191546,time_percent_error=41.610594,nthreads=6,end_time=121082.043181,avg_power_W=107.714286,max_power_W=108.000000,avg_time_s=0.328049,released_listeners=1,
start_task=,name=lu_gemm,tick=147,start_time=121082.043257,nthreads=6,
message=tick stats,tick=147,estimated_current_power=22.609091,
end_task=,name=lu_gemm,elapsed_seconds=0.327419,predicted_seconds=0.191546,time_percent_error=41.498150,nthreads=6,end_time=121082.372143,avg_power_W=108.000000,max_power_W=109.000000,avg_time_s=0.327419,released_listeners=1,
start_task=,name=lu_gemm,tick=148,start_time=121082.372189,nthreads=6,
message=tick stats,tick=148,estimated_current_power=22.609091,
end_task=,name=lu_gemm,elapsed_seconds=0.323165,predicted_seconds=0.191546,time_percent_error=40.728087,nthreads=6,end_time=121082.697801,avg_power_W=108.000000,max_power_W=108.000000,avg_time_s=0.323165,released_listeners=1,
start_task=,name=lu_gemm,tick=149,start_time=121082.697841,nthreads=6,
message=tick stats,tick=149,estimated_current_power=22.609091,
end_task=,name=lu_gemm,elapsed_seconds=0.325025,predicted_seconds=0.191546,time_percent_error=41.067273,nthreads=6,end_time=121083.024288,avg_power_W=107.666667,max_power_W=108.000000,avg_time_s=0.325025,released_listeners=0,
start_task=,name=lu_gemm,tick=150,start_time=121083.024327,nthreads=6,
message=tick stats,tick=150,estimated_current_power=22.609091,
end_task=,name=lu_gemm,elapsed_seconds=0.328695,predicted_seconds=0.191546,time_percent_error=41.725395,nthreads=6,end_time=121083.354507,avg_power_W=108.000000,max_power_W=108.000000,avg_time_s=0.328695,released_listeners=1,
start_task=,name=lu_gemm,tick=151,start_time=121083.354547,nthreads=6,
message=tick stats,tick=151,estimated_current_power=22.609091,
end_task=,name=lu_gemm,elapsed_seconds=0.329654,predicted_seconds=0.191546,time_percent_error=41.894790,nthreads=6,end_time=121083.693338,avg_power_W=107.714286,max_power_W=108.000000,avg_time_s=0.329654,released_listeners=0,
start_task=,name=lu_gemm,tick=152,start_time=121083.693365,nthreads=6,
message=tick stats,tick=152,estimated_current_power=22.609091,
end_task=,name=lu_gemm,elapsed_seconds=0.324808,predicted_seconds=0.191546,time_percent_error=41.027931,nthreads=6,end_time=121084.020235,avg_power_W=107.333333,max_power_W=108.000000,avg_time_s=0.324808,released_listeners=1,
start_task=,name=lu_gemm,tick=153,start_time=121084.020275,nthreads=6,
message=tick stats,tick=153,estimated_current_power=22.609091,
end_task=,name=lu_gemm,elapsed_seconds=0.324850,predicted_seconds=0.191546,time_percent_error=41.035554,nthreads=6,end_time=121084.346802,avg_power_W=107.857143,max_power_W=109.000000,avg_time_s=0.324850,released_listeners=0,
start_task=,name=lu_gemm,tick=154,start_time=121084.346840,nthreads=6,
message=tick stats,tick=154,estimated_current_power=22.609091,
end_task=,name=lu_gemm,elapsed_seconds=0.327391,predicted_seconds=0.191546,time_percent_error=41.493183,nthreads=6,end_time=121084.675146,avg_power_W=107.666667,max_power_W=108.000000,avg_time_s=0.327391,released_listeners=0,
start_task=,name=getrfprofile,tick=155,start_time=121084.675185,nthreads=6,
message=tick stats,tick=155,estimated_current_power=0.000000,
end_task=,name=getrfprofile,elapsed_seconds=0.628761,predicted_seconds=0.000000,time_percent_error=100.000000,nthreads=6,end_time=121085.304733,avg_power_W=105.000000,max_power_W=108.000000,avg_time_s=0.628761,released_listeners=1,
start_task=,name=getrf,tick=156,start_time=121085.304771,nthreads=6,
message=tick stats,tick=156,estimated_current_power=19.433333,
end_task=,name=getrf,elapsed_seconds=0.643568,predicted_seconds=0.420373,time_percent_error=34.680836,nthreads=6,end_time=121085.949816,avg_power_W=103.846154,max_power_W=104.000000,avg_time_s=0.643568,released_listeners=4,
start_task=,name=trsm_leftprofile,tick=157,start_time=121085.949857,nthreads=6,
message=tick stats,tick=157,estimated_current_power=0.000000,
end_task=,name=trsm_leftprofile,elapsed_seconds=0.542169,predicted_seconds=0.000000,time_percent_error=100.000000,nthreads=6,end_time=121086.493811,avg_power_W=107.272727,max_power_W=108.000000,avg_time_s=0.180723,released_listeners=1,
start_task=,name=trsm_rightprofile,tick=158,start_time=121086.493857,nthreads=6,
message=tick stats,tick=158,estimated_current_power=0.000000,
end_task=,name=trsm_rightprofile,elapsed_seconds=0.513510,predicted_seconds=0.000000,time_percent_error=100.000000,nthreads=6,end_time=121087.008896,avg_power_W=108.000000,max_power_W=109.000000,avg_time_s=0.171170,released_listeners=1,
start_task=,name=trsm_leftprofile,tick=159,start_time=121087.008937,nthreads=6,
message=tick stats,tick=159,estimated_current_power=0.000000,
end_task=,name=trsm_leftprofile,elapsed_seconds=0.539887,predicted_seconds=0.000000,time_percent_error=100.000000,nthreads=6,end_time=121087.549965,avg_power_W=107.909091,max_power_W=109.000000,avg_time_s=0.179962,released_listeners=1,
start_task=,name=trsm_rightprofile,tick=160,start_time=121087.550004,nthreads=6,
message=tick stats,tick=160,estimated_current_power=0.000000,
end_task=,name=trsm_rightprofile,elapsed_seconds=0.515428,predicted_seconds=0.000000,time_percent_error=100.000000,nthreads=6,end_time=121088.066932,avg_power_W=107.800000,max_power_W=108.000000,avg_time_s=0.171809,released_listeners=1,
start_task=,name=trsm_left,tick=161,start_time=121088.066971,nthreads=6,
message=tick stats,tick=161,estimated_current_power=21.833333,
end_task=,name=trsm_left,elapsed_seconds=0.163299,predicted_seconds=0.111642,time_percent_error=31.633223,nthreads=6,end_time=121088.244446,avg_power_W=107.250000,max_power_W=108.000000,avg_time_s=0.163299,released_listeners=2,
start_task=,name=trsm_right,tick=162,start_time=121088.244489,nthreads=6,
message=tick stats,tick=162,estimated_current_power=21.766667,
end_task=,name=trsm_right,elapsed_seconds=0.152063,predicted_seconds=0.106841,time_percent_error=29.739066,nthreads=6,end_time=121088.397481,avg_power_W=108.000000,max_power_W=109.000000,avg_time_s=0.152063,released_listeners=2,
start_task=,name=trsm_left,tick=163,start_time=121088.397521,nthreads=6,
message=tick stats,tick=163,estimated_current_power=21.833333,
end_task=,name=trsm_left,elapsed_seconds=0.162987,predicted_seconds=0.111642,time_percent_error=31.502592,nthreads=6,end_time=121088.561605,avg_power_W=108.000000,max_power_W=108.000000,avg_time_s=0.162987,released_listeners=2,
start_task=,name=trsm_right,tick=164,start_time=121088.561644,nthreads=6,
message=tick stats,tick=164,estimated_current_power=21.766667,
end_task=,name=trsm_right,elapsed_seconds=0.155955,predicted_seconds=0.106841,time_percent_error=31.492531,nthreads=6,end_time=121088.718759,avg_power_W=108.333333,max_power_W=109.000000,avg_time_s=0.155955,released_listeners=2,
start_task=,name=lu_gemmprofile,tick=165,start_time=121088.718799,nthreads=6,
message=tick stats,tick=165,estimated_current_power=0.000000,
end_task=,name=lu_gemmprofile,elapsed_seconds=0.656483,predicted_seconds=0.000000,time_percent_error=100.000000,nthreads=6,end_time=121089.376651,avg_power_W=107.692308,max_power_W=109.000000,avg_time_s=0.328242,released_listeners=1,
start_task=,name=lu_gemmprofile,tick=166,start_time=121089.376690,nthreads=6,
message=tick stats,tick=166,estimated_current_power=0.000000,
end_task=,name=lu_gemmprofile,elapsed_seconds=0.648661,predicted_seconds=0.000000,time_percent_error=100.000000,nthreads=6,end_time=121090.026883,avg_power_W=108.000000,max_power_W=109.000000,avg_time_s=0.324331,released_listeners=1,
start_task=,name=lu_gemmprofile,tick=167,start_time=121090.026922,nthreads=6,
message=tick stats,tick=167,estimated_current_power=0.000000,
end_task=,name=lu_gemmprofile,elapsed_seconds=0.647199,predicted_seconds=0.000000,time_percent_error=100.000000,nthreads=6,end_time=121090.675517,avg_power_W=107.461538,max_power_W=109.000000,avg_time_s=0.323600,released_listeners=1,
start_task=,name=lu_gemmprofile,tick=168,start_time=121090.675556,nthreads=6,
message=tick stats,tick=168,estimated_current_power=0.000000,
end_task=,name=lu_gemmprofile,elapsed_seconds=0.649888,predicted_seconds=0.000000,time_percent_error=100.000000,nthreads=6,end_time=121091.326212,avg_power_W=107.923077,max_power_W=109.000000,avg_time_s=0.324944,released_listeners=1,
start_task=,name=lu_gemm,tick=169,start_time=121091.326252,nthreads=6,
message=tick stats,tick=169,estimated_current_power=22.609091,
end_task=,name=lu_gemm,elapsed_seconds=0.330776,predicted_seconds=0.191546,time_percent_error=42.092008,nthreads=6,end_time=121091.658154,avg_power_W=108.142857,max_power_W=110.000000,avg_time_s=0.330776,released_listeners=1,
start_task=,name=lu_gemm,tick=170,start_time=121091.658194,nthreads=6,
message=tick stats,tick=170,estimated_current_power=22.609091,
end_task=,name=lu_gemm,elapsed_seconds=0.329595,predicted_seconds=0.191546,time_percent_error=41.884459,nthreads=6,end_time=121091.993679,avg_power_W=107.857143,max_power_W=108.000000,avg_time_s=0.329595,released_listeners=1,
start_task=,name=lu_gemm,tick=171,start_time=121091.993722,nthreads=6,
message=tick stats,tick=171,estimated_current_power=22.609091,
end_task=,name=lu_gemm,elapsed_seconds=0.328332,predicted_seconds=0.191546,time_percent_error=41.660858,nthreads=6,end_time=121092.323477,avg_power_W=107.000000,max_power_W=108.000000,avg_time_s=0.328332,released_listeners=1,
start_task=,name=lu_gemm,tick=172,start_time=121092.323519,nthreads=6,
message=tick stats,tick=172,estimated_current_power=22.609091,
end_task=,name=lu_gemm,elapsed_seconds=0.325473,predicted_seconds=0.191546,time_percent_error=41.148531,nthreads=6,end_time=121092.650119,avg_power_W=107.714286,max_power_W=108.000000,avg_time_s=0.325473,released_listeners=0,
start_task=,name=getrfprofile,tick=173,start_time=121092.650163,nthreads=6,
message=tick stats,tick=173,estimated_current_power=0.000000,
end_task=,name=getrfprofile,elapsed_seconds=0.668088,predicted_seconds=0.000000,time_percent_error=100.000000,nthreads=6,end_time=121093.318966,avg_power_W=105.153846,max_power_W=110.000000,avg_time_s=0.668088,released_listeners=1,
start_task=,name=getrf,tick=174,start_time=121093.319005,nthreads=6,
message=tick stats,tick=174,estimated_current_power=19.433333,
end_task=,name=getrf,elapsed_seconds=0.678377,predicted_seconds=0.420373,time_percent_error=38.032576,nthreads=6,end_time=121093.998156,avg_power_W=103.928571,max_power_W=104.000000,avg_time_s=0.678377,released_listeners=2,
start_task=,name=trsm_leftprofile,tick=175,start_time=121093.998197,nthreads=6,
message=tick stats,tick=175,estimated_current_power=0.000000,
end_task=,name=trsm_leftprofile,elapsed_seconds=0.541786,predicted_seconds=0.000000,time_percent_error=100.000000,nthreads=6,end_time=121094.544582,avg_power_W=107.272727,max_power_W=108.000000,avg_time_s=0.180595,released_listeners=1,
start_task=,name=trsm_rightprofile,tick=176,start_time=121094.544624,nthreads=6,
message=tick stats,tick=176,estimated_current_power=0.000000,
end_task=,name=trsm_rightprofile,elapsed_seconds=0.509344,predicted_seconds=0.000000,time_percent_error=100.000000,nthreads=6,end_time=121095.055824,avg_power_W=108.300000,max_power_W=110.000000,avg_time_s=0.169781,released_listeners=1,
start_task=,name=trsm_left,tick=177,start_time=121095.055863,nthreads=6,
message=tick stats,tick=177,estimated_current_power=21.833333,
end_task=,name=trsm_left,elapsed_seconds=0.160776,predicted_seconds=0.111642,time_percent_error=30.560604,nthreads=6,end_time=121095.217435,avg_power_W=107.000000,max_power_W=107.000000,avg_time_s=0.160776,released_listeners=1,
start_task=,name=trsm_right,tick=178,start_time=121095.217475,nthreads=6,
message=tick stats,tick=178,estimated_current_power=21.766667,
end_task=,name=trsm_right,elapsed_seconds=0.151809,predicted_seconds=0.106841,time_percent_error=29.621542,nthreads=6,end_time=121095.370039,avg_power_W=107.666667,max_power_W=108.000000,avg_time_s=0.151809,released_listeners=1,
start_task=,name=lu_gemmprofile,tick=179,start_time=121095.370079,nthreads=6,
message=tick stats,tick=179,estimated_current_power=0.000000,
end_task=,name=lu_gemmprofile,elapsed_seconds=0.649949,predicted_seconds=0.000000,time_percent_error=100.000000,nthreads=6,end_time=121096.020681,avg_power_W=107.538462,max_power_W=109.000000,avg_time_s=0.324975,released_listeners=1,
start_task=,name=lu_gemm,tick=180,start_time=121096.020721,nthreads=6,
message=tick stats,tick=180,estimated_current_power=22.609091,
end_task=,name=lu_gemm,elapsed_seconds=0.326970,predicted_seconds=0.191546,time_percent_error=41.417810,nthreads=6,end_time=121096.348406,avg_power_W=107.571429,max_power_W=108.000000,avg_time_s=0.326970,released_listeners=1,
start_task=,name=getrfprofile,tick=181,start_time=121096.348446,nthreads=6,
message=tick stats,tick=181,estimated_current_power=0.000000,
end_task=,name=getrfprofile,elapsed_seconds=0.634479,predicted_seconds=0.000000,time_percent_error=100.000000,nthreads=6,end_time=121096.993641,avg_power_W=104.923077,max_power_W=108.000000,avg_time_s=0.634479,released_listeners=1,
start_task=,name=getrf,tick=182,start_time=121096.993684,nthreads=6,
message=tick stats,tick=182,estimated_current_power=19.433333,
end_task=,name=getrf,elapsed_seconds=0.649851,predicted_seconds=0.420373,time_percent_error=35.312444,nthreads=6,end_time=121097.644284,avg_power_W=103.615385,max_power_W=104.000000,avg_time_s=0.649851,released_listeners=0,
est_max_power=22.609091,
average_power_W=103.615385,
max_power_W=104.000000,
time_s=83.266431,
message=ALL DONE,
