message=cataloging configuration,max_threads=89,power_limit=inf,
start_task=,name=getrfprofile,tick=1,start_time=126981.660154,nthreads=89,
message=tick stats,tick=1,estimated_current_power=0.000000,
end_task=,name=getrfprofile,elapsed_seconds=0.771184,predicted_seconds=0.000000,time_percent_error=100.000000,nthreads=89,end_time=126982.433665,avg_power_W=114.933333,max_power_W=134.000000,avg_time_s=0.771184,released_listeners=1,
start_task=,name=getrf,tick=2,start_time=126982.433739,nthreads=89,
message=tick stats,tick=2,estimated_current_power=80.266667,
end_task=,name=getrf,elapsed_seconds=0.186144,predicted_seconds=0.145623,time_percent_error=21.768465,nthreads=89,end_time=126982.626322,avg_power_W=128.500000,max_power_W=133.000000,avg_time_s=0.186144,released_listeners=10,
start_task=,name=trsm_leftprofile,tick=3,start_time=126982.626391,nthreads=89,
message=tick stats,tick=3,estimated_current_power=0.000000,
end_task=,name=trsm_leftprofile,elapsed_seconds=0.555840,predicted_seconds=0.000000,time_percent_error=100.000000,nthreads=89,end_time=126983.183092,avg_power_W=124.909091,max_power_W=138.000000,avg_time_s=0.138960,released_listeners=1,
start_task=,name=trsm_rightprofile,tick=4,start_time=126983.183166,nthreads=89,
message=tick stats,tick=4,estimated_current_power=0.000000,
end_task=,name=trsm_rightprofile,elapsed_seconds=0.562758,predicted_seconds=0.000000,time_percent_error=100.000000,nthreads=89,end_time=126983.747304,avg_power_W=135.000000,max_power_W=140.000000,avg_time_s=0.056276,released_listeners=1,
start_task=,name=trsm_leftprofile,tick=5,start_time=126983.747372,nthreads=89,
message=tick stats,tick=5,estimated_current_power=0.000000,
end_task=,name=trsm_leftprofile,elapsed_seconds=0.644556,predicted_seconds=0.000000,time_percent_error=100.000000,nthreads=89,end_time=126984.392797,avg_power_W=132.846154,max_power_W=142.000000,avg_time_s=0.080570,released_listeners=1,
start_task=,name=trsm_leftprofile,tick=6,start_time=126984.392866,nthreads=89,
message=tick stats,tick=6,estimated_current_power=0.000000,
end_task=,name=trsm_leftprofile,elapsed_seconds=0.557938,predicted_seconds=0.000000,time_percent_error=100.000000,nthreads=89,end_time=126984.951658,avg_power_W=130.000000,max_power_W=137.000000,avg_time_s=0.079705,released_listeners=1,
start_task=,name=trsm_rightprofile,tick=7,start_time=126984.951727,nthreads=89,
message=tick stats,tick=7,estimated_current_power=0.000000,
end_task=,name=trsm_rightprofile,elapsed_seconds=0.567393,predicted_seconds=0.000000,time_percent_error=100.000000,nthreads=89,end_time=126985.525857,avg_power_W=138.250000,max_power_W=149.000000,avg_time_s=0.056739,released_listeners=1,
start_task=,name=trsm_leftprofile,tick=8,start_time=126985.525929,nthreads=89,
message=tick stats,tick=8,estimated_current_power=0.000000,
end_task=,name=trsm_leftprofile,elapsed_seconds=0.536517,predicted_seconds=0.000000,time_percent_error=100.000000,nthreads=89,end_time=126986.075826,avg_power_W=134.636364,max_power_W=144.000000,avg_time_s=0.067065,released_listeners=1,
start_task=,name=trsm_rightprofile,tick=9,start_time=126986.075899,nthreads=89,
message=tick stats,tick=9,estimated_current_power=0.000000,
end_task=,name=trsm_rightprofile,elapsed_seconds=0.552973,predicted_seconds=0.000000,time_percent_error=100.000000,nthreads=89,end_time=126986.630497,avg_power_W=139.000000,max_power_W=149.000000,avg_time_s=0.055297,released_listeners=1,
start_task=,name=trsm_leftprofile,tick=10,start_time=126986.630566,nthreads=89,
message=tick stats,tick=10,estimated_current_power=0.000000,
end_task=,name=trsm_leftprofile,elapsed_seconds=0.561373,predicted_seconds=0.000000,time_percent_error=100.000000,nthreads=89,end_time=126987.193103,avg_power_W=133.000000,max_power_W=139.000000,avg_time_s=0.080196,released_listeners=1,
start_task=,name=trsm_rightprofile,tick=11,start_time=126987.193182,nthreads=89,
message=tick stats,tick=11,estimated_current_power=0.000000,
end_task=,name=trsm_rightprofile,elapsed_seconds=0.566874,predicted_seconds=0.000000,time_percent_error=100.000000,nthreads=89,end_time=126987.776029,avg_power_W=136.833333,max_power_W=148.000000,avg_time_s=0.056687,released_listeners=1,
start_task=,name=trsm_rightprofile,tick=12,start_time=126987.776110,nthreads=89,
message=tick stats,tick=12,estimated_current_power=0.000000,
end_task=,name=trsm_rightprofile,elapsed_seconds=0.552134,predicted_seconds=0.000000,time_percent_error=100.000000,nthreads=89,end_time=126988.329168,avg_power_W=141.090909,max_power_W=146.000000,avg_time_s=0.055213,released_listeners=1,
start_task=,name=trsm_left,tick=13,start_time=126988.329261,nthreads=89,
message=tick stats,tick=13,estimated_current_power=88.366667,
end_task=,name=trsm_left,elapsed_seconds=0.175339,predicted_seconds=0.047409,time_percent_error=72.961580,nthreads=89,end_time=126988.505513,avg_power_W=130.666667,max_power_W=139.000000,avg_time_s=0.175339,released_listeners=5,
start_task=,name=trsm_right,tick=14,start_time=126988.505588,nthreads=89,
message=tick stats,tick=14,estimated_current_power=95.100000,
end_task=,name=trsm_right,elapsed_seconds=0.087418,predicted_seconds=0.031629,time_percent_error=63.819134,nthreads=89,end_time=126988.593926,avg_power_W=128.500000,max_power_W=134.000000,avg_time_s=0.087418,released_listeners=5,
start_task=,name=trsm_left,tick=15,start_time=126988.593997,nthreads=89,
message=tick stats,tick=15,estimated_current_power=88.366667,
end_task=,name=trsm_left,elapsed_seconds=0.145092,predicted_seconds=0.047409,time_percent_error=67.324997,nthreads=89,end_time=126988.740597,avg_power_W=129.333333,max_power_W=135.000000,avg_time_s=0.145092,released_listeners=5,
start_task=,name=trsm_left,tick=16,start_time=126988.740670,nthreads=89,
message=tick stats,tick=16,estimated_current_power=88.366667,
end_task=,name=trsm_left,elapsed_seconds=0.087079,predicted_seconds=0.047409,time_percent_error=45.556490,nthreads=89,end_time=126988.829223,avg_power_W=124.500000,max_power_W=125.000000,avg_time_s=0.087079,released_listeners=5,
start_task=,name=trsm_right,tick=17,start_time=126988.829294,nthreads=89,
message=tick stats,tick=17,estimated_current_power=95.100000,
end_task=,name=trsm_right,elapsed_seconds=0.079222,predicted_seconds=0.031629,time_percent_error=60.076180,nthreads=89,end_time=126988.909958,avg_power_W=127.000000,max_power_W=127.000000,avg_time_s=0.079222,released_listeners=5,
start_task=,name=trsm_left,tick=18,start_time=126988.910029,nthreads=89,
message=tick stats,tick=18,estimated_current_power=88.366667,
end_task=,name=trsm_left,elapsed_seconds=0.202751,predicted_seconds=0.047409,time_percent_error=76.617155,nthreads=89,end_time=126989.125963,avg_power_W=129.000000,max_power_W=140.000000,avg_time_s=0.202751,released_listeners=5,
start_task=,name=trsm_right,tick=19,start_time=126989.126038,nthreads=89,
message=tick stats,tick=19,estimated_current_power=95.100000,
end_task=,name=trsm_right,elapsed_seconds=0.120720,predicted_seconds=0.031629,time_percent_error=73.800175,nthreads=89,end_time=126989.247504,avg_power_W=127.500000,max_power_W=128.000000,avg_time_s=0.120720,released_listeners=5,
start_task=,name=trsm_left,tick=20,start_time=126989.247576,nthreads=89,
message=tick stats,tick=20,estimated_current_power=88.366667,
end_task=,name=trsm_left,elapsed_seconds=0.161837,predicted_seconds=0.047409,time_percent_error=70.705872,nthreads=89,end_time=126989.425333,avg_power_W=130.250000,max_power_W=141.000000,avg_time_s=0.161837,released_listeners=5,
start_task=,name=trsm_right,tick=21,start_time=126989.425408,nthreads=89,
message=tick stats,tick=21,estimated_current_power=95.100000,
end_task=,name=trsm_right,elapsed_seconds=0.098868,predicted_seconds=0.031629,time_percent_error=68.009450,nthreads=89,end_time=126989.526803,avg_power_W=128.500000,max_power_W=129.000000,avg_time_s=0.098868,released_listeners=5,
start_task=,name=trsm_right,tick=22,start_time=126989.526878,nthreads=89,
message=tick stats,tick=22,estimated_current_power=95.100000,
end_task=,name=trsm_right,elapsed_seconds=0.086174,predicted_seconds=0.031629,time_percent_error=63.296728,nthreads=89,end_time=126989.626214,avg_power_W=132.000000,max_power_W=140.000000,avg_time_s=0.086174,released_listeners=5,
start_task=,name=lu_gemmprofile,tick=23,start_time=126989.626305,nthreads=89,
message=tick stats,tick=23,estimated_current_power=0.000000,
end_task=,name=lu_gemmprofile,elapsed_seconds=0.571434,predicted_seconds=0.000000,time_percent_error=100.000000,nthreads=89,end_time=126990.198490,avg_power_W=141.909091,max_power_W=152.000000,avg_time_s=0.057143,released_listeners=1,
start_task=,name=lu_gemmprofile,tick=24,start_time=126990.198559,nthreads=89,
message=tick stats,tick=24,estimated_current_power=0.000000,
end_task=,name=lu_gemmprofile,elapsed_seconds=0.555413,predicted_seconds=0.000000,time_percent_error=100.000000,nthreads=89,end_time=126990.755332,avg_power_W=145.909091,max_power_W=155.000000,avg_time_s=0.055541,released_listeners=1,
start_task=,name=lu_gemmprofile,tick=25,start_time=126990.755404,nthreads=89,
message=tick stats,tick=25,estimated_current_power=0.000000,
end_task=,name=lu_gemmprofile,elapsed_seconds=0.560410,predicted_seconds=0.000000,time_percent_error=100.000000,nthreads=89,end_time=126991.326353,avg_power_W=147.416667,max_power_W=156.000000,avg_time_s=0.050946,released_listeners=1,
start_task=,name=lu_gemmprofile,tick=26,start_time=126991.326426,nthreads=89,
message=tick stats,tick=26,estimated_current_power=0.000000,
end_task=,name=lu_gemmprofile,elapsed_seconds=0.550405,predicted_seconds=0.000000,time_percent_error=100.000000,nthreads=89,end_time=126991.879509,avg_power_W=140.272727,max_power_W=153.000000,avg_time_s=0.068801,released_listeners=1,
start_task=,name=lu_gemmprofile,tick=27,start_time=126991.879580,nthreads=89,
message=tick stats,tick=27,estimated_current_power=0.000000,
end_task=,name=lu_gemmprofile,elapsed_seconds=0.548008,predicted_seconds=0.000000,time_percent_error=100.000000,nthreads=89,end_time=126992.429150,avg_power_W=147.090909,max_power_W=157.000000,avg_time_s=0.049819,released_listeners=1,
start_task=,name=lu_gemmprofile,tick=28,start_time=126992.429252,nthreads=89,
message=tick stats,tick=28,estimated_current_power=0.000000,
end_task=,name=lu_gemmprofile,elapsed_seconds=0.569559,predicted_seconds=0.000000,time_percent_error=100.000000,nthreads=89,end_time=126993.000083,avg_power_W=146.454545,max_power_W=158.000000,avg_time_s=0.051778,released_listeners=1,
start_task=,name=lu_gemmprofile,tick=29,start_time=126993.000158,nthreads=89,
message=tick stats,tick=29,estimated_current_power=0.000000,
end_task=,name=lu_gemmprofile,elapsed_seconds=0.544907,predicted_seconds=0.000000,time_percent_error=100.000000,nthreads=89,end_time=126993.545833,avg_power_W=148.818182,max_power_W=156.000000,avg_time_s=0.054491,released_listeners=1,
start_task=,name=lu_gemmprofile,tick=30,start_time=126993.545904,nthreads=89,
message=tick stats,tick=30,estimated_current_power=0.000000,
end_task=,name=lu_gemmprofile,elapsed_seconds=0.541117,predicted_seconds=0.000000,time_percent_error=100.000000,nthreads=89,end_time=126994.087689,avg_power_W=149.636364,max_power_W=155.000000,avg_time_s=0.060124,released_listeners=1,
start_task=,name=lu_gemmprofile,tick=31,start_time=126994.087759,nthreads=89,
message=tick stats,tick=31,estimated_current_power=0.000000,
end_task=,name=lu_gemmprofile,elapsed_seconds=0.600764,predicted_seconds=0.000000,time_percent_error=100.000000,nthreads=89,end_time=126994.689405,avg_power_W=142.000000,max_power_W=156.000000,avg_time_s=0.060076,released_listeners=1,
start_task=,name=lu_gemmprofile,tick=32,start_time=126994.689475,nthreads=89,
message=tick stats,tick=32,estimated_current_power=0.000000,
end_task=,name=lu_gemmprofile,elapsed_seconds=0.567892,predicted_seconds=0.000000,time_percent_error=100.000000,nthreads=89,end_time=126995.258277,avg_power_W=148.090909,max_power_W=156.000000,avg_time_s=0.051627,released_listeners=1,
start_task=,name=lu_gemmprofile,tick=33,start_time=126995.258347,nthreads=89,
message=tick stats,tick=33,estimated_current_power=0.000000,
end_task=,name=lu_gemmprofile,elapsed_seconds=0.528551,predicted_seconds=0.000000,time_percent_error=100.000000,nthreads=89,end_time=126995.788899,avg_power_W=149.818182,max_power_W=156.000000,avg_time_s=0.052855,released_listeners=1,
start_task=,name=lu_gemmprofile,tick=34,start_time=126995.788976,nthreads=89,
message=tick stats,tick=34,estimated_current_power=0.000000,
end_task=,name=lu_gemmprofile,elapsed_seconds=0.526021,predicted_seconds=0.000000,time_percent_error=100.000000,nthreads=89,end_time=126996.326380,avg_power_W=149.272727,max_power_W=157.000000,avg_time_s=0.052602,released_listeners=1,
start_task=,name=lu_gemmprofile,tick=35,start_time=126996.326454,nthreads=89,
message=tick stats,tick=35,estimated_current_power=0.000000,
end_task=,name=lu_gemmprofile,elapsed_seconds=0.549900,predicted_seconds=0.000000,time_percent_error=100.000000,nthreads=89,end_time=126996.878428,avg_power_W=143.363636,max_power_W=158.000000,avg_time_s=0.068738,released_listeners=1,
start_task=,name=lu_gemmprofile,tick=36,start_time=126996.878499,nthreads=89,
message=tick stats,tick=36,estimated_current_power=0.000000,
end_task=,name=lu_gemmprofile,elapsed_seconds=0.540333,predicted_seconds=0.000000,time_percent_error=100.000000,nthreads=89,end_time=126997.425621,avg_power_W=147.545455,max_power_W=156.000000,avg_time_s=0.054033,released_listeners=1,
start_task=,name=lu_gemmprofile,tick=37,start_time=126997.425695,nthreads=89,
message=tick stats,tick=37,estimated_current_power=0.000000,
end_task=,name=lu_gemmprofile,elapsed_seconds=0.570063,predicted_seconds=0.000000,time_percent_error=100.000000,nthreads=89,end_time=126997.997099,avg_power_W=148.090909,max_power_W=157.000000,avg_time_s=0.057006,released_listeners=1,
start_task=,name=lu_gemmprofile,tick=38,start_time=126997.997179,nthreads=89,
message=tick stats,tick=38,estimated_current_power=0.000000,
end_task=,name=lu_gemmprofile,elapsed_seconds=0.541761,predicted_seconds=0.000000,time_percent_error=100.000000,nthreads=89,end_time=126998.539721,avg_power_W=144.454545,max_power_W=157.000000,avg_time_s=0.060196,released_listeners=1,
start_task=,name=lu_gemmprofile,tick=39,start_time=126998.539792,nthreads=89,
message=tick stats,tick=39,estimated_current_power=0.000000,
end_task=,name=lu_gemmprofile,elapsed_seconds=0.662406,predicted_seconds=0.000000,time_percent_error=100.000000,nthreads=89,end_time=126999.202785,avg_power_W=143.615385,max_power_W=156.000000,avg_time_s=0.073601,released_listeners=1,
start_task=,name=lu_gemmprofile,tick=40,start_time=126999.202855,nthreads=89,
message=tick stats,tick=40,estimated_current_power=0.000000,
end_task=,name=lu_gemmprofile,elapsed_seconds=0.538753,predicted_seconds=0.000000,time_percent_error=100.000000,nthreads=89,end_time=126999.742406,avg_power_W=143.545455,max_power_W=159.000000,avg_time_s=0.059861,released_listeners=1,
start_task=,name=lu_gemmprofile,tick=41,start_time=126999.742476,nthreads=89,
message=tick stats,tick=41,estimated_current_power=0.000000,
end_task=,name=lu_gemmprofile,elapsed_seconds=0.536635,predicted_seconds=0.000000,time_percent_error=100.000000,nthreads=89,end_time=127000.279779,avg_power_W=151.090909,max_power_W=159.000000,avg_time_s=0.053663,released_listeners=1,
start_task=,name=lu_gemmprofile,tick=42,start_time=127000.279853,nthreads=89,
message=tick stats,tick=42,estimated_current_power=0.000000,
end_task=,name=lu_gemmprofile,elapsed_seconds=0.559021,predicted_seconds=0.000000,time_percent_error=100.000000,nthreads=89,end_time=127000.839483,avg_power_W=150.909091,max_power_W=161.000000,avg_time_s=0.050820,released_listeners=1,
start_task=,name=lu_gemmprofile,tick=43,start_time=127000.839553,nthreads=89,
message=tick stats,tick=43,estimated_current_power=0.000000,
end_task=,name=lu_gemmprofile,elapsed_seconds=0.538204,predicted_seconds=0.000000,time_percent_error=100.000000,nthreads=89,end_time=127001.378627,avg_power_W=151.363636,max_power_W=159.000000,avg_time_s=0.053820,released_listeners=1,
start_task=,name=lu_gemmprofile,tick=44,start_time=127001.378698,nthreads=89,
message=tick stats,tick=44,estimated_current_power=0.000000,
end_task=,name=lu_gemmprofile,elapsed_seconds=0.570170,predicted_seconds=0.000000,time_percent_error=100.000000,nthreads=89,end_time=127001.950714,avg_power_W=147.454545,max_power_W=159.000000,avg_time_s=0.063352,released_listeners=1,
start_task=,name=lu_gemmprofile,tick=45,start_time=127001.950792,nthreads=89,
message=tick stats,tick=45,estimated_current_power=0.000000,
end_task=,name=lu_gemmprofile,elapsed_seconds=0.530392,predicted_seconds=0.000000,time_percent_error=100.000000,nthreads=89,end_time=127002.481903,avg_power_W=148.454545,max_power_W=158.000000,avg_time_s=0.058932,released_listeners=1,
start_task=,name=lu_gemmprofile,tick=46,start_time=127002.481973,nthreads=89,
message=tick stats,tick=46,estimated_current_power=0.000000,
end_task=,name=lu_gemmprofile,elapsed_seconds=0.522032,predicted_seconds=0.000000,time_percent_error=100.000000,nthreads=89,end_time=127003.005310,avg_power_W=151.600000,max_power_W=160.000000,avg_time_s=0.058004,released_listeners=1,
start_task=,name=lu_gemmprofile,tick=47,start_time=127003.005382,nthreads=89,
message=tick stats,tick=47,estimated_current_power=0.000000,
end_task=,name=lu_gemmprofile,elapsed_seconds=0.559644,predicted_seconds=0.000000,time_percent_error=100.000000,nthreads=89,end_time=127003.576344,avg_power_W=150.333333,max_power_W=160.000000,avg_time_s=0.055964,released_listeners=1,
start_task=,name=lu_gemm,tick=48,start_time=127003.576418,nthreads=89,
message=tick stats,tick=48,estimated_current_power=104.100000,
end_task=,name=lu_gemm,elapsed_seconds=0.098730,predicted_seconds=0.034033,time_percent_error=65.528973,nthreads=89,end_time=127003.676101,avg_power_W=146.500000,max_power_W=156.000000,avg_time_s=0.098730,released_listeners=1,
start_task=,name=lu_gemm,tick=49,start_time=127003.676177,nthreads=89,
message=tick stats,tick=49,estimated_current_power=104.100000,
end_task=,name=lu_gemm,elapsed_seconds=0.104245,predicted_seconds=0.034033,time_percent_error=67.352597,nthreads=89,end_time=127003.781337,avg_power_W=143.000000,max_power_W=143.000000,avg_time_s=0.104245,released_listeners=0,
start_task=,name=lu_gemm,tick=50,start_time=127003.781407,nthreads=89,
message=tick stats,tick=50,estimated_current_power=104.100000,
end_task=,name=lu_gemm,elapsed_seconds=0.139219,predicted_seconds=0.034033,time_percent_error=75.554141,nthreads=89,end_time=127003.926087,avg_power_W=137.000000,max_power_W=147.000000,avg_time_s=0.139219,released_listeners=0,
start_task=,name=lu_gemm,tick=51,start_time=127003.926182,nthreads=89,
message=tick stats,tick=51,estimated_current_power=104.100000,
end_task=,name=lu_gemm,elapsed_seconds=0.141772,predicted_seconds=0.034033,time_percent_error=75.994470,nthreads=89,end_time=127004.075935,avg_power_W=132.000000,max_power_W=134.000000,avg_time_s=0.141772,released_listeners=1,
start_task=,name=lu_gemm,tick=52,start_time=127004.076009,nthreads=89,
message=tick stats,tick=52,estimated_current_power=104.100000,
end_task=,name=lu_gemm,elapsed_seconds=0.123286,predicted_seconds=0.034033,time_percent_error=72.394948,nthreads=89,end_time=127004.201685,avg_power_W=144.000000,max_power_W=150.000000,avg_time_s=0.123286,released_listeners=0,
start_task=,name=lu_gemm,tick=53,start_time=127004.201755,nthreads=89,
message=tick stats,tick=53,estimated_current_power=104.100000,
end_task=,name=lu_gemm,elapsed_seconds=0.114211,predicted_seconds=0.034033,time_percent_error=70.201465,nthreads=89,end_time=127004.325902,avg_power_W=134.000000,max_power_W=151.000000,avg_time_s=0.114211,released_listeners=0,
start_task=,name=lu_gemm,tick=54,start_time=127004.325977,nthreads=89,
message=tick stats,tick=54,estimated_current_power=104.100000,
end_task=,name=lu_gemm,elapsed_seconds=0.125323,predicted_seconds=0.034033,time_percent_error=72.843634,nthreads=89,end_time=127004.451988,avg_power_W=133.500000,max_power_W=134.000000,avg_time_s=0.125323,released_listeners=0,
start_task=,name=lu_gemm,tick=55,start_time=127004.452058,nthreads=89,
message=tick stats,tick=55,estimated_current_power=104.100000,
end_task=,name=lu_gemm,elapsed_seconds=0.129249,predicted_seconds=0.034033,time_percent_error=73.668548,nthreads=89,end_time=127004.581972,avg_power_W=137.333333,max_power_W=159.000000,avg_time_s=0.129249,released_listeners=0,
start_task=,name=lu_gemm,tick=56,start_time=127004.582042,nthreads=89,
message=tick stats,tick=56,estimated_current_power=104.100000,
end_task=,name=lu_gemm,elapsed_seconds=0.137561,predicted_seconds=0.034033,time_percent_error=75.259591,nthreads=89,end_time=127004.725895,avg_power_W=129.333333,max_power_W=135.000000,avg_time_s=0.137561,released_listeners=1,
start_task=,name=lu_gemm,tick=57,start_time=127004.725969,nthreads=89,
message=tick stats,tick=57,estimated_current_power=104.100000,
end_task=,name=lu_gemm,elapsed_seconds=0.116969,predicted_seconds=0.034033,time_percent_error=70.904005,nthreads=89,end_time=127004.843751,avg_power_W=140.500000,max_power_W=142.000000,avg_time_s=0.116969,released_listeners=1,
start_task=,name=lu_gemm,tick=58,start_time=127004.843822,nthreads=89,
message=tick stats,tick=58,estimated_current_power=104.100000,
end_task=,name=lu_gemm,elapsed_seconds=0.121428,predicted_seconds=0.034033,time_percent_error=71.972542,nthreads=89,end_time=127004.976343,avg_power_W=135.000000,max_power_W=156.000000,avg_time_s=0.121428,released_listeners=1,
start_task=,name=lu_gemm,tick=59,start_time=127004.976418,nthreads=89,
message=tick stats,tick=59,estimated_current_power=104.100000,
end_task=,name=lu_gemm,elapsed_seconds=0.126356,predicted_seconds=0.034033,time_percent_error=73.065689,nthreads=89,end_time=127005.104142,avg_power_W=131.000000,max_power_W=133.000000,avg_time_s=0.126356,released_listeners=1,
start_task=,name=lu_gemm,tick=60,start_time=127005.104246,nthreads=89,
message=tick stats,tick=60,estimated_current_power=104.100000,
end_task=,name=lu_gemm,elapsed_seconds=0.111191,predicted_seconds=0.034033,time_percent_error=69.392166,nthreads=89,end_time=127005.226621,avg_power_W=138.000000,max_power_W=159.000000,avg_time_s=0.111191,released_listeners=1,
start_task=,name=lu_gemm,tick=61,start_time=127005.226696,nthreads=89,
message=tick stats,tick=61,estimated_current_power=104.100000,
end_task=,name=lu_gemm,elapsed_seconds=0.120078,predicted_seconds=0.034033,time_percent_error=71.657362,nthreads=89,end_time=127005.348129,avg_power_W=132.500000,max_power_W=133.000000,avg_time_s=0.120078,released_listeners=0,
start_task=,name=lu_gemm,tick=62,start_time=127005.348202,nthreads=89,
message=tick stats,tick=62,estimated_current_power=104.100000,
end_task=,name=lu_gemm,elapsed_seconds=0.121371,predicted_seconds=0.034033,time_percent_error=71.959256,nthreads=89,end_time=127005.475868,avg_power_W=133.333333,max_power_W=150.000000,avg_time_s=0.121371,released_listeners=0,
start_task=,name=lu_gemm,tick=63,start_time=127005.475942,nthreads=89,
message=tick stats,tick=63,estimated_current_power=104.100000,
end_task=,name=lu_gemm,elapsed_seconds=0.117588,predicted_seconds=0.034033,time_percent_error=71.057299,nthreads=89,end_time=127005.594275,avg_power_W=142.000000,max_power_W=146.000000,avg_time_s=0.117588,released_listeners=1,
start_task=,name=lu_gemm,tick=64,start_time=127005.594345,nthreads=89,
message=tick stats,tick=64,estimated_current_power=104.100000,
end_task=,name=lu_gemm,elapsed_seconds=0.122433,predicted_seconds=0.034033,time_percent_error=72.202628,nthreads=89,end_time=127005.725920,avg_power_W=137.333333,max_power_W=158.000000,avg_time_s=0.122433,released_listeners=0,
start_task=,name=lu_gemm,tick=65,start_time=127005.725994,nthreads=89,
message=tick stats,tick=65,estimated_current_power=104.100000,
end_task=,name=lu_gemm,elapsed_seconds=0.112652,predicted_seconds=0.034033,time_percent_error=69.789070,nthreads=89,end_time=127005.839300,avg_power_W=136.000000,max_power_W=138.000000,avg_time_s=0.112652,released_listeners=0,
start_task=,name=lu_gemm,tick=66,start_time=127005.839369,nthreads=89,
message=tick stats,tick=66,estimated_current_power=104.100000,
end_task=,name=lu_gemm,elapsed_seconds=0.106340,predicted_seconds=0.034033,time_percent_error=67.995762,nthreads=89,end_time=127005.946343,avg_power_W=136.000000,max_power_W=150.000000,avg_time_s=0.106340,released_listeners=0,
start_task=,name=lu_gemm,tick=67,start_time=127005.946413,nthreads=89,
message=tick stats,tick=67,estimated_current_power=104.100000,
end_task=,name=lu_gemm,elapsed_seconds=0.109675,predicted_seconds=0.034033,time_percent_error=68.968938,nthreads=89,end_time=127006.056914,avg_power_W=142.500000,max_power_W=156.000000,avg_time_s=0.109675,released_listeners=0,
start_task=,name=lu_gemm,tick=68,start_time=127006.056989,nthreads=89,
message=tick stats,tick=68,estimated_current_power=104.100000,
end_task=,name=lu_gemm,elapsed_seconds=0.115728,predicted_seconds=0.034033,time_percent_error=70.592132,nthreads=89,end_time=127006.176231,avg_power_W=138.666667,max_power_W=155.000000,avg_time_s=0.115728,released_listeners=1,
start_task=,name=lu_gemm,tick=69,start_time=127006.176306,nthreads=89,
message=tick stats,tick=69,estimated_current_power=104.100000,
end_task=,name=lu_gemm,elapsed_seconds=0.115331,predicted_seconds=0.034033,time_percent_error=70.490868,nthreads=89,end_time=127006.292955,avg_power_W=129.500000,max_power_W=133.000000,avg_time_s=0.115331,released_listeners=0,
start_task=,name=lu_gemm,tick=70,start_time=127006.293025,nthreads=89,
message=tick stats,tick=70,estimated_current_power=104.100000,
end_task=,name=lu_gemm,elapsed_seconds=0.131407,predicted_seconds=0.034033,time_percent_error=74.100991,nthreads=89,end_time=127006.426299,avg_power_W=135.333333,max_power_W=150.000000,avg_time_s=0.131407,released_listeners=0,
start_task=,name=lu_gemm,tick=71,start_time=127006.426367,nthreads=89,
message=tick stats,tick=71,estimated_current_power=104.100000,
end_task=,name=lu_gemm,elapsed_seconds=0.146888,predicted_seconds=0.034033,time_percent_error=76.830493,nthreads=89,end_time=127006.576082,avg_power_W=137.666667,max_power_W=143.000000,avg_time_s=0.146888,released_listeners=0,
start_task=,name=lu_gemm,tick=72,start_time=127006.576162,nthreads=89,
message=tick stats,tick=72,estimated_current_power=104.100000,
end_task=,name=lu_gemm,elapsed_seconds=0.121242,predicted_seconds=0.034033,time_percent_error=71.929450,nthreads=89,end_time=127006.698758,avg_power_W=132.500000,max_power_W=134.000000,avg_time_s=0.121242,released_listeners=0,
start_task=,name=getrfprofile,tick=73,start_time=127006.698827,nthreads=89,
message=tick stats,tick=73,estimated_current_power=0.000000,
end_task=,name=getrfprofile,elapsed_seconds=0.556924,predicted_seconds=0.000000,time_percent_error=100.000000,nthreads=89,end_time=127007.257060,avg_power_W=141.272727,max_power_W=157.000000,avg_time_s=0.185641,released_listeners=1,
start_task=,name=getrf,tick=74,start_time=127007.257134,nthreads=89,
message=tick stats,tick=74,estimated_current_power=80.266667,
end_task=,name=getrf,elapsed_seconds=0.212661,predicted_seconds=0.145623,time_percent_error=31.523472,nthreads=89,end_time=127007.475893,avg_power_W=138.800000,max_power_W=143.000000,avg_time_s=0.212661,released_listeners=8,
start_task=,name=trsm_leftprofile,tick=75,start_time=127007.475969,nthreads=89,
message=tick stats,tick=75,estimated_current_power=0.000000,
end_task=,name=trsm_leftprofile,elapsed_seconds=0.532635,predicted_seconds=0.000000,time_percent_error=100.000000,nthreads=89,end_time=127008.009280,avg_power_W=141.000000,max_power_W=151.000000,avg_time_s=0.076091,released_listeners=1,
start_task=,name=trsm_rightprofile,tick=76,start_time=127008.009352,nthreads=89,
message=tick stats,tick=76,estimated_current_power=0.000000,
end_task=,name=trsm_rightprofile,elapsed_seconds=0.559781,predicted_seconds=0.000000,time_percent_error=100.000000,nthreads=89,end_time=127008.575954,avg_power_W=146.500000,max_power_W=154.000000,avg_time_s=0.055978,released_listeners=1,
start_task=,name=trsm_leftprofile,tick=77,start_time=127008.576027,nthreads=89,
message=tick stats,tick=77,estimated_current_power=0.000000,
end_task=,name=trsm_leftprofile,elapsed_seconds=0.575509,predicted_seconds=0.000000,time_percent_error=100.000000,nthreads=89,end_time=127009.155408,avg_power_W=137.272727,max_power_W=147.000000,avg_time_s=0.115102,released_listeners=1,
start_task=,name=trsm_rightprofile,tick=78,start_time=127009.155478,nthreads=89,
message=tick stats,tick=78,estimated_current_power=0.000000,
end_task=,name=trsm_rightprofile,elapsed_seconds=0.552809,predicted_seconds=0.000000,time_percent_error=100.000000,nthreads=89,end_time=127009.708881,avg_power_W=145.727273,max_power_W=152.000000,avg_time_s=0.055281,released_listeners=1,
start_task=,name=trsm_leftprofile,tick=79,start_time=127009.708958,nthreads=89,
message=tick stats,tick=79,estimated_current_power=0.000000,
end_task=,name=trsm_leftprofile,elapsed_seconds=0.544044,predicted_seconds=0.000000,time_percent_error=100.000000,nthreads=89,end_time=127010.254278,avg_power_W=141.000000,max_power_W=152.000000,avg_time_s=0.090674,released_listeners=1,
start_task=,name=trsm_rightprofile,tick=80,start_time=127010.254349,nthreads=89,
message=tick stats,tick=80,estimated_current_power=0.000000,
end_task=,name=trsm_rightprofile,elapsed_seconds=0.553519,predicted_seconds=0.000000,time_percent_error=100.000000,nthreads=89,end_time=127010.808544,avg_power_W=146.090909,max_power_W=152.000000,avg_time_s=0.055352,released_listeners=1,
start_task=,name=trsm_leftprofile,tick=81,start_time=127010.808615,nthreads=89,
message=tick stats,tick=81,estimated_current_power=0.000000,
end_task=,name=trsm_leftprofile,elapsed_seconds=0.572691,predicted_seconds=0.000000,time_percent_error=100.000000,nthreads=89,end_time=127011.382599,avg_power_W=135.833333,max_power_W=153.000000,avg_time_s=0.190897,released_listeners=1,
start_task=,name=trsm_rightprofile,tick=82,start_time=127011.382669,nthreads=89,
message=tick stats,tick=82,estimated_current_power=0.000000,
end_task=,name=trsm_rightprofile,elapsed_seconds=0.557142,predicted_seconds=0.000000,time_percent_error=100.000000,nthreads=89,end_time=127011.940443,avg_power_W=142.727273,max_power_W=154.000000,avg_time_s=0.055714,released_listeners=1,
start_task=,name=trsm_left,tick=83,start_time=127011.940515,nthreads=89,
message=tick stats,tick=83,estimated_current_power=88.366667,
end_task=,name=trsm_left,elapsed_seconds=0.176356,predicted_seconds=0.047409,time_percent_error=73.117551,nthreads=89,end_time=127012.125748,avg_power_W=137.750000,max_power_W=149.000000,avg_time_s=0.176356,released_listeners=4,
start_task=,name=trsm_right,tick=84,start_time=127012.125825,nthreads=89,
message=tick stats,tick=84,estimated_current_power=95.100000,
end_task=,name=trsm_right,elapsed_seconds=0.067182,predicted_seconds=0.031629,time_percent_error=52.921375,nthreads=89,end_time=127012.193821,avg_power_W=135.000000,max_power_W=135.000000,avg_time_s=0.067182,released_listeners=4,
start_task=,name=trsm_left,tick=85,start_time=127012.193894,nthreads=89,
message=tick stats,tick=85,estimated_current_power=88.366667,
end_task=,name=trsm_left,elapsed_seconds=0.124248,predicted_seconds=0.047409,time_percent_error=61.843235,nthreads=89,end_time=127012.326413,avg_power_W=139.000000,max_power_W=151.000000,avg_time_s=0.124248,released_listeners=4,
start_task=,name=trsm_right,tick=86,start_time=127012.326490,nthreads=89,
message=tick stats,tick=86,estimated_current_power=95.100000,
end_task=,name=trsm_right,elapsed_seconds=0.069452,predicted_seconds=0.031629,time_percent_error=54.460118,nthreads=89,end_time=127012.397316,avg_power_W=137.000000,max_power_W=137.000000,avg_time_s=0.069452,released_listeners=4,
start_task=,name=trsm_left,tick=87,start_time=127012.397386,nthreads=89,
message=tick stats,tick=87,estimated_current_power=88.366667,
end_task=,name=trsm_left,elapsed_seconds=0.151617,predicted_seconds=0.047409,time_percent_error=68.731246,nthreads=89,end_time=127012.550315,avg_power_W=135.666667,max_power_W=144.000000,avg_time_s=0.151617,released_listeners=4,
start_task=,name=trsm_right,tick=88,start_time=127012.550393,nthreads=89,
message=tick stats,tick=88,estimated_current_power=95.100000,
end_task=,name=trsm_right,elapsed_seconds=0.062485,predicted_seconds=0.031629,time_percent_error=49.382137,nthreads=89,end_time=127012.626928,avg_power_W=133.000000,max_power_W=133.000000,avg_time_s=0.062485,released_listeners=4,
start_task=,name=trsm_left,tick=89,start_time=127012.627005,nthreads=89,
message=tick stats,tick=89,estimated_current_power=88.366667,
end_task=,name=trsm_left,elapsed_seconds=0.090151,predicted_seconds=0.047409,time_percent_error=47.411689,nthreads=89,end_time=127012.726300,avg_power_W=133.500000,max_power_W=135.000000,avg_time_s=0.090151,released_listeners=4,
start_task=,name=trsm_right,tick=90,start_time=127012.726385,nthreads=89,
message=tick stats,tick=90,estimated_current_power=95.100000,
end_task=,name=trsm_right,elapsed_seconds=0.069305,predicted_seconds=0.031629,time_percent_error=54.363048,nthreads=89,end_time=127012.796637,avg_power_W=140.000000,max_power_W=140.000000,avg_time_s=0.069305,released_listeners=4,
start_task=,name=lu_gemmprofile,tick=91,start_time=127012.796709,nthreads=89,
message=tick stats,tick=91,estimated_current_power=0.000000,
end_task=,name=lu_gemmprofile,elapsed_seconds=0.543527,predicted_seconds=0.000000,time_percent_error=100.000000,nthreads=89,end_time=127013.342409,avg_power_W=146.727273,max_power_W=159.000000,avg_time_s=0.060392,released_listeners=1,
start_task=,name=lu_gemmprofile,tick=92,start_time=127013.342482,nthreads=89,
message=tick stats,tick=92,estimated_current_power=0.000000,
end_task=,name=lu_gemmprofile,elapsed_seconds=0.529212,predicted_seconds=0.000000,time_percent_error=100.000000,nthreads=89,end_time=127013.875938,avg_power_W=143.181818,max_power_W=157.000000,avg_time_s=0.075602,released_listeners=1,
start_task=,name=lu_gemmprofile,tick=93,start_time=127013.876013,nthreads=89,
message=tick stats,tick=93,estimated_current_power=0.000000,
end_task=,name=lu_gemmprofile,elapsed_seconds=0.531745,predicted_seconds=0.000000,time_percent_error=100.000000,nthreads=89,end_time=127014.409230,avg_power_W=150.900000,max_power_W=159.000000,avg_time_s=0.059083,released_listeners=1,
start_task=,name=lu_gemmprofile,tick=94,start_time=127014.409301,nthreads=89,
message=tick stats,tick=94,estimated_current_power=0.000000,
end_task=,name=lu_gemmprofile,elapsed_seconds=0.569641,predicted_seconds=0.000000,time_percent_error=100.000000,nthreads=89,end_time=127014.979663,avg_power_W=150.333333,max_power_W=160.000000,avg_time_s=0.056964,released_listeners=1,
start_task=,name=lu_gemmprofile,tick=95,start_time=127014.979734,nthreads=89,
message=tick stats,tick=95,estimated_current_power=0.000000,
end_task=,name=lu_gemmprofile,elapsed_seconds=0.536539,predicted_seconds=0.000000,time_percent_error=100.000000,nthreads=89,end_time=127015.525648,avg_power_W=150.272727,max_power_W=158.000000,avg_time_s=0.059615,released_listeners=1,
start_task=,name=lu_gemmprofile,tick=96,start_time=127015.525722,nthreads=89,
message=tick stats,tick=96,estimated_current_power=0.000000,
end_task=,name=lu_gemmprofile,elapsed_seconds=0.531923,predicted_seconds=0.000000,time_percent_error=100.000000,nthreads=89,end_time=127016.058458,avg_power_W=148.300000,max_power_W=159.000000,avg_time_s=0.075989,released_listeners=1,
start_task=,name=lu_gemmprofile,tick=97,start_time=127016.058530,nthreads=89,
message=tick stats,tick=97,estimated_current_power=0.000000,
end_task=,name=lu_gemmprofile,elapsed_seconds=0.558865,predicted_seconds=0.000000,time_percent_error=100.000000,nthreads=89,end_time=127016.625800,avg_power_W=150.000000,max_power_W=160.000000,avg_time_s=0.055887,released_listeners=1,
start_task=,name=lu_gemmprofile,tick=98,start_time=127016.625874,nthreads=89,
message=tick stats,tick=98,estimated_current_power=0.000000,
end_task=,name=lu_gemmprofile,elapsed_seconds=0.577081,predicted_seconds=0.000000,time_percent_error=100.000000,nthreads=89,end_time=127017.203757,avg_power_W=152.636364,max_power_W=160.000000,avg_time_s=0.057708,released_listeners=1,
start_task=,name=lu_gemmprofile,tick=99,start_time=127017.203829,nthreads=89,
message=tick stats,tick=99,estimated_current_power=0.000000,
end_task=,name=lu_gemmprofile,elapsed_seconds=0.558034,predicted_seconds=0.000000,time_percent_error=100.000000,nthreads=89,end_time=127017.775731,avg_power_W=153.500000,max_power_W=163.000000,avg_time_s=0.055803,released_listeners=1,
start_task=,name=lu_gemmprofile,tick=100,start_time=127017.775806,nthreads=89,
message=tick stats,tick=100,estimated_current_power=0.000000,
end_task=,name=lu_gemmprofile,elapsed_seconds=0.553771,predicted_seconds=0.000000,time_percent_error=100.000000,nthreads=89,end_time=127018.330341,avg_power_W=150.454545,max_power_W=161.000000,avg_time_s=0.061530,released_listeners=1,
start_task=,name=lu_gemmprofile,tick=101,start_time=127018.330421,nthreads=89,
message=tick stats,tick=101,estimated_current_power=0.000000,
end_task=,name=lu_gemmprofile,elapsed_seconds=0.586560,predicted_seconds=0.000000,time_percent_error=100.000000,nthreads=89,end_time=127018.926200,avg_power_W=150.083333,max_power_W=161.000000,avg_time_s=0.058656,released_listeners=1,
start_task=,name=lu_gemmprofile,tick=102,start_time=127018.926276,nthreads=89,
message=tick stats,tick=102,estimated_current_power=0.000000,
end_task=,name=lu_gemmprofile,elapsed_seconds=0.556967,predicted_seconds=0.000000,time_percent_error=100.000000,nthreads=89,end_time=127019.483907,avg_power_W=156.090909,max_power_W=165.000000,avg_time_s=0.055697,released_listeners=1,
start_task=,name=lu_gemmprofile,tick=103,start_time=127019.483943,nthreads=89,
message=tick stats,tick=103,estimated_current_power=0.000000,
end_task=,name=lu_gemmprofile,elapsed_seconds=0.568425,predicted_seconds=0.000000,time_percent_error=100.000000,nthreads=89,end_time=127020.053003,avg_power_W=155.181818,max_power_W=164.000000,avg_time_s=0.056842,released_listeners=1,
start_task=,name=lu_gemmprofile,tick=104,start_time=127020.053074,nthreads=89,
message=tick stats,tick=104,estimated_current_power=0.000000,
end_task=,name=lu_gemmprofile,elapsed_seconds=0.562475,predicted_seconds=0.000000,time_percent_error=100.000000,nthreads=89,end_time=127020.625443,avg_power_W=152.416667,max_power_W=164.000000,avg_time_s=0.062497,released_listeners=1,
start_task=,name=lu_gemmprofile,tick=105,start_time=127020.625518,nthreads=89,
message=tick stats,tick=105,estimated_current_power=0.000000,
end_task=,name=lu_gemmprofile,elapsed_seconds=0.555859,predicted_seconds=0.000000,time_percent_error=100.000000,nthreads=89,end_time=127021.181920,avg_power_W=151.818182,max_power_W=163.000000,avg_time_s=0.061762,released_listeners=1,
start_task=,name=lu_gemmprofile,tick=106,start_time=127021.181990,nthreads=89,
message=tick stats,tick=106,estimated_current_power=0.000000,
end_task=,name=lu_gemmprofile,elapsed_seconds=0.571602,predicted_seconds=0.000000,time_percent_error=100.000000,nthreads=89,end_time=127021.754829,avg_power_W=156.454545,max_power_W=166.000000,avg_time_s=0.057160,released_listeners=1,
start_task=,name=lu_gemm,tick=107,start_time=127021.754900,nthreads=89,
message=tick stats,tick=107,estimated_current_power=104.100000,
end_task=,name=lu_gemm,elapsed_seconds=0.098319,predicted_seconds=0.034033,time_percent_error=65.385033,nthreads=89,end_time=127021.853962,avg_power_W=157.500000,max_power_W=160.000000,avg_time_s=0.098319,released_listeners=1,
start_task=,name=lu_gemm,tick=108,start_time=127021.854033,nthreads=89,
message=tick stats,tick=108,estimated_current_power=104.100000,
end_task=,name=lu_gemm,elapsed_seconds=0.098405,predicted_seconds=0.034033,time_percent_error=65.415294,nthreads=89,end_time=127021.953131,avg_power_W=144.000000,max_power_W=157.000000,avg_time_s=0.098405,released_listeners=1,
start_task=,name=lu_gemm,tick=109,start_time=127021.953206,nthreads=89,
message=tick stats,tick=109,estimated_current_power=104.100000,
end_task=,name=lu_gemm,elapsed_seconds=0.111326,predicted_seconds=0.034033,time_percent_error=69.429143,nthreads=89,end_time=127022.076193,avg_power_W=140.333333,max_power_W=155.000000,avg_time_s=0.111326,released_listeners=1,
start_task=,name=lu_gemm,tick=110,start_time=127022.076269,nthreads=89,
message=tick stats,tick=110,estimated_current_power=104.100000,
end_task=,name=lu_gemm,elapsed_seconds=0.124837,predicted_seconds=0.034033,time_percent_error=72.737831,nthreads=89,end_time=127022.201852,avg_power_W=138.000000,max_power_W=140.000000,avg_time_s=0.124837,released_listeners=0,
start_task=,name=lu_gemm,tick=111,start_time=127022.201922,nthreads=89,
message=tick stats,tick=111,estimated_current_power=104.100000,
end_task=,name=lu_gemm,elapsed_seconds=0.129918,predicted_seconds=0.034033,time_percent_error=73.803992,nthreads=89,end_time=127022.332422,avg_power_W=143.333333,max_power_W=162.000000,avg_time_s=0.129918,released_listeners=1,
start_task=,name=lu_gemm,tick=112,start_time=127022.332501,nthreads=89,
message=tick stats,tick=112,estimated_current_power=104.100000,
end_task=,name=lu_gemm,elapsed_seconds=0.114026,predicted_seconds=0.034033,time_percent_error=70.153167,nthreads=89,end_time=127022.447172,avg_power_W=143.500000,max_power_W=156.000000,avg_time_s=0.114026,released_listeners=0,
start_task=,name=lu_gemm,tick=113,start_time=127022.447243,nthreads=89,
message=tick stats,tick=113,estimated_current_power=104.100000,
end_task=,name=lu_gemm,elapsed_seconds=0.119731,predicted_seconds=0.034033,time_percent_error=71.575236,nthreads=89,end_time=127022.575499,avg_power_W=139.666667,max_power_W=154.000000,avg_time_s=0.119731,released_listeners=1,
start_task=,name=lu_gemm,tick=114,start_time=127022.575575,nthreads=89,
message=tick stats,tick=114,estimated_current_power=104.100000,
end_task=,name=lu_gemm,elapsed_seconds=0.113677,predicted_seconds=0.034033,time_percent_error=70.061419,nthreads=89,end_time=127022.689965,avg_power_W=147.000000,max_power_W=157.000000,avg_time_s=0.113677,released_listeners=0,
start_task=,name=lu_gemm,tick=115,start_time=127022.690035,nthreads=89,
message=tick stats,tick=115,estimated_current_power=104.100000,
end_task=,name=lu_gemm,elapsed_seconds=0.120587,predicted_seconds=0.034033,time_percent_error=71.777148,nthreads=89,end_time=127022.825845,avg_power_W=141.000000,max_power_W=161.000000,avg_time_s=0.120587,released_listeners=0,
start_task=,name=lu_gemm,tick=116,start_time=127022.825920,nthreads=89,
message=tick stats,tick=116,estimated_current_power=104.100000,
end_task=,name=lu_gemm,elapsed_seconds=0.107050,predicted_seconds=0.034033,time_percent_error=68.208016,nthreads=89,end_time=127022.933814,avg_power_W=141.000000,max_power_W=147.000000,avg_time_s=0.107050,released_listeners=1,
start_task=,name=lu_gemm,tick=117,start_time=127022.933886,nthreads=89,
message=tick stats,tick=117,estimated_current_power=104.100000,
end_task=,name=lu_gemm,elapsed_seconds=0.107317,predicted_seconds=0.034033,time_percent_error=68.287274,nthreads=89,end_time=127023.042922,avg_power_W=136.500000,max_power_W=143.000000,avg_time_s=0.107317,released_listeners=0,
start_task=,name=lu_gemm,tick=118,start_time=127023.042993,nthreads=89,
message=tick stats,tick=118,estimated_current_power=104.100000,
end_task=,name=lu_gemm,elapsed_seconds=0.146003,predicted_seconds=0.034033,time_percent_error=76.689999,nthreads=89,end_time=127023.189923,avg_power_W=136.333333,max_power_W=148.000000,avg_time_s=0.146003,released_listeners=0,
start_task=,name=lu_gemm,tick=119,start_time=127023.189994,nthreads=89,
message=tick stats,tick=119,estimated_current_power=104.100000,
end_task=,name=lu_gemm,elapsed_seconds=0.110981,predicted_seconds=0.034033,time_percent_error=69.334061,nthreads=89,end_time=127023.301849,avg_power_W=143.000000,max_power_W=159.000000,avg_time_s=0.110981,released_listeners=1,
start_task=,name=lu_gemm,tick=120,start_time=127023.301920,nthreads=89,
message=tick stats,tick=120,estimated_current_power=104.100000,
end_task=,name=lu_gemm,elapsed_seconds=0.110270,predicted_seconds=0.034033,time_percent_error=69.136574,nthreads=89,end_time=127023.425798,avg_power_W=139.333333,max_power_W=149.000000,avg_time_s=0.110270,released_listeners=0,
start_task=,name=lu_gemm,tick=121,start_time=127023.425873,nthreads=89,
message=tick stats,tick=121,estimated_current_power=104.100000,
end_task=,name=lu_gemm,elapsed_seconds=0.108992,predicted_seconds=0.034033,time_percent_error=68.774630,nthreads=89,end_time=127023.535828,avg_power_W=147.000000,max_power_W=157.000000,avg_time_s=0.108992,released_listeners=0,
start_task=,name=lu_gemm,tick=122,start_time=127023.535898,nthreads=89,
message=tick stats,tick=122,estimated_current_power=104.100000,
end_task=,name=lu_gemm,elapsed_seconds=0.116043,predicted_seconds=0.034033,time_percent_error=70.671796,nthreads=89,end_time=127023.652805,avg_power_W=142.500000,max_power_W=153.000000,avg_time_s=0.116043,released_listeners=0,
start_task=,name=getrfprofile,tick=123,start_time=127023.652882,nthreads=89,
message=tick stats,tick=123,estimated_current_power=0.000000,
end_task=,name=getrfprofile,elapsed_seconds=0.544851,predicted_seconds=0.000000,time_percent_error=100.000000,nthreads=89,end_time=127024.198607,avg_power_W=143.818182,max_power_W=156.000000,avg_time_s=0.181617,released_listeners=1,
start_task=,name=getrf,tick=124,start_time=127024.198679,nthreads=89,
message=tick stats,tick=124,estimated_current_power=80.266667,
end_task=,name=getrf,elapsed_seconds=0.201631,predicted_seconds=0.145623,time_percent_error=27.777387,nthreads=89,end_time=127024.401746,avg_power_W=142.500000,max_power_W=146.000000,avg_time_s=0.201631,released_listeners=6,
start_task=,name=trsm_leftprofile,tick=125,start_time=127024.401817,nthreads=89,
message=tick stats,tick=125,estimated_current_power=0.000000,
end_task=,name=trsm_leftprofile,elapsed_seconds=0.530870,predicted_seconds=0.000000,time_percent_error=100.000000,nthreads=89,end_time=127024.934124,avg_power_W=143.545455,max_power_W=154.000000,avg_time_s=0.075839,released_listeners=1,
start_task=,name=trsm_rightprofile,tick=126,start_time=127024.934201,nthreads=89,
message=tick stats,tick=126,estimated_current_power=0.000000,
end_task=,name=trsm_rightprofile,elapsed_seconds=0.604797,predicted_seconds=0.000000,time_percent_error=100.000000,nthreads=89,end_time=127025.539685,avg_power_W=146.416667,max_power_W=157.000000,avg_time_s=0.067200,released_listeners=1,
start_task=,name=trsm_leftprofile,tick=127,start_time=127025.539756,nthreads=89,
message=tick stats,tick=127,estimated_current_power=0.000000,
end_task=,name=trsm_leftprofile,elapsed_seconds=0.594392,predicted_seconds=0.000000,time_percent_error=100.000000,nthreads=89,end_time=127026.135579,avg_power_W=142.833333,max_power_W=154.000000,avg_time_s=0.084913,released_listeners=1,
start_task=,name=trsm_rightprofile,tick=128,start_time=127026.135650,nthreads=89,
message=tick stats,tick=128,estimated_current_power=0.000000,
end_task=,name=trsm_rightprofile,elapsed_seconds=0.521948,predicted_seconds=0.000000,time_percent_error=100.000000,nthreads=89,end_time=127026.658503,avg_power_W=148.800000,max_power_W=157.000000,avg_time_s=0.052195,released_listeners=1,
start_task=,name=trsm_leftprofile,tick=129,start_time=127026.658574,nthreads=89,
message=tick stats,tick=129,estimated_current_power=0.000000,
end_task=,name=trsm_leftprofile,elapsed_seconds=0.574163,predicted_seconds=0.000000,time_percent_error=100.000000,nthreads=89,end_time=127027.233648,avg_power_W=147.000000,max_power_W=153.000000,avg_time_s=0.063796,released_listeners=1,
start_task=,name=trsm_rightprofile,tick=130,start_time=127027.233718,nthreads=89,
message=tick stats,tick=130,estimated_current_power=0.000000,
end_task=,name=trsm_rightprofile,elapsed_seconds=0.553766,predicted_seconds=0.000000,time_percent_error=100.000000,nthreads=89,end_time=127027.788396,avg_power_W=149.272727,max_power_W=155.000000,avg_time_s=0.055377,released_listeners=1,
start_task=,name=trsm_left,tick=131,start_time=127027.788468,nthreads=89,
message=tick stats,tick=131,estimated_current_power=88.366667,
end_task=,name=trsm_left,elapsed_seconds=0.195196,predicted_seconds=0.047409,time_percent_error=75.712118,nthreads=89,end_time=127027.985103,avg_power_W=138.250000,max_power_W=148.000000,avg_time_s=0.195196,released_listeners=3,
start_task=,name=trsm_right,tick=132,start_time=127027.985183,nthreads=89,
message=tick stats,tick=132,estimated_current_power=95.100000,
end_task=,name=trsm_right,elapsed_seconds=0.105804,predicted_seconds=0.031629,time_percent_error=70.106569,nthreads=89,end_time=127028.091993,avg_power_W=139.000000,max_power_W=142.000000,avg_time_s=0.105804,released_listeners=3,
start_task=,name=trsm_left,tick=133,start_time=127028.092067,nthreads=89,
message=tick stats,tick=133,estimated_current_power=88.366667,
end_task=,name=trsm_left,elapsed_seconds=0.097069,predicted_seconds=0.047409,time_percent_error=51.159860,nthreads=89,end_time=127028.190612,avg_power_W=141.500000,max_power_W=149.000000,avg_time_s=0.097069,released_listeners=3,
start_task=,name=trsm_right,tick=134,start_time=127028.190691,nthreads=89,
message=tick stats,tick=134,estimated_current_power=95.100000,
end_task=,name=trsm_right,elapsed_seconds=0.073489,predicted_seconds=0.031629,time_percent_error=56.961739,nthreads=89,end_time=127028.276246,avg_power_W=140.000000,max_power_W=143.000000,avg_time_s=0.073489,released_listeners=3,
start_task=,name=trsm_left,tick=135,start_time=127028.276324,nthreads=89,
message=tick stats,tick=135,estimated_current_power=88.366667,
end_task=,name=trsm_left,elapsed_seconds=0.103407,predicted_seconds=0.047409,time_percent_error=54.153288,nthreads=89,end_time=127028.381220,avg_power_W=141.000000,max_power_W=144.000000,avg_time_s=0.103407,released_listeners=3,
start_task=,name=trsm_right,tick=136,start_time=127028.381293,nthreads=89,
message=tick stats,tick=136,estimated_current_power=95.100000,
end_task=,name=trsm_right,elapsed_seconds=0.077720,predicted_seconds=0.031629,time_percent_error=59.304676,nthreads=89,end_time=127028.459922,avg_power_W=137.000000,max_power_W=137.000000,avg_time_s=0.077720,released_listeners=3,
start_task=,name=lu_gemmprofile,tick=137,start_time=127028.459991,nthreads=89,
message=tick stats,tick=137,estimated_current_power=0.000000,
end_task=,name=lu_gemmprofile,elapsed_seconds=0.539129,predicted_seconds=0.000000,time_percent_error=100.000000,nthreads=89,end_time=127029.000469,avg_power_W=150.818182,max_power_W=164.000000,avg_time_s=0.053913,released_listeners=1,
start_task=,name=lu_gemmprofile,tick=138,start_time=127029.000540,nthreads=89,
message=tick stats,tick=138,estimated_current_power=0.000000,
end_task=,name=lu_gemmprofile,elapsed_seconds=0.525430,predicted_seconds=0.000000,time_percent_error=100.000000,nthreads=89,end_time=127029.527630,avg_power_W=157.727273,max_power_W=164.000000,avg_time_s=0.052543,released_listeners=1,
start_task=,name=lu_gemmprofile,tick=139,start_time=127029.527706,nthreads=89,
message=tick stats,tick=139,estimated_current_power=0.000000,
end_task=,name=lu_gemmprofile,elapsed_seconds=0.569353,predicted_seconds=0.000000,time_percent_error=100.000000,nthreads=89,end_time=127030.098527,avg_power_W=156.272727,max_power_W=166.000000,avg_time_s=0.051759,released_listeners=1,
start_task=,name=lu_gemmprofile,tick=140,start_time=127030.098599,nthreads=89,
message=tick stats,tick=140,estimated_current_power=0.000000,
end_task=,name=lu_gemmprofile,elapsed_seconds=0.557119,predicted_seconds=0.000000,time_percent_error=100.000000,nthreads=89,end_time=127030.656658,avg_power_W=152.818182,max_power_W=163.000000,avg_time_s=0.061902,released_listeners=1,
start_task=,name=lu_gemmprofile,tick=141,start_time=127030.656729,nthreads=89,
message=tick stats,tick=141,estimated_current_power=0.000000,
end_task=,name=lu_gemmprofile,elapsed_seconds=0.568859,predicted_seconds=0.000000,time_percent_error=100.000000,nthreads=89,end_time=127031.226675,avg_power_W=156.750000,max_power_W=166.000000,avg_time_s=0.051714,released_listeners=1,
start_task=,name=lu_gemmprofile,tick=142,start_time=127031.226746,nthreads=89,
message=tick stats,tick=142,estimated_current_power=0.000000,
end_task=,name=lu_gemmprofile,elapsed_seconds=0.529399,predicted_seconds=0.000000,time_percent_error=100.000000,nthreads=89,end_time=127031.757074,avg_power_W=154.300000,max_power_W=167.000000,avg_time_s=0.052940,released_listeners=1,
start_task=,name=lu_gemmprofile,tick=143,start_time=127031.757150,nthreads=89,
message=tick stats,tick=143,estimated_current_power=0.000000,
end_task=,name=lu_gemmprofile,elapsed_seconds=0.526543,predicted_seconds=0.000000,time_percent_error=100.000000,nthreads=89,end_time=127032.284401,avg_power_W=156.454545,max_power_W=164.000000,avg_time_s=0.058505,released_listeners=1,
start_task=,name=lu_gemmprofile,tick=144,start_time=127032.284473,nthreads=89,
message=tick stats,tick=144,estimated_current_power=0.000000,
end_task=,name=lu_gemmprofile,elapsed_seconds=0.555296,predicted_seconds=0.000000,time_percent_error=100.000000,nthreads=89,end_time=127032.840455,avg_power_W=152.545455,max_power_W=164.000000,avg_time_s=0.069412,released_listeners=1,
start_task=,name=lu_gemmprofile,tick=145,start_time=127032.840533,nthreads=89,
message=tick stats,tick=145,estimated_current_power=0.000000,
end_task=,name=lu_gemmprofile,elapsed_seconds=0.562738,predicted_seconds=0.000000,time_percent_error=100.000000,nthreads=89,end_time=127033.403969,avg_power_W=152.818182,max_power_W=167.000000,avg_time_s=0.056274,released_listeners=1,
start_task=,name=lu_gemm,tick=146,start_time=127033.404040,nthreads=89,
message=tick stats,tick=146,estimated_current_power=104.100000,
end_task=,name=lu_gemm,elapsed_seconds=0.101904,predicted_seconds=0.034033,time_percent_error=66.602718,nthreads=89,end_time=127033.506490,avg_power_W=157.000000,max_power_W=159.000000,avg_time_s=0.101904,released_listeners=1,
start_task=,name=lu_gemm,tick=147,start_time=127033.506562,nthreads=89,
message=tick stats,tick=147,estimated_current_power=104.100000,
end_task=,name=lu_gemm,elapsed_seconds=0.109765,predicted_seconds=0.034033,time_percent_error=68.994425,nthreads=89,end_time=127033.626329,avg_power_W=141.000000,max_power_W=152.000000,avg_time_s=0.109765,released_listeners=1,
start_task=,name=lu_gemm,tick=148,start_time=127033.626404,nthreads=89,
message=tick stats,tick=148,estimated_current_power=104.100000,
end_task=,name=lu_gemm,elapsed_seconds=0.110043,predicted_seconds=0.034033,time_percent_error=69.072702,nthreads=89,end_time=127033.737306,avg_power_W=139.500000,max_power_W=140.000000,avg_time_s=0.110043,released_listeners=1,
start_task=,name=lu_gemm,tick=149,start_time=127033.737378,nthreads=89,
message=tick stats,tick=149,estimated_current_power=104.100000,
end_task=,name=lu_gemm,elapsed_seconds=0.113391,predicted_seconds=0.034033,time_percent_error=69.985940,nthreads=89,end_time=127033.851421,avg_power_W=143.500000,max_power_W=153.000000,avg_time_s=0.113391,released_listeners=0,
start_task=,name=lu_gemm,tick=150,start_time=127033.851492,nthreads=89,
message=tick stats,tick=150,estimated_current_power=104.100000,
end_task=,name=lu_gemm,elapsed_seconds=0.119060,predicted_seconds=0.034033,time_percent_error=71.415175,nthreads=89,end_time=127033.976260,avg_power_W=141.000000,max_power_W=163.000000,avg_time_s=0.119060,released_listeners=1,
start_task=,name=lu_gemm,tick=151,start_time=127033.976334,nthreads=89,
message=tick stats,tick=151,estimated_current_power=104.100000,
end_task=,name=lu_gemm,elapsed_seconds=0.117933,predicted_seconds=0.034033,time_percent_error=71.141860,nthreads=89,end_time=127034.095755,avg_power_W=138.000000,max_power_W=138.000000,avg_time_s=0.117933,released_listeners=0,
start_task=,name=lu_gemm,tick=152,start_time=127034.095826,nthreads=89,
message=tick stats,tick=152,estimated_current_power=104.100000,
end_task=,name=lu_gemm,elapsed_seconds=0.127982,predicted_seconds=0.034033,time_percent_error=73.407778,nthreads=89,end_time=127034.226462,avg_power_W=138.000000,max_power_W=154.000000,avg_time_s=0.127982,released_listeners=1,
start_task=,name=lu_gemm,tick=153,start_time=127034.226540,nthreads=89,
message=tick stats,tick=153,estimated_current_power=104.100000,
end_task=,name=lu_gemm,elapsed_seconds=0.119715,predicted_seconds=0.034033,time_percent_error=71.571579,nthreads=89,end_time=127034.346917,avg_power_W=145.500000,max_power_W=150.000000,avg_time_s=0.119715,released_listeners=0,
start_task=,name=lu_gemm,tick=154,start_time=127034.346987,nthreads=89,
message=tick stats,tick=154,estimated_current_power=104.100000,
end_task=,name=lu_gemm,elapsed_seconds=0.122818,predicted_seconds=0.034033,time_percent_error=72.289645,nthreads=89,end_time=127034.475458,avg_power_W=138.666667,max_power_W=157.000000,avg_time_s=0.122818,released_listeners=0,
start_task=,name=getrfprofile,tick=155,start_time=127034.475533,nthreads=89,
message=tick stats,tick=155,estimated_current_power=0.000000,
end_task=,name=getrfprofile,elapsed_seconds=0.609400,predicted_seconds=0.000000,time_percent_error=100.000000,nthreads=89,end_time=127035.085915,avg_power_W=145.416667,max_power_W=149.000000,avg_time_s=0.203133,released_listeners=1,
start_task=,name=getrf,tick=156,start_time=127035.085987,nthreads=89,
message=tick stats,tick=156,estimated_current_power=80.266667,
end_task=,name=getrf,elapsed_seconds=0.200110,predicted_seconds=0.145623,time_percent_error=27.228361,nthreads=89,end_time=127035.287334,avg_power_W=142.750000,max_power_W=147.000000,avg_time_s=0.200110,released_listeners=4,
start_task=,name=trsm_leftprofile,tick=157,start_time=127035.287406,nthreads=89,
message=tick stats,tick=157,estimated_current_power=0.000000,
end_task=,name=trsm_leftprofile,elapsed_seconds=0.546617,predicted_seconds=0.000000,time_percent_error=100.000000,nthreads=89,end_time=127035.834674,avg_power_W=146.181818,max_power_W=152.000000,avg_time_s=0.078088,released_listeners=1,
start_task=,name=trsm_rightprofile,tick=158,start_time=127035.834745,nthreads=89,
message=tick stats,tick=158,estimated_current_power=0.000000,
end_task=,name=trsm_rightprofile,elapsed_seconds=0.533662,predicted_seconds=0.000000,time_percent_error=100.000000,nthreads=89,end_time=127036.375629,avg_power_W=150.545455,max_power_W=157.000000,avg_time_s=0.059296,released_listeners=1,
start_task=,name=trsm_leftprofile,tick=159,start_time=127036.375704,nthreads=89,
message=tick stats,tick=159,estimated_current_power=0.000000,
end_task=,name=trsm_leftprofile,elapsed_seconds=0.557691,predicted_seconds=0.000000,time_percent_error=100.000000,nthreads=89,end_time=127036.934008,avg_power_W=146.181818,max_power_W=156.000000,avg_time_s=0.079670,released_listeners=1,
start_task=,name=trsm_rightprofile,tick=160,start_time=127036.934079,nthreads=89,
message=tick stats,tick=160,estimated_current_power=0.000000,
end_task=,name=trsm_rightprofile,elapsed_seconds=0.524790,predicted_seconds=0.000000,time_percent_error=100.000000,nthreads=89,end_time=127037.459472,avg_power_W=147.200000,max_power_W=154.000000,avg_time_s=0.058310,released_listeners=1,
start_task=,name=trsm_left,tick=161,start_time=127037.459544,nthreads=89,
message=tick stats,tick=161,estimated_current_power=88.366667,
end_task=,name=trsm_left,elapsed_seconds=0.139806,predicted_seconds=0.047409,time_percent_error=66.089471,nthreads=89,end_time=127037.599980,avg_power_W=148.666667,max_power_W=157.000000,avg_time_s=0.139806,released_listeners=2,
start_task=,name=trsm_right,tick=162,start_time=127037.600052,nthreads=89,
message=tick stats,tick=162,estimated_current_power=95.100000,
end_task=,name=trsm_right,elapsed_seconds=0.137855,predicted_seconds=0.031629,time_percent_error=77.056679,nthreads=89,end_time=127037.738572,avg_power_W=138.666667,max_power_W=144.000000,avg_time_s=0.137855,released_listeners=2,
start_task=,name=trsm_left,tick=163,start_time=127037.738647,nthreads=89,
message=tick stats,tick=163,estimated_current_power=88.366667,
end_task=,name=trsm_left,elapsed_seconds=0.139687,predicted_seconds=0.047409,time_percent_error=66.060720,nthreads=89,end_time=127037.879018,avg_power_W=141.666667,max_power_W=148.000000,avg_time_s=0.139687,released_listeners=2,
start_task=,name=trsm_right,tick=164,start_time=127037.879091,nthreads=89,
message=tick stats,tick=164,estimated_current_power=95.100000,
end_task=,name=trsm_right,elapsed_seconds=0.065314,predicted_seconds=0.031629,time_percent_error=51.574613,nthreads=89,end_time=127037.945006,avg_power_W=136.000000,max_power_W=136.000000,avg_time_s=0.065314,released_listeners=2,
start_task=,name=lu_gemmprofile,tick=165,start_time=127037.945079,nthreads=89,
message=tick stats,tick=165,estimated_current_power=0.000000,
end_task=,name=lu_gemmprofile,elapsed_seconds=0.573875,predicted_seconds=0.000000,time_percent_error=100.000000,nthreads=89,end_time=127038.525386,avg_power_W=153.083333,max_power_W=164.000000,avg_time_s=0.057387,released_listeners=1,
start_task=,name=lu_gemmprofile,tick=166,start_time=127038.525461,nthreads=89,
message=tick stats,tick=166,estimated_current_power=0.000000,
end_task=,name=lu_gemmprofile,elapsed_seconds=0.539194,predicted_seconds=0.000000,time_percent_error=100.000000,nthreads=89,end_time=127039.076303,avg_power_W=154.181818,max_power_W=163.000000,avg_time_s=0.053919,released_listeners=1,
start_task=,name=lu_gemmprofile,tick=167,start_time=127039.076376,nthreads=89,
message=tick stats,tick=167,estimated_current_power=0.000000,
end_task=,name=lu_gemmprofile,elapsed_seconds=0.556676,predicted_seconds=0.000000,time_percent_error=100.000000,nthreads=89,end_time=127039.633867,avg_power_W=154.909091,max_power_W=163.000000,avg_time_s=0.055668,released_listeners=1,
start_task=,name=lu_gemmprofile,tick=168,start_time=127039.633938,nthreads=89,
message=tick stats,tick=168,estimated_current_power=0.000000,
end_task=,name=lu_gemmprofile,elapsed_seconds=0.557464,predicted_seconds=0.000000,time_percent_error=100.000000,nthreads=89,end_time=127040.192130,avg_power_W=152.818182,max_power_W=163.000000,avg_time_s=0.061940,released_listeners=1,
start_task=,name=lu_gemm,tick=169,start_time=127040.192251,nthreads=89,
message=tick stats,tick=169,estimated_current_power=104.100000,
end_task=,name=lu_gemm,elapsed_seconds=0.106776,predicted_seconds=0.034033,time_percent_error=68.126425,nthreads=89,end_time=127040.300616,avg_power_W=155.000000,max_power_W=161.000000,avg_time_s=0.106776,released_listeners=1,
start_task=,name=lu_gemm,tick=170,start_time=127040.300690,nthreads=89,
message=tick stats,tick=170,estimated_current_power=104.100000,
end_task=,name=lu_gemm,elapsed_seconds=0.106990,predicted_seconds=0.034033,time_percent_error=68.190196,nthreads=89,end_time=127040.409023,avg_power_W=146.000000,max_power_W=159.000000,avg_time_s=0.106990,released_listeners=1,
start_task=,name=lu_gemm,tick=171,start_time=127040.409097,nthreads=89,
message=tick stats,tick=171,estimated_current_power=104.100000,
end_task=,name=lu_gemm,elapsed_seconds=0.103426,predicted_seconds=0.034033,time_percent_error=67.094254,nthreads=89,end_time=127040.526404,avg_power_W=139.666667,max_power_W=150.000000,avg_time_s=0.103426,released_listeners=1,
start_task=,name=lu_gemm,tick=172,start_time=127040.526480,nthreads=89,
message=tick stats,tick=172,estimated_current_power=104.100000,
end_task=,name=lu_gemm,elapsed_seconds=0.109138,predicted_seconds=0.034033,time_percent_error=68.816278,nthreads=89,end_time=127040.636570,avg_power_W=140.500000,max_power_W=144.000000,avg_time_s=0.109138,released_listeners=0,
start_task=,name=getrfprofile,tick=173,start_time=127040.636641,nthreads=89,
message=tick stats,tick=173,estimated_current_power=0.000000,
end_task=,name=getrfprofile,elapsed_seconds=0.587362,predicted_seconds=0.000000,time_percent_error=100.000000,nthreads=89,end_time=127041.225522,avg_power_W=145.250000,max_power_W=150.000000,avg_time_s=0.195787,released_listeners=1,
start_task=,name=getrf,tick=174,start_time=127041.225596,nthreads=89,
message=tick stats,tick=174,estimated_current_power=80.266667,
end_task=,name=getrf,elapsed_seconds=0.215434,predicted_seconds=0.145623,time_percent_error=32.404626,nthreads=89,end_time=127041.442492,avg_power_W=142.750000,max_power_W=147.000000,avg_time_s=0.215434,released_listeners=2,
start_task=,name=trsm_leftprofile,tick=175,start_time=127041.442564,nthreads=89,
message=tick stats,tick=175,estimated_current_power=0.000000,
end_task=,name=trsm_leftprofile,elapsed_seconds=0.550373,predicted_seconds=0.000000,time_percent_error=100.000000,nthreads=89,end_time=127041.993603,avg_power_W=142.272727,max_power_W=152.000000,avg_time_s=0.091729,released_listeners=1,
start_task=,name=trsm_rightprofile,tick=176,start_time=127041.993675,nthreads=89,
message=tick stats,tick=176,estimated_current_power=0.000000,
end_task=,name=trsm_rightprofile,elapsed_seconds=0.555457,predicted_seconds=0.000000,time_percent_error=100.000000,nthreads=89,end_time=127042.550421,avg_power_W=144.909091,max_power_W=160.000000,avg_time_s=0.079351,released_listeners=1,
start_task=,name=trsm_left,tick=177,start_time=127042.550494,nthreads=89,
message=tick stats,tick=177,estimated_current_power=88.366667,
end_task=,name=trsm_left,elapsed_seconds=0.188631,predicted_seconds=0.047409,time_percent_error=74.866812,nthreads=89,end_time=127042.739942,avg_power_W=138.250000,max_power_W=147.000000,avg_time_s=0.188631,released_listeners=1,
start_task=,name=trsm_right,tick=178,start_time=127042.740014,nthreads=89,
message=tick stats,tick=178,estimated_current_power=95.100000,
end_task=,name=trsm_right,elapsed_seconds=0.071693,predicted_seconds=0.031629,time_percent_error=55.883139,nthreads=89,end_time=127042.826742,avg_power_W=137.500000,max_power_W=138.000000,avg_time_s=0.071693,released_listeners=1,
start_task=,name=lu_gemmprofile,tick=179,start_time=127042.826818,nthreads=89,
message=tick stats,tick=179,estimated_current_power=0.000000,
end_task=,name=lu_gemmprofile,elapsed_seconds=0.564207,predicted_seconds=0.000000,time_percent_error=100.000000,nthreads=89,end_time=127043.391923,avg_power_W=154.454545,max_power_W=165.000000,avg_time_s=0.056421,released_listeners=1,
start_task=,name=lu_gemm,tick=180,start_time=127043.391995,nthreads=89,
message=tick stats,tick=180,estimated_current_power=104.100000,
end_task=,name=lu_gemm,elapsed_seconds=0.116709,predicted_seconds=0.034033,time_percent_error=70.839339,nthreads=89,end_time=127043.525477,avg_power_W=146.666667,max_power_W=157.000000,avg_time_s=0.116709,released_listeners=1,
start_task=,name=getrfprofile,tick=181,start_time=127043.525554,nthreads=89,
message=tick stats,tick=181,estimated_current_power=0.000000,
end_task=,name=getrfprofile,elapsed_seconds=0.607404,predicted_seconds=0.000000,time_percent_error=100.000000,nthreads=89,end_time=127044.133769,avg_power_W=144.833333,max_power_W=154.000000,avg_time_s=0.202468,released_listeners=1,
start_task=,name=getrf,tick=182,start_time=127044.133840,nthreads=89,
message=tick stats,tick=182,estimated_current_power=80.266667,
end_task=,name=getrf,elapsed_seconds=0.197278,predicted_seconds=0.145623,time_percent_error=26.183883,nthreads=89,end_time=127044.331972,avg_power_W=142.500000,max_power_W=146.000000,avg_time_s=0.197278,released_listeners=0,
est_max_power=104.100000,
average_power_W=142.500000,
max_power_W=146.000000,
time_s=62.671907,
message=ALL DONE,
