message=cataloging configuration,max_threads=39,power_limit=inf,
start_task=,name=getrfprofile,tick=1,start_time=100836.729834,nthreads=39,
message=tick stats,tick=1,estimated_current_power=0.000000,
end_task=,name=getrfprofile,elapsed_seconds=1.022674,predicted_seconds=0.000000,time_percent_error=100.000000,nthreads=39,end_time=100837.753746,avg_power_W=110.050000,max_power_W=117.000000,avg_time_s=1.022674,released_listeners=1,
start_task=,name=getrf,tick=2,start_time=100837.753800,nthreads=39,
message=tick stats,tick=2,estimated_current_power=54.600000,
end_task=,name=getrf,elapsed_seconds=0.478408,predicted_seconds=0.283124,time_percent_error=40.819458,nthreads=39,end_time=100838.245387,avg_power_W=115.300000,max_power_W=117.000000,avg_time_s=0.478408,released_listeners=10,
start_task=,name=trsm_leftprofile,tick=3,start_time=100838.245462,nthreads=39,
message=tick stats,tick=3,estimated_current_power=0.000000,
end_task=,name=trsm_leftprofile,elapsed_seconds=0.538253,predicted_seconds=0.000000,time_percent_error=100.000000,nthreads=39,end_time=100838.795440,avg_power_W=125.545455,max_power_W=131.000000,avg_time_s=0.053825,released_listeners=1,
start_task=,name=trsm_rightprofile,tick=4,start_time=100838.795493,nthreads=39,
message=tick stats,tick=4,estimated_current_power=0.000000,
end_task=,name=trsm_rightprofile,elapsed_seconds=0.566062,predicted_seconds=0.000000,time_percent_error=100.000000,nthreads=39,end_time=100839.362396,avg_power_W=125.909091,max_power_W=131.000000,avg_time_s=0.062896,released_listeners=1,
start_task=,name=trsm_leftprofile,tick=5,start_time=100839.362445,nthreads=39,
message=tick stats,tick=5,estimated_current_power=0.000000,
end_task=,name=trsm_leftprofile,elapsed_seconds=0.513473,predicted_seconds=0.000000,time_percent_error=100.000000,nthreads=39,end_time=100839.876624,avg_power_W=127.400000,max_power_W=130.000000,avg_time_s=0.051347,released_listeners=1,
start_task=,name=trsm_rightprofile,tick=6,start_time=100839.876674,nthreads=39,
message=tick stats,tick=6,estimated_current_power=0.000000,
end_task=,name=trsm_rightprofile,elapsed_seconds=0.520284,predicted_seconds=0.000000,time_percent_error=100.000000,nthreads=39,end_time=100840.397773,avg_power_W=127.636364,max_power_W=131.000000,avg_time_s=0.057809,released_listeners=1,
start_task=,name=trsm_leftprofile,tick=7,start_time=100840.397822,nthreads=39,
message=tick stats,tick=7,estimated_current_power=0.000000,
end_task=,name=trsm_leftprofile,elapsed_seconds=0.510521,predicted_seconds=0.000000,time_percent_error=100.000000,nthreads=39,end_time=100840.909009,avg_power_W=129.400000,max_power_W=132.000000,avg_time_s=0.051052,released_listeners=1,
start_task=,name=trsm_rightprofile,tick=8,start_time=100840.909058,nthreads=39,
message=tick stats,tick=8,estimated_current_power=0.000000,
end_task=,name=trsm_rightprofile,elapsed_seconds=0.509704,predicted_seconds=0.000000,time_percent_error=100.000000,nthreads=39,end_time=100841.419623,avg_power_W=129.200000,max_power_W=134.000000,avg_time_s=0.056634,released_listeners=1,
start_task=,name=trsm_leftprofile,tick=9,start_time=100841.419672,nthreads=39,
message=tick stats,tick=9,estimated_current_power=0.000000,
end_task=,name=trsm_leftprofile,elapsed_seconds=0.547993,predicted_seconds=0.000000,time_percent_error=100.000000,nthreads=39,end_time=100841.968390,avg_power_W=129.454545,max_power_W=132.000000,avg_time_s=0.049818,released_listeners=1,
start_task=,name=trsm_rightprofile,tick=10,start_time=100841.968442,nthreads=39,
message=tick stats,tick=10,estimated_current_power=0.000000,
end_task=,name=trsm_rightprofile,elapsed_seconds=0.528213,predicted_seconds=0.000000,time_percent_error=100.000000,nthreads=39,end_time=100842.497622,avg_power_W=128.545455,max_power_W=133.000000,avg_time_s=0.058690,released_listeners=1,
start_task=,name=trsm_leftprofile,tick=11,start_time=100842.497674,nthreads=39,
message=tick stats,tick=11,estimated_current_power=0.000000,
end_task=,name=trsm_leftprofile,elapsed_seconds=0.507588,predicted_seconds=0.000000,time_percent_error=100.000000,nthreads=39,end_time=100843.005912,avg_power_W=129.700000,max_power_W=133.000000,avg_time_s=0.050759,released_listeners=1,
start_task=,name=trsm_rightprofile,tick=12,start_time=100843.005969,nthreads=39,
message=tick stats,tick=12,estimated_current_power=0.000000,
end_task=,name=trsm_rightprofile,elapsed_seconds=0.519646,predicted_seconds=0.000000,time_percent_error=100.000000,nthreads=39,end_time=100843.526462,avg_power_W=129.700000,max_power_W=133.000000,avg_time_s=0.057738,released_listeners=1,
start_task=,name=trsm_left,tick=13,start_time=100843.526511,nthreads=39,
message=tick stats,tick=13,estimated_current_power=69.233333,
end_task=,name=trsm_left,elapsed_seconds=0.062636,predicted_seconds=0.027695,time_percent_error=55.785120,nthreads=39,end_time=100843.595323,avg_power_W=124.000000,max_power_W=129.000000,avg_time_s=0.062636,released_listeners=5,
start_task=,name=trsm_right,tick=14,start_time=100843.595382,nthreads=39,
message=tick stats,tick=14,estimated_current_power=68.166667,
end_task=,name=trsm_right,elapsed_seconds=0.067651,predicted_seconds=0.030294,time_percent_error=55.220070,nthreads=39,end_time=100843.663993,avg_power_W=124.000000,max_power_W=124.000000,avg_time_s=0.067651,released_listeners=5,
start_task=,name=trsm_left,tick=15,start_time=100843.664040,nthreads=39,
message=tick stats,tick=15,estimated_current_power=69.233333,
end_task=,name=trsm_left,elapsed_seconds=0.058497,predicted_seconds=0.027695,time_percent_error=52.656804,nthreads=39,end_time=100843.723255,avg_power_W=129.000000,max_power_W=129.000000,avg_time_s=0.058497,released_listeners=5,
start_task=,name=trsm_right,tick=16,start_time=100843.723307,nthreads=39,
message=tick stats,tick=16,estimated_current_power=68.166667,
end_task=,name=trsm_right,elapsed_seconds=0.066788,predicted_seconds=0.030294,time_percent_error=54.641440,nthreads=39,end_time=100843.794999,avg_power_W=125.500000,max_power_W=126.000000,avg_time_s=0.066788,released_listeners=5,
start_task=,name=trsm_left,tick=17,start_time=100843.795062,nthreads=39,
message=tick stats,tick=17,estimated_current_power=69.233333,
end_task=,name=trsm_left,elapsed_seconds=0.060294,predicted_seconds=0.027695,time_percent_error=54.067847,nthreads=39,end_time=100843.856082,avg_power_W=125.000000,max_power_W=125.000000,avg_time_s=0.060294,released_listeners=5,
start_task=,name=trsm_right,tick=18,start_time=100843.856136,nthreads=39,
message=tick stats,tick=18,estimated_current_power=68.166667,
end_task=,name=trsm_right,elapsed_seconds=0.063896,predicted_seconds=0.030294,time_percent_error=52.588608,nthreads=39,end_time=100843.920748,avg_power_W=130.000000,max_power_W=130.000000,avg_time_s=0.063896,released_listeners=5,
start_task=,name=trsm_left,tick=19,start_time=100843.920800,nthreads=39,
message=tick stats,tick=19,estimated_current_power=69.233333,
end_task=,name=trsm_left,elapsed_seconds=0.055253,predicted_seconds=0.027695,time_percent_error=49.876427,nthreads=39,end_time=100843.977278,avg_power_W=124.000000,max_power_W=124.000000,avg_time_s=0.055253,released_listeners=5,
start_task=,name=trsm_right,tick=20,start_time=100843.977327,nthreads=39,
message=tick stats,tick=20,estimated_current_power=68.166667,
end_task=,name=trsm_right,elapsed_seconds=0.066372,predicted_seconds=0.030294,time_percent_error=54.357075,nthreads=39,end_time=100844.045488,avg_power_W=123.000000,max_power_W=124.000000,avg_time_s=0.066372,released_listeners=5,
start_task=,name=trsm_left,tick=21,start_time=100844.045543,nthreads=39,
message=tick stats,tick=21,estimated_current_power=69.233333,
end_task=,name=trsm_left,elapsed_seconds=0.058438,predicted_seconds=0.027695,time_percent_error=52.608314,nthreads=39,end_time=100844.104697,avg_power_W=125.000000,max_power_W=125.000000,avg_time_s=0.058438,released_listeners=5,
start_task=,name=trsm_right,tick=22,start_time=100844.104749,nthreads=39,
message=tick stats,tick=22,estimated_current_power=68.166667,
end_task=,name=trsm_right,elapsed_seconds=0.065511,predicted_seconds=0.030294,time_percent_error=53.757230,nthreads=39,end_time=100844.170877,avg_power_W=130.000000,max_power_W=130.000000,avg_time_s=0.065511,released_listeners=5,
start_task=,name=lu_gemmprofile,tick=23,start_time=100844.170935,nthreads=39,
message=tick stats,tick=23,estimated_current_power=0.000000,
end_task=,name=lu_gemmprofile,elapsed_seconds=0.579479,predicted_seconds=0.000000,time_percent_error=100.000000,nthreads=39,end_time=100844.751076,avg_power_W=127.666667,max_power_W=134.000000,avg_time_s=0.096580,released_listeners=1,
start_task=,name=lu_gemmprofile,tick=24,start_time=100844.751131,nthreads=39,
message=tick stats,tick=24,estimated_current_power=0.000000,
end_task=,name=lu_gemmprofile,elapsed_seconds=0.559643,predicted_seconds=0.000000,time_percent_error=100.000000,nthreads=39,end_time=100845.311616,avg_power_W=127.272727,max_power_W=133.000000,avg_time_s=0.093274,released_listeners=1,
start_task=,name=lu_gemmprofile,tick=25,start_time=100845.311666,nthreads=39,
message=tick stats,tick=25,estimated_current_power=0.000000,
end_task=,name=lu_gemmprofile,elapsed_seconds=0.564270,predicted_seconds=0.000000,time_percent_error=100.000000,nthreads=39,end_time=100845.876842,avg_power_W=128.000000,max_power_W=134.000000,avg_time_s=0.094045,released_listeners=1,
start_task=,name=lu_gemmprofile,tick=26,start_time=100845.876891,nthreads=39,
message=tick stats,tick=26,estimated_current_power=0.000000,
end_task=,name=lu_gemmprofile,elapsed_seconds=0.556063,predicted_seconds=0.000000,time_percent_error=100.000000,nthreads=39,end_time=100846.445160,avg_power_W=128.916667,max_power_W=135.000000,avg_time_s=0.092677,released_listeners=1,
start_task=,name=lu_gemmprofile,tick=27,start_time=100846.445214,nthreads=39,
message=tick stats,tick=27,estimated_current_power=0.000000,
end_task=,name=lu_gemmprofile,elapsed_seconds=0.573655,predicted_seconds=0.000000,time_percent_error=100.000000,nthreads=39,end_time=100847.020375,avg_power_W=127.909091,max_power_W=134.000000,avg_time_s=0.095609,released_listeners=1,
start_task=,name=lu_gemmprofile,tick=28,start_time=100847.020426,nthreads=39,
message=tick stats,tick=28,estimated_current_power=0.000000,
end_task=,name=lu_gemmprofile,elapsed_seconds=0.514075,predicted_seconds=0.000000,time_percent_error=100.000000,nthreads=39,end_time=100847.546159,avg_power_W=126.909091,max_power_W=134.000000,avg_time_s=0.102815,released_listeners=1,
start_task=,name=lu_gemmprofile,tick=29,start_time=100847.546215,nthreads=39,
message=tick stats,tick=29,estimated_current_power=0.000000,
end_task=,name=lu_gemmprofile,elapsed_seconds=0.590971,predicted_seconds=0.000000,time_percent_error=100.000000,nthreads=39,end_time=100848.145436,avg_power_W=127.083333,max_power_W=133.000000,avg_time_s=0.098495,released_listeners=1,
start_task=,name=lu_gemmprofile,tick=30,start_time=100848.145490,nthreads=39,
message=tick stats,tick=30,estimated_current_power=0.000000,
end_task=,name=lu_gemmprofile,elapsed_seconds=0.582665,predicted_seconds=0.000000,time_percent_error=100.000000,nthreads=39,end_time=100848.745162,avg_power_W=128.250000,max_power_W=134.000000,avg_time_s=0.097111,released_listeners=1,
start_task=,name=lu_gemmprofile,tick=31,start_time=100848.745216,nthreads=39,
message=tick stats,tick=31,estimated_current_power=0.000000,
end_task=,name=lu_gemmprofile,elapsed_seconds=0.564156,predicted_seconds=0.000000,time_percent_error=100.000000,nthreads=39,end_time=100849.310891,avg_power_W=127.454545,max_power_W=134.000000,avg_time_s=0.094026,released_listeners=1,
start_task=,name=lu_gemmprofile,tick=32,start_time=100849.310941,nthreads=39,
message=tick stats,tick=32,estimated_current_power=0.000000,
end_task=,name=lu_gemmprofile,elapsed_seconds=0.562054,predicted_seconds=0.000000,time_percent_error=100.000000,nthreads=39,end_time=100849.874633,avg_power_W=128.181818,max_power_W=134.000000,avg_time_s=0.093676,released_listeners=1,
start_task=,name=lu_gemmprofile,tick=33,start_time=100849.874684,nthreads=39,
message=tick stats,tick=33,estimated_current_power=0.000000,
end_task=,name=lu_gemmprofile,elapsed_seconds=0.564323,predicted_seconds=0.000000,time_percent_error=100.000000,nthreads=39,end_time=100850.445707,avg_power_W=128.500000,max_power_W=134.000000,avg_time_s=0.094054,released_listeners=1,
start_task=,name=lu_gemmprofile,tick=34,start_time=100850.445768,nthreads=39,
message=tick stats,tick=34,estimated_current_power=0.000000,
end_task=,name=lu_gemmprofile,elapsed_seconds=0.572454,predicted_seconds=0.000000,time_percent_error=100.000000,nthreads=39,end_time=100851.019685,avg_power_W=128.909091,max_power_W=135.000000,avg_time_s=0.095409,released_listeners=1,
start_task=,name=lu_gemmprofile,tick=35,start_time=100851.019736,nthreads=39,
message=tick stats,tick=35,estimated_current_power=0.000000,
end_task=,name=lu_gemmprofile,elapsed_seconds=0.584830,predicted_seconds=0.000000,time_percent_error=100.000000,nthreads=39,end_time=100851.605809,avg_power_W=128.333333,max_power_W=134.000000,avg_time_s=0.097472,released_listeners=1,
start_task=,name=lu_gemmprofile,tick=36,start_time=100851.605860,nthreads=39,
message=tick stats,tick=36,estimated_current_power=0.000000,
end_task=,name=lu_gemmprofile,elapsed_seconds=0.573526,predicted_seconds=0.000000,time_percent_error=100.000000,nthreads=39,end_time=100852.195761,avg_power_W=128.583333,max_power_W=134.000000,avg_time_s=0.095588,released_listeners=1,
start_task=,name=lu_gemmprofile,tick=37,start_time=100852.195815,nthreads=39,
message=tick stats,tick=37,estimated_current_power=0.000000,
end_task=,name=lu_gemmprofile,elapsed_seconds=0.574080,predicted_seconds=0.000000,time_percent_error=100.000000,nthreads=39,end_time=100852.771439,avg_power_W=127.727273,max_power_W=135.000000,avg_time_s=0.095680,released_listeners=1,
start_task=,name=lu_gemmprofile,tick=38,start_time=100852.771492,nthreads=39,
message=tick stats,tick=38,estimated_current_power=0.000000,
end_task=,name=lu_gemmprofile,elapsed_seconds=0.561915,predicted_seconds=0.000000,time_percent_error=100.000000,nthreads=39,end_time=100853.345731,avg_power_W=129.583333,max_power_W=134.000000,avg_time_s=0.093653,released_listeners=1,
start_task=,name=lu_gemmprofile,tick=39,start_time=100853.345785,nthreads=39,
message=tick stats,tick=39,estimated_current_power=0.000000,
end_task=,name=lu_gemmprofile,elapsed_seconds=0.562742,predicted_seconds=0.000000,time_percent_error=100.000000,nthreads=39,end_time=100853.910158,avg_power_W=129.090909,max_power_W=134.000000,avg_time_s=0.093790,released_listeners=1,
start_task=,name=lu_gemmprofile,tick=40,start_time=100853.910240,nthreads=39,
message=tick stats,tick=40,estimated_current_power=0.000000,
end_task=,name=lu_gemmprofile,elapsed_seconds=0.568167,predicted_seconds=0.000000,time_percent_error=100.000000,nthreads=39,end_time=100854.495959,avg_power_W=129.500000,max_power_W=134.000000,avg_time_s=0.094695,released_listeners=1,
start_task=,name=lu_gemmprofile,tick=41,start_time=100854.496017,nthreads=39,
message=tick stats,tick=41,estimated_current_power=0.000000,
end_task=,name=lu_gemmprofile,elapsed_seconds=0.565674,predicted_seconds=0.000000,time_percent_error=100.000000,nthreads=39,end_time=100855.062608,avg_power_W=128.363636,max_power_W=134.000000,avg_time_s=0.094279,released_listeners=1,
start_task=,name=lu_gemmprofile,tick=42,start_time=100855.062658,nthreads=39,
message=tick stats,tick=42,estimated_current_power=0.000000,
end_task=,name=lu_gemmprofile,elapsed_seconds=0.512432,predicted_seconds=0.000000,time_percent_error=100.000000,nthreads=39,end_time=100855.575850,avg_power_W=126.600000,max_power_W=133.000000,avg_time_s=0.102486,released_listeners=1,
start_task=,name=lu_gemmprofile,tick=43,start_time=100855.575901,nthreads=39,
message=tick stats,tick=43,estimated_current_power=0.000000,
end_task=,name=lu_gemmprofile,elapsed_seconds=0.511369,predicted_seconds=0.000000,time_percent_error=100.000000,nthreads=39,end_time=100856.095491,avg_power_W=127.090909,max_power_W=134.000000,avg_time_s=0.102274,released_listeners=1,
start_task=,name=lu_gemmprofile,tick=44,start_time=100856.095545,nthreads=39,
message=tick stats,tick=44,estimated_current_power=0.000000,
end_task=,name=lu_gemmprofile,elapsed_seconds=0.567068,predicted_seconds=0.000000,time_percent_error=100.000000,nthreads=39,end_time=100856.663843,avg_power_W=128.181818,max_power_W=135.000000,avg_time_s=0.094511,released_listeners=1,
start_task=,name=lu_gemmprofile,tick=45,start_time=100856.663900,nthreads=39,
message=tick stats,tick=45,estimated_current_power=0.000000,
end_task=,name=lu_gemmprofile,elapsed_seconds=0.553534,predicted_seconds=0.000000,time_percent_error=100.000000,nthreads=39,end_time=100857.218867,avg_power_W=129.818182,max_power_W=134.000000,avg_time_s=0.092256,released_listeners=1,
start_task=,name=lu_gemmprofile,tick=46,start_time=100857.218918,nthreads=39,
message=tick stats,tick=46,estimated_current_power=0.000000,
end_task=,name=lu_gemmprofile,elapsed_seconds=0.539525,predicted_seconds=0.000000,time_percent_error=100.000000,nthreads=39,end_time=100857.759388,avg_power_W=129.454545,max_power_W=134.000000,avg_time_s=0.089921,released_listeners=1,
start_task=,name=lu_gemmprofile,tick=47,start_time=100857.759439,nthreads=39,
message=tick stats,tick=47,estimated_current_power=0.000000,
end_task=,name=lu_gemmprofile,elapsed_seconds=0.549519,predicted_seconds=0.000000,time_percent_error=100.000000,nthreads=39,end_time=100858.310119,avg_power_W=129.727273,max_power_W=133.000000,avg_time_s=0.091587,released_listeners=1,
start_task=,name=lu_gemm,tick=48,start_time=100858.310175,nthreads=39,
message=tick stats,tick=48,estimated_current_power=70.536364,
end_task=,name=lu_gemm,elapsed_seconds=0.129967,predicted_seconds=0.047385,time_percent_error=63.540496,nthreads=39,end_time=100858.445425,avg_power_W=127.000000,max_power_W=132.000000,avg_time_s=0.129967,released_listeners=1,
start_task=,name=lu_gemm,tick=49,start_time=100858.445479,nthreads=39,
message=tick stats,tick=49,estimated_current_power=70.536364,
end_task=,name=lu_gemm,elapsed_seconds=0.128100,predicted_seconds=0.047385,time_percent_error=63.009258,nthreads=39,end_time=100858.574882,avg_power_W=120.500000,max_power_W=124.000000,avg_time_s=0.128100,released_listeners=0,
start_task=,name=lu_gemm,tick=50,start_time=100858.574931,nthreads=39,
message=tick stats,tick=50,estimated_current_power=70.536364,
end_task=,name=lu_gemm,elapsed_seconds=0.129175,predicted_seconds=0.047385,time_percent_error=63.317042,nthreads=39,end_time=100858.705342,avg_power_W=127.666667,max_power_W=134.000000,avg_time_s=0.129175,released_listeners=1,
start_task=,name=lu_gemm,tick=51,start_time=100858.705393,nthreads=39,
message=tick stats,tick=51,estimated_current_power=70.536364,
end_task=,name=lu_gemm,elapsed_seconds=0.132059,predicted_seconds=0.047385,time_percent_error=64.118248,nthreads=39,end_time=100858.845352,avg_power_W=125.666667,max_power_W=133.000000,avg_time_s=0.132059,released_listeners=0,
start_task=,name=lu_gemm,tick=52,start_time=100858.845405,nthreads=39,
message=tick stats,tick=52,estimated_current_power=70.536364,
end_task=,name=lu_gemm,elapsed_seconds=0.133972,predicted_seconds=0.047385,time_percent_error=64.630545,nthreads=39,end_time=100858.995740,avg_power_W=125.000000,max_power_W=134.000000,avg_time_s=0.133972,released_listeners=0,
start_task=,name=lu_gemm,tick=53,start_time=100858.995794,nthreads=39,
message=tick stats,tick=53,estimated_current_power=70.536364,
end_task=,name=lu_gemm,elapsed_seconds=0.132640,predicted_seconds=0.047385,time_percent_error=64.275380,nthreads=39,end_time=100859.145319,avg_power_W=122.000000,max_power_W=133.000000,avg_time_s=0.132640,released_listeners=0,
start_task=,name=lu_gemm,tick=54,start_time=100859.145372,nthreads=39,
message=tick stats,tick=54,estimated_current_power=70.536364,
end_task=,name=lu_gemm,elapsed_seconds=0.136246,predicted_seconds=0.047385,time_percent_error=65.220933,nthreads=39,end_time=100859.295944,avg_power_W=122.666667,max_power_W=131.000000,avg_time_s=0.136246,released_listeners=1,
start_task=,name=lu_gemm,tick=55,start_time=100859.295998,nthreads=39,
message=tick stats,tick=55,estimated_current_power=70.536364,
end_task=,name=lu_gemm,elapsed_seconds=0.146790,predicted_seconds=0.047385,time_percent_error=67.718979,nthreads=39,end_time=100859.446122,avg_power_W=122.000000,max_power_W=131.000000,avg_time_s=0.146790,released_listeners=1,
start_task=,name=lu_gemm,tick=56,start_time=100859.446183,nthreads=39,
message=tick stats,tick=56,estimated_current_power=70.536364,
end_task=,name=lu_gemm,elapsed_seconds=0.139898,predicted_seconds=0.047385,time_percent_error=66.128682,nthreads=39,end_time=100859.595737,avg_power_W=123.666667,max_power_W=131.000000,avg_time_s=0.139898,released_listeners=1,
start_task=,name=lu_gemm,tick=57,start_time=100859.595792,nthreads=39,
message=tick stats,tick=57,estimated_current_power=70.536364,
end_task=,name=lu_gemm,elapsed_seconds=0.150252,predicted_seconds=0.047385,time_percent_error=68.462758,nthreads=39,end_time=100859.748217,avg_power_W=120.666667,max_power_W=127.000000,avg_time_s=0.150252,released_listeners=1,
start_task=,name=lu_gemm,tick=58,start_time=100859.748268,nthreads=39,
message=tick stats,tick=58,estimated_current_power=70.536364,
end_task=,name=lu_gemm,elapsed_seconds=0.146023,predicted_seconds=0.047385,time_percent_error=67.549434,nthreads=39,end_time=100859.895417,avg_power_W=122.333333,max_power_W=130.000000,avg_time_s=0.146023,released_listeners=0,
start_task=,name=lu_gemm,tick=59,start_time=100859.895470,nthreads=39,
message=tick stats,tick=59,estimated_current_power=70.536364,
end_task=,name=lu_gemm,elapsed_seconds=0.141143,predicted_seconds=0.047385,time_percent_error=66.427554,nthreads=39,end_time=100860.045757,avg_power_W=121.666667,max_power_W=130.000000,avg_time_s=0.141143,released_listeners=0,
start_task=,name=lu_gemm,tick=60,start_time=100860.045810,nthreads=39,
message=tick stats,tick=60,estimated_current_power=70.536364,
end_task=,name=lu_gemm,elapsed_seconds=0.147801,predicted_seconds=0.047385,time_percent_error=67.939897,nthreads=39,end_time=100860.195598,avg_power_W=122.666667,max_power_W=131.000000,avg_time_s=0.147801,released_listeners=1,
start_task=,name=lu_gemm,tick=61,start_time=100860.195653,nthreads=39,
message=tick stats,tick=61,estimated_current_power=70.536364,
end_task=,name=lu_gemm,elapsed_seconds=0.141342,predicted_seconds=0.047385,time_percent_error=66.474683,nthreads=39,end_time=100860.345544,avg_power_W=123.333333,max_power_W=131.000000,avg_time_s=0.141342,released_listeners=0,
start_task=,name=lu_gemm,tick=62,start_time=100860.345598,nthreads=39,
message=tick stats,tick=62,estimated_current_power=70.536364,
end_task=,name=lu_gemm,elapsed_seconds=0.137814,predicted_seconds=0.047385,time_percent_error=65.616436,nthreads=39,end_time=100860.495807,avg_power_W=122.666667,max_power_W=132.000000,avg_time_s=0.137814,released_listeners=0,
start_task=,name=lu_gemm,tick=63,start_time=100860.495862,nthreads=39,
message=tick stats,tick=63,estimated_current_power=70.536364,
end_task=,name=lu_gemm,elapsed_seconds=0.140899,predicted_seconds=0.047385,time_percent_error=66.369480,nthreads=39,end_time=100860.646157,avg_power_W=121.666667,max_power_W=132.000000,avg_time_s=0.140899,released_listeners=0,
start_task=,name=lu_gemm,tick=64,start_time=100860.646211,nthreads=39,
message=tick stats,tick=64,estimated_current_power=70.536364,
end_task=,name=lu_gemm,elapsed_seconds=0.144812,predicted_seconds=0.047385,time_percent_error=67.278088,nthreads=39,end_time=100860.795972,avg_power_W=121.000000,max_power_W=130.000000,avg_time_s=0.144812,released_listeners=1,
start_task=,name=lu_gemm,tick=65,start_time=100860.796026,nthreads=39,
message=tick stats,tick=65,estimated_current_power=70.536364,
end_task=,name=lu_gemm,elapsed_seconds=0.136169,predicted_seconds=0.047385,time_percent_error=65.201128,nthreads=39,end_time=100860.945984,avg_power_W=124.333333,max_power_W=133.000000,avg_time_s=0.136169,released_listeners=0,
start_task=,name=lu_gemm,tick=66,start_time=100860.946038,nthreads=39,
message=tick stats,tick=66,estimated_current_power=70.536364,
end_task=,name=lu_gemm,elapsed_seconds=0.137074,predicted_seconds=0.047385,time_percent_error=65.431061,nthreads=39,end_time=100861.095280,avg_power_W=122.000000,max_power_W=131.000000,avg_time_s=0.137074,released_listeners=0,
start_task=,name=lu_gemm,tick=67,start_time=100861.095333,nthreads=39,
message=tick stats,tick=67,estimated_current_power=70.536364,
end_task=,name=lu_gemm,elapsed_seconds=0.139041,predicted_seconds=0.047385,time_percent_error=65.920022,nthreads=39,end_time=100861.245339,avg_power_W=120.666667,max_power_W=131.000000,avg_time_s=0.139041,released_listeners=0,
start_task=,name=lu_gemm,tick=68,start_time=100861.245406,nthreads=39,
message=tick stats,tick=68,estimated_current_power=70.536364,
end_task=,name=lu_gemm,elapsed_seconds=0.137767,predicted_seconds=0.047385,time_percent_error=65.604808,nthreads=39,end_time=100861.395503,avg_power_W=122.000000,max_power_W=131.000000,avg_time_s=0.137767,released_listeners=1,
start_task=,name=lu_gemm,tick=69,start_time=100861.395558,nthreads=39,
message=tick stats,tick=69,estimated_current_power=70.536364,
end_task=,name=lu_gemm,elapsed_seconds=0.136212,predicted_seconds=0.047385,time_percent_error=65.212198,nthreads=39,end_time=100861.545351,avg_power_W=123.333333,max_power_W=133.000000,avg_time_s=0.136212,released_listeners=0,
start_task=,name=lu_gemm,tick=70,start_time=100861.545404,nthreads=39,
message=tick stats,tick=70,estimated_current_power=70.536364,
end_task=,name=lu_gemm,elapsed_seconds=0.140458,predicted_seconds=0.047385,time_percent_error=66.263801,nthreads=39,end_time=100861.695678,avg_power_W=123.000000,max_power_W=133.000000,avg_time_s=0.140458,released_listeners=0,
start_task=,name=lu_gemm,tick=71,start_time=100861.695731,nthreads=39,
message=tick stats,tick=71,estimated_current_power=70.536364,
end_task=,name=lu_gemm,elapsed_seconds=0.134078,predicted_seconds=0.047385,time_percent_error=64.658598,nthreads=39,end_time=100861.845751,avg_power_W=124.000000,max_power_W=132.000000,avg_time_s=0.134078,released_listeners=0,
start_task=,name=lu_gemm,tick=72,start_time=100861.845803,nthreads=39,
message=tick stats,tick=72,estimated_current_power=70.536364,
end_task=,name=lu_gemm,elapsed_seconds=0.132639,predicted_seconds=0.047385,time_percent_error=64.274971,nthreads=39,end_time=100861.979294,avg_power_W=118.000000,max_power_W=119.000000,avg_time_s=0.132639,released_listeners=0,
start_task=,name=getrfprofile,tick=73,start_time=100861.979344,nthreads=39,
message=tick stats,tick=73,estimated_current_power=0.000000,
end_task=,name=getrfprofile,elapsed_seconds=0.887831,predicted_seconds=0.000000,time_percent_error=100.000000,nthreads=39,end_time=100862.868372,avg_power_W=120.055556,max_power_W=134.000000,avg_time_s=0.443915,released_listeners=1,
start_task=,name=getrf,tick=74,start_time=100862.868423,nthreads=39,
message=tick stats,tick=74,estimated_current_power=54.600000,
end_task=,name=getrf,elapsed_seconds=0.487493,predicted_seconds=0.283124,time_percent_error=41.922406,nthreads=39,end_time=100863.357507,avg_power_W=118.200000,max_power_W=119.000000,avg_time_s=0.487493,released_listeners=8,
start_task=,name=trsm_leftprofile,tick=75,start_time=100863.357561,nthreads=39,
message=tick stats,tick=75,estimated_current_power=0.000000,
end_task=,name=trsm_leftprofile,elapsed_seconds=0.552389,predicted_seconds=0.000000,time_percent_error=100.000000,nthreads=39,end_time=100863.911389,avg_power_W=128.363636,max_power_W=135.000000,avg_time_s=0.055239,released_listeners=1,
start_task=,name=trsm_rightprofile,tick=76,start_time=100863.911441,nthreads=39,
message=tick stats,tick=76,estimated_current_power=0.000000,
end_task=,name=trsm_rightprofile,elapsed_seconds=0.528025,predicted_seconds=0.000000,time_percent_error=100.000000,nthreads=39,end_time=100864.445431,avg_power_W=128.636364,max_power_W=132.000000,avg_time_s=0.058669,released_listeners=1,
start_task=,name=trsm_leftprofile,tick=77,start_time=100864.445485,nthreads=39,
message=tick stats,tick=77,estimated_current_power=0.000000,
end_task=,name=trsm_leftprofile,elapsed_seconds=0.507232,predicted_seconds=0.000000,time_percent_error=100.000000,nthreads=39,end_time=100864.953978,avg_power_W=131.400000,max_power_W=133.000000,avg_time_s=0.050723,released_listeners=1,
start_task=,name=trsm_rightprofile,tick=78,start_time=100864.954028,nthreads=39,
message=tick stats,tick=78,estimated_current_power=0.000000,
end_task=,name=trsm_rightprofile,elapsed_seconds=0.562799,predicted_seconds=0.000000,time_percent_error=100.000000,nthreads=39,end_time=100865.517945,avg_power_W=129.636364,max_power_W=134.000000,avg_time_s=0.056280,released_listeners=1,
start_task=,name=trsm_leftprofile,tick=79,start_time=100865.518002,nthreads=39,
message=tick stats,tick=79,estimated_current_power=0.000000,
end_task=,name=trsm_leftprofile,elapsed_seconds=0.547402,predicted_seconds=0.000000,time_percent_error=100.000000,nthreads=39,end_time=100866.067219,avg_power_W=130.636364,max_power_W=134.000000,avg_time_s=0.049764,released_listeners=1,
start_task=,name=trsm_rightprofile,tick=80,start_time=100866.067272,nthreads=39,
message=tick stats,tick=80,estimated_current_power=0.000000,
end_task=,name=trsm_rightprofile,elapsed_seconds=0.558708,predicted_seconds=0.000000,time_percent_error=100.000000,nthreads=39,end_time=100866.626940,avg_power_W=131.545455,max_power_W=134.000000,avg_time_s=0.055871,released_listeners=1,
start_task=,name=trsm_leftprofile,tick=81,start_time=100866.626991,nthreads=39,
message=tick stats,tick=81,estimated_current_power=0.000000,
end_task=,name=trsm_leftprofile,elapsed_seconds=0.508888,predicted_seconds=0.000000,time_percent_error=100.000000,nthreads=39,end_time=100867.145259,avg_power_W=130.545455,max_power_W=134.000000,avg_time_s=0.050889,released_listeners=1,
start_task=,name=trsm_rightprofile,tick=82,start_time=100867.145314,nthreads=39,
message=tick stats,tick=82,estimated_current_power=0.000000,
end_task=,name=trsm_rightprofile,elapsed_seconds=0.555250,predicted_seconds=0.000000,time_percent_error=100.000000,nthreads=39,end_time=100867.702098,avg_power_W=129.636364,max_power_W=132.000000,avg_time_s=0.055525,released_listeners=1,
start_task=,name=trsm_left,tick=83,start_time=100867.702154,nthreads=39,
message=tick stats,tick=83,estimated_current_power=69.233333,
end_task=,name=trsm_left,elapsed_seconds=0.060665,predicted_seconds=0.027695,time_percent_error=54.348744,nthreads=39,end_time=100867.764314,avg_power_W=128.000000,max_power_W=128.000000,avg_time_s=0.060665,released_listeners=4,
start_task=,name=trsm_right,tick=84,start_time=100867.764367,nthreads=39,
message=tick stats,tick=84,estimated_current_power=68.166667,
end_task=,name=trsm_right,elapsed_seconds=0.067229,predicted_seconds=0.030294,time_percent_error=54.939429,nthreads=39,end_time=100867.845262,avg_power_W=127.500000,max_power_W=129.000000,avg_time_s=0.067229,released_listeners=4,
start_task=,name=trsm_left,tick=85,start_time=100867.845319,nthreads=39,
message=tick stats,tick=85,estimated_current_power=69.233333,
end_task=,name=trsm_left,elapsed_seconds=0.059469,predicted_seconds=0.027695,time_percent_error=53.430675,nthreads=39,end_time=100867.906315,avg_power_W=122.000000,max_power_W=122.000000,avg_time_s=0.059469,released_listeners=4,
start_task=,name=trsm_right,tick=86,start_time=100867.906368,nthreads=39,
message=tick stats,tick=86,estimated_current_power=68.166667,
end_task=,name=trsm_right,elapsed_seconds=0.064890,predicted_seconds=0.030294,time_percent_error=53.315158,nthreads=39,end_time=100867.972141,avg_power_W=132.000000,max_power_W=132.000000,avg_time_s=0.064890,released_listeners=4,
start_task=,name=trsm_left,tick=87,start_time=100867.972236,nthreads=39,
message=tick stats,tick=87,estimated_current_power=69.233333,
end_task=,name=trsm_left,elapsed_seconds=0.060106,predicted_seconds=0.027695,time_percent_error=53.923971,nthreads=39,end_time=100868.045639,avg_power_W=124.000000,max_power_W=125.000000,avg_time_s=0.060106,released_listeners=4,
start_task=,name=trsm_right,tick=88,start_time=100868.045695,nthreads=39,
message=tick stats,tick=88,estimated_current_power=68.166667,
end_task=,name=trsm_right,elapsed_seconds=0.064366,predicted_seconds=0.030294,time_percent_error=52.934769,nthreads=39,end_time=100868.110982,avg_power_W=125.000000,max_power_W=125.000000,avg_time_s=0.064366,released_listeners=4,
start_task=,name=trsm_left,tick=89,start_time=100868.111035,nthreads=39,
message=tick stats,tick=89,estimated_current_power=69.233333,
end_task=,name=trsm_left,elapsed_seconds=0.061225,predicted_seconds=0.027695,time_percent_error=54.766029,nthreads=39,end_time=100868.173044,avg_power_W=132.000000,max_power_W=132.000000,avg_time_s=0.061225,released_listeners=4,
start_task=,name=trsm_right,tick=90,start_time=100868.173100,nthreads=39,
message=tick stats,tick=90,estimated_current_power=68.166667,
end_task=,name=trsm_right,elapsed_seconds=0.065339,predicted_seconds=0.030294,time_percent_error=53.635574,nthreads=39,end_time=100868.245352,avg_power_W=121.500000,max_power_W=122.000000,avg_time_s=0.065339,released_listeners=4,
start_task=,name=lu_gemmprofile,tick=91,start_time=100868.245408,nthreads=39,
message=tick stats,tick=91,estimated_current_power=0.000000,
end_task=,name=lu_gemmprofile,elapsed_seconds=0.557630,predicted_seconds=0.000000,time_percent_error=100.000000,nthreads=39,end_time=100868.804508,avg_power_W=129.454545,max_power_W=134.000000,avg_time_s=0.092938,released_listeners=1,
start_task=,name=lu_gemmprofile,tick=92,start_time=100868.804559,nthreads=39,
message=tick stats,tick=92,estimated_current_power=0.000000,
end_task=,name=lu_gemmprofile,elapsed_seconds=0.568613,predicted_seconds=0.000000,time_percent_error=100.000000,nthreads=39,end_time=100869.374730,avg_power_W=128.000000,max_power_W=134.000000,avg_time_s=0.094769,released_listeners=1,
start_task=,name=lu_gemmprofile,tick=93,start_time=100869.374783,nthreads=39,
message=tick stats,tick=93,estimated_current_power=0.000000,
end_task=,name=lu_gemmprofile,elapsed_seconds=0.568154,predicted_seconds=0.000000,time_percent_error=100.000000,nthreads=39,end_time=100869.945833,avg_power_W=129.500000,max_power_W=135.000000,avg_time_s=0.094692,released_listeners=1,
start_task=,name=lu_gemmprofile,tick=94,start_time=100869.945889,nthreads=39,
message=tick stats,tick=94,estimated_current_power=0.000000,
end_task=,name=lu_gemmprofile,elapsed_seconds=0.529690,predicted_seconds=0.000000,time_percent_error=100.000000,nthreads=39,end_time=100870.477187,avg_power_W=130.500000,max_power_W=134.000000,avg_time_s=0.088282,released_listeners=1,
start_task=,name=lu_gemmprofile,tick=95,start_time=100870.477242,nthreads=39,
message=tick stats,tick=95,estimated_current_power=0.000000,
end_task=,name=lu_gemmprofile,elapsed_seconds=0.524984,predicted_seconds=0.000000,time_percent_error=100.000000,nthreads=39,end_time=100871.003705,avg_power_W=130.545455,max_power_W=134.000000,avg_time_s=0.087497,released_listeners=1,
start_task=,name=lu_gemmprofile,tick=96,start_time=100871.003755,nthreads=39,
message=tick stats,tick=96,estimated_current_power=0.000000,
end_task=,name=lu_gemmprofile,elapsed_seconds=0.520104,predicted_seconds=0.000000,time_percent_error=100.000000,nthreads=39,end_time=100871.525423,avg_power_W=131.300000,max_power_W=136.000000,avg_time_s=0.086684,released_listeners=1,
start_task=,name=lu_gemmprofile,tick=97,start_time=100871.525474,nthreads=39,
message=tick stats,tick=97,estimated_current_power=0.000000,
end_task=,name=lu_gemmprofile,elapsed_seconds=0.528320,predicted_seconds=0.000000,time_percent_error=100.000000,nthreads=39,end_time=100872.055281,avg_power_W=130.363636,max_power_W=134.000000,avg_time_s=0.088053,released_listeners=1,
start_task=,name=lu_gemmprofile,tick=98,start_time=100872.055332,nthreads=39,
message=tick stats,tick=98,estimated_current_power=0.000000,
end_task=,name=lu_gemmprofile,elapsed_seconds=0.553311,predicted_seconds=0.000000,time_percent_error=100.000000,nthreads=39,end_time=100872.610229,avg_power_W=129.727273,max_power_W=135.000000,avg_time_s=0.092219,released_listeners=1,
start_task=,name=lu_gemmprofile,tick=99,start_time=100872.610281,nthreads=39,
message=tick stats,tick=99,estimated_current_power=0.000000,
end_task=,name=lu_gemmprofile,elapsed_seconds=0.567283,predicted_seconds=0.000000,time_percent_error=100.000000,nthreads=39,end_time=100873.178457,avg_power_W=129.000000,max_power_W=134.000000,avg_time_s=0.094547,released_listeners=1,
start_task=,name=lu_gemmprofile,tick=100,start_time=100873.178507,nthreads=39,
message=tick stats,tick=100,estimated_current_power=0.000000,
end_task=,name=lu_gemmprofile,elapsed_seconds=0.549026,predicted_seconds=0.000000,time_percent_error=100.000000,nthreads=39,end_time=100873.729083,avg_power_W=129.363636,max_power_W=135.000000,avg_time_s=0.091504,released_listeners=1,
start_task=,name=lu_gemmprofile,tick=101,start_time=100873.729145,nthreads=39,
message=tick stats,tick=101,estimated_current_power=0.000000,
end_task=,name=lu_gemmprofile,elapsed_seconds=0.529206,predicted_seconds=0.000000,time_percent_error=100.000000,nthreads=39,end_time=100874.258962,avg_power_W=130.727273,max_power_W=135.000000,avg_time_s=0.088201,released_listeners=1,
start_task=,name=lu_gemmprofile,tick=102,start_time=100874.259013,nthreads=39,
message=tick stats,tick=102,estimated_current_power=0.000000,
end_task=,name=lu_gemmprofile,elapsed_seconds=0.530055,predicted_seconds=0.000000,time_percent_error=100.000000,nthreads=39,end_time=100874.795385,avg_power_W=130.909091,max_power_W=134.000000,avg_time_s=0.088342,released_listeners=1,
start_task=,name=lu_gemmprofile,tick=103,start_time=100874.795440,nthreads=39,
message=tick stats,tick=103,estimated_current_power=0.000000,
end_task=,name=lu_gemmprofile,elapsed_seconds=0.528665,predicted_seconds=0.000000,time_percent_error=100.000000,nthreads=39,end_time=100875.325638,avg_power_W=129.700000,max_power_W=135.000000,avg_time_s=0.088111,released_listeners=1,
start_task=,name=lu_gemmprofile,tick=104,start_time=100875.325691,nthreads=39,
message=tick stats,tick=104,estimated_current_power=0.000000,
end_task=,name=lu_gemmprofile,elapsed_seconds=0.523477,predicted_seconds=0.000000,time_percent_error=100.000000,nthreads=39,end_time=100875.850781,avg_power_W=131.545455,max_power_W=136.000000,avg_time_s=0.087246,released_listeners=1,
start_task=,name=lu_gemmprofile,tick=105,start_time=100875.850834,nthreads=39,
message=tick stats,tick=105,estimated_current_power=0.000000,
end_task=,name=lu_gemmprofile,elapsed_seconds=0.533294,predicted_seconds=0.000000,time_percent_error=100.000000,nthreads=39,end_time=100876.395491,avg_power_W=129.909091,max_power_W=134.000000,avg_time_s=0.088882,released_listeners=1,
start_task=,name=lu_gemmprofile,tick=106,start_time=100876.395545,nthreads=39,
message=tick stats,tick=106,estimated_current_power=0.000000,
end_task=,name=lu_gemmprofile,elapsed_seconds=0.579448,predicted_seconds=0.000000,time_percent_error=100.000000,nthreads=39,end_time=100876.976888,avg_power_W=128.454545,max_power_W=135.000000,avg_time_s=0.096575,released_listeners=1,
start_task=,name=lu_gemm,tick=107,start_time=100876.976939,nthreads=39,
message=tick stats,tick=107,estimated_current_power=70.536364,
end_task=,name=lu_gemm,elapsed_seconds=0.139111,predicted_seconds=0.047385,time_percent_error=65.937108,nthreads=39,end_time=100877.118053,avg_power_W=122.666667,max_power_W=134.000000,avg_time_s=0.139111,released_listeners=1,
start_task=,name=lu_gemm,tick=108,start_time=100877.118105,nthreads=39,
message=tick stats,tick=108,estimated_current_power=70.536364,
end_task=,name=lu_gemm,elapsed_seconds=0.142706,predicted_seconds=0.047385,time_percent_error=66.795226,nthreads=39,end_time=100877.262324,avg_power_W=123.333333,max_power_W=134.000000,avg_time_s=0.142706,released_listeners=1,
start_task=,name=lu_gemm,tick=109,start_time=100877.262375,nthreads=39,
message=tick stats,tick=109,estimated_current_power=70.536364,
end_task=,name=lu_gemm,elapsed_seconds=0.133109,predicted_seconds=0.047385,time_percent_error=64.401107,nthreads=39,end_time=100877.397461,avg_power_W=127.000000,max_power_W=132.000000,avg_time_s=0.133109,released_listeners=1,
start_task=,name=lu_gemm,tick=110,start_time=100877.397513,nthreads=39,
message=tick stats,tick=110,estimated_current_power=70.536364,
end_task=,name=lu_gemm,elapsed_seconds=0.135562,predicted_seconds=0.047385,time_percent_error=65.045326,nthreads=39,end_time=100877.545875,avg_power_W=123.333333,max_power_W=132.000000,avg_time_s=0.135562,released_listeners=0,
start_task=,name=lu_gemm,tick=111,start_time=100877.545929,nthreads=39,
message=tick stats,tick=111,estimated_current_power=70.536364,
end_task=,name=lu_gemm,elapsed_seconds=0.136561,predicted_seconds=0.047385,time_percent_error=65.300993,nthreads=39,end_time=100877.695724,avg_power_W=124.333333,max_power_W=135.000000,avg_time_s=0.136561,released_listeners=1,
start_task=,name=lu_gemm,tick=112,start_time=100877.695788,nthreads=39,
message=tick stats,tick=112,estimated_current_power=70.536364,
end_task=,name=lu_gemm,elapsed_seconds=0.138772,predicted_seconds=0.047385,time_percent_error=65.853881,nthreads=39,end_time=100877.845775,avg_power_W=124.000000,max_power_W=131.000000,avg_time_s=0.138772,released_listeners=0,
start_task=,name=lu_gemm,tick=113,start_time=100877.845828,nthreads=39,
message=tick stats,tick=113,estimated_current_power=70.536364,
end_task=,name=lu_gemm,elapsed_seconds=0.136633,predicted_seconds=0.047385,time_percent_error=65.319324,nthreads=39,end_time=100877.995526,avg_power_W=123.333333,max_power_W=133.000000,avg_time_s=0.136633,released_listeners=1,
start_task=,name=lu_gemm,tick=114,start_time=100877.995581,nthreads=39,
message=tick stats,tick=114,estimated_current_power=70.536364,
end_task=,name=lu_gemm,elapsed_seconds=0.133962,predicted_seconds=0.047385,time_percent_error=64.627957,nthreads=39,end_time=100878.145003,avg_power_W=122.333333,max_power_W=133.000000,avg_time_s=0.133962,released_listeners=0,
start_task=,name=lu_gemm,tick=115,start_time=100878.145058,nthreads=39,
message=tick stats,tick=115,estimated_current_power=70.536364,
end_task=,name=lu_gemm,elapsed_seconds=0.138712,predicted_seconds=0.047385,time_percent_error=65.839240,nthreads=39,end_time=100878.295266,avg_power_W=123.000000,max_power_W=133.000000,avg_time_s=0.138712,released_listeners=0,
start_task=,name=lu_gemm,tick=116,start_time=100878.295321,nthreads=39,
message=tick stats,tick=116,estimated_current_power=70.536364,
end_task=,name=lu_gemm,elapsed_seconds=0.138643,predicted_seconds=0.047385,time_percent_error=65.822071,nthreads=39,end_time=100878.445047,avg_power_W=122.000000,max_power_W=133.000000,avg_time_s=0.138643,released_listeners=1,
start_task=,name=lu_gemm,tick=117,start_time=100878.445102,nthreads=39,
message=tick stats,tick=117,estimated_current_power=70.536364,
end_task=,name=lu_gemm,elapsed_seconds=0.134429,predicted_seconds=0.047385,time_percent_error=64.750819,nthreads=39,end_time=100878.594975,avg_power_W=123.666667,max_power_W=133.000000,avg_time_s=0.134429,released_listeners=0,
start_task=,name=lu_gemm,tick=118,start_time=100878.595030,nthreads=39,
message=tick stats,tick=118,estimated_current_power=70.536364,
end_task=,name=lu_gemm,elapsed_seconds=0.138803,predicted_seconds=0.047385,time_percent_error=65.861514,nthreads=39,end_time=100878.745221,avg_power_W=121.666667,max_power_W=134.000000,avg_time_s=0.138803,released_listeners=0,
start_task=,name=lu_gemm,tick=119,start_time=100878.745275,nthreads=39,
message=tick stats,tick=119,estimated_current_power=70.536364,
end_task=,name=lu_gemm,elapsed_seconds=0.136507,predicted_seconds=0.047385,time_percent_error=65.287333,nthreads=39,end_time=100878.895241,avg_power_W=121.666667,max_power_W=133.000000,avg_time_s=0.136507,released_listeners=1,
start_task=,name=lu_gemm,tick=120,start_time=100878.895296,nthreads=39,
message=tick stats,tick=120,estimated_current_power=70.536364,
end_task=,name=lu_gemm,elapsed_seconds=0.131391,predicted_seconds=0.047385,time_percent_error=63.935805,nthreads=39,end_time=100879.027641,avg_power_W=118.000000,max_power_W=122.000000,avg_time_s=0.131391,released_listeners=0,
start_task=,name=lu_gemm,tick=121,start_time=100879.027691,nthreads=39,
message=tick stats,tick=121,estimated_current_power=70.536364,
end_task=,name=lu_gemm,elapsed_seconds=0.134615,predicted_seconds=0.047385,time_percent_error=64.799474,nthreads=39,end_time=100879.162955,avg_power_W=125.000000,max_power_W=134.000000,avg_time_s=0.134615,released_listeners=0,
start_task=,name=lu_gemm,tick=122,start_time=100879.163005,nthreads=39,
message=tick stats,tick=122,estimated_current_power=70.536364,
end_task=,name=lu_gemm,elapsed_seconds=0.140874,predicted_seconds=0.047385,time_percent_error=66.363449,nthreads=39,end_time=100879.304558,avg_power_W=125.333333,max_power_W=130.000000,avg_time_s=0.140874,released_listeners=0,
start_task=,name=getrfprofile,tick=123,start_time=100879.304609,nthreads=39,
message=tick stats,tick=123,estimated_current_power=0.000000,
end_task=,name=getrfprofile,elapsed_seconds=0.878362,predicted_seconds=0.000000,time_percent_error=100.000000,nthreads=39,end_time=100880.195553,avg_power_W=120.055556,max_power_W=133.000000,avg_time_s=0.439181,released_listeners=1,
start_task=,name=getrf,tick=124,start_time=100880.195607,nthreads=39,
message=tick stats,tick=124,estimated_current_power=54.600000,
end_task=,name=getrf,elapsed_seconds=0.462615,predicted_seconds=0.283124,time_percent_error=38.799119,nthreads=39,end_time=100880.659200,avg_power_W=119.111111,max_power_W=120.000000,avg_time_s=0.462615,released_listeners=6,
start_task=,name=trsm_leftprofile,tick=125,start_time=100880.659296,nthreads=39,
message=tick stats,tick=125,estimated_current_power=0.000000,
end_task=,name=trsm_leftprofile,elapsed_seconds=0.551512,predicted_seconds=0.000000,time_percent_error=100.000000,nthreads=39,end_time=100881.211787,avg_power_W=128.909091,max_power_W=133.000000,avg_time_s=0.055151,released_listeners=1,
start_task=,name=trsm_rightprofile,tick=126,start_time=100881.211840,nthreads=39,
message=tick stats,tick=126,estimated_current_power=0.000000,
end_task=,name=trsm_rightprofile,elapsed_seconds=0.552811,predicted_seconds=0.000000,time_percent_error=100.000000,nthreads=39,end_time=100881.765635,avg_power_W=131.454545,max_power_W=134.000000,avg_time_s=0.055281,released_listeners=1,
start_task=,name=trsm_leftprofile,tick=127,start_time=100881.765685,nthreads=39,
message=tick stats,tick=127,estimated_current_power=0.000000,
end_task=,name=trsm_leftprofile,elapsed_seconds=0.558974,predicted_seconds=0.000000,time_percent_error=100.000000,nthreads=39,end_time=100882.325204,avg_power_W=130.363636,max_power_W=133.000000,avg_time_s=0.050816,released_listeners=1,
start_task=,name=trsm_rightprofile,tick=128,start_time=100882.325254,nthreads=39,
message=tick stats,tick=128,estimated_current_power=0.000000,
end_task=,name=trsm_rightprofile,elapsed_seconds=0.526119,predicted_seconds=0.000000,time_percent_error=100.000000,nthreads=39,end_time=100882.852005,avg_power_W=131.818182,max_power_W=134.000000,avg_time_s=0.052612,released_listeners=1,
start_task=,name=trsm_leftprofile,tick=129,start_time=100882.852056,nthreads=39,
message=tick stats,tick=129,estimated_current_power=0.000000,
end_task=,name=trsm_leftprofile,elapsed_seconds=0.542339,predicted_seconds=0.000000,time_percent_error=100.000000,nthreads=39,end_time=100883.395144,avg_power_W=131.636364,max_power_W=135.000000,avg_time_s=0.049304,released_listeners=1,
start_task=,name=trsm_rightprofile,tick=130,start_time=100883.395213,nthreads=39,
message=tick stats,tick=130,estimated_current_power=0.000000,
end_task=,name=trsm_rightprofile,elapsed_seconds=0.530393,predicted_seconds=0.000000,time_percent_error=100.000000,nthreads=39,end_time=100883.926377,avg_power_W=131.100000,max_power_W=135.000000,avg_time_s=0.053039,released_listeners=1,
start_task=,name=trsm_left,tick=131,start_time=100883.926428,nthreads=39,
message=tick stats,tick=131,estimated_current_power=69.233333,
end_task=,name=trsm_left,elapsed_seconds=0.057597,predicted_seconds=0.027695,time_percent_error=51.916951,nthreads=39,end_time=100883.996285,avg_power_W=129.500000,max_power_W=131.000000,avg_time_s=0.057597,released_listeners=3,
start_task=,name=trsm_right,tick=132,start_time=100883.996341,nthreads=39,
message=tick stats,tick=132,estimated_current_power=68.166667,
end_task=,name=trsm_right,elapsed_seconds=0.060951,predicted_seconds=0.030294,time_percent_error=50.297655,nthreads=39,end_time=100884.058863,avg_power_W=127.000000,max_power_W=127.000000,avg_time_s=0.060951,released_listeners=3,
start_task=,name=trsm_left,tick=133,start_time=100884.058916,nthreads=39,
message=tick stats,tick=133,estimated_current_power=69.233333,
end_task=,name=trsm_left,elapsed_seconds=0.057451,predicted_seconds=0.027695,time_percent_error=51.794579,nthreads=39,end_time=100884.118274,avg_power_W=130.000000,max_power_W=130.000000,avg_time_s=0.057451,released_listeners=3,
start_task=,name=trsm_right,tick=134,start_time=100884.118326,nthreads=39,
message=tick stats,tick=134,estimated_current_power=68.166667,
end_task=,name=trsm_right,elapsed_seconds=0.061228,predicted_seconds=0.030294,time_percent_error=50.522405,nthreads=39,end_time=100884.195949,avg_power_W=125.000000,max_power_W=125.000000,avg_time_s=0.061228,released_listeners=3,
start_task=,name=trsm_left,tick=135,start_time=100884.196006,nthreads=39,
message=tick stats,tick=135,estimated_current_power=69.233333,
end_task=,name=trsm_left,elapsed_seconds=0.055323,predicted_seconds=0.027695,time_percent_error=49.940297,nthreads=39,end_time=100884.252524,avg_power_W=120.000000,max_power_W=120.000000,avg_time_s=0.055323,released_listeners=3,
start_task=,name=trsm_right,tick=136,start_time=100884.252576,nthreads=39,
message=tick stats,tick=136,estimated_current_power=68.166667,
end_task=,name=trsm_right,elapsed_seconds=0.064638,predicted_seconds=0.030294,time_percent_error=53.132884,nthreads=39,end_time=100884.318173,avg_power_W=130.000000,max_power_W=130.000000,avg_time_s=0.064638,released_listeners=3,
start_task=,name=lu_gemmprofile,tick=137,start_time=100884.318230,nthreads=39,
message=tick stats,tick=137,estimated_current_power=0.000000,
end_task=,name=lu_gemmprofile,elapsed_seconds=0.546290,predicted_seconds=0.000000,time_percent_error=100.000000,nthreads=39,end_time=100884.865692,avg_power_W=129.272727,max_power_W=135.000000,avg_time_s=0.091048,released_listeners=1,
start_task=,name=lu_gemmprofile,tick=138,start_time=100884.865743,nthreads=39,
message=tick stats,tick=138,estimated_current_power=0.000000,
end_task=,name=lu_gemmprofile,elapsed_seconds=0.559962,predicted_seconds=0.000000,time_percent_error=100.000000,nthreads=39,end_time=100885.426587,avg_power_W=129.000000,max_power_W=135.000000,avg_time_s=0.093327,released_listeners=1,
start_task=,name=lu_gemmprofile,tick=139,start_time=100885.426639,nthreads=39,
message=tick stats,tick=139,estimated_current_power=0.000000,
end_task=,name=lu_gemmprofile,elapsed_seconds=0.542346,predicted_seconds=0.000000,time_percent_error=100.000000,nthreads=39,end_time=100885.969741,avg_power_W=130.181818,max_power_W=135.000000,avg_time_s=0.090391,released_listeners=1,
start_task=,name=lu_gemmprofile,tick=140,start_time=100885.969792,nthreads=39,
message=tick stats,tick=140,estimated_current_power=0.000000,
end_task=,name=lu_gemmprofile,elapsed_seconds=0.536398,predicted_seconds=0.000000,time_percent_error=100.000000,nthreads=39,end_time=100886.507108,avg_power_W=130.818182,max_power_W=135.000000,avg_time_s=0.089400,released_listeners=1,
start_task=,name=lu_gemmprofile,tick=141,start_time=100886.507166,nthreads=39,
message=tick stats,tick=141,estimated_current_power=0.000000,
end_task=,name=lu_gemmprofile,elapsed_seconds=0.534391,predicted_seconds=0.000000,time_percent_error=100.000000,nthreads=39,end_time=100887.045602,avg_power_W=132.545455,max_power_W=135.000000,avg_time_s=0.089065,released_listeners=1,
start_task=,name=lu_gemmprofile,tick=142,start_time=100887.045656,nthreads=39,
message=tick stats,tick=142,estimated_current_power=0.000000,
end_task=,name=lu_gemmprofile,elapsed_seconds=0.516820,predicted_seconds=0.000000,time_percent_error=100.000000,nthreads=39,end_time=100887.563259,avg_power_W=131.100000,max_power_W=134.000000,avg_time_s=0.086137,released_listeners=1,
start_task=,name=lu_gemmprofile,tick=143,start_time=100887.563310,nthreads=39,
message=tick stats,tick=143,estimated_current_power=0.000000,
end_task=,name=lu_gemmprofile,elapsed_seconds=0.534141,predicted_seconds=0.000000,time_percent_error=100.000000,nthreads=39,end_time=100888.099378,avg_power_W=131.363636,max_power_W=135.000000,avg_time_s=0.089023,released_listeners=1,
start_task=,name=lu_gemmprofile,tick=144,start_time=100888.099429,nthreads=39,
message=tick stats,tick=144,estimated_current_power=0.000000,
end_task=,name=lu_gemmprofile,elapsed_seconds=0.524705,predicted_seconds=0.000000,time_percent_error=100.000000,nthreads=39,end_time=100888.624849,avg_power_W=131.500000,max_power_W=136.000000,avg_time_s=0.087451,released_listeners=1,
start_task=,name=lu_gemmprofile,tick=145,start_time=100888.624906,nthreads=39,
message=tick stats,tick=145,estimated_current_power=0.000000,
end_task=,name=lu_gemmprofile,elapsed_seconds=0.538716,predicted_seconds=0.000000,time_percent_error=100.000000,nthreads=39,end_time=100889.164588,avg_power_W=130.818182,max_power_W=135.000000,avg_time_s=0.089786,released_listeners=1,
start_task=,name=lu_gemm,tick=146,start_time=100889.164639,nthreads=39,
message=tick stats,tick=146,estimated_current_power=70.536364,
end_task=,name=lu_gemm,elapsed_seconds=0.129429,predicted_seconds=0.047385,time_percent_error=63.389066,nthreads=39,end_time=100889.295599,avg_power_W=129.000000,max_power_W=135.000000,avg_time_s=0.129429,released_listeners=1,
start_task=,name=lu_gemm,tick=147,start_time=100889.295654,nthreads=39,
message=tick stats,tick=147,estimated_current_power=70.536364,
end_task=,name=lu_gemm,elapsed_seconds=0.130659,predicted_seconds=0.047385,time_percent_error=63.733713,nthreads=39,end_time=100889.428191,avg_power_W=122.000000,max_power_W=128.000000,avg_time_s=0.130659,released_listeners=1,
start_task=,name=lu_gemm,tick=148,start_time=100889.428255,nthreads=39,
message=tick stats,tick=148,estimated_current_power=70.536364,
end_task=,name=lu_gemm,elapsed_seconds=0.133753,predicted_seconds=0.047385,time_percent_error=64.572536,nthreads=39,end_time=100889.563022,avg_power_W=124.666667,max_power_W=135.000000,avg_time_s=0.133753,released_listeners=1,
start_task=,name=lu_gemm,tick=149,start_time=100889.563079,nthreads=39,
message=tick stats,tick=149,estimated_current_power=70.536364,
end_task=,name=lu_gemm,elapsed_seconds=0.140677,predicted_seconds=0.047385,time_percent_error=66.316427,nthreads=39,end_time=100889.704380,avg_power_W=127.333333,max_power_W=133.000000,avg_time_s=0.140677,released_listeners=0,
start_task=,name=lu_gemm,tick=150,start_time=100889.704431,nthreads=39,
message=tick stats,tick=150,estimated_current_power=70.536364,
end_task=,name=lu_gemm,elapsed_seconds=0.135403,predicted_seconds=0.047385,time_percent_error=65.004368,nthreads=39,end_time=100889.845755,avg_power_W=126.666667,max_power_W=132.000000,avg_time_s=0.135403,released_listeners=1,
start_task=,name=lu_gemm,tick=151,start_time=100889.845811,nthreads=39,
message=tick stats,tick=151,estimated_current_power=70.536364,
end_task=,name=lu_gemm,elapsed_seconds=0.136268,predicted_seconds=0.047385,time_percent_error=65.226444,nthreads=39,end_time=100889.996349,avg_power_W=124.666667,max_power_W=135.000000,avg_time_s=0.136268,released_listeners=0,
start_task=,name=lu_gemm,tick=152,start_time=100889.996403,nthreads=39,
message=tick stats,tick=152,estimated_current_power=70.536364,
end_task=,name=lu_gemm,elapsed_seconds=0.140591,predicted_seconds=0.047385,time_percent_error=66.295614,nthreads=39,end_time=100890.145589,avg_power_W=124.333333,max_power_W=133.000000,avg_time_s=0.140591,released_listeners=1,
start_task=,name=lu_gemm,tick=153,start_time=100890.145645,nthreads=39,
message=tick stats,tick=153,estimated_current_power=70.536364,
end_task=,name=lu_gemm,elapsed_seconds=0.151577,predicted_seconds=0.047385,time_percent_error=68.738518,nthreads=39,end_time=100890.298801,avg_power_W=119.666667,max_power_W=125.000000,avg_time_s=0.151577,released_listeners=0,
start_task=,name=lu_gemm,tick=154,start_time=100890.298852,nthreads=39,
message=tick stats,tick=154,estimated_current_power=70.536364,
end_task=,name=lu_gemm,elapsed_seconds=0.136303,predicted_seconds=0.047385,time_percent_error=65.235517,nthreads=39,end_time=100890.445841,avg_power_W=123.666667,max_power_W=132.000000,avg_time_s=0.136303,released_listeners=0,
start_task=,name=getrfprofile,tick=155,start_time=100890.445895,nthreads=39,
message=tick stats,tick=155,estimated_current_power=0.000000,
end_task=,name=getrfprofile,elapsed_seconds=0.850252,predicted_seconds=0.000000,time_percent_error=100.000000,nthreads=39,end_time=100891.298190,avg_power_W=121.000000,max_power_W=126.000000,avg_time_s=0.425126,released_listeners=1,
start_task=,name=getrf,tick=156,start_time=100891.298272,nthreads=39,
message=tick stats,tick=156,estimated_current_power=54.600000,
end_task=,name=getrf,elapsed_seconds=0.481230,predicted_seconds=0.283124,time_percent_error=41.166540,nthreads=39,end_time=100891.795725,avg_power_W=119.300000,max_power_W=120.000000,avg_time_s=0.481230,released_listeners=4,
start_task=,name=trsm_leftprofile,tick=157,start_time=100891.795784,nthreads=39,
message=tick stats,tick=157,estimated_current_power=0.000000,
end_task=,name=trsm_leftprofile,elapsed_seconds=0.510831,predicted_seconds=0.000000,time_percent_error=100.000000,nthreads=39,end_time=100892.308287,avg_power_W=131.200000,max_power_W=134.000000,avg_time_s=0.051083,released_listeners=1,
start_task=,name=trsm_rightprofile,tick=158,start_time=100892.308342,nthreads=39,
message=tick stats,tick=158,estimated_current_power=0.000000,
end_task=,name=trsm_rightprofile,elapsed_seconds=0.529362,predicted_seconds=0.000000,time_percent_error=100.000000,nthreads=39,end_time=100892.845815,avg_power_W=131.454545,max_power_W=133.000000,avg_time_s=0.052936,released_listeners=1,
start_task=,name=trsm_leftprofile,tick=159,start_time=100892.845869,nthreads=39,
message=tick stats,tick=159,estimated_current_power=0.000000,
end_task=,name=trsm_leftprofile,elapsed_seconds=0.507793,predicted_seconds=0.000000,time_percent_error=100.000000,nthreads=39,end_time=100893.354891,avg_power_W=132.100000,max_power_W=136.000000,avg_time_s=0.050779,released_listeners=1,
start_task=,name=trsm_rightprofile,tick=160,start_time=100893.354942,nthreads=39,
message=tick stats,tick=160,estimated_current_power=0.000000,
end_task=,name=trsm_rightprofile,elapsed_seconds=0.536784,predicted_seconds=0.000000,time_percent_error=100.000000,nthreads=39,end_time=100893.895749,avg_power_W=130.727273,max_power_W=134.000000,avg_time_s=0.053678,released_listeners=1,
start_task=,name=trsm_left,tick=161,start_time=100893.895805,nthreads=39,
message=tick stats,tick=161,estimated_current_power=69.233333,
end_task=,name=trsm_left,elapsed_seconds=0.058179,predicted_seconds=0.027695,time_percent_error=52.397697,nthreads=39,end_time=100893.954946,avg_power_W=125.000000,max_power_W=125.000000,avg_time_s=0.058179,released_listeners=2,
start_task=,name=trsm_right,tick=162,start_time=100893.954995,nthreads=39,
message=tick stats,tick=162,estimated_current_power=68.166667,
end_task=,name=trsm_right,elapsed_seconds=0.065917,predicted_seconds=0.030294,time_percent_error=54.042145,nthreads=39,end_time=100894.021884,avg_power_W=133.000000,max_power_W=133.000000,avg_time_s=0.065917,released_listeners=2,
start_task=,name=trsm_left,tick=163,start_time=100894.021937,nthreads=39,
message=tick stats,tick=163,estimated_current_power=69.233333,
end_task=,name=trsm_left,elapsed_seconds=0.061514,predicted_seconds=0.027695,time_percent_error=54.978512,nthreads=39,end_time=100894.096183,avg_power_W=125.500000,max_power_W=129.000000,avg_time_s=0.061514,released_listeners=2,
start_task=,name=trsm_right,tick=164,start_time=100894.096238,nthreads=39,
message=tick stats,tick=164,estimated_current_power=68.166667,
end_task=,name=trsm_right,elapsed_seconds=0.062734,predicted_seconds=0.030294,time_percent_error=51.710443,nthreads=39,end_time=100894.159664,avg_power_W=122.000000,max_power_W=122.000000,avg_time_s=0.062734,released_listeners=2,
start_task=,name=lu_gemmprofile,tick=165,start_time=100894.159715,nthreads=39,
message=tick stats,tick=165,estimated_current_power=0.000000,
end_task=,name=lu_gemmprofile,elapsed_seconds=0.540964,predicted_seconds=0.000000,time_percent_error=100.000000,nthreads=39,end_time=100894.701279,avg_power_W=129.818182,max_power_W=134.000000,avg_time_s=0.090161,released_listeners=1,
start_task=,name=lu_gemmprofile,tick=166,start_time=100894.701330,nthreads=39,
message=tick stats,tick=166,estimated_current_power=0.000000,
end_task=,name=lu_gemmprofile,elapsed_seconds=0.530849,predicted_seconds=0.000000,time_percent_error=100.000000,nthreads=39,end_time=100895.245565,avg_power_W=130.636364,max_power_W=134.000000,avg_time_s=0.088475,released_listeners=1,
start_task=,name=lu_gemmprofile,tick=167,start_time=100895.245621,nthreads=39,
message=tick stats,tick=167,estimated_current_power=0.000000,
end_task=,name=lu_gemmprofile,elapsed_seconds=0.526488,predicted_seconds=0.000000,time_percent_error=100.000000,nthreads=39,end_time=100895.772834,avg_power_W=129.600000,max_power_W=135.000000,avg_time_s=0.087748,released_listeners=1,
start_task=,name=lu_gemmprofile,tick=168,start_time=100895.772885,nthreads=39,
message=tick stats,tick=168,estimated_current_power=0.000000,
end_task=,name=lu_gemmprofile,elapsed_seconds=0.529029,predicted_seconds=0.000000,time_percent_error=100.000000,nthreads=39,end_time=100896.302800,avg_power_W=131.636364,max_power_W=135.000000,avg_time_s=0.088171,released_listeners=1,
start_task=,name=lu_gemm,tick=169,start_time=100896.302853,nthreads=39,
message=tick stats,tick=169,estimated_current_power=70.536364,
end_task=,name=lu_gemm,elapsed_seconds=0.123590,predicted_seconds=0.047385,time_percent_error=61.659252,nthreads=39,end_time=100896.427718,avg_power_W=126.000000,max_power_W=133.000000,avg_time_s=0.123590,released_listeners=1,
start_task=,name=lu_gemm,tick=170,start_time=100896.427770,nthreads=39,
message=tick stats,tick=170,estimated_current_power=70.536364,
end_task=,name=lu_gemm,elapsed_seconds=0.127862,predicted_seconds=0.047385,time_percent_error=62.940226,nthreads=39,end_time=100896.556987,avg_power_W=126.666667,max_power_W=134.000000,avg_time_s=0.127862,released_listeners=1,
start_task=,name=lu_gemm,tick=171,start_time=100896.557042,nthreads=39,
message=tick stats,tick=171,estimated_current_power=70.536364,
end_task=,name=lu_gemm,elapsed_seconds=0.129655,predicted_seconds=0.047385,time_percent_error=63.452782,nthreads=39,end_time=100896.695862,avg_power_W=126.666667,max_power_W=133.000000,avg_time_s=0.129655,released_listeners=1,
start_task=,name=lu_gemm,tick=172,start_time=100896.695917,nthreads=39,
message=tick stats,tick=172,estimated_current_power=70.536364,
end_task=,name=lu_gemm,elapsed_seconds=0.126297,predicted_seconds=0.047385,time_percent_error=62.481270,nthreads=39,end_time=100896.823662,avg_power_W=122.500000,max_power_W=126.000000,avg_time_s=0.126297,released_listeners=0,
start_task=,name=getrfprofile,tick=173,start_time=100896.823715,nthreads=39,
message=tick stats,tick=173,estimated_current_power=0.000000,
end_task=,name=getrfprofile,elapsed_seconds=0.873699,predicted_seconds=0.000000,time_percent_error=100.000000,nthreads=39,end_time=100897.698680,avg_power_W=121.000000,max_power_W=135.000000,avg_time_s=0.436849,released_listeners=1,
start_task=,name=getrf,tick=174,start_time=100897.698732,nthreads=39,
message=tick stats,tick=174,estimated_current_power=54.600000,
end_task=,name=getrf,elapsed_seconds=0.485979,predicted_seconds=0.283124,time_percent_error=41.741472,nthreads=39,end_time=100898.196093,avg_power_W=119.000000,max_power_W=119.000000,avg_time_s=0.485979,released_listeners=2,
start_task=,name=trsm_leftprofile,tick=175,start_time=100898.196155,nthreads=39,
message=tick stats,tick=175,estimated_current_power=0.000000,
end_task=,name=trsm_leftprofile,elapsed_seconds=0.554480,predicted_seconds=0.000000,time_percent_error=100.000000,nthreads=39,end_time=100898.752194,avg_power_W=129.636364,max_power_W=134.000000,avg_time_s=0.055448,released_listeners=1,
start_task=,name=trsm_rightprofile,tick=176,start_time=100898.752278,nthreads=39,
message=tick stats,tick=176,estimated_current_power=0.000000,
end_task=,name=trsm_rightprofile,elapsed_seconds=0.526694,predicted_seconds=0.000000,time_percent_error=100.000000,nthreads=39,end_time=100899.295187,avg_power_W=129.818182,max_power_W=134.000000,avg_time_s=0.052669,released_listeners=1,
start_task=,name=trsm_left,tick=177,start_time=100899.295244,nthreads=39,
message=tick stats,tick=177,estimated_current_power=69.233333,
end_task=,name=trsm_left,elapsed_seconds=0.056513,predicted_seconds=0.027695,time_percent_error=50.994693,nthreads=39,end_time=100899.353279,avg_power_W=118.000000,max_power_W=118.000000,avg_time_s=0.056513,released_listeners=1,
start_task=,name=trsm_right,tick=178,start_time=100899.353331,nthreads=39,
message=tick stats,tick=178,estimated_current_power=68.166667,
end_task=,name=trsm_right,elapsed_seconds=0.062301,predicted_seconds=0.030294,time_percent_error=51.375169,nthreads=39,end_time=100899.417487,avg_power_W=130.000000,max_power_W=130.000000,avg_time_s=0.062301,released_listeners=1,
start_task=,name=lu_gemmprofile,tick=179,start_time=100899.417538,nthreads=39,
message=tick stats,tick=179,estimated_current_power=0.000000,
end_task=,name=lu_gemmprofile,elapsed_seconds=0.532752,predicted_seconds=0.000000,time_percent_error=100.000000,nthreads=39,end_time=100899.951751,avg_power_W=130.545455,max_power_W=134.000000,avg_time_s=0.088792,released_listeners=1,
start_task=,name=lu_gemm,tick=180,start_time=100899.951802,nthreads=39,
message=tick stats,tick=180,estimated_current_power=70.536364,
end_task=,name=lu_gemm,elapsed_seconds=0.124902,predicted_seconds=0.047385,time_percent_error=62.062063,nthreads=39,end_time=100900.077620,avg_power_W=121.500000,max_power_W=128.000000,avg_time_s=0.124902,released_listeners=1,
start_task=,name=getrfprofile,tick=181,start_time=100900.077671,nthreads=39,
message=tick stats,tick=181,estimated_current_power=0.000000,
end_task=,name=getrfprofile,elapsed_seconds=0.517556,predicted_seconds=0.000000,time_percent_error=100.000000,nthreads=39,end_time=100900.596928,avg_power_W=129.636364,max_power_W=133.000000,avg_time_s=0.011763,released_listeners=1,
start_task=,name=getrf,tick=182,start_time=100900.596978,nthreads=39,
message=tick stats,tick=182,estimated_current_power=54.600000,
end_task=,name=getrf,elapsed_seconds=0.007554,predicted_seconds=0.283124,time_percent_error=3648.206427,nthreads=39,end_time=100900.605762,avg_power_W=-nan,max_power_W=0.000000,avg_time_s=0.007554,released_listeners=0,
est_max_power=70.536364,
average_power_W=-nan,
max_power_W=0.000000,
time_s=63.876007,
message=ALL DONE,
