message=cataloging configuration,max_threads=80,power_limit=inf,
start_task=,name=getrf,tick=1,start_time=356208.567693,nthreads=28,
message=tick stats,tick=1,estimated_current_power=49.100000,
end_task=,name=getrf,elapsed_seconds=0.310625,predicted_seconds=0.082277,time_percent_error=73.512393,nthreads=28,end_time=356208.884279,avg_power_W=119.500000,max_power_W=129.000000,avg_time_s=0.310625,released_listeners=10,
start_task=,name=trsm_left,tick=2,start_time=356208.940913,nthreads=6,
start_task=,name=trsm_right,tick=2,start_time=356208.940951,nthreads=6,
start_task=,name=trsm_left,tick=2,start_time=356208.940974,nthreads=4,
start_task=,name=trsm_right,tick=2,start_time=356208.941176,nthreads=3,
start_task=,name=trsm_left,tick=2,start_time=356208.941268,nthreads=3,
start_task=,name=trsm_right,tick=2,start_time=356208.941635,nthreads=2,
start_task=,name=trsm_left,tick=2,start_time=356208.941727,nthreads=3,
start_task=,name=trsm_left,tick=2,start_time=356208.941805,nthreads=24,
start_task=,name=trsm_right,tick=2,start_time=356208.941868,nthreads=26,
start_task=,name=trsm_right,tick=2,start_time=356208.942131,nthreads=2,
message=tick stats,tick=2,estimated_current_power=235.733333,
end_task=,name=trsm_right,elapsed_seconds=0.223111,predicted_seconds=0.034606,time_percent_error=84.489431,nthreads=26,end_time=356209.166016,avg_power_W=127.000000,max_power_W=145.000000,avg_time_s=0.223111,released_listeners=5,
end_task=,name=trsm_right,elapsed_seconds=0.250670,predicted_seconds=0.106841,time_percent_error=57.377783,nthreads=6,end_time=356209.192392,avg_power_W=130.083333,max_power_W=164.000000,avg_time_s=0.250670,released_listeners=5,
end_task=,name=trsm_left,elapsed_seconds=0.257151,predicted_seconds=0.111642,time_percent_error=56.585011,nthreads=6,end_time=356209.198678,avg_power_W=130.083333,max_power_W=164.000000,avg_time_s=0.257151,released_listeners=5,
start_task=,name=lu_gemm,tick=3,start_time=356209.199186,nthreads=30,
start_task=,name=lu_gemm,tick=3,start_time=356209.199218,nthreads=2,
message=tick stats,tick=3,estimated_current_power=216.287879,
end_task=,name=trsm_left,elapsed_seconds=0.287922,predicted_seconds=0.033984,time_percent_error=88.196896,nthreads=24,end_time=356209.238676,avg_power_W=132.538462,max_power_W=164.000000,avg_time_s=0.287922,released_listeners=5,
start_task=,name=lu_gemm,tick=4,start_time=356209.240959,nthreads=20,
start_task=,name=lu_gemm,tick=4,start_time=356209.240984,nthreads=10,
message=tick stats,tick=4,estimated_current_power=237.612121,
end_task=,name=trsm_right,elapsed_seconds=0.391211,predicted_seconds=0.193795,time_percent_error=50.462692,nthreads=3,end_time=356209.340025,avg_power_W=136.200000,max_power_W=164.000000,avg_time_s=0.391211,released_listeners=5,
start_task=,name=lu_gemm,tick=5,start_time=356209.340238,nthreads=3,
start_task=,name=lu_gemm,tick=5,start_time=356209.340258,nthreads=1,
message=tick stats,tick=5,estimated_current_power=250.960606,
end_task=,name=lu_gemm,elapsed_seconds=0.150077,predicted_seconds=0.055019,time_percent_error=63.339178,nthreads=30,end_time=356209.362927,avg_power_W=136.200000,max_power_W=164.000000,avg_time_s=0.150077,released_listeners=1,
end_task=,name=trsm_left,elapsed_seconds=0.466737,predicted_seconds=0.158025,time_percent_error=66.142574,nthreads=4,end_time=356209.408479,avg_power_W=139.312500,max_power_W=186.000000,avg_time_s=0.466737,released_listeners=5,
start_task=,name=lu_gemm,tick=6,start_time=356209.408748,nthreads=28,
start_task=,name=lu_gemm,tick=6,start_time=356209.408769,nthreads=3,
start_task=,name=lu_gemm,tick=6,start_time=356209.408787,nthreads=3,
message=tick stats,tick=6,estimated_current_power=259.842424,
end_task=,name=trsm_right,elapsed_seconds=0.476257,predicted_seconds=0.278595,time_percent_error=41.503166,nthreads=2,end_time=356209.503580,avg_power_W=143.611111,max_power_W=186.000000,avg_time_s=0.476257,released_listeners=5,
start_task=,name=lu_gemm,tick=7,start_time=356209.503707,nthreads=1,
start_task=,name=lu_gemm,tick=7,start_time=356209.503727,nthreads=1,
message=tick stats,tick=7,estimated_current_power=271.700000,
end_task=,name=trsm_left,elapsed_seconds=0.516007,predicted_seconds=0.277695,time_percent_error=46.183912,nthreads=3,end_time=356209.503758,avg_power_W=143.611111,max_power_W=186.000000,avg_time_s=0.516007,released_listeners=5,
end_task=,name=lu_gemm,elapsed_seconds=0.233754,predicted_seconds=0.080528,time_percent_error=65.550047,nthreads=20,end_time=356209.503777,avg_power_W=143.611111,max_power_W=186.000000,avg_time_s=0.233754,released_listeners=1,
start_task=,name=getrf,tick=8,start_time=356209.509219,nthreads=12,
start_task=,name=lu_gemm,tick=8,start_time=356209.509241,nthreads=2,
start_task=,name=lu_gemm,tick=8,start_time=356209.509258,nthreads=3,
start_task=,name=lu_gemm,tick=8,start_time=356209.509273,nthreads=2,
start_task=,name=lu_gemm,tick=8,start_time=356209.509300,nthreads=2,
start_task=,name=lu_gemm,tick=8,start_time=356209.509333,nthreads=2,
message=tick stats,tick=8,estimated_current_power=320.503030,
end_task=,name=trsm_left,elapsed_seconds=0.598337,predicted_seconds=0.277695,time_percent_error=53.588937,nthreads=3,end_time=356209.632711,avg_power_W=147.428571,max_power_W=186.000000,avg_time_s=0.598337,released_listeners=5,
end_task=,name=lu_gemm,elapsed_seconds=0.299029,predicted_seconds=0.129186,time_percent_error=56.798207,nthreads=10,end_time=356209.632771,avg_power_W=147.428571,max_power_W=186.000000,avg_time_s=0.299029,released_listeners=1,
start_task=,name=lu_gemm,tick=9,start_time=356209.632938,nthreads=5,
start_task=,name=lu_gemm,tick=9,start_time=356209.632958,nthreads=2,
start_task=,name=lu_gemm,tick=9,start_time=356209.632973,nthreads=2,
start_task=,name=lu_gemm,tick=9,start_time=356209.632989,nthreads=2,
message=tick stats,tick=9,estimated_current_power=344.315152,
end_task=,name=lu_gemm,elapsed_seconds=0.201407,predicted_seconds=0.061269,time_percent_error=69.579512,nthreads=28,end_time=356209.758651,avg_power_W=149.304348,max_power_W=186.000000,avg_time_s=0.201407,released_listeners=1,
end_task=,name=trsm_right,elapsed_seconds=0.668280,predicted_seconds=0.278595,time_percent_error=58.311595,nthreads=2,end_time=356209.758924,avg_power_W=149.304348,max_power_W=186.000000,avg_time_s=0.668280,released_listeners=5,
start_task=,name=lu_gemm,tick=10,start_time=356209.759122,nthreads=20,
start_task=,name=lu_gemm,tick=10,start_time=356209.759143,nthreads=3,
start_task=,name=lu_gemm,tick=10,start_time=356209.759162,nthreads=3,
start_task=,name=lu_gemm,tick=10,start_time=356209.759179,nthreads=3,
start_task=,name=lu_gemm,tick=10,start_time=356209.759207,nthreads=3,
message=tick stats,tick=10,estimated_current_power=382.172727,
end_task=,name=lu_gemm,elapsed_seconds=0.534992,predicted_seconds=0.354475,time_percent_error=33.741986,nthreads=3,end_time=356209.964276,avg_power_W=151.592593,max_power_W=186.000000,avg_time_s=0.534992,released_listeners=1,
end_task=,name=getrf,elapsed_seconds=0.453478,predicted_seconds=0.180365,time_percent_error=60.226283,nthreads=12,end_time=356209.964943,avg_power_W=151.592593,max_power_W=186.000000,avg_time_s=0.453478,released_listeners=8,
start_task=,name=trsm_left,tick=11,start_time=356209.983420,nthreads=4,
start_task=,name=trsm_right,tick=11,start_time=356209.983444,nthreads=4,
start_task=,name=trsm_left,tick=11,start_time=356209.983461,nthreads=4,
start_task=,name=trsm_right,tick=11,start_time=356209.983478,nthreads=3,
message=tick stats,tick=11,estimated_current_power=406.969697,
end_task=,name=lu_gemm,elapsed_seconds=0.689547,predicted_seconds=0.504473,time_percent_error=26.839922,nthreads=2,end_time=356209.983739,avg_power_W=151.714286,max_power_W=186.000000,avg_time_s=0.689547,released_listeners=0,
end_task=,name=lu_gemm,elapsed_seconds=0.633127,predicted_seconds=0.080528,time_percent_error=87.280893,nthreads=20,end_time=356210.401706,avg_power_W=151.694444,max_power_W=186.000000,avg_time_s=0.633127,released_listeners=1,
start_task=,name=trsm_right,tick=12,start_time=356210.401752,nthreads=20,
message=tick stats,tick=12,estimated_current_power=391.560606,
end_task=,name=trsm_left,elapsed_seconds=0.454631,predicted_seconds=0.158025,time_percent_error=65.241065,nthreads=4,end_time=356210.449996,avg_power_W=153.270270,max_power_W=210.000000,avg_time_s=0.454631,released_listeners=4,
end_task=,name=trsm_right,elapsed_seconds=0.480751,predicted_seconds=0.144540,time_percent_error=69.934648,nthreads=4,end_time=356210.465185,avg_power_W=153.270270,max_power_W=210.000000,avg_time_s=0.480751,released_listeners=4,
start_task=,name=lu_gemm,tick=13,start_time=356210.465287,nthreads=10,
message=tick stats,tick=13,estimated_current_power=384.624242,
end_task=,name=lu_gemm,elapsed_seconds=1.078237,predicted_seconds=0.354475,time_percent_error=67.124546,nthreads=3,end_time=356210.500301,avg_power_W=154.763158,max_power_W=210.000000,avg_time_s=1.078237,released_listeners=0,
end_task=,name=trsm_right,elapsed_seconds=0.083143,predicted_seconds=0.041718,time_percent_error=49.823852,nthreads=20,end_time=356210.501785,avg_power_W=154.763158,max_power_W=210.000000,avg_time_s=0.083143,released_listeners=4,
start_task=,name=lu_gemm,tick=14,start_time=356210.501817,nthreads=23,
message=tick stats,tick=14,estimated_current_power=373.615152,
end_task=,name=trsm_left,elapsed_seconds=0.555917,predicted_seconds=0.158025,time_percent_error=71.573979,nthreads=4,end_time=356210.546216,avg_power_W=156.179487,max_power_W=210.000000,avg_time_s=0.555917,released_listeners=4,
start_task=,name=lu_gemm,tick=15,start_time=356210.546759,nthreads=2,
start_task=,name=lu_gemm,tick=15,start_time=356210.546779,nthreads=2,
message=tick stats,tick=15,estimated_current_power=387.078788,
end_task=,name=lu_gemm,elapsed_seconds=1.038639,predicted_seconds=0.354475,time_percent_error=65.871170,nthreads=3,end_time=356210.548914,avg_power_W=156.179487,max_power_W=210.000000,avg_time_s=1.038639,released_listeners=1,
start_task=,name=trsm_left,tick=16,start_time=356210.548957,nthreads=3,
message=tick stats,tick=16,estimated_current_power=385.975758,
end_task=,name=lu_gemm,elapsed_seconds=1.192766,predicted_seconds=0.354475,time_percent_error=70.281236,nthreads=3,end_time=356210.652011,avg_power_W=158.536585,max_power_W=212.000000,avg_time_s=1.192766,released_listeners=0,
end_task=,name=trsm_right,elapsed_seconds=0.584987,predicted_seconds=0.193795,time_percent_error=66.871829,nthreads=3,end_time=356210.652239,avg_power_W=158.536585,max_power_W=212.000000,avg_time_s=0.584987,released_listeners=4,
start_task=,name=lu_gemm,tick=17,start_time=356210.652425,nthreads=4,
start_task=,name=lu_gemm,tick=17,start_time=356210.652443,nthreads=2,
message=tick stats,tick=17,estimated_current_power=387.024242,
end_task=,name=lu_gemm,elapsed_seconds=0.177497,predicted_seconds=0.068544,time_percent_error=61.383214,nthreads=23,end_time=356210.732688,avg_power_W=160.581395,max_power_W=212.000000,avg_time_s=0.177497,released_listeners=0,
end_task=,name=lu_gemm,elapsed_seconds=1.179470,predicted_seconds=0.504473,time_percent_error=57.228844,nthreads=2,end_time=356210.732720,avg_power_W=160.581395,max_power_W=212.000000,avg_time_s=1.179470,released_listeners=0,
end_task=,name=lu_gemm,elapsed_seconds=1.027907,predicted_seconds=0.192589,time_percent_error=81.263948,nthreads=5,end_time=356210.732743,avg_power_W=160.581395,max_power_W=212.000000,avg_time_s=1.027907,released_listeners=1,
start_task=,name=trsm_left,tick=18,start_time=356210.732779,nthreads=30,
message=tick stats,tick=18,estimated_current_power=362.418182,
end_task=,name=lu_gemm,elapsed_seconds=0.303431,predicted_seconds=0.129186,time_percent_error=57.424992,nthreads=10,end_time=356210.783211,avg_power_W=161.295455,max_power_W=212.000000,avg_time_s=0.303431,released_listeners=1,
end_task=,name=lu_gemm,elapsed_seconds=0.997324,predicted_seconds=0.354475,time_percent_error=64.457370,nthreads=3,end_time=356210.783243,avg_power_W=161.295455,max_power_W=212.000000,avg_time_s=0.997324,released_listeners=0,
end_task=,name=lu_gemm,elapsed_seconds=1.161513,predicted_seconds=0.504473,time_percent_error=56.567614,nthreads=2,end_time=356210.796712,avg_power_W=161.295455,max_power_W=212.000000,avg_time_s=1.161513,released_listeners=0,
end_task=,name=lu_gemm,elapsed_seconds=1.035552,predicted_seconds=0.354475,time_percent_error=65.769453,nthreads=3,end_time=356210.797287,avg_power_W=161.295455,max_power_W=212.000000,avg_time_s=1.035552,released_listeners=0,
end_task=,name=lu_gemm,elapsed_seconds=1.157499,predicted_seconds=0.504473,time_percent_error=56.417000,nthreads=2,end_time=356210.812002,avg_power_W=161.295455,max_power_W=212.000000,avg_time_s=1.157499,released_listeners=0,
end_task=,name=lu_gemm,elapsed_seconds=1.062666,predicted_seconds=0.354475,time_percent_error=66.642855,nthreads=3,end_time=356210.833111,avg_power_W=161.866667,max_power_W=212.000000,avg_time_s=1.062666,released_listeners=0,
end_task=,name=trsm_left,elapsed_seconds=0.103146,predicted_seconds=0.029642,time_percent_error=71.261879,nthreads=30,end_time=356210.836879,avg_power_W=161.866667,max_power_W=212.000000,avg_time_s=0.103146,released_listeners=4,
start_task=,name=lu_gemm,tick=19,start_time=356210.836971,nthreads=45,
start_task=,name=lu_gemm,tick=19,start_time=356210.836990,nthreads=4,
start_task=,name=lu_gemm,tick=19,start_time=356210.837008,nthreads=4,
message=tick stats,tick=19,estimated_current_power=314.187879,
end_task=,name=lu_gemm,elapsed_seconds=1.074079,predicted_seconds=0.354475,time_percent_error=66.997274,nthreads=3,end_time=356210.900298,avg_power_W=162.326087,max_power_W=212.000000,avg_time_s=1.074079,released_listeners=0,
end_task=,name=lu_gemm,elapsed_seconds=1.407806,predicted_seconds=0.504473,time_percent_error=64.166020,nthreads=2,end_time=356210.932391,avg_power_W=162.659574,max_power_W=212.000000,avg_time_s=1.407806,released_listeners=0,
end_task=,name=lu_gemm,elapsed_seconds=1.253864,predicted_seconds=0.504473,time_percent_error=59.766556,nthreads=2,end_time=356210.932420,avg_power_W=162.659574,max_power_W=212.000000,avg_time_s=1.253864,released_listeners=0,
end_task=,name=lu_gemm,elapsed_seconds=1.427481,predicted_seconds=0.504473,time_percent_error=64.659938,nthreads=2,end_time=356210.938671,avg_power_W=162.659574,max_power_W=212.000000,avg_time_s=1.427481,released_listeners=0,
end_task=,name=lu_gemm,elapsed_seconds=1.440562,predicted_seconds=0.504473,time_percent_error=64.980822,nthreads=2,end_time=356210.958813,avg_power_W=162.659574,max_power_W=212.000000,avg_time_s=1.440562,released_listeners=0,
end_task=,name=trsm_left,elapsed_seconds=0.431005,predicted_seconds=0.277695,time_percent_error=35.570397,nthreads=3,end_time=356210.982837,avg_power_W=162.958333,max_power_W=212.000000,avg_time_s=0.431005,released_listeners=4,
start_task=,name=lu_gemm,tick=20,start_time=356210.982914,nthreads=8,
start_task=,name=lu_gemm,tick=20,start_time=356210.982933,nthreads=3,
start_task=,name=lu_gemm,tick=20,start_time=356210.982950,nthreads=3,
message=tick stats,tick=20,estimated_current_power=274.881818,
end_task=,name=lu_gemm,elapsed_seconds=0.206134,predicted_seconds=0.039288,time_percent_error=80.940437,nthreads=45,end_time=356211.091208,avg_power_W=163.620000,max_power_W=212.000000,avg_time_s=0.206134,released_listeners=1,
end_task=,name=lu_gemm,elapsed_seconds=0.601636,predicted_seconds=0.504473,time_percent_error=16.149892,nthreads=2,end_time=356211.149870,avg_power_W=163.960784,max_power_W=212.000000,avg_time_s=0.601636,released_listeners=1,
end_task=,name=lu_gemm,elapsed_seconds=1.674227,predicted_seconds=0.941325,time_percent_error=43.775520,nthreads=1,end_time=356211.182817,avg_power_W=164.250000,max_power_W=212.000000,avg_time_s=1.674227,released_listeners=1,
start_task=,name=trsm_right,tick=21,start_time=356211.182853,nthreads=44,
message=tick stats,tick=21,estimated_current_power=242.621212,
end_task=,name=lu_gemm,elapsed_seconds=0.547974,predicted_seconds=0.348405,time_percent_error=36.419485,nthreads=4,end_time=356211.234133,avg_power_W=164.528302,max_power_W=212.000000,avg_time_s=0.547974,released_listeners=1,
end_task=,name=trsm_right,elapsed_seconds=0.084225,predicted_seconds=0.024762,time_percent_error=70.600505,nthreads=44,end_time=356211.282396,avg_power_W=164.796296,max_power_W=212.000000,avg_time_s=0.084225,released_listeners=4,
start_task=,name=lu_gemm,tick=22,start_time=356211.282465,nthreads=30,
start_task=,name=lu_gemm,tick=22,start_time=356211.282480,nthreads=5,
start_task=,name=lu_gemm,tick=22,start_time=356211.282496,nthreads=5,
start_task=,name=lu_gemm,tick=22,start_time=356211.282508,nthreads=5,
message=tick stats,tick=22,estimated_current_power=268.081818,
end_task=,name=lu_gemm,elapsed_seconds=0.725664,predicted_seconds=0.504473,time_percent_error=30.481206,nthreads=2,end_time=356211.382933,avg_power_W=165.535714,max_power_W=212.000000,avg_time_s=0.725664,released_listeners=0,
end_task=,name=lu_gemm,elapsed_seconds=0.354720,predicted_seconds=0.189636,time_percent_error=46.539265,nthreads=8,end_time=356211.382964,avg_power_W=165.535714,max_power_W=212.000000,avg_time_s=0.354720,released_listeners=1,
end_task=,name=lu_gemm,elapsed_seconds=2.002736,predicted_seconds=0.941325,time_percent_error=52.998020,nthreads=1,end_time=356211.382991,avg_power_W=165.535714,max_power_W=212.000000,avg_time_s=2.002736,released_listeners=0,
end_task=,name=lu_gemm,elapsed_seconds=1.810818,predicted_seconds=0.941325,time_percent_error=48.016568,nthreads=1,end_time=356211.383023,avg_power_W=165.535714,max_power_W=212.000000,avg_time_s=1.810818,released_listeners=0,
end_task=,name=lu_gemm,elapsed_seconds=0.566826,predicted_seconds=0.348405,time_percent_error=38.534028,nthreads=4,end_time=356211.404431,avg_power_W=165.535714,max_power_W=212.000000,avg_time_s=0.566826,released_listeners=0,
end_task=,name=lu_gemm,elapsed_seconds=0.866149,predicted_seconds=0.504473,time_percent_error=41.756793,nthreads=2,end_time=356211.415645,avg_power_W=165.535714,max_power_W=212.000000,avg_time_s=0.866149,released_listeners=1,
start_task=,name=getrf,tick=23,start_time=356211.415682,nthreads=24,
message=tick stats,tick=23,estimated_current_power=216.906061,
end_task=,name=lu_gemm,elapsed_seconds=0.580616,predicted_seconds=0.348405,time_percent_error=39.993877,nthreads=4,end_time=356211.433469,avg_power_W=165.649123,max_power_W=212.000000,avg_time_s=0.580616,released_listeners=0,
end_task=,name=lu_gemm,elapsed_seconds=0.171091,predicted_seconds=0.055019,time_percent_error=67.841923,nthreads=30,end_time=356211.454086,avg_power_W=165.649123,max_power_W=212.000000,avg_time_s=0.171091,released_listeners=1,
end_task=,name=lu_gemm,elapsed_seconds=0.520546,predicted_seconds=0.354475,time_percent_error=31.903138,nthreads=3,end_time=356211.504560,avg_power_W=166.034483,max_power_W=212.000000,avg_time_s=0.520546,released_listeners=0,
end_task=,name=lu_gemm,elapsed_seconds=0.521815,predicted_seconds=0.354475,time_percent_error=32.068815,nthreads=3,end_time=356211.506691,avg_power_W=166.034483,max_power_W=212.000000,avg_time_s=0.521815,released_listeners=0,
end_task=,name=getrf,elapsed_seconds=0.121561,predicted_seconds=0.087374,time_percent_error=28.123569,nthreads=24,end_time=356211.539759,avg_power_W=166.288136,max_power_W=212.000000,avg_time_s=0.121561,released_listeners=6,
start_task=,name=trsm_left,tick=24,start_time=356211.541005,nthreads=20,
start_task=,name=trsm_right,tick=24,start_time=356211.541053,nthreads=25,
start_task=,name=trsm_left,tick=24,start_time=356211.541087,nthreads=6,
start_task=,name=trsm_right,tick=24,start_time=356211.541124,nthreads=6,
start_task=,name=trsm_left,tick=24,start_time=356211.541178,nthreads=4,
start_task=,name=trsm_right,tick=24,start_time=356211.541246,nthreads=3,
message=tick stats,tick=24,estimated_current_power=226.524242,
end_task=,name=trsm_left,elapsed_seconds=0.101976,predicted_seconds=0.039571,time_percent_error=61.195517,nthreads=20,end_time=356211.643605,avg_power_W=166.491803,max_power_W=212.000000,avg_time_s=0.101976,released_listeners=3,
end_task=,name=trsm_right,elapsed_seconds=0.110775,predicted_seconds=0.037223,time_percent_error=66.397713,nthreads=25,end_time=356211.652410,avg_power_W=166.491803,max_power_W=212.000000,avg_time_s=0.110775,released_listeners=3,
start_task=,name=lu_gemm,tick=25,start_time=356211.652457,nthreads=45,
message=tick stats,tick=25,estimated_current_power=221.824242,
end_task=,name=trsm_left,elapsed_seconds=0.181574,predicted_seconds=0.111642,time_percent_error=38.514408,nthreads=6,end_time=356211.732657,avg_power_W=167.000000,max_power_W=212.000000,avg_time_s=0.181574,released_listeners=3,
end_task=,name=trsm_right,elapsed_seconds=0.186262,predicted_seconds=0.106841,time_percent_error=42.639401,nthreads=6,end_time=356211.732731,avg_power_W=167.000000,max_power_W=212.000000,avg_time_s=0.186262,released_listeners=3,
start_task=,name=lu_gemm,tick=26,start_time=356211.732873,nthreads=5,
start_task=,name=lu_gemm,tick=26,start_time=356211.732893,nthreads=5,
start_task=,name=lu_gemm,tick=26,start_time=356211.732912,nthreads=3,
message=tick stats,tick=26,estimated_current_power=235.687879,
end_task=,name=lu_gemm,elapsed_seconds=0.089321,predicted_seconds=0.039288,time_percent_error=56.014670,nthreads=45,end_time=356211.759996,avg_power_W=167.000000,max_power_W=212.000000,avg_time_s=0.089321,released_listeners=1,
start_task=,name=getrf,tick=27,start_time=356211.760030,nthreads=28,
message=tick stats,tick=27,estimated_current_power=201.887879,
end_task=,name=lu_gemm,elapsed_seconds=0.465972,predicted_seconds=0.192589,time_percent_error=58.669354,nthreads=5,end_time=356211.783394,avg_power_W=167.546875,max_power_W=212.000000,avg_time_s=0.465972,released_listeners=0,
end_task=,name=trsm_left,elapsed_seconds=0.246496,predicted_seconds=0.158025,time_percent_error=35.891436,nthreads=4,end_time=356211.789384,avg_power_W=167.546875,max_power_W=212.000000,avg_time_s=0.246496,released_listeners=3,
start_task=,name=lu_gemm,tick=28,start_time=356211.789429,nthreads=20,
start_task=,name=lu_gemm,tick=28,start_time=356211.789449,nthreads=5,
message=tick stats,tick=28,estimated_current_power=226.215152,
end_task=,name=lu_gemm,elapsed_seconds=0.513838,predicted_seconds=0.192589,time_percent_error=62.519472,nthreads=5,end_time=356211.833809,avg_power_W=167.784615,max_power_W=212.000000,avg_time_s=0.513838,released_listeners=0,
end_task=,name=lu_gemm,elapsed_seconds=0.540041,predicted_seconds=0.192589,time_percent_error=64.338070,nthreads=5,end_time=356211.833841,avg_power_W=167.784615,max_power_W=212.000000,avg_time_s=0.540041,released_listeners=0,
end_task=,name=trsm_right,elapsed_seconds=0.275145,predicted_seconds=0.193795,time_percent_error=29.566096,nthreads=3,end_time=356211.833865,avg_power_W=167.784615,max_power_W=212.000000,avg_time_s=0.275145,released_listeners=3,
end_task=,name=getrf,elapsed_seconds=0.037998,predicted_seconds=0.082277,time_percent_error=116.530518,nthreads=28,end_time=356211.833894,avg_power_W=167.784615,max_power_W=212.000000,avg_time_s=0.037998,released_listeners=4,
start_task=,name=lu_gemm,tick=29,start_time=356211.833949,nthreads=30,
start_task=,name=lu_gemm,tick=29,start_time=356211.833969,nthreads=5,
start_task=,name=lu_gemm,tick=29,start_time=356211.833986,nthreads=5,
message=tick stats,tick=29,estimated_current_power=221.454545,
end_task=,name=lu_gemm,elapsed_seconds=0.181739,predicted_seconds=0.055019,time_percent_error=69.726205,nthreads=30,end_time=356212.016242,avg_power_W=167.764706,max_power_W=212.000000,avg_time_s=0.181739,released_listeners=1,
start_task=,name=trsm_right,tick=30,start_time=356212.016277,nthreads=30,
message=tick stats,tick=30,estimated_current_power=220.048485,
end_task=,name=lu_gemm,elapsed_seconds=0.235942,predicted_seconds=0.080528,time_percent_error=65.869466,nthreads=20,end_time=356212.036902,avg_power_W=168.057971,max_power_W=212.000000,avg_time_s=0.235942,released_listeners=1,
start_task=,name=trsm_left,tick=31,start_time=356212.036937,nthreads=20,
message=tick stats,tick=31,estimated_current_power=219.987879,
end_task=,name=trsm_right,elapsed_seconds=0.057030,predicted_seconds=0.030477,time_percent_error=46.559736,nthreads=30,end_time=356212.083156,avg_power_W=168.428571,max_power_W=212.000000,avg_time_s=0.057030,released_listeners=2,
end_task=,name=trsm_left,elapsed_seconds=0.065112,predicted_seconds=0.039571,time_percent_error=39.225336,nthreads=20,end_time=356212.132530,avg_power_W=168.605634,max_power_W=212.000000,avg_time_s=0.065112,released_listeners=2,
start_task=,name=lu_gemm,tick=32,start_time=356212.132566,nthreads=52,
message=tick stats,tick=32,estimated_current_power=208.154545,
end_task=,name=lu_gemm,elapsed_seconds=0.084379,predicted_seconds=0.038317,time_percent_error=54.589987,nthreads=52,end_time=356212.232737,avg_power_W=168.821918,max_power_W=212.000000,avg_time_s=0.084379,released_listeners=0,
end_task=,name=lu_gemm,elapsed_seconds=0.495358,predicted_seconds=0.192589,time_percent_error=61.121207,nthreads=5,end_time=356212.232774,avg_power_W=168.821918,max_power_W=212.000000,avg_time_s=0.495358,released_listeners=1,
end_task=,name=lu_gemm,elapsed_seconds=0.491819,predicted_seconds=0.354475,time_percent_error=27.925613,nthreads=3,end_time=356212.232799,avg_power_W=168.821918,max_power_W=212.000000,avg_time_s=0.491819,released_listeners=0,
start_task=,name=trsm_right,tick=33,start_time=356212.232832,nthreads=52,
message=tick stats,tick=33,estimated_current_power=173.154545,
end_task=,name=lu_gemm,elapsed_seconds=0.515674,predicted_seconds=0.192589,time_percent_error=62.652929,nthreads=5,end_time=356212.262360,avg_power_W=168.821918,max_power_W=212.000000,avg_time_s=0.515674,released_listeners=1,
start_task=,name=trsm_left,tick=34,start_time=356212.262396,nthreads=12,
message=tick stats,tick=34,estimated_current_power=183.324242,
end_task=,name=trsm_right,elapsed_seconds=0.057138,predicted_seconds=0.023724,time_percent_error=58.479839,nthreads=52,end_time=356212.290520,avg_power_W=169.108108,max_power_W=212.000000,avg_time_s=0.057138,released_listeners=2,
start_task=,name=lu_gemm,tick=35,start_time=356212.290564,nthreads=52,
message=tick stats,tick=35,estimated_current_power=181.524242,
end_task=,name=lu_gemm,elapsed_seconds=0.557467,predicted_seconds=0.192589,time_percent_error=65.452776,nthreads=5,end_time=356212.347542,avg_power_W=169.200000,max_power_W=212.000000,avg_time_s=0.557467,released_listeners=0,
end_task=,name=lu_gemm,elapsed_seconds=0.516702,predicted_seconds=0.192589,time_percent_error=62.727241,nthreads=5,end_time=356212.351135,avg_power_W=169.200000,max_power_W=212.000000,avg_time_s=0.516702,released_listeners=0,
end_task=,name=trsm_left,elapsed_seconds=0.093215,predicted_seconds=0.057781,time_percent_error=38.013888,nthreads=12,end_time=356212.356220,avg_power_W=169.200000,max_power_W=212.000000,avg_time_s=0.093215,released_listeners=2,
start_task=,name=lu_gemm,tick=36,start_time=356212.356256,nthreads=14,
start_task=,name=lu_gemm,tick=36,start_time=356212.356271,nthreads=8,
message=tick stats,tick=36,estimated_current_power=165.290909,
end_task=,name=lu_gemm,elapsed_seconds=0.087691,predicted_seconds=0.038317,time_percent_error=56.305090,nthreads=52,end_time=356212.390305,avg_power_W=169.302632,max_power_W=212.000000,avg_time_s=0.087691,released_listeners=1,
end_task=,name=lu_gemm,elapsed_seconds=0.579094,predicted_seconds=0.192589,time_percent_error=66.743022,nthreads=5,end_time=356212.413596,avg_power_W=169.302632,max_power_W=212.000000,avg_time_s=0.579094,released_listeners=0,
end_task=,name=lu_gemm,elapsed_seconds=0.201715,predicted_seconds=0.101032,time_percent_error=49.913605,nthreads=14,end_time=356212.558621,avg_power_W=169.316456,max_power_W=212.000000,avg_time_s=0.201715,released_listeners=1,
start_task=,name=getrf,tick=37,start_time=356212.558668,nthreads=28,
message=tick stats,tick=37,estimated_current_power=70.618182,
end_task=,name=getrf,elapsed_seconds=0.019821,predicted_seconds=0.082277,time_percent_error=315.103833,nthreads=28,end_time=356212.582987,avg_power_W=169.312500,max_power_W=212.000000,avg_time_s=0.019821,released_listeners=2,
start_task=,name=trsm_left,tick=38,start_time=356212.583040,nthreads=72,
message=tick stats,tick=38,estimated_current_power=123.684848,
end_task=,name=lu_gemm,elapsed_seconds=0.259470,predicted_seconds=0.189636,time_percent_error=26.914153,nthreads=8,end_time=356212.616384,avg_power_W=169.312500,max_power_W=212.000000,avg_time_s=0.259470,released_listeners=1,
start_task=,name=trsm_right,tick=39,start_time=356212.616425,nthreads=8,
message=tick stats,tick=39,estimated_current_power=127.600000,
end_task=,name=trsm_left,elapsed_seconds=0.053233,predicted_seconds=0.020431,time_percent_error=61.620764,nthreads=72,end_time=356212.638572,avg_power_W=169.308642,max_power_W=212.000000,avg_time_s=0.053233,released_listeners=1,
end_task=,name=trsm_right,elapsed_seconds=0.099363,predicted_seconds=0.081543,time_percent_error=17.934036,nthreads=8,end_time=356212.716548,avg_power_W=169.231707,max_power_W=212.000000,avg_time_s=0.099363,released_listeners=1,
start_task=,name=lu_gemm,tick=40,start_time=356212.716607,nthreads=72,
message=tick stats,tick=40,estimated_current_power=108.463636,
end_task=,name=lu_gemm,elapsed_seconds=0.077846,predicted_seconds=0.028285,time_percent_error=63.664999,nthreads=72,end_time=356212.795106,avg_power_W=169.178571,max_power_W=212.000000,avg_time_s=0.077846,released_listeners=1,
start_task=,name=getrf,tick=41,start_time=356212.795134,nthreads=28,
message=tick stats,tick=41,estimated_current_power=49.100000,
end_task=,name=getrf,elapsed_seconds=0.023663,predicted_seconds=0.082277,time_percent_error=247.710086,nthreads=28,end_time=356212.832648,avg_power_W=168.964706,max_power_W=212.000000,avg_time_s=0.023663,released_listeners=0,
est_max_power=406.969697,
average_power_W=168.964706,
max_power_W=212.000000,
time_s=4.265005,
message=ALL DONE,
