message=cataloging configuration,max_threads=107,power_limit=inf,
start_task=,name=getrf,tick=1,start_time=354578.857395,nthreads=107,
message=tick stats,tick=1,estimated_current_power=43.433333,
end_task=,name=getrf,elapsed_seconds=0.674016,predicted_seconds=0.307531,time_percent_error=54.373384,nthreads=107,end_time=354579.532444,avg_power_W=137.307692,max_power_W=166.000000,avg_time_s=0.674016,released_listeners=10,
start_task=,name=trsm_left,tick=2,start_time=354579.532507,nthreads=11,
start_task=,name=trsm_right,tick=2,start_time=354579.532537,nthreads=11,
start_task=,name=trsm_left,tick=2,start_time=354579.532563,nthreads=11,
start_task=,name=trsm_right,tick=2,start_time=354579.532690,nthreads=11,
start_task=,name=trsm_left,tick=2,start_time=354579.533146,nthreads=11,
start_task=,name=trsm_right,tick=2,start_time=354579.533219,nthreads=11,
start_task=,name=trsm_left,tick=2,start_time=354579.533663,nthreads=11,
start_task=,name=trsm_left,tick=2,start_time=354579.533787,nthreads=10,
start_task=,name=trsm_right,tick=2,start_time=354579.534146,nthreads=10,
start_task=,name=trsm_right,tick=2,start_time=354579.534196,nthreads=10,
message=tick stats,tick=2,estimated_current_power=290.666667,
end_task=,name=trsm_left,elapsed_seconds=0.230207,predicted_seconds=0.071939,time_percent_error=68.750159,nthreads=11,end_time=354579.770879,avg_power_W=144.111111,max_power_W=170.000000,avg_time_s=0.230207,released_listeners=5,
end_task=,name=trsm_left,elapsed_seconds=0.238782,predicted_seconds=0.071939,time_percent_error=69.872335,nthreads=11,end_time=354579.772446,avg_power_W=144.111111,max_power_W=170.000000,avg_time_s=0.238782,released_listeners=5,
end_task=,name=trsm_left,elapsed_seconds=0.238520,predicted_seconds=0.067551,time_percent_error=71.679229,nthreads=10,end_time=354579.773150,avg_power_W=144.111111,max_power_W=170.000000,avg_time_s=0.238520,released_listeners=5,
end_task=,name=trsm_right,elapsed_seconds=0.240258,predicted_seconds=0.070613,time_percent_error=70.609551,nthreads=11,end_time=354579.773860,avg_power_W=144.111111,max_power_W=170.000000,avg_time_s=0.240258,released_listeners=5,
start_task=,name=lu_gemm,tick=3,start_time=354579.773886,nthreads=15,
start_task=,name=lu_gemm,tick=3,start_time=354579.773907,nthreads=14,
start_task=,name=lu_gemm,tick=3,start_time=354579.773926,nthreads=14,
message=tick stats,tick=3,estimated_current_power=278.100000,
end_task=,name=trsm_left,elapsed_seconds=0.257005,predicted_seconds=0.071939,time_percent_error=72.008573,nthreads=11,end_time=354579.827841,avg_power_W=147.684211,max_power_W=212.000000,avg_time_s=0.257005,released_listeners=5,
end_task=,name=trsm_right,elapsed_seconds=0.256895,predicted_seconds=0.070613,time_percent_error=72.512960,nthreads=11,end_time=354579.827872,avg_power_W=147.684211,max_power_W=212.000000,avg_time_s=0.256895,released_listeners=5,
start_task=,name=lu_gemm,tick=4,start_time=354579.827892,nthreads=5,
start_task=,name=lu_gemm,tick=4,start_time=354579.827912,nthreads=5,
start_task=,name=lu_gemm,tick=4,start_time=354579.827927,nthreads=4,
start_task=,name=lu_gemm,tick=4,start_time=354579.827945,nthreads=4,
start_task=,name=lu_gemm,tick=4,start_time=354579.827981,nthreads=4,
message=tick stats,tick=4,estimated_current_power=314.169697,
end_task=,name=trsm_left,elapsed_seconds=0.272953,predicted_seconds=0.071939,time_percent_error=73.644022,nthreads=11,end_time=354579.921946,avg_power_W=150.142857,max_power_W=212.000000,avg_time_s=0.272953,released_listeners=5,
start_task=,name=lu_gemm,tick=5,start_time=354579.921981,nthreads=6,
start_task=,name=lu_gemm,tick=5,start_time=354579.922001,nthreads=5,
message=tick stats,tick=5,estimated_current_power=328.142424,
end_task=,name=trsm_right,elapsed_seconds=0.291879,predicted_seconds=0.066528,time_percent_error=77.207012,nthreads=10,end_time=354579.922043,avg_power_W=150.142857,max_power_W=212.000000,avg_time_s=0.291879,released_listeners=5,
end_task=,name=trsm_right,elapsed_seconds=0.280974,predicted_seconds=0.066528,time_percent_error=76.322429,nthreads=10,end_time=354579.922066,avg_power_W=150.142857,max_power_W=212.000000,avg_time_s=0.280974,released_listeners=5,
start_task=,name=lu_gemm,tick=6,start_time=354579.922098,nthreads=2,
start_task=,name=lu_gemm,tick=6,start_time=354579.922116,nthreads=2,
start_task=,name=lu_gemm,tick=6,start_time=354579.922138,nthreads=2,
start_task=,name=lu_gemm,tick=6,start_time=354579.922159,nthreads=2,
start_task=,name=lu_gemm,tick=6,start_time=354579.922210,nthreads=2,
start_task=,name=lu_gemm,tick=6,start_time=354579.922240,nthreads=2,
start_task=,name=lu_gemm,tick=6,start_time=354579.922489,nthreads=2,
start_task=,name=lu_gemm,tick=6,start_time=354579.922520,nthreads=2,
start_task=,name=lu_gemm,tick=6,start_time=354579.922548,nthreads=2,
start_task=,name=lu_gemm,tick=6,start_time=354579.922575,nthreads=2,
message=tick stats,tick=6,estimated_current_power=424.093939,
end_task=,name=trsm_right,elapsed_seconds=0.278428,predicted_seconds=0.070613,time_percent_error=74.638781,nthreads=11,end_time=354579.922611,avg_power_W=150.142857,max_power_W=212.000000,avg_time_s=0.278428,released_listeners=5,
start_task=,name=lu_gemm,tick=7,start_time=354579.922634,nthreads=3,
start_task=,name=lu_gemm,tick=7,start_time=354579.922652,nthreads=2,
start_task=,name=lu_gemm,tick=7,start_time=354579.922679,nthreads=2,
start_task=,name=lu_gemm,tick=7,start_time=354579.922906,nthreads=2,
start_task=,name=lu_gemm,tick=7,start_time=354579.922933,nthreads=2,
message=tick stats,tick=7,estimated_current_power=473.590909,
end_task=,name=lu_gemm,elapsed_seconds=0.274548,predicted_seconds=0.096746,time_percent_error=64.761848,nthreads=15,end_time=354580.171245,avg_power_W=154.307692,max_power_W=212.000000,avg_time_s=0.274548,released_listeners=1,
end_task=,name=lu_gemm,elapsed_seconds=0.238142,predicted_seconds=0.101032,time_percent_error=57.574990,nthreads=14,end_time=354580.171298,avg_power_W=154.307692,max_power_W=212.000000,avg_time_s=0.238142,released_listeners=0,
end_task=,name=lu_gemm,elapsed_seconds=0.364236,predicted_seconds=0.101032,time_percent_error=72.261967,nthreads=14,end_time=354580.171324,avg_power_W=154.307692,max_power_W=212.000000,avg_time_s=0.364236,released_listeners=0,
end_task=,name=lu_gemm,elapsed_seconds=0.649051,predicted_seconds=0.192589,time_percent_error=70.327570,nthreads=5,end_time=354580.478797,avg_power_W=156.000000,max_power_W=212.000000,avg_time_s=0.649051,released_listeners=1,
end_task=,name=lu_gemm,elapsed_seconds=0.680672,predicted_seconds=0.192589,time_percent_error=71.706005,nthreads=5,end_time=354580.529066,avg_power_W=156.212121,max_power_W=212.000000,avg_time_s=0.680672,released_listeners=0,
end_task=,name=lu_gemm,elapsed_seconds=0.697282,predicted_seconds=0.348405,time_percent_error=50.033843,nthreads=4,end_time=354580.529099,avg_power_W=156.212121,max_power_W=212.000000,avg_time_s=0.697282,released_listeners=0,
end_task=,name=lu_gemm,elapsed_seconds=0.753764,predicted_seconds=0.348405,time_percent_error=53.777995,nthreads=4,end_time=354580.586145,avg_power_W=156.411765,max_power_W=212.000000,avg_time_s=0.753764,released_listeners=0,
end_task=,name=lu_gemm,elapsed_seconds=0.922179,predicted_seconds=0.348405,time_percent_error=62.219376,nthreads=4,end_time=354580.750705,avg_power_W=156.162162,max_power_W=212.000000,avg_time_s=0.922179,released_listeners=0,
end_task=,name=lu_gemm,elapsed_seconds=1.279416,predicted_seconds=0.192589,time_percent_error=84.947095,nthreads=5,end_time=354581.202918,avg_power_W=157.326087,max_power_W=212.000000,avg_time_s=1.279416,released_listeners=0,
end_task=,name=lu_gemm,elapsed_seconds=1.303576,predicted_seconds=0.191546,time_percent_error=85.306118,nthreads=6,end_time=354581.227661,avg_power_W=157.680851,max_power_W=212.000000,avg_time_s=1.303576,released_listeners=0,
end_task=,name=lu_gemm,elapsed_seconds=1.434508,predicted_seconds=0.504473,time_percent_error=64.833048,nthreads=2,end_time=354581.357206,avg_power_W=158.244898,max_power_W=212.000000,avg_time_s=1.434508,released_listeners=1,
end_task=,name=lu_gemm,elapsed_seconds=1.438201,predicted_seconds=0.354475,time_percent_error=75.352868,nthreads=3,end_time=354581.373905,avg_power_W=158.420000,max_power_W=212.000000,avg_time_s=1.438201,released_listeners=1,
end_task=,name=lu_gemm,elapsed_seconds=1.517894,predicted_seconds=0.504473,time_percent_error=66.764952,nthreads=2,end_time=354581.441378,avg_power_W=158.470588,max_power_W=212.000000,avg_time_s=1.517894,released_listeners=1,
end_task=,name=lu_gemm,elapsed_seconds=1.526453,predicted_seconds=0.504473,time_percent_error=66.951298,nthreads=2,end_time=354581.473012,avg_power_W=158.423077,max_power_W=212.000000,avg_time_s=1.526453,released_listeners=1,
end_task=,name=lu_gemm,elapsed_seconds=1.553402,predicted_seconds=0.504473,time_percent_error=67.524648,nthreads=2,end_time=354581.476600,avg_power_W=158.423077,max_power_W=212.000000,avg_time_s=1.553402,released_listeners=1,
end_task=,name=lu_gemm,elapsed_seconds=1.608394,predicted_seconds=0.504473,time_percent_error=68.635004,nthreads=2,end_time=354581.532068,avg_power_W=158.339623,max_power_W=212.000000,avg_time_s=1.608394,released_listeners=0,
end_task=,name=lu_gemm,elapsed_seconds=1.640503,predicted_seconds=0.504473,time_percent_error=69.248887,nthreads=2,end_time=354581.572183,avg_power_W=158.129630,max_power_W=212.000000,avg_time_s=1.640503,released_listeners=0,
end_task=,name=lu_gemm,elapsed_seconds=1.633564,predicted_seconds=0.504473,time_percent_error=69.118269,nthreads=2,end_time=354581.572214,avg_power_W=158.129630,max_power_W=212.000000,avg_time_s=1.633564,released_listeners=0,
end_task=,name=lu_gemm,elapsed_seconds=1.655728,predicted_seconds=0.504473,time_percent_error=69.531666,nthreads=2,end_time=354581.581048,avg_power_W=158.129630,max_power_W=212.000000,avg_time_s=1.655728,released_listeners=0,
end_task=,name=lu_gemm,elapsed_seconds=1.661676,predicted_seconds=0.504473,time_percent_error=69.640717,nthreads=2,end_time=354581.586077,avg_power_W=158.129630,max_power_W=212.000000,avg_time_s=1.661676,released_listeners=0,
end_task=,name=lu_gemm,elapsed_seconds=1.693724,predicted_seconds=0.504473,time_percent_error=70.215172,nthreads=2,end_time=354581.622004,avg_power_W=157.890909,max_power_W=212.000000,avg_time_s=1.693724,released_listeners=0,
end_task=,name=lu_gemm,elapsed_seconds=1.702159,predicted_seconds=0.504473,time_percent_error=70.362775,nthreads=2,end_time=354581.625384,avg_power_W=157.890909,max_power_W=212.000000,avg_time_s=1.702159,released_listeners=1,
start_task=,name=getrf,tick=8,start_time=354581.625433,nthreads=101,
message=tick stats,tick=8,estimated_current_power=90.045455,
end_task=,name=lu_gemm,elapsed_seconds=1.702014,predicted_seconds=0.504473,time_percent_error=70.360242,nthreads=2,end_time=354581.628252,avg_power_W=157.890909,max_power_W=212.000000,avg_time_s=1.702014,released_listeners=1,
end_task=,name=lu_gemm,elapsed_seconds=1.728201,predicted_seconds=0.504473,time_percent_error=70.809363,nthreads=2,end_time=354581.652491,avg_power_W=157.890909,max_power_W=212.000000,avg_time_s=1.728201,released_listeners=0,
end_task=,name=lu_gemm,elapsed_seconds=1.743099,predicted_seconds=0.504473,time_percent_error=71.058861,nthreads=2,end_time=354581.671209,avg_power_W=157.571429,max_power_W=212.000000,avg_time_s=1.743099,released_listeners=0,
end_task=,name=getrf,elapsed_seconds=0.116070,predicted_seconds=0.343440,time_percent_error=195.890442,nthreads=101,end_time=354581.742112,avg_power_W=157.596491,max_power_W=212.000000,avg_time_s=0.116070,released_listeners=8,
start_task=,name=trsm_left,tick=9,start_time=354581.742182,nthreads=14,
start_task=,name=trsm_right,tick=9,start_time=354581.742215,nthreads=14,
start_task=,name=trsm_left,tick=9,start_time=354581.742240,nthreads=14,
start_task=,name=trsm_right,tick=9,start_time=354581.742264,nthreads=13,
start_task=,name=trsm_left,tick=9,start_time=354581.742322,nthreads=13,
start_task=,name=trsm_right,tick=9,start_time=354581.742371,nthreads=13,
start_task=,name=trsm_left,tick=9,start_time=354581.742439,nthreads=13,
start_task=,name=trsm_right,tick=9,start_time=354581.742502,nthreads=13,
message=tick stats,tick=9,estimated_current_power=265.666667,
end_task=,name=trsm_left,elapsed_seconds=0.149574,predicted_seconds=0.053924,time_percent_error=63.948259,nthreads=14,end_time=354581.892323,avg_power_W=157.800000,max_power_W=212.000000,avg_time_s=0.149574,released_listeners=4,
end_task=,name=trsm_right,elapsed_seconds=0.153053,predicted_seconds=0.054454,time_percent_error=64.421526,nthreads=14,end_time=354581.896427,avg_power_W=157.800000,max_power_W=212.000000,avg_time_s=0.153053,released_listeners=4,
start_task=,name=lu_gemm,tick=10,start_time=354581.896460,nthreads=28,
message=tick stats,tick=10,estimated_current_power=252.348485,
end_task=,name=trsm_left,elapsed_seconds=0.166508,predicted_seconds=0.060769,time_percent_error=63.503962,nthreads=13,end_time=354581.927860,avg_power_W=158.163934,max_power_W=212.000000,avg_time_s=0.166508,released_listeners=4,
start_task=,name=lu_gemm,tick=11,start_time=354581.927888,nthreads=13,
message=tick stats,tick=11,estimated_current_power=253.857576,
end_task=,name=trsm_right,elapsed_seconds=0.164140,predicted_seconds=0.058289,time_percent_error=64.488227,nthreads=13,end_time=354581.927910,avg_power_W=158.163934,max_power_W=212.000000,avg_time_s=0.164140,released_listeners=4,
start_task=,name=lu_gemm,tick=12,start_time=354581.927932,nthreads=7,
start_task=,name=lu_gemm,tick=12,start_time=354581.927952,nthreads=6,
message=tick stats,tick=12,estimated_current_power=266.181818,
end_task=,name=trsm_left,elapsed_seconds=0.173529,predicted_seconds=0.053924,time_percent_error=68.925213,nthreads=14,end_time=354581.971376,avg_power_W=159.016129,max_power_W=212.000000,avg_time_s=0.173529,released_listeners=4,
start_task=,name=lu_gemm,tick=13,start_time=354581.971421,nthreads=7,
start_task=,name=lu_gemm,tick=13,start_time=354581.971454,nthreads=7,
message=tick stats,tick=13,estimated_current_power=277.178788,
end_task=,name=trsm_right,elapsed_seconds=0.190272,predicted_seconds=0.058289,time_percent_error=69.365523,nthreads=13,end_time=354582.021324,avg_power_W=159.238095,max_power_W=212.000000,avg_time_s=0.190272,released_listeners=4,
end_task=,name=trsm_left,elapsed_seconds=0.202088,predicted_seconds=0.060769,time_percent_error=69.929579,nthreads=13,end_time=354582.021392,avg_power_W=159.238095,max_power_W=212.000000,avg_time_s=0.202088,released_listeners=4,
end_task=,name=trsm_right,elapsed_seconds=0.197758,predicted_seconds=0.058289,time_percent_error=70.525046,nthreads=13,end_time=354582.021432,avg_power_W=159.238095,max_power_W=212.000000,avg_time_s=0.197758,released_listeners=4,
start_task=,name=lu_gemm,tick=14,start_time=354582.021456,nthreads=4,
start_task=,name=lu_gemm,tick=14,start_time=354582.021475,nthreads=4,
start_task=,name=lu_gemm,tick=14,start_time=354582.021492,nthreads=4,
start_task=,name=lu_gemm,tick=14,start_time=354582.021508,nthreads=4,
start_task=,name=lu_gemm,tick=14,start_time=354582.021764,nthreads=4,
start_task=,name=lu_gemm,tick=14,start_time=354582.021794,nthreads=4,
start_task=,name=lu_gemm,tick=14,start_time=354582.021825,nthreads=4,
start_task=,name=lu_gemm,tick=14,start_time=354582.021865,nthreads=4,
start_task=,name=lu_gemm,tick=14,start_time=354582.021897,nthreads=4,
start_task=,name=lu_gemm,tick=14,start_time=354582.022163,nthreads=3,
message=tick stats,tick=14,estimated_current_power=352.709091,
end_task=,name=lu_gemm,elapsed_seconds=0.122874,predicted_seconds=0.061269,time_percent_error=50.136607,nthreads=28,end_time=354582.132225,avg_power_W=159.861538,max_power_W=212.000000,avg_time_s=0.122874,released_listeners=1,
start_task=,name=getrf,tick=15,start_time=354582.132255,nthreads=28,
message=tick stats,tick=15,estimated_current_power=347.527273,
end_task=,name=lu_gemm,elapsed_seconds=0.183967,predicted_seconds=0.102068,time_percent_error=44.517984,nthreads=13,end_time=354582.171330,avg_power_W=160.045455,max_power_W=212.000000,avg_time_s=0.183967,released_listeners=1,
end_task=,name=getrf,elapsed_seconds=0.151690,predicted_seconds=0.082277,time_percent_error=45.759674,nthreads=28,end_time=354582.284666,avg_power_W=160.338235,max_power_W=212.000000,avg_time_s=0.151690,released_listeners=6,
start_task=,name=trsm_left,tick=16,start_time=354582.284700,nthreads=41,
message=tick stats,tick=16,estimated_current_power=335.651515,
end_task=,name=lu_gemm,elapsed_seconds=0.439081,predicted_seconds=0.191813,time_percent_error=56.314988,nthreads=7,end_time=354582.371331,avg_power_W=160.414286,max_power_W=212.000000,avg_time_s=0.439081,released_listeners=1,
start_task=,name=trsm_right,tick=17,start_time=354582.371359,nthreads=7,
message=tick stats,tick=17,estimated_current_power=338.336364,
end_task=,name=lu_gemm,elapsed_seconds=0.470728,predicted_seconds=0.191813,time_percent_error=59.251917,nthreads=7,end_time=354582.443088,avg_power_W=160.563380,max_power_W=212.000000,avg_time_s=0.470728,released_listeners=1,
start_task=,name=trsm_left,tick=18,start_time=354582.443116,nthreads=7,
message=tick stats,tick=18,estimated_current_power=338.954545,
end_task=,name=lu_gemm,elapsed_seconds=0.475591,predicted_seconds=0.191546,time_percent_error=59.724643,nthreads=6,end_time=354582.443324,avg_power_W=160.563380,max_power_W=212.000000,avg_time_s=0.475591,released_listeners=0,
end_task=,name=trsm_left,elapsed_seconds=0.197983,predicted_seconds=0.027668,time_percent_error=86.025324,nthreads=41,end_time=354582.486357,avg_power_W=160.708333,max_power_W=212.000000,avg_time_s=0.197983,released_listeners=3,
end_task=,name=trsm_right,elapsed_seconds=0.174485,predicted_seconds=0.096093,time_percent_error=44.927835,nthreads=7,end_time=354582.546790,avg_power_W=161.054795,max_power_W=212.000000,avg_time_s=0.174485,released_listeners=3,
start_task=,name=lu_gemm,tick=19,start_time=354582.546826,nthreads=54,
message=tick stats,tick=19,estimated_current_power=311.900000,
end_task=,name=trsm_left,elapsed_seconds=0.132842,predicted_seconds=0.110786,time_percent_error=16.603029,nthreads=7,end_time=354582.587214,avg_power_W=161.445946,max_power_W=212.000000,avg_time_s=0.132842,released_listeners=3,
start_task=,name=lu_gemm,tick=20,start_time=354582.587244,nthreads=7,
message=tick stats,tick=20,estimated_current_power=311.281818,
end_task=,name=lu_gemm,elapsed_seconds=0.137612,predicted_seconds=0.038574,time_percent_error=71.968798,nthreads=54,end_time=354582.695496,avg_power_W=161.986842,max_power_W=212.000000,avg_time_s=0.137612,released_listeners=1,
end_task=,name=lu_gemm,elapsed_seconds=0.718528,predicted_seconds=0.348405,time_percent_error=51.511262,nthreads=4,end_time=354582.740856,avg_power_W=162.337662,max_power_W=212.000000,avg_time_s=0.718528,released_listeners=1,
start_task=,name=trsm_right,tick=21,start_time=354582.740892,nthreads=58,
message=tick stats,tick=21,estimated_current_power=293.624242,
end_task=,name=lu_gemm,elapsed_seconds=0.791377,predicted_seconds=0.191813,time_percent_error=75.762160,nthreads=7,end_time=354582.771054,avg_power_W=162.576923,max_power_W=212.000000,avg_time_s=0.791377,released_listeners=0,
end_task=,name=trsm_right,elapsed_seconds=0.059766,predicted_seconds=0.026644,time_percent_error=55.419656,nthreads=58,end_time=354582.821070,avg_power_W=162.772152,max_power_W=212.000000,avg_time_s=0.059766,released_listeners=3,
start_task=,name=lu_gemm,tick=22,start_time=354582.821109,nthreads=33,
start_task=,name=lu_gemm,tick=22,start_time=354582.821135,nthreads=32,
message=tick stats,tick=22,estimated_current_power=303.218182,
end_task=,name=lu_gemm,elapsed_seconds=0.811818,predicted_seconds=0.348405,time_percent_error=57.083375,nthreads=4,end_time=354582.851031,avg_power_W=162.772152,max_power_W=212.000000,avg_time_s=0.811818,released_listeners=0,
end_task=,name=lu_gemm,elapsed_seconds=0.814301,predicted_seconds=0.348405,time_percent_error=57.214229,nthreads=4,end_time=354582.851063,avg_power_W=162.772152,max_power_W=212.000000,avg_time_s=0.814301,released_listeners=1,
start_task=,name=trsm_right,tick=23,start_time=354582.851085,nthreads=8,
message=tick stats,tick=23,estimated_current_power=293.578788,
end_task=,name=lu_gemm,elapsed_seconds=0.821182,predicted_seconds=0.348405,time_percent_error=57.572752,nthreads=4,end_time=354582.851826,avg_power_W=162.772152,max_power_W=212.000000,avg_time_s=0.821182,released_listeners=0,
end_task=,name=lu_gemm,elapsed_seconds=0.827666,predicted_seconds=0.348405,time_percent_error=57.905113,nthreads=4,end_time=354582.852657,avg_power_W=162.772152,max_power_W=212.000000,avg_time_s=0.827666,released_listeners=1,
start_task=,name=trsm_left,tick=24,start_time=354582.852686,nthreads=8,
message=tick stats,tick=24,estimated_current_power=283.539394,
end_task=,name=lu_gemm,elapsed_seconds=0.843191,predicted_seconds=0.348405,time_percent_error=58.680167,nthreads=4,end_time=354582.921087,avg_power_W=163.172840,max_power_W=212.000000,avg_time_s=0.843191,released_listeners=0,
end_task=,name=lu_gemm,elapsed_seconds=0.880955,predicted_seconds=0.348405,time_percent_error=60.451428,nthreads=4,end_time=354582.921148,avg_power_W=163.172840,max_power_W=212.000000,avg_time_s=0.880955,released_listeners=0,
end_task=,name=lu_gemm,elapsed_seconds=0.880841,predicted_seconds=0.348405,time_percent_error=60.446324,nthreads=4,end_time=354582.921194,avg_power_W=163.172840,max_power_W=212.000000,avg_time_s=0.880841,released_listeners=0,
end_task=,name=lu_gemm,elapsed_seconds=0.880550,predicted_seconds=0.348405,time_percent_error=60.433254,nthreads=4,end_time=354582.921248,avg_power_W=163.172840,max_power_W=212.000000,avg_time_s=0.880550,released_listeners=0,
end_task=,name=lu_gemm,elapsed_seconds=0.122141,predicted_seconds=0.051310,time_percent_error=57.991426,nthreads=33,end_time=354582.943762,avg_power_W=163.172840,max_power_W=212.000000,avg_time_s=0.122141,released_listeners=1,
end_task=,name=trsm_right,elapsed_seconds=0.140358,predicted_seconds=0.081543,time_percent_error=41.903482,nthreads=8,end_time=354582.991971,avg_power_W=163.329268,max_power_W=212.000000,avg_time_s=0.140358,released_listeners=3,
start_task=,name=lu_gemm,tick=25,start_time=354582.992015,nthreads=29,
start_task=,name=lu_gemm,tick=25,start_time=354582.992055,nthreads=28,
message=tick stats,tick=25,estimated_current_power=236.315152,
end_task=,name=lu_gemm,elapsed_seconds=0.179290,predicted_seconds=0.056525,time_percent_error=68.473005,nthreads=32,end_time=354583.021168,avg_power_W=163.554217,max_power_W=212.000000,avg_time_s=0.179290,released_listeners=0,
end_task=,name=trsm_left,elapsed_seconds=0.159670,predicted_seconds=0.089237,time_percent_error=44.111515,nthreads=8,end_time=354583.021197,avg_power_W=163.554217,max_power_W=212.000000,avg_time_s=0.159670,released_listeners=3,
start_task=,name=lu_gemm,tick=26,start_time=354583.021213,nthreads=14,
start_task=,name=lu_gemm,tick=26,start_time=354583.021228,nthreads=13,
start_task=,name=lu_gemm,tick=26,start_time=354583.021242,nthreads=13,
message=tick stats,tick=26,estimated_current_power=255.027273,
end_task=,name=lu_gemm,elapsed_seconds=0.980173,predicted_seconds=0.354475,time_percent_error=63.835440,nthreads=3,end_time=354583.021269,avg_power_W=163.554217,max_power_W=212.000000,avg_time_s=0.980173,released_listeners=0,
end_task=,name=lu_gemm,elapsed_seconds=0.435399,predicted_seconds=0.191813,time_percent_error=55.945525,nthreads=7,end_time=354583.071102,avg_power_W=163.547619,max_power_W=212.000000,avg_time_s=0.435399,released_listeners=1,
start_task=,name=getrf,tick=27,start_time=354583.071134,nthreads=10,
message=tick stats,tick=27,estimated_current_power=241.342424,
end_task=,name=getrf,elapsed_seconds=0.018405,predicted_seconds=0.422621,time_percent_error=2196.286214,nthreads=10,end_time=354583.089854,avg_power_W=163.547619,max_power_W=212.000000,avg_time_s=0.018405,released_listeners=4,
start_task=,name=trsm_left,tick=28,start_time=354583.089880,nthreads=5,
start_task=,name=trsm_right,tick=28,start_time=354583.089898,nthreads=5,
message=tick stats,tick=28,estimated_current_power=258.075758,
end_task=,name=lu_gemm,elapsed_seconds=0.128097,predicted_seconds=0.056369,time_percent_error=55.995042,nthreads=29,end_time=354583.171097,avg_power_W=163.686047,max_power_W=212.000000,avg_time_s=0.128097,released_listeners=1,
start_task=,name=trsm_right,tick=29,start_time=354583.171132,nthreads=29,
message=tick stats,tick=29,estimated_current_power=254.075758,
end_task=,name=lu_gemm,elapsed_seconds=0.179986,predicted_seconds=0.061269,time_percent_error=65.958929,nthreads=28,end_time=354583.228815,avg_power_W=163.701149,max_power_W=212.000000,avg_time_s=0.179986,released_listeners=0,
end_task=,name=trsm_right,elapsed_seconds=0.101354,predicted_seconds=0.034791,time_percent_error=65.673939,nthreads=29,end_time=354583.273999,avg_power_W=163.829545,max_power_W=212.000000,avg_time_s=0.101354,released_listeners=2,
end_task=,name=lu_gemm,elapsed_seconds=0.305874,predicted_seconds=0.101032,time_percent_error=66.969439,nthreads=14,end_time=354583.328205,avg_power_W=164.168539,max_power_W=212.000000,avg_time_s=0.305874,released_listeners=1,
start_task=,name=trsm_left,tick=30,start_time=354583.328245,nthreads=71,
message=tick stats,tick=30,estimated_current_power=194.451515,
end_task=,name=lu_gemm,elapsed_seconds=0.319749,predicted_seconds=0.102068,time_percent_error=68.078605,nthreads=13,end_time=354583.343699,avg_power_W=164.168539,max_power_W=212.000000,avg_time_s=0.319749,released_listeners=0,
end_task=,name=trsm_right,elapsed_seconds=0.247104,predicted_seconds=0.123832,time_percent_error=49.886672,nthreads=5,end_time=354583.343726,avg_power_W=164.168539,max_power_W=212.000000,avg_time_s=0.247104,released_listeners=2,
end_task=,name=lu_gemm,elapsed_seconds=0.328592,predicted_seconds=0.102068,time_percent_error=68.937689,nthreads=13,end_time=354583.351248,avg_power_W=164.168539,max_power_W=212.000000,avg_time_s=0.328592,released_listeners=0,
end_task=,name=trsm_left,elapsed_seconds=0.278924,predicted_seconds=0.151930,time_percent_error=45.530008,nthreads=5,end_time=354583.371438,avg_power_W=164.388889,max_power_W=212.000000,avg_time_s=0.278924,released_listeners=2,
start_task=,name=lu_gemm,tick=31,start_time=354583.371482,nthreads=18,
start_task=,name=lu_gemm,tick=31,start_time=354583.371518,nthreads=18,
message=tick stats,tick=31,estimated_current_power=164.166667,
end_task=,name=trsm_left,elapsed_seconds=0.050360,predicted_seconds=0.037232,time_percent_error=26.068840,nthreads=71,end_time=354583.393426,avg_power_W=164.388889,max_power_W=212.000000,avg_time_s=0.050360,released_listeners=2,
start_task=,name=lu_gemm,tick=32,start_time=354583.393478,nthreads=36,
start_task=,name=lu_gemm,tick=32,start_time=354583.393513,nthreads=35,
message=tick stats,tick=32,estimated_current_power=210.672727,
end_task=,name=lu_gemm,elapsed_seconds=0.180051,predicted_seconds=0.085762,time_percent_error=52.367782,nthreads=18,end_time=354583.552519,avg_power_W=164.397849,max_power_W=212.000000,avg_time_s=0.180051,released_listeners=1,
start_task=,name=getrf,tick=33,start_time=354583.552551,nthreads=18,
message=tick stats,tick=33,estimated_current_power=207.506061,
end_task=,name=lu_gemm,elapsed_seconds=0.175103,predicted_seconds=0.051684,time_percent_error=70.483678,nthreads=35,end_time=354583.576797,avg_power_W=164.489362,max_power_W=212.000000,avg_time_s=0.175103,released_listeners=0,
end_task=,name=lu_gemm,elapsed_seconds=0.179011,predicted_seconds=0.049587,time_percent_error=72.299696,nthreads=36,end_time=354583.576823,avg_power_W=164.489362,max_power_W=212.000000,avg_time_s=0.179011,released_listeners=1,
end_task=,name=lu_gemm,elapsed_seconds=0.211739,predicted_seconds=0.085762,time_percent_error=59.496284,nthreads=18,end_time=354583.584133,avg_power_W=164.489362,max_power_W=212.000000,avg_time_s=0.211739,released_listeners=1,
end_task=,name=getrf,elapsed_seconds=0.035726,predicted_seconds=0.131296,time_percent_error=267.506148,nthreads=18,end_time=354583.589325,avg_power_W=164.489362,max_power_W=212.000000,avg_time_s=0.035726,released_listeners=2,
start_task=,name=trsm_left,tick=34,start_time=354583.589349,nthreads=54,
start_task=,name=trsm_right,tick=34,start_time=354583.589371,nthreads=53,
message=tick stats,tick=34,estimated_current_power=178.733333,
end_task=,name=trsm_left,elapsed_seconds=0.043464,predicted_seconds=0.021507,time_percent_error=50.517119,nthreads=54,end_time=354583.633688,avg_power_W=164.705263,max_power_W=212.000000,avg_time_s=0.043464,released_listeners=1,
end_task=,name=trsm_right,elapsed_seconds=0.063638,predicted_seconds=0.026438,time_percent_error=58.456107,nthreads=53,end_time=354583.653629,avg_power_W=164.705263,max_power_W=212.000000,avg_time_s=0.063638,released_listeners=1,
start_task=,name=lu_gemm,tick=35,start_time=354583.653711,nthreads=107,
message=tick stats,tick=35,estimated_current_power=58.845455,
end_task=,name=lu_gemm,elapsed_seconds=0.075973,predicted_seconds=0.055703,time_percent_error=26.680311,nthreads=107,end_time=354583.730343,avg_power_W=164.855670,max_power_W=212.000000,avg_time_s=0.075973,released_listeners=1,
start_task=,name=getrf,tick=36,start_time=354583.730427,nthreads=107,
message=tick stats,tick=36,estimated_current_power=43.433333,
end_task=,name=getrf,elapsed_seconds=0.046433,predicted_seconds=0.307531,time_percent_error=562.304992,nthreads=107,end_time=354583.777611,avg_power_W=164.846939,max_power_W=212.000000,avg_time_s=0.046433,released_listeners=0,
est_max_power=473.590909,
average_power_W=164.846939,
max_power_W=212.000000,
time_s=4.920262,
message=ALL DONE,
