message=cataloging configuration,max_threads=11,power_limit=inf,
start_task=,name=getrf,tick=1,start_time=355618.593748,nthreads=11,
message=tick stats,tick=1,estimated_current_power=25.600000,
end_task=,name=getrf,elapsed_seconds=0.627956,predicted_seconds=0.414248,time_percent_error=34.032367,nthreads=11,end_time=355619.222635,avg_power_W=120.666667,max_power_W=124.000000,avg_time_s=0.627956,released_listeners=10,
start_task=,name=trsm_right,tick=2,start_time=355619.222682,nthreads=2,
start_task=,name=trsm_left,tick=2,start_time=355619.222709,nthreads=1,
start_task=,name=trsm_left,tick=2,start_time=355619.222731,nthreads=1,
start_task=,name=trsm_right,tick=2,start_time=355619.222894,nthreads=1,
start_task=,name=trsm_right,tick=2,start_time=355619.222947,nthreads=1,
start_task=,name=trsm_left,tick=2,start_time=355619.223460,nthreads=1,
start_task=,name=trsm_right,tick=2,start_time=355619.223597,nthreads=1,
start_task=,name=trsm_left,tick=2,start_time=355619.223634,nthreads=1,
start_task=,name=trsm_right,tick=2,start_time=355619.223752,nthreads=1,
start_task=,name=trsm_left,tick=2,start_time=355619.223841,nthreads=1,
message=tick stats,tick=2,estimated_current_power=130.466667,
end_task=,name=trsm_right,elapsed_seconds=0.305007,predicted_seconds=0.278595,time_percent_error=8.659429,nthreads=2,end_time=355619.528467,avg_power_W=124.055556,max_power_W=145.000000,avg_time_s=0.305007,released_listeners=5,
end_task=,name=trsm_right,elapsed_seconds=0.540385,predicted_seconds=0.547737,time_percent_error=1.360374,nthreads=1,end_time=355619.764557,avg_power_W=128.391304,max_power_W=147.000000,avg_time_s=0.540385,released_listeners=5,
end_task=,name=trsm_right,elapsed_seconds=0.546447,predicted_seconds=0.547737,time_percent_error=0.235946,nthreads=1,end_time=355619.770650,avg_power_W=128.391304,max_power_W=147.000000,avg_time_s=0.546447,released_listeners=5,
end_task=,name=trsm_right,elapsed_seconds=0.553350,predicted_seconds=0.547737,time_percent_error=1.014461,nthreads=1,end_time=355619.777018,avg_power_W=128.391304,max_power_W=147.000000,avg_time_s=0.553350,released_listeners=5,
end_task=,name=trsm_right,elapsed_seconds=0.556557,predicted_seconds=0.547737,time_percent_error=1.584761,nthreads=1,end_time=355619.780933,avg_power_W=128.391304,max_power_W=147.000000,avg_time_s=0.556557,released_listeners=5,
end_task=,name=trsm_left,elapsed_seconds=0.557452,predicted_seconds=0.574743,time_percent_error=3.101772,nthreads=1,end_time=355619.780964,avg_power_W=128.391304,max_power_W=147.000000,avg_time_s=0.557452,released_listeners=5,
start_task=,name=lu_gemm,tick=3,start_time=355619.780986,nthreads=2,
start_task=,name=lu_gemm,tick=3,start_time=355619.781004,nthreads=2,
start_task=,name=lu_gemm,tick=3,start_time=355619.781024,nthreads=1,
start_task=,name=lu_gemm,tick=3,start_time=355619.781040,nthreads=1,
start_task=,name=lu_gemm,tick=3,start_time=355619.781073,nthreads=1,
message=tick stats,tick=3,estimated_current_power=122.233333,
end_task=,name=trsm_left,elapsed_seconds=0.565987,predicted_seconds=0.574743,time_percent_error=1.546985,nthreads=1,end_time=355619.809185,avg_power_W=128.833333,max_power_W=147.000000,avg_time_s=0.565987,released_listeners=5,
end_task=,name=trsm_left,elapsed_seconds=0.568362,predicted_seconds=0.574743,time_percent_error=1.122605,nthreads=1,end_time=355619.809238,avg_power_W=128.833333,max_power_W=147.000000,avg_time_s=0.568362,released_listeners=5,
start_task=,name=lu_gemm,tick=4,start_time=355619.809265,nthreads=1,
start_task=,name=lu_gemm,tick=4,start_time=355619.809291,nthreads=1,
message=tick stats,tick=4,estimated_current_power=122.257576,
end_task=,name=trsm_left,elapsed_seconds=0.569409,predicted_seconds=0.574743,time_percent_error=0.936636,nthreads=1,end_time=355619.809344,avg_power_W=128.833333,max_power_W=147.000000,avg_time_s=0.569409,released_listeners=5,
start_task=,name=lu_gemm,tick=5,start_time=355619.809384,nthreads=1,
message=tick stats,tick=5,estimated_current_power=122.269697,
end_task=,name=trsm_left,elapsed_seconds=0.580104,predicted_seconds=0.574743,time_percent_error=0.924244,nthreads=1,end_time=355619.859005,avg_power_W=129.120000,max_power_W=147.000000,avg_time_s=0.580104,released_listeners=5,
start_task=,name=lu_gemm,tick=6,start_time=355619.859045,nthreads=1,
message=tick stats,tick=6,estimated_current_power=122.281818,
end_task=,name=lu_gemm,elapsed_seconds=0.583289,predicted_seconds=0.504473,time_percent_error=13.512408,nthreads=2,end_time=355620.364951,avg_power_W=130.342857,max_power_W=147.000000,avg_time_s=0.583289,released_listeners=0,
start_task=,name=lu_gemm,tick=7,start_time=355620.364978,nthreads=1,
start_task=,name=lu_gemm,tick=7,start_time=355620.364996,nthreads=1,
message=tick stats,tick=7,estimated_current_power=132.890909,
end_task=,name=lu_gemm,elapsed_seconds=0.632142,predicted_seconds=0.504473,time_percent_error=20.196246,nthreads=2,end_time=355620.413696,avg_power_W=130.527778,max_power_W=147.000000,avg_time_s=0.632142,released_listeners=1,
start_task=,name=lu_gemm,tick=8,start_time=355620.413723,nthreads=1,
start_task=,name=lu_gemm,tick=8,start_time=355620.413740,nthreads=1,
message=tick stats,tick=8,estimated_current_power=143.500000,
end_task=,name=lu_gemm,elapsed_seconds=1.034571,predicted_seconds=0.941325,time_percent_error=9.012971,nthreads=1,end_time=355620.816261,avg_power_W=132.045455,max_power_W=147.000000,avg_time_s=1.034571,released_listeners=0,
start_task=,name=lu_gemm,tick=9,start_time=355620.816285,nthreads=1,
message=tick stats,tick=9,estimated_current_power=143.500000,
end_task=,name=lu_gemm,elapsed_seconds=1.058312,predicted_seconds=0.941325,time_percent_error=11.054041,nthreads=1,end_time=355620.839964,avg_power_W=132.045455,max_power_W=147.000000,avg_time_s=1.058312,released_listeners=0,
start_task=,name=lu_gemm,tick=10,start_time=355620.839986,nthreads=1,
message=tick stats,tick=10,estimated_current_power=143.500000,
end_task=,name=lu_gemm,elapsed_seconds=1.072319,predicted_seconds=0.941325,time_percent_error=12.215886,nthreads=1,end_time=355620.858406,avg_power_W=132.222222,max_power_W=147.000000,avg_time_s=1.072319,released_listeners=0,
start_task=,name=lu_gemm,tick=11,start_time=355620.858431,nthreads=1,
message=tick stats,tick=11,estimated_current_power=143.500000,
end_task=,name=lu_gemm,elapsed_seconds=1.003063,predicted_seconds=0.941325,time_percent_error=6.154855,nthreads=1,end_time=355620.862571,avg_power_W=132.222222,max_power_W=147.000000,avg_time_s=1.003063,released_listeners=0,
start_task=,name=lu_gemm,tick=12,start_time=355620.862593,nthreads=1,
message=tick stats,tick=12,estimated_current_power=143.500000,
end_task=,name=lu_gemm,elapsed_seconds=1.059942,predicted_seconds=0.941325,time_percent_error=11.190839,nthreads=1,end_time=355620.871281,avg_power_W=132.222222,max_power_W=147.000000,avg_time_s=1.059942,released_listeners=0,
start_task=,name=lu_gemm,tick=13,start_time=355620.871305,nthreads=1,
message=tick stats,tick=13,estimated_current_power=143.500000,
end_task=,name=lu_gemm,elapsed_seconds=1.061684,predicted_seconds=0.941325,time_percent_error=11.336550,nthreads=1,end_time=355620.872010,avg_power_W=132.222222,max_power_W=147.000000,avg_time_s=1.061684,released_listeners=0,
start_task=,name=lu_gemm,tick=14,start_time=355620.872034,nthreads=1,
message=tick stats,tick=14,estimated_current_power=143.500000,
end_task=,name=lu_gemm,elapsed_seconds=1.071222,predicted_seconds=0.941325,time_percent_error=12.126033,nthreads=1,end_time=355620.885246,avg_power_W=132.222222,max_power_W=147.000000,avg_time_s=1.071222,released_listeners=1,
start_task=,name=lu_gemm,tick=15,start_time=355620.885271,nthreads=1,
message=tick stats,tick=15,estimated_current_power=143.500000,
end_task=,name=lu_gemm,elapsed_seconds=0.937130,predicted_seconds=0.941325,time_percent_error=0.447667,nthreads=1,end_time=355621.310133,avg_power_W=132.944444,max_power_W=147.000000,avg_time_s=0.937130,released_listeners=0,
end_task=,name=lu_gemm,elapsed_seconds=0.933298,predicted_seconds=0.941325,time_percent_error=0.860169,nthreads=1,end_time=355621.310165,avg_power_W=132.944444,max_power_W=147.000000,avg_time_s=0.933298,released_listeners=1,
start_task=,name=lu_gemm,tick=16,start_time=355621.310185,nthreads=1,
start_task=,name=lu_gemm,tick=16,start_time=355621.310207,nthreads=1,
message=tick stats,tick=16,estimated_current_power=143.500000,
end_task=,name=lu_gemm,elapsed_seconds=0.936596,predicted_seconds=0.941325,time_percent_error=0.504969,nthreads=1,end_time=355621.359393,avg_power_W=133.036364,max_power_W=147.000000,avg_time_s=0.936596,released_listeners=1,
end_task=,name=lu_gemm,elapsed_seconds=0.942394,predicted_seconds=0.941325,time_percent_error=0.113397,nthreads=1,end_time=355621.359424,avg_power_W=133.036364,max_power_W=147.000000,avg_time_s=0.942394,released_listeners=1,
start_task=,name=lu_gemm,tick=17,start_time=355621.359445,nthreads=1,
start_task=,name=lu_gemm,tick=17,start_time=355621.359464,nthreads=1,
message=tick stats,tick=17,estimated_current_power=143.500000,
end_task=,name=lu_gemm,elapsed_seconds=0.964707,predicted_seconds=0.941325,time_percent_error=2.423710,nthreads=1,end_time=355621.781730,avg_power_W=133.984127,max_power_W=147.000000,avg_time_s=0.964707,released_listeners=1,
start_task=,name=lu_gemm,tick=18,start_time=355621.781755,nthreads=1,
message=tick stats,tick=18,estimated_current_power=143.500000,
end_task=,name=lu_gemm,elapsed_seconds=0.962548,predicted_seconds=0.941325,time_percent_error=2.204822,nthreads=1,end_time=355621.809675,avg_power_W=134.093750,max_power_W=147.000000,avg_time_s=0.962548,released_listeners=1,
start_task=,name=getrf,tick=19,start_time=355621.809699,nthreads=1,
message=tick stats,tick=19,estimated_current_power=143.721212,
end_task=,name=lu_gemm,elapsed_seconds=0.959542,predicted_seconds=0.941325,time_percent_error=1.898446,nthreads=1,end_time=355621.822722,avg_power_W=134.093750,max_power_W=147.000000,avg_time_s=0.959542,released_listeners=0,
end_task=,name=lu_gemm,elapsed_seconds=0.966102,predicted_seconds=0.941325,time_percent_error=2.564598,nthreads=1,end_time=355621.838047,avg_power_W=134.093750,max_power_W=147.000000,avg_time_s=0.966102,released_listeners=0,
end_task=,name=lu_gemm,elapsed_seconds=0.979315,predicted_seconds=0.941325,time_percent_error=3.879191,nthreads=1,end_time=355621.838074,avg_power_W=134.093750,max_power_W=147.000000,avg_time_s=0.979315,released_listeners=1,
end_task=,name=lu_gemm,elapsed_seconds=0.980265,predicted_seconds=0.941325,time_percent_error=3.972308,nthreads=1,end_time=355621.858787,avg_power_W=134.200000,max_power_W=147.000000,avg_time_s=0.980265,released_listeners=0,
end_task=,name=lu_gemm,elapsed_seconds=0.975172,predicted_seconds=0.941325,time_percent_error=3.470866,nthreads=1,end_time=355621.861064,avg_power_W=134.200000,max_power_W=147.000000,avg_time_s=0.975172,released_listeners=0,
end_task=,name=lu_gemm,elapsed_seconds=0.916626,predicted_seconds=0.941325,time_percent_error=2.694643,nthreads=1,end_time=355622.227852,avg_power_W=134.013889,max_power_W=147.000000,avg_time_s=0.916626,released_listeners=0,
end_task=,name=lu_gemm,elapsed_seconds=0.924092,predicted_seconds=0.941325,time_percent_error=1.864861,nthreads=1,end_time=355622.234892,avg_power_W=134.013889,max_power_W=147.000000,avg_time_s=0.924092,released_listeners=1,
end_task=,name=lu_gemm,elapsed_seconds=0.913715,predicted_seconds=0.941325,time_percent_error=3.021795,nthreads=1,end_time=355622.273865,avg_power_W=133.931507,max_power_W=147.000000,avg_time_s=0.913715,released_listeners=0,
end_task=,name=lu_gemm,elapsed_seconds=0.923519,predicted_seconds=0.941325,time_percent_error=1.928161,nthreads=1,end_time=355622.283612,avg_power_W=133.931507,max_power_W=147.000000,avg_time_s=0.923519,released_listeners=0,
end_task=,name=getrf,elapsed_seconds=0.862252,predicted_seconds=0.925592,time_percent_error=7.345921,nthreads=1,end_time=355622.672664,avg_power_W=132.777778,max_power_W=147.000000,avg_time_s=0.862252,released_listeners=8,
start_task=,name=trsm_left,tick=20,start_time=355622.672704,nthreads=2,
start_task=,name=trsm_right,tick=20,start_time=355622.672733,nthreads=2,
start_task=,name=trsm_left,tick=20,start_time=355622.672754,nthreads=1,
start_task=,name=trsm_right,tick=20,start_time=355622.672775,nthreads=1,
start_task=,name=trsm_left,tick=20,start_time=355622.672828,nthreads=1,
start_task=,name=trsm_right,tick=20,start_time=355622.672898,nthreads=1,
start_task=,name=trsm_left,tick=20,start_time=355622.672934,nthreads=1,
start_task=,name=trsm_right,tick=20,start_time=355622.673003,nthreads=1,
message=tick stats,tick=20,estimated_current_power=119.978788,
end_task=,name=lu_gemm,elapsed_seconds=0.924783,predicted_seconds=0.941325,time_percent_error=1.788747,nthreads=1,end_time=355622.717085,avg_power_W=132.646341,max_power_W=147.000000,avg_time_s=0.924783,released_listeners=0,
end_task=,name=trsm_left,elapsed_seconds=0.278746,predicted_seconds=0.296172,time_percent_error=6.251418,nthreads=2,end_time=355622.958510,avg_power_W=132.804598,max_power_W=147.000000,avg_time_s=0.278746,released_listeners=4,
end_task=,name=trsm_right,elapsed_seconds=0.292172,predicted_seconds=0.278595,time_percent_error=4.646915,nthreads=2,end_time=355622.965598,avg_power_W=132.804598,max_power_W=147.000000,avg_time_s=0.292172,released_listeners=4,
start_task=,name=lu_gemm,tick=21,start_time=355622.965618,nthreads=5,
message=tick stats,tick=21,estimated_current_power=98.063636,
end_task=,name=trsm_right,elapsed_seconds=0.493183,predicted_seconds=0.547737,time_percent_error=11.061510,nthreads=1,end_time=355623.166934,avg_power_W=133.087912,max_power_W=147.000000,avg_time_s=0.493183,released_listeners=4,
start_task=,name=lu_gemm,tick=22,start_time=355623.166961,nthreads=1,
message=tick stats,tick=22,estimated_current_power=98.342424,
end_task=,name=trsm_left,elapsed_seconds=0.510123,predicted_seconds=0.574743,time_percent_error=12.667372,nthreads=1,end_time=355623.183529,avg_power_W=133.087912,max_power_W=147.000000,avg_time_s=0.510123,released_listeners=4,
start_task=,name=lu_gemm,tick=23,start_time=355623.183553,nthreads=1,
message=tick stats,tick=23,estimated_current_power=98.354545,
end_task=,name=trsm_right,elapsed_seconds=0.516165,predicted_seconds=0.547737,time_percent_error=6.116466,nthreads=1,end_time=355623.189943,avg_power_W=133.087912,max_power_W=147.000000,avg_time_s=0.516165,released_listeners=4,
start_task=,name=lu_gemm,tick=24,start_time=355623.189969,nthreads=1,
message=tick stats,tick=24,estimated_current_power=98.633333,
end_task=,name=trsm_right,elapsed_seconds=0.516616,predicted_seconds=0.547737,time_percent_error=6.023955,nthreads=1,end_time=355623.190111,avg_power_W=133.087912,max_power_W=147.000000,avg_time_s=0.516616,released_listeners=4,
start_task=,name=lu_gemm,tick=25,start_time=355623.190137,nthreads=1,
message=tick stats,tick=25,estimated_current_power=98.912121,
end_task=,name=trsm_left,elapsed_seconds=0.527101,predicted_seconds=0.574743,time_percent_error=9.038319,nthreads=1,end_time=355623.209757,avg_power_W=133.141304,max_power_W=147.000000,avg_time_s=0.527101,released_listeners=4,
end_task=,name=trsm_left,elapsed_seconds=0.523762,predicted_seconds=0.574743,time_percent_error=9.733635,nthreads=1,end_time=355623.209790,avg_power_W=133.141304,max_power_W=147.000000,avg_time_s=0.523762,released_listeners=4,
start_task=,name=lu_gemm,tick=26,start_time=355623.209810,nthreads=1,
start_task=,name=lu_gemm,tick=26,start_time=355623.209828,nthreads=1,
message=tick stats,tick=26,estimated_current_power=98.936364,
end_task=,name=lu_gemm,elapsed_seconds=0.360891,predicted_seconds=0.192589,time_percent_error=46.635012,nthreads=5,end_time=355623.327624,avg_power_W=133.212766,max_power_W=147.000000,avg_time_s=0.360891,released_listeners=1,
start_task=,name=lu_gemm,tick=27,start_time=355623.327649,nthreads=1,
start_task=,name=lu_gemm,tick=27,start_time=355623.327666,nthreads=1,
start_task=,name=lu_gemm,tick=27,start_time=355623.327681,nthreads=1,
start_task=,name=lu_gemm,tick=27,start_time=355623.327713,nthreads=1,
start_task=,name=lu_gemm,tick=27,start_time=355623.327743,nthreads=1,
message=tick stats,tick=27,estimated_current_power=143.500000,
end_task=,name=lu_gemm,elapsed_seconds=0.927799,predicted_seconds=0.941325,time_percent_error=1.457950,nthreads=1,end_time=355624.109274,avg_power_W=134.072727,max_power_W=147.000000,avg_time_s=0.927799,released_listeners=1,
start_task=,name=lu_gemm,tick=28,start_time=355624.109306,nthreads=1,
message=tick stats,tick=28,estimated_current_power=143.500000,
end_task=,name=lu_gemm,elapsed_seconds=0.923029,predicted_seconds=0.941325,time_percent_error=1.982196,nthreads=1,end_time=355624.113567,avg_power_W=134.072727,max_power_W=147.000000,avg_time_s=0.923029,released_listeners=0,
start_task=,name=lu_gemm,tick=29,start_time=355624.113591,nthreads=1,
message=tick stats,tick=29,estimated_current_power=143.500000,
end_task=,name=lu_gemm,elapsed_seconds=0.935406,predicted_seconds=0.941325,time_percent_error=0.632868,nthreads=1,end_time=355624.129774,avg_power_W=134.072727,max_power_W=147.000000,avg_time_s=0.935406,released_listeners=1,
start_task=,name=lu_gemm,tick=30,start_time=355624.129798,nthreads=1,
message=tick stats,tick=30,estimated_current_power=143.500000,
end_task=,name=lu_gemm,elapsed_seconds=0.932385,predicted_seconds=0.941325,time_percent_error=0.958908,nthreads=1,end_time=355624.142726,avg_power_W=134.072727,max_power_W=147.000000,avg_time_s=0.932385,released_listeners=0,
start_task=,name=lu_gemm,tick=31,start_time=355624.142750,nthreads=1,
message=tick stats,tick=31,estimated_current_power=143.500000,
end_task=,name=lu_gemm,elapsed_seconds=0.965230,predicted_seconds=0.941325,time_percent_error=2.476578,nthreads=1,end_time=355624.162088,avg_power_W=134.126126,max_power_W=147.000000,avg_time_s=0.965230,released_listeners=1,
end_task=,name=lu_gemm,elapsed_seconds=0.945454,predicted_seconds=0.941325,time_percent_error=0.436672,nthreads=1,end_time=355624.162119,avg_power_W=134.126126,max_power_W=147.000000,avg_time_s=0.945454,released_listeners=1,
start_task=,name=getrf,tick=32,start_time=355624.162143,nthreads=2,
message=tick stats,tick=32,estimated_current_power=132.842424,
end_task=,name=getrf,elapsed_seconds=0.007162,predicted_seconds=0.511179,time_percent_error=7037.052258,nthreads=2,end_time=355624.170115,avg_power_W=134.126126,max_power_W=147.000000,avg_time_s=0.007162,released_listeners=6,
start_task=,name=trsm_left,tick=33,start_time=355624.170141,nthreads=1,
start_task=,name=trsm_right,tick=33,start_time=355624.170158,nthreads=1,
message=tick stats,tick=33,estimated_current_power=143.209091,
end_task=,name=lu_gemm,elapsed_seconds=0.935507,predicted_seconds=0.941325,time_percent_error=0.621989,nthreads=1,end_time=355624.264124,avg_power_W=134.274336,max_power_W=147.000000,avg_time_s=0.935507,released_listeners=1,
start_task=,name=trsm_right,tick=34,start_time=355624.264151,nthreads=1,
message=tick stats,tick=34,estimated_current_power=142.930303,
end_task=,name=lu_gemm,elapsed_seconds=0.941454,predicted_seconds=0.941325,time_percent_error=0.013666,nthreads=1,end_time=355624.271900,avg_power_W=134.274336,max_power_W=147.000000,avg_time_s=0.941454,released_listeners=0,
start_task=,name=trsm_right,tick=35,start_time=355624.271922,nthreads=1,
message=tick stats,tick=35,estimated_current_power=142.651515,
end_task=,name=lu_gemm,elapsed_seconds=0.944545,predicted_seconds=0.941325,time_percent_error=0.340827,nthreads=1,end_time=355624.279967,avg_power_W=134.274336,max_power_W=147.000000,avg_time_s=0.944545,released_listeners=0,
start_task=,name=trsm_left,tick=36,start_time=355624.279997,nthreads=1,
message=tick stats,tick=36,estimated_current_power=142.639394,
end_task=,name=lu_gemm,elapsed_seconds=0.942389,predicted_seconds=0.941325,time_percent_error=0.112867,nthreads=1,end_time=355624.280317,avg_power_W=134.274336,max_power_W=147.000000,avg_time_s=0.942389,released_listeners=0,
end_task=,name=lu_gemm,elapsed_seconds=0.959702,predicted_seconds=0.941325,time_percent_error=1.914777,nthreads=1,end_time=355624.308162,avg_power_W=134.298246,max_power_W=147.000000,avg_time_s=0.959702,released_listeners=0,
end_task=,name=trsm_right,elapsed_seconds=0.470856,predicted_seconds=0.547737,time_percent_error=16.327801,nthreads=1,end_time=355624.641579,avg_power_W=134.458333,max_power_W=147.000000,avg_time_s=0.470856,released_listeners=3,
end_task=,name=trsm_left,elapsed_seconds=0.496407,predicted_seconds=0.574743,time_percent_error=15.780621,nthreads=1,end_time=355624.667969,avg_power_W=134.471074,max_power_W=147.000000,avg_time_s=0.496407,released_listeners=3,
start_task=,name=lu_gemm,tick=37,start_time=355624.667999,nthreads=4,
message=tick stats,tick=37,estimated_current_power=108.284848,
end_task=,name=trsm_right,elapsed_seconds=0.460619,predicted_seconds=0.547737,time_percent_error=18.913249,nthreads=1,end_time=355624.725095,avg_power_W=134.483607,max_power_W=147.000000,avg_time_s=0.460619,released_listeners=3,
start_task=,name=lu_gemm,tick=38,start_time=355624.725120,nthreads=1,
message=tick stats,tick=38,estimated_current_power=108.563636,
end_task=,name=trsm_right,elapsed_seconds=0.472087,predicted_seconds=0.547737,time_percent_error=16.024589,nthreads=1,end_time=355624.758304,avg_power_W=134.512195,max_power_W=147.000000,avg_time_s=0.472087,released_listeners=3,
start_task=,name=lu_gemm,tick=39,start_time=355624.758331,nthreads=1,
message=tick stats,tick=39,estimated_current_power=108.842424,
end_task=,name=trsm_left,elapsed_seconds=0.483089,predicted_seconds=0.574743,time_percent_error=18.972411,nthreads=1,end_time=355624.763385,avg_power_W=134.512195,max_power_W=147.000000,avg_time_s=0.483089,released_listeners=3,
start_task=,name=lu_gemm,tick=40,start_time=355624.763404,nthreads=1,
message=tick stats,tick=40,estimated_current_power=108.854545,
end_task=,name=lu_gemm,elapsed_seconds=0.371114,predicted_seconds=0.348405,time_percent_error=6.119044,nthreads=4,end_time=355625.039586,avg_power_W=134.507812,max_power_W=147.000000,avg_time_s=0.371114,released_listeners=1,
start_task=,name=lu_gemm,tick=41,start_time=355625.039612,nthreads=2,
start_task=,name=lu_gemm,tick=41,start_time=355625.039630,nthreads=1,
start_task=,name=getrf,tick=41,start_time=355625.039647,nthreads=1,
message=tick stats,tick=41,estimated_current_power=133.112121,
end_task=,name=getrf,elapsed_seconds=0.008902,predicted_seconds=0.925592,time_percent_error=10297.737331,nthreads=1,end_time=355625.058608,avg_power_W=134.496124,max_power_W=147.000000,avg_time_s=0.008902,released_listeners=4,
end_task=,name=lu_gemm,elapsed_seconds=0.934557,predicted_seconds=0.941325,time_percent_error=0.724225,nthreads=1,end_time=355625.058642,avg_power_W=134.496124,max_power_W=147.000000,avg_time_s=0.934557,released_listeners=1,
end_task=,name=lu_gemm,elapsed_seconds=0.936742,predicted_seconds=0.941325,time_percent_error=0.489271,nthreads=1,end_time=355625.058666,avg_power_W=134.496124,max_power_W=147.000000,avg_time_s=0.936742,released_listeners=0,
start_task=,name=trsm_left,tick=42,start_time=355625.058685,nthreads=3,
message=tick stats,tick=42,estimated_current_power=108.787879,
end_task=,name=lu_gemm,elapsed_seconds=0.932466,predicted_seconds=0.941325,time_percent_error=0.950093,nthreads=1,end_time=355625.062770,avg_power_W=134.496124,max_power_W=147.000000,avg_time_s=0.932466,released_listeners=0,
end_task=,name=lu_gemm,elapsed_seconds=0.943391,predicted_seconds=0.941325,time_percent_error=0.218901,nthreads=1,end_time=355625.086677,avg_power_W=134.496124,max_power_W=147.000000,avg_time_s=0.943391,released_listeners=0,
end_task=,name=trsm_left,elapsed_seconds=0.260722,predicted_seconds=0.277695,time_percent_error=6.509687,nthreads=3,end_time=355625.320475,avg_power_W=134.544776,max_power_W=147.000000,avg_time_s=0.260722,released_listeners=3,
start_task=,name=lu_gemm,tick=43,start_time=355625.320496,nthreads=2,
start_task=,name=lu_gemm,tick=43,start_time=355625.320510,nthreads=2,
start_task=,name=lu_gemm,tick=43,start_time=355625.320531,nthreads=1,
message=tick stats,tick=43,estimated_current_power=111.672727,
end_task=,name=lu_gemm,elapsed_seconds=0.495906,predicted_seconds=0.504473,time_percent_error=1.727533,nthreads=2,end_time=355625.539972,avg_power_W=134.608696,max_power_W=147.000000,avg_time_s=0.495906,released_listeners=0,
end_task=,name=lu_gemm,elapsed_seconds=0.899777,predicted_seconds=0.941325,time_percent_error=4.617684,nthreads=1,end_time=355625.658671,avg_power_W=134.638298,max_power_W=147.000000,avg_time_s=0.899777,released_listeners=1,
start_task=,name=trsm_right,tick=44,start_time=355625.658697,nthreads=3,
message=tick stats,tick=44,estimated_current_power=98.978788,
end_task=,name=lu_gemm,elapsed_seconds=0.897430,predicted_seconds=0.941325,time_percent_error=4.891277,nthreads=1,end_time=355625.665933,avg_power_W=134.638298,max_power_W=147.000000,avg_time_s=0.897430,released_listeners=1,
start_task=,name=trsm_right,tick=45,start_time=355625.665957,nthreads=1,
message=tick stats,tick=45,estimated_current_power=98.700000,
end_task=,name=lu_gemm,elapsed_seconds=0.908264,predicted_seconds=0.941325,time_percent_error=3.640102,nthreads=1,end_time=355625.672030,avg_power_W=134.638298,max_power_W=147.000000,avg_time_s=0.908264,released_listeners=1,
start_task=,name=trsm_left,tick=46,start_time=355625.672052,nthreads=1,
message=tick stats,tick=46,estimated_current_power=98.687879,
end_task=,name=lu_gemm,elapsed_seconds=0.496793,predicted_seconds=0.504473,time_percent_error=1.545918,nthreads=2,end_time=355625.818026,avg_power_W=134.652778,max_power_W=147.000000,avg_time_s=0.496793,released_listeners=1,
start_task=,name=trsm_left,tick=47,start_time=355625.818051,nthreads=2,
message=tick stats,tick=47,estimated_current_power=98.506061,
end_task=,name=lu_gemm,elapsed_seconds=0.501066,predicted_seconds=0.504473,time_percent_error=0.679950,nthreads=2,end_time=355625.822723,avg_power_W=134.652778,max_power_W=147.000000,avg_time_s=0.501066,released_listeners=0,
end_task=,name=trsm_right,elapsed_seconds=0.174621,predicted_seconds=0.193795,time_percent_error=10.980917,nthreads=3,end_time=355625.834092,avg_power_W=134.652778,max_power_W=147.000000,avg_time_s=0.174621,released_listeners=2,
end_task=,name=lu_gemm,elapsed_seconds=0.910612,predicted_seconds=0.941325,time_percent_error=3.372872,nthreads=1,end_time=355625.958400,avg_power_W=134.659864,max_power_W=147.000000,avg_time_s=0.910612,released_listeners=0,
end_task=,name=trsm_left,elapsed_seconds=0.254753,predicted_seconds=0.296172,time_percent_error=16.258429,nthreads=2,end_time=355626.073929,avg_power_W=134.583893,max_power_W=147.000000,avg_time_s=0.254753,released_listeners=2,
start_task=,name=lu_gemm,tick=48,start_time=355626.073955,nthreads=8,
message=tick stats,tick=48,estimated_current_power=60.363636,
end_task=,name=trsm_right,elapsed_seconds=0.463286,predicted_seconds=0.547737,time_percent_error=18.228722,nthreads=1,end_time=355626.130400,avg_power_W=134.526667,max_power_W=147.000000,avg_time_s=0.463286,released_listeners=2,
start_task=,name=lu_gemm,tick=49,start_time=355626.130439,nthreads=1,
message=tick stats,tick=49,estimated_current_power=60.642424,
end_task=,name=trsm_left,elapsed_seconds=0.485510,predicted_seconds=0.574743,time_percent_error=18.379228,nthreads=1,end_time=355626.158273,avg_power_W=134.476821,max_power_W=147.000000,avg_time_s=0.485510,released_listeners=2,
start_task=,name=lu_gemm,tick=50,start_time=355626.158313,nthreads=1,
message=tick stats,tick=50,estimated_current_power=60.654545,
end_task=,name=lu_gemm,elapsed_seconds=0.922135,predicted_seconds=0.941325,time_percent_error=2.081110,nthreads=1,end_time=355626.258562,avg_power_W=134.424837,max_power_W=147.000000,avg_time_s=0.922135,released_listeners=0,
start_task=,name=lu_gemm,tick=51,start_time=355626.258602,nthreads=1,
message=tick stats,tick=51,estimated_current_power=60.654545,
end_task=,name=lu_gemm,elapsed_seconds=0.206262,predicted_seconds=0.189636,time_percent_error=8.060652,nthreads=8,end_time=355626.280946,avg_power_W=134.424837,max_power_W=147.000000,avg_time_s=0.206262,released_listeners=1,
end_task=,name=lu_gemm,elapsed_seconds=0.887518,predicted_seconds=0.941325,time_percent_error=6.062685,nthreads=1,end_time=355627.019113,avg_power_W=133.708333,max_power_W=147.000000,avg_time_s=0.887518,released_listeners=0,
end_task=,name=lu_gemm,elapsed_seconds=0.891897,predicted_seconds=0.941325,time_percent_error=5.541995,nthreads=1,end_time=355627.058654,avg_power_W=133.656805,max_power_W=147.000000,avg_time_s=0.891897,released_listeners=1,
start_task=,name=getrf,tick=52,start_time=355627.058697,nthreads=10,
message=tick stats,tick=52,estimated_current_power=37.978788,
end_task=,name=getrf,elapsed_seconds=0.004102,predicted_seconds=0.422621,time_percent_error=10202.626788,nthreads=10,end_time=355627.063273,avg_power_W=133.656805,max_power_W=147.000000,avg_time_s=0.004102,released_listeners=2,
start_task=,name=trsm_left,tick=53,start_time=355627.063293,nthreads=10,
message=tick stats,tick=53,estimated_current_power=41.945455,
end_task=,name=trsm_left,elapsed_seconds=0.064694,predicted_seconds=0.067551,time_percent_error=4.416253,nthreads=10,end_time=355627.129154,avg_power_W=133.611765,max_power_W=147.000000,avg_time_s=0.064694,released_listeners=1,
end_task=,name=lu_gemm,elapsed_seconds=0.887871,predicted_seconds=0.941325,time_percent_error=6.020549,nthreads=1,end_time=355627.158164,avg_power_W=133.602339,max_power_W=147.000000,avg_time_s=0.887871,released_listeners=1,
start_task=,name=trsm_right,tick=54,start_time=355627.158209,nthreads=11,
message=tick stats,tick=54,estimated_current_power=28.566667,
end_task=,name=trsm_right,elapsed_seconds=0.063112,predicted_seconds=0.070613,time_percent_error=11.884031,nthreads=11,end_time=355627.222789,avg_power_W=133.593023,max_power_W=147.000000,avg_time_s=0.063112,released_listeners=1,
start_task=,name=lu_gemm,tick=55,start_time=355627.222831,nthreads=11,
message=tick stats,tick=55,estimated_current_power=28.881818,
end_task=,name=lu_gemm,elapsed_seconds=0.197995,predicted_seconds=0.135381,time_percent_error=31.623979,nthreads=11,end_time=355627.421514,avg_power_W=133.443182,max_power_W=147.000000,avg_time_s=0.197995,released_listeners=1,
start_task=,name=getrf,tick=56,start_time=355627.421555,nthreads=11,
message=tick stats,tick=56,estimated_current_power=25.600000,
end_task=,name=getrf,elapsed_seconds=0.006814,predicted_seconds=0.414248,time_percent_error=5979.268096,nthreads=11,end_time=355627.428918,avg_power_W=133.443182,max_power_W=147.000000,avg_time_s=0.006814,released_listeners=0,
est_max_power=143.721212,
average_power_W=133.443182,
max_power_W=147.000000,
time_s=8.835204,
message=ALL DONE,
