message=cataloging configuration,max_threads=112,power_limit=290.000000,
start_task=,name=getrf,tick=1,start_time=359161.759557,nthreads=28,
message=tick stats,tick=1,estimated_current_power=49.100000,
end_task=,name=getrf,elapsed_seconds=0.339661,predicted_seconds=0.082277,time_percent_error=75.776719,nthreads=28,end_time=359162.100851,avg_power_W=117.500000,max_power_W=128.000000,avg_time_s=0.339661,released_listeners=10,
start_task=,name=trsm_left,tick=2,start_time=359162.154834,nthreads=34,
start_task=,name=trsm_right,tick=2,start_time=359162.154885,nthreads=42,
start_task=,name=trsm_left,tick=2,start_time=359162.154910,nthreads=9,
start_task=,name=trsm_left,tick=2,start_time=359162.155120,nthreads=4,
start_task=,name=trsm_right,tick=2,start_time=359162.155523,nthreads=4,
start_task=,name=trsm_left,tick=2,start_time=359162.156147,nthreads=4,
start_task=,name=trsm_right,tick=2,start_time=359162.156219,nthreads=6,
start_task=,name=trsm_right,tick=2,start_time=359162.156618,nthreads=3,
start_task=,name=trsm_left,tick=2,start_time=359162.156996,nthreads=3,
start_task=,name=trsm_right,tick=2,start_time=359162.157154,nthreads=2,
message=tick stats,tick=2,estimated_current_power=282.933333,
end_task=,name=trsm_right,elapsed_seconds=0.187885,predicted_seconds=0.027008,time_percent_error=85.625397,nthreads=42,end_time=359162.344236,avg_power_W=125.818182,max_power_W=147.000000,avg_time_s=0.187885,released_listeners=5,
end_task=,name=trsm_left,elapsed_seconds=0.237912,predicted_seconds=0.027828,time_percent_error=88.303219,nthreads=34,end_time=359162.393856,avg_power_W=127.166667,max_power_W=147.000000,avg_time_s=0.237912,released_listeners=5,
start_task=,name=lu_gemm,tick=3,start_time=359162.394000,nthreads=72,
message=tick stats,tick=3,estimated_current_power=252.463636,
end_task=,name=trsm_left,elapsed_seconds=0.353542,predicted_seconds=0.082563,time_percent_error=76.647027,nthreads=9,end_time=359162.509212,avg_power_W=131.642857,max_power_W=167.000000,avg_time_s=0.353542,released_listeners=5,
start_task=,name=lu_gemm,tick=4,start_time=359162.523193,nthreads=14,
message=tick stats,tick=4,estimated_current_power=262.439394,
end_task=,name=lu_gemm,elapsed_seconds=0.142942,predicted_seconds=0.028285,time_percent_error=80.211995,nthreads=72,end_time=359162.541294,avg_power_W=134.666667,max_power_W=177.000000,avg_time_s=0.142942,released_listeners=1,
start_task=,name=getrf,tick=5,start_time=359162.541378,nthreads=28,
message=tick stats,tick=5,estimated_current_power=203.075758,
end_task=,name=trsm_right,elapsed_seconds=0.368092,predicted_seconds=0.106841,time_percent_error=70.974346,nthreads=6,end_time=359162.541404,avg_power_W=134.666667,max_power_W=177.000000,avg_time_s=0.368092,released_listeners=5,
start_task=,name=lu_gemm,tick=6,start_time=359162.541930,nthreads=48,
start_task=,name=lu_gemm,tick=6,start_time=359162.541952,nthreads=2,
message=tick stats,tick=6,estimated_current_power=280.763636,
end_task=,name=trsm_right,elapsed_seconds=0.391982,predicted_seconds=0.144540,time_percent_error=63.125958,nthreads=4,end_time=359162.572882,avg_power_W=138.312500,max_power_W=193.000000,avg_time_s=0.391982,released_listeners=5,
start_task=,name=lu_gemm,tick=7,start_time=359162.573103,nthreads=1,
start_task=,name=lu_gemm,tick=7,start_time=359162.573125,nthreads=1,
message=tick stats,tick=7,estimated_current_power=289.154545,
end_task=,name=trsm_left,elapsed_seconds=0.428049,predicted_seconds=0.158025,time_percent_error=63.082487,nthreads=4,end_time=359162.644878,avg_power_W=140.294118,max_power_W=193.000000,avg_time_s=0.428049,released_listeners=5,
end_task=,name=trsm_left,elapsed_seconds=0.431463,predicted_seconds=0.158025,time_percent_error=63.374627,nthreads=4,end_time=359162.644914,avg_power_W=140.294118,max_power_W=193.000000,avg_time_s=0.431463,released_listeners=5,
start_task=,name=lu_gemm,tick=8,start_time=359162.645740,nthreads=1,
start_task=,name=lu_gemm,tick=8,start_time=359162.645763,nthreads=1,
message=tick stats,tick=8,estimated_current_power=280.245455,
end_task=,name=trsm_right,elapsed_seconds=0.523582,predicted_seconds=0.193795,time_percent_error=62.986637,nthreads=3,end_time=359162.696276,avg_power_W=141.500000,max_power_W=193.000000,avg_time_s=0.523582,released_listeners=5,
start_task=,name=lu_gemm,tick=9,start_time=359162.696909,nthreads=1,
message=tick stats,tick=9,estimated_current_power=277.457576,
end_task=,name=trsm_left,elapsed_seconds=0.609706,predicted_seconds=0.277695,time_percent_error=54.454322,nthreads=3,end_time=359162.773144,avg_power_W=143.900000,max_power_W=193.000000,avg_time_s=0.609706,released_listeners=5,
end_task=,name=lu_gemm,elapsed_seconds=0.246669,predicted_seconds=0.101032,time_percent_error=59.041539,nthreads=14,end_time=359162.773177,avg_power_W=143.900000,max_power_W=193.000000,avg_time_s=0.246669,released_listeners=1,
start_task=,name=lu_gemm,tick=10,start_time=359162.773953,nthreads=1,
start_task=,name=lu_gemm,tick=10,start_time=359162.773973,nthreads=1,
start_task=,name=lu_gemm,tick=10,start_time=359162.773989,nthreads=1,
start_task=,name=lu_gemm,tick=10,start_time=359162.774008,nthreads=1,
message=tick stats,tick=10,estimated_current_power=280.196970,
end_task=,name=getrf,elapsed_seconds=0.340345,predicted_seconds=0.082277,time_percent_error=75.825431,nthreads=28,end_time=359162.882284,avg_power_W=145.500000,max_power_W=193.000000,avg_time_s=0.340345,released_listeners=8,
start_task=,name=lu_gemm,tick=11,start_time=359162.885465,nthreads=1,
start_task=,name=lu_gemm,tick=11,start_time=359162.885487,nthreads=1,
start_task=,name=lu_gemm,tick=11,start_time=359162.885502,nthreads=1,
start_task=,name=lu_gemm,tick=11,start_time=359162.885535,nthreads=1,
message=tick stats,tick=11,estimated_current_power=283.278788,
end_task=,name=lu_gemm,elapsed_seconds=0.367060,predicted_seconds=0.038748,time_percent_error=89.443674,nthreads=48,end_time=359162.956652,avg_power_W=147.217391,max_power_W=193.000000,avg_time_s=0.367060,released_listeners=1,
start_task=,name=lu_gemm,tick=12,start_time=359162.974529,nthreads=2,
start_task=,name=lu_gemm,tick=12,start_time=359162.974552,nthreads=2,
start_task=,name=lu_gemm,tick=12,start_time=359162.974570,nthreads=2,
start_task=,name=trsm_left,tick=12,start_time=359162.974586,nthreads=6,
start_task=,name=trsm_right,tick=12,start_time=359162.974614,nthreads=6,
message=tick stats,tick=12,estimated_current_power=289.351515,
end_task=,name=trsm_right,elapsed_seconds=0.764691,predicted_seconds=0.278595,time_percent_error=63.567636,nthreads=2,end_time=359162.974691,avg_power_W=147.916667,max_power_W=193.000000,avg_time_s=0.764691,released_listeners=5,
start_task=,name=lu_gemm,tick=13,start_time=359162.974860,nthreads=1,
message=tick stats,tick=13,estimated_current_power=288.163636,
end_task=,name=trsm_left,elapsed_seconds=0.294273,predicted_seconds=0.111642,time_percent_error=62.061778,nthreads=6,end_time=359163.273275,avg_power_W=151.433333,max_power_W=193.000000,avg_time_s=0.294273,released_listeners=4,
start_task=,name=lu_gemm,tick=14,start_time=359163.273331,nthreads=1,
message=tick stats,tick=14,estimated_current_power=279.375758,
end_task=,name=trsm_right,elapsed_seconds=0.383783,predicted_seconds=0.106841,time_percent_error=72.161058,nthreads=6,end_time=359163.375125,avg_power_W=152.000000,max_power_W=193.000000,avg_time_s=0.383783,released_listeners=4,
start_task=,name=lu_gemm,tick=15,start_time=359163.376150,nthreads=1,
start_task=,name=lu_gemm,tick=15,start_time=359163.376170,nthreads=1,
message=tick stats,tick=15,estimated_current_power=283.700000,
end_task=,name=lu_gemm,elapsed_seconds=0.864784,predicted_seconds=0.504473,time_percent_error=41.664900,nthreads=2,end_time=359163.423393,avg_power_W=152.424242,max_power_W=193.000000,avg_time_s=0.864784,released_listeners=0,
start_task=,name=lu_gemm,tick=16,start_time=359163.423914,nthreads=1,
message=tick stats,tick=16,estimated_current_power=281.263636,
end_task=,name=lu_gemm,elapsed_seconds=0.763088,predicted_seconds=0.504473,time_percent_error=33.890637,nthreads=2,end_time=359163.739347,avg_power_W=154.256410,max_power_W=193.000000,avg_time_s=0.763088,released_listeners=0,
start_task=,name=lu_gemm,tick=17,start_time=359163.741190,nthreads=8,
message=tick stats,tick=17,estimated_current_power=287.300000,
end_task=,name=lu_gemm,elapsed_seconds=1.266282,predicted_seconds=0.941325,time_percent_error=25.662240,nthreads=1,end_time=359163.926776,avg_power_W=154.860465,max_power_W=193.000000,avg_time_s=1.266282,released_listeners=1,
start_task=,name=trsm_left,tick=18,start_time=359163.926878,nthreads=3,
message=tick stats,tick=18,estimated_current_power=289.287879,
end_task=,name=lu_gemm,elapsed_seconds=1.410990,predicted_seconds=0.941325,time_percent_error=33.286173,nthreads=1,end_time=359163.985225,avg_power_W=155.045455,max_power_W=193.000000,avg_time_s=1.410990,released_listeners=0,
end_task=,name=lu_gemm,elapsed_seconds=1.017776,predicted_seconds=0.504473,time_percent_error=50.433822,nthreads=2,end_time=359163.994297,avg_power_W=155.045455,max_power_W=193.000000,avg_time_s=1.017776,released_listeners=0,
end_task=,name=lu_gemm,elapsed_seconds=1.226580,predicted_seconds=0.941325,time_percent_error=23.256103,nthreads=1,end_time=359164.001245,avg_power_W=155.045455,max_power_W=193.000000,avg_time_s=1.226580,released_listeners=1,
start_task=,name=trsm_left,tick=19,start_time=359164.001290,nthreads=20,
message=tick stats,tick=19,estimated_current_power=289.481818,
end_task=,name=lu_gemm,elapsed_seconds=1.249950,predicted_seconds=0.941325,time_percent_error=24.690965,nthreads=1,end_time=359164.027054,avg_power_W=155.266667,max_power_W=193.000000,avg_time_s=1.249950,released_listeners=0,
end_task=,name=lu_gemm,elapsed_seconds=1.238590,predicted_seconds=0.941325,time_percent_error=24.000226,nthreads=1,end_time=359164.027085,avg_power_W=155.266667,max_power_W=193.000000,avg_time_s=1.238590,released_listeners=0,
end_task=,name=lu_gemm,elapsed_seconds=1.264546,predicted_seconds=0.941325,time_percent_error=25.560199,nthreads=1,end_time=359164.039246,avg_power_W=155.266667,max_power_W=193.000000,avg_time_s=1.264546,released_listeners=0,
end_task=,name=lu_gemm,elapsed_seconds=1.069413,predicted_seconds=0.504473,time_percent_error=52.827143,nthreads=2,end_time=359164.044707,avg_power_W=155.266667,max_power_W=193.000000,avg_time_s=1.069413,released_listeners=0,
end_task=,name=lu_gemm,elapsed_seconds=0.294753,predicted_seconds=0.189636,time_percent_error=35.662759,nthreads=8,end_time=359164.049482,avg_power_W=155.266667,max_power_W=193.000000,avg_time_s=0.294753,released_listeners=1,
start_task=,name=getrf,tick=20,start_time=359164.049526,nthreads=28,
message=tick stats,tick=20,estimated_current_power=262.445455,
end_task=,name=trsm_left,elapsed_seconds=0.061529,predicted_seconds=0.039571,time_percent_error=35.686441,nthreads=20,end_time=359164.075276,avg_power_W=155.434783,max_power_W=193.000000,avg_time_s=0.061529,released_listeners=4,
start_task=,name=lu_gemm,tick=21,start_time=359164.075323,nthreads=30,
message=tick stats,tick=21,estimated_current_power=280.851515,
end_task=,name=lu_gemm,elapsed_seconds=1.176044,predicted_seconds=0.941325,time_percent_error=19.958340,nthreads=1,end_time=359164.075348,avg_power_W=155.434783,max_power_W=193.000000,avg_time_s=1.176044,released_listeners=0,
end_task=,name=lu_gemm,elapsed_seconds=1.211113,predicted_seconds=0.941325,time_percent_error=22.276001,nthreads=1,end_time=359164.097277,avg_power_W=155.434783,max_power_W=193.000000,avg_time_s=1.211113,released_listeners=0,
end_task=,name=getrf,elapsed_seconds=0.121959,predicted_seconds=0.082277,time_percent_error=32.537148,nthreads=28,end_time=359164.173656,avg_power_W=156.145833,max_power_W=193.000000,avg_time_s=0.121959,released_listeners=6,
end_task=,name=lu_gemm,elapsed_seconds=0.127215,predicted_seconds=0.055019,time_percent_error=56.750959,nthreads=30,end_time=359164.203512,avg_power_W=156.145833,max_power_W=193.000000,avg_time_s=0.127215,released_listeners=1,
start_task=,name=trsm_left,tick=22,start_time=359164.203553,nthreads=72,
message=tick stats,tick=22,estimated_current_power=247.654545,
end_task=,name=lu_gemm,elapsed_seconds=1.326682,predicted_seconds=0.941325,time_percent_error=29.046654,nthreads=1,end_time=359164.224026,avg_power_W=156.918367,max_power_W=194.000000,avg_time_s=1.326682,released_listeners=1,
start_task=,name=trsm_left,tick=23,start_time=359164.224071,nthreads=28,
message=tick stats,tick=23,estimated_current_power=288.909091,
end_task=,name=trsm_left,elapsed_seconds=0.291890,predicted_seconds=0.277695,time_percent_error=4.863321,nthreads=3,end_time=359164.232254,avg_power_W=156.918367,max_power_W=194.000000,avg_time_s=0.291890,released_listeners=4,
start_task=,name=lu_gemm,tick=24,start_time=359164.232364,nthreads=2,
message=tick stats,tick=24,estimated_current_power=289.357576,
end_task=,name=trsm_left,elapsed_seconds=0.054453,predicted_seconds=0.020431,time_percent_error=62.480103,nthreads=72,end_time=359164.273718,avg_power_W=157.160000,max_power_W=194.000000,avg_time_s=0.054453,released_listeners=3,
end_task=,name=trsm_left,elapsed_seconds=0.058178,predicted_seconds=0.031438,time_percent_error=45.961705,nthreads=28,end_time=359164.283250,avg_power_W=157.160000,max_power_W=194.000000,avg_time_s=0.058178,released_listeners=4,
start_task=,name=lu_gemm,tick=25,start_time=359164.283294,nthreads=88,
message=tick stats,tick=25,estimated_current_power=244.390909,
end_task=,name=lu_gemm,elapsed_seconds=1.013692,predicted_seconds=0.941325,time_percent_error=7.138898,nthreads=1,end_time=359164.303516,avg_power_W=157.160000,max_power_W=194.000000,avg_time_s=1.013692,released_listeners=0,
end_task=,name=lu_gemm,elapsed_seconds=0.092791,predicted_seconds=0.027356,time_percent_error=70.518497,nthreads=88,end_time=359164.376678,avg_power_W=157.865385,max_power_W=194.000000,avg_time_s=0.092791,released_listeners=1,
start_task=,name=trsm_left,tick=26,start_time=359164.376724,nthreads=72,
message=tick stats,tick=26,estimated_current_power=222.012121,
end_task=,name=lu_gemm,elapsed_seconds=1.432907,predicted_seconds=0.941325,time_percent_error=34.306596,nthreads=1,end_time=359164.408684,avg_power_W=157.865385,max_power_W=194.000000,avg_time_s=1.432907,released_listeners=1,
start_task=,name=trsm_right,tick=27,start_time=359164.408721,nthreads=30,
message=tick stats,tick=27,estimated_current_power=267.733333,
end_task=,name=lu_gemm,elapsed_seconds=1.036330,predicted_seconds=0.941325,time_percent_error=9.167437,nthreads=1,end_time=359164.423556,avg_power_W=158.377358,max_power_W=194.000000,avg_time_s=1.036330,released_listeners=0,
end_task=,name=trsm_left,elapsed_seconds=0.069027,predicted_seconds=0.020431,time_percent_error=70.402023,nthreads=72,end_time=359164.446425,avg_power_W=158.377358,max_power_W=194.000000,avg_time_s=0.069027,released_listeners=3,
end_task=,name=trsm_right,elapsed_seconds=0.061471,predicted_seconds=0.030477,time_percent_error=50.420530,nthreads=30,end_time=359164.473254,avg_power_W=158.574074,max_power_W=194.000000,avg_time_s=0.061471,released_listeners=4,
start_task=,name=lu_gemm,tick=28,start_time=359164.473354,nthreads=88,
start_task=,name=lu_gemm,tick=28,start_time=359164.473373,nthreads=5,
start_task=,name=lu_gemm,tick=28,start_time=359164.473390,nthreads=5,
start_task=,name=lu_gemm,tick=28,start_time=359164.473407,nthreads=5,
message=tick stats,tick=28,estimated_current_power=267.245455,
end_task=,name=lu_gemm,elapsed_seconds=1.145666,predicted_seconds=0.941325,time_percent_error=17.835976,nthreads=1,end_time=359164.580695,avg_power_W=159.232143,max_power_W=194.000000,avg_time_s=1.145666,released_listeners=0,
end_task=,name=lu_gemm,elapsed_seconds=1.161435,predicted_seconds=0.941325,time_percent_error=18.951521,nthreads=1,end_time=359164.590590,avg_power_W=159.232143,max_power_W=194.000000,avg_time_s=1.161435,released_listeners=0,
end_task=,name=lu_gemm,elapsed_seconds=1.881756,predicted_seconds=0.941325,time_percent_error=49.976229,nthreads=1,end_time=359164.591752,avg_power_W=159.232143,max_power_W=194.000000,avg_time_s=1.881756,released_listeners=1,
start_task=,name=trsm_right,tick=29,start_time=359164.591801,nthreads=4,
message=tick stats,tick=29,estimated_current_power=245.809091,
end_task=,name=lu_gemm,elapsed_seconds=1.974392,predicted_seconds=0.941325,time_percent_error=52.323274,nthreads=1,end_time=359164.623312,avg_power_W=159.333333,max_power_W=194.000000,avg_time_s=1.974392,released_listeners=0,
end_task=,name=lu_gemm,elapsed_seconds=0.134634,predicted_seconds=0.027356,time_percent_error=79.681226,nthreads=88,end_time=359164.623338,avg_power_W=159.333333,max_power_W=194.000000,avg_time_s=0.134634,released_listeners=1,
start_task=,name=trsm_right,tick=30,start_time=359164.623369,nthreads=88,
message=tick stats,tick=30,estimated_current_power=226.296970,
end_task=,name=lu_gemm,elapsed_seconds=2.034846,predicted_seconds=0.941325,time_percent_error=53.739716,nthreads=1,end_time=359164.623388,avg_power_W=159.333333,max_power_W=194.000000,avg_time_s=2.034846,released_listeners=1,
start_task=,name=trsm_right,tick=31,start_time=359164.623452,nthreads=2,
message=tick stats,tick=31,estimated_current_power=227.484848,
end_task=,name=lu_gemm,elapsed_seconds=1.765131,predicted_seconds=0.941325,time_percent_error=46.671060,nthreads=1,end_time=359164.651110,avg_power_W=159.333333,max_power_W=194.000000,avg_time_s=1.765131,released_listeners=0,
end_task=,name=trsm_right,elapsed_seconds=0.065743,predicted_seconds=0.021041,time_percent_error=67.995152,nthreads=88,end_time=359164.689683,avg_power_W=159.620690,max_power_W=194.000000,avg_time_s=0.065743,released_listeners=3,
start_task=,name=lu_gemm,tick=32,start_time=359164.689725,nthreads=44,
start_task=,name=lu_gemm,tick=32,start_time=359164.689752,nthreads=44,
message=tick stats,tick=32,estimated_current_power=266.115152,
end_task=,name=lu_gemm,elapsed_seconds=0.111960,predicted_seconds=0.042157,time_percent_error=62.346067,nthreads=44,end_time=359164.802343,avg_power_W=160.216667,max_power_W=194.000000,avg_time_s=0.111960,released_listeners=0,
end_task=,name=trsm_right,elapsed_seconds=0.220367,predicted_seconds=0.144540,time_percent_error=34.409757,nthreads=4,end_time=359164.822969,avg_power_W=160.819672,max_power_W=197.000000,avg_time_s=0.220367,released_listeners=4,
start_task=,name=lu_gemm,tick=33,start_time=359164.823101,nthreads=30,
start_task=,name=lu_gemm,tick=33,start_time=359164.823122,nthreads=3,
start_task=,name=lu_gemm,tick=33,start_time=359164.823142,nthreads=3,
start_task=,name=lu_gemm,tick=33,start_time=359164.823159,nthreads=3,
message=tick stats,tick=33,estimated_current_power=278.642424,
end_task=,name=lu_gemm,elapsed_seconds=0.133982,predicted_seconds=0.042157,time_percent_error=68.535089,nthreads=44,end_time=359164.872970,avg_power_W=161.451613,max_power_W=200.000000,avg_time_s=0.133982,released_listeners=0,
end_task=,name=lu_gemm,elapsed_seconds=0.611651,predicted_seconds=0.504473,time_percent_error=17.522833,nthreads=2,end_time=359164.872996,avg_power_W=161.451613,max_power_W=200.000000,avg_time_s=0.611651,released_listeners=1,
start_task=,name=trsm_left,tick=34,start_time=359164.873030,nthreads=56,
message=tick stats,tick=34,estimated_current_power=280.106061,
end_task=,name=trsm_right,elapsed_seconds=0.298016,predicted_seconds=0.278595,time_percent_error=6.516782,nthreads=2,end_time=359164.924153,avg_power_W=161.650794,max_power_W=200.000000,avg_time_s=0.298016,released_listeners=4,
start_task=,name=lu_gemm,tick=35,start_time=359164.924547,nthreads=1,
message=tick stats,tick=35,estimated_current_power=278.918182,
end_task=,name=lu_gemm,elapsed_seconds=0.550875,predicted_seconds=0.192589,time_percent_error=65.039371,nthreads=5,end_time=359165.024887,avg_power_W=162.384615,max_power_W=200.000000,avg_time_s=0.550875,released_listeners=0,
end_task=,name=lu_gemm,elapsed_seconds=0.550888,predicted_seconds=0.192589,time_percent_error=65.040232,nthreads=5,end_time=359165.024917,avg_power_W=162.384615,max_power_W=200.000000,avg_time_s=0.550888,released_listeners=0,
end_task=,name=lu_gemm,elapsed_seconds=0.201198,predicted_seconds=0.055019,time_percent_error=72.654030,nthreads=30,end_time=359165.024935,avg_power_W=162.384615,max_power_W=200.000000,avg_time_s=0.201198,released_listeners=1,
start_task=,name=lu_gemm,tick=36,start_time=359165.025014,nthreads=5,
start_task=,name=lu_gemm,tick=36,start_time=359165.025030,nthreads=5,
start_task=,name=lu_gemm,tick=36,start_time=359165.025042,nthreads=5,
start_task=,name=trsm_right,tick=36,start_time=359165.025059,nthreads=24,
message=tick stats,tick=36,estimated_current_power=288.109091,
end_task=,name=trsm_left,elapsed_seconds=0.164656,predicted_seconds=0.021231,time_percent_error=87.105850,nthreads=56,end_time=359165.076924,avg_power_W=162.590909,max_power_W=200.000000,avg_time_s=0.164656,released_listeners=3,
start_task=,name=lu_gemm,tick=37,start_time=359165.076969,nthreads=56,
message=tick stats,tick=37,estimated_current_power=286.909091,
end_task=,name=lu_gemm,elapsed_seconds=0.551680,predicted_seconds=0.192589,time_percent_error=65.090435,nthreads=5,end_time=359165.076996,avg_power_W=162.590909,max_power_W=200.000000,avg_time_s=0.551680,released_listeners=0,
end_task=,name=trsm_right,elapsed_seconds=0.205568,predicted_seconds=0.035281,time_percent_error=82.837176,nthreads=24,end_time=359165.231508,avg_power_W=163.028986,max_power_W=200.000000,avg_time_s=0.205568,released_listeners=3,
start_task=,name=lu_gemm,tick=38,start_time=359165.231603,nthreads=18,
start_task=,name=lu_gemm,tick=38,start_time=359165.231622,nthreads=3,
start_task=,name=lu_gemm,tick=38,start_time=359165.231638,nthreads=3,
message=tick stats,tick=38,estimated_current_power=289.918182,
end_task=,name=lu_gemm,elapsed_seconds=0.157966,predicted_seconds=0.036707,time_percent_error=76.762823,nthreads=56,end_time=359165.285843,avg_power_W=163.442857,max_power_W=200.000000,avg_time_s=0.157966,released_listeners=1,
end_task=,name=lu_gemm,elapsed_seconds=0.527001,predicted_seconds=0.354475,time_percent_error=32.737324,nthreads=3,end_time=359165.373134,avg_power_W=163.986111,max_power_W=200.000000,avg_time_s=0.527001,released_listeners=0,
end_task=,name=lu_gemm,elapsed_seconds=0.249778,predicted_seconds=0.085762,time_percent_error=65.664552,nthreads=18,end_time=359165.482015,avg_power_W=164.527027,max_power_W=200.000000,avg_time_s=0.249778,released_listeners=1,
end_task=,name=lu_gemm,elapsed_seconds=0.474042,predicted_seconds=0.192589,time_percent_error=59.372942,nthreads=5,end_time=359165.500050,avg_power_W=164.527027,max_power_W=200.000000,avg_time_s=0.474042,released_listeners=0,
end_task=,name=lu_gemm,elapsed_seconds=0.490920,predicted_seconds=0.192589,time_percent_error=60.769764,nthreads=5,end_time=359165.523789,avg_power_W=164.826667,max_power_W=200.000000,avg_time_s=0.490920,released_listeners=0,
end_task=,name=lu_gemm,elapsed_seconds=0.697325,predicted_seconds=0.354475,time_percent_error=49.166398,nthreads=3,end_time=359165.523819,avg_power_W=164.826667,max_power_W=200.000000,avg_time_s=0.697325,released_listeners=0,
end_task=,name=lu_gemm,elapsed_seconds=0.704588,predicted_seconds=0.354475,time_percent_error=49.690428,nthreads=3,end_time=359165.528282,avg_power_W=164.826667,max_power_W=200.000000,avg_time_s=0.704588,released_listeners=0,
end_task=,name=lu_gemm,elapsed_seconds=0.516040,predicted_seconds=0.192589,time_percent_error=62.679399,nthreads=5,end_time=359165.541575,avg_power_W=164.826667,max_power_W=200.000000,avg_time_s=0.516040,released_listeners=0,
end_task=,name=lu_gemm,elapsed_seconds=0.459562,predicted_seconds=0.354475,time_percent_error=22.866699,nthreads=3,end_time=359165.691784,avg_power_W=164.782051,max_power_W=200.000000,avg_time_s=0.459562,released_listeners=0,
end_task=,name=lu_gemm,elapsed_seconds=0.463822,predicted_seconds=0.354475,time_percent_error=23.575163,nthreads=3,end_time=359165.695998,avg_power_W=164.782051,max_power_W=200.000000,avg_time_s=0.463822,released_listeners=0,
end_task=,name=lu_gemm,elapsed_seconds=1.152974,predicted_seconds=0.941325,time_percent_error=18.356755,nthreads=1,end_time=359166.078851,avg_power_W=162.116279,max_power_W=200.000000,avg_time_s=1.152974,released_listeners=1,
start_task=,name=trsm_right,tick=39,start_time=359166.078920,nthreads=88,
message=tick stats,tick=39,estimated_current_power=105.033333,
end_task=,name=trsm_right,elapsed_seconds=0.047310,predicted_seconds=0.021041,time_percent_error=55.525251,nthreads=88,end_time=359166.126905,avg_power_W=161.678161,max_power_W=200.000000,avg_time_s=0.047310,released_listeners=3,
leveraging_slack=,task=lu_gemm,time_limit=0.370981,new_time=0.367486,
leveraging_slack=,task=lu_gemm,time_limit=0.370981,new_time=0.370439,
start_task=,name=lu_gemm,tick=40,start_time=359166.127222,nthreads=88,
start_task=,name=lu_gemm,tick=40,start_time=359166.127254,nthreads=14,
start_task=,name=lu_gemm,tick=40,start_time=359166.127277,nthreads=5,
message=tick stats,tick=40,estimated_current_power=166.572727,
end_task=,name=lu_gemm,elapsed_seconds=0.131210,predicted_seconds=0.027356,time_percent_error=79.150970,nthreads=88,end_time=359166.259055,avg_power_W=161.617978,max_power_W=200.000000,avg_time_s=0.131210,released_listeners=1,
start_task=,name=getrf,tick=41,start_time=359166.259099,nthreads=28,
message=tick stats,tick=41,estimated_current_power=104.172727,
end_task=,name=getrf,elapsed_seconds=0.100306,predicted_seconds=0.082277,time_percent_error=17.974160,nthreads=28,end_time=359166.373561,avg_power_W=161.826087,max_power_W=200.000000,avg_time_s=0.100306,released_listeners=4,
start_task=,name=trsm_right,tick=42,start_time=359166.373688,nthreads=78,
start_task=,name=trsm_right,tick=42,start_time=359166.373725,nthreads=7,
message=tick stats,tick=42,estimated_current_power=182.339394,
end_task=,name=lu_gemm,elapsed_seconds=0.259600,predicted_seconds=0.101032,time_percent_error=61.081682,nthreads=14,end_time=359166.408965,avg_power_W=161.826087,max_power_W=200.000000,avg_time_s=0.259600,released_listeners=1,
start_task=,name=trsm_left,tick=43,start_time=359166.409021,nthreads=20,
message=tick stats,tick=43,estimated_current_power=189.696970,
end_task=,name=trsm_right,elapsed_seconds=0.051390,predicted_seconds=0.021854,time_percent_error=57.473260,nthreads=78,end_time=359166.426900,avg_power_W=161.978495,max_power_W=200.000000,avg_time_s=0.051390,released_listeners=2,
end_task=,name=trsm_left,elapsed_seconds=0.058267,predicted_seconds=0.039571,time_percent_error=32.086569,nthreads=20,end_time=359166.473379,avg_power_W=162.170213,max_power_W=200.000000,avg_time_s=0.058267,released_listeners=2,
start_task=,name=lu_gemm,tick=44,start_time=359166.473445,nthreads=88,
message=tick stats,tick=44,estimated_current_power=157.330303,
end_task=,name=trsm_right,elapsed_seconds=0.141142,predicted_seconds=0.096093,time_percent_error=31.917980,nthreads=7,end_time=359166.523753,avg_power_W=162.452632,max_power_W=200.000000,avg_time_s=0.141142,released_listeners=2,
start_task=,name=lu_gemm,tick=45,start_time=359166.523809,nthreads=19,
message=tick stats,tick=45,estimated_current_power=172.845455,
end_task=,name=lu_gemm,elapsed_seconds=0.081234,predicted_seconds=0.027356,time_percent_error=66.324161,nthreads=88,end_time=359166.555199,avg_power_W=162.452632,max_power_W=200.000000,avg_time_s=0.081234,released_listeners=1,
start_task=,name=getrf,tick=46,start_time=359166.555244,nthreads=28,
message=tick stats,tick=46,estimated_current_power=110.445455,
end_task=,name=lu_gemm,elapsed_seconds=0.480142,predicted_seconds=0.192589,time_percent_error=59.889076,nthreads=5,end_time=359166.607998,avg_power_W=162.375000,max_power_W=200.000000,avg_time_s=0.480142,released_listeners=1,
start_task=,name=trsm_left,tick=47,start_time=359166.608057,nthreads=64,
message=tick stats,tick=47,estimated_current_power=188.215152,
end_task=,name=lu_gemm,elapsed_seconds=0.149950,predicted_seconds=0.081794,time_percent_error=45.452316,nthreads=19,end_time=359166.674360,avg_power_W=162.806122,max_power_W=200.000000,avg_time_s=0.149950,released_listeners=1,
end_task=,name=getrf,elapsed_seconds=0.124080,predicted_seconds=0.082277,time_percent_error=33.690305,nthreads=28,end_time=359166.679932,avg_power_W=162.806122,max_power_W=200.000000,avg_time_s=0.124080,released_listeners=2,
start_task=,name=trsm_right,tick=48,start_time=359166.679956,nthreads=44,
message=tick stats,tick=48,estimated_current_power=177.600000,
end_task=,name=trsm_left,elapsed_seconds=0.079955,predicted_seconds=0.020810,time_percent_error=73.972905,nthreads=64,end_time=359166.723093,avg_power_W=163.040404,max_power_W=200.000000,avg_time_s=0.079955,released_listeners=2,
start_task=,name=lu_gemm,tick=49,start_time=359166.723173,nthreads=56,
start_task=,name=lu_gemm,tick=49,start_time=359166.723231,nthreads=10,
message=tick stats,tick=49,estimated_current_power=201.530303,
end_task=,name=trsm_right,elapsed_seconds=0.068340,predicted_seconds=0.024762,time_percent_error=63.767162,nthreads=44,end_time=359166.779813,avg_power_W=163.090000,max_power_W=200.000000,avg_time_s=0.068340,released_listeners=1,
end_task=,name=lu_gemm,elapsed_seconds=0.110497,predicted_seconds=0.036707,time_percent_error=66.780415,nthreads=56,end_time=359166.834309,avg_power_W=163.099010,max_power_W=200.000000,avg_time_s=0.110497,released_listeners=1,
start_task=,name=trsm_left,tick=50,start_time=359166.834375,nthreads=72,
message=tick stats,tick=50,estimated_current_power=130.430303,
end_task=,name=trsm_left,elapsed_seconds=0.044156,predicted_seconds=0.020431,time_percent_error=53.731344,nthreads=72,end_time=359166.879342,avg_power_W=163.274510,max_power_W=200.000000,avg_time_s=0.044156,released_listeners=1,
start_task=,name=lu_gemm,tick=51,start_time=359166.879412,nthreads=88,
message=tick stats,tick=51,estimated_current_power=139.763636,
end_task=,name=lu_gemm,elapsed_seconds=0.078965,predicted_seconds=0.027356,time_percent_error=65.356822,nthreads=88,end_time=359166.959054,avg_power_W=163.349515,max_power_W=200.000000,avg_time_s=0.078965,released_listeners=1,
start_task=,name=getrf,tick=52,start_time=359166.959111,nthreads=28,
message=tick stats,tick=52,estimated_current_power=77.363636,
end_task=,name=getrf,elapsed_seconds=0.022145,predicted_seconds=0.082277,time_percent_error=271.529742,nthreads=28,end_time=359166.981955,avg_power_W=163.326923,max_power_W=200.000000,avg_time_s=0.022145,released_listeners=0,
end_task=,name=lu_gemm,elapsed_seconds=0.287000,predicted_seconds=0.129186,time_percent_error=54.987536,nthreads=10,end_time=359167.022993,avg_power_W=163.485714,max_power_W=200.000000,avg_time_s=0.287000,released_listeners=0,
est_max_power=289.918182,
average_power_W=163.485714,
max_power_W=200.000000,
time_s=5.263625,
message=ALL DONE,
