message=profiling all tasks,max_threads=8,
start_task=,name=start,start_time=87777.426320,nthreads=8,
end_task=,name=start,start_time=1468508789.252970,elapsed_seconds=0.002527,nthreads=8,avg_power_W=-nan,max_power_W=0.000000,released_listeners=16,
start_task=,name=spmv,start_time=87777.429549,nthreads=8,
end_task=,name=spmv,start_time=1468508789.256169,elapsed_seconds=0.114070,nthreads=8,avg_power_W=159.500000,max_power_W=164.000000,released_listeners=1,
start_task=,name=spmv,start_time=87777.544074,nthreads=8,
end_task=,name=spmv,start_time=1468508789.370693,elapsed_seconds=0.151101,nthreads=8,avg_power_W=164.333333,max_power_W=165.000000,released_listeners=1,
start_task=,name=spmv,start_time=87777.695754,nthreads=8,
end_task=,name=spmv,start_time=1468508789.522373,elapsed_seconds=0.036125,nthreads=8,avg_power_W=165.000000,max_power_W=165.000000,released_listeners=1,
start_task=,name=spmv,start_time=87777.739793,nthreads=8,
end_task=,name=spmv,start_time=1468508789.566412,elapsed_seconds=0.077329,nthreads=8,avg_power_W=165.000000,max_power_W=165.000000,released_listeners=1,
start_task=,name=spmv,start_time=87777.817897,nthreads=8,
end_task=,name=spmv,start_time=1468508789.644516,elapsed_seconds=0.029447,nthreads=8,avg_power_W=164.000000,max_power_W=164.000000,released_listeners=1,
start_task=,name=spmv,start_time=87777.848366,nthreads=8,
end_task=,name=spmv,start_time=1468508789.674980,elapsed_seconds=0.029445,nthreads=8,avg_power_W=125.000000,max_power_W=125.000000,released_listeners=1,
start_task=,name=spmv,start_time=87777.889950,nthreads=8,
end_task=,name=spmv,start_time=1468508789.716573,elapsed_seconds=0.029429,nthreads=8,avg_power_W=-nan,max_power_W=0.000000,released_listeners=1,
start_task=,name=spmv,start_time=87777.920405,nthreads=8,
end_task=,name=spmv,start_time=1468508789.747024,elapsed_seconds=0.029731,nthreads=8,avg_power_W=126.000000,max_power_W=126.000000,released_listeners=1,
start_task=,name=spmv,start_time=87777.951838,nthreads=8,
end_task=,name=spmv,start_time=1468508789.778457,elapsed_seconds=0.029428,nthreads=8,avg_power_W=126.000000,max_power_W=126.000000,released_listeners=1,
start_task=,name=spmv,start_time=87777.989942,nthreads=8,
end_task=,name=spmv,start_time=1468508789.816565,elapsed_seconds=0.029433,nthreads=8,avg_power_W=-nan,max_power_W=0.000000,released_listeners=1,
start_task=,name=spmv,start_time=87778.020373,nthreads=8,
end_task=,name=spmv,start_time=1468508789.846991,elapsed_seconds=0.030299,nthreads=8,avg_power_W=126.000000,max_power_W=126.000000,released_listeners=1,
start_task=,name=spmv,start_time=87778.051583,nthreads=8,
end_task=,name=spmv,start_time=1468508789.878202,elapsed_seconds=0.029702,nthreads=8,avg_power_W=126.000000,max_power_W=126.000000,released_listeners=1,
start_task=,name=spmv,start_time=87778.089950,nthreads=8,
end_task=,name=spmv,start_time=1468508789.916573,elapsed_seconds=0.029455,nthreads=8,avg_power_W=-nan,max_power_W=0.000000,released_listeners=1,
start_task=,name=spmv,start_time=87778.120405,nthreads=8,
end_task=,name=spmv,start_time=1468508789.947023,elapsed_seconds=0.029446,nthreads=8,avg_power_W=126.000000,max_power_W=126.000000,released_listeners=1,
start_task=,name=spmv,start_time=87778.150734,nthreads=8,
end_task=,name=spmv,start_time=1468508789.977353,elapsed_seconds=0.030694,nthreads=8,avg_power_W=126.000000,max_power_W=126.000000,released_listeners=1,
start_task=,name=spmv,start_time=87778.200662,nthreads=8,
end_task=,name=spmv,start_time=1468508790.027285,elapsed_seconds=0.029618,nthreads=8,avg_power_W=126.000000,max_power_W=126.000000,released_listeners=1,
start_task=,name=subtract,start_time=87778.239828,nthreads=8,
end_task=,name=subtract,start_time=1468508790.066450,elapsed_seconds=0.052493,nthreads=8,avg_power_W=124.000000,max_power_W=124.000000,released_listeners=2,
start_task=,name=subtract,start_time=87778.293089,nthreads=8,
end_task=,name=subtract,start_time=1468508790.119708,elapsed_seconds=0.006917,nthreads=8,avg_power_W=-nan,max_power_W=0.000000,released_listeners=2,
start_task=,name=subtract,start_time=87778.300743,nthreads=8,
end_task=,name=subtract,start_time=1468508790.127361,elapsed_seconds=0.006869,nthreads=8,avg_power_W=-nan,max_power_W=0.000000,released_listeners=2,
start_task=,name=subtract,start_time=87778.308295,nthreads=8,
end_task=,name=subtract,start_time=1468508790.134913,elapsed_seconds=0.006864,nthreads=8,avg_power_W=-nan,max_power_W=0.000000,released_listeners=2,
start_task=,name=subtract,start_time=87778.315808,nthreads=8,
end_task=,name=subtract,start_time=1468508790.142426,elapsed_seconds=0.006883,nthreads=8,avg_power_W=-nan,max_power_W=0.000000,released_listeners=2,
start_task=,name=subtract,start_time=87778.323331,nthreads=8,
end_task=,name=subtract,start_time=1468508790.149949,elapsed_seconds=0.007160,nthreads=8,avg_power_W=121.000000,max_power_W=121.000000,released_listeners=2,
start_task=,name=subtract,start_time=87778.339557,nthreads=8,
end_task=,name=subtract,start_time=1468508790.166180,elapsed_seconds=0.006825,nthreads=8,avg_power_W=-nan,max_power_W=0.000000,released_listeners=2,
start_task=,name=subtract,start_time=87778.347105,nthreads=8,
end_task=,name=subtract,start_time=1468508790.173723,elapsed_seconds=0.006830,nthreads=8,avg_power_W=-nan,max_power_W=0.000000,released_listeners=2,
start_task=,name=subtract,start_time=87778.354620,nthreads=8,
end_task=,name=subtract,start_time=1468508790.181238,elapsed_seconds=0.006938,nthreads=8,avg_power_W=-nan,max_power_W=0.000000,released_listeners=2,
start_task=,name=subtract,start_time=87778.362239,nthreads=8,
end_task=,name=subtract,start_time=1468508790.188857,elapsed_seconds=0.006998,nthreads=8,avg_power_W=-nan,max_power_W=0.000000,released_listeners=2,
start_task=,name=subtract,start_time=87778.369901,nthreads=8,
end_task=,name=subtract,start_time=1468508790.196519,elapsed_seconds=0.006993,nthreads=8,avg_power_W=126.000000,max_power_W=126.000000,released_listeners=2,
start_task=,name=subtract,start_time=87778.389941,nthreads=8,
end_task=,name=subtract,start_time=1468508790.216564,elapsed_seconds=0.006862,nthreads=8,avg_power_W=-nan,max_power_W=0.000000,released_listeners=2,
start_task=,name=subtract,start_time=87778.397527,nthreads=8,
end_task=,name=subtract,start_time=1468508790.224145,elapsed_seconds=0.006821,nthreads=8,avg_power_W=-nan,max_power_W=0.000000,released_listeners=2,
start_task=,name=subtract,start_time=87778.405018,nthreads=8,
end_task=,name=subtract,start_time=1468508790.231636,elapsed_seconds=0.006931,nthreads=8,avg_power_W=-nan,max_power_W=0.000000,released_listeners=2,
start_task=,name=subtract,start_time=87778.412588,nthreads=8,
end_task=,name=subtract,start_time=1468508790.239206,elapsed_seconds=0.006909,nthreads=8,avg_power_W=-nan,max_power_W=0.000000,released_listeners=2,
start_task=,name=subtract,start_time=87778.420163,nthreads=8,
end_task=,name=subtract,start_time=1468508790.246781,elapsed_seconds=0.006873,nthreads=8,avg_power_W=123.000000,max_power_W=123.000000,released_listeners=2,
start_task=,name=copy,start_time=87778.440242,nthreads=8,
end_task=,name=copy,start_time=1468508790.266862,elapsed_seconds=0.000934,nthreads=8,avg_power_W=-nan,max_power_W=0.000000,released_listeners=1,
start_task=,name=myddot,start_time=87778.441928,nthreads=8,
end_task=,name=myddot,start_time=1468508790.268546,elapsed_seconds=0.000634,nthreads=8,avg_power_W=-nan,max_power_W=0.000000,released_listeners=1,
start_task=,name=copy,start_time=87778.443200,nthreads=8,
end_task=,name=copy,start_time=1468508790.269819,elapsed_seconds=0.000595,nthreads=8,avg_power_W=-nan,max_power_W=0.000000,released_listeners=1,
start_task=,name=myddot,start_time=87778.444440,nthreads=8,
end_task=,name=myddot,start_time=1468508790.271058,elapsed_seconds=0.000476,nthreads=8,avg_power_W=-nan,max_power_W=0.000000,released_listeners=1,
start_task=,name=copy,start_time=87778.445498,nthreads=8,
end_task=,name=copy,start_time=1468508790.272116,elapsed_seconds=0.000599,nthreads=8,avg_power_W=-nan,max_power_W=0.000000,released_listeners=1,
start_task=,name=myddot,start_time=87778.446726,nthreads=8,
end_task=,name=myddot,start_time=1468508790.273345,elapsed_seconds=0.000540,nthreads=8,avg_power_W=-nan,max_power_W=0.000000,released_listeners=1,
start_task=,name=copy,start_time=87778.447907,nthreads=8,
end_task=,name=copy,start_time=1468508790.274526,elapsed_seconds=0.004292,nthreads=8,avg_power_W=-nan,max_power_W=0.000000,released_listeners=1,
start_task=,name=myddot,start_time=87778.452839,nthreads=8,
end_task=,name=myddot,start_time=1468508790.279457,elapsed_seconds=0.000476,nthreads=8,avg_power_W=-nan,max_power_W=0.000000,released_listeners=1,
start_task=,name=copy,start_time=87778.453959,nthreads=8,
end_task=,name=copy,start_time=1468508790.280577,elapsed_seconds=0.006978,nthreads=8,avg_power_W=-nan,max_power_W=0.000000,released_listeners=1,
start_task=,name=myddot,start_time=87778.461552,nthreads=8,
end_task=,name=myddot,start_time=1468508790.288170,elapsed_seconds=0.000465,nthreads=8,avg_power_W=-nan,max_power_W=0.000000,released_listeners=1,
start_task=,name=copy,start_time=87778.462610,nthreads=8,
end_task=,name=copy,start_time=1468508790.289228,elapsed_seconds=0.007001,nthreads=8,avg_power_W=-nan,max_power_W=0.000000,released_listeners=1,
start_task=,name=myddot,start_time=87778.470244,nthreads=8,
end_task=,name=myddot,start_time=1468508790.296862,elapsed_seconds=0.000472,nthreads=8,avg_power_W=-nan,max_power_W=0.000000,released_listeners=1,
start_task=,name=copy,start_time=87778.471302,nthreads=8,
end_task=,name=copy,start_time=1468508790.297920,elapsed_seconds=0.007000,nthreads=8,avg_power_W=122.000000,max_power_W=122.000000,released_listeners=1,
start_task=,name=myddot,start_time=87778.490020,nthreads=8,
end_task=,name=myddot,start_time=1468508790.316643,elapsed_seconds=0.000485,nthreads=8,avg_power_W=-nan,max_power_W=0.000000,released_listeners=1,
start_task=,name=copy,start_time=87778.491261,nthreads=8,
end_task=,name=copy,start_time=1468508790.317879,elapsed_seconds=0.007063,nthreads=8,avg_power_W=-nan,max_power_W=0.000000,released_listeners=1,
start_task=,name=myddot,start_time=87778.499011,nthreads=8,
end_task=,name=myddot,start_time=1468508790.325629,elapsed_seconds=0.000480,nthreads=8,avg_power_W=-nan,max_power_W=0.000000,released_listeners=1,
start_task=,name=copy,start_time=87778.500160,nthreads=8,
end_task=,name=copy,start_time=1468508790.326778,elapsed_seconds=0.007065,nthreads=8,avg_power_W=-nan,max_power_W=0.000000,released_listeners=1,
start_task=,name=myddot,start_time=87778.507860,nthreads=8,
end_task=,name=myddot,start_time=1468508790.334478,elapsed_seconds=0.000482,nthreads=8,avg_power_W=-nan,max_power_W=0.000000,released_listeners=1,
start_task=,name=copy,start_time=87778.508991,nthreads=8,
end_task=,name=copy,start_time=1468508790.335609,elapsed_seconds=0.006942,nthreads=8,avg_power_W=-nan,max_power_W=0.000000,released_listeners=1,
start_task=,name=myddot,start_time=87778.516576,nthreads=8,
end_task=,name=myddot,start_time=1468508790.343194,elapsed_seconds=0.000466,nthreads=8,avg_power_W=-nan,max_power_W=0.000000,released_listeners=1,
start_task=,name=copy,start_time=87778.517698,nthreads=8,
end_task=,name=copy,start_time=1468508790.344316,elapsed_seconds=0.006845,nthreads=8,avg_power_W=-nan,max_power_W=0.000000,released_listeners=1,
start_task=,name=myddot,start_time=87778.525188,nthreads=8,
end_task=,name=myddot,start_time=1468508790.351806,elapsed_seconds=0.000469,nthreads=8,avg_power_W=-nan,max_power_W=0.000000,released_listeners=1,
start_task=,name=copy,start_time=87778.526281,nthreads=8,
end_task=,name=copy,start_time=1468508790.352899,elapsed_seconds=0.006983,nthreads=8,avg_power_W=122.000000,max_power_W=122.000000,released_listeners=1,
start_task=,name=myddot,start_time=87778.539978,nthreads=8,
end_task=,name=myddot,start_time=1468508790.366601,elapsed_seconds=0.000482,nthreads=8,avg_power_W=-nan,max_power_W=0.000000,released_listeners=1,
start_task=,name=copy,start_time=87778.541229,nthreads=8,
end_task=,name=copy,start_time=1468508790.367847,elapsed_seconds=0.006924,nthreads=8,avg_power_W=-nan,max_power_W=0.000000,released_listeners=1,
start_task=,name=myddot,start_time=87778.549323,nthreads=8,
end_task=,name=myddot,start_time=1468508790.375941,elapsed_seconds=0.000471,nthreads=8,avg_power_W=-nan,max_power_W=0.000000,released_listeners=1,
start_task=,name=copy,start_time=87778.550816,nthreads=8,
end_task=,name=copy,start_time=1468508790.377435,elapsed_seconds=0.006927,nthreads=8,avg_power_W=-nan,max_power_W=0.000000,released_listeners=1,
start_task=,name=myddot,start_time=87778.558767,nthreads=8,
end_task=,name=myddot,start_time=1468508790.385385,elapsed_seconds=0.000455,nthreads=8,avg_power_W=-nan,max_power_W=0.000000,released_listeners=1,
start_task=,name=copy,start_time=87778.560253,nthreads=8,
end_task=,name=copy,start_time=1468508790.386871,elapsed_seconds=0.006916,nthreads=8,avg_power_W=-nan,max_power_W=0.000000,released_listeners=1,
start_task=,name=myddot,start_time=87778.568071,nthreads=8,
end_task=,name=myddot,start_time=1468508790.394689,elapsed_seconds=0.000468,nthreads=8,avg_power_W=-nan,max_power_W=0.000000,released_listeners=1,
start_task=,name=copy,start_time=87778.569159,nthreads=8,
end_task=,name=copy,start_time=1468508790.395777,elapsed_seconds=0.006899,nthreads=8,avg_power_W=122.000000,max_power_W=122.000000,released_listeners=1,
start_task=,name=myddot,start_time=87778.590091,nthreads=8,
end_task=,name=myddot,start_time=1468508790.416714,elapsed_seconds=0.000476,nthreads=8,avg_power_W=-nan,max_power_W=0.000000,released_listeners=1,
start_task=,name=spmv,start_time=87778.591276,nthreads=8,
end_task=,name=spmv,start_time=1468508790.417894,elapsed_seconds=0.036292,nthreads=8,avg_power_W=123.000000,max_power_W=123.000000,released_listeners=1,
start_task=,name=spmv,start_time=87778.640151,nthreads=8,
end_task=,name=spmv,start_time=1468508790.466774,elapsed_seconds=0.029473,nthreads=8,avg_power_W=-nan,max_power_W=0.000000,released_listeners=1,
start_task=,name=spmv,start_time=87778.670377,nthreads=8,
end_task=,name=spmv,start_time=1468508790.496995,elapsed_seconds=0.029795,nthreads=8,avg_power_W=125.000000,max_power_W=125.000000,released_listeners=1,
start_task=,name=spmv,start_time=87778.700812,nthreads=8,
end_task=,name=spmv,start_time=1468508790.527431,elapsed_seconds=0.029586,nthreads=8,avg_power_W=123.000000,max_power_W=123.000000,released_listeners=1,
start_task=,name=spmv,start_time=87778.740064,nthreads=8,
end_task=,name=spmv,start_time=1468508790.566687,elapsed_seconds=0.029885,nthreads=8,avg_power_W=-nan,max_power_W=0.000000,released_listeners=1,
start_task=,name=spmv,start_time=87778.770604,nthreads=8,
end_task=,name=spmv,start_time=1468508790.597222,elapsed_seconds=0.029792,nthreads=8,avg_power_W=123.000000,max_power_W=123.000000,released_listeners=1,
start_task=,name=spmv,start_time=87778.801061,nthreads=8,
end_task=,name=spmv,start_time=1468508790.627680,elapsed_seconds=0.029579,nthreads=8,avg_power_W=123.000000,max_power_W=123.000000,released_listeners=1,
start_task=,name=spmv,start_time=87778.839883,nthreads=8,
end_task=,name=spmv,start_time=1468508790.666506,elapsed_seconds=0.029701,nthreads=8,avg_power_W=-nan,max_power_W=0.000000,released_listeners=1,
start_task=,name=spmv,start_time=87778.870352,nthreads=8,
end_task=,name=spmv,start_time=1468508790.696970,elapsed_seconds=0.030101,nthreads=8,avg_power_W=123.000000,max_power_W=123.000000,released_listeners=1,
start_task=,name=spmv,start_time=87778.901127,nthreads=8,
end_task=,name=spmv,start_time=1468508790.727746,elapsed_seconds=0.029601,nthreads=8,avg_power_W=124.000000,max_power_W=124.000000,released_listeners=1,
start_task=,name=spmv,start_time=87778.940126,nthreads=8,
end_task=,name=spmv,start_time=1468508790.766749,elapsed_seconds=0.029467,nthreads=8,avg_power_W=-nan,max_power_W=0.000000,released_listeners=1,
start_task=,name=spmv,start_time=87778.970338,nthreads=8,
end_task=,name=spmv,start_time=1468508790.796957,elapsed_seconds=0.030433,nthreads=8,avg_power_W=123.000000,max_power_W=123.000000,released_listeners=1,
start_task=,name=spmv,start_time=87779.001440,nthreads=8,
end_task=,name=spmv,start_time=1468508790.828058,elapsed_seconds=0.029729,nthreads=8,avg_power_W=123.000000,max_power_W=123.000000,released_listeners=1,
start_task=,name=spmv,start_time=87779.040017,nthreads=8,
end_task=,name=spmv,start_time=1468508790.866641,elapsed_seconds=0.029440,nthreads=8,avg_power_W=-nan,max_power_W=0.000000,released_listeners=1,
start_task=,name=spmv,start_time=87779.070237,nthreads=8,
end_task=,name=spmv,start_time=1468508790.896856,elapsed_seconds=0.029826,nthreads=8,avg_power_W=123.000000,max_power_W=123.000000,released_listeners=1,
start_task=,name=spmv,start_time=87779.100728,nthreads=8,
end_task=,name=spmv,start_time=1468508790.927347,elapsed_seconds=0.031300,nthreads=8,avg_power_W=123.000000,max_power_W=123.000000,released_listeners=1,
start_task=,name=sum_contribs,start_time=87779.143755,nthreads=8,
end_task=,name=sum_contribs,start_time=1468508790.970377,elapsed_seconds=0.000162,nthreads=8,avg_power_W=-nan,max_power_W=0.000000,released_listeners=1,
start_task=,name=myddot,start_time=87779.144600,nthreads=8,
end_task=,name=myddot,start_time=1468508790.971218,elapsed_seconds=0.000507,nthreads=8,avg_power_W=-nan,max_power_W=0.000000,released_listeners=1,
start_task=,name=myddot,start_time=87779.145727,nthreads=8,
end_task=,name=myddot,start_time=1468508790.972346,elapsed_seconds=0.000629,nthreads=8,avg_power_W=-nan,max_power_W=0.000000,released_listeners=1,
start_task=,name=myddot,start_time=87779.147005,nthreads=8,
end_task=,name=myddot,start_time=1468508790.973624,elapsed_seconds=0.000658,nthreads=8,avg_power_W=-nan,max_power_W=0.000000,released_listeners=1,
start_task=,name=myddot,start_time=87779.148215,nthreads=8,
end_task=,name=myddot,start_time=1468508790.974831,elapsed_seconds=0.000584,nthreads=8,avg_power_W=-nan,max_power_W=0.000000,released_listeners=1,
start_task=,name=myddot,start_time=87779.149328,nthreads=8,
end_task=,name=myddot,start_time=1468508790.975941,elapsed_seconds=0.000596,nthreads=8,avg_power_W=-nan,max_power_W=0.000000,released_listeners=1,
start_task=,name=myddot,start_time=87779.150450,nthreads=8,
end_task=,name=myddot,start_time=1468508790.977063,elapsed_seconds=0.000594,nthreads=8,avg_power_W=-nan,max_power_W=0.000000,released_listeners=1,
start_task=,name=myddot,start_time=87779.151573,nthreads=8,
end_task=,name=myddot,start_time=1468508790.978186,elapsed_seconds=0.000591,nthreads=8,avg_power_W=-nan,max_power_W=0.000000,released_listeners=1,
start_task=,name=myddot,start_time=87779.152679,nthreads=8,
end_task=,name=myddot,start_time=1468508790.979292,elapsed_seconds=0.000588,nthreads=8,avg_power_W=-nan,max_power_W=0.000000,released_listeners=1,
start_task=,name=myddot,start_time=87779.153791,nthreads=8,
end_task=,name=myddot,start_time=1468508790.980405,elapsed_seconds=0.000592,nthreads=8,avg_power_W=-nan,max_power_W=0.000000,released_listeners=1,
start_task=,name=myddot,start_time=87779.154910,nthreads=8,
end_task=,name=myddot,start_time=1468508790.981524,elapsed_seconds=0.000634,nthreads=8,avg_power_W=-nan,max_power_W=0.000000,released_listeners=1,
start_task=,name=myddot,start_time=87779.156068,nthreads=8,
end_task=,name=myddot,start_time=1468508790.982682,elapsed_seconds=0.000591,nthreads=8,avg_power_W=-nan,max_power_W=0.000000,released_listeners=1,
start_task=,name=myddot,start_time=87779.157226,nthreads=8,
end_task=,name=myddot,start_time=1468508790.983840,elapsed_seconds=0.000616,nthreads=8,avg_power_W=-nan,max_power_W=0.000000,released_listeners=1,
start_task=,name=myddot,start_time=87779.158375,nthreads=8,
end_task=,name=myddot,start_time=1468508790.984988,elapsed_seconds=0.000570,nthreads=8,avg_power_W=-nan,max_power_W=0.000000,released_listeners=1,
start_task=,name=myddot,start_time=87779.159403,nthreads=8,
end_task=,name=myddot,start_time=1468508790.986017,elapsed_seconds=0.000572,nthreads=8,avg_power_W=-nan,max_power_W=0.000000,released_listeners=1,
start_task=,name=myddot,start_time=87779.160512,nthreads=8,
end_task=,name=myddot,start_time=1468508790.987126,elapsed_seconds=0.000612,nthreads=8,avg_power_W=-nan,max_power_W=0.000000,released_listeners=1,
start_task=,name=myddot,start_time=87779.161573,nthreads=8,
end_task=,name=myddot,start_time=1468508790.988187,elapsed_seconds=0.000576,nthreads=8,avg_power_W=-nan,max_power_W=0.000000,released_listeners=1,
start_task=,name=sum_contribs,start_time=87779.162805,nthreads=8,
end_task=,name=sum_contribs,start_time=1468508790.989422,elapsed_seconds=0.000144,nthreads=8,avg_power_W=-nan,max_power_W=0.000000,released_listeners=1,
start_task=,name=comp_alpha,start_time=87779.163397,nthreads=8,
end_task=,name=comp_alpha,start_time=1468508790.990011,elapsed_seconds=0.000076,nthreads=8,avg_power_W=-nan,max_power_W=0.000000,released_listeners=32,
start_task=,name=mydaxpy,start_time=87779.163917,nthreads=8,
end_task=,name=mydaxpy,start_time=1468508790.990530,elapsed_seconds=0.000250,nthreads=8,avg_power_W=-nan,max_power_W=0.000000,released_listeners=0,
start_task=,name=mydaxpy,start_time=87779.164586,nthreads=8,
end_task=,name=mydaxpy,start_time=1468508790.991200,elapsed_seconds=0.000113,nthreads=8,avg_power_W=-nan,max_power_W=0.000000,released_listeners=1,
start_task=,name=mydaxpy,start_time=87779.165088,nthreads=8,
end_task=,name=mydaxpy,start_time=1468508790.991702,elapsed_seconds=0.000117,nthreads=8,avg_power_W=-nan,max_power_W=0.000000,released_listeners=0,
start_task=,name=mydaxpy,start_time=87779.165935,nthreads=8,
end_task=,name=mydaxpy,start_time=1468508790.992549,elapsed_seconds=0.000112,nthreads=8,avg_power_W=-nan,max_power_W=0.000000,released_listeners=1,
start_task=,name=mydaxpy,start_time=87779.166625,nthreads=8,
end_task=,name=mydaxpy,start_time=1468508790.993239,elapsed_seconds=0.000114,nthreads=8,avg_power_W=-nan,max_power_W=0.000000,released_listeners=0,
start_task=,name=mydaxpy,start_time=87779.167242,nthreads=8,
end_task=,name=mydaxpy,start_time=1468508790.993855,elapsed_seconds=0.000136,nthreads=8,avg_power_W=-nan,max_power_W=0.000000,released_listeners=1,
start_task=,name=mydaxpy,start_time=87779.167939,nthreads=8,
end_task=,name=mydaxpy,start_time=1468508790.994552,elapsed_seconds=0.000114,nthreads=8,avg_power_W=-nan,max_power_W=0.000000,released_listeners=0,
start_task=,name=mydaxpy,start_time=87779.168551,nthreads=8,
end_task=,name=mydaxpy,start_time=1468508790.995165,elapsed_seconds=0.000105,nthreads=8,avg_power_W=-nan,max_power_W=0.000000,released_listeners=1,
start_task=,name=mydaxpy,start_time=87779.169062,nthreads=8,
end_task=,name=mydaxpy,start_time=1468508790.995676,elapsed_seconds=0.000105,nthreads=8,avg_power_W=-nan,max_power_W=0.000000,released_listeners=0,
start_task=,name=mydaxpy,start_time=87779.169569,nthreads=8,
end_task=,name=mydaxpy,start_time=1468508790.996183,elapsed_seconds=0.000110,nthreads=8,avg_power_W=-nan,max_power_W=0.000000,released_listeners=1,
start_task=,name=mydaxpy,start_time=87779.170206,nthreads=8,
end_task=,name=mydaxpy,start_time=1468508790.996820,elapsed_seconds=0.000116,nthreads=8,avg_power_W=-nan,max_power_W=0.000000,released_listeners=0,
start_task=,name=mydaxpy,start_time=87779.170882,nthreads=8,
end_task=,name=mydaxpy,start_time=1468508790.997496,elapsed_seconds=0.000104,nthreads=8,avg_power_W=-nan,max_power_W=0.000000,released_listeners=1,
start_task=,name=mydaxpy,start_time=87779.171424,nthreads=8,
end_task=,name=mydaxpy,start_time=1468508790.998037,elapsed_seconds=0.000114,nthreads=8,avg_power_W=-nan,max_power_W=0.000000,released_listeners=0,
start_task=,name=mydaxpy,start_time=87779.172033,nthreads=8,
end_task=,name=mydaxpy,start_time=1468508790.998646,elapsed_seconds=0.000138,nthreads=8,avg_power_W=-nan,max_power_W=0.000000,released_listeners=1,
start_task=,name=mydaxpy,start_time=87779.172709,nthreads=8,
end_task=,name=mydaxpy,start_time=1468508790.999322,elapsed_seconds=0.000106,nthreads=8,avg_power_W=-nan,max_power_W=0.000000,released_listeners=0,
start_task=,name=mydaxpy,start_time=87779.173417,nthreads=8,
end_task=,name=mydaxpy,start_time=1468508791.000031,elapsed_seconds=0.000109,nthreads=8,avg_power_W=-nan,max_power_W=0.000000,released_listeners=1,
start_task=,name=mydaxpy,start_time=87779.174009,nthreads=8,
end_task=,name=mydaxpy,start_time=1468508791.000623,elapsed_seconds=0.000110,nthreads=8,avg_power_W=-nan,max_power_W=0.000000,released_listeners=0,
start_task=,name=mydaxpy,start_time=87779.174570,nthreads=8,
end_task=,name=mydaxpy,start_time=1468508791.001184,elapsed_seconds=0.000130,nthreads=8,avg_power_W=-nan,max_power_W=0.000000,released_listeners=1,
start_task=,name=mydaxpy,start_time=87779.175202,nthreads=8,
end_task=,name=mydaxpy,start_time=1468508791.001816,elapsed_seconds=0.000139,nthreads=8,avg_power_W=-nan,max_power_W=0.000000,released_listeners=0,
start_task=,name=mydaxpy,start_time=87779.175850,nthreads=8,
end_task=,name=mydaxpy,start_time=1468508791.002463,elapsed_seconds=0.000113,nthreads=8,avg_power_W=122.000000,max_power_W=122.000000,released_listeners=1,
start_task=,name=mydaxpy,start_time=87779.189847,nthreads=8,
end_task=,name=mydaxpy,start_time=1468508791.016470,elapsed_seconds=0.000125,nthreads=8,avg_power_W=-nan,max_power_W=0.000000,released_listeners=0,
start_task=,name=mydaxpy,start_time=87779.190556,nthreads=8,
end_task=,name=mydaxpy,start_time=1468508791.017174,elapsed_seconds=0.000102,nthreads=8,avg_power_W=-nan,max_power_W=0.000000,released_listeners=1,
start_task=,name=mydaxpy,start_time=87779.191207,nthreads=8,
end_task=,name=mydaxpy,start_time=1468508791.017825,elapsed_seconds=0.000099,nthreads=8,avg_power_W=-nan,max_power_W=0.000000,released_listeners=0,
start_task=,name=mydaxpy,start_time=87779.191786,nthreads=8,
end_task=,name=mydaxpy,start_time=1468508791.018403,elapsed_seconds=0.000111,nthreads=8,avg_power_W=-nan,max_power_W=0.000000,released_listeners=1,
start_task=,name=mydaxpy,start_time=87779.192965,nthreads=8,
end_task=,name=mydaxpy,start_time=1468508791.019583,elapsed_seconds=0.000102,nthreads=8,avg_power_W=-nan,max_power_W=0.000000,released_listeners=0,
start_task=,name=mydaxpy,start_time=87779.193728,nthreads=8,
end_task=,name=mydaxpy,start_time=1468508791.020342,elapsed_seconds=0.000104,nthreads=8,avg_power_W=-nan,max_power_W=0.000000,released_listeners=1,
start_task=,name=mydaxpy,start_time=87779.194401,nthreads=8,
end_task=,name=mydaxpy,start_time=1468508791.021015,elapsed_seconds=0.000102,nthreads=8,avg_power_W=-nan,max_power_W=0.000000,released_listeners=0,
start_task=,name=mydaxpy,start_time=87779.194984,nthreads=8,
end_task=,name=mydaxpy,start_time=1468508791.021598,elapsed_seconds=0.000105,nthreads=8,avg_power_W=-nan,max_power_W=0.000000,released_listeners=1,
start_task=,name=mydaxpy,start_time=87779.195579,nthreads=8,
end_task=,name=mydaxpy,start_time=1468508791.022193,elapsed_seconds=0.000099,nthreads=8,avg_power_W=-nan,max_power_W=0.000000,released_listeners=0,
start_task=,name=mydaxpy,start_time=87779.196156,nthreads=8,
end_task=,name=mydaxpy,start_time=1468508791.022769,elapsed_seconds=0.000102,nthreads=8,avg_power_W=-nan,max_power_W=0.000000,released_listeners=1,
start_task=,name=mydaxpy,start_time=87779.196746,nthreads=8,
end_task=,name=mydaxpy,start_time=1468508791.023360,elapsed_seconds=0.000107,nthreads=8,avg_power_W=-nan,max_power_W=0.000000,released_listeners=0,
start_task=,name=mydaxpy,start_time=87779.197358,nthreads=8,
end_task=,name=mydaxpy,start_time=1468508791.023971,elapsed_seconds=0.000110,nthreads=8,avg_power_W=-nan,max_power_W=0.000000,released_listeners=1,
start_task=,name=myddot,start_time=87779.197958,nthreads=8,
end_task=,name=myddot,start_time=1468508791.024575,elapsed_seconds=0.000456,nthreads=8,avg_power_W=-nan,max_power_W=0.000000,released_listeners=1,
start_task=,name=myddot,start_time=87779.199484,nthreads=8,
end_task=,name=myddot,start_time=1468508791.026102,elapsed_seconds=0.000462,nthreads=8,avg_power_W=-nan,max_power_W=0.000000,released_listeners=1,
start_task=,name=myddot,start_time=87779.200939,nthreads=8,
end_task=,name=myddot,start_time=1468508791.027557,elapsed_seconds=0.000465,nthreads=8,avg_power_W=-nan,max_power_W=0.000000,released_listeners=1,
start_task=,name=myddot,start_time=87779.202181,nthreads=8,
end_task=,name=myddot,start_time=1468508791.028799,elapsed_seconds=0.000458,nthreads=8,avg_power_W=-nan,max_power_W=0.000000,released_listeners=1,
start_task=,name=myddot,start_time=87779.203417,nthreads=8,
end_task=,name=myddot,start_time=1468508791.030035,elapsed_seconds=0.000453,nthreads=8,avg_power_W=-nan,max_power_W=0.000000,released_listeners=1,
start_task=,name=myddot,start_time=87779.204437,nthreads=8,
end_task=,name=myddot,start_time=1468508791.031061,elapsed_seconds=0.000508,nthreads=8,avg_power_W=-nan,max_power_W=0.000000,released_listeners=1,
start_task=,name=myddot,start_time=87779.205502,nthreads=8,
end_task=,name=myddot,start_time=1468508791.032115,elapsed_seconds=0.000464,nthreads=8,avg_power_W=-nan,max_power_W=0.000000,released_listeners=1,
start_task=,name=myddot,start_time=87779.206491,nthreads=8,
end_task=,name=myddot,start_time=1468508791.033104,elapsed_seconds=0.000507,nthreads=8,avg_power_W=-nan,max_power_W=0.000000,released_listeners=1,
start_task=,name=myddot,start_time=87779.207607,nthreads=8,
end_task=,name=myddot,start_time=1468508791.034225,elapsed_seconds=0.000467,nthreads=8,avg_power_W=-nan,max_power_W=0.000000,released_listeners=1,
start_task=,name=myddot,start_time=87779.208999,nthreads=8,
end_task=,name=myddot,start_time=1468508791.035613,elapsed_seconds=0.000505,nthreads=8,avg_power_W=-nan,max_power_W=0.000000,released_listeners=1,
start_task=,name=myddot,start_time=87779.210059,nthreads=8,
end_task=,name=myddot,start_time=1468508791.036673,elapsed_seconds=0.000466,nthreads=8,avg_power_W=-nan,max_power_W=0.000000,released_listeners=1,
start_task=,name=myddot,start_time=87779.211166,nthreads=8,
end_task=,name=myddot,start_time=1468508791.037779,elapsed_seconds=0.000458,nthreads=8,avg_power_W=-nan,max_power_W=0.000000,released_listeners=1,
start_task=,name=myddot,start_time=87779.212204,nthreads=8,
end_task=,name=myddot,start_time=1468508791.038817,elapsed_seconds=0.000466,nthreads=8,avg_power_W=-nan,max_power_W=0.000000,released_listeners=1,
start_task=,name=myddot,start_time=87779.213256,nthreads=8,
end_task=,name=myddot,start_time=1468508791.039870,elapsed_seconds=0.000458,nthreads=8,avg_power_W=-nan,max_power_W=0.000000,released_listeners=1,
start_task=,name=myddot,start_time=87779.214287,nthreads=8,
end_task=,name=myddot,start_time=1468508791.040901,elapsed_seconds=0.000454,nthreads=8,avg_power_W=-nan,max_power_W=0.000000,released_listeners=1,
start_task=,name=myddot,start_time=87779.215319,nthreads=8,
end_task=,name=myddot,start_time=1468508791.041933,elapsed_seconds=0.000463,nthreads=8,avg_power_W=-nan,max_power_W=0.000000,released_listeners=1,
start_task=,name=sum_contribs,start_time=87779.216358,nthreads=8,
end_task=,name=sum_contribs,start_time=1468508791.042972,elapsed_seconds=0.000155,nthreads=8,avg_power_W=-nan,max_power_W=0.000000,released_listeners=2,
start_task=,name=comp_beta,start_time=87779.217032,nthreads=8,
end_task=,name=comp_beta,start_time=1468508791.043646,elapsed_seconds=0.000152,nthreads=8,avg_power_W=-nan,max_power_W=0.000000,released_listeners=16,
start_task=,name=assign,start_time=87779.217528,nthreads=8,
end_task=,name=assign,start_time=1468508791.044142,elapsed_seconds=0.000084,nthreads=8,avg_power_W=-nan,max_power_W=0.000000,released_listeners=0,
start_task=,name=mydaxpy,start_time=87779.218313,nthreads=8,
end_task=,name=mydaxpy,start_time=1468508791.044926,elapsed_seconds=0.000149,nthreads=8,avg_power_W=-nan,max_power_W=0.000000,released_listeners=0,
start_task=,name=mydaxpy,start_time=87779.219098,nthreads=8,
end_task=,name=mydaxpy,start_time=1468508791.045712,elapsed_seconds=0.000108,nthreads=8,avg_power_W=-nan,max_power_W=0.000000,released_listeners=0,
start_task=,name=mydaxpy,start_time=87779.219727,nthreads=8,
end_task=,name=mydaxpy,start_time=1468508791.046340,elapsed_seconds=0.000109,nthreads=8,avg_power_W=-nan,max_power_W=0.000000,released_listeners=0,
start_task=,name=mydaxpy,start_time=87779.220289,nthreads=8,
end_task=,name=mydaxpy,start_time=1468508791.046903,elapsed_seconds=0.000107,nthreads=8,avg_power_W=-nan,max_power_W=0.000000,released_listeners=0,
start_task=,name=mydaxpy,start_time=87779.220849,nthreads=8,
end_task=,name=mydaxpy,start_time=1468508791.047463,elapsed_seconds=0.000106,nthreads=8,avg_power_W=-nan,max_power_W=0.000000,released_listeners=0,
start_task=,name=mydaxpy,start_time=87779.221409,nthreads=8,
end_task=,name=mydaxpy,start_time=1468508791.048022,elapsed_seconds=0.000107,nthreads=8,avg_power_W=-nan,max_power_W=0.000000,released_listeners=0,
start_task=,name=mydaxpy,start_time=87779.221970,nthreads=8,
end_task=,name=mydaxpy,start_time=1468508791.048584,elapsed_seconds=0.000107,nthreads=8,avg_power_W=-nan,max_power_W=0.000000,released_listeners=0,
start_task=,name=mydaxpy,start_time=87779.222535,nthreads=8,
end_task=,name=mydaxpy,start_time=1468508791.049149,elapsed_seconds=0.000105,nthreads=8,avg_power_W=-nan,max_power_W=0.000000,released_listeners=0,
start_task=,name=mydaxpy,start_time=87779.223089,nthreads=8,
end_task=,name=mydaxpy,start_time=1468508791.049702,elapsed_seconds=0.000107,nthreads=8,avg_power_W=-nan,max_power_W=0.000000,released_listeners=0,
start_task=,name=mydaxpy,start_time=87779.223650,nthreads=8,
end_task=,name=mydaxpy,start_time=1468508791.050263,elapsed_seconds=0.000107,nthreads=8,avg_power_W=-nan,max_power_W=0.000000,released_listeners=0,
start_task=,name=mydaxpy,start_time=87779.224210,nthreads=8,
end_task=,name=mydaxpy,start_time=1468508791.050823,elapsed_seconds=0.000106,nthreads=8,avg_power_W=-nan,max_power_W=0.000000,released_listeners=0,
start_task=,name=mydaxpy,start_time=87779.224769,nthreads=8,
end_task=,name=mydaxpy,start_time=1468508791.051382,elapsed_seconds=0.000107,nthreads=8,avg_power_W=-nan,max_power_W=0.000000,released_listeners=0,
start_task=,name=mydaxpy,start_time=87779.225328,nthreads=8,
end_task=,name=mydaxpy,start_time=1468508791.051941,elapsed_seconds=0.000111,nthreads=8,avg_power_W=-nan,max_power_W=0.000000,released_listeners=0,
start_task=,name=mydaxpy,start_time=87779.225880,nthreads=8,
end_task=,name=mydaxpy,start_time=1468508791.052493,elapsed_seconds=0.000106,nthreads=8,avg_power_W=121.000000,max_power_W=121.000000,released_listeners=0,
start_task=,name=mydaxpy,start_time=87779.239242,nthreads=8,
end_task=,name=mydaxpy,start_time=1468508791.065861,elapsed_seconds=0.000119,nthreads=8,avg_power_W=-nan,max_power_W=0.000000,released_listeners=0,
start_task=,name=mydaxpy,start_time=87779.239949,nthreads=8,
end_task=,name=mydaxpy,start_time=1468508791.066568,elapsed_seconds=0.000110,nthreads=8,avg_power_W=-nan,max_power_W=0.000000,released_listeners=0,
