message=cataloging configuration,max_threads=4,power_limit=inf,
start_task=,name=start,tick=1,start_time=342862.104205,nthreads=4,
message=tick stats,tick=1,estimated_current_power=inf,
end_task=,name=start,elapsed_seconds=0.509681,predicted_seconds=inf,time_percent_error=inf,nthreads=4,end_time=342862.618711,avg_power_W=114.700000,max_power_W=121.000000,avg_time_s=0.000000,released_listeners=8,
start_task=,name=spmv,tick=2,start_time=342862.618758,nthreads=4,
message=tick stats,tick=2,estimated_current_power=-nan,
end_task=,name=spmv,elapsed_seconds=0.539426,predicted_seconds=inf,time_percent_error=inf,nthreads=4,end_time=342863.168654,avg_power_W=118.545455,max_power_W=120.000000,avg_time_s=0.107885,released_listeners=1,
start_task=,name=spmv,tick=3,start_time=342863.168698,nthreads=4,
message=tick stats,tick=3,estimated_current_power=-nan,
end_task=,name=spmv,elapsed_seconds=0.545296,predicted_seconds=inf,time_percent_error=inf,nthreads=4,end_time=342863.718535,avg_power_W=117.090909,max_power_W=119.000000,avg_time_s=0.090883,released_listeners=1,
start_task=,name=spmv,tick=4,start_time=342863.718577,nthreads=4,
message=tick stats,tick=4,estimated_current_power=-nan,
end_task=,name=spmv,elapsed_seconds=0.544714,predicted_seconds=inf,time_percent_error=inf,nthreads=4,end_time=342864.268463,avg_power_W=118.090909,max_power_W=120.000000,avg_time_s=0.090786,released_listeners=1,
start_task=,name=spmv,tick=5,start_time=342864.268503,nthreads=4,
message=tick stats,tick=5,estimated_current_power=-nan,
end_task=,name=spmv,elapsed_seconds=0.542808,predicted_seconds=inf,time_percent_error=inf,nthreads=4,end_time=342864.818221,avg_power_W=119.454545,max_power_W=122.000000,avg_time_s=0.090468,released_listeners=1,
start_task=,name=spmv,tick=6,start_time=342864.818303,nthreads=4,
message=tick stats,tick=6,estimated_current_power=-nan,
end_task=,name=spmv,elapsed_seconds=0.542039,predicted_seconds=inf,time_percent_error=inf,nthreads=4,end_time=342865.368170,avg_power_W=118.545455,max_power_W=123.000000,avg_time_s=0.090340,released_listeners=1,
start_task=,name=spmv,tick=7,start_time=342865.368210,nthreads=4,
message=tick stats,tick=7,estimated_current_power=-nan,
end_task=,name=spmv,elapsed_seconds=0.543450,predicted_seconds=inf,time_percent_error=inf,nthreads=4,end_time=342865.918467,avg_power_W=118.181818,max_power_W=120.000000,avg_time_s=0.090575,released_listeners=1,
start_task=,name=spmv,tick=8,start_time=342865.918507,nthreads=4,
message=tick stats,tick=8,estimated_current_power=-nan,
end_task=,name=spmv,elapsed_seconds=0.543820,predicted_seconds=inf,time_percent_error=inf,nthreads=4,end_time=342866.469001,avg_power_W=118.181818,max_power_W=121.000000,avg_time_s=0.090637,released_listeners=1,
start_task=,name=spmv,tick=9,start_time=342866.469053,nthreads=4,
message=tick stats,tick=9,estimated_current_power=-nan,
end_task=,name=spmv,elapsed_seconds=0.544640,predicted_seconds=inf,time_percent_error=inf,nthreads=4,end_time=342867.018543,avg_power_W=118.454545,max_power_W=122.000000,avg_time_s=0.090773,released_listeners=1,
start_task=,name=subtract,tick=10,start_time=342867.018582,nthreads=4,
message=tick stats,tick=10,estimated_current_power=-nan,
end_task=,name=subtract,elapsed_seconds=0.505503,predicted_seconds=inf,time_percent_error=inf,nthreads=4,end_time=342867.524607,avg_power_W=122.100000,max_power_W=127.000000,avg_time_s=0.001400,released_listeners=2,
start_task=,name=subtract,tick=11,start_time=342867.524627,nthreads=4,
message=tick stats,tick=11,estimated_current_power=-nan,
end_task=,name=subtract,elapsed_seconds=0.505002,predicted_seconds=inf,time_percent_error=inf,nthreads=4,end_time=342868.030131,avg_power_W=126.500000,max_power_W=127.000000,avg_time_s=0.001244,released_listeners=2,
start_task=,name=subtract,tick=12,start_time=342868.030152,nthreads=4,
message=tick stats,tick=12,estimated_current_power=-nan,
end_task=,name=subtract,elapsed_seconds=0.505947,predicted_seconds=inf,time_percent_error=inf,nthreads=4,end_time=342868.536691,avg_power_W=127.000000,max_power_W=128.000000,avg_time_s=0.001249,released_listeners=2,
start_task=,name=subtract,tick=13,start_time=342868.536739,nthreads=4,
message=tick stats,tick=13,estimated_current_power=-nan,
end_task=,name=subtract,elapsed_seconds=0.506682,predicted_seconds=inf,time_percent_error=inf,nthreads=4,end_time=342869.044146,avg_power_W=125.600000,max_power_W=127.000000,avg_time_s=0.001239,released_listeners=2,
start_task=,name=subtract,tick=14,start_time=342869.044167,nthreads=4,
message=tick stats,tick=14,estimated_current_power=-nan,
end_task=,name=subtract,elapsed_seconds=0.505095,predicted_seconds=inf,time_percent_error=inf,nthreads=4,end_time=342869.549832,avg_power_W=126.200000,max_power_W=127.000000,avg_time_s=0.001247,released_listeners=2,
start_task=,name=subtract,tick=15,start_time=342869.549852,nthreads=4,
message=tick stats,tick=15,estimated_current_power=-nan,
end_task=,name=subtract,elapsed_seconds=0.505088,predicted_seconds=inf,time_percent_error=inf,nthreads=4,end_time=342870.068634,avg_power_W=124.909091,max_power_W=127.000000,avg_time_s=0.001253,released_listeners=2,
start_task=,name=subtract,tick=16,start_time=342870.068671,nthreads=4,
message=tick stats,tick=16,estimated_current_power=-nan,
end_task=,name=subtract,elapsed_seconds=0.504409,predicted_seconds=inf,time_percent_error=inf,nthreads=4,end_time=342870.573829,avg_power_W=125.700000,max_power_W=129.000000,avg_time_s=0.001255,released_listeners=2,
start_task=,name=subtract,tick=17,start_time=342870.573849,nthreads=4,
message=tick stats,tick=17,estimated_current_power=-nan,
end_task=,name=subtract,elapsed_seconds=0.505808,predicted_seconds=inf,time_percent_error=inf,nthreads=4,end_time=342871.080282,avg_power_W=128.400000,max_power_W=131.000000,avg_time_s=0.001246,released_listeners=2,
start_task=,name=copy,tick=18,start_time=342871.080301,nthreads=4,
message=tick stats,tick=18,estimated_current_power=-nan,
end_task=,name=copy,elapsed_seconds=0.506353,predicted_seconds=inf,time_percent_error=inf,nthreads=4,end_time=342871.587212,avg_power_W=128.000000,max_power_W=129.000000,avg_time_s=0.000919,released_listeners=1,
start_task=,name=dot,tick=19,start_time=342871.587231,nthreads=4,
message=tick stats,tick=19,estimated_current_power=-nan,
end_task=,name=dot,elapsed_seconds=0.505218,predicted_seconds=inf,time_percent_error=inf,nthreads=4,end_time=342872.093274,avg_power_W=123.300000,max_power_W=128.000000,avg_time_s=0.000573,released_listeners=1,
start_task=,name=copy,tick=20,start_time=342872.093301,nthreads=4,
message=tick stats,tick=20,estimated_current_power=-nan,
end_task=,name=copy,elapsed_seconds=0.506672,predicted_seconds=inf,time_percent_error=inf,nthreads=4,end_time=342872.600612,avg_power_W=126.000000,max_power_W=127.000000,avg_time_s=0.000926,released_listeners=1,
start_task=,name=dot,tick=21,start_time=342872.600632,nthreads=4,
message=tick stats,tick=21,estimated_current_power=-nan,
end_task=,name=dot,elapsed_seconds=0.506852,predicted_seconds=inf,time_percent_error=inf,nthreads=4,end_time=342873.118659,avg_power_W=123.818182,max_power_W=128.000000,avg_time_s=0.000572,released_listeners=1,
start_task=,name=copy,tick=22,start_time=342873.118698,nthreads=4,
message=tick stats,tick=22,estimated_current_power=-nan,
end_task=,name=copy,elapsed_seconds=0.504496,predicted_seconds=inf,time_percent_error=inf,nthreads=4,end_time=342873.623837,avg_power_W=126.200000,max_power_W=127.000000,avg_time_s=0.000921,released_listeners=1,
start_task=,name=dot,tick=23,start_time=342873.623858,nthreads=4,
message=tick stats,tick=23,estimated_current_power=-nan,
end_task=,name=dot,elapsed_seconds=0.506322,predicted_seconds=inf,time_percent_error=inf,nthreads=4,end_time=342874.130923,avg_power_W=119.700000,max_power_W=126.000000,avg_time_s=0.000571,released_listeners=1,
start_task=,name=copy,tick=24,start_time=342874.130945,nthreads=4,
message=tick stats,tick=24,estimated_current_power=-nan,
end_task=,name=copy,elapsed_seconds=0.506158,predicted_seconds=inf,time_percent_error=inf,nthreads=4,end_time=342874.637608,avg_power_W=124.300000,max_power_W=127.000000,avg_time_s=0.000922,released_listeners=1,
start_task=,name=dot,tick=25,start_time=342874.637630,nthreads=4,
message=tick stats,tick=25,estimated_current_power=-nan,
end_task=,name=dot,elapsed_seconds=0.505905,predicted_seconds=inf,time_percent_error=inf,nthreads=4,end_time=342875.144193,avg_power_W=121.100000,max_power_W=124.000000,avg_time_s=0.000569,released_listeners=1,
start_task=,name=copy,tick=26,start_time=342875.144215,nthreads=4,
message=tick stats,tick=26,estimated_current_power=-nan,
end_task=,name=copy,elapsed_seconds=0.506856,predicted_seconds=inf,time_percent_error=inf,nthreads=4,end_time=342875.651735,avg_power_W=127.500000,max_power_W=131.000000,avg_time_s=0.000928,released_listeners=1,
start_task=,name=dot,tick=27,start_time=342875.651754,nthreads=4,
message=tick stats,tick=27,estimated_current_power=-nan,
end_task=,name=dot,elapsed_seconds=0.506580,predicted_seconds=inf,time_percent_error=inf,nthreads=4,end_time=342876.168629,avg_power_W=123.636364,max_power_W=127.000000,avg_time_s=0.000570,released_listeners=1,
start_task=,name=copy,tick=28,start_time=342876.168670,nthreads=4,
message=tick stats,tick=28,estimated_current_power=-nan,
end_task=,name=copy,elapsed_seconds=0.504024,predicted_seconds=inf,time_percent_error=inf,nthreads=4,end_time=342876.673315,avg_power_W=126.800000,max_power_W=127.000000,avg_time_s=0.000907,released_listeners=1,
start_task=,name=dot,tick=29,start_time=342876.673334,nthreads=4,
message=tick stats,tick=29,estimated_current_power=-nan,
end_task=,name=dot,elapsed_seconds=0.506060,predicted_seconds=inf,time_percent_error=inf,nthreads=4,end_time=342877.180170,avg_power_W=123.200000,max_power_W=127.000000,avg_time_s=0.000576,released_listeners=1,
start_task=,name=copy,tick=30,start_time=342877.180189,nthreads=4,
message=tick stats,tick=30,estimated_current_power=-nan,
end_task=,name=copy,elapsed_seconds=0.506931,predicted_seconds=inf,time_percent_error=inf,nthreads=4,end_time=342877.687774,avg_power_W=125.700000,max_power_W=127.000000,avg_time_s=0.000920,released_listeners=1,
start_task=,name=dot,tick=31,start_time=342877.687812,nthreads=4,
message=tick stats,tick=31,estimated_current_power=-nan,
end_task=,name=dot,elapsed_seconds=0.506665,predicted_seconds=inf,time_percent_error=inf,nthreads=4,end_time=342878.195109,avg_power_W=122.900000,max_power_W=126.000000,avg_time_s=0.000575,released_listeners=1,
start_task=,name=copy,tick=32,start_time=342878.195149,nthreads=4,
message=tick stats,tick=32,estimated_current_power=-nan,
end_task=,name=copy,elapsed_seconds=0.504860,predicted_seconds=inf,time_percent_error=inf,nthreads=4,end_time=342878.700639,avg_power_W=126.600000,max_power_W=127.000000,avg_time_s=0.000918,released_listeners=1,
start_task=,name=dot,tick=33,start_time=342878.700659,nthreads=4,
message=tick stats,tick=33,estimated_current_power=-nan,
end_task=,name=dot,elapsed_seconds=0.507040,predicted_seconds=inf,time_percent_error=inf,nthreads=4,end_time=342879.218784,avg_power_W=123.181818,max_power_W=127.000000,avg_time_s=0.000567,released_listeners=1,
start_task=,name=spmv,tick=34,start_time=342879.218818,nthreads=4,
message=tick stats,tick=34,estimated_current_power=-nan,
end_task=,name=spmv,elapsed_seconds=0.541700,predicted_seconds=inf,time_percent_error=inf,nthreads=4,end_time=342879.768380,avg_power_W=116.545455,max_power_W=122.000000,avg_time_s=0.077386,released_listeners=1,
start_task=,name=spmv,tick=35,start_time=342879.768420,nthreads=4,
message=tick stats,tick=35,estimated_current_power=-nan,
end_task=,name=spmv,elapsed_seconds=0.549157,predicted_seconds=inf,time_percent_error=inf,nthreads=4,end_time=342880.318383,avg_power_W=114.272727,max_power_W=122.000000,avg_time_s=0.078451,released_listeners=1,
start_task=,name=spmv,tick=36,start_time=342880.318423,nthreads=4,
message=tick stats,tick=36,estimated_current_power=-nan,
end_task=,name=spmv,elapsed_seconds=0.544600,predicted_seconds=inf,time_percent_error=inf,nthreads=4,end_time=342880.868496,avg_power_W=112.363636,max_power_W=114.000000,avg_time_s=0.077800,released_listeners=1,
start_task=,name=spmv,tick=37,start_time=342880.868538,nthreads=4,
message=tick stats,tick=37,estimated_current_power=-nan,
end_task=,name=spmv,elapsed_seconds=0.542627,predicted_seconds=inf,time_percent_error=inf,nthreads=4,end_time=342881.418274,avg_power_W=111.181818,max_power_W=114.000000,avg_time_s=0.077518,released_listeners=1,
start_task=,name=spmv,tick=38,start_time=342881.418311,nthreads=4,
message=tick stats,tick=38,estimated_current_power=-nan,
end_task=,name=spmv,elapsed_seconds=0.541893,predicted_seconds=inf,time_percent_error=inf,nthreads=4,end_time=342881.968307,avg_power_W=111.727273,max_power_W=113.000000,avg_time_s=0.077413,released_listeners=1,
start_task=,name=spmv,tick=39,start_time=342881.968347,nthreads=4,
message=tick stats,tick=39,estimated_current_power=-nan,
end_task=,name=spmv,elapsed_seconds=0.544159,predicted_seconds=inf,time_percent_error=inf,nthreads=4,end_time=342882.518434,avg_power_W=110.090909,max_power_W=114.000000,avg_time_s=0.077737,released_listeners=1,
start_task=,name=spmv,tick=40,start_time=342882.518475,nthreads=4,
message=tick stats,tick=40,estimated_current_power=-nan,
end_task=,name=spmv,elapsed_seconds=0.542711,predicted_seconds=inf,time_percent_error=inf,nthreads=4,end_time=342883.068792,avg_power_W=110.909091,max_power_W=113.000000,avg_time_s=0.077530,released_listeners=1,
start_task=,name=spmv,tick=41,start_time=342883.068832,nthreads=4,
message=tick stats,tick=41,estimated_current_power=-nan,
end_task=,name=spmv,elapsed_seconds=0.542347,predicted_seconds=inf,time_percent_error=inf,nthreads=4,end_time=342883.618502,avg_power_W=110.090909,max_power_W=113.000000,avg_time_s=0.077478,released_listeners=1,
start_task=,name=sum_contribs,tick=42,start_time=342883.618543,nthreads=4,
message=tick stats,tick=42,estimated_current_power=-nan,
end_task=,name=sum_contribs,elapsed_seconds=0.504422,predicted_seconds=inf,time_percent_error=inf,nthreads=4,end_time=342884.123526,avg_power_W=109.100000,max_power_W=111.000000,avg_time_s=0.000067,released_listeners=1,
start_task=,name=dot,tick=43,start_time=342884.123564,nthreads=4,
message=tick stats,tick=43,estimated_current_power=-nan,
end_task=,name=dot,elapsed_seconds=0.505877,predicted_seconds=inf,time_percent_error=inf,nthreads=4,end_time=342884.630087,avg_power_W=114.000000,max_power_W=115.000000,avg_time_s=0.000875,released_listeners=1,
start_task=,name=dot,tick=44,start_time=342884.630123,nthreads=4,
message=tick stats,tick=44,estimated_current_power=-nan,
end_task=,name=dot,elapsed_seconds=0.505073,predicted_seconds=inf,time_percent_error=inf,nthreads=4,end_time=342885.135809,avg_power_W=115.200000,max_power_W=117.000000,avg_time_s=0.000872,released_listeners=1,
start_task=,name=dot,tick=45,start_time=342885.135829,nthreads=4,
message=tick stats,tick=45,estimated_current_power=-nan,
end_task=,name=dot,elapsed_seconds=0.505167,predicted_seconds=inf,time_percent_error=inf,nthreads=4,end_time=342885.641612,avg_power_W=114.300000,max_power_W=117.000000,avg_time_s=0.000864,released_listeners=1,
start_task=,name=dot,tick=46,start_time=342885.641650,nthreads=4,
message=tick stats,tick=46,estimated_current_power=-nan,
end_task=,name=dot,elapsed_seconds=0.513440,predicted_seconds=inf,time_percent_error=inf,nthreads=4,end_time=342886.168303,avg_power_W=115.545455,max_power_W=119.000000,avg_time_s=0.000920,released_listeners=1,
start_task=,name=dot,tick=47,start_time=342886.168344,nthreads=4,
message=tick stats,tick=47,estimated_current_power=-nan,
end_task=,name=dot,elapsed_seconds=0.504903,predicted_seconds=inf,time_percent_error=inf,nthreads=4,end_time=342886.674060,avg_power_W=115.700000,max_power_W=118.000000,avg_time_s=0.000863,released_listeners=1,
start_task=,name=dot,tick=48,start_time=342886.674080,nthreads=4,
message=tick stats,tick=48,estimated_current_power=-nan,
end_task=,name=dot,elapsed_seconds=0.505738,predicted_seconds=inf,time_percent_error=inf,nthreads=4,end_time=342887.180510,avg_power_W=116.600000,max_power_W=118.000000,avg_time_s=0.000860,released_listeners=1,
start_task=,name=dot,tick=49,start_time=342887.180529,nthreads=4,
message=tick stats,tick=49,estimated_current_power=-nan,
end_task=,name=dot,elapsed_seconds=0.505962,predicted_seconds=inf,time_percent_error=inf,nthreads=4,end_time=342887.687122,avg_power_W=116.700000,max_power_W=120.000000,avg_time_s=0.000872,released_listeners=1,
start_task=,name=dot,tick=50,start_time=342887.687174,nthreads=4,
message=tick stats,tick=50,estimated_current_power=-nan,
end_task=,name=dot,elapsed_seconds=0.505918,predicted_seconds=inf,time_percent_error=inf,nthreads=4,end_time=342888.193710,avg_power_W=115.700000,max_power_W=118.000000,avg_time_s=0.000866,released_listeners=1,
start_task=,name=sum_contribs,tick=51,start_time=342888.193730,nthreads=4,
message=tick stats,tick=51,estimated_current_power=-nan,
end_task=,name=sum_contribs,elapsed_seconds=0.505378,predicted_seconds=inf,time_percent_error=inf,nthreads=4,end_time=342888.699571,avg_power_W=111.400000,max_power_W=116.000000,avg_time_s=0.000064,released_listeners=1,
start_task=,name=comp_alpha,tick=52,start_time=342888.699610,nthreads=4,
message=tick stats,tick=52,estimated_current_power=-nan,
end_task=,name=comp_alpha,elapsed_seconds=0.505079,predicted_seconds=inf,time_percent_error=inf,nthreads=4,end_time=342889.218107,avg_power_W=112.727273,max_power_W=115.000000,avg_time_s=0.000045,released_listeners=16,
start_task=,name=axpyprofile,tick=53,start_time=342889.218177,nthreads=4,
message=tick stats,tick=53,estimated_current_power=-nan,
end_task=,name=axpyprofile,elapsed_seconds=0.009009,predicted_seconds=inf,time_percent_error=inf,nthreads=4,end_time=342889.227654,avg_power_W=-nan,max_power_W=0.000000,avg_time_s=0.009009,released_listeners=1,
start_task=,name=axpyprofile,tick=54,start_time=342889.227668,nthreads=4,
message=tick stats,tick=54,estimated_current_power=-nan,
end_task=,name=axpyprofile,elapsed_seconds=0.508359,predicted_seconds=inf,time_percent_error=inf,nthreads=4,end_time=342889.736535,avg_power_W=115.100000,max_power_W=118.000000,avg_time_s=0.004345,released_listeners=1,
start_task=,name=axpyprofile,tick=55,start_time=342889.736573,nthreads=4,
message=tick stats,tick=55,estimated_current_power=-nan,
end_task=,name=axpyprofile,elapsed_seconds=0.504932,predicted_seconds=inf,time_percent_error=inf,nthreads=4,end_time=342890.242143,avg_power_W=119.200000,max_power_W=122.000000,avg_time_s=0.004429,released_listeners=1,
start_task=,name=axpyprofile,tick=56,start_time=342890.242181,nthreads=4,
message=tick stats,tick=56,estimated_current_power=-nan,
end_task=,name=axpyprofile,elapsed_seconds=0.009206,predicted_seconds=inf,time_percent_error=inf,nthreads=4,end_time=342890.252049,avg_power_W=-nan,max_power_W=0.000000,avg_time_s=0.009206,released_listeners=1,
start_task=,name=axpyprofile,tick=57,start_time=342890.252076,nthreads=4,
message=tick stats,tick=57,estimated_current_power=-nan,
end_task=,name=axpyprofile,elapsed_seconds=0.508097,predicted_seconds=inf,time_percent_error=inf,nthreads=4,end_time=342890.768144,avg_power_W=123.090909,max_power_W=127.000000,avg_time_s=0.004380,released_listeners=1,
start_task=,name=axpyprofile,tick=58,start_time=342890.768284,nthreads=4,
message=tick stats,tick=58,estimated_current_power=-nan,
end_task=,name=axpyprofile,elapsed_seconds=0.008132,predicted_seconds=inf,time_percent_error=inf,nthreads=4,end_time=342890.776945,avg_power_W=-nan,max_power_W=0.000000,avg_time_s=0.008132,released_listeners=1,
start_task=,name=axpyprofile,tick=59,start_time=342890.776960,nthreads=4,
message=tick stats,tick=59,estimated_current_power=-nan,
end_task=,name=axpyprofile,elapsed_seconds=0.505822,predicted_seconds=inf,time_percent_error=inf,nthreads=4,end_time=342891.283433,avg_power_W=119.700000,max_power_W=122.000000,avg_time_s=0.004361,released_listeners=1,
start_task=,name=axpyprofile,tick=60,start_time=342891.283474,nthreads=4,
message=tick stats,tick=60,estimated_current_power=-nan,
end_task=,name=axpyprofile,elapsed_seconds=0.009048,predicted_seconds=inf,time_percent_error=inf,nthreads=4,end_time=342891.293183,avg_power_W=-nan,max_power_W=0.000000,avg_time_s=0.009048,released_listeners=1,
start_task=,name=axpyprofile,tick=61,start_time=342891.293230,nthreads=4,
message=tick stats,tick=61,estimated_current_power=-nan,
end_task=,name=axpyprofile,elapsed_seconds=0.508352,predicted_seconds=inf,time_percent_error=inf,nthreads=4,end_time=342891.802215,avg_power_W=117.400000,max_power_W=123.000000,avg_time_s=0.004382,released_listeners=1,
start_task=,name=axpyprofile,tick=62,start_time=342891.802262,nthreads=4,
message=tick stats,tick=62,estimated_current_power=-nan,
end_task=,name=axpyprofile,elapsed_seconds=0.009024,predicted_seconds=inf,time_percent_error=inf,nthreads=4,end_time=342891.819874,avg_power_W=118.000000,max_power_W=118.000000,avg_time_s=0.009024,released_listeners=1,
start_task=,name=axpyprofile,tick=63,start_time=342891.819915,nthreads=4,
message=tick stats,tick=63,estimated_current_power=-nan,
end_task=,name=axpyprofile,elapsed_seconds=0.504690,predicted_seconds=inf,time_percent_error=inf,nthreads=4,end_time=342892.325280,avg_power_W=120.800000,max_power_W=123.000000,avg_time_s=0.004351,released_listeners=1,
start_task=,name=axpyprofile,tick=64,start_time=342892.325319,nthreads=4,
message=tick stats,tick=64,estimated_current_power=-nan,
end_task=,name=axpyprofile,elapsed_seconds=0.009228,predicted_seconds=inf,time_percent_error=inf,nthreads=4,end_time=342892.335261,avg_power_W=-nan,max_power_W=0.000000,avg_time_s=0.009228,released_listeners=1,
start_task=,name=axpyprofile,tick=65,start_time=342892.335289,nthreads=4,
message=tick stats,tick=65,estimated_current_power=-nan,
end_task=,name=axpyprofile,elapsed_seconds=0.506412,predicted_seconds=inf,time_percent_error=inf,nthreads=4,end_time=342892.842267,avg_power_W=122.700000,max_power_W=126.000000,avg_time_s=0.004366,released_listeners=1,
start_task=,name=axpyprofile,tick=66,start_time=342892.842305,nthreads=4,
message=tick stats,tick=66,estimated_current_power=-nan,
end_task=,name=axpyprofile,elapsed_seconds=0.008903,predicted_seconds=inf,time_percent_error=inf,nthreads=4,end_time=342892.851732,avg_power_W=-nan,max_power_W=0.000000,avg_time_s=0.008903,released_listeners=1,
start_task=,name=axpyprofile,tick=67,start_time=342892.851747,nthreads=4,
message=tick stats,tick=67,estimated_current_power=-nan,
end_task=,name=axpyprofile,elapsed_seconds=0.507866,predicted_seconds=inf,time_percent_error=inf,nthreads=4,end_time=342893.368429,avg_power_W=122.454545,max_power_W=126.000000,avg_time_s=0.004378,released_listeners=1,
start_task=,name=axpyprofile,tick=68,start_time=342893.368472,nthreads=4,
message=tick stats,tick=68,estimated_current_power=-nan,
end_task=,name=axpyprofile,elapsed_seconds=0.007758,predicted_seconds=inf,time_percent_error=inf,nthreads=4,end_time=342893.376849,avg_power_W=-nan,max_power_W=0.000000,avg_time_s=0.007758,released_listeners=1,
start_task=,name=axpy,tick=69,start_time=342893.376878,nthreads=4,
message=tick stats,tick=69,estimated_current_power=-nan,
end_task=,name=axpy,elapsed_seconds=0.505600,predicted_seconds=inf,time_percent_error=inf,nthreads=4,end_time=342893.883813,avg_power_W=119.500000,max_power_W=126.000000,avg_time_s=0.000046,released_listeners=1,
start_task=,name=axpy,tick=70,start_time=342893.883851,nthreads=4,
message=tick stats,tick=70,estimated_current_power=-nan,
end_task=,name=axpy,elapsed_seconds=0.005860,predicted_seconds=inf,time_percent_error=inf,nthreads=4,end_time=342893.890708,avg_power_W=-nan,max_power_W=0.000000,avg_time_s=0.005860,released_listeners=0,
start_task=,name=axpy,tick=71,start_time=342893.890723,nthreads=4,
message=tick stats,tick=71,estimated_current_power=-nan,
end_task=,name=axpy,elapsed_seconds=0.005346,predicted_seconds=inf,time_percent_error=inf,nthreads=4,end_time=342893.897288,avg_power_W=-nan,max_power_W=0.000000,avg_time_s=0.005346,released_listeners=0,
start_task=,name=axpy,tick=72,start_time=342893.897302,nthreads=4,
message=tick stats,tick=72,estimated_current_power=-nan,
end_task=,name=axpy,elapsed_seconds=0.505021,predicted_seconds=inf,time_percent_error=inf,nthreads=4,end_time=342894.403485,avg_power_W=118.200000,max_power_W=121.000000,avg_time_s=0.000046,released_listeners=1,
start_task=,name=axpy,tick=73,start_time=342894.403524,nthreads=4,
message=tick stats,tick=73,estimated_current_power=-nan,
end_task=,name=axpy,elapsed_seconds=0.005266,predicted_seconds=inf,time_percent_error=inf,nthreads=4,end_time=342894.421123,avg_power_W=117.000000,max_power_W=117.000000,avg_time_s=0.005266,released_listeners=0,
start_task=,name=axpy,tick=74,start_time=342894.421165,nthreads=4,
message=tick stats,tick=74,estimated_current_power=-nan,
end_task=,name=axpy,elapsed_seconds=0.504105,predicted_seconds=inf,time_percent_error=inf,nthreads=4,end_time=342894.926327,avg_power_W=117.500000,max_power_W=123.000000,avg_time_s=0.000046,released_listeners=1,
start_task=,name=axpy,tick=75,start_time=342894.926367,nthreads=4,
message=tick stats,tick=75,estimated_current_power=-nan,
end_task=,name=axpy,elapsed_seconds=0.004900,predicted_seconds=inf,time_percent_error=inf,nthreads=4,end_time=342894.932325,avg_power_W=-nan,max_power_W=0.000000,avg_time_s=0.004900,released_listeners=0,
start_task=,name=axpy,tick=76,start_time=342894.932342,nthreads=4,
message=tick stats,tick=76,estimated_current_power=-nan,
end_task=,name=axpy,elapsed_seconds=0.504886,predicted_seconds=inf,time_percent_error=inf,nthreads=4,end_time=342895.438387,avg_power_W=118.500000,max_power_W=122.000000,avg_time_s=0.000050,released_listeners=1,
start_task=,name=axpy,tick=77,start_time=342895.438427,nthreads=4,
message=tick stats,tick=77,estimated_current_power=-nan,
end_task=,name=axpy,elapsed_seconds=0.005417,predicted_seconds=inf,time_percent_error=inf,nthreads=4,end_time=342895.444781,avg_power_W=-nan,max_power_W=0.000000,avg_time_s=0.005417,released_listeners=0,
start_task=,name=axpy,tick=78,start_time=342895.444795,nthreads=4,
message=tick stats,tick=78,estimated_current_power=-nan,
end_task=,name=axpy,elapsed_seconds=0.505352,predicted_seconds=inf,time_percent_error=inf,nthreads=4,end_time=342895.951576,avg_power_W=118.000000,max_power_W=123.000000,avg_time_s=0.000047,released_listeners=1,
start_task=,name=axpy,tick=79,start_time=342895.951615,nthreads=4,
message=tick stats,tick=79,estimated_current_power=-nan,
end_task=,name=axpy,elapsed_seconds=0.005680,predicted_seconds=inf,time_percent_error=inf,nthreads=4,end_time=342895.969398,avg_power_W=119.000000,max_power_W=119.000000,avg_time_s=0.005680,released_listeners=0,
start_task=,name=axpy,tick=80,start_time=342895.969434,nthreads=4,
message=tick stats,tick=80,estimated_current_power=-nan,
end_task=,name=axpy,elapsed_seconds=0.503678,predicted_seconds=inf,time_percent_error=inf,nthreads=4,end_time=342896.473819,avg_power_W=118.200000,max_power_W=122.000000,avg_time_s=0.000057,released_listeners=1,
start_task=,name=axpy,tick=81,start_time=342896.473878,nthreads=4,
message=tick stats,tick=81,estimated_current_power=-nan,
end_task=,name=axpy,elapsed_seconds=0.005247,predicted_seconds=inf,time_percent_error=inf,nthreads=4,end_time=342896.480026,avg_power_W=-nan,max_power_W=0.000000,avg_time_s=0.005247,released_listeners=0,
start_task=,name=axpy,tick=82,start_time=342896.480053,nthreads=4,
message=tick stats,tick=82,estimated_current_power=-nan,
end_task=,name=axpy,elapsed_seconds=0.505011,predicted_seconds=inf,time_percent_error=inf,nthreads=4,end_time=342896.986154,avg_power_W=115.800000,max_power_W=119.000000,avg_time_s=0.000047,released_listeners=1,
start_task=,name=axpy,tick=83,start_time=342896.986193,nthreads=4,
message=tick stats,tick=83,estimated_current_power=-nan,
end_task=,name=axpy,elapsed_seconds=0.005910,predicted_seconds=inf,time_percent_error=inf,nthreads=4,end_time=342896.993032,avg_power_W=-nan,max_power_W=0.000000,avg_time_s=0.005910,released_listeners=0,
start_task=,name=axpy,tick=84,start_time=342896.993047,nthreads=4,
message=tick stats,tick=84,estimated_current_power=-nan,
end_task=,name=axpy,elapsed_seconds=0.504557,predicted_seconds=inf,time_percent_error=inf,nthreads=4,end_time=342897.498172,avg_power_W=114.500000,max_power_W=116.000000,avg_time_s=0.000053,released_listeners=1,
start_task=,name=dot,tick=85,start_time=342897.498210,nthreads=4,
message=tick stats,tick=85,estimated_current_power=-nan,
end_task=,name=dot,elapsed_seconds=0.507295,predicted_seconds=inf,time_percent_error=inf,nthreads=4,end_time=342898.018153,avg_power_W=118.272727,max_power_W=121.000000,avg_time_s=0.000582,released_listeners=1,
start_task=,name=dot,tick=86,start_time=342898.018211,nthreads=4,
message=tick stats,tick=86,estimated_current_power=-nan,
end_task=,name=dot,elapsed_seconds=0.504030,predicted_seconds=inf,time_percent_error=inf,nthreads=4,end_time=342898.522716,avg_power_W=117.800000,max_power_W=120.000000,avg_time_s=0.000578,released_listeners=1,
start_task=,name=dot,tick=87,start_time=342898.522736,nthreads=4,
message=tick stats,tick=87,estimated_current_power=-nan,
end_task=,name=dot,elapsed_seconds=0.505478,predicted_seconds=inf,time_percent_error=inf,nthreads=4,end_time=342899.028575,avg_power_W=117.000000,max_power_W=119.000000,avg_time_s=0.000574,released_listeners=1,
start_task=,name=dot,tick=88,start_time=342899.028595,nthreads=4,
message=tick stats,tick=88,estimated_current_power=-nan,
end_task=,name=dot,elapsed_seconds=0.505659,predicted_seconds=inf,time_percent_error=inf,nthreads=4,end_time=342899.534729,avg_power_W=118.900000,max_power_W=121.000000,avg_time_s=0.000579,released_listeners=1,
start_task=,name=dot,tick=89,start_time=342899.534748,nthreads=4,
message=tick stats,tick=89,estimated_current_power=-nan,
end_task=,name=dot,elapsed_seconds=0.504855,predicted_seconds=inf,time_percent_error=inf,nthreads=4,end_time=342900.039961,avg_power_W=119.700000,max_power_W=122.000000,avg_time_s=0.000580,released_listeners=1,
start_task=,name=dot,tick=90,start_time=342900.039983,nthreads=4,
message=tick stats,tick=90,estimated_current_power=-nan,
end_task=,name=dot,elapsed_seconds=0.505372,predicted_seconds=inf,time_percent_error=inf,nthreads=4,end_time=342900.545860,avg_power_W=121.100000,max_power_W=124.000000,avg_time_s=0.000574,released_listeners=1,
start_task=,name=dot,tick=91,start_time=342900.545880,nthreads=4,
message=tick stats,tick=91,estimated_current_power=-nan,
end_task=,name=dot,elapsed_seconds=0.505411,predicted_seconds=inf,time_percent_error=inf,nthreads=4,end_time=342901.051607,avg_power_W=120.000000,max_power_W=124.000000,avg_time_s=0.000574,released_listeners=1,
start_task=,name=dot,tick=92,start_time=342901.051627,nthreads=4,
message=tick stats,tick=92,estimated_current_power=-nan,
end_task=,name=dot,elapsed_seconds=0.505764,predicted_seconds=inf,time_percent_error=inf,nthreads=4,end_time=342901.568700,avg_power_W=123.818182,max_power_W=126.000000,avg_time_s=0.000577,released_listeners=1,
start_task=,name=sum_contribs,tick=93,start_time=342901.568744,nthreads=4,
message=tick stats,tick=93,estimated_current_power=-nan,
end_task=,name=sum_contribs,elapsed_seconds=0.503681,predicted_seconds=inf,time_percent_error=inf,nthreads=4,end_time=342902.073145,avg_power_W=118.500000,max_power_W=124.000000,avg_time_s=0.000065,released_listeners=2,
start_task=,name=assign,tick=94,start_time=342902.073186,nthreads=4,
message=tick stats,tick=94,estimated_current_power=-nan,
end_task=,name=assign,elapsed_seconds=0.505652,predicted_seconds=inf,time_percent_error=inf,nthreads=4,end_time=342902.579885,avg_power_W=119.800000,max_power_W=122.000000,avg_time_s=0.000044,released_listeners=0,
start_task=,name=comp_beta,tick=95,start_time=342902.579923,nthreads=4,
message=tick stats,tick=95,estimated_current_power=-nan,
end_task=,name=comp_beta,elapsed_seconds=0.505811,predicted_seconds=inf,time_percent_error=inf,nthreads=4,end_time=342903.086452,avg_power_W=116.700000,max_power_W=118.000000,avg_time_s=0.000051,released_listeners=8,
start_task=,name=xapyprofile,tick=96,start_time=342903.086495,nthreads=4,
message=tick stats,tick=96,estimated_current_power=-nan,
end_task=,name=xapyprofile,elapsed_seconds=0.505251,predicted_seconds=inf,time_percent_error=inf,nthreads=4,end_time=342903.592897,avg_power_W=122.400000,max_power_W=127.000000,avg_time_s=0.005104,released_listeners=1,
start_task=,name=xapyprofile,tick=97,start_time=342903.592934,nthreads=4,
message=tick stats,tick=97,estimated_current_power=-nan,
end_task=,name=xapyprofile,elapsed_seconds=0.507497,predicted_seconds=inf,time_percent_error=inf,nthreads=4,end_time=342904.100904,avg_power_W=123.400000,max_power_W=125.000000,avg_time_s=0.005075,released_listeners=1,
start_task=,name=xapyprofile,tick=98,start_time=342904.100951,nthreads=4,
message=tick stats,tick=98,estimated_current_power=-nan,
end_task=,name=xapyprofile,elapsed_seconds=0.506296,predicted_seconds=inf,time_percent_error=inf,nthreads=4,end_time=342904.618150,avg_power_W=123.454545,max_power_W=126.000000,avg_time_s=0.005114,released_listeners=1,
start_task=,name=xapyprofile,tick=99,start_time=342904.618191,nthreads=4,
message=tick stats,tick=99,estimated_current_power=-nan,
end_task=,name=xapyprofile,elapsed_seconds=0.505163,predicted_seconds=inf,time_percent_error=inf,nthreads=4,end_time=342905.124262,avg_power_W=122.300000,max_power_W=126.000000,avg_time_s=0.005103,released_listeners=1,
start_task=,name=xapyprofile,tick=100,start_time=342905.124300,nthreads=4,
message=tick stats,tick=100,estimated_current_power=-nan,
end_task=,name=xapyprofile,elapsed_seconds=0.507624,predicted_seconds=inf,time_percent_error=inf,nthreads=4,end_time=342905.632621,avg_power_W=123.700000,max_power_W=126.000000,avg_time_s=0.005128,released_listeners=1,
start_task=,name=xapyprofile,tick=101,start_time=342905.632659,nthreads=4,
message=tick stats,tick=101,estimated_current_power=-nan,
end_task=,name=xapyprofile,elapsed_seconds=0.505378,predicted_seconds=inf,time_percent_error=inf,nthreads=4,end_time=342906.138617,avg_power_W=123.400000,max_power_W=125.000000,avg_time_s=0.005105,released_listeners=1,
start_task=,name=xapyprofile,tick=102,start_time=342906.138661,nthreads=4,
message=tick stats,tick=102,estimated_current_power=-nan,
end_task=,name=xapyprofile,elapsed_seconds=0.509155,predicted_seconds=inf,time_percent_error=inf,nthreads=4,end_time=342906.648961,avg_power_W=122.900000,max_power_W=127.000000,avg_time_s=0.005143,released_listeners=1,
start_task=,name=xapyprofile,tick=103,start_time=342906.649001,nthreads=4,
message=tick stats,tick=103,estimated_current_power=-nan,
end_task=,name=xapyprofile,elapsed_seconds=0.505946,predicted_seconds=inf,time_percent_error=inf,nthreads=4,end_time=342907.168343,avg_power_W=123.545455,max_power_W=126.000000,avg_time_s=0.005111,released_listeners=1,
start_task=,name=xapy,tick=104,start_time=342907.168384,nthreads=4,
message=tick stats,tick=104,estimated_current_power=-nan,
end_task=,name=xapy,elapsed_seconds=0.004846,predicted_seconds=inf,time_percent_error=inf,nthreads=4,end_time=342907.173817,avg_power_W=-nan,max_power_W=0.000000,avg_time_s=0.004846,released_listeners=0,
start_task=,name=xapy,tick=105,start_time=342907.173831,nthreads=4,
message=tick stats,tick=105,estimated_current_power=-nan,
end_task=,name=xapy,elapsed_seconds=0.006490,predicted_seconds=inf,time_percent_error=inf,nthreads=4,end_time=342907.180806,avg_power_W=-nan,max_power_W=0.000000,avg_time_s=0.006490,released_listeners=0,
start_task=,name=xapy,tick=106,start_time=342907.180820,nthreads=4,
message=tick stats,tick=106,estimated_current_power=-nan,
end_task=,name=xapy,elapsed_seconds=0.006863,predicted_seconds=inf,time_percent_error=inf,nthreads=4,end_time=342907.188133,avg_power_W=-nan,max_power_W=0.000000,avg_time_s=0.006863,released_listeners=0,
start_task=,name=xapy,tick=107,start_time=342907.188160,nthreads=4,
message=tick stats,tick=107,estimated_current_power=-nan,
end_task=,name=xapy,elapsed_seconds=0.006558,predicted_seconds=inf,time_percent_error=inf,nthreads=4,end_time=342907.195140,avg_power_W=-nan,max_power_W=0.000000,avg_time_s=0.006558,released_listeners=0,
start_task=,name=xapy,tick=108,start_time=342907.195154,nthreads=4,
message=tick stats,tick=108,estimated_current_power=-nan,
end_task=,name=xapy,elapsed_seconds=0.006525,predicted_seconds=inf,time_percent_error=inf,nthreads=4,end_time=342907.202124,avg_power_W=-nan,max_power_W=0.000000,avg_time_s=0.006525,released_listeners=0,
start_task=,name=xapy,tick=109,start_time=342907.202140,nthreads=4,
message=tick stats,tick=109,estimated_current_power=-nan,
end_task=,name=xapy,elapsed_seconds=0.006514,predicted_seconds=inf,time_percent_error=inf,nthreads=4,end_time=342907.219935,avg_power_W=127.000000,max_power_W=127.000000,avg_time_s=0.006514,released_listeners=0,
start_task=,name=xapy,tick=110,start_time=342907.219980,nthreads=4,
message=tick stats,tick=110,estimated_current_power=-nan,
end_task=,name=xapy,elapsed_seconds=0.004731,predicted_seconds=inf,time_percent_error=inf,nthreads=4,end_time=342907.225171,avg_power_W=-nan,max_power_W=0.000000,avg_time_s=0.004731,released_listeners=0,
start_task=,name=xapy,tick=111,start_time=342907.225185,nthreads=4,
message=tick stats,tick=111,estimated_current_power=-nan,
end_task=,name=xapy,elapsed_seconds=0.006621,predicted_seconds=inf,time_percent_error=inf,nthreads=4,end_time=342907.232270,avg_power_W=-nan,max_power_W=0.000000,avg_time_s=0.006621,released_listeners=0,
est_max_power=inf,
average_power_W=-nan,
max_power_W=0.000000,
time_s=45.128082,
message=ALL DONE,
