message=cataloging configuration,max_threads=66,power_limit=inf,
start_task=,name=potrf,tick=1,start_time=767174.184669,nthreads=66,
message=tick stats,tick=1,estimated_current_power=70.622727,
end_task=,name=potrf,elapsed_seconds=0.270757,predicted_seconds=0.057104,time_percent_error=78.909352,nthreads=66,end_time=767174.456466,avg_power_W=188.400000,max_power_W=246.000000,avg_time_s=0.270757,released_listeners=5,
start_task=,name=trsm,tick=2,start_time=767174.456522,nthreads=14,
start_task=,name=trsm,tick=2,start_time=767174.456552,nthreads=13,
start_task=,name=trsm,tick=2,start_time=767174.456577,nthreads=13,
start_task=,name=trsm,tick=2,start_time=767174.456935,nthreads=13,
start_task=,name=trsm,tick=2,start_time=767174.456991,nthreads=13,
message=tick stats,tick=2,estimated_current_power=159.872828,
end_task=,name=trsm,elapsed_seconds=0.080593,predicted_seconds=0.058493,time_percent_error=27.422441,nthreads=14,end_time=767174.549069,avg_power_W=185.285714,max_power_W=246.000000,avg_time_s=0.080593,released_listeners=5,
start_task=,name=syrk,tick=3,start_time=767174.549109,nthreads=14,
message=tick stats,tick=3,estimated_current_power=152.549596,
end_task=,name=trsm,elapsed_seconds=0.094709,predicted_seconds=0.063077,time_percent_error=33.398839,nthreads=13,end_time=767174.569615,avg_power_W=185.285714,max_power_W=246.000000,avg_time_s=0.094709,released_listeners=5,
start_task=,name=gemm,tick=4,start_time=767174.569662,nthreads=7,
start_task=,name=syrk,tick=4,start_time=767174.569688,nthreads=6,
message=tick stats,tick=4,estimated_current_power=151.568573,
end_task=,name=trsm,elapsed_seconds=0.096659,predicted_seconds=0.063077,time_percent_error=34.742120,nthreads=13,end_time=767174.569978,avg_power_W=185.285714,max_power_W=246.000000,avg_time_s=0.096659,released_listeners=5,
start_task=,name=gemm,tick=5,start_time=767174.570006,nthreads=5,
start_task=,name=syrk,tick=5,start_time=767174.570024,nthreads=4,
start_task=,name=gemm,tick=5,start_time=767174.570041,nthreads=4,
message=tick stats,tick=5,estimated_current_power=165.131133,
end_task=,name=trsm,elapsed_seconds=0.105037,predicted_seconds=0.063077,time_percent_error=39.947760,nthreads=13,end_time=767174.576363,avg_power_W=185.285714,max_power_W=246.000000,avg_time_s=0.105037,released_listeners=5,
start_task=,name=gemm,tick=6,start_time=767174.576398,nthreads=4,
start_task=,name=gemm,tick=6,start_time=767174.576424,nthreads=3,
start_task=,name=syrk,tick=6,start_time=767174.576474,nthreads=3,
start_task=,name=gemm,tick=6,start_time=767174.576542,nthreads=3,
message=tick stats,tick=6,estimated_current_power=192.585271,
end_task=,name=trsm,elapsed_seconds=0.110017,predicted_seconds=0.063077,time_percent_error=42.665826,nthreads=13,end_time=767174.576621,avg_power_W=185.285714,max_power_W=246.000000,avg_time_s=0.110017,released_listeners=5,
start_task=,name=gemm,tick=7,start_time=767174.576674,nthreads=3,
start_task=,name=gemm,tick=7,start_time=767174.576695,nthreads=3,
start_task=,name=gemm,tick=7,start_time=767174.576741,nthreads=3,
start_task=,name=syrk,tick=7,start_time=767174.577039,nthreads=2,
start_task=,name=gemm,tick=7,start_time=767174.577081,nthreads=2,
message=tick stats,tick=7,estimated_current_power=233.902908,
end_task=,name=syrk,elapsed_seconds=0.342841,predicted_seconds=0.112024,time_percent_error=67.324690,nthreads=14,end_time=767174.899075,avg_power_W=176.928571,max_power_W=246.000000,avg_time_s=0.342841,released_listeners=1,
end_task=,name=gemm,elapsed_seconds=0.518299,predicted_seconds=0.358185,time_percent_error=30.892294,nthreads=7,end_time=767175.099418,avg_power_W=173.611111,max_power_W=246.000000,avg_time_s=0.518299,released_listeners=0,
end_task=,name=syrk,elapsed_seconds=0.593451,predicted_seconds=0.259482,time_percent_error=56.275671,nthreads=6,end_time=767175.164409,avg_power_W=173.421053,max_power_W=246.000000,avg_time_s=0.593451,released_listeners=1,
end_task=,name=gemm,elapsed_seconds=0.601559,predicted_seconds=0.359822,time_percent_error=40.185085,nthreads=5,end_time=767175.172198,avg_power_W=173.421053,max_power_W=246.000000,avg_time_s=0.601559,released_listeners=1,
end_task=,name=gemm,elapsed_seconds=0.599339,predicted_seconds=0.386206,time_percent_error=35.561285,nthreads=4,end_time=767175.176409,avg_power_W=173.421053,max_power_W=246.000000,avg_time_s=0.599339,released_listeners=1,
end_task=,name=syrk,elapsed_seconds=0.617831,predicted_seconds=0.283145,time_percent_error=54.171194,nthreads=4,end_time=767175.199235,avg_power_W=173.750000,max_power_W=246.000000,avg_time_s=0.617831,released_listeners=1,
start_task=,name=potrf,tick=8,start_time=767175.199266,nthreads=40,
message=tick stats,tick=8,estimated_current_power=184.228139,
end_task=,name=potrf,elapsed_seconds=0.118750,predicted_seconds=0.062090,time_percent_error=47.713937,nthreads=40,end_time=767175.318610,avg_power_W=174.454545,max_power_W=246.000000,avg_time_s=0.118750,released_listeners=4,
start_task=,name=trsm,tick=9,start_time=767175.318641,nthreads=20,
start_task=,name=trsm,tick=9,start_time=767175.318662,nthreads=20,
message=tick stats,tick=9,estimated_current_power=217.161473,
end_task=,name=gemm,elapsed_seconds=0.799342,predicted_seconds=0.364939,time_percent_error=54.345017,nthreads=3,end_time=767175.376706,avg_power_W=175.434783,max_power_W=246.000000,avg_time_s=0.799342,released_listeners=0,
end_task=,name=trsm,elapsed_seconds=0.061103,predicted_seconds=0.045104,time_percent_error=26.183061,nthreads=20,end_time=767175.380491,avg_power_W=175.434783,max_power_W=246.000000,avg_time_s=0.061103,released_listeners=4,
start_task=,name=syrk,tick=10,start_time=767175.380520,nthreads=23,
message=tick stats,tick=10,estimated_current_power=194.277706,
end_task=,name=trsm,elapsed_seconds=0.066135,predicted_seconds=0.045104,time_percent_error=31.799680,nthreads=20,end_time=767175.399880,avg_power_W=176.375000,max_power_W=246.000000,avg_time_s=0.066135,released_listeners=4,
start_task=,name=gemm,tick=11,start_time=767175.399909,nthreads=20,
message=tick stats,tick=11,estimated_current_power=189.809903,
end_task=,name=gemm,elapsed_seconds=0.837139,predicted_seconds=0.364939,time_percent_error=56.406347,nthreads=3,end_time=767175.414959,avg_power_W=176.375000,max_power_W=246.000000,avg_time_s=0.837139,released_listeners=1,
start_task=,name=trsm,tick=12,start_time=767175.414982,nthreads=3,
message=tick stats,tick=12,estimated_current_power=192.183627,
end_task=,name=gemm,elapsed_seconds=0.852535,predicted_seconds=0.364939,time_percent_error=57.193607,nthreads=3,end_time=767175.430578,avg_power_W=176.375000,max_power_W=246.000000,avg_time_s=0.852535,released_listeners=0,
end_task=,name=gemm,elapsed_seconds=0.874613,predicted_seconds=0.386206,time_percent_error=55.842588,nthreads=4,end_time=767175.449792,avg_power_W=177.520000,max_power_W=246.000000,avg_time_s=0.874613,released_listeners=1,
end_task=,name=gemm,elapsed_seconds=0.863960,predicted_seconds=0.364939,time_percent_error=57.759713,nthreads=3,end_time=767175.449825,avg_power_W=177.520000,max_power_W=246.000000,avg_time_s=0.863960,released_listeners=0,
start_task=,name=trsm,tick=13,start_time=767175.449846,nthreads=10,
message=tick stats,tick=13,estimated_current_power=174.759994,
end_task=,name=gemm,elapsed_seconds=0.915360,predicted_seconds=0.364939,time_percent_error=60.131599,nthreads=3,end_time=767175.499569,avg_power_W=177.615385,max_power_W=246.000000,avg_time_s=0.915360,released_listeners=0,
end_task=,name=syrk,elapsed_seconds=0.126039,predicted_seconds=0.071960,time_percent_error=42.906298,nthreads=23,end_time=767175.511146,avg_power_W=177.615385,max_power_W=246.000000,avg_time_s=0.126039,released_listeners=1,
end_task=,name=gemm,elapsed_seconds=0.135970,predicted_seconds=0.086928,time_percent_error=36.068469,nthreads=20,end_time=767175.549649,avg_power_W=177.962963,max_power_W=246.000000,avg_time_s=0.135970,released_listeners=0,
end_task=,name=trsm,elapsed_seconds=0.070211,predicted_seconds=0.074796,time_percent_error=6.529705,nthreads=10,end_time=767175.549680,avg_power_W=177.962963,max_power_W=246.000000,avg_time_s=0.070211,released_listeners=4,
start_task=,name=syrk,tick=14,start_time=767175.549705,nthreads=19,
start_task=,name=gemm,tick=14,start_time=767175.549726,nthreads=19,
start_task=,name=gemm,tick=14,start_time=767175.549751,nthreads=18,
message=tick stats,tick=14,estimated_current_power=155.913693,
end_task=,name=trsm,elapsed_seconds=0.205351,predicted_seconds=0.204505,time_percent_error=0.412388,nthreads=3,end_time=767175.620834,avg_power_W=178.571429,max_power_W=246.000000,avg_time_s=0.205351,released_listeners=4,
start_task=,name=gemm,tick=15,start_time=767175.620863,nthreads=1,
start_task=,name=gemm,tick=15,start_time=767175.620882,nthreads=1,
start_task=,name=gemm,tick=15,start_time=767175.620898,nthreads=1,
message=tick stats,tick=15,estimated_current_power=173.193427,
end_task=,name=syrk,elapsed_seconds=0.172541,predicted_seconds=0.078617,time_percent_error=54.436068,nthreads=19,end_time=767175.722779,avg_power_W=178.033333,max_power_W=246.000000,avg_time_s=0.172541,released_listeners=1,
start_task=,name=potrf,tick=16,start_time=767175.722810,nthreads=19,
message=tick stats,tick=16,estimated_current_power=174.539134,
end_task=,name=gemm,elapsed_seconds=1.154565,predicted_seconds=0.523133,time_percent_error=54.690039,nthreads=2,end_time=767175.732229,avg_power_W=178.033333,max_power_W=246.000000,avg_time_s=1.154565,released_listeners=0,
end_task=,name=gemm,elapsed_seconds=0.185529,predicted_seconds=0.098751,time_percent_error=46.772939,nthreads=19,end_time=767175.749535,avg_power_W=178.419355,max_power_W=246.000000,avg_time_s=0.185529,released_listeners=1,
end_task=,name=gemm,elapsed_seconds=0.194500,predicted_seconds=0.099029,time_percent_error=49.085381,nthreads=18,end_time=767175.749566,avg_power_W=178.419355,max_power_W=246.000000,avg_time_s=0.194500,released_listeners=1,
end_task=,name=syrk,elapsed_seconds=1.216312,predicted_seconds=0.764859,time_percent_error=37.116550,nthreads=3,end_time=767175.798940,avg_power_W=178.968750,max_power_W=246.000000,avg_time_s=1.216312,released_listeners=1,
start_task=,name=syrk,tick=17,start_time=767175.798972,nthreads=42,
message=tick stats,tick=17,estimated_current_power=137.551038,
end_task=,name=potrf,elapsed_seconds=0.131211,predicted_seconds=0.078489,time_percent_error=40.181008,nthreads=19,end_time=767175.865834,avg_power_W=178.333333,max_power_W=246.000000,avg_time_s=0.131211,released_listeners=3,
start_task=,name=trsm,tick=18,start_time=767175.865860,nthreads=10,
start_task=,name=trsm,tick=18,start_time=767175.865879,nthreads=9,
message=tick stats,tick=18,estimated_current_power=160.260381,
end_task=,name=syrk,elapsed_seconds=0.107243,predicted_seconds=0.052226,time_percent_error=51.301033,nthreads=42,end_time=767175.906776,avg_power_W=177.705882,max_power_W=246.000000,avg_time_s=0.107243,released_listeners=1,
end_task=,name=trsm,elapsed_seconds=0.089649,predicted_seconds=0.074796,time_percent_error=16.567863,nthreads=10,end_time=767175.956062,avg_power_W=177.857143,max_power_W=246.000000,avg_time_s=0.089649,released_listeners=3,
start_task=,name=syrk,tick=19,start_time=767175.956089,nthreads=52,
message=tick stats,tick=19,estimated_current_power=143.080280,
end_task=,name=syrk,elapsed_seconds=1.411314,predicted_seconds=0.782142,time_percent_error=44.580577,nthreads=2,end_time=767175.999176,avg_power_W=177.833333,max_power_W=246.000000,avg_time_s=1.411314,released_listeners=1,
start_task=,name=syrk,tick=20,start_time=767175.999233,nthreads=2,
message=tick stats,tick=20,estimated_current_power=143.080280,
end_task=,name=trsm,elapsed_seconds=0.133349,predicted_seconds=0.086104,time_percent_error=35.429948,nthreads=9,end_time=767175.999787,avg_power_W=177.833333,max_power_W=246.000000,avg_time_s=0.133349,released_listeners=3,
start_task=,name=gemm,tick=21,start_time=767175.999811,nthreads=5,
start_task=,name=syrk,tick=21,start_time=767175.999829,nthreads=4,
message=tick stats,tick=21,estimated_current_power=147.166840,
end_task=,name=syrk,elapsed_seconds=0.108628,predicted_seconds=0.048533,time_percent_error=55.322386,nthreads=52,end_time=767176.065212,avg_power_W=177.729730,max_power_W=246.000000,avg_time_s=0.108628,released_listeners=1,
start_task=,name=potrf,tick=22,start_time=767176.065254,nthreads=52,
message=tick stats,tick=22,estimated_current_power=141.284415,
end_task=,name=potrf,elapsed_seconds=0.112973,predicted_seconds=0.050278,time_percent_error=55.495818,nthreads=52,end_time=767176.178837,avg_power_W=177.641026,max_power_W=246.000000,avg_time_s=0.112973,released_listeners=2,
end_task=,name=syrk,elapsed_seconds=0.390267,predicted_seconds=0.283145,time_percent_error=27.448433,nthreads=4,end_time=767176.398979,avg_power_W=175.840909,max_power_W=246.000000,avg_time_s=0.390267,released_listeners=1,
end_task=,name=gemm,elapsed_seconds=0.553696,predicted_seconds=0.359822,time_percent_error=35.014490,nthreads=5,end_time=767176.554361,avg_power_W=173.680851,max_power_W=246.000000,avg_time_s=0.553696,released_listeners=1,
start_task=,name=trsm,tick=23,start_time=767176.554387,nthreads=61,
message=tick stats,tick=23,estimated_current_power=130.197149,
end_task=,name=trsm,elapsed_seconds=0.055431,predicted_seconds=0.030280,time_percent_error=45.373320,nthreads=61,end_time=767176.610355,avg_power_W=172.958333,max_power_W=246.000000,avg_time_s=0.055431,released_listeners=2,
start_task=,name=syrk,tick=24,start_time=767176.610388,nthreads=61,
message=tick stats,tick=24,estimated_current_power=130.765533,
end_task=,name=syrk,elapsed_seconds=0.099210,predicted_seconds=0.043019,time_percent_error=56.638069,nthreads=61,end_time=767176.710097,avg_power_W=172.620000,max_power_W=246.000000,avg_time_s=0.099210,released_listeners=1,
end_task=,name=gemm,elapsed_seconds=1.125569,predicted_seconds=0.957383,time_percent_error=14.942347,nthreads=1,end_time=767176.757213,avg_power_W=172.254902,max_power_W=246.000000,avg_time_s=1.125569,released_listeners=0,
end_task=,name=gemm,elapsed_seconds=1.146215,predicted_seconds=0.957383,time_percent_error=16.474471,nthreads=1,end_time=767176.767658,avg_power_W=172.254902,max_power_W=246.000000,avg_time_s=1.146215,released_listeners=0,
end_task=,name=gemm,elapsed_seconds=1.214928,predicted_seconds=0.957383,time_percent_error=21.198425,nthreads=1,end_time=767176.849211,avg_power_W=171.641509,max_power_W=246.000000,avg_time_s=1.214928,released_listeners=1,
start_task=,name=trsm,tick=25,start_time=767176.849237,nthreads=64,
message=tick stats,tick=25,estimated_current_power=96.831944,
end_task=,name=trsm,elapsed_seconds=0.043436,predicted_seconds=0.029384,time_percent_error=32.351767,nthreads=64,end_time=767176.900281,avg_power_W=170.925926,max_power_W=246.000000,avg_time_s=0.043436,released_listeners=3,
start_task=,name=gemm,tick=26,start_time=767176.900306,nthreads=32,
start_task=,name=gemm,tick=26,start_time=767176.900323,nthreads=32,
message=tick stats,tick=26,estimated_current_power=123.036944,
end_task=,name=gemm,elapsed_seconds=0.085478,predicted_seconds=0.057073,time_percent_error=33.230460,nthreads=32,end_time=767176.999295,avg_power_W=170.339286,max_power_W=246.000000,avg_time_s=0.085478,released_listeners=1,
start_task=,name=trsm,tick=27,start_time=767176.999348,nthreads=32,
message=tick stats,tick=27,estimated_current_power=123.588081,
end_task=,name=gemm,elapsed_seconds=0.117452,predicted_seconds=0.057073,time_percent_error=51.407102,nthreads=32,end_time=767177.020185,avg_power_W=170.339286,max_power_W=246.000000,avg_time_s=0.117452,released_listeners=0,
end_task=,name=syrk,elapsed_seconds=1.040376,predicted_seconds=0.782142,time_percent_error=24.821222,nthreads=2,end_time=767177.049270,avg_power_W=170.666667,max_power_W=246.000000,avg_time_s=1.040376,released_listeners=1,
start_task=,name=syrk,tick=28,start_time=767177.049314,nthreads=34,
message=tick stats,tick=28,estimated_current_power=104.766667,
end_task=,name=trsm,elapsed_seconds=0.057574,predicted_seconds=0.034906,time_percent_error=39.372009,nthreads=32,end_time=767177.063649,avg_power_W=170.666667,max_power_W=246.000000,avg_time_s=0.057574,released_listeners=2,
start_task=,name=gemm,tick=29,start_time=767177.063669,nthreads=32,
message=tick stats,tick=29,estimated_current_power=104.215530,
end_task=,name=gemm,elapsed_seconds=0.103173,predicted_seconds=0.057073,time_percent_error=44.681568,nthreads=32,end_time=767177.168175,avg_power_W=170.762712,max_power_W=246.000000,avg_time_s=0.103173,released_listeners=1,
end_task=,name=syrk,elapsed_seconds=0.126939,predicted_seconds=0.054281,time_percent_error=57.238753,nthreads=34,end_time=767177.176983,avg_power_W=170.762712,max_power_W=246.000000,avg_time_s=0.126939,released_listeners=1,
start_task=,name=syrk,tick=30,start_time=767177.177039,nthreads=66,
message=tick stats,tick=30,estimated_current_power=84.629697,
end_task=,name=syrk,elapsed_seconds=0.075828,predicted_seconds=0.042988,time_percent_error=43.308355,nthreads=66,end_time=767177.253495,avg_power_W=170.819672,max_power_W=246.000000,avg_time_s=0.075828,released_listeners=1,
start_task=,name=potrf,tick=31,start_time=767177.253557,nthreads=66,
message=tick stats,tick=31,estimated_current_power=70.622727,
end_task=,name=potrf,elapsed_seconds=0.070677,predicted_seconds=0.057104,time_percent_error=19.203287,nthreads=66,end_time=767177.325316,avg_power_W=170.596774,max_power_W=246.000000,avg_time_s=0.070677,released_listeners=1,
start_task=,name=trsm,tick=32,start_time=767177.325378,nthreads=66,
message=tick stats,tick=32,estimated_current_power=86.552121,
end_task=,name=trsm,elapsed_seconds=0.036435,predicted_seconds=0.026865,time_percent_error=26.267030,nthreads=66,end_time=767177.362456,avg_power_W=170.587302,max_power_W=246.000000,avg_time_s=0.036435,released_listeners=1,
start_task=,name=syrk,tick=33,start_time=767177.362515,nthreads=66,
message=tick stats,tick=33,estimated_current_power=84.629697,
end_task=,name=syrk,elapsed_seconds=0.074605,predicted_seconds=0.042988,time_percent_error=42.379617,nthreads=66,end_time=767177.449289,avg_power_W=170.907692,max_power_W=246.000000,avg_time_s=0.074605,released_listeners=1,
start_task=,name=potrf,tick=34,start_time=767177.449354,nthreads=66,
message=tick stats,tick=34,estimated_current_power=70.622727,
end_task=,name=potrf,elapsed_seconds=0.066788,predicted_seconds=0.057104,time_percent_error=14.498895,nthreads=66,end_time=767177.516793,avg_power_W=170.969697,max_power_W=246.000000,avg_time_s=0.066788,released_listeners=0,
average_power_W=170.969697,
max_power_W=246.000000,
time_s=3.332319,
message=ALL DONE,
