message=cataloging configuration,max_threads=100,power_limit=inf,
start_task=,name=potrf,tick=1,start_time=766371.846938,nthreads=100,
message=tick stats,tick=1,estimated_current_power=37.990151,
end_task=,name=potrf,elapsed_seconds=0.349735,predicted_seconds=0.187589,time_percent_error=46.362506,nthreads=100,end_time=766372.210315,avg_power_W=179.857143,max_power_W=246.000000,avg_time_s=0.349735,released_listeners=5,
start_task=,name=trsm,tick=2,start_time=766372.210381,nthreads=20,
start_task=,name=trsm,tick=2,start_time=766372.210416,nthreads=20,
start_task=,name=trsm,tick=2,start_time=766372.210442,nthreads=20,
start_task=,name=trsm,tick=2,start_time=766372.210518,nthreads=20,
start_task=,name=trsm,tick=2,start_time=766372.211058,nthreads=20,
message=tick stats,tick=2,estimated_current_power=212.280303,
end_task=,name=trsm,elapsed_seconds=0.065046,predicted_seconds=0.045104,time_percent_error=30.657674,nthreads=20,end_time=766372.276600,avg_power_W=176.125000,max_power_W=246.000000,avg_time_s=0.065046,released_listeners=5,
start_task=,name=syrk,tick=3,start_time=766372.276674,nthreads=20,
message=tick stats,tick=3,estimated_current_power=204.073637,
end_task=,name=trsm,elapsed_seconds=0.098004,predicted_seconds=0.045104,time_percent_error=53.976900,nthreads=20,end_time=766372.311865,avg_power_W=178.444444,max_power_W=246.000000,avg_time_s=0.098004,released_listeners=5,
start_task=,name=gemm,tick=4,start_time=766372.311915,nthreads=10,
start_task=,name=syrk,tick=4,start_time=766372.311944,nthreads=10,
message=tick stats,tick=4,estimated_current_power=204.444373,
end_task=,name=trsm,elapsed_seconds=0.071694,predicted_seconds=0.045104,time_percent_error=37.087574,nthreads=20,end_time=766372.311965,avg_power_W=178.444444,max_power_W=246.000000,avg_time_s=0.071694,released_listeners=5,
end_task=,name=trsm,elapsed_seconds=0.099611,predicted_seconds=0.045104,time_percent_error=54.719326,nthreads=20,end_time=766372.311986,avg_power_W=178.444444,max_power_W=246.000000,avg_time_s=0.099611,released_listeners=5,
start_task=,name=gemm,tick=5,start_time=766372.312009,nthreads=6,
start_task=,name=gemm,tick=5,start_time=766372.312029,nthreads=6,
start_task=,name=syrk,tick=5,start_time=766372.312065,nthreads=6,
start_task=,name=gemm,tick=5,start_time=766372.312102,nthreads=6,
start_task=,name=gemm,tick=5,start_time=766372.312167,nthreads=6,
start_task=,name=syrk,tick=5,start_time=766372.312245,nthreads=5,
start_task=,name=gemm,tick=5,start_time=766372.312319,nthreads=5,
message=tick stats,tick=5,estimated_current_power=228.282129,
end_task=,name=trsm,elapsed_seconds=0.092229,predicted_seconds=0.045104,time_percent_error=51.095050,nthreads=20,end_time=766372.312421,avg_power_W=178.444444,max_power_W=246.000000,avg_time_s=0.092229,released_listeners=5,
start_task=,name=gemm,tick=6,start_time=766372.312468,nthreads=4,
start_task=,name=gemm,tick=6,start_time=766372.312503,nthreads=4,
start_task=,name=syrk,tick=6,start_time=766372.312598,nthreads=4,
start_task=,name=gemm,tick=6,start_time=766372.312671,nthreads=4,
start_task=,name=gemm,tick=6,start_time=766372.312716,nthreads=4,
message=tick stats,tick=6,estimated_current_power=258.472595,
end_task=,name=syrk,elapsed_seconds=0.263299,predicted_seconds=0.073902,time_percent_error=71.932192,nthreads=20,end_time=766372.540483,avg_power_W=175.000000,max_power_W=246.000000,avg_time_s=0.263299,released_listeners=1,
end_task=,name=gemm,elapsed_seconds=0.360858,predicted_seconds=0.192113,time_percent_error=46.762133,nthreads=10,end_time=766372.673539,avg_power_W=175.312500,max_power_W=246.000000,avg_time_s=0.360858,released_listeners=0,
end_task=,name=syrk,elapsed_seconds=0.472659,predicted_seconds=0.259482,time_percent_error=45.101532,nthreads=6,end_time=766372.786135,avg_power_W=176.111111,max_power_W=246.000000,avg_time_s=0.472659,released_listeners=1,
end_task=,name=syrk,elapsed_seconds=0.578013,predicted_seconds=0.149228,time_percent_error=74.182667,nthreads=10,end_time=766372.890559,avg_power_W=177.250000,max_power_W=246.000000,avg_time_s=0.578013,released_listeners=1,
end_task=,name=syrk,elapsed_seconds=0.610774,predicted_seconds=0.283145,time_percent_error=53.641647,nthreads=4,end_time=766372.924061,avg_power_W=177.857143,max_power_W=246.000000,avg_time_s=0.610774,released_listeners=1,
end_task=,name=gemm,elapsed_seconds=0.619975,predicted_seconds=0.354704,time_percent_error=42.787459,nthreads=6,end_time=766372.932512,avg_power_W=177.857143,max_power_W=246.000000,avg_time_s=0.619975,released_listeners=0,
end_task=,name=syrk,elapsed_seconds=0.631514,predicted_seconds=0.269296,time_percent_error=57.357012,nthreads=5,end_time=766372.944585,avg_power_W=177.857143,max_power_W=246.000000,avg_time_s=0.631514,released_listeners=1,
start_task=,name=potrf,tick=7,start_time=766372.944622,nthreads=61,
message=tick stats,tick=7,estimated_current_power=187.883352,
end_task=,name=gemm,elapsed_seconds=0.655718,predicted_seconds=0.386206,time_percent_error=41.101761,nthreads=4,end_time=766372.969183,avg_power_W=178.227273,max_power_W=246.000000,avg_time_s=0.655718,released_listeners=1,
end_task=,name=gemm,elapsed_seconds=0.697549,predicted_seconds=0.354704,time_percent_error=49.150015,nthreads=6,end_time=766373.010331,avg_power_W=178.304348,max_power_W=246.000000,avg_time_s=0.697549,released_listeners=1,
end_task=,name=potrf,elapsed_seconds=0.128514,predicted_seconds=0.046642,time_percent_error=63.706866,nthreads=61,end_time=766373.075975,avg_power_W=178.833333,max_power_W=246.000000,avg_time_s=0.128514,released_listeners=4,
start_task=,name=trsm,tick=8,start_time=766373.076013,nthreads=36,
start_task=,name=trsm,tick=8,start_time=766373.076039,nthreads=35,
message=tick stats,tick=8,estimated_current_power=207.686623,
end_task=,name=gemm,elapsed_seconds=0.771569,predicted_seconds=0.359822,time_percent_error=53.364908,nthreads=5,end_time=766373.085716,avg_power_W=178.833333,max_power_W=246.000000,avg_time_s=0.771569,released_listeners=1,
start_task=,name=trsm,tick=9,start_time=766373.085741,nthreads=5,
message=tick stats,tick=9,estimated_current_power=212.010709,
end_task=,name=gemm,elapsed_seconds=0.801184,predicted_seconds=0.354704,time_percent_error=55.727558,nthreads=6,end_time=766373.114562,avg_power_W=179.440000,max_power_W=246.000000,avg_time_s=0.801184,released_listeners=1,
start_task=,name=trsm,tick=10,start_time=766373.114589,nthreads=6,
message=tick stats,tick=10,estimated_current_power=218.206748,
end_task=,name=trsm,elapsed_seconds=0.059702,predicted_seconds=0.034897,time_percent_error=41.547175,nthreads=35,end_time=766373.161255,avg_power_W=180.230769,max_power_W=246.000000,avg_time_s=0.059702,released_listeners=4,
start_task=,name=syrk,tick=11,start_time=766373.161298,nthreads=35,
message=tick stats,tick=11,estimated_current_power=209.622606,
end_task=,name=gemm,elapsed_seconds=0.838761,predicted_seconds=0.354704,time_percent_error=57.711029,nthreads=6,end_time=766373.161324,avg_power_W=180.230769,max_power_W=246.000000,avg_time_s=0.838761,released_listeners=0,
end_task=,name=gemm,elapsed_seconds=0.823910,predicted_seconds=0.386206,time_percent_error=53.125158,nthreads=4,end_time=766373.161348,avg_power_W=180.230769,max_power_W=246.000000,avg_time_s=0.823910,released_listeners=0,
end_task=,name=gemm,elapsed_seconds=0.833117,predicted_seconds=0.386206,time_percent_error=53.643206,nthreads=4,end_time=766373.161373,avg_power_W=180.230769,max_power_W=246.000000,avg_time_s=0.833117,released_listeners=0,
end_task=,name=trsm,elapsed_seconds=0.085209,predicted_seconds=0.032689,time_percent_error=61.636663,nthreads=36,end_time=766373.162413,avg_power_W=180.230769,max_power_W=246.000000,avg_time_s=0.085209,released_listeners=4,
start_task=,name=syrk,tick=12,start_time=766373.162443,nthreads=25,
start_task=,name=gemm,tick=12,start_time=766373.162464,nthreads=25,
message=tick stats,tick=12,estimated_current_power=188.568388,
end_task=,name=gemm,elapsed_seconds=0.879943,predicted_seconds=0.386206,time_percent_error=56.110087,nthreads=4,end_time=766373.193977,avg_power_W=180.230769,max_power_W=246.000000,avg_time_s=0.879943,released_listeners=0,
end_task=,name=trsm,elapsed_seconds=0.148242,predicted_seconds=0.135833,time_percent_error=8.370504,nthreads=5,end_time=766373.234988,avg_power_W=180.148148,max_power_W=246.000000,avg_time_s=0.148242,released_listeners=4,
start_task=,name=syrk,tick=13,start_time=766373.235020,nthreads=3,
start_task=,name=gemm,tick=13,start_time=766373.235040,nthreads=3,
start_task=,name=gemm,tick=13,start_time=766373.235057,nthreads=3,
message=tick stats,tick=13,estimated_current_power=199.135234,
end_task=,name=gemm,elapsed_seconds=0.143872,predicted_seconds=0.071899,time_percent_error=50.025804,nthreads=25,end_time=766373.314536,avg_power_W=180.827586,max_power_W=246.000000,avg_time_s=0.143872,released_listeners=0,
end_task=,name=trsm,elapsed_seconds=0.157136,predicted_seconds=0.111110,time_percent_error=29.290339,nthreads=6,end_time=766373.314571,avg_power_W=180.827586,max_power_W=246.000000,avg_time_s=0.157136,released_listeners=4,
start_task=,name=gemm,tick=14,start_time=766373.314594,nthreads=8,
start_task=,name=gemm,tick=14,start_time=766373.314613,nthreads=8,
start_task=,name=gemm,tick=14,start_time=766373.314632,nthreads=8,
start_task=,name=syrk,tick=14,start_time=766373.314649,nthreads=7,
message=tick stats,tick=14,estimated_current_power=216.297962,
end_task=,name=syrk,elapsed_seconds=0.165246,predicted_seconds=0.054106,time_percent_error=67.256933,nthreads=35,end_time=766373.380573,avg_power_W=180.733333,max_power_W=246.000000,avg_time_s=0.165246,released_listeners=1,
end_task=,name=syrk,elapsed_seconds=0.238385,predicted_seconds=0.067427,time_percent_error=71.715014,nthreads=25,end_time=766373.410626,avg_power_W=180.387097,max_power_W=246.000000,avg_time_s=0.238385,released_listeners=1,
end_task=,name=gemm,elapsed_seconds=0.373410,predicted_seconds=0.192999,time_percent_error=48.314551,nthreads=8,end_time=766373.688721,avg_power_W=178.138889,max_power_W=246.000000,avg_time_s=0.373410,released_listeners=1,
end_task=,name=gemm,elapsed_seconds=0.435688,predicted_seconds=0.192999,time_percent_error=55.702562,nthreads=8,end_time=766373.760628,avg_power_W=177.894737,max_power_W=246.000000,avg_time_s=0.435688,released_listeners=0,
end_task=,name=gemm,elapsed_seconds=0.457662,predicted_seconds=0.192999,time_percent_error=57.829453,nthreads=8,end_time=766373.772829,avg_power_W=177.894737,max_power_W=246.000000,avg_time_s=0.457662,released_listeners=0,
end_task=,name=syrk,elapsed_seconds=0.466867,predicted_seconds=0.256580,time_percent_error=45.042133,nthreads=7,end_time=766373.782123,avg_power_W=177.894737,max_power_W=246.000000,avg_time_s=0.466867,released_listeners=1,
end_task=,name=gemm,elapsed_seconds=0.651041,predicted_seconds=0.364939,time_percent_error=43.945227,nthreads=3,end_time=766373.886966,avg_power_W=176.700000,max_power_W=246.000000,avg_time_s=0.651041,released_listeners=1,
end_task=,name=gemm,elapsed_seconds=0.764262,predicted_seconds=0.364939,time_percent_error=52.249456,nthreads=3,end_time=766374.010890,avg_power_W=174.093023,max_power_W=246.000000,avg_time_s=0.764262,released_listeners=1,
end_task=,name=syrk,elapsed_seconds=0.942733,predicted_seconds=0.764859,time_percent_error=18.867921,nthreads=3,end_time=766374.178435,avg_power_W=171.391304,max_power_W=246.000000,avg_time_s=0.942733,released_listeners=1,
start_task=,name=potrf,tick=15,start_time=766374.178472,nthreads=100,
message=tick stats,tick=15,estimated_current_power=37.990151,
end_task=,name=potrf,elapsed_seconds=0.081740,predicted_seconds=0.187589,time_percent_error=129.493882,nthreads=100,end_time=766374.261085,avg_power_W=170.583333,max_power_W=246.000000,avg_time_s=0.081740,released_listeners=3,
start_task=,name=trsm,tick=16,start_time=766374.261146,nthreads=34,
start_task=,name=trsm,tick=16,start_time=766374.261191,nthreads=33,
start_task=,name=trsm,tick=16,start_time=766374.261225,nthreads=33,
message=tick stats,tick=16,estimated_current_power=172.584243,
end_task=,name=trsm,elapsed_seconds=0.069150,predicted_seconds=0.033511,time_percent_error=51.539010,nthreads=34,end_time=766374.330902,avg_power_W=170.469388,max_power_W=246.000000,avg_time_s=0.069150,released_listeners=3,
start_task=,name=syrk,tick=17,start_time=766374.330929,nthreads=34,
message=tick stats,tick=17,estimated_current_power=163.109091,
end_task=,name=trsm,elapsed_seconds=0.073202,predicted_seconds=0.034472,time_percent_error=52.908363,nthreads=33,end_time=766374.340293,avg_power_W=170.469388,max_power_W=246.000000,avg_time_s=0.073202,released_listeners=3,
start_task=,name=gemm,tick=18,start_time=766374.340346,nthreads=17,
start_task=,name=syrk,tick=18,start_time=766374.340377,nthreads=16,
message=tick stats,tick=18,estimated_current_power=170.626010,
end_task=,name=trsm,elapsed_seconds=0.073148,predicted_seconds=0.034472,time_percent_error=52.874004,nthreads=33,end_time=766374.340408,avg_power_W=170.469388,max_power_W=246.000000,avg_time_s=0.073148,released_listeners=3,
start_task=,name=gemm,tick=19,start_time=766374.340437,nthreads=11,
start_task=,name=syrk,tick=19,start_time=766374.340460,nthreads=11,
start_task=,name=gemm,tick=19,start_time=766374.340501,nthreads=11,
message=tick stats,tick=19,estimated_current_power=178.198738,
end_task=,name=syrk,elapsed_seconds=0.193619,predicted_seconds=0.054281,time_percent_error=71.965238,nthreads=34,end_time=766374.525094,avg_power_W=170.867925,max_power_W=246.000000,avg_time_s=0.193619,released_listeners=1,
start_task=,name=potrf,tick=20,start_time=766374.525131,nthreads=34,
message=tick stats,tick=20,estimated_current_power=177.136111,
end_task=,name=gemm,elapsed_seconds=0.202158,predicted_seconds=0.099553,time_percent_error=50.754729,nthreads=17,end_time=766374.561414,avg_power_W=171.314815,max_power_W=246.000000,avg_time_s=0.202158,released_listeners=1,
end_task=,name=syrk,elapsed_seconds=0.256598,predicted_seconds=0.079229,time_percent_error=69.123278,nthreads=16,end_time=766374.610570,avg_power_W=171.490909,max_power_W=246.000000,avg_time_s=0.256598,released_listeners=1,
end_task=,name=potrf,elapsed_seconds=0.116488,predicted_seconds=0.062757,time_percent_error=46.125842,nthreads=34,end_time=766374.642166,avg_power_W=171.490909,max_power_W=246.000000,avg_time_s=0.116488,released_listeners=2,
start_task=,name=trsm,tick=21,start_time=766374.642204,nthreads=67,
message=tick stats,tick=21,estimated_current_power=150.126667,
end_task=,name=syrk,elapsed_seconds=0.308034,predicted_seconds=0.146136,time_percent_error=52.558526,nthreads=11,end_time=766374.660640,avg_power_W=171.714286,max_power_W=246.000000,avg_time_s=0.308034,released_listeners=1,
end_task=,name=trsm,elapsed_seconds=0.040076,predicted_seconds=0.027687,time_percent_error=30.912948,nthreads=67,end_time=766374.682888,avg_power_W=171.714286,max_power_W=246.000000,avg_time_s=0.040076,released_listeners=2,
start_task=,name=syrk,tick=22,start_time=766374.682979,nthreads=78,
message=tick stats,tick=22,estimated_current_power=130.791414,
end_task=,name=gemm,elapsed_seconds=0.354849,predicted_seconds=0.191029,time_percent_error=46.166274,nthreads=11,end_time=766374.695829,avg_power_W=171.714286,max_power_W=246.000000,avg_time_s=0.354849,released_listeners=1,
start_task=,name=trsm,tick=23,start_time=766374.695879,nthreads=11,
message=tick stats,tick=23,estimated_current_power=137.665404,
end_task=,name=gemm,elapsed_seconds=0.373436,predicted_seconds=0.191029,time_percent_error=48.845635,nthreads=11,end_time=766374.724430,avg_power_W=172.105263,max_power_W=246.000000,avg_time_s=0.373436,released_listeners=0,
end_task=,name=syrk,elapsed_seconds=0.080554,predicted_seconds=0.041257,time_percent_error=48.783970,nthreads=78,end_time=766374.764119,avg_power_W=172.017241,max_power_W=246.000000,avg_time_s=0.080554,released_listeners=1,
end_task=,name=trsm,elapsed_seconds=0.108147,predicted_seconds=0.072268,time_percent_error=33.176132,nthreads=11,end_time=766374.810859,avg_power_W=172.305085,max_power_W=246.000000,avg_time_s=0.108147,released_listeners=2,
start_task=,name=syrk,tick=24,start_time=766374.810911,nthreads=50,
start_task=,name=gemm,tick=24,start_time=766374.810955,nthreads=50,
message=tick stats,tick=24,estimated_current_power=140.352273,
end_task=,name=gemm,elapsed_seconds=0.083716,predicted_seconds=0.042287,time_percent_error=49.487312,nthreads=50,end_time=766374.895368,avg_power_W=172.016667,max_power_W=246.000000,avg_time_s=0.083716,released_listeners=1,
end_task=,name=syrk,elapsed_seconds=0.113237,predicted_seconds=0.049082,time_percent_error=56.655107,nthreads=50,end_time=766374.924901,avg_power_W=172.049180,max_power_W=246.000000,avg_time_s=0.113237,released_listeners=1,
start_task=,name=potrf,tick=25,start_time=766374.924974,nthreads=100,
message=tick stats,tick=25,estimated_current_power=37.990151,
end_task=,name=potrf,elapsed_seconds=0.079433,predicted_seconds=0.187589,time_percent_error=136.160562,nthreads=100,end_time=766375.010753,avg_power_W=172.111111,max_power_W=246.000000,avg_time_s=0.079433,released_listeners=1,
start_task=,name=trsm,tick=26,start_time=766375.010836,nthreads=100,
message=tick stats,tick=26,estimated_current_power=50.062121,
end_task=,name=trsm,elapsed_seconds=0.035146,predicted_seconds=0.047522,time_percent_error=35.214589,nthreads=100,end_time=766375.046671,avg_power_W=172.111111,max_power_W=246.000000,avg_time_s=0.035146,released_listeners=1,
start_task=,name=syrk,tick=27,start_time=766375.046736,nthreads=100,
message=tick stats,tick=27,estimated_current_power=49.975354,
end_task=,name=syrk,elapsed_seconds=0.072945,predicted_seconds=0.067561,time_percent_error=7.380444,nthreads=100,end_time=766375.120371,avg_power_W=171.984615,max_power_W=246.000000,avg_time_s=0.072945,released_listeners=1,
start_task=,name=potrf,tick=28,start_time=766375.120450,nthreads=100,
message=tick stats,tick=28,estimated_current_power=37.990151,
end_task=,name=potrf,elapsed_seconds=0.071838,predicted_seconds=0.187589,time_percent_error=161.126499,nthreads=100,end_time=766375.193037,avg_power_W=172.151515,max_power_W=246.000000,avg_time_s=0.071838,released_listeners=0,
average_power_W=172.151515,
max_power_W=246.000000,
time_s=3.346234,
message=ALL DONE,
