message=cataloging configuration,max_threads=84,power_limit=inf,
start_task=,name=potrf,tick=1,start_time=80806.799892,nthreads=61,
message=tick stats,tick=1,estimated_current_power=75.266667,
end_task=,name=potrf,elapsed_seconds=0.346196,predicted_seconds=0.046642,time_percent_error=86.527332,nthreads=61,end_time=80807.147290,avg_power_W=178.333333,max_power_W=183.000000,avg_time_s=0.346196,released_listeners=5,
start_task=,name=trsm,tick=2,start_time=80807.166852,nthreads=52,
start_task=,name=trsm,tick=2,start_time=80807.166895,nthreads=6,
start_task=,name=trsm,tick=2,start_time=80807.166919,nthreads=4,
start_task=,name=trsm,tick=2,start_time=80807.167003,nthreads=4,
start_task=,name=trsm,tick=2,start_time=80807.167067,nthreads=11,
message=tick stats,tick=2,estimated_current_power=184.033333,
end_task=,name=trsm,elapsed_seconds=0.081025,predicted_seconds=0.027002,time_percent_error=66.674287,nthreads=52,end_time=80807.248478,avg_power_W=174.000000,max_power_W=183.000000,avg_time_s=0.081025,released_listeners=5,
start_task=,name=syrk,tick=3,start_time=80807.248632,nthreads=59,
message=tick stats,tick=3,estimated_current_power=178.100000,
end_task=,name=trsm,elapsed_seconds=0.144167,predicted_seconds=0.072268,time_percent_error=49.871957,nthreads=11,end_time=80807.313952,avg_power_W=174.400000,max_power_W=183.000000,avg_time_s=0.144167,released_listeners=5,
start_task=,name=syrk,tick=4,start_time=80807.315287,nthreads=4,
start_task=,name=gemm,tick=4,start_time=80807.315329,nthreads=6,
message=tick stats,tick=4,estimated_current_power=182.233333,
end_task=,name=trsm,elapsed_seconds=0.177440,predicted_seconds=0.163510,time_percent_error=7.850099,nthreads=4,end_time=80807.387040,avg_power_W=175.727273,max_power_W=189.000000,avg_time_s=0.177440,released_listeners=5,
end_task=,name=trsm,elapsed_seconds=0.212505,predicted_seconds=0.163510,time_percent_error=23.055698,nthreads=4,end_time=80807.387088,avg_power_W=175.727273,max_power_W=189.000000,avg_time_s=0.212505,released_listeners=5,
end_task=,name=syrk,elapsed_seconds=0.137797,predicted_seconds=0.048333,time_percent_error=64.924265,nthreads=59,end_time=80807.387133,avg_power_W=175.727273,max_power_W=189.000000,avg_time_s=0.137797,released_listeners=1,
start_task=,name=gemm,tick=5,start_time=80807.392149,nthreads=4,
start_task=,name=gemm,tick=5,start_time=80807.392182,nthreads=4,
start_task=,name=gemm,tick=5,start_time=80807.392207,nthreads=9,
start_task=,name=syrk,tick=5,start_time=80807.392254,nthreads=11,
start_task=,name=gemm,tick=5,start_time=80807.392574,nthreads=4,
start_task=,name=syrk,tick=5,start_time=80807.392634,nthreads=4,
start_task=,name=potrf,tick=5,start_time=80807.392681,nthreads=20,
start_task=,name=gemm,tick=5,start_time=80807.392725,nthreads=12,
message=tick stats,tick=5,estimated_current_power=250.516667,
end_task=,name=trsm,elapsed_seconds=0.154236,predicted_seconds=0.111110,time_percent_error=27.960987,nthreads=6,end_time=80807.392778,avg_power_W=175.727273,max_power_W=189.000000,avg_time_s=0.154236,released_listeners=5,
start_task=,name=syrk,tick=6,start_time=80807.393514,nthreads=1,
start_task=,name=gemm,tick=6,start_time=80807.393544,nthreads=1,
start_task=,name=gemm,tick=6,start_time=80807.393591,nthreads=1,
start_task=,name=gemm,tick=6,start_time=80807.393692,nthreads=1,
start_task=,name=gemm,tick=6,start_time=80807.393786,nthreads=2,
message=tick stats,tick=6,estimated_current_power=300.800000,
end_task=,name=syrk,elapsed_seconds=0.412025,predicted_seconds=0.283145,time_percent_error=31.279685,nthreads=4,end_time=80807.728288,avg_power_W=171.722222,max_power_W=189.000000,avg_time_s=0.412025,released_listeners=1,
end_task=,name=gemm,elapsed_seconds=0.358124,predicted_seconds=0.194402,time_percent_error=45.716511,nthreads=9,end_time=80807.763881,avg_power_W=173.000000,max_power_W=196.000000,avg_time_s=0.358124,released_listeners=1,
end_task=,name=gemm,elapsed_seconds=0.403663,predicted_seconds=0.133884,time_percent_error=66.832803,nthreads=12,end_time=80807.797339,avg_power_W=173.000000,max_power_W=196.000000,avg_time_s=0.403663,released_listeners=1,
end_task=,name=gemm,elapsed_seconds=0.497085,predicted_seconds=0.354704,time_percent_error=28.643237,nthreads=6,end_time=80807.814405,avg_power_W=174.100000,max_power_W=196.000000,avg_time_s=0.497085,released_listeners=1,
end_task=,name=syrk,elapsed_seconds=0.411800,predicted_seconds=0.146136,time_percent_error=64.512972,nthreads=11,end_time=80807.814438,avg_power_W=174.100000,max_power_W=196.000000,avg_time_s=0.411800,released_listeners=1,
end_task=,name=potrf,elapsed_seconds=0.469309,predicted_seconds=0.062871,time_percent_error=86.603520,nthreads=20,end_time=80807.864092,avg_power_W=174.428571,max_power_W=196.000000,avg_time_s=0.469309,released_listeners=4,
start_task=,name=trsm,tick=7,start_time=80807.864554,nthreads=52,
start_task=,name=trsm,tick=7,start_time=80807.864576,nthreads=6,
start_task=,name=trsm,tick=7,start_time=80807.864593,nthreads=4,
message=tick stats,tick=7,estimated_current_power=276.433333,
end_task=,name=trsm,elapsed_seconds=0.061238,predicted_seconds=0.027002,time_percent_error=55.906456,nthreads=52,end_time=80807.926432,avg_power_W=174.363636,max_power_W=196.000000,avg_time_s=0.061238,released_listeners=4,
start_task=,name=syrk,tick=8,start_time=80807.926503,nthreads=48,
message=tick stats,tick=8,estimated_current_power=263.100000,
end_task=,name=syrk,elapsed_seconds=0.551077,predicted_seconds=0.283145,time_percent_error=48.619790,nthreads=4,end_time=80807.944599,avg_power_W=174.363636,max_power_W=196.000000,avg_time_s=0.551077,released_listeners=1,
end_task=,name=trsm,elapsed_seconds=0.122032,predicted_seconds=0.111110,time_percent_error=8.950131,nthreads=6,end_time=80807.987606,avg_power_W=175.521739,max_power_W=201.000000,avg_time_s=0.122032,released_listeners=4,
start_task=,name=gemm,tick=9,start_time=80807.987697,nthreads=9,
start_task=,name=syrk,tick=9,start_time=80807.987716,nthreads=4,
message=tick stats,tick=9,estimated_current_power=262.433333,
end_task=,name=gemm,elapsed_seconds=0.600841,predicted_seconds=0.386206,time_percent_error=35.722358,nthreads=4,end_time=80808.014109,avg_power_W=176.291667,max_power_W=201.000000,avg_time_s=0.600841,released_listeners=0,
end_task=,name=trsm,elapsed_seconds=0.169553,predicted_seconds=0.163510,time_percent_error=3.563757,nthreads=4,end_time=80808.035079,avg_power_W=176.291667,max_power_W=201.000000,avg_time_s=0.169553,released_listeners=4,
start_task=,name=gemm,tick=10,start_time=80808.035200,nthreads=2,
start_task=,name=gemm,tick=10,start_time=80808.035221,nthreads=2,
start_task=,name=syrk,tick=10,start_time=80808.035239,nthreads=4,
message=tick stats,tick=10,estimated_current_power=274.616667,
end_task=,name=gemm,elapsed_seconds=0.641971,predicted_seconds=0.386206,time_percent_error=39.840536,nthreads=4,end_time=80808.035261,avg_power_W=176.291667,max_power_W=201.000000,avg_time_s=0.641971,released_listeners=0,
end_task=,name=gemm,elapsed_seconds=0.641960,predicted_seconds=0.386206,time_percent_error=39.839511,nthreads=4,end_time=80808.035277,avg_power_W=176.291667,max_power_W=201.000000,avg_time_s=0.641960,released_listeners=0,
end_task=,name=syrk,elapsed_seconds=0.151551,predicted_seconds=0.048370,time_percent_error=68.083109,nthreads=48,end_time=80808.114393,avg_power_W=176.653846,max_power_W=201.000000,avg_time_s=0.151551,released_listeners=1,
start_task=,name=potrf,tick=11,start_time=80808.114438,nthreads=48,
message=tick stats,tick=11,estimated_current_power=230.483333,
end_task=,name=gemm,elapsed_seconds=0.265581,predicted_seconds=0.194402,time_percent_error=26.801119,nthreads=9,end_time=80808.263669,avg_power_W=177.206897,max_power_W=201.000000,avg_time_s=0.265581,released_listeners=1,
end_task=,name=potrf,elapsed_seconds=0.214986,predicted_seconds=0.048887,time_percent_error=77.260313,nthreads=48,end_time=80808.330460,avg_power_W=177.233333,max_power_W=201.000000,avg_time_s=0.214986,released_listeners=3,
start_task=,name=trsm,tick=12,start_time=80808.330502,nthreads=66,
message=tick stats,tick=12,estimated_current_power=236.883333,
end_task=,name=gemm,elapsed_seconds=0.969480,predicted_seconds=0.523133,time_percent_error=46.039863,nthreads=2,end_time=80808.364112,avg_power_W=177.322581,max_power_W=201.000000,avg_time_s=0.969480,released_listeners=1,
end_task=,name=syrk,elapsed_seconds=0.374884,predicted_seconds=0.283145,time_percent_error=24.471353,nthreads=4,end_time=80808.364148,avg_power_W=177.322581,max_power_W=201.000000,avg_time_s=0.374884,released_listeners=1,
start_task=,name=trsm,tick=13,start_time=80808.364233,nthreads=6,
message=tick stats,tick=13,estimated_current_power=227.883333,
end_task=,name=trsm,elapsed_seconds=0.063838,predicted_seconds=0.026865,time_percent_error=57.917184,nthreads=66,end_time=80808.413745,avg_power_W=177.406250,max_power_W=201.000000,avg_time_s=0.063838,released_listeners=3,
start_task=,name=syrk,tick=14,start_time=80808.413788,nthreads=60,
message=tick stats,tick=14,estimated_current_power=226.616667,
end_task=,name=syrk,elapsed_seconds=0.404078,predicted_seconds=0.283145,time_percent_error=29.928206,nthreads=4,end_time=80808.467516,avg_power_W=177.212121,max_power_W=201.000000,avg_time_s=0.404078,released_listeners=1,
end_task=,name=trsm,elapsed_seconds=0.140184,predicted_seconds=0.111110,time_percent_error=20.739529,nthreads=6,end_time=80808.513603,avg_power_W=177.529412,max_power_W=201.000000,avg_time_s=0.140184,released_listeners=4,
start_task=,name=gemm,tick=15,start_time=80808.513810,nthreads=12,
start_task=,name=gemm,tick=15,start_time=80808.513830,nthreads=2,
start_task=,name=gemm,tick=15,start_time=80808.513847,nthreads=2,
message=tick stats,tick=15,estimated_current_power=244.483333,
end_task=,name=syrk,elapsed_seconds=0.101125,predicted_seconds=0.042495,time_percent_error=57.977693,nthreads=60,end_time=80808.520828,avg_power_W=177.529412,max_power_W=201.000000,avg_time_s=0.101125,released_listeners=1,
end_task=,name=syrk,elapsed_seconds=1.146954,predicted_seconds=0.833912,time_percent_error=27.293288,nthreads=1,end_time=80808.541052,avg_power_W=177.529412,max_power_W=201.000000,avg_time_s=1.146954,released_listeners=1,
start_task=,name=syrk,tick=16,start_time=80808.541092,nthreads=60,
message=tick stats,tick=16,estimated_current_power=230.183333,
end_task=,name=gemm,elapsed_seconds=1.238911,predicted_seconds=0.957383,time_percent_error=22.723856,nthreads=1,end_time=80808.633562,avg_power_W=177.500000,max_power_W=201.000000,avg_time_s=1.238911,released_listeners=0,
end_task=,name=gemm,elapsed_seconds=1.275187,predicted_seconds=0.957383,time_percent_error=24.922196,nthreads=1,end_time=80808.669828,avg_power_W=177.459459,max_power_W=201.000000,avg_time_s=1.275187,released_listeners=0,
end_task=,name=syrk,elapsed_seconds=0.147367,predicted_seconds=0.042495,time_percent_error=71.163824,nthreads=60,end_time=80808.698037,avg_power_W=177.459459,max_power_W=201.000000,avg_time_s=0.147367,released_listeners=1,
end_task=,name=gemm,elapsed_seconds=1.311149,predicted_seconds=0.957383,time_percent_error=26.981419,nthreads=1,end_time=80808.714095,avg_power_W=177.842105,max_power_W=201.000000,avg_time_s=1.311149,released_listeners=0,
end_task=,name=gemm,elapsed_seconds=0.225713,predicted_seconds=0.133884,time_percent_error=40.684164,nthreads=12,end_time=80808.740107,avg_power_W=177.842105,max_power_W=201.000000,avg_time_s=0.225713,released_listeners=1,
start_task=,name=trsm,tick=17,start_time=80808.740168,nthreads=76,
message=tick stats,tick=17,estimated_current_power=158.633333,
end_task=,name=gemm,elapsed_seconds=0.716469,predicted_seconds=0.523133,time_percent_error=26.984594,nthreads=2,end_time=80808.763938,avg_power_W=177.461538,max_power_W=201.000000,avg_time_s=0.716469,released_listeners=0,
end_task=,name=trsm,elapsed_seconds=0.043274,predicted_seconds=0.026531,time_percent_error=38.690117,nthreads=76,end_time=80808.784103,avg_power_W=177.461538,max_power_W=201.000000,avg_time_s=0.043274,released_listeners=3,
start_task=,name=syrk,tick=18,start_time=80808.784255,nthreads=48,
start_task=,name=gemm,tick=18,start_time=80808.784289,nthreads=20,
message=tick stats,tick=18,estimated_current_power=163.533333,
end_task=,name=syrk,elapsed_seconds=0.119526,predicted_seconds=0.048370,time_percent_error=59.531395,nthreads=48,end_time=80808.913818,avg_power_W=177.500000,max_power_W=201.000000,avg_time_s=0.119526,released_listeners=1,
start_task=,name=potrf,tick=19,start_time=80808.913865,nthreads=48,
message=tick stats,tick=19,estimated_current_power=153.700000,
end_task=,name=gemm,elapsed_seconds=0.154092,predicted_seconds=0.086928,time_percent_error=43.587113,nthreads=20,end_time=80808.940117,avg_power_W=177.500000,max_power_W=201.000000,avg_time_s=0.154092,released_listeners=1,
end_task=,name=gemm,elapsed_seconds=0.914464,predicted_seconds=0.523133,time_percent_error=42.793524,nthreads=2,end_time=80808.964274,avg_power_W=177.488372,max_power_W=201.000000,avg_time_s=0.914464,released_listeners=1,
start_task=,name=trsm,tick=20,start_time=80808.964303,nthreads=30,
message=tick stats,tick=20,estimated_current_power=154.300000,
end_task=,name=trsm,elapsed_seconds=0.045575,predicted_seconds=0.034502,time_percent_error=24.296629,nthreads=30,end_time=80809.014213,avg_power_W=177.454545,max_power_W=201.000000,avg_time_s=0.045575,released_listeners=3,
start_task=,name=gemm,tick=21,start_time=80809.014340,nthreads=12,
start_task=,name=gemm,tick=21,start_time=80809.014374,nthreads=9,
start_task=,name=syrk,tick=21,start_time=80809.014412,nthreads=11,
message=tick stats,tick=21,estimated_current_power=173.400000,
end_task=,name=potrf,elapsed_seconds=0.189371,predicted_seconds=0.048887,time_percent_error=74.184397,nthreads=48,end_time=80809.113802,avg_power_W=177.652174,max_power_W=201.000000,avg_time_s=0.189371,released_listeners=2,
start_task=,name=trsm,tick=22,start_time=80809.113840,nthreads=44,
message=tick stats,tick=22,estimated_current_power=186.766667,
end_task=,name=gemm,elapsed_seconds=0.670513,predicted_seconds=0.523133,time_percent_error=21.980239,nthreads=2,end_time=80809.184951,avg_power_W=177.659574,max_power_W=201.000000,avg_time_s=0.670513,released_listeners=0,
end_task=,name=gemm,elapsed_seconds=0.671429,predicted_seconds=0.523133,time_percent_error=22.086618,nthreads=2,end_time=80809.186505,avg_power_W=177.659574,max_power_W=201.000000,avg_time_s=0.671429,released_listeners=0,
end_task=,name=trsm,elapsed_seconds=0.083447,predicted_seconds=0.027924,time_percent_error=66.536397,nthreads=44,end_time=80809.197932,avg_power_W=177.659574,max_power_W=201.000000,avg_time_s=0.083447,released_listeners=2,
start_task=,name=syrk,tick=23,start_time=80809.197984,nthreads=48,
message=tick stats,tick=23,estimated_current_power=152.433333,
end_task=,name=gemm,elapsed_seconds=0.186784,predicted_seconds=0.133884,time_percent_error=28.321808,nthreads=12,end_time=80809.213584,avg_power_W=177.729167,max_power_W=201.000000,avg_time_s=0.186784,released_listeners=1,
start_task=,name=trsm,tick=24,start_time=80809.213638,nthreads=16,
message=tick stats,tick=24,estimated_current_power=163.533333,
end_task=,name=syrk,elapsed_seconds=0.240801,predicted_seconds=0.146136,time_percent_error=39.312612,nthreads=11,end_time=80809.263629,avg_power_W=177.693878,max_power_W=201.000000,avg_time_s=0.240801,released_listeners=1,
end_task=,name=trsm,elapsed_seconds=0.058186,predicted_seconds=0.051521,time_percent_error=11.455681,nthreads=16,end_time=80809.272416,avg_power_W=177.693878,max_power_W=201.000000,avg_time_s=0.058186,released_listeners=2,
start_task=,name=gemm,tick=25,start_time=80809.272448,nthreads=15,
start_task=,name=syrk,tick=25,start_time=80809.272463,nthreads=11,
message=tick stats,tick=25,estimated_current_power=154.683333,
end_task=,name=gemm,elapsed_seconds=0.282664,predicted_seconds=0.194402,time_percent_error=31.225050,nthreads=9,end_time=80809.313641,avg_power_W=177.780000,max_power_W=201.000000,avg_time_s=0.282664,released_listeners=0,
end_task=,name=syrk,elapsed_seconds=0.105956,predicted_seconds=0.048370,time_percent_error=54.348490,nthreads=48,end_time=80809.313721,avg_power_W=177.780000,max_power_W=201.000000,avg_time_s=0.105956,released_listeners=1,
start_task=,name=potrf,tick=26,start_time=80809.313766,nthreads=48,
message=tick stats,tick=26,estimated_current_power=120.950000,
end_task=,name=gemm,elapsed_seconds=0.185947,predicted_seconds=0.126512,time_percent_error=31.963663,nthreads=15,end_time=80809.463886,avg_power_W=177.301887,max_power_W=201.000000,avg_time_s=0.185947,released_listeners=1,
end_task=,name=potrf,elapsed_seconds=0.167311,predicted_seconds=0.048887,time_percent_error=70.780607,nthreads=48,end_time=80809.481640,avg_power_W=177.301887,max_power_W=201.000000,avg_time_s=0.167311,released_listeners=1,
start_task=,name=trsm,tick=27,start_time=80809.481697,nthreads=66,
message=tick stats,tick=27,estimated_current_power=119.200000,
end_task=,name=syrk,elapsed_seconds=0.243353,predicted_seconds=0.146136,time_percent_error=39.949193,nthreads=11,end_time=80809.516330,avg_power_W=177.314815,max_power_W=201.000000,avg_time_s=0.243353,released_listeners=1,
end_task=,name=trsm,elapsed_seconds=0.038008,predicted_seconds=0.026865,time_percent_error=29.317523,nthreads=66,end_time=80809.520158,avg_power_W=177.314815,max_power_W=201.000000,avg_time_s=0.038008,released_listeners=1,
start_task=,name=syrk,tick=28,start_time=80809.520245,nthreads=84,
message=tick stats,tick=28,estimated_current_power=99.633333,
end_task=,name=syrk,elapsed_seconds=0.076386,predicted_seconds=0.040343,time_percent_error=47.185698,nthreads=84,end_time=80809.597139,avg_power_W=177.309091,max_power_W=201.000000,avg_time_s=0.076386,released_listeners=1,
start_task=,name=potrf,tick=29,start_time=80809.597232,nthreads=61,
message=tick stats,tick=29,estimated_current_power=75.266667,
end_task=,name=potrf,elapsed_seconds=0.069135,predicted_seconds=0.046642,time_percent_error=32.535168,nthreads=61,end_time=80809.667033,avg_power_W=176.964912,max_power_W=201.000000,avg_time_s=0.069135,released_listeners=0,
est_max_power=300.800000,
average_power_W=176.964912,
max_power_W=201.000000,
time_s=2.867250,
message=ALL DONE,
