message=cataloging configuration,max_threads=58,power_limit=inf,
start_task=,name=potrf,tick=1,start_time=106029.905600,nthreads=58,
message=tick stats,tick=1,estimated_current_power=73.600000,
end_task=,name=potrf,elapsed_seconds=0.486905,predicted_seconds=0.048831,time_percent_error=89.971208,nthreads=58,end_time=106030.393717,avg_power_W=147.444444,max_power_W=151.000000,avg_time_s=0.486905,released_listeners=5,
start_task=,name=trsm,tick=2,start_time=106030.393779,nthreads=12,
start_task=,name=trsm,tick=2,start_time=106030.394041,nthreads=12,
start_task=,name=trsm,tick=2,start_time=106030.394081,nthreads=12,
start_task=,name=trsm,tick=2,start_time=106030.394134,nthreads=11,
start_task=,name=trsm,tick=2,start_time=106030.394192,nthreads=11,
message=tick stats,tick=2,estimated_current_power=170.366667,
end_task=,name=trsm,elapsed_seconds=0.154336,predicted_seconds=0.063637,time_percent_error=58.766808,nthreads=12,end_time=106030.549472,avg_power_W=144.833333,max_power_W=151.000000,avg_time_s=0.154336,released_listeners=5,
start_task=,name=syrk,tick=3,start_time=106030.549507,nthreads=12,
message=tick stats,tick=3,estimated_current_power=164.300000,
end_task=,name=trsm,elapsed_seconds=0.155872,predicted_seconds=0.063637,time_percent_error=59.173226,nthreads=12,end_time=106030.555334,avg_power_W=144.833333,max_power_W=151.000000,avg_time_s=0.155872,released_listeners=5,
start_task=,name=gemm,tick=4,start_time=106030.555358,nthreads=6,
start_task=,name=syrk,tick=4,start_time=106030.555376,nthreads=6,
message=tick stats,tick=4,estimated_current_power=166.766667,
end_task=,name=trsm,elapsed_seconds=0.184970,predicted_seconds=0.063637,time_percent_error=65.595740,nthreads=12,end_time=106030.589215,avg_power_W=146.615385,max_power_W=168.000000,avg_time_s=0.184970,released_listeners=5,
start_task=,name=gemm,tick=5,start_time=106030.589248,nthreads=4,
start_task=,name=gemm,tick=5,start_time=106030.589267,nthreads=4,
start_task=,name=syrk,tick=5,start_time=106030.589284,nthreads=4,
message=tick stats,tick=5,estimated_current_power=184.066667,
end_task=,name=trsm,elapsed_seconds=0.210891,predicted_seconds=0.072268,time_percent_error=65.732124,nthreads=11,end_time=106030.641743,avg_power_W=147.571429,max_power_W=168.000000,avg_time_s=0.210891,released_listeners=5,
start_task=,name=syrk,tick=6,start_time=106030.641772,nthreads=3,
start_task=,name=gemm,tick=6,start_time=106030.641792,nthreads=3,
start_task=,name=gemm,tick=6,start_time=106030.641808,nthreads=3,
start_task=,name=gemm,tick=6,start_time=106030.641824,nthreads=2,
message=tick stats,tick=6,estimated_current_power=221.766667,
end_task=,name=trsm,elapsed_seconds=0.211509,predicted_seconds=0.072268,time_percent_error=65.832140,nthreads=11,end_time=106030.641860,avg_power_W=147.571429,max_power_W=168.000000,avg_time_s=0.211509,released_listeners=5,
start_task=,name=syrk,tick=7,start_time=106030.641880,nthreads=3,
start_task=,name=gemm,tick=7,start_time=106030.641898,nthreads=2,
start_task=,name=gemm,tick=7,start_time=106030.642166,nthreads=2,
start_task=,name=gemm,tick=7,start_time=106030.642202,nthreads=2,
start_task=,name=gemm,tick=7,start_time=106030.642264,nthreads=2,
message=tick stats,tick=7,estimated_current_power=268.166667,
end_task=,name=syrk,elapsed_seconds=0.432745,predicted_seconds=0.113015,time_percent_error=73.884151,nthreads=12,end_time=106030.982894,avg_power_W=142.809524,max_power_W=168.000000,avg_time_s=0.432745,released_listeners=1,
end_task=,name=syrk,elapsed_seconds=0.652399,predicted_seconds=0.259482,time_percent_error=60.226415,nthreads=6,end_time=106031.222047,avg_power_W=141.000000,max_power_W=168.000000,avg_time_s=0.652399,released_listeners=1,
start_task=,name=potrf,tick=8,start_time=106031.222077,nthreads=18,
message=tick stats,tick=8,estimated_current_power=259.766667,
end_task=,name=gemm,elapsed_seconds=0.779413,predicted_seconds=0.354704,time_percent_error=54.490957,nthreads=6,end_time=106031.335722,avg_power_W=140.321429,max_power_W=168.000000,avg_time_s=0.779413,released_listeners=1,
end_task=,name=gemm,elapsed_seconds=0.745504,predicted_seconds=0.386206,time_percent_error=48.195293,nthreads=4,end_time=106031.335752,avg_power_W=140.321429,max_power_W=168.000000,avg_time_s=0.745504,released_listeners=1,
end_task=,name=gemm,elapsed_seconds=0.808286,predicted_seconds=0.386206,time_percent_error=52.219078,nthreads=4,end_time=106031.398259,avg_power_W=140.137931,max_power_W=168.000000,avg_time_s=0.808286,released_listeners=0,
end_task=,name=syrk,elapsed_seconds=0.951620,predicted_seconds=0.283145,time_percent_error=70.246039,nthreads=4,end_time=106031.543827,avg_power_W=139.968750,max_power_W=168.000000,avg_time_s=0.951620,released_listeners=1,
end_task=,name=potrf,elapsed_seconds=0.403928,predicted_seconds=0.076771,time_percent_error=80.994001,nthreads=18,end_time=106031.649016,avg_power_W=140.088235,max_power_W=168.000000,avg_time_s=0.403928,released_listeners=4,
start_task=,name=trsm,tick=9,start_time=106031.649047,nthreads=18,
start_task=,name=trsm,tick=9,start_time=106031.649069,nthreads=18,
message=tick stats,tick=9,estimated_current_power=233.566667,
end_task=,name=trsm,elapsed_seconds=0.098763,predicted_seconds=0.050200,time_percent_error=49.170651,nthreads=18,end_time=106031.790339,avg_power_W=140.675676,max_power_W=168.000000,avg_time_s=0.098763,released_listeners=4,
end_task=,name=trsm,elapsed_seconds=0.107549,predicted_seconds=0.050200,time_percent_error=53.323124,nthreads=18,end_time=106031.790376,avg_power_W=140.675676,max_power_W=168.000000,avg_time_s=0.107549,released_listeners=4,
start_task=,name=syrk,tick=10,start_time=106031.790400,nthreads=12,
start_task=,name=gemm,tick=10,start_time=106031.790421,nthreads=12,
start_task=,name=syrk,tick=10,start_time=106031.790440,nthreads=12,
message=tick stats,tick=10,estimated_current_power=236.966667,
end_task=,name=gemm,elapsed_seconds=1.217082,predicted_seconds=0.364939,time_percent_error=70.015226,nthreads=3,end_time=106031.871987,avg_power_W=140.487179,max_power_W=168.000000,avg_time_s=1.217082,released_listeners=1,
start_task=,name=trsm,tick=11,start_time=106031.872013,nthreads=3,
message=tick stats,tick=11,estimated_current_power=238.983333,
end_task=,name=gemm,elapsed_seconds=1.288969,predicted_seconds=0.364939,time_percent_error=71.687513,nthreads=3,end_time=106031.932955,avg_power_W=140.375000,max_power_W=168.000000,avg_time_s=1.288969,released_listeners=0,
end_task=,name=syrk,elapsed_seconds=0.344575,predicted_seconds=0.113015,time_percent_error=67.201686,nthreads=12,end_time=106032.136338,avg_power_W=141.181818,max_power_W=168.000000,avg_time_s=0.344575,released_listeners=1,
end_task=,name=gemm,elapsed_seconds=0.343764,predicted_seconds=0.133884,time_percent_error=61.053634,nthreads=12,end_time=106032.136735,avg_power_W=141.181818,max_power_W=168.000000,avg_time_s=0.343764,released_listeners=0,
end_task=,name=syrk,elapsed_seconds=0.362846,predicted_seconds=0.113015,time_percent_error=68.853212,nthreads=12,end_time=106032.154151,avg_power_W=141.181818,max_power_W=168.000000,avg_time_s=0.362846,released_listeners=1,
end_task=,name=trsm,elapsed_seconds=0.367276,predicted_seconds=0.204505,time_percent_error=44.318560,nthreads=3,end_time=106032.241905,avg_power_W=141.000000,max_power_W=168.000000,avg_time_s=0.367276,released_listeners=4,
start_task=,name=gemm,tick=12,start_time=106032.241934,nthreads=21,
start_task=,name=gemm,tick=12,start_time=106032.241958,nthreads=21,
message=tick stats,tick=12,estimated_current_power=199.966667,
end_task=,name=gemm,elapsed_seconds=1.618858,predicted_seconds=0.523133,time_percent_error=67.685066,nthreads=2,end_time=106032.272414,avg_power_W=140.702128,max_power_W=168.000000,avg_time_s=1.618858,released_listeners=0,
end_task=,name=gemm,elapsed_seconds=1.656630,predicted_seconds=0.523133,time_percent_error=68.421853,nthreads=2,end_time=106032.300289,avg_power_W=140.702128,max_power_W=168.000000,avg_time_s=1.656630,released_listeners=0,
end_task=,name=gemm,elapsed_seconds=1.713163,predicted_seconds=0.523133,time_percent_error=69.463911,nthreads=2,end_time=106032.371728,avg_power_W=140.224490,max_power_W=168.000000,avg_time_s=1.713163,released_listeners=1,
start_task=,name=trsm,tick=13,start_time=106032.371755,nthreads=6,
message=tick stats,tick=13,estimated_current_power=178.333333,
end_task=,name=gemm,elapsed_seconds=1.713525,predicted_seconds=0.523133,time_percent_error=69.470369,nthreads=2,end_time=106032.371788,avg_power_W=140.224490,max_power_W=168.000000,avg_time_s=1.713525,released_listeners=0,
end_task=,name=gemm,elapsed_seconds=1.743853,predicted_seconds=0.523133,time_percent_error=70.001311,nthreads=2,end_time=106032.388808,avg_power_W=140.224490,max_power_W=168.000000,avg_time_s=1.743853,released_listeners=0,
end_task=,name=gemm,elapsed_seconds=0.308439,predicted_seconds=0.085476,time_percent_error=72.287602,nthreads=21,end_time=106032.551877,avg_power_W=140.461538,max_power_W=168.000000,avg_time_s=0.308439,released_listeners=0,
end_task=,name=gemm,elapsed_seconds=0.309111,predicted_seconds=0.085476,time_percent_error=72.347833,nthreads=21,end_time=106032.571711,avg_power_W=140.584906,max_power_W=168.000000,avg_time_s=0.309111,released_listeners=0,
end_task=,name=trsm,elapsed_seconds=0.207407,predicted_seconds=0.111110,time_percent_error=46.428740,nthreads=6,end_time=106032.580440,avg_power_W=140.584906,max_power_W=168.000000,avg_time_s=0.207407,released_listeners=4,
start_task=,name=gemm,tick=14,start_time=106032.580478,nthreads=18,
start_task=,name=gemm,tick=14,start_time=106032.580508,nthreads=17,
start_task=,name=gemm,tick=14,start_time=106032.580536,nthreads=17,
message=tick stats,tick=14,estimated_current_power=147.216667,
end_task=,name=syrk,elapsed_seconds=2.022549,predicted_seconds=0.764859,time_percent_error=62.183428,nthreads=3,end_time=106032.671533,avg_power_W=140.236364,max_power_W=168.000000,avg_time_s=2.022549,released_listeners=1,
start_task=,name=syrk,tick=15,start_time=106032.671561,nthreads=3,
message=tick stats,tick=15,estimated_current_power=147.216667,
end_task=,name=syrk,elapsed_seconds=2.126231,predicted_seconds=0.764859,time_percent_error=64.027488,nthreads=3,end_time=106032.774212,avg_power_W=140.035088,max_power_W=168.000000,avg_time_s=2.126231,released_listeners=1,
start_task=,name=syrk,tick=16,start_time=106032.774239,nthreads=3,
message=tick stats,tick=16,estimated_current_power=147.216667,
end_task=,name=gemm,elapsed_seconds=0.347557,predicted_seconds=0.099029,time_percent_error=71.507150,nthreads=18,end_time=106032.928790,avg_power_W=140.566667,max_power_W=168.000000,avg_time_s=0.347557,released_listeners=1,
end_task=,name=gemm,elapsed_seconds=0.348659,predicted_seconds=0.099553,time_percent_error=71.446818,nthreads=17,end_time=106032.930942,avg_power_W=140.566667,max_power_W=168.000000,avg_time_s=0.348659,released_listeners=1,
end_task=,name=gemm,elapsed_seconds=0.375631,predicted_seconds=0.099553,time_percent_error=73.497076,nthreads=17,end_time=106032.972121,avg_power_W=140.606557,max_power_W=168.000000,avg_time_s=0.375631,released_listeners=1,
end_task=,name=syrk,elapsed_seconds=1.461684,predicted_seconds=0.764859,time_percent_error=47.672761,nthreads=3,end_time=106034.134637,avg_power_W=133.773810,max_power_W=168.000000,avg_time_s=1.461684,released_listeners=1,
end_task=,name=syrk,elapsed_seconds=1.367434,predicted_seconds=0.764859,time_percent_error=44.066105,nthreads=3,end_time=106034.143388,avg_power_W=133.773810,max_power_W=168.000000,avg_time_s=1.367434,released_listeners=1,
start_task=,name=potrf,tick=17,start_time=106034.143437,nthreads=58,
message=tick stats,tick=17,estimated_current_power=73.600000,
end_task=,name=potrf,elapsed_seconds=0.126428,predicted_seconds=0.048831,time_percent_error=61.376685,nthreads=58,end_time=106034.271497,avg_power_W=133.425287,max_power_W=168.000000,avg_time_s=0.126428,released_listeners=3,
start_task=,name=trsm,tick=18,start_time=106034.271550,nthreads=20,
start_task=,name=trsm,tick=18,start_time=106034.271585,nthreads=19,
start_task=,name=trsm,tick=18,start_time=106034.271612,nthreads=19,
message=tick stats,tick=18,estimated_current_power=131.633333,
end_task=,name=trsm,elapsed_seconds=0.121786,predicted_seconds=0.049787,time_percent_error=59.119323,nthreads=19,end_time=106034.394295,avg_power_W=133.505618,max_power_W=168.000000,avg_time_s=0.121786,released_listeners=3,
start_task=,name=syrk,tick=19,start_time=106034.394345,nthreads=19,
message=tick stats,tick=19,estimated_current_power=126.033333,
end_task=,name=trsm,elapsed_seconds=0.148255,predicted_seconds=0.049787,time_percent_error=66.418060,nthreads=19,end_time=106034.421597,avg_power_W=133.788889,max_power_W=168.000000,avg_time_s=0.148255,released_listeners=3,
start_task=,name=gemm,tick=20,start_time=106034.421646,nthreads=10,
start_task=,name=syrk,tick=20,start_time=106034.421679,nthreads=9,
message=tick stats,tick=20,estimated_current_power=132.050000,
end_task=,name=trsm,elapsed_seconds=0.127774,predicted_seconds=0.045104,time_percent_error=64.699861,nthreads=20,end_time=106034.421709,avg_power_W=133.788889,max_power_W=168.000000,avg_time_s=0.127774,released_listeners=3,
start_task=,name=syrk,tick=21,start_time=106034.421734,nthreads=7,
start_task=,name=gemm,tick=21,start_time=106034.421756,nthreads=7,
start_task=,name=gemm,tick=21,start_time=106034.421792,nthreads=6,
message=tick stats,tick=21,estimated_current_power=141.883333,
end_task=,name=syrk,elapsed_seconds=0.356635,predicted_seconds=0.078617,time_percent_error=77.955979,nthreads=19,end_time=106034.752021,avg_power_W=133.645833,max_power_W=168.000000,avg_time_s=0.356635,released_listeners=1,
end_task=,name=syrk,elapsed_seconds=0.413657,predicted_seconds=0.152565,time_percent_error=63.117991,nthreads=9,end_time=106034.836280,avg_power_W=133.755102,max_power_W=168.000000,avg_time_s=0.413657,released_listeners=1,
end_task=,name=gemm,elapsed_seconds=0.463798,predicted_seconds=0.192113,time_percent_error=58.578372,nthreads=10,end_time=106034.886356,avg_power_W=133.787879,max_power_W=168.000000,avg_time_s=0.463798,released_listeners=0,
end_task=,name=syrk,elapsed_seconds=0.581036,predicted_seconds=0.256580,time_percent_error=55.840877,nthreads=7,end_time=106035.003620,avg_power_W=133.673267,max_power_W=168.000000,avg_time_s=0.581036,released_listeners=1,
start_task=,name=potrf,tick=22,start_time=106035.003669,nthreads=45,
message=tick stats,tick=22,estimated_current_power=100.266667,
end_task=,name=potrf,elapsed_seconds=0.141164,predicted_seconds=0.050630,time_percent_error=64.133925,nthreads=45,end_time=106035.145596,avg_power_W=133.548077,max_power_W=168.000000,avg_time_s=0.141164,released_listeners=2,
end_task=,name=gemm,elapsed_seconds=0.862932,predicted_seconds=0.358185,time_percent_error=58.492113,nthreads=7,end_time=106035.285683,avg_power_W=133.345794,max_power_W=168.000000,avg_time_s=0.862932,released_listeners=1,
start_task=,name=trsm,tick=23,start_time=106035.285734,nthreads=52,
message=tick stats,tick=23,estimated_current_power=106.166667,
end_task=,name=gemm,elapsed_seconds=0.864464,predicted_seconds=0.354704,time_percent_error=58.968384,nthreads=6,end_time=106035.297402,avg_power_W=133.345794,max_power_W=168.000000,avg_time_s=0.864464,released_listeners=1,
start_task=,name=trsm,tick=24,start_time=106035.297446,nthreads=6,
message=tick stats,tick=24,estimated_current_power=112.333333,
end_task=,name=trsm,elapsed_seconds=0.093295,predicted_seconds=0.027002,time_percent_error=71.057129,nthreads=52,end_time=106035.380373,avg_power_W=133.146789,max_power_W=168.000000,avg_time_s=0.093295,released_listeners=2,
start_task=,name=syrk,tick=25,start_time=106035.380431,nthreads=52,
message=tick stats,tick=25,estimated_current_power=105.000000,
end_task=,name=trsm,elapsed_seconds=0.218915,predicted_seconds=0.111110,time_percent_error=49.244921,nthreads=6,end_time=106035.522157,avg_power_W=133.250000,max_power_W=168.000000,avg_time_s=0.218915,released_listeners=2,
start_task=,name=gemm,tick=26,start_time=106035.522257,nthreads=3,
start_task=,name=syrk,tick=26,start_time=106035.522478,nthreads=3,
message=tick stats,tick=26,estimated_current_power=116.416667,
end_task=,name=syrk,elapsed_seconds=0.269885,predicted_seconds=0.048533,time_percent_error=82.017310,nthreads=52,end_time=106035.651347,avg_power_W=133.228070,max_power_W=168.000000,avg_time_s=0.269885,released_listeners=1,
start_task=,name=potrf,tick=27,start_time=106035.651405,nthreads=52,
message=tick stats,tick=27,estimated_current_power=103.250000,
end_task=,name=potrf,elapsed_seconds=0.181068,predicted_seconds=0.050278,time_percent_error=72.232695,nthreads=52,end_time=106035.834139,avg_power_W=133.355932,max_power_W=168.000000,avg_time_s=0.181068,released_listeners=1,
end_task=,name=gemm,elapsed_seconds=0.759180,predicted_seconds=0.364939,time_percent_error=51.929826,nthreads=3,end_time=106036.284616,avg_power_W=132.622047,max_power_W=168.000000,avg_time_s=0.759180,released_listeners=1,
start_task=,name=trsm,tick=28,start_time=106036.284667,nthreads=55,
message=tick stats,tick=28,estimated_current_power=101.466667,
end_task=,name=trsm,elapsed_seconds=0.084303,predicted_seconds=0.030950,time_percent_error=63.287307,nthreads=55,end_time=106036.371294,avg_power_W=132.418605,max_power_W=168.000000,avg_time_s=0.084303,released_listeners=1,
end_task=,name=syrk,elapsed_seconds=1.449412,predicted_seconds=0.764859,time_percent_error=47.229729,nthreads=3,end_time=106036.973528,avg_power_W=130.489362,max_power_W=168.000000,avg_time_s=1.449412,released_listeners=1,
start_task=,name=syrk,tick=29,start_time=106036.973579,nthreads=58,
message=tick stats,tick=29,estimated_current_power=82.366667,
end_task=,name=syrk,elapsed_seconds=0.186173,predicted_seconds=0.048414,time_percent_error=73.995176,nthreads=58,end_time=106037.171573,avg_power_W=130.434483,max_power_W=168.000000,avg_time_s=0.186173,released_listeners=1,
start_task=,name=potrf,tick=30,start_time=106037.171635,nthreads=58,
message=tick stats,tick=30,estimated_current_power=73.600000,
end_task=,name=potrf,elapsed_seconds=0.120662,predicted_seconds=0.048831,time_percent_error=59.531161,nthreads=58,end_time=106037.293500,avg_power_W=130.442177,max_power_W=168.000000,avg_time_s=0.120662,released_listeners=0,
est_max_power=268.166667,
average_power_W=130.442177,
max_power_W=168.000000,
time_s=7.388062,
message=ALL DONE,
