message=cataloging configuration,max_threads=21,power_limit=inf,
start_task=,name=potrf,tick=1,start_time=14886.851971,nthreads=20,
message=tick stats,tick=1,estimated_current_power=41.766667,
end_task=,name=potrf,elapsed_seconds=0.272109,predicted_seconds=0.062871,time_percent_error=76.895010,nthreads=20,end_time=14887.125683,avg_power_W=146.800000,max_power_W=152.000000,avg_time_s=0.272109,released_listeners=5,
start_task=,name=trsm,tick=2,start_time=14887.133024,nthreads=6,
start_task=,name=trsm,tick=2,start_time=14887.133057,nthreads=2,
start_task=,name=trsm,tick=2,start_time=14887.133079,nthreads=4,
start_task=,name=trsm,tick=2,start_time=14887.133198,nthreads=4,
start_task=,name=trsm,tick=2,start_time=14887.133688,nthreads=5,
message=tick stats,tick=2,estimated_current_power=102.166667,
end_task=,name=trsm,elapsed_seconds=0.220742,predicted_seconds=0.111110,time_percent_error=49.664970,nthreads=6,end_time=14887.369128,avg_power_W=138.400000,max_power_W=152.000000,avg_time_s=0.220742,released_listeners=5,
start_task=,name=syrk,tick=3,start_time=14887.369486,nthreads=4,
message=tick stats,tick=3,estimated_current_power=95.766667,
end_task=,name=trsm,elapsed_seconds=0.275060,predicted_seconds=0.135833,time_percent_error=50.616970,nthreads=5,end_time=14887.418830,avg_power_W=138.545455,max_power_W=152.000000,avg_time_s=0.275060,released_listeners=5,
start_task=,name=syrk,tick=4,start_time=14887.419278,nthreads=4,
start_task=,name=gemm,tick=4,start_time=14887.419298,nthreads=2,
message=tick stats,tick=4,estimated_current_power=106.500000,
end_task=,name=trsm,elapsed_seconds=0.280685,predicted_seconds=0.163510,time_percent_error=41.745828,nthreads=4,end_time=14887.419324,avg_power_W=138.545455,max_power_W=152.000000,avg_time_s=0.280685,released_listeners=5,
start_task=,name=gemm,tick=5,start_time=14887.419763,nthreads=2,
start_task=,name=gemm,tick=5,start_time=14887.419780,nthreads=1,
start_task=,name=syrk,tick=5,start_time=14887.419795,nthreads=2,
message=tick stats,tick=5,estimated_current_power=132.216667,
end_task=,name=trsm,elapsed_seconds=0.306610,predicted_seconds=0.163510,time_percent_error=46.671588,nthreads=4,end_time=14887.472228,avg_power_W=138.416667,max_power_W=152.000000,avg_time_s=0.306610,released_listeners=5,
start_task=,name=gemm,tick=6,start_time=14887.472495,nthreads=1,
start_task=,name=gemm,tick=6,start_time=14887.472515,nthreads=1,
start_task=,name=gemm,tick=6,start_time=14887.472532,nthreads=1,
start_task=,name=syrk,tick=6,start_time=14887.472588,nthreads=1,
message=tick stats,tick=6,estimated_current_power=172.033333,
end_task=,name=trsm,elapsed_seconds=0.524176,predicted_seconds=0.292970,time_percent_error=44.108441,nthreads=2,end_time=14887.668837,avg_power_W=135.625000,max_power_W=152.000000,avg_time_s=0.524176,released_listeners=5,
start_task=,name=gemm,tick=7,start_time=14887.669109,nthreads=1,
start_task=,name=gemm,tick=7,start_time=14887.669129,nthreads=1,
message=tick stats,tick=7,estimated_current_power=186.633333,
end_task=,name=syrk,elapsed_seconds=0.590469,predicted_seconds=0.283145,time_percent_error=52.047511,nthreads=4,end_time=14887.968542,avg_power_W=133.181818,max_power_W=152.000000,avg_time_s=0.590469,released_listeners=1,
start_task=,name=gemm,tick=8,start_time=14887.969898,nthreads=1,
start_task=,name=gemm,tick=8,start_time=14887.969919,nthreads=1,
start_task=,name=syrk,tick=8,start_time=14887.969936,nthreads=1,
message=tick stats,tick=8,estimated_current_power=212.866667,
end_task=,name=syrk,elapsed_seconds=0.599839,predicted_seconds=0.283145,time_percent_error=52.796510,nthreads=4,end_time=14888.020343,avg_power_W=133.173913,max_power_W=152.000000,avg_time_s=0.599839,released_listeners=1,
start_task=,name=potrf,tick=9,start_time=14888.020489,nthreads=4,
message=tick stats,tick=9,estimated_current_power=220.300000,
end_task=,name=potrf,elapsed_seconds=0.378714,predicted_seconds=0.188806,time_percent_error=50.145352,nthreads=4,end_time=14888.400075,avg_power_W=132.833333,max_power_W=152.000000,avg_time_s=0.378714,released_listeners=4,
end_task=,name=gemm,elapsed_seconds=0.993843,predicted_seconds=0.523133,time_percent_error=47.362625,nthreads=2,end_time=14888.419217,avg_power_W=132.806452,max_power_W=152.000000,avg_time_s=0.993843,released_listeners=1,
start_task=,name=trsm,tick=10,start_time=14888.419387,nthreads=7,
message=tick stats,tick=10,estimated_current_power=206.466667,
end_task=,name=gemm,elapsed_seconds=1.111657,predicted_seconds=0.523133,time_percent_error=52.941169,nthreads=2,end_time=14888.532213,avg_power_W=132.878788,max_power_W=152.000000,avg_time_s=1.111657,released_listeners=1,
start_task=,name=trsm,tick=11,start_time=14888.532580,nthreads=2,
message=tick stats,tick=11,estimated_current_power=206.566667,
end_task=,name=trsm,elapsed_seconds=0.154592,predicted_seconds=0.101285,time_percent_error=34.482511,nthreads=7,end_time=14888.574899,avg_power_W=132.970588,max_power_W=152.000000,avg_time_s=0.154592,released_listeners=4,
start_task=,name=syrk,tick=12,start_time=14888.575007,nthreads=7,
message=tick stats,tick=12,estimated_current_power=198.566667,
end_task=,name=syrk,elapsed_seconds=1.535780,predicted_seconds=0.782142,time_percent_error=49.072002,nthreads=2,end_time=14888.970006,avg_power_W=132.880952,max_power_W=152.000000,avg_time_s=1.535780,released_listeners=1,
end_task=,name=trsm,elapsed_seconds=0.433844,predicted_seconds=0.292970,time_percent_error=32.471157,nthreads=2,end_time=14888.970038,avg_power_W=132.880952,max_power_W=152.000000,avg_time_s=0.433844,released_listeners=4,
start_task=,name=syrk,tick=13,start_time=14888.970220,nthreads=2,
start_task=,name=gemm,tick=13,start_time=14888.970243,nthreads=2,
message=tick stats,tick=13,estimated_current_power=198.466667,
end_task=,name=syrk,elapsed_seconds=0.445011,predicted_seconds=0.256580,time_percent_error=42.342896,nthreads=7,end_time=14889.020727,avg_power_W=132.837209,max_power_W=152.000000,avg_time_s=0.445011,released_listeners=1,
start_task=,name=potrf,tick=14,start_time=14889.020783,nthreads=7,
message=tick stats,tick=14,estimated_current_power=206.400000,
end_task=,name=syrk,elapsed_seconds=1.674298,predicted_seconds=0.833912,time_percent_error=50.193318,nthreads=1,end_time=14889.149272,avg_power_W=132.800000,max_power_W=152.000000,avg_time_s=1.674298,released_listeners=1,
end_task=,name=gemm,elapsed_seconds=1.823134,predicted_seconds=0.957383,time_percent_error=47.486997,nthreads=1,end_time=14889.244532,avg_power_W=132.702128,max_power_W=152.000000,avg_time_s=1.823134,released_listeners=0,
end_task=,name=syrk,elapsed_seconds=1.391663,predicted_seconds=0.833912,time_percent_error=40.077987,nthreads=1,end_time=14889.369088,avg_power_W=132.640000,max_power_W=152.000000,avg_time_s=1.391663,released_listeners=1,
end_task=,name=potrf,elapsed_seconds=0.332234,predicted_seconds=0.169701,time_percent_error=48.921206,nthreads=7,end_time=14889.369118,avg_power_W=132.640000,max_power_W=152.000000,avg_time_s=0.332234,released_listeners=3,
end_task=,name=gemm,elapsed_seconds=1.950563,predicted_seconds=0.957383,time_percent_error=50.917641,nthreads=1,end_time=14889.423724,avg_power_W=132.607843,max_power_W=152.000000,avg_time_s=1.950563,released_listeners=0,
end_task=,name=gemm,elapsed_seconds=1.965610,predicted_seconds=0.957383,time_percent_error=51.293369,nthreads=1,end_time=14889.438859,avg_power_W=132.607843,max_power_W=152.000000,avg_time_s=1.965610,released_listeners=1,
start_task=,name=trsm,tick=15,start_time=14889.438913,nthreads=11,
message=tick stats,tick=15,estimated_current_power=137.983333,
end_task=,name=gemm,elapsed_seconds=1.822870,predicted_seconds=0.957383,time_percent_error=47.479395,nthreads=1,end_time=14889.492910,avg_power_W=132.538462,max_power_W=152.000000,avg_time_s=1.822870,released_listeners=1,
start_task=,name=trsm,tick=16,start_time=14889.492961,nthreads=2,
message=tick stats,tick=16,estimated_current_power=138.433333,
end_task=,name=gemm,elapsed_seconds=2.028140,predicted_seconds=0.957383,time_percent_error=52.795039,nthreads=1,end_time=14889.518549,avg_power_W=132.415094,max_power_W=152.000000,avg_time_s=2.028140,released_listeners=0,
end_task=,name=gemm,elapsed_seconds=1.876002,predicted_seconds=0.957383,time_percent_error=48.966873,nthreads=1,end_time=14889.545975,avg_power_W=132.415094,max_power_W=152.000000,avg_time_s=1.876002,released_listeners=0,
end_task=,name=trsm,elapsed_seconds=0.121919,predicted_seconds=0.072268,time_percent_error=40.724500,nthreads=11,end_time=14889.571544,avg_power_W=132.388889,max_power_W=152.000000,avg_time_s=0.121919,released_listeners=4,
start_task=,name=gemm,tick=17,start_time=14889.571641,nthreads=6,
start_task=,name=gemm,tick=17,start_time=14889.571656,nthreads=2,
start_task=,name=syrk,tick=17,start_time=14889.571676,nthreads=4,
message=tick stats,tick=17,estimated_current_power=127.866667,
end_task=,name=gemm,elapsed_seconds=1.693735,predicted_seconds=0.957383,time_percent_error=43.475076,nthreads=1,end_time=14889.669025,avg_power_W=132.285714,max_power_W=152.000000,avg_time_s=1.693735,released_listeners=0,
end_task=,name=gemm,elapsed_seconds=1.710237,predicted_seconds=0.957383,time_percent_error=44.020485,nthreads=1,end_time=14889.680830,avg_power_W=132.285714,max_power_W=152.000000,avg_time_s=1.710237,released_listeners=0,
end_task=,name=gemm,elapsed_seconds=0.902372,predicted_seconds=0.523133,time_percent_error=42.026907,nthreads=2,end_time=14889.873360,avg_power_W=131.933333,max_power_W=152.000000,avg_time_s=0.902372,released_listeners=1,
start_task=,name=trsm,tick=18,start_time=14889.873406,nthreads=5,
message=tick stats,tick=18,estimated_current_power=105.200000,
end_task=,name=trsm,elapsed_seconds=0.428533,predicted_seconds=0.292970,time_percent_error=31.634259,nthreads=2,end_time=14889.931272,avg_power_W=131.885246,max_power_W=152.000000,avg_time_s=0.428533,released_listeners=4,
start_task=,name=gemm,tick=19,start_time=14889.931393,nthreads=1,
start_task=,name=gemm,tick=19,start_time=14889.931408,nthreads=1,
message=tick stats,tick=19,estimated_current_power=119.800000,
end_task=,name=syrk,elapsed_seconds=0.505365,predicted_seconds=0.283145,time_percent_error=43.972230,nthreads=4,end_time=14890.083430,avg_power_W=131.828125,max_power_W=152.000000,avg_time_s=0.505365,released_listeners=1,
start_task=,name=gemm,tick=20,start_time=14890.083471,nthreads=2,
start_task=,name=syrk,tick=20,start_time=14890.083490,nthreads=2,
message=tick stats,tick=20,estimated_current_power=131.933333,
end_task=,name=trsm,elapsed_seconds=0.215995,predicted_seconds=0.135833,time_percent_error=37.112927,nthreads=5,end_time=14890.098038,avg_power_W=131.828125,max_power_W=152.000000,avg_time_s=0.215995,released_listeners=3,
end_task=,name=syrk,elapsed_seconds=1.324239,predicted_seconds=0.782142,time_percent_error=40.936515,nthreads=2,end_time=14890.296050,avg_power_W=131.661765,max_power_W=152.000000,avg_time_s=1.324239,released_listeners=1,
start_task=,name=syrk,tick=21,start_time=14890.296099,nthreads=7,
message=tick stats,tick=21,estimated_current_power=113.366667,
end_task=,name=gemm,elapsed_seconds=0.731097,predicted_seconds=0.354704,time_percent_error=51.483374,nthreads=6,end_time=14890.319638,avg_power_W=131.579710,max_power_W=152.000000,avg_time_s=0.731097,released_listeners=1,
start_task=,name=trsm,tick=22,start_time=14890.319682,nthreads=6,
message=tick stats,tick=22,estimated_current_power=119.533333,
end_task=,name=trsm,elapsed_seconds=0.168753,predicted_seconds=0.111110,time_percent_error=34.157958,nthreads=6,end_time=14890.489455,avg_power_W=131.458333,max_power_W=152.000000,avg_time_s=0.168753,released_listeners=3,
start_task=,name=gemm,tick=23,start_time=14890.489525,nthreads=2,
start_task=,name=syrk,tick=23,start_time=14890.489545,nthreads=4,
message=tick stats,tick=23,estimated_current_power=128.533333,
end_task=,name=gemm,elapsed_seconds=0.937240,predicted_seconds=0.523133,time_percent_error=44.183652,nthreads=2,end_time=14890.519097,avg_power_W=131.465753,max_power_W=152.000000,avg_time_s=0.937240,released_listeners=0,
end_task=,name=syrk,elapsed_seconds=0.468796,predicted_seconds=0.256580,time_percent_error=45.268227,nthreads=7,end_time=14890.768557,avg_power_W=131.230769,max_power_W=152.000000,avg_time_s=0.468796,released_listeners=1,
start_task=,name=potrf,tick=24,start_time=14890.768592,nthreads=9,
message=tick stats,tick=24,estimated_current_power=123.066667,
end_task=,name=potrf,elapsed_seconds=0.191690,predicted_seconds=0.107711,time_percent_error=43.810116,nthreads=9,end_time=14890.968904,avg_power_W=131.012195,max_power_W=152.000000,avg_time_s=0.191690,released_listeners=2,
end_task=,name=gemm,elapsed_seconds=0.887313,predicted_seconds=0.523133,time_percent_error=41.042996,nthreads=2,end_time=14890.971294,avg_power_W=131.012195,max_power_W=152.000000,avg_time_s=0.887313,released_listeners=0,
end_task=,name=syrk,elapsed_seconds=0.478193,predicted_seconds=0.283145,time_percent_error=40.788566,nthreads=4,end_time=14890.980513,avg_power_W=131.012195,max_power_W=152.000000,avg_time_s=0.478193,released_listeners=1,
end_task=,name=gemm,elapsed_seconds=0.899859,predicted_seconds=0.523133,time_percent_error=41.864993,nthreads=2,end_time=14891.390223,avg_power_W=129.855556,max_power_W=152.000000,avg_time_s=0.899859,released_listeners=1,
start_task=,name=trsm,tick=25,start_time=14891.390259,nthreads=16,
message=tick stats,tick=25,estimated_current_power=85.900000,
end_task=,name=syrk,elapsed_seconds=1.322467,predicted_seconds=0.782142,time_percent_error=40.857354,nthreads=2,end_time=14891.419494,avg_power_W=129.670330,max_power_W=152.000000,avg_time_s=1.322467,released_listeners=1,
end_task=,name=trsm,elapsed_seconds=0.091117,predicted_seconds=0.051521,time_percent_error=43.456570,nthreads=16,end_time=14891.482434,avg_power_W=129.489130,max_power_W=152.000000,avg_time_s=0.091117,released_listeners=2,
start_task=,name=syrk,tick=26,start_time=14891.482484,nthreads=19,
message=tick stats,tick=26,estimated_current_power=67.400000,
end_task=,name=gemm,elapsed_seconds=1.621927,predicted_seconds=0.957383,time_percent_error=40.972541,nthreads=1,end_time=14891.569390,avg_power_W=129.351064,max_power_W=152.000000,avg_time_s=1.621927,released_listeners=1,
end_task=,name=gemm,elapsed_seconds=1.627436,predicted_seconds=0.957383,time_percent_error=41.172346,nthreads=1,end_time=14891.569435,avg_power_W=129.351064,max_power_W=152.000000,avg_time_s=1.627436,released_listeners=0,
start_task=,name=trsm,tick=27,start_time=14891.569483,nthreads=2,
message=tick stats,tick=27,estimated_current_power=52.800000,
end_task=,name=syrk,elapsed_seconds=0.191438,predicted_seconds=0.078617,time_percent_error=58.933662,nthreads=19,end_time=14891.674742,avg_power_W=129.156250,max_power_W=152.000000,avg_time_s=0.191438,released_listeners=1,
start_task=,name=potrf,tick=28,start_time=14891.674788,nthreads=16,
message=tick stats,tick=28,estimated_current_power=52.266667,
end_task=,name=potrf,elapsed_seconds=0.137970,predicted_seconds=0.073748,time_percent_error=46.548184,nthreads=16,end_time=14891.818859,avg_power_W=128.939394,max_power_W=152.000000,avg_time_s=0.137970,released_listeners=1,
end_task=,name=trsm,elapsed_seconds=0.430226,predicted_seconds=0.292970,time_percent_error=31.903217,nthreads=2,end_time=14892.000534,avg_power_W=128.617647,max_power_W=152.000000,avg_time_s=0.430226,released_listeners=3,
start_task=,name=gemm,tick=29,start_time=14892.000654,nthreads=9,
start_task=,name=gemm,tick=29,start_time=14892.020918,nthreads=4,
start_task=,name=syrk,tick=29,start_time=14892.020958,nthreads=7,
message=tick stats,tick=29,estimated_current_power=60.216667,
end_task=,name=gemm,elapsed_seconds=0.427544,predicted_seconds=0.194402,time_percent_error=54.530441,nthreads=9,end_time=14892.450016,avg_power_W=127.774775,max_power_W=152.000000,avg_time_s=0.427544,released_listeners=1,
start_task=,name=trsm,tick=30,start_time=14892.450074,nthreads=8,
message=tick stats,tick=30,estimated_current_power=66.283333,
end_task=,name=syrk,elapsed_seconds=0.531758,predicted_seconds=0.256580,time_percent_error=51.748640,nthreads=7,end_time=14892.568303,avg_power_W=127.640351,max_power_W=152.000000,avg_time_s=0.531758,released_listeners=1,
end_task=,name=trsm,elapsed_seconds=0.140325,predicted_seconds=0.085967,time_percent_error=38.737122,nthreads=8,end_time=14892.591163,avg_power_W=127.640351,max_power_W=152.000000,avg_time_s=0.140325,released_listeners=2,
start_task=,name=gemm,tick=31,start_time=14892.591230,nthreads=9,
start_task=,name=syrk,tick=31,start_time=14892.591259,nthreads=7,
message=tick stats,tick=31,estimated_current_power=60.216667,
end_task=,name=gemm,elapsed_seconds=0.691755,predicted_seconds=0.386206,time_percent_error=44.170086,nthreads=4,end_time=14892.718559,avg_power_W=127.487179,max_power_W=152.000000,avg_time_s=0.691755,released_listeners=0,
end_task=,name=gemm,elapsed_seconds=0.370012,predicted_seconds=0.194402,time_percent_error=47.460564,nthreads=9,end_time=14892.968473,avg_power_W=127.098361,max_power_W=152.000000,avg_time_s=0.370012,released_listeners=1,
start_task=,name=trsm,tick=32,start_time=14892.968520,nthreads=14,
message=tick stats,tick=32,estimated_current_power=56.066667,
end_task=,name=syrk,elapsed_seconds=0.476182,predicted_seconds=0.256580,time_percent_error=46.117171,nthreads=7,end_time=14893.068908,avg_power_W=126.927419,max_power_W=152.000000,avg_time_s=0.476182,released_listeners=1,
end_task=,name=trsm,elapsed_seconds=0.090856,predicted_seconds=0.058493,time_percent_error=35.620569,nthreads=14,end_time=14893.068953,avg_power_W=126.927419,max_power_W=152.000000,avg_time_s=0.090856,released_listeners=1,
start_task=,name=syrk,tick=33,start_time=14893.068987,nthreads=21,
message=tick stats,tick=33,estimated_current_power=41.633333,
end_task=,name=syrk,elapsed_seconds=0.173005,predicted_seconds=0.073212,time_percent_error=57.682292,nthreads=21,end_time=14893.243536,avg_power_W=126.724409,max_power_W=152.000000,avg_time_s=0.173005,released_listeners=1,
start_task=,name=potrf,tick=34,start_time=14893.243580,nthreads=20,
message=tick stats,tick=34,estimated_current_power=41.766667,
end_task=,name=potrf,elapsed_seconds=0.118916,predicted_seconds=0.062871,time_percent_error=47.129997,nthreads=20,end_time=14893.369360,avg_power_W=126.384615,max_power_W=152.000000,avg_time_s=0.118916,released_listeners=0,
est_max_power=220.300000,
average_power_W=126.384615,
max_power_W=152.000000,
time_s=6.517957,
message=ALL DONE,
