message=cataloging configuration,max_threads=112,power_limit=155.000000,
start_task=,name=potrf,tick=1,start_time=27767.756299,nthreads=61,
message=tick stats,tick=1,estimated_current_power=75.266667,
end_task=,name=potrf,elapsed_seconds=0.501282,predicted_seconds=0.046642,time_percent_error=90.695498,nthreads=61,end_time=27768.273922,avg_power_W=149.200000,max_power_W=152.000000,avg_time_s=0.501282,released_listeners=5,
start_task=,name=trsm,tick=2,start_time=27768.280089,nthreads=11,
start_task=,name=trsm,tick=2,start_time=27768.280123,nthreads=5,
start_task=,name=trsm,tick=2,start_time=27768.280146,nthreads=4,
start_task=,name=trsm,tick=2,start_time=27768.280289,nthreads=4,
start_task=,name=trsm,tick=2,start_time=27768.281050,nthreads=30,
message=tick stats,tick=2,estimated_current_power=153.433333,
end_task=,name=trsm,elapsed_seconds=0.160842,predicted_seconds=0.034502,time_percent_error=78.549187,nthreads=30,end_time=27768.442958,avg_power_W=144.692308,max_power_W=152.000000,avg_time_s=0.160842,released_listeners=5,
start_task=,name=syrk,tick=3,start_time=27768.443299,nthreads=32,
message=tick stats,tick=3,estimated_current_power=151.233333,
end_task=,name=trsm,elapsed_seconds=0.188801,predicted_seconds=0.072268,time_percent_error=61.722722,nthreads=11,end_time=27768.474721,avg_power_W=145.214286,max_power_W=152.000000,avg_time_s=0.188801,released_listeners=5,
start_task=,name=syrk,tick=4,start_time=27768.475373,nthreads=4,
start_task=,name=gemm,tick=4,start_time=27768.475395,nthreads=4,
message=tick stats,tick=4,estimated_current_power=154.116667,
end_task=,name=trsm,elapsed_seconds=0.293693,predicted_seconds=0.135833,time_percent_error=53.749919,nthreads=5,end_time=27768.575150,avg_power_W=145.375000,max_power_W=152.000000,avg_time_s=0.293693,released_listeners=5,
start_task=,name=gemm,tick=5,start_time=27768.575560,nthreads=1,
message=tick stats,tick=5,estimated_current_power=146.333333,
end_task=,name=trsm,elapsed_seconds=0.326447,predicted_seconds=0.163510,time_percent_error=49.912133,nthreads=4,end_time=27768.624679,avg_power_W=145.882353,max_power_W=154.000000,avg_time_s=0.326447,released_listeners=5,
end_task=,name=trsm,elapsed_seconds=0.334940,predicted_seconds=0.163510,time_percent_error=51.182154,nthreads=4,end_time=27768.624720,avg_power_W=145.882353,max_power_W=154.000000,avg_time_s=0.334940,released_listeners=5,
start_task=,name=gemm,tick=6,start_time=27768.627078,nthreads=1,
start_task=,name=gemm,tick=6,start_time=27768.627101,nthreads=1,
start_task=,name=gemm,tick=6,start_time=27768.627120,nthreads=1,
message=tick stats,tick=6,estimated_current_power=152.216667,
end_task=,name=syrk,elapsed_seconds=0.267952,predicted_seconds=0.053792,time_percent_error=79.924611,nthreads=32,end_time=27768.723824,avg_power_W=145.473684,max_power_W=154.000000,avg_time_s=0.267952,released_listeners=1,
start_task=,name=gemm,tick=7,start_time=27768.728775,nthreads=1,
start_task=,name=gemm,tick=7,start_time=27768.728801,nthreads=1,
start_task=,name=syrk,tick=7,start_time=27768.728819,nthreads=1,
start_task=,name=gemm,tick=7,start_time=27768.728851,nthreads=1,
message=tick stats,tick=7,estimated_current_power=154.966667,
end_task=,name=syrk,elapsed_seconds=0.583186,predicted_seconds=0.283145,time_percent_error=51.448655,nthreads=4,end_time=27769.074300,avg_power_W=142.423077,max_power_W=154.000000,avg_time_s=0.583186,released_listeners=1,
start_task=,name=gemm,tick=8,start_time=27769.076039,nthreads=1,
message=tick stats,tick=8,estimated_current_power=151.850000,
end_task=,name=gemm,elapsed_seconds=0.970192,predicted_seconds=0.386206,time_percent_error=60.192769,nthreads=4,end_time=27769.446961,avg_power_W=139.606061,max_power_W=154.000000,avg_time_s=0.970192,released_listeners=1,
start_task=,name=syrk,tick=9,start_time=27769.448266,nthreads=1,
message=tick stats,tick=9,estimated_current_power=149.000000,
end_task=,name=gemm,elapsed_seconds=1.718004,predicted_seconds=0.957383,time_percent_error=44.273547,nthreads=1,end_time=27770.346073,avg_power_W=134.941176,max_power_W=154.000000,avg_time_s=1.718004,released_listeners=1,
start_task=,name=gemm,tick=10,start_time=27770.347039,nthreads=1,
message=tick stats,tick=10,estimated_current_power=149.000000,
end_task=,name=gemm,elapsed_seconds=1.753237,predicted_seconds=0.957383,time_percent_error=45.393424,nthreads=1,end_time=27770.381163,avg_power_W=134.750000,max_power_W=154.000000,avg_time_s=1.753237,released_listeners=0,
start_task=,name=syrk,tick=11,start_time=27770.381678,nthreads=1,
message=tick stats,tick=11,estimated_current_power=148.250000,
end_task=,name=gemm,elapsed_seconds=1.696656,predicted_seconds=0.957383,time_percent_error=43.572402,nthreads=1,end_time=27770.426135,avg_power_W=134.566038,max_power_W=154.000000,avg_time_s=1.696656,released_listeners=1,
message=tick stats,tick=12,estimated_current_power=133.200000,
end_task=,name=syrk,elapsed_seconds=1.705784,predicted_seconds=0.833912,time_percent_error=51.112686,nthreads=1,end_time=27770.435303,avg_power_W=134.566038,max_power_W=154.000000,avg_time_s=1.705784,released_listeners=1,
start_task=,name=potrf,tick=13,start_time=27770.435425,nthreads=13,
message=tick stats,tick=13,estimated_current_power=153.666667,
end_task=,name=gemm,elapsed_seconds=1.779220,predicted_seconds=0.957383,time_percent_error=46.190878,nthreads=1,end_time=27770.524630,avg_power_W=134.290909,max_power_W=154.000000,avg_time_s=1.779220,released_listeners=1,
end_task=,name=gemm,elapsed_seconds=1.796045,predicted_seconds=0.957383,time_percent_error=46.694957,nthreads=1,end_time=27770.528887,avg_power_W=134.290909,max_power_W=154.000000,avg_time_s=1.796045,released_listeners=0,
end_task=,name=gemm,elapsed_seconds=2.037345,predicted_seconds=0.957383,time_percent_error=53.008334,nthreads=1,end_time=27770.624632,avg_power_W=134.052632,max_power_W=154.000000,avg_time_s=2.037345,released_listeners=0,
end_task=,name=potrf,elapsed_seconds=0.215979,predicted_seconds=0.085372,time_percent_error=60.471861,nthreads=13,end_time=27770.652286,avg_power_W=134.052632,max_power_W=154.000000,avg_time_s=0.215979,released_listeners=4,
start_task=,name=trsm,tick=14,start_time=27770.653187,nthreads=5,
start_task=,name=trsm,tick=14,start_time=27770.653219,nthreads=4,
start_task=,name=trsm,tick=14,start_time=27770.653255,nthreads=4,
start_task=,name=trsm,tick=14,start_time=27770.653291,nthreads=2,
message=tick stats,tick=14,estimated_current_power=151.350000,
end_task=,name=gemm,elapsed_seconds=2.032141,predicted_seconds=0.957383,time_percent_error=52.887987,nthreads=1,end_time=27770.676648,avg_power_W=133.931034,max_power_W=154.000000,avg_time_s=2.032141,released_listeners=0,
end_task=,name=gemm,elapsed_seconds=1.647786,predicted_seconds=0.957383,time_percent_error=41.898870,nthreads=1,end_time=27770.724603,avg_power_W=133.813559,max_power_W=154.000000,avg_time_s=1.647786,released_listeners=0,
end_task=,name=syrk,elapsed_seconds=1.353357,predicted_seconds=0.833912,time_percent_error=38.381941,nthreads=1,end_time=27770.824031,avg_power_W=133.639344,max_power_W=154.000000,avg_time_s=1.353357,released_listeners=1,
end_task=,name=trsm,elapsed_seconds=0.263336,predicted_seconds=0.135833,time_percent_error=48.418235,nthreads=5,end_time=27770.924002,avg_power_W=133.571429,max_power_W=154.000000,avg_time_s=0.263336,released_listeners=4,
start_task=,name=syrk,tick=15,start_time=27770.924170,nthreads=46,
message=tick stats,tick=15,estimated_current_power=154.150000,
end_task=,name=trsm,elapsed_seconds=0.336788,predicted_seconds=0.163510,time_percent_error=51.449990,nthreads=4,end_time=27770.991880,avg_power_W=133.515625,max_power_W=154.000000,avg_time_s=0.336788,released_listeners=4,
start_task=,name=gemm,tick=16,start_time=27770.992155,nthreads=1,
message=tick stats,tick=16,estimated_current_power=149.566667,
end_task=,name=trsm,elapsed_seconds=0.347528,predicted_seconds=0.163510,time_percent_error=52.950391,nthreads=4,end_time=27771.002262,avg_power_W=133.515625,max_power_W=154.000000,avg_time_s=0.347528,released_listeners=4,
start_task=,name=gemm,tick=17,start_time=27771.002555,nthreads=1,
message=tick stats,tick=17,estimated_current_power=144.983333,
end_task=,name=syrk,elapsed_seconds=0.222304,predicted_seconds=0.049502,time_percent_error=77.732047,nthreads=46,end_time=27771.147437,avg_power_W=133.910448,max_power_W=154.000000,avg_time_s=0.222304,released_listeners=1,
start_task=,name=syrk,tick=18,start_time=27771.147769,nthreads=7,
start_task=,name=gemm,tick=18,start_time=27771.147784,nthreads=2,
start_task=,name=syrk,tick=18,start_time=27771.147802,nthreads=4,
start_task=,name=potrf,tick=18,start_time=27771.147821,nthreads=5,
message=tick stats,tick=18,estimated_current_power=151.950000,
end_task=,name=trsm,elapsed_seconds=0.524529,predicted_seconds=0.292970,time_percent_error=44.146143,nthreads=2,end_time=27771.193393,avg_power_W=133.955882,max_power_W=154.000000,avg_time_s=0.524529,released_listeners=4,
start_task=,name=gemm,tick=19,start_time=27771.193505,nthreads=1,
message=tick stats,tick=19,estimated_current_power=151.500000,
end_task=,name=syrk,elapsed_seconds=0.487145,predicted_seconds=0.256580,time_percent_error=47.329809,nthreads=7,end_time=27771.636177,avg_power_W=133.389610,max_power_W=154.000000,avg_time_s=0.487145,released_listeners=1,
start_task=,name=gemm,tick=20,start_time=27771.636217,nthreads=1,
message=tick stats,tick=20,estimated_current_power=147.383333,
end_task=,name=potrf,elapsed_seconds=0.566138,predicted_seconds=0.193483,time_percent_error=65.824062,nthreads=5,end_time=27771.725350,avg_power_W=133.253165,max_power_W=154.000000,avg_time_s=0.566138,released_listeners=3,
start_task=,name=gemm,tick=21,start_time=27771.725382,nthreads=14,
message=tick stats,tick=21,estimated_current_power=154.466667,
end_task=,name=syrk,elapsed_seconds=0.636215,predicted_seconds=0.283145,time_percent_error=55.495416,nthreads=4,end_time=27771.791756,avg_power_W=133.162500,max_power_W=154.000000,avg_time_s=0.636215,released_listeners=1,
end_task=,name=syrk,elapsed_seconds=1.599612,predicted_seconds=0.833912,time_percent_error=47.867862,nthreads=1,end_time=27771.982089,avg_power_W=132.904762,max_power_W=154.000000,avg_time_s=1.599612,released_listeners=1,
start_task=,name=syrk,tick=22,start_time=27771.982126,nthreads=15,
message=tick stats,tick=22,estimated_current_power=151.700000,
end_task=,name=gemm,elapsed_seconds=0.365372,predicted_seconds=0.130050,time_percent_error=64.406255,nthreads=14,end_time=27772.091560,avg_power_W=132.802326,max_power_W=154.000000,avg_time_s=0.365372,released_listeners=0,
end_task=,name=syrk,elapsed_seconds=0.225841,predicted_seconds=0.108289,time_percent_error=52.050660,nthreads=15,end_time=27772.224659,avg_power_W=132.775281,max_power_W=154.000000,avg_time_s=0.225841,released_listeners=1,
end_task=,name=gemm,elapsed_seconds=1.144414,predicted_seconds=0.523133,time_percent_error=54.288158,nthreads=2,end_time=27772.294538,avg_power_W=132.722222,max_power_W=154.000000,avg_time_s=1.144414,released_listeners=0,
end_task=,name=gemm,elapsed_seconds=1.962710,predicted_seconds=0.957383,time_percent_error=51.221400,nthreads=1,end_time=27772.323160,avg_power_W=132.593407,max_power_W=154.000000,avg_time_s=1.962710,released_listeners=0,
end_task=,name=gemm,elapsed_seconds=1.849118,predicted_seconds=0.957383,time_percent_error=48.224900,nthreads=1,end_time=27772.842817,avg_power_W=131.049505,max_power_W=154.000000,avg_time_s=1.849118,released_listeners=1,
start_task=,name=trsm,tick=23,start_time=27772.842861,nthreads=78,
message=tick stats,tick=23,estimated_current_power=142.583333,
end_task=,name=gemm,elapsed_seconds=1.910389,predicted_seconds=0.957383,time_percent_error=49.885471,nthreads=1,end_time=27772.923575,avg_power_W=130.766990,max_power_W=154.000000,avg_time_s=1.910389,released_listeners=1,
start_task=,name=trsm,tick=24,start_time=27772.923612,nthreads=7,
message=tick stats,tick=24,estimated_current_power=154.700000,
end_task=,name=trsm,elapsed_seconds=0.139241,predicted_seconds=0.026432,time_percent_error=81.017311,nthreads=78,end_time=27772.982935,avg_power_W=130.673077,max_power_W=154.000000,avg_time_s=0.139241,released_listeners=3,
start_task=,name=syrk,tick=25,start_time=27772.982972,nthreads=76,
message=tick stats,tick=25,estimated_current_power=154.900000,
end_task=,name=gemm,elapsed_seconds=1.788182,predicted_seconds=0.957383,time_percent_error=46.460556,nthreads=1,end_time=27772.994346,avg_power_W=130.673077,max_power_W=154.000000,avg_time_s=1.788182,released_listeners=1,
message=tick stats,tick=26,estimated_current_power=139.850000,
end_task=,name=trsm,elapsed_seconds=0.201939,predicted_seconds=0.101285,time_percent_error=49.843672,nthreads=7,end_time=27773.127049,avg_power_W=130.887850,max_power_W=154.000000,avg_time_s=0.201939,released_listeners=3,
start_task=,name=trsm,tick=27,start_time=27773.127385,nthreads=2,
start_task=,name=gemm,tick=27,start_time=27773.127421,nthreads=1,
message=tick stats,tick=27,estimated_current_power=143.233333,
end_task=,name=syrk,elapsed_seconds=0.170476,predicted_seconds=0.040764,time_percent_error=76.088254,nthreads=76,end_time=27773.173306,avg_power_W=131.000000,max_power_W=154.000000,avg_time_s=0.170476,released_listeners=1,
start_task=,name=syrk,tick=28,start_time=27773.173392,nthreads=20,
start_task=,name=potrf,tick=28,start_time=27773.173436,nthreads=48,
message=tick stats,tick=28,estimated_current_power=149.833333,
end_task=,name=gemm,elapsed_seconds=1.729088,predicted_seconds=0.957383,time_percent_error=44.630773,nthreads=1,end_time=27773.373279,avg_power_W=131.473214,max_power_W=161.000000,avg_time_s=1.729088,released_listeners=0,
end_task=,name=syrk,elapsed_seconds=0.253759,predicted_seconds=0.073902,time_percent_error=70.877039,nthreads=20,end_time=27773.428073,avg_power_W=131.575221,max_power_W=161.000000,avg_time_s=0.253759,released_listeners=1,
end_task=,name=potrf,elapsed_seconds=0.299944,predicted_seconds=0.048887,time_percent_error=83.701254,nthreads=48,end_time=27773.475088,avg_power_W=131.666667,max_power_W=161.000000,avg_time_s=0.299944,released_listeners=2,
end_task=,name=trsm,elapsed_seconds=0.471755,predicted_seconds=0.292970,time_percent_error=37.897919,nthreads=2,end_time=27773.602340,avg_power_W=131.681034,max_power_W=161.000000,avg_time_s=0.471755,released_listeners=3,
start_task=,name=gemm,tick=29,start_time=27773.602395,nthreads=44,
start_task=,name=gemm,tick=29,start_time=27773.602410,nthreads=9,
start_task=,name=syrk,tick=29,start_time=27773.602425,nthreads=17,
message=tick stats,tick=29,estimated_current_power=152.350000,
end_task=,name=gemm,elapsed_seconds=0.232385,predicted_seconds=0.043578,time_percent_error=81.247380,nthreads=44,end_time=27773.835804,avg_power_W=131.413223,max_power_W=161.000000,avg_time_s=0.232385,released_listeners=1,
start_task=,name=trsm,tick=30,start_time=27773.835846,nthreads=44,
message=tick stats,tick=30,estimated_current_power=151.616667,
end_task=,name=syrk,elapsed_seconds=0.302367,predicted_seconds=0.080313,time_percent_error=73.438603,nthreads=17,end_time=27773.905748,avg_power_W=131.590164,max_power_W=161.000000,avg_time_s=0.302367,released_listeners=1,
end_task=,name=trsm,elapsed_seconds=0.088281,predicted_seconds=0.027924,time_percent_error=68.368635,nthreads=44,end_time=27773.925101,avg_power_W=131.666667,max_power_W=161.000000,avg_time_s=0.088281,released_listeners=2,
start_task=,name=syrk,tick=31,start_time=27773.925136,nthreads=92,
message=tick stats,tick=31,estimated_current_power=141.116667,
end_task=,name=gemm,elapsed_seconds=0.521845,predicted_seconds=0.194402,time_percent_error=62.747077,nthreads=9,end_time=27774.125205,avg_power_W=131.708661,max_power_W=161.000000,avg_time_s=0.521845,released_listeners=0,
end_task=,name=syrk,elapsed_seconds=0.210836,predicted_seconds=0.038824,time_percent_error=81.585573,nthreads=92,end_time=27774.136875,avg_power_W=131.708661,max_power_W=161.000000,avg_time_s=0.210836,released_listeners=1,
end_task=,name=gemm,elapsed_seconds=1.884211,predicted_seconds=0.957383,time_percent_error=49.189211,nthreads=1,end_time=27775.023949,avg_power_W=129.558621,max_power_W=161.000000,avg_time_s=1.884211,released_listeners=1,
start_task=,name=trsm,tick=32,start_time=27775.024012,nthreads=78,
message=tick stats,tick=32,estimated_current_power=97.433333,
end_task=,name=trsm,elapsed_seconds=0.081618,predicted_seconds=0.026432,time_percent_error=67.615375,nthreads=78,end_time=27775.124240,avg_power_W=129.312925,max_power_W=161.000000,avg_time_s=0.081618,released_listeners=2,
start_task=,name=syrk,tick=33,start_time=27775.124338,nthreads=91,
start_task=,name=gemm,tick=33,start_time=27775.124377,nthreads=21,
message=tick stats,tick=33,estimated_current_power=145.883333,
end_task=,name=syrk,elapsed_seconds=0.187712,predicted_seconds=0.039025,time_percent_error=79.210287,nthreads=91,end_time=27775.323757,avg_power_W=129.264901,max_power_W=161.000000,avg_time_s=0.187712,released_listeners=1,
start_task=,name=potrf,tick=34,start_time=27775.323828,nthreads=61,
message=tick stats,tick=34,estimated_current_power=119.516667,
end_task=,name=potrf,elapsed_seconds=0.151822,predicted_seconds=0.046642,time_percent_error=69.278678,nthreads=61,end_time=27775.476635,avg_power_W=129.461039,max_power_W=161.000000,avg_time_s=0.151822,released_listeners=1,
end_task=,name=gemm,elapsed_seconds=0.369634,predicted_seconds=0.085476,time_percent_error=76.875533,nthreads=21,end_time=27775.495115,avg_power_W=129.461039,max_power_W=161.000000,avg_time_s=0.369634,released_listeners=1,
start_task=,name=trsm,tick=35,start_time=27775.495174,nthreads=78,
message=tick stats,tick=35,estimated_current_power=97.433333,
end_task=,name=trsm,elapsed_seconds=0.064401,predicted_seconds=0.026432,time_percent_error=58.957717,nthreads=78,end_time=27775.573925,avg_power_W=129.564103,max_power_W=161.000000,avg_time_s=0.064401,released_listeners=1,
start_task=,name=syrk,tick=36,start_time=27775.573999,nthreads=92,
message=tick stats,tick=36,estimated_current_power=102.166667,
end_task=,name=syrk,elapsed_seconds=0.135808,predicted_seconds=0.038824,time_percent_error=71.412367,nthreads=92,end_time=27775.723589,avg_power_W=129.641509,max_power_W=161.000000,avg_time_s=0.135808,released_listeners=1,
start_task=,name=potrf,tick=37,start_time=27775.723658,nthreads=61,
message=tick stats,tick=37,estimated_current_power=75.266667,
end_task=,name=potrf,elapsed_seconds=0.109450,predicted_seconds=0.046642,time_percent_error=57.385199,nthreads=61,end_time=27775.834857,avg_power_W=129.726708,max_power_W=161.000000,avg_time_s=0.109450,released_listeners=0,
est_max_power=154.966667,
average_power_W=129.726708,
max_power_W=161.000000,
time_s=8.078831,
message=ALL DONE,
