message=cataloging configuration,max_threads=112,power_limit=50.000000,
start_task=,name=potrf,tick=1,start_time=758840.351022,nthreads=31,
message=tick stats,tick=1,estimated_current_power=42.447222,
end_task=,name=potrf,elapsed_seconds=0.254068,predicted_seconds=0.059061,time_percent_error=76.753886,nthreads=31,end_time=758840.614497,avg_power_W=183.000000,max_power_W=185.000000,avg_time_s=0.254068,released_listeners=5,
start_task=,name=trsm,tick=2,start_time=758840.614576,nthreads=1,
start_task=,name=trsm,tick=2,start_time=758840.614608,nthreads=1,
start_task=,name=trsm,tick=2,start_time=758840.614629,nthreads=1,
message=tick stats,tick=2,estimated_current_power=40.415152,
end_task=,name=trsm,elapsed_seconds=0.454290,predicted_seconds=0.569669,time_percent_error=25.397807,nthreads=1,end_time=758841.069499,avg_power_W=154.857143,max_power_W=185.000000,avg_time_s=0.454290,released_listeners=5,
start_task=,name=syrk,tick=3,start_time=758841.069531,nthreads=1,
message=tick stats,tick=3,estimated_current_power=38.497356,
end_task=,name=trsm,elapsed_seconds=0.458788,predicted_seconds=0.569669,time_percent_error=24.168451,nthreads=1,end_time=758841.074647,avg_power_W=154.857143,max_power_W=185.000000,avg_time_s=0.458788,released_listeners=5,
start_task=,name=gemm,tick=4,start_time=758841.074675,nthreads=1,
message=tick stats,tick=4,estimated_current_power=36.917744,
end_task=,name=trsm,elapsed_seconds=0.463271,predicted_seconds=0.569669,time_percent_error=22.966841,nthreads=1,end_time=758841.081405,avg_power_W=154.857143,max_power_W=185.000000,avg_time_s=0.463271,released_listeners=5,
start_task=,name=gemm,tick=5,start_time=758841.081484,nthreads=1,
start_task=,name=trsm,tick=5,start_time=758841.081507,nthreads=1,
message=tick stats,tick=5,estimated_current_power=48.809849,
end_task=,name=trsm,elapsed_seconds=0.455551,predicted_seconds=0.569669,time_percent_error=25.050583,nthreads=1,end_time=758841.537609,avg_power_W=146.956522,max_power_W=185.000000,avg_time_s=0.455551,released_listeners=5,
start_task=,name=trsm,tick=6,start_time=758841.537697,nthreads=1,
message=tick stats,tick=6,estimated_current_power=48.809849,
end_task=,name=syrk,elapsed_seconds=0.741940,predicted_seconds=0.833912,time_percent_error=12.396216,nthreads=1,end_time=758841.814847,avg_power_W=144.413793,max_power_W=185.000000,avg_time_s=0.741940,released_listeners=1,
start_task=,name=gemm,tick=7,start_time=758841.814997,nthreads=1,
message=tick stats,tick=7,estimated_current_power=49.148033,
end_task=,name=gemm,elapsed_seconds=0.893624,predicted_seconds=0.957383,time_percent_error=7.134866,nthreads=1,end_time=758841.968826,avg_power_W=143.437500,max_power_W=185.000000,avg_time_s=0.893624,released_listeners=0,
start_task=,name=syrk,tick=8,start_time=758841.968920,nthreads=1,
message=tick stats,tick=8,estimated_current_power=48.809849,
end_task=,name=gemm,elapsed_seconds=0.893613,predicted_seconds=0.957383,time_percent_error=7.136199,nthreads=1,end_time=758841.975727,avg_power_W=143.437500,max_power_W=185.000000,avg_time_s=0.893613,released_listeners=0,
start_task=,name=gemm,tick=9,start_time=758841.975779,nthreads=1,
message=tick stats,tick=9,estimated_current_power=48.809849,
end_task=,name=trsm,elapsed_seconds=0.451105,predicted_seconds=0.569669,time_percent_error=26.283204,nthreads=1,end_time=758841.989299,avg_power_W=143.437500,max_power_W=185.000000,avg_time_s=0.451105,released_listeners=5,
start_task=,name=gemm,tick=10,start_time=758841.989376,nthreads=1,
message=tick stats,tick=10,estimated_current_power=47.230237,
end_task=,name=syrk,elapsed_seconds=0.721391,predicted_seconds=0.833912,time_percent_error=15.597757,nthreads=1,end_time=758842.690783,avg_power_W=140.282609,max_power_W=185.000000,avg_time_s=0.721391,released_listeners=1,
start_task=,name=syrk,tick=11,start_time=758842.690844,nthreads=1,
message=tick stats,tick=11,estimated_current_power=47.230237,
end_task=,name=gemm,elapsed_seconds=0.889102,predicted_seconds=0.957383,time_percent_error=7.679692,nthreads=1,end_time=758842.714833,avg_power_W=140.148936,max_power_W=185.000000,avg_time_s=0.889102,released_listeners=0,
start_task=,name=gemm,tick=12,start_time=758842.714967,nthreads=1,
message=tick stats,tick=12,estimated_current_power=47.230237,
end_task=,name=gemm,elapsed_seconds=0.881186,predicted_seconds=0.957383,time_percent_error=8.647003,nthreads=1,end_time=758842.864708,avg_power_W=139.700000,max_power_W=185.000000,avg_time_s=0.881186,released_listeners=0,
start_task=,name=syrk,tick=13,start_time=758842.864754,nthreads=1,
message=tick stats,tick=13,estimated_current_power=46.892054,
end_task=,name=gemm,elapsed_seconds=0.879076,predicted_seconds=0.957383,time_percent_error=8.907810,nthreads=1,end_time=758842.868735,avg_power_W=139.700000,max_power_W=185.000000,avg_time_s=0.879076,released_listeners=0,
start_task=,name=syrk,tick=14,start_time=758842.868768,nthreads=1,
message=tick stats,tick=14,estimated_current_power=46.553870,
end_task=,name=syrk,elapsed_seconds=0.721000,predicted_seconds=0.833912,time_percent_error=15.660465,nthreads=1,end_time=758843.415096,avg_power_W=138.393443,max_power_W=185.000000,avg_time_s=0.721000,released_listeners=1,
start_task=,name=gemm,tick=15,start_time=758843.415165,nthreads=1,
message=tick stats,tick=15,estimated_current_power=46.892054,
end_task=,name=syrk,elapsed_seconds=0.718618,predicted_seconds=0.833912,time_percent_error=16.043889,nthreads=1,end_time=758843.583920,avg_power_W=138.093750,max_power_W=185.000000,avg_time_s=0.718618,released_listeners=1,
start_task=,name=gemm,tick=16,start_time=758843.583996,nthreads=1,
message=tick stats,tick=16,estimated_current_power=47.230237,
end_task=,name=syrk,elapsed_seconds=0.719473,predicted_seconds=0.833912,time_percent_error=15.905985,nthreads=1,end_time=758843.589434,avg_power_W=138.093750,max_power_W=185.000000,avg_time_s=0.719473,released_listeners=1,
start_task=,name=potrf,tick=17,start_time=758843.589464,nthreads=2,
message=tick stats,tick=17,estimated_current_power=49.181993,
end_task=,name=gemm,elapsed_seconds=0.890399,predicted_seconds=0.957383,time_percent_error=7.522815,nthreads=1,end_time=758843.614473,avg_power_W=137.984615,max_power_W=185.000000,avg_time_s=0.890399,released_listeners=0,
start_task=,name=gemm,tick=18,start_time=758843.614531,nthreads=1,
message=tick stats,tick=18,estimated_current_power=49.181993,
end_task=,name=potrf,elapsed_seconds=0.296398,predicted_seconds=0.323819,time_percent_error=9.251512,nthreads=2,end_time=758843.886307,avg_power_W=137.571429,max_power_W=185.000000,avg_time_s=0.296398,released_listeners=4,
start_task=,name=gemm,tick=19,start_time=758843.886336,nthreads=2,
message=tick stats,tick=19,estimated_current_power=48.652225,
end_task=,name=gemm,elapsed_seconds=0.877802,predicted_seconds=0.957383,time_percent_error=9.065852,nthreads=1,end_time=758844.293569,avg_power_W=136.948718,max_power_W=185.000000,avg_time_s=0.877802,released_listeners=1,
message=tick stats,tick=20,estimated_current_power=36.760119,
end_task=,name=gemm,elapsed_seconds=0.475754,predicted_seconds=0.523133,time_percent_error=9.958767,nthreads=2,end_time=758844.365358,avg_power_W=136.837500,max_power_W=185.000000,avg_time_s=0.475754,released_listeners=1,
start_task=,name=trsm,tick=21,start_time=758844.365403,nthreads=1,
message=tick stats,tick=21,estimated_current_power=37.255928,
end_task=,name=gemm,elapsed_seconds=0.889177,predicted_seconds=0.957383,time_percent_error=7.670639,nthreads=1,end_time=758844.473785,avg_power_W=136.670732,max_power_W=185.000000,avg_time_s=0.889177,released_listeners=1,
start_task=,name=trsm,tick=22,start_time=758844.473829,nthreads=1,
message=tick stats,tick=22,estimated_current_power=38.835540,
end_task=,name=gemm,elapsed_seconds=0.886762,predicted_seconds=0.957383,time_percent_error=7.963865,nthreads=1,end_time=758844.514744,avg_power_W=136.590361,max_power_W=185.000000,avg_time_s=0.886762,released_listeners=1,
start_task=,name=trsm,tick=23,start_time=758844.514793,nthreads=1,
message=tick stats,tick=23,estimated_current_power=40.415152,
end_task=,name=trsm,elapsed_seconds=0.448798,predicted_seconds=0.569669,time_percent_error=26.932127,nthreads=1,end_time=758844.814778,avg_power_W=136.168539,max_power_W=185.000000,avg_time_s=0.448798,released_listeners=4,
start_task=,name=trsm,tick=24,start_time=758844.814837,nthreads=1,
message=tick stats,tick=24,estimated_current_power=40.415152,
end_task=,name=trsm,elapsed_seconds=0.448411,predicted_seconds=0.569669,time_percent_error=27.041840,nthreads=1,end_time=758844.922730,avg_power_W=136.043956,max_power_W=185.000000,avg_time_s=0.448411,released_listeners=4,
start_task=,name=syrk,tick=25,start_time=758844.922785,nthreads=1,
message=tick stats,tick=25,estimated_current_power=38.497356,
end_task=,name=trsm,elapsed_seconds=0.453393,predicted_seconds=0.569669,time_percent_error=25.645805,nthreads=1,end_time=758844.968671,avg_power_W=135.978261,max_power_W=185.000000,avg_time_s=0.453393,released_listeners=4,
start_task=,name=gemm,tick=26,start_time=758844.968749,nthreads=1,
start_task=,name=gemm,tick=26,start_time=758844.968775,nthreads=1,
message=tick stats,tick=26,estimated_current_power=48.809849,
end_task=,name=trsm,elapsed_seconds=0.449607,predicted_seconds=0.569669,time_percent_error=26.703956,nthreads=1,end_time=758845.265615,avg_power_W=135.653061,max_power_W=185.000000,avg_time_s=0.449607,released_listeners=4,
start_task=,name=gemm,tick=27,start_time=758845.265733,nthreads=1,
message=tick stats,tick=27,estimated_current_power=47.230237,
end_task=,name=syrk,elapsed_seconds=0.719050,predicted_seconds=0.833912,time_percent_error=15.974114,nthreads=1,end_time=758845.642296,avg_power_W=135.333333,max_power_W=185.000000,avg_time_s=0.719050,released_listeners=1,
start_task=,name=syrk,tick=28,start_time=758845.642352,nthreads=1,
message=tick stats,tick=28,estimated_current_power=47.230237,
end_task=,name=gemm,elapsed_seconds=0.891480,predicted_seconds=0.957383,time_percent_error=7.392526,nthreads=1,end_time=758845.865213,avg_power_W=135.118182,max_power_W=185.000000,avg_time_s=0.891480,released_listeners=1,
end_task=,name=gemm,elapsed_seconds=0.883293,predicted_seconds=0.957383,time_percent_error=8.387922,nthreads=1,end_time=758845.865309,avg_power_W=135.118182,max_power_W=185.000000,avg_time_s=0.883293,released_listeners=1,
start_task=,name=gemm,tick=29,start_time=758845.865390,nthreads=1,
start_task=,name=gemm,tick=29,start_time=758845.865418,nthreads=1,
message=tick stats,tick=29,estimated_current_power=47.230237,
end_task=,name=gemm,elapsed_seconds=0.880462,predicted_seconds=0.957383,time_percent_error=8.736357,nthreads=1,end_time=758846.146902,avg_power_W=134.939130,max_power_W=185.000000,avg_time_s=0.880462,released_listeners=1,
start_task=,name=syrk,tick=30,start_time=758846.146934,nthreads=1,
message=tick stats,tick=30,estimated_current_power=46.892054,
end_task=,name=syrk,elapsed_seconds=0.721411,predicted_seconds=0.833912,time_percent_error=15.594583,nthreads=1,end_time=758846.364548,avg_power_W=134.683333,max_power_W=185.000000,avg_time_s=0.721411,released_listeners=1,
start_task=,name=gemm,tick=31,start_time=758846.364584,nthreads=1,
message=tick stats,tick=31,estimated_current_power=47.230237,
end_task=,name=gemm,elapsed_seconds=0.878612,predicted_seconds=0.957383,time_percent_error=8.965366,nthreads=1,end_time=758846.744567,avg_power_W=134.417323,max_power_W=185.000000,avg_time_s=0.878612,released_listeners=0,
start_task=,name=syrk,tick=32,start_time=758846.744597,nthreads=1,
message=tick stats,tick=32,estimated_current_power=46.892054,
end_task=,name=gemm,elapsed_seconds=0.884463,predicted_seconds=0.957383,time_percent_error=8.244459,nthreads=1,end_time=758846.750421,avg_power_W=134.417323,max_power_W=185.000000,avg_time_s=0.884463,released_listeners=0,
start_task=,name=potrf,tick=33,start_time=758846.750444,nthreads=2,
message=tick stats,tick=33,estimated_current_power=48.505626,
end_task=,name=syrk,elapsed_seconds=0.719822,predicted_seconds=0.833912,time_percent_error=15.849827,nthreads=1,end_time=758846.867204,avg_power_W=134.330769,max_power_W=185.000000,avg_time_s=0.719822,released_listeners=1,
end_task=,name=potrf,elapsed_seconds=0.299438,predicted_seconds=0.323819,time_percent_error=8.142271,nthreads=2,end_time=758847.050413,avg_power_W=134.210526,max_power_W=185.000000,avg_time_s=0.299438,released_listeners=3,
start_task=,name=trsm,tick=34,start_time=758847.050444,nthreads=1,
message=tick stats,tick=34,estimated_current_power=36.917744,
end_task=,name=gemm,elapsed_seconds=0.930865,predicted_seconds=0.957383,time_percent_error=2.848658,nthreads=1,end_time=758847.296040,avg_power_W=133.956522,max_power_W=185.000000,avg_time_s=0.930865,released_listeners=0,
start_task=,name=trsm,tick=35,start_time=758847.296084,nthreads=1,
message=tick stats,tick=35,estimated_current_power=38.497356,
end_task=,name=syrk,elapsed_seconds=0.727994,predicted_seconds=0.833912,time_percent_error=14.549254,nthreads=1,end_time=758847.473178,avg_power_W=133.732394,max_power_W=185.000000,avg_time_s=0.727994,released_listeners=1,
start_task=,name=trsm,tick=36,start_time=758847.473218,nthreads=6,
message=tick stats,tick=36,estimated_current_power=48.711616,
end_task=,name=trsm,elapsed_seconds=0.449182,predicted_seconds=0.569669,time_percent_error=26.823685,nthreads=1,end_time=758847.500184,avg_power_W=133.732394,max_power_W=185.000000,avg_time_s=0.449182,released_listeners=3,
start_task=,name=syrk,tick=37,start_time=758847.500216,nthreads=3,
message=tick stats,tick=37,estimated_current_power=48.057677,
end_task=,name=trsm,elapsed_seconds=0.095438,predicted_seconds=0.111110,time_percent_error=16.421557,nthreads=6,end_time=758847.569314,avg_power_W=133.673611,max_power_W=185.000000,avg_time_s=0.095438,released_listeners=3,
start_task=,name=gemm,tick=38,start_time=758847.569363,nthreads=1,
start_task=,name=syrk,tick=38,start_time=758847.569390,nthreads=1,
message=tick stats,tick=38,estimated_current_power=49.735522,
end_task=,name=trsm,elapsed_seconds=0.512188,predicted_seconds=0.569669,time_percent_error=11.222765,nthreads=1,end_time=758847.814635,avg_power_W=133.510067,max_power_W=185.000000,avg_time_s=0.512188,released_listeners=3,
start_task=,name=gemm,tick=39,start_time=758847.814666,nthreads=1,
message=tick stats,tick=39,estimated_current_power=48.155910,
end_task=,name=syrk,elapsed_seconds=0.721842,predicted_seconds=0.764859,time_percent_error=5.959296,nthreads=3,end_time=758848.222644,avg_power_W=133.197452,max_power_W=185.000000,avg_time_s=0.721842,released_listeners=1,
start_task=,name=syrk,tick=40,start_time=758848.222671,nthreads=1,
message=tick stats,tick=40,estimated_current_power=46.892054,
end_task=,name=syrk,elapsed_seconds=0.726816,predicted_seconds=0.833912,time_percent_error=14.734975,nthreads=1,end_time=758848.296795,avg_power_W=133.158228,max_power_W=185.000000,avg_time_s=0.726816,released_listeners=1,
start_task=,name=gemm,tick=41,start_time=758848.296819,nthreads=1,
message=tick stats,tick=41,estimated_current_power=47.230237,
end_task=,name=gemm,elapsed_seconds=0.881322,predicted_seconds=0.957383,time_percent_error=8.630245,nthreads=1,end_time=758848.464736,avg_power_W=133.018519,max_power_W=185.000000,avg_time_s=0.881322,released_listeners=1,
start_task=,name=potrf,tick=42,start_time=758848.464784,nthreads=2,
message=tick stats,tick=42,estimated_current_power=48.843810,
end_task=,name=potrf,elapsed_seconds=0.288997,predicted_seconds=0.323819,time_percent_error=12.049463,nthreads=2,end_time=758848.765148,avg_power_W=132.851190,max_power_W=185.000000,avg_time_s=0.288997,released_listeners=2,
start_task=,name=trsm,tick=43,start_time=758848.765193,nthreads=2,
message=tick stats,tick=43,estimated_current_power=48.908334,
end_task=,name=gemm,elapsed_seconds=1.033341,predicted_seconds=0.957383,time_percent_error=7.350791,nthreads=1,end_time=758848.848484,avg_power_W=132.822485,max_power_W=185.000000,avg_time_s=1.033341,released_listeners=1,
message=tick stats,tick=44,estimated_current_power=37.016229,
end_task=,name=syrk,elapsed_seconds=0.726783,predicted_seconds=0.833912,time_percent_error=14.740265,nthreads=1,end_time=758848.950023,avg_power_W=132.777778,max_power_W=185.000000,avg_time_s=0.726783,released_listeners=1,
start_task=,name=trsm,tick=45,start_time=758848.950044,nthreads=7,
message=tick stats,tick=45,estimated_current_power=49.007762,
end_task=,name=trsm,elapsed_seconds=0.236531,predicted_seconds=0.292970,time_percent_error=23.861241,nthreads=2,end_time=758849.014747,avg_power_W=132.757225,max_power_W=185.000000,avg_time_s=0.236531,released_listeners=2,
start_task=,name=syrk,tick=46,start_time=758849.014797,nthreads=3,
message=tick stats,tick=46,estimated_current_power=48.255337,
end_task=,name=trsm,elapsed_seconds=0.102125,predicted_seconds=0.101285,time_percent_error=0.822541,nthreads=7,end_time=758849.064698,avg_power_W=132.781609,max_power_W=185.000000,avg_time_s=0.102125,released_listeners=2,
start_task=,name=syrk,tick=47,start_time=758849.064748,nthreads=2,
start_task=,name=gemm,tick=47,start_time=758849.064778,nthreads=2,
message=tick stats,tick=47,estimated_current_power=49.697736,
end_task=,name=gemm,elapsed_seconds=0.882667,predicted_seconds=0.957383,time_percent_error=8.464803,nthreads=1,end_time=758849.180030,avg_power_W=132.750000,max_power_W=185.000000,avg_time_s=0.882667,released_listeners=0,
end_task=,name=gemm,elapsed_seconds=0.481016,predicted_seconds=0.523133,time_percent_error=8.755768,nthreads=2,end_time=758849.546390,avg_power_W=132.557377,max_power_W=185.000000,avg_time_s=0.481016,released_listeners=1,
end_task=,name=syrk,elapsed_seconds=0.724210,predicted_seconds=0.764859,time_percent_error=5.612800,nthreads=3,end_time=758849.739577,avg_power_W=132.385027,max_power_W=185.000000,avg_time_s=0.724210,released_listeners=1,
end_task=,name=syrk,elapsed_seconds=0.808037,predicted_seconds=0.782142,time_percent_error=3.204636,nthreads=2,end_time=758849.873275,avg_power_W=132.263158,max_power_W=185.000000,avg_time_s=0.808037,released_listeners=1,
start_task=,name=potrf,tick=48,start_time=758849.873321,nthreads=31,
message=tick stats,tick=48,estimated_current_power=42.447222,
end_task=,name=potrf,elapsed_seconds=0.070461,predicted_seconds=0.059061,time_percent_error=16.179937,nthreads=31,end_time=758849.944770,avg_power_W=132.204188,max_power_W=185.000000,avg_time_s=0.070461,released_listeners=1,
start_task=,name=trsm,tick=49,start_time=758849.944819,nthreads=24,
message=tick stats,tick=49,estimated_current_power=47.563636,
end_task=,name=trsm,elapsed_seconds=0.046557,predicted_seconds=0.038657,time_percent_error=16.966712,nthreads=24,end_time=758849.991933,avg_power_W=132.218750,max_power_W=185.000000,avg_time_s=0.046557,released_listeners=1,
start_task=,name=syrk,tick=50,start_time=758849.991983,nthreads=32,
message=tick stats,tick=50,estimated_current_power=48.960606,
end_task=,name=syrk,elapsed_seconds=0.099401,predicted_seconds=0.053792,time_percent_error=45.883249,nthreads=32,end_time=758850.091863,avg_power_W=132.319588,max_power_W=185.000000,avg_time_s=0.099401,released_listeners=1,
start_task=,name=potrf,tick=51,start_time=758850.091912,nthreads=31,
message=tick stats,tick=51,estimated_current_power=42.447222,
end_task=,name=potrf,elapsed_seconds=0.064085,predicted_seconds=0.059061,time_percent_error=7.839205,nthreads=31,end_time=758850.164873,avg_power_W=132.387755,max_power_W=185.000000,avg_time_s=0.064085,released_listeners=0,
average_power_W=132.387755,
max_power_W=185.000000,
time_s=9.813991,
message=ALL DONE,
