message=cataloging configuration,max_threads=15,power_limit=inf,
start_task=,name=potrf,tick=1,start_time=707017.441547,nthreads=13,
message=tick stats,tick=1,estimated_current_power=28.855051,
end_task=,name=potrf,elapsed_seconds=0.187110,predicted_seconds=0.085372,time_percent_error=54.373139,nthreads=13,end_time=707017.629751,avg_power_W=187.000000,max_power_W=189.000000,avg_time_s=0.187110,released_listeners=5,
start_task=,name=trsm,tick=2,start_time=707017.629821,nthreads=4,
start_task=,name=trsm,tick=2,start_time=707017.629848,nthreads=4,
start_task=,name=trsm,tick=2,start_time=707017.629871,nthreads=2,
start_task=,name=trsm,tick=2,start_time=707017.629920,nthreads=2,
start_task=,name=trsm,tick=2,start_time=707017.629973,nthreads=2,
message=tick stats,tick=2,estimated_current_power=75.560179,
end_task=,name=trsm,elapsed_seconds=0.168158,predicted_seconds=0.163510,time_percent_error=2.763716,nthreads=4,end_time=707017.805084,avg_power_W=165.857143,max_power_W=189.000000,avg_time_s=0.168158,released_listeners=5,
start_task=,name=syrk,tick=3,start_time=707017.805157,nthreads=5,
message=tick stats,tick=3,estimated_current_power=73.058726,
end_task=,name=trsm,elapsed_seconds=0.187363,predicted_seconds=0.163510,time_percent_error=12.730478,nthreads=4,end_time=707017.817753,avg_power_W=165.857143,max_power_W=189.000000,avg_time_s=0.187363,released_listeners=5,
start_task=,name=gemm,tick=4,start_time=707017.817808,nthreads=2,
start_task=,name=syrk,tick=4,start_time=707017.817841,nthreads=2,
message=tick stats,tick=4,estimated_current_power=80.621793,
end_task=,name=trsm,elapsed_seconds=0.282995,predicted_seconds=0.292970,time_percent_error=3.524747,nthreads=2,end_time=707017.913475,avg_power_W=164.000000,max_power_W=189.000000,avg_time_s=0.282995,released_listeners=5,
start_task=,name=syrk,tick=5,start_time=707017.913511,nthreads=1,
start_task=,name=gemm,tick=5,start_time=707017.913530,nthreads=1,
message=tick stats,tick=5,estimated_current_power=90.497618,
end_task=,name=trsm,elapsed_seconds=0.292451,predicted_seconds=0.292970,time_percent_error=0.177358,nthreads=2,end_time=707017.926643,avg_power_W=164.000000,max_power_W=189.000000,avg_time_s=0.292451,released_listeners=5,
start_task=,name=syrk,tick=6,start_time=707017.926694,nthreads=1,
start_task=,name=gemm,tick=6,start_time=707017.926712,nthreads=1,
message=tick stats,tick=6,estimated_current_power=100.373442,
end_task=,name=trsm,elapsed_seconds=0.303750,predicted_seconds=0.292970,time_percent_error=3.549018,nthreads=2,end_time=707017.934693,avg_power_W=164.000000,max_power_W=189.000000,avg_time_s=0.303750,released_listeners=5,
start_task=,name=gemm,tick=7,start_time=707017.934774,nthreads=1,
start_task=,name=gemm,tick=7,start_time=707017.934793,nthreads=1,
message=tick stats,tick=7,estimated_current_power=110.587451,
end_task=,name=syrk,elapsed_seconds=0.320736,predicted_seconds=0.269296,time_percent_error=16.038023,nthreads=5,end_time=707018.126450,avg_power_W=159.923077,max_power_W=189.000000,avg_time_s=0.320736,released_listeners=1,
start_task=,name=gemm,tick=8,start_time=707018.126510,nthreads=1,
start_task=,name=gemm,tick=8,start_time=707018.126529,nthreads=1,
start_task=,name=syrk,tick=8,start_time=707018.126546,nthreads=1,
start_task=,name=gemm,tick=8,start_time=707018.126580,nthreads=1,
start_task=,name=gemm,tick=8,start_time=707018.126846,nthreads=1,
message=tick stats,tick=8,estimated_current_power=154.786460,
end_task=,name=gemm,elapsed_seconds=0.501318,predicted_seconds=0.523133,time_percent_error=4.351514,nthreads=2,end_time=707018.320088,avg_power_W=158.294118,max_power_W=189.000000,avg_time_s=0.501318,released_listeners=0,
start_task=,name=gemm,tick=9,start_time=707018.320119,nthreads=2,
message=tick stats,tick=9,estimated_current_power=154.786460,
end_task=,name=syrk,elapsed_seconds=0.746077,predicted_seconds=0.782142,time_percent_error=4.833947,nthreads=2,end_time=707018.564507,avg_power_W=157.636364,max_power_W=189.000000,avg_time_s=0.746077,released_listeners=1,
end_task=,name=syrk,elapsed_seconds=0.748226,predicted_seconds=0.833912,time_percent_error=11.451946,nthreads=1,end_time=707018.662339,avg_power_W=157.458333,max_power_W=189.000000,avg_time_s=0.748226,released_listeners=1,
end_task=,name=syrk,elapsed_seconds=0.785882,predicted_seconds=0.833912,time_percent_error=6.111640,nthreads=1,end_time=707018.713120,avg_power_W=157.320000,max_power_W=189.000000,avg_time_s=0.785882,released_listeners=1,
end_task=,name=gemm,elapsed_seconds=0.485010,predicted_seconds=0.523133,time_percent_error=7.860212,nthreads=2,end_time=707018.827005,avg_power_W=156.888889,max_power_W=189.000000,avg_time_s=0.485010,released_listeners=1,
end_task=,name=gemm,elapsed_seconds=0.929995,predicted_seconds=0.957383,time_percent_error=2.944897,nthreads=1,end_time=707018.855319,avg_power_W=156.678571,max_power_W=189.000000,avg_time_s=0.929995,released_listeners=0,
end_task=,name=gemm,elapsed_seconds=0.928957,predicted_seconds=0.957383,time_percent_error=3.059982,nthreads=1,end_time=707018.867645,avg_power_W=156.678571,max_power_W=189.000000,avg_time_s=0.928957,released_listeners=0,
end_task=,name=gemm,elapsed_seconds=0.945618,predicted_seconds=0.957383,time_percent_error=1.244132,nthreads=1,end_time=707018.880878,avg_power_W=156.678571,max_power_W=189.000000,avg_time_s=0.945618,released_listeners=1,
end_task=,name=gemm,elapsed_seconds=0.954238,predicted_seconds=0.957383,time_percent_error=0.329542,nthreads=1,end_time=707018.889479,avg_power_W=156.678571,max_power_W=189.000000,avg_time_s=0.954238,released_listeners=0,
end_task=,name=syrk,elapsed_seconds=0.789927,predicted_seconds=0.833912,time_percent_error=5.568280,nthreads=1,end_time=707018.917045,avg_power_W=156.482759,max_power_W=189.000000,avg_time_s=0.789927,released_listeners=1,
start_task=,name=potrf,tick=10,start_time=707018.917072,nthreads=11,
message=tick stats,tick=10,estimated_current_power=74.357815,
end_task=,name=potrf,elapsed_seconds=0.104811,predicted_seconds=0.106711,time_percent_error=1.813501,nthreads=11,end_time=707019.022359,avg_power_W=155.870968,max_power_W=189.000000,avg_time_s=0.104811,released_listeners=4,
start_task=,name=trsm,tick=11,start_time=707019.022404,nthreads=6,
start_task=,name=trsm,tick=11,start_time=707019.022433,nthreads=5,
message=tick stats,tick=11,estimated_current_power=89.303813,
end_task=,name=gemm,elapsed_seconds=0.924196,predicted_seconds=0.957383,time_percent_error=3.590901,nthreads=1,end_time=707019.055997,avg_power_W=155.656250,max_power_W=189.000000,avg_time_s=0.924196,released_listeners=1,
start_task=,name=trsm,tick=12,start_time=707019.056025,nthreads=1,
message=tick stats,tick=12,estimated_current_power=90.883425,
end_task=,name=gemm,elapsed_seconds=0.936285,predicted_seconds=0.957383,time_percent_error=2.253306,nthreads=1,end_time=707019.063699,avg_power_W=155.656250,max_power_W=189.000000,avg_time_s=0.936285,released_listeners=1,
start_task=,name=trsm,tick=13,start_time=707019.063725,nthreads=1,
message=tick stats,tick=13,estimated_current_power=92.463037,
end_task=,name=gemm,elapsed_seconds=0.940483,predicted_seconds=0.957383,time_percent_error=1.796872,nthreads=1,end_time=707019.068613,avg_power_W=155.656250,max_power_W=189.000000,avg_time_s=0.940483,released_listeners=0,
end_task=,name=gemm,elapsed_seconds=0.932731,predicted_seconds=0.957383,time_percent_error=2.642897,nthreads=1,end_time=707019.073558,avg_power_W=155.656250,max_power_W=189.000000,avg_time_s=0.932731,released_listeners=0,
end_task=,name=trsm,elapsed_seconds=0.100002,predicted_seconds=0.111110,time_percent_error=11.108306,nthreads=6,end_time=707019.122925,avg_power_W=155.515152,max_power_W=189.000000,avg_time_s=0.100002,released_listeners=4,
start_task=,name=syrk,tick=14,start_time=707019.122968,nthreads=7,
message=tick stats,tick=14,estimated_current_power=61.954054,
end_task=,name=trsm,elapsed_seconds=0.129258,predicted_seconds=0.135833,time_percent_error=5.087158,nthreads=5,end_time=707019.155466,avg_power_W=155.617647,max_power_W=189.000000,avg_time_s=0.129258,released_listeners=4,
start_task=,name=gemm,tick=15,start_time=707019.155498,nthreads=2,
start_task=,name=syrk,tick=15,start_time=707019.155516,nthreads=3,
message=tick stats,tick=15,estimated_current_power=67.780530,
end_task=,name=syrk,elapsed_seconds=0.250955,predicted_seconds=0.256580,time_percent_error=2.241699,nthreads=7,end_time=707019.374504,avg_power_W=154.684211,max_power_W=189.000000,avg_time_s=0.250955,released_listeners=1,
start_task=,name=potrf,tick=16,start_time=707019.374526,nthreads=7,
message=tick stats,tick=16,estimated_current_power=71.417291,
end_task=,name=trsm,elapsed_seconds=0.453620,predicted_seconds=0.569669,time_percent_error=25.582955,nthreads=1,end_time=707019.510227,avg_power_W=153.975610,max_power_W=189.000000,avg_time_s=0.453620,released_listeners=4,
start_task=,name=gemm,tick=17,start_time=707019.510273,nthreads=1,
start_task=,name=syrk,tick=17,start_time=707019.510301,nthreads=1,
message=tick stats,tick=17,estimated_current_power=81.391601,
end_task=,name=trsm,elapsed_seconds=0.457666,predicted_seconds=0.569669,time_percent_error=24.472742,nthreads=1,end_time=707019.522094,avg_power_W=153.975610,max_power_W=189.000000,avg_time_s=0.457666,released_listeners=4,
start_task=,name=gemm,tick=18,start_time=707019.522147,nthreads=1,
message=tick stats,tick=18,estimated_current_power=79.811989,
end_task=,name=potrf,elapsed_seconds=0.177073,predicted_seconds=0.169701,time_percent_error=4.162954,nthreads=7,end_time=707019.555721,avg_power_W=153.761905,max_power_W=189.000000,avg_time_s=0.177073,released_listeners=3,
start_task=,name=syrk,tick=19,start_time=707019.555762,nthreads=1,
start_task=,name=gemm,tick=19,start_time=707019.555780,nthreads=2,
start_task=,name=gemm,tick=19,start_time=707019.555799,nthreads=2,
start_task=,name=gemm,tick=19,start_time=707019.555827,nthreads=2,
message=tick stats,tick=19,estimated_current_power=111.613468,
end_task=,name=gemm,elapsed_seconds=0.488992,predicted_seconds=0.523133,time_percent_error=6.981813,nthreads=2,end_time=707019.655658,avg_power_W=153.340909,max_power_W=189.000000,avg_time_s=0.488992,released_listeners=1,
start_task=,name=trsm,tick=20,start_time=707019.655686,nthreads=2,
message=tick stats,tick=20,estimated_current_power=112.207761,
end_task=,name=syrk,elapsed_seconds=0.732570,predicted_seconds=0.764859,time_percent_error=4.407612,nthreads=3,end_time=707019.888579,avg_power_W=152.958333,max_power_W=189.000000,avg_time_s=0.732570,released_listeners=1,
end_task=,name=trsm,elapsed_seconds=0.262769,predicted_seconds=0.292970,time_percent_error=11.493318,nthreads=2,end_time=707019.918991,avg_power_W=152.959184,max_power_W=189.000000,avg_time_s=0.262769,released_listeners=3,
start_task=,name=syrk,tick=21,start_time=707019.919019,nthreads=5,
message=tick stats,tick=21,estimated_current_power=100.743114,
end_task=,name=gemm,elapsed_seconds=0.544771,predicted_seconds=0.523133,time_percent_error=3.971881,nthreads=2,end_time=707020.105795,avg_power_W=152.905660,max_power_W=189.000000,avg_time_s=0.544771,released_listeners=0,
end_task=,name=gemm,elapsed_seconds=0.544418,predicted_seconds=0.523133,time_percent_error=3.909662,nthreads=2,end_time=707020.105826,avg_power_W=152.905660,max_power_W=189.000000,avg_time_s=0.544418,released_listeners=0,
end_task=,name=gemm,elapsed_seconds=0.562777,predicted_seconds=0.523133,time_percent_error=7.044310,nthreads=2,end_time=707020.129136,avg_power_W=152.905660,max_power_W=189.000000,avg_time_s=0.562777,released_listeners=0,
end_task=,name=syrk,elapsed_seconds=0.271875,predicted_seconds=0.269296,time_percent_error=0.948425,nthreads=5,end_time=707020.205041,avg_power_W=152.654545,max_power_W=189.000000,avg_time_s=0.271875,released_listeners=1,
end_task=,name=syrk,elapsed_seconds=0.748351,predicted_seconds=0.833912,time_percent_error=11.433370,nthreads=1,end_time=707020.259216,avg_power_W=152.410714,max_power_W=189.000000,avg_time_s=0.748351,released_listeners=1,
end_task=,name=syrk,elapsed_seconds=0.820784,predicted_seconds=0.833912,time_percent_error=1.599521,nthreads=1,end_time=707020.377371,avg_power_W=151.793103,max_power_W=189.000000,avg_time_s=0.820784,released_listeners=1,
end_task=,name=gemm,elapsed_seconds=0.922430,predicted_seconds=0.957383,time_percent_error=3.789207,nthreads=1,end_time=707020.455633,avg_power_W=151.250000,max_power_W=189.000000,avg_time_s=0.922430,released_listeners=1,
start_task=,name=trsm,tick=22,start_time=707020.455682,nthreads=14,
message=tick stats,tick=22,estimated_current_power=44.809782,
end_task=,name=gemm,elapsed_seconds=0.942245,predicted_seconds=0.957383,time_percent_error=1.606519,nthreads=1,end_time=707020.455718,avg_power_W=151.250000,max_power_W=189.000000,avg_time_s=0.942245,released_listeners=1,
start_task=,name=trsm,tick=23,start_time=707020.455739,nthreads=1,
message=tick stats,tick=23,estimated_current_power=46.389394,
end_task=,name=trsm,elapsed_seconds=0.061791,predicted_seconds=0.058493,time_percent_error=5.337818,nthreads=14,end_time=707020.518288,avg_power_W=151.000000,max_power_W=189.000000,avg_time_s=0.061791,released_listeners=3,
start_task=,name=syrk,tick=24,start_time=707020.518336,nthreads=5,
start_task=,name=gemm,tick=24,start_time=707020.518364,nthreads=9,
message=tick stats,tick=24,estimated_current_power=49.619002,
end_task=,name=gemm,elapsed_seconds=0.219790,predicted_seconds=0.194402,time_percent_error=11.550833,nthreads=9,end_time=707020.738807,avg_power_W=150.600000,max_power_W=189.000000,avg_time_s=0.219790,released_listeners=1,
end_task=,name=syrk,elapsed_seconds=0.271362,predicted_seconds=0.269296,time_percent_error=0.761392,nthreads=5,end_time=707020.790347,avg_power_W=150.515152,max_power_W=189.000000,avg_time_s=0.271362,released_listeners=1,
start_task=,name=potrf,tick=25,start_time=707020.790389,nthreads=13,
message=tick stats,tick=25,estimated_current_power=42.326768,
end_task=,name=potrf,elapsed_seconds=0.088322,predicted_seconds=0.085372,time_percent_error=3.340214,nthreads=13,end_time=707020.879773,avg_power_W=150.058824,max_power_W=189.000000,avg_time_s=0.088322,released_listeners=2,
start_task=,name=trsm,tick=26,start_time=707020.879803,nthreads=14,
message=tick stats,tick=26,estimated_current_power=46.389394,
end_task=,name=trsm,elapsed_seconds=0.457664,predicted_seconds=0.569669,time_percent_error=24.473180,nthreads=1,end_time=707020.913901,avg_power_W=149.942029,max_power_W=189.000000,avg_time_s=0.457664,released_listeners=3,
start_task=,name=gemm,tick=27,start_time=707020.913953,nthreads=1,
message=tick stats,tick=27,estimated_current_power=44.809782,
end_task=,name=trsm,elapsed_seconds=0.058927,predicted_seconds=0.058493,time_percent_error=0.737589,nthreads=14,end_time=707020.939240,avg_power_W=149.942029,max_power_W=189.000000,avg_time_s=0.058927,released_listeners=2,
start_task=,name=syrk,tick=28,start_time=707020.939284,nthreads=5,
start_task=,name=gemm,tick=28,start_time=707020.939310,nthreads=4,
start_task=,name=syrk,tick=28,start_time=707020.939334,nthreads=5,
message=tick stats,tick=28,estimated_current_power=56.068206,
end_task=,name=syrk,elapsed_seconds=0.277206,predicted_seconds=0.269296,time_percent_error=2.853389,nthreads=5,end_time=707021.217017,avg_power_W=149.360000,max_power_W=189.000000,avg_time_s=0.277206,released_listeners=1,
end_task=,name=syrk,elapsed_seconds=0.290589,predicted_seconds=0.269296,time_percent_error=7.327404,nthreads=5,end_time=707021.230536,avg_power_W=149.360000,max_power_W=189.000000,avg_time_s=0.290589,released_listeners=1,
end_task=,name=gemm,elapsed_seconds=0.400240,predicted_seconds=0.386206,time_percent_error=3.506267,nthreads=4,end_time=707021.340156,avg_power_W=149.181818,max_power_W=189.000000,avg_time_s=0.400240,released_listeners=0,
end_task=,name=gemm,elapsed_seconds=0.906905,predicted_seconds=0.957383,time_percent_error=5.565901,nthreads=1,end_time=707021.821595,avg_power_W=146.850575,max_power_W=189.000000,avg_time_s=0.906905,released_listeners=1,
start_task=,name=trsm,tick=29,start_time=707021.821637,nthreads=15,
message=tick stats,tick=29,estimated_current_power=35.161212,
end_task=,name=trsm,elapsed_seconds=0.058695,predicted_seconds=0.055824,time_percent_error=4.892612,nthreads=15,end_time=707021.880850,avg_power_W=146.602273,max_power_W=189.000000,avg_time_s=0.058695,released_listeners=2,
start_task=,name=syrk,tick=30,start_time=707021.880897,nthreads=5,
start_task=,name=gemm,tick=30,start_time=707021.880934,nthreads=9,
message=tick stats,tick=30,estimated_current_power=36.147284,
end_task=,name=gemm,elapsed_seconds=0.217786,predicted_seconds=0.194402,time_percent_error=10.737075,nthreads=9,end_time=707022.105422,avg_power_W=146.290323,max_power_W=189.000000,avg_time_s=0.217786,released_listeners=1,
end_task=,name=syrk,elapsed_seconds=0.269563,predicted_seconds=0.269296,time_percent_error=0.098826,nthreads=5,end_time=707022.155706,avg_power_W=146.223404,max_power_W=189.000000,avg_time_s=0.269563,released_listeners=1,
start_task=,name=potrf,tick=31,start_time=707022.155745,nthreads=13,
message=tick stats,tick=31,estimated_current_power=28.855051,
end_task=,name=potrf,elapsed_seconds=0.080690,predicted_seconds=0.085372,time_percent_error=5.803409,nthreads=13,end_time=707022.237532,avg_power_W=146.063158,max_power_W=189.000000,avg_time_s=0.080690,released_listeners=1,
start_task=,name=trsm,tick=32,start_time=707022.237575,nthreads=15,
message=tick stats,tick=32,estimated_current_power=35.161212,
end_task=,name=trsm,elapsed_seconds=0.058582,predicted_seconds=0.055824,time_percent_error=4.708122,nthreads=15,end_time=707022.305357,avg_power_W=145.865979,max_power_W=189.000000,avg_time_s=0.058582,released_listeners=1,
start_task=,name=syrk,tick=33,start_time=707022.305404,nthreads=15,
message=tick stats,tick=33,estimated_current_power=26.133333,
end_task=,name=syrk,elapsed_seconds=0.122530,predicted_seconds=0.108289,time_percent_error=11.622216,nthreads=15,end_time=707022.428507,avg_power_W=145.828283,max_power_W=189.000000,avg_time_s=0.122530,released_listeners=1,
start_task=,name=potrf,tick=34,start_time=707022.428550,nthreads=13,
message=tick stats,tick=34,estimated_current_power=28.855051,
end_task=,name=potrf,elapsed_seconds=0.084600,predicted_seconds=0.085372,time_percent_error=0.913093,nthreads=13,end_time=707022.513698,avg_power_W=145.633663,max_power_W=189.000000,avg_time_s=0.084600,released_listeners=0,
average_power_W=145.633663,
max_power_W=189.000000,
time_s=5.072217,
message=ALL DONE,
