message=cataloging configuration,max_threads=27,power_limit=inf,
start_task=,name=potrf,tick=1,start_time=704178.643173,nthreads=27,
message=tick stats,tick=1,estimated_current_power=40.367677,
end_task=,name=potrf,elapsed_seconds=0.239694,predicted_seconds=0.062928,time_percent_error=73.746391,nthreads=27,end_time=704178.884113,avg_power_W=188.750000,max_power_W=190.000000,avg_time_s=0.239694,released_listeners=5,
start_task=,name=trsm,tick=2,start_time=704178.884160,nthreads=6,
start_task=,name=trsm,tick=2,start_time=704178.884188,nthreads=6,
start_task=,name=trsm,tick=2,start_time=704178.884211,nthreads=5,
start_task=,name=trsm,tick=2,start_time=704178.884296,nthreads=5,
start_task=,name=trsm,tick=2,start_time=704178.884633,nthreads=5,
message=tick stats,tick=2,estimated_current_power=103.437996,
end_task=,name=trsm,elapsed_seconds=0.129374,predicted_seconds=0.111110,time_percent_error=14.116726,nthreads=6,end_time=704179.014273,avg_power_W=178.428571,max_power_W=190.000000,avg_time_s=0.129374,released_listeners=5,
start_task=,name=syrk,tick=3,start_time=704179.014312,nthreads=6,
message=tick stats,tick=3,estimated_current_power=97.564662,
end_task=,name=trsm,elapsed_seconds=0.129662,predicted_seconds=0.111110,time_percent_error=14.307886,nthreads=6,end_time=704179.014339,avg_power_W=178.428571,max_power_W=190.000000,avg_time_s=0.129662,released_listeners=5,
start_task=,name=syrk,tick=4,start_time=704179.014358,nthreads=3,
start_task=,name=gemm,tick=4,start_time=704179.014374,nthreads=3,
message=tick stats,tick=4,estimated_current_power=104.637115,
end_task=,name=trsm,elapsed_seconds=0.152550,predicted_seconds=0.135833,time_percent_error=10.958091,nthreads=5,end_time=704179.037392,avg_power_W=178.428571,max_power_W=190.000000,avg_time_s=0.152550,released_listeners=5,
start_task=,name=syrk,tick=5,start_time=704179.037416,nthreads=2,
start_task=,name=gemm,tick=5,start_time=704179.037434,nthreads=2,
start_task=,name=gemm,tick=5,start_time=704179.037451,nthreads=1,
message=tick stats,tick=5,estimated_current_power=121.549863,
end_task=,name=trsm,elapsed_seconds=0.161613,predicted_seconds=0.135833,time_percent_error=15.951428,nthreads=5,end_time=704179.071976,avg_power_W=179.500000,max_power_W=190.000000,avg_time_s=0.161613,released_listeners=5,
start_task=,name=gemm,tick=6,start_time=704179.072009,nthreads=2,
start_task=,name=syrk,tick=6,start_time=704179.072028,nthreads=1,
start_task=,name=gemm,tick=6,start_time=704179.072046,nthreads=1,
start_task=,name=gemm,tick=6,start_time=704179.072064,nthreads=1,
message=tick stats,tick=6,estimated_current_power=149.896694,
end_task=,name=trsm,elapsed_seconds=0.161728,predicted_seconds=0.135833,time_percent_error=16.011547,nthreads=5,end_time=704179.072279,avg_power_W=179.500000,max_power_W=190.000000,avg_time_s=0.161728,released_listeners=5,
start_task=,name=gemm,tick=7,start_time=704179.072299,nthreads=1,
start_task=,name=syrk,tick=7,start_time=704179.072316,nthreads=1,
start_task=,name=gemm,tick=7,start_time=704179.072398,nthreads=1,
start_task=,name=gemm,tick=7,start_time=704179.072514,nthreads=1,
start_task=,name=gemm,tick=7,start_time=704179.072571,nthreads=1,
message=tick stats,tick=7,estimated_current_power=189.051825,
end_task=,name=syrk,elapsed_seconds=0.348433,predicted_seconds=0.259482,time_percent_error=25.528659,nthreads=6,end_time=704179.363647,avg_power_W=168.071429,max_power_W=190.000000,avg_time_s=0.348433,released_listeners=1,
end_task=,name=gemm,elapsed_seconds=0.437583,predicted_seconds=0.364939,time_percent_error=16.601086,nthreads=3,end_time=704179.457577,avg_power_W=166.687500,max_power_W=190.000000,avg_time_s=0.437583,released_listeners=0,
end_task=,name=gemm,elapsed_seconds=0.609978,predicted_seconds=0.523133,time_percent_error=14.237466,nthreads=2,end_time=704179.657456,avg_power_W=165.250000,max_power_W=190.000000,avg_time_s=0.609978,released_listeners=0,
end_task=,name=gemm,elapsed_seconds=0.692853,predicted_seconds=0.523133,time_percent_error=24.495873,nthreads=2,end_time=704179.765417,avg_power_W=164.454545,max_power_W=190.000000,avg_time_s=0.692853,released_listeners=1,
end_task=,name=syrk,elapsed_seconds=0.797467,predicted_seconds=0.764859,time_percent_error=4.088953,nthreads=3,end_time=704179.812405,avg_power_W=164.043478,max_power_W=190.000000,avg_time_s=0.797467,released_listeners=1,
end_task=,name=syrk,elapsed_seconds=0.803357,predicted_seconds=0.782142,time_percent_error=2.640805,nthreads=2,end_time=704179.841315,avg_power_W=164.043478,max_power_W=190.000000,avg_time_s=0.803357,released_listeners=1,
end_task=,name=gemm,elapsed_seconds=1.013309,predicted_seconds=0.957383,time_percent_error=5.519208,nthreads=1,end_time=704180.057618,avg_power_W=161.357143,max_power_W=190.000000,avg_time_s=1.013309,released_listeners=0,
end_task=,name=syrk,elapsed_seconds=1.016356,predicted_seconds=0.833912,time_percent_error=17.950783,nthreads=1,end_time=704180.089276,avg_power_W=161.357143,max_power_W=190.000000,avg_time_s=1.016356,released_listeners=1,
start_task=,name=potrf,tick=8,start_time=704180.089306,nthreads=20,
message=tick stats,tick=8,estimated_current_power=118.097462,
end_task=,name=syrk,elapsed_seconds=1.039260,predicted_seconds=0.833912,time_percent_error=19.759071,nthreads=1,end_time=704180.112202,avg_power_W=160.862069,max_power_W=190.000000,avg_time_s=1.039260,released_listeners=1,
end_task=,name=potrf,elapsed_seconds=0.075614,predicted_seconds=0.062871,time_percent_error=16.852588,nthreads=20,end_time=704180.169240,avg_power_W=160.366667,max_power_W=190.000000,avg_time_s=0.075614,released_listeners=4,
start_task=,name=trsm,tick=9,start_time=704180.169270,nthreads=21,
message=tick stats,tick=9,estimated_current_power=112.858086,
end_task=,name=gemm,elapsed_seconds=1.138041,predicted_seconds=0.957383,time_percent_error=15.874507,nthreads=1,end_time=704180.211175,avg_power_W=160.258065,max_power_W=190.000000,avg_time_s=1.138041,released_listeners=0,
end_task=,name=gemm,elapsed_seconds=1.150101,predicted_seconds=0.957383,time_percent_error=16.756644,nthreads=1,end_time=704180.222742,avg_power_W=160.258065,max_power_W=190.000000,avg_time_s=1.150101,released_listeners=1,
end_task=,name=gemm,elapsed_seconds=1.149916,predicted_seconds=0.957383,time_percent_error=16.743270,nthreads=1,end_time=704180.222772,avg_power_W=160.258065,max_power_W=190.000000,avg_time_s=1.149916,released_listeners=1,
start_task=,name=trsm,tick=10,start_time=704180.222792,nthreads=2,
start_task=,name=trsm,tick=10,start_time=704180.222810,nthreads=1,
message=tick stats,tick=10,estimated_current_power=104.223690,
end_task=,name=trsm,elapsed_seconds=0.053532,predicted_seconds=0.045728,time_percent_error=14.579247,nthreads=21,end_time=704180.228556,avg_power_W=160.258065,max_power_W=190.000000,avg_time_s=0.053532,released_listeners=4,
start_task=,name=syrk,tick=11,start_time=704180.228588,nthreads=21,
message=tick stats,tick=11,estimated_current_power=97.838437,
end_task=,name=gemm,elapsed_seconds=1.166169,predicted_seconds=0.957383,time_percent_error=17.903594,nthreads=1,end_time=704180.239603,avg_power_W=160.258065,max_power_W=190.000000,avg_time_s=1.166169,released_listeners=0,
end_task=,name=gemm,elapsed_seconds=1.180805,predicted_seconds=0.957383,time_percent_error=18.921220,nthreads=1,end_time=704180.257595,avg_power_W=160.218750,max_power_W=190.000000,avg_time_s=1.180805,released_listeners=0,
end_task=,name=gemm,elapsed_seconds=1.229441,predicted_seconds=0.957383,time_percent_error=22.128613,nthreads=1,end_time=704180.307881,avg_power_W=160.272727,max_power_W=190.000000,avg_time_s=1.229441,released_listeners=1,
start_task=,name=trsm,tick=12,start_time=704180.307922,nthreads=3,
message=tick stats,tick=12,estimated_current_power=80.558703,
end_task=,name=syrk,elapsed_seconds=0.114185,predicted_seconds=0.073212,time_percent_error=35.883180,nthreads=21,end_time=704180.357380,avg_power_W=160.205882,max_power_W=190.000000,avg_time_s=0.114185,released_listeners=1,
end_task=,name=trsm,elapsed_seconds=0.248907,predicted_seconds=0.292970,time_percent_error=17.702641,nthreads=2,end_time=704180.472175,avg_power_W=159.777778,max_power_W=190.000000,avg_time_s=0.248907,released_listeners=4,
start_task=,name=syrk,tick=13,start_time=704180.472217,nthreads=12,
start_task=,name=gemm,tick=13,start_time=704180.472254,nthreads=11,
message=tick stats,tick=13,estimated_current_power=78.751379,
end_task=,name=trsm,elapsed_seconds=0.170731,predicted_seconds=0.204505,time_percent_error=19.781563,nthreads=3,end_time=704180.481785,avg_power_W=159.777778,max_power_W=190.000000,avg_time_s=0.170731,released_listeners=4,
start_task=,name=syrk,tick=14,start_time=704180.481811,nthreads=1,
start_task=,name=gemm,tick=14,start_time=704180.481830,nthreads=1,
start_task=,name=gemm,tick=14,start_time=704180.481846,nthreads=1,
message=tick stats,tick=14,estimated_current_power=95.692930,
end_task=,name=syrk,elapsed_seconds=0.148595,predicted_seconds=0.113015,time_percent_error=23.944453,nthreads=12,end_time=704180.621304,avg_power_W=158.923077,max_power_W=190.000000,avg_time_s=0.148595,released_listeners=1,
end_task=,name=gemm,elapsed_seconds=0.215996,predicted_seconds=0.191029,time_percent_error=11.559110,nthreads=11,end_time=704180.688990,avg_power_W=158.875000,max_power_W=190.000000,avg_time_s=0.215996,released_listeners=0,
end_task=,name=trsm,elapsed_seconds=0.480368,predicted_seconds=0.569669,time_percent_error=18.590315,nthreads=1,end_time=704180.707641,avg_power_W=158.731707,max_power_W=190.000000,avg_time_s=0.480368,released_listeners=4,
start_task=,name=syrk,tick=15,start_time=704180.707668,nthreads=6,
start_task=,name=gemm,tick=15,start_time=704180.707686,nthreads=6,
start_task=,name=gemm,tick=15,start_time=704180.707703,nthreads=6,
start_task=,name=gemm,tick=15,start_time=704180.707722,nthreads=6,
message=tick stats,tick=15,estimated_current_power=97.949409,
end_task=,name=syrk,elapsed_seconds=0.281258,predicted_seconds=0.259482,time_percent_error=7.742097,nthreads=6,end_time=704180.989551,avg_power_W=157.782609,max_power_W=190.000000,avg_time_s=0.281258,released_listeners=1,
start_task=,name=potrf,tick=16,start_time=704180.989576,nthreads=6,
message=tick stats,tick=16,estimated_current_power=104.496385,
end_task=,name=gemm,elapsed_seconds=0.395156,predicted_seconds=0.354704,time_percent_error=10.237038,nthreads=6,end_time=704181.107330,avg_power_W=157.693878,max_power_W=190.000000,avg_time_s=0.395156,released_listeners=1,
end_task=,name=gemm,elapsed_seconds=0.400326,predicted_seconds=0.354704,time_percent_error=11.396238,nthreads=6,end_time=704181.108804,avg_power_W=157.693878,max_power_W=190.000000,avg_time_s=0.400326,released_listeners=1,
end_task=,name=gemm,elapsed_seconds=0.406254,predicted_seconds=0.354704,time_percent_error=12.689185,nthreads=6,end_time=704181.114547,avg_power_W=157.693878,max_power_W=190.000000,avg_time_s=0.406254,released_listeners=1,
end_task=,name=potrf,elapsed_seconds=0.179839,predicted_seconds=0.195319,time_percent_error=8.607883,nthreads=6,end_time=704181.169973,avg_power_W=157.680000,max_power_W=190.000000,avg_time_s=0.179839,released_listeners=3,
start_task=,name=trsm,tick=17,start_time=704181.169993,nthreads=8,
start_task=,name=trsm,tick=17,start_time=704181.170009,nthreads=8,
start_task=,name=trsm,tick=17,start_time=704181.170030,nthreads=8,
message=tick stats,tick=17,estimated_current_power=116.368435,
end_task=,name=trsm,elapsed_seconds=0.090449,predicted_seconds=0.085967,time_percent_error=4.954680,nthreads=8,end_time=704181.261053,avg_power_W=157.057692,max_power_W=190.000000,avg_time_s=0.090449,released_listeners=3,
start_task=,name=syrk,tick=18,start_time=704181.261080,nthreads=8,
message=tick stats,tick=18,estimated_current_power=110.491823,
end_task=,name=trsm,elapsed_seconds=0.093772,predicted_seconds=0.085967,time_percent_error=8.322950,nthreads=8,end_time=704181.266086,avg_power_W=157.057692,max_power_W=190.000000,avg_time_s=0.093772,released_listeners=3,
start_task=,name=gemm,tick=19,start_time=704181.266109,nthreads=8,
message=tick stats,tick=19,estimated_current_power=106.183995,
end_task=,name=trsm,elapsed_seconds=0.099055,predicted_seconds=0.085967,time_percent_error=13.213086,nthreads=8,end_time=704181.271427,avg_power_W=157.057692,max_power_W=190.000000,avg_time_s=0.099055,released_listeners=3,
start_task=,name=gemm,tick=20,start_time=704181.271451,nthreads=3,
start_task=,name=gemm,tick=20,start_time=704181.271465,nthreads=3,
start_task=,name=syrk,tick=20,start_time=704181.271484,nthreads=2,
message=tick stats,tick=20,estimated_current_power=123.231552,
end_task=,name=syrk,elapsed_seconds=0.801211,predicted_seconds=0.833912,time_percent_error=4.081497,nthreads=1,end_time=704181.331915,avg_power_W=157.509434,max_power_W=190.000000,avg_time_s=0.801211,released_listeners=1,
start_task=,name=syrk,tick=21,start_time=704181.331940,nthreads=1,
message=tick stats,tick=21,estimated_current_power=123.231552,
end_task=,name=gemm,elapsed_seconds=0.950845,predicted_seconds=0.957383,time_percent_error=0.687590,nthreads=1,end_time=704181.433167,avg_power_W=157.254545,max_power_W=190.000000,avg_time_s=0.950845,released_listeners=0,
end_task=,name=gemm,elapsed_seconds=0.961199,predicted_seconds=0.957383,time_percent_error=0.397016,nthreads=1,end_time=704181.457071,avg_power_W=157.232143,max_power_W=190.000000,avg_time_s=0.961199,released_listeners=0,
end_task=,name=syrk,elapsed_seconds=0.233292,predicted_seconds=0.150769,time_percent_error=35.372975,nthreads=8,end_time=704181.508083,avg_power_W=157.228070,max_power_W=190.000000,avg_time_s=0.233292,released_listeners=1,
end_task=,name=gemm,elapsed_seconds=0.234263,predicted_seconds=0.192999,time_percent_error=17.614717,nthreads=8,end_time=704181.508140,avg_power_W=157.228070,max_power_W=190.000000,avg_time_s=0.234263,released_listeners=1,
end_task=,name=gemm,elapsed_seconds=0.450317,predicted_seconds=0.364939,time_percent_error=18.959469,nthreads=3,end_time=704181.722276,avg_power_W=156.819672,max_power_W=190.000000,avg_time_s=0.450317,released_listeners=0,
end_task=,name=gemm,elapsed_seconds=0.457498,predicted_seconds=0.364939,time_percent_error=20.231551,nthreads=3,end_time=704181.729453,avg_power_W=156.819672,max_power_W=190.000000,avg_time_s=0.457498,released_listeners=1,
end_task=,name=syrk,elapsed_seconds=0.865616,predicted_seconds=0.782142,time_percent_error=9.643287,nthreads=2,end_time=704182.137965,avg_power_W=154.188406,max_power_W=190.000000,avg_time_s=0.865616,released_listeners=1,
end_task=,name=syrk,elapsed_seconds=0.805043,predicted_seconds=0.833912,time_percent_error=3.586042,nthreads=1,end_time=704182.157869,avg_power_W=153.842857,max_power_W=190.000000,avg_time_s=0.805043,released_listeners=1,
start_task=,name=potrf,tick=22,start_time=704182.157913,nthreads=27,
message=tick stats,tick=22,estimated_current_power=40.367677,
end_task=,name=potrf,elapsed_seconds=0.070230,predicted_seconds=0.062928,time_percent_error=10.396411,nthreads=27,end_time=704182.229084,avg_power_W=153.549296,max_power_W=190.000000,avg_time_s=0.070230,released_listeners=2,
start_task=,name=trsm,tick=23,start_time=704182.229132,nthreads=14,
start_task=,name=trsm,tick=23,start_time=704182.229163,nthreads=13,
message=tick stats,tick=23,estimated_current_power=64.656465,
end_task=,name=trsm,elapsed_seconds=0.067453,predicted_seconds=0.058493,time_percent_error=13.283869,nthreads=14,end_time=704182.307942,avg_power_W=153.246575,max_power_W=190.000000,avg_time_s=0.067453,released_listeners=2,
end_task=,name=trsm,elapsed_seconds=0.066819,predicted_seconds=0.063077,time_percent_error=5.599183,nthreads=13,end_time=704182.308176,avg_power_W=153.246575,max_power_W=190.000000,avg_time_s=0.066819,released_listeners=2,
start_task=,name=syrk,tick=24,start_time=704182.308209,nthreads=9,
start_task=,name=gemm,tick=24,start_time=704182.308237,nthreads=9,
start_task=,name=syrk,tick=24,start_time=704182.308262,nthreads=9,
message=tick stats,tick=24,estimated_current_power=61.646950,
end_task=,name=syrk,elapsed_seconds=0.183979,predicted_seconds=0.152565,time_percent_error=17.074820,nthreads=9,end_time=704182.492680,avg_power_W=153.223684,max_power_W=190.000000,avg_time_s=0.183979,released_listeners=1,
start_task=,name=potrf,tick=25,start_time=704182.492721,nthreads=9,
message=tick stats,tick=25,estimated_current_power=62.338986,
end_task=,name=syrk,elapsed_seconds=0.193834,predicted_seconds=0.152565,time_percent_error=21.290660,nthreads=9,end_time=704182.508421,avg_power_W=153.220779,max_power_W=190.000000,avg_time_s=0.193834,released_listeners=1,
end_task=,name=gemm,elapsed_seconds=0.227484,predicted_seconds=0.194402,time_percent_error=14.542485,nthreads=9,end_time=704182.536406,avg_power_W=153.220779,max_power_W=190.000000,avg_time_s=0.227484,released_listeners=1,
end_task=,name=potrf,elapsed_seconds=0.116115,predicted_seconds=0.107711,time_percent_error=7.238067,nthreads=9,end_time=704182.609940,avg_power_W=153.189873,max_power_W=190.000000,avg_time_s=0.116115,released_listeners=1,
start_task=,name=trsm,tick=26,start_time=704182.609984,nthreads=27,
message=tick stats,tick=26,estimated_current_power=49.110606,
end_task=,name=trsm,elapsed_seconds=0.046130,predicted_seconds=0.039345,time_percent_error=14.709014,nthreads=27,end_time=704182.657169,avg_power_W=153.012500,max_power_W=190.000000,avg_time_s=0.046130,released_listeners=1,
start_task=,name=syrk,tick=27,start_time=704182.657242,nthreads=27,
message=tick stats,tick=27,estimated_current_power=39.130303,
end_task=,name=syrk,elapsed_seconds=0.088476,predicted_seconds=0.066930,time_percent_error=24.352274,nthreads=27,end_time=704182.757775,avg_power_W=152.951220,max_power_W=190.000000,avg_time_s=0.088476,released_listeners=1,
start_task=,name=potrf,tick=28,start_time=704182.757825,nthreads=27,
message=tick stats,tick=28,estimated_current_power=40.367677,
end_task=,name=potrf,elapsed_seconds=0.067136,predicted_seconds=0.062928,time_percent_error=6.266896,nthreads=27,end_time=704182.825896,avg_power_W=152.879518,max_power_W=190.000000,avg_time_s=0.067136,released_listeners=0,
average_power_W=152.879518,
max_power_W=190.000000,
time_s=4.182792,
message=ALL DONE,
