message=cataloging configuration,max_threads=112,power_limit=235.000000,
start_task=,name=potrf,tick=1,start_time=759722.910246,nthreads=61,
message=tick stats,tick=1,estimated_current_power=68.206061,
end_task=,name=potrf,elapsed_seconds=0.310109,predicted_seconds=0.046642,time_percent_error=84.959555,nthreads=61,end_time=759723.225065,avg_power_W=185.833333,max_power_W=190.000000,avg_time_s=0.310109,released_listeners=5,
start_task=,name=trsm,tick=2,start_time=759723.225138,nthreads=22,
start_task=,name=trsm,tick=2,start_time=759723.225173,nthreads=22,
start_task=,name=trsm,tick=2,start_time=759723.225200,nthreads=22,
start_task=,name=trsm,tick=2,start_time=759723.225575,nthreads=22,
start_task=,name=trsm,tick=2,start_time=759723.225626,nthreads=22,
message=tick stats,tick=2,estimated_current_power=224.437879,
end_task=,name=trsm,elapsed_seconds=0.133538,predicted_seconds=0.041920,time_percent_error=68.607983,nthreads=22,end_time=759723.359093,avg_power_W=180.750000,max_power_W=190.000000,avg_time_s=0.133538,released_listeners=5,
start_task=,name=syrk,tick=3,start_time=759723.359153,nthreads=24,
message=tick stats,tick=3,estimated_current_power=218.472021,
end_task=,name=trsm,elapsed_seconds=0.133566,predicted_seconds=0.041920,time_percent_error=68.614606,nthreads=22,end_time=759723.359408,avg_power_W=180.750000,max_power_W=190.000000,avg_time_s=0.133566,released_listeners=5,
end_task=,name=trsm,elapsed_seconds=0.133168,predicted_seconds=0.041920,time_percent_error=68.520735,nthreads=22,end_time=759723.359434,avg_power_W=180.750000,max_power_W=190.000000,avg_time_s=0.133168,released_listeners=5,
start_task=,name=syrk,tick=4,start_time=759723.359467,nthreads=9,
start_task=,name=gemm,tick=4,start_time=759723.359481,nthreads=9,
start_task=,name=gemm,tick=4,start_time=759723.359493,nthreads=9,
start_task=,name=gemm,tick=4,start_time=759723.359513,nthreads=9,
start_task=,name=syrk,tick=4,start_time=759723.359550,nthreads=7,
message=tick stats,tick=4,estimated_current_power=227.623631,
end_task=,name=trsm,elapsed_seconds=0.136318,predicted_seconds=0.041920,time_percent_error=69.248258,nthreads=22,end_time=759723.386161,avg_power_W=183.666667,max_power_W=207.000000,avg_time_s=0.136318,released_listeners=5,
start_task=,name=syrk,tick=5,start_time=759723.386209,nthreads=3,
start_task=,name=gemm,tick=5,start_time=759723.386232,nthreads=2,
start_task=,name=gemm,tick=5,start_time=759723.386248,nthreads=2,
start_task=,name=gemm,tick=5,start_time=759723.386278,nthreads=2,
message=tick stats,tick=5,estimated_current_power=234.481560,
end_task=,name=trsm,elapsed_seconds=0.215562,predicted_seconds=0.041920,time_percent_error=80.553011,nthreads=22,end_time=759723.441826,avg_power_W=183.000000,max_power_W=207.000000,avg_time_s=0.215562,released_listeners=5,
start_task=,name=gemm,tick=6,start_time=759723.441881,nthreads=1,
start_task=,name=gemm,tick=6,start_time=759723.441901,nthreads=1,
start_task=,name=gemm,tick=6,start_time=759723.441918,nthreads=1,
message=tick stats,tick=6,estimated_current_power=225.270300,
end_task=,name=syrk,elapsed_seconds=0.238356,predicted_seconds=0.065601,time_percent_error=72.477847,nthreads=24,end_time=759723.598121,avg_power_W=180.538462,max_power_W=207.000000,avg_time_s=0.238356,released_listeners=1,
start_task=,name=syrk,tick=7,start_time=759723.598159,nthreads=11,
start_task=,name=gemm,tick=7,start_time=759723.598184,nthreads=13,
message=tick stats,tick=7,estimated_current_power=233.803536,
end_task=,name=gemm,elapsed_seconds=0.278693,predicted_seconds=0.194402,time_percent_error=30.245005,nthreads=9,end_time=759723.680404,avg_power_W=181.600000,max_power_W=207.000000,avg_time_s=0.278693,released_listeners=0,
end_task=,name=gemm,elapsed_seconds=0.276288,predicted_seconds=0.194402,time_percent_error=29.637731,nthreads=9,end_time=759723.680437,avg_power_W=181.600000,max_power_W=207.000000,avg_time_s=0.276288,released_listeners=0,
end_task=,name=syrk,elapsed_seconds=0.412823,predicted_seconds=0.152565,time_percent_error=63.043467,nthreads=9,end_time=759723.775552,avg_power_W=180.705882,max_power_W=207.000000,avg_time_s=0.412823,released_listeners=1,
end_task=,name=gemm,elapsed_seconds=0.409672,predicted_seconds=0.194402,time_percent_error=52.546815,nthreads=9,end_time=759723.775593,avg_power_W=180.705882,max_power_W=207.000000,avg_time_s=0.409672,released_listeners=0,
end_task=,name=syrk,elapsed_seconds=0.682242,predicted_seconds=0.256580,time_percent_error=62.391605,nthreads=7,end_time=759724.043359,avg_power_W=177.500000,max_power_W=207.000000,avg_time_s=0.682242,released_listeners=1,
end_task=,name=gemm,elapsed_seconds=0.435017,predicted_seconds=0.131272,time_percent_error=69.823714,nthreads=13,end_time=759724.046881,avg_power_W=177.500000,max_power_W=207.000000,avg_time_s=0.435017,released_listeners=1,
end_task=,name=syrk,elapsed_seconds=0.484926,predicted_seconds=0.146136,time_percent_error=69.864355,nthreads=11,end_time=759724.084043,avg_power_W=176.826087,max_power_W=207.000000,avg_time_s=0.484926,released_listeners=1,
end_task=,name=syrk,elapsed_seconds=1.015413,predicted_seconds=0.764859,time_percent_error=24.675089,nthreads=3,end_time=759724.402226,avg_power_W=170.931034,max_power_W=207.000000,avg_time_s=1.015413,released_listeners=1,
start_task=,name=potrf,tick=8,start_time=759724.402263,nthreads=61,
message=tick stats,tick=8,estimated_current_power=142.810103,
end_task=,name=potrf,elapsed_seconds=0.152844,predicted_seconds=0.046642,time_percent_error=69.484049,nthreads=61,end_time=759724.555610,avg_power_W=168.531250,max_power_W=207.000000,avg_time_s=0.152844,released_listeners=4,
start_task=,name=trsm,tick=9,start_time=759724.555654,nthreads=78,
message=tick stats,tick=9,estimated_current_power=162.684043,
end_task=,name=gemm,elapsed_seconds=1.180930,predicted_seconds=0.523133,time_percent_error=55.701630,nthreads=2,end_time=759724.588405,avg_power_W=168.424242,max_power_W=207.000000,avg_time_s=1.180930,released_listeners=1,
end_task=,name=gemm,elapsed_seconds=1.181908,predicted_seconds=0.523133,time_percent_error=55.738285,nthreads=2,end_time=759724.588428,avg_power_W=168.424242,max_power_W=207.000000,avg_time_s=1.181908,released_listeners=1,
start_task=,name=trsm,tick=10,start_time=759724.588445,nthreads=15,
start_task=,name=trsm,tick=10,start_time=759724.588462,nthreads=14,
message=tick stats,tick=10,estimated_current_power=204.811113,
end_task=,name=gemm,elapsed_seconds=1.213861,predicted_seconds=0.523133,time_percent_error=56.903382,nthreads=2,end_time=759724.624553,avg_power_W=168.852941,max_power_W=207.000000,avg_time_s=1.213861,released_listeners=1,
start_task=,name=trsm,tick=11,start_time=759724.624581,nthreads=2,
message=tick stats,tick=11,estimated_current_power=205.405406,
end_task=,name=trsm,elapsed_seconds=0.091405,predicted_seconds=0.026432,time_percent_error=71.082853,nthreads=78,end_time=759724.647559,avg_power_W=168.852941,max_power_W=207.000000,avg_time_s=0.091405,released_listeners=4,
start_task=,name=syrk,tick=12,start_time=759724.647603,nthreads=76,
message=tick stats,tick=12,estimated_current_power=205.089952,
end_task=,name=trsm,elapsed_seconds=0.097283,predicted_seconds=0.055824,time_percent_error=42.617394,nthreads=15,end_time=759724.686524,avg_power_W=168.171429,max_power_W=207.000000,avg_time_s=0.097283,released_listeners=4,
start_task=,name=syrk,tick=13,start_time=759724.686559,nthreads=7,
start_task=,name=gemm,tick=13,start_time=759724.686579,nthreads=9,
message=tick stats,tick=13,estimated_current_power=206.196100,
end_task=,name=trsm,elapsed_seconds=0.110090,predicted_seconds=0.058493,time_percent_error=46.868242,nthreads=14,end_time=759724.700822,avg_power_W=168.171429,max_power_W=207.000000,avg_time_s=0.110090,released_listeners=4,
start_task=,name=gemm,tick=14,start_time=759724.700861,nthreads=4,
start_task=,name=syrk,tick=14,start_time=759724.700880,nthreads=5,
start_task=,name=gemm,tick=14,start_time=759724.700897,nthreads=4,
message=tick stats,tick=14,estimated_current_power=216.860626,
end_task=,name=gemm,elapsed_seconds=1.291518,predicted_seconds=0.957383,time_percent_error=25.871542,nthreads=1,end_time=759724.774974,avg_power_W=169.162162,max_power_W=207.000000,avg_time_s=1.291518,released_listeners=0,
end_task=,name=gemm,elapsed_seconds=1.291959,predicted_seconds=0.957383,time_percent_error=25.896861,nthreads=1,end_time=759724.775014,avg_power_W=169.162162,max_power_W=207.000000,avg_time_s=1.291959,released_listeners=0,
end_task=,name=syrk,elapsed_seconds=0.132154,predicted_seconds=0.040764,time_percent_error=69.154486,nthreads=76,end_time=759724.780559,avg_power_W=169.162162,max_power_W=207.000000,avg_time_s=0.132154,released_listeners=1,
end_task=,name=gemm,elapsed_seconds=1.387310,predicted_seconds=0.957383,time_percent_error=30.990014,nthreads=1,end_time=759724.841368,avg_power_W=169.210526,max_power_W=207.000000,avg_time_s=1.387310,released_listeners=0,
end_task=,name=trsm,elapsed_seconds=0.254672,predicted_seconds=0.292970,time_percent_error=15.038302,nthreads=2,end_time=759724.880117,avg_power_W=169.153846,max_power_W=207.000000,avg_time_s=0.254672,released_listeners=4,
start_task=,name=gemm,tick=15,start_time=759724.880166,nthreads=23,
start_task=,name=syrk,tick=15,start_time=759724.880189,nthreads=17,
start_task=,name=gemm,tick=15,start_time=759724.880210,nthreads=21,
start_task=,name=gemm,tick=15,start_time=759724.880231,nthreads=21,
message=tick stats,tick=15,estimated_current_power=226.389537,
end_task=,name=syrk,elapsed_seconds=0.345961,predicted_seconds=0.256580,time_percent_error=25.835409,nthreads=7,end_time=759725.074467,avg_power_W=169.000000,max_power_W=207.000000,avg_time_s=0.345961,released_listeners=1,
end_task=,name=gemm,elapsed_seconds=0.331714,predicted_seconds=0.194402,time_percent_error=41.394551,nthreads=9,end_time=759725.074501,avg_power_W=169.000000,max_power_W=207.000000,avg_time_s=0.331714,released_listeners=1,
start_task=,name=potrf,tick=16,start_time=759725.074528,nthreads=16,
message=tick stats,tick=16,estimated_current_power=220.637581,
end_task=,name=gemm,elapsed_seconds=0.260234,predicted_seconds=0.084016,time_percent_error=67.715128,nthreads=23,end_time=759725.141331,avg_power_W=169.045455,max_power_W=207.000000,avg_time_s=0.260234,released_listeners=1,
end_task=,name=gemm,elapsed_seconds=0.290765,predicted_seconds=0.085476,time_percent_error=70.603113,nthreads=21,end_time=759725.175190,avg_power_W=169.755556,max_power_W=207.000000,avg_time_s=0.290765,released_listeners=0,
end_task=,name=syrk,elapsed_seconds=0.311337,predicted_seconds=0.080313,time_percent_error=74.203858,nthreads=17,end_time=759725.192496,avg_power_W=169.755556,max_power_W=207.000000,avg_time_s=0.311337,released_listeners=1,
end_task=,name=gemm,elapsed_seconds=0.500625,predicted_seconds=0.386206,time_percent_error=22.855109,nthreads=4,end_time=759725.202515,avg_power_W=169.755556,max_power_W=207.000000,avg_time_s=0.500625,released_listeners=1,
end_task=,name=syrk,elapsed_seconds=0.513110,predicted_seconds=0.269296,time_percent_error=47.516873,nthreads=5,end_time=759725.225189,avg_power_W=170.456522,max_power_W=207.000000,avg_time_s=0.513110,released_listeners=1,
end_task=,name=gemm,elapsed_seconds=0.334419,predicted_seconds=0.085476,time_percent_error=74.440471,nthreads=21,end_time=759725.231366,avg_power_W=170.456522,max_power_W=207.000000,avg_time_s=0.334419,released_listeners=0,
end_task=,name=gemm,elapsed_seconds=0.533914,predicted_seconds=0.386206,time_percent_error=27.665048,nthreads=4,end_time=759725.235725,avg_power_W=170.456522,max_power_W=207.000000,avg_time_s=0.533914,released_listeners=0,
end_task=,name=potrf,elapsed_seconds=0.173824,predicted_seconds=0.073748,time_percent_error=57.573349,nthreads=16,end_time=759725.249109,avg_power_W=170.456522,max_power_W=207.000000,avg_time_s=0.173824,released_listeners=3,
start_task=,name=trsm,tick=17,start_time=759725.249160,nthreads=38,
start_task=,name=trsm,tick=17,start_time=759725.249196,nthreads=38,
start_task=,name=trsm,tick=17,start_time=759725.249228,nthreads=36,
message=tick stats,tick=17,estimated_current_power=184.791516,
end_task=,name=trsm,elapsed_seconds=0.070516,predicted_seconds=0.032011,time_percent_error=54.604685,nthreads=38,end_time=759725.324891,avg_power_W=170.520833,max_power_W=207.000000,avg_time_s=0.070516,released_listeners=3,
end_task=,name=trsm,elapsed_seconds=0.062735,predicted_seconds=0.032011,time_percent_error=48.974201,nthreads=38,end_time=759725.325019,avg_power_W=170.520833,max_power_W=207.000000,avg_time_s=0.062735,released_listeners=3,
start_task=,name=syrk,tick=18,start_time=759725.325083,nthreads=24,
start_task=,name=gemm,tick=18,start_time=759725.325115,nthreads=24,
start_task=,name=syrk,tick=18,start_time=759725.325144,nthreads=24,
message=tick stats,tick=18,estimated_current_power=182.039949,
end_task=,name=trsm,elapsed_seconds=0.083063,predicted_seconds=0.032689,time_percent_error=60.645474,nthreads=36,end_time=759725.341595,avg_power_W=170.520833,max_power_W=207.000000,avg_time_s=0.083063,released_listeners=3,
start_task=,name=gemm,tick=19,start_time=759725.341663,nthreads=14,
start_task=,name=gemm,tick=19,start_time=759725.341693,nthreads=14,
start_task=,name=syrk,tick=19,start_time=759725.341715,nthreads=12,
message=tick stats,tick=19,estimated_current_power=202.394149,
end_task=,name=gemm,elapsed_seconds=0.187394,predicted_seconds=0.069532,time_percent_error=62.895183,nthreads=24,end_time=759725.524681,avg_power_W=171.057692,max_power_W=207.000000,avg_time_s=0.187394,released_listeners=1,
end_task=,name=syrk,elapsed_seconds=0.228388,predicted_seconds=0.065601,time_percent_error=71.276597,nthreads=24,end_time=759725.554077,avg_power_W=171.057692,max_power_W=207.000000,avg_time_s=0.228388,released_listeners=1,
end_task=,name=syrk,elapsed_seconds=0.248194,predicted_seconds=0.065601,time_percent_error=73.568770,nthreads=24,end_time=759725.575471,avg_power_W=171.150943,max_power_W=207.000000,avg_time_s=0.248194,released_listeners=1,
start_task=,name=potrf,tick=20,start_time=759725.575501,nthreads=61,
message=tick stats,tick=20,estimated_current_power=148.722685,
end_task=,name=syrk,elapsed_seconds=0.304063,predicted_seconds=0.113015,time_percent_error=62.831707,nthreads=12,end_time=759725.646837,avg_power_W=171.555556,max_power_W=207.000000,avg_time_s=0.304063,released_listeners=1,
end_task=,name=potrf,elapsed_seconds=0.078551,predicted_seconds=0.046642,time_percent_error=40.622056,nthreads=61,end_time=759725.654464,avg_power_W=171.555556,max_power_W=207.000000,avg_time_s=0.078551,released_listeners=2,
start_task=,name=trsm,tick=21,start_time=759725.654507,nthreads=78,
message=tick stats,tick=21,estimated_current_power=143.574907,
end_task=,name=gemm,elapsed_seconds=0.318248,predicted_seconds=0.130050,time_percent_error=59.135800,nthreads=14,end_time=759725.674772,avg_power_W=171.818182,max_power_W=207.000000,avg_time_s=0.318248,released_listeners=1,
start_task=,name=trsm,tick=22,start_time=759725.674802,nthreads=20,
message=tick stats,tick=22,estimated_current_power=158.283514,
end_task=,name=trsm,elapsed_seconds=0.039981,predicted_seconds=0.026432,time_percent_error=33.889188,nthreads=78,end_time=759725.695704,avg_power_W=171.818182,max_power_W=207.000000,avg_time_s=0.039981,released_listeners=2,
start_task=,name=syrk,tick=23,start_time=759725.695750,nthreads=76,
message=tick stats,tick=23,estimated_current_power=157.968059,
end_task=,name=gemm,elapsed_seconds=0.333991,predicted_seconds=0.130050,time_percent_error=61.061973,nthreads=14,end_time=759725.695774,avg_power_W=171.818182,max_power_W=207.000000,avg_time_s=0.333991,released_listeners=0,
end_task=,name=trsm,elapsed_seconds=0.068240,predicted_seconds=0.045104,time_percent_error=33.903764,nthreads=20,end_time=759725.743577,avg_power_W=172.107143,max_power_W=207.000000,avg_time_s=0.068240,released_listeners=2,
start_task=,name=gemm,tick=24,start_time=759725.743606,nthreads=19,
start_task=,name=syrk,tick=24,start_time=759725.743622,nthreads=17,
message=tick stats,tick=24,estimated_current_power=151.565808,
end_task=,name=syrk,elapsed_seconds=0.083235,predicted_seconds=0.040764,time_percent_error=51.025750,nthreads=76,end_time=759725.781640,avg_power_W=172.210526,max_power_W=207.000000,avg_time_s=0.083235,released_listeners=1,
start_task=,name=potrf,tick=25,start_time=759725.781672,nthreads=61,
message=tick stats,tick=25,estimated_current_power=132.007323,
end_task=,name=gemm,elapsed_seconds=0.164881,predicted_seconds=0.098751,time_percent_error=40.107360,nthreads=19,end_time=759725.909445,avg_power_W=172.203390,max_power_W=207.000000,avg_time_s=0.164881,released_listeners=1,
end_task=,name=potrf,elapsed_seconds=0.188905,predicted_seconds=0.046642,time_percent_error=75.309326,nthreads=61,end_time=759725.974810,avg_power_W=172.721311,max_power_W=207.000000,avg_time_s=0.188905,released_listeners=1,
start_task=,name=trsm,tick=26,start_time=759725.974878,nthreads=78,
message=tick stats,tick=26,estimated_current_power=118.175960,
end_task=,name=syrk,elapsed_seconds=0.217234,predicted_seconds=0.080313,time_percent_error=63.029383,nthreads=17,end_time=759725.974919,avg_power_W=172.721311,max_power_W=207.000000,avg_time_s=0.217234,released_listeners=1,
end_task=,name=trsm,elapsed_seconds=0.033541,predicted_seconds=0.026432,time_percent_error=21.194698,nthreads=78,end_time=759726.009468,avg_power_W=172.721311,max_power_W=207.000000,avg_time_s=0.033541,released_listeners=1,
start_task=,name=syrk,tick=27,start_time=759726.009530,nthreads=92,
message=tick stats,tick=27,estimated_current_power=91.950909,
end_task=,name=syrk,elapsed_seconds=0.072772,predicted_seconds=0.038824,time_percent_error=46.649696,nthreads=92,end_time=759726.082884,avg_power_W=172.746032,max_power_W=207.000000,avg_time_s=0.072772,released_listeners=1,
start_task=,name=potrf,tick=28,start_time=759726.082949,nthreads=61,
message=tick stats,tick=28,estimated_current_power=68.206061,
end_task=,name=potrf,elapsed_seconds=0.063668,predicted_seconds=0.046642,time_percent_error=26.742402,nthreads=61,end_time=759726.147528,avg_power_W=172.562500,max_power_W=207.000000,avg_time_s=0.063668,released_listeners=0,
average_power_W=172.562500,
max_power_W=207.000000,
time_s=3.237366,
message=ALL DONE,
