message=cataloging configuration,max_threads=55,power_limit=inf,
start_task=,name=potrf,tick=1,start_time=703540.006535,nthreads=55,
message=tick stats,tick=1,estimated_current_power=64.312121,
end_task=,name=potrf,elapsed_seconds=0.290202,predicted_seconds=0.051575,time_percent_error=82.227904,nthreads=55,end_time=703540.298342,avg_power_W=189.400000,max_power_W=191.000000,avg_time_s=0.290202,released_listeners=5,
start_task=,name=trsm,tick=2,start_time=703540.298395,nthreads=11,
start_task=,name=trsm,tick=2,start_time=703540.298424,nthreads=11,
start_task=,name=trsm,tick=2,start_time=703540.298449,nthreads=11,
start_task=,name=trsm,tick=2,start_time=703540.298538,nthreads=11,
start_task=,name=trsm,tick=2,start_time=703540.298601,nthreads=11,
message=tick stats,tick=2,estimated_current_power=143.676768,
end_task=,name=trsm,elapsed_seconds=0.094441,predicted_seconds=0.072268,time_percent_error=23.477954,nthreads=11,end_time=703540.393977,avg_power_W=185.000000,max_power_W=191.000000,avg_time_s=0.094441,released_listeners=5,
start_task=,name=syrk,tick=3,start_time=703540.394008,nthreads=11,
message=tick stats,tick=3,estimated_current_power=135.994445,
end_task=,name=trsm,elapsed_seconds=0.113319,predicted_seconds=0.072268,time_percent_error=36.226218,nthreads=11,end_time=703540.421250,avg_power_W=185.750000,max_power_W=191.000000,avg_time_s=0.113319,released_listeners=5,
start_task=,name=gemm,tick=4,start_time=703540.421308,nthreads=6,
start_task=,name=syrk,tick=4,start_time=703540.421343,nthreads=5,
message=tick stats,tick=4,estimated_current_power=137.754567,
end_task=,name=trsm,elapsed_seconds=0.101887,predicted_seconds=0.072268,time_percent_error=29.070718,nthreads=11,end_time=703540.421386,avg_power_W=185.750000,max_power_W=191.000000,avg_time_s=0.101887,released_listeners=5,
end_task=,name=trsm,elapsed_seconds=0.112583,predicted_seconds=0.072268,time_percent_error=35.809134,nthreads=11,end_time=703540.421423,avg_power_W=185.750000,max_power_W=191.000000,avg_time_s=0.112583,released_listeners=5,
start_task=,name=gemm,tick=5,start_time=703540.421466,nthreads=4,
start_task=,name=gemm,tick=5,start_time=703540.421495,nthreads=3,
start_task=,name=syrk,tick=5,start_time=703540.421525,nthreads=3,
start_task=,name=gemm,tick=5,start_time=703540.421555,nthreads=3,
start_task=,name=gemm,tick=5,start_time=703540.421613,nthreads=3,
start_task=,name=syrk,tick=5,start_time=703540.421668,nthreads=3,
start_task=,name=gemm,tick=5,start_time=703540.421702,nthreads=3,
message=tick stats,tick=5,estimated_current_power=184.340279,
end_task=,name=trsm,elapsed_seconds=0.124630,predicted_seconds=0.072268,time_percent_error=42.013818,nthreads=11,end_time=703540.470798,avg_power_W=188.666667,max_power_W=212.000000,avg_time_s=0.124630,released_listeners=5,
start_task=,name=gemm,tick=6,start_time=703540.470835,nthreads=3,
start_task=,name=gemm,tick=6,start_time=703540.470854,nthreads=2,
start_task=,name=syrk,tick=6,start_time=703540.470883,nthreads=2,
start_task=,name=gemm,tick=6,start_time=703540.470916,nthreads=2,
start_task=,name=gemm,tick=6,start_time=703540.470944,nthreads=2,
message=tick stats,tick=6,estimated_current_power=222.567454,
end_task=,name=syrk,elapsed_seconds=0.313471,predicted_seconds=0.146136,time_percent_error=53.381426,nthreads=11,end_time=703540.721308,avg_power_W=175.071429,max_power_W=212.000000,avg_time_s=0.313471,released_listeners=1,
end_task=,name=gemm,elapsed_seconds=0.529434,predicted_seconds=0.354704,time_percent_error=33.003220,nthreads=6,end_time=703540.951221,avg_power_W=172.611111,max_power_W=212.000000,avg_time_s=0.529434,released_listeners=0,
end_task=,name=gemm,elapsed_seconds=0.603549,predicted_seconds=0.386206,time_percent_error=36.010795,nthreads=4,end_time=703541.025506,avg_power_W=172.900000,max_power_W=212.000000,avg_time_s=0.603549,released_listeners=0,
end_task=,name=syrk,elapsed_seconds=0.618058,predicted_seconds=0.269296,time_percent_error=56.428652,nthreads=5,end_time=703541.039923,avg_power_W=172.900000,max_power_W=212.000000,avg_time_s=0.618058,released_listeners=1,
end_task=,name=gemm,elapsed_seconds=0.624173,predicted_seconds=0.364939,time_percent_error=41.532352,nthreads=3,end_time=703541.046202,avg_power_W=172.900000,max_power_W=212.000000,avg_time_s=0.624173,released_listeners=0,
end_task=,name=gemm,elapsed_seconds=0.684959,predicted_seconds=0.364939,time_percent_error=46.720969,nthreads=3,end_time=703541.120949,avg_power_W=172.727273,max_power_W=212.000000,avg_time_s=0.684959,released_listeners=0,
end_task=,name=gemm,elapsed_seconds=0.732237,predicted_seconds=0.364939,time_percent_error=50.161066,nthreads=3,end_time=703541.154958,avg_power_W=172.727273,max_power_W=212.000000,avg_time_s=0.732237,released_listeners=0,
end_task=,name=gemm,elapsed_seconds=0.786820,predicted_seconds=0.364939,time_percent_error=53.618470,nthreads=3,end_time=703541.220669,avg_power_W=171.916667,max_power_W=212.000000,avg_time_s=0.786820,released_listeners=0,
end_task=,name=gemm,elapsed_seconds=0.914092,predicted_seconds=0.364939,time_percent_error=60.076297,nthreads=3,end_time=703541.385468,avg_power_W=169.851852,max_power_W=212.000000,avg_time_s=0.914092,released_listeners=1,
end_task=,name=gemm,elapsed_seconds=0.942676,predicted_seconds=0.523133,time_percent_error=44.505529,nthreads=2,end_time=703541.420991,avg_power_W=169.107143,max_power_W=212.000000,avg_time_s=0.942676,released_listeners=1,
end_task=,name=gemm,elapsed_seconds=1.024622,predicted_seconds=0.523133,time_percent_error=48.943835,nthreads=2,end_time=703541.520661,avg_power_W=167.500000,max_power_W=212.000000,avg_time_s=1.024622,released_listeners=1,
end_task=,name=syrk,elapsed_seconds=1.121929,predicted_seconds=0.764859,time_percent_error=31.826436,nthreads=3,end_time=703541.544069,avg_power_W=167.500000,max_power_W=212.000000,avg_time_s=1.121929,released_listeners=1,
end_task=,name=syrk,elapsed_seconds=1.113079,predicted_seconds=0.782142,time_percent_error=29.731697,nthreads=2,end_time=703541.584882,avg_power_W=166.612903,max_power_W=212.000000,avg_time_s=1.113079,released_listeners=1,
start_task=,name=potrf,tick=7,start_time=703541.584934,nthreads=50,
message=tick stats,tick=7,estimated_current_power=86.473990,
end_task=,name=syrk,elapsed_seconds=1.208987,predicted_seconds=0.764859,time_percent_error=36.735563,nthreads=3,end_time=703541.631114,avg_power_W=165.718750,max_power_W=212.000000,avg_time_s=1.208987,released_listeners=1,
end_task=,name=gemm,elapsed_seconds=1.166397,predicted_seconds=0.523133,time_percent_error=55.149674,nthreads=2,end_time=703541.638940,avg_power_W=165.718750,max_power_W=212.000000,avg_time_s=1.166397,released_listeners=1,
end_task=,name=potrf,elapsed_seconds=0.157360,predicted_seconds=0.051064,time_percent_error=67.549599,nthreads=50,end_time=703541.743013,avg_power_W=165.411765,max_power_W=212.000000,avg_time_s=0.157360,released_listeners=4,
start_task=,name=trsm,tick=8,start_time=703541.743060,nthreads=14,
start_task=,name=trsm,tick=8,start_time=703541.743091,nthreads=14,
start_task=,name=trsm,tick=8,start_time=703541.743116,nthreads=14,
start_task=,name=trsm,tick=8,start_time=703541.743148,nthreads=13,
message=tick stats,tick=8,estimated_current_power=130.491818,
end_task=,name=trsm,elapsed_seconds=0.069321,predicted_seconds=0.058493,time_percent_error=15.620413,nthreads=14,end_time=703541.821050,avg_power_W=164.916667,max_power_W=212.000000,avg_time_s=0.069321,released_listeners=4,
start_task=,name=syrk,tick=9,start_time=703541.821097,nthreads=14,
message=tick stats,tick=9,estimated_current_power=123.168586,
end_task=,name=trsm,elapsed_seconds=0.074508,predicted_seconds=0.058493,time_percent_error=21.494932,nthreads=14,end_time=703541.821148,avg_power_W=164.916667,max_power_W=212.000000,avg_time_s=0.074508,released_listeners=4,
start_task=,name=syrk,tick=10,start_time=703541.821173,nthreads=7,
start_task=,name=gemm,tick=10,start_time=703541.821196,nthreads=7,
message=tick stats,tick=10,estimated_current_power=120.157235,
end_task=,name=trsm,elapsed_seconds=0.095947,predicted_seconds=0.058493,time_percent_error=39.036597,nthreads=14,end_time=703541.845307,avg_power_W=164.916667,max_power_W=212.000000,avg_time_s=0.095947,released_listeners=4,
start_task=,name=gemm,tick=11,start_time=703541.845334,nthreads=5,
start_task=,name=syrk,tick=11,start_time=703541.845348,nthreads=5,
start_task=,name=gemm,tick=11,start_time=703541.845368,nthreads=4,
message=tick stats,tick=11,estimated_current_power=132.135451,
end_task=,name=trsm,elapsed_seconds=0.093996,predicted_seconds=0.063077,time_percent_error=32.893442,nthreads=13,end_time=703541.845394,avg_power_W=164.916667,max_power_W=212.000000,avg_time_s=0.093996,released_listeners=4,
start_task=,name=gemm,tick=12,start_time=703541.845415,nthreads=4,
start_task=,name=gemm,tick=12,start_time=703541.845430,nthreads=3,
start_task=,name=gemm,tick=12,start_time=703541.845676,nthreads=3,
start_task=,name=syrk,tick=12,start_time=703541.845706,nthreads=3,
message=tick stats,tick=12,estimated_current_power=159.589589,
end_task=,name=syrk,elapsed_seconds=0.344055,predicted_seconds=0.112024,time_percent_error=67.439953,nthreads=14,end_time=703542.170863,avg_power_W=163.906977,max_power_W=212.000000,avg_time_s=0.344055,released_listeners=1,
end_task=,name=syrk,elapsed_seconds=0.424178,predicted_seconds=0.256580,time_percent_error=39.511214,nthreads=7,end_time=703542.246510,avg_power_W=164.113636,max_power_W=212.000000,avg_time_s=0.424178,released_listeners=1,
start_task=,name=potrf,tick=13,start_time=703542.246539,nthreads=21,
message=tick stats,tick=13,estimated_current_power=156.524716,
end_task=,name=syrk,elapsed_seconds=0.497838,predicted_seconds=0.269296,time_percent_error=45.906818,nthreads=5,end_time=703542.344130,avg_power_W=164.565217,max_power_W=212.000000,avg_time_s=0.497838,released_listeners=1,
end_task=,name=gemm,elapsed_seconds=0.498375,predicted_seconds=0.386206,time_percent_error=22.506838,nthreads=4,end_time=703542.344160,avg_power_W=164.565217,max_power_W=212.000000,avg_time_s=0.498375,released_listeners=0,
end_task=,name=gemm,elapsed_seconds=0.557179,predicted_seconds=0.358185,time_percent_error=35.714622,nthreads=7,end_time=703542.379593,avg_power_W=164.744681,max_power_W=212.000000,avg_time_s=0.557179,released_listeners=1,
end_task=,name=potrf,elapsed_seconds=0.153997,predicted_seconds=0.067460,time_percent_error=56.193791,nthreads=21,end_time=703542.420920,avg_power_W=165.020833,max_power_W=212.000000,avg_time_s=0.153997,released_listeners=3,
start_task=,name=trsm,tick=14,start_time=703542.420953,nthreads=37,
message=tick stats,tick=14,estimated_current_power=135.408173,
end_task=,name=gemm,elapsed_seconds=0.569738,predicted_seconds=0.386206,time_percent_error=32.213320,nthreads=4,end_time=703542.420978,avg_power_W=165.020833,max_power_W=212.000000,avg_time_s=0.569738,released_listeners=1,
start_task=,name=trsm,tick=15,start_time=703542.420997,nthreads=4,
message=tick stats,tick=15,estimated_current_power=138.503525,
end_task=,name=gemm,elapsed_seconds=0.579631,predicted_seconds=0.359822,time_percent_error=37.922172,nthreads=5,end_time=703542.428472,avg_power_W=165.020833,max_power_W=212.000000,avg_time_s=0.579631,released_listeners=1,
start_task=,name=trsm,tick=16,start_time=703542.428490,nthreads=5,
message=tick stats,tick=16,estimated_current_power=142.827610,
end_task=,name=trsm,elapsed_seconds=0.045488,predicted_seconds=0.033215,time_percent_error=26.981202,nthreads=37,end_time=703542.470958,avg_power_W=165.102041,max_power_W=212.000000,avg_time_s=0.045488,released_listeners=3,
start_task=,name=syrk,tick=17,start_time=703542.470993,nthreads=37,
message=tick stats,tick=17,estimated_current_power=134.652358,
end_task=,name=gemm,elapsed_seconds=0.648977,predicted_seconds=0.364939,time_percent_error=43.767017,nthreads=3,end_time=703542.500427,avg_power_W=165.102041,max_power_W=212.000000,avg_time_s=0.648977,released_listeners=0,
end_task=,name=gemm,elapsed_seconds=0.654720,predicted_seconds=0.364939,time_percent_error=44.260246,nthreads=3,end_time=703542.501843,avg_power_W=165.102041,max_power_W=212.000000,avg_time_s=0.654720,released_listeners=0,
end_task=,name=trsm,elapsed_seconds=0.151800,predicted_seconds=0.163510,time_percent_error=7.714086,nthreads=4,end_time=703542.573963,avg_power_W=165.078431,max_power_W=212.000000,avg_time_s=0.151800,released_listeners=3,
end_task=,name=trsm,elapsed_seconds=0.144396,predicted_seconds=0.135833,time_percent_error=5.929862,nthreads=5,end_time=703542.574014,avg_power_W=165.078431,max_power_W=212.000000,avg_time_s=0.144396,released_listeners=3,
start_task=,name=gemm,tick=18,start_time=703542.574041,nthreads=4,
start_task=,name=syrk,tick=18,start_time=703542.574069,nthreads=4,
start_task=,name=gemm,tick=18,start_time=703542.574093,nthreads=4,
start_task=,name=gemm,tick=18,start_time=703542.574139,nthreads=3,
message=tick stats,tick=18,estimated_current_power=125.225160,
end_task=,name=syrk,elapsed_seconds=0.125875,predicted_seconds=0.052923,time_percent_error=57.955996,nthreads=37,end_time=703542.631111,avg_power_W=165.307692,max_power_W=212.000000,avg_time_s=0.125875,released_listeners=1,
end_task=,name=syrk,elapsed_seconds=0.288173,predicted_seconds=0.283145,time_percent_error=1.744814,nthreads=4,end_time=703542.870813,avg_power_W=164.280702,max_power_W=212.000000,avg_time_s=0.288173,released_listeners=1,
start_task=,name=potrf,tick=19,start_time=703542.870845,nthreads=41,
message=tick stats,tick=19,estimated_current_power=111.221979,
end_task=,name=syrk,elapsed_seconds=1.075851,predicted_seconds=0.764859,time_percent_error=28.906634,nthreads=3,end_time=703542.922198,avg_power_W=164.120690,max_power_W=212.000000,avg_time_s=1.075851,released_listeners=1,
start_task=,name=syrk,tick=20,start_time=703542.922218,nthreads=3,
message=tick stats,tick=20,estimated_current_power=111.221979,
end_task=,name=potrf,elapsed_seconds=0.089387,predicted_seconds=0.062837,time_percent_error=29.702150,nthreads=41,end_time=703542.971284,avg_power_W=164.186441,max_power_W=212.000000,avg_time_s=0.089387,released_listeners=2,
end_task=,name=gemm,elapsed_seconds=0.392524,predicted_seconds=0.386206,time_percent_error=1.609581,nthreads=4,end_time=703542.971332,avg_power_W=164.186441,max_power_W=212.000000,avg_time_s=0.392524,released_listeners=0,
end_task=,name=gemm,elapsed_seconds=0.432967,predicted_seconds=0.386206,time_percent_error=10.799952,nthreads=4,end_time=703543.020968,avg_power_W=164.450000,max_power_W=212.000000,avg_time_s=0.432967,released_listeners=1,
start_task=,name=trsm,tick=21,start_time=703543.021021,nthreads=49,
message=tick stats,tick=21,estimated_current_power=102.906089,
end_task=,name=gemm,elapsed_seconds=0.446547,predicted_seconds=0.364939,time_percent_error=18.275353,nthreads=3,end_time=703543.021736,avg_power_W=164.450000,max_power_W=212.000000,avg_time_s=0.446547,released_listeners=1,
start_task=,name=trsm,tick=22,start_time=703543.021767,nthreads=3,
message=tick stats,tick=22,estimated_current_power=105.279813,
end_task=,name=trsm,elapsed_seconds=0.089908,predicted_seconds=0.030053,time_percent_error=66.573223,nthreads=49,end_time=703543.121415,avg_power_W=163.645161,max_power_W=212.000000,avg_time_s=0.089908,released_listeners=2,
start_task=,name=syrk,tick=23,start_time=703543.121474,nthreads=49,
message=tick stats,tick=23,estimated_current_power=95.364864,
end_task=,name=syrk,elapsed_seconds=0.119752,predicted_seconds=0.049250,time_percent_error=58.873347,nthreads=49,end_time=703543.242244,avg_power_W=163.531250,max_power_W=212.000000,avg_time_s=0.119752,released_listeners=1,
start_task=,name=potrf,tick=24,start_time=703543.242300,nthreads=49,
message=tick stats,tick=24,estimated_current_power=90.500470,
end_task=,name=trsm,elapsed_seconds=0.252094,predicted_seconds=0.204505,time_percent_error=18.877793,nthreads=3,end_time=703543.274828,avg_power_W=163.676923,max_power_W=212.000000,avg_time_s=0.252094,released_listeners=2,
start_task=,name=gemm,tick=25,start_time=703543.274868,nthreads=3,
message=tick stats,tick=25,estimated_current_power=88.126746,
end_task=,name=potrf,elapsed_seconds=0.101895,predicted_seconds=0.050265,time_percent_error=50.669880,nthreads=49,end_time=703543.345806,avg_power_W=163.545455,max_power_W=212.000000,avg_time_s=0.101895,released_listeners=1,
end_task=,name=gemm,elapsed_seconds=0.391693,predicted_seconds=0.364939,time_percent_error=6.830364,nthreads=3,end_time=703543.670799,avg_power_W=161.808219,max_power_W=212.000000,avg_time_s=0.391693,released_listeners=1,
start_task=,name=trsm,tick=26,start_time=703543.670867,nthreads=52,
message=tick stats,tick=26,estimated_current_power=92.029899,
end_task=,name=trsm,elapsed_seconds=0.078202,predicted_seconds=0.027002,time_percent_error=65.471178,nthreads=52,end_time=703543.749760,avg_power_W=161.472973,max_power_W=212.000000,avg_time_s=0.078202,released_listeners=1,
end_task=,name=syrk,elapsed_seconds=0.847149,predicted_seconds=0.764859,time_percent_error=9.713778,nthreads=3,end_time=703543.770753,avg_power_W=161.066667,max_power_W=212.000000,avg_time_s=0.847149,released_listeners=1,
start_task=,name=syrk,tick=27,start_time=703543.770804,nthreads=55,
message=tick stats,tick=27,estimated_current_power=68.815152,
end_task=,name=syrk,elapsed_seconds=0.099437,predicted_seconds=0.049438,time_percent_error=50.282214,nthreads=55,end_time=703543.870928,avg_power_W=160.961039,max_power_W=212.000000,avg_time_s=0.099437,released_listeners=1,
start_task=,name=syrk,tick=28,start_time=703543.870987,nthreads=55,
message=tick stats,tick=28,estimated_current_power=68.815152,
end_task=,name=syrk,elapsed_seconds=0.078582,predicted_seconds=0.049438,time_percent_error=37.087545,nthreads=55,end_time=703543.950397,avg_power_W=160.910256,max_power_W=212.000000,avg_time_s=0.078582,released_listeners=1,
start_task=,name=potrf,tick=29,start_time=703543.950455,nthreads=55,
message=tick stats,tick=29,estimated_current_power=64.312121,
end_task=,name=potrf,elapsed_seconds=0.060286,predicted_seconds=0.051575,time_percent_error=14.448965,nthreads=55,end_time=703544.021632,avg_power_W=161.037500,max_power_W=212.000000,avg_time_s=0.060286,released_listeners=0,
average_power_W=161.037500,
max_power_W=212.000000,
time_s=4.015179,
message=ALL DONE,
