message=cataloging configuration,max_threads=112,power_limit=190.000000,
start_task=,name=potrf,tick=1,start_time=759532.693728,nthreads=61,
message=tick stats,tick=1,estimated_current_power=68.206061,
end_task=,name=potrf,elapsed_seconds=0.350818,predicted_seconds=0.046642,time_percent_error=86.704845,nthreads=61,end_time=759533.057812,avg_power_W=188.000000,max_power_W=190.000000,avg_time_s=0.350818,released_listeners=5,
start_task=,name=trsm,tick=2,start_time=759533.057890,nthreads=18,
start_task=,name=trsm,tick=2,start_time=759533.057924,nthreads=18,
start_task=,name=trsm,tick=2,start_time=759533.057949,nthreads=16,
start_task=,name=trsm,tick=2,start_time=759533.058020,nthreads=16,
start_task=,name=trsm,tick=2,start_time=759533.058076,nthreads=16,
message=tick stats,tick=2,estimated_current_power=189.020707,
end_task=,name=trsm,elapsed_seconds=0.094776,predicted_seconds=0.051521,time_percent_error=45.639397,nthreads=16,end_time=759533.157748,avg_power_W=183.444444,max_power_W=190.000000,avg_time_s=0.094776,released_listeners=5,
start_task=,name=syrk,tick=3,start_time=759533.157784,nthreads=23,
message=tick stats,tick=3,estimated_current_power=187.336566,
end_task=,name=trsm,elapsed_seconds=0.094929,predicted_seconds=0.050200,time_percent_error=47.117839,nthreads=18,end_time=759533.157803,avg_power_W=183.444444,max_power_W=190.000000,avg_time_s=0.094929,released_listeners=5,
end_task=,name=trsm,elapsed_seconds=0.094847,predicted_seconds=0.050200,time_percent_error=47.072281,nthreads=18,end_time=759533.157820,avg_power_W=183.444444,max_power_W=190.000000,avg_time_s=0.094847,released_listeners=5,
start_task=,name=syrk,tick=4,start_time=759533.157852,nthreads=5,
start_task=,name=gemm,tick=4,start_time=759533.157865,nthreads=6,
start_task=,name=gemm,tick=4,start_time=759533.157884,nthreads=6,
start_task=,name=syrk,tick=4,start_time=759533.157903,nthreads=5,
start_task=,name=gemm,tick=4,start_time=759533.157945,nthreads=6,
message=tick stats,tick=4,estimated_current_power=186.716833,
end_task=,name=trsm,elapsed_seconds=0.123799,predicted_seconds=0.051521,time_percent_error=58.383490,nthreads=16,end_time=759533.207815,avg_power_W=185.900000,max_power_W=208.000000,avg_time_s=0.123799,released_listeners=5,
start_task=,name=gemm,tick=5,start_time=759533.207870,nthreads=1,
start_task=,name=gemm,tick=5,start_time=759533.207888,nthreads=1,
start_task=,name=syrk,tick=5,start_time=759533.207920,nthreads=1,
message=tick stats,tick=5,estimated_current_power=184.775671,
end_task=,name=trsm,elapsed_seconds=0.155839,predicted_seconds=0.051521,time_percent_error=66.939849,nthreads=16,end_time=759533.276841,avg_power_W=184.818182,max_power_W=208.000000,avg_time_s=0.155839,released_listeners=5,
start_task=,name=gemm,tick=6,start_time=759533.276906,nthreads=1,
start_task=,name=syrk,tick=6,start_time=759533.276929,nthreads=1,
start_task=,name=gemm,tick=6,start_time=759533.276945,nthreads=1,
message=tick stats,tick=6,estimated_current_power=182.834510,
end_task=,name=syrk,elapsed_seconds=0.283514,predicted_seconds=0.071960,time_percent_error=74.618451,nthreads=23,end_time=759533.441868,avg_power_W=179.785714,max_power_W=208.000000,avg_time_s=0.283514,released_listeners=1,
start_task=,name=gemm,tick=7,start_time=759533.441909,nthreads=4,
start_task=,name=gemm,tick=7,start_time=759533.441929,nthreads=4,
start_task=,name=gemm,tick=7,start_time=759533.441945,nthreads=2,
message=tick stats,tick=7,estimated_current_power=188.874137,
end_task=,name=syrk,elapsed_seconds=0.420725,predicted_seconds=0.269296,time_percent_error=35.992361,nthreads=5,end_time=759533.579226,avg_power_W=177.352941,max_power_W=208.000000,avg_time_s=0.420725,released_listeners=1,
end_task=,name=gemm,elapsed_seconds=0.499046,predicted_seconds=0.354704,time_percent_error=28.923696,nthreads=6,end_time=759533.657600,avg_power_W=175.947368,max_power_W=208.000000,avg_time_s=0.499046,released_listeners=0,
end_task=,name=gemm,elapsed_seconds=0.539441,predicted_seconds=0.354704,time_percent_error=34.246064,nthreads=6,end_time=759533.707772,avg_power_W=175.500000,max_power_W=208.000000,avg_time_s=0.539441,released_listeners=0,
end_task=,name=syrk,elapsed_seconds=0.589643,predicted_seconds=0.269296,time_percent_error=54.328950,nthreads=5,end_time=759533.757905,avg_power_W=175.047619,max_power_W=208.000000,avg_time_s=0.589643,released_listeners=1,
end_task=,name=gemm,elapsed_seconds=0.639972,predicted_seconds=0.354704,time_percent_error=44.575177,nthreads=6,end_time=759533.808456,avg_power_W=174.500000,max_power_W=208.000000,avg_time_s=0.639972,released_listeners=0,
end_task=,name=gemm,elapsed_seconds=0.466585,predicted_seconds=0.386206,time_percent_error=17.227060,nthreads=4,end_time=759533.910774,avg_power_W=173.208333,max_power_W=208.000000,avg_time_s=0.466585,released_listeners=1,
end_task=,name=gemm,elapsed_seconds=0.615276,predicted_seconds=0.386206,time_percent_error=37.230416,nthreads=4,end_time=759534.057827,avg_power_W=171.037037,max_power_W=208.000000,avg_time_s=0.615276,released_listeners=1,
end_task=,name=gemm,elapsed_seconds=0.619934,predicted_seconds=0.523133,time_percent_error=15.614687,nthreads=2,end_time=759534.062468,avg_power_W=171.037037,max_power_W=208.000000,avg_time_s=0.619934,released_listeners=1,
end_task=,name=syrk,elapsed_seconds=0.974498,predicted_seconds=0.833912,time_percent_error=14.426509,nthreads=1,end_time=759534.183334,avg_power_W=169.413793,max_power_W=208.000000,avg_time_s=0.974498,released_listeners=1,
end_task=,name=syrk,elapsed_seconds=1.031043,predicted_seconds=0.833912,time_percent_error=19.119577,nthreads=1,end_time=759534.308559,avg_power_W=166.843750,max_power_W=208.000000,avg_time_s=1.031043,released_listeners=1,
start_task=,name=potrf,tick=8,start_time=759534.308600,nthreads=61,
message=tick stats,tick=8,estimated_current_power=115.774481,
end_task=,name=potrf,elapsed_seconds=0.073114,predicted_seconds=0.046642,time_percent_error=36.206392,nthreads=61,end_time=759534.382921,avg_power_W=166.000000,max_power_W=208.000000,avg_time_s=0.073114,released_listeners=4,
start_task=,name=trsm,tick=9,start_time=759534.382959,nthreads=24,
start_task=,name=trsm,tick=9,start_time=759534.382982,nthreads=24,
start_task=,name=trsm,tick=9,start_time=759534.383009,nthreads=25,
message=tick stats,tick=9,estimated_current_power=189.287007,
end_task=,name=gemm,elapsed_seconds=1.235693,predicted_seconds=0.957383,time_percent_error=22.522643,nthreads=1,end_time=759534.458346,avg_power_W=166.285714,max_power_W=208.000000,avg_time_s=1.235693,released_listeners=0,
end_task=,name=trsm,elapsed_seconds=0.064025,predicted_seconds=0.038657,time_percent_error=39.621129,nthreads=24,end_time=759534.458377,avg_power_W=166.285714,max_power_W=208.000000,avg_time_s=0.064025,released_listeners=4,
end_task=,name=trsm,elapsed_seconds=0.072990,predicted_seconds=0.038657,time_percent_error=47.036993,nthreads=24,end_time=759534.458406,avg_power_W=166.285714,max_power_W=208.000000,avg_time_s=0.072990,released_listeners=4,
start_task=,name=syrk,tick=10,start_time=759534.458441,nthreads=19,
start_task=,name=gemm,tick=10,start_time=759534.458463,nthreads=24,
start_task=,name=syrk,tick=10,start_time=759534.458483,nthreads=19,
message=tick stats,tick=10,estimated_current_power=189.865356,
end_task=,name=trsm,elapsed_seconds=0.081617,predicted_seconds=0.039200,time_percent_error=51.970302,nthreads=25,end_time=759534.471291,avg_power_W=166.285714,max_power_W=208.000000,avg_time_s=0.081617,released_listeners=4,
start_task=,name=gemm,tick=11,start_time=759534.471330,nthreads=6,
start_task=,name=gemm,tick=11,start_time=759534.471348,nthreads=6,
start_task=,name=syrk,tick=11,start_time=759534.471364,nthreads=5,
message=tick stats,tick=11,estimated_current_power=189.341662,
end_task=,name=gemm,elapsed_seconds=1.224819,predicted_seconds=0.957383,time_percent_error=21.834773,nthreads=1,end_time=759534.572804,avg_power_W=166.972973,max_power_W=208.000000,avg_time_s=1.224819,released_listeners=0,
end_task=,name=gemm,elapsed_seconds=1.201140,predicted_seconds=0.957383,time_percent_error=20.293851,nthreads=1,end_time=759534.572840,avg_power_W=166.972973,max_power_W=208.000000,avg_time_s=1.201140,released_listeners=1,
start_task=,name=trsm,tick=12,start_time=759534.572864,nthreads=7,
message=tick stats,tick=12,estimated_current_power=189.102906,
end_task=,name=gemm,elapsed_seconds=1.299903,predicted_seconds=0.957383,time_percent_error=26.349697,nthreads=1,end_time=759534.572896,avg_power_W=166.972973,max_power_W=208.000000,avg_time_s=1.299903,released_listeners=0,
end_task=,name=gemm,elapsed_seconds=0.133715,predicted_seconds=0.069532,time_percent_error=47.999870,nthreads=24,end_time=759534.607812,avg_power_W=167.289474,max_power_W=208.000000,avg_time_s=0.133715,released_listeners=0,
end_task=,name=syrk,elapsed_seconds=0.225480,predicted_seconds=0.078617,time_percent_error=65.133643,nthreads=19,end_time=759534.684866,avg_power_W=167.846154,max_power_W=208.000000,avg_time_s=0.225480,released_listeners=1,
end_task=,name=syrk,elapsed_seconds=0.252946,predicted_seconds=0.078617,time_percent_error=68.919561,nthreads=19,end_time=759534.712307,avg_power_W=167.825000,max_power_W=208.000000,avg_time_s=0.252946,released_listeners=1,
end_task=,name=trsm,elapsed_seconds=0.162133,predicted_seconds=0.101285,time_percent_error=37.529549,nthreads=7,end_time=759534.735930,avg_power_W=167.825000,max_power_W=208.000000,avg_time_s=0.162133,released_listeners=4,
start_task=,name=syrk,tick=13,start_time=759534.735959,nthreads=17,
start_task=,name=gemm,tick=13,start_time=759534.735975,nthreads=20,
start_task=,name=gemm,tick=13,start_time=759534.735990,nthreads=20,
start_task=,name=gemm,tick=13,start_time=759534.736012,nthreads=19,
message=tick stats,tick=13,estimated_current_power=185.845396,
end_task=,name=syrk,elapsed_seconds=0.364087,predicted_seconds=0.269296,time_percent_error=26.035237,nthreads=5,end_time=759534.910167,avg_power_W=167.272727,max_power_W=208.000000,avg_time_s=0.364087,released_listeners=1,
end_task=,name=gemm,elapsed_seconds=0.512267,predicted_seconds=0.354704,time_percent_error=30.758080,nthreads=6,end_time=759534.984370,avg_power_W=167.244444,max_power_W=208.000000,avg_time_s=0.512267,released_listeners=0,
end_task=,name=gemm,elapsed_seconds=0.251287,predicted_seconds=0.086928,time_percent_error=65.406889,nthreads=20,end_time=759534.987799,avg_power_W=167.244444,max_power_W=208.000000,avg_time_s=0.251287,released_listeners=1,
end_task=,name=syrk,elapsed_seconds=0.271132,predicted_seconds=0.080313,time_percent_error=70.378607,nthreads=17,end_time=759535.007892,avg_power_W=167.978261,max_power_W=208.000000,avg_time_s=0.271132,released_listeners=1,
end_task=,name=gemm,elapsed_seconds=0.261545,predicted_seconds=0.086928,time_percent_error=66.763664,nthreads=20,end_time=759535.007916,avg_power_W=167.978261,max_power_W=208.000000,avg_time_s=0.261545,released_listeners=1,
start_task=,name=potrf,tick=14,start_time=759535.007937,nthreads=61,
message=tick stats,tick=14,estimated_current_power=117.483506,
end_task=,name=gemm,elapsed_seconds=0.543903,predicted_seconds=0.354704,time_percent_error=34.785502,nthreads=6,end_time=759535.019653,avg_power_W=167.978261,max_power_W=208.000000,avg_time_s=0.543903,released_listeners=0,
end_task=,name=gemm,elapsed_seconds=0.324257,predicted_seconds=0.098751,time_percent_error=69.545308,nthreads=19,end_time=759535.061278,avg_power_W=168.638298,max_power_W=208.000000,avg_time_s=0.324257,released_listeners=1,
end_task=,name=potrf,elapsed_seconds=0.074239,predicted_seconds=0.046642,time_percent_error=37.173233,nthreads=61,end_time=759535.082697,avg_power_W=168.638298,max_power_W=208.000000,avg_time_s=0.074239,released_listeners=3,
start_task=,name=trsm,tick=15,start_time=759535.082747,nthreads=38,
start_task=,name=trsm,tick=15,start_time=759535.082782,nthreads=38,
start_task=,name=trsm,tick=15,start_time=759535.082817,nthreads=36,
message=tick stats,tick=15,estimated_current_power=184.791516,
end_task=,name=trsm,elapsed_seconds=0.077458,predicted_seconds=0.032011,time_percent_error=58.673126,nthreads=38,end_time=759535.160727,avg_power_W=168.653061,max_power_W=208.000000,avg_time_s=0.077458,released_listeners=3,
end_task=,name=trsm,elapsed_seconds=0.077471,predicted_seconds=0.032011,time_percent_error=58.680059,nthreads=38,end_time=759535.160758,avg_power_W=168.653061,max_power_W=208.000000,avg_time_s=0.077471,released_listeners=3,
start_task=,name=syrk,tick=16,start_time=759535.160789,nthreads=24,
start_task=,name=gemm,tick=16,start_time=759535.160806,nthreads=24,
start_task=,name=syrk,tick=16,start_time=759535.160822,nthreads=24,
message=tick stats,tick=16,estimated_current_power=182.039949,
end_task=,name=trsm,elapsed_seconds=0.125728,predicted_seconds=0.032689,time_percent_error=74.000124,nthreads=36,end_time=759535.208939,avg_power_W=169.360000,max_power_W=208.000000,avg_time_s=0.125728,released_listeners=3,
start_task=,name=gemm,tick=17,start_time=759535.208971,nthreads=11,
start_task=,name=gemm,tick=17,start_time=759535.208986,nthreads=11,
start_task=,name=syrk,tick=17,start_time=759535.209000,nthreads=9,
message=tick stats,tick=17,estimated_current_power=185.811752,
end_task=,name=gemm,elapsed_seconds=0.127922,predicted_seconds=0.069532,time_percent_error=45.644787,nthreads=24,end_time=759535.323998,avg_power_W=169.615385,max_power_W=208.000000,avg_time_s=0.127922,released_listeners=1,
end_task=,name=syrk,elapsed_seconds=0.203808,predicted_seconds=0.065601,time_percent_error=67.812447,nthreads=24,end_time=759535.365011,avg_power_W=169.830189,max_power_W=208.000000,avg_time_s=0.203808,released_listeners=1,
start_task=,name=potrf,tick=18,start_time=759535.365047,nthreads=48,
message=tick stats,tick=18,estimated_current_power=162.243823,
end_task=,name=syrk,elapsed_seconds=0.247190,predicted_seconds=0.065601,time_percent_error=73.461406,nthreads=24,end_time=759535.408462,avg_power_W=169.925926,max_power_W=208.000000,avg_time_s=0.247190,released_listeners=1,
end_task=,name=gemm,elapsed_seconds=0.282191,predicted_seconds=0.191029,time_percent_error=32.305063,nthreads=11,end_time=759535.491641,avg_power_W=170.054545,max_power_W=208.000000,avg_time_s=0.282191,released_listeners=1,
end_task=,name=potrf,elapsed_seconds=0.146216,predicted_seconds=0.048887,time_percent_error=66.564998,nthreads=48,end_time=759535.512215,avg_power_W=170.375000,max_power_W=208.000000,avg_time_s=0.146216,released_listeners=2,
start_task=,name=trsm,tick=19,start_time=759535.512247,nthreads=44,
start_task=,name=trsm,tick=19,start_time=759535.512268,nthreads=44,
message=tick stats,tick=19,estimated_current_power=183.523773,
end_task=,name=gemm,elapsed_seconds=0.323196,predicted_seconds=0.191029,time_percent_error=40.893837,nthreads=11,end_time=759535.532629,avg_power_W=170.375000,max_power_W=208.000000,avg_time_s=0.323196,released_listeners=0,
end_task=,name=trsm,elapsed_seconds=0.042978,predicted_seconds=0.027924,time_percent_error=35.026398,nthreads=44,end_time=759535.557934,avg_power_W=170.596491,max_power_W=208.000000,avg_time_s=0.042978,released_listeners=2,
end_task=,name=syrk,elapsed_seconds=0.355676,predicted_seconds=0.152565,time_percent_error=57.105609,nthreads=9,end_time=759535.565116,avg_power_W=170.596491,max_power_W=208.000000,avg_time_s=0.355676,released_listeners=1,
start_task=,name=syrk,tick=20,start_time=759535.565169,nthreads=60,
message=tick stats,tick=20,estimated_current_power=155.106768,
end_task=,name=trsm,elapsed_seconds=0.061669,predicted_seconds=0.027924,time_percent_error=54.719166,nthreads=44,end_time=759535.576795,avg_power_W=170.596491,max_power_W=208.000000,avg_time_s=0.061669,released_listeners=2,
start_task=,name=syrk,tick=21,start_time=759535.576819,nthreads=24,
start_task=,name=gemm,tick=21,start_time=759535.576836,nthreads=24,
message=tick stats,tick=21,estimated_current_power=167.337121,
end_task=,name=syrk,elapsed_seconds=0.127044,predicted_seconds=0.042495,time_percent_error=66.551078,nthreads=60,end_time=759535.693332,avg_power_W=170.474576,max_power_W=208.000000,avg_time_s=0.127044,released_listeners=1,
end_task=,name=gemm,elapsed_seconds=0.153060,predicted_seconds=0.069532,time_percent_error=54.572053,nthreads=24,end_time=759535.730946,avg_power_W=170.350000,max_power_W=208.000000,avg_time_s=0.153060,released_listeners=1,
end_task=,name=syrk,elapsed_seconds=0.173139,predicted_seconds=0.065601,time_percent_error=62.110981,nthreads=24,end_time=759535.757741,avg_power_W=171.049180,max_power_W=213.000000,avg_time_s=0.173139,released_listeners=1,
start_task=,name=potrf,tick=22,start_time=759535.757805,nthreads=61,
message=tick stats,tick=22,estimated_current_power=68.206061,
end_task=,name=potrf,elapsed_seconds=0.065021,predicted_seconds=0.046642,time_percent_error=28.266599,nthreads=61,end_time=759535.823473,avg_power_W=170.951613,max_power_W=213.000000,avg_time_s=0.065021,released_listeners=1,
start_task=,name=trsm,tick=23,start_time=759535.823538,nthreads=78,
message=tick stats,tick=23,estimated_current_power=88.080000,
end_task=,name=trsm,elapsed_seconds=0.034012,predicted_seconds=0.026432,time_percent_error=22.288108,nthreads=78,end_time=759535.858350,avg_power_W=170.698413,max_power_W=213.000000,avg_time_s=0.034012,released_listeners=1,
start_task=,name=syrk,tick=24,start_time=759535.858421,nthreads=92,
message=tick stats,tick=24,estimated_current_power=91.950909,
end_task=,name=syrk,elapsed_seconds=0.072134,predicted_seconds=0.038824,time_percent_error=46.177828,nthreads=92,end_time=759535.931167,avg_power_W=170.687500,max_power_W=213.000000,avg_time_s=0.072134,released_listeners=1,
start_task=,name=potrf,tick=25,start_time=759535.931238,nthreads=61,
message=tick stats,tick=25,estimated_current_power=68.206061,
end_task=,name=potrf,elapsed_seconds=0.059689,predicted_seconds=0.046642,time_percent_error=21.858947,nthreads=61,end_time=759535.991492,avg_power_W=170.538462,max_power_W=213.000000,avg_time_s=0.059689,released_listeners=0,
average_power_W=170.538462,
max_power_W=213.000000,
time_s=3.297858,
message=ALL DONE,
