message=cataloging configuration,max_threads=41,power_limit=inf,
start_task=,name=potrf,tick=1,start_time=703857.023053,nthreads=41,
message=tick stats,tick=1,estimated_current_power=53.722475,
end_task=,name=potrf,elapsed_seconds=0.244431,predicted_seconds=0.062837,time_percent_error=74.292408,nthreads=41,end_time=703857.268957,avg_power_W=188.750000,max_power_W=190.000000,avg_time_s=0.244431,released_listeners=5,
start_task=,name=trsm,tick=2,start_time=703857.269006,nthreads=9,
start_task=,name=trsm,tick=2,start_time=703857.269037,nthreads=8,
start_task=,name=trsm,tick=2,start_time=703857.269061,nthreads=8,
start_task=,name=trsm,tick=2,start_time=703857.269360,nthreads=8,
start_task=,name=trsm,tick=2,start_time=703857.269429,nthreads=8,
message=tick stats,tick=2,estimated_current_power=134.925758,
end_task=,name=trsm,elapsed_seconds=0.113343,predicted_seconds=0.085967,time_percent_error=24.153347,nthreads=8,end_time=703857.387620,avg_power_W=176.142857,max_power_W=190.000000,avg_time_s=0.113343,released_listeners=5,
start_task=,name=syrk,tick=3,start_time=703857.387660,nthreads=8,
message=tick stats,tick=3,estimated_current_power=129.049145,
end_task=,name=trsm,elapsed_seconds=0.136287,predicted_seconds=0.085967,time_percent_error=36.922120,nthreads=8,end_time=703857.406401,avg_power_W=176.142857,max_power_W=190.000000,avg_time_s=0.136287,released_listeners=5,
start_task=,name=gemm,tick=4,start_time=703857.406428,nthreads=4,
start_task=,name=syrk,tick=4,start_time=703857.406446,nthreads=4,
message=tick stats,tick=4,estimated_current_power=131.697267,
end_task=,name=trsm,elapsed_seconds=0.149207,predicted_seconds=0.086104,time_percent_error=42.292252,nthreads=9,end_time=703857.419282,avg_power_W=176.142857,max_power_W=190.000000,avg_time_s=0.149207,released_listeners=5,
start_task=,name=gemm,tick=5,start_time=703857.419306,nthreads=3,
start_task=,name=gemm,tick=5,start_time=703857.419323,nthreads=3,
start_task=,name=syrk,tick=5,start_time=703857.419338,nthreads=3,
message=tick stats,tick=5,estimated_current_power=149.675405,
end_task=,name=trsm,elapsed_seconds=0.163436,predicted_seconds=0.085967,time_percent_error=47.400031,nthreads=8,end_time=703857.446897,avg_power_W=178.375000,max_power_W=194.000000,avg_time_s=0.163436,released_listeners=5,
end_task=,name=trsm,elapsed_seconds=0.163409,predicted_seconds=0.085967,time_percent_error=47.391501,nthreads=8,end_time=703857.446945,avg_power_W=178.375000,max_power_W=194.000000,avg_time_s=0.163409,released_listeners=5,
start_task=,name=gemm,tick=6,start_time=703857.446968,nthreads=2,
start_task=,name=gemm,tick=6,start_time=703857.446986,nthreads=2,
start_task=,name=gemm,tick=6,start_time=703857.447005,nthreads=2,
start_task=,name=syrk,tick=6,start_time=703857.447022,nthreads=2,
start_task=,name=gemm,tick=6,start_time=703857.447049,nthreads=2,
start_task=,name=gemm,tick=6,start_time=703857.447088,nthreads=2,
start_task=,name=syrk,tick=6,start_time=703857.447222,nthreads=2,
start_task=,name=gemm,tick=6,start_time=703857.447328,nthreads=1,
start_task=,name=gemm,tick=6,start_time=703857.447397,nthreads=1,
message=tick stats,tick=6,estimated_current_power=208.342848,
end_task=,name=syrk,elapsed_seconds=0.238310,predicted_seconds=0.150769,time_percent_error=36.734014,nthreads=8,end_time=703857.637801,avg_power_W=173.166667,max_power_W=194.000000,avg_time_s=0.238310,released_listeners=1,
end_task=,name=syrk,elapsed_seconds=0.329123,predicted_seconds=0.283145,time_percent_error=13.970020,nthreads=4,end_time=703857.737252,avg_power_W=171.428571,max_power_W=194.000000,avg_time_s=0.329123,released_listeners=1,
end_task=,name=gemm,elapsed_seconds=0.424953,predicted_seconds=0.386206,time_percent_error=9.117850,nthreads=4,end_time=703857.837252,avg_power_W=170.250000,max_power_W=194.000000,avg_time_s=0.424953,released_listeners=0,
end_task=,name=gemm,elapsed_seconds=0.473884,predicted_seconds=0.364939,time_percent_error=22.989666,nthreads=3,end_time=703857.893712,avg_power_W=169.647059,max_power_W=194.000000,avg_time_s=0.473884,released_listeners=0,
end_task=,name=gemm,elapsed_seconds=0.477826,predicted_seconds=0.364939,time_percent_error=23.625009,nthreads=3,end_time=703857.908217,avg_power_W=169.647059,max_power_W=194.000000,avg_time_s=0.477826,released_listeners=0,
end_task=,name=gemm,elapsed_seconds=0.815388,predicted_seconds=0.523133,time_percent_error=35.842453,nthreads=2,end_time=703858.262910,avg_power_W=166.750000,max_power_W=194.000000,avg_time_s=0.815388,released_listeners=0,
end_task=,name=gemm,elapsed_seconds=0.819268,predicted_seconds=0.523133,time_percent_error=36.146296,nthreads=2,end_time=703858.266927,avg_power_W=166.750000,max_power_W=194.000000,avg_time_s=0.819268,released_listeners=1,
end_task=,name=gemm,elapsed_seconds=0.839049,predicted_seconds=0.523133,time_percent_error=37.651696,nthreads=2,end_time=703858.286729,avg_power_W=166.440000,max_power_W=194.000000,avg_time_s=0.839049,released_listeners=0,
end_task=,name=gemm,elapsed_seconds=0.870981,predicted_seconds=0.523133,time_percent_error=39.937520,nthreads=2,end_time=703858.318749,avg_power_W=166.440000,max_power_W=194.000000,avg_time_s=0.870981,released_listeners=1,
end_task=,name=gemm,elapsed_seconds=0.882385,predicted_seconds=0.523133,time_percent_error=40.713748,nthreads=2,end_time=703858.337710,avg_power_W=166.038462,max_power_W=194.000000,avg_time_s=0.882385,released_listeners=0,
end_task=,name=syrk,elapsed_seconds=1.076105,predicted_seconds=0.764859,time_percent_error=28.923422,nthreads=3,end_time=703858.499812,avg_power_W=163.655172,max_power_W=194.000000,avg_time_s=1.076105,released_listeners=1,
end_task=,name=syrk,elapsed_seconds=1.091389,predicted_seconds=0.782142,time_percent_error=28.335154,nthreads=2,end_time=703858.539228,avg_power_W=162.866667,max_power_W=194.000000,avg_time_s=1.091389,released_listeners=1,
end_task=,name=syrk,elapsed_seconds=1.173187,predicted_seconds=0.782142,time_percent_error=33.331874,nthreads=2,end_time=703858.621499,avg_power_W=162.096774,max_power_W=194.000000,avg_time_s=1.173187,released_listeners=1,
start_task=,name=potrf,tick=7,start_time=703858.621524,nthreads=39,
message=tick stats,tick=7,estimated_current_power=73.942291,
end_task=,name=potrf,elapsed_seconds=0.077281,predicted_seconds=0.060227,time_percent_error=22.067639,nthreads=39,end_time=703858.699341,avg_power_W=160.424242,max_power_W=194.000000,avg_time_s=0.077281,released_listeners=4,
start_task=,name=trsm,tick=8,start_time=703858.699389,nthreads=20,
start_task=,name=trsm,tick=8,start_time=703858.699419,nthreads=19,
message=tick stats,tick=8,estimated_current_power=105.364513,
end_task=,name=gemm,elapsed_seconds=1.298940,predicted_seconds=0.957383,time_percent_error=26.295118,nthreads=1,end_time=703858.746811,avg_power_W=160.529412,max_power_W=194.000000,avg_time_s=1.298940,released_listeners=1,
start_task=,name=trsm,tick=9,start_time=703858.746830,nthreads=1,
message=tick stats,tick=9,estimated_current_power=106.944125,
end_task=,name=trsm,elapsed_seconds=0.062388,predicted_seconds=0.045104,time_percent_error=27.703560,nthreads=20,end_time=703858.762260,avg_power_W=160.529412,max_power_W=194.000000,avg_time_s=0.062388,released_listeners=4,
start_task=,name=syrk,tick=10,start_time=703858.762280,nthreads=20,
message=tick stats,tick=10,estimated_current_power=98.737459,
end_task=,name=trsm,elapsed_seconds=0.066879,predicted_seconds=0.049787,time_percent_error=25.556929,nthreads=19,end_time=703858.768319,avg_power_W=160.529412,max_power_W=194.000000,avg_time_s=0.066879,released_listeners=4,
start_task=,name=gemm,tick=11,start_time=703858.768349,nthreads=10,
start_task=,name=syrk,tick=11,start_time=703858.768371,nthreads=9,
message=tick stats,tick=11,estimated_current_power=101.603883,
end_task=,name=gemm,elapsed_seconds=1.335222,predicted_seconds=0.957383,time_percent_error=28.297855,nthreads=1,end_time=703858.787379,avg_power_W=160.400000,max_power_W=194.000000,avg_time_s=1.335222,released_listeners=1,
start_task=,name=trsm,tick=12,start_time=703858.787406,nthreads=1,
message=tick stats,tick=12,estimated_current_power=103.183495,
end_task=,name=syrk,elapsed_seconds=0.123932,predicted_seconds=0.073902,time_percent_error=40.368545,nthreads=20,end_time=703858.886865,avg_power_W=160.189189,max_power_W=194.000000,avg_time_s=0.123932,released_listeners=1,
end_task=,name=syrk,elapsed_seconds=0.200821,predicted_seconds=0.152565,time_percent_error=24.029231,nthreads=9,end_time=703858.969676,avg_power_W=160.605263,max_power_W=194.000000,avg_time_s=0.200821,released_listeners=1,
end_task=,name=gemm,elapsed_seconds=0.212561,predicted_seconds=0.192113,time_percent_error=9.619839,nthreads=10,end_time=703858.987000,avg_power_W=160.615385,max_power_W=194.000000,avg_time_s=0.212561,released_listeners=0,
end_task=,name=trsm,elapsed_seconds=0.457069,predicted_seconds=0.569669,time_percent_error=24.635367,nthreads=1,end_time=703859.204652,avg_power_W=158.953488,max_power_W=194.000000,avg_time_s=0.457069,released_listeners=4,
start_task=,name=syrk,tick=13,start_time=703859.204694,nthreads=14,
start_task=,name=gemm,tick=13,start_time=703859.204723,nthreads=13,
start_task=,name=gemm,tick=13,start_time=703859.204749,nthreads=13,
message=tick stats,tick=13,estimated_current_power=91.870008,
end_task=,name=trsm,elapsed_seconds=0.497857,predicted_seconds=0.569669,time_percent_error=14.424192,nthreads=1,end_time=703859.287765,avg_power_W=157.822222,max_power_W=194.000000,avg_time_s=0.497857,released_listeners=4,
start_task=,name=gemm,tick=14,start_time=703859.287793,nthreads=1,
message=tick stats,tick=14,estimated_current_power=90.290396,
end_task=,name=syrk,elapsed_seconds=0.191959,predicted_seconds=0.112024,time_percent_error=41.641353,nthreads=14,end_time=703859.397543,avg_power_W=157.872340,max_power_W=194.000000,avg_time_s=0.191959,released_listeners=1,
start_task=,name=syrk,tick=15,start_time=703859.397569,nthreads=4,
start_task=,name=gemm,tick=15,start_time=703859.397587,nthreads=4,
start_task=,name=gemm,tick=15,start_time=703859.397603,nthreads=3,
start_task=,name=potrf,tick=15,start_time=703859.397631,nthreads=3,
message=tick stats,tick=15,estimated_current_power=126.453526,
end_task=,name=gemm,elapsed_seconds=0.201442,predicted_seconds=0.131272,time_percent_error=34.833877,nthreads=13,end_time=703859.415097,avg_power_W=157.872340,max_power_W=194.000000,avg_time_s=0.201442,released_listeners=1,
end_task=,name=gemm,elapsed_seconds=0.199476,predicted_seconds=0.131272,time_percent_error=34.191637,nthreads=13,end_time=703859.415122,avg_power_W=157.872340,max_power_W=194.000000,avg_time_s=0.199476,released_listeners=1,
end_task=,name=syrk,elapsed_seconds=0.306560,predicted_seconds=0.283145,time_percent_error=7.638021,nthreads=4,end_time=703859.704621,avg_power_W=157.150943,max_power_W=194.000000,avg_time_s=0.306560,released_listeners=1,
end_task=,name=potrf,elapsed_seconds=0.368378,predicted_seconds=0.308452,time_percent_error=16.267433,nthreads=3,end_time=703859.766524,avg_power_W=157.037037,max_power_W=194.000000,avg_time_s=0.368378,released_listeners=3,
start_task=,name=trsm,tick=16,start_time=703859.766546,nthreads=17,
start_task=,name=trsm,tick=16,start_time=703859.766562,nthreads=16,
message=tick stats,tick=16,estimated_current_power=116.689851,
end_task=,name=gemm,elapsed_seconds=0.407394,predicted_seconds=0.364939,time_percent_error=10.421097,nthreads=3,end_time=703859.805527,avg_power_W=156.854545,max_power_W=194.000000,avg_time_s=0.407394,released_listeners=0,
end_task=,name=gemm,elapsed_seconds=0.419715,predicted_seconds=0.386206,time_percent_error=7.983620,nthreads=4,end_time=703859.817848,avg_power_W=156.854545,max_power_W=194.000000,avg_time_s=0.419715,released_listeners=0,
end_task=,name=trsm,elapsed_seconds=0.067254,predicted_seconds=0.052772,time_percent_error=21.533947,nthreads=17,end_time=703859.837512,avg_power_W=156.714286,max_power_W=194.000000,avg_time_s=0.067254,released_listeners=3,
end_task=,name=trsm,elapsed_seconds=0.061653,predicted_seconds=0.051521,time_percent_error=16.433881,nthreads=16,end_time=703859.837562,avg_power_W=156.714286,max_power_W=194.000000,avg_time_s=0.061653,released_listeners=3,
start_task=,name=syrk,tick=17,start_time=703859.837596,nthreads=14,
start_task=,name=gemm,tick=17,start_time=703859.837626,nthreads=13,
start_task=,name=syrk,tick=17,start_time=703859.837651,nthreads=13,
message=tick stats,tick=17,estimated_current_power=89.451604,
end_task=,name=syrk,elapsed_seconds=0.167521,predicted_seconds=0.112024,time_percent_error=33.128104,nthreads=14,end_time=703860.005621,avg_power_W=157.169492,max_power_W=194.000000,avg_time_s=0.167521,released_listeners=1,
end_task=,name=gemm,elapsed_seconds=0.185519,predicted_seconds=0.131272,time_percent_error=29.240741,nthreads=13,end_time=703860.037036,avg_power_W=157.333333,max_power_W=194.000000,avg_time_s=0.185519,released_listeners=0,
end_task=,name=syrk,elapsed_seconds=0.184935,predicted_seconds=0.112001,time_percent_error=39.437505,nthreads=13,end_time=703860.037085,avg_power_W=157.333333,max_power_W=194.000000,avg_time_s=0.184935,released_listeners=1,
end_task=,name=gemm,elapsed_seconds=0.918065,predicted_seconds=0.957383,time_percent_error=4.282699,nthreads=1,end_time=703860.206966,avg_power_W=156.809524,max_power_W=194.000000,avg_time_s=0.918065,released_listeners=1,
start_task=,name=trsm,tick=18,start_time=703860.207012,nthreads=41,
message=tick stats,tick=18,estimated_current_power=64.311515,
end_task=,name=trsm,elapsed_seconds=0.045261,predicted_seconds=0.032214,time_percent_error=28.826730,nthreads=41,end_time=703860.253098,avg_power_W=156.390625,max_power_W=194.000000,avg_time_s=0.045261,released_listeners=3,
start_task=,name=syrk,tick=19,start_time=703860.253146,nthreads=14,
start_task=,name=gemm,tick=19,start_time=703860.253176,nthreads=14,
start_task=,name=gemm,tick=19,start_time=703860.253205,nthreads=13,
message=tick stats,tick=19,estimated_current_power=79.743821,
end_task=,name=syrk,elapsed_seconds=0.179791,predicted_seconds=0.112024,time_percent_error=37.692028,nthreads=14,end_time=703860.437667,avg_power_W=156.102941,max_power_W=194.000000,avg_time_s=0.179791,released_listeners=1,
start_task=,name=potrf,tick=20,start_time=703860.437715,nthreads=14,
message=tick stats,tick=20,estimated_current_power=81.302407,
end_task=,name=gemm,elapsed_seconds=0.187001,predicted_seconds=0.131272,time_percent_error=29.801258,nthreads=13,end_time=703860.440630,avg_power_W=156.102941,max_power_W=194.000000,avg_time_s=0.187001,released_listeners=1,
end_task=,name=gemm,elapsed_seconds=0.195518,predicted_seconds=0.130050,time_percent_error=33.484556,nthreads=14,end_time=703860.449485,avg_power_W=156.102941,max_power_W=194.000000,avg_time_s=0.195518,released_listeners=1,
end_task=,name=potrf,elapsed_seconds=0.094239,predicted_seconds=0.087078,time_percent_error=7.599251,nthreads=14,end_time=703860.537518,avg_power_W=156.114286,max_power_W=194.000000,avg_time_s=0.094239,released_listeners=2,
start_task=,name=trsm,tick=21,start_time=703860.537564,nthreads=21,
start_task=,name=trsm,tick=21,start_time=703860.537603,nthreads=20,
message=tick stats,tick=21,estimated_current_power=83.961515,
end_task=,name=trsm,elapsed_seconds=0.053952,predicted_seconds=0.045104,time_percent_error=16.398692,nthreads=20,end_time=703860.592168,avg_power_W=155.873239,max_power_W=194.000000,avg_time_s=0.053952,released_listeners=2,
start_task=,name=syrk,tick=22,start_time=703860.592213,nthreads=20,
message=tick stats,tick=22,estimated_current_power=75.754849,
end_task=,name=trsm,elapsed_seconds=0.057233,predicted_seconds=0.045728,time_percent_error=20.102654,nthreads=21,end_time=703860.597196,avg_power_W=155.873239,max_power_W=194.000000,avg_time_s=0.057233,released_listeners=2,
start_task=,name=syrk,tick=23,start_time=703860.597238,nthreads=11,
start_task=,name=gemm,tick=23,start_time=703860.597268,nthreads=10,
message=tick stats,tick=23,estimated_current_power=77.081591,
end_task=,name=syrk,elapsed_seconds=0.137233,predicted_seconds=0.073902,time_percent_error=46.148411,nthreads=20,end_time=703860.737080,avg_power_W=155.905405,max_power_W=194.000000,avg_time_s=0.137233,released_listeners=1,
end_task=,name=syrk,elapsed_seconds=0.207450,predicted_seconds=0.146136,time_percent_error=29.556249,nthreads=11,end_time=703860.805379,avg_power_W=156.066667,max_power_W=194.000000,avg_time_s=0.207450,released_listeners=1,
start_task=,name=potrf,tick=24,start_time=703860.805425,nthreads=31,
message=tick stats,tick=24,estimated_current_power=64.226389,
end_task=,name=gemm,elapsed_seconds=0.230354,predicted_seconds=0.192113,time_percent_error=16.601036,nthreads=10,end_time=703860.837183,avg_power_W=156.026316,max_power_W=194.000000,avg_time_s=0.230354,released_listeners=1,
end_task=,name=potrf,elapsed_seconds=0.090731,predicted_seconds=0.059061,time_percent_error=34.905695,nthreads=31,end_time=703860.897013,avg_power_W=155.961039,max_power_W=194.000000,avg_time_s=0.090731,released_listeners=1,
start_task=,name=trsm,tick=25,start_time=703860.897063,nthreads=41,
message=tick stats,tick=25,estimated_current_power=64.311515,
end_task=,name=trsm,elapsed_seconds=0.039776,predicted_seconds=0.032214,time_percent_error=19.012358,nthreads=41,end_time=703860.938032,avg_power_W=155.935897,max_power_W=194.000000,avg_time_s=0.039776,released_listeners=1,
start_task=,name=syrk,tick=26,start_time=703860.938083,nthreads=41,
message=tick stats,tick=26,estimated_current_power=56.254040,
end_task=,name=syrk,elapsed_seconds=0.078612,predicted_seconds=0.051076,time_percent_error=35.028396,nthreads=41,end_time=703861.017199,avg_power_W=156.063291,max_power_W=194.000000,avg_time_s=0.078612,released_listeners=1,
start_task=,name=potrf,tick=27,start_time=703861.017251,nthreads=41,
message=tick stats,tick=27,estimated_current_power=53.722475,
end_task=,name=potrf,elapsed_seconds=0.066914,predicted_seconds=0.062837,time_percent_error=6.092366,nthreads=41,end_time=703861.087418,avg_power_W=156.000000,max_power_W=194.000000,avg_time_s=0.066914,released_listeners=0,
average_power_W=156.000000,
max_power_W=194.000000,
time_s=4.064476,
message=ALL DONE,
